status file for recon-all
Wed Mar 11 03:30:36 CET 2026
#@# MotionCor Wed Mar 11 03:30:38 CET 2026
#@# Talairach Wed Mar 11 03:30:43 CET 2026
#@# Talairach Failure Detection Wed Mar 11 03:33:33 CET 2026
#@# Nu Intensity Correction Wed Mar 11 03:33:33 CET 2026
#@# Intensity Normalization Wed Mar 11 03:36:18 CET 2026
recon-all -s sub-v2s13x29106_ses-1 finished without error at Wed Mar 11 03:37:33 CET 2026



#New# invocation of recon-all 



status file for recon-all
Wed Mar 11 03:43:12 CET 2026
#@# EM Registration Wed Mar 11 03:43:13 CET 2026
recon-all -s sub-v2s13x29106_ses-1 finished without error at Wed Mar 11 03:44:28 CET 2026



#New# invocation of recon-all 



status file for recon-all
Wed Mar 11 03:44:29 CET 2026
#@# CA Normalize Wed Mar 11 03:44:29 CET 2026
#@# CA Reg Wed Mar 11 03:45:21 CET 2026
#@# SubCort Seg Wed Mar 11 04:14:40 CET 2026
#@# CC Seg Wed Mar 11 04:38:58 CET 2026
#@# Merge ASeg Wed Mar 11 04:39:21 CET 2026
#@# Intensity Normalization2 Wed Mar 11 04:39:21 CET 2026
#@# Mask BFS Wed Mar 11 04:40:43 CET 2026
#@# WM Segmentation Wed Mar 11 04:40:43 CET 2026
#@# Fill Wed Mar 11 04:42:25 CET 2026
recon-all -s sub-v2s13x29106_ses-1 finished without error at Wed Mar 11 04:43:01 CET 2026



#New# invocation of recon-all 



status file for recon-all
Wed Mar 11 05:28:59 CET 2026
#@# white curv lh Wed Mar 11 05:28:59 CET 2026
#@# white area lh Wed Mar 11 05:29:00 CET 2026
#@# pial curv lh Wed Mar 11 05:29:00 CET 2026
#@# pial area lh Wed Mar 11 05:29:00 CET 2026
#@# thickness lh Wed Mar 11 05:29:00 CET 2026
#@# area and vertex vol lh Wed Mar 11 05:29:00 CET 2026
#@# white curv rh Wed Mar 11 05:29:00 CET 2026
#@# white area rh Wed Mar 11 05:29:00 CET 2026
#@# pial curv rh Wed Mar 11 05:29:00 CET 2026
#@# pial area rh Wed Mar 11 05:29:00 CET 2026
#@# thickness rh Wed Mar 11 05:29:00 CET 2026
#@# area and vertex vol rh Wed Mar 11 05:29:00 CET 2026
#@# Cortical ribbon mask Wed Mar 11 05:29:00 CET 2026
recon-all -s sub-v2s13x29106_ses-1 finished without error at Wed Mar 11 05:34:57 CET 2026



#New# invocation of recon-all 



status file for recon-all
Wed Mar 11 05:40:34 CET 2026
#@# white curv lh Wed Mar 11 05:40:34 CET 2026
#@# white area lh Wed Mar 11 05:40:34 CET 2026
#@# pial curv lh Wed Mar 11 05:40:34 CET 2026
#@# pial area lh Wed Mar 11 05:40:34 CET 2026
#@# thickness lh Wed Mar 11 05:40:34 CET 2026
#@# area and vertex vol lh Wed Mar 11 05:40:34 CET 2026
#@# white curv rh Wed Mar 11 05:40:34 CET 2026
#@# white area rh Wed Mar 11 05:40:34 CET 2026
#@# pial curv rh Wed Mar 11 05:40:34 CET 2026
#@# pial area rh Wed Mar 11 05:40:34 CET 2026
#@# thickness rh Wed Mar 11 05:40:34 CET 2026
#@# area and vertex vol rh Wed Mar 11 05:40:34 CET 2026
#@# Curvature Stats lh Wed Mar 11 05:40:34 CET 2026
#@# Curvature Stats rh Wed Mar 11 05:40:36 CET 2026
#@# Relabel Hypointensities Wed Mar 11 05:40:38 CET 2026
#@# APas-to-ASeg Wed Mar 11 05:40:50 CET 2026
#@# AParc-to-ASeg aparc Wed Mar 11 05:40:57 CET 2026
#@# AParc-to-ASeg aparc.a2009s Wed Mar 11 05:41:29 CET 2026
#@# AParc-to-ASeg aparc.DKTatlas Wed Mar 11 05:42:00 CET 2026
#@# WMParc Wed Mar 11 05:42:32 CET 2026
#@# ASeg Stats Wed Mar 11 05:44:24 CET 2026
recon-all -s sub-v2s13x29106_ses-1 finished without error at Wed Mar 11 05:44:41 CET 2026
