status file for recon-all
Wed Mar 11 05:06:43 CET 2026
#@# Tessellate rh Wed Mar 11 05:06:43 CET 2026
#@# Smooth1 rh Wed Mar 11 05:06:46 CET 2026
#@# Inflation1 rh Wed Mar 11 05:06:48 CET 2026
#@# QSphere rh Wed Mar 11 05:07:31 CET 2026
#@# Fix Topology rh Wed Mar 11 05:08:11 CET 2026
#@# Smooth2 rh Wed Mar 11 05:12:55 CET 2026
#@# Inflation2 rh Wed Mar 11 05:12:58 CET 2026
#@# Curv .H and .K rh Wed Mar 11 05:13:39 CET 2026
#@# Sphere rh Wed Mar 11 05:14:23 CET 2026
#@# Surf Reg rh Wed Mar 11 05:17:31 CET 2026
#@# Jacobian white rh Wed Mar 11 05:22:14 CET 2026
#@# AvgCurv rh Wed Mar 11 05:22:15 CET 2026
#@# Cortical Parc rh Wed Mar 11 05:22:15 CET 2026
#@# white curv rh Wed Mar 11 05:28:04 CET 2026
#@# white area rh Wed Mar 11 05:28:06 CET 2026
#@# pial curv rh Wed Mar 11 05:28:07 CET 2026
#@# pial area rh Wed Mar 11 05:28:08 CET 2026
#@# thickness rh Wed Mar 11 05:28:09 CET 2026
#@# area and vertex vol rh Wed Mar 11 05:28:32 CET 2026
#@# Curvature Stats rh Wed Mar 11 05:28:33 CET 2026
#@# Cortical Parc 2 rh Wed Mar 11 05:28:35 CET 2026
#@# Cortical Parc 3 rh Wed Mar 11 05:28:46 CET 2026
#@# WM/GM Contrast rh Wed Mar 11 05:28:54 CET 2026
recon-all -s sub-v2s13x29106_ses-1 finished without error at Wed Mar 11 05:28:57 CET 2026



#New# invocation of recon-all 



status file for recon-all
Wed Mar 11 05:37:46 CET 2026
#@# white curv rh Wed Mar 11 05:37:46 CET 2026
#@# white area rh Wed Mar 11 05:37:46 CET 2026
#@# pial curv rh Wed Mar 11 05:37:46 CET 2026
#@# pial area rh Wed Mar 11 05:37:46 CET 2026
#@# thickness rh Wed Mar 11 05:37:46 CET 2026
#@# area and vertex vol rh Wed Mar 11 05:37:46 CET 2026
#@# Parcellation Stats rh Wed Mar 11 05:37:46 CET 2026
#@# Parcellation Stats 2 rh Wed Mar 11 05:38:05 CET 2026
#@# Parcellation Stats 3 rh Wed Mar 11 05:38:15 CET 2026
#@# BA_exvivo Labels rh Wed Mar 11 05:38:24 CET 2026
recon-all -s sub-v2s13x29106_ses-1 finished without error at Wed Mar 11 05:40:29 CET 2026
