status file for recon-all
Wed Mar 11 04:43:05 CET 2026
#@# Tessellate lh Wed Mar 11 04:43:05 CET 2026
#@# Smooth1 lh Wed Mar 11 04:43:08 CET 2026
#@# Inflation1 lh Wed Mar 11 04:43:10 CET 2026
#@# QSphere lh Wed Mar 11 04:43:56 CET 2026
#@# Fix Topology lh Wed Mar 11 04:44:50 CET 2026
#@# Smooth2 lh Wed Mar 11 04:50:24 CET 2026
#@# Inflation2 lh Wed Mar 11 04:50:27 CET 2026
#@# Curv .H and .K lh Wed Mar 11 04:50:46 CET 2026
#@# Sphere lh Wed Mar 11 04:51:29 CET 2026
#@# Surf Reg lh Wed Mar 11 04:55:35 CET 2026
#@# Jacobian white lh Wed Mar 11 05:00:22 CET 2026
#@# AvgCurv lh Wed Mar 11 05:00:23 CET 2026
#@# Cortical Parc lh Wed Mar 11 05:00:23 CET 2026
#@# white curv lh Wed Mar 11 05:05:49 CET 2026
#@# white area lh Wed Mar 11 05:05:50 CET 2026
#@# pial curv lh Wed Mar 11 05:05:51 CET 2026
#@# pial area lh Wed Mar 11 05:05:52 CET 2026
#@# thickness lh Wed Mar 11 05:05:53 CET 2026
#@# area and vertex vol lh Wed Mar 11 05:06:16 CET 2026
#@# Curvature Stats lh Wed Mar 11 05:06:17 CET 2026
#@# Cortical Parc 2 lh Wed Mar 11 05:06:19 CET 2026
#@# Cortical Parc 3 lh Wed Mar 11 05:06:30 CET 2026
#@# WM/GM Contrast lh Wed Mar 11 05:06:38 CET 2026
recon-all -s sub-v2s13x29106_ses-1 finished without error at Wed Mar 11 05:06:40 CET 2026



#New# invocation of recon-all 



status file for recon-all
Wed Mar 11 05:35:02 CET 2026
#@# white curv lh Wed Mar 11 05:35:02 CET 2026
#@# white area lh Wed Mar 11 05:35:02 CET 2026
#@# pial curv lh Wed Mar 11 05:35:02 CET 2026
#@# pial area lh Wed Mar 11 05:35:02 CET 2026
#@# thickness lh Wed Mar 11 05:35:02 CET 2026
#@# area and vertex vol lh Wed Mar 11 05:35:02 CET 2026
#@# Parcellation Stats lh Wed Mar 11 05:35:02 CET 2026
#@# Parcellation Stats 2 lh Wed Mar 11 05:35:21 CET 2026
#@# Parcellation Stats 3 lh Wed Mar 11 05:35:30 CET 2026
#@# BA_exvivo Labels lh Wed Mar 11 05:35:40 CET 2026
recon-all -s sub-v2s13x29106_ses-1 finished without error at Wed Mar 11 05:37:43 CET 2026
