/out/sourcedata/freesurfer/sub-v2s13x29131_ses-1/mri
/opt/freesurfer/bin/talairach_avi
--i orig_nu.mgz --xfm transforms/talairach.auto.xfm
talairach_avi 7.3.2
Linux dna003 5.14.0-427.37.1.el9_4.x86_64 #1 SMP PREEMPT_DYNAMIC Fri Sep 13 12:41:50 EDT 2024 x86_64 x86_64 x86_64 GNU/Linux
Wed Mar 11 04:58:08 CET 2026
mri_convert orig_nu.mgz talsrcimg.img 
reading from orig_nu.mgz...
TR=0.00, TE=0.00, TI=0.00, flip angle=0.00
i_ras = (-1, 5.18301e-10, -2.0732e-09)
j_ras = (-2.0732e-09, 1.65856e-08, -1)
k_ras = (-2.59151e-10, 1, -1.65856e-08)
writing to talsrcimg.img...
Analyze Output Matrix
-0.89844  -0.00000  -0.00000   120.91466;
 0.00000   0.00000   0.89844  -111.20506;
-0.00000  -0.89844  -0.00000   150.00247;
 0.00000   0.00000   0.00000   1.00000;
--------------------
INFO: set hdr.hist.orient to -1
mpr2mni305 talsrcimg
Wed Mar 11 04:58:09 CET 2026
/opt/freesurfer/bin/mpr2mni305 talsrcimg
mpr2mni305 7.3.2
target=711-2C_as_mni_average_305

---------------------------------------------------------------------
analyzeto4dfp talsrcimg -O0 -y
---------------------------------------------------------------------

freesurfer ifh2hdr.c
Wed Mar 11 04:58:09 2026
Writing: talsrcimg.4dfp.hdr
freesurfer analyzeto4dfp.c
Reading: talsrcimg.hdr
header size 348 bytes
hdr.dime.datatype	offset=70	value=2
hdr.dime.bitpix		offset=72	value=8
hdr.hist.orient		offset=252	value=-1
dimensionality     4
dimensions       256       256       256         1
Reading: talsrcimg.img
Writing: talsrcimg.4dfp.img
Writing: talsrcimg.4dfp.ifh
ifh2hdr talsrcimg -r0to253
ori=2

---------------------------------------------------------------------
gauss_4dfp talsrcimg 1.1
---------------------------------------------------------------------

freesurfer gauss_4dfp.c
Reading: talsrcimg.4dfp.img
Writing: talsrcimg_g11.4dfp.img
image dimensions 256 256 256 padded to 288 288 288
processing volume 1freesurfer ifh2hdr.c
Wed Mar 11 04:58:11 2026
Writing: talsrcimg_g11.4dfp.hdr

Writing: talsrcimg_g11.4dfp.ifh
including: talsrcimg.4dfp.img.rec in talsrcimg_g11.4dfp.img.rec

---------------------------------------------------------------------
imgreg_4dfp /opt/freesurfer/average/711-2C_as_mni_average_305 none talsrcimg_g11 none talsrcimg_to_711-2C_as_mni_average_305_t4 4355
---------------------------------------------------------------------

freesurfer imgreg_4dfp.c
/opt/freesurfer/average/711-2C_as_mni_average_305.4dfp.img
       256       256       256         1
  1.000000  1.000000  1.000000
orientation T byte_order littleendian
Reading image: /opt/freesurfer/average/711-2C_as_mni_average_305.4dfp.img
dimensions:      256       256       256
mmppix:       1.0000   -1.0000   -1.0000
center:     128.0000 -129.0000 -129.0000
talsrcimg_g11.4dfp.img
       256       256       256         1
  0.898438  0.898438  0.898438
orientation T byte_order littleendian
Reading image: talsrcimg_g11.4dfp.img
dimensions:      256       256       256
mmppix:       0.8984   -0.8984   -0.8984
center:     115.0001 -115.8985 -115.8985
t4_read: open error in t4_sub.f l:  41 t4_file(1:l)talsrcimg_to_711-2C_as_mni_average_305_t4 
t4_read: transform initialized to I4
rotation matrix determinant  1.000000
image alignment mode   4355 decimal     1103 hex
   -7.5000  -45.0000  -45.0000 6770.9873   14.6822
    0.0000  -45.0000  -45.0000 6769.2563   14.6986
    7.5000  -45.0000  -45.0000 6388.1460   14.6778
   -7.5000  -37.5000  -45.0000 7146.6978   15.6003
    0.0000  -37.5000  -45.0000 7144.2876   15.6195
    7.5000  -37.5000  -45.0000 6734.0879   15.6042
   -7.5000  -30.0000  -45.0000 7534.0703   16.0927
    0.0000  -30.0000  -45.0000 7534.1187   16.1090
    7.5000  -30.0000  -45.0000 7077.7891   16.0960
   -7.5000  -22.5000  -45.0000 8029.0430   16.0954
    0.0000  -22.5000  -45.0000 8037.0024   16.1059
    7.5000  -22.5000  -45.0000 7544.8271   16.0892
   -7.5000  -15.0000  -45.0000 8476.0820   16.0996
    0.0000  -15.0000  -45.0000 8512.0322   16.1072
    7.5000  -15.0000  -45.0000 8012.8726   16.0831
   -7.5000   -7.5000  -45.0000 8490.6562   16.1003
    0.0000   -7.5000  -45.0000 8549.4316   16.1115
    7.5000   -7.5000  -45.0000 8045.8516   16.0844
   -7.5000    0.0000  -45.0000 8460.8799   16.0949
    0.0000    0.0000  -45.0000 8506.1660   16.1129
    7.5000    0.0000  -45.0000 8019.9136   16.0901
   -7.5000    7.5000  -45.0000 7979.4111   16.0921
    0.0000    7.5000  -45.0000 8018.5459   16.1119
    7.5000    7.5000  -45.0000 7561.5225   16.0961
   -7.5000   15.0000  -45.0000 7631.3403   16.0927
    0.0000   15.0000  -45.0000 7671.2065   16.1090
    7.5000   15.0000  -45.0000 7234.5493   16.0960
   -7.5000   22.5000  -45.0000 6944.4590   15.8957
    0.0000   22.5000  -45.0000 6980.5391   15.9061
    7.5000   22.5000  -45.0000 6576.0215   15.8897
   -7.5000   30.0000  -45.0000 6333.9785   15.6432
    0.0000   30.0000  -45.0000 6373.9512   15.6498
    7.5000   30.0000  -45.0000 6014.5020   15.6256
   -7.5000   37.5000  -45.0000 5823.6069   15.5026
    0.0000   37.5000  -45.0000 5854.9194   15.5122
    7.5000   37.5000  -45.0000 5523.0938   15.4840
   -7.5000   45.0000  -45.0000 5306.8896   15.5191
    0.0000   45.0000  -45.0000 5332.7168   15.5337
    7.5000   45.0000  -45.0000 5029.3032   15.5157
   -7.5000  -45.0000  -37.5000 7366.3008   15.4080
    0.0000  -45.0000  -37.5000 7359.3716   15.4262
    7.5000  -45.0000  -37.5000 6934.9751   15.4096
   -7.5000  -37.5000  -37.5000 7744.7036   16.3794
    0.0000  -37.5000  -37.5000 7732.9517   16.4005
    7.5000  -37.5000  -37.5000 7273.7603   16.3917
   -7.5000  -30.0000  -37.5000 8151.8071   16.8653
    0.0000  -30.0000  -37.5000 8139.8027   16.8824
    7.5000  -30.0000  -37.5000 7654.3267   16.8753
   -7.5000  -22.5000  -37.5000 8685.6982   16.8659
    0.0000  -22.5000  -37.5000 8679.3311   16.8758
    7.5000  -22.5000  -37.5000 8153.1377   16.8620
   -7.5000  -15.0000  -37.5000 9166.2178   16.8701
    0.0000  -15.0000  -37.5000 9190.2910   16.8771
    7.5000  -15.0000  -37.5000 8626.7207   16.8539
   -7.5000   -7.5000  -37.5000 9166.4707   16.8723
    0.0000   -7.5000  -37.5000 9197.0986   16.8842
    7.5000   -7.5000  -37.5000 8655.9512   16.8590
   -7.5000    0.0000  -37.5000 9143.4180   16.8690
    0.0000    0.0000  -37.5000 9142.5918   16.8890
    7.5000    0.0000  -37.5000 8611.2744   16.8709
   -7.5000    7.5000  -37.5000 8620.3711   16.8661
    0.0000    7.5000  -37.5000 8619.2725   16.8878
    7.5000    7.5000  -37.5000 8113.0747   16.8787
   -7.5000   15.0000  -37.5000 8227.8574   16.8645
    0.0000   15.0000  -37.5000 8243.1504   16.8816
    7.5000   15.0000  -37.5000 7762.3457   16.8746
   -7.5000   22.5000  -37.5000 7432.7495   16.6596
    0.0000   22.5000  -37.5000 7459.7969   16.6695
    7.5000   22.5000  -37.5000 7027.8652   16.6559
   -7.5000   30.0000  -37.5000 6767.8345   16.4039
    0.0000   30.0000  -37.5000 6808.4351   16.4096
    7.5000   30.0000  -37.5000 6409.5845   16.3859
   -7.5000   37.5000  -37.5000 6208.1729   16.2565
    0.0000   37.5000  -37.5000 6248.9175   16.2674
    7.5000   37.5000  -37.5000 5882.7490   16.2402
   -7.5000   45.0000  -37.5000 5643.9873   16.2587
    0.0000   45.0000  -37.5000 5677.6914   16.2771
    7.5000   45.0000  -37.5000 5354.9253   16.2640
   -7.5000  -45.0000  -30.0000 7936.3008   16.0991
    0.0000  -45.0000  -30.0000 7923.4995   16.1159
    7.5000  -45.0000  -30.0000 7469.5449   16.1069
   -7.5000  -37.5000  -30.0000 8332.0684   17.1243
    0.0000  -37.5000  -30.0000 8328.8398   17.1435
    7.5000  -37.5000  -30.0000 7827.8960   17.1412
   -7.5000  -30.0000  -30.0000 8777.1748   17.6026
    0.0000  -30.0000  -30.0000 8778.6602   17.6207
    7.5000  -30.0000  -30.0000 8247.1885   17.6179
   -7.5000  -22.5000  -30.0000 9335.9355   17.5944
    0.0000  -22.5000  -30.0000 9330.7393   17.6085
    7.5000  -22.5000  -30.0000 8776.9375   17.5980
   -7.5000  -15.0000  -30.0000 9840.0234   17.5947
    0.0000  -15.0000  -30.0000 9835.6445   17.6064
    7.5000  -15.0000  -30.0000 9251.6836   17.5879
   -7.5000   -7.5000  -30.0000 9830.8906   17.6019
    0.0000   -7.5000  -30.0000 9829.1699   17.6158
    7.5000   -7.5000  -30.0000 9249.6953   17.5976
   -7.5000    0.0000  -30.0000 9786.7246   17.6073
    0.0000    0.0000  -30.0000 9784.1367   17.6258
    7.5000    0.0000  -30.0000 9192.5156   17.6159
   -7.5000    7.5000  -30.0000 9219.3418   17.6064
    0.0000    7.5000  -30.0000 9225.1992   17.6261
    7.5000    7.5000  -30.0000 8664.7959   17.6237
   -7.5000   15.0000  -30.0000 8798.8516   17.6002
    0.0000   15.0000  -30.0000 8818.9141   17.6182
    7.5000   15.0000  -30.0000 8293.4287   17.6155
   -7.5000   22.5000  -30.0000 7924.5161   17.3811
    0.0000   22.5000  -30.0000 7944.6802   17.3953
    7.5000   22.5000  -30.0000 7499.8169   17.3849
   -7.5000   30.0000  -30.0000 7200.8320   17.1234
    0.0000   30.0000  -30.0000 7232.0610   17.1336
    7.5000   30.0000  -30.0000 6825.9375   17.1139
   -7.5000   37.5000  -30.0000 6584.0176   16.9824
    0.0000   37.5000  -30.0000 6630.6089   16.9944
    7.5000   37.5000  -30.0000 6251.1279   16.9728
   -7.5000   45.0000  -30.0000 5982.4443   16.9886
    0.0000   45.0000  -30.0000 6015.5796   17.0040
    7.5000   45.0000  -30.0000 5674.0430   16.9975
   -7.5000  -45.0000  -22.5000 8498.0371   16.7919
    0.0000  -45.0000  -22.5000 8503.9229   16.8062
    7.5000  -45.0000  -22.5000 8012.1733   16.7990
   -7.5000  -37.5000  -22.5000 8919.2607   17.8724
    0.0000  -37.5000  -22.5000 8923.6416   17.8883
    7.5000  -37.5000  -22.5000 8399.3076   17.8843
   -7.5000  -30.0000  -22.5000 9388.8896   18.3474
    0.0000  -30.0000  -22.5000 9383.6426   18.3663
    7.5000  -30.0000  -22.5000 8836.4795   18.3598
   -7.5000  -22.5000  -22.5000 9991.7188   18.3330
    0.0000  -22.5000  -22.5000 9985.7900   18.3536
    7.5000  -22.5000  -22.5000 9383.4990   18.3411
   -7.5000  -15.0000  -22.500010548.7070   18.3309
    0.0000  -15.0000  -22.500010530.3389   18.3497
    7.5000  -15.0000  -22.5000 9884.5713   18.3335
   -7.5000   -7.5000  -22.500010532.6904   18.3429
    0.0000   -7.5000  -22.500010511.2168   18.3594
    7.5000   -7.5000  -22.5000 9874.6699   18.3452
   -7.5000    0.0000  -22.500010437.9141   18.3546
    0.0000    0.0000  -22.500010423.2725   18.3703
    7.5000    0.0000  -22.5000 9787.1680   18.3624
   -7.5000    7.5000  -22.5000 9772.4209   18.3527
    0.0000    7.5000  -22.5000 9785.1670   18.3691
    7.5000    7.5000  -22.5000 9216.1650   18.3649
   -7.5000   15.0000  -22.5000 9307.8896   18.3430
    0.0000   15.0000  -22.5000 9344.0439   18.3619
    7.5000   15.0000  -22.5000 8815.0654   18.3554
   -7.5000   22.5000  -22.5000 8395.5088   18.1122
    0.0000   22.5000  -22.5000 8426.9922   18.1328
    7.5000   22.5000  -22.5000 7965.0884   18.1206
   -7.5000   30.0000  -22.5000 7638.4678   17.8549
    0.0000   30.0000  -22.5000 7679.0981   17.8719
    7.5000   30.0000  -22.5000 7259.4429   17.8542
   -7.5000   37.5000  -22.5000 6978.8574   17.7230
    0.0000   37.5000  -22.5000 7014.2900   17.7353
    7.5000   37.5000  -22.5000 6619.6616   17.7168
   -7.5000   45.0000  -22.5000 6319.9424   17.7467
    0.0000   45.0000  -22.5000 6347.9985   17.7554
    7.5000   45.0000  -22.5000 5998.3682   17.7493
   -7.5000  -45.0000  -15.0000 9019.7139   17.3992
    0.0000  -45.0000  -15.0000 9039.9131   17.4133
    7.5000  -45.0000  -15.0000 8516.5967   17.3996
   -7.5000  -37.5000  -15.0000 9469.8525   18.5165
    0.0000  -37.5000  -15.0000 9476.8750   18.5313
    7.5000  -37.5000  -15.0000 8934.0674   18.5181
   -7.5000  -30.0000  -15.0000 9941.2344   18.9935
    0.0000  -30.0000  -15.0000 9954.9355   19.0128
    7.5000  -30.0000  -15.0000 9389.2500   18.9973
   -7.5000  -22.5000  -15.000010581.0781   18.9809
    0.0000  -22.5000  -15.000010579.0166   19.0041
    7.5000  -22.5000  -15.0000 9949.9170   18.9860
   -7.5000  -15.0000  -15.000011187.4658   18.9792
    0.0000  -15.0000  -15.000011179.3125   19.0011
    7.5000  -15.0000  -15.000010484.7949   18.9820
   -7.5000   -7.5000  -15.000011196.7949   18.9903
    0.0000   -7.5000  -15.000011184.1133   19.0084
    7.5000   -7.5000  -15.000010473.4170   18.9905
   -7.5000    0.0000  -15.000011056.9736   19.0000
    0.0000    0.0000  -15.000011049.1230   19.0153
    7.5000    0.0000  -15.000010370.5596   19.0004
   -7.5000    7.5000  -15.000010330.7529   18.9956
    0.0000    7.5000  -15.000010337.0059   19.0109
    7.5000    7.5000  -15.0000 9720.8486   18.9973
   -7.5000   15.0000  -15.0000 9860.3359   18.9876
    0.0000   15.0000  -15.0000 9882.8652   19.0069
    7.5000   15.0000  -15.0000 9303.7793   18.9914
   -7.5000   22.5000  -15.0000 8878.0352   18.7532
    0.0000   22.5000  -15.0000 8899.5879   18.7762
    7.5000   22.5000  -15.0000 8403.0625   18.7586
   -7.5000   30.0000  -15.0000 8087.8823   18.4980
    0.0000   30.0000  -15.0000 8117.7939   18.5183
    7.5000   30.0000  -15.0000 7655.7690   18.4982
   -7.5000   37.5000  -15.0000 7368.6255   18.3740
    0.0000   37.5000  -15.0000 7400.4976   18.3868
    7.5000   37.5000  -15.0000 6975.0825   18.3651
   -7.5000   45.0000  -15.0000 6650.4390   18.4108
    0.0000   45.0000  -15.0000 6683.4868   18.4168
    7.5000   45.0000  -15.0000 6299.4097   18.4040
   -7.5000  -45.0000   -7.5000 9278.3965   17.3987
    0.0000  -45.0000   -7.5000 9282.8506   17.4152
    7.5000  -45.0000   -7.5000 8748.7158   17.3930
   -7.5000  -37.5000   -7.5000 9724.0381   18.5140
    0.0000  -37.5000   -7.5000 9729.1250   18.5320
    7.5000  -37.5000   -7.5000 9182.7852   18.5116
   -7.5000  -30.0000   -7.500010204.1797   18.9965
    0.0000  -30.0000   -7.500010235.4346   19.0155
    7.5000  -30.0000   -7.5000 9656.1787   18.9955
   -7.5000  -22.5000   -7.500010838.2822   18.9923
    0.0000  -22.5000   -7.500010866.2998   19.0112
    7.5000  -22.5000   -7.500010217.7148   18.9894
   -7.5000  -15.0000   -7.500011443.4102   18.9932
    0.0000  -15.0000   -7.500011471.1699   19.0103
    7.5000  -15.0000   -7.500010738.2871   18.9852
   -7.5000   -7.5000   -7.500011472.1270   18.9981
    0.0000   -7.5000   -7.500011474.4912   19.0148
    7.5000   -7.5000   -7.500010729.1357   18.9881
   -7.5000    0.0000   -7.500011308.4385   18.9994
    0.0000    0.0000   -7.500011315.8398   19.0174
    7.5000    0.0000   -7.500010593.1016   18.9932
   -7.5000    7.5000   -7.500010573.3291   18.9931
    0.0000    7.5000   -7.500010568.5146   19.0115
    7.5000    7.5000   -7.5000 9894.9238   18.9907
   -7.5000   15.0000   -7.500010087.5938   18.9906
    0.0000   15.0000   -7.500010096.6416   19.0097
    7.5000   15.0000   -7.5000 9475.8955   18.9896
   -7.5000   22.5000   -7.5000 9099.5850   18.7629
    0.0000   22.5000   -7.5000 9121.1084   18.7816
    7.5000   22.5000   -7.5000 8559.2695   18.7603
   -7.5000   30.0000   -7.5000 8297.6973   18.5077
    0.0000   30.0000   -7.5000 8337.3311   18.5235
    7.5000   30.0000   -7.5000 7807.9507   18.4980
   -7.5000   37.5000   -7.5000 7555.2954   18.3803
    0.0000   37.5000   -7.5000 7573.2021   18.3928
    7.5000   37.5000   -7.5000 7104.8555   18.3639
   -7.5000   45.0000   -7.5000 6797.2144   18.4116
    0.0000   45.0000   -7.5000 6824.2461   18.4218
    7.5000   45.0000   -7.5000 6396.4805   18.4012
   -7.5000  -45.0000    0.0000 9305.0557   17.8224
    0.0000  -45.0000    0.0000 9335.4844   17.8422
    7.5000  -45.0000    0.0000 8793.3271   17.8161
   -7.5000  -37.5000    0.0000 9765.0684   18.9569
    0.0000  -37.5000    0.0000 9812.1748   18.9794
    7.5000  -37.5000    0.0000 9231.2520   18.9597
   -7.5000  -30.0000    0.000010282.2197   19.4440
    0.0000  -30.0000    0.000010338.5508   19.4628
    7.5000  -30.0000    0.0000 9732.9189   19.4455
   -7.5000  -22.5000    0.000010957.9043   19.4471
    0.0000  -22.5000    0.000011027.8799   19.4594
    7.5000  -22.5000    0.000010327.9736   19.4376
   -7.5000  -15.0000    0.000011550.3789   19.4501
    0.0000  -15.0000    0.000011608.4639   19.4595
    7.5000  -15.0000    0.000010855.7314   19.4292
   -7.5000   -7.5000    0.000011549.7129   19.4491
    0.0000   -7.5000    0.000011559.5059   19.4630
    7.5000   -7.5000    0.000010805.1455   19.4293
   -7.5000    0.0000    0.000011361.3711   19.4428
    0.0000    0.0000    0.000011354.0469   19.4644
    7.5000    0.0000    0.000010618.1309   19.4360
   -7.5000    7.5000    0.000010608.4834   19.4346
    0.0000    7.5000    0.000010581.6055   19.4577
    7.5000    7.5000    0.0000 9894.3096   19.4375
   -7.5000   15.0000    0.000010143.7002   19.4371
    0.0000   15.0000    0.000010114.5713   19.4559
    7.5000   15.0000    0.0000 9467.4043   19.4386
   -7.5000   22.5000    0.0000 9176.9844   19.2155
    0.0000   22.5000    0.0000 9182.9834   19.2276
    7.5000   22.5000    0.0000 8588.6719   19.2062
   -7.5000   30.0000    0.0000 8346.5312   18.9622
    0.0000   30.0000    0.0000 8376.0840   18.9704
    7.5000   30.0000    0.0000 7828.2378   18.9399
   -7.5000   37.5000    0.0000 7601.6016   18.8404
    0.0000   37.5000    0.0000 7609.5254   18.8524
    7.5000   37.5000    0.0000 7123.0000   18.8173
   -7.5000   45.0000    0.0000 6832.9888   18.8830
    0.0000   45.0000    0.0000 6842.9595   18.9008
    7.5000   45.0000    0.0000 6404.6523   18.8778
   -7.5000  -45.0000    7.5000 8986.4688   17.8110
    0.0000  -45.0000    7.5000 9051.0889   17.8321
    7.5000  -45.0000    7.5000 8529.1211   17.8133
   -7.5000  -37.5000    7.5000 9403.9570   18.9459
    0.0000  -37.5000    7.5000 9470.9404   18.9701
    7.5000  -37.5000    7.5000 8945.1260   18.9602
   -7.5000  -30.0000    7.5000 9971.9277   19.4306
    0.0000  -30.0000    7.500010060.6533   19.4500
    7.5000  -30.0000    7.5000 9425.3799   19.4419
   -7.5000  -22.5000    7.500010785.4238   19.4311
    0.0000  -22.5000    7.500010911.4434   19.4423
    7.5000  -22.5000    7.500010075.0898   19.4263
   -7.5000  -15.0000    7.500011456.4062   19.4337
    0.0000  -15.0000    7.500011508.9053   19.4416
    7.5000  -15.0000    7.500010628.4434   19.4149
   -7.5000   -7.5000    7.500011349.0635   19.4342
    0.0000   -7.5000    7.500011334.4609   19.4479
    7.5000   -7.5000    7.500010521.8584   19.4190
   -7.5000    0.0000    7.500011056.9268   19.4304
    0.0000    0.0000    7.500011026.9844   19.4534
    7.5000    0.0000    7.500010287.9277   19.4329
   -7.5000    7.5000    7.500010247.6514   19.4233
    0.0000    7.5000    7.500010204.5820   19.4482
    7.5000    7.5000    7.5000 9556.3779   19.4380
   -7.5000   15.0000    7.5000 9773.9141   19.4237
    0.0000   15.0000    7.5000 9737.9053   19.4431
    7.5000   15.0000    7.5000 9131.5850   19.4350
   -7.5000   22.5000    7.5000 8853.2598   19.2017
    0.0000   22.5000    7.5000 8856.8096   19.2128
    7.5000   22.5000    7.5000 8302.1826   19.1971
   -7.5000   30.0000    7.5000 8065.4526   18.9485
    0.0000   30.0000    7.5000 8081.6177   18.9550
    7.5000   30.0000    7.5000 7569.1367   18.9276
   -7.5000   37.5000    7.5000 7319.9590   18.8284
    0.0000   37.5000    7.5000 7328.8555   18.8411
    7.5000   37.5000    7.5000 6857.7246   18.8099
   -7.5000   45.0000    7.5000 6572.8252   18.8752
    0.0000   45.0000    7.5000 6591.6895   18.8966
    7.5000   45.0000    7.5000 6170.5317   18.8818
   -7.5000  -45.0000   15.0000 8960.5811   17.9103
    0.0000  -45.0000   15.0000 9027.8242   17.9290
    7.5000  -45.0000   15.0000 8510.0820   17.9189
   -7.5000  -37.5000   15.0000 9395.1357   19.0531
    0.0000  -37.5000   15.0000 9456.9873   19.0744
    7.5000  -37.5000   15.0000 8918.0791   19.0717
   -7.5000  -30.0000   15.0000 9951.6211   19.5333
    0.0000  -30.0000   15.000010024.9043   19.5532
    7.5000  -30.0000   15.0000 9398.2686   19.5501
   -7.5000  -22.5000   15.000010741.0830   19.5244
    0.0000  -22.5000   15.000010816.2334   19.5399
    7.5000  -22.5000   15.000010047.1309   19.5280
   -7.5000  -15.0000   15.000011408.6953   19.5248
    0.0000  -15.0000   15.000011416.9297   19.5377
    7.5000  -15.0000   15.000010598.9824   19.5171
   -7.5000   -7.5000   15.000011343.4062   19.5329
    0.0000   -7.5000   15.000011310.3457   19.5482
    7.5000   -7.5000   15.000010525.0762   19.5280
   -7.5000    0.0000   15.000011027.1445   19.5387
    0.0000    0.0000   15.000011013.1260   19.5592
    7.5000    0.0000   15.000010288.9150   19.5481
   -7.5000    7.5000   15.000010158.6445   19.5332
    0.0000    7.5000   15.000010140.3105   19.5550
    7.5000    7.5000   15.0000 9528.3320   19.5524
   -7.5000   15.0000   15.0000 9659.1533   19.5264
    0.0000   15.0000   15.0000 9642.2793   19.5462
    7.5000   15.0000   15.0000 9080.6855   19.5432
   -7.5000   22.5000   15.0000 8762.6055   19.2953
    0.0000   22.5000   15.0000 8759.9492   19.3109
    7.5000   22.5000   15.0000 8249.4209   19.2993
   -7.5000   30.0000   15.0000 8001.6665   19.0429
    0.0000   30.0000   15.0000 8005.5527   19.0540
    7.5000   30.0000   15.0000 7529.0898   19.0320
   -7.5000   37.5000   15.0000 7245.8193   18.9292
    0.0000   37.5000   15.0000 7236.3247   18.9425
    7.5000   37.5000   15.0000 6812.7749   18.9183
   -7.5000   45.0000   15.0000 6498.0635   18.9878
    0.0000   45.0000   15.0000 6493.3198   19.0049
    7.5000   45.0000   15.0000 6121.0938   18.9976
   -7.5000  -45.0000   22.5000 8482.7412   18.1322
    0.0000  -45.0000   22.5000 8530.4785   18.1481
    7.5000  -45.0000   22.5000 8040.0454   18.1389
   -7.5000  -37.5000   22.5000 8908.8223   19.2904
    0.0000  -37.5000   22.5000 8954.4053   19.3080
    7.5000  -37.5000   22.5000 8448.9102   19.3019
   -7.5000  -30.0000   22.5000 9422.7842   19.7713
    0.0000  -30.0000   22.5000 9485.5283   19.7919
    7.5000  -30.0000   22.5000 8919.5078   19.7834
   -7.5000  -22.5000   22.500010070.2549   19.7537
    0.0000  -22.5000   22.500010115.6738   19.7760
    7.5000  -22.5000   22.5000 9515.6777   19.7616
   -7.5000  -15.0000   22.500010623.6963   19.7513
    0.0000  -15.0000   22.500010643.3340   19.7717
    7.5000  -15.0000   22.500010017.2246   19.7536
   -7.5000   -7.5000   22.500010610.6611   19.7662
    0.0000   -7.5000   22.500010623.7461   19.7841
    7.5000   -7.5000   22.5000 9992.8115   19.7679
   -7.5000    0.0000   22.500010395.3428   19.7808
    0.0000    0.0000   22.500010422.0625   19.7981
    7.5000    0.0000   22.5000 9809.5605   19.7881
   -7.5000    7.5000   22.5000 9602.4561   19.7766
    0.0000    7.5000   22.5000 9618.4238   19.7945
    7.5000    7.5000   22.5000 9062.4717   19.7883
   -7.5000   15.0000   22.5000 9130.9424   19.7643
    0.0000   15.0000   22.5000 9126.7979   19.7849
    7.5000   15.0000   22.5000 8615.3408   19.7764
   -7.5000   22.5000   22.5000 8286.9795   19.5219
    0.0000   22.5000   22.5000 8285.5195   19.5442
    7.5000   22.5000   22.5000 7803.3584   19.5302
   -7.5000   30.0000   22.5000 7539.3394   19.2684
    0.0000   30.0000   22.5000 7555.9224   19.2869
    7.5000   30.0000   22.5000 7110.6650   19.2671
   -7.5000   37.5000   22.5000 6813.6089   19.1615
    0.0000   37.5000   22.5000 6811.1938   19.1750
    7.5000   37.5000   22.5000 6441.5029   19.1539
   -7.5000   45.0000   22.5000 6096.0093   19.2298
    0.0000   45.0000   22.5000 6107.2407   19.2396
    7.5000   45.0000   22.5000 5758.2422   19.2314
   -7.5000  -45.0000   30.0000 7933.7827   18.4149
    0.0000  -45.0000   30.0000 7975.9834   18.4312
    7.5000  -45.0000   30.0000 7524.4048   18.4144
   -7.5000  -37.5000   30.0000 8322.9326   19.6014
    0.0000  -37.5000   30.0000 8370.3633   19.6193
    7.5000  -37.5000   30.0000 7915.5864   19.6013
   -7.5000  -30.0000   30.0000 8797.1445   20.0981
    0.0000  -30.0000   30.0000 8861.2080   20.1206
    7.5000  -30.0000   30.0000 8367.2998   20.1000
   -7.5000  -22.5000   30.0000 9359.5410   20.0825
    0.0000  -22.5000   30.0000 9402.7441   20.1084
    7.5000  -22.5000   30.0000 8905.2549   20.0865
   -7.5000  -15.0000   30.0000 9869.4424   20.0774
    0.0000  -15.0000   30.0000 9917.9238   20.1014
    7.5000  -15.0000   30.0000 9383.1045   20.0800
   -7.5000   -7.5000   30.0000 9872.2461   20.0887
    0.0000   -7.5000   30.0000 9912.4082   20.1087
    7.5000   -7.5000   30.0000 9380.2607   20.0885
   -7.5000    0.0000   30.0000 9712.9600   20.1014
    0.0000    0.0000   30.0000 9730.7588   20.1192
    7.5000    0.0000   30.0000 9221.9199   20.1009
   -7.5000    7.5000   30.0000 8994.3809   20.0988
    0.0000    7.5000   30.0000 9002.9258   20.1171
    7.5000    7.5000   30.0000 8523.2686   20.0986
   -7.5000   15.0000   30.0000 8557.3789   20.0909
    0.0000   15.0000   30.0000 8549.1143   20.1134
    7.5000   15.0000   30.0000 8097.0386   20.0928
   -7.5000   22.5000   30.0000 7757.3271   19.8387
    0.0000   22.5000   30.0000 7758.8276   19.8644
    7.5000   22.5000   30.0000 7329.7139   19.8431
   -7.5000   30.0000   30.0000 7037.0142   19.5815
    0.0000   30.0000   30.0000 7054.7744   19.6037
    7.5000   30.0000   30.0000 6670.5986   19.5811
   -7.5000   37.5000   30.0000 6348.5400   19.4683
    0.0000   37.5000   30.0000 6357.7861   19.4824
    7.5000   37.5000   30.0000 6022.3408   19.4579
   -7.5000   45.0000   30.0000 5674.0474   19.5356
    0.0000   45.0000   30.0000 5684.3447   19.5432
    7.5000   45.0000   30.0000 5381.1421   19.5270
   -7.5000  -45.0000   37.5000 7402.8369   18.6127
    0.0000  -45.0000   37.5000 7439.1914   18.6340
    7.5000  -45.0000   37.5000 7001.1343   18.6108
   -7.5000  -37.5000   37.5000 7768.0767   19.8165
    0.0000  -37.5000   37.5000 7815.3853   19.8403
    7.5000  -37.5000   37.5000 7373.7549   19.8181
   -7.5000  -30.0000   37.5000 8200.0742   20.3115
    0.0000  -30.0000   37.5000 8261.5830   20.3368
    7.5000  -30.0000   37.5000 7792.9775   20.3152
   -7.5000  -22.5000   37.5000 8697.8496   20.3016
    0.0000  -22.5000   37.5000 8753.4893   20.3264
    7.5000  -22.5000   37.5000 8283.1172   20.3044
   -7.5000  -15.0000   37.5000 9149.8320   20.2968
    0.0000  -15.0000   37.5000 9212.0488   20.3188
    7.5000  -15.0000   37.5000 8729.6543   20.2946
   -7.5000   -7.5000   37.5000 9187.1318   20.3027
    0.0000   -7.5000   37.5000 9232.7715   20.3238
    7.5000   -7.5000   37.5000 8750.8486   20.2975
   -7.5000    0.0000   37.5000 9064.6885   20.3096
    0.0000    0.0000   37.5000 9086.4766   20.3329
    7.5000    0.0000   37.5000 8610.9688   20.3075
   -7.5000    7.5000   37.5000 8387.0234   20.3068
    0.0000    7.5000   37.5000 8398.4580   20.3312
    7.5000    7.5000   37.5000 7956.6548   20.3084
   -7.5000   15.0000   37.5000 7981.8818   20.3041
    0.0000   15.0000   37.5000 8003.0410   20.3294
    7.5000   15.0000   37.5000 7570.6157   20.3078
   -7.5000   22.5000   37.5000 7242.9946   20.0451
    0.0000   22.5000   37.5000 7263.3071   20.0693
    7.5000   22.5000   37.5000 6864.5562   20.0478
   -7.5000   30.0000   37.5000 6562.8950   19.7729
    0.0000   30.0000   37.5000 6592.1426   19.7933
    7.5000   30.0000   37.5000 6225.9487   19.7685
   -7.5000   37.5000   37.5000 5896.8838   19.6358
    0.0000   37.5000   37.5000 5920.6812   19.6523
    7.5000   37.5000   37.5000 5589.5781   19.6231
   -7.5000   45.0000   37.5000 5264.6216   19.6787
    0.0000   45.0000   37.5000 5288.5098   19.6931
    7.5000   45.0000   37.5000 5008.2666   19.6722
   -7.5000  -45.0000   45.0000 6860.1494   18.9042
    0.0000  -45.0000   45.0000 6896.7524   18.9239
    7.5000  -45.0000   45.0000 6488.4277   18.8914
   -7.5000  -37.5000   45.0000 7196.8560   20.1252
    0.0000  -37.5000   45.0000 7240.6450   20.1465
    7.5000  -37.5000   45.0000 6822.1948   20.1197
   -7.5000  -30.0000   45.0000 7596.9810   20.6093
    0.0000  -30.0000   45.0000 7652.2280   20.6256
    7.5000  -30.0000   45.0000 7208.3071   20.6009
   -7.5000  -22.5000   45.0000 8056.2910   20.6057
    0.0000  -22.5000   45.0000 8108.2822   20.6155
    7.5000  -22.5000   45.0000 7666.9082   20.5862
   -7.5000  -15.0000   45.0000 8453.3604   20.6061
    0.0000  -15.0000   45.0000 8519.3154   20.6140
    7.5000  -15.0000   45.0000 8073.3052   20.5767
   -7.5000   -7.5000   45.0000 8483.0400   20.6096
    0.0000   -7.5000   45.0000 8542.1221   20.6232
    7.5000   -7.5000   45.0000 8099.0615   20.5826
   -7.5000    0.0000   45.0000 8386.2510   20.6099
    0.0000    0.0000   45.0000 8431.0811   20.6315
    7.5000    0.0000   45.0000 7995.9204   20.5960
   -7.5000    7.5000   45.0000 7764.7192   20.6033
    0.0000    7.5000   45.0000 7794.8828   20.6251
    7.5000    7.5000   45.0000 7387.2393   20.5977
   -7.5000   15.0000   45.0000 7406.5273   20.6015
    0.0000   15.0000   45.0000 7425.8564   20.6179
    7.5000   15.0000   45.0000 7028.1553   20.5932
   -7.5000   22.5000   45.0000 6729.3867   20.3365
    0.0000   22.5000   45.0000 6743.7368   20.3462
    7.5000   22.5000   45.0000 6373.6431   20.3172
   -7.5000   30.0000   45.0000 6086.4731   20.0418
    0.0000   30.0000   45.0000 6128.9536   20.0482
    7.5000   30.0000   45.0000 5768.7969   20.0106
   -7.5000   37.5000   45.0000 5459.7627   19.8801
    0.0000   37.5000   45.0000 5493.7012   19.8916
    7.5000   37.5000   45.0000 5183.0659   19.8495
   -7.5000   45.0000   45.0000 4892.9604   19.9090
    0.0000   45.0000   45.0000 4918.5088   19.9256
    7.5000   45.0000   45.0000 4655.5122   19.8966

---------------------------------------------------------------------
imgreg_4dfp /opt/freesurfer/average/711-2C_as_mni_average_305 /opt/freesurfer/average/711-2B_as_mni_average_305_mask talsrcimg_g11 none talsrcimg_to_711-2C_as_mni_average_305_t4 4355
---------------------------------------------------------------------

freesurfer imgreg_4dfp.c
/opt/freesurfer/average/711-2C_as_mni_average_305.4dfp.img
       256       256       256         1
  1.000000  1.000000  1.000000
orientation T byte_order littleendian
Reading image: /opt/freesurfer/average/711-2C_as_mni_average_305.4dfp.img
dimensions:      256       256       256
mmppix:       1.0000   -1.0000   -1.0000
center:     128.0000 -129.0000 -129.0000
/opt/freesurfer/average/711-2B_as_mni_average_305_mask.4dfp.img
       256       256       256         1
  1.000000  1.000000  1.000000
orientation T byte_order littleendian
Reading mask: /opt/freesurfer/average/711-2B_as_mni_average_305_mask.4dfp.img (2306576 pixels)
talsrcimg_g11.4dfp.img
       256       256       256         1
  0.898438  0.898438  0.898438
orientation T byte_order littleendian
Reading image: talsrcimg_g11.4dfp.img
dimensions:      256       256       256
mmppix:       0.8984   -0.8984   -0.8984
center:     115.0001 -115.8985 -115.8985
rotation matrix determinant  1.000000
image alignment mode   4355 decimal     1103 hex
   -7.5000  -60.0000  -45.0000 1939.2104   17.8971
    0.0000  -60.0000  -45.0000 1938.7504   17.9196
    7.5000  -60.0000  -45.0000 1911.5533   18.1964
   -7.5000  -52.5000  -45.0000 2020.1787   16.4899
    0.0000  -52.5000  -45.0000 2019.4624   16.4910
    7.5000  -52.5000  -45.0000 1993.6091   16.6977
   -7.5000  -45.0000  -45.0000 2098.2400   15.6369
    0.0000  -45.0000  -45.0000 2096.8826   15.6583
    7.5000  -45.0000  -45.0000 2071.7478   15.8655
   -7.5000  -37.5000  -45.0000 2139.6428   14.9677
    0.0000  -37.5000  -45.0000 2137.0369   15.0033
    7.5000  -37.5000  -45.0000 2110.4902   15.2004
   -7.5000  -30.0000  -45.0000 2161.8806   14.5247
    0.0000  -30.0000  -45.0000 2159.7642   14.5389
    7.5000  -30.0000  -45.0000 2123.9429   14.7677
   -7.5000  -22.5000  -45.0000 2156.4729   14.3184
    0.0000  -22.5000  -45.0000 2161.9304   14.3295
    7.5000  -22.5000  -45.0000 2125.9004   14.5901
   -7.5000  -15.0000  -45.0000 2150.0969   14.3939
    0.0000  -15.0000  -45.0000 2161.7183   14.3740
    7.5000  -15.0000  -45.0000 2127.6094   14.6564
   -7.5000   -7.5000  -45.0000 2129.5225   14.7807
    0.0000   -7.5000  -45.0000 2143.7878   14.7878
    7.5000   -7.5000  -45.0000 2110.2083   15.0528
   -7.5000    0.0000  -45.0000 2089.7590   15.4744
    0.0000    0.0000  -45.0000 2104.9041   15.4474
    7.5000    0.0000  -45.0000 2074.6931   15.7166
   -7.5000    7.5000  -45.0000 2032.2351   16.3893
    0.0000    7.5000  -45.0000 2046.9712   16.3735
    7.5000    7.5000  -45.0000 2019.3555   16.6502
   -7.5000   15.0000  -45.0000 1959.9541   17.6201
    0.0000   15.0000  -45.0000 1972.0004   17.6064
    7.5000   15.0000  -45.0000 1941.4518   17.8559
   -7.5000   22.5000  -45.0000 1869.2930   19.2589
    0.0000   22.5000  -45.0000 1879.1143   19.2126
    7.5000   22.5000  -45.0000 1852.0017   19.5097
   -7.5000   30.0000  -45.0000 1757.2876   21.6185
    0.0000   30.0000  -45.0000 1768.8436   21.5552
    7.5000   30.0000  -45.0000 1748.6814   21.8743
   -7.5000  -60.0000  -37.5000 2094.1594   17.6563
    0.0000  -60.0000  -37.5000 2089.3772   17.6610
    7.5000  -60.0000  -37.5000 2056.6257   17.9178
   -7.5000  -52.5000  -37.5000 2185.0776   16.2264
    0.0000  -52.5000  -37.5000 2184.8342   16.2109
    7.5000  -52.5000  -37.5000 2155.5435   16.4311
   -7.5000  -45.0000  -37.5000 2275.8760   15.3423
    0.0000  -45.0000  -37.5000 2274.6445   15.3358
    7.5000  -45.0000  -37.5000 2243.4226   15.5437
   -7.5000  -37.5000  -37.5000 2316.4165   14.6676
    0.0000  -37.5000  -37.5000 2312.8069   14.6769
    7.5000  -37.5000  -37.5000 2282.8516   14.8590
   -7.5000  -30.0000  -37.5000 2333.5786   14.2020
    0.0000  -30.0000  -37.5000 2333.6741   14.2237
    7.5000  -30.0000  -37.5000 2298.6348   14.4578
   -7.5000  -22.5000  -37.5000 2333.0532   14.0413
    0.0000  -22.5000  -37.5000 2338.2031   14.0195
    7.5000  -22.5000  -37.5000 2306.8826   14.2575
   -7.5000  -15.0000  -37.5000 2327.0320   14.0784
    0.0000  -15.0000  -37.5000 2339.1846   14.0755
    7.5000  -15.0000  -37.5000 2304.6802   14.3226
   -7.5000   -7.5000  -37.5000 2301.8533   14.4581
    0.0000   -7.5000  -37.5000 2318.6914   14.4558
    7.5000   -7.5000  -37.5000 2284.4138   14.7144
   -7.5000    0.0000  -37.5000 2263.6113   15.1125
    0.0000    0.0000  -37.5000 2276.8713   15.0799
    7.5000    0.0000  -37.5000 2243.8354   15.3432
   -7.5000    7.5000  -37.5000 2203.7422   15.9977
    0.0000    7.5000  -37.5000 2215.4346   15.9712
    7.5000    7.5000  -37.5000 2183.1523   16.2689
   -7.5000   15.0000  -37.5000 2122.2654   17.1732
    0.0000   15.0000  -37.5000 2133.2539   17.1626
    7.5000   15.0000  -37.5000 2103.2769   17.4286
   -7.5000   22.5000  -37.5000 2019.0176   18.8104
    0.0000   22.5000  -37.5000 2028.6443   18.7783
    7.5000   22.5000  -37.5000 1999.6420   19.0405
   -7.5000   30.0000  -37.5000 1898.6022   21.0623
    0.0000   30.0000  -37.5000 1911.4399   21.0092
    7.5000   30.0000  -37.5000 1884.4272   21.2206
   -7.5000  -60.0000  -30.0000 2233.9241   17.3978
    0.0000  -60.0000  -30.0000 2223.2632   17.3838
    7.5000  -60.0000  -30.0000 2187.9607   17.6178
   -7.5000  -52.5000  -30.0000 2332.2424   15.9072
    0.0000  -52.5000  -30.0000 2327.0869   15.8873
    7.5000  -52.5000  -30.0000 2289.9617   16.1395
   -7.5000  -45.0000  -30.0000 2421.4626   14.9965
    0.0000  -45.0000  -30.0000 2424.2034   14.9827
    7.5000  -45.0000  -30.0000 2388.0710   15.1860
   -7.5000  -37.5000  -30.0000 2468.9563   14.2685
    0.0000  -37.5000  -30.0000 2472.1338   14.2333
    7.5000  -37.5000  -30.0000 2433.8484   14.4310
   -7.5000  -30.0000  -30.0000 2500.4526   13.7983
    0.0000  -30.0000  -30.0000 2505.5889   13.7590
    7.5000  -30.0000  -30.0000 2467.9023   13.9959
   -7.5000  -22.5000  -30.0000 2499.5991   13.6550
    0.0000  -22.5000  -30.0000 2512.3982   13.6286
    7.5000  -22.5000  -30.0000 2479.7012   13.8235
   -7.5000  -15.0000  -30.0000 2493.6614   13.7078
    0.0000  -15.0000  -30.0000 2506.3801   13.6839
    7.5000  -15.0000  -30.0000 2473.0430   13.8921
   -7.5000   -7.5000  -30.0000 2467.7520   14.0817
    0.0000   -7.5000  -30.0000 2483.5125   14.0137
    7.5000   -7.5000  -30.0000 2449.5276   14.2352
   -7.5000    0.0000  -30.0000 2427.1445   14.6693
    0.0000    0.0000  -30.0000 2442.7002   14.6318
    7.5000    0.0000  -30.0000 2405.9944   14.8694
   -7.5000    7.5000  -30.0000 2362.6123   15.5462
    0.0000    7.5000  -30.0000 2376.5649   15.5080
    7.5000    7.5000  -30.0000 2340.7986   15.7735
   -7.5000   15.0000  -30.0000 2268.2698   16.7053
    0.0000   15.0000  -30.0000 2284.7656   16.6755
    7.5000   15.0000  -30.0000 2248.7605   16.9345
   -7.5000   22.5000  -30.0000 2153.7512   18.2298
    0.0000   22.5000  -30.0000 2166.7456   18.1969
    7.5000   22.5000  -30.0000 2135.3472   18.4672
   -7.5000   30.0000  -30.0000 2025.5056   20.3761
    0.0000   30.0000  -30.0000 2039.1119   20.2856
    7.5000   30.0000  -30.0000 2009.7391   20.5344
   -7.5000  -60.0000  -22.5000 2333.0447   17.0047
    0.0000  -60.0000  -22.5000 2326.7690   16.9782
    7.5000  -60.0000  -22.5000 2291.4324   17.2435
   -7.5000  -52.5000  -22.5000 2437.8887   15.4371
    0.0000  -52.5000  -22.5000 2439.5527   15.4441
    7.5000  -52.5000  -22.5000 2398.8125   15.6886
   -7.5000  -45.0000  -22.5000 2539.5261   14.4809
    0.0000  -45.0000  -22.5000 2544.5864   14.4667
    7.5000  -45.0000  -22.5000 2507.6006   14.7159
   -7.5000  -37.5000  -22.5000 2594.9346   13.7402
    0.0000  -37.5000  -22.5000 2604.3062   13.7325
    7.5000  -37.5000  -22.5000 2566.0271   13.9479
   -7.5000  -30.0000  -22.5000 2635.4238   13.2812
    0.0000  -30.0000  -22.5000 2641.1082   13.2473
    7.5000  -30.0000  -22.5000 2603.7520   13.4437
   -7.5000  -22.5000  -22.5000 2654.1780   13.1308
    0.0000  -22.5000  -22.5000 2663.3667   13.0558
    7.5000  -22.5000  -22.5000 2623.6333   13.2365
   -7.5000  -15.0000  -22.5000 2650.9668   13.1971
    0.0000  -15.0000  -22.5000 2662.6292   13.1672
    7.5000  -15.0000  -22.5000 2623.6943   13.3193
   -7.5000   -7.5000  -22.5000 2624.5642   13.5694
    0.0000   -7.5000  -22.5000 2639.0830   13.5201
    7.5000   -7.5000  -22.5000 2601.1887   13.7071
   -7.5000    0.0000  -22.5000 2582.0383   14.1435
    0.0000    0.0000  -22.5000 2597.7283   14.0739
    7.5000    0.0000  -22.5000 2555.7048   14.2917
   -7.5000    7.5000  -22.5000 2505.3508   14.9748
    0.0000    7.5000  -22.5000 2523.2534   14.9101
    7.5000    7.5000  -22.5000 2482.8867   15.1372
   -7.5000   15.0000  -22.5000 2399.1836   16.0993
    0.0000   15.0000  -22.5000 2417.5125   16.0375
    7.5000   15.0000  -22.5000 2380.0200   16.3001
   -7.5000   22.5000  -22.5000 2274.0857   17.5958
    0.0000   22.5000  -22.5000 2285.0020   17.5310
    7.5000   22.5000  -22.5000 2254.7710   17.8069
   -7.5000   30.0000  -22.5000 2135.0891   19.6268
    0.0000   30.0000  -22.5000 2152.5732   19.5522
    7.5000   30.0000  -22.5000 2124.4001   19.8380
   -7.5000  -60.0000  -15.0000 2392.8718   16.4809
    0.0000  -60.0000  -15.0000 2396.2878   16.5077
    7.5000  -60.0000  -15.0000 2355.7839   16.7938
   -7.5000  -52.5000  -15.0000 2504.2048   14.9194
    0.0000  -52.5000  -15.0000 2507.8674   14.9455
    7.5000  -52.5000  -15.0000 2471.5576   15.2420
   -7.5000  -45.0000  -15.0000 2619.7810   13.9530
    0.0000  -45.0000  -15.0000 2627.0276   13.9508
    7.5000  -45.0000  -15.0000 2590.5444   14.2036
   -7.5000  -37.5000  -15.0000 2692.0110   13.1709
    0.0000  -37.5000  -15.0000 2700.0508   13.1536
    7.5000  -37.5000  -15.0000 2660.8298   13.3859
   -7.5000  -30.0000  -15.0000 2736.1802   12.6778
    0.0000  -30.0000  -15.0000 2745.4348   12.6409
    7.5000  -30.0000  -15.0000 2710.1108   12.8546
   -7.5000  -22.5000  -15.0000 2766.3958   12.4813
    0.0000  -22.5000  -15.0000 2780.4399   12.4360
    7.5000  -22.5000  -15.0000 2736.2908   12.6209
   -7.5000  -15.0000  -15.0000 2775.5593   12.5786
    0.0000  -15.0000  -15.0000 2787.4868   12.5332
    7.5000  -15.0000  -15.0000 2737.6389   12.6999
   -7.5000   -7.5000  -15.0000 2754.0969   12.9486
    0.0000   -7.5000  -15.0000 2770.3110   12.8972
    7.5000   -7.5000  -15.0000 2720.8159   13.0667
   -7.5000    0.0000  -15.0000 2700.9189   13.5135
    0.0000    0.0000  -15.0000 2718.4512   13.4554
    7.5000    0.0000  -15.0000 2674.1082   13.6478
   -7.5000    7.5000  -15.0000 2614.3867   14.3167
    0.0000    7.5000  -15.0000 2635.7402   14.2558
    7.5000    7.5000  -15.0000 2593.4912   14.4842
   -7.5000   15.0000  -15.0000 2503.6575   15.4258
    0.0000   15.0000  -15.0000 2521.2378   15.3672
    7.5000   15.0000  -15.0000 2481.5728   15.6231
   -7.5000   22.5000  -15.0000 2365.8528   16.9022
    0.0000   22.5000  -15.0000 2380.6875   16.8290
    7.5000   22.5000  -15.0000 2345.4502   17.0979
   -7.5000   30.0000  -15.0000 2219.0999   18.8651
    0.0000   30.0000  -15.0000 2235.0928   18.7777
    7.5000   30.0000  -15.0000 2204.8875   19.0602
   -7.5000  -60.0000   -7.5000 2411.4688   15.8880
    0.0000  -60.0000   -7.5000 2413.4900   15.9439
    7.5000  -60.0000   -7.5000 2375.1824   16.3030
   -7.5000  -52.5000   -7.5000 2530.8130   14.3648
    0.0000  -52.5000   -7.5000 2533.3018   14.3843
    7.5000  -52.5000   -7.5000 2491.4937   14.7075
   -7.5000  -45.0000   -7.5000 2662.7993   13.3813
    0.0000  -45.0000   -7.5000 2664.7363   13.3681
    7.5000  -45.0000   -7.5000 2624.3057   13.6378
   -7.5000  -37.5000   -7.5000 2744.2727   12.5644
    0.0000  -37.5000   -7.5000 2751.8862   12.5173
    7.5000  -37.5000   -7.5000 2715.1411   12.7944
   -7.5000  -30.0000   -7.5000 2801.0833   12.0170
    0.0000  -30.0000   -7.5000 2816.0264   12.0117
    7.5000  -30.0000   -7.5000 2777.9514   12.2571
   -7.5000  -22.5000   -7.5000 2843.2800   11.8015
    0.0000  -22.5000   -7.5000 2862.0488   11.7805
    7.5000  -22.5000   -7.5000 2810.3760   12.0041
   -7.5000  -15.0000   -7.5000 2856.0405   11.8845
    0.0000  -15.0000   -7.5000 2876.6494   11.8495
    7.5000  -15.0000   -7.5000 2813.4160   12.0872
   -7.5000   -7.5000   -7.5000 2837.1455   12.2477
    0.0000   -7.5000   -7.5000 2856.7346   12.1975
    7.5000   -7.5000   -7.5000 2797.4912   12.4164
   -7.5000    0.0000   -7.5000 2771.6006   12.8388
    0.0000    0.0000   -7.5000 2796.8074   12.7828
    7.5000    0.0000   -7.5000 2746.9778   12.9935
   -7.5000    7.5000   -7.5000 2682.0723   13.6270
    0.0000    7.5000   -7.5000 2707.1926   13.5810
    7.5000    7.5000   -7.5000 2657.8550   13.8270
   -7.5000   15.0000   -7.5000 2564.2146   14.6924
    0.0000   15.0000   -7.5000 2584.3555   14.6456
    7.5000   15.0000   -7.5000 2541.3018   14.9159
   -7.5000   22.5000   -7.5000 2418.1633   16.1580
    0.0000   22.5000   -7.5000 2437.4785   16.0935
    7.5000   22.5000   -7.5000 2394.6499   16.3837
   -7.5000   30.0000   -7.5000 2267.1538   18.0638
    0.0000   30.0000   -7.5000 2287.2424   17.9821
    7.5000   30.0000   -7.5000 2245.0002   18.2945
   -7.5000  -60.0000    0.0000 2423.0522   15.6758
    0.0000  -60.0000    0.0000 2423.7815   15.6710
    7.5000  -60.0000    0.0000 2378.7427   16.0728
   -7.5000  -52.5000    0.0000 2544.9219   14.0840
    0.0000  -52.5000    0.0000 2551.4783   14.0936
    7.5000  -52.5000    0.0000 2501.8057   14.4555
   -7.5000  -45.0000    0.0000 2682.7539   13.0277
    0.0000  -45.0000    0.0000 2689.8386   13.0458
    7.5000  -45.0000    0.0000 2643.7378   13.3632
   -7.5000  -37.5000    0.0000 2783.3101   12.2026
    0.0000  -37.5000    0.0000 2800.0002   12.1969
    7.5000  -37.5000    0.0000 2747.5444   12.4850
   -7.5000  -30.0000    0.0000 2859.2222   11.6644
    0.0000  -30.0000    0.0000 2880.6216   11.6535
    7.5000  -30.0000    0.0000 2827.3457   11.9192
   -7.5000  -22.5000    0.0000 2919.8452   11.4405
    0.0000  -22.5000    0.0000 2943.8750   11.4293
    7.5000  -22.5000    0.0000 2876.9351   11.6892
   -7.5000  -15.0000    0.0000 2939.8115   11.5148
    0.0000  -15.0000    0.0000 2966.4504   11.5020
    7.5000  -15.0000    0.0000 2883.3643   11.7693
   -7.5000   -7.5000    0.0000 2910.8523   11.8608
    0.0000   -7.5000    0.0000 2933.5581   11.8106
    7.5000   -7.5000    0.0000 2854.4976   12.0913
   -7.5000    0.0000    0.0000 2835.3521   12.4110
    0.0000    0.0000    0.0000 2860.6367   12.3638
    7.5000    0.0000    0.0000 2799.8040   12.6147
   -7.5000    7.5000    0.0000 2733.5454   13.1989
    0.0000    7.5000    0.0000 2762.7231   13.1395
    7.5000    7.5000    0.0000 2711.8745   13.4030
   -7.5000   15.0000    0.0000 2609.6604   14.3217
    0.0000   15.0000    0.0000 2630.0732   14.2624
    7.5000   15.0000    0.0000 2585.5439   14.5278
   -7.5000   22.5000    0.0000 2458.6919   15.8475
    0.0000   22.5000    0.0000 2482.4868   15.7580
    7.5000   22.5000    0.0000 2437.4563   16.0505
   -7.5000   30.0000    0.0000 2302.2913   17.6841
    0.0000   30.0000    0.0000 2325.3823   17.6048
    7.5000   30.0000    0.0000 2283.4226   17.9313
   -7.5000  -60.0000    7.5000 2414.2524   15.5313
    0.0000  -60.0000    7.5000 2414.1707   15.5645
    7.5000  -60.0000    7.5000 2369.2734   15.9950
   -7.5000  -52.5000    7.5000 2540.3528   13.8833
    0.0000  -52.5000    7.5000 2543.6880   13.9443
    7.5000  -52.5000    7.5000 2494.5701   14.3702
   -7.5000  -45.0000    7.5000 2679.9502   12.8065
    0.0000  -45.0000    7.5000 2689.5698   12.8449
    7.5000  -45.0000    7.5000 2640.4368   13.2409
   -7.5000  -37.5000    7.5000 2789.0798   11.9884
    0.0000  -37.5000    7.5000 2807.0315   12.0129
    7.5000  -37.5000    7.5000 2752.6111   12.3387
   -7.5000  -30.0000    7.5000 2881.8481   11.4609
    0.0000  -30.0000    7.5000 2900.6082   11.4576
    7.5000  -30.0000    7.5000 2841.4685   11.7660
   -7.5000  -22.5000    7.5000 2962.6208   11.3016
    0.0000  -22.5000    7.5000 2984.9800   11.2964
    7.5000  -22.5000    7.5000 2904.6199   11.5197
   -7.5000  -15.0000    7.5000 2995.0466   11.3992
    0.0000  -15.0000    7.5000 3022.4775   11.3908
    7.5000  -15.0000    7.5000 2921.5806   11.6040
   -7.5000   -7.5000    7.5000 2954.5544   11.6390
    0.0000   -7.5000    7.5000 2981.5977   11.5873
    7.5000   -7.5000    7.5000 2890.6338   11.8675
   -7.5000    0.0000    7.5000 2859.3394   12.1399
    0.0000    0.0000    7.5000 2888.0330   12.0726
    7.5000    0.0000    7.5000 2824.7576   12.3863
   -7.5000    7.5000    7.5000 2747.7354   12.9429
    0.0000    7.5000    7.5000 2774.8142   12.8809
    7.5000    7.5000    7.5000 2727.7786   13.1876
   -7.5000   15.0000    7.5000 2623.3230   14.0863
    0.0000   15.0000    7.5000 2642.8196   14.0340
    7.5000   15.0000    7.5000 2600.7114   14.3198
   -7.5000   22.5000    7.5000 2473.0469   15.6129
    0.0000   22.5000    7.5000 2494.7600   15.5496
    7.5000   22.5000    7.5000 2454.1055   15.8275
   -7.5000   30.0000    7.5000 2308.3645   17.4595
    0.0000   30.0000    7.5000 2328.5300   17.4260
    7.5000   30.0000    7.5000 2295.9355   17.7101
   -7.5000  -60.0000   15.0000 2403.7473   15.5668
    0.0000  -60.0000   15.0000 2401.0293   15.6468
    7.5000  -60.0000   15.0000 2357.1553   16.1520
   -7.5000  -52.5000   15.0000 2521.0344   13.9836
    0.0000  -52.5000   15.0000 2522.7686   14.0364
    7.5000  -52.5000   15.0000 2479.0049   14.4864
   -7.5000  -45.0000   15.0000 2655.0264   12.9277
    0.0000  -45.0000   15.0000 2662.3518   12.9735
    7.5000  -45.0000   15.0000 2618.5249   13.3685
   -7.5000  -37.5000   15.0000 2772.9639   12.0905
    0.0000  -37.5000   15.0000 2784.0220   12.1216
    7.5000  -37.5000   15.0000 2732.1304   12.4718
   -7.5000  -30.0000   15.0000 2877.4480   11.5251
    0.0000  -30.0000   15.0000 2888.4316   11.5333
    7.5000  -30.0000   15.0000 2827.7026   11.8410
   -7.5000  -22.5000   15.0000 2969.4355   11.3350
    0.0000  -22.5000   15.0000 2984.7910   11.3283
    7.5000  -22.5000   15.0000 2899.1025   11.5775
   -7.5000  -15.0000   15.0000 3001.7449   11.3900
    0.0000  -15.0000   15.0000 3019.0806   11.3694
    7.5000  -15.0000   15.0000 2920.8975   11.6121
   -7.5000   -7.5000   15.0000 2952.0396   11.6792
    0.0000   -7.5000   15.0000 2973.8801   11.6101
    7.5000   -7.5000   15.0000 2888.7698   11.9114
   -7.5000    0.0000   15.0000 2856.3240   12.1882
    0.0000    0.0000   15.0000 2877.2964   12.1582
    7.5000    0.0000   15.0000 2818.4531   12.4407
   -7.5000    7.5000   15.0000 2739.9424   12.9668
    0.0000    7.5000   15.0000 2761.2327   12.9121
    7.5000    7.5000   15.0000 2717.0566   13.2122
   -7.5000   15.0000   15.0000 2609.5039   14.0763
    0.0000   15.0000   15.0000 2628.2349   14.0208
    7.5000   15.0000   15.0000 2594.9314   14.2961
   -7.5000   22.5000   15.0000 2463.7166   15.5146
    0.0000   22.5000   15.0000 2479.8450   15.4689
    7.5000   22.5000   15.0000 2449.9004   15.7345
   -7.5000   30.0000   15.0000 2306.6692   17.3259
    0.0000   30.0000   15.0000 2321.8469   17.2889
    7.5000   30.0000   15.0000 2295.0894   17.5817
   -7.5000  -60.0000   22.5000 2383.0891   15.9779
    0.0000  -60.0000   22.5000 2376.6401   16.0855
    7.5000  -60.0000   22.5000 2332.3579   16.6019
   -7.5000  -52.5000   22.5000 2491.0474   14.3743
    0.0000  -52.5000   22.5000 2493.1858   14.4359
    7.5000  -52.5000   22.5000 2449.8064   14.8892
   -7.5000  -45.0000   22.5000 2622.5076   13.3199
    0.0000  -45.0000   22.5000 2632.4219   13.3636
    7.5000  -45.0000   22.5000 2587.6023   13.7554
   -7.5000  -37.5000   22.5000 2735.1982   12.4612
    0.0000  -37.5000   22.5000 2747.0127   12.4602
    7.5000  -37.5000   22.5000 2700.8040   12.8259
   -7.5000  -30.0000   22.5000 2841.7710   11.8616
    0.0000  -30.0000   22.5000 2857.5642   11.8401
    7.5000  -30.0000   22.5000 2799.6458   12.1645
   -7.5000  -22.5000   22.5000 2925.9160   11.5905
    0.0000  -22.5000   22.5000 2945.0935   11.5862
    7.5000  -22.5000   22.5000 2871.7078   11.8610
   -7.5000  -15.0000   22.5000 2949.3684   11.5888
    0.0000  -15.0000   22.5000 2969.1753   11.5456
    7.5000  -15.0000   22.5000 2887.5032   11.8674
   -7.5000   -7.5000   22.5000 2911.0305   11.8927
    0.0000   -7.5000   22.5000 2928.9902   11.8494
    7.5000   -7.5000   22.5000 2857.1433   12.1709
   -7.5000    0.0000   22.5000 2823.0557   12.4931
    0.0000    0.0000   22.5000 2840.0203   12.4492
    7.5000    0.0000   22.5000 2786.6692   12.7526
   -7.5000    7.5000   22.5000 2705.5198   13.2868
    0.0000    7.5000   22.5000 2725.6699   13.2220
    7.5000    7.5000   22.5000 2685.7542   13.5263
   -7.5000   15.0000   22.5000 2580.1091   14.3403
    0.0000   15.0000   22.5000 2595.4011   14.2790
    7.5000   15.0000   22.5000 2565.5330   14.5379
   -7.5000   22.5000   22.5000 2441.3770   15.6976
    0.0000   22.5000   22.5000 2455.1606   15.6478
    7.5000   22.5000   22.5000 2424.4724   15.9014
   -7.5000   30.0000   22.5000 2286.0010   17.4322
    0.0000   30.0000   22.5000 2299.8098   17.3761
    7.5000   30.0000   22.5000 2270.3130   17.6485
   -7.5000  -60.0000   30.0000 2352.2734   16.6337
    0.0000  -60.0000   30.0000 2346.4792   16.7495
    7.5000  -60.0000   30.0000 2300.4558   17.2502
   -7.5000  -52.5000   30.0000 2461.8625   15.0076
    0.0000  -52.5000   30.0000 2461.9460   15.0729
    7.5000  -52.5000   30.0000 2413.7988   15.5231
   -7.5000  -45.0000   30.0000 2588.2192   13.9029
    0.0000  -45.0000   30.0000 2597.1660   13.9377
    7.5000  -45.0000   30.0000 2549.9412   14.3694
   -7.5000  -37.5000   30.0000 2695.6780   13.0065
    0.0000  -37.5000   30.0000 2706.8113   13.0132
    7.5000  -37.5000   30.0000 2661.9246   13.3922
   -7.5000  -30.0000   30.0000 2792.9146   12.4010
    0.0000  -30.0000   30.0000 2808.6089   12.3962
    7.5000  -30.0000   30.0000 2757.0615   12.7134
   -7.5000  -22.5000   30.0000 2850.7913   12.1093
    0.0000  -22.5000   30.0000 2873.5261   12.0750
    7.5000  -22.5000   30.0000 2814.8086   12.3938
   -7.5000  -15.0000   30.0000 2875.2002   12.0892
    0.0000  -15.0000   30.0000 2892.8799   12.0642
    7.5000  -15.0000   30.0000 2831.7915   12.3641
   -7.5000   -7.5000   30.0000 2842.5891   12.3922
    0.0000   -7.5000   30.0000 2858.8906   12.3566
    7.5000   -7.5000   30.0000 2801.9829   12.6459
   -7.5000    0.0000   30.0000 2767.5964   12.9678
    0.0000    0.0000   30.0000 2773.7334   12.9210
    7.5000    0.0000   30.0000 2729.6782   13.2229
   -7.5000    7.5000   30.0000 2653.9229   13.7585
    0.0000    7.5000   30.0000 2666.6301   13.6891
    7.5000    7.5000   30.0000 2629.6338   14.0182
   -7.5000   15.0000   30.0000 2532.7893   14.8209
    0.0000   15.0000   30.0000 2545.7300   14.7569
    7.5000   15.0000   30.0000 2515.4092   15.0373
   -7.5000   22.5000   30.0000 2394.4604   16.1339
    0.0000   22.5000   30.0000 2409.2695   16.0656
    7.5000   22.5000   30.0000 2380.6467   16.3404
   -7.5000   30.0000   30.0000 2244.0444   17.8111
    0.0000   30.0000   30.0000 2263.3828   17.7269
    7.5000   30.0000   30.0000 2237.9290   18.0000
   -7.5000  -60.0000   37.5000 2301.6208   17.4621
    0.0000  -60.0000   37.5000 2301.0344   17.5472
    7.5000  -60.0000   37.5000 2254.0398   18.0633
   -7.5000  -52.5000   37.5000 2414.7776   15.7807
    0.0000  -52.5000   37.5000 2419.4333   15.8292
    7.5000  -52.5000   37.5000 2371.3301   16.2865
   -7.5000  -45.0000   37.5000 2543.0125   14.6579
    0.0000  -45.0000   37.5000 2551.0625   14.6859
    7.5000  -45.0000   37.5000 2499.7266   15.1146
   -7.5000  -37.5000   37.5000 2644.4011   13.7494
    0.0000  -37.5000   37.5000 2655.8721   13.7748
    7.5000  -37.5000   37.5000 2608.7136   14.1246
   -7.5000  -30.0000   37.5000 2728.6526   13.1250
    0.0000  -30.0000   37.5000 2743.7009   13.1344
    7.5000  -30.0000   37.5000 2690.5632   13.4621
   -7.5000  -22.5000   37.5000 2768.3096   12.8076
    0.0000  -22.5000   37.5000 2792.2700   12.7788
    7.5000  -22.5000   37.5000 2737.9863   13.1037
   -7.5000  -15.0000   37.5000 2780.5259   12.7368
    0.0000  -15.0000   37.5000 2796.3547   12.7476
    7.5000  -15.0000   37.5000 2748.3962   13.0521
   -7.5000   -7.5000   37.5000 2749.1714   13.0748
    0.0000   -7.5000   37.5000 2762.9441   13.0483
    7.5000   -7.5000   37.5000 2718.6282   13.3472
   -7.5000    0.0000   37.5000 2677.2168   13.6230
    0.0000    0.0000   37.5000 2687.2712   13.6134
    7.5000    0.0000   37.5000 2647.2732   13.8943
   -7.5000    7.5000   37.5000 2574.5208   14.4055
    0.0000    7.5000   37.5000 2588.3096   14.3590
    7.5000    7.5000   37.5000 2556.2271   14.6642
   -7.5000   15.0000   37.5000 2466.2827   15.4140
    0.0000   15.0000   37.5000 2480.4688   15.3761
    7.5000   15.0000   37.5000 2450.5828   15.6960
   -7.5000   22.5000   37.5000 2338.1152   16.7198
    0.0000   22.5000   37.5000 2351.9512   16.7026
    7.5000   22.5000   37.5000 2325.0498   16.9618
   -7.5000   30.0000   37.5000 2188.9756   18.4290
    0.0000   30.0000   37.5000 2209.5059   18.3722
    7.5000   30.0000   37.5000 2183.1394   18.6150
   -7.5000  -60.0000   45.0000 2225.6423   18.4324
    0.0000  -60.0000   45.0000 2222.4128   18.4564
    7.5000  -60.0000   45.0000 2179.3225   18.9727
   -7.5000  -52.5000   45.0000 2339.5762   16.6872
    0.0000  -52.5000   45.0000 2342.2114   16.7051
    7.5000  -52.5000   45.0000 2289.9575   17.1179
   -7.5000  -45.0000   45.0000 2457.2349   15.5398
    0.0000  -45.0000   45.0000 2468.5254   15.5597
    7.5000  -45.0000   45.0000 2416.9409   15.9642
   -7.5000  -37.5000   45.0000 2552.4402   14.5874
    0.0000  -37.5000   45.0000 2564.3130   14.6227
    7.5000  -37.5000   45.0000 2514.8989   14.9724
   -7.5000  -30.0000   45.0000 2624.1362   13.9554
    0.0000  -30.0000   45.0000 2640.7217   13.9406
    7.5000  -30.0000   45.0000 2586.5227   14.2786
   -7.5000  -22.5000   45.0000 2658.3240   13.6175
    0.0000  -22.5000   45.0000 2679.5859   13.6058
    7.5000  -22.5000   45.0000 2629.3684   13.9010
   -7.5000  -15.0000   45.0000 2655.9287   13.5245
    0.0000  -15.0000   45.0000 2674.3440   13.5156
    7.5000  -15.0000   45.0000 2632.1946   13.8337
   -7.5000   -7.5000   45.0000 2620.1851   13.8303
    0.0000   -7.5000   45.0000 2638.2214   13.8126
    7.5000   -7.5000   45.0000 2599.7625   14.1191
   -7.5000    0.0000   45.0000 2555.0979   14.3583
    0.0000    0.0000   45.0000 2570.6567   14.3589
    7.5000    0.0000   45.0000 2534.5437   14.6649
   -7.5000    7.5000   45.0000 2466.8340   15.1039
    0.0000    7.5000   45.0000 2479.8267   15.0836
    7.5000    7.5000   45.0000 2448.1492   15.3938
   -7.5000   15.0000   45.0000 2370.6523   16.0982
    0.0000   15.0000   45.0000 2380.8955   16.0654
    7.5000   15.0000   45.0000 2352.2542   16.3659
   -7.5000   22.5000   45.0000 2253.7048   17.4160
    0.0000   22.5000   45.0000 2263.9924   17.4015
    7.5000   22.5000   45.0000 2235.5940   17.6578
   -7.5000   30.0000   45.0000 2106.9441   19.1365
    0.0000   30.0000   45.0000 2126.2935   19.1119
    7.5000   30.0000   45.0000 2096.7903   19.3629

---------------------------------------------------------------------
imgreg_4dfp /opt/freesurfer/average/711-2C_as_mni_average_305 /opt/freesurfer/average/711-2B_as_mni_average_305_mask talsrcimg_g11 none talsrcimg_to_711-2C_as_mni_average_305_t4 1283
---------------------------------------------------------------------

freesurfer imgreg_4dfp.c
/opt/freesurfer/average/711-2C_as_mni_average_305.4dfp.img
       256       256       256         1
  1.000000  1.000000  1.000000
orientation T byte_order littleendian
Reading image: /opt/freesurfer/average/711-2C_as_mni_average_305.4dfp.img
dimensions:      256       256       256
mmppix:       1.0000   -1.0000   -1.0000
center:     128.0000 -129.0000 -129.0000
/opt/freesurfer/average/711-2B_as_mni_average_305_mask.4dfp.img
       256       256       256         1
  1.000000  1.000000  1.000000
orientation T byte_order littleendian
Reading mask: /opt/freesurfer/average/711-2B_as_mni_average_305_mask.4dfp.img (2306576 pixels)
talsrcimg_g11.4dfp.img
       256       256       256         1
  0.898438  0.898438  0.898438
orientation T byte_order littleendian
Reading image: talsrcimg_g11.4dfp.img
dimensions:      256       256       256
mmppix:       0.8984   -0.8984   -0.8984
center:     115.0001 -115.8985 -115.8985
rotation matrix determinant  1.000000
fimgreg.f
image alignment mode   1283 decimal      503 hex
parameters
    0.0000  -15.0000    7.5000    0.0000    0.0000    0.0000
eta,q 0.94804 11.38997
niter,ni,del,rscale     5    3   12.0000    1.2000
parameter  3 -0.624421 -> -0.500000 qaram    1.1500
parameter  4  1.515892 ->  0.500000 qaram    1.1500
parameter  6  1.118842 ->  0.500000 qaram    1.1500
parameters
   -2.5483  -15.6724   10.9500   -3.4500   -1.2158   -3.4500
eta,q 0.96115 11.42740
  0.0552  0.0565  0.0628  0.0424  0.0490  0.0388
  0.0505  0.0519  0.0577  0.0434  0.0455  0.0386
  0.0495  0.0495  0.0527  0.0451  0.0433  0.0402
  0.0522  0.0494  0.0492  0.0479  0.0438  0.0432
  0.0587  0.0515  0.0484  0.0505  0.0464  0.0467
  0.0676  0.0554  0.0476  0.0537  0.0505  0.0503
  0.0772  0.0594  0.0482  0.0581  0.0549  0.0549
niter,ni,del,rscale     7    3   12.0000    1.2000
parameter  4  0.548972 ->  0.500000 qaram    1.3225
parameters
   -2.6740  -14.4096   10.5893   -7.4175   -0.5599   -4.7640
eta,q 0.96553 11.42529
  0.0594  0.0561  0.0478  0.0379  0.0472  0.0410
  0.0494  0.0495  0.0424  0.0357  0.0415  0.0369
  0.0413  0.0433  0.0393  0.0348  0.0376  0.0348
  0.0388  0.0388  0.0376  0.0376  0.0352  0.0349
  0.0425  0.0377  0.0388  0.0427  0.0354  0.0378
  0.0510  0.0411  0.0432  0.0472  0.0383  0.0421
  0.0606  0.0471  0.0513  0.0520  0.0433  0.0467
niter,ni,del,rscale     7    3   12.0000    1.2000
parameters
   -3.1337  -13.0335    9.9843   -8.1064   -0.1523   -4.7777
eta,q 0.96732 11.43046
  0.0546  0.0546  0.0447  0.0437  0.0453  0.0426
  0.0430  0.0466  0.0383  0.0379  0.0391  0.0376
  0.0355  0.0397  0.0340  0.0345  0.0347  0.0341
  0.0345  0.0342  0.0324  0.0324  0.0327  0.0327
  0.0395  0.0325  0.0356  0.0346  0.0335  0.0341
  0.0493  0.0364  0.0417  0.0414  0.0369  0.0376
  0.0598  0.0431  0.0497  0.0485  0.0424  0.0427
niter,ni,del,rscale     6    3   12.0000    1.2000
parameters
   -3.2513  -12.7496    9.8233   -8.4520   -0.0540   -4.8108
eta,q 0.96724 11.42572
  0.0563  0.0491  0.0465  0.0445  0.0443  0.0423
  0.0438  0.0417  0.0392  0.0386  0.0383  0.0375
  0.0348  0.0359  0.0344  0.0348  0.0341  0.0341
  0.0327  0.0326  0.0325  0.0325  0.0328  0.0328
  0.0365  0.0342  0.0349  0.0338  0.0340  0.0341
  0.0460  0.0392  0.0403  0.0398  0.0379  0.0375
  0.0571  0.0470  0.0477  0.0476  0.0435  0.0426
niter,ni,del,rscale     5    3   12.0000    1.2000
parameters
   -3.2720  -12.6061    9.7520   -8.6217   -0.0376   -4.8280
eta,q 0.96715 11.42406
  0.0570  0.0483  0.0470  0.0449  0.0441  0.0423
  0.0444  0.0410  0.0394  0.0390  0.0381  0.0375
  0.0352  0.0355  0.0345  0.0351  0.0340  0.0342
  0.0328  0.0328  0.0327  0.0327  0.0328  0.0329
  0.0361  0.0346  0.0350  0.0335  0.0342  0.0341
  0.0454  0.0396  0.0402  0.0391  0.0382  0.0374
  0.0566  0.0474  0.0472  0.0471  0.0438  0.0425
niter,ni,del,rscale     4    3   12.0000    1.2000
parameters
   -3.2653  -12.5357    9.7166   -8.6992   -0.0416   -4.8360
eta,q 0.96710 11.42345
  0.0573  0.0479  0.0473  0.0450  0.0440  0.0423
  0.0446  0.0407  0.0395  0.0392  0.0381  0.0375
  0.0354  0.0353  0.0346  0.0352  0.0340  0.0342
  0.0329  0.0329  0.0329  0.0329  0.0329  0.0329
  0.0360  0.0349  0.0351  0.0334  0.0343  0.0341
  0.0452  0.0398  0.0402  0.0387  0.0383  0.0374
  0.0565  0.0476  0.0471  0.0468  0.0439  0.0425
niter,ni,del,rscale     3    3   12.0000    1.2000
parameters
   -3.2564  -12.5027    9.6999   -8.7360   -0.0488   -4.8384
eta,q 0.96708 11.42325
  0.0573  0.0477  0.0474  0.0451  0.0440  0.0423
  0.0447  0.0405  0.0395  0.0393  0.0381  0.0375
  0.0355  0.0352  0.0346  0.0352  0.0341  0.0342
  0.0329  0.0329  0.0329  0.0329  0.0329  0.0329
  0.0360  0.0350  0.0351  0.0334  0.0343  0.0341
  0.0452  0.0399  0.0401  0.0385  0.0383  0.0373
  0.0565  0.0477  0.0470  0.0466  0.0439  0.0425
registration optimization eta report
parameter search radius
    6.0000    6.0000    6.9000    7.9350    6.0000    6.9000
100000*second partial in parameter space
       66.       40.       30.       21.       31.       20.
  0.0573  0.0477  0.0474  0.0451  0.0440  0.0423
  0.0447  0.0405  0.0395  0.0393  0.0381  0.0375
  0.0355  0.0352  0.0346  0.0352  0.0341  0.0342
  0.0329  0.0329  0.0329  0.0329  0.0329  0.0329
  0.0360  0.0350  0.0351  0.0334  0.0343  0.0341
  0.0452  0.0399  0.0401  0.0385  0.0383  0.0373
  0.0565  0.0477  0.0470  0.0466  0.0439  0.0425
   -3.2564  -12.5027    9.6999   -8.7360   -0.0488   -4.8384
eta,q 0.96708 11.42325

---------------------------------------------------------------------
imgreg_4dfp /opt/freesurfer/average/711-2C_as_mni_average_305 /opt/freesurfer/average/711-2B_as_mni_average_305_mask talsrcimg_g11 none talsrcimg_to_711-2C_as_mni_average_305_t4 3335
---------------------------------------------------------------------

freesurfer imgreg_4dfp.c
/opt/freesurfer/average/711-2C_as_mni_average_305.4dfp.img
       256       256       256         1
  1.000000  1.000000  1.000000
orientation T byte_order littleendian
Reading image: /opt/freesurfer/average/711-2C_as_mni_average_305.4dfp.img
dimensions:      256       256       256
mmppix:       1.0000   -1.0000   -1.0000
center:     128.0000 -129.0000 -129.0000
/opt/freesurfer/average/711-2B_as_mni_average_305_mask.4dfp.img
       256       256       256         1
  1.000000  1.000000  1.000000
orientation T byte_order littleendian
Reading mask: /opt/freesurfer/average/711-2B_as_mni_average_305_mask.4dfp.img (2306576 pixels)
talsrcimg_g11.4dfp.img
       256       256       256         1
  0.898438  0.898438  0.898438
orientation T byte_order littleendian
Reading image: talsrcimg_g11.4dfp.img
dimensions:      256       256       256
mmppix:       0.8984   -0.8984   -0.8984
center:     115.0001 -115.8985 -115.8985
fimgreg.f
image alignment mode   3335 decimal      D07 hex
parameters
   -3.2564  -12.5027    9.6999   -0.3564   -1.5113   -1.1602
    8.3238    1.3649   -8.4345   15.1270   -0.0851  -15.1882
eta,q 0.96740 11.41243
niter,ni,del,rscale     5    3    5.0000    1.2000
parameter  4  0.805872 ->  0.500000 qaram    1.1500
parameter  5  0.948626 ->  0.500000 qaram    1.1500
parameter  9 -0.508352 -> -0.500000 qaram    1.1500
parameters
   -2.8764  -12.0076    9.3697   -4.4964   -5.6513   -4.1487
    8.5179    1.9714   -4.2945   12.6247   -2.3246  -17.4202
eta,q 0.97297 10.80295
  0.0381  0.0365  0.0340  0.0303  0.0278  0.0284  0.0312  0.0334  0.0311  0.0285  0.0276  0.0279
  0.0354  0.0346  0.0330  0.0303  0.0281  0.0281  0.0296  0.0309  0.0298  0.0275  0.0273  0.0273
  0.0335  0.0332  0.0324  0.0309  0.0290  0.0282  0.0285  0.0291  0.0288  0.0273  0.0272  0.0270
  0.0326  0.0325  0.0324  0.0323  0.0304  0.0283  0.0282  0.0282  0.0281  0.0277  0.0273  0.0272
  0.0326  0.0324  0.0328  0.0347  0.0325  0.0290  0.0284  0.0283  0.0277  0.0286  0.0275  0.0278
  0.0336  0.0330  0.0338  0.0378  0.0354  0.0311  0.0294  0.0296  0.0277  0.0301  0.0280  0.0286
  0.0355  0.0342  0.0351  0.0415  0.0388  0.0346  0.0309  0.0321  0.0281  0.0323  0.0286  0.0295
niter,ni,del,rscale     7    3    5.0000    1.2000
parameters
   -2.7178  -11.9064    9.4511   -7.9132   -9.6113   -5.9257
    7.5259    1.8713   -5.1694   12.5503   -1.9631  -17.6635
eta,q 0.97459 10.25448
  0.0315  0.0303  0.0290  0.0274  0.0269  0.0268  0.0279  0.0300  0.0275  0.0285  0.0264  0.0268
  0.0292  0.0286  0.0279  0.0268  0.0260  0.0259  0.0263  0.0275  0.0263  0.0268  0.0259  0.0261
  0.0277  0.0275  0.0273  0.0267  0.0259  0.0255  0.0255  0.0260  0.0256  0.0257  0.0256  0.0256
  0.0270  0.0270  0.0270  0.0270  0.0267  0.0259  0.0255  0.0254  0.0254  0.0254  0.0254  0.0254
  0.0273  0.0273  0.0272  0.0280  0.0282  0.0265  0.0262  0.0260  0.0259  0.0258  0.0255  0.0256
  0.0284  0.0282  0.0278  0.0300  0.0303  0.0271  0.0276  0.0277  0.0270  0.0270  0.0258  0.0262
  0.0305  0.0298  0.0287  0.0331  0.0331  0.0284  0.0295  0.0302  0.0286  0.0286  0.0263  0.0271
niter,ni,del,rscale     6    3    5.0000    1.2000
parameters
   -2.6852  -11.8303    9.7081   -8.9867  -10.0292   -5.6977
    7.4194    1.9058   -5.4399   12.6011   -1.8217  -17.4240
eta,q 0.97466 10.17637
  0.0294  0.0285  0.0277  0.0274  0.0284  0.0278  0.0286  0.0302  0.0278  0.0286  0.0264  0.0269
  0.0273  0.0268  0.0265  0.0260  0.0268  0.0265  0.0268  0.0277  0.0265  0.0268  0.0259  0.0262
  0.0259  0.0258  0.0258  0.0254  0.0257  0.0256  0.0256  0.0260  0.0256  0.0257  0.0255  0.0256
  0.0254  0.0254  0.0254  0.0254  0.0253  0.0253  0.0254  0.0254  0.0253  0.0254  0.0254  0.0254
  0.0258  0.0257  0.0255  0.0260  0.0258  0.0259  0.0258  0.0259  0.0257  0.0257  0.0255  0.0254
  0.0271  0.0266  0.0260  0.0270  0.0272  0.0266  0.0270  0.0276  0.0267  0.0268  0.0258  0.0260
  0.0292  0.0281  0.0269  0.0287  0.0292  0.0273  0.0287  0.0301  0.0282  0.0284  0.0263  0.0268
niter,ni,del,rscale     5    3    5.0000    1.2000
parameters
   -2.6965  -11.8404    9.8628   -9.0330  -10.1351   -5.5685
    7.4202    1.9180   -5.5132   12.5473   -1.7795  -17.2411
eta,q 0.97466 10.17229
  0.0292  0.0282  0.0275  0.0280  0.0287  0.0278  0.0287  0.0302  0.0280  0.0285  0.0263  0.0269
  0.0271  0.0266  0.0264  0.0265  0.0269  0.0264  0.0269  0.0277  0.0266  0.0268  0.0258  0.0262
  0.0258  0.0256  0.0256  0.0256  0.0258  0.0256  0.0257  0.0260  0.0257  0.0257  0.0255  0.0256
  0.0253  0.0253  0.0253  0.0253  0.0253  0.0253  0.0253  0.0254  0.0253  0.0254  0.0253  0.0254
  0.0258  0.0257  0.0255  0.0257  0.0257  0.0259  0.0258  0.0259  0.0257  0.0257  0.0255  0.0255
  0.0271  0.0267  0.0261  0.0266  0.0270  0.0266  0.0269  0.0276  0.0266  0.0269  0.0258  0.0260
  0.0293  0.0282  0.0270  0.0280  0.0289  0.0273  0.0286  0.0302  0.0281  0.0285  0.0263  0.0268
niter,ni,del,rscale     4    3    5.0000    1.2000
parameters
   -2.6982  -11.8621    9.9333   -9.0473  -10.1570   -5.5252
    7.4219    1.9232   -5.5456   12.4897   -1.7834  -17.1289
eta,q 0.97466 10.17070
  0.0293  0.0282  0.0273  0.0281  0.0288  0.0277  0.0287  0.0302  0.0280  0.0285  0.0263  0.0269
  0.0271  0.0266  0.0263  0.0265  0.0270  0.0264  0.0269  0.0277  0.0266  0.0268  0.0258  0.0261
  0.0258  0.0256  0.0256  0.0256  0.0258  0.0256  0.0257  0.0260  0.0257  0.0257  0.0255  0.0256
  0.0253  0.0253  0.0253  0.0253  0.0253  0.0253  0.0253  0.0253  0.0253  0.0253  0.0253  0.0253
  0.0258  0.0257  0.0256  0.0257  0.0257  0.0260  0.0258  0.0259  0.0257  0.0257  0.0255  0.0255
  0.0271  0.0267  0.0262  0.0266  0.0269  0.0266  0.0269  0.0277  0.0266  0.0269  0.0258  0.0260
  0.0293  0.0283  0.0271  0.0280  0.0289  0.0274  0.0286  0.0302  0.0281  0.0286  0.0264  0.0268
niter,ni,del,rscale     3    3    5.0000    1.2000
parameters
   -2.6988  -11.8773    9.9653   -9.0585  -10.1558   -5.5156
    7.4240    1.9266   -5.5543   12.4524   -1.7840  -17.0722
eta,q 0.97466 10.16958
  0.0293  0.0282  0.0273  0.0281  0.0288  0.0277  0.0287  0.0302  0.0280  0.0285  0.0263  0.0268
  0.0271  0.0266  0.0262  0.0265  0.0270  0.0264  0.0269  0.0277  0.0266  0.0268  0.0258  0.0261
  0.0258  0.0256  0.0255  0.0256  0.0258  0.0255  0.0257  0.0260  0.0257  0.0257  0.0255  0.0256
  0.0253  0.0253  0.0253  0.0253  0.0253  0.0253  0.0253  0.0253  0.0253  0.0253  0.0253  0.0253
  0.0258  0.0257  0.0256  0.0257  0.0257  0.0260  0.0258  0.0259  0.0257  0.0257  0.0255  0.0255
  0.0271  0.0267  0.0262  0.0266  0.0269  0.0266  0.0269  0.0277  0.0266  0.0269  0.0258  0.0260
  0.0293  0.0282  0.0271  0.0280  0.0288  0.0274  0.0286  0.0302  0.0281  0.0286  0.0264  0.0269
niter,ni,del,rscale     2    3    5.0000    1.2000
parameters
   -2.6984  -11.8862    9.9773   -9.0591  -10.1531   -5.5156
    7.4276    1.9256   -5.5626   12.4316   -1.7879  -17.0416
eta,q 0.97466 10.16921
  0.0293  0.0282  0.0273  0.0281  0.0288  0.0277  0.0287  0.0302  0.0280  0.0285  0.0263  0.0268
  0.0271  0.0266  0.0262  0.0265  0.0270  0.0264  0.0269  0.0277  0.0266  0.0268  0.0258  0.0261
  0.0258  0.0256  0.0255  0.0256  0.0258  0.0255  0.0257  0.0260  0.0257  0.0257  0.0255  0.0256
  0.0253  0.0253  0.0253  0.0253  0.0253  0.0253  0.0253  0.0253  0.0253  0.0253  0.0253  0.0253
  0.0258  0.0257  0.0256  0.0257  0.0257  0.0260  0.0258  0.0259  0.0257  0.0257  0.0255  0.0255
  0.0271  0.0267  0.0262  0.0266  0.0269  0.0267  0.0269  0.0277  0.0266  0.0269  0.0258  0.0260
  0.0293  0.0282  0.0272  0.0280  0.0288  0.0274  0.0286  0.0302  0.0281  0.0285  0.0264  0.0269
registration optimization eta report
parameter search radius
    2.4000    2.4000    2.4000    8.2800    8.2800    7.2000
    7.2000    7.2000    8.2800    7.2000    7.2000    7.2000
100000*second partial in parameter space
       68.       50.       32.        4.        5.        4.
        6.        9.        4.        6.        2.        3.
  0.0293  0.0282  0.0273  0.0281  0.0288  0.0277  0.0287  0.0302  0.0280  0.0285  0.0263  0.0268
  0.0271  0.0266  0.0262  0.0265  0.0270  0.0264  0.0269  0.0277  0.0266  0.0268  0.0258  0.0261
  0.0258  0.0256  0.0255  0.0256  0.0258  0.0255  0.0257  0.0260  0.0257  0.0257  0.0255  0.0256
  0.0253  0.0253  0.0253  0.0253  0.0253  0.0253  0.0253  0.0253  0.0253  0.0253  0.0253  0.0253
  0.0258  0.0257  0.0256  0.0257  0.0257  0.0260  0.0258  0.0259  0.0257  0.0257  0.0255  0.0255
  0.0271  0.0267  0.0262  0.0266  0.0269  0.0267  0.0269  0.0277  0.0266  0.0269  0.0258  0.0260
  0.0293  0.0282  0.0272  0.0280  0.0288  0.0274  0.0286  0.0302  0.0281  0.0285  0.0264  0.0269
   -2.6984  -11.8862    9.9773   -9.0591  -10.1531   -5.5156
    7.4276    1.9256   -5.5626   12.4316   -1.7879  -17.0416
eta,q 0.97466 10.16921

---------------------------------------------------------------------
imgreg_4dfp /opt/freesurfer/average/711-2C_as_mni_average_305 /opt/freesurfer/average/711-2B_as_mni_average_305_mask talsrcimg_g11 none talsrcimg_to_711-2C_as_mni_average_305_t4 2311
---------------------------------------------------------------------

freesurfer imgreg_4dfp.c
/opt/freesurfer/average/711-2C_as_mni_average_305.4dfp.img
       256       256       256         1
  1.000000  1.000000  1.000000
orientation T byte_order littleendian
Reading image: /opt/freesurfer/average/711-2C_as_mni_average_305.4dfp.img
dimensions:      256       256       256
mmppix:       1.0000   -1.0000   -1.0000
center:     128.0000 -129.0000 -129.0000
/opt/freesurfer/average/711-2B_as_mni_average_305_mask.4dfp.img
       256       256       256         1
  1.000000  1.000000  1.000000
orientation T byte_order littleendian
Reading mask: /opt/freesurfer/average/711-2B_as_mni_average_305_mask.4dfp.img (2306576 pixels)
talsrcimg_g11.4dfp.img
       256       256       256         1
  0.898438  0.898438  0.898438
orientation T byte_order littleendian
Reading image: talsrcimg_g11.4dfp.img
dimensions:      256       256       256
mmppix:       0.8984   -0.8984   -0.8984
center:     115.0001 -115.8985 -115.8985
fimgreg.f
image alignment mode   2311 decimal      907 hex
parameters
   -2.6984  -11.8862    9.9773   -9.0591  -10.1531   -5.5156
    7.4276    1.9256   -5.5626   12.4316   -1.7879  -17.0416
eta,q 0.97466 10.16920
niter,ni,del,rscale     5    3    5.0000    0.8000
parameters
   -2.6958  -11.9050    9.9469   -9.2524  -10.0227   -6.0511
    7.3295    1.9680   -5.5243   12.3434   -1.6195  -16.7163
eta,q 0.97472 10.13284
  0.0271  0.0266  0.0262  0.0262  0.0266  0.0263  0.0268  0.0277  0.0263  0.0268  0.0258  0.0261
  0.0261  0.0259  0.0257  0.0257  0.0259  0.0257  0.0259  0.0264  0.0258  0.0259  0.0255  0.0257
  0.0255  0.0255  0.0254  0.0254  0.0255  0.0254  0.0254  0.0256  0.0254  0.0255  0.0254  0.0255
  0.0253  0.0253  0.0253  0.0253  0.0253  0.0253  0.0253  0.0253  0.0253  0.0253  0.0253  0.0253
  0.0255  0.0255  0.0255  0.0255  0.0254  0.0257  0.0255  0.0255  0.0254  0.0255  0.0253  0.0253
  0.0261  0.0259  0.0258  0.0258  0.0258  0.0262  0.0261  0.0263  0.0257  0.0260  0.0255  0.0256
  0.0271  0.0267  0.0262  0.0263  0.0265  0.0267  0.0269  0.0277  0.0263  0.0269  0.0258  0.0260
niter,ni,del,rscale     4    3    5.0000    0.7000
parameters
   -2.6919  -11.9186    9.8448   -9.3312   -9.9569   -6.3605
    7.2901    1.9841   -5.5601   12.3043   -1.5691  -16.6810
eta,q 0.97473 10.11499
  0.0267  0.0263  0.0259  0.0260  0.0263  0.0262  0.0265  0.0271  0.0260  0.0264  0.0257  0.0259
  0.0259  0.0257  0.0255  0.0256  0.0257  0.0257  0.0258  0.0261  0.0256  0.0258  0.0255  0.0256
  0.0254  0.0254  0.0253  0.0253  0.0254  0.0254  0.0254  0.0255  0.0254  0.0254  0.0253  0.0254
  0.0253  0.0253  0.0253  0.0253  0.0253  0.0253  0.0253  0.0253  0.0253  0.0253  0.0253  0.0253
  0.0254  0.0254  0.0254  0.0254  0.0254  0.0255  0.0254  0.0255  0.0254  0.0254  0.0253  0.0253
  0.0259  0.0257  0.0257  0.0256  0.0257  0.0260  0.0258  0.0261  0.0256  0.0258  0.0254  0.0255
  0.0267  0.0263  0.0260  0.0260  0.0262  0.0265  0.0265  0.0271  0.0260  0.0265  0.0256  0.0259
niter,ni,del,rscale     3    3    5.0000    0.6000
parameters
   -2.6865  -11.9168    9.7665   -9.3954   -9.9102   -6.5104
    7.2579    1.9975   -5.5609   12.3220   -1.5380  -16.6741
eta,q 0.97474 10.10619
  0.0263  0.0260  0.0257  0.0258  0.0260  0.0261  0.0262  0.0267  0.0258  0.0261  0.0256  0.0257
  0.0257  0.0256  0.0254  0.0255  0.0256  0.0256  0.0256  0.0259  0.0255  0.0257  0.0254  0.0255
  0.0254  0.0254  0.0253  0.0253  0.0254  0.0254  0.0253  0.0254  0.0253  0.0254  0.0253  0.0253
  0.0253  0.0253  0.0253  0.0253  0.0253  0.0253  0.0253  0.0253  0.0253  0.0253  0.0253  0.0253
  0.0254  0.0253  0.0253  0.0253  0.0253  0.0254  0.0254  0.0254  0.0253  0.0254  0.0253  0.0253
  0.0257  0.0256  0.0255  0.0255  0.0256  0.0257  0.0257  0.0259  0.0255  0.0256  0.0254  0.0255
  0.0263  0.0260  0.0258  0.0258  0.0260  0.0262  0.0262  0.0267  0.0258  0.0261  0.0255  0.0257
niter,ni,del,rscale     2    3    5.0000    0.5000
parameters
   -2.6856  -11.9078    9.7198   -9.4184   -9.8852   -6.5711
    7.2277    2.0129   -5.5569   12.3389   -1.5051  -16.6741
eta,q 0.97474 10.10327
  0.0260  0.0258  0.0256  0.0256  0.0258  0.0259  0.0259  0.0262  0.0257  0.0259  0.0255  0.0256
  0.0256  0.0255  0.0254  0.0254  0.0255  0.0256  0.0255  0.0257  0.0254  0.0255  0.0254  0.0254
  0.0253  0.0253  0.0253  0.0253  0.0253  0.0253  0.0253  0.0254  0.0253  0.0253  0.0253  0.0253
  0.0253  0.0253  0.0253  0.0253  0.0253  0.0253  0.0253  0.0253  0.0253  0.0253  0.0253  0.0253
  0.0253  0.0253  0.0253  0.0253  0.0253  0.0253  0.0253  0.0254  0.0253  0.0253  0.0253  0.0253
  0.0256  0.0255  0.0254  0.0254  0.0255  0.0256  0.0256  0.0257  0.0254  0.0255  0.0253  0.0254
  0.0260  0.0258  0.0256  0.0256  0.0257  0.0259  0.0259  0.0262  0.0257  0.0259  0.0255  0.0256
niter,ni,del,rscale     1    3    5.0000    0.4000
parameters
   -2.6833  -11.9040    9.6979   -9.4526   -9.8623   -6.5786
    7.1955    2.0275   -5.5533   12.3577   -1.4772  -16.6565
eta,q 0.97474 10.10197
  0.0257  0.0256  0.0255  0.0255  0.0256  0.0257  0.0257  0.0259  0.0255  0.0257  0.0254  0.0255
  0.0255  0.0254  0.0254  0.0254  0.0254  0.0255  0.0254  0.0256  0.0254  0.0254  0.0253  0.0254
  0.0253  0.0253  0.0253  0.0253  0.0253  0.0253  0.0253  0.0253  0.0253  0.0253  0.0253  0.0253
  0.0253  0.0253  0.0253  0.0253  0.0253  0.0253  0.0253  0.0253  0.0253  0.0253  0.0253  0.0253
  0.0253  0.0253  0.0253  0.0253  0.0253  0.0253  0.0253  0.0253  0.0253  0.0253  0.0253  0.0253
  0.0255  0.0254  0.0254  0.0254  0.0254  0.0255  0.0255  0.0255  0.0254  0.0254  0.0253  0.0254
  0.0257  0.0256  0.0255  0.0255  0.0256  0.0257  0.0257  0.0259  0.0255  0.0256  0.0254  0.0255
registration optimization eta report
parameter search radius
    0.8000    0.8000    0.8000    2.4000    2.4000    2.4000
    2.4000    2.4000    2.4000    2.4000    2.4000    2.4000
100000*second partial in parameter space
       70.       50.       36.        4.        5.        7.
        7.       11.        4.        7.        2.        4.
  0.0257  0.0256  0.0255  0.0255  0.0256  0.0257  0.0257  0.0259  0.0255  0.0257  0.0254  0.0255
  0.0255  0.0254  0.0254  0.0254  0.0254  0.0255  0.0254  0.0256  0.0254  0.0254  0.0253  0.0254
  0.0253  0.0253  0.0253  0.0253  0.0253  0.0253  0.0253  0.0253  0.0253  0.0253  0.0253  0.0253
  0.0253  0.0253  0.0253  0.0253  0.0253  0.0253  0.0253  0.0253  0.0253  0.0253  0.0253  0.0253
  0.0253  0.0253  0.0253  0.0253  0.0253  0.0253  0.0253  0.0253  0.0253  0.0253  0.0253  0.0253
  0.0255  0.0254  0.0254  0.0254  0.0254  0.0255  0.0255  0.0255  0.0254  0.0254  0.0253  0.0254
  0.0257  0.0256  0.0255  0.0255  0.0256  0.0257  0.0257  0.0259  0.0255  0.0256  0.0254  0.0255
   -2.6833  -11.9040    9.6979   -9.4526   -9.8623   -6.5786
    7.1955    2.0275   -5.5533   12.3577   -1.4772  -16.6565
eta,q 0.97474 10.10197

---------------------------------------------------------------------
imgreg_4dfp /opt/freesurfer/average/711-2C_as_mni_average_305 /opt/freesurfer/average/711-2B_as_mni_average_305_mask talsrcimg_g11 none talsrcimg_to_711-2C_as_mni_average_305_t4 2311
---------------------------------------------------------------------

freesurfer imgreg_4dfp.c
/opt/freesurfer/average/711-2C_as_mni_average_305.4dfp.img
       256       256       256         1
  1.000000  1.000000  1.000000
orientation T byte_order littleendian
Reading image: /opt/freesurfer/average/711-2C_as_mni_average_305.4dfp.img
dimensions:      256       256       256
mmppix:       1.0000   -1.0000   -1.0000
center:     128.0000 -129.0000 -129.0000
/opt/freesurfer/average/711-2B_as_mni_average_305_mask.4dfp.img
       256       256       256         1
  1.000000  1.000000  1.000000
orientation T byte_order littleendian
Reading mask: /opt/freesurfer/average/711-2B_as_mni_average_305_mask.4dfp.img (2306576 pixels)
talsrcimg_g11.4dfp.img
       256       256       256         1
  0.898438  0.898438  0.898438
orientation T byte_order littleendian
Reading image: talsrcimg_g11.4dfp.img
dimensions:      256       256       256
mmppix:       0.8984   -0.8984   -0.8984
center:     115.0001 -115.8985 -115.8985
fimgreg.f
image alignment mode   2311 decimal      907 hex
parameters
   -2.6833  -11.9040    9.6979   -9.4526   -9.8623   -6.5786
    7.1955    2.0275   -5.5533   12.3577   -1.4772  -16.6565
eta,q 0.97474 10.10197
niter,ni,del,rscale     5    3    5.0000    0.8000
parameters
   -2.6836  -11.8967    9.7194   -9.3447   -9.9464   -6.5020
    7.3244    1.9799   -5.5984   12.3390   -1.5395  -16.8569
eta,q 0.97473 10.10987
  0.0271  0.0266  0.0262  0.0263  0.0265  0.0267  0.0269  0.0276  0.0262  0.0268  0.0257  0.0260
  0.0261  0.0258  0.0257  0.0257  0.0258  0.0260  0.0260  0.0264  0.0257  0.0259  0.0255  0.0256
  0.0255  0.0254  0.0254  0.0254  0.0254  0.0255  0.0254  0.0256  0.0254  0.0254  0.0253  0.0254
  0.0253  0.0253  0.0253  0.0253  0.0253  0.0253  0.0253  0.0253  0.0253  0.0253  0.0253  0.0253
  0.0255  0.0254  0.0254  0.0254  0.0254  0.0254  0.0254  0.0255  0.0254  0.0254  0.0253  0.0254
  0.0261  0.0258  0.0257  0.0257  0.0258  0.0260  0.0259  0.0264  0.0257  0.0259  0.0255  0.0257
  0.0271  0.0265  0.0261  0.0262  0.0266  0.0266  0.0267  0.0277  0.0263  0.0268  0.0258  0.0261
niter,ni,del,rscale     4    3    5.0000    0.7000
parameters
   -2.6875  -11.8940    9.7142   -9.3618   -9.9141   -6.5371
    7.3016    1.9801   -5.5661   12.3712   -1.5250  -16.8126
eta,q 0.97473 10.10866
  0.0266  0.0263  0.0260  0.0260  0.0262  0.0263  0.0265  0.0271  0.0260  0.0264  0.0257  0.0259
  0.0259  0.0257  0.0256  0.0256  0.0257  0.0258  0.0258  0.0261  0.0256  0.0258  0.0254  0.0256
  0.0254  0.0254  0.0253  0.0253  0.0254  0.0254  0.0254  0.0255  0.0254  0.0254  0.0253  0.0254
  0.0253  0.0253  0.0253  0.0253  0.0253  0.0253  0.0253  0.0253  0.0253  0.0253  0.0253  0.0253
  0.0254  0.0254  0.0253  0.0254  0.0254  0.0254  0.0254  0.0255  0.0253  0.0254  0.0253  0.0253
  0.0259  0.0257  0.0256  0.0256  0.0257  0.0258  0.0258  0.0261  0.0256  0.0258  0.0254  0.0255
  0.0266  0.0263  0.0259  0.0260  0.0262  0.0264  0.0265  0.0271  0.0260  0.0264  0.0257  0.0259
niter,ni,del,rscale     3    3    5.0000    0.6000
parameters
   -2.6881  -11.8934    9.7023   -9.3927   -9.8961   -6.5802
    7.2606    1.9946   -5.5507   12.3739   -1.5200  -16.7640
eta,q 0.97474 10.10509
  0.0263  0.0260  0.0258  0.0258  0.0260  0.0261  0.0262  0.0267  0.0258  0.0261  0.0255  0.0257
  0.0257  0.0256  0.0255  0.0255  0.0256  0.0257  0.0256  0.0259  0.0255  0.0257  0.0254  0.0255
  0.0254  0.0253  0.0253  0.0253  0.0253  0.0254  0.0253  0.0254  0.0253  0.0254  0.0253  0.0253
  0.0253  0.0253  0.0253  0.0253  0.0253  0.0253  0.0253  0.0253  0.0253  0.0253  0.0253  0.0253
  0.0254  0.0253  0.0253  0.0253  0.0253  0.0254  0.0254  0.0254  0.0253  0.0254  0.0253  0.0253
  0.0257  0.0256  0.0255  0.0255  0.0256  0.0257  0.0257  0.0259  0.0255  0.0256  0.0254  0.0255
  0.0263  0.0260  0.0258  0.0258  0.0260  0.0261  0.0262  0.0267  0.0258  0.0261  0.0256  0.0257
niter,ni,del,rscale     2    3    5.0000    0.5000
parameters
   -2.6857  -11.8925    9.6904   -9.4225   -9.8868   -6.5984
    7.2307    2.0139   -5.5545   12.3774   -1.4902  -16.7066
eta,q 0.97474 10.10239
  0.0260  0.0258  0.0256  0.0256  0.0258  0.0259  0.0259  0.0262  0.0257  0.0259  0.0255  0.0256
  0.0256  0.0255  0.0254  0.0254  0.0255  0.0256  0.0255  0.0257  0.0254  0.0255  0.0254  0.0254
  0.0253  0.0253  0.0253  0.0253  0.0253  0.0254  0.0253  0.0254  0.0253  0.0253  0.0253  0.0253
  0.0253  0.0253  0.0253  0.0253  0.0253  0.0253  0.0253  0.0253  0.0253  0.0253  0.0253  0.0253
  0.0253  0.0253  0.0253  0.0253  0.0253  0.0253  0.0253  0.0254  0.0253  0.0253  0.0253  0.0253
  0.0256  0.0255  0.0254  0.0254  0.0255  0.0256  0.0256  0.0257  0.0254  0.0255  0.0253  0.0254
  0.0260  0.0258  0.0256  0.0256  0.0258  0.0259  0.0259  0.0262  0.0257  0.0259  0.0255  0.0256
niter,ni,del,rscale     1    3    5.0000    0.4000
parameters
   -2.6839  -11.8962    9.6852   -9.4469   -9.8624   -6.5818
    7.1890    2.0285   -5.5560   12.3737   -1.4786  -16.6823
eta,q 0.97474 10.10260
  0.0257  0.0256  0.0255  0.0255  0.0256  0.0257  0.0257  0.0259  0.0255  0.0256  0.0254  0.0255
  0.0255  0.0254  0.0254  0.0254  0.0254  0.0255  0.0254  0.0256  0.0254  0.0254  0.0253  0.0254
  0.0253  0.0253  0.0253  0.0253  0.0253  0.0253  0.0253  0.0253  0.0253  0.0253  0.0253  0.0253
  0.0253  0.0253  0.0253  0.0253  0.0253  0.0253  0.0253  0.0253  0.0253  0.0253  0.0253  0.0253
  0.0253  0.0253  0.0253  0.0253  0.0253  0.0253  0.0253  0.0253  0.0253  0.0253  0.0253  0.0253
  0.0255  0.0254  0.0254  0.0254  0.0254  0.0254  0.0255  0.0255  0.0254  0.0254  0.0253  0.0254
  0.0257  0.0256  0.0255  0.0255  0.0256  0.0257  0.0257  0.0259  0.0255  0.0256  0.0254  0.0255
registration optimization eta report
parameter search radius
    0.8000    0.8000    0.8000    2.4000    2.4000    2.4000
    2.4000    2.4000    2.4000    2.4000    2.4000    2.4000
100000*second partial in parameter space
       71.       50.       36.        4.        5.        7.
        7.       11.        4.        7.        2.        4.
  0.0257  0.0256  0.0255  0.0255  0.0256  0.0257  0.0257  0.0259  0.0255  0.0256  0.0254  0.0255
  0.0255  0.0254  0.0254  0.0254  0.0254  0.0255  0.0254  0.0256  0.0254  0.0254  0.0253  0.0254
  0.0253  0.0253  0.0253  0.0253  0.0253  0.0253  0.0253  0.0253  0.0253  0.0253  0.0253  0.0253
  0.0253  0.0253  0.0253  0.0253  0.0253  0.0253  0.0253  0.0253  0.0253  0.0253  0.0253  0.0253
  0.0253  0.0253  0.0253  0.0253  0.0253  0.0253  0.0253  0.0253  0.0253  0.0253  0.0253  0.0253
  0.0255  0.0254  0.0254  0.0254  0.0254  0.0254  0.0255  0.0255  0.0254  0.0254  0.0253  0.0254
  0.0257  0.0256  0.0255  0.0255  0.0256  0.0257  0.0257  0.0259  0.0255  0.0256  0.0254  0.0255
   -2.6839  -11.8962    9.6852   -9.4469   -9.8624   -6.5818
    7.1890    2.0285   -5.5560   12.3737   -1.4786  -16.6823
eta,q 0.97474 10.10260

---------------------------------------------------------------------
compute_vox2vox talsrcimg talsrcimg_to_711-2C_as_mni_average_305_t4 /opt/freesurfer/average/711-2C_as_mni_average_305
---------------------------------------------------------------------

freesurfer compute_vox2vox.c
Reading: talsrcimg.4dfp.ifh
Reading: talsrcimg_to_711-2C_as_mni_average_305_t4
Reading: /opt/freesurfer/average/711-2C_as_mni_average_305.4dfp.ifh
Writing: talsrcimg_to_711-2C_as_mni_average_305_t4_vox2vox.txt

start time Wed Mar 11 04:58:09 CET 2026
end		time Wed Mar 11 04:59:35 CET 2026

mpr2mni305 success

avi2talxfm orig_nu.mgz /opt/freesurfer/average/mni305.cor.mgz talsrcimg_to_711-2C_as_mni_average_305_t4_vox2vox.txt transforms/talairach.auto.xfm
avi2talxfm done
mv -f /out/sourcedata/freesurfer/sub-v2s13x29131_ses-1/mri/talsrcimg_to_711-2C_as_mni_average_305_t4_vox2vox.txt /out/sourcedata/freesurfer/sub-v2s13x29131_ses-1/mri/transforms/talsrcimg_to_711-2C_as_mni_average_305_t4_vox2vox.txt
lta_convert --src orig_nu.mgz --trg /opt/freesurfer/average/mni305.cor.mgz --inxfm transforms/talairach.auto.xfm --outlta transforms/talairach.auto.xfm.lta --subject fsaverage
7.3.2

--src: orig_nu.mgz src image (geometry).
--trg: /opt/freesurfer/average/mni305.cor.mgz trg image (geometry).
--inmni: transforms/talairach.auto.xfm input MNI/XFM transform.
--outlta: transforms/talairach.auto.xfm.lta output LTA.
--s: fsaverage subject name
 LTA read, type : 1
 1.09861  -0.01196  -0.08983  -0.40572;
 0.02878   1.04453   0.19102  -19.38997;
 0.06377  -0.14412   1.07765  -22.13789;
 0.00000   0.00000   0.00000   1.00000;
setting subject to fsaverage
Writing  LTA to file transforms/talairach.auto.xfm.lta...
lta_convert successful.
 
 
Started at Wed Mar 11 04:58:08 CET 2026
Ended   at Wed Mar 11 04:59:35 CET 2026
talairach_avi done
