status file for recon-all
Wed Mar 11 06:56:50 CET 2026
#@# Tessellate rh Wed Mar 11 06:56:50 CET 2026
#@# Smooth1 rh Wed Mar 11 06:56:55 CET 2026
#@# Inflation1 rh Wed Mar 11 06:56:59 CET 2026
#@# QSphere rh Wed Mar 11 06:58:22 CET 2026
#@# Fix Topology rh Wed Mar 11 06:59:53 CET 2026
#@# Smooth2 rh Wed Mar 11 07:07:48 CET 2026
#@# Inflation2 rh Wed Mar 11 07:07:52 CET 2026
#@# Curv .H and .K rh Wed Mar 11 07:08:23 CET 2026
#@# Sphere rh Wed Mar 11 07:09:32 CET 2026
#@# Surf Reg rh Wed Mar 11 07:14:43 CET 2026
#@# Jacobian white rh Wed Mar 11 07:21:34 CET 2026
#@# AvgCurv rh Wed Mar 11 07:21:36 CET 2026
#@# Cortical Parc rh Wed Mar 11 07:21:37 CET 2026
#@# white curv rh Wed Mar 11 07:30:58 CET 2026
#@# white area rh Wed Mar 11 07:31:01 CET 2026
#@# pial curv rh Wed Mar 11 07:31:02 CET 2026
#@# pial area rh Wed Mar 11 07:31:05 CET 2026
#@# thickness rh Wed Mar 11 07:31:06 CET 2026
#@# area and vertex vol rh Wed Mar 11 07:31:49 CET 2026
#@# Curvature Stats rh Wed Mar 11 07:31:51 CET 2026
#@# Cortical Parc 2 rh Wed Mar 11 07:31:54 CET 2026
#@# Cortical Parc 3 rh Wed Mar 11 07:32:13 CET 2026
#@# WM/GM Contrast rh Wed Mar 11 07:32:28 CET 2026
recon-all -s sub-v2s13x29121_ses-1 finished without error at Wed Mar 11 07:32:33 CET 2026



#New# invocation of recon-all 



status file for recon-all
Wed Mar 11 07:55:41 CET 2026
#@# white curv rh Wed Mar 11 07:55:41 CET 2026
#@# white area rh Wed Mar 11 07:55:41 CET 2026
#@# pial curv rh Wed Mar 11 07:55:41 CET 2026
#@# pial area rh Wed Mar 11 07:55:41 CET 2026
#@# thickness rh Wed Mar 11 07:55:41 CET 2026
#@# area and vertex vol rh Wed Mar 11 07:55:41 CET 2026
#@# Parcellation Stats rh Wed Mar 11 07:55:41 CET 2026
#@# Parcellation Stats 2 rh Wed Mar 11 07:56:19 CET 2026
#@# Parcellation Stats 3 rh Wed Mar 11 07:56:39 CET 2026
#@# BA_exvivo Labels rh Wed Mar 11 07:56:55 CET 2026
recon-all -s sub-v2s13x29121_ses-1 finished without error at Wed Mar 11 08:00:41 CET 2026
