status file for recon-all
Wed Mar 11 04:24:25 CET 2026
#@# MotionCor Wed Mar 11 04:24:28 CET 2026
#@# Talairach Wed Mar 11 04:24:38 CET 2026
#@# Talairach Failure Detection Wed Mar 11 04:29:02 CET 2026
#@# Nu Intensity Correction Wed Mar 11 04:29:02 CET 2026
#@# Intensity Normalization Wed Mar 11 04:32:20 CET 2026
recon-all -s sub-v2s13x29121_ses-1 finished without error at Wed Mar 11 04:33:40 CET 2026



#New# invocation of recon-all 



status file for recon-all
Wed Mar 11 04:41:01 CET 2026
#@# EM Registration Wed Mar 11 04:41:01 CET 2026
recon-all -s sub-v2s13x29121_ses-1 finished without error at Wed Mar 11 04:43:30 CET 2026



#New# invocation of recon-all 



status file for recon-all
Wed Mar 11 04:43:33 CET 2026
#@# CA Normalize Wed Mar 11 04:43:33 CET 2026
#@# CA Reg Wed Mar 11 04:44:52 CET 2026
#@# SubCort Seg Wed Mar 11 05:30:18 CET 2026
#@# CC Seg Wed Mar 11 06:08:48 CET 2026
#@# Merge ASeg Wed Mar 11 06:09:20 CET 2026
#@# Intensity Normalization2 Wed Mar 11 06:09:20 CET 2026
#@# Mask BFS Wed Mar 11 06:11:31 CET 2026
#@# WM Segmentation Wed Mar 11 06:11:32 CET 2026
#@# Fill Wed Mar 11 06:13:52 CET 2026
recon-all -s sub-v2s13x29121_ses-1 finished without error at Wed Mar 11 06:14:54 CET 2026



#New# invocation of recon-all 



status file for recon-all
Wed Mar 11 07:32:38 CET 2026
#@# white curv lh Wed Mar 11 07:32:38 CET 2026
#@# white area lh Wed Mar 11 07:32:38 CET 2026
#@# pial curv lh Wed Mar 11 07:32:38 CET 2026
#@# pial area lh Wed Mar 11 07:32:38 CET 2026
#@# thickness lh Wed Mar 11 07:32:38 CET 2026
#@# area and vertex vol lh Wed Mar 11 07:32:38 CET 2026
#@# white curv rh Wed Mar 11 07:32:38 CET 2026
#@# white area rh Wed Mar 11 07:32:38 CET 2026
#@# pial curv rh Wed Mar 11 07:32:38 CET 2026
#@# pial area rh Wed Mar 11 07:32:38 CET 2026
#@# thickness rh Wed Mar 11 07:32:38 CET 2026
#@# area and vertex vol rh Wed Mar 11 07:32:38 CET 2026
#@# Cortical ribbon mask Wed Mar 11 07:32:38 CET 2026
recon-all -s sub-v2s13x29121_ses-1 finished without error at Wed Mar 11 07:50:44 CET 2026



#New# invocation of recon-all 



status file for recon-all
Wed Mar 11 08:00:45 CET 2026
#@# white curv lh Wed Mar 11 08:00:45 CET 2026
#@# white area lh Wed Mar 11 08:00:45 CET 2026
#@# pial curv lh Wed Mar 11 08:00:45 CET 2026
#@# pial area lh Wed Mar 11 08:00:45 CET 2026
#@# thickness lh Wed Mar 11 08:00:45 CET 2026
#@# area and vertex vol lh Wed Mar 11 08:00:45 CET 2026
#@# white curv rh Wed Mar 11 08:00:45 CET 2026
#@# white area rh Wed Mar 11 08:00:45 CET 2026
#@# pial curv rh Wed Mar 11 08:00:45 CET 2026
#@# pial area rh Wed Mar 11 08:00:45 CET 2026
#@# thickness rh Wed Mar 11 08:00:45 CET 2026
#@# area and vertex vol rh Wed Mar 11 08:00:45 CET 2026
#@# Curvature Stats lh Wed Mar 11 08:00:45 CET 2026
#@# Curvature Stats rh Wed Mar 11 08:00:49 CET 2026
#@# Relabel Hypointensities Wed Mar 11 08:00:53 CET 2026
#@# APas-to-ASeg Wed Mar 11 08:01:17 CET 2026
#@# AParc-to-ASeg aparc Wed Mar 11 08:01:31 CET 2026
#@# AParc-to-ASeg aparc.a2009s Wed Mar 11 08:02:40 CET 2026
#@# AParc-to-ASeg aparc.DKTatlas Wed Mar 11 08:03:51 CET 2026
#@# WMParc Wed Mar 11 08:05:06 CET 2026
#@# ASeg Stats Wed Mar 11 08:08:55 CET 2026
recon-all -s sub-v2s13x29121_ses-1 finished without error at Wed Mar 11 08:09:39 CET 2026
