status file for recon-all
Wed Mar 11 06:14:58 CET 2026
#@# Tessellate lh Wed Mar 11 06:14:58 CET 2026
#@# Smooth1 lh Wed Mar 11 06:15:03 CET 2026
#@# Inflation1 lh Wed Mar 11 06:15:07 CET 2026
#@# QSphere lh Wed Mar 11 06:16:34 CET 2026
#@# Fix Topology lh Wed Mar 11 06:18:19 CET 2026
#@# Smooth2 lh Wed Mar 11 06:26:24 CET 2026
#@# Inflation2 lh Wed Mar 11 06:26:28 CET 2026
#@# Curv .H and .K lh Wed Mar 11 06:27:02 CET 2026
#@# Sphere lh Wed Mar 11 06:28:10 CET 2026
#@# Surf Reg lh Wed Mar 11 06:35:17 CET 2026
#@# Jacobian white lh Wed Mar 11 06:45:12 CET 2026
#@# AvgCurv lh Wed Mar 11 06:45:13 CET 2026
#@# Cortical Parc lh Wed Mar 11 06:45:15 CET 2026
#@# white curv lh Wed Mar 11 06:55:12 CET 2026
#@# white area lh Wed Mar 11 06:55:15 CET 2026
#@# pial curv lh Wed Mar 11 06:55:16 CET 2026
#@# pial area lh Wed Mar 11 06:55:19 CET 2026
#@# thickness lh Wed Mar 11 06:55:20 CET 2026
#@# area and vertex vol lh Wed Mar 11 06:56:04 CET 2026
#@# Curvature Stats lh Wed Mar 11 06:56:06 CET 2026
#@# Cortical Parc 2 lh Wed Mar 11 06:56:09 CET 2026
#@# Cortical Parc 3 lh Wed Mar 11 06:56:28 CET 2026
#@# WM/GM Contrast lh Wed Mar 11 06:56:43 CET 2026
recon-all -s sub-v2s13x29121_ses-1 finished without error at Wed Mar 11 06:56:49 CET 2026



#New# invocation of recon-all 



status file for recon-all
Wed Mar 11 07:50:49 CET 2026
#@# white curv lh Wed Mar 11 07:50:49 CET 2026
#@# white area lh Wed Mar 11 07:50:49 CET 2026
#@# pial curv lh Wed Mar 11 07:50:49 CET 2026
#@# pial area lh Wed Mar 11 07:50:49 CET 2026
#@# thickness lh Wed Mar 11 07:50:49 CET 2026
#@# area and vertex vol lh Wed Mar 11 07:50:49 CET 2026
#@# Parcellation Stats lh Wed Mar 11 07:50:49 CET 2026
#@# Parcellation Stats 2 lh Wed Mar 11 07:51:22 CET 2026
#@# Parcellation Stats 3 lh Wed Mar 11 07:51:39 CET 2026
#@# BA_exvivo Labels lh Wed Mar 11 07:51:55 CET 2026
recon-all -s sub-v2s13x29121_ses-1 finished without error at Wed Mar 11 07:55:38 CET 2026
