/out/sourcedata/freesurfer/sub-v2s13x29105_ses-1/mri
/opt/freesurfer/bin/talairach_avi
--i orig_nu.mgz --xfm transforms/talairach.auto.xfm
talairach_avi 7.3.2
Linux dna060 5.14.0-427.37.1.el9_4.x86_64 #1 SMP PREEMPT_DYNAMIC Fri Sep 13 12:41:50 EDT 2024 x86_64 x86_64 x86_64 GNU/Linux
Wed Mar 11 03:30:08 CET 2026
mri_convert orig_nu.mgz talsrcimg.img 
reading from orig_nu.mgz...
TR=0.00, TE=0.00, TI=0.00, flip angle=0.00
i_ras = (-1, 0, 0)
j_ras = (0, 0, -1)
k_ras = (1.0366e-09, 1, -1.65856e-08)
writing to talsrcimg.img...
Analyze Output Matrix
-0.89844   0.00000   0.00000   116.80220;
 0.00000   0.00000   0.89844  -115.31349;
 0.00000  -0.89844  -0.00000   147.23183;
 0.00000   0.00000   0.00000   1.00000;
--------------------
INFO: set hdr.hist.orient to -1
mpr2mni305 talsrcimg
Wed Mar 11 03:30:08 CET 2026
/opt/freesurfer/bin/mpr2mni305 talsrcimg
mpr2mni305 7.3.2
target=711-2C_as_mni_average_305

---------------------------------------------------------------------
analyzeto4dfp talsrcimg -O0 -y
---------------------------------------------------------------------

freesurfer ifh2hdr.c
Wed Mar 11 03:30:08 2026
Writing: talsrcimg.4dfp.hdr
freesurfer analyzeto4dfp.c
Reading: talsrcimg.hdr
header size 348 bytes
hdr.dime.datatype	offset=70	value=2
hdr.dime.bitpix		offset=72	value=8
hdr.hist.orient		offset=252	value=-1
dimensionality     4
dimensions       256       256       256         1
Reading: talsrcimg.img
Writing: talsrcimg.4dfp.img
Writing: talsrcimg.4dfp.ifh
ifh2hdr talsrcimg -r0to248
ori=2

---------------------------------------------------------------------
gauss_4dfp talsrcimg 1.1
---------------------------------------------------------------------

freesurfer gauss_4dfp.c
Reading: talsrcimg.4dfp.img
Writing: talsrcimg_g11.4dfp.img
image dimensions 256 256 256 padded to 288 288 288
processing volume 1freesurfer ifh2hdr.c
Wed Mar 11 03:30:10 2026
Writing: talsrcimg_g11.4dfp.hdr

Writing: talsrcimg_g11.4dfp.ifh
including: talsrcimg.4dfp.img.rec in talsrcimg_g11.4dfp.img.rec

---------------------------------------------------------------------
imgreg_4dfp /opt/freesurfer/average/711-2C_as_mni_average_305 none talsrcimg_g11 none talsrcimg_to_711-2C_as_mni_average_305_t4 4355
---------------------------------------------------------------------

freesurfer imgreg_4dfp.c
/opt/freesurfer/average/711-2C_as_mni_average_305.4dfp.img
       256       256       256         1
  1.000000  1.000000  1.000000
orientation T byte_order littleendian
Reading image: /opt/freesurfer/average/711-2C_as_mni_average_305.4dfp.img
dimensions:      256       256       256
mmppix:       1.0000   -1.0000   -1.0000
center:     128.0000 -129.0000 -129.0000
talsrcimg_g11.4dfp.img
       256       256       256         1
  0.898438  0.898438  0.898438
orientation T byte_order littleendian
Reading image: talsrcimg_g11.4dfp.img
dimensions:      256       256       256
mmppix:       0.8984   -0.8984   -0.8984
center:     115.0001 -115.8985 -115.8985
t4_read: open error in t4_sub.f l:  41 t4_file(1:l)talsrcimg_to_711-2C_as_mni_average_305_t4 
t4_read: transform initialized to I4
rotation matrix determinant  1.000000
image alignment mode   4355 decimal     1103 hex
   -7.5000  -45.0000  -45.0000 6323.7520   15.3402
    0.0000  -45.0000  -45.0000 6383.3618   15.3379
    7.5000  -45.0000  -45.0000 6052.2646   15.3378
   -7.5000  -37.5000  -45.0000 6684.5962   16.2980
    0.0000  -37.5000  -45.0000 6750.6821   16.2989
    7.5000  -37.5000  -45.0000 6367.8296   16.2976
   -7.5000  -30.0000  -45.0000 7073.4282   16.7912
    0.0000  -30.0000  -45.0000 7144.7861   16.7935
    7.5000  -30.0000  -45.0000 6754.0981   16.7956
   -7.5000  -22.5000  -45.0000 7582.0962   16.7700
    0.0000  -22.5000  -45.0000 7662.2935   16.7694
    7.5000  -22.5000  -45.0000 7250.2593   16.7760
   -7.5000  -15.0000  -45.0000 8056.0444   16.7730
    0.0000  -15.0000  -45.0000 8124.0190   16.7674
    7.5000  -15.0000  -45.0000 7681.9028   16.7749
   -7.5000   -7.5000  -45.0000 8099.4072   16.7946
    0.0000   -7.5000  -45.0000 8170.5308   16.7886
    7.5000   -7.5000  -45.0000 7721.3325   16.7930
   -7.5000    0.0000  -45.0000 8093.6294   16.8143
    0.0000    0.0000  -45.0000 8150.7358   16.8117
    7.5000    0.0000  -45.0000 7700.7456   16.8117
   -7.5000    7.5000  -45.0000 7633.9438   16.8118
    0.0000    7.5000  -45.0000 7693.4517   16.8127
    7.5000    7.5000  -45.0000 7258.2808   16.8114
   -7.5000   15.0000  -45.0000 7372.3701   16.7912
    0.0000   15.0000  -45.0000 7426.3672   16.7935
    7.5000   15.0000  -45.0000 6993.5034   16.7956
   -7.5000   22.5000  -45.0000 6787.3877   16.5774
    0.0000   22.5000  -45.0000 6863.7134   16.5766
    7.5000   22.5000  -45.0000 6434.3560   16.5829
   -7.5000   30.0000  -45.0000 6287.2690   16.3195
    0.0000   30.0000  -45.0000 6366.0527   16.3157
    7.5000   30.0000  -45.0000 5950.0591   16.3225
   -7.5000   37.5000  -45.0000 5783.8750   16.1875
    0.0000   37.5000  -45.0000 5848.0488   16.1836
    7.5000   37.5000  -45.0000 5481.6211   16.1885
   -7.5000   45.0000  -45.0000 5222.9517   16.1883
    0.0000   45.0000  -45.0000 5273.0430   16.1869
    7.5000   45.0000  -45.0000 4945.1230   16.1886
   -7.5000  -45.0000  -37.5000 6906.0103   16.0428
    0.0000  -45.0000  -37.5000 6984.0464   16.0341
    7.5000  -45.0000  -37.5000 6606.6162   16.0306
   -7.5000  -37.5000  -37.5000 7280.6309   17.0491
    0.0000  -37.5000  -37.5000 7370.3398   17.0436
    7.5000  -37.5000  -37.5000 6957.2075   17.0425
   -7.5000  -30.0000  -37.5000 7694.7407   17.5376
    0.0000  -30.0000  -37.5000 7784.6641   17.5345
    7.5000  -30.0000  -37.5000 7354.2002   17.5392
   -7.5000  -22.5000  -37.5000 8250.0049   17.5214
    0.0000  -22.5000  -37.5000 8338.2461   17.5164
    7.5000  -22.5000  -37.5000 7875.6382   17.5245
   -7.5000  -15.0000  -37.5000 8765.7266   17.5266
    0.0000  -15.0000  -37.5000 8834.3711   17.5170
    7.5000  -15.0000  -37.5000 8343.7510   17.5223
   -7.5000   -7.5000  -37.5000 8785.7842   17.5466
    0.0000   -7.5000  -37.5000 8846.9121   17.5351
    7.5000   -7.5000  -37.5000 8367.8350   17.5348
   -7.5000    0.0000  -37.5000 8777.2139   17.5619
    0.0000    0.0000  -37.5000 8839.5195   17.5523
    7.5000    0.0000  -37.5000 8344.2637   17.5486
   -7.5000    7.5000  -37.5000 8285.3867   17.5557
    0.0000    7.5000  -37.5000 8357.0664   17.5499
    7.5000    7.5000  -37.5000 7877.0854   17.5488
   -7.5000   15.0000  -37.5000 7960.9595   17.5368
    0.0000   15.0000  -37.5000 8022.5811   17.5337
    7.5000   15.0000  -37.5000 7567.5337   17.5384
   -7.5000   22.5000  -37.5000 7312.6470   17.3202
    0.0000   22.5000  -37.5000 7382.5015   17.3151
    7.5000   22.5000  -37.5000 6948.8062   17.3228
   -7.5000   30.0000  -37.5000 6754.8848   17.0629
    0.0000   30.0000  -37.5000 6811.7300   17.0539
    7.5000   30.0000  -37.5000 6399.6245   17.0578
   -7.5000   37.5000  -37.5000 6197.0732   16.9205
    0.0000   37.5000  -37.5000 6246.8071   16.9108
    7.5000   37.5000  -37.5000 5872.4907   16.9110
   -7.5000   45.0000  -37.5000 5597.4272   16.8953
    0.0000   45.0000  -37.5000 5636.8657   16.8858
    7.5000   45.0000  -37.5000 5290.1890   16.8861
   -7.5000  -45.0000  -30.0000 7522.0884   16.7051
    0.0000  -45.0000  -30.0000 7602.6172   16.6883
    7.5000  -45.0000  -30.0000 7195.8784   16.6846
   -7.5000  -37.5000  -30.0000 7909.8633   17.7636
    0.0000  -37.5000  -30.0000 8007.2725   17.7490
    7.5000  -37.5000  -30.0000 7573.4937   17.7504
   -7.5000  -30.0000  -30.0000 8365.6592   18.2545
    0.0000  -30.0000  -30.0000 8464.1572   18.2413
    7.5000  -30.0000  -30.0000 7996.1304   18.2475
   -7.5000  -22.5000  -30.0000 8955.8652   18.2432
    0.0000  -22.5000  -30.0000 9028.8193   18.2278
    7.5000  -22.5000  -30.0000 8538.3887   18.2332
   -7.5000  -15.0000  -30.0000 9482.3154   18.2438
    0.0000  -15.0000  -30.0000 9540.4463   18.2246
    7.5000  -15.0000  -30.0000 9033.0869   18.2244
   -7.5000   -7.5000  -30.0000 9479.6387   18.2563
    0.0000   -7.5000  -30.0000 9535.7695   18.2357
    7.5000   -7.5000  -30.0000 9041.4189   18.2312
   -7.5000    0.0000  -30.0000 9478.1396   18.2680
    0.0000    0.0000  -30.0000 9527.3135   18.2495
    7.5000    0.0000  -30.0000 9019.8291   18.2455
   -7.5000    7.5000  -30.0000 8940.9980   18.2638
    0.0000    7.5000  -30.0000 8998.1396   18.2487
    7.5000    7.5000  -30.0000 8498.1543   18.2501
   -7.5000   15.0000  -30.0000 8574.0166   18.2521
    0.0000   15.0000  -30.0000 8628.9980   18.2388
    7.5000   15.0000  -30.0000 8165.3765   18.2450
   -7.5000   22.5000  -30.0000 7838.8618   18.0325
    0.0000   22.5000  -30.0000 7897.0386   18.0172
    7.5000   22.5000  -30.0000 7468.3037   18.0224
   -7.5000   30.0000  -30.0000 7221.8862   17.7694
    0.0000   30.0000  -30.0000 7269.7949   17.7502
    7.5000   30.0000  -30.0000 6863.5605   17.7495
   -7.5000   37.5000  -30.0000 6613.0576   17.6272
    0.0000   37.5000  -30.0000 6660.7217   17.6085
    7.5000   37.5000  -30.0000 6274.6748   17.6041
   -7.5000   45.0000  -30.0000 5974.3242   17.5999
    0.0000   45.0000  -30.0000 6012.2949   17.5800
    7.5000   45.0000  -30.0000 5643.6660   17.5805
   -7.5000  -45.0000  -22.5000 8114.1836   17.2683
    0.0000  -45.0000  -22.5000 8201.9053   17.2471
    7.5000  -45.0000  -22.5000 7766.4854   17.2432
   -7.5000  -37.5000  -22.5000 8524.3975   18.3784
    0.0000  -37.5000  -22.5000 8611.7295   18.3580
    7.5000  -37.5000  -22.5000 8174.8062   18.3572
   -7.5000  -30.0000  -22.5000 9034.5645   18.8770
    0.0000  -30.0000  -22.5000 9118.9238   18.8563
    7.5000  -30.0000  -22.5000 8631.1836   18.8568
   -7.5000  -22.5000  -22.5000 9655.6680   18.8732
    0.0000  -22.5000  -22.5000 9711.2490   18.8501
    7.5000  -22.5000  -22.5000 9197.0420   18.8480
   -7.5000  -15.0000  -22.500010185.1064   18.8679
    0.0000  -15.0000  -22.500010230.5410   18.8420
    7.5000  -15.0000  -22.5000 9706.6514   18.8362
   -7.5000   -7.5000  -22.500010165.5986   18.8680
    0.0000   -7.5000  -22.500010218.9717   18.8424
    7.5000   -7.5000  -22.5000 9702.3730   18.8358
   -7.5000    0.0000  -22.500010156.8320   18.8731
    0.0000    0.0000  -22.500010183.8789   18.8499
    7.5000    0.0000  -22.5000 9659.7021   18.8457
   -7.5000    7.5000  -22.5000 9597.1465   18.8723
    0.0000    7.5000  -22.5000 9618.7012   18.8513
    7.5000    7.5000  -22.5000 9102.9854   18.8505
   -7.5000   15.0000  -22.5000 9183.5039   18.8724
    0.0000   15.0000  -22.5000 9227.1797   18.8517
    7.5000   15.0000  -22.5000 8738.5420   18.8523
   -7.5000   22.5000  -22.5000 8382.4297   18.6561
    0.0000   22.5000  -22.5000 8423.7041   18.6333
    7.5000   22.5000  -22.5000 7969.0610   18.6312
   -7.5000   30.0000  -22.5000 7684.6504   18.3853
    0.0000   30.0000  -22.5000 7728.2383   18.3602
    7.5000   30.0000  -22.5000 7307.3052   18.3554
   -7.5000   37.5000  -22.5000 7021.6934   18.2397
    0.0000   37.5000  -22.5000 7072.4053   18.2163
    7.5000   37.5000  -22.5000 6664.9336   18.2096
   -7.5000   45.0000  -22.5000 6326.6353   18.2225
    0.0000   45.0000  -22.5000 6356.7144   18.1971
    7.5000   45.0000  -22.5000 5987.1655   18.1957
   -7.5000  -45.0000  -15.0000 8686.7344   17.8672
    0.0000  -45.0000  -15.0000 8781.2803   17.8502
    7.5000  -45.0000  -15.0000 8298.3047   17.8494
   -7.5000  -37.5000  -15.0000 9167.2344   19.0155
    0.0000  -37.5000  -15.0000 9234.2666   18.9982
    7.5000  -37.5000  -15.0000 8762.0234   18.9958
   -7.5000  -30.0000  -15.0000 9690.7471   19.5135
    0.0000  -30.0000  -15.0000 9783.1445   19.4947
    7.5000  -30.0000  -15.0000 9239.5352   19.4914
   -7.5000  -22.5000  -15.000010333.1514   19.5078
    0.0000  -22.5000  -15.000010419.4648   19.4866
    7.5000  -22.5000  -15.0000 9849.7021   19.4831
   -7.5000  -15.0000  -15.000010888.0781   19.5020
    0.0000  -15.0000  -15.000010981.7197   19.4788
    7.5000  -15.0000  -15.000010383.2568   19.4763
   -7.5000   -7.5000  -15.000010877.8730   19.5023
    0.0000   -7.5000  -15.000010963.3086   19.4808
    7.5000   -7.5000  -15.000010377.9893   19.4799
   -7.5000    0.0000  -15.000010821.0742   19.5087
    0.0000    0.0000  -15.000010862.4756   19.4902
    7.5000    0.0000  -15.000010277.4854   19.4893
   -7.5000    7.5000  -15.000010217.2617   19.5076
    0.0000    7.5000  -15.000010244.5635   19.4898
    7.5000    7.5000  -15.0000 9684.2979   19.4874
   -7.5000   15.0000  -15.0000 9765.1494   19.5075
    0.0000   15.0000  -15.0000 9790.3770   19.4887
    7.5000   15.0000  -15.0000 9276.1934   19.4854
   -7.5000   22.5000  -15.0000 8897.6533   19.2878
    0.0000   22.5000  -15.0000 8909.0078   19.2669
    7.5000   22.5000  -15.0000 8450.4756   19.2633
   -7.5000   30.0000  -15.0000 8156.9053   19.0168
    0.0000   30.0000  -15.0000 8174.4570   18.9958
    7.5000   30.0000  -15.0000 7749.2617   18.9948
   -7.5000   37.5000  -15.0000 7443.8228   18.8784
    0.0000   37.5000  -15.0000 7467.9434   18.8597
    7.5000   37.5000  -15.0000 7047.0747   18.8591
   -7.5000   45.0000  -15.0000 6693.9443   18.8773
    0.0000   45.0000  -15.0000 6707.8604   18.8576
    7.5000   45.0000  -15.0000 6331.4551   18.8574
   -7.5000  -45.0000   -7.5000 9004.6143   17.9072
    0.0000  -45.0000   -7.5000 9099.3301   17.8975
    7.5000  -45.0000   -7.5000 8597.3975   17.8991
   -7.5000  -37.5000   -7.5000 9497.6152   19.0523
    0.0000  -37.5000   -7.5000 9590.7588   19.0432
    7.5000  -37.5000   -7.5000 9073.1699   19.0409
   -7.5000  -30.0000   -7.500010022.8945   19.5403
    0.0000  -30.0000   -7.500010141.1621   19.5305
    7.5000  -30.0000   -7.5000 9568.8633   19.5285
   -7.5000  -22.5000   -7.500010667.4678   19.5283
    0.0000  -22.5000   -7.500010795.2305   19.5157
    7.5000  -22.5000   -7.500010178.0781   19.5178
   -7.5000  -15.0000   -7.500011268.8955   19.5293
    0.0000  -15.0000   -7.500011391.2842   19.5140
    7.5000  -15.0000   -7.500010749.8730   19.5197
   -7.5000   -7.5000   -7.500011270.5010   19.5409
    0.0000   -7.5000   -7.500011376.5908   19.5270
    7.5000   -7.5000   -7.500010751.3428   19.5329
   -7.5000    0.0000   -7.500011150.5166   19.5525
    0.0000    0.0000   -7.500011232.2266   19.5419
    7.5000    0.0000   -7.500010601.6416   19.5437
   -7.5000    7.5000   -7.500010499.2910   19.5453
    0.0000    7.5000   -7.500010566.6182   19.5359
    7.5000    7.5000   -7.5000 9973.4414   19.5336
   -7.5000   15.0000   -7.500010059.7461   19.5343
    0.0000   15.0000   -7.500010094.7080   19.5244
    7.5000   15.0000   -7.5000 9568.1689   19.5225
   -7.5000   22.5000   -7.5000 9150.3887   19.3097
    0.0000   22.5000   -7.5000 9166.7861   19.2972
    7.5000   22.5000   -7.5000 8698.4004   19.2990
   -7.5000   30.0000   -7.5000 8397.5176   19.0467
    0.0000   30.0000   -7.5000 8403.0947   19.0341
    7.5000   30.0000   -7.5000 7959.2222   19.0406
   -7.5000   37.5000   -7.5000 7666.9790   18.9156
    0.0000   37.5000   -7.5000 7660.9185   18.9048
    7.5000   37.5000   -7.5000 7235.1885   18.9110
   -7.5000   45.0000   -7.5000 6875.1538   18.9127
    0.0000   45.0000   -7.5000 6873.8716   18.9028
    7.5000   45.0000   -7.5000 6495.4204   18.9045
   -7.5000  -45.0000    0.0000 9149.0371   18.4141
    0.0000  -45.0000    0.0000 9240.1201   18.4082
    7.5000  -45.0000    0.0000 8749.2354   18.4086
   -7.5000  -37.5000    0.0000 9659.9727   19.5775
    0.0000  -37.5000    0.0000 9761.3564   19.5743
    7.5000  -37.5000    0.0000 9230.7344   19.5729
   -7.5000  -30.0000    0.000010210.7061   20.0545
    0.0000  -30.0000    0.000010328.3779   20.0528
    7.5000  -30.0000    0.0000 9764.6182   20.0558
   -7.5000  -22.5000    0.000010880.3447   20.0353
    0.0000  -22.5000    0.000010997.0615   20.0311
    7.5000  -22.5000    0.000010377.8887   20.0403
   -7.5000  -15.0000    0.000011472.1855   20.0438
    0.0000  -15.0000    0.000011603.7930   20.0348
    7.5000  -15.0000    0.000010938.2832   20.0454
   -7.5000   -7.5000    0.000011456.3926   20.0685
    0.0000   -7.5000    0.000011581.9209   20.0589
    7.5000   -7.5000    0.000010900.5908   20.0655
   -7.5000    0.0000    0.000011269.9150   20.0860
    0.0000    0.0000    0.000011386.7070   20.0795
    7.5000    0.0000    0.000010723.4346   20.0800
   -7.5000    7.5000    0.000010595.0342   20.0709
    0.0000    7.5000    0.000010693.2334   20.0675
    7.5000    7.5000    0.000010079.2695   20.0662
   -7.5000   15.0000    0.000010166.5762   20.0475
    0.0000   15.0000    0.000010233.6367   20.0457
    7.5000   15.0000    0.0000 9680.8447   20.0488
   -7.5000   22.5000    0.0000 9264.8115   19.8145
    0.0000   22.5000    0.0000 9308.2227   19.8101
    7.5000   22.5000    0.0000 8803.1182   19.8188
   -7.5000   30.0000    0.0000 8494.2061   19.5643
    0.0000   30.0000    0.0000 8525.9092   19.5573
    7.5000   30.0000    0.0000 8055.8804   19.5672
   -7.5000   37.5000    0.0000 7716.5845   19.4520
    0.0000   37.5000    0.0000 7732.8325   19.4450
    7.5000   37.5000    0.0000 7307.4741   19.4522
   -7.5000   45.0000    0.0000 6908.4810   19.4627
    0.0000   45.0000    0.0000 6940.1348   19.4574
    7.5000   45.0000    0.0000 6552.7510   19.4599
   -7.5000  -45.0000    7.5000 8914.2051   18.4251
    0.0000  -45.0000    7.5000 8988.7979   18.4149
    7.5000  -45.0000    7.5000 8536.3291   18.4124
   -7.5000  -37.5000    7.5000 9409.4814   19.5883
    0.0000  -37.5000    7.5000 9496.6465   19.5817
    7.5000  -37.5000    7.5000 8999.7275   19.5822
   -7.5000  -30.0000    7.5000 9992.1328   20.0665
    0.0000  -30.0000    7.500010090.9121   20.0625
    7.5000  -30.0000    7.5000 9536.7188   20.0697
   -7.5000  -22.5000    7.500010742.7773   20.0497
    0.0000  -22.5000    7.500010897.0107   20.0435
    7.5000  -22.5000    7.500010235.9961   20.0543
   -7.5000  -15.0000    7.500011344.7598   20.0584
    0.0000  -15.0000    7.500011537.3945   20.0470
    7.5000  -15.0000    7.500010774.7422   20.0542
   -7.5000   -7.5000    7.500011249.7568   20.0821
    0.0000   -7.5000    7.500011400.7227   20.0686
    7.5000   -7.5000    7.500010657.1094   20.0696
   -7.5000    0.0000    7.500010969.2764   20.0979
    0.0000    0.0000    7.500011109.8496   20.0868
    7.5000    0.0000    7.500010414.0732   20.0841
   -7.5000    7.5000    7.500010275.9043   20.0819
    0.0000    7.5000    7.500010398.8174   20.0751
    7.5000    7.5000    7.5000 9754.0322   20.0756
   -7.5000   15.0000    7.5000 9875.4512   20.0594
    0.0000   15.0000    7.5000 9977.8711   20.0554
    7.5000   15.0000    7.5000 9376.7549   20.0626
   -7.5000   22.5000    7.5000 9010.4453   19.8277
    0.0000   22.5000    7.5000 9087.4150   19.8213
    7.5000   22.5000    7.5000 8551.6738   19.8316
   -7.5000   30.0000    7.5000 8253.4619   19.5795
    0.0000   30.0000    7.5000 8319.1113   19.5687
    7.5000   30.0000    7.5000 7823.9902   19.5745
   -7.5000   37.5000    7.5000 7480.9502   19.4681
    0.0000   37.5000    7.5000 7536.7407   19.4566
    7.5000   37.5000    7.5000 7088.5405   19.4582
   -7.5000   45.0000    7.5000 6701.4019   19.4786
    0.0000   45.0000    7.5000 6749.7734   19.4674
    7.5000   45.0000    7.5000 6356.9424   19.4693
   -7.5000  -45.0000   15.0000 9008.0352   18.3865
    0.0000  -45.0000   15.0000 9067.7178   18.3680
    7.5000  -45.0000   15.0000 8621.6221   18.3637
   -7.5000  -37.5000   15.0000 9486.8018   19.5526
    0.0000  -37.5000   15.0000 9553.9492   19.5366
    7.5000  -37.5000   15.0000 9069.8789   19.5377
   -7.5000  -30.0000   15.000010083.1611   20.0414
    0.0000  -30.0000   15.000010217.0986   20.0268
    7.5000  -30.0000   15.0000 9630.0098   20.0333
   -7.5000  -22.5000   15.000010919.6855   20.0322
    0.0000  -22.5000   15.000011255.3301   20.0153
    7.5000  -22.5000   15.000010366.6182   20.0208
   -7.5000  -15.0000   15.000011615.9023   20.0344
    0.0000  -15.0000   15.000011992.5801   20.0131
    7.5000  -15.0000   15.000010954.9434   20.0126
   -7.5000   -7.5000   15.000011463.8711   20.0462
    0.0000   -7.5000   15.000011708.5742   20.0237
    7.5000   -7.5000   15.000010796.0264   20.0184
   -7.5000    0.0000   15.000011089.7510   20.0557
    0.0000    0.0000   15.000011250.1748   20.0356
    7.5000    0.0000   15.000010482.2754   20.0309
   -7.5000    7.5000   15.000010311.8086   20.0453
    0.0000    7.5000   15.000010437.8652   20.0289
    7.5000    7.5000   15.0000 9780.4814   20.0301
   -7.5000   15.0000   15.0000 9919.6689   20.0343
    0.0000   15.0000   15.000010020.1699   20.0198
    7.5000   15.0000   15.0000 9398.2373   20.0262
   -7.5000   22.5000   15.0000 9074.4023   19.8084
    0.0000   22.5000   15.0000 9147.8164   19.7915
    7.5000   22.5000   15.0000 8607.3906   19.7969
   -7.5000   30.0000   15.0000 8281.6035   19.5529
    0.0000   30.0000   15.0000 8348.3057   19.5317
    7.5000   30.0000   15.0000 7861.4463   19.5306
   -7.5000   37.5000   15.0000 7510.8477   19.4340
    0.0000   37.5000   15.0000 7561.5947   19.4134
    7.5000   37.5000   15.0000 7102.6094   19.4083
   -7.5000   45.0000   15.0000 6710.1982   19.4456
    0.0000   45.0000   15.0000 6758.2925   19.4237
    7.5000   45.0000   15.0000 6358.8008   19.4240
   -7.5000  -45.0000   22.5000 8595.4551   18.4540
    0.0000  -45.0000   22.5000 8684.5840   18.4313
    7.5000  -45.0000   22.5000 8214.7861   18.4276
   -7.5000  -37.5000   22.5000 9059.5586   19.6314
    0.0000  -37.5000   22.5000 9151.2461   19.6093
    7.5000  -37.5000   22.5000 8646.7178   19.6090
   -7.5000  -30.0000   22.5000 9638.1670   20.1331
    0.0000  -30.0000   22.5000 9767.5479   20.1107
    7.5000  -30.0000   22.5000 9195.3564   20.1119
   -7.5000  -22.5000   22.500010364.2207   20.1291
    0.0000  -22.5000   22.500010634.4678   20.1041
    7.5000  -22.5000   22.5000 9860.0879   20.1023
   -7.5000  -15.0000   22.500010978.9141   20.1236
    0.0000  -15.0000   22.500011258.6816   20.0958
    7.5000  -15.0000   22.500010391.1357   20.0900
   -7.5000   -7.5000   22.500010885.6758   20.1240
    0.0000   -7.5000   22.500011074.7070   20.0965
    7.5000   -7.5000   22.500010278.6309   20.0899
   -7.5000    0.0000   22.500010600.7363   20.1294
    0.0000    0.0000   22.500010721.6768   20.1046
    7.5000    0.0000   22.500010026.3330   20.1006
   -7.5000    7.5000   22.5000 9843.2119   20.1261
    0.0000    7.5000   22.5000 9945.9424   20.1035
    7.5000    7.5000   22.5000 9335.9238   20.1032
   -7.5000   15.0000   22.5000 9434.8887   20.1260
    0.0000   15.0000   22.5000 9517.5625   20.1036
    7.5000   15.0000   22.5000 8955.9658   20.1048
   -7.5000   22.5000   22.5000 8612.6895   19.9036
    0.0000   22.5000   22.5000 8688.2588   19.8789
    7.5000   22.5000   22.5000 8187.1567   19.8772
   -7.5000   30.0000   22.5000 7857.7017   19.6372
    0.0000   30.0000   22.5000 7933.2402   19.6102
    7.5000   30.0000   22.5000 7471.1558   19.6054
   -7.5000   37.5000   22.5000 7100.7188   19.5118
    0.0000   37.5000   22.5000 7156.6973   19.4866
    7.5000   37.5000   22.5000 6740.6021   19.4798
   -7.5000   45.0000   22.5000 6349.0801   19.5303
    0.0000   45.0000   22.5000 6376.4634   19.5029
    7.5000   45.0000   22.5000 6017.9482   19.5019
   -7.5000  -45.0000   30.0000 8118.8901   18.5543
    0.0000  -45.0000   30.0000 8173.1812   18.5367
    7.5000  -45.0000   30.0000 7744.0000   18.5352
   -7.5000  -37.5000   30.0000 8572.3545   19.7480
    0.0000  -37.5000   30.0000 8624.4580   19.7296
    7.5000  -37.5000   30.0000 8163.0518   19.7263
   -7.5000  -30.0000   30.0000 9089.1543   20.2565
    0.0000  -30.0000   30.0000 9168.6182   20.2365
    7.5000  -30.0000   30.0000 8651.6895   20.2322
   -7.5000  -22.5000   30.0000 9736.0840   20.2510
    0.0000  -22.5000   30.0000 9862.1992   20.2287
    7.5000  -22.5000   30.0000 9256.6201   20.2242
   -7.5000  -15.0000   30.000010272.5977   20.2449
    0.0000  -15.0000   30.000010385.7334   20.2210
    7.5000  -15.0000   30.0000 9756.5986   20.2177
   -7.5000   -7.5000   30.000010215.2012   20.2449
    0.0000   -7.5000   30.000010306.6016   20.2229
    7.5000   -7.5000   30.0000 9699.0391   20.2214
   -7.5000    0.0000   30.000010000.0703   20.2513
    0.0000    0.0000   30.000010075.7236   20.2321
    7.5000    0.0000   30.0000 9493.3037   20.2305
   -7.5000    7.5000   30.0000 9315.1133   20.2491
    0.0000    7.5000   30.0000 9376.6924   20.2302
    7.5000    7.5000   30.0000 8840.7510   20.2269
   -7.5000   15.0000   30.0000 8932.5889   20.2493
    0.0000   15.0000   30.0000 8988.5479   20.2293
    7.5000   15.0000   30.0000 8479.0498   20.2250
   -7.5000   22.5000   30.0000 8135.8916   20.0240
    0.0000   22.5000   30.0000 8197.7559   20.0019
    7.5000   22.5000   30.0000 7727.8726   19.9973
   -7.5000   30.0000   30.0000 7419.5537   19.7649
    0.0000   30.0000   30.0000 7476.1597   19.7432
    7.5000   30.0000   30.0000 7041.3359   19.7416
   -7.5000   37.5000   30.0000 6679.6660   19.6456
    0.0000   37.5000   30.0000 6727.4092   19.6266
    7.5000   37.5000   30.0000 6336.3750   19.6253
   -7.5000   45.0000   30.0000 5944.8657   19.6713
    0.0000   45.0000   30.0000 5976.2793   19.6508
    7.5000   45.0000   30.0000 5635.8721   19.6499
   -7.5000  -45.0000   37.5000 7614.0532   18.6325
    0.0000  -45.0000   37.5000 7669.4976   18.6169
    7.5000  -45.0000   37.5000 7258.0088   18.6151
   -7.5000  -37.5000   37.5000 8038.8809   19.8294
    0.0000  -37.5000   37.5000 8086.5205   19.8137
    7.5000  -37.5000   37.5000 7645.1816   19.8073
   -7.5000  -30.0000   37.5000 8510.1250   20.3147
    0.0000  -30.0000   37.5000 8569.5488   20.2980
    7.5000  -30.0000   37.5000 8106.4341   20.2917
   -7.5000  -22.5000   37.5000 9092.7725   20.3007
    0.0000  -22.5000   37.5000 9160.0244   20.2819
    7.5000  -22.5000   37.5000 8644.0635   20.2797
   -7.5000  -15.0000   37.5000 9600.2568   20.3016
    0.0000  -15.0000   37.5000 9651.7578   20.2806
    7.5000  -15.0000   37.5000 9123.6357   20.2824
   -7.5000   -7.5000   37.5000 9589.9424   20.3150
    0.0000   -7.5000   37.5000 9641.4443   20.2954
    7.5000   -7.5000   37.5000 9105.6729   20.2976
   -7.5000    0.0000   37.5000 9426.3975   20.3288
    0.0000    0.0000   37.5000 9449.3848   20.3119
    7.5000    0.0000   37.5000 8937.9678   20.3099
   -7.5000    7.5000   37.5000 8769.6055   20.3201
    0.0000    7.5000   37.5000 8795.7334   20.3039
    7.5000    7.5000   37.5000 8318.8564   20.2974
   -7.5000   15.0000   37.5000 8420.5732   20.3073
    0.0000   15.0000   37.5000 8454.7188   20.2907
    7.5000   15.0000   37.5000 7988.8662   20.2843
   -7.5000   22.5000   37.5000 7663.6025   20.0602
    0.0000   22.5000   37.5000 7698.9458   20.0416
    7.5000   22.5000   37.5000 7254.3711   20.0390
   -7.5000   30.0000   37.5000 6968.1641   19.8039
    0.0000   30.0000   37.5000 7000.5405   19.7858
    7.5000   30.0000   37.5000 6594.5425   19.7883
   -7.5000   37.5000   37.5000 6249.1196   19.6890
    0.0000   37.5000   37.5000 6281.5137   19.6724
    7.5000   37.5000   37.5000 5934.6650   19.6749
   -7.5000   45.0000   37.5000 5543.6895   19.7058
    0.0000   45.0000   37.5000 5564.1997   19.6888
    7.5000   45.0000   37.5000 5265.2666   19.6863
   -7.5000  -45.0000   45.0000 7091.2773   18.7971
    0.0000  -45.0000   45.0000 7151.2969   18.7846
    7.5000  -45.0000   45.0000 6755.2568   18.7778
   -7.5000  -37.5000   45.0000 7490.6450   20.0012
    0.0000  -37.5000   45.0000 7548.1235   19.9908
    7.5000  -37.5000   45.0000 7127.1738   19.9827
   -7.5000  -30.0000   45.0000 7942.8457   20.4605
    0.0000  -30.0000   45.0000 7998.5044   20.4519
    7.5000  -30.0000   45.0000 7553.2217   20.4484
   -7.5000  -22.5000   45.0000 8453.6621   20.4396
    0.0000  -22.5000   45.0000 8499.7939   20.4291
    7.5000  -22.5000   45.0000 8051.6055   20.4313
   -7.5000  -15.0000   45.0000 8915.4873   20.4460
    0.0000  -15.0000   45.0000 8944.4551   20.4310
    7.5000  -15.0000   45.0000 8495.9561   20.4338
   -7.5000   -7.5000   45.0000 8928.2324   20.4708
    0.0000   -7.5000   45.0000 8953.5479   20.4549
    7.5000   -7.5000   45.0000 8492.4463   20.4533
   -7.5000    0.0000   45.0000 8792.2158   20.4906
    0.0000    0.0000   45.0000 8810.5020   20.4771
    7.5000    0.0000   45.0000 8360.1074   20.4696
   -7.5000    7.5000   45.0000 8180.2383   20.4763
    0.0000    7.5000   45.0000 8190.6016   20.4657
    7.5000    7.5000   45.0000 7769.3296   20.4574
   -7.5000   15.0000   45.0000 7870.9297   20.4528
    0.0000   15.0000   45.0000 7889.1099   20.4443
    7.5000   15.0000   45.0000 7466.0063   20.4407
   -7.5000   22.5000   45.0000 7159.5068   20.1842
    0.0000   22.5000   45.0000 7183.4976   20.1738
    7.5000   22.5000   45.0000 6787.2241   20.1757
   -7.5000   30.0000   45.0000 6492.3828   19.9175
    0.0000   30.0000   45.0000 6519.8052   19.9046
    7.5000   30.0000   45.0000 6153.9380   19.9069
   -7.5000   37.5000   45.0000 5789.6978   19.7901
    0.0000   37.5000   45.0000 5813.7808   19.7765
    7.5000   37.5000   45.0000 5504.4941   19.7754
   -7.5000   45.0000   45.0000 5143.0293   19.7880
    0.0000   45.0000   45.0000 5163.8179   19.7745
    7.5000   45.0000   45.0000 4891.0835   19.7695

---------------------------------------------------------------------
imgreg_4dfp /opt/freesurfer/average/711-2C_as_mni_average_305 /opt/freesurfer/average/711-2B_as_mni_average_305_mask talsrcimg_g11 none talsrcimg_to_711-2C_as_mni_average_305_t4 4355
---------------------------------------------------------------------

freesurfer imgreg_4dfp.c
/opt/freesurfer/average/711-2C_as_mni_average_305.4dfp.img
       256       256       256         1
  1.000000  1.000000  1.000000
orientation T byte_order littleendian
Reading image: /opt/freesurfer/average/711-2C_as_mni_average_305.4dfp.img
dimensions:      256       256       256
mmppix:       1.0000   -1.0000   -1.0000
center:     128.0000 -129.0000 -129.0000
/opt/freesurfer/average/711-2B_as_mni_average_305_mask.4dfp.img
       256       256       256         1
  1.000000  1.000000  1.000000
orientation T byte_order littleendian
Reading mask: /opt/freesurfer/average/711-2B_as_mni_average_305_mask.4dfp.img (2306576 pixels)
talsrcimg_g11.4dfp.img
       256       256       256         1
  0.898438  0.898438  0.898438
orientation T byte_order littleendian
Reading image: talsrcimg_g11.4dfp.img
dimensions:      256       256       256
mmppix:       0.8984   -0.8984   -0.8984
center:     115.0001 -115.8985 -115.8985
rotation matrix determinant  1.000000
image alignment mode   4355 decimal     1103 hex
   -7.5000  -60.0000  -30.0000 2149.6338   19.5986
    0.0000  -60.0000  -30.0000 2157.4570   19.6745
    7.5000  -60.0000  -30.0000 2144.1665   19.8621
   -7.5000  -52.5000  -30.0000 2248.5273   18.0540
    0.0000  -52.5000  -30.0000 2256.2214   18.0505
    7.5000  -52.5000  -30.0000 2239.9729   18.2245
   -7.5000  -45.0000  -30.0000 2328.9011   17.0670
    0.0000  -45.0000  -30.0000 2341.3967   17.0608
    7.5000  -45.0000  -30.0000 2328.7422   17.2276
   -7.5000  -37.5000  -30.0000 2372.2212   16.2407
    0.0000  -37.5000  -30.0000 2392.5486   16.1895
    7.5000  -37.5000  -30.0000 2369.8779   16.3684
   -7.5000  -30.0000  -30.0000 2393.8171   15.6867
    0.0000  -30.0000  -30.0000 2415.1497   15.6156
    7.5000  -30.0000  -30.0000 2388.9077   15.8314
   -7.5000  -22.5000  -30.0000 2400.6060   15.4665
    0.0000  -22.5000  -30.0000 2417.4023   15.3734
    7.5000  -22.5000  -30.0000 2395.9214   15.5657
   -7.5000  -15.0000  -30.0000 2407.7188   15.4991
    0.0000  -15.0000  -30.0000 2417.0642   15.3575
    7.5000  -15.0000  -30.0000 2395.2502   15.5750
   -7.5000   -7.5000  -30.0000 2384.9590   15.8758
    0.0000   -7.5000  -30.0000 2399.3118   15.7246
    7.5000   -7.5000  -30.0000 2373.6252   15.9348
   -7.5000    0.0000  -30.0000 2348.8945   16.4863
    0.0000    0.0000  -30.0000 2364.7161   16.3704
    7.5000    0.0000  -30.0000 2340.7358   16.5938
   -7.5000    7.5000  -30.0000 2291.3601   17.3820
    0.0000    7.5000  -30.0000 2307.2258   17.2803
    7.5000    7.5000  -30.0000 2279.2278   17.5145
   -7.5000   15.0000  -30.0000 2211.9082   18.5967
    0.0000   15.0000  -30.0000 2227.9287   18.4571
    7.5000   15.0000  -30.0000 2203.2188   18.7391
   -7.5000   22.5000  -30.0000 2115.6587   20.2197
    0.0000   22.5000  -30.0000 2128.1724   20.0491
    7.5000   22.5000  -30.0000 2103.7654   20.2844
   -7.5000   30.0000  -30.0000 2008.0099   22.4276
    0.0000   30.0000  -30.0000 2013.8153   22.2675
    7.5000   30.0000  -30.0000 1988.2434   22.5123
   -7.5000  -60.0000  -22.5000 2265.9587   18.9907
    0.0000  -60.0000  -22.5000 2282.1567   19.0189
    7.5000  -60.0000  -22.5000 2256.6436   19.1894
   -7.5000  -52.5000  -22.5000 2367.5884   17.3734
    0.0000  -52.5000  -22.5000 2383.9001   17.3394
    7.5000  -52.5000  -22.5000 2360.0554   17.5659
   -7.5000  -45.0000  -22.5000 2459.6816   16.3509
    0.0000  -45.0000  -22.5000 2473.1726   16.3192
    7.5000  -45.0000  -22.5000 2458.2151   16.5112
   -7.5000  -37.5000  -22.5000 2507.6599   15.5311
    0.0000  -37.5000  -22.5000 2524.0547   15.4687
    7.5000  -37.5000  -22.5000 2504.7373   15.6531
   -7.5000  -30.0000  -22.5000 2545.3933   14.9731
    0.0000  -30.0000  -22.5000 2563.5444   14.8640
    7.5000  -30.0000  -22.5000 2536.9534   15.0880
   -7.5000  -22.5000  -22.5000 2558.5510   14.7521
    0.0000  -22.5000  -22.5000 2572.6660   14.6271
    7.5000  -22.5000  -22.5000 2547.7654   14.8495
   -7.5000  -15.0000  -22.5000 2561.8611   14.7697
    0.0000  -15.0000  -22.5000 2572.2083   14.6210
    7.5000  -15.0000  -22.5000 2546.0073   14.8564
   -7.5000   -7.5000  -22.5000 2539.3948   15.1254
    0.0000   -7.5000  -22.5000 2555.9563   14.9685
    7.5000   -7.5000  -22.5000 2526.4519   15.1828
   -7.5000    0.0000  -22.5000 2505.9458   15.7076
    0.0000    0.0000  -22.5000 2518.6594   15.5714
    7.5000    0.0000  -22.5000 2489.7881   15.8157
   -7.5000    7.5000  -22.5000 2446.0688   16.6010
    0.0000    7.5000  -22.5000 2457.6921   16.4252
    7.5000    7.5000  -22.5000 2429.1787   16.6965
   -7.5000   15.0000  -22.5000 2351.3235   17.7544
    0.0000   15.0000  -22.5000 2369.5027   17.5619
    7.5000   15.0000  -22.5000 2342.2468   17.8162
   -7.5000   22.5000  -22.5000 2242.5647   19.2617
    0.0000   22.5000  -22.5000 2258.3643   19.0835
    7.5000   22.5000  -22.5000 2231.7397   19.3277
   -7.5000   30.0000  -22.5000 2126.3706   21.3553
    0.0000   30.0000  -22.5000 2134.8428   21.1569
    7.5000   30.0000  -22.5000 2108.7146   21.3778
   -7.5000  -60.0000  -15.0000 2342.3726   18.2447
    0.0000  -60.0000  -15.0000 2359.5908   18.2610
    7.5000  -60.0000  -15.0000 2334.4053   18.4635
   -7.5000  -52.5000  -15.0000 2448.6387   16.6466
    0.0000  -52.5000  -15.0000 2468.9231   16.5783
    7.5000  -52.5000  -15.0000 2440.5793   16.8197
   -7.5000  -45.0000  -15.0000 2551.0779   15.6058
    0.0000  -45.0000  -15.0000 2571.1643   15.5100
    7.5000  -45.0000  -15.0000 2544.8110   15.7304
   -7.5000  -37.5000  -15.0000 2614.4712   14.7664
    0.0000  -37.5000  -15.0000 2626.7449   14.6737
    7.5000  -37.5000  -15.0000 2607.2744   14.8966
   -7.5000  -30.0000  -15.0000 2664.5903   14.1794
    0.0000  -30.0000  -15.0000 2678.7559   14.0707
    7.5000  -30.0000  -15.0000 2646.7378   14.2872
   -7.5000  -22.5000  -15.0000 2684.8792   13.9158
    0.0000  -22.5000  -15.0000 2702.3899   13.8053
    7.5000  -22.5000  -15.0000 2668.3674   14.0329
   -7.5000  -15.0000  -15.0000 2689.6228   13.9366
    0.0000  -15.0000  -15.0000 2707.6350   13.8283
    7.5000  -15.0000  -15.0000 2673.5154   14.0608
   -7.5000   -7.5000  -15.0000 2672.7939   14.2786
    0.0000   -7.5000  -15.0000 2692.9592   14.1376
    7.5000   -7.5000  -15.0000 2657.1472   14.3791
   -7.5000    0.0000  -15.0000 2635.7825   14.8916
    0.0000    0.0000  -15.0000 2649.6326   14.7373
    7.5000    0.0000  -15.0000 2616.9241   14.9608
   -7.5000    7.5000  -15.0000 2571.6042   15.7416
    0.0000    7.5000  -15.0000 2583.6641   15.5808
    7.5000    7.5000  -15.0000 2547.1475   15.8198
   -7.5000   15.0000  -15.0000 2465.6741   16.8669
    0.0000   15.0000  -15.0000 2479.5479   16.6790
    7.5000   15.0000  -15.0000 2452.6160   16.9122
   -7.5000   22.5000  -15.0000 2347.5957   18.3218
    0.0000   22.5000  -15.0000 2358.5916   18.1367
    7.5000   22.5000  -15.0000 2332.7856   18.3495
   -7.5000   30.0000  -15.0000 2218.9270   20.2814
    0.0000   30.0000  -15.0000 2232.6392   20.0724
    7.5000   30.0000  -15.0000 2206.9255   20.2630
   -7.5000  -60.0000   -7.5000 2376.6467   17.4935
    0.0000  -60.0000   -7.5000 2397.2466   17.4685
    7.5000  -60.0000   -7.5000 2371.7698   17.7352
   -7.5000  -52.5000   -7.5000 2485.7788   15.8682
    0.0000  -52.5000   -7.5000 2505.3499   15.8128
    7.5000  -52.5000   -7.5000 2484.0901   16.0706
   -7.5000  -45.0000   -7.5000 2605.2251   14.8282
    0.0000  -45.0000   -7.5000 2622.9136   14.7647
    7.5000  -45.0000   -7.5000 2598.0391   14.9791
   -7.5000  -37.5000   -7.5000 2681.4951   13.9681
    0.0000  -37.5000   -7.5000 2695.2219   13.9006
    7.5000  -37.5000   -7.5000 2672.0918   14.1000
   -7.5000  -30.0000   -7.5000 2735.6934   13.3658
    0.0000  -30.0000   -7.5000 2754.0032   13.2830
    7.5000  -30.0000   -7.5000 2718.1382   13.4834
   -7.5000  -22.5000   -7.5000 2773.9749   13.0657
    0.0000  -22.5000   -7.5000 2794.2539   12.9439
    7.5000  -22.5000   -7.5000 2753.4780   13.1818
   -7.5000  -15.0000   -7.5000 2790.7717   13.0897
    0.0000  -15.0000   -7.5000 2808.1858   12.9591
    7.5000  -15.0000   -7.5000 2764.0967   13.1996
   -7.5000   -7.5000   -7.5000 2773.6345   13.4340
    0.0000   -7.5000   -7.5000 2790.1289   13.2951
    7.5000   -7.5000   -7.5000 2752.1804   13.5243
   -7.5000    0.0000   -7.5000 2729.9604   14.0276
    0.0000    0.0000   -7.5000 2742.9963   13.8974
    7.5000    0.0000   -7.5000 2704.7693   14.1344
   -7.5000    7.5000   -7.5000 2653.0984   14.8324
    0.0000    7.5000   -7.5000 2666.7754   14.7083
    7.5000    7.5000   -7.5000 2629.3267   14.9337
   -7.5000   15.0000   -7.5000 2545.8376   15.9397
    0.0000   15.0000   -7.5000 2557.9045   15.8012
    7.5000   15.0000   -7.5000 2528.3408   16.0279
   -7.5000   22.5000   -7.5000 2419.5640   17.3956
    0.0000   22.5000   -7.5000 2430.2419   17.2080
    7.5000   22.5000   -7.5000 2401.0637   17.4023
   -7.5000   30.0000   -7.5000 2280.9868   19.2888
    0.0000   30.0000   -7.5000 2291.4587   19.0609
    7.5000   30.0000   -7.5000 2263.6379   19.2802
   -7.5000  -60.0000    0.0000 2406.7053   17.1142
    0.0000  -60.0000    0.0000 2425.8447   17.0453
    7.5000  -60.0000    0.0000 2404.8223   17.3644
   -7.5000  -52.5000    0.0000 2518.3484   15.4641
    0.0000  -52.5000    0.0000 2535.3191   15.3962
    7.5000  -52.5000    0.0000 2516.5229   15.6890
   -7.5000  -45.0000    0.0000 2648.7295   14.3875
    0.0000  -45.0000    0.0000 2663.2393   14.3068
    7.5000  -45.0000    0.0000 2638.5276   14.5371
   -7.5000  -37.5000    0.0000 2745.7798   13.4686
    0.0000  -37.5000    0.0000 2757.0742   13.4066
    7.5000  -37.5000    0.0000 2730.3684   13.5933
   -7.5000  -30.0000    0.0000 2809.9402   12.8544
    0.0000  -30.0000    0.0000 2824.4302   12.7630
    7.5000  -30.0000    0.0000 2793.7947   12.9668
   -7.5000  -22.5000    0.0000 2865.8359   12.5538
    0.0000  -22.5000    0.0000 2886.5771   12.4383
    7.5000  -22.5000    0.0000 2835.7368   12.6801
   -7.5000  -15.0000    0.0000 2885.6055   12.5698
    0.0000  -15.0000    0.0000 2905.9519   12.4170
    7.5000  -15.0000    0.0000 2848.2891   12.6893
   -7.5000   -7.5000    0.0000 2867.6375   12.8567
    0.0000   -7.5000    0.0000 2877.7549   12.7182
    7.5000   -7.5000    0.0000 2831.3533   12.9713
   -7.5000    0.0000    0.0000 2810.1260   13.4313
    0.0000    0.0000    0.0000 2823.9998   13.3135
    7.5000    0.0000    0.0000 2784.3428   13.5449
   -7.5000    7.5000    0.0000 2724.1431   14.2282
    0.0000    7.5000    0.0000 2740.9824   14.1195
    7.5000    7.5000    0.0000 2699.6631   14.3654
   -7.5000   15.0000    0.0000 2610.1543   15.3430
    0.0000   15.0000    0.0000 2625.2471   15.2177
    7.5000   15.0000    0.0000 2594.0220   15.4535
   -7.5000   22.5000    0.0000 2477.7368   16.8205
    0.0000   22.5000    0.0000 2491.9570   16.6473
    7.5000   22.5000    0.0000 2460.3232   16.9011
   -7.5000   30.0000    0.0000 2331.6108   18.7163
    0.0000   30.0000    0.0000 2348.9258   18.4807
    7.5000   30.0000    0.0000 2316.6924   18.7622
   -7.5000  -60.0000    7.5000 2412.4497   16.8183
    0.0000  -60.0000    7.5000 2427.5977   16.7146
    7.5000  -60.0000    7.5000 2408.4314   17.0221
   -7.5000  -52.5000    7.5000 2529.1287   15.1277
    0.0000  -52.5000    7.5000 2536.9824   15.0151
    7.5000  -52.5000    7.5000 2516.2253   15.2928
   -7.5000  -45.0000    7.5000 2664.1516   13.9807
    0.0000  -45.0000    7.5000 2673.7358   13.8901
    7.5000  -45.0000    7.5000 2651.2788   14.1475
   -7.5000  -37.5000    7.5000 2774.2581   13.0679
    0.0000  -37.5000    7.5000 2787.1702   12.9668
    7.5000  -37.5000    7.5000 2759.9939   13.1941
   -7.5000  -30.0000    7.5000 2858.4360   12.4683
    0.0000  -30.0000    7.5000 2876.9382   12.3511
    7.5000  -30.0000    7.5000 2839.8167   12.5594
   -7.5000  -22.5000    7.5000 2927.3955   12.2099
    0.0000  -22.5000    7.5000 2960.4468   12.1033
    7.5000  -22.5000    7.5000 2901.4519   12.3016
   -7.5000  -15.0000    7.5000 2953.3899   12.2434
    0.0000  -15.0000    7.5000 2987.8455   12.1232
    7.5000  -15.0000    7.5000 2914.9226   12.3363
   -7.5000   -7.5000    7.5000 2932.8840   12.4289
    0.0000   -7.5000    7.5000 2949.3718   12.3143
    7.5000   -7.5000    7.5000 2882.3376   12.5461
   -7.5000    0.0000    7.5000 2859.4250   12.8990
    0.0000    0.0000    7.5000 2876.4197   12.8181
    7.5000    0.0000    7.5000 2827.9656   13.0119
   -7.5000    7.5000    7.5000 2764.9119   13.7139
    0.0000    7.5000    7.5000 2786.8279   13.5919
    7.5000    7.5000    7.5000 2744.8989   13.8060
   -7.5000   15.0000    7.5000 2648.3745   14.8903
    0.0000   15.0000    7.5000 2667.3027   14.7572
    7.5000   15.0000    7.5000 2631.3152   14.9582
   -7.5000   22.5000    7.5000 2511.8286   16.3678
    0.0000   22.5000    7.5000 2526.9009   16.2347
    7.5000   22.5000    7.5000 2490.8716   16.4430
   -7.5000   30.0000    7.5000 2363.7358   18.1944
    0.0000   30.0000    7.5000 2379.1709   18.0334
    7.5000   30.0000    7.5000 2344.9351   18.2784
   -7.5000  -60.0000   15.0000 2407.5520   16.7251
    0.0000  -60.0000   15.0000 2417.9216   16.5710
    7.5000  -60.0000   15.0000 2393.2959   16.9106
   -7.5000  -52.5000   15.0000 2524.5286   15.0175
    0.0000  -52.5000   15.0000 2530.9792   14.8263
    7.5000  -52.5000   15.0000 2508.7678   15.1805
   -7.5000  -45.0000   15.0000 2665.1926   13.8422
    0.0000  -45.0000   15.0000 2670.5403   13.6786
    7.5000  -45.0000   15.0000 2648.4414   13.9953
   -7.5000  -37.5000   15.0000 2781.4731   12.8998
    0.0000  -37.5000   15.0000 2792.7930   12.7820
    7.5000  -37.5000   15.0000 2763.5798   13.0123
   -7.5000  -30.0000   15.0000 2880.1394   12.2751
    0.0000  -30.0000   15.0000 2905.5891   12.1774
    7.5000  -30.0000   15.0000 2861.9854   12.3832
   -7.5000  -22.5000   15.0000 2967.3091   12.0204
    0.0000  -22.5000   15.0000 3007.7808   11.9702
    7.5000  -22.5000   15.0000 2940.8342   12.1139
   -7.5000  -15.0000   15.0000 2995.8296   12.0880
    0.0000  -15.0000   15.0000 3037.3738   12.1212
    7.5000  -15.0000   15.0000 2955.6084   12.1338
   -7.5000   -7.5000   15.0000 2964.4961   12.2300
    0.0000   -7.5000   15.0000 2989.6958   12.2002
    7.5000   -7.5000   15.0000 2914.7004   12.3013
   -7.5000    0.0000   15.0000 2881.9177   12.6561
    0.0000    0.0000   15.0000 2902.9595   12.5603
    7.5000    0.0000   15.0000 2847.7612   12.7401
   -7.5000    7.5000   15.0000 2782.9490   13.4685
    0.0000    7.5000   15.0000 2803.8123   13.3368
    7.5000    7.5000   15.0000 2765.2810   13.5357
   -7.5000   15.0000   15.0000 2667.3950   14.6608
    0.0000   15.0000   15.0000 2685.2012   14.5076
    7.5000   15.0000   15.0000 2643.0256   14.7094
   -7.5000   22.5000   15.0000 2525.7783   16.1535
    0.0000   22.5000   15.0000 2539.4558   15.9806
    7.5000   22.5000   15.0000 2504.7175   16.1956
   -7.5000   30.0000   15.0000 2367.4104   17.9892
    0.0000   30.0000   15.0000 2383.3569   17.7867
    7.5000   30.0000   15.0000 2348.7393   18.0079
   -7.5000  -60.0000   22.5000 2389.4570   16.8960
    0.0000  -60.0000   22.5000 2403.3438   16.6978
    7.5000  -60.0000   22.5000 2373.9758   17.0626
   -7.5000  -52.5000   22.5000 2506.1411   15.1522
    0.0000  -52.5000   22.5000 2514.4639   14.9825
    7.5000  -52.5000   22.5000 2488.5588   15.3165
   -7.5000  -45.0000   22.5000 2642.4644   13.9478
    0.0000  -45.0000   22.5000 2649.6296   13.8302
    7.5000  -45.0000   22.5000 2621.7351   14.1006
   -7.5000  -37.5000   22.5000 2761.3088   12.9773
    0.0000  -37.5000   22.5000 2775.7317   12.8879
    7.5000  -37.5000   22.5000 2742.0994   13.1115
   -7.5000  -30.0000   22.5000 2873.1672   12.3490
    0.0000  -30.0000   22.5000 2896.1270   12.2352
    7.5000  -30.0000   22.5000 2850.0864   12.4401
   -7.5000  -22.5000   22.5000 2960.1897   12.0621
    0.0000  -22.5000   22.5000 2996.3662   11.9831
    7.5000  -22.5000   22.5000 2930.5024   12.1329
   -7.5000  -15.0000   22.5000 2989.6538   12.0344
    0.0000  -15.0000   22.5000 3028.4995   12.0338
    7.5000  -15.0000   22.5000 2947.9424   12.1009
   -7.5000   -7.5000   22.5000 2948.5813   12.2601
    0.0000   -7.5000   22.5000 2979.3962   12.1568
    7.5000   -7.5000   22.5000 2906.3398   12.3148
   -7.5000    0.0000   22.5000 2867.8804   12.7708
    0.0000    0.0000   22.5000 2889.2842   12.6312
    7.5000    0.0000   22.5000 2838.6909   12.8093
   -7.5000    7.5000   22.5000 2772.0168   13.5797
    0.0000    7.5000   22.5000 2791.2849   13.4334
    7.5000    7.5000   22.5000 2753.5081   13.6211
   -7.5000   15.0000   22.5000 2649.6150   14.7286
    0.0000   15.0000   22.5000 2665.3452   14.5455
    7.5000   15.0000   22.5000 2634.2644   14.7272
   -7.5000   22.5000   22.5000 2511.2251   16.1516
    0.0000   22.5000   22.5000 2523.7327   15.9519
    7.5000   22.5000   22.5000 2497.1377   16.1568
   -7.5000   30.0000   22.5000 2355.4292   17.9321
    0.0000   30.0000   22.5000 2369.2415   17.6948
    7.5000   30.0000   22.5000 2340.6694   17.9186
   -7.5000  -60.0000   30.0000 2362.8582   17.3265
    0.0000  -60.0000   30.0000 2377.6858   17.1600
    7.5000  -60.0000   30.0000 2347.0938   17.4998
   -7.5000  -52.5000   30.0000 2477.8826   15.5661
    0.0000  -52.5000   30.0000 2488.5059   15.3939
    7.5000  -52.5000   30.0000 2457.7402   15.7355
   -7.5000  -45.0000   30.0000 2615.4949   14.3559
    0.0000  -45.0000   30.0000 2619.7446   14.2078
    7.5000  -45.0000   30.0000 2594.4434   14.5249
   -7.5000  -37.5000   30.0000 2734.0134   13.3759
    0.0000  -37.5000   30.0000 2744.5054   13.2377
    7.5000  -37.5000   30.0000 2708.5623   13.5122
   -7.5000  -30.0000   30.0000 2840.6926   12.6983
    0.0000  -30.0000   30.0000 2859.5588   12.5571
    7.5000  -30.0000   30.0000 2811.0168   12.7869
   -7.5000  -22.5000   30.0000 2921.7104   12.3702
    0.0000  -22.5000   30.0000 2939.2017   12.2765
    7.5000  -22.5000   30.0000 2888.2878   12.4508
   -7.5000  -15.0000   30.0000 2939.1692   12.3085
    0.0000  -15.0000   30.0000 2962.7317   12.2023
    7.5000  -15.0000   30.0000 2901.7988   12.3847
   -7.5000   -7.5000   30.0000 2902.6494   12.5655
    0.0000   -7.5000   30.0000 2928.8311   12.4045
    7.5000   -7.5000   30.0000 2866.4617   12.6294
   -7.5000    0.0000   30.0000 2826.1809   13.1009
    0.0000    0.0000   30.0000 2854.0134   12.9363
    7.5000    0.0000   30.0000 2800.3164   13.1399
   -7.5000    7.5000   30.0000 2734.3162   13.9128
    0.0000    7.5000   30.0000 2758.2622   13.7487
    7.5000    7.5000   30.0000 2719.1416   13.9318
   -7.5000   15.0000   30.0000 2613.1675   15.0199
    0.0000   15.0000   30.0000 2630.8809   14.8498
    7.5000   15.0000   30.0000 2602.2007   15.0286
   -7.5000   22.5000   30.0000 2479.4788   16.4137
    0.0000   22.5000   30.0000 2495.3054   16.1978
    7.5000   22.5000   30.0000 2468.6040   16.3753
   -7.5000   30.0000   30.0000 2332.1372   18.1318
    0.0000   30.0000   30.0000 2344.7429   17.8918
    7.5000   30.0000   30.0000 2316.9585   18.0846
   -7.5000  -60.0000   37.5000 2330.3132   17.9965
    0.0000  -60.0000   37.5000 2342.7083   17.8235
    7.5000  -60.0000   37.5000 2312.4624   18.1890
   -7.5000  -52.5000   37.5000 2441.8613   16.2353
    0.0000  -52.5000   37.5000 2452.4409   16.0310
    7.5000  -52.5000   37.5000 2421.0420   16.3810
   -7.5000  -45.0000   37.5000 2576.5930   15.0078
    0.0000  -45.0000   37.5000 2591.3201   14.8164
    7.5000  -45.0000   37.5000 2556.0244   15.1624
   -7.5000  -37.5000   37.5000 2691.5466   13.9861
    0.0000  -37.5000   37.5000 2706.2312   13.7975
    7.5000  -37.5000   37.5000 2663.4707   14.0912
   -7.5000  -30.0000   37.5000 2784.3318   13.2905
    0.0000  -30.0000   37.5000 2800.5630   13.1245
    7.5000  -30.0000   37.5000 2758.0869   13.3685
   -7.5000  -22.5000   37.5000 2851.0510   12.9202
    0.0000  -22.5000   37.5000 2864.0344   12.7642
    7.5000  -22.5000   37.5000 2819.7378   12.9848
   -7.5000  -15.0000   37.5000 2861.5967   12.8532
    0.0000  -15.0000   37.5000 2882.0271   12.6882
    7.5000  -15.0000   37.5000 2832.0205   12.9211
   -7.5000   -7.5000   37.5000 2829.3293   13.1191
    0.0000   -7.5000   37.5000 2855.4700   12.9482
    7.5000   -7.5000   37.5000 2800.5837   13.1795
   -7.5000    0.0000   37.5000 2761.7949   13.6972
    0.0000    0.0000   37.5000 2778.1240   13.4868
    7.5000    0.0000   37.5000 2736.7971   13.7148
   -7.5000    7.5000   37.5000 2670.6692   14.4701
    0.0000    7.5000   37.5000 2690.0610   14.2713
    7.5000    7.5000   37.5000 2661.7271   14.4713
   -7.5000   15.0000   37.5000 2562.4331   15.5234
    0.0000   15.0000   37.5000 2580.4675   15.3382
    7.5000   15.0000   37.5000 2556.2590   15.5231
   -7.5000   22.5000   37.5000 2430.8455   16.8920
    0.0000   22.5000   37.5000 2447.7654   16.6900
    7.5000   22.5000   37.5000 2422.1323   16.8547
   -7.5000   30.0000   37.5000 2287.2773   18.5850
    0.0000   30.0000   37.5000 2301.9790   18.3558
    7.5000   30.0000   37.5000 2280.6777   18.5690
   -7.5000  -60.0000   45.0000 2268.4685   18.8403
    0.0000  -60.0000   45.0000 2280.0842   18.5753
    7.5000  -60.0000   45.0000 2244.3010   19.0030
   -7.5000  -52.5000   45.0000 2374.9663   17.0230
    0.0000  -52.5000   45.0000 2391.3438   16.7870
    7.5000  -52.5000   45.0000 2356.3926   17.1595
   -7.5000  -45.0000   45.0000 2505.4106   15.7899
    0.0000  -45.0000   45.0000 2524.7734   15.5619
    7.5000  -45.0000   45.0000 2485.8342   15.9081
   -7.5000  -37.5000   45.0000 2610.5974   14.7545
    0.0000  -37.5000   45.0000 2632.0364   14.5508
    7.5000  -37.5000   45.0000 2586.7483   14.8381
   -7.5000  -30.0000   45.0000 2697.1685   14.0186
    0.0000  -30.0000   45.0000 2714.1328   13.8450
    7.5000  -30.0000   45.0000 2670.7427   14.1053
   -7.5000  -22.5000   45.0000 2745.2310   13.6123
    0.0000  -22.5000   45.0000 2761.6873   13.4164
    7.5000  -22.5000   45.0000 2722.4558   13.6825
   -7.5000  -15.0000   45.0000 2751.4446   13.5106
    0.0000  -15.0000   45.0000 2771.5793   13.3129
    7.5000  -15.0000   45.0000 2730.3984   13.6031
   -7.5000   -7.5000   45.0000 2717.9819   13.8092
    0.0000   -7.5000   45.0000 2736.3657   13.6079
    7.5000   -7.5000   45.0000 2693.4368   13.8630
   -7.5000    0.0000   45.0000 2648.7285   14.3680
    0.0000    0.0000   45.0000 2668.9851   14.1553
    7.5000    0.0000   45.0000 2634.3477   14.3923
   -7.5000    7.5000   45.0000 2569.2944   15.1416
    0.0000    7.5000   45.0000 2585.1453   14.9100
    7.5000    7.5000   45.0000 2561.2839   15.1214
   -7.5000   15.0000   45.0000 2476.4426   16.1372
    0.0000   15.0000   45.0000 2491.9180   15.9381
    7.5000   15.0000   45.0000 2468.4390   16.1355
   -7.5000   22.5000   45.0000 2352.0173   17.4728
    0.0000   22.5000   45.0000 2365.9028   17.2869
    7.5000   22.5000   45.0000 2349.7839   17.4939
   -7.5000   30.0000   45.0000 2214.4102   19.1763
    0.0000   30.0000   45.0000 2227.8865   19.0239
    7.5000   30.0000   45.0000 2211.4243   19.2013
   -7.5000  -60.0000   52.5000 2183.9504   19.6557
    0.0000  -60.0000   52.5000 2198.8630   19.3976
    7.5000  -60.0000   52.5000 2161.0999   19.7910
   -7.5000  -52.5000   52.5000 2287.9138   17.8055
    0.0000  -52.5000   52.5000 2304.9358   17.5879
    7.5000  -52.5000   52.5000 2270.2310   17.9424
   -7.5000  -45.0000   52.5000 2406.3596   16.5568
    0.0000  -45.0000   52.5000 2421.8643   16.3478
    7.5000  -45.0000   52.5000 2388.6572   16.6855
   -7.5000  -37.5000   52.5000 2506.0518   15.4994
    0.0000  -37.5000   52.5000 2524.9834   15.2932
    7.5000  -37.5000   52.5000 2483.6904   15.6023
   -7.5000  -30.0000   52.5000 2578.1985   14.7457
    0.0000  -30.0000   52.5000 2594.5303   14.5554
    7.5000  -30.0000   52.5000 2554.9817   14.8643
   -7.5000  -22.5000   52.5000 2615.5439   14.3507
    0.0000  -22.5000   52.5000 2632.4797   14.1310
    7.5000  -22.5000   52.5000 2595.3887   14.4394
   -7.5000  -15.0000   52.5000 2620.4392   14.2069
    0.0000  -15.0000   52.5000 2633.4124   14.0024
    7.5000  -15.0000   52.5000 2599.9656   14.2887
   -7.5000   -7.5000   52.5000 2591.7112   14.4725
    0.0000   -7.5000   52.5000 2601.1033   14.2702
    7.5000   -7.5000   52.5000 2571.3572   14.5456
   -7.5000    0.0000   52.5000 2531.4185   15.0023
    0.0000    0.0000   52.5000 2545.1660   14.7888
    7.5000    0.0000   52.5000 2516.7729   15.0430
   -7.5000    7.5000   52.5000 2448.7793   15.7788
    0.0000    7.5000   52.5000 2465.2209   15.5236
    7.5000    7.5000   52.5000 2442.9365   15.7698
   -7.5000   15.0000   52.5000 2361.7722   16.7531
    0.0000   15.0000   52.5000 2379.6531   16.5082
    7.5000   15.0000   52.5000 2354.2092   16.7364
   -7.5000   22.5000   52.5000 2249.8179   18.0608
    0.0000   22.5000   52.5000 2264.6267   17.8375
    7.5000   22.5000   52.5000 2243.0149   18.0751
   -7.5000   30.0000   52.5000 2118.6213   19.7649
    0.0000   30.0000   52.5000 2131.8997   19.5733
    7.5000   30.0000   52.5000 2110.1802   19.7695
   -7.5000  -60.0000   60.0000 2124.2305   21.0130
    0.0000  -60.0000   60.0000 2139.6667   20.8310
    7.5000  -60.0000   60.0000 2102.6267   21.2025
   -7.5000  -52.5000   60.0000 2230.2375   19.0725
    0.0000  -52.5000   60.0000 2244.0208   18.8440
    7.5000  -52.5000   60.0000 2207.4263   19.1910
   -7.5000  -45.0000   60.0000 2342.7278   17.7976
    0.0000  -45.0000   60.0000 2352.5662   17.5617
    7.5000  -45.0000   60.0000 2319.3496   17.8967
   -7.5000  -37.5000   60.0000 2430.2593   16.6889
    0.0000  -37.5000   60.0000 2442.3145   16.5021
    7.5000  -37.5000   60.0000 2408.1479   16.7926
   -7.5000  -30.0000   60.0000 2492.6777   15.9297
    0.0000  -30.0000   60.0000 2504.1621   15.7452
    7.5000  -30.0000   60.0000 2467.2461   16.0463
   -7.5000  -22.5000   60.0000 2518.6943   15.4873
    0.0000  -22.5000   60.0000 2531.9185   15.2961
    7.5000  -22.5000   60.0000 2494.0769   15.6032
   -7.5000  -15.0000   60.0000 2521.8191   15.3166
    0.0000  -15.0000   60.0000 2527.9673   15.1552
    7.5000  -15.0000   60.0000 2497.9966   15.4058
   -7.5000   -7.5000   60.0000 2494.4346   15.5683
    0.0000   -7.5000   60.0000 2501.3171   15.3709
    7.5000   -7.5000   60.0000 2479.4785   15.6208
   -7.5000    0.0000   60.0000 2444.4133   16.0265
    0.0000    0.0000   60.0000 2457.4092   15.8005
    7.5000    0.0000   60.0000 2433.4102   16.0702
   -7.5000    7.5000   60.0000 2369.1194   16.7919
    0.0000    7.5000   60.0000 2384.2939   16.5490
    7.5000    7.5000   60.0000 2364.1450   16.8086
   -7.5000   15.0000   60.0000 2282.9441   17.8121
    0.0000   15.0000   60.0000 2292.1636   17.5292
    7.5000   15.0000   60.0000 2276.0342   17.7991
   -7.5000   22.5000   60.0000 2178.6001   19.1526
    0.0000   22.5000   60.0000 2186.9504   18.8725
    7.5000   22.5000   60.0000 2166.9817   19.0902
   -7.5000   30.0000   60.0000 2045.9465   20.9303
    0.0000   30.0000   60.0000 2057.3899   20.6725
    7.5000   30.0000   60.0000 2037.5229   20.8378

---------------------------------------------------------------------
imgreg_4dfp /opt/freesurfer/average/711-2C_as_mni_average_305 /opt/freesurfer/average/711-2B_as_mni_average_305_mask talsrcimg_g11 none talsrcimg_to_711-2C_as_mni_average_305_t4 1283
---------------------------------------------------------------------

freesurfer imgreg_4dfp.c
/opt/freesurfer/average/711-2C_as_mni_average_305.4dfp.img
       256       256       256         1
  1.000000  1.000000  1.000000
orientation T byte_order littleendian
Reading image: /opt/freesurfer/average/711-2C_as_mni_average_305.4dfp.img
dimensions:      256       256       256
mmppix:       1.0000   -1.0000   -1.0000
center:     128.0000 -129.0000 -129.0000
/opt/freesurfer/average/711-2B_as_mni_average_305_mask.4dfp.img
       256       256       256         1
  1.000000  1.000000  1.000000
orientation T byte_order littleendian
Reading mask: /opt/freesurfer/average/711-2B_as_mni_average_305_mask.4dfp.img (2306576 pixels)
talsrcimg_g11.4dfp.img
       256       256       256         1
  0.898438  0.898438  0.898438
orientation T byte_order littleendian
Reading image: talsrcimg_g11.4dfp.img
dimensions:      256       256       256
mmppix:       0.8984   -0.8984   -0.8984
center:     115.0001 -115.8985 -115.8985
rotation matrix determinant  1.000000
fimgreg.f
image alignment mode   1283 decimal      503 hex
parameters
    0.0000  -15.0000   15.0000    0.0000    0.0000    0.0000
eta,q 0.95170 12.14673
niter,ni,del,rscale     5    3   12.0000    1.2000
parameter  3 -0.625529 -> -0.500000 qaram    1.1500
parameter  4  1.550598 ->  0.500000 qaram    1.1500
parameter  5 -0.682883 -> -0.500000 qaram    1.1500
parameters
   -1.6845  -15.7546   18.4500   -3.4500    3.4500    1.8215
eta,q 0.96305 12.15044
  0.0561  0.0548  0.0602  0.0405  0.0584  0.0501
  0.0516  0.0508  0.0557  0.0411  0.0529  0.0446
  0.0496  0.0491  0.0519  0.0435  0.0470  0.0401
  0.0501  0.0494  0.0491  0.0463  0.0417  0.0374
  0.0545  0.0509  0.0472  0.0490  0.0382  0.0370
  0.0612  0.0537  0.0464  0.0527  0.0375  0.0381
  0.0706  0.0576  0.0481  0.0571  0.0399  0.0407
niter,ni,del,rscale     7    3   12.0000    1.2000
parameters
   -2.4532  -14.4341   17.1376   -6.5591    3.6952    2.1941
eta,q 0.96797 12.10111
  0.0528  0.0564  0.0438  0.0362  0.0472  0.0421
  0.0435  0.0485  0.0384  0.0329  0.0402  0.0370
  0.0376  0.0415  0.0352  0.0322  0.0342  0.0332
  0.0369  0.0365  0.0350  0.0347  0.0320  0.0320
  0.0422  0.0351  0.0386  0.0392  0.0333  0.0327
  0.0513  0.0386  0.0458  0.0452  0.0385  0.0354
  0.0621  0.0455  0.0534  0.0516  0.0454  0.0399
niter,ni,del,rscale     6    3   12.0000    1.2000
parameters
   -2.4977  -13.7117   16.2791   -7.1003    3.6697    2.2826
eta,q 0.96826 12.13898
  0.0540  0.0534  0.0431  0.0412  0.0452  0.0406
  0.0424  0.0432  0.0363  0.0360  0.0386  0.0358
  0.0348  0.0360  0.0327  0.0325  0.0336  0.0325
  0.0320  0.0320  0.0318  0.0318  0.0317  0.0317
  0.0346  0.0334  0.0350  0.0336  0.0333  0.0326
  0.0435  0.0387  0.0417  0.0383  0.0386  0.0356
  0.0543  0.0448  0.0499  0.0447  0.0455  0.0399
niter,ni,del,rscale     5    3   12.0000    1.2000
parameters
   -2.4481  -13.4407   16.1712   -7.3285    3.6099    2.3073
eta,q 0.96814 12.14836
  0.0541  0.0499  0.0463  0.0418  0.0450  0.0403
  0.0425  0.0404  0.0383  0.0367  0.0386  0.0357
  0.0347  0.0342  0.0337  0.0329  0.0338  0.0325
  0.0317  0.0317  0.0318  0.0318  0.0318  0.0319
  0.0341  0.0347  0.0335  0.0331  0.0334  0.0328
  0.0426  0.0400  0.0392  0.0373  0.0388  0.0357
  0.0532  0.0456  0.0472  0.0436  0.0457  0.0399
niter,ni,del,rscale     4    3   12.0000    1.2000
parameters
   -2.4182  -13.3385   16.1314   -7.4154    3.5776    2.3142
eta,q 0.96808 12.15219
  0.0539  0.0488  0.0467  0.0422  0.0451  0.0402
  0.0425  0.0396  0.0386  0.0370  0.0387  0.0356
  0.0348  0.0337  0.0339  0.0331  0.0339  0.0326
  0.0319  0.0319  0.0319  0.0319  0.0319  0.0319
  0.0342  0.0353  0.0334  0.0330  0.0334  0.0329
  0.0427  0.0405  0.0390  0.0369  0.0387  0.0358
  0.0534  0.0461  0.0470  0.0431  0.0456  0.0399
niter,ni,del,rscale     3    3   12.0000    1.2000
parameters
   -2.4043  -13.3018   16.1173   -7.4471    3.5634    2.3160
eta,q 0.96805 12.15348
  0.0538  0.0483  0.0468  0.0423  0.0451  0.0402
  0.0425  0.0393  0.0387  0.0371  0.0387  0.0356
  0.0349  0.0335  0.0340  0.0332  0.0340  0.0326
  0.0319  0.0319  0.0319  0.0319  0.0319  0.0319
  0.0344  0.0355  0.0334  0.0330  0.0334  0.0329
  0.0428  0.0406  0.0390  0.0367  0.0387  0.0358
  0.0535  0.0463  0.0470  0.0430  0.0455  0.0399
registration optimization eta report
parameter search radius
    6.0000    6.0000    6.9000    6.9000    6.9000    6.0000
100000*second partial in parameter space
       60.       41.       31.       23.       28.       23.
  0.0538  0.0483  0.0468  0.0423  0.0451  0.0402
  0.0425  0.0393  0.0387  0.0371  0.0387  0.0356
  0.0349  0.0335  0.0340  0.0332  0.0340  0.0326
  0.0319  0.0319  0.0319  0.0319  0.0319  0.0319
  0.0344  0.0355  0.0334  0.0330  0.0334  0.0329
  0.0428  0.0406  0.0390  0.0367  0.0387  0.0358
  0.0535  0.0463  0.0470  0.0430  0.0455  0.0399
   -2.4043  -13.3018   16.1173   -7.4471    3.5634    2.3160
eta,q 0.96805 12.15348

---------------------------------------------------------------------
imgreg_4dfp /opt/freesurfer/average/711-2C_as_mni_average_305 /opt/freesurfer/average/711-2B_as_mni_average_305_mask talsrcimg_g11 none talsrcimg_to_711-2C_as_mni_average_305_t4 3335
---------------------------------------------------------------------

freesurfer imgreg_4dfp.c
/opt/freesurfer/average/711-2C_as_mni_average_305.4dfp.img
       256       256       256         1
  1.000000  1.000000  1.000000
orientation T byte_order littleendian
Reading image: /opt/freesurfer/average/711-2C_as_mni_average_305.4dfp.img
dimensions:      256       256       256
mmppix:       1.0000   -1.0000   -1.0000
center:     128.0000 -129.0000 -129.0000
/opt/freesurfer/average/711-2B_as_mni_average_305_mask.4dfp.img
       256       256       256         1
  1.000000  1.000000  1.000000
orientation T byte_order littleendian
Reading mask: /opt/freesurfer/average/711-2B_as_mni_average_305_mask.4dfp.img (2306576 pixels)
talsrcimg_g11.4dfp.img
       256       256       256         1
  0.898438  0.898438  0.898438
orientation T byte_order littleendian
Reading image: talsrcimg_g11.4dfp.img
dimensions:      256       256       256
mmppix:       0.8984   -0.8984   -0.8984
center:     115.0001 -115.8985 -115.8985
fimgreg.f
image alignment mode   3335 decimal      D07 hex
parameters
   -2.4043  -13.3018   16.1173   -0.2749   -0.8919   -1.0352
   -3.2021   -6.6816    4.0333   12.7015    6.2153  -12.9361
eta,q 0.96783 12.16304
niter,ni,del,rscale     5    3    5.0000    1.2000
parameter  4  0.848713 ->  0.500000 qaram    1.1500
parameter  5  0.646401 ->  0.500000 qaram    1.1500
parameter  6  0.556209 ->  0.500000 qaram    1.1500
parameters
   -2.3010  -13.2417   15.9313   -4.4149   -5.0319   -5.1752
   -2.4639   -5.5146    4.9757   11.7646    7.4673  -12.8668
eta,q 0.97126 11.35305
  0.0365  0.0354  0.0340  0.0304  0.0300  0.0291  0.0320  0.0346  0.0313  0.0310  0.0301  0.0306
  0.0341  0.0336  0.0328  0.0308  0.0298  0.0290  0.0305  0.0318  0.0301  0.0297  0.0294  0.0296
  0.0327  0.0326  0.0322  0.0313  0.0301  0.0293  0.0295  0.0299  0.0293  0.0289  0.0290  0.0290
  0.0322  0.0322  0.0322  0.0321  0.0309  0.0298  0.0290  0.0290  0.0289  0.0288  0.0288  0.0287
  0.0326  0.0325  0.0326  0.0335  0.0322  0.0308  0.0291  0.0290  0.0289  0.0294  0.0287  0.0289
  0.0338  0.0335  0.0334  0.0357  0.0344  0.0332  0.0298  0.0300  0.0294  0.0307  0.0290  0.0296
  0.0357  0.0351  0.0346  0.0386  0.0372  0.0367  0.0311  0.0318  0.0303  0.0326  0.0294  0.0305
niter,ni,del,rscale     7    3    5.0000    1.2000
parameter  4  0.709791 ->  0.500000 qaram    1.3225
parameters
   -2.3129  -13.3663   15.7910   -9.1759   -6.5978   -6.7087
   -2.6912   -5.4706    4.2865   11.2615    7.8640  -12.8886
eta,q 0.97288 10.80928
  0.0321  0.0313  0.0304  0.0279  0.0292  0.0294  0.0300  0.0322  0.0289  0.0297  0.0285  0.0289
  0.0302  0.0298  0.0294  0.0274  0.0281  0.0279  0.0285  0.0295  0.0278  0.0282  0.0278  0.0279
  0.0291  0.0289  0.0289  0.0278  0.0275  0.0272  0.0275  0.0277  0.0273  0.0274  0.0274  0.0273
  0.0287  0.0287  0.0287  0.0287  0.0274  0.0274  0.0272  0.0272  0.0272  0.0271  0.0271  0.0271
  0.0291  0.0292  0.0290  0.0297  0.0281  0.0283  0.0276  0.0278  0.0276  0.0276  0.0272  0.0274
  0.0302  0.0303  0.0298  0.0311  0.0295  0.0294  0.0287  0.0295  0.0284  0.0288  0.0276  0.0280
  0.0322  0.0318  0.0309  0.0332  0.0316  0.0316  0.0304  0.0319  0.0296  0.0305  0.0283  0.0289
niter,ni,del,rscale     7    3    5.0000    1.2000
parameters
   -2.2877  -13.1895   15.4482   -9.1990   -6.5586   -7.2832
   -2.6287   -5.4746    4.0854   11.4718    7.9568  -13.1614
eta,q 0.97299 10.78184
  0.0311  0.0303  0.0286  0.0311  0.0297  0.0300  0.0300  0.0320  0.0289  0.0301  0.0283  0.0287
  0.0290  0.0286  0.0276  0.0288  0.0283  0.0283  0.0285  0.0293  0.0278  0.0284  0.0277  0.0277
  0.0276  0.0275  0.0271  0.0274  0.0274  0.0273  0.0274  0.0276  0.0272  0.0274  0.0272  0.0272
  0.0271  0.0271  0.0271  0.0271  0.0271  0.0271  0.0270  0.0270  0.0270  0.0270  0.0270  0.0270
  0.0275  0.0273  0.0276  0.0279  0.0273  0.0279  0.0273  0.0277  0.0273  0.0273  0.0271  0.0273
  0.0288  0.0281  0.0284  0.0292  0.0282  0.0291  0.0284  0.0294  0.0280  0.0282  0.0276  0.0280
  0.0310  0.0294  0.0296  0.0307  0.0297  0.0307  0.0300  0.0319  0.0291  0.0298  0.0283  0.0289
niter,ni,del,rscale     6    3    5.0000    1.2000
parameters
   -2.2812  -13.1135   15.2777   -9.2260   -6.5695   -7.4438
   -2.5710   -5.4882    4.0483   11.6375    7.9949  -13.3368
eta,q 0.97303 10.77315
  0.0310  0.0299  0.0288  0.0311  0.0296  0.0304  0.0300  0.0320  0.0290  0.0301  0.0283  0.0287
  0.0288  0.0283  0.0277  0.0287  0.0282  0.0285  0.0284  0.0293  0.0279  0.0284  0.0276  0.0277
  0.0275  0.0273  0.0271  0.0273  0.0273  0.0273  0.0274  0.0275  0.0272  0.0274  0.0272  0.0271
  0.0270  0.0270  0.0270  0.0270  0.0270  0.0270  0.0270  0.0270  0.0270  0.0270  0.0270  0.0270
  0.0274  0.0273  0.0274  0.0279  0.0273  0.0276  0.0273  0.0277  0.0272  0.0273  0.0271  0.0272
  0.0288  0.0282  0.0282  0.0292  0.0282  0.0289  0.0283  0.0294  0.0279  0.0282  0.0276  0.0279
  0.0310  0.0295  0.0293  0.0307  0.0297  0.0304  0.0299  0.0319  0.0290  0.0298  0.0283  0.0288
niter,ni,del,rscale     5    3    5.0000    1.2000
parameters
   -2.2834  -13.0706   15.2139   -9.2355   -6.5944   -7.4805
   -2.5422   -5.5035    4.0332   11.7348    8.0126  -13.4282
eta,q 0.97303 10.77056
  0.0309  0.0298  0.0289  0.0311  0.0296  0.0305  0.0300  0.0320  0.0290  0.0300  0.0283  0.0287
  0.0288  0.0282  0.0278  0.0288  0.0282  0.0286  0.0284  0.0293  0.0279  0.0283  0.0276  0.0277
  0.0274  0.0273  0.0272  0.0273  0.0273  0.0274  0.0274  0.0275  0.0272  0.0274  0.0272  0.0271
  0.0270  0.0270  0.0270  0.0270  0.0270  0.0270  0.0270  0.0270  0.0270  0.0270  0.0270  0.0270
  0.0274  0.0273  0.0273  0.0278  0.0273  0.0276  0.0273  0.0277  0.0272  0.0273  0.0271  0.0272
  0.0288  0.0282  0.0280  0.0292  0.0282  0.0289  0.0283  0.0294  0.0279  0.0282  0.0276  0.0279
  0.0310  0.0295  0.0291  0.0307  0.0297  0.0303  0.0299  0.0319  0.0290  0.0298  0.0283  0.0287
niter,ni,del,rscale     4    3    5.0000    1.2000
parameters
   -2.2861  -13.0487   15.1920   -9.2415   -6.6182   -7.4785
   -2.5273   -5.5155    4.0270   11.7875    8.0242  -13.4731
eta,q 0.97303 10.76969
  0.0309  0.0297  0.0290  0.0311  0.0296  0.0305  0.0299  0.0320  0.0290  0.0299  0.0283  0.0287
  0.0288  0.0282  0.0279  0.0288  0.0282  0.0286  0.0284  0.0293  0.0279  0.0283  0.0276  0.0277
  0.0274  0.0273  0.0272  0.0273  0.0273  0.0274  0.0274  0.0275  0.0272  0.0273  0.0272  0.0271
  0.0270  0.0270  0.0270  0.0270  0.0270  0.0270  0.0270  0.0270  0.0270  0.0270  0.0270  0.0270
  0.0274  0.0273  0.0272  0.0278  0.0272  0.0276  0.0273  0.0277  0.0272  0.0273  0.0271  0.0272
  0.0288  0.0282  0.0280  0.0292  0.0282  0.0288  0.0283  0.0294  0.0279  0.0283  0.0276  0.0278
  0.0310  0.0295  0.0290  0.0307  0.0297  0.0303  0.0300  0.0319  0.0290  0.0299  0.0283  0.0287
registration optimization eta report
parameter search radius
    2.4000    2.4000    2.4000    9.5220    8.2800    8.2800
    7.2000    7.2000    7.2000    7.2000    7.2000    7.2000
100000*second partial in parameter space
       69.       46.       35.        4.        4.        5.
        6.       10.        4.        6.        3.        3.
  0.0309  0.0297  0.0290  0.0311  0.0296  0.0305  0.0299  0.0320  0.0290  0.0299  0.0283  0.0287
  0.0288  0.0282  0.0279  0.0288  0.0282  0.0286  0.0284  0.0293  0.0279  0.0283  0.0276  0.0277
  0.0274  0.0273  0.0272  0.0273  0.0273  0.0274  0.0274  0.0275  0.0272  0.0273  0.0272  0.0271
  0.0270  0.0270  0.0270  0.0270  0.0270  0.0270  0.0270  0.0270  0.0270  0.0270  0.0270  0.0270
  0.0274  0.0273  0.0272  0.0278  0.0272  0.0276  0.0273  0.0277  0.0272  0.0273  0.0271  0.0272
  0.0288  0.0282  0.0280  0.0292  0.0282  0.0288  0.0283  0.0294  0.0279  0.0283  0.0276  0.0278
  0.0310  0.0295  0.0290  0.0307  0.0297  0.0303  0.0300  0.0319  0.0290  0.0299  0.0283  0.0287
   -2.2861  -13.0487   15.1920   -9.2415   -6.6182   -7.4785
   -2.5273   -5.5155    4.0270   11.7875    8.0242  -13.4731
eta,q 0.97303 10.76969

---------------------------------------------------------------------
imgreg_4dfp /opt/freesurfer/average/711-2C_as_mni_average_305 /opt/freesurfer/average/711-2B_as_mni_average_305_mask talsrcimg_g11 none talsrcimg_to_711-2C_as_mni_average_305_t4 2311
---------------------------------------------------------------------

freesurfer imgreg_4dfp.c
/opt/freesurfer/average/711-2C_as_mni_average_305.4dfp.img
       256       256       256         1
  1.000000  1.000000  1.000000
orientation T byte_order littleendian
Reading image: /opt/freesurfer/average/711-2C_as_mni_average_305.4dfp.img
dimensions:      256       256       256
mmppix:       1.0000   -1.0000   -1.0000
center:     128.0000 -129.0000 -129.0000
/opt/freesurfer/average/711-2B_as_mni_average_305_mask.4dfp.img
       256       256       256         1
  1.000000  1.000000  1.000000
orientation T byte_order littleendian
Reading mask: /opt/freesurfer/average/711-2B_as_mni_average_305_mask.4dfp.img (2306576 pixels)
talsrcimg_g11.4dfp.img
       256       256       256         1
  0.898438  0.898438  0.898438
orientation T byte_order littleendian
Reading image: talsrcimg_g11.4dfp.img
dimensions:      256       256       256
mmppix:       0.8984   -0.8984   -0.8984
center:     115.0001 -115.8985 -115.8985
fimgreg.f
image alignment mode   2311 decimal      907 hex
parameters
   -2.2861  -13.0487   15.1920   -9.2415   -6.6182   -7.4785
   -2.5273   -5.5155    4.0270   11.7875    8.0242  -13.4731
eta,q 0.97303 10.76968
niter,ni,del,rscale     5    3    5.0000    0.8000
parameters
   -2.2796  -13.0784   15.1649   -9.9103   -6.5127   -7.6808
   -2.5025   -5.6325    3.9420   11.7169    8.1540  -13.5607
eta,q 0.97308 10.72508
  0.0288  0.0281  0.0279  0.0279  0.0279  0.0282  0.0283  0.0292  0.0278  0.0282  0.0276  0.0277
  0.0278  0.0275  0.0274  0.0273  0.0274  0.0275  0.0276  0.0279  0.0273  0.0275  0.0273  0.0273
  0.0272  0.0271  0.0271  0.0270  0.0271  0.0271  0.0271  0.0271  0.0270  0.0271  0.0270  0.0270
  0.0270  0.0270  0.0270  0.0270  0.0269  0.0269  0.0269  0.0269  0.0269  0.0269  0.0269  0.0269
  0.0272  0.0271  0.0271  0.0273  0.0270  0.0271  0.0271  0.0273  0.0270  0.0271  0.0269  0.0270
  0.0277  0.0275  0.0274  0.0278  0.0273  0.0277  0.0276  0.0281  0.0274  0.0276  0.0272  0.0273
  0.0288  0.0282  0.0279  0.0285  0.0278  0.0285  0.0283  0.0294  0.0279  0.0283  0.0275  0.0278
niter,ni,del,rscale     4    3    5.0000    0.7000
parameters
   -2.2770  -13.0644   15.1025   -9.9760   -6.4970   -7.7648
   -2.4916   -5.6776    3.8845   11.7554    8.2545  -13.6000
eta,q 0.97309 10.71867
  0.0283  0.0279  0.0276  0.0279  0.0276  0.0280  0.0280  0.0288  0.0276  0.0280  0.0274  0.0275
  0.0275  0.0273  0.0272  0.0274  0.0272  0.0274  0.0274  0.0277  0.0272  0.0274  0.0272  0.0272
  0.0271  0.0270  0.0270  0.0270  0.0270  0.0270  0.0270  0.0271  0.0270  0.0270  0.0270  0.0270
  0.0269  0.0269  0.0269  0.0269  0.0269  0.0269  0.0269  0.0269  0.0269  0.0269  0.0269  0.0269
  0.0271  0.0270  0.0270  0.0271  0.0270  0.0271  0.0270  0.0272  0.0270  0.0270  0.0269  0.0270
  0.0275  0.0273  0.0273  0.0274  0.0272  0.0275  0.0274  0.0278  0.0273  0.0274  0.0271  0.0272
  0.0283  0.0278  0.0277  0.0280  0.0276  0.0281  0.0280  0.0288  0.0276  0.0279  0.0274  0.0276
niter,ni,del,rscale     3    3    5.0000    0.6000
parameters
   -2.2787  -13.0548   15.0801  -10.0055   -6.4895   -7.7673
   -2.4663   -5.7195    3.8329   11.7844    8.3416  -13.6254
eta,q 0.97309 10.71792
  0.0279  0.0276  0.0274  0.0277  0.0274  0.0278  0.0277  0.0283  0.0274  0.0277  0.0273  0.0274
  0.0274  0.0272  0.0271  0.0273  0.0271  0.0273  0.0273  0.0275  0.0271  0.0273  0.0271  0.0271
  0.0270  0.0270  0.0270  0.0270  0.0270  0.0270  0.0270  0.0270  0.0270  0.0270  0.0270  0.0270
  0.0269  0.0269  0.0269  0.0269  0.0269  0.0269  0.0269  0.0269  0.0269  0.0269  0.0269  0.0269
  0.0270  0.0270  0.0270  0.0270  0.0270  0.0270  0.0270  0.0271  0.0270  0.0270  0.0269  0.0270
  0.0274  0.0272  0.0272  0.0273  0.0271  0.0273  0.0273  0.0276  0.0272  0.0273  0.0271  0.0271
  0.0279  0.0276  0.0275  0.0277  0.0274  0.0278  0.0277  0.0283  0.0275  0.0277  0.0273  0.0274
niter,ni,del,rscale     2    3    5.0000    0.5000
parameters
   -2.2803  -13.0487   15.0693  -10.0309   -6.4910   -7.7524
   -2.4494   -5.7609    3.8026   11.8094    8.4397  -13.6265
eta,q 0.97310 10.71777
  0.0276  0.0274  0.0273  0.0275  0.0273  0.0275  0.0275  0.0279  0.0273  0.0275  0.0272  0.0272
  0.0272  0.0271  0.0271  0.0272  0.0271  0.0272  0.0272  0.0273  0.0271  0.0272  0.0270  0.0270
  0.0270  0.0270  0.0269  0.0270  0.0270  0.0270  0.0270  0.0270  0.0269  0.0270  0.0269  0.0269
  0.0269  0.0269  0.0269  0.0269  0.0269  0.0269  0.0269  0.0269  0.0269  0.0269  0.0269  0.0269
  0.0270  0.0270  0.0269  0.0270  0.0269  0.0270  0.0270  0.0270  0.0270  0.0270  0.0269  0.0269
  0.0272  0.0271  0.0271  0.0272  0.0271  0.0272  0.0272  0.0274  0.0271  0.0271  0.0270  0.0270
  0.0276  0.0274  0.0273  0.0275  0.0273  0.0275  0.0275  0.0279  0.0273  0.0274  0.0272  0.0272
niter,ni,del,rscale     1    3    5.0000    0.4000
parameters
   -2.2846  -13.0473   15.0756  -10.0435   -6.4721   -7.7160
   -2.4236   -5.8079    3.7592   11.8235    8.5223  -13.6105
eta,q 0.97310 10.72054
  0.0273  0.0272  0.0271  0.0273  0.0271  0.0273  0.0273  0.0275  0.0271  0.0273  0.0271  0.0271
  0.0271  0.0270  0.0270  0.0271  0.0270  0.0271  0.0271  0.0272  0.0270  0.0271  0.0270  0.0270
  0.0270  0.0269  0.0269  0.0269  0.0269  0.0270  0.0270  0.0269  0.0269  0.0269  0.0269  0.0269
  0.0269  0.0269  0.0269  0.0269  0.0269  0.0269  0.0269  0.0269  0.0269  0.0269  0.0269  0.0269
  0.0270  0.0269  0.0269  0.0270  0.0269  0.0269  0.0269  0.0270  0.0269  0.0269  0.0269  0.0269
  0.0271  0.0270  0.0270  0.0271  0.0270  0.0271  0.0271  0.0272  0.0270  0.0271  0.0270  0.0270
  0.0274  0.0272  0.0271  0.0273  0.0271  0.0273  0.0273  0.0275  0.0271  0.0273  0.0271  0.0271
registration optimization eta report
parameter search radius
    0.8000    0.8000    0.8000    2.4000    2.4000    2.4000
    2.4000    2.4000    2.4000    2.4000    2.4000    2.4000
100000*second partial in parameter space
       71.       48.       38.        6.        4.        7.
        6.       11.        4.        6.        3.        4.
  0.0273  0.0272  0.0271  0.0273  0.0271  0.0273  0.0273  0.0275  0.0271  0.0273  0.0271  0.0271
  0.0271  0.0270  0.0270  0.0271  0.0270  0.0271  0.0271  0.0272  0.0270  0.0271  0.0270  0.0270
  0.0270  0.0269  0.0269  0.0269  0.0269  0.0270  0.0270  0.0269  0.0269  0.0269  0.0269  0.0269
  0.0269  0.0269  0.0269  0.0269  0.0269  0.0269  0.0269  0.0269  0.0269  0.0269  0.0269  0.0269
  0.0270  0.0269  0.0269  0.0270  0.0269  0.0269  0.0269  0.0270  0.0269  0.0269  0.0269  0.0269
  0.0271  0.0270  0.0270  0.0271  0.0270  0.0271  0.0271  0.0272  0.0270  0.0271  0.0270  0.0270
  0.0274  0.0272  0.0271  0.0273  0.0271  0.0273  0.0273  0.0275  0.0271  0.0273  0.0271  0.0271
   -2.2846  -13.0473   15.0756  -10.0435   -6.4721   -7.7160
   -2.4236   -5.8079    3.7592   11.8235    8.5223  -13.6105
eta,q 0.97310 10.72054

---------------------------------------------------------------------
imgreg_4dfp /opt/freesurfer/average/711-2C_as_mni_average_305 /opt/freesurfer/average/711-2B_as_mni_average_305_mask talsrcimg_g11 none talsrcimg_to_711-2C_as_mni_average_305_t4 2311
---------------------------------------------------------------------

freesurfer imgreg_4dfp.c
/opt/freesurfer/average/711-2C_as_mni_average_305.4dfp.img
       256       256       256         1
  1.000000  1.000000  1.000000
orientation T byte_order littleendian
Reading image: /opt/freesurfer/average/711-2C_as_mni_average_305.4dfp.img
dimensions:      256       256       256
mmppix:       1.0000   -1.0000   -1.0000
center:     128.0000 -129.0000 -129.0000
/opt/freesurfer/average/711-2B_as_mni_average_305_mask.4dfp.img
       256       256       256         1
  1.000000  1.000000  1.000000
orientation T byte_order littleendian
Reading mask: /opt/freesurfer/average/711-2B_as_mni_average_305_mask.4dfp.img (2306576 pixels)
talsrcimg_g11.4dfp.img
       256       256       256         1
  0.898438  0.898438  0.898438
orientation T byte_order littleendian
Reading image: talsrcimg_g11.4dfp.img
dimensions:      256       256       256
mmppix:       0.8984   -0.8984   -0.8984
center:     115.0001 -115.8985 -115.8985
fimgreg.f
image alignment mode   2311 decimal      907 hex
parameters
   -2.2846  -13.0473   15.0756  -10.0435   -6.4721   -7.7160
   -2.4236   -5.8079    3.7592   11.8235    8.5223  -13.6105
eta,q 0.97310 10.72053
niter,ni,del,rscale     5    3    5.0000    0.8000
parameters
   -2.3002  -13.0271   15.0786   -9.9767   -6.5595   -7.7489
   -2.4528   -5.7244    3.8058   11.8110    8.2639  -13.6564
eta,q 0.97309 10.71641
  0.0287  0.0281  0.0279  0.0283  0.0278  0.0283  0.0283  0.0294  0.0279  0.0282  0.0275  0.0277
  0.0277  0.0274  0.0273  0.0275  0.0273  0.0276  0.0275  0.0280  0.0273  0.0275  0.0272  0.0273
  0.0271  0.0270  0.0270  0.0271  0.0270  0.0271  0.0271  0.0272  0.0270  0.0271  0.0270  0.0270
  0.0269  0.0269  0.0269  0.0269  0.0269  0.0269  0.0269  0.0269  0.0269  0.0269  0.0269  0.0269
  0.0271  0.0270  0.0270  0.0271  0.0270  0.0271  0.0271  0.0272  0.0270  0.0271  0.0270  0.0270
  0.0277  0.0274  0.0273  0.0275  0.0273  0.0276  0.0276  0.0280  0.0273  0.0275  0.0272  0.0273
  0.0288  0.0281  0.0278  0.0282  0.0279  0.0284  0.0283  0.0292  0.0278  0.0283  0.0276  0.0277
niter,ni,del,rscale     4    3    5.0000    0.7000
parameters
   -2.2880  -13.0338   15.0701  -10.0034   -6.5403   -7.7716
   -2.4662   -5.7080    3.8418   11.8197    8.2773  -13.6581
eta,q 0.97309 10.71503
  0.0283  0.0278  0.0276  0.0280  0.0276  0.0281  0.0280  0.0288  0.0277  0.0279  0.0274  0.0275
  0.0275  0.0273  0.0272  0.0274  0.0272  0.0274  0.0274  0.0277  0.0272  0.0274  0.0272  0.0272
  0.0271  0.0270  0.0270  0.0270  0.0270  0.0271  0.0270  0.0271  0.0270  0.0270  0.0270  0.0270
  0.0269  0.0269  0.0269  0.0269  0.0269  0.0269  0.0269  0.0269  0.0269  0.0269  0.0269  0.0269
  0.0270  0.0270  0.0270  0.0271  0.0270  0.0270  0.0270  0.0272  0.0270  0.0270  0.0269  0.0270
  0.0275  0.0273  0.0272  0.0274  0.0272  0.0275  0.0274  0.0278  0.0272  0.0274  0.0271  0.0272
  0.0283  0.0278  0.0276  0.0280  0.0276  0.0281  0.0280  0.0287  0.0276  0.0279  0.0274  0.0275
registration optimization eta report
parameter search radius
    1.4000    1.4000    1.4000    4.2000    4.2000    4.2000
    4.2000    4.2000    4.2000    4.2000    4.2000    4.2000
100000*second partial in parameter space
       71.       47.       37.        6.        4.        7.
        6.       11.        4.        6.        3.        4.
  0.0283  0.0278  0.0276  0.0280  0.0276  0.0281  0.0280  0.0288  0.0277  0.0279  0.0274  0.0275
  0.0275  0.0273  0.0272  0.0274  0.0272  0.0274  0.0274  0.0277  0.0272  0.0274  0.0272  0.0272
  0.0271  0.0270  0.0270  0.0270  0.0270  0.0271  0.0270  0.0271  0.0270  0.0270  0.0270  0.0270
  0.0269  0.0269  0.0269  0.0269  0.0269  0.0269  0.0269  0.0269  0.0269  0.0269  0.0269  0.0269
  0.0270  0.0270  0.0270  0.0271  0.0270  0.0270  0.0270  0.0272  0.0270  0.0270  0.0269  0.0270
  0.0275  0.0273  0.0272  0.0274  0.0272  0.0275  0.0274  0.0278  0.0272  0.0274  0.0271  0.0272
  0.0283  0.0278  0.0276  0.0280  0.0276  0.0281  0.0280  0.0287  0.0276  0.0279  0.0274  0.0275
   -2.2880  -13.0338   15.0701  -10.0034   -6.5403   -7.7716
   -2.4662   -5.7080    3.8418   11.8197    8.2773  -13.6581
eta,q 0.97309 10.71503

---------------------------------------------------------------------
compute_vox2vox talsrcimg talsrcimg_to_711-2C_as_mni_average_305_t4 /opt/freesurfer/average/711-2C_as_mni_average_305
---------------------------------------------------------------------

freesurfer compute_vox2vox.c
Reading: talsrcimg.4dfp.ifh
Reading: talsrcimg_to_711-2C_as_mni_average_305_t4
Reading: /opt/freesurfer/average/711-2C_as_mni_average_305.4dfp.ifh
Writing: talsrcimg_to_711-2C_as_mni_average_305_t4_vox2vox.txt

start time Wed Mar 11 03:30:08 CET 2026
end		time Wed Mar 11 03:31:35 CET 2026

mpr2mni305 success

avi2talxfm orig_nu.mgz /opt/freesurfer/average/mni305.cor.mgz talsrcimg_to_711-2C_as_mni_average_305_t4_vox2vox.txt transforms/talairach.auto.xfm
avi2talxfm done
mv -f /out/sourcedata/freesurfer/sub-v2s13x29105_ses-1/mri/talsrcimg_to_711-2C_as_mni_average_305_t4_vox2vox.txt /out/sourcedata/freesurfer/sub-v2s13x29105_ses-1/mri/transforms/talsrcimg_to_711-2C_as_mni_average_305_t4_vox2vox.txt
lta_convert --src orig_nu.mgz --trg /opt/freesurfer/average/mni305.cor.mgz --inxfm transforms/talairach.auto.xfm --outlta transforms/talairach.auto.xfm.lta --subject fsaverage
7.3.2

--src: orig_nu.mgz src image (geometry).
--trg: /opt/freesurfer/average/mni305.cor.mgz trg image (geometry).
--inmni: transforms/talairach.auto.xfm input MNI/XFM transform.
--outlta: transforms/talairach.auto.xfm.lta output LTA.
--s: fsaverage subject name
 LTA read, type : 1
 1.10368   0.06339   0.03839  -0.10981;
-0.10383   1.05836   0.15193  -19.54232;
-0.03224  -0.13645   1.04919  -17.23032;
 0.00000   0.00000   0.00000   1.00000;
setting subject to fsaverage
Writing  LTA to file transforms/talairach.auto.xfm.lta...
lta_convert successful.
 
 
Started at Wed Mar 11 03:30:08 CET 2026
Ended   at Wed Mar 11 03:31:35 CET 2026
talairach_avi done
