status file for recon-all
Wed Mar 11 04:08:21 CET 2026
#@# MotionCor Wed Mar 11 04:08:23 CET 2026
#@# Talairach Wed Mar 11 04:08:32 CET 2026
#@# Talairach Failure Detection Wed Mar 11 04:12:55 CET 2026
#@# Nu Intensity Correction Wed Mar 11 04:12:55 CET 2026
#@# Intensity Normalization Wed Mar 11 04:16:11 CET 2026
recon-all -s sub-v2s13x29116_ses-1 finished without error at Wed Mar 11 04:17:40 CET 2026



#New# invocation of recon-all 



status file for recon-all
Wed Mar 11 04:25:26 CET 2026
#@# EM Registration Wed Mar 11 04:25:26 CET 2026
recon-all -s sub-v2s13x29116_ses-1 finished without error at Wed Mar 11 04:27:20 CET 2026



#New# invocation of recon-all 



status file for recon-all
Wed Mar 11 04:27:24 CET 2026
#@# CA Normalize Wed Mar 11 04:27:24 CET 2026
#@# CA Reg Wed Mar 11 04:28:44 CET 2026
#@# SubCort Seg Wed Mar 11 05:16:37 CET 2026
#@# CC Seg Wed Mar 11 05:51:50 CET 2026
#@# Merge ASeg Wed Mar 11 05:52:26 CET 2026
#@# Intensity Normalization2 Wed Mar 11 05:52:26 CET 2026
#@# Mask BFS Wed Mar 11 05:54:41 CET 2026
#@# WM Segmentation Wed Mar 11 05:54:42 CET 2026
#@# Fill Wed Mar 11 05:56:55 CET 2026
recon-all -s sub-v2s13x29116_ses-1 finished without error at Wed Mar 11 05:57:57 CET 2026



#New# invocation of recon-all 



status file for recon-all
Wed Mar 11 07:02:51 CET 2026
#@# white curv lh Wed Mar 11 07:02:51 CET 2026
#@# white area lh Wed Mar 11 07:02:51 CET 2026
#@# pial curv lh Wed Mar 11 07:02:51 CET 2026
#@# pial area lh Wed Mar 11 07:02:51 CET 2026
#@# thickness lh Wed Mar 11 07:02:51 CET 2026
#@# area and vertex vol lh Wed Mar 11 07:02:51 CET 2026
#@# white curv rh Wed Mar 11 07:02:51 CET 2026
#@# white area rh Wed Mar 11 07:02:51 CET 2026
#@# pial curv rh Wed Mar 11 07:02:51 CET 2026
#@# pial area rh Wed Mar 11 07:02:51 CET 2026
#@# thickness rh Wed Mar 11 07:02:51 CET 2026
#@# area and vertex vol rh Wed Mar 11 07:02:51 CET 2026
#@# Cortical ribbon mask Wed Mar 11 07:02:51 CET 2026
recon-all -s sub-v2s13x29116_ses-1 finished without error at Wed Mar 11 07:11:46 CET 2026



#New# invocation of recon-all 



status file for recon-all
Wed Mar 11 07:20:40 CET 2026
#@# white curv lh Wed Mar 11 07:20:40 CET 2026
#@# white area lh Wed Mar 11 07:20:40 CET 2026
#@# pial curv lh Wed Mar 11 07:20:40 CET 2026
#@# pial area lh Wed Mar 11 07:20:40 CET 2026
#@# thickness lh Wed Mar 11 07:20:40 CET 2026
#@# area and vertex vol lh Wed Mar 11 07:20:40 CET 2026
#@# white curv rh Wed Mar 11 07:20:40 CET 2026
#@# white area rh Wed Mar 11 07:20:40 CET 2026
#@# pial curv rh Wed Mar 11 07:20:40 CET 2026
#@# pial area rh Wed Mar 11 07:20:40 CET 2026
#@# thickness rh Wed Mar 11 07:20:40 CET 2026
#@# area and vertex vol rh Wed Mar 11 07:20:40 CET 2026
#@# Curvature Stats lh Wed Mar 11 07:20:40 CET 2026
#@# Curvature Stats rh Wed Mar 11 07:20:43 CET 2026
#@# Relabel Hypointensities Wed Mar 11 07:20:46 CET 2026
#@# APas-to-ASeg Wed Mar 11 07:21:07 CET 2026
#@# AParc-to-ASeg aparc Wed Mar 11 07:21:18 CET 2026
#@# AParc-to-ASeg aparc.a2009s Wed Mar 11 07:22:20 CET 2026
#@# AParc-to-ASeg aparc.DKTatlas Wed Mar 11 07:23:21 CET 2026
#@# WMParc Wed Mar 11 07:24:21 CET 2026
#@# ASeg Stats Wed Mar 11 07:28:08 CET 2026
recon-all -s sub-v2s13x29116_ses-1 finished without error at Wed Mar 11 07:28:46 CET 2026
