status file for recon-all
Wed Mar 11 05:58:01 CET 2026
#@# Tessellate lh Wed Mar 11 05:58:01 CET 2026
#@# Smooth1 lh Wed Mar 11 05:58:06 CET 2026
#@# Inflation1 lh Wed Mar 11 05:58:09 CET 2026
#@# QSphere lh Wed Mar 11 05:59:52 CET 2026
#@# Fix Topology lh Wed Mar 11 06:01:39 CET 2026
#@# Smooth2 lh Wed Mar 11 06:10:01 CET 2026
#@# Inflation2 lh Wed Mar 11 06:10:04 CET 2026
#@# Curv .H and .K lh Wed Mar 11 06:10:36 CET 2026
#@# Sphere lh Wed Mar 11 06:11:38 CET 2026
#@# Surf Reg lh Wed Mar 11 06:15:53 CET 2026
#@# Jacobian white lh Wed Mar 11 06:21:37 CET 2026
#@# AvgCurv lh Wed Mar 11 06:21:38 CET 2026
#@# Cortical Parc lh Wed Mar 11 06:21:40 CET 2026
#@# white curv lh Wed Mar 11 06:30:04 CET 2026
#@# white area lh Wed Mar 11 06:30:06 CET 2026
#@# pial curv lh Wed Mar 11 06:30:07 CET 2026
#@# pial area lh Wed Mar 11 06:30:10 CET 2026
#@# thickness lh Wed Mar 11 06:30:10 CET 2026
#@# area and vertex vol lh Wed Mar 11 06:30:51 CET 2026
#@# Curvature Stats lh Wed Mar 11 06:30:53 CET 2026
#@# Cortical Parc 2 lh Wed Mar 11 06:30:56 CET 2026
#@# Cortical Parc 3 lh Wed Mar 11 06:31:13 CET 2026
#@# WM/GM Contrast lh Wed Mar 11 06:31:26 CET 2026
recon-all -s sub-v2s13x29116_ses-1 finished without error at Wed Mar 11 06:31:31 CET 2026



#New# invocation of recon-all 



status file for recon-all
Wed Mar 11 07:11:51 CET 2026
#@# white curv lh Wed Mar 11 07:11:51 CET 2026
#@# white area lh Wed Mar 11 07:11:51 CET 2026
#@# pial curv lh Wed Mar 11 07:11:51 CET 2026
#@# pial area lh Wed Mar 11 07:11:51 CET 2026
#@# thickness lh Wed Mar 11 07:11:51 CET 2026
#@# area and vertex vol lh Wed Mar 11 07:11:51 CET 2026
#@# Parcellation Stats lh Wed Mar 11 07:11:51 CET 2026
#@# Parcellation Stats 2 lh Wed Mar 11 07:12:21 CET 2026
#@# Parcellation Stats 3 lh Wed Mar 11 07:12:36 CET 2026
#@# BA_exvivo Labels lh Wed Mar 11 07:12:51 CET 2026
recon-all -s sub-v2s13x29116_ses-1 finished without error at Wed Mar 11 07:16:12 CET 2026
