status file for recon-all
Wed Mar 11 06:31:33 CET 2026
#@# Tessellate rh Wed Mar 11 06:31:33 CET 2026
#@# Smooth1 rh Wed Mar 11 06:31:37 CET 2026
#@# Inflation1 rh Wed Mar 11 06:31:41 CET 2026
#@# QSphere rh Wed Mar 11 06:33:01 CET 2026
#@# Fix Topology rh Wed Mar 11 06:34:54 CET 2026
#@# Smooth2 rh Wed Mar 11 06:42:00 CET 2026
#@# Inflation2 rh Wed Mar 11 06:42:04 CET 2026
#@# Curv .H and .K rh Wed Mar 11 06:42:32 CET 2026
#@# Sphere rh Wed Mar 11 06:43:38 CET 2026
#@# Surf Reg rh Wed Mar 11 06:47:12 CET 2026
#@# Jacobian white rh Wed Mar 11 06:52:53 CET 2026
#@# AvgCurv rh Wed Mar 11 06:52:55 CET 2026
#@# Cortical Parc rh Wed Mar 11 06:52:56 CET 2026
#@# white curv rh Wed Mar 11 07:01:19 CET 2026
#@# white area rh Wed Mar 11 07:01:21 CET 2026
#@# pial curv rh Wed Mar 11 07:01:22 CET 2026
#@# pial area rh Wed Mar 11 07:01:24 CET 2026
#@# thickness rh Wed Mar 11 07:01:26 CET 2026
#@# area and vertex vol rh Wed Mar 11 07:02:06 CET 2026
#@# Curvature Stats rh Wed Mar 11 07:02:08 CET 2026
#@# Cortical Parc 2 rh Wed Mar 11 07:02:11 CET 2026
#@# Cortical Parc 3 rh Wed Mar 11 07:02:28 CET 2026
#@# WM/GM Contrast rh Wed Mar 11 07:02:41 CET 2026
recon-all -s sub-v2s13x29116_ses-1 finished without error at Wed Mar 11 07:02:46 CET 2026



#New# invocation of recon-all 



status file for recon-all
Wed Mar 11 07:16:14 CET 2026
#@# white curv rh Wed Mar 11 07:16:14 CET 2026
#@# white area rh Wed Mar 11 07:16:14 CET 2026
#@# pial curv rh Wed Mar 11 07:16:14 CET 2026
#@# pial area rh Wed Mar 11 07:16:14 CET 2026
#@# thickness rh Wed Mar 11 07:16:14 CET 2026
#@# area and vertex vol rh Wed Mar 11 07:16:14 CET 2026
#@# Parcellation Stats rh Wed Mar 11 07:16:14 CET 2026
#@# Parcellation Stats 2 rh Wed Mar 11 07:16:45 CET 2026
#@# Parcellation Stats 3 rh Wed Mar 11 07:17:00 CET 2026
#@# BA_exvivo Labels rh Wed Mar 11 07:17:15 CET 2026
recon-all -s sub-v2s13x29116_ses-1 finished without error at Wed Mar 11 07:20:35 CET 2026
