/out/sourcedata/freesurfer/sub-v2s13x29109_ses-1/mri
/opt/freesurfer/bin/talairach_avi
--i orig_nu.mgz --xfm transforms/talairach.auto.xfm
talairach_avi 7.3.2
Linux dna063 5.14.0-427.37.1.el9_4.x86_64 #1 SMP PREEMPT_DYNAMIC Fri Sep 13 12:41:50 EDT 2024 x86_64 x86_64 x86_64 GNU/Linux
Wed Mar 11 03:46:16 CET 2026
mri_convert orig_nu.mgz talsrcimg.img 
reading from orig_nu.mgz...
TR=0.00, TE=0.00, TI=0.00, flip angle=0.00
i_ras = (-1, -1.0447e-09, -4.85907e-11)
j_ras = (6.47877e-11, 3.31713e-08, -1)
k_ras = (1.00826e-09, 1, 0)
writing to talsrcimg.img...
Analyze Output Matrix
-0.89844   0.00000   0.00000   118.42403;
-0.00000   0.00000   0.89844  -119.96591;
-0.00000  -0.89844   0.00000   150.61978;
 0.00000   0.00000   0.00000   1.00000;
--------------------
INFO: set hdr.hist.orient to -1
mpr2mni305 talsrcimg
Wed Mar 11 03:46:17 CET 2026
/opt/freesurfer/bin/mpr2mni305 talsrcimg
mpr2mni305 7.3.2
target=711-2C_as_mni_average_305

---------------------------------------------------------------------
analyzeto4dfp talsrcimg -O0 -y
---------------------------------------------------------------------

freesurfer ifh2hdr.c
Wed Mar 11 03:46:17 2026
Writing: talsrcimg.4dfp.hdr
freesurfer analyzeto4dfp.c
Reading: talsrcimg.hdr
header size 348 bytes
hdr.dime.datatype	offset=70	value=2
hdr.dime.bitpix		offset=72	value=8
hdr.hist.orient		offset=252	value=-1
dimensionality     4
dimensions       256       256       256         1
Reading: talsrcimg.img
Writing: talsrcimg.4dfp.img
Writing: talsrcimg.4dfp.ifh
ifh2hdr talsrcimg -r0to243
ori=2

---------------------------------------------------------------------
gauss_4dfp talsrcimg 1.1
---------------------------------------------------------------------

freesurfer gauss_4dfp.c
Reading: talsrcimg.4dfp.img
Writing: talsrcimg_g11.4dfp.img
image dimensions 256 256 256 padded to 288 288 288
processing volume 1freesurfer ifh2hdr.c
Wed Mar 11 03:46:19 2026
Writing: talsrcimg_g11.4dfp.hdr

Writing: talsrcimg_g11.4dfp.ifh
including: talsrcimg.4dfp.img.rec in talsrcimg_g11.4dfp.img.rec

---------------------------------------------------------------------
imgreg_4dfp /opt/freesurfer/average/711-2C_as_mni_average_305 none talsrcimg_g11 none talsrcimg_to_711-2C_as_mni_average_305_t4 4355
---------------------------------------------------------------------

freesurfer imgreg_4dfp.c
/opt/freesurfer/average/711-2C_as_mni_average_305.4dfp.img
       256       256       256         1
  1.000000  1.000000  1.000000
orientation T byte_order littleendian
Reading image: /opt/freesurfer/average/711-2C_as_mni_average_305.4dfp.img
dimensions:      256       256       256
mmppix:       1.0000   -1.0000   -1.0000
center:     128.0000 -129.0000 -129.0000
talsrcimg_g11.4dfp.img
       256       256       256         1
  0.898438  0.898438  0.898438
orientation T byte_order littleendian
Reading image: talsrcimg_g11.4dfp.img
dimensions:      256       256       256
mmppix:       0.8984   -0.8984   -0.8984
center:     115.0001 -115.8985 -115.8985
t4_read: open error in t4_sub.f l:  41 t4_file(1:l)talsrcimg_to_711-2C_as_mni_average_305_t4 
t4_read: transform initialized to I4
rotation matrix determinant  1.000000
image alignment mode   4355 decimal     1103 hex
   -7.5000  -45.0000  -45.0000 6157.6123   14.1727
    0.0000  -45.0000  -45.0000 6211.3579   14.2049
    7.5000  -45.0000  -45.0000 5900.8501   14.2169
   -7.5000  -37.5000  -45.0000 6504.3135   15.0575
    0.0000  -37.5000  -45.0000 6559.0620   15.0898
    7.5000  -37.5000  -45.0000 6219.9634   15.1045
   -7.5000  -30.0000  -45.0000 6899.5835   15.5645
    0.0000  -30.0000  -45.0000 6959.2041   15.5988
    7.5000  -30.0000  -45.0000 6601.0039   15.6082
   -7.5000  -22.5000  -45.0000 7425.0386   15.5886
    0.0000  -22.5000  -45.0000 7499.0176   15.6259
    7.5000  -22.5000  -45.0000 7084.8462   15.6270
   -7.5000  -15.0000  -45.0000 7917.6074   15.5787
    0.0000  -15.0000  -45.0000 7976.1538   15.6197
    7.5000  -15.0000  -45.0000 7531.9385   15.6195
   -7.5000   -7.5000  -45.0000 7972.1616   15.5479
    0.0000   -7.5000  -45.0000 8005.5405   15.5878
    7.5000   -7.5000  -45.0000 7576.0728   15.5933
   -7.5000    0.0000  -45.0000 7962.5278   15.5234
    0.0000    0.0000  -45.0000 7987.0806   15.5585
    7.5000    0.0000  -45.0000 7539.8120   15.5715
   -7.5000    7.5000  -45.0000 7528.5703   15.5321
    0.0000    7.5000  -45.0000 7553.9683   15.5655
    7.5000    7.5000  -45.0000 7129.7095   15.5806
   -7.5000   15.0000  -45.0000 7278.1973   15.5645
    0.0000   15.0000  -45.0000 7311.6294   15.5988
    7.5000   15.0000  -45.0000 6893.5708   15.6082
   -7.5000   22.5000  -45.0000 6696.6509   15.4059
    0.0000   22.5000  -45.0000 6747.8711   15.4428
    7.5000   22.5000  -45.0000 6346.0454   15.4440
   -7.5000   30.0000  -45.0000 6203.2046   15.1665
    0.0000   30.0000  -45.0000 6255.1255   15.2074
    7.5000   30.0000  -45.0000 5874.0210   15.2068
   -7.5000   37.5000  -45.0000 5709.3618   14.9518
    0.0000   37.5000  -45.0000 5744.0186   14.9883
    7.5000   37.5000  -45.0000 5392.9263   14.9911
   -7.5000   45.0000  -45.0000 5201.6089   14.9177
    0.0000   45.0000  -45.0000 5228.8242   14.9436
    7.5000   45.0000  -45.0000 4917.0205   14.9502
   -7.5000  -45.0000  -37.5000 6751.1743   14.7720
    0.0000  -45.0000  -37.5000 6784.4268   14.8039
    7.5000  -45.0000  -37.5000 6441.3662   14.8198
   -7.5000  -37.5000  -37.5000 7117.1060   15.7006
    0.0000  -37.5000  -37.5000 7160.2661   15.7308
    7.5000  -37.5000  -37.5000 6785.7173   15.7471
   -7.5000  -30.0000  -37.5000 7546.6333   16.1980
    0.0000  -30.0000  -37.5000 7602.1240   16.2320
    7.5000  -30.0000  -37.5000 7196.3945   16.2446
   -7.5000  -22.5000  -37.5000 8093.0142   16.2201
    0.0000  -22.5000  -37.5000 8151.8608   16.2612
    7.5000  -22.5000  -37.5000 7698.9761   16.2702
   -7.5000  -15.0000  -37.5000 8600.0498   16.2103
    0.0000  -15.0000  -37.5000 8655.1113   16.2572
    7.5000  -15.0000  -37.5000 8191.1006   16.2680
   -7.5000   -7.5000  -37.5000 8637.4023   16.1817
    0.0000   -7.5000  -37.5000 8676.3926   16.2254
    7.5000   -7.5000  -37.5000 8217.3369   16.2398
   -7.5000    0.0000  -37.5000 8638.5957   16.1594
    0.0000    0.0000  -37.5000 8661.5957   16.1941
    7.5000    0.0000  -37.5000 8198.5527   16.2114
   -7.5000    7.5000  -37.5000 8202.6816   16.1670
    0.0000    7.5000  -37.5000 8221.6982   16.1981
    7.5000    7.5000  -37.5000 7778.6182   16.2149
   -7.5000   15.0000  -37.5000 7911.9902   16.1973
    0.0000   15.0000  -37.5000 7942.9414   16.2312
    7.5000   15.0000  -37.5000 7509.5327   16.2438
   -7.5000   22.5000  -37.5000 7251.0801   16.0335
    0.0000   22.5000  -37.5000 7282.0044   16.0741
    7.5000   22.5000  -37.5000 6876.5811   16.0829
   -7.5000   30.0000  -37.5000 6692.9175   15.7934
    0.0000   30.0000  -37.5000 6722.2920   15.8403
    7.5000   30.0000  -37.5000 6337.6738   15.8503
   -7.5000   37.5000  -37.5000 6162.4902   15.5712
    0.0000   37.5000  -37.5000 6161.4771   15.6122
    7.5000   37.5000  -37.5000 5812.2598   15.6228
   -7.5000   45.0000  -37.5000 5612.9824   15.5210
    0.0000   45.0000  -37.5000 5621.8213   15.5469
    7.5000   45.0000  -37.5000 5301.1875   15.5551
   -7.5000  -45.0000  -30.0000 7347.8994   15.3438
    0.0000  -45.0000  -30.0000 7392.3965   15.3805
    7.5000  -45.0000  -30.0000 7011.7305   15.3990
   -7.5000  -37.5000  -30.0000 7739.8237   16.3128
    0.0000  -37.5000  -30.0000 7777.3999   16.3488
    7.5000  -37.5000  -30.0000 7376.3530   16.3664
   -7.5000  -30.0000  -30.0000 8232.4023   16.8049
    0.0000  -30.0000  -30.0000 8264.7354   16.8463
    7.5000  -30.0000  -30.0000 7822.3940   16.8621
   -7.5000  -22.5000  -30.0000 8786.0752   16.8298
    0.0000  -22.5000  -30.0000 8832.2168   16.8794
    7.5000  -22.5000  -30.0000 8362.3301   16.8953
   -7.5000  -15.0000  -30.0000 9314.2002   16.8225
    0.0000  -15.0000  -30.0000 9370.2227   16.8771
    7.5000  -15.0000  -30.0000 8871.0117   16.8964
   -7.5000   -7.5000  -30.0000 9320.6465   16.7928
    0.0000   -7.5000  -30.0000 9389.1104   16.8425
    7.5000   -7.5000  -30.0000 8890.3477   16.8633
   -7.5000    0.0000  -30.0000 9330.3838   16.7677
    0.0000    0.0000  -30.0000 9366.8613   16.8075
    7.5000    0.0000  -30.0000 8876.3584   16.8277
   -7.5000    7.5000  -30.0000 8864.0068   16.7720
    0.0000    7.5000  -30.0000 8881.2871   16.8090
    7.5000    7.5000  -30.0000 8424.5176   16.8271
   -7.5000   15.0000  -30.0000 8549.3896   16.8026
    0.0000   15.0000  -30.0000 8569.0674   16.8440
    7.5000   15.0000  -30.0000 8136.5542   16.8598
   -7.5000   22.5000  -30.0000 7800.1367   16.6371
    0.0000   22.5000  -30.0000 7812.9189   16.6861
    7.5000   22.5000  -30.0000 7407.8149   16.7018
   -7.5000   30.0000  -30.0000 7168.9087   16.4035
    0.0000   30.0000  -30.0000 7193.2222   16.4577
    7.5000   30.0000  -30.0000 6817.6826   16.4758
   -7.5000   37.5000  -30.0000 6594.2583   16.1865
    0.0000   37.5000  -30.0000 6591.9365   16.2344
    7.5000   37.5000  -30.0000 6243.5405   16.2503
   -7.5000   45.0000  -30.0000 5998.9917   16.1232
    0.0000   45.0000  -30.0000 6001.7622   16.1559
    7.5000   45.0000  -30.0000 5668.8521   16.1662
   -7.5000  -45.0000  -22.5000 7916.2676   15.8635
    0.0000  -45.0000  -22.5000 7962.2632   15.9022
    7.5000  -45.0000  -22.5000 7562.3066   15.9157
   -7.5000  -37.5000  -22.5000 8350.5586   16.8763
    0.0000  -37.5000  -22.5000 8388.4023   16.9166
    7.5000  -37.5000  -22.5000 7972.8716   16.9300
   -7.5000  -30.0000  -22.5000 8876.4492   17.3650
    0.0000  -30.0000  -22.5000 8905.2773   17.4112
    7.5000  -30.0000  -22.5000 8444.9668   17.4241
   -7.5000  -22.5000  -22.5000 9480.1553   17.3901
    0.0000  -22.5000  -22.5000 9513.1221   17.4423
    7.5000  -22.5000  -22.5000 9002.7627   17.4554
   -7.5000  -15.0000  -22.500010048.3506   17.3826
    0.0000  -15.0000  -22.500010085.2705   17.4368
    7.5000  -15.0000  -22.5000 9551.3262   17.4518
   -7.5000   -7.5000  -22.500010048.2969   17.3515
    0.0000   -7.5000  -22.500010090.9580   17.4008
    7.5000   -7.5000  -22.5000 9570.9521   17.4160
   -7.5000    0.0000  -22.500010025.1357   17.3258
    0.0000    0.0000  -22.500010053.8740   17.3679
    7.5000    0.0000  -22.5000 9531.5742   17.3825
   -7.5000    7.5000  -22.5000 9514.4346   17.3297
    0.0000    7.5000  -22.5000 9523.5781   17.3711
    7.5000    7.5000  -22.5000 9035.7266   17.3849
   -7.5000   15.0000  -22.5000 9195.1582   17.3608
    0.0000   15.0000  -22.5000 9200.4707   17.4070
    7.5000   15.0000  -22.5000 8737.5977   17.4199
   -7.5000   22.5000  -22.5000 8365.6768   17.1904
    0.0000   22.5000  -22.5000 8357.1504   17.2421
    7.5000   22.5000  -22.5000 7951.7710   17.2551
   -7.5000   30.0000  -22.5000 7667.4419   16.9602
    0.0000   30.0000  -22.5000 7662.3701   17.0137
    7.5000   30.0000  -22.5000 7306.9385   17.0272
   -7.5000   37.5000  -22.5000 7026.1494   16.7495
    0.0000   37.5000  -22.5000 7010.2876   16.7974
    7.5000   37.5000  -22.5000 6662.2012   16.8075
   -7.5000   45.0000  -22.5000 6376.3633   16.6856
    0.0000   45.0000  -22.5000 6366.8223   16.7218
    7.5000   45.0000  -22.5000 6024.8076   16.7283
   -7.5000  -45.0000  -15.0000 8504.2744   16.4179
    0.0000  -45.0000  -15.0000 8538.6211   16.4575
    7.5000  -45.0000  -15.0000 8106.9341   16.4659
   -7.5000  -37.5000  -15.0000 8968.8828   17.4691
    0.0000  -37.5000  -15.0000 8997.1436   17.5118
    7.5000  -37.5000  -15.0000 8555.7734   17.5232
   -7.5000  -30.0000  -15.0000 9531.2227   17.9609
    0.0000  -30.0000  -15.0000 9544.5713   18.0079
    7.5000  -30.0000  -15.0000 9054.7383   18.0179
   -7.5000  -22.5000  -15.000010186.3291   17.9849
    0.0000  -22.5000  -15.000010199.5898   18.0341
    7.5000  -22.5000  -15.0000 9668.2490   18.0397
   -7.5000  -15.0000  -15.000010805.0703   17.9733
    0.0000  -15.0000  -15.000010818.1914   18.0230
    7.5000  -15.0000  -15.000010262.2207   18.0265
   -7.5000   -7.5000  -15.000010802.5117   17.9392
    0.0000   -7.5000  -15.000010836.7070   17.9860
    7.5000   -7.5000  -15.000010283.3008   17.9906
   -7.5000    0.0000  -15.000010720.9053   17.9140
    0.0000    0.0000  -15.000010749.6143   17.9570
    7.5000    0.0000  -15.000010190.8398   17.9659
   -7.5000    7.5000  -15.000010132.4902   17.9211
    0.0000    7.5000  -15.000010140.8799   17.9648
    7.5000    7.5000  -15.0000 9640.0557   17.9765
   -7.5000   15.0000  -15.0000 9799.7607   17.9553
    0.0000   15.0000  -15.0000 9783.6484   18.0024
    7.5000   15.0000  -15.0000 9335.8564   18.0123
   -7.5000   22.5000  -15.0000 8907.4795   17.7782
    0.0000   22.5000  -15.0000 8879.0586   17.8270
    7.5000   22.5000  -15.0000 8496.2295   17.8326
   -7.5000   30.0000  -15.0000 8161.8037   17.5453
    0.0000   30.0000  -15.0000 8150.9067   17.5942
    7.5000   30.0000  -15.0000 7791.8164   17.5964
   -7.5000   37.5000  -15.0000 7455.4321   17.3362
    0.0000   37.5000  -15.0000 7451.6270   17.3807
    7.5000   37.5000  -15.0000 7090.6128   17.3817
   -7.5000   45.0000  -15.0000 6734.5015   17.2823
    0.0000   45.0000  -15.0000 6720.5024   17.3186
    7.5000   45.0000  -15.0000 6378.0869   17.3219
   -7.5000  -45.0000   -7.5000 8821.5762   16.4411
    0.0000  -45.0000   -7.5000 8874.1719   16.4784
    7.5000  -45.0000   -7.5000 8394.8086   16.4867
   -7.5000  -37.5000   -7.5000 9331.1201   17.4948
    0.0000  -37.5000   -7.5000 9372.3936   17.5347
    7.5000  -37.5000   -7.5000 8867.5557   17.5481
   -7.5000  -30.0000   -7.5000 9888.5449   17.9900
    0.0000  -30.0000   -7.5000 9918.8223   18.0325
    7.5000  -30.0000   -7.5000 9380.4814   18.0420
   -7.5000  -22.5000   -7.500010568.5967   18.0149
    0.0000  -22.5000   -7.500010616.0283   18.0583
    7.5000  -22.5000   -7.500010007.7314   18.0585
   -7.5000  -15.0000   -7.500011214.8701   18.0015
    0.0000  -15.0000   -7.500011248.2959   18.0460
    7.5000  -15.0000   -7.500010635.0850   18.0419
   -7.5000   -7.5000   -7.500011244.0986   17.9653
    0.0000   -7.5000   -7.500011292.6221   18.0087
    7.5000   -7.5000   -7.500010651.6270   18.0085
   -7.5000    0.0000   -7.500011130.4619   17.9392
    0.0000    0.0000   -7.500011165.5156   17.9797
    7.5000    0.0000   -7.500010524.9268   17.9886
   -7.5000    7.5000   -7.500010476.9570   17.9474
    0.0000    7.5000   -7.500010480.4668   17.9883
    7.5000    7.5000   -7.5000 9927.4580   18.0021
   -7.5000   15.0000   -7.500010118.2871   17.9845
    0.0000   15.0000   -7.500010091.3828   18.0269
    7.5000   15.0000   -7.5000 9629.5508   18.0365
   -7.5000   22.5000   -7.5000 9175.4170   17.8072
    0.0000   22.5000   -7.5000 9142.6270   17.8502
    7.5000   22.5000   -7.5000 8759.1240   17.8504
   -7.5000   30.0000   -7.5000 8422.5596   17.5685
    0.0000   30.0000   -7.5000 8389.6699   17.6128
    7.5000   30.0000   -7.5000 8033.4424   17.6079
   -7.5000   37.5000   -7.5000 7702.8857   17.3524
    0.0000   37.5000   -7.5000 7670.7505   17.3923
    7.5000   37.5000   -7.5000 7312.9570   17.3894
   -7.5000   45.0000   -7.5000 6929.3022   17.3023
    0.0000   45.0000   -7.5000 6902.2144   17.3340
    7.5000   45.0000   -7.5000 6565.7451   17.3378
   -7.5000  -45.0000    0.0000 8979.5293   16.8447
    0.0000  -45.0000    0.0000 9029.1426   16.8802
    7.5000  -45.0000    0.0000 8535.9053   16.8940
   -7.5000  -37.5000    0.0000 9504.8877   17.9174
    0.0000  -37.5000    0.0000 9556.5605   17.9530
    7.5000  -37.5000    0.0000 9023.1553   17.9710
   -7.5000  -30.0000    0.000010081.1396   18.4152
    0.0000  -30.0000    0.000010139.9268   18.4531
    7.5000  -30.0000    0.0000 9570.9609   18.4657
   -7.5000  -22.5000    0.000010781.4023   18.4417
    0.0000  -22.5000    0.000010859.4004   18.4834
    7.5000  -22.5000    0.000010215.1152   18.4862
   -7.5000  -15.0000    0.000011422.8467   18.4268
    0.0000  -15.0000    0.000011501.4707   18.4727
    7.5000  -15.0000    0.000010812.5684   18.4729
   -7.5000   -7.5000    0.000011471.2617   18.3888
    0.0000   -7.5000    0.000011536.2373   18.4332
    7.5000   -7.5000    0.000010819.2236   18.4390
   -7.5000    0.0000    0.000011311.2881   18.3614
    0.0000    0.0000    0.000011350.7461   18.3998
    7.5000    0.0000    0.000010687.4688   18.4147
   -7.5000    7.5000    0.000010625.0674   18.3688
    0.0000    7.5000    0.000010658.8594   18.4053
    7.5000    7.5000    0.000010069.4395   18.4238
   -7.5000   15.0000    0.000010255.9863   18.4087
    0.0000   15.0000    0.000010249.1592   18.4466
    7.5000   15.0000    0.0000 9748.8848   18.4591
   -7.5000   22.5000    0.0000 9323.1143   18.2339
    0.0000   22.5000    0.0000 9313.3916   18.2752
    7.5000   22.5000    0.0000 8889.8555   18.2779
   -7.5000   30.0000    0.0000 8545.9600   17.9938
    0.0000   30.0000    0.0000 8537.7705   18.0398
    7.5000   30.0000    0.0000 8134.3818   18.0394
   -7.5000   37.5000    0.0000 7828.2104   17.7785
    0.0000   37.5000    0.0000 7801.4248   17.8191
    7.5000   37.5000    0.0000 7411.4497   17.8219
   -7.5000   45.0000    0.0000 7017.5444   17.7471
    0.0000   45.0000    0.0000 7016.7793   17.7750
    7.5000   45.0000    0.0000 6647.7026   17.7826
   -7.5000  -45.0000    7.5000 8798.6201   16.8118
    0.0000  -45.0000    7.5000 8856.4678   16.8489
    7.5000  -45.0000    7.5000 8344.4453   16.8684
   -7.5000  -37.5000    7.5000 9300.3252   17.8812
    0.0000  -37.5000    7.5000 9376.3613   17.9168
    7.5000  -37.5000    7.5000 8822.3535   17.9373
   -7.5000  -30.0000    7.5000 9900.7529   18.3750
    0.0000  -30.0000    7.5000 9993.8340   18.4150
    7.5000  -30.0000    7.5000 9392.8457   18.4315
   -7.5000  -22.5000    7.500010658.5586   18.3995
    0.0000  -22.5000    7.500010778.3018   18.4472
    7.5000  -22.5000    7.500010086.4668   18.4595
   -7.5000  -15.0000    7.500011341.0547   18.3854
    0.0000  -15.0000    7.500011449.3770   18.4394
    7.5000  -15.0000    7.500010673.4834   18.4532
   -7.5000   -7.5000    7.500011332.1963   18.3506
    0.0000   -7.5000    7.500011447.0107   18.4008
    7.5000   -7.5000    7.500010613.5850   18.4184
   -7.5000    0.0000    7.500011116.3350   18.3256
    0.0000    0.0000    7.500011209.3086   18.3657
    7.5000    0.0000    7.500010437.6045   18.3869
   -7.5000    7.5000    7.500010405.3281   18.3317
    0.0000    7.5000    7.500010491.4287   18.3682
    7.5000    7.5000    7.5000 9797.2998   18.3893
   -7.5000   15.0000    7.500010032.7559   18.3685
    0.0000   15.0000    7.500010083.6553   18.4085
    7.5000   15.0000    7.5000 9489.3799   18.4250
   -7.5000   22.5000    7.5000 9146.5996   18.1950
    0.0000   22.5000    7.5000 9181.4414   18.2422
    7.5000   22.5000    7.5000 8676.3369   18.2543
   -7.5000   30.0000    7.5000 8392.4590   17.9577
    0.0000   30.0000    7.5000 8420.2148   18.0117
    7.5000   30.0000    7.5000 7970.3784   18.0247
   -7.5000   37.5000    7.5000 7673.8530   17.7467
    0.0000   37.5000    7.5000 7674.3345   17.7941
    7.5000   37.5000    7.5000 7271.1577   17.8075
   -7.5000   45.0000    7.5000 6895.6978   17.7211
    0.0000   45.0000    7.5000 6897.9985   17.7516
    7.5000   45.0000    7.5000 6534.1680   17.7630
   -7.5000  -45.0000   15.0000 8874.5703   16.7902
    0.0000  -45.0000   15.0000 8944.1094   16.8296
    7.5000  -45.0000   15.0000 8427.1982   16.8496
   -7.5000  -37.5000   15.0000 9386.1533   17.8548
    0.0000  -37.5000   15.0000 9451.2715   17.8937
    7.5000  -37.5000   15.0000 8897.0977   17.9127
   -7.5000  -30.0000   15.000010040.2285   18.3440
    0.0000  -30.0000   15.000010163.1777   18.3892
    7.5000  -30.0000   15.0000 9508.8682   18.4067
   -7.5000  -22.5000   15.000010955.4150   18.3689
    0.0000  -22.5000   15.000011181.1328   18.4231
    7.5000  -22.5000   15.000010312.3867   18.4411
   -7.5000  -15.0000   15.000011801.5234   18.3590
    0.0000  -15.0000   15.000012066.2539   18.4184
    7.5000  -15.0000   15.000010976.5410   18.4399
   -7.5000   -7.5000   15.000011713.9316   18.3271
    0.0000   -7.5000   15.000011941.1855   18.3808
    7.5000   -7.5000   15.000010857.9502   18.4036
   -7.5000    0.0000   15.000011391.6104   18.3020
    0.0000    0.0000   15.000011552.7998   18.3448
    7.5000    0.0000   15.000010609.2275   18.3665
   -7.5000    7.5000   15.000010574.8418   18.3046
    0.0000    7.5000   15.000010672.0381   18.3445
    7.5000    7.5000   15.0000 9886.3184   18.3640
   -7.5000   15.0000   15.000010175.8848   18.3375
    0.0000   15.0000   15.000010236.9238   18.3827
    7.5000   15.0000   15.0000 9566.8438   18.4001
   -7.5000   22.5000   15.0000 9276.2686   18.1651
    0.0000   22.5000   15.0000 9327.6201   18.2189
    7.5000   22.5000   15.0000 8754.8896   18.2366
   -7.5000   30.0000   15.0000 8507.6094   17.9362
    0.0000   30.0000   15.0000 8551.9775   17.9955
    7.5000   30.0000   15.0000 8050.8584   18.0157
   -7.5000   37.5000   15.0000 7742.8237   17.7336
    0.0000   37.5000   15.0000 7776.2666   17.7856
    7.5000   37.5000   15.0000 7321.8452   17.8031
   -7.5000   45.0000   15.0000 6952.1128   17.7037
    0.0000   45.0000   15.0000 6981.5605   17.7390
    7.5000   45.0000   15.0000 6569.1362   17.7501
   -7.5000  -45.0000   22.5000 8549.2646   16.8472
    0.0000  -45.0000   22.5000 8615.9033   16.8877
    7.5000  -45.0000   22.5000 8100.4297   16.9018
   -7.5000  -37.5000   22.5000 9033.0957   17.9157
    0.0000  -37.5000   22.5000 9112.0420   17.9575
    7.5000  -37.5000   22.5000 8554.7266   17.9715
   -7.5000  -30.0000   22.5000 9668.5723   18.4068
    0.0000  -30.0000   22.5000 9806.4434   18.4548
    7.5000  -30.0000   22.5000 9110.9443   18.4682
   -7.5000  -22.5000   22.500010585.4609   18.4328
    0.0000  -22.5000   22.500010845.0107   18.4873
    7.5000  -22.5000   22.5000 9870.0928   18.5012
   -7.5000  -15.0000   22.500011379.8232   18.4239
    0.0000  -15.0000   22.500011761.7061   18.4809
    7.5000  -15.0000   22.500010545.5693   18.4969
   -7.5000   -7.5000   22.500011263.5449   18.3907
    0.0000   -7.5000   22.500011587.4180   18.4425
    7.5000   -7.5000   22.500010462.2998   18.4587
   -7.5000    0.0000   22.500010928.5303   18.3641
    0.0000    0.0000   22.500011136.9707   18.4080
    7.5000    0.0000   22.500010201.7236   18.4233
   -7.5000    7.5000   22.500010100.3027   18.3670
    0.0000    7.5000   22.500010230.8691   18.4100
    7.5000    7.5000   22.5000 9465.1680   18.4242
   -7.5000   15.0000   22.5000 9710.8271   18.4002
    0.0000   15.0000   22.5000 9802.6064   18.4483
    7.5000   15.0000   22.5000 9128.6582   18.4617
   -7.5000   22.5000   22.5000 8845.3027   18.2265
    0.0000   22.5000   22.5000 8904.2969   18.2805
    7.5000   22.5000   22.5000 8355.2256   18.2943
   -7.5000   30.0000   22.5000 8126.9741   18.0007
    0.0000   30.0000   22.5000 8170.6787   18.0570
    7.5000   30.0000   22.5000 7681.6494   18.0715
   -7.5000   37.5000   22.5000 7399.3799   17.8014
    0.0000   37.5000   22.5000 7429.3408   17.8518
    7.5000   37.5000   22.5000 6990.0352   17.8627
   -7.5000   45.0000   22.5000 6649.1890   17.7635
    0.0000   45.0000   22.5000 6664.8218   17.8013
    7.5000   45.0000   22.5000 6283.5396   17.8080
   -7.5000  -45.0000   30.0000 8144.4268   16.8988
    0.0000  -45.0000   30.0000 8199.5762   16.9403
    7.5000  -45.0000   30.0000 7701.7715   16.9484
   -7.5000  -37.5000   30.0000 8603.5312   17.9819
    0.0000  -37.5000   30.0000 8654.6475   18.0266
    7.5000  -37.5000   30.0000 8131.0039   18.0378
   -7.5000  -30.0000   30.0000 9189.4785   18.4803
    0.0000  -30.0000   30.0000 9263.7822   18.5295
    7.5000  -30.0000   30.0000 8650.6758   18.5391
   -7.5000  -22.5000   30.0000 9965.9941   18.5053
    0.0000  -22.5000   30.000010095.7129   18.5567
    7.5000  -22.5000   30.0000 9318.0908   18.5618
   -7.5000  -15.0000   30.000010628.3477   18.4932
    0.0000  -15.0000   30.000010799.4727   18.5452
    7.5000  -15.0000   30.0000 9943.2510   18.5480
   -7.5000   -7.5000   30.000010566.3193   18.4577
    0.0000   -7.5000   30.000010717.8779   18.5067
    7.5000   -7.5000   30.0000 9919.9922   18.5108
   -7.5000    0.0000   30.000010382.2881   18.4316
    0.0000    0.0000   30.000010496.9785   18.4765
    7.5000    0.0000   30.0000 9759.4639   18.4852
   -7.5000    7.5000   30.0000 9612.6055   18.4381
    0.0000    7.5000   30.0000 9704.2500   18.4839
    7.5000    7.5000   30.0000 9050.0674   18.4954
   -7.5000   15.0000   30.0000 9229.0117   18.4737
    0.0000   15.0000   30.0000 9296.1748   18.5229
    7.5000   15.0000   30.0000 8706.2168   18.5325
   -7.5000   22.5000   30.0000 8400.6973   18.2938
    0.0000   22.5000   30.0000 8447.2852   18.3449
    7.5000   22.5000   30.0000 7927.4326   18.3498
   -7.5000   30.0000   30.0000 7670.6577   18.0747
    0.0000   30.0000   30.0000 7728.3428   18.1260
    7.5000   30.0000   30.0000 7251.8843   18.1274
   -7.5000   37.5000   30.0000 6966.8267   17.8824
    0.0000   37.5000   30.0000 7013.3398   17.9291
    7.5000   37.5000   30.0000 6586.7866   17.9293
   -7.5000   45.0000   30.0000 6250.4673   17.8545
    0.0000   45.0000   30.0000 6288.1855   17.8927
    7.5000   45.0000   30.0000 5915.1987   17.8955
   -7.5000  -45.0000   37.5000 7663.5635   16.8864
    0.0000  -45.0000   37.5000 7687.8550   16.9291
    7.5000  -45.0000   37.5000 7261.5151   16.9394
   -7.5000  -37.5000   37.5000 8105.5811   17.9736
    0.0000  -37.5000   37.5000 8119.6948   18.0191
    7.5000  -37.5000   37.5000 7674.8760   18.0347
   -7.5000  -30.0000   37.5000 8643.0771   18.4647
    0.0000  -30.0000   37.5000 8688.2109   18.5127
    7.5000  -30.0000   37.5000 8171.1226   18.5239
   -7.5000  -22.5000   37.5000 9311.3691   18.4919
    0.0000  -22.5000   37.5000 9411.6475   18.5407
    7.5000  -22.5000   37.5000 8792.9395   18.5419
   -7.5000  -15.0000   37.5000 9897.6494   18.4779
    0.0000  -15.0000   37.5000 9997.5098   18.5281
    7.5000  -15.0000   37.5000 9340.6738   18.5249
   -7.5000   -7.5000   37.5000 9884.2666   18.4392
    0.0000   -7.5000   37.5000 9959.8760   18.4884
    7.5000   -7.5000   37.5000 9329.2734   18.4896
   -7.5000    0.0000   37.5000 9761.1309   18.4107
    0.0000    0.0000   37.5000 9822.9287   18.4570
    7.5000    0.0000   37.5000 9210.6387   18.4680
   -7.5000    7.5000   37.5000 9077.8203   18.4182
    0.0000    7.5000   37.5000 9132.4365   18.4648
    7.5000    7.5000   37.5000 8570.6074   18.4808
   -7.5000   15.0000   37.5000 8708.8047   18.4580
    0.0000   15.0000   37.5000 8758.5547   18.5059
    7.5000   15.0000   37.5000 8224.6553   18.5171
   -7.5000   22.5000   37.5000 7926.9067   18.2757
    0.0000   22.5000   37.5000 7968.8545   18.3241
    7.5000   22.5000   37.5000 7490.6875   18.3252
   -7.5000   30.0000   37.5000 7224.5190   18.0502
    0.0000   30.0000   37.5000 7281.9150   18.1002
    7.5000   30.0000   37.5000 6843.5005   18.0962
   -7.5000   37.5000   37.5000 6540.1006   17.8416
    0.0000   37.5000   37.5000 6595.7349   17.8873
    7.5000   37.5000   37.5000 6214.8047   17.8857
   -7.5000   45.0000   37.5000 5846.4126   17.8055
    0.0000   45.0000   37.5000 5892.5664   17.8426
    7.5000   45.0000   37.5000 5567.5737   17.8483
   -7.5000  -45.0000   45.0000 7169.5776   16.9351
    0.0000  -45.0000   45.0000 7176.9238   16.9763
    7.5000  -45.0000   45.0000 6797.0181   16.9921
   -7.5000  -37.5000   45.0000 7581.6387   18.0238
    0.0000  -37.5000   45.0000 7601.4878   18.0665
    7.5000  -37.5000   45.0000 7184.6699   18.0881
   -7.5000  -30.0000   45.0000 8077.5151   18.5014
    0.0000  -30.0000   45.0000 8123.5283   18.5469
    7.5000  -30.0000   45.0000 7641.5161   18.5629
   -7.5000  -22.5000   45.0000 8661.1436   18.5331
    0.0000  -22.5000   45.0000 8734.4072   18.5819
    7.5000  -22.5000   45.0000 8201.7969   18.5864
   -7.5000  -15.0000   45.0000 9188.4551   18.5200
    0.0000  -15.0000   45.0000 9235.2461   18.5723
    7.5000  -15.0000   45.0000 8694.1914   18.5727
   -7.5000   -7.5000   45.0000 9190.9756   18.4796
    0.0000   -7.5000   45.0000 9236.5908   18.5298
    7.5000   -7.5000   45.0000 8705.3350   18.5360
   -7.5000    0.0000   45.0000 9109.0986   18.4474
    0.0000    0.0000   45.0000 9148.9492   18.4920
    7.5000    0.0000   45.0000 8618.0635   18.5091
   -7.5000    7.5000   45.0000 8490.1230   18.4518
    0.0000    7.5000   45.0000 8531.7891   18.4955
    7.5000    7.5000   45.0000 8035.6797   18.5177
   -7.5000   15.0000   45.0000 8149.4351   18.4945
    0.0000   15.0000   45.0000 8185.7285   18.5400
    7.5000   15.0000   45.0000 7708.4883   18.5560
   -7.5000   22.5000   45.0000 7434.3818   18.3002
    0.0000   22.5000   45.0000 7468.2852   18.3485
    7.5000   22.5000   45.0000 7037.4834   18.3528
   -7.5000   30.0000   45.0000 6775.0337   18.0634
    0.0000   30.0000   45.0000 6826.4976   18.1156
    7.5000   30.0000   45.0000 6411.7017   18.1154
   -7.5000   37.5000   45.0000 6096.9644   17.8357
    0.0000   37.5000   45.0000 6142.3091   17.8818
    7.5000   37.5000   45.0000 5787.4106   17.8848
   -7.5000   45.0000   45.0000 5438.5005   17.7830
    0.0000   45.0000   45.0000 5463.6680   17.8177
    7.5000   45.0000   45.0000 5171.3750   17.8275

---------------------------------------------------------------------
imgreg_4dfp /opt/freesurfer/average/711-2C_as_mni_average_305 /opt/freesurfer/average/711-2B_as_mni_average_305_mask talsrcimg_g11 none talsrcimg_to_711-2C_as_mni_average_305_t4 4355
---------------------------------------------------------------------

freesurfer imgreg_4dfp.c
/opt/freesurfer/average/711-2C_as_mni_average_305.4dfp.img
       256       256       256         1
  1.000000  1.000000  1.000000
orientation T byte_order littleendian
Reading image: /opt/freesurfer/average/711-2C_as_mni_average_305.4dfp.img
dimensions:      256       256       256
mmppix:       1.0000   -1.0000   -1.0000
center:     128.0000 -129.0000 -129.0000
/opt/freesurfer/average/711-2B_as_mni_average_305_mask.4dfp.img
       256       256       256         1
  1.000000  1.000000  1.000000
orientation T byte_order littleendian
Reading mask: /opt/freesurfer/average/711-2B_as_mni_average_305_mask.4dfp.img (2306576 pixels)
talsrcimg_g11.4dfp.img
       256       256       256         1
  0.898438  0.898438  0.898438
orientation T byte_order littleendian
Reading image: talsrcimg_g11.4dfp.img
dimensions:      256       256       256
mmppix:       0.8984   -0.8984   -0.8984
center:     115.0001 -115.8985 -115.8985
rotation matrix determinant  1.000000
image alignment mode   4355 decimal     1103 hex
   -7.5000  -60.0000  -30.0000 2139.5916   19.0079
    0.0000  -60.0000  -30.0000 2158.1711   19.0103
    7.5000  -60.0000  -30.0000 2140.3162   19.2535
   -7.5000  -52.5000  -30.0000 2232.4536   17.4031
    0.0000  -52.5000  -30.0000 2254.1777   17.4033
    7.5000  -52.5000  -30.0000 2234.6997   17.6265
   -7.5000  -45.0000  -30.0000 2323.9868   16.4373
    0.0000  -45.0000  -30.0000 2345.8672   16.4208
    7.5000  -45.0000  -30.0000 2324.8516   16.6588
   -7.5000  -37.5000  -30.0000 2359.0823   15.7384
    0.0000  -37.5000  -30.0000 2377.0229   15.7123
    7.5000  -37.5000  -30.0000 2351.2834   15.9437
   -7.5000  -30.0000  -30.0000 2380.7178   15.3709
    0.0000  -30.0000  -30.0000 2397.2200   15.3317
    7.5000  -30.0000  -30.0000 2368.2810   15.5457
   -7.5000  -22.5000  -30.0000 2369.9446   15.2680
    0.0000  -22.5000  -30.0000 2390.6042   15.2148
    7.5000  -22.5000  -30.0000 2364.3892   15.3989
   -7.5000  -15.0000  -30.0000 2366.4253   15.2909
    0.0000  -15.0000  -30.0000 2385.5674   15.2048
    7.5000  -15.0000  -30.0000 2360.0986   15.4220
   -7.5000   -7.5000  -30.0000 2348.1011   15.5693
    0.0000   -7.5000  -30.0000 2370.1279   15.4806
    7.5000   -7.5000  -30.0000 2342.9692   15.7156
   -7.5000    0.0000  -30.0000 2315.5547   16.1182
    0.0000    0.0000  -30.0000 2338.1021   16.0417
    7.5000    0.0000  -30.0000 2309.2878   16.3069
   -7.5000    7.5000  -30.0000 2269.0820   17.0558
    0.0000    7.5000  -30.0000 2284.5981   16.9276
    7.5000    7.5000  -30.0000 2256.9109   17.2145
   -7.5000   15.0000  -30.0000 2198.9434   18.1967
    0.0000   15.0000  -30.0000 2214.7676   18.0823
    7.5000   15.0000  -30.0000 2184.7739   18.3554
   -7.5000   22.5000  -30.0000 2116.2288   19.6661
    0.0000   22.5000  -30.0000 2129.8391   19.6164
    7.5000   22.5000  -30.0000 2096.1697   19.8358
   -7.5000   30.0000  -30.0000 2012.4155   21.6688
    0.0000   30.0000  -30.0000 2025.9858   21.6210
    7.5000   30.0000  -30.0000 1995.0509   21.9069
   -7.5000  -60.0000  -22.5000 2260.5720   18.4338
    0.0000  -60.0000  -22.5000 2284.6409   18.4123
    7.5000  -60.0000  -22.5000 2258.1582   18.6519
   -7.5000  -52.5000  -22.5000 2362.1194   16.8489
    0.0000  -52.5000  -22.5000 2388.0828   16.8222
    7.5000  -52.5000  -22.5000 2363.1931   17.0099
   -7.5000  -45.0000  -22.5000 2455.2549   15.8270
    0.0000  -45.0000  -22.5000 2478.2234   15.8002
    7.5000  -45.0000  -22.5000 2456.9282   16.0235
   -7.5000  -37.5000  -22.5000 2500.8779   15.0647
    0.0000  -37.5000  -22.5000 2517.3333   15.0124
    7.5000  -37.5000  -22.5000 2495.5024   15.2131
   -7.5000  -30.0000  -22.5000 2534.1094   14.6438
    0.0000  -30.0000  -22.5000 2548.9961   14.5591
    7.5000  -30.0000  -22.5000 2519.8201   14.7891
   -7.5000  -22.5000  -22.5000 2527.0840   14.5611
    0.0000  -22.5000  -22.5000 2544.6914   14.4713
    7.5000  -22.5000  -22.5000 2515.6333   14.6812
   -7.5000  -15.0000  -22.5000 2520.9585   14.5866
    0.0000  -15.0000  -22.5000 2538.8875   14.5076
    7.5000  -15.0000  -22.5000 2507.1321   14.7189
   -7.5000   -7.5000  -22.5000 2504.1621   14.8117
    0.0000   -7.5000  -22.5000 2521.4590   14.7456
    7.5000   -7.5000  -22.5000 2492.3577   14.9667
   -7.5000    0.0000  -22.5000 2475.0579   15.3130
    0.0000    0.0000  -22.5000 2493.2815   15.1876
    7.5000    0.0000  -22.5000 2461.3108   15.4665
   -7.5000    7.5000  -22.5000 2421.2463   16.1639
    0.0000    7.5000  -22.5000 2439.8604   16.0271
    7.5000    7.5000  -22.5000 2404.2412   16.3244
   -7.5000   15.0000  -22.5000 2346.5129   17.2656
    0.0000   15.0000  -22.5000 2363.6487   17.1388
    7.5000   15.0000  -22.5000 2328.2361   17.3988
   -7.5000   22.5000  -22.5000 2252.4844   18.6447
    0.0000   22.5000  -22.5000 2264.6252   18.5315
    7.5000   22.5000  -22.5000 2233.7136   18.8008
   -7.5000   30.0000  -22.5000 2138.5149   20.5517
    0.0000   30.0000  -22.5000 2153.8572   20.4855
    7.5000   30.0000  -22.5000 2125.7141   20.7320
   -7.5000  -60.0000  -15.0000 2342.8450   17.8274
    0.0000  -60.0000  -15.0000 2370.3296   17.7907
    7.5000  -60.0000  -15.0000 2339.6392   17.9833
   -7.5000  -52.5000  -15.0000 2450.7883   16.2232
    0.0000  -52.5000  -15.0000 2475.8662   16.1571
    7.5000  -52.5000  -15.0000 2449.9199   16.3763
   -7.5000  -45.0000  -15.0000 2552.7510   15.1875
    0.0000  -45.0000  -15.0000 2572.8589   15.0935
    7.5000  -45.0000  -15.0000 2550.9341   15.3310
   -7.5000  -37.5000  -15.0000 2604.9761   14.3876
    0.0000  -37.5000  -15.0000 2620.1978   14.3024
    7.5000  -37.5000  -15.0000 2602.2769   14.5136
   -7.5000  -30.0000  -15.0000 2640.2966   13.9235
    0.0000  -30.0000  -15.0000 2652.9609   13.8481
    7.5000  -30.0000  -15.0000 2630.8765   14.0438
   -7.5000  -22.5000  -15.0000 2653.1653   13.7540
    0.0000  -22.5000  -15.0000 2666.8142   13.6836
    7.5000  -22.5000  -15.0000 2639.3391   13.8558
   -7.5000  -15.0000  -15.0000 2650.7966   13.7703
    0.0000  -15.0000  -15.0000 2664.8174   13.7283
    7.5000  -15.0000  -15.0000 2635.4792   13.9446
   -7.5000   -7.5000  -15.0000 2640.5679   13.9900
    0.0000   -7.5000  -15.0000 2656.1318   13.9242
    7.5000   -7.5000  -15.0000 2624.0088   14.1808
   -7.5000    0.0000  -15.0000 2604.8010   14.4653
    0.0000    0.0000  -15.0000 2629.0581   14.3518
    7.5000    0.0000  -15.0000 2587.0176   14.6224
   -7.5000    7.5000  -15.0000 2552.9639   15.2467
    0.0000    7.5000  -15.0000 2573.2925   15.1144
    7.5000    7.5000  -15.0000 2529.6904   15.3878
   -7.5000   15.0000  -15.0000 2466.4104   16.2913
    0.0000   15.0000  -15.0000 2485.2046   16.1681
    7.5000   15.0000  -15.0000 2448.7080   16.4403
   -7.5000   22.5000  -15.0000 2364.6067   17.6258
    0.0000   22.5000  -15.0000 2375.9282   17.5153
    7.5000   22.5000  -15.0000 2346.5327   17.7805
   -7.5000   30.0000  -15.0000 2243.7197   19.4375
    0.0000   30.0000  -15.0000 2260.7231   19.3260
    7.5000   30.0000  -15.0000 2232.0312   19.5615
   -7.5000  -60.0000   -7.5000 2388.2336   17.1327
    0.0000  -60.0000   -7.5000 2407.5093   17.0496
    7.5000  -60.0000   -7.5000 2384.8596   17.2458
   -7.5000  -52.5000   -7.5000 2496.4292   15.4880
    0.0000  -52.5000   -7.5000 2516.5520   15.4392
    7.5000  -52.5000   -7.5000 2494.7720   15.6451
   -7.5000  -45.0000   -7.5000 2608.9832   14.4047
    0.0000  -45.0000   -7.5000 2627.5718   14.3664
    7.5000  -45.0000   -7.5000 2602.7258   14.5900
   -7.5000  -37.5000   -7.5000 2677.6167   13.5886
    0.0000  -37.5000   -7.5000 2694.9829   13.5681
    7.5000  -37.5000   -7.5000 2665.9839   13.7629
   -7.5000  -30.0000   -7.5000 2715.2358   13.1351
    0.0000  -30.0000   -7.5000 2729.6348   13.0800
    7.5000  -30.0000   -7.5000 2700.7346   13.2451
   -7.5000  -22.5000   -7.5000 2737.2651   12.8840
    0.0000  -22.5000   -7.5000 2754.3977   12.8427
    7.5000  -22.5000   -7.5000 2722.2412   13.0175
   -7.5000  -15.0000   -7.5000 2743.8057   12.8966
    0.0000  -15.0000   -7.5000 2764.1226   12.8531
    7.5000  -15.0000   -7.5000 2724.6809   13.0564
   -7.5000   -7.5000   -7.5000 2740.0276   13.1314
    0.0000   -7.5000   -7.5000 2760.7900   13.0747
    7.5000   -7.5000   -7.5000 2716.7549   13.2849
   -7.5000    0.0000   -7.5000 2710.8955   13.5625
    0.0000    0.0000   -7.5000 2731.6042   13.4559
    7.5000    0.0000   -7.5000 2680.1531   13.7019
   -7.5000    7.5000   -7.5000 2645.8018   14.2816
    0.0000    7.5000   -7.5000 2665.0251   14.1836
    7.5000    7.5000   -7.5000 2621.0676   14.4266
   -7.5000   15.0000   -7.5000 2555.9570   15.3078
    0.0000   15.0000   -7.5000 2567.6692   15.1859
    7.5000   15.0000   -7.5000 2532.8918   15.4401
   -7.5000   22.5000   -7.5000 2440.6042   16.6275
    0.0000   22.5000   -7.5000 2452.5227   16.4994
    7.5000   22.5000   -7.5000 2426.4797   16.7498
   -7.5000   30.0000   -7.5000 2318.7520   18.3242
    0.0000   30.0000   -7.5000 2330.3652   18.1742
    7.5000   30.0000   -7.5000 2304.5244   18.4232
   -7.5000  -60.0000    0.0000 2415.8188   16.6269
    0.0000  -60.0000    0.0000 2435.6123   16.5935
    7.5000  -60.0000    0.0000 2411.8452   16.7995
   -7.5000  -52.5000    0.0000 2532.0771   15.0147
    0.0000  -52.5000    0.0000 2550.3425   14.9672
    7.5000  -52.5000    0.0000 2525.6445   15.1735
   -7.5000  -45.0000    0.0000 2653.0210   13.9297
    0.0000  -45.0000    0.0000 2672.6409   13.8805
    7.5000  -45.0000    0.0000 2645.1487   14.0809
   -7.5000  -37.5000    0.0000 2739.1465   13.0606
    0.0000  -37.5000    0.0000 2757.6262   13.0377
    7.5000  -37.5000    0.0000 2725.7195   13.2277
   -7.5000  -30.0000    0.0000 2789.8428   12.5380
    0.0000  -30.0000    0.0000 2805.6560   12.5131
    7.5000  -30.0000    0.0000 2775.7490   12.6884
   -7.5000  -22.5000    0.0000 2824.1108   12.2732
    0.0000  -22.5000    0.0000 2849.8394   12.2249
    7.5000  -22.5000    0.0000 2810.1753   12.4203
   -7.5000  -15.0000    0.0000 2836.5566   12.2731
    0.0000  -15.0000    0.0000 2867.7603   12.1927
    7.5000  -15.0000    0.0000 2816.0935   12.4169
   -7.5000   -7.5000    0.0000 2839.7056   12.4720
    0.0000   -7.5000    0.0000 2864.9707   12.3949
    7.5000   -7.5000    0.0000 2808.8108   12.6103
   -7.5000    0.0000    0.0000 2794.2366   12.8846
    0.0000    0.0000    0.0000 2818.3672   12.7894
    7.5000    0.0000    0.0000 2770.1150   13.0230
   -7.5000    7.5000    0.0000 2722.9871   13.6030
    0.0000    7.5000    0.0000 2748.4731   13.4969
    7.5000    7.5000    0.0000 2705.2910   13.7542
   -7.5000   15.0000    0.0000 2633.3215   14.6164
    0.0000   15.0000    0.0000 2647.2773   14.4973
    7.5000   15.0000    0.0000 2608.9797   14.7635
   -7.5000   22.5000    0.0000 2514.6890   15.9228
    0.0000   22.5000    0.0000 2531.7017   15.7939
    7.5000   22.5000    0.0000 2495.1851   16.0644
   -7.5000   30.0000    0.0000 2385.2976   17.6009
    0.0000   30.0000    0.0000 2405.9587   17.4531
    7.5000   30.0000    0.0000 2367.8218   17.7467
   -7.5000  -60.0000    7.5000 2420.7766   16.2297
    0.0000  -60.0000    7.5000 2441.3044   16.1985
    7.5000  -60.0000    7.5000 2418.1592   16.4230
   -7.5000  -52.5000    7.5000 2540.6318   14.6217
    0.0000  -52.5000    7.5000 2557.3691   14.5755
    7.5000  -52.5000    7.5000 2532.6619   14.7905
   -7.5000  -45.0000    7.5000 2665.9353   13.4989
    0.0000  -45.0000    7.5000 2685.3589   13.4737
    7.5000  -45.0000    7.5000 2657.3613   13.6531
   -7.5000  -37.5000    7.5000 2764.1484   12.6277
    0.0000  -37.5000    7.5000 2786.3752   12.6010
    7.5000  -37.5000    7.5000 2755.5588   12.7566
   -7.5000  -30.0000    7.5000 2837.4885   12.0701
    0.0000  -30.0000    7.5000 2856.4587   12.0519
    7.5000  -30.0000    7.5000 2827.9089   12.1945
   -7.5000  -22.5000    7.5000 2897.2778   11.8246
    0.0000  -22.5000    7.5000 2925.6274   11.7972
    7.5000  -22.5000    7.5000 2880.9868   11.9459
   -7.5000  -15.0000    7.5000 2921.9724   11.7954
    0.0000  -15.0000    7.5000 2959.3618   11.7512
    7.5000  -15.0000    7.5000 2893.4260   11.9431
   -7.5000   -7.5000    7.5000 2916.1941   11.9407
    0.0000   -7.5000    7.5000 2951.4631   11.8698
    7.5000   -7.5000    7.5000 2870.4387   12.0980
   -7.5000    0.0000    7.5000 2857.3904   12.3252
    0.0000    0.0000    7.5000 2884.8889   12.2480
    7.5000    0.0000    7.5000 2821.2920   12.4768
   -7.5000    7.5000    7.5000 2781.5310   13.0108
    0.0000    7.5000    7.5000 2808.1360   12.9228
    7.5000    7.5000    7.5000 2753.2502   13.1295
   -7.5000   15.0000    7.5000 2682.9495   14.0124
    0.0000   15.0000    7.5000 2704.3601   13.8986
    7.5000   15.0000    7.5000 2660.6355   14.1304
   -7.5000   22.5000    7.5000 2559.5603   15.3634
    0.0000   22.5000    7.5000 2581.2131   15.2238
    7.5000   22.5000    7.5000 2539.0642   15.4797
   -7.5000   30.0000    7.5000 2429.9861   17.0184
    0.0000   30.0000    7.5000 2453.0024   16.8872
    7.5000   30.0000    7.5000 2413.8792   17.1792
   -7.5000  -60.0000   15.0000 2407.2151   16.1059
    0.0000  -60.0000   15.0000 2427.6958   16.0770
    7.5000  -60.0000   15.0000 2402.3521   16.2848
   -7.5000  -52.5000   15.0000 2526.8804   14.4281
    0.0000  -52.5000   15.0000 2543.6865   14.3968
    7.5000  -52.5000   15.0000 2518.9370   14.6216
   -7.5000  -45.0000   15.0000 2657.2227   13.2582
    0.0000  -45.0000   15.0000 2673.7107   13.2368
    7.5000  -45.0000   15.0000 2650.3921   13.4335
   -7.5000  -37.5000   15.0000 2764.1467   12.3926
    0.0000  -37.5000   15.0000 2785.0945   12.3713
    7.5000  -37.5000   15.0000 2755.6531   12.5201
   -7.5000  -30.0000   15.0000 2856.6726   11.8441
    0.0000  -30.0000   15.0000 2879.7185   11.8464
    7.5000  -30.0000   15.0000 2848.1375   11.9565
   -7.5000  -22.5000   15.0000 2935.3062   11.6264
    0.0000  -22.5000   15.0000 2969.9475   11.6718
    7.5000  -22.5000   15.0000 2919.6003   11.7317
   -7.5000  -15.0000   15.0000 2978.8687   11.6301
    0.0000  -15.0000   15.0000 3019.5552   11.6900
    7.5000  -15.0000   15.0000 2940.0171   11.7248
   -7.5000   -7.5000   15.0000 2967.1987   11.6570
    0.0000   -7.5000   15.0000 3003.1284   11.6865
    7.5000   -7.5000   15.0000 2916.4062   11.7688
   -7.5000    0.0000   15.0000 2897.4773   11.9759
    0.0000    0.0000   15.0000 2925.0652   11.9427
    7.5000    0.0000   15.0000 2855.4546   12.1155
   -7.5000    7.5000   15.0000 2811.6243   12.6153
    0.0000    7.5000   15.0000 2832.7839   12.5789
    7.5000    7.5000   15.0000 2780.2610   12.7727
   -7.5000   15.0000   15.0000 2706.6348   13.6521
    0.0000   15.0000   15.0000 2730.6450   13.5556
    7.5000   15.0000   15.0000 2686.9858   13.7954
   -7.5000   22.5000   15.0000 2584.5930   15.0050
    0.0000   22.5000   15.0000 2606.5671   14.9043
    7.5000   22.5000   15.0000 2562.3699   15.1393
   -7.5000   30.0000   15.0000 2451.1755   16.6302
    0.0000   30.0000   15.0000 2473.5376   16.5544
    7.5000   30.0000   15.0000 2435.6694   16.8017
   -7.5000  -60.0000   22.5000 2386.3882   16.1695
    0.0000  -60.0000   22.5000 2404.9927   16.1384
    7.5000  -60.0000   22.5000 2382.8704   16.4414
   -7.5000  -52.5000   22.5000 2498.1736   14.4927
    0.0000  -52.5000   22.5000 2511.9553   14.4419
    7.5000  -52.5000   22.5000 2490.8916   14.7081
   -7.5000  -45.0000   22.5000 2631.5327   13.3297
    0.0000  -45.0000   22.5000 2644.1106   13.3263
    7.5000  -45.0000   22.5000 2622.0938   13.5183
   -7.5000  -37.5000   22.5000 2744.1426   12.4466
    0.0000  -37.5000   22.5000 2761.6892   12.4574
    7.5000  -37.5000   22.5000 2734.0288   12.6028
   -7.5000  -30.0000   22.5000 2848.8916   11.8600
    0.0000  -30.0000   22.5000 2869.1484   11.8987
    7.5000  -30.0000   22.5000 2834.3010   11.9981
   -7.5000  -22.5000   22.5000 2943.6284   11.6255
    0.0000  -22.5000   22.5000 2974.7834   11.6987
    7.5000  -22.5000   22.5000 2909.6584   11.7212
   -7.5000  -15.0000   22.5000 2994.4480   11.6076
    0.0000  -15.0000   22.5000 3033.5886   11.7054
    7.5000  -15.0000   22.5000 2944.7947   11.6732
   -7.5000   -7.5000   22.5000 2976.7837   11.6131
    0.0000   -7.5000   22.5000 3009.5220   11.6932
    7.5000   -7.5000   22.5000 2918.6455   11.7437
   -7.5000    0.0000   22.5000 2902.7734   11.8731
    0.0000    0.0000   22.5000 2923.3044   11.8906
    7.5000    0.0000   22.5000 2859.0388   12.0624
   -7.5000    7.5000   22.5000 2812.6003   12.5041
    0.0000    7.5000   22.5000 2830.1277   12.4785
    7.5000    7.5000   22.5000 2780.4592   12.6790
   -7.5000   15.0000   22.5000 2710.8660   13.5342
    0.0000   15.0000   22.5000 2727.3948   13.4562
    7.5000   15.0000   22.5000 2687.0974   13.6716
   -7.5000   22.5000   22.5000 2591.2954   14.8646
    0.0000   22.5000   22.5000 2605.3330   14.7643
    7.5000   22.5000   22.5000 2571.3987   14.9888
   -7.5000   30.0000   22.5000 2453.5874   16.4648
    0.0000   30.0000   22.5000 2470.7039   16.3559
    7.5000   30.0000   22.5000 2437.7375   16.6157
   -7.5000  -60.0000   30.0000 2359.4395   16.5932
    0.0000  -60.0000   30.0000 2376.5020   16.5838
    7.5000  -60.0000   30.0000 2352.6995   16.9003
   -7.5000  -52.5000   30.0000 2464.1077   14.8515
    0.0000  -52.5000   30.0000 2474.8164   14.8522
    7.5000  -52.5000   30.0000 2450.4561   15.1197
   -7.5000  -45.0000   30.0000 2597.3384   13.6575
    0.0000  -45.0000   30.0000 2608.2131   13.6830
    7.5000  -45.0000   30.0000 2588.0049   13.9098
   -7.5000  -37.5000   30.0000 2709.8918   12.7359
    0.0000  -37.5000   30.0000 2719.6267   12.7405
    7.5000  -37.5000   30.0000 2694.5366   12.9256
   -7.5000  -30.0000   30.0000 2816.7786   12.1095
    0.0000  -30.0000   30.0000 2831.5500   12.1180
    7.5000  -30.0000   30.0000 2796.4685   12.2557
   -7.5000  -22.5000   30.0000 2912.6475   11.8201
    0.0000  -22.5000   30.0000 2933.8237   11.8347
    7.5000  -22.5000   30.0000 2876.6514   11.9203
   -7.5000  -15.0000   30.0000 2961.6062   11.7076
    0.0000  -15.0000   30.0000 2988.4497   11.7291
    7.5000  -15.0000   30.0000 2913.3025   11.8191
   -7.5000   -7.5000   30.0000 2944.1819   11.7429
    0.0000   -7.5000   30.0000 2970.6926   11.7218
    7.5000   -7.5000   30.0000 2894.5078   11.9173
   -7.5000    0.0000   30.0000 2883.1575   12.1396
    0.0000    0.0000   30.0000 2903.9280   12.0773
    7.5000    0.0000   30.0000 2840.3564   12.3031
   -7.5000    7.5000   30.0000 2789.7068   12.8303
    0.0000    7.5000   30.0000 2802.2959   12.7645
    7.5000    7.5000   30.0000 2759.5398   12.9820
   -7.5000   15.0000   30.0000 2688.8669   13.8035
    0.0000   15.0000   30.0000 2700.4851   13.7256
    7.5000   15.0000   30.0000 2666.9512   13.9440
   -7.5000   22.5000   30.0000 2569.1604   15.0702
    0.0000   22.5000   30.0000 2582.7026   14.9744
    7.5000   22.5000   30.0000 2550.8220   15.1941
   -7.5000   30.0000   30.0000 2434.7375   16.5777
    0.0000   30.0000   30.0000 2448.1172   16.4682
    7.5000   30.0000   30.0000 2416.9849   16.7015
   -7.5000  -60.0000   37.5000 2323.3469   17.2078
    0.0000  -60.0000   37.5000 2335.7375   17.2194
    7.5000  -60.0000   37.5000 2309.3716   17.5832
   -7.5000  -52.5000   37.5000 2428.2151   15.4158
    0.0000  -52.5000   37.5000 2435.5779   15.3911
    7.5000  -52.5000   37.5000 2410.4568   15.7331
   -7.5000  -45.0000   37.5000 2559.1748   14.1792
    0.0000  -45.0000   37.5000 2568.4917   14.1414
    7.5000  -45.0000   37.5000 2543.9768   14.4574
   -7.5000  -37.5000   37.5000 2672.1692   13.1896
    0.0000  -37.5000   37.5000 2678.1924   13.1745
    7.5000  -37.5000   37.5000 2652.8333   13.4562
   -7.5000  -30.0000   37.5000 2775.6750   12.5535
    0.0000  -30.0000   37.5000 2779.9956   12.5587
    7.5000  -30.0000   37.5000 2748.5608   12.7692
   -7.5000  -22.5000   37.5000 2854.0864   12.2245
    0.0000  -22.5000   37.5000 2867.0859   12.2509
    7.5000  -22.5000   37.5000 2821.3689   12.3856
   -7.5000  -15.0000   37.5000 2896.2593   12.0714
    0.0000  -15.0000   37.5000 2916.5493   12.0659
    7.5000  -15.0000   37.5000 2860.0471   12.2367
   -7.5000   -7.5000   37.5000 2887.2383   12.1256
    0.0000   -7.5000   37.5000 2907.1299   12.0890
    7.5000   -7.5000   37.5000 2847.2812   12.3071
   -7.5000    0.0000   37.5000 2837.5000   12.5293
    0.0000    0.0000   37.5000 2853.7441   12.4664
    7.5000    0.0000   37.5000 2802.4443   12.6860
   -7.5000    7.5000   37.5000 2747.4092   13.2765
    0.0000    7.5000   37.5000 2760.6431   13.1806
    7.5000    7.5000   37.5000 2719.9106   13.4097
   -7.5000   15.0000   37.5000 2645.7947   14.2782
    0.0000   15.0000   37.5000 2659.5042   14.1777
    7.5000   15.0000   37.5000 2625.5540   14.4042
   -7.5000   22.5000   37.5000 2524.0439   15.4802
    0.0000   22.5000   37.5000 2535.8940   15.4252
    7.5000   22.5000   37.5000 2509.1104   15.6429
   -7.5000   30.0000   37.5000 2397.1189   16.9408
    0.0000   30.0000   37.5000 2407.3945   16.8577
    7.5000   30.0000   37.5000 2380.5044   17.1219
   -7.5000  -60.0000   45.0000 2250.4504   17.9192
    0.0000  -60.0000   45.0000 2263.7524   17.8644
    7.5000  -60.0000   45.0000 2242.7395   18.3350
   -7.5000  -52.5000   45.0000 2365.1550   16.0491
    0.0000  -52.5000   45.0000 2374.7012   16.0031
    7.5000  -52.5000   45.0000 2351.8718   16.4327
   -7.5000  -45.0000   45.0000 2496.4495   14.7805
    0.0000  -45.0000   45.0000 2505.0781   14.7220
    7.5000  -45.0000   45.0000 2479.2668   15.1413
   -7.5000  -37.5000   45.0000 2602.1943   13.7795
    0.0000  -37.5000   45.0000 2611.5728   13.7381
    7.5000  -37.5000   45.0000 2579.9775   14.0824
   -7.5000  -30.0000   45.0000 2696.0127   13.0872
    0.0000  -30.0000   45.0000 2704.4214   13.0851
    7.5000  -30.0000   45.0000 2665.4175   13.3610
   -7.5000  -22.5000   45.0000 2761.9341   12.7144
    0.0000  -22.5000   45.0000 2777.2332   12.6938
    7.5000  -22.5000   45.0000 2728.4475   12.9512
   -7.5000  -15.0000   45.0000 2799.7849   12.5466
    0.0000  -15.0000   45.0000 2815.1450   12.5109
    7.5000  -15.0000   45.0000 2763.1365   12.7665
   -7.5000   -7.5000   45.0000 2784.0476   12.6469
    0.0000   -7.5000   45.0000 2801.2598   12.6019
    7.5000   -7.5000   45.0000 2752.6162   12.8382
   -7.5000    0.0000   45.0000 2737.8413   13.0496
    0.0000    0.0000   45.0000 2753.2366   12.9984
    7.5000    0.0000   45.0000 2707.8562   13.2270
   -7.5000    7.5000   45.0000 2665.0769   13.7817
    0.0000    7.5000   45.0000 2679.1904   13.6959
    7.5000    7.5000   45.0000 2637.2559   13.9407
   -7.5000   15.0000   45.0000 2571.5774   14.7682
    0.0000   15.0000   45.0000 2584.2891   14.6943
    7.5000   15.0000   45.0000 2550.4424   14.9287
   -7.5000   22.5000   45.0000 2459.2517   15.9746
    0.0000   22.5000   45.0000 2469.8362   15.9150
    7.5000   22.5000   45.0000 2444.8972   16.1609
   -7.5000   30.0000   45.0000 2332.1443   17.4719
    0.0000   30.0000   45.0000 2342.6785   17.4076
    7.5000   30.0000   45.0000 2314.4807   17.6391
   -7.5000  -60.0000   52.5000 2163.2705   18.5554
    0.0000  -60.0000   52.5000 2178.8757   18.4787
    7.5000  -60.0000   52.5000 2156.4395   19.0537
   -7.5000  -52.5000   52.5000 2276.6233   16.6617
    0.0000  -52.5000   52.5000 2293.3191   16.5898
    7.5000  -52.5000   52.5000 2264.2358   17.1192
   -7.5000  -45.0000   52.5000 2405.1606   15.4095
    0.0000  -45.0000   52.5000 2417.8999   15.3143
    7.5000  -45.0000   52.5000 2385.3418   15.8109
   -7.5000  -37.5000   52.5000 2504.7395   14.3835
    0.0000  -37.5000   52.5000 2513.0505   14.3317
    7.5000  -37.5000   52.5000 2479.8894   14.7218
   -7.5000  -30.0000   52.5000 2585.8762   13.6588
    0.0000  -30.0000   52.5000 2597.9460   13.6323
    7.5000  -30.0000   52.5000 2560.1462   13.9796
   -7.5000  -22.5000   52.5000 2643.8479   13.2486
    0.0000  -22.5000   52.5000 2659.0088   13.2195
    7.5000  -22.5000   52.5000 2615.6057   13.5103
   -7.5000  -15.0000   52.5000 2672.7695   13.0657
    0.0000  -15.0000   52.5000 2686.9753   13.0016
    7.5000  -15.0000   52.5000 2639.7043   13.3066
   -7.5000   -7.5000   52.5000 2659.7651   13.1900
    0.0000   -7.5000   52.5000 2673.3887   13.1389
    7.5000   -7.5000   52.5000 2631.9998   13.4151
   -7.5000    0.0000   52.5000 2614.9546   13.5810
    0.0000    0.0000   52.5000 2630.6523   13.5068
    7.5000    0.0000   52.5000 2588.6116   13.7856
   -7.5000    7.5000   52.5000 2550.1799   14.2579
    0.0000    7.5000   52.5000 2562.7197   14.1593
    7.5000    7.5000   52.5000 2524.7849   14.4267
   -7.5000   15.0000   52.5000 2464.1560   15.2026
    0.0000   15.0000   52.5000 2471.3271   15.1278
    7.5000   15.0000   52.5000 2445.1592   15.3919
   -7.5000   22.5000   52.5000 2366.5474   16.3639
    0.0000   22.5000   52.5000 2374.6680   16.3263
    7.5000   22.5000   52.5000 2345.8345   16.5921
   -7.5000   30.0000   52.5000 2243.5413   17.9183
    0.0000   30.0000   52.5000 2258.2729   17.8937
    7.5000   30.0000   52.5000 2225.2424   18.1488
   -7.5000  -60.0000   60.0000 2105.9631   19.7447
    0.0000  -60.0000   60.0000 2120.7527   19.6565
    7.5000  -60.0000   60.0000 2097.8335   20.3564
   -7.5000  -52.5000   60.0000 2220.7056   17.7687
    0.0000  -52.5000   60.0000 2237.6670   17.6776
    7.5000  -52.5000   60.0000 2204.8157   18.2661
   -7.5000  -45.0000   60.0000 2343.1528   16.4670
    0.0000  -45.0000   60.0000 2354.4941   16.3790
    7.5000  -45.0000   60.0000 2318.4277   16.8954
   -7.5000  -37.5000   60.0000 2437.4563   15.4224
    0.0000  -37.5000   60.0000 2445.9695   15.3558
    7.5000  -37.5000   60.0000 2410.8091   15.7911
   -7.5000  -30.0000   60.0000 2508.6731   14.6683
    0.0000  -30.0000   60.0000 2519.4683   14.6286
    7.5000  -30.0000   60.0000 2484.5801   15.0180
   -7.5000  -22.5000   60.0000 2558.6418   14.2090
    0.0000  -22.5000   60.0000 2570.9150   14.1625
    7.5000  -22.5000   60.0000 2532.4307   14.5367
   -7.5000  -15.0000   60.0000 2581.6794   14.0252
    0.0000  -15.0000   60.0000 2593.2510   13.9931
    7.5000  -15.0000   60.0000 2551.8325   14.3278
   -7.5000   -7.5000   60.0000 2569.3381   14.1191
    0.0000   -7.5000   60.0000 2581.0105   14.1158
    7.5000   -7.5000   60.0000 2543.2146   14.3998
   -7.5000    0.0000   60.0000 2529.5300   14.4795
    0.0000    0.0000   60.0000 2547.5583   14.4278
    7.5000    0.0000   60.0000 2509.4185   14.7090
   -7.5000    7.5000   60.0000 2472.1489   15.0951
    0.0000    7.5000   60.0000 2490.9028   15.0160
    7.5000    7.5000   60.0000 2451.5298   15.2999
   -7.5000   15.0000   60.0000 2393.3008   16.0612
    0.0000   15.0000   60.0000 2406.9485   15.9744
    7.5000   15.0000   60.0000 2370.7227   16.2822
   -7.5000   22.5000   60.0000 2296.0332   17.2383
    0.0000   22.5000   60.0000 2306.3975   17.1879
    7.5000   22.5000   60.0000 2272.5400   17.4529
   -7.5000   30.0000   60.0000 2176.8042   18.8319
    0.0000   30.0000   60.0000 2185.6733   18.7893
    7.5000   30.0000   60.0000 2154.1357   19.0242

---------------------------------------------------------------------
imgreg_4dfp /opt/freesurfer/average/711-2C_as_mni_average_305 /opt/freesurfer/average/711-2B_as_mni_average_305_mask talsrcimg_g11 none talsrcimg_to_711-2C_as_mni_average_305_t4 1283
---------------------------------------------------------------------

freesurfer imgreg_4dfp.c
/opt/freesurfer/average/711-2C_as_mni_average_305.4dfp.img
       256       256       256         1
  1.000000  1.000000  1.000000
orientation T byte_order littleendian
Reading image: /opt/freesurfer/average/711-2C_as_mni_average_305.4dfp.img
dimensions:      256       256       256
mmppix:       1.0000   -1.0000   -1.0000
center:     128.0000 -129.0000 -129.0000
/opt/freesurfer/average/711-2B_as_mni_average_305_mask.4dfp.img
       256       256       256         1
  1.000000  1.000000  1.000000
orientation T byte_order littleendian
Reading mask: /opt/freesurfer/average/711-2B_as_mni_average_305_mask.4dfp.img (2306576 pixels)
talsrcimg_g11.4dfp.img
       256       256       256         1
  0.898438  0.898438  0.898438
orientation T byte_order littleendian
Reading image: talsrcimg_g11.4dfp.img
dimensions:      256       256       256
mmppix:       0.8984   -0.8984   -0.8984
center:     115.0001 -115.8985 -115.8985
rotation matrix determinant  1.000000
fimgreg.f
image alignment mode   1283 decimal      503 hex
parameters
    0.0000  -15.0000   22.5000    0.0000    0.0000    0.0000
eta,q 0.95149 11.65310
niter,ni,del,rscale     5    3   12.0000    1.2000
parameter  4  1.074473 ->  0.500000 qaram    1.1500
parameters
   -2.2042  -13.7770   20.2084   -3.4500    1.7572   -1.6310
eta,q 0.95725 11.75216
  0.0520  0.0622  0.0499  0.0422  0.0513  0.0462
  0.0475  0.0564  0.0472  0.0436  0.0471  0.0432
  0.0476  0.0502  0.0464  0.0453  0.0450  0.0426
  0.0496  0.0474  0.0476  0.0464  0.0442  0.0438
  0.0525  0.0480  0.0509  0.0495  0.0437  0.0452
  0.0583  0.0499  0.0557  0.0545  0.0436  0.0478
  0.0681  0.0541  0.0608  0.0587  0.0458  0.0510
niter,ni,del,rscale     5    3   12.0000    1.2000
parameter  4  1.136811 ->  0.500000 qaram    1.3225
parameters
   -2.5596  -12.8070   19.2247   -7.4175    1.7425   -1.1712
eta,q 0.96272 11.77475
  0.0556  0.0577  0.0473  0.0381  0.0454  0.0476
  0.0462  0.0492  0.0436  0.0370  0.0414  0.0425
  0.0425  0.0435  0.0427  0.0389  0.0388  0.0386
  0.0427  0.0425  0.0430  0.0429  0.0373  0.0373
  0.0453  0.0438  0.0436  0.0454  0.0380  0.0380
  0.0501  0.0459  0.0467  0.0480  0.0412  0.0408
  0.0572  0.0489  0.0521  0.0533  0.0460  0.0447
niter,ni,del,rscale     5    3   12.0000    1.2000
parameters
   -2.5620  -11.3075   17.9000   -9.0916    1.5110   -0.6701
eta,q 0.96598 11.82823
  0.0557  0.0566  0.0425  0.0440  0.0428  0.0458
  0.0446  0.0476  0.0373  0.0373  0.0386  0.0401
  0.0386  0.0410  0.0352  0.0343  0.0354  0.0360
  0.0373  0.0373  0.0364  0.0353  0.0341  0.0342
  0.0394  0.0365  0.0394  0.0412  0.0353  0.0348
  0.0458  0.0390  0.0444  0.0462  0.0392  0.0379
  0.0547  0.0438  0.0503  0.0504  0.0447  0.0425
niter,ni,del,rscale     4    3   12.0000    1.2000
parameters
   -2.5356  -10.9252   17.7794   -9.3940    1.3958   -0.5374
eta,q 0.96620 11.82890
  0.0550  0.0513  0.0452  0.0482  0.0429  0.0444
  0.0431  0.0425  0.0391  0.0398  0.0386  0.0389
  0.0360  0.0366  0.0348  0.0351  0.0354  0.0354
  0.0340  0.0340  0.0339  0.0339  0.0338  0.0338
  0.0365  0.0352  0.0356  0.0373  0.0348  0.0350
  0.0439  0.0406  0.0399  0.0436  0.0387  0.0385
  0.0537  0.0471  0.0458  0.0482  0.0442  0.0434
niter,ni,del,rscale     3    3   12.0000    1.2000
parameters
   -2.4921  -10.8126   17.7224   -9.5411    1.3264   -0.4916
eta,q 0.96624 11.82833
  0.0550  0.0500  0.0454  0.0486  0.0429  0.0440
  0.0432  0.0414  0.0391  0.0403  0.0386  0.0386
  0.0359  0.0360  0.0347  0.0352  0.0354  0.0353
  0.0338  0.0338  0.0338  0.0338  0.0337  0.0338
  0.0364  0.0357  0.0353  0.0367  0.0347  0.0351
  0.0437  0.0417  0.0396  0.0429  0.0385  0.0386
  0.0537  0.0481  0.0455  0.0480  0.0439  0.0436
niter,ni,del,rscale     2    3   12.0000    1.2000
parameters
   -2.4683  -10.7674   17.6905   -9.6064    1.2939   -0.4728
eta,q 0.96625 11.82793
  0.0549  0.0497  0.0454  0.0488  0.0430  0.0439
  0.0431  0.0411  0.0391  0.0406  0.0387  0.0385
  0.0358  0.0358  0.0347  0.0354  0.0355  0.0352
  0.0338  0.0338  0.0338  0.0338  0.0337  0.0337
  0.0364  0.0359  0.0352  0.0364  0.0347  0.0351
  0.0438  0.0420  0.0395  0.0426  0.0384  0.0387
  0.0537  0.0484  0.0454  0.0478  0.0438  0.0436
registration optimization eta report
parameter search radius
    6.0000    6.0000    6.0000    7.9350    6.0000    6.0000
100000*second partial in parameter space
       57.       42.       32.       23.       26.       27.
  0.0549  0.0497  0.0454  0.0488  0.0430  0.0439
  0.0431  0.0411  0.0391  0.0406  0.0387  0.0385
  0.0358  0.0358  0.0347  0.0354  0.0355  0.0352
  0.0338  0.0338  0.0338  0.0338  0.0337  0.0337
  0.0364  0.0359  0.0352  0.0364  0.0347  0.0351
  0.0438  0.0420  0.0395  0.0426  0.0384  0.0387
  0.0537  0.0484  0.0454  0.0478  0.0438  0.0436
   -2.4683  -10.7674   17.6905   -9.6064    1.2939   -0.4728
eta,q 0.96625 11.82793

---------------------------------------------------------------------
imgreg_4dfp /opt/freesurfer/average/711-2C_as_mni_average_305 /opt/freesurfer/average/711-2B_as_mni_average_305_mask talsrcimg_g11 none talsrcimg_to_711-2C_as_mni_average_305_t4 3335
---------------------------------------------------------------------

freesurfer imgreg_4dfp.c
/opt/freesurfer/average/711-2C_as_mni_average_305.4dfp.img
       256       256       256         1
  1.000000  1.000000  1.000000
orientation T byte_order littleendian
Reading image: /opt/freesurfer/average/711-2C_as_mni_average_305.4dfp.img
dimensions:      256       256       256
mmppix:       1.0000   -1.0000   -1.0000
center:     128.0000 -129.0000 -129.0000
/opt/freesurfer/average/711-2B_as_mni_average_305_mask.4dfp.img
       256       256       256         1
  1.000000  1.000000  1.000000
orientation T byte_order littleendian
Reading mask: /opt/freesurfer/average/711-2B_as_mni_average_305_mask.4dfp.img (2306576 pixels)
talsrcimg_g11.4dfp.img
       256       256       256         1
  0.898438  0.898438  0.898438
orientation T byte_order littleendian
Reading image: talsrcimg_g11.4dfp.img
dimensions:      256       256       256
mmppix:       0.8984   -0.8984   -0.8984
center:     115.0001 -115.8985 -115.8985
fimgreg.f
image alignment mode   3335 decimal      D07 hex
parameters
   -2.4683  -10.7674   17.6905   -0.0289   -1.4087   -1.4274
    1.1905   -2.0887   -0.8250   16.7058    2.2581  -16.6837
eta,q 0.96682 11.75050
niter,ni,del,rscale     5    3    5.0000    1.2000
parameter  5  0.840359 ->  0.500000 qaram    1.1500
parameters
   -2.0253  -10.3676   17.3667   -1.1674   -5.5487   -4.2204
    0.9567   -1.6998   -0.1606   16.8511    1.6584  -15.1933
eta,q 0.96905 11.31929
  0.0383  0.0370  0.0345  0.0345  0.0310  0.0314  0.0340  0.0356  0.0338  0.0340  0.0317  0.0331
  0.0358  0.0350  0.0335  0.0336  0.0309  0.0311  0.0324  0.0333  0.0324  0.0324  0.0314  0.0322
  0.0341  0.0337  0.0330  0.0331  0.0317  0.0310  0.0313  0.0317  0.0314  0.0314  0.0311  0.0314
  0.0332  0.0330  0.0330  0.0329  0.0329  0.0310  0.0311  0.0310  0.0310  0.0310  0.0310  0.0310
  0.0331  0.0331  0.0334  0.0333  0.0346  0.0317  0.0315  0.0313  0.0312  0.0314  0.0312  0.0310
  0.0339  0.0338  0.0343  0.0345  0.0372  0.0338  0.0327  0.0325  0.0318  0.0322  0.0315  0.0313
  0.0356  0.0350  0.0354  0.0364  0.0402  0.0373  0.0344  0.0348  0.0329  0.0338  0.0321  0.0319
niter,ni,del,rscale     5    3    5.0000    1.2000
parameters
   -2.0409  -10.3070   17.5134   -1.1366   -7.7686   -5.1174
    0.9259   -1.7053   -0.1115   16.7254    1.3865  -15.5106
eta,q 0.96934 11.14362
  0.0346  0.0340  0.0328  0.0326  0.0326  0.0320  0.0337  0.0347  0.0328  0.0333  0.0313  0.0321
  0.0326  0.0325  0.0318  0.0317  0.0314  0.0310  0.0321  0.0325  0.0316  0.0318  0.0310  0.0313
  0.0314  0.0314  0.0312  0.0312  0.0307  0.0307  0.0310  0.0311  0.0309  0.0309  0.0308  0.0308
  0.0310  0.0309  0.0309  0.0309  0.0309  0.0307  0.0307  0.0307  0.0307  0.0307  0.0307  0.0307
  0.0313  0.0312  0.0311  0.0310  0.0321  0.0308  0.0310  0.0311  0.0309  0.0310  0.0307  0.0309
  0.0326  0.0322  0.0316  0.0315  0.0338  0.0314  0.0321  0.0324  0.0316  0.0319  0.0310  0.0315
  0.0347  0.0338  0.0323  0.0328  0.0364  0.0332  0.0338  0.0348  0.0327  0.0334  0.0314  0.0324
niter,ni,del,rscale     4    3    5.0000    1.2000
parameters
   -2.0237  -10.2200   17.6282   -1.4401   -8.1877   -4.9588
    0.8964   -1.6980   -0.0483   16.8294    1.3335  -15.5862
eta,q 0.96932 11.11299
  0.0343  0.0339  0.0324  0.0320  0.0335  0.0325  0.0336  0.0347  0.0328  0.0334  0.0314  0.0322
  0.0323  0.0322  0.0315  0.0312  0.0322  0.0313  0.0321  0.0325  0.0316  0.0319  0.0310  0.0314
  0.0311  0.0311  0.0309  0.0308  0.0311  0.0307  0.0310  0.0311  0.0309  0.0310  0.0308  0.0308
  0.0307  0.0307  0.0306  0.0306  0.0307  0.0307  0.0307  0.0307  0.0307  0.0307  0.0307  0.0307
  0.0310  0.0309  0.0308  0.0307  0.0312  0.0308  0.0310  0.0311  0.0309  0.0310  0.0308  0.0309
  0.0322  0.0319  0.0313  0.0312  0.0325  0.0312  0.0321  0.0324  0.0316  0.0318  0.0310  0.0314
  0.0343  0.0335  0.0321  0.0324  0.0343  0.0323  0.0337  0.0347  0.0327  0.0332  0.0314  0.0323
niter,ni,del,rscale     3    3    5.0000    1.2000
parameters
   -2.0240  -10.1969   17.6921   -1.3872   -8.2224   -4.8352
    0.8923   -1.7001   -0.0320   16.8624    1.3225  -15.5736
eta,q 0.96932 11.12208
  0.0342  0.0337  0.0324  0.0321  0.0338  0.0324  0.0337  0.0347  0.0328  0.0334  0.0314  0.0322
  0.0323  0.0321  0.0315  0.0313  0.0324  0.0313  0.0321  0.0325  0.0316  0.0318  0.0310  0.0314
  0.0311  0.0311  0.0309  0.0308  0.0313  0.0308  0.0310  0.0311  0.0309  0.0310  0.0308  0.0309
  0.0307  0.0307  0.0307  0.0307  0.0307  0.0307  0.0307  0.0307  0.0307  0.0307  0.0307  0.0307
  0.0310  0.0310  0.0308  0.0307  0.0310  0.0308  0.0310  0.0311  0.0309  0.0310  0.0308  0.0309
  0.0322  0.0320  0.0314  0.0311  0.0323  0.0312  0.0320  0.0324  0.0316  0.0319  0.0310  0.0314
  0.0343  0.0336  0.0322  0.0322  0.0340  0.0323  0.0337  0.0347  0.0328  0.0333  0.0314  0.0322
niter,ni,del,rscale     2    3    5.0000    1.2000
parameters
   -2.0227  -10.2017   17.7060   -1.3586   -8.2114   -4.8211
    0.8921   -1.6972   -0.0325   16.8494    1.3216  -15.5619
eta,q 0.96932 11.12492
  0.0343  0.0336  0.0323  0.0321  0.0338  0.0324  0.0337  0.0347  0.0327  0.0333  0.0314  0.0322
  0.0323  0.0320  0.0314  0.0313  0.0324  0.0313  0.0321  0.0325  0.0316  0.0318  0.0310  0.0314
  0.0311  0.0310  0.0309  0.0309  0.0313  0.0307  0.0310  0.0311  0.0309  0.0309  0.0308  0.0309
  0.0307  0.0307  0.0307  0.0307  0.0307  0.0307  0.0307  0.0307  0.0307  0.0307  0.0307  0.0307
  0.0310  0.0310  0.0309  0.0307  0.0310  0.0308  0.0310  0.0311  0.0309  0.0310  0.0308  0.0309
  0.0322  0.0320  0.0314  0.0311  0.0323  0.0312  0.0321  0.0324  0.0316  0.0319  0.0310  0.0314
  0.0343  0.0337  0.0323  0.0322  0.0340  0.0324  0.0337  0.0347  0.0328  0.0333  0.0314  0.0322
registration optimization eta report
parameter search radius
    2.4000    2.4000    2.4000    7.2000    8.2800    7.2000
    7.2000    7.2000    7.2000    7.2000    7.2000    7.2000
100000*second partial in parameter space
       63.       52.       28.        3.        5.        3.
        6.        8.        4.        5.        1.        3.
  0.0343  0.0336  0.0323  0.0321  0.0338  0.0324  0.0337  0.0347  0.0327  0.0333  0.0314  0.0322
  0.0323  0.0320  0.0314  0.0313  0.0324  0.0313  0.0321  0.0325  0.0316  0.0318  0.0310  0.0314
  0.0311  0.0310  0.0309  0.0309  0.0313  0.0307  0.0310  0.0311  0.0309  0.0309  0.0308  0.0309
  0.0307  0.0307  0.0307  0.0307  0.0307  0.0307  0.0307  0.0307  0.0307  0.0307  0.0307  0.0307
  0.0310  0.0310  0.0309  0.0307  0.0310  0.0308  0.0310  0.0311  0.0309  0.0310  0.0308  0.0309
  0.0322  0.0320  0.0314  0.0311  0.0323  0.0312  0.0321  0.0324  0.0316  0.0319  0.0310  0.0314
  0.0343  0.0337  0.0323  0.0322  0.0340  0.0324  0.0337  0.0347  0.0328  0.0333  0.0314  0.0322
   -2.0227  -10.2017   17.7060   -1.3586   -8.2114   -4.8211
    0.8921   -1.6972   -0.0325   16.8494    1.3216  -15.5619
eta,q 0.96932 11.12492

---------------------------------------------------------------------
imgreg_4dfp /opt/freesurfer/average/711-2C_as_mni_average_305 /opt/freesurfer/average/711-2B_as_mni_average_305_mask talsrcimg_g11 none talsrcimg_to_711-2C_as_mni_average_305_t4 2311
---------------------------------------------------------------------

freesurfer imgreg_4dfp.c
/opt/freesurfer/average/711-2C_as_mni_average_305.4dfp.img
       256       256       256         1
  1.000000  1.000000  1.000000
orientation T byte_order littleendian
Reading image: /opt/freesurfer/average/711-2C_as_mni_average_305.4dfp.img
dimensions:      256       256       256
mmppix:       1.0000   -1.0000   -1.0000
center:     128.0000 -129.0000 -129.0000
/opt/freesurfer/average/711-2B_as_mni_average_305_mask.4dfp.img
       256       256       256         1
  1.000000  1.000000  1.000000
orientation T byte_order littleendian
Reading mask: /opt/freesurfer/average/711-2B_as_mni_average_305_mask.4dfp.img (2306576 pixels)
talsrcimg_g11.4dfp.img
       256       256       256         1
  0.898438  0.898438  0.898438
orientation T byte_order littleendian
Reading image: talsrcimg_g11.4dfp.img
dimensions:      256       256       256
mmppix:       0.8984   -0.8984   -0.8984
center:     115.0001 -115.8985 -115.8985
fimgreg.f
image alignment mode   2311 decimal      907 hex
parameters
   -2.0227  -10.2017   17.7060   -1.3586   -8.2114   -4.8211
    0.8921   -1.6972   -0.0325   16.8494    1.3216  -15.5619
eta,q 0.96932 11.12492
niter,ni,del,rscale     5    3    5.0000    0.8000
parameters
   -1.9946  -10.1993   17.7069   -0.9566   -7.9304   -4.3950
    0.9399   -1.6413    0.0032   16.9421    1.5363  -15.5688
eta,q 0.96934 11.19327
  0.0323  0.0320  0.0314  0.0313  0.0321  0.0313  0.0321  0.0325  0.0317  0.0319  0.0311  0.0314
  0.0314  0.0313  0.0310  0.0309  0.0314  0.0309  0.0313  0.0315  0.0311  0.0312  0.0309  0.0310
  0.0309  0.0308  0.0308  0.0308  0.0309  0.0307  0.0308  0.0308  0.0308  0.0308  0.0307  0.0307
  0.0307  0.0307  0.0307  0.0307  0.0307  0.0307  0.0307  0.0307  0.0307  0.0307  0.0307  0.0307
  0.0308  0.0308  0.0308  0.0307  0.0307  0.0307  0.0308  0.0309  0.0308  0.0308  0.0307  0.0308
  0.0313  0.0313  0.0310  0.0308  0.0312  0.0308  0.0313  0.0314  0.0311  0.0312  0.0308  0.0310
  0.0322  0.0320  0.0314  0.0311  0.0319  0.0311  0.0321  0.0324  0.0316  0.0318  0.0310  0.0314
niter,ni,del,rscale     4    3    5.0000    0.7000
parameters
   -1.9888  -10.2221   17.6716   -0.5614   -7.7802   -4.1702
    0.9405   -1.6373   -0.0458   17.0329    1.6283  -15.5976
eta,q 0.96936 11.24059
  0.0319  0.0317  0.0312  0.0311  0.0318  0.0310  0.0318  0.0320  0.0314  0.0316  0.0310  0.0312
  0.0312  0.0311  0.0309  0.0309  0.0313  0.0308  0.0311  0.0313  0.0310  0.0311  0.0308  0.0309
  0.0308  0.0308  0.0307  0.0308  0.0308  0.0307  0.0307  0.0308  0.0307  0.0308  0.0307  0.0307
  0.0307  0.0307  0.0307  0.0307  0.0306  0.0306  0.0306  0.0306  0.0306  0.0306  0.0306  0.0306
  0.0308  0.0308  0.0307  0.0306  0.0307  0.0307  0.0308  0.0308  0.0307  0.0307  0.0307  0.0307
  0.0312  0.0312  0.0309  0.0307  0.0311  0.0307  0.0311  0.0313  0.0310  0.0310  0.0308  0.0309
  0.0319  0.0318  0.0313  0.0310  0.0317  0.0310  0.0318  0.0320  0.0314  0.0315  0.0309  0.0312
niter,ni,del,rscale     3    3    5.0000    0.6000
parameters
   -1.9776  -10.2285   17.6223   -0.2900   -7.6730   -3.9732
    0.9309   -1.6573   -0.0673   17.1288    1.6710  -15.6560
eta,q 0.96938 11.27640
  0.0316  0.0314  0.0310  0.0310  0.0315  0.0309  0.0315  0.0317  0.0312  0.0314  0.0309  0.0311
  0.0311  0.0310  0.0308  0.0308  0.0311  0.0307  0.0310  0.0311  0.0309  0.0310  0.0307  0.0308
  0.0308  0.0307  0.0307  0.0307  0.0308  0.0306  0.0307  0.0307  0.0307  0.0307  0.0307  0.0307
  0.0306  0.0306  0.0306  0.0306  0.0306  0.0306  0.0306  0.0306  0.0306  0.0306  0.0306  0.0306
  0.0307  0.0307  0.0307  0.0306  0.0307  0.0306  0.0307  0.0308  0.0307  0.0307  0.0306  0.0307
  0.0310  0.0310  0.0309  0.0307  0.0310  0.0307  0.0310  0.0311  0.0309  0.0309  0.0307  0.0308
  0.0316  0.0315  0.0311  0.0310  0.0314  0.0308  0.0315  0.0317  0.0312  0.0313  0.0309  0.0311
niter,ni,del,rscale     2    3    5.0000    0.5000
parameters
   -1.9696  -10.2236   17.5808   -0.0303   -7.5960   -3.6834
    0.9140   -1.6874   -0.0767   17.2441    1.6826  -15.7537
eta,q 0.96940 11.31599
  0.0313  0.0312  0.0309  0.0309  0.0313  0.0308  0.0312  0.0313  0.0310  0.0311  0.0308  0.0309
  0.0309  0.0309  0.0307  0.0308  0.0309  0.0307  0.0309  0.0309  0.0308  0.0309  0.0307  0.0307
  0.0307  0.0307  0.0306  0.0307  0.0307  0.0306  0.0307  0.0307  0.0306  0.0307  0.0306  0.0306
  0.0306  0.0306  0.0306  0.0306  0.0306  0.0306  0.0306  0.0306  0.0306  0.0306  0.0306  0.0306
  0.0307  0.0307  0.0307  0.0306  0.0307  0.0306  0.0307  0.0307  0.0307  0.0307  0.0306  0.0306
  0.0309  0.0309  0.0308  0.0307  0.0309  0.0306  0.0309  0.0310  0.0308  0.0308  0.0307  0.0308
  0.0313  0.0312  0.0309  0.0308  0.0312  0.0307  0.0312  0.0314  0.0310  0.0311  0.0308  0.0309
niter,ni,del,rscale     1    3    5.0000    0.4000
parameters
   -1.9608  -10.2153   17.5474    0.2241   -7.5282   -3.2759
    0.9093   -1.7657   -0.0972   17.3328    1.7108  -15.8642
eta,q 0.96941 11.36072
  0.0310  0.0310  0.0308  0.0308  0.0310  0.0307  0.0310  0.0311  0.0309  0.0309  0.0307  0.0308
  0.0308  0.0308  0.0307  0.0307  0.0308  0.0307  0.0308  0.0308  0.0307  0.0307  0.0307  0.0307
  0.0307  0.0306  0.0306  0.0306  0.0307  0.0306  0.0306  0.0306  0.0306  0.0306  0.0306  0.0306
  0.0306  0.0306  0.0306  0.0306  0.0306  0.0306  0.0306  0.0306  0.0306  0.0306  0.0306  0.0306
  0.0306  0.0306  0.0306  0.0306  0.0306  0.0306  0.0306  0.0307  0.0306  0.0306  0.0306  0.0306
  0.0308  0.0308  0.0307  0.0306  0.0308  0.0306  0.0308  0.0308  0.0307  0.0307  0.0306  0.0307
  0.0310  0.0310  0.0308  0.0308  0.0310  0.0307  0.0310  0.0311  0.0309  0.0309  0.0307  0.0308
registration optimization eta report
parameter search radius
    0.8000    0.8000    0.8000    2.4000    2.4000    2.4000
    2.4000    2.4000    2.4000    2.4000    2.4000    2.4000
100000*second partial in parameter space
       67.       57.       32.        3.        7.        2.
        7.        9.        5.        6.        3.        4.
  0.0310  0.0310  0.0308  0.0308  0.0310  0.0307  0.0310  0.0311  0.0309  0.0309  0.0307  0.0308
  0.0308  0.0308  0.0307  0.0307  0.0308  0.0307  0.0308  0.0308  0.0307  0.0307  0.0307  0.0307
  0.0307  0.0306  0.0306  0.0306  0.0307  0.0306  0.0306  0.0306  0.0306  0.0306  0.0306  0.0306
  0.0306  0.0306  0.0306  0.0306  0.0306  0.0306  0.0306  0.0306  0.0306  0.0306  0.0306  0.0306
  0.0306  0.0306  0.0306  0.0306  0.0306  0.0306  0.0306  0.0307  0.0306  0.0306  0.0306  0.0306
  0.0308  0.0308  0.0307  0.0306  0.0308  0.0306  0.0308  0.0308  0.0307  0.0307  0.0306  0.0307
  0.0310  0.0310  0.0308  0.0308  0.0310  0.0307  0.0310  0.0311  0.0309  0.0309  0.0307  0.0308
   -1.9608  -10.2153   17.5474    0.2241   -7.5282   -3.2759
    0.9093   -1.7657   -0.0972   17.3328    1.7108  -15.8642
eta,q 0.96941 11.36072

---------------------------------------------------------------------
imgreg_4dfp /opt/freesurfer/average/711-2C_as_mni_average_305 /opt/freesurfer/average/711-2B_as_mni_average_305_mask talsrcimg_g11 none talsrcimg_to_711-2C_as_mni_average_305_t4 2311
---------------------------------------------------------------------

freesurfer imgreg_4dfp.c
/opt/freesurfer/average/711-2C_as_mni_average_305.4dfp.img
       256       256       256         1
  1.000000  1.000000  1.000000
orientation T byte_order littleendian
Reading image: /opt/freesurfer/average/711-2C_as_mni_average_305.4dfp.img
dimensions:      256       256       256
mmppix:       1.0000   -1.0000   -1.0000
center:     128.0000 -129.0000 -129.0000
/opt/freesurfer/average/711-2B_as_mni_average_305_mask.4dfp.img
       256       256       256         1
  1.000000  1.000000  1.000000
orientation T byte_order littleendian
Reading mask: /opt/freesurfer/average/711-2B_as_mni_average_305_mask.4dfp.img (2306576 pixels)
talsrcimg_g11.4dfp.img
       256       256       256         1
  0.898438  0.898438  0.898438
orientation T byte_order littleendian
Reading image: talsrcimg_g11.4dfp.img
dimensions:      256       256       256
mmppix:       0.8984   -0.8984   -0.8984
center:     115.0001 -115.8985 -115.8985
fimgreg.f
image alignment mode   2311 decimal      907 hex
parameters
   -1.9608  -10.2153   17.5474    0.2241   -7.5282   -3.2759
    0.9093   -1.7657   -0.0972   17.3328    1.7108  -15.8642
eta,q 0.96941 11.36072
niter,ni,del,rscale     5    3    5.0000    0.8000
parameters
   -1.9844  -10.2354   17.5718   -0.2300   -7.6034   -4.0979
    0.9653   -1.6580   -0.0792   17.1057    1.6355  -15.6545
eta,q 0.96938 11.27623
  0.0323  0.0320  0.0314  0.0312  0.0320  0.0310  0.0322  0.0326  0.0317  0.0317  0.0310  0.0315
  0.0313  0.0312  0.0310  0.0309  0.0313  0.0307  0.0313  0.0315  0.0311  0.0311  0.0308  0.0310
  0.0308  0.0308  0.0307  0.0307  0.0308  0.0306  0.0308  0.0308  0.0307  0.0307  0.0307  0.0307
  0.0306  0.0306  0.0306  0.0306  0.0306  0.0306  0.0306  0.0306  0.0306  0.0306  0.0306  0.0306
  0.0308  0.0307  0.0307  0.0307  0.0308  0.0306  0.0308  0.0308  0.0307  0.0308  0.0307  0.0307
  0.0314  0.0313  0.0310  0.0310  0.0313  0.0309  0.0313  0.0314  0.0311  0.0312  0.0308  0.0309
  0.0324  0.0321  0.0314  0.0317  0.0321  0.0316  0.0321  0.0324  0.0316  0.0320  0.0311  0.0313
niter,ni,del,rscale     4    3    5.0000    0.7000
parameters
   -1.9793  -10.2287   17.5792   -0.3902   -7.6807   -4.1705
    0.9532   -1.6436   -0.0667   17.0939    1.6664  -15.6553
eta,q 0.96937 11.25802
  0.0319  0.0317  0.0312  0.0311  0.0317  0.0310  0.0318  0.0321  0.0314  0.0316  0.0310  0.0312
  0.0312  0.0311  0.0309  0.0309  0.0312  0.0307  0.0311  0.0313  0.0310  0.0310  0.0308  0.0309
  0.0308  0.0308  0.0307  0.0307  0.0308  0.0306  0.0307  0.0308  0.0307  0.0307  0.0307  0.0307
  0.0306  0.0306  0.0306  0.0306  0.0306  0.0306  0.0306  0.0306  0.0306  0.0306  0.0306  0.0306
  0.0307  0.0307  0.0307  0.0306  0.0307  0.0306  0.0308  0.0308  0.0307  0.0307  0.0307  0.0307
  0.0312  0.0311  0.0309  0.0308  0.0312  0.0307  0.0311  0.0312  0.0310  0.0311  0.0308  0.0309
  0.0319  0.0317  0.0312  0.0312  0.0318  0.0310  0.0318  0.0320  0.0314  0.0316  0.0310  0.0312
niter,ni,del,rscale     3    3    5.0000    0.6000
parameters
   -1.9781  -10.2185   17.5877   -0.2830   -7.6587   -3.9926
    0.9357   -1.6586   -0.0818   17.1584    1.7225  -15.6889
eta,q 0.96938 11.27749
  0.0316  0.0314  0.0311  0.0310  0.0315  0.0309  0.0315  0.0317  0.0312  0.0313  0.0309  0.0311
  0.0310  0.0310  0.0308  0.0308  0.0311  0.0307  0.0310  0.0311  0.0309  0.0310  0.0308  0.0308
  0.0307  0.0307  0.0307  0.0307  0.0308  0.0306  0.0307  0.0307  0.0307  0.0307  0.0307  0.0307
  0.0306  0.0306  0.0306  0.0306  0.0306  0.0306  0.0306  0.0306  0.0306  0.0306  0.0306  0.0306
  0.0307  0.0307  0.0307  0.0306  0.0307  0.0306  0.0307  0.0308  0.0307  0.0307  0.0306  0.0307
  0.0310  0.0310  0.0308  0.0307  0.0310  0.0307  0.0310  0.0311  0.0309  0.0309  0.0307  0.0308
  0.0316  0.0314  0.0311  0.0310  0.0315  0.0308  0.0315  0.0317  0.0312  0.0313  0.0309  0.0311
niter,ni,del,rscale     2    3    5.0000    0.5000
parameters
   -1.9724  -10.2172   17.5741   -0.0429   -7.6037   -3.6590
    0.9233   -1.6997   -0.0876   17.2576    1.7092  -15.7871
eta,q 0.96939 11.31691
  0.0313  0.0312  0.0309  0.0309  0.0312  0.0308  0.0312  0.0313  0.0310  0.0311  0.0308  0.0309
  0.0309  0.0309  0.0307  0.0308  0.0309  0.0307  0.0309  0.0309  0.0308  0.0308  0.0307  0.0307
  0.0307  0.0307  0.0306  0.0307  0.0307  0.0306  0.0307  0.0307  0.0306  0.0307  0.0306  0.0306
  0.0306  0.0306  0.0306  0.0306  0.0306  0.0306  0.0306  0.0306  0.0306  0.0306  0.0306  0.0306
  0.0307  0.0307  0.0307  0.0306  0.0307  0.0306  0.0307  0.0307  0.0307  0.0307  0.0306  0.0306
  0.0309  0.0309  0.0308  0.0307  0.0309  0.0306  0.0309  0.0310  0.0308  0.0308  0.0307  0.0308
  0.0313  0.0312  0.0309  0.0309  0.0312  0.0307  0.0312  0.0314  0.0310  0.0311  0.0308  0.0309
niter,ni,del,rscale     1    3    5.0000    0.4000
parameters
   -1.9615  -10.2119   17.5449    0.2206   -7.5276   -3.2965
    0.9035   -1.7615   -0.0937   17.3436    1.7309  -15.8716
eta,q 0.96941 11.35956
  0.0310  0.0310  0.0308  0.0308  0.0310  0.0307  0.0310  0.0311  0.0309  0.0309  0.0307  0.0308
  0.0308  0.0308  0.0307  0.0307  0.0308  0.0307  0.0307  0.0308  0.0307  0.0307  0.0306  0.0307
  0.0307  0.0306  0.0306  0.0306  0.0307  0.0306  0.0306  0.0306  0.0306  0.0306  0.0306  0.0306
  0.0306  0.0306  0.0306  0.0306  0.0306  0.0306  0.0306  0.0306  0.0306  0.0306  0.0306  0.0306
  0.0306  0.0306  0.0306  0.0306  0.0306  0.0306  0.0306  0.0307  0.0306  0.0306  0.0306  0.0306
  0.0308  0.0308  0.0307  0.0306  0.0308  0.0306  0.0308  0.0308  0.0307  0.0307  0.0306  0.0307
  0.0310  0.0310  0.0308  0.0308  0.0310  0.0307  0.0310  0.0311  0.0309  0.0309  0.0307  0.0308
registration optimization eta report
parameter search radius
    0.8000    0.8000    0.8000    2.4000    2.4000    2.4000
    2.4000    2.4000    2.4000    2.4000    2.4000    2.4000
100000*second partial in parameter space
       66.       57.       32.        3.        7.        2.
        7.        9.        5.        6.        3.        4.
  0.0310  0.0310  0.0308  0.0308  0.0310  0.0307  0.0310  0.0311  0.0309  0.0309  0.0307  0.0308
  0.0308  0.0308  0.0307  0.0307  0.0308  0.0307  0.0307  0.0308  0.0307  0.0307  0.0306  0.0307
  0.0307  0.0306  0.0306  0.0306  0.0307  0.0306  0.0306  0.0306  0.0306  0.0306  0.0306  0.0306
  0.0306  0.0306  0.0306  0.0306  0.0306  0.0306  0.0306  0.0306  0.0306  0.0306  0.0306  0.0306
  0.0306  0.0306  0.0306  0.0306  0.0306  0.0306  0.0306  0.0307  0.0306  0.0306  0.0306  0.0306
  0.0308  0.0308  0.0307  0.0306  0.0308  0.0306  0.0308  0.0308  0.0307  0.0307  0.0306  0.0307
  0.0310  0.0310  0.0308  0.0308  0.0310  0.0307  0.0310  0.0311  0.0309  0.0309  0.0307  0.0308
   -1.9615  -10.2119   17.5449    0.2206   -7.5276   -3.2965
    0.9035   -1.7615   -0.0937   17.3436    1.7309  -15.8716
eta,q 0.96941 11.35956

---------------------------------------------------------------------
compute_vox2vox talsrcimg talsrcimg_to_711-2C_as_mni_average_305_t4 /opt/freesurfer/average/711-2C_as_mni_average_305
---------------------------------------------------------------------

freesurfer compute_vox2vox.c
Reading: talsrcimg.4dfp.ifh
Reading: talsrcimg_to_711-2C_as_mni_average_305_t4
Reading: /opt/freesurfer/average/711-2C_as_mni_average_305.4dfp.ifh
Writing: talsrcimg_to_711-2C_as_mni_average_305_t4_vox2vox.txt

start time Wed Mar 11 03:46:17 CET 2026
end		time Wed Mar 11 03:47:42 CET 2026

mpr2mni305 success

avi2talxfm orig_nu.mgz /opt/freesurfer/average/mni305.cor.mgz talsrcimg_to_711-2C_as_mni_average_305_t4_vox2vox.txt transforms/talairach.auto.xfm
avi2talxfm done
mv -f /out/sourcedata/freesurfer/sub-v2s13x29109_ses-1/mri/talsrcimg_to_711-2C_as_mni_average_305_t4_vox2vox.txt /out/sourcedata/freesurfer/sub-v2s13x29109_ses-1/mri/transforms/talsrcimg_to_711-2C_as_mni_average_305_t4_vox2vox.txt
lta_convert --src orig_nu.mgz --trg /opt/freesurfer/average/mni305.cor.mgz --inxfm transforms/talairach.auto.xfm --outlta transforms/talairach.auto.xfm.lta --subject fsaverage
7.3.2

--src: orig_nu.mgz src image (geometry).
--trg: /opt/freesurfer/average/mni305.cor.mgz trg image (geometry).
--inmni: transforms/talairach.auto.xfm input MNI/XFM transform.
--outlta: transforms/talairach.auto.xfm.lta output LTA.
--s: fsaverage subject name
 LTA read, type : 1
 0.99746   0.01932  -0.00643  -0.64790;
-0.01716   1.00287   0.17230  -17.82861;
 0.00423  -0.18807   1.04908  -23.34868;
 0.00000   0.00000   0.00000   1.00000;
setting subject to fsaverage
Writing  LTA to file transforms/talairach.auto.xfm.lta...
lta_convert successful.
 
 
Started at Wed Mar 11 03:46:16 CET 2026
Ended   at Wed Mar 11 03:47:43 CET 2026
talairach_avi done
