status file for recon-all
Wed Mar 11 06:20:19 CET 2026
#@# Tessellate rh Wed Mar 11 06:20:19 CET 2026
#@# Smooth1 rh Wed Mar 11 06:20:22 CET 2026
#@# Inflation1 rh Wed Mar 11 06:20:25 CET 2026
#@# QSphere rh Wed Mar 11 06:21:50 CET 2026
#@# Fix Topology rh Wed Mar 11 06:23:27 CET 2026
#@# Smooth2 rh Wed Mar 11 06:30:14 CET 2026
#@# Inflation2 rh Wed Mar 11 06:30:17 CET 2026
#@# Curv .H and .K rh Wed Mar 11 06:30:42 CET 2026
#@# Sphere rh Wed Mar 11 06:31:39 CET 2026
#@# Surf Reg rh Wed Mar 11 06:34:28 CET 2026
#@# Jacobian white rh Wed Mar 11 06:40:01 CET 2026
#@# AvgCurv rh Wed Mar 11 06:40:02 CET 2026
#@# Cortical Parc rh Wed Mar 11 06:40:03 CET 2026
#@# white curv rh Wed Mar 11 06:49:24 CET 2026
#@# white area rh Wed Mar 11 06:49:26 CET 2026
#@# pial curv rh Wed Mar 11 06:49:27 CET 2026
#@# pial area rh Wed Mar 11 06:49:29 CET 2026
#@# thickness rh Wed Mar 11 06:49:30 CET 2026
#@# area and vertex vol rh Wed Mar 11 06:50:01 CET 2026
#@# Curvature Stats rh Wed Mar 11 06:50:03 CET 2026
#@# Cortical Parc 2 rh Wed Mar 11 06:50:06 CET 2026
#@# Cortical Parc 3 rh Wed Mar 11 06:50:20 CET 2026
#@# WM/GM Contrast rh Wed Mar 11 06:50:31 CET 2026
recon-all -s sub-v2s13x29120_ses-1 finished without error at Wed Mar 11 06:50:34 CET 2026



#New# invocation of recon-all 



status file for recon-all
Wed Mar 11 07:01:36 CET 2026
#@# white curv rh Wed Mar 11 07:01:36 CET 2026
#@# white area rh Wed Mar 11 07:01:36 CET 2026
#@# pial curv rh Wed Mar 11 07:01:36 CET 2026
#@# pial area rh Wed Mar 11 07:01:36 CET 2026
#@# thickness rh Wed Mar 11 07:01:37 CET 2026
#@# area and vertex vol rh Wed Mar 11 07:01:37 CET 2026
#@# Parcellation Stats rh Wed Mar 11 07:01:37 CET 2026
#@# Parcellation Stats 2 rh Wed Mar 11 07:02:06 CET 2026
#@# Parcellation Stats 3 rh Wed Mar 11 07:02:21 CET 2026
#@# BA_exvivo Labels rh Wed Mar 11 07:02:37 CET 2026
recon-all -s sub-v2s13x29120_ses-1 finished without error at Wed Mar 11 07:05:27 CET 2026
