status file for recon-all
Wed Mar 11 05:50:16 CET 2026
#@# Tessellate lh Wed Mar 11 05:50:16 CET 2026
#@# Smooth1 lh Wed Mar 11 05:50:19 CET 2026
#@# Inflation1 lh Wed Mar 11 05:50:22 CET 2026
#@# QSphere lh Wed Mar 11 05:51:48 CET 2026
#@# Fix Topology lh Wed Mar 11 05:52:58 CET 2026
#@# Smooth2 lh Wed Mar 11 06:00:34 CET 2026
#@# Inflation2 lh Wed Mar 11 06:00:38 CET 2026
#@# Curv .H and .K lh Wed Mar 11 06:01:06 CET 2026
#@# Sphere lh Wed Mar 11 06:02:02 CET 2026
#@# Surf Reg lh Wed Mar 11 06:04:38 CET 2026
#@# Jacobian white lh Wed Mar 11 06:10:11 CET 2026
#@# AvgCurv lh Wed Mar 11 06:10:12 CET 2026
#@# Cortical Parc lh Wed Mar 11 06:10:12 CET 2026
#@# white curv lh Wed Mar 11 06:19:06 CET 2026
#@# white area lh Wed Mar 11 06:19:09 CET 2026
#@# pial curv lh Wed Mar 11 06:19:09 CET 2026
#@# pial area lh Wed Mar 11 06:19:11 CET 2026
#@# thickness lh Wed Mar 11 06:19:12 CET 2026
#@# area and vertex vol lh Wed Mar 11 06:19:43 CET 2026
#@# Curvature Stats lh Wed Mar 11 06:19:45 CET 2026
#@# Cortical Parc 2 lh Wed Mar 11 06:19:47 CET 2026
#@# Cortical Parc 3 lh Wed Mar 11 06:20:01 CET 2026
#@# WM/GM Contrast lh Wed Mar 11 06:20:12 CET 2026
recon-all -s sub-v2s13x29120_ses-1 finished without error at Wed Mar 11 06:20:15 CET 2026



#New# invocation of recon-all 



status file for recon-all
Wed Mar 11 06:57:48 CET 2026
#@# white curv lh Wed Mar 11 06:57:48 CET 2026
#@# white area lh Wed Mar 11 06:57:48 CET 2026
#@# pial curv lh Wed Mar 11 06:57:48 CET 2026
#@# pial area lh Wed Mar 11 06:57:48 CET 2026
#@# thickness lh Wed Mar 11 06:57:48 CET 2026
#@# area and vertex vol lh Wed Mar 11 06:57:48 CET 2026
#@# Parcellation Stats lh Wed Mar 11 06:57:48 CET 2026
#@# Parcellation Stats 2 lh Wed Mar 11 06:58:18 CET 2026
#@# Parcellation Stats 3 lh Wed Mar 11 06:58:33 CET 2026
#@# BA_exvivo Labels lh Wed Mar 11 06:58:48 CET 2026
recon-all -s sub-v2s13x29120_ses-1 finished without error at Wed Mar 11 07:01:35 CET 2026
