status file for recon-all
Wed Mar 11 04:22:56 CET 2026
#@# MotionCor Wed Mar 11 04:22:58 CET 2026
#@# Talairach Wed Mar 11 04:23:04 CET 2026
#@# Talairach Failure Detection Wed Mar 11 04:25:54 CET 2026
#@# Nu Intensity Correction Wed Mar 11 04:25:54 CET 2026
#@# Intensity Normalization Wed Mar 11 04:28:41 CET 2026
recon-all -s sub-v2s13x29120_ses-1 finished without error at Wed Mar 11 04:29:53 CET 2026



#New# invocation of recon-all 



status file for recon-all
Wed Mar 11 04:36:16 CET 2026
#@# EM Registration Wed Mar 11 04:36:16 CET 2026
recon-all -s sub-v2s13x29120_ses-1 finished without error at Wed Mar 11 04:37:41 CET 2026



#New# invocation of recon-all 



status file for recon-all
Wed Mar 11 04:37:44 CET 2026
#@# CA Normalize Wed Mar 11 04:37:44 CET 2026
#@# CA Reg Wed Mar 11 04:38:36 CET 2026
#@# SubCort Seg Wed Mar 11 05:17:44 CET 2026
#@# CC Seg Wed Mar 11 05:45:41 CET 2026
#@# Merge ASeg Wed Mar 11 05:46:03 CET 2026
#@# Intensity Normalization2 Wed Mar 11 05:46:03 CET 2026
#@# Mask BFS Wed Mar 11 05:47:39 CET 2026
#@# WM Segmentation Wed Mar 11 05:47:39 CET 2026
#@# Fill Wed Mar 11 05:49:34 CET 2026
recon-all -s sub-v2s13x29120_ses-1 finished without error at Wed Mar 11 05:50:13 CET 2026



#New# invocation of recon-all 



status file for recon-all
Wed Mar 11 06:50:38 CET 2026
#@# white curv lh Wed Mar 11 06:50:38 CET 2026
#@# white area lh Wed Mar 11 06:50:38 CET 2026
#@# pial curv lh Wed Mar 11 06:50:38 CET 2026
#@# pial area lh Wed Mar 11 06:50:38 CET 2026
#@# thickness lh Wed Mar 11 06:50:38 CET 2026
#@# area and vertex vol lh Wed Mar 11 06:50:38 CET 2026
#@# white curv rh Wed Mar 11 06:50:38 CET 2026
#@# white area rh Wed Mar 11 06:50:38 CET 2026
#@# pial curv rh Wed Mar 11 06:50:38 CET 2026
#@# pial area rh Wed Mar 11 06:50:38 CET 2026
#@# thickness rh Wed Mar 11 06:50:38 CET 2026
#@# area and vertex vol rh Wed Mar 11 06:50:38 CET 2026
#@# Cortical ribbon mask Wed Mar 11 06:50:38 CET 2026
recon-all -s sub-v2s13x29120_ses-1 finished without error at Wed Mar 11 06:57:42 CET 2026



#New# invocation of recon-all 



status file for recon-all
Wed Mar 11 07:05:32 CET 2026
#@# white curv lh Wed Mar 11 07:05:32 CET 2026
#@# white area lh Wed Mar 11 07:05:32 CET 2026
#@# pial curv lh Wed Mar 11 07:05:32 CET 2026
#@# pial area lh Wed Mar 11 07:05:32 CET 2026
#@# thickness lh Wed Mar 11 07:05:32 CET 2026
#@# area and vertex vol lh Wed Mar 11 07:05:32 CET 2026
#@# white curv rh Wed Mar 11 07:05:32 CET 2026
#@# white area rh Wed Mar 11 07:05:32 CET 2026
#@# pial curv rh Wed Mar 11 07:05:32 CET 2026
#@# pial area rh Wed Mar 11 07:05:32 CET 2026
#@# thickness rh Wed Mar 11 07:05:32 CET 2026
#@# area and vertex vol rh Wed Mar 11 07:05:32 CET 2026
#@# Curvature Stats lh Wed Mar 11 07:05:32 CET 2026
#@# Curvature Stats rh Wed Mar 11 07:05:35 CET 2026
#@# Relabel Hypointensities Wed Mar 11 07:05:38 CET 2026
#@# APas-to-ASeg Wed Mar 11 07:05:53 CET 2026
#@# AParc-to-ASeg aparc Wed Mar 11 07:06:03 CET 2026
#@# AParc-to-ASeg aparc.a2009s Wed Mar 11 07:06:53 CET 2026
#@# AParc-to-ASeg aparc.DKTatlas Wed Mar 11 07:07:45 CET 2026
#@# WMParc Wed Mar 11 07:08:36 CET 2026
#@# ASeg Stats Wed Mar 11 07:10:34 CET 2026
recon-all -s sub-v2s13x29120_ses-1 finished without error at Wed Mar 11 07:10:54 CET 2026
