Log file for defect2seg
Wed Mar 11 07:23:56 CET 2026

setenv SUBJECTS_DIR /out/sourcedata/freesurfer
cd /out/sourcedata/freesurfer/sub-v2s13x29130_ses-1/scripts
/opt/freesurfer/bin/defect2seg --s sub-v2s13x29130_ses-1 --rh-only --cortex

freesurfer-linux-ubuntu22_x86_64-7.3.2-20220804-6354275
defect2seg 7.3.2
Linux dna040 5.14.0-427.37.1.el9_4.x86_64 #1 SMP PREEMPT_DYNAMIC Fri Sep 13 12:41:50 EDT 2024 x86_64 x86_64 x86_64 GNU/Linux
pid 2911194
mri_label2label --label-cortex /out/sourcedata/freesurfer/sub-v2s13x29130_ses-1/surf/rh.orig.nofix /out/sourcedata/freesurfer/sub-v2s13x29130_ses-1/mri/aseg.presurf.mgz 0 /out/sourcedata/freesurfer/sub-v2s13x29130_ses-1/label/rh.nofix.cortex.label

 Generating cortex label... RemoveHipAmgy=0
 NucAccIsMedialWall=0
 mris->useRealRAS=0
20 non-cortical segments detected
only using segment with 9875 vertices
erasing segment 1 (vno[0] = 79905)
erasing segment 2 (vno[0] = 83757)
erasing segment 3 (vno[0] = 85077)
erasing segment 4 (vno[0] = 111405)
erasing segment 5 (vno[0] = 116030)
erasing segment 6 (vno[0] = 125901)
erasing segment 7 (vno[0] = 128076)
erasing segment 8 (vno[0] = 129073)
erasing segment 9 (vno[0] = 129119)
erasing segment 10 (vno[0] = 130254)
erasing segment 11 (vno[0] = 130276)
erasing segment 12 (vno[0] = 130449)
erasing segment 13 (vno[0] = 133868)
erasing segment 14 (vno[0] = 133962)
erasing segment 15 (vno[0] = 142962)
erasing segment 16 (vno[0] = 144079)
erasing segment 17 (vno[0] = 154584)
erasing segment 18 (vno[0] = 159191)
erasing segment 19 (vno[0] = 163909)
mri_label2vol --defects /out/sourcedata/freesurfer/sub-v2s13x29130_ses-1/surf/rh.orig.nofix /out/sourcedata/freesurfer/sub-v2s13x29130_ses-1/surf/rh.defect_labels /out/sourcedata/freesurfer/sub-v2s13x29130_ses-1/mri/orig.mgz 2000 0 /out/sourcedata/freesurfer/sub-v2s13x29130_ses-1/mri/rh.surface.defects.mgz /out/sourcedata/freesurfer/sub-v2s13x29130_ses-1/label/rh.nofix.cortex.label
mri_label2vol supposed to be reproducible but seed not set
Contraining to label /out/sourcedata/freesurfer/sub-v2s13x29130_ses-1/label/rh.nofix.cortex.label
Changing input type 0 to MRI_INT
Converting defects to volume: offset=2000, merge=0
Writing to /out/sourcedata/freesurfer/sub-v2s13x29130_ses-1/mri/rh.surface.defects.mgz
mris_defects_pointset -s /out/sourcedata/freesurfer/sub-v2s13x29130_ses-1/surf/rh.orig.nofix -d /out/sourcedata/freesurfer/sub-v2s13x29130_ses-1/surf/rh.defect_labels -o /out/sourcedata/freesurfer/sub-v2s13x29130_ses-1/surf/rh.defects.pointset --label /out/sourcedata/freesurfer/sub-v2s13x29130_ses-1/label/rh.nofix.cortex.label
Reading in surface /out/sourcedata/freesurfer/sub-v2s13x29130_ses-1/surf/rh.orig.nofix
Reading in defect segmentation /out/sourcedata/freesurfer/sub-v2s13x29130_ses-1/surf/rh.defect_labels
Reading in label /out/sourcedata/freesurfer/sub-v2s13x29130_ses-1/label/rh.nofix.cortex.label
#VMPC# mris_defects_pointset 1319032
mris_defects_pointset done
 
Started at Wed Mar 11 07:23:56 CET 2026 
Ended   at Wed Mar 11 07:24:18 CET 2026
Defect2seg-Run-Time-Sec 22
Defect2seg-Run-Time-Min 0.44
Defect2seg-Run-Time-Hours 0.01
 
defect2seg Done
