status file for recon-all
Wed Mar 11 06:46:36 CET 2026
#@# Tessellate lh Wed Mar 11 06:46:36 CET 2026
#@# Smooth1 lh Wed Mar 11 06:46:40 CET 2026
#@# Inflation1 lh Wed Mar 11 06:46:44 CET 2026
#@# QSphere lh Wed Mar 11 06:48:03 CET 2026
#@# Fix Topology lh Wed Mar 11 06:49:33 CET 2026
#@# Smooth2 lh Wed Mar 11 06:57:56 CET 2026
#@# Inflation2 lh Wed Mar 11 06:58:00 CET 2026
#@# Curv .H and .K lh Wed Mar 11 06:58:29 CET 2026
#@# Sphere lh Wed Mar 11 06:59:38 CET 2026
#@# Surf Reg lh Wed Mar 11 07:03:42 CET 2026
#@# Jacobian white lh Wed Mar 11 07:09:18 CET 2026
#@# AvgCurv lh Wed Mar 11 07:09:19 CET 2026
#@# Cortical Parc lh Wed Mar 11 07:09:21 CET 2026
#@# white curv lh Wed Mar 11 07:18:12 CET 2026
#@# white area lh Wed Mar 11 07:18:14 CET 2026
#@# pial curv lh Wed Mar 11 07:18:15 CET 2026
#@# pial area lh Wed Mar 11 07:18:18 CET 2026
#@# thickness lh Wed Mar 11 07:18:19 CET 2026
#@# area and vertex vol lh Wed Mar 11 07:19:00 CET 2026
#@# Curvature Stats lh Wed Mar 11 07:19:02 CET 2026
#@# Cortical Parc 2 lh Wed Mar 11 07:19:05 CET 2026
#@# Cortical Parc 3 lh Wed Mar 11 07:19:23 CET 2026
#@# WM/GM Contrast lh Wed Mar 11 07:19:35 CET 2026
recon-all -s sub-v2s13x29130_ses-1 finished without error at Wed Mar 11 07:19:41 CET 2026



#New# invocation of recon-all 



status file for recon-all
Wed Mar 11 08:00:42 CET 2026
#@# white curv lh Wed Mar 11 08:00:42 CET 2026
#@# white area lh Wed Mar 11 08:00:42 CET 2026
#@# pial curv lh Wed Mar 11 08:00:42 CET 2026
#@# pial area lh Wed Mar 11 08:00:42 CET 2026
#@# thickness lh Wed Mar 11 08:00:42 CET 2026
#@# area and vertex vol lh Wed Mar 11 08:00:42 CET 2026
#@# Parcellation Stats lh Wed Mar 11 08:00:42 CET 2026
#@# Parcellation Stats 2 lh Wed Mar 11 08:01:14 CET 2026
#@# Parcellation Stats 3 lh Wed Mar 11 08:01:30 CET 2026
#@# BA_exvivo Labels lh Wed Mar 11 08:01:46 CET 2026
recon-all -s sub-v2s13x29130_ses-1 finished without error at Wed Mar 11 08:05:06 CET 2026
