status file for recon-all
Wed Mar 11 07:19:44 CET 2026
#@# Tessellate rh Wed Mar 11 07:19:44 CET 2026
#@# Smooth1 rh Wed Mar 11 07:19:48 CET 2026
#@# Inflation1 rh Wed Mar 11 07:19:51 CET 2026
#@# QSphere rh Wed Mar 11 07:21:15 CET 2026
#@# Fix Topology rh Wed Mar 11 07:22:46 CET 2026
#@# Smooth2 rh Wed Mar 11 07:30:21 CET 2026
#@# Inflation2 rh Wed Mar 11 07:30:25 CET 2026
#@# Curv .H and .K rh Wed Mar 11 07:30:56 CET 2026
#@# Sphere rh Wed Mar 11 07:32:00 CET 2026
#@# Surf Reg rh Wed Mar 11 07:35:59 CET 2026
#@# Jacobian white rh Wed Mar 11 07:42:00 CET 2026
#@# AvgCurv rh Wed Mar 11 07:42:02 CET 2026
#@# Cortical Parc rh Wed Mar 11 07:42:03 CET 2026
#@# white curv rh Wed Mar 11 07:50:09 CET 2026
#@# white area rh Wed Mar 11 07:50:12 CET 2026
#@# pial curv rh Wed Mar 11 07:50:12 CET 2026
#@# pial area rh Wed Mar 11 07:50:15 CET 2026
#@# thickness rh Wed Mar 11 07:50:16 CET 2026
#@# area and vertex vol rh Wed Mar 11 07:50:58 CET 2026
#@# Curvature Stats rh Wed Mar 11 07:51:00 CET 2026
#@# Cortical Parc 2 rh Wed Mar 11 07:51:03 CET 2026
#@# Cortical Parc 3 rh Wed Mar 11 07:51:20 CET 2026
#@# WM/GM Contrast rh Wed Mar 11 07:51:33 CET 2026
recon-all -s sub-v2s13x29130_ses-1 finished without error at Wed Mar 11 07:51:39 CET 2026



#New# invocation of recon-all 



status file for recon-all
Wed Mar 11 08:05:08 CET 2026
#@# white curv rh Wed Mar 11 08:05:08 CET 2026
#@# white area rh Wed Mar 11 08:05:08 CET 2026
#@# pial curv rh Wed Mar 11 08:05:08 CET 2026
#@# pial area rh Wed Mar 11 08:05:08 CET 2026
#@# thickness rh Wed Mar 11 08:05:08 CET 2026
#@# area and vertex vol rh Wed Mar 11 08:05:08 CET 2026
#@# Parcellation Stats rh Wed Mar 11 08:05:08 CET 2026
#@# Parcellation Stats 2 rh Wed Mar 11 08:05:38 CET 2026
#@# Parcellation Stats 3 rh Wed Mar 11 08:05:54 CET 2026
#@# BA_exvivo Labels rh Wed Mar 11 08:06:09 CET 2026
recon-all -s sub-v2s13x29130_ses-1 finished without error at Wed Mar 11 08:09:30 CET 2026
