/out/sourcedata/freesurfer/sub-v2s13x29100_ses-1/mri
/opt/freesurfer/bin/talairach_avi
--i orig_nu.mgz --xfm transforms/talairach.auto.xfm
talairach_avi 7.3.2
Linux dna007 5.14.0-427.37.1.el9_4.x86_64 #1 SMP PREEMPT_DYNAMIC Fri Sep 13 12:41:50 EDT 2024 x86_64 x86_64 x86_64 GNU/Linux
Wed Mar 11 03:11:01 CET 2026
mri_convert orig_nu.mgz talsrcimg.img 
reading from orig_nu.mgz...
TR=0.00, TE=0.00, TI=0.00, flip angle=0.00
i_ras = (-1, 1.61969e-11, -6.47877e-11)
j_ras = (0, -3.31713e-08, -1)
k_ras = (1.61969e-11, 1, -1.65856e-08)
writing to talsrcimg.img...
Analyze Output Matrix
-0.89844   0.00000   0.00000   119.67927;
 0.00000  -0.00000   0.89844  -118.73027;
-0.00000  -0.89844  -0.00000   145.51079;
 0.00000   0.00000   0.00000   1.00000;
--------------------
INFO: set hdr.hist.orient to -1
mpr2mni305 talsrcimg
Wed Mar 11 03:11:01 CET 2026
/opt/freesurfer/bin/mpr2mni305 talsrcimg
mpr2mni305 7.3.2
target=711-2C_as_mni_average_305

---------------------------------------------------------------------
analyzeto4dfp talsrcimg -O0 -y
---------------------------------------------------------------------

freesurfer ifh2hdr.c
Wed Mar 11 03:11:01 2026
Writing: talsrcimg.4dfp.hdr
freesurfer analyzeto4dfp.c
Reading: talsrcimg.hdr
header size 348 bytes
hdr.dime.datatype	offset=70	value=2
hdr.dime.bitpix		offset=72	value=8
hdr.hist.orient		offset=252	value=-1
dimensionality     4
dimensions       256       256       256         1
Reading: talsrcimg.img
Writing: talsrcimg.4dfp.img
Writing: talsrcimg.4dfp.ifh
ifh2hdr talsrcimg -r0to239
ori=2

---------------------------------------------------------------------
gauss_4dfp talsrcimg 1.1
---------------------------------------------------------------------

freesurfer gauss_4dfp.c
Reading: talsrcimg.4dfp.img
Writing: talsrcimg_g11.4dfp.img
image dimensions 256 256 256 padded to 288 288 288
processing volume 1freesurfer ifh2hdr.c
Wed Mar 11 03:11:03 2026
Writing: talsrcimg_g11.4dfp.hdr

Writing: talsrcimg_g11.4dfp.ifh
including: talsrcimg.4dfp.img.rec in talsrcimg_g11.4dfp.img.rec

---------------------------------------------------------------------
imgreg_4dfp /opt/freesurfer/average/711-2C_as_mni_average_305 none talsrcimg_g11 none talsrcimg_to_711-2C_as_mni_average_305_t4 4355
---------------------------------------------------------------------

freesurfer imgreg_4dfp.c
/opt/freesurfer/average/711-2C_as_mni_average_305.4dfp.img
       256       256       256         1
  1.000000  1.000000  1.000000
orientation T byte_order littleendian
Reading image: /opt/freesurfer/average/711-2C_as_mni_average_305.4dfp.img
dimensions:      256       256       256
mmppix:       1.0000   -1.0000   -1.0000
center:     128.0000 -129.0000 -129.0000
talsrcimg_g11.4dfp.img
       256       256       256         1
  0.898438  0.898438  0.898438
orientation T byte_order littleendian
Reading image: talsrcimg_g11.4dfp.img
dimensions:      256       256       256
mmppix:       0.8984   -0.8984   -0.8984
center:     115.0001 -115.8985 -115.8985
t4_read: open error in t4_sub.f l:  41 t4_file(1:l)talsrcimg_to_711-2C_as_mni_average_305_t4 
t4_read: transform initialized to I4
rotation matrix determinant  1.000000
image alignment mode   4355 decimal     1103 hex
   -7.5000  -45.0000  -45.0000 6005.6377   17.7875
    0.0000  -45.0000  -45.0000 6054.8906   17.8137
    7.5000  -45.0000  -45.0000 5763.3389   17.8229
   -7.5000  -37.5000  -45.0000 6384.8950   18.9125
    0.0000  -37.5000  -45.0000 6427.1401   18.9337
    7.5000  -37.5000  -45.0000 6121.1978   18.9391
   -7.5000  -30.0000  -45.0000 6755.5059   19.5191
    0.0000  -30.0000  -45.0000 6793.0254   19.5321
    7.5000  -30.0000  -45.0000 6468.8164   19.5324
   -7.5000  -22.5000  -45.0000 7192.0532   19.5231
    0.0000  -22.5000  -45.0000 7247.0088   19.5333
    7.5000  -22.5000  -45.0000 6910.0859   19.5328
   -7.5000  -15.0000  -45.0000 7619.9019   19.5158
    0.0000  -15.0000  -45.0000 7688.1719   19.5323
    7.5000  -15.0000  -45.0000 7334.5620   19.5360
   -7.5000   -7.5000  -45.0000 7682.6816   19.5041
    0.0000   -7.5000  -45.0000 7728.9155   19.5296
    7.5000   -7.5000  -45.0000 7395.3179   19.5380
   -7.5000    0.0000  -45.0000 7653.8755   19.4996
    0.0000    0.0000  -45.0000 7687.5381   19.5283
    7.5000    0.0000  -45.0000 7386.9087   19.5384
   -7.5000    7.5000  -45.0000 7306.5249   19.5088
    0.0000    7.5000  -45.0000 7314.5713   19.5307
    7.5000    7.5000  -45.0000 7023.5435   19.5362
   -7.5000   15.0000  -45.0000 7150.5112   19.5191
    0.0000   15.0000  -45.0000 7155.3096   19.5321
    7.5000   15.0000  -45.0000 6866.8945   19.5324
   -7.5000   22.5000  -45.0000 6527.1543   19.2605
    0.0000   22.5000  -45.0000 6514.4272   19.2706
    7.5000   22.5000  -45.0000 6256.8384   19.2701
   -7.5000   30.0000  -45.0000 5919.2056   18.7703
    0.0000   30.0000  -45.0000 5918.6982   18.7863
    7.5000   30.0000  -45.0000 5667.0405   18.7900
   -7.5000   37.5000  -45.0000 5386.3003   18.4202
    0.0000   37.5000  -45.0000 5408.2837   18.4418
    7.5000   37.5000  -45.0000 5156.7788   18.4486
   -7.5000   45.0000  -45.0000 4903.1738   18.2519
    0.0000   45.0000  -45.0000 4929.4424   18.2687
    7.5000   45.0000  -45.0000 4694.1987   18.2726
   -7.5000  -45.0000  -37.5000 6561.3901   18.6697
    0.0000  -45.0000  -37.5000 6612.6074   18.6918
    7.5000  -45.0000  -37.5000 6294.4409   18.7104
   -7.5000  -37.5000  -37.5000 6960.1909   19.8684
    0.0000  -37.5000  -37.5000 7019.7090   19.8836
    7.5000  -37.5000  -37.5000 6676.7661   19.8988
   -7.5000  -30.0000  -37.5000 7341.5869   20.4768
    0.0000  -30.0000  -37.5000 7406.1514   20.4814
    7.5000  -30.0000  -37.5000 7054.5527   20.4911
   -7.5000  -22.5000  -37.5000 7806.1523   20.4774
    0.0000  -22.5000  -37.5000 7879.7031   20.4786
    7.5000  -22.5000  -37.5000 7519.7319   20.4868
   -7.5000  -15.0000  -37.5000 8279.1084   20.4605
    0.0000  -15.0000  -37.5000 8355.7646   20.4695
    7.5000  -15.0000  -37.5000 7974.3521   20.4819
   -7.5000   -7.5000  -37.5000 8353.2881   20.4428
    0.0000   -7.5000  -37.5000 8403.2363   20.4630
    7.5000   -7.5000  -37.5000 8052.9390   20.4810
   -7.5000    0.0000  -37.5000 8302.8926   20.4406
    0.0000    0.0000  -37.5000 8330.6807   20.4647
    7.5000    0.0000  -37.5000 8004.3403   20.4851
   -7.5000    7.5000  -37.5000 7901.5156   20.4588
    0.0000    7.5000  -37.5000 7916.6650   20.4743
    7.5000    7.5000  -37.5000 7601.3613   20.4900
   -7.5000   15.0000  -37.5000 7728.5576   20.4758
    0.0000   15.0000  -37.5000 7736.0869   20.4804
    7.5000   15.0000  -37.5000 7437.7109   20.4902
   -7.5000   22.5000  -37.5000 7038.1938   20.2036
    0.0000   22.5000  -37.5000 7036.7002   20.2048
    7.5000   22.5000  -37.5000 6757.8525   20.2129
   -7.5000   30.0000  -37.5000 6341.2554   19.6942
    0.0000   30.0000  -37.5000 6346.5396   19.7030
    7.5000   30.0000  -37.5000 6094.3198   19.7151
   -7.5000   37.5000  -37.5000 5770.1802   19.3180
    0.0000   37.5000  -37.5000 5781.0293   19.3352
    7.5000   37.5000  -37.5000 5543.0034   19.3513
   -7.5000   45.0000  -37.5000 5242.1362   19.1316
    0.0000   45.0000  -37.5000 5256.6025   19.1453
    7.5000   45.0000  -37.5000 5035.0454   19.1576
   -7.5000  -45.0000  -30.0000 7117.5908   19.4943
    0.0000  -45.0000  -30.0000 7176.1772   19.5250
    7.5000  -45.0000  -30.0000 6835.4180   19.5494
   -7.5000  -37.5000  -30.0000 7544.6787   20.7628
    0.0000  -37.5000  -30.0000 7625.7578   20.7884
    7.5000  -37.5000  -30.0000 7254.6602   20.8114
   -7.5000  -30.0000  -30.0000 7934.5669   21.3664
    0.0000  -30.0000  -30.0000 8026.6479   21.3822
    7.5000  -30.0000  -30.0000 7647.7490   21.4003
   -7.5000  -22.5000  -30.0000 8437.8721   21.3551
    0.0000  -22.5000  -30.0000 8552.4326   21.3665
    7.5000  -22.5000  -30.0000 8147.1899   21.3822
   -7.5000  -15.0000  -30.0000 8910.5400   21.3286
    0.0000  -15.0000  -30.0000 9032.3428   21.3462
    7.5000  -15.0000  -30.0000 8600.5459   21.3645
   -7.5000   -7.5000  -30.0000 8982.9375   21.3125
    0.0000   -7.5000  -30.0000 9086.6113   21.3411
    7.5000   -7.5000  -30.0000 8674.5029   21.3645
   -7.5000    0.0000  -30.0000 8908.6572   21.3212
    0.0000    0.0000  -30.0000 8979.4404   21.3548
    7.5000    0.0000  -30.0000 8602.3789   21.3816
   -7.5000    7.5000  -30.0000 8469.4941   21.3473
    0.0000    7.5000  -30.0000 8528.1309   21.3737
    7.5000    7.5000  -30.0000 8155.9883   21.3973
   -7.5000   15.0000  -30.0000 8259.3057   21.3635
    0.0000   15.0000  -30.0000 8311.3066   21.3793
    7.5000   15.0000  -30.0000 7949.4321   21.3974
   -7.5000   22.5000  -30.0000 7504.1382   21.0706
    0.0000   22.5000  -30.0000 7545.8242   21.0817
    7.5000   22.5000  -30.0000 7214.7207   21.0973
   -7.5000   30.0000  -30.0000 6733.6992   20.5481
    0.0000   30.0000  -30.0000 6778.2974   20.5650
    7.5000   30.0000  -30.0000 6491.8662   20.5827
   -7.5000   37.5000  -30.0000 6121.6079   20.1697
    0.0000   37.5000  -30.0000 6169.5020   20.1958
    7.5000   37.5000  -30.0000 5905.1694   20.2173
   -7.5000   45.0000  -30.0000 5562.5698   19.9839
    0.0000   45.0000  -30.0000 5594.6060   20.0075
    7.5000   45.0000  -30.0000 5358.6167   20.0256
   -7.5000  -45.0000  -22.5000 7652.1509   20.3105
    0.0000  -45.0000  -22.5000 7754.8726   20.3521
    7.5000  -45.0000  -22.5000 7370.9541   20.3722
   -7.5000  -37.5000  -22.5000 8073.0884   21.6458
    0.0000  -37.5000  -22.5000 8176.5430   21.6851
    7.5000  -37.5000  -22.5000 7785.1875   21.7047
   -7.5000  -30.0000  -22.5000 8487.4648   22.2439
    0.0000  -30.0000  -22.5000 8613.2412   22.2763
    7.5000  -30.0000  -22.5000 8207.1094   22.2920
   -7.5000  -22.5000  -22.5000 9039.9873   22.2248
    0.0000  -22.5000  -22.5000 9197.3994   22.2534
    7.5000  -22.5000  -22.5000 8755.2520   22.2663
   -7.5000  -15.0000  -22.5000 9542.2266   22.1963
    0.0000  -15.0000  -22.5000 9704.1143   22.2290
    7.5000  -15.0000  -22.5000 9236.7686   22.2428
   -7.5000   -7.5000  -22.5000 9612.1895   22.1848
    0.0000   -7.5000  -22.5000 9759.2168   22.2259
    7.5000   -7.5000  -22.5000 9308.6377   22.2440
   -7.5000    0.0000  -22.5000 9535.0244   22.2012
    0.0000    0.0000  -22.5000 9644.7441   22.2467
    7.5000    0.0000  -22.5000 9197.6475   22.2687
   -7.5000    7.5000  -22.5000 9017.8916   22.2274
    0.0000    7.5000  -22.5000 9106.3516   22.2679
    7.5000    7.5000  -22.5000 8690.5771   22.2880
   -7.5000   15.0000  -22.5000 8789.2236   22.2386
    0.0000   15.0000  -22.5000 8878.7334   22.2709
    7.5000   15.0000  -22.5000 8468.1240   22.2866
   -7.5000   22.5000  -22.5000 8002.5908   21.9308
    0.0000   22.5000  -22.5000 8079.8267   21.9590
    7.5000   22.5000  -22.5000 7693.8721   21.9717
   -7.5000   30.0000  -22.5000 7176.1128   21.4016
    0.0000   30.0000  -22.5000 7231.1553   21.4329
    7.5000   30.0000  -22.5000 6900.8374   21.4464
   -7.5000   37.5000  -22.5000 6516.2842   21.0308
    0.0000   37.5000  -22.5000 6579.7627   21.0690
    7.5000   37.5000  -22.5000 6284.8057   21.0857
   -7.5000   45.0000  -22.5000 5900.9170   20.8540
    0.0000   45.0000  -22.5000 5959.1641   20.8884
    7.5000   45.0000  -22.5000 5681.7026   20.9028
   -7.5000  -45.0000  -15.0000 8148.1309   21.0065
    0.0000  -45.0000  -15.0000 8259.9814   21.0513
    7.5000  -45.0000  -15.0000 7868.8174   21.0627
   -7.5000  -37.5000  -15.0000 8592.9639   22.3772
    0.0000  -37.5000  -15.0000 8708.1836   22.4207
    7.5000  -37.5000  -15.0000 8305.3584   22.4303
   -7.5000  -30.0000  -15.0000 9049.7510   22.9718
    0.0000  -30.0000  -15.0000 9188.9658   23.0102
    7.5000  -30.0000  -15.0000 8757.1143   23.0153
   -7.5000  -22.5000  -15.0000 9612.3691   22.9587
    0.0000  -22.5000  -15.0000 9771.7197   22.9947
    7.5000  -22.5000  -15.0000 9304.7520   22.9973
   -7.5000  -15.0000  -15.000010155.9873   22.9381
    0.0000  -15.0000  -15.000010317.9336   22.9774
    7.5000  -15.0000  -15.0000 9810.1943   22.9818
   -7.5000   -7.5000  -15.000010234.0312   22.9282
    0.0000   -7.5000  -15.000010390.3828   22.9740
    7.5000   -7.5000  -15.0000 9891.3281   22.9830
   -7.5000    0.0000  -15.000010119.7744   22.9397
    0.0000    0.0000  -15.000010270.3906   22.9887
    7.5000    0.0000  -15.0000 9784.4219   23.0011
   -7.5000    7.5000  -15.0000 9542.2676   22.9562
    0.0000    7.5000  -15.0000 9655.5635   23.0009
    7.5000    7.5000  -15.0000 9224.1572   23.0108
   -7.5000   15.0000  -15.0000 9286.0391   22.9647
    0.0000   15.0000  -15.0000 9381.0625   23.0031
    7.5000   15.0000  -15.0000 8962.8691   23.0082
   -7.5000   22.5000  -15.0000 8471.4365   22.6584
    0.0000   22.5000  -15.0000 8560.5137   22.6939
    7.5000   22.5000  -15.0000 8156.9019   22.6965
   -7.5000   30.0000  -15.0000 7608.0107   22.1313
    0.0000   30.0000  -15.0000 7672.1646   22.1691
    7.5000   30.0000  -15.0000 7323.7490   22.1735
   -7.5000   37.5000  -15.0000 6917.0254   21.7706
    0.0000   37.5000  -15.0000 6988.2710   21.8123
    7.5000   37.5000  -15.0000 6661.5869   21.8201
   -7.5000   45.0000  -15.0000 6262.2251   21.5919
    0.0000   45.0000  -15.0000 6332.8066   21.6276
    7.5000   45.0000  -15.0000 6020.4771   21.6339
   -7.5000  -45.0000   -7.5000 8417.0117   20.9914
    0.0000  -45.0000   -7.5000 8522.1279   21.0296
    7.5000  -45.0000   -7.5000 8126.0317   21.0367
   -7.5000  -37.5000   -7.5000 8848.4805   22.3508
    0.0000  -37.5000   -7.5000 8973.7256   22.3857
    7.5000  -37.5000   -7.5000 8566.8428   22.3892
   -7.5000  -30.0000   -7.5000 9326.3633   22.9467
    0.0000  -30.0000   -7.5000 9451.8701   22.9749
    7.5000  -30.0000   -7.5000 9016.6250   22.9725
   -7.5000  -22.5000   -7.5000 9868.6084   22.9471
    0.0000  -22.5000   -7.5000 9998.9570   22.9728
    7.5000  -22.5000   -7.5000 9540.6816   22.9690
   -7.5000  -15.0000   -7.500010411.9033   22.9365
    0.0000  -15.0000   -7.500010536.5361   22.9675
    7.5000  -15.0000   -7.500010048.4160   22.9674
   -7.5000   -7.5000   -7.500010515.9453   22.9242
    0.0000   -7.5000   -7.500010662.7842   22.9630
    7.5000   -7.5000   -7.500010158.9717   22.9681
   -7.5000    0.0000   -7.500010381.8369   22.9233
    0.0000    0.0000   -7.500010534.4219   22.9649
    7.5000    0.0000   -7.500010049.7285   22.9727
   -7.5000    7.5000   -7.5000 9757.6953   22.9292
    0.0000    7.5000   -7.5000 9869.4600   22.9650
    7.5000    7.5000   -7.5000 9431.3398   22.9685
   -7.5000   15.0000   -7.5000 9498.4014   22.9396
    0.0000   15.0000   -7.5000 9590.8467   22.9678
    7.5000   15.0000   -7.5000 9145.0781   22.9654
   -7.5000   22.5000   -7.5000 8655.4365   22.6469
    0.0000   22.5000   -7.5000 8759.5889   22.6724
    7.5000   22.5000   -7.5000 8344.8838   22.6686
   -7.5000   30.0000   -7.5000 7793.0298   22.1261
    0.0000   30.0000   -7.5000 7878.6011   22.1560
    7.5000   30.0000   -7.5000 7521.1274   22.1562
   -7.5000   37.5000   -7.5000 7096.5933   21.7645
    0.0000   37.5000   -7.5000 7182.3296   21.7985
    7.5000   37.5000   -7.5000 6843.0405   21.8022
   -7.5000   45.0000   -7.5000 6407.0576   21.5730
    0.0000   45.0000   -7.5000 6477.2749   21.6005
    7.5000   45.0000   -7.5000 6156.2339   21.6024
   -7.5000  -45.0000    0.0000 8534.2871   21.5251
    0.0000  -45.0000    0.0000 8643.5176   21.5541
    7.5000  -45.0000    0.0000 8252.9258   21.5662
   -7.5000  -37.5000    0.0000 8967.0098   22.9092
    0.0000  -37.5000    0.0000 9088.9678   22.9314
    7.5000  -37.5000    0.0000 8683.6846   22.9383
   -7.5000  -30.0000    0.0000 9452.0781   23.5105
    0.0000  -30.0000    0.0000 9580.6143   23.5221
    7.5000  -30.0000    0.0000 9147.3555   23.5223
   -7.5000  -22.5000    0.0000 9984.1094   23.5182
    0.0000  -22.5000    0.000010097.6064   23.5266
    7.5000  -22.5000    0.0000 9664.4453   23.5256
   -7.5000  -15.0000    0.000010525.6729   23.5087
    0.0000  -15.0000    0.000010619.7871   23.5254
    7.5000  -15.0000    0.000010169.0127   23.5299
   -7.5000   -7.5000    0.000010611.9775   23.4912
    0.0000   -7.5000    0.000010706.5117   23.5191
    7.5000   -7.5000    0.000010258.6465   23.5300
   -7.5000    0.0000    0.000010479.7959   23.4828
    0.0000    0.0000    0.000010565.9551   23.5144
    7.5000    0.0000    0.000010146.7686   23.5276
   -7.5000    7.5000    0.0000 9803.0371   23.4865
    0.0000    7.5000    0.0000 9891.3027   23.5092
    7.5000    7.5000    0.0000 9489.8057   23.5164
   -7.5000   15.0000    0.0000 9523.3311   23.5022
    0.0000   15.0000    0.0000 9594.4414   23.5138
    7.5000   15.0000    0.0000 9159.8418   23.5140
   -7.5000   22.5000    0.0000 8675.1299   23.2138
    0.0000   22.5000    0.0000 8745.8643   23.2221
    7.5000   22.5000    0.0000 8364.1641   23.2211
   -7.5000   30.0000    0.0000 7828.5674   22.6899
    0.0000   30.0000    0.0000 7895.8823   22.7061
    7.5000   30.0000    0.0000 7580.0942   22.7107
   -7.5000   37.5000    0.0000 7119.3433   22.3255
    0.0000   37.5000    0.0000 7197.6240   22.3490
    7.5000   37.5000    0.0000 6890.9727   22.3581
   -7.5000   45.0000    0.0000 6422.6499   22.1467
    0.0000   45.0000    0.0000 6473.6172   22.1645
    7.5000   45.0000    0.0000 6181.9087   22.1703
   -7.5000  -45.0000    7.5000 8312.9541   21.5472
    0.0000  -45.0000    7.5000 8397.5801   21.5731
    7.5000  -45.0000    7.5000 8038.2212   21.5951
   -7.5000  -37.5000    7.5000 8714.3350   22.9426
    0.0000  -37.5000    7.5000 8802.3604   22.9606
    7.5000  -37.5000    7.5000 8437.7266   22.9787
   -7.5000  -30.0000    7.5000 9223.0537   23.5491
    0.0000  -30.0000    7.5000 9366.1709   23.5549
    7.5000  -30.0000    7.5000 8943.1025   23.5666
   -7.5000  -22.5000    7.5000 9791.8857   23.5501
    0.0000  -22.5000    7.5000 9948.9600   23.5518
    7.5000  -22.5000    7.5000 9503.1650   23.5618
   -7.5000  -15.0000    7.500010296.3115   23.5305
    0.0000  -15.0000    7.500010383.6533   23.5410
    7.5000  -15.0000    7.5000 9970.2549   23.5559
   -7.5000   -7.5000    7.500010324.8936   23.5097
    0.0000   -7.5000    7.500010373.4414   23.5332
    7.5000   -7.5000    7.5000 9982.0635   23.5546
   -7.5000    0.0000    7.500010206.6807   23.5069
    0.0000    0.0000    7.500010248.3955   23.5351
    7.5000    0.0000    7.5000 9879.1006   23.5592
   -7.5000    7.5000    7.5000 9530.9736   23.5208
    0.0000    7.5000    7.5000 9575.1914   23.5392
    7.5000    7.5000    7.5000 9225.8174   23.5578
   -7.5000   15.0000    7.5000 9206.4863   23.5408
    0.0000   15.0000    7.5000 9219.8574   23.5466
    7.5000   15.0000    7.5000 8862.6182   23.5583
   -7.5000   22.5000    7.5000 8404.2334   23.2454
    0.0000   22.5000    7.5000 8404.7275   23.2470
    7.5000   22.5000    7.5000 8075.9712   23.2568
   -7.5000   30.0000    7.5000 7577.6543   22.7129
    0.0000   30.0000    7.5000 7600.8911   22.7232
    7.5000   30.0000    7.5000 7313.7339   22.7377
   -7.5000   37.5000    7.5000 6895.4390   22.3414
    0.0000   37.5000    7.5000 6944.9004   22.3616
    7.5000   37.5000    7.5000 6654.0498   22.3808
   -7.5000   45.0000    7.5000 6196.9629   22.1781
    0.0000   45.0000    7.5000 6245.0532   22.1945
    7.5000   45.0000    7.5000 5971.4160   22.2094
   -7.5000  -45.0000   15.0000 8342.2764   21.5635
    0.0000  -45.0000   15.0000 8422.0039   21.5974
    7.5000  -45.0000   15.0000 8055.0811   21.6242
   -7.5000  -37.5000   15.0000 8729.2695   22.9699
    0.0000  -37.5000   15.0000 8816.5361   22.9983
    7.5000  -37.5000   15.0000 8434.1680   23.0234
   -7.5000  -30.0000   15.0000 9250.3848   23.5754
    0.0000  -30.0000   15.0000 9416.7422   23.5928
    7.5000  -30.0000   15.0000 8994.3027   23.6127
   -7.5000  -22.5000   15.0000 9899.8584   23.5631
    0.0000  -22.5000   15.0000 9989.0957   23.5756
    7.5000  -22.5000   15.0000 9607.3125   23.5928
   -7.5000  -15.0000   15.000010392.5283   23.5334
    0.0000  -15.0000   15.000010368.4062   23.5529
    7.5000  -15.0000   15.000010048.8750   23.5728
   -7.5000   -7.5000   15.000010382.5527   23.5153
    0.0000   -7.5000   15.000010329.8496   23.5467
    7.5000   -7.5000   15.000010022.2334   23.5723
   -7.5000    0.0000   15.000010260.3486   23.5247
    0.0000    0.0000   15.000010220.5820   23.5617
    7.5000    0.0000   15.0000 9901.5654   23.5909
   -7.5000    7.5000   15.0000 9552.1973   23.5488
    0.0000    7.5000   15.0000 9536.1738   23.5778
    7.5000    7.5000   15.0000 9216.4258   23.6036
   -7.5000   15.0000   15.0000 9188.9980   23.5671
    0.0000   15.0000   15.0000 9155.5674   23.5845
    7.5000   15.0000   15.0000 8813.8633   23.6043
   -7.5000   22.5000   15.0000 8363.0957   23.2581
    0.0000   22.5000   15.0000 8335.2539   23.2705
    7.5000   22.5000   15.0000 8007.0625   23.2874
   -7.5000   30.0000   15.0000 7547.3271   22.7196
    0.0000   30.0000   15.0000 7527.3398   22.7384
    7.5000   30.0000   15.0000 7236.0288   22.7577
   -7.5000   37.5000   15.0000 6888.2720   22.3489
    0.0000   37.5000   15.0000 6892.6699   22.3777
    7.5000   37.5000   15.0000 6613.6396   22.4012
   -7.5000   45.0000   15.0000 6197.7827   22.1985
    0.0000   45.0000   15.0000 6204.1904   22.2247
    7.5000   45.0000   15.0000 5934.6230   22.2445
   -7.5000  -45.0000   22.5000 7935.2407   21.5902
    0.0000  -45.0000   22.5000 8000.8955   21.6347
    7.5000  -45.0000   22.5000 7673.7651   21.6561
   -7.5000  -37.5000   22.5000 8288.7686   22.9997
    0.0000  -37.5000   22.5000 8365.4229   23.0419
    7.5000  -37.5000   22.5000 8018.0132   23.0628
   -7.5000  -30.0000   22.5000 8790.4668   23.5992
    0.0000  -30.0000   22.5000 8917.5205   23.6339
    7.5000  -30.0000   22.5000 8542.1494   23.6507
   -7.5000  -22.5000   22.5000 9444.4111   23.5784
    0.0000  -22.5000   22.5000 9516.0010   23.6091
    7.5000  -22.5000   22.5000 9123.0283   23.6229
   -7.5000  -15.0000   22.500010001.6113   23.5479
    0.0000  -15.0000   22.5000 9997.4971   23.5828
    7.5000  -15.0000   22.5000 9627.2852   23.5975
   -7.5000   -7.5000   22.500010048.2988   23.5359
    0.0000   -7.5000   22.500010036.7754   23.5797
    7.5000   -7.5000   22.5000 9650.7900   23.5990
   -7.5000    0.0000   22.5000 9889.0879   23.5538
    0.0000    0.0000   22.5000 9879.5010   23.6024
    7.5000    0.0000   22.5000 9496.0518   23.6257
   -7.5000    7.5000   22.5000 9156.2959   23.5793
    0.0000    7.5000   22.5000 9154.4248   23.6225
    7.5000    7.5000   22.5000 8809.5811   23.6439
   -7.5000   15.0000   22.5000 8753.7031   23.5909
    0.0000   15.0000   22.5000 8736.0273   23.6256
    7.5000   15.0000   22.5000 8390.3750   23.6423
   -7.5000   22.5000   22.5000 7952.7646   23.2733
    0.0000   22.5000   22.5000 7935.0405   23.3036
    7.5000   22.5000   22.5000 7604.6152   23.3172
   -7.5000   30.0000   22.5000 7177.6631   22.7357
    0.0000   30.0000   22.5000 7161.4404   22.7692
    7.5000   30.0000   22.5000 6871.5312   22.7835
   -7.5000   37.5000   22.5000 6542.8247   22.3730
    0.0000   37.5000   22.5000 6541.6362   22.4139
    7.5000   37.5000   22.5000 6271.5684   22.4317
   -7.5000   45.0000   22.5000 5859.2563   22.2226
    0.0000   45.0000   22.5000 5847.0322   22.2595
    7.5000   45.0000   22.5000 5604.1636   22.2749
   -7.5000  -45.0000   30.0000 7500.6201   21.6326
    0.0000  -45.0000   30.0000 7572.7583   21.6792
    7.5000  -45.0000   30.0000 7261.0986   21.6915
   -7.5000  -37.5000   30.0000 7863.2852   23.0453
    0.0000  -37.5000   30.0000 7959.9897   23.0907
    7.5000  -37.5000   30.0000 7633.2632   23.1014
   -7.5000  -30.0000   30.0000 8336.8633   23.6481
    0.0000  -30.0000   30.0000 8447.7383   23.6881
    7.5000  -30.0000   30.0000 8081.4810   23.6941
   -7.5000  -22.5000   30.0000 8902.9502   23.6357
    0.0000  -22.5000   30.0000 8980.7852   23.6730
    7.5000  -22.5000   30.0000 8578.4785   23.6763
   -7.5000  -15.0000   30.0000 9378.3115   23.6149
    0.0000  -15.0000   30.0000 9453.1621   23.6554
    7.5000  -15.0000   30.0000 9028.4766   23.6604
   -7.5000   -7.5000   30.0000 9441.6182   23.6039
    0.0000   -7.5000   30.0000 9527.0156   23.6512
    7.5000   -7.5000   30.0000 9084.3721   23.6609
   -7.5000    0.0000   30.0000 9315.9443   23.6145
    0.0000    0.0000   30.0000 9395.7549   23.6654
    7.5000    0.0000   30.0000 8965.2656   23.6788
   -7.5000    7.5000   30.0000 8658.4580   23.6300
    0.0000    7.5000   30.0000 8717.1318   23.6766
    7.5000    7.5000   30.0000 8348.1055   23.6876
   -7.5000   15.0000   30.0000 8271.5947   23.6396
    0.0000   15.0000   30.0000 8296.3867   23.6796
    7.5000   15.0000   30.0000 7940.1206   23.6856
   -7.5000   22.5000   30.0000 7487.1157   23.3278
    0.0000   22.5000   30.0000 7503.9165   23.3646
    7.5000   22.5000   30.0000 7182.4541   23.3678
   -7.5000   30.0000   30.0000 6757.3535   22.8090
    0.0000   30.0000   30.0000 6755.4365   22.8480
    7.5000   30.0000   30.0000 6479.6191   22.8530
   -7.5000   37.5000   30.0000 6141.4741   22.4645
    0.0000   37.5000   30.0000 6111.1816   22.5077
    7.5000   37.5000   30.0000 5878.8755   22.5162
   -7.5000   45.0000   30.0000 5491.0728   22.3123
    0.0000   45.0000   30.0000 5447.6313   22.3495
    7.5000   45.0000   30.0000 5247.4473   22.3567
   -7.5000  -45.0000   37.5000 7074.8892   21.5737
    0.0000  -45.0000   37.5000 7177.8823   21.6095
    7.5000  -45.0000   37.5000 6842.9521   21.6165
   -7.5000  -37.5000   37.5000 7434.6440   22.9820
    0.0000  -37.5000   37.5000 7564.5342   23.0140
    7.5000  -37.5000   37.5000 7210.5874   23.0165
   -7.5000  -30.0000   37.5000 7887.4336   23.5764
    0.0000  -30.0000   37.5000 7995.6968   23.6014
    7.5000  -30.0000   37.5000 7623.8130   23.5977
   -7.5000  -22.5000   37.5000 8379.2207   23.5793
    0.0000  -22.5000   37.5000 8451.3379   23.6022
    7.5000  -22.5000   37.5000 8063.3530   23.5972
   -7.5000  -15.0000   37.5000 8780.3486   23.5637
    0.0000  -15.0000   37.5000 8848.2656   23.5924
    7.5000  -15.0000   37.5000 8459.9980   23.5918
   -7.5000   -7.5000   37.5000 8812.2207   23.5446
    0.0000   -7.5000   37.5000 8902.7461   23.5812
    7.5000   -7.5000   37.5000 8505.8145   23.5862
   -7.5000    0.0000   37.5000 8714.5205   23.5412
    0.0000    0.0000   37.5000 8785.2344   23.5804
    7.5000    0.0000   37.5000 8400.8828   23.5880
   -7.5000    7.5000   37.5000 8141.0732   23.5506
    0.0000    7.5000   37.5000 8209.0332   23.5834
    7.5000    7.5000   37.5000 7855.0811   23.5860
   -7.5000   15.0000   37.5000 7776.1504   23.5678
    0.0000   15.0000   37.5000 7833.2456   23.5928
    7.5000   15.0000   37.5000 7483.4468   23.5891
   -7.5000   22.5000   37.5000 7041.4121   23.2680
    0.0000   22.5000   37.5000 7082.0347   23.2906
    7.5000   22.5000   37.5000 6765.3735   23.2857
   -7.5000   30.0000   37.5000 6369.8857   22.7564
    0.0000   30.0000   37.5000 6387.8457   22.7840
    7.5000   30.0000   37.5000 6105.9814   22.7837
   -7.5000   37.5000   37.5000 5756.8120   22.4126
    0.0000   37.5000   37.5000 5759.2173   22.4444
    7.5000   37.5000   37.5000 5518.9180   22.4481
   -7.5000   45.0000   37.5000 5119.4175   22.2539
    0.0000   45.0000   37.5000 5107.7466   22.2783
    7.5000   45.0000   37.5000 4909.2490   22.2796
   -7.5000  -45.0000   45.0000 6624.8135   21.6797
    0.0000  -45.0000   45.0000 6713.7290   21.7023
    7.5000  -45.0000   45.0000 6408.7261   21.7150
   -7.5000  -37.5000   45.0000 6963.2925   23.0944
    0.0000  -37.5000   45.0000 7070.7295   23.1080
    7.5000  -37.5000   45.0000 6736.1636   23.1137
   -7.5000  -30.0000   45.0000 7359.5151   23.6746
    0.0000  -30.0000   45.0000 7463.3169   23.6764
    7.5000  -30.0000   45.0000 7105.9434   23.6729
   -7.5000  -22.5000   45.0000 7799.9224   23.6867
    0.0000  -22.5000   45.0000 7891.7568   23.6859
    7.5000  -22.5000   45.0000 7521.6689   23.6808
   -7.5000  -15.0000   45.0000 8175.2119   23.6738
    0.0000  -15.0000   45.0000 8266.3955   23.6829
    7.5000  -15.0000   45.0000 7893.6230   23.6854
   -7.5000   -7.5000   45.0000 8183.5913   23.6492
    0.0000   -7.5000   45.0000 8278.2959   23.6706
    7.5000   -7.5000   45.0000 7914.1426   23.6818
   -7.5000    0.0000   45.0000 8119.6763   23.6367
    0.0000    0.0000   45.0000 8179.0352   23.6612
    7.5000    0.0000   45.0000 7837.4229   23.6751
   -7.5000    7.5000   45.0000 7601.7993   23.6430
    0.0000    7.5000   45.0000 7675.3823   23.6570
    7.5000    7.5000   45.0000 7353.8232   23.6628
   -7.5000   15.0000   45.0000 7258.5518   23.6658
    0.0000   15.0000   45.0000 7321.4966   23.6676
    7.5000   15.0000   45.0000 7019.5845   23.6641
   -7.5000   22.5000   45.0000 6588.0020   23.3709
    0.0000   22.5000   45.0000 6629.2251   23.3701
    7.5000   22.5000   45.0000 6338.1826   23.3651
   -7.5000   30.0000   45.0000 5946.6309   22.8567
    0.0000   30.0000   45.0000 5974.2461   22.8655
    7.5000   30.0000   45.0000 5709.7070   22.8682
   -7.5000   37.5000   45.0000 5360.0835   22.4938
    0.0000   37.5000   45.0000 5377.5098   22.5108
    7.5000   37.5000   45.0000 5157.6035   22.5201
   -7.5000   45.0000   45.0000 4773.2246   22.3167
    0.0000   45.0000   45.0000 4774.0586   22.3267
    7.5000   45.0000   45.0000 4591.3086   22.3327

---------------------------------------------------------------------
imgreg_4dfp /opt/freesurfer/average/711-2C_as_mni_average_305 /opt/freesurfer/average/711-2B_as_mni_average_305_mask talsrcimg_g11 none talsrcimg_to_711-2C_as_mni_average_305_t4 4355
---------------------------------------------------------------------

freesurfer imgreg_4dfp.c
/opt/freesurfer/average/711-2C_as_mni_average_305.4dfp.img
       256       256       256         1
  1.000000  1.000000  1.000000
orientation T byte_order littleendian
Reading image: /opt/freesurfer/average/711-2C_as_mni_average_305.4dfp.img
dimensions:      256       256       256
mmppix:       1.0000   -1.0000   -1.0000
center:     128.0000 -129.0000 -129.0000
/opt/freesurfer/average/711-2B_as_mni_average_305_mask.4dfp.img
       256       256       256         1
  1.000000  1.000000  1.000000
orientation T byte_order littleendian
Reading mask: /opt/freesurfer/average/711-2B_as_mni_average_305_mask.4dfp.img (2306576 pixels)
talsrcimg_g11.4dfp.img
       256       256       256         1
  0.898438  0.898438  0.898438
orientation T byte_order littleendian
Reading image: talsrcimg_g11.4dfp.img
dimensions:      256       256       256
mmppix:       0.8984   -0.8984   -0.8984
center:     115.0001 -115.8985 -115.8985
rotation matrix determinant  1.000000
image alignment mode   4355 decimal     1103 hex
   -7.5000  -52.5000  -45.0000 1811.7421   20.7935
    0.0000  -52.5000  -45.0000 1829.0659   20.6205
    7.5000  -52.5000  -45.0000 1807.8995   20.8569
   -7.5000  -45.0000  -45.0000 1896.5676   19.5397
    0.0000  -45.0000  -45.0000 1914.4562   19.3728
    7.5000  -45.0000  -45.0000 1893.7278   19.6135
   -7.5000  -37.5000  -45.0000 1948.3579   18.5488
    0.0000  -37.5000  -45.0000 1966.6826   18.3602
    7.5000  -37.5000  -45.0000 1942.8021   18.5725
   -7.5000  -30.0000  -45.0000 1975.8832   17.8591
    0.0000  -30.0000  -45.0000 1992.8184   17.6460
    7.5000  -30.0000  -45.0000 1971.2172   17.8875
   -7.5000  -22.5000  -45.0000 1983.4229   17.6172
    0.0000  -22.5000  -45.0000 2005.7784   17.3451
    7.5000  -22.5000  -45.0000 1985.7458   17.6262
   -7.5000  -15.0000  -45.0000 1975.5007   17.8420
    0.0000  -15.0000  -45.0000 1997.4196   17.5391
    7.5000  -15.0000  -45.0000 1978.5825   17.8743
   -7.5000   -7.5000  -45.0000 1956.6342   18.3301
    0.0000   -7.5000  -45.0000 1977.3851   18.0555
    7.5000   -7.5000  -45.0000 1957.9557   18.3665
   -7.5000    0.0000  -45.0000 1919.7871   19.2451
    0.0000    0.0000  -45.0000 1943.8492   18.9314
    7.5000    0.0000  -45.0000 1930.8185   19.1950
   -7.5000    7.5000  -45.0000 1872.8293   20.4285
    0.0000    7.5000  -45.0000 1892.8917   20.0866
    7.5000    7.5000  -45.0000 1879.7532   20.3387
   -7.5000   15.0000  -45.0000 1809.9755   21.9055
    0.0000   15.0000  -45.0000 1835.3658   21.5452
    7.5000   15.0000  -45.0000 1817.2738   21.7963
   -7.5000   22.5000  -45.0000 1725.7627   23.9836
    0.0000   22.5000  -45.0000 1742.8927   23.5651
    7.5000   22.5000  -45.0000 1731.3425   23.8694
   -7.5000   30.0000  -45.0000 1624.7401   26.9795
    0.0000   30.0000  -45.0000 1640.9103   26.5398
    7.5000   30.0000  -45.0000 1631.4504   26.8073
   -7.5000   37.5000  -45.0000 1505.4316   30.7891
    0.0000   37.5000  -45.0000 1527.3196   30.4286
    7.5000   37.5000  -45.0000 1516.5385   30.6134
   -7.5000  -52.5000  -37.5000 1961.8881   20.2936
    0.0000  -52.5000  -37.5000 1984.7360   20.1208
    7.5000  -52.5000  -37.5000 1960.1049   20.3726
   -7.5000  -45.0000  -37.5000 2066.7092   19.1226
    0.0000  -45.0000  -37.5000 2085.5469   18.9102
    7.5000  -45.0000  -37.5000 2064.7502   19.1588
   -7.5000  -37.5000  -37.5000 2121.6748   18.1112
    0.0000  -37.5000  -37.5000 2138.8035   17.9516
    7.5000  -37.5000  -37.5000 2117.3689   18.1450
   -7.5000  -30.0000  -37.5000 2140.7456   17.4926
    0.0000  -30.0000  -37.5000 2163.3652   17.3464
    7.5000  -30.0000  -37.5000 2142.9927   17.5315
   -7.5000  -22.5000  -37.5000 2146.2095   17.2171
    0.0000  -22.5000  -37.5000 2171.9736   16.9972
    7.5000  -22.5000  -37.5000 2155.5872   17.2713
   -7.5000  -15.0000  -37.5000 2143.7715   17.3925
    0.0000  -15.0000  -37.5000 2166.6411   17.1272
    7.5000  -15.0000  -37.5000 2148.2317   17.3972
   -7.5000   -7.5000  -37.5000 2125.6023   17.8341
    0.0000   -7.5000  -37.5000 2145.2715   17.5569
    7.5000   -7.5000  -37.5000 2133.9192   17.8279
   -7.5000    0.0000  -37.5000 2086.0408   18.7129
    0.0000    0.0000  -37.5000 2111.9731   18.3745
    7.5000    0.0000  -37.5000 2097.0891   18.6352
   -7.5000    7.5000  -37.5000 2032.6425   19.8350
    0.0000    7.5000  -37.5000 2060.8638   19.4951
    7.5000    7.5000  -37.5000 2044.0576   19.7365
   -7.5000   15.0000  -37.5000 1960.4629   21.3089
    0.0000   15.0000  -37.5000 1988.5774   20.9311
    7.5000   15.0000  -37.5000 1972.9175   21.1858
   -7.5000   22.5000  -37.5000 1867.9193   23.3260
    0.0000   22.5000  -37.5000 1888.9883   22.8667
    7.5000   22.5000  -37.5000 1875.2357   23.1886
   -7.5000   30.0000  -37.5000 1760.5388   26.2106
    0.0000   30.0000  -37.5000 1782.1957   25.7482
    7.5000   30.0000  -37.5000 1774.0001   25.9850
   -7.5000   37.5000  -37.5000 1628.1799   29.8409
    0.0000   37.5000  -37.5000 1655.8888   29.4825
    7.5000   37.5000  -37.5000 1643.8966   29.6871
   -7.5000  -52.5000  -30.0000 2109.0881   19.7742
    0.0000  -52.5000  -30.0000 2130.2009   19.6019
    7.5000  -52.5000  -30.0000 2106.0532   19.8861
   -7.5000  -45.0000  -30.0000 2218.5312   18.5192
    0.0000  -45.0000  -30.0000 2236.0454   18.2989
    7.5000  -45.0000  -30.0000 2213.7527   18.5455
   -7.5000  -37.5000  -30.0000 2282.3223   17.5021
    0.0000  -37.5000  -30.0000 2305.8682   17.3770
    7.5000  -37.5000  -30.0000 2279.3271   17.5542
   -7.5000  -30.0000  -30.0000 2300.2688   16.9239
    0.0000  -30.0000  -30.0000 2329.9141   16.7860
    7.5000  -30.0000  -30.0000 2306.4016   16.9745
   -7.5000  -22.5000  -30.0000 2309.1423   16.6776
    0.0000  -22.5000  -30.0000 2341.4167   16.5104
    7.5000  -22.5000  -30.0000 2318.6140   16.7098
   -7.5000  -15.0000  -30.0000 2296.9841   16.7929
    0.0000  -15.0000  -30.0000 2329.8528   16.5934
    7.5000  -15.0000  -30.0000 2308.6917   16.7798
   -7.5000   -7.5000  -30.0000 2277.9385   17.1726
    0.0000   -7.5000  -30.0000 2304.1804   16.9663
    7.5000   -7.5000  -30.0000 2287.0999   17.1688
   -7.5000    0.0000  -30.0000 2235.3059   17.9637
    0.0000    0.0000  -30.0000 2267.6040   17.7017
    7.5000    0.0000  -30.0000 2252.7273   17.9383
   -7.5000    7.5000  -30.0000 2179.1228   19.0833
    0.0000    7.5000  -30.0000 2211.2051   18.7808
    7.5000    7.5000  -30.0000 2195.2366   19.0053
   -7.5000   15.0000  -30.0000 2096.2754   20.5497
    0.0000   15.0000  -30.0000 2127.0251   20.2079
    7.5000   15.0000  -30.0000 2108.1194   20.4416
   -7.5000   22.5000  -30.0000 1995.5044   22.5445
    0.0000   22.5000  -30.0000 2024.7686   22.0904
    7.5000   22.5000  -30.0000 2007.3605   22.3553
   -7.5000   30.0000  -30.0000 1883.3296   25.1182
    0.0000   30.0000  -30.0000 1912.8546   24.7411
    7.5000   30.0000  -30.0000 1901.4397   24.9314
   -7.5000   37.5000  -30.0000 1745.5380   28.5475
    0.0000   37.5000  -30.0000 1781.3210   28.1879
    7.5000   37.5000  -30.0000 1762.8151   28.3336
   -7.5000  -52.5000  -22.5000 2228.3669   19.0623
    0.0000  -52.5000  -22.5000 2246.1006   18.9387
    7.5000  -52.5000  -22.5000 2222.9031   19.2035
   -7.5000  -45.0000  -22.5000 2337.8364   17.7379
    0.0000  -45.0000  -22.5000 2363.2749   17.6149
    7.5000  -45.0000  -22.5000 2337.0237   17.8344
   -7.5000  -37.5000  -22.5000 2405.7478   16.7348
    0.0000  -37.5000  -22.5000 2436.1643   16.5999
    7.5000  -37.5000  -22.5000 2409.6313   16.7564
   -7.5000  -30.0000  -22.5000 2434.6587   16.1250
    0.0000  -30.0000  -22.5000 2468.8328   15.9762
    7.5000  -30.0000  -22.5000 2442.3149   16.1468
   -7.5000  -22.5000  -22.5000 2460.0996   15.8491
    0.0000  -22.5000  -22.5000 2498.4749   15.7288
    7.5000  -22.5000  -22.5000 2470.3230   15.8627
   -7.5000  -15.0000  -22.5000 2450.8984   15.9744
    0.0000  -15.0000  -22.5000 2489.1052   15.8486
    7.5000  -15.0000  -22.5000 2461.4214   15.9696
   -7.5000   -7.5000  -22.5000 2424.5513   16.3941
    0.0000   -7.5000  -22.5000 2460.5315   16.2559
    7.5000   -7.5000  -22.5000 2439.6074   16.3703
   -7.5000    0.0000  -22.5000 2380.1418   17.1521
    0.0000    0.0000  -22.5000 2413.9595   16.9574
    7.5000    0.0000  -22.5000 2395.4626   17.0801
   -7.5000    7.5000  -22.5000 2313.3608   18.1965
    0.0000    7.5000  -22.5000 2349.4111   17.9796
    7.5000    7.5000  -22.5000 2333.4333   18.0981
   -7.5000   15.0000  -22.5000 2222.7007   19.5731
    0.0000   15.0000  -22.5000 2259.0864   19.3131
    7.5000   15.0000  -22.5000 2241.9993   19.4854
   -7.5000   22.5000  -22.5000 2116.1997   21.4147
    0.0000   22.5000  -22.5000 2146.0959   21.0873
    7.5000   22.5000  -22.5000 2131.6831   21.3253
   -7.5000   30.0000  -22.5000 1998.1940   23.8754
    0.0000   30.0000  -22.5000 2024.7129   23.4932
    7.5000   30.0000  -22.5000 2014.1145   23.7286
   -7.5000   37.5000  -22.5000 1849.5555   26.9453
    0.0000   37.5000  -22.5000 1883.8566   26.6395
    7.5000   37.5000  -22.5000 1870.2031   26.8653
   -7.5000  -52.5000  -15.0000 2308.5549   18.2304
    0.0000  -52.5000  -15.0000 2329.7212   18.1021
    7.5000  -52.5000  -15.0000 2304.3267   18.3529
   -7.5000  -45.0000  -15.0000 2420.2263   16.9118
    0.0000  -45.0000  -15.0000 2448.1213   16.8088
    7.5000  -45.0000  -15.0000 2422.9585   17.0037
   -7.5000  -37.5000  -15.0000 2501.7351   15.8751
    0.0000  -37.5000  -15.0000 2534.5315   15.7713
    7.5000  -37.5000  -15.0000 2510.5325   15.9338
   -7.5000  -30.0000  -15.0000 2549.0022   15.2193
    0.0000  -30.0000  -15.0000 2585.6853   15.0963
    7.5000  -30.0000  -15.0000 2560.4927   15.2575
   -7.5000  -22.5000  -15.0000 2581.6504   14.9439
    0.0000  -22.5000  -15.0000 2621.0396   14.8494
    7.5000  -22.5000  -15.0000 2591.1414   14.9746
   -7.5000  -15.0000  -15.0000 2584.2422   15.0394
    0.0000  -15.0000  -15.0000 2624.7861   14.9382
    7.5000  -15.0000  -15.0000 2588.9482   15.0353
   -7.5000   -7.5000  -15.0000 2553.5437   15.4924
    0.0000   -7.5000  -15.0000 2598.3245   15.3591
    7.5000   -7.5000  -15.0000 2569.5549   15.4276
   -7.5000    0.0000  -15.0000 2505.7683   16.2237
    0.0000    0.0000  -15.0000 2543.0830   16.0808
    7.5000    0.0000  -15.0000 2520.1228   16.1276
   -7.5000    7.5000  -15.0000 2431.7234   17.2057
    0.0000    7.5000  -15.0000 2470.0198   17.0332
    7.5000    7.5000  -15.0000 2453.1448   17.0970
   -7.5000   15.0000  -15.0000 2336.8494   18.5152
    0.0000   15.0000  -15.0000 2368.1619   18.2927
    7.5000   15.0000  -15.0000 2355.6509   18.4088
   -7.5000   22.5000  -15.0000 2219.5522   20.2659
    0.0000   22.5000  -15.0000 2247.7493   19.9965
    7.5000   22.5000  -15.0000 2235.1589   20.1348
   -7.5000   30.0000  -15.0000 2089.1753   22.6258
    0.0000   30.0000  -15.0000 2115.0955   22.2579
    7.5000   30.0000  -15.0000 2108.9702   22.4589
   -7.5000   37.5000  -15.0000 1930.7156   25.5103
    0.0000   37.5000  -15.0000 1957.0394   25.1325
    7.5000   37.5000  -15.0000 1952.2311   25.4234
   -7.5000  -52.5000   -7.5000 2357.7935   17.3708
    0.0000  -52.5000   -7.5000 2375.9373   17.2256
    7.5000  -52.5000   -7.5000 2346.1829   17.4615
   -7.5000  -45.0000   -7.5000 2474.7571   16.0828
    0.0000  -45.0000   -7.5000 2500.0408   15.9630
    7.5000  -45.0000   -7.5000 2472.2546   16.1463
   -7.5000  -37.5000   -7.5000 2564.6641   15.0536
    0.0000  -37.5000   -7.5000 2595.2832   14.9234
    7.5000  -37.5000   -7.5000 2574.5718   15.0954
   -7.5000  -30.0000   -7.5000 2630.4734   14.3778
    0.0000  -30.0000   -7.5000 2663.2712   14.2398
    7.5000  -30.0000   -7.5000 2640.2124   14.3894
   -7.5000  -22.5000   -7.5000 2666.9492   14.0473
    0.0000  -22.5000   -7.5000 2705.3474   13.9181
    7.5000  -22.5000   -7.5000 2677.3076   14.0653
   -7.5000  -15.0000   -7.5000 2675.9688   14.1000
    0.0000  -15.0000   -7.5000 2717.7095   13.9632
    7.5000  -15.0000   -7.5000 2682.6226   14.1012
   -7.5000   -7.5000   -7.5000 2655.2600   14.5437
    0.0000   -7.5000   -7.5000 2699.3811   14.3893
    7.5000   -7.5000   -7.5000 2668.0100   14.4800
   -7.5000    0.0000   -7.5000 2596.4893   15.2561
    0.0000    0.0000   -7.5000 2641.9592   15.1216
    7.5000    0.0000   -7.5000 2617.1492   15.1806
   -7.5000    7.5000   -7.5000 2515.9285   16.2049
    0.0000    7.5000   -7.5000 2554.2034   16.0192
    7.5000    7.5000   -7.5000 2540.2339   16.0600
   -7.5000   15.0000   -7.5000 2419.0532   17.4108
    0.0000   15.0000   -7.5000 2450.1777   17.2043
    7.5000   15.0000   -7.5000 2434.5876   17.2896
   -7.5000   22.5000   -7.5000 2288.9028   19.1091
    0.0000   22.5000   -7.5000 2326.9897   18.8593
    7.5000   22.5000   -7.5000 2310.0271   18.9932
   -7.5000   30.0000   -7.5000 2152.6736   21.3525
    0.0000   30.0000   -7.5000 2184.1570   21.0759
    7.5000   30.0000   -7.5000 2171.8372   21.2187
   -7.5000   37.5000   -7.5000 1988.7550   24.1255
    0.0000   37.5000   -7.5000 2015.1320   23.7921
    7.5000   37.5000   -7.5000 2006.1534   23.9694
   -7.5000  -52.5000    0.0000 2391.9983   16.8817
    0.0000  -52.5000    0.0000 2416.2378   16.7369
    7.5000  -52.5000    0.0000 2384.6282   16.9604
   -7.5000  -45.0000    0.0000 2521.5103   15.6214
    0.0000  -45.0000    0.0000 2550.0071   15.4664
    7.5000  -45.0000    0.0000 2521.6470   15.6607
   -7.5000  -37.5000    0.0000 2626.1111   14.5908
    0.0000  -37.5000    0.0000 2660.7341   14.3932
    7.5000  -37.5000    0.0000 2637.9050   14.5814
   -7.5000  -30.0000    0.0000 2709.1670   13.9168
    0.0000  -30.0000    0.0000 2751.2874   13.7262
    7.5000  -30.0000    0.0000 2723.6404   13.8702
   -7.5000  -22.5000    0.0000 2754.9856   13.5505
    0.0000  -22.5000    0.0000 2803.6721   13.3512
    7.5000  -22.5000    0.0000 2773.0234   13.5205
   -7.5000  -15.0000    0.0000 2776.0286   13.5378
    0.0000  -15.0000    0.0000 2824.1001   13.3079
    7.5000  -15.0000    0.0000 2793.1970   13.4870
   -7.5000   -7.5000    0.0000 2750.8877   13.9494
    0.0000   -7.5000    0.0000 2799.7166   13.7475
    7.5000   -7.5000    0.0000 2770.8643   13.8840
   -7.5000    0.0000    0.0000 2680.3879   14.6243
    0.0000    0.0000    0.0000 2726.2378   14.4413
    7.5000    0.0000    0.0000 2711.0242   14.5294
   -7.5000    7.5000    0.0000 2591.3604   15.5145
    0.0000    7.5000    0.0000 2633.6123   15.3230
    7.5000    7.5000    0.0000 2619.6245   15.4116
   -7.5000   15.0000    0.0000 2484.2998   16.7200
    0.0000   15.0000    0.0000 2522.4058   16.4968
    7.5000   15.0000    0.0000 2501.9897   16.5927
   -7.5000   22.5000    0.0000 2351.0742   18.3887
    0.0000   22.5000    0.0000 2389.0972   18.1649
    7.5000   22.5000    0.0000 2371.9863   18.2923
   -7.5000   30.0000    0.0000 2208.8652   20.6080
    0.0000   30.0000    0.0000 2242.4194   20.3758
    7.5000   30.0000    0.0000 2231.2554   20.4909
   -7.5000   37.5000    0.0000 2030.7635   23.3045
    0.0000   37.5000    0.0000 2064.6914   22.9711
    7.5000   37.5000    0.0000 2057.8337   23.1448
   -7.5000  -52.5000    7.5000 2399.7188   16.5358
    0.0000  -52.5000    7.5000 2430.0198   16.3374
    7.5000  -52.5000    7.5000 2397.5967   16.5764
   -7.5000  -45.0000    7.5000 2541.3909   15.2839
    0.0000  -45.0000    7.5000 2570.8945   15.0375
    7.5000  -45.0000    7.5000 2543.6941   15.2870
   -7.5000  -37.5000    7.5000 2652.5898   14.2324
    0.0000  -37.5000    7.5000 2691.5789   13.9921
    7.5000  -37.5000    7.5000 2666.6519   14.2020
   -7.5000  -30.0000    7.5000 2751.4814   13.5763
    0.0000  -30.0000    7.5000 2803.9031   13.3210
    7.5000  -30.0000    7.5000 2771.3386   13.5113
   -7.5000  -22.5000    7.5000 2815.9285   13.1934
    0.0000  -22.5000    7.5000 2883.0364   12.9456
    7.5000  -22.5000    7.5000 2840.8850   13.1378
   -7.5000  -15.0000    7.5000 2849.6709   13.0797
    0.0000  -15.0000    7.5000 2914.5596   12.8197
    7.5000  -15.0000    7.5000 2878.1213   13.0350
   -7.5000   -7.5000    7.5000 2817.2896   13.4641
    0.0000   -7.5000    7.5000 2874.0569   13.2072
    7.5000   -7.5000    7.5000 2846.3865   13.3945
   -7.5000    0.0000    7.5000 2734.9092   14.1472
    0.0000    0.0000    7.5000 2791.3821   13.8767
    7.5000    0.0000    7.5000 2771.5576   14.0325
   -7.5000    7.5000    7.5000 2634.8025   15.0755
    0.0000    7.5000    7.5000 2683.7334   14.7992
    7.5000    7.5000    7.5000 2665.1975   14.9475
   -7.5000   15.0000    7.5000 2515.8027   16.2547
    0.0000   15.0000    7.5000 2557.8838   15.9630
    7.5000   15.0000    7.5000 2538.6182   16.1167
   -7.5000   22.5000    7.5000 2386.3784   17.8686
    0.0000   22.5000    7.5000 2421.0945   17.5851
    7.5000   22.5000    7.5000 2405.0024   17.7360
   -7.5000   30.0000    7.5000 2232.4690   20.0200
    0.0000   30.0000    7.5000 2272.3833   19.7397
    7.5000   30.0000    7.5000 2262.2029   19.9313
   -7.5000   37.5000    7.5000 2053.7112   22.6581
    0.0000   37.5000    7.5000 2094.1917   22.3232
    7.5000   37.5000    7.5000 2079.8938   22.5441
   -7.5000  -52.5000   15.0000 2394.7070   16.3611
    0.0000  -52.5000   15.0000 2424.7512   16.1422
    7.5000  -52.5000   15.0000 2396.5991   16.4056
   -7.5000  -45.0000   15.0000 2539.7148   15.0979
    0.0000  -45.0000   15.0000 2575.2312   14.8656
    7.5000  -45.0000   15.0000 2544.6868   15.0859
   -7.5000  -37.5000   15.0000 2658.4287   14.0540
    0.0000  -37.5000   15.0000 2703.0732   13.7988
    7.5000  -37.5000   15.0000 2670.9673   14.0228
   -7.5000  -30.0000   15.0000 2765.9241   13.4013
    0.0000  -30.0000   15.0000 2822.8782   13.1385
    7.5000  -30.0000   15.0000 2786.2239   13.3376
   -7.5000  -22.5000   15.0000 2845.9744   13.0410
    0.0000  -22.5000   15.0000 2917.6941   12.7453
    7.5000  -22.5000   15.0000 2875.5491   12.9800
   -7.5000  -15.0000   15.0000 2889.7529   12.9192
    0.0000  -15.0000   15.0000 2960.7708   12.5337
    7.5000  -15.0000   15.0000 2924.6003   12.8415
   -7.5000   -7.5000   15.0000 2851.1057   13.2303
    0.0000   -7.5000   15.0000 2911.3354   12.8289
    7.5000   -7.5000   15.0000 2884.8120   13.1200
   -7.5000    0.0000   15.0000 2762.2952   13.8811
    0.0000    0.0000   15.0000 2817.4629   13.5316
    7.5000    0.0000   15.0000 2797.5723   13.7562
   -7.5000    7.5000   15.0000 2650.3630   14.7640
    0.0000    7.5000   15.0000 2697.3992   14.4641
    7.5000    7.5000   15.0000 2682.8193   14.6522
   -7.5000   15.0000   15.0000 2526.8381   15.9925
    0.0000   15.0000   15.0000 2564.3511   15.6650
    7.5000   15.0000   15.0000 2549.8252   15.8251
   -7.5000   22.5000   15.0000 2387.1055   17.5799
    0.0000   22.5000   15.0000 2423.2439   17.2760
    7.5000   22.5000   15.0000 2407.7585   17.4358
   -7.5000   30.0000   15.0000 2234.7883   19.6901
    0.0000   30.0000   15.0000 2271.3096   19.3433
    7.5000   30.0000   15.0000 2261.2627   19.5591
   -7.5000   37.5000   15.0000 2062.1516   22.2792
    0.0000   37.5000   15.0000 2102.1897   21.9000
    7.5000   37.5000   15.0000 2088.9727   22.1203
   -7.5000  -52.5000   22.5000 2378.7485   16.4282
    0.0000  -52.5000   22.5000 2412.1033   16.2238
    7.5000  -52.5000   22.5000 2384.9238   16.4817
   -7.5000  -45.0000   22.5000 2520.4631   15.1269
    0.0000  -45.0000   22.5000 2555.4736   14.8793
    7.5000  -45.0000   22.5000 2529.9863   15.1432
   -7.5000  -37.5000   22.5000 2639.1687   14.1164
    0.0000  -37.5000   22.5000 2684.9734   13.8159
    7.5000  -37.5000   22.5000 2654.2190   14.0629
   -7.5000  -30.0000   22.5000 2743.9734   13.4766
    0.0000  -30.0000   22.5000 2801.2148   13.2208
    7.5000  -30.0000   22.5000 2768.0754   13.4221
   -7.5000  -22.5000   22.5000 2828.8042   13.1449
    0.0000  -22.5000   22.5000 2893.0872   12.8760
    7.5000  -22.5000   22.5000 2855.1985   13.0746
   -7.5000  -15.0000   22.5000 2877.9844   13.0996
    0.0000  -15.0000   22.5000 2938.6516   12.7485
    7.5000  -15.0000   22.5000 2908.1985   12.9461
   -7.5000   -7.5000   22.5000 2843.0581   13.3796
    0.0000   -7.5000   22.5000 2901.6038   13.0441
    7.5000   -7.5000   22.5000 2871.1399   13.2318
   -7.5000    0.0000   22.5000 2755.0737   13.8737
    0.0000    0.0000   22.5000 2814.9023   13.5693
    7.5000    0.0000   22.5000 2791.1909   13.7459
   -7.5000    7.5000   22.5000 2638.4009   14.7502
    0.0000    7.5000   22.5000 2690.7891   14.4244
    7.5000    7.5000   22.5000 2675.1465   14.6090
   -7.5000   15.0000   22.5000 2514.8582   15.9855
    0.0000   15.0000   22.5000 2552.7820   15.6422
    7.5000   15.0000   22.5000 2539.7227   15.8033
   -7.5000   22.5000   22.5000 2373.7859   17.5445
    0.0000   22.5000   22.5000 2409.8083   17.2176
    7.5000   22.5000   22.5000 2398.6338   17.3773
   -7.5000   30.0000   22.5000 2217.9050   19.5778
    0.0000   30.0000   22.5000 2254.9116   19.2526
    7.5000   30.0000   22.5000 2247.1362   19.4084
   -7.5000   37.5000   22.5000 2044.9739   22.0305
    0.0000   37.5000   22.5000 2082.4778   21.6902
    7.5000   37.5000   22.5000 2075.1997   21.8661
   -7.5000  -52.5000   30.0000 2350.2542   16.8223
    0.0000  -52.5000   30.0000 2384.3372   16.5865
    7.5000  -52.5000   30.0000 2361.9272   16.8879
   -7.5000  -45.0000   30.0000 2484.1990   15.5128
    0.0000  -45.0000   30.0000 2519.3032   15.2863
    7.5000  -45.0000   30.0000 2498.2251   15.5460
   -7.5000  -37.5000   30.0000 2600.0696   14.5185
    0.0000  -37.5000   30.0000 2643.9507   14.3046
    7.5000  -37.5000   30.0000 2622.3374   14.5010
   -7.5000  -30.0000   30.0000 2697.5339   13.8881
    0.0000  -30.0000   30.0000 2751.0767   13.6754
    7.5000  -30.0000   30.0000 2727.3545   13.8274
   -7.5000  -22.5000   30.0000 2778.0564   13.5278
    0.0000  -22.5000   30.0000 2836.7471   13.2479
    7.5000  -22.5000   30.0000 2807.4246   13.3862
   -7.5000  -15.0000   30.0000 2817.3462   13.4391
    0.0000  -15.0000   30.0000 2871.0388   13.1730
    7.5000  -15.0000   30.0000 2847.2615   13.2764
   -7.5000   -7.5000   30.0000 2784.9670   13.6688
    0.0000   -7.5000   30.0000 2840.1826   13.4574
    7.5000   -7.5000   30.0000 2819.4832   13.5208
   -7.5000    0.0000   30.0000 2706.3799   14.2265
    0.0000    0.0000   30.0000 2759.3052   13.9957
    7.5000    0.0000   30.0000 2742.2517   14.1031
   -7.5000    7.5000   30.0000 2602.3242   15.0831
    0.0000    7.5000   30.0000 2647.8557   14.8348
    7.5000    7.5000   30.0000 2634.8535   14.9719
   -7.5000   15.0000   30.0000 2478.9714   16.2703
    0.0000   15.0000   30.0000 2516.1411   15.9827
    7.5000   15.0000   30.0000 2499.3752   16.1186
   -7.5000   22.5000   30.0000 2337.6228   17.8182
    0.0000   22.5000   30.0000 2376.4717   17.4650
    7.5000   22.5000   30.0000 2365.6250   17.6226
   -7.5000   30.0000   30.0000 2190.0493   19.8216
    0.0000   30.0000   30.0000 2228.8027   19.3757
    7.5000   30.0000   30.0000 2219.9336   19.5552
   -7.5000   37.5000   30.0000 2018.4231   22.2306
    0.0000   37.5000   30.0000 2046.0610   21.7477
    7.5000   37.5000   30.0000 2045.0464   21.9280
   -7.5000  -52.5000   37.5000 2311.9480   17.5785
    0.0000  -52.5000   37.5000 2338.8967   17.3189
    7.5000  -52.5000   37.5000 2321.5073   17.5978
   -7.5000  -45.0000   37.5000 2435.3167   16.2724
    0.0000  -45.0000   37.5000 2473.9861   16.0537
    7.5000  -45.0000   37.5000 2454.4775   16.2662
   -7.5000  -37.5000   37.5000 2543.1162   15.2360
    0.0000  -37.5000   37.5000 2592.5845   15.0271
    7.5000  -37.5000   37.5000 2569.3521   15.1924
   -7.5000  -30.0000   37.5000 2635.1152   14.5505
    0.0000  -30.0000   37.5000 2691.1880   14.3071
    7.5000  -30.0000   37.5000 2668.4756   14.4524
   -7.5000  -22.5000   37.5000 2702.3726   14.1395
    0.0000  -22.5000   37.5000 2758.9136   13.8418
    7.5000  -22.5000   37.5000 2735.9375   13.9711
   -7.5000  -15.0000   37.5000 2726.4873   13.9992
    0.0000  -15.0000   37.5000 2773.2244   13.7674
    7.5000  -15.0000   37.5000 2756.4688   13.8774
   -7.5000   -7.5000   37.5000 2701.6416   14.2157
    0.0000   -7.5000   37.5000 2751.7468   14.0130
    7.5000   -7.5000   37.5000 2735.6082   14.0907
   -7.5000    0.0000   37.5000 2630.4680   14.7826
    0.0000    0.0000   37.5000 2677.3726   14.5363
    7.5000    0.0000   37.5000 2660.7905   14.6477
   -7.5000    7.5000   37.5000 2531.6465   15.6871
    0.0000    7.5000   37.5000 2574.8689   15.3993
    7.5000    7.5000   37.5000 2560.9001   15.5096
   -7.5000   15.0000   37.5000 2414.5173   16.8272
    0.0000   15.0000   37.5000 2453.4448   16.5566
    7.5000   15.0000   37.5000 2439.2041   16.6770
   -7.5000   22.5000   37.5000 2285.9556   18.3610
    0.0000   22.5000   37.5000 2324.6624   18.0270
    7.5000   22.5000   37.5000 2315.3806   18.1772
   -7.5000   30.0000   37.5000 2151.2119   20.3451
    0.0000   30.0000   37.5000 2181.4353   19.9239
    7.5000   30.0000   37.5000 2173.4724   20.0853
   -7.5000   37.5000   37.5000 1976.2860   22.7049
    0.0000   37.5000   37.5000 2001.8663   22.2612
    7.5000   37.5000   37.5000 2000.9070   22.4082
   -7.5000  -52.5000   45.0000 2230.0554   18.5445
    0.0000  -52.5000   45.0000 2258.6238   18.2912
    7.5000  -52.5000   45.0000 2242.5864   18.5081
   -7.5000  -45.0000   45.0000 2354.9153   17.2041
    0.0000  -45.0000   45.0000 2391.8433   16.9756
    7.5000  -45.0000   45.0000 2375.0405   17.1627
   -7.5000  -37.5000   45.0000 2455.8689   16.1180
    0.0000  -37.5000   45.0000 2503.5520   15.8822
    7.5000  -37.5000   45.0000 2484.2375   16.0396
   -7.5000  -30.0000   45.0000 2537.9033   15.3709
    0.0000  -30.0000   45.0000 2591.2559   15.1126
    7.5000  -30.0000   45.0000 2568.0034   15.2412
   -7.5000  -22.5000   45.0000 2594.3560   14.9166
    0.0000  -22.5000   45.0000 2644.1709   14.6602
    7.5000  -22.5000   45.0000 2623.0566   14.7642
   -7.5000  -15.0000   45.0000 2608.4851   14.7302
    0.0000  -15.0000   45.0000 2652.2646   14.5326
    7.5000  -15.0000   45.0000 2635.0842   14.6607
   -7.5000   -7.5000   45.0000 2579.3484   14.8993
    0.0000   -7.5000   45.0000 2622.4653   14.6952
    7.5000   -7.5000   45.0000 2609.0151   14.8388
   -7.5000    0.0000   45.0000 2521.8638   15.4691
    0.0000    0.0000   45.0000 2556.4014   15.2327
    7.5000    0.0000   45.0000 2544.8472   15.3832
   -7.5000    7.5000   45.0000 2432.8706   16.3365
    0.0000    7.5000   45.0000 2470.5662   16.0523
    7.5000    7.5000   45.0000 2456.4939   16.2036
   -7.5000   15.0000   45.0000 2324.1152   17.4897
    0.0000   15.0000   45.0000 2358.3928   17.2063
    7.5000   15.0000   45.0000 2348.7861   17.3602
   -7.5000   22.5000   45.0000 2210.8955   19.0522
    0.0000   22.5000   45.0000 2238.5918   18.7586
    7.5000   22.5000   45.0000 2228.8811   18.8917
   -7.5000   30.0000   45.0000 2072.3044   20.9984
    0.0000   30.0000   45.0000 2099.7759   20.6625
    7.5000   30.0000   45.0000 2092.0798   20.7955
   -7.5000   37.5000   45.0000 1906.5510   23.3299
    0.0000   37.5000   45.0000 1929.7468   22.9289
    7.5000   37.5000   45.0000 1929.2749   23.1079

---------------------------------------------------------------------
imgreg_4dfp /opt/freesurfer/average/711-2C_as_mni_average_305 /opt/freesurfer/average/711-2B_as_mni_average_305_mask talsrcimg_g11 none talsrcimg_to_711-2C_as_mni_average_305_t4 1283
---------------------------------------------------------------------

freesurfer imgreg_4dfp.c
/opt/freesurfer/average/711-2C_as_mni_average_305.4dfp.img
       256       256       256         1
  1.000000  1.000000  1.000000
orientation T byte_order littleendian
Reading image: /opt/freesurfer/average/711-2C_as_mni_average_305.4dfp.img
dimensions:      256       256       256
mmppix:       1.0000   -1.0000   -1.0000
center:     128.0000 -129.0000 -129.0000
/opt/freesurfer/average/711-2B_as_mni_average_305_mask.4dfp.img
       256       256       256         1
  1.000000  1.000000  1.000000
orientation T byte_order littleendian
Reading mask: /opt/freesurfer/average/711-2B_as_mni_average_305_mask.4dfp.img (2306576 pixels)
talsrcimg_g11.4dfp.img
       256       256       256         1
  0.898438  0.898438  0.898438
orientation T byte_order littleendian
Reading image: talsrcimg_g11.4dfp.img
dimensions:      256       256       256
mmppix:       0.8984   -0.8984   -0.8984
center:     115.0001 -115.8985 -115.8985
rotation matrix determinant  1.000000
fimgreg.f
image alignment mode   1283 decimal      503 hex
parameters
    0.0000  -15.0000   15.0000    0.0000    0.0000    0.0000
eta,q 0.93018 12.50815
niter,ni,del,rscale     5    3   12.0000    1.2000
parameter  4  0.733986 ->  0.500000 qaram    1.1500
parameters
    1.4609  -16.5726   15.9789   -3.4500   -1.8045   -2.5149
eta,q 0.93278 12.62283
  0.0874  0.0779  0.0802  0.0690  0.0695  0.0692
  0.0781  0.0721  0.0764  0.0683  0.0676  0.0679
  0.0731  0.0704  0.0729  0.0691  0.0677  0.0670
  0.0726  0.0724  0.0706  0.0706  0.0684  0.0678
  0.0723  0.0764  0.0713  0.0735  0.0688  0.0707
  0.0728  0.0808  0.0731  0.0772  0.0706  0.0744
  0.0763  0.0843  0.0758  0.0811  0.0736  0.0778
niter,ni,del,rscale     5    3   12.0000    1.2000
parameters
    1.6746  -15.1281   15.6826   -5.5496   -0.6118   -3.3273
eta,q 0.93556 12.62995
  0.0789  0.0858  0.0756  0.0701  0.0696  0.0685
  0.0704  0.0768  0.0706  0.0667  0.0675  0.0663
  0.0667  0.0706  0.0670  0.0648  0.0658  0.0648
  0.0672  0.0673  0.0668  0.0666  0.0649  0.0644
  0.0673  0.0671  0.0689  0.0698  0.0644  0.0653
  0.0693  0.0696  0.0723  0.0736  0.0649  0.0682
  0.0769  0.0735  0.0767  0.0774  0.0673  0.0718
niter,ni,del,rscale     4    3   12.0000    1.2000
parameters
    1.0522  -14.2539   15.1083   -6.2229   -0.8433   -2.9538
eta,q 0.93654 12.64929
  0.0726  0.0814  0.0730  0.0721  0.0673  0.0698
  0.0661  0.0734  0.0687  0.0683  0.0654  0.0668
  0.0642  0.0675  0.0647  0.0646  0.0643  0.0645
  0.0644  0.0643  0.0640  0.0637  0.0635  0.0635
  0.0653  0.0648  0.0673  0.0666  0.0640  0.0638
  0.0691  0.0688  0.0713  0.0705  0.0657  0.0655
  0.0775  0.0736  0.0765  0.0760  0.0682  0.0687
niter,ni,del,rscale     3    3   12.0000    1.2000
parameters
    1.1941  -13.8197   14.8647   -6.8022   -1.3353   -2.7436
eta,q 0.93664 12.65419
  0.0753  0.0788  0.0732  0.0720  0.0669  0.0691
  0.0670  0.0712  0.0689  0.0684  0.0651  0.0663
  0.0636  0.0660  0.0652  0.0645  0.0640  0.0645
  0.0635  0.0635  0.0634  0.0634  0.0633  0.0634
  0.0642  0.0651  0.0660  0.0661  0.0641  0.0635
  0.0667  0.0698  0.0699  0.0700  0.0658  0.0653
  0.0736  0.0743  0.0748  0.0756  0.0686  0.0689
niter,ni,del,rscale     2    3   12.0000    1.2000
parameters
    1.3335  -13.4647   14.6645   -7.3369   -1.6287   -2.6378
eta,q 0.93664 12.65572
  0.0754  0.0779  0.0727  0.0717  0.0673  0.0687
  0.0668  0.0709  0.0687  0.0684  0.0652  0.0662
  0.0632  0.0658  0.0652  0.0645  0.0642  0.0646
  0.0634  0.0634  0.0634  0.0634  0.0633  0.0634
  0.0643  0.0652  0.0655  0.0658  0.0639  0.0633
  0.0667  0.0699  0.0692  0.0696  0.0657  0.0653
  0.0734  0.0742  0.0743  0.0750  0.0685  0.0691
niter,ni,del,rscale     1    3   12.0000    1.2000
parameters
    1.3827  -13.1435   14.4530   -7.8382   -1.7436   -2.5647
eta,q 0.93665 12.65426
  0.0754  0.0772  0.0722  0.0712  0.0678  0.0685
  0.0665  0.0707  0.0685  0.0684  0.0655  0.0663
  0.0630  0.0658  0.0652  0.0646  0.0643  0.0647
  0.0634  0.0634  0.0634  0.0634  0.0633  0.0634
  0.0647  0.0653  0.0652  0.0655  0.0638  0.0632
  0.0672  0.0698  0.0687  0.0693  0.0657  0.0653
  0.0738  0.0740  0.0740  0.0745  0.0684  0.0693
registration optimization eta report
parameter search radius
    6.0000    6.0000    6.0000    6.9000    6.0000    6.0000
100000*second partial in parameter space
       33.       32.       26.       19.       13.       15.
  0.0754  0.0772  0.0722  0.0712  0.0678  0.0685
  0.0665  0.0707  0.0685  0.0684  0.0655  0.0663
  0.0630  0.0658  0.0652  0.0646  0.0643  0.0647
  0.0634  0.0634  0.0634  0.0634  0.0633  0.0634
  0.0647  0.0653  0.0652  0.0655  0.0638  0.0632
  0.0672  0.0698  0.0687  0.0693  0.0657  0.0653
  0.0738  0.0740  0.0740  0.0745  0.0684  0.0693
    1.3827  -13.1435   14.4530   -7.8382   -1.7436   -2.5647
eta,q 0.93665 12.65426

---------------------------------------------------------------------
imgreg_4dfp /opt/freesurfer/average/711-2C_as_mni_average_305 /opt/freesurfer/average/711-2B_as_mni_average_305_mask talsrcimg_g11 none talsrcimg_to_711-2C_as_mni_average_305_t4 3335
---------------------------------------------------------------------

freesurfer imgreg_4dfp.c
/opt/freesurfer/average/711-2C_as_mni_average_305.4dfp.img
       256       256       256         1
  1.000000  1.000000  1.000000
orientation T byte_order littleendian
Reading image: /opt/freesurfer/average/711-2C_as_mni_average_305.4dfp.img
dimensions:      256       256       256
mmppix:       1.0000   -1.0000   -1.0000
center:     128.0000 -129.0000 -129.0000
/opt/freesurfer/average/711-2B_as_mni_average_305_mask.4dfp.img
       256       256       256         1
  1.000000  1.000000  1.000000
orientation T byte_order littleendian
Reading mask: /opt/freesurfer/average/711-2B_as_mni_average_305_mask.4dfp.img (2306576 pixels)
talsrcimg_g11.4dfp.img
       256       256       256         1
  0.898438  0.898438  0.898438
orientation T byte_order littleendian
Reading image: talsrcimg_g11.4dfp.img
dimensions:      256       256       256
mmppix:       0.8984   -0.8984   -0.8984
center:     115.0001 -115.8985 -115.8985
fimgreg.f
image alignment mode   3335 decimal      D07 hex
parameters
    1.3827  -13.1435   14.4530   -0.1464   -1.0150   -0.9802
    4.0184    3.6214   -4.4727   13.4892   -3.0426  -13.6314
eta,q 0.93964 12.50021
niter,ni,del,rscale     5    3    5.0000    1.2000
parameter  4  2.596413 ->  0.500000 qaram    1.1500
parameter  5  2.296369 ->  0.500000 qaram    1.1500
parameter  6  1.081253 ->  0.500000 qaram    1.1500
parameters
    1.5005  -12.8508   14.3503   -4.2864   -5.1550   -5.1202
    3.4397    3.5289   -3.2746   12.5993   -3.5580  -12.2219
eta,q 0.95558 11.84131
  0.0636  0.0631  0.0618  0.0506  0.0461  0.0437  0.0472  0.0494  0.0463  0.0461  0.0455  0.0461
  0.0619  0.0616  0.0609  0.0532  0.0483  0.0443  0.0457  0.0467  0.0454  0.0450  0.0449  0.0453
  0.0608  0.0607  0.0605  0.0563  0.0510  0.0459  0.0448  0.0451  0.0448  0.0445  0.0446  0.0448
  0.0604  0.0604  0.0604  0.0604  0.0540  0.0490  0.0446  0.0446  0.0446  0.0446  0.0445  0.0445
  0.0606  0.0605  0.0606  0.0652  0.0577  0.0529  0.0451  0.0452  0.0446  0.0449  0.0447  0.0444
  0.0615  0.0611  0.0611  0.0700  0.0620  0.0578  0.0463  0.0470  0.0449  0.0456  0.0452  0.0447
  0.0630  0.0619  0.0621  0.0751  0.0665  0.0634  0.0482  0.0496  0.0454  0.0472  0.0458  0.0452
niter,ni,del,rscale     7    3    5.0000    1.2000
parameter  2 -0.652713 -> -0.500000 qaram    1.1500
parameter  4  1.344129 ->  0.500000 qaram    1.3225
parameter  5  1.688166 ->  0.500000 qaram    1.3225
parameter  6  0.550957 ->  0.500000 qaram    1.3225
parameters
    1.5299  -11.4708   14.2275   -9.0474   -9.9160   -9.8812
    4.1274    3.9169   -2.1710   14.7912   -2.9721  -14.2312
eta,q 0.96746 11.30723
  0.0478  0.0487  0.0455  0.0371  0.0325  0.0338  0.0369  0.0390  0.0354  0.0390  0.0339  0.0333
  0.0458  0.0469  0.0444  0.0382  0.0339  0.0333  0.0350  0.0363  0.0343  0.0365  0.0333  0.0328
  0.0447  0.0455  0.0438  0.0405  0.0360  0.0333  0.0338  0.0342  0.0335  0.0344  0.0329  0.0325
  0.0444  0.0444  0.0436  0.0436  0.0387  0.0344  0.0332  0.0332  0.0332  0.0331  0.0327  0.0327
  0.0448  0.0438  0.0439  0.0472  0.0422  0.0371  0.0334  0.0336  0.0332  0.0327  0.0328  0.0332
  0.0458  0.0436  0.0447  0.0522  0.0461  0.0414  0.0342  0.0353  0.0336  0.0332  0.0330  0.0339
  0.0475  0.0439  0.0459  0.0576  0.0503  0.0466  0.0357  0.0381  0.0344  0.0347  0.0336  0.0348
niter,ni,del,rscale     7    3    5.0000    1.2000
parameter  2 -0.514305 -> -0.500000 qaram    1.3225
parameter  4  0.518759 ->  0.500000 qaram    1.5209
parameter  5  0.729589 ->  0.500000 qaram    1.5209
parameters
    1.5005   -9.8838   13.5186  -14.5226  -15.3912  -10.6916
    4.2367    3.8646   -2.0902   18.1488   -2.5380  -17.5147
eta,q 0.97332 10.81908
  0.0365  0.0401  0.0323  0.0313  0.0282  0.0315  0.0309  0.0329  0.0303  0.0345  0.0280  0.0271
  0.0343  0.0369  0.0316  0.0304  0.0278  0.0294  0.0294  0.0303  0.0291  0.0319  0.0275  0.0267
  0.0330  0.0344  0.0313  0.0301  0.0285  0.0283  0.0284  0.0286  0.0283  0.0297  0.0272  0.0267
  0.0325  0.0325  0.0315  0.0313  0.0302  0.0279  0.0280  0.0280  0.0280  0.0280  0.0270  0.0270
  0.0330  0.0316  0.0322  0.0343  0.0329  0.0279  0.0283  0.0285  0.0282  0.0270  0.0270  0.0276
  0.0344  0.0316  0.0331  0.0379  0.0368  0.0298  0.0293  0.0303  0.0290  0.0272  0.0273  0.0287
  0.0368  0.0325  0.0345  0.0429  0.0413  0.0341  0.0308  0.0332  0.0302  0.0284  0.0278  0.0299
niter,ni,del,rscale     7    3    5.0000    1.2000
parameters
    1.4826   -9.7373   13.1094  -15.0356  -17.5843  -10.2212
    3.9959    3.9791   -2.1293   19.0330   -2.9845  -18.9657
eta,q 0.97378 10.71507
  0.0309  0.0335  0.0279  0.0313  0.0307  0.0317  0.0292  0.0316  0.0289  0.0309  0.0271  0.0271
  0.0286  0.0300  0.0270  0.0288  0.0282  0.0291  0.0276  0.0289  0.0275  0.0288  0.0266  0.0266
  0.0272  0.0276  0.0266  0.0274  0.0267  0.0274  0.0267  0.0271  0.0267  0.0273  0.0263  0.0263
  0.0267  0.0267  0.0267  0.0266  0.0267  0.0265  0.0264  0.0264  0.0264  0.0264  0.0263  0.0262
  0.0272  0.0272  0.0271  0.0267  0.0284  0.0262  0.0268  0.0268  0.0267  0.0264  0.0264  0.0266
  0.0287  0.0292  0.0280  0.0291  0.0317  0.0277  0.0279  0.0286  0.0276  0.0274  0.0268  0.0273
  0.0311  0.0324  0.0291  0.0330  0.0363  0.0314  0.0296  0.0314  0.0289  0.0293  0.0274  0.0284
niter,ni,del,rscale     6    3    5.0000    1.2000
parameters
    1.4609   -9.5724   13.1971  -15.1320  -18.0813   -9.9481
    3.9394    3.9891   -2.0243   19.4265   -3.2302  -19.3287
eta,q 0.97385 10.70819
  0.0304  0.0332  0.0283  0.0312  0.0322  0.0314  0.0291  0.0312  0.0288  0.0302  0.0271  0.0274
  0.0281  0.0296  0.0271  0.0285  0.0293  0.0288  0.0276  0.0286  0.0274  0.0282  0.0265  0.0267
  0.0267  0.0272  0.0264  0.0271  0.0271  0.0272  0.0265  0.0268  0.0265  0.0269  0.0262  0.0263
  0.0262  0.0262  0.0262  0.0262  0.0262  0.0262  0.0262  0.0262  0.0262  0.0262  0.0261  0.0261
  0.0267  0.0268  0.0264  0.0262  0.0271  0.0260  0.0266  0.0267  0.0265  0.0264  0.0263  0.0263
  0.0282  0.0288  0.0270  0.0282  0.0296  0.0277  0.0276  0.0285  0.0273  0.0275  0.0266  0.0269
  0.0306  0.0318  0.0280  0.0320  0.0338  0.0316  0.0292  0.0313  0.0287  0.0295  0.0272  0.0278
niter,ni,del,rscale     5    3    5.0000    1.2000
parameters
    1.4601   -9.4868   13.2472  -15.1672  -18.2405   -9.8561
    3.9227    3.9959   -1.9806   19.5788   -3.3344  -19.4428
eta,q 0.97385 10.70733
  0.0304  0.0328  0.0282  0.0312  0.0324  0.0312  0.0291  0.0312  0.0288  0.0299  0.0271  0.0275
  0.0281  0.0293  0.0270  0.0285  0.0295  0.0287  0.0276  0.0285  0.0274  0.0280  0.0265  0.0268
  0.0267  0.0270  0.0264  0.0270  0.0272  0.0272  0.0265  0.0267  0.0265  0.0267  0.0262  0.0263
  0.0262  0.0262  0.0262  0.0262  0.0262  0.0262  0.0262  0.0262  0.0261  0.0261  0.0261  0.0261
  0.0266  0.0268  0.0263  0.0261  0.0269  0.0260  0.0265  0.0267  0.0265  0.0265  0.0263  0.0263
  0.0281  0.0289  0.0270  0.0281  0.0292  0.0278  0.0276  0.0284  0.0273  0.0277  0.0266  0.0268
  0.0304  0.0320  0.0280  0.0319  0.0333  0.0318  0.0292  0.0312  0.0287  0.0297  0.0271  0.0276
niter,ni,del,rscale     4    3    5.0000    1.2000
parameters
    1.4609   -9.4525   13.2627  -15.1824  -18.2972   -9.8256
    3.9174    4.0007   -1.9620   19.6384   -3.3749  -19.4903
eta,q 0.97385 10.70700
  0.0304  0.0325  0.0281  0.0312  0.0325  0.0311  0.0291  0.0312  0.0287  0.0298  0.0271  0.0275
  0.0281  0.0291  0.0270  0.0285  0.0295  0.0287  0.0276  0.0285  0.0274  0.0280  0.0265  0.0268
  0.0267  0.0269  0.0264  0.0270  0.0273  0.0272  0.0265  0.0267  0.0265  0.0267  0.0262  0.0263
  0.0261  0.0261  0.0261  0.0261  0.0261  0.0262  0.0261  0.0261  0.0261  0.0261  0.0261  0.0261
  0.0266  0.0269  0.0264  0.0261  0.0268  0.0260  0.0265  0.0267  0.0265  0.0265  0.0262  0.0263
  0.0280  0.0290  0.0270  0.0281  0.0291  0.0279  0.0276  0.0284  0.0274  0.0277  0.0266  0.0268
  0.0304  0.0322  0.0280  0.0319  0.0332  0.0319  0.0292  0.0312  0.0287  0.0298  0.0271  0.0276
niter,ni,del,rscale     3    3    5.0000    1.2000
parameters
    1.4597   -9.4402   13.2664  -15.1884  -18.3201   -9.8158
    3.9127    4.0016   -1.9516   19.6584   -3.3923  -19.5061
eta,q 0.97385 10.70658
  0.0303  0.0325  0.0281  0.0312  0.0326  0.0311  0.0291  0.0312  0.0287  0.0297  0.0271  0.0275
  0.0281  0.0290  0.0270  0.0285  0.0296  0.0286  0.0276  0.0285  0.0274  0.0279  0.0265  0.0268
  0.0267  0.0269  0.0263  0.0270  0.0273  0.0272  0.0265  0.0267  0.0265  0.0267  0.0262  0.0263
  0.0261  0.0262  0.0262  0.0262  0.0262  0.0262  0.0262  0.0262  0.0262  0.0262  0.0262  0.0262
  0.0266  0.0269  0.0264  0.0261  0.0268  0.0260  0.0265  0.0267  0.0265  0.0265  0.0262  0.0263
  0.0280  0.0291  0.0270  0.0281  0.0291  0.0279  0.0276  0.0284  0.0274  0.0278  0.0265  0.0268
  0.0304  0.0323  0.0280  0.0319  0.0331  0.0320  0.0292  0.0312  0.0287  0.0298  0.0271  0.0276
registration optimization eta report
parameter search radius
    2.4000    3.1740    2.4000   10.9503   10.9503    9.5220
    7.2000    7.2000    7.2000    7.2000    7.2000    7.2000
100000*second partial in parameter space
       73.       61.       33.        5.        6.        6.
        6.       10.        5.        7.        2.        3.
  0.0303  0.0325  0.0281  0.0312  0.0326  0.0311  0.0291  0.0312  0.0287  0.0297  0.0271  0.0275
  0.0281  0.0290  0.0270  0.0285  0.0296  0.0286  0.0276  0.0285  0.0274  0.0279  0.0265  0.0268
  0.0267  0.0269  0.0263  0.0270  0.0273  0.0272  0.0265  0.0267  0.0265  0.0267  0.0262  0.0263
  0.0261  0.0262  0.0262  0.0262  0.0262  0.0262  0.0262  0.0262  0.0262  0.0262  0.0262  0.0262
  0.0266  0.0269  0.0264  0.0261  0.0268  0.0260  0.0265  0.0267  0.0265  0.0265  0.0262  0.0263
  0.0280  0.0291  0.0270  0.0281  0.0291  0.0279  0.0276  0.0284  0.0274  0.0278  0.0265  0.0268
  0.0304  0.0323  0.0280  0.0319  0.0331  0.0320  0.0292  0.0312  0.0287  0.0298  0.0271  0.0276
    1.4597   -9.4402   13.2664  -15.1884  -18.3201   -9.8158
    3.9127    4.0016   -1.9516   19.6584   -3.3923  -19.5061
eta,q 0.97385 10.70658

---------------------------------------------------------------------
imgreg_4dfp /opt/freesurfer/average/711-2C_as_mni_average_305 /opt/freesurfer/average/711-2B_as_mni_average_305_mask talsrcimg_g11 none talsrcimg_to_711-2C_as_mni_average_305_t4 2311
---------------------------------------------------------------------

freesurfer imgreg_4dfp.c
/opt/freesurfer/average/711-2C_as_mni_average_305.4dfp.img
       256       256       256         1
  1.000000  1.000000  1.000000
orientation T byte_order littleendian
Reading image: /opt/freesurfer/average/711-2C_as_mni_average_305.4dfp.img
dimensions:      256       256       256
mmppix:       1.0000   -1.0000   -1.0000
center:     128.0000 -129.0000 -129.0000
/opt/freesurfer/average/711-2B_as_mni_average_305_mask.4dfp.img
       256       256       256         1
  1.000000  1.000000  1.000000
orientation T byte_order littleendian
Reading mask: /opt/freesurfer/average/711-2B_as_mni_average_305_mask.4dfp.img (2306576 pixels)
talsrcimg_g11.4dfp.img
       256       256       256         1
  0.898438  0.898438  0.898438
orientation T byte_order littleendian
Reading image: talsrcimg_g11.4dfp.img
dimensions:      256       256       256
mmppix:       0.8984   -0.8984   -0.8984
center:     115.0001 -115.8985 -115.8985
fimgreg.f
image alignment mode   2311 decimal      907 hex
parameters
    1.4597   -9.4402   13.2664  -15.1884  -18.3201   -9.8158
    3.9127    4.0016   -1.9516   19.6584   -3.3923  -19.5061
eta,q 0.97385 10.70658
niter,ni,del,rscale     5    3    5.0000    0.8000
parameters
    1.4795   -9.4693   13.2551  -13.4901  -17.6224   -8.2834
    4.0686    4.0415   -1.8266   19.4904   -3.6113  -20.1952
eta,q 0.97438 10.93004
  0.0281  0.0278  0.0270  0.0274  0.0278  0.0278  0.0272  0.0284  0.0269  0.0274  0.0261  0.0261
  0.0271  0.0269  0.0265  0.0269  0.0269  0.0271  0.0264  0.0270  0.0262  0.0264  0.0258  0.0258
  0.0264  0.0263  0.0262  0.0265  0.0263  0.0264  0.0259  0.0260  0.0258  0.0258  0.0257  0.0257
  0.0262  0.0262  0.0261  0.0261  0.0259  0.0259  0.0256  0.0256  0.0256  0.0256  0.0256  0.0256
  0.0263  0.0264  0.0262  0.0259  0.0259  0.0256  0.0258  0.0259  0.0257  0.0259  0.0257  0.0257
  0.0270  0.0270  0.0265  0.0260  0.0263  0.0258  0.0263  0.0269  0.0261  0.0266  0.0259  0.0260
  0.0280  0.0279  0.0270  0.0265  0.0270  0.0264  0.0271  0.0284  0.0268  0.0277  0.0262  0.0265
niter,ni,del,rscale     4    3    5.0000    0.7000
parameters
    1.5078   -9.4389   13.5128  -13.5248  -17.6764   -7.9522
    4.0292    4.0910   -1.8196   19.5794   -3.7210  -19.9841
eta,q 0.97444 10.93955
  0.0273  0.0270  0.0266  0.0266  0.0268  0.0270  0.0267  0.0278  0.0265  0.0271  0.0260  0.0261
  0.0264  0.0263  0.0261  0.0261  0.0262  0.0264  0.0261  0.0266  0.0260  0.0263  0.0257  0.0258
  0.0258  0.0258  0.0258  0.0258  0.0258  0.0259  0.0257  0.0258  0.0257  0.0258  0.0256  0.0256
  0.0256  0.0256  0.0256  0.0256  0.0256  0.0256  0.0256  0.0256  0.0256  0.0256  0.0256  0.0256
  0.0258  0.0258  0.0256  0.0257  0.0257  0.0256  0.0257  0.0258  0.0257  0.0257  0.0256  0.0256
  0.0263  0.0262  0.0258  0.0260  0.0262  0.0259  0.0261  0.0265  0.0260  0.0262  0.0258  0.0257
  0.0272  0.0269  0.0261  0.0267  0.0269  0.0268  0.0268  0.0277  0.0265  0.0270  0.0260  0.0260
niter,ni,del,rscale     3    3    5.0000    0.6000
parameters
    1.5210   -9.4283   13.6268  -13.4378  -17.7009   -7.7434
    4.0307    4.1316   -1.7893   19.5493   -3.7113  -19.8758
eta,q 0.97448 10.95045
  0.0268  0.0266  0.0262  0.0263  0.0264  0.0267  0.0264  0.0272  0.0262  0.0266  0.0259  0.0259
  0.0261  0.0260  0.0259  0.0260  0.0260  0.0262  0.0259  0.0263  0.0259  0.0260  0.0257  0.0257
  0.0257  0.0257  0.0257  0.0257  0.0257  0.0258  0.0256  0.0257  0.0256  0.0256  0.0256  0.0256
  0.0256  0.0256  0.0256  0.0255  0.0255  0.0255  0.0255  0.0255  0.0255  0.0255  0.0255  0.0255
  0.0257  0.0257  0.0256  0.0256  0.0256  0.0256  0.0256  0.0257  0.0256  0.0257  0.0256  0.0255
  0.0261  0.0260  0.0257  0.0258  0.0260  0.0259  0.0259  0.0262  0.0258  0.0260  0.0257  0.0256
  0.0267  0.0265  0.0260  0.0264  0.0265  0.0266  0.0264  0.0271  0.0262  0.0267  0.0258  0.0259
niter,ni,del,rscale     2    3    5.0000    0.5000
parameters
    1.5297   -9.4302   13.6923  -13.3516  -17.6976   -7.5893
    4.0410    4.1549   -1.7941   19.5141   -3.6806  -19.7806
eta,q 0.97449 10.96019
  0.0264  0.0262  0.0260  0.0261  0.0262  0.0264  0.0261  0.0267  0.0260  0.0263  0.0258  0.0258
  0.0259  0.0258  0.0257  0.0258  0.0258  0.0260  0.0258  0.0260  0.0257  0.0259  0.0256  0.0256
  0.0256  0.0256  0.0256  0.0256  0.0256  0.0257  0.0256  0.0257  0.0256  0.0256  0.0255  0.0255
  0.0255  0.0255  0.0255  0.0255  0.0255  0.0255  0.0255  0.0255  0.0255  0.0255  0.0255  0.0255
  0.0256  0.0256  0.0255  0.0256  0.0256  0.0255  0.0256  0.0256  0.0256  0.0256  0.0255  0.0255
  0.0259  0.0258  0.0257  0.0257  0.0258  0.0258  0.0258  0.0260  0.0257  0.0259  0.0256  0.0256
  0.0263  0.0262  0.0259  0.0261  0.0262  0.0263  0.0261  0.0267  0.0260  0.0263  0.0257  0.0258
niter,ni,del,rscale     1    3    5.0000    0.4000
parameters
    1.5320   -9.4360   13.7413  -13.2973  -17.6682   -7.4675
    4.0584    4.1633   -1.7977   19.4646   -3.6604  -19.6504
eta,q 0.97450 10.96765
  0.0260  0.0260  0.0258  0.0259  0.0259  0.0261  0.0259  0.0263  0.0258  0.0260  0.0257  0.0257
  0.0257  0.0257  0.0256  0.0257  0.0257  0.0258  0.0257  0.0258  0.0256  0.0257  0.0256  0.0256
  0.0256  0.0256  0.0256  0.0256  0.0256  0.0256  0.0255  0.0256  0.0255  0.0255  0.0255  0.0255
  0.0255  0.0255  0.0255  0.0255  0.0255  0.0255  0.0255  0.0255  0.0255  0.0255  0.0255  0.0255
  0.0256  0.0256  0.0255  0.0255  0.0255  0.0255  0.0255  0.0256  0.0255  0.0256  0.0255  0.0255
  0.0257  0.0257  0.0256  0.0257  0.0257  0.0257  0.0257  0.0258  0.0256  0.0257  0.0256  0.0256
  0.0260  0.0260  0.0257  0.0259  0.0259  0.0260  0.0259  0.0263  0.0258  0.0260  0.0257  0.0256
registration optimization eta report
parameter search radius
    0.8000    0.8000    0.8000    2.4000    2.4000    2.4000
    2.4000    2.4000    2.4000    2.4000    2.4000    2.4000
100000*second partial in parameter space
       84.       70.       40.        7.        7.        9.
        7.       13.        6.        9.        3.        3.
  0.0260  0.0260  0.0258  0.0259  0.0259  0.0261  0.0259  0.0263  0.0258  0.0260  0.0257  0.0257
  0.0257  0.0257  0.0256  0.0257  0.0257  0.0258  0.0257  0.0258  0.0256  0.0257  0.0256  0.0256
  0.0256  0.0256  0.0256  0.0256  0.0256  0.0256  0.0255  0.0256  0.0255  0.0255  0.0255  0.0255
  0.0255  0.0255  0.0255  0.0255  0.0255  0.0255  0.0255  0.0255  0.0255  0.0255  0.0255  0.0255
  0.0256  0.0256  0.0255  0.0255  0.0255  0.0255  0.0255  0.0256  0.0255  0.0256  0.0255  0.0255
  0.0257  0.0257  0.0256  0.0257  0.0257  0.0257  0.0257  0.0258  0.0256  0.0257  0.0256  0.0256
  0.0260  0.0260  0.0257  0.0259  0.0259  0.0260  0.0259  0.0263  0.0258  0.0260  0.0257  0.0256
    1.5320   -9.4360   13.7413  -13.2973  -17.6682   -7.4675
    4.0584    4.1633   -1.7977   19.4646   -3.6604  -19.6504
eta,q 0.97450 10.96765

---------------------------------------------------------------------
imgreg_4dfp /opt/freesurfer/average/711-2C_as_mni_average_305 /opt/freesurfer/average/711-2B_as_mni_average_305_mask talsrcimg_g11 none talsrcimg_to_711-2C_as_mni_average_305_t4 2311
---------------------------------------------------------------------

freesurfer imgreg_4dfp.c
/opt/freesurfer/average/711-2C_as_mni_average_305.4dfp.img
       256       256       256         1
  1.000000  1.000000  1.000000
orientation T byte_order littleendian
Reading image: /opt/freesurfer/average/711-2C_as_mni_average_305.4dfp.img
dimensions:      256       256       256
mmppix:       1.0000   -1.0000   -1.0000
center:     128.0000 -129.0000 -129.0000
/opt/freesurfer/average/711-2B_as_mni_average_305_mask.4dfp.img
       256       256       256         1
  1.000000  1.000000  1.000000
orientation T byte_order littleendian
Reading mask: /opt/freesurfer/average/711-2B_as_mni_average_305_mask.4dfp.img (2306576 pixels)
talsrcimg_g11.4dfp.img
       256       256       256         1
  0.898438  0.898438  0.898438
orientation T byte_order littleendian
Reading image: talsrcimg_g11.4dfp.img
dimensions:      256       256       256
mmppix:       0.8984   -0.8984   -0.8984
center:     115.0001 -115.8985 -115.8985
fimgreg.f
image alignment mode   2311 decimal      907 hex
parameters
    1.5320   -9.4360   13.7413  -13.2973  -17.6682   -7.4675
    4.0584    4.1633   -1.7977   19.4646   -3.6604  -19.6504
eta,q 0.97450 10.96766
niter,ni,del,rscale     5    3    5.0000    0.8000
parameters
    1.5341   -9.4429   13.7666  -13.7075  -17.7777   -7.9443
    3.9983    4.0924   -1.8078   19.5322   -3.5763  -19.6181
eta,q 0.97444 10.91854
  0.0276  0.0272  0.0266  0.0266  0.0270  0.0270  0.0270  0.0282  0.0268  0.0275  0.0262  0.0262
  0.0265  0.0263  0.0260  0.0261  0.0262  0.0264  0.0262  0.0268  0.0261  0.0265  0.0258  0.0259
  0.0257  0.0257  0.0256  0.0257  0.0257  0.0258  0.0257  0.0259  0.0257  0.0258  0.0256  0.0257
  0.0255  0.0255  0.0255  0.0255  0.0255  0.0255  0.0256  0.0256  0.0256  0.0256  0.0256  0.0256
  0.0257  0.0257  0.0256  0.0257  0.0257  0.0257  0.0257  0.0259  0.0257  0.0258  0.0256  0.0256
  0.0265  0.0263  0.0259  0.0263  0.0263  0.0266  0.0263  0.0269  0.0261  0.0264  0.0258  0.0258
  0.0276  0.0273  0.0265  0.0273  0.0272  0.0282  0.0271  0.0284  0.0268  0.0274  0.0261  0.0263
niter,ni,del,rscale     4    3    5.0000    0.7000
parameters
    1.5313   -9.4462   13.6817  -13.5587  -17.7273   -7.9099
    4.0263    4.1065   -1.8077   19.5191   -3.5955  -19.7090
eta,q 0.97446 10.93214
  0.0272  0.0269  0.0262  0.0266  0.0268  0.0269  0.0267  0.0277  0.0265  0.0270  0.0260  0.0260
  0.0263  0.0262  0.0258  0.0261  0.0261  0.0263  0.0261  0.0266  0.0260  0.0262  0.0257  0.0258
  0.0257  0.0257  0.0256  0.0258  0.0257  0.0258  0.0257  0.0258  0.0256  0.0257  0.0256  0.0256
  0.0256  0.0256  0.0256  0.0256  0.0255  0.0255  0.0255  0.0255  0.0255  0.0255  0.0255  0.0255
  0.0257  0.0257  0.0257  0.0256  0.0257  0.0256  0.0257  0.0258  0.0257  0.0257  0.0256  0.0256
  0.0263  0.0262  0.0259  0.0259  0.0261  0.0261  0.0261  0.0265  0.0260  0.0262  0.0257  0.0258
  0.0272  0.0269  0.0264  0.0266  0.0268  0.0271  0.0267  0.0277  0.0265  0.0270  0.0260  0.0261
niter,ni,del,rscale     3    3    5.0000    0.6000
parameters
    1.5308   -9.4434   13.6804  -13.4313  -17.6945   -7.7441
    4.0420    4.1278   -1.8048   19.5016   -3.6482  -19.7456
eta,q 0.97448 10.94847
  0.0267  0.0266  0.0261  0.0263  0.0265  0.0267  0.0264  0.0272  0.0262  0.0266  0.0258  0.0259
  0.0261  0.0260  0.0258  0.0260  0.0260  0.0262  0.0259  0.0263  0.0258  0.0260  0.0257  0.0257
  0.0257  0.0257  0.0256  0.0257  0.0257  0.0258  0.0256  0.0257  0.0256  0.0256  0.0256  0.0256
  0.0255  0.0255  0.0255  0.0255  0.0255  0.0255  0.0255  0.0255  0.0255  0.0255  0.0255  0.0255
  0.0257  0.0257  0.0256  0.0256  0.0256  0.0256  0.0256  0.0257  0.0256  0.0257  0.0256  0.0255
  0.0261  0.0260  0.0258  0.0258  0.0259  0.0259  0.0259  0.0262  0.0258  0.0260  0.0257  0.0257
  0.0267  0.0265  0.0261  0.0263  0.0264  0.0266  0.0264  0.0271  0.0262  0.0266  0.0259  0.0259
niter,ni,del,rscale     2    3    5.0000    0.5000
parameters
    1.5311   -9.4413   13.7119  -13.3509  -17.6832   -7.5891
    4.0446    4.1480   -1.7994   19.4804   -3.6543  -19.7294
eta,q 0.97450 10.95974
  0.0264  0.0262  0.0259  0.0261  0.0262  0.0264  0.0261  0.0267  0.0260  0.0263  0.0257  0.0258
  0.0259  0.0258  0.0257  0.0258  0.0258  0.0260  0.0258  0.0260  0.0257  0.0259  0.0256  0.0256
  0.0256  0.0256  0.0256  0.0256  0.0256  0.0257  0.0256  0.0257  0.0256  0.0256  0.0255  0.0255
  0.0255  0.0255  0.0255  0.0255  0.0255  0.0255  0.0255  0.0255  0.0255  0.0255  0.0255  0.0255
  0.0256  0.0256  0.0256  0.0256  0.0256  0.0255  0.0256  0.0256  0.0256  0.0256  0.0255  0.0255
  0.0259  0.0258  0.0257  0.0257  0.0258  0.0258  0.0258  0.0260  0.0257  0.0259  0.0256  0.0256
  0.0264  0.0262  0.0259  0.0261  0.0262  0.0263  0.0261  0.0267  0.0260  0.0263  0.0257  0.0258
niter,ni,del,rscale     1    3    5.0000    0.4000
parameters
    1.5299   -9.4412   13.7476  -13.2914  -17.6611   -7.4647
    4.0626    4.1554   -1.8029   19.4454   -3.6241  -19.6403
eta,q 0.97450 10.96807
  0.0260  0.0260  0.0258  0.0259  0.0259  0.0261  0.0259  0.0263  0.0258  0.0260  0.0257  0.0257
  0.0257  0.0257  0.0256  0.0257  0.0257  0.0258  0.0257  0.0258  0.0256  0.0257  0.0256  0.0256
  0.0256  0.0256  0.0255  0.0256  0.0256  0.0256  0.0255  0.0256  0.0255  0.0256  0.0255  0.0255
  0.0255  0.0255  0.0255  0.0255  0.0255  0.0255  0.0255  0.0255  0.0255  0.0255  0.0255  0.0255
  0.0256  0.0256  0.0255  0.0255  0.0255  0.0255  0.0255  0.0256  0.0255  0.0256  0.0255  0.0255
  0.0257  0.0257  0.0256  0.0257  0.0257  0.0257  0.0257  0.0258  0.0256  0.0257  0.0256  0.0256
  0.0260  0.0260  0.0257  0.0259  0.0259  0.0260  0.0259  0.0263  0.0258  0.0260  0.0256  0.0257
registration optimization eta report
parameter search radius
    0.8000    0.8000    0.8000    2.4000    2.4000    2.4000
    2.4000    2.4000    2.4000    2.4000    2.4000    2.4000
100000*second partial in parameter space
       84.       70.       40.        7.        7.        9.
        7.       13.        6.        9.        3.        3.
  0.0260  0.0260  0.0258  0.0259  0.0259  0.0261  0.0259  0.0263  0.0258  0.0260  0.0257  0.0257
  0.0257  0.0257  0.0256  0.0257  0.0257  0.0258  0.0257  0.0258  0.0256  0.0257  0.0256  0.0256
  0.0256  0.0256  0.0255  0.0256  0.0256  0.0256  0.0255  0.0256  0.0255  0.0256  0.0255  0.0255
  0.0255  0.0255  0.0255  0.0255  0.0255  0.0255  0.0255  0.0255  0.0255  0.0255  0.0255  0.0255
  0.0256  0.0256  0.0255  0.0255  0.0255  0.0255  0.0255  0.0256  0.0255  0.0256  0.0255  0.0255
  0.0257  0.0257  0.0256  0.0257  0.0257  0.0257  0.0257  0.0258  0.0256  0.0257  0.0256  0.0256
  0.0260  0.0260  0.0257  0.0259  0.0259  0.0260  0.0259  0.0263  0.0258  0.0260  0.0256  0.0257
    1.5299   -9.4412   13.7476  -13.2914  -17.6611   -7.4647
    4.0626    4.1554   -1.8029   19.4454   -3.6241  -19.6403
eta,q 0.97450 10.96807

---------------------------------------------------------------------
compute_vox2vox talsrcimg talsrcimg_to_711-2C_as_mni_average_305_t4 /opt/freesurfer/average/711-2C_as_mni_average_305
---------------------------------------------------------------------

freesurfer compute_vox2vox.c
Reading: talsrcimg.4dfp.ifh
Reading: talsrcimg_to_711-2C_as_mni_average_305_t4
Reading: /opt/freesurfer/average/711-2C_as_mni_average_305.4dfp.ifh
Writing: talsrcimg_to_711-2C_as_mni_average_305_t4_vox2vox.txt

start time Wed Mar 11 03:11:01 CET 2026
end		time Wed Mar 11 03:12:28 CET 2026

mpr2mni305 success

avi2talxfm orig_nu.mgz /opt/freesurfer/average/mni305.cor.mgz talsrcimg_to_711-2C_as_mni_average_305_t4_vox2vox.txt transforms/talairach.auto.xfm
avi2talxfm done
mv -f /out/sourcedata/freesurfer/sub-v2s13x29100_ses-1/mri/talsrcimg_to_711-2C_as_mni_average_305_t4_vox2vox.txt /out/sourcedata/freesurfer/sub-v2s13x29100_ses-1/mri/transforms/talsrcimg_to_711-2C_as_mni_average_305_t4_vox2vox.txt
lta_convert --src orig_nu.mgz --trg /opt/freesurfer/average/mni305.cor.mgz --inxfm transforms/talairach.auto.xfm --outlta transforms/talairach.auto.xfm.lta --subject fsaverage
7.3.2

--src: orig_nu.mgz src image (geometry).
--trg: /opt/freesurfer/average/mni305.cor.mgz trg image (geometry).
--inmni: transforms/talairach.auto.xfm input MNI/XFM transform.
--outlta: transforms/talairach.auto.xfm.lta output LTA.
--s: fsaverage subject name
 LTA read, type : 1
 1.15034  -0.03783  -0.06578  -4.40291;
 0.04799   1.02751   0.24272  -16.44409;
 0.01385  -0.24349   1.15573  -20.94635;
 0.00000   0.00000   0.00000   1.00000;
setting subject to fsaverage
Writing  LTA to file transforms/talairach.auto.xfm.lta...
lta_convert successful.
 
 
Started at Wed Mar 11 03:11:01 CET 2026
Ended   at Wed Mar 11 03:12:28 CET 2026
talairach_avi done
