status file for recon-all
Wed Mar 11 07:32:38 CET 2026
#@# Tessellate rh Wed Mar 11 07:32:38 CET 2026
#@# Smooth1 rh Wed Mar 11 07:32:43 CET 2026
#@# Inflation1 rh Wed Mar 11 07:32:48 CET 2026
#@# QSphere rh Wed Mar 11 07:34:20 CET 2026
#@# Fix Topology rh Wed Mar 11 07:36:03 CET 2026
#@# Smooth2 rh Wed Mar 11 07:50:42 CET 2026
#@# Inflation2 rh Wed Mar 11 07:50:46 CET 2026
#@# Curv .H and .K rh Wed Mar 11 07:51:28 CET 2026
#@# Sphere rh Wed Mar 11 07:52:39 CET 2026
#@# Surf Reg rh Wed Mar 11 08:03:01 CET 2026
#@# Jacobian white rh Wed Mar 11 08:15:42 CET 2026
#@# AvgCurv rh Wed Mar 11 08:15:43 CET 2026
#@# Cortical Parc rh Wed Mar 11 08:15:45 CET 2026
#@# white curv rh Wed Mar 11 08:30:24 CET 2026
#@# white area rh Wed Mar 11 08:30:27 CET 2026
#@# pial curv rh Wed Mar 11 08:30:28 CET 2026
#@# pial area rh Wed Mar 11 08:30:31 CET 2026
#@# thickness rh Wed Mar 11 08:30:32 CET 2026
#@# area and vertex vol rh Wed Mar 11 08:31:15 CET 2026
#@# Curvature Stats rh Wed Mar 11 08:31:18 CET 2026
#@# Cortical Parc 2 rh Wed Mar 11 08:31:22 CET 2026
#@# Cortical Parc 3 rh Wed Mar 11 08:31:41 CET 2026
#@# WM/GM Contrast rh Wed Mar 11 08:31:55 CET 2026
recon-all -s sub-v2s13x29132_ses-1 finished without error at Wed Mar 11 08:32:01 CET 2026



#New# invocation of recon-all 



status file for recon-all
Wed Mar 11 08:53:25 CET 2026
#@# white curv rh Wed Mar 11 08:53:25 CET 2026
#@# white area rh Wed Mar 11 08:53:25 CET 2026
#@# pial curv rh Wed Mar 11 08:53:25 CET 2026
#@# pial area rh Wed Mar 11 08:53:25 CET 2026
#@# thickness rh Wed Mar 11 08:53:25 CET 2026
#@# area and vertex vol rh Wed Mar 11 08:53:25 CET 2026
#@# Parcellation Stats rh Wed Mar 11 08:53:25 CET 2026
#@# Parcellation Stats 2 rh Wed Mar 11 08:54:01 CET 2026
#@# Parcellation Stats 3 rh Wed Mar 11 08:54:19 CET 2026
#@# BA_exvivo Labels rh Wed Mar 11 08:54:40 CET 2026
recon-all -s sub-v2s13x29132_ses-1 finished without error at Wed Mar 11 08:58:44 CET 2026
