status file for recon-all
Wed Mar 11 04:56:20 CET 2026
#@# MotionCor Wed Mar 11 04:56:22 CET 2026
#@# Talairach Wed Mar 11 04:56:34 CET 2026
#@# Talairach Failure Detection Wed Mar 11 05:01:03 CET 2026
#@# Nu Intensity Correction Wed Mar 11 05:01:03 CET 2026
#@# Intensity Normalization Wed Mar 11 05:04:19 CET 2026
recon-all -s sub-v2s13x29132_ses-1 finished without error at Wed Mar 11 05:05:53 CET 2026



#New# invocation of recon-all 



status file for recon-all
Wed Mar 11 05:13:42 CET 2026
#@# EM Registration Wed Mar 11 05:13:42 CET 2026
recon-all -s sub-v2s13x29132_ses-1 finished without error at Wed Mar 11 05:16:17 CET 2026



#New# invocation of recon-all 



status file for recon-all
Wed Mar 11 05:16:20 CET 2026
#@# CA Normalize Wed Mar 11 05:16:20 CET 2026
#@# CA Reg Wed Mar 11 05:17:39 CET 2026
#@# SubCort Seg Wed Mar 11 06:12:02 CET 2026
#@# CC Seg Wed Mar 11 06:50:18 CET 2026
#@# Merge ASeg Wed Mar 11 06:50:54 CET 2026
#@# Intensity Normalization2 Wed Mar 11 06:50:54 CET 2026
#@# Mask BFS Wed Mar 11 06:53:06 CET 2026
#@# WM Segmentation Wed Mar 11 06:53:07 CET 2026
#@# Fill Wed Mar 11 06:55:24 CET 2026
recon-all -s sub-v2s13x29132_ses-1 finished without error at Wed Mar 11 06:56:30 CET 2026



#New# invocation of recon-all 



status file for recon-all
Wed Mar 11 08:32:06 CET 2026
#@# white curv lh Wed Mar 11 08:32:06 CET 2026
#@# white area lh Wed Mar 11 08:32:06 CET 2026
#@# pial curv lh Wed Mar 11 08:32:06 CET 2026
#@# pial area lh Wed Mar 11 08:32:06 CET 2026
#@# thickness lh Wed Mar 11 08:32:06 CET 2026
#@# area and vertex vol lh Wed Mar 11 08:32:06 CET 2026
#@# white curv rh Wed Mar 11 08:32:06 CET 2026
#@# white area rh Wed Mar 11 08:32:06 CET 2026
#@# pial curv rh Wed Mar 11 08:32:06 CET 2026
#@# pial area rh Wed Mar 11 08:32:06 CET 2026
#@# thickness rh Wed Mar 11 08:32:07 CET 2026
#@# area and vertex vol rh Wed Mar 11 08:32:07 CET 2026
#@# Cortical ribbon mask Wed Mar 11 08:32:07 CET 2026
recon-all -s sub-v2s13x29132_ses-1 finished without error at Wed Mar 11 08:48:01 CET 2026



#New# invocation of recon-all 



status file for recon-all
Wed Mar 11 08:58:49 CET 2026
#@# white curv lh Wed Mar 11 08:58:49 CET 2026
#@# white area lh Wed Mar 11 08:58:49 CET 2026
#@# pial curv lh Wed Mar 11 08:58:49 CET 2026
#@# pial area lh Wed Mar 11 08:58:49 CET 2026
#@# thickness lh Wed Mar 11 08:58:49 CET 2026
#@# area and vertex vol lh Wed Mar 11 08:58:49 CET 2026
#@# white curv rh Wed Mar 11 08:58:49 CET 2026
#@# white area rh Wed Mar 11 08:58:49 CET 2026
#@# pial curv rh Wed Mar 11 08:58:49 CET 2026
#@# pial area rh Wed Mar 11 08:58:49 CET 2026
#@# thickness rh Wed Mar 11 08:58:49 CET 2026
#@# area and vertex vol rh Wed Mar 11 08:58:49 CET 2026
#@# Curvature Stats lh Wed Mar 11 08:58:49 CET 2026
#@# Curvature Stats rh Wed Mar 11 08:58:53 CET 2026
#@# Relabel Hypointensities Wed Mar 11 08:58:57 CET 2026
#@# APas-to-ASeg Wed Mar 11 08:59:18 CET 2026
#@# AParc-to-ASeg aparc Wed Mar 11 08:59:31 CET 2026
#@# AParc-to-ASeg aparc.a2009s Wed Mar 11 09:01:01 CET 2026
#@# AParc-to-ASeg aparc.DKTatlas Wed Mar 11 09:02:27 CET 2026
#@# WMParc Wed Mar 11 09:03:58 CET 2026
#@# ASeg Stats Wed Mar 11 09:08:35 CET 2026
recon-all -s sub-v2s13x29132_ses-1 finished without error at Wed Mar 11 09:09:17 CET 2026
