043a73bd-5977-4d3b-aab6-9f2e20798ea1 oesteban@dna038:/tmp/59472046/oesteban/bootstrap-fmriprep/59472046_1000/project/derivatives/v2s13 timestamp=1773194460.152301208s
0744b2a9-e412-4a71-a755-176b76fbce70 oesteban@dna043:/tmp/59472047/oesteban/bootstrap-fmriprep/59472047_1001/project/derivatives/v2s13 timestamp=1773194523.047922559s
10b9eae9-b569-48f9-9c6c-cb7ee5102eeb oesteban@dna029:/tmp/59472115/oesteban/bootstrap-fmriprep/59472115_1031/project/derivatives/v2s13 timestamp=1773200967.167363251s
16a647c7-2757-4cdc-b3d3-16b77c52d471 oesteban@Mac:~/workspace/abide_preproc/derivatives/v2s13 timestamp=1772959780s
1addfd7a-3b65-4a7b-b2c9-8c94128a6ccd oesteban@dna052:/tmp/59472072/oesteban/bootstrap-fmriprep/59472072_1010/project/derivatives/v2s13 timestamp=1773196491.593258065s
1dfa2467-fbda-422c-b649-5cf75a82ee20 oesteban@dna063:/tmp/59472073/oesteban/bootstrap-fmriprep/59472073_1011/project/derivatives/v2s13 timestamp=1773196728.694101004s
21d69a1a-cd67-4783-a093-8128b6c3a48a oesteban@dna040:/tmp/59472116/oesteban/bootstrap-fmriprep/59472116_1032/project/derivatives/v2s13 timestamp=1773200972.135026723s
299ab05f-35c3-4d86-ab73-b4b655fdf610 oesteban@dna059:/tmp/59472108/oesteban/bootstrap-fmriprep/59472108_1028/project/derivatives/v2s13 timestamp=1773200127.414678096s
3873532e-429c-424c-bbb8-ac9e2096cbcd oesteban@dna034:/tmp/59472050/oesteban/bootstrap-fmriprep/59472050_1003/project/derivatives/v2s13 timestamp=1773194769.902911788s
40880451-6a17-4756-b126-adeccd3a7336 oesteban@dna058:/tmp/59472052/oesteban/bootstrap-fmriprep/59472052_1004/project/derivatives/v2s13 timestamp=1773194968.303784493s
42b018f0-335f-4b16-8382-dcea67e6cfe3 oesteban@dna060:/tmp/59472066/oesteban/bootstrap-fmriprep/59472066_1007/project/derivatives/v2s13 timestamp=1773195753.299940405s
46a34f7e-a0e7-4a47-9736-d1950eb73b16 oesteban@dna012:/tmp/59472068/oesteban/bootstrap-fmriprep/59472068_1009/project/derivatives/v2s13 timestamp=1773196079.118390618s
49db7f81-619a-4b34-98a1-ed6526009f95 oesteban@dna023:/tmp/59472044/oesteban/bootstrap-fmriprep/59472044_998/project/derivatives/v2s13 timestamp=1773194312.861781377s
4f5320cb-acb2-40a2-bf84-5d4fd21ba389 oesteban@dna013:/tmp/59472057/oesteban/bootstrap-fmriprep/59472057_1005/project/derivatives/v2s13 timestamp=1773195054.339757667s
561b0c84-6057-4bd6-a9b1-1656f073f363 oesteban@dna013:/tmp/59472113/oesteban/bootstrap-fmriprep/59472113_1029/project/derivatives/v2s13 timestamp=1773200668.536327127s
58573cc9-de37-4964-a89e-b59d8796c49a oesteban@dna052:/tmp/59472086/oesteban/bootstrap-fmriprep/59472086_1017/project/derivatives/v2s13 timestamp=1773197929.425572517s
652e4f84-60c4-4f7d-90eb-77f6fd134332 oesteban@dna020:/tmp/59472078/oesteban/bootstrap-fmriprep/59472078_1015/project/derivatives/v2s13 timestamp=1773197019.715153167s
6999b470-bc44-4e72-8f0a-912abd828e82 oesteban@dna020:/tmp/59472093/oesteban/bootstrap-fmriprep/59472093_1020/project/derivatives/v2s13 timestamp=1773198925.220523129s
6f0397b4-f1fc-4c2f-afff-d99cb5a84844 oesteban@dna059:/tmp/59472076/oesteban/bootstrap-fmriprep/59472076_1013/project/derivatives/v2s13 timestamp=1773196981.234224235s
713e3a81-6562-470c-8666-a461bd15798e oesteban@dna007:/tmp/59472049/oesteban/bootstrap-fmriprep/59472049_1002/project/derivatives/v2s13 timestamp=1773194613.165693283s
7386bea5-52ad-43ec-a1e1-8e3cfa5f6f5f oesteban@dna058:/tmp/59472079/oesteban/bootstrap-fmriprep/59472079_1016/project/derivatives/v2s13 timestamp=1773197301.758703341s
77ba07db-6437-4ea0-a982-dedcdb18e1c1 oesteban@dna060:/tmp/59472045/oesteban/bootstrap-fmriprep/59472045_999/project/derivatives/v2s13 timestamp=1773194332.480452991s
807ff9f7-c4f1-46c9-af26-c5b4bda19379 oesteban@dna060:/tmp/59472065/oesteban/bootstrap-fmriprep/59472065_1006/project/derivatives/v2s13 timestamp=1773195703.332317449s
8885b4ce-4618-47ca-9d50-abc5c970f4e4 oesteban@dna061:/tmp/59472090/oesteban/bootstrap-fmriprep/59472090_1018/project/derivatives/v2s13 timestamp=1773198248.605680306s
8a7d660f-9db2-4c62-acc6-ea08fd23d2cc oesteban@dna050:/tmp/59472123/oesteban/bootstrap-fmriprep/59472123_1035/project/derivatives/v2s13 timestamp=1773201656.58318305s
8c627180-5b28-4a64-baf2-37a47382b5af oesteban@dna087:/tmp/59472096/oesteban/bootstrap-fmriprep/59472096_1022/project/derivatives/v2s13 timestamp=1773199145.44666792s
8d8d2ce9-a01b-4524-89a7-ac46ece07d3e oesteban@dna079:/tmp/59472067/oesteban/bootstrap-fmriprep/59472067_1008/project/derivatives/v2s13 timestamp=1773196013.027938983s
965d283c-9281-45ac-af60-d8ebd0fe8ea6 oesteban@dna003:/tmp/59472074/oesteban/bootstrap-fmriprep/59472074_1012/project/derivatives/v2s13 timestamp=1773196843.865271373s
9a6b11f4-ae51-4b97-85ac-48e06648def6 oesteban@dna056:/tmp/59472099/oesteban/bootstrap-fmriprep/59472099_1024/project/derivatives/v2s13 timestamp=1773199379.074996304s
c7ac0d5a-4f6d-4159-b760-0042e8e903c5 oesteban@dna006:/tmp/59472094/oesteban/bootstrap-fmriprep/59472094_1021/project/derivatives/v2s13 timestamp=1773199009.831836775s
d0872443-5348-4f7b-a5e0-c9ba8967e92b git@0cf3a9a26dcd:/data/repos/abide-fmriprep/v2s13.git timestamp=1773194314.894083633s
d9019436-bcc2-4824-852a-646f2eefc23c oesteban@dna003:/tmp/59472118/oesteban/bootstrap-fmriprep/59472118_1033/project/derivatives/v2s13 timestamp=1773201040.251167268s
d93a1c9b-9777-416d-84e0-0375f7d44d6a oesteban@dna087:/tmp/59472125/oesteban/bootstrap-fmriprep/59472125_1036/project/derivatives/v2s13 timestamp=1773201809.393600876s
daddf2c7-ed8e-49ba-a76f-95d194ee891e oesteban@dna030:/tmp/59472097/oesteban/bootstrap-fmriprep/59472097_1023/project/derivatives/v2s13 timestamp=1773199208.882391276s
daea2fbf-6020-49d4-be36-407f90b08529 oesteban@dna030:/tmp/59472102/oesteban/bootstrap-fmriprep/59472102_1025/project/derivatives/v2s13 timestamp=1773199525.520980013s
df3a8557-cd1f-4f08-979c-98d07ba485ab oesteban@dna020:/tmp/59472077/oesteban/bootstrap-fmriprep/59472077_1014/project/derivatives/v2s13 timestamp=1773197019.402279046s
f92abdcb-82b4-4154-98de-e1a87ed770fe oesteban@dna038:/tmp/59472114/oesteban/bootstrap-fmriprep/59472114_1030/project/derivatives/v2s13 timestamp=1773200810.279309308s
fa9e8d78-915c-4826-b749-9e6cdc48ddc6 oesteban@dna059:/tmp/59472105/oesteban/bootstrap-fmriprep/59472105_1026/project/derivatives/v2s13 timestamp=1773199837.423563574s
ff5f6965-aaea-4ef8-ad35-7323360ca300 oesteban@dna029:/tmp/59472107/oesteban/bootstrap-fmriprep/59472107_1027/project/derivatives/v2s13 timestamp=1773200038.388603339s
