status file for recon-all
Wed Mar 11 03:10:29 CET 2026
#@# MotionCor Wed Mar 11 03:10:31 CET 2026
#@# Talairach Wed Mar 11 03:10:41 CET 2026
#@# Talairach Failure Detection Wed Mar 11 03:15:04 CET 2026
#@# Nu Intensity Correction Wed Mar 11 03:15:04 CET 2026
#@# Intensity Normalization Wed Mar 11 03:18:21 CET 2026
recon-all -s sub-v2s13x29101_ses-1 finished without error at Wed Mar 11 03:19:55 CET 2026



#New# invocation of recon-all 



status file for recon-all
Wed Mar 11 03:27:22 CET 2026
#@# EM Registration Wed Mar 11 03:27:22 CET 2026
recon-all -s sub-v2s13x29101_ses-1 finished without error at Wed Mar 11 03:29:06 CET 2026



#New# invocation of recon-all 



status file for recon-all
Wed Mar 11 03:29:09 CET 2026
#@# CA Normalize Wed Mar 11 03:29:09 CET 2026
#@# CA Reg Wed Mar 11 03:30:26 CET 2026
#@# SubCort Seg Wed Mar 11 04:19:57 CET 2026
#@# CC Seg Wed Mar 11 04:56:52 CET 2026
#@# Merge ASeg Wed Mar 11 04:57:27 CET 2026
#@# Intensity Normalization2 Wed Mar 11 04:57:27 CET 2026
#@# Mask BFS Wed Mar 11 04:59:42 CET 2026
#@# WM Segmentation Wed Mar 11 04:59:43 CET 2026
#@# Fill Wed Mar 11 05:01:55 CET 2026
recon-all -s sub-v2s13x29101_ses-1 finished without error at Wed Mar 11 05:02:56 CET 2026



#New# invocation of recon-all 



status file for recon-all
Wed Mar 11 06:09:26 CET 2026
#@# white curv lh Wed Mar 11 06:09:26 CET 2026
#@# white area lh Wed Mar 11 06:09:26 CET 2026
#@# pial curv lh Wed Mar 11 06:09:26 CET 2026
#@# pial area lh Wed Mar 11 06:09:26 CET 2026
#@# thickness lh Wed Mar 11 06:09:26 CET 2026
#@# area and vertex vol lh Wed Mar 11 06:09:26 CET 2026
#@# white curv rh Wed Mar 11 06:09:26 CET 2026
#@# white area rh Wed Mar 11 06:09:26 CET 2026
#@# pial curv rh Wed Mar 11 06:09:26 CET 2026
#@# pial area rh Wed Mar 11 06:09:26 CET 2026
#@# thickness rh Wed Mar 11 06:09:26 CET 2026
#@# area and vertex vol rh Wed Mar 11 06:09:26 CET 2026
#@# Cortical ribbon mask Wed Mar 11 06:09:26 CET 2026
recon-all -s sub-v2s13x29101_ses-1 finished without error at Wed Mar 11 06:21:33 CET 2026



#New# invocation of recon-all 



status file for recon-all
Wed Mar 11 06:30:16 CET 2026
#@# white curv lh Wed Mar 11 06:30:16 CET 2026
#@# white area lh Wed Mar 11 06:30:16 CET 2026
#@# pial curv lh Wed Mar 11 06:30:16 CET 2026
#@# pial area lh Wed Mar 11 06:30:16 CET 2026
#@# thickness lh Wed Mar 11 06:30:16 CET 2026
#@# area and vertex vol lh Wed Mar 11 06:30:16 CET 2026
#@# white curv rh Wed Mar 11 06:30:16 CET 2026
#@# white area rh Wed Mar 11 06:30:16 CET 2026
#@# pial curv rh Wed Mar 11 06:30:16 CET 2026
#@# pial area rh Wed Mar 11 06:30:16 CET 2026
#@# thickness rh Wed Mar 11 06:30:16 CET 2026
#@# area and vertex vol rh Wed Mar 11 06:30:16 CET 2026
#@# Curvature Stats lh Wed Mar 11 06:30:16 CET 2026
#@# Curvature Stats rh Wed Mar 11 06:30:20 CET 2026
#@# Relabel Hypointensities Wed Mar 11 06:30:23 CET 2026
#@# APas-to-ASeg Wed Mar 11 06:30:43 CET 2026
#@# AParc-to-ASeg aparc Wed Mar 11 06:30:54 CET 2026
#@# AParc-to-ASeg aparc.a2009s Wed Mar 11 06:32:00 CET 2026
#@# AParc-to-ASeg aparc.DKTatlas Wed Mar 11 06:33:17 CET 2026
#@# WMParc Wed Mar 11 06:34:29 CET 2026
#@# ASeg Stats Wed Mar 11 06:38:27 CET 2026
recon-all -s sub-v2s13x29101_ses-1 finished without error at Wed Mar 11 06:39:09 CET 2026
