status file for recon-all
Wed Mar 11 05:03:01 CET 2026
#@# Tessellate lh Wed Mar 11 05:03:01 CET 2026
#@# Smooth1 lh Wed Mar 11 05:03:05 CET 2026
#@# Inflation1 lh Wed Mar 11 05:03:09 CET 2026
#@# QSphere lh Wed Mar 11 05:04:23 CET 2026
#@# Fix Topology lh Wed Mar 11 05:05:38 CET 2026
#@# Smooth2 lh Wed Mar 11 05:16:30 CET 2026
#@# Inflation2 lh Wed Mar 11 05:16:34 CET 2026
#@# Curv .H and .K lh Wed Mar 11 05:17:02 CET 2026
#@# Sphere lh Wed Mar 11 05:18:02 CET 2026
#@# Surf Reg lh Wed Mar 11 05:22:31 CET 2026
#@# Jacobian white lh Wed Mar 11 05:28:12 CET 2026
#@# AvgCurv lh Wed Mar 11 05:28:13 CET 2026
#@# Cortical Parc lh Wed Mar 11 05:28:14 CET 2026
#@# white curv lh Wed Mar 11 05:36:31 CET 2026
#@# white area lh Wed Mar 11 05:36:34 CET 2026
#@# pial curv lh Wed Mar 11 05:36:35 CET 2026
#@# pial area lh Wed Mar 11 05:36:37 CET 2026
#@# thickness lh Wed Mar 11 05:36:37 CET 2026
#@# area and vertex vol lh Wed Mar 11 05:37:16 CET 2026
#@# Curvature Stats lh Wed Mar 11 05:37:17 CET 2026
#@# Cortical Parc 2 lh Wed Mar 11 05:37:21 CET 2026
#@# Cortical Parc 3 lh Wed Mar 11 05:37:37 CET 2026
#@# WM/GM Contrast lh Wed Mar 11 05:37:51 CET 2026
recon-all -s sub-v2s13x29101_ses-1 finished without error at Wed Mar 11 05:37:56 CET 2026



#New# invocation of recon-all 



status file for recon-all
Wed Mar 11 06:21:40 CET 2026
#@# white curv lh Wed Mar 11 06:21:40 CET 2026
#@# white area lh Wed Mar 11 06:21:40 CET 2026
#@# pial curv lh Wed Mar 11 06:21:40 CET 2026
#@# pial area lh Wed Mar 11 06:21:40 CET 2026
#@# thickness lh Wed Mar 11 06:21:40 CET 2026
#@# area and vertex vol lh Wed Mar 11 06:21:40 CET 2026
#@# Parcellation Stats lh Wed Mar 11 06:21:40 CET 2026
#@# Parcellation Stats 2 lh Wed Mar 11 06:22:10 CET 2026
#@# Parcellation Stats 3 lh Wed Mar 11 06:22:25 CET 2026
#@# BA_exvivo Labels lh Wed Mar 11 06:22:39 CET 2026
recon-all -s sub-v2s13x29101_ses-1 finished without error at Wed Mar 11 06:25:54 CET 2026
