status file for recon-all
Wed Mar 11 05:37:58 CET 2026
#@# Tessellate rh Wed Mar 11 05:37:58 CET 2026
#@# Smooth1 rh Wed Mar 11 05:38:02 CET 2026
#@# Inflation1 rh Wed Mar 11 05:38:05 CET 2026
#@# QSphere rh Wed Mar 11 05:39:16 CET 2026
#@# Fix Topology rh Wed Mar 11 05:40:34 CET 2026
#@# Smooth2 rh Wed Mar 11 05:48:21 CET 2026
#@# Inflation2 rh Wed Mar 11 05:48:24 CET 2026
#@# Curv .H and .K rh Wed Mar 11 05:48:51 CET 2026
#@# Sphere rh Wed Mar 11 05:49:53 CET 2026
#@# Surf Reg rh Wed Mar 11 05:54:19 CET 2026
#@# Jacobian white rh Wed Mar 11 05:59:52 CET 2026
#@# AvgCurv rh Wed Mar 11 05:59:53 CET 2026
#@# Cortical Parc rh Wed Mar 11 05:59:54 CET 2026
#@# white curv rh Wed Mar 11 06:07:57 CET 2026
#@# white area rh Wed Mar 11 06:07:59 CET 2026
#@# pial curv rh Wed Mar 11 06:08:00 CET 2026
#@# pial area rh Wed Mar 11 06:08:02 CET 2026
#@# thickness rh Wed Mar 11 06:08:03 CET 2026
#@# area and vertex vol rh Wed Mar 11 06:08:42 CET 2026
#@# Curvature Stats rh Wed Mar 11 06:08:43 CET 2026
#@# Cortical Parc 2 rh Wed Mar 11 06:08:47 CET 2026
#@# Cortical Parc 3 rh Wed Mar 11 06:09:03 CET 2026
#@# WM/GM Contrast rh Wed Mar 11 06:09:16 CET 2026
recon-all -s sub-v2s13x29101_ses-1 finished without error at Wed Mar 11 06:09:21 CET 2026



#New# invocation of recon-all 



status file for recon-all
Wed Mar 11 06:25:56 CET 2026
#@# white curv rh Wed Mar 11 06:25:56 CET 2026
#@# white area rh Wed Mar 11 06:25:56 CET 2026
#@# pial curv rh Wed Mar 11 06:25:56 CET 2026
#@# pial area rh Wed Mar 11 06:25:56 CET 2026
#@# thickness rh Wed Mar 11 06:25:56 CET 2026
#@# area and vertex vol rh Wed Mar 11 06:25:56 CET 2026
#@# Parcellation Stats rh Wed Mar 11 06:25:56 CET 2026
#@# Parcellation Stats 2 rh Wed Mar 11 06:26:25 CET 2026
#@# Parcellation Stats 3 rh Wed Mar 11 06:26:41 CET 2026
#@# BA_exvivo Labels rh Wed Mar 11 06:26:55 CET 2026
recon-all -s sub-v2s13x29101_ses-1 finished without error at Wed Mar 11 06:30:11 CET 2026
