status file for recon-all
Wed Mar 11 06:06:42 CET 2026
#@# Tessellate rh Wed Mar 11 06:06:42 CET 2026
#@# Smooth1 rh Wed Mar 11 06:06:47 CET 2026
#@# Inflation1 rh Wed Mar 11 06:06:51 CET 2026
#@# QSphere rh Wed Mar 11 06:08:40 CET 2026
#@# Fix Topology rh Wed Mar 11 06:11:03 CET 2026
#@# Smooth2 rh Wed Mar 11 06:20:03 CET 2026
#@# Inflation2 rh Wed Mar 11 06:20:07 CET 2026
#@# Curv .H and .K rh Wed Mar 11 06:20:39 CET 2026
#@# Sphere rh Wed Mar 11 06:21:55 CET 2026
#@# Surf Reg rh Wed Mar 11 06:26:02 CET 2026
#@# Jacobian white rh Wed Mar 11 06:33:13 CET 2026
#@# AvgCurv rh Wed Mar 11 06:33:15 CET 2026
#@# Cortical Parc rh Wed Mar 11 06:33:16 CET 2026
#@# white curv rh Wed Mar 11 06:43:51 CET 2026
#@# white area rh Wed Mar 11 06:43:54 CET 2026
#@# pial curv rh Wed Mar 11 06:43:56 CET 2026
#@# pial area rh Wed Mar 11 06:43:59 CET 2026
#@# thickness rh Wed Mar 11 06:44:00 CET 2026
#@# area and vertex vol rh Wed Mar 11 06:44:46 CET 2026
#@# Curvature Stats rh Wed Mar 11 06:44:49 CET 2026
#@# Cortical Parc 2 rh Wed Mar 11 06:44:52 CET 2026
#@# Cortical Parc 3 rh Wed Mar 11 06:45:12 CET 2026
#@# WM/GM Contrast rh Wed Mar 11 06:45:29 CET 2026
recon-all -s sub-v2s13x29105_ses-1 finished without error at Wed Mar 11 06:45:35 CET 2026



#New# invocation of recon-all 



status file for recon-all
Wed Mar 11 07:01:06 CET 2026
#@# white curv rh Wed Mar 11 07:01:06 CET 2026
#@# white area rh Wed Mar 11 07:01:06 CET 2026
#@# pial curv rh Wed Mar 11 07:01:06 CET 2026
#@# pial area rh Wed Mar 11 07:01:06 CET 2026
#@# thickness rh Wed Mar 11 07:01:06 CET 2026
#@# area and vertex vol rh Wed Mar 11 07:01:06 CET 2026
#@# Parcellation Stats rh Wed Mar 11 07:01:06 CET 2026
#@# Parcellation Stats 2 rh Wed Mar 11 07:01:47 CET 2026
#@# Parcellation Stats 3 rh Wed Mar 11 07:02:12 CET 2026
#@# BA_exvivo Labels rh Wed Mar 11 07:02:32 CET 2026
recon-all -s sub-v2s13x29105_ses-1 finished without error at Wed Mar 11 07:06:46 CET 2026
