status file for recon-all
Wed Mar 11 03:27:00 CET 2026
#@# MotionCor Wed Mar 11 03:27:02 CET 2026
#@# Talairach Wed Mar 11 03:27:13 CET 2026
#@# Talairach Failure Detection Wed Mar 11 03:31:37 CET 2026
#@# Nu Intensity Correction Wed Mar 11 03:31:37 CET 2026
#@# Intensity Normalization Wed Mar 11 03:34:56 CET 2026
recon-all -s sub-v2s13x29105_ses-1 finished without error at Wed Mar 11 03:36:21 CET 2026



#New# invocation of recon-all 



status file for recon-all
Wed Mar 11 03:44:28 CET 2026
#@# EM Registration Wed Mar 11 03:44:28 CET 2026
recon-all -s sub-v2s13x29105_ses-1 finished without error at Wed Mar 11 03:46:44 CET 2026



#New# invocation of recon-all 



status file for recon-all
Wed Mar 11 03:46:47 CET 2026
#@# CA Normalize Wed Mar 11 03:46:47 CET 2026
#@# CA Reg Wed Mar 11 03:48:07 CET 2026
#@# SubCort Seg Wed Mar 11 04:39:09 CET 2026
#@# CC Seg Wed Mar 11 05:19:46 CET 2026
#@# Merge ASeg Wed Mar 11 05:20:51 CET 2026
#@# Intensity Normalization2 Wed Mar 11 05:20:51 CET 2026
#@# Mask BFS Wed Mar 11 05:23:08 CET 2026
#@# WM Segmentation Wed Mar 11 05:23:09 CET 2026
#@# Fill Wed Mar 11 05:25:30 CET 2026
recon-all -s sub-v2s13x29105_ses-1 finished without error at Wed Mar 11 05:26:37 CET 2026



#New# invocation of recon-all 



status file for recon-all
Wed Mar 11 06:45:40 CET 2026
#@# white curv lh Wed Mar 11 06:45:40 CET 2026
#@# white area lh Wed Mar 11 06:45:40 CET 2026
#@# pial curv lh Wed Mar 11 06:45:40 CET 2026
#@# pial area lh Wed Mar 11 06:45:40 CET 2026
#@# thickness lh Wed Mar 11 06:45:40 CET 2026
#@# area and vertex vol lh Wed Mar 11 06:45:40 CET 2026
#@# white curv rh Wed Mar 11 06:45:40 CET 2026
#@# white area rh Wed Mar 11 06:45:40 CET 2026
#@# pial curv rh Wed Mar 11 06:45:40 CET 2026
#@# pial area rh Wed Mar 11 06:45:40 CET 2026
#@# thickness rh Wed Mar 11 06:45:40 CET 2026
#@# area and vertex vol rh Wed Mar 11 06:45:40 CET 2026
#@# Cortical ribbon mask Wed Mar 11 06:45:40 CET 2026
recon-all -s sub-v2s13x29105_ses-1 finished without error at Wed Mar 11 06:55:26 CET 2026



#New# invocation of recon-all 



status file for recon-all
Wed Mar 11 07:06:51 CET 2026
#@# white curv lh Wed Mar 11 07:06:51 CET 2026
#@# white area lh Wed Mar 11 07:06:51 CET 2026
#@# pial curv lh Wed Mar 11 07:06:52 CET 2026
#@# pial area lh Wed Mar 11 07:06:52 CET 2026
#@# thickness lh Wed Mar 11 07:06:52 CET 2026
#@# area and vertex vol lh Wed Mar 11 07:06:52 CET 2026
#@# white curv rh Wed Mar 11 07:06:52 CET 2026
#@# white area rh Wed Mar 11 07:06:52 CET 2026
#@# pial curv rh Wed Mar 11 07:06:52 CET 2026
#@# pial area rh Wed Mar 11 07:06:52 CET 2026
#@# thickness rh Wed Mar 11 07:06:52 CET 2026
#@# area and vertex vol rh Wed Mar 11 07:06:52 CET 2026
#@# Curvature Stats lh Wed Mar 11 07:06:52 CET 2026
#@# Curvature Stats rh Wed Mar 11 07:06:57 CET 2026
#@# Relabel Hypointensities Wed Mar 11 07:07:01 CET 2026
#@# APas-to-ASeg Wed Mar 11 07:07:25 CET 2026
#@# AParc-to-ASeg aparc Wed Mar 11 07:07:38 CET 2026
#@# AParc-to-ASeg aparc.a2009s Wed Mar 11 07:09:03 CET 2026
#@# AParc-to-ASeg aparc.DKTatlas Wed Mar 11 07:10:22 CET 2026
#@# WMParc Wed Mar 11 07:11:42 CET 2026
#@# ASeg Stats Wed Mar 11 07:16:41 CET 2026
recon-all -s sub-v2s13x29105_ses-1 finished without error at Wed Mar 11 07:17:24 CET 2026
