status file for recon-all
Wed Mar 11 05:26:43 CET 2026
#@# Tessellate lh Wed Mar 11 05:26:43 CET 2026
#@# Smooth1 lh Wed Mar 11 05:26:48 CET 2026
#@# Inflation1 lh Wed Mar 11 05:26:52 CET 2026
#@# QSphere lh Wed Mar 11 05:28:32 CET 2026
#@# Fix Topology lh Wed Mar 11 05:30:15 CET 2026
#@# Smooth2 lh Wed Mar 11 05:39:06 CET 2026
#@# Inflation2 lh Wed Mar 11 05:39:11 CET 2026
#@# Curv .H and .K lh Wed Mar 11 05:39:44 CET 2026
#@# Sphere lh Wed Mar 11 05:41:01 CET 2026
#@# Surf Reg lh Wed Mar 11 05:47:05 CET 2026
#@# Jacobian white lh Wed Mar 11 05:54:34 CET 2026
#@# AvgCurv lh Wed Mar 11 05:54:35 CET 2026
#@# Cortical Parc lh Wed Mar 11 05:54:37 CET 2026
#@# white curv lh Wed Mar 11 06:04:56 CET 2026
#@# white area lh Wed Mar 11 06:04:58 CET 2026
#@# pial curv lh Wed Mar 11 06:05:00 CET 2026
#@# pial area lh Wed Mar 11 06:05:03 CET 2026
#@# thickness lh Wed Mar 11 06:05:04 CET 2026
#@# area and vertex vol lh Wed Mar 11 06:05:50 CET 2026
#@# Curvature Stats lh Wed Mar 11 06:05:53 CET 2026
#@# Cortical Parc 2 lh Wed Mar 11 06:05:57 CET 2026
#@# Cortical Parc 3 lh Wed Mar 11 06:06:18 CET 2026
#@# WM/GM Contrast lh Wed Mar 11 06:06:32 CET 2026
recon-all -s sub-v2s13x29105_ses-1 finished without error at Wed Mar 11 06:06:39 CET 2026



#New# invocation of recon-all 



status file for recon-all
Wed Mar 11 06:55:30 CET 2026
#@# white curv lh Wed Mar 11 06:55:30 CET 2026
#@# white area lh Wed Mar 11 06:55:30 CET 2026
#@# pial curv lh Wed Mar 11 06:55:30 CET 2026
#@# pial area lh Wed Mar 11 06:55:30 CET 2026
#@# thickness lh Wed Mar 11 06:55:30 CET 2026
#@# area and vertex vol lh Wed Mar 11 06:55:30 CET 2026
#@# Parcellation Stats lh Wed Mar 11 06:55:30 CET 2026
#@# Parcellation Stats 2 lh Wed Mar 11 06:56:10 CET 2026
#@# Parcellation Stats 3 lh Wed Mar 11 06:56:30 CET 2026
#@# BA_exvivo Labels lh Wed Mar 11 06:56:50 CET 2026
recon-all -s sub-v2s13x29105_ses-1 finished without error at Wed Mar 11 07:01:03 CET 2026
