status file for recon-all
Wed Mar 11 05:18:36 CET 2026
#@# Tessellate rh Wed Mar 11 05:18:36 CET 2026
#@# Smooth1 rh Wed Mar 11 05:18:40 CET 2026
#@# Inflation1 rh Wed Mar 11 05:18:43 CET 2026
#@# QSphere rh Wed Mar 11 05:19:50 CET 2026
#@# Fix Topology rh Wed Mar 11 05:21:06 CET 2026
#@# Smooth2 rh Wed Mar 11 05:27:19 CET 2026
#@# Inflation2 rh Wed Mar 11 05:27:22 CET 2026
#@# Curv .H and .K rh Wed Mar 11 05:27:50 CET 2026
#@# Sphere rh Wed Mar 11 05:28:40 CET 2026
#@# Surf Reg rh Wed Mar 11 05:31:13 CET 2026
#@# Jacobian white rh Wed Mar 11 05:35:54 CET 2026
#@# AvgCurv rh Wed Mar 11 05:35:55 CET 2026
#@# Cortical Parc rh Wed Mar 11 05:35:56 CET 2026
#@# white curv rh Wed Mar 11 05:43:06 CET 2026
#@# white area rh Wed Mar 11 05:43:08 CET 2026
#@# pial curv rh Wed Mar 11 05:43:08 CET 2026
#@# pial area rh Wed Mar 11 05:43:10 CET 2026
#@# thickness rh Wed Mar 11 05:43:11 CET 2026
#@# area and vertex vol rh Wed Mar 11 05:43:42 CET 2026
#@# Curvature Stats rh Wed Mar 11 05:43:44 CET 2026
#@# Cortical Parc 2 rh Wed Mar 11 05:43:47 CET 2026
#@# Cortical Parc 3 rh Wed Mar 11 05:44:01 CET 2026
#@# WM/GM Contrast rh Wed Mar 11 05:44:11 CET 2026
recon-all -s sub-v2s13x29096_ses-1 finished without error at Wed Mar 11 05:44:16 CET 2026



#New# invocation of recon-all 



status file for recon-all
Wed Mar 11 05:52:28 CET 2026
#@# white curv rh Wed Mar 11 05:52:28 CET 2026
#@# white area rh Wed Mar 11 05:52:28 CET 2026
#@# pial curv rh Wed Mar 11 05:52:28 CET 2026
#@# pial area rh Wed Mar 11 05:52:28 CET 2026
#@# thickness rh Wed Mar 11 05:52:28 CET 2026
#@# area and vertex vol rh Wed Mar 11 05:52:28 CET 2026
#@# Parcellation Stats rh Wed Mar 11 05:52:28 CET 2026
#@# Parcellation Stats 2 rh Wed Mar 11 05:52:49 CET 2026
#@# Parcellation Stats 3 rh Wed Mar 11 05:53:00 CET 2026
#@# BA_exvivo Labels rh Wed Mar 11 05:53:10 CET 2026
recon-all -s sub-v2s13x29096_ses-1 finished without error at Wed Mar 11 05:55:57 CET 2026
