status file for recon-all
Wed Mar 11 03:02:54 CET 2026
#@# MotionCor Wed Mar 11 03:02:55 CET 2026
#@# Talairach Wed Mar 11 03:03:05 CET 2026
#@# Talairach Failure Detection Wed Mar 11 03:07:29 CET 2026
#@# Nu Intensity Correction Wed Mar 11 03:07:29 CET 2026
#@# Intensity Normalization Wed Mar 11 03:10:45 CET 2026
recon-all -s sub-v2s13x29096_ses-1 finished without error at Wed Mar 11 03:12:13 CET 2026



#New# invocation of recon-all 



status file for recon-all
Wed Mar 11 03:19:39 CET 2026
#@# EM Registration Wed Mar 11 03:19:39 CET 2026
recon-all -s sub-v2s13x29096_ses-1 finished without error at Wed Mar 11 03:21:47 CET 2026



#New# invocation of recon-all 



status file for recon-all
Wed Mar 11 03:21:51 CET 2026
#@# CA Normalize Wed Mar 11 03:21:51 CET 2026
#@# CA Reg Wed Mar 11 03:23:09 CET 2026
#@# SubCort Seg Wed Mar 11 04:14:06 CET 2026
#@# CC Seg Wed Mar 11 04:46:53 CET 2026
#@# Merge ASeg Wed Mar 11 04:47:33 CET 2026
#@# Intensity Normalization2 Wed Mar 11 04:47:33 CET 2026
#@# Mask BFS Wed Mar 11 04:49:46 CET 2026
#@# WM Segmentation Wed Mar 11 04:49:47 CET 2026
#@# Fill Wed Mar 11 04:51:54 CET 2026
recon-all -s sub-v2s13x29096_ses-1 finished without error at Wed Mar 11 04:52:54 CET 2026



#New# invocation of recon-all 



status file for recon-all
Wed Mar 11 05:44:20 CET 2026
#@# white curv lh Wed Mar 11 05:44:20 CET 2026
#@# white area lh Wed Mar 11 05:44:20 CET 2026
#@# pial curv lh Wed Mar 11 05:44:20 CET 2026
#@# pial area lh Wed Mar 11 05:44:20 CET 2026
#@# thickness lh Wed Mar 11 05:44:20 CET 2026
#@# area and vertex vol lh Wed Mar 11 05:44:20 CET 2026
#@# white curv rh Wed Mar 11 05:44:20 CET 2026
#@# white area rh Wed Mar 11 05:44:20 CET 2026
#@# pial curv rh Wed Mar 11 05:44:20 CET 2026
#@# pial area rh Wed Mar 11 05:44:20 CET 2026
#@# thickness rh Wed Mar 11 05:44:20 CET 2026
#@# area and vertex vol rh Wed Mar 11 05:44:20 CET 2026
#@# Cortical ribbon mask Wed Mar 11 05:44:20 CET 2026
recon-all -s sub-v2s13x29096_ses-1 finished without error at Wed Mar 11 05:48:56 CET 2026



#New# invocation of recon-all 



status file for recon-all
Wed Mar 11 05:56:02 CET 2026
#@# white curv lh Wed Mar 11 05:56:02 CET 2026
#@# white area lh Wed Mar 11 05:56:02 CET 2026
#@# pial curv lh Wed Mar 11 05:56:02 CET 2026
#@# pial area lh Wed Mar 11 05:56:02 CET 2026
#@# thickness lh Wed Mar 11 05:56:02 CET 2026
#@# area and vertex vol lh Wed Mar 11 05:56:02 CET 2026
#@# white curv rh Wed Mar 11 05:56:02 CET 2026
#@# white area rh Wed Mar 11 05:56:02 CET 2026
#@# pial curv rh Wed Mar 11 05:56:02 CET 2026
#@# pial area rh Wed Mar 11 05:56:02 CET 2026
#@# thickness rh Wed Mar 11 05:56:02 CET 2026
#@# area and vertex vol rh Wed Mar 11 05:56:02 CET 2026
#@# Curvature Stats lh Wed Mar 11 05:56:02 CET 2026
#@# Curvature Stats rh Wed Mar 11 05:56:05 CET 2026
#@# Relabel Hypointensities Wed Mar 11 05:56:08 CET 2026
#@# APas-to-ASeg Wed Mar 11 05:56:25 CET 2026
#@# AParc-to-ASeg aparc Wed Mar 11 05:56:34 CET 2026
#@# AParc-to-ASeg aparc.a2009s Wed Mar 11 05:57:19 CET 2026
#@# AParc-to-ASeg aparc.DKTatlas Wed Mar 11 05:58:04 CET 2026
#@# WMParc Wed Mar 11 05:58:49 CET 2026
#@# ASeg Stats Wed Mar 11 06:02:32 CET 2026
recon-all -s sub-v2s13x29096_ses-1 finished without error at Wed Mar 11 06:03:14 CET 2026
