status file for recon-all
Wed Mar 11 04:52:58 CET 2026
#@# Tessellate lh Wed Mar 11 04:52:58 CET 2026
#@# Smooth1 lh Wed Mar 11 04:53:01 CET 2026
#@# Inflation1 lh Wed Mar 11 04:53:04 CET 2026
#@# QSphere lh Wed Mar 11 04:54:10 CET 2026
#@# Fix Topology lh Wed Mar 11 04:55:16 CET 2026
#@# Smooth2 lh Wed Mar 11 05:01:23 CET 2026
#@# Inflation2 lh Wed Mar 11 05:01:26 CET 2026
#@# Curv .H and .K lh Wed Mar 11 05:01:53 CET 2026
#@# Sphere lh Wed Mar 11 05:02:43 CET 2026
#@# Surf Reg lh Wed Mar 11 05:05:08 CET 2026
#@# Jacobian white lh Wed Mar 11 05:10:16 CET 2026
#@# AvgCurv lh Wed Mar 11 05:10:17 CET 2026
#@# Cortical Parc lh Wed Mar 11 05:10:18 CET 2026
#@# white curv lh Wed Mar 11 05:17:21 CET 2026
#@# white area lh Wed Mar 11 05:17:23 CET 2026
#@# pial curv lh Wed Mar 11 05:17:24 CET 2026
#@# pial area lh Wed Mar 11 05:17:26 CET 2026
#@# thickness lh Wed Mar 11 05:17:27 CET 2026
#@# area and vertex vol lh Wed Mar 11 05:17:58 CET 2026
#@# Curvature Stats lh Wed Mar 11 05:18:00 CET 2026
#@# Cortical Parc 2 lh Wed Mar 11 05:18:03 CET 2026
#@# Cortical Parc 3 lh Wed Mar 11 05:18:16 CET 2026
#@# WM/GM Contrast lh Wed Mar 11 05:18:28 CET 2026
recon-all -s sub-v2s13x29096_ses-1 finished without error at Wed Mar 11 05:18:33 CET 2026



#New# invocation of recon-all 



status file for recon-all
Wed Mar 11 05:49:00 CET 2026
#@# white curv lh Wed Mar 11 05:49:00 CET 2026
#@# white area lh Wed Mar 11 05:49:00 CET 2026
#@# pial curv lh Wed Mar 11 05:49:00 CET 2026
#@# pial area lh Wed Mar 11 05:49:00 CET 2026
#@# thickness lh Wed Mar 11 05:49:00 CET 2026
#@# area and vertex vol lh Wed Mar 11 05:49:00 CET 2026
#@# Parcellation Stats lh Wed Mar 11 05:49:00 CET 2026
#@# Parcellation Stats 2 lh Wed Mar 11 05:49:21 CET 2026
#@# Parcellation Stats 3 lh Wed Mar 11 05:49:32 CET 2026
#@# BA_exvivo Labels lh Wed Mar 11 05:49:42 CET 2026
recon-all -s sub-v2s13x29096_ses-1 finished without error at Wed Mar 11 05:52:26 CET 2026
