status file for recon-all
Wed Mar 11 06:56:41 CET 2026
#@# Tessellate rh Wed Mar 11 06:56:41 CET 2026
#@# Smooth1 rh Wed Mar 11 06:56:45 CET 2026
#@# Inflation1 rh Wed Mar 11 06:56:49 CET 2026
#@# QSphere rh Wed Mar 11 06:58:17 CET 2026
#@# Fix Topology rh Wed Mar 11 07:00:08 CET 2026
#@# Smooth2 rh Wed Mar 11 07:08:03 CET 2026
#@# Inflation2 rh Wed Mar 11 07:08:08 CET 2026
#@# Curv .H and .K rh Wed Mar 11 07:08:41 CET 2026
#@# Sphere rh Wed Mar 11 07:09:49 CET 2026
#@# Surf Reg rh Wed Mar 11 07:14:06 CET 2026
#@# Jacobian white rh Wed Mar 11 07:21:44 CET 2026
#@# AvgCurv rh Wed Mar 11 07:21:45 CET 2026
#@# Cortical Parc rh Wed Mar 11 07:21:47 CET 2026
#@# white curv rh Wed Mar 11 07:30:59 CET 2026
#@# white area rh Wed Mar 11 07:31:02 CET 2026
#@# pial curv rh Wed Mar 11 07:31:03 CET 2026
#@# pial area rh Wed Mar 11 07:31:06 CET 2026
#@# thickness rh Wed Mar 11 07:31:07 CET 2026
#@# area and vertex vol rh Wed Mar 11 07:31:55 CET 2026
#@# Curvature Stats rh Wed Mar 11 07:31:57 CET 2026
#@# Cortical Parc 2 rh Wed Mar 11 07:32:00 CET 2026
#@# Cortical Parc 3 rh Wed Mar 11 07:32:19 CET 2026
#@# WM/GM Contrast rh Wed Mar 11 07:32:33 CET 2026
recon-all -s sub-v2s13x29118_ses-1 finished without error at Wed Mar 11 07:32:39 CET 2026



#New# invocation of recon-all 



status file for recon-all
Wed Mar 11 07:52:21 CET 2026
#@# white curv rh Wed Mar 11 07:52:21 CET 2026
#@# white area rh Wed Mar 11 07:52:21 CET 2026
#@# pial curv rh Wed Mar 11 07:52:21 CET 2026
#@# pial area rh Wed Mar 11 07:52:21 CET 2026
#@# thickness rh Wed Mar 11 07:52:21 CET 2026
#@# area and vertex vol rh Wed Mar 11 07:52:21 CET 2026
#@# Parcellation Stats rh Wed Mar 11 07:52:21 CET 2026
#@# Parcellation Stats 2 rh Wed Mar 11 07:52:56 CET 2026
#@# Parcellation Stats 3 rh Wed Mar 11 07:53:14 CET 2026
#@# BA_exvivo Labels rh Wed Mar 11 07:53:31 CET 2026
recon-all -s sub-v2s13x29118_ses-1 finished without error at Wed Mar 11 07:57:11 CET 2026
