status file for recon-all
Wed Mar 11 06:21:24 CET 2026
#@# Tessellate lh Wed Mar 11 06:21:24 CET 2026
#@# Smooth1 lh Wed Mar 11 06:21:29 CET 2026
#@# Inflation1 lh Wed Mar 11 06:21:32 CET 2026
#@# QSphere lh Wed Mar 11 06:23:03 CET 2026
#@# Fix Topology lh Wed Mar 11 06:24:39 CET 2026
#@# Smooth2 lh Wed Mar 11 06:34:34 CET 2026
#@# Inflation2 lh Wed Mar 11 06:34:39 CET 2026
#@# Curv .H and .K lh Wed Mar 11 06:35:18 CET 2026
#@# Sphere lh Wed Mar 11 06:36:24 CET 2026
#@# Surf Reg lh Wed Mar 11 06:39:46 CET 2026
#@# Jacobian white lh Wed Mar 11 06:45:53 CET 2026
#@# AvgCurv lh Wed Mar 11 06:45:55 CET 2026
#@# Cortical Parc lh Wed Mar 11 06:45:56 CET 2026
#@# white curv lh Wed Mar 11 06:55:01 CET 2026
#@# white area lh Wed Mar 11 06:55:04 CET 2026
#@# pial curv lh Wed Mar 11 06:55:05 CET 2026
#@# pial area lh Wed Mar 11 06:55:07 CET 2026
#@# thickness lh Wed Mar 11 06:55:08 CET 2026
#@# area and vertex vol lh Wed Mar 11 06:55:55 CET 2026
#@# Curvature Stats lh Wed Mar 11 06:55:57 CET 2026
#@# Cortical Parc 2 lh Wed Mar 11 06:56:01 CET 2026
#@# Cortical Parc 3 lh Wed Mar 11 06:56:19 CET 2026
#@# WM/GM Contrast lh Wed Mar 11 06:56:33 CET 2026
recon-all -s sub-v2s13x29118_ses-1 finished without error at Wed Mar 11 06:56:39 CET 2026



#New# invocation of recon-all 



status file for recon-all
Wed Mar 11 07:47:33 CET 2026
#@# white curv lh Wed Mar 11 07:47:33 CET 2026
#@# white area lh Wed Mar 11 07:47:33 CET 2026
#@# pial curv lh Wed Mar 11 07:47:33 CET 2026
#@# pial area lh Wed Mar 11 07:47:33 CET 2026
#@# thickness lh Wed Mar 11 07:47:33 CET 2026
#@# area and vertex vol lh Wed Mar 11 07:47:33 CET 2026
#@# Parcellation Stats lh Wed Mar 11 07:47:33 CET 2026
#@# Parcellation Stats 2 lh Wed Mar 11 07:48:07 CET 2026
#@# Parcellation Stats 3 lh Wed Mar 11 07:48:24 CET 2026
#@# BA_exvivo Labels lh Wed Mar 11 07:48:40 CET 2026
recon-all -s sub-v2s13x29118_ses-1 finished without error at Wed Mar 11 07:52:18 CET 2026
