/out/sourcedata/freesurfer/sub-v2s13x29129_ses-1/mri
/opt/freesurfer/bin/talairach_avi
--i orig_nu.mgz --xfm transforms/talairach.auto.xfm
talairach_avi 7.3.2
Linux dna029 5.14.0-427.37.1.el9_4.x86_64 #1 SMP PREEMPT_DYNAMIC Fri Sep 13 12:41:50 EDT 2024 x86_64 x86_64 x86_64 GNU/Linux
Wed Mar 11 04:57:05 CET 2026
mri_convert orig_nu.mgz talsrcimg.img 
reading from orig_nu.mgz...
TR=0.00, TE=0.00, TI=0.00, flip angle=0.00
i_ras = (-1, -1.48303e-10, -3.23938e-11)
j_ras = (8.09846e-12, 0, -1)
k_ras = (-1.04774e-10, 1, -8.29282e-09)
writing to talsrcimg.img...
Analyze Output Matrix
-0.89844   0.00000  -0.00000   116.63343;
-0.00000   0.00000   0.89844  -109.82565;
-0.00000  -0.89844  -0.00000   157.16129;
 0.00000   0.00000   0.00000   1.00000;
--------------------
INFO: set hdr.hist.orient to -1
mpr2mni305 talsrcimg
Wed Mar 11 04:57:06 CET 2026
/opt/freesurfer/bin/mpr2mni305 talsrcimg
mpr2mni305 7.3.2
target=711-2C_as_mni_average_305

---------------------------------------------------------------------
analyzeto4dfp talsrcimg -O0 -y
---------------------------------------------------------------------

freesurfer ifh2hdr.c
Wed Mar 11 04:57:06 2026
Writing: talsrcimg.4dfp.hdr
freesurfer analyzeto4dfp.c
Reading: talsrcimg.hdr
header size 348 bytes
hdr.dime.datatype	offset=70	value=2
hdr.dime.bitpix		offset=72	value=8
hdr.hist.orient		offset=252	value=-1
dimensionality     4
dimensions       256       256       256         1
Reading: talsrcimg.img
Writing: talsrcimg.4dfp.img
Writing: talsrcimg.4dfp.ifh
ifh2hdr talsrcimg -r0to251
ori=2

---------------------------------------------------------------------
gauss_4dfp talsrcimg 1.1
---------------------------------------------------------------------

freesurfer gauss_4dfp.c
Reading: talsrcimg.4dfp.img
Writing: talsrcimg_g11.4dfp.img
image dimensions 256 256 256 padded to 288 288 288
processing volume 1freesurfer ifh2hdr.c
Wed Mar 11 04:57:08 2026
Writing: talsrcimg_g11.4dfp.hdr

Writing: talsrcimg_g11.4dfp.ifh
including: talsrcimg.4dfp.img.rec in talsrcimg_g11.4dfp.img.rec

---------------------------------------------------------------------
imgreg_4dfp /opt/freesurfer/average/711-2C_as_mni_average_305 none talsrcimg_g11 none talsrcimg_to_711-2C_as_mni_average_305_t4 4355
---------------------------------------------------------------------

freesurfer imgreg_4dfp.c
/opt/freesurfer/average/711-2C_as_mni_average_305.4dfp.img
       256       256       256         1
  1.000000  1.000000  1.000000
orientation T byte_order littleendian
Reading image: /opt/freesurfer/average/711-2C_as_mni_average_305.4dfp.img
dimensions:      256       256       256
mmppix:       1.0000   -1.0000   -1.0000
center:     128.0000 -129.0000 -129.0000
talsrcimg_g11.4dfp.img
       256       256       256         1
  0.898438  0.898438  0.898438
orientation T byte_order littleendian
Reading image: talsrcimg_g11.4dfp.img
dimensions:      256       256       256
mmppix:       0.8984   -0.8984   -0.8984
center:     115.0001 -115.8985 -115.8985
t4_read: open error in t4_sub.f l:  41 t4_file(1:l)talsrcimg_to_711-2C_as_mni_average_305_t4 
t4_read: transform initialized to I4
rotation matrix determinant  1.000000
image alignment mode   4355 decimal     1103 hex
   -7.5000  -45.0000  -45.0000 6640.2476   14.9972
    0.0000  -45.0000  -45.0000 6736.8452   14.9995
    7.5000  -45.0000  -45.0000 6424.2988   14.9865
   -7.5000  -37.5000  -45.0000 7039.9189   15.9725
    0.0000  -37.5000  -45.0000 7135.5913   15.9681
    7.5000  -37.5000  -45.0000 6794.3535   15.9487
   -7.5000  -30.0000  -45.0000 7435.0830   16.4939
    0.0000  -30.0000  -45.0000 7542.4385   16.4825
    7.5000  -30.0000  -45.0000 7165.7393   16.4581
   -7.5000  -22.5000  -45.0000 7957.4233   16.4769
    0.0000  -22.5000  -45.0000 8077.6660   16.4642
    7.5000  -22.5000  -45.0000 7648.2788   16.4403
   -7.5000  -15.0000  -45.0000 8457.3271   16.4410
    0.0000  -15.0000  -45.0000 8581.2607   16.4345
    7.5000  -15.0000  -45.0000 8131.4277   16.4163
   -7.5000   -7.5000  -45.0000 8540.1357   16.4223
    0.0000   -7.5000  -45.0000 8667.8828   16.4236
    7.5000   -7.5000  -45.0000 8212.4502   16.4101
   -7.5000    0.0000  -45.0000 8500.1846   16.4383
    0.0000    0.0000  -45.0000 8604.3330   16.4408
    7.5000    0.0000  -45.0000 8170.9893   16.4264
   -7.5000    7.5000  -45.0000 8116.8926   16.4760
    0.0000    7.5000  -45.0000 8230.4033   16.4714
    7.5000    7.5000  -45.0000 7789.2217   16.4514
   -7.5000   15.0000  -45.0000 7926.3823   16.4939
    0.0000   15.0000  -45.0000 8027.3848   16.4825
    7.5000   15.0000  -45.0000 7588.8154   16.4581
   -7.5000   22.5000  -45.0000 7233.1963   16.2554
    0.0000   22.5000  -45.0000 7324.4536   16.2429
    7.5000   22.5000  -45.0000 6922.5205   16.2193
   -7.5000   30.0000  -45.0000 6581.7217   15.8536
    0.0000   30.0000  -45.0000 6668.9614   15.8471
    7.5000   30.0000  -45.0000 6300.9175   15.8296
   -7.5000   37.5000  -45.0000 6007.7959   15.5433
    0.0000   37.5000  -45.0000 6083.7271   15.5436
    7.5000   37.5000  -45.0000 5735.6196   15.5307
   -7.5000   45.0000  -45.0000 5471.5215   15.4154
    0.0000   45.0000  -45.0000 5531.5674   15.4104
    7.5000   45.0000  -45.0000 5215.1167   15.3917
   -7.5000  -45.0000  -37.5000 7204.4790   15.7560
    0.0000  -45.0000  -37.5000 7298.0762   15.7547
    7.5000  -45.0000  -37.5000 6956.1313   15.7385
   -7.5000  -37.5000  -37.5000 7622.5771   16.7781
    0.0000  -37.5000  -37.5000 7720.9800   16.7709
    7.5000  -37.5000  -37.5000 7348.4795   16.7476
   -7.5000  -30.0000  -37.5000 8052.7266   17.2885
    0.0000  -30.0000  -37.5000 8148.5605   17.2766
    7.5000  -30.0000  -37.5000 7740.6245   17.2518
   -7.5000  -22.5000  -37.5000 8616.6221   17.2723
    0.0000  -22.5000  -37.5000 8713.5059   17.2603
    7.5000  -22.5000  -37.5000 8266.3838   17.2410
   -7.5000  -15.0000  -37.5000 9140.5801   17.2447
    0.0000  -15.0000  -37.5000 9263.6279   17.2384
    7.5000  -15.0000  -37.5000 8760.9014   17.2251
   -7.5000   -7.5000  -37.5000 9226.1045   17.2331
    0.0000   -7.5000  -37.5000 9342.6875   17.2324
    7.5000   -7.5000  -37.5000 8847.4658   17.2197
   -7.5000    0.0000  -37.5000 9175.0605   17.2481
    0.0000    0.0000  -37.5000 9279.1113   17.2466
    7.5000    0.0000  -37.5000 8797.2744   17.2287
   -7.5000    7.5000  -37.5000 8752.1318   17.2765
    0.0000    7.5000  -37.5000 8855.2412   17.2691
    7.5000    7.5000  -37.5000 8390.6729   17.2451
   -7.5000   15.0000  -37.5000 8534.2109   17.2877
    0.0000   15.0000  -37.5000 8643.7578   17.2758
    7.5000   15.0000  -37.5000 8184.1592   17.2510
   -7.5000   22.5000  -37.5000 7760.8936   17.0416
    0.0000   22.5000  -37.5000 7852.5864   17.0298
    7.5000   22.5000  -37.5000 7445.0718   17.0107
   -7.5000   30.0000  -37.5000 7033.3320   16.6426
    0.0000   30.0000  -37.5000 7100.9658   16.6362
    7.5000   30.0000  -37.5000 6740.3857   16.6231
   -7.5000   37.5000  -37.5000 6405.9082   16.3240
    0.0000   37.5000  -37.5000 6480.4561   16.3233
    7.5000   37.5000  -37.5000 6131.1919   16.3117
   -7.5000   45.0000  -37.5000 5828.4321   16.1702
    0.0000   45.0000  -37.5000 5886.2290   16.1619
    7.5000   45.0000  -37.5000 5557.4561   16.1395
   -7.5000  -45.0000  -30.0000 7731.3496   16.5121
    0.0000  -45.0000  -30.0000 7823.7866   16.5102
    7.5000  -45.0000  -30.0000 7434.4868   16.4975
   -7.5000  -37.5000  -30.0000 8183.8159   17.5827
    0.0000  -37.5000  -30.0000 8289.2354   17.5725
    7.5000  -37.5000  -30.0000 7883.0723   17.5513
   -7.5000  -30.0000  -30.0000 8655.9209   18.0926
    0.0000  -30.0000  -30.0000 8747.2129   18.0782
    7.5000  -30.0000  -30.0000 8323.4365   18.0566
   -7.5000  -22.5000  -30.0000 9239.8691   18.0844
    0.0000  -22.5000  -30.0000 9340.7227   18.0730
    7.5000  -22.5000  -30.0000 8867.2998   18.0598
   -7.5000  -15.0000  -30.0000 9795.6709   18.0628
    0.0000  -15.0000  -30.0000 9896.5225   18.0595
    7.5000  -15.0000  -30.0000 9376.1455   18.0542
   -7.5000   -7.5000  -30.0000 9894.5967   18.0495
    0.0000   -7.5000  -30.0000 9992.0488   18.0512
    7.5000   -7.5000  -30.0000 9466.8994   18.0454
   -7.5000    0.0000  -30.0000 9844.7021   18.0570
    0.0000    0.0000  -30.0000 9928.7383   18.0548
    7.5000    0.0000  -30.0000 9416.8906   18.0408
   -7.5000    7.5000  -30.0000 9346.2588   18.0777
    0.0000    7.5000  -30.0000 9427.0420   18.0672
    7.5000    7.5000  -30.0000 8954.2178   18.0453
   -7.5000   15.0000  -30.0000 9108.0254   18.0901
    0.0000   15.0000  -30.0000 9188.1035   18.0758
    7.5000   15.0000  -30.0000 8718.9307   18.0541
   -7.5000   22.5000  -30.0000 8290.5918   17.8437
    0.0000   22.5000  -30.0000 8361.6035   17.8324
    7.5000   22.5000  -30.0000 7942.3062   17.8194
   -7.5000   30.0000  -30.0000 7508.5005   17.4464
    0.0000   30.0000  -30.0000 7543.8096   17.4432
    7.5000   30.0000  -30.0000 7174.8379   17.4377
   -7.5000   37.5000  -30.0000 6814.3643   17.1269
    0.0000   37.5000  -30.0000 6869.1465   17.1297
    7.5000   37.5000  -30.0000 6517.8027   17.1243
   -7.5000   45.0000  -30.0000 6177.8159   16.9583
    0.0000   45.0000  -30.0000 6225.7808   16.9500
    7.5000   45.0000  -30.0000 5877.5742   16.9304
   -7.5000  -45.0000  -22.5000 8253.6445   17.2250
    0.0000  -45.0000  -22.5000 8332.9258   17.2253
    7.5000  -45.0000  -22.5000 7924.8340   17.2197
   -7.5000  -37.5000  -22.5000 8738.1875   18.3543
    0.0000  -37.5000  -22.5000 8840.3672   18.3427
    7.5000  -37.5000  -22.5000 8397.2354   18.3263
   -7.5000  -30.0000  -22.5000 9244.8936   18.8728
    0.0000  -30.0000  -22.5000 9337.9287   18.8550
    7.5000  -30.0000  -22.5000 8872.5117   18.8351
   -7.5000  -22.5000  -22.5000 9824.6094   18.8714
    0.0000  -22.5000  -22.5000 9936.7939   18.8585
    7.5000  -22.5000  -22.5000 9418.7090   18.8459
   -7.5000  -15.0000  -22.500010400.7402   18.8467
    0.0000  -15.0000  -22.500010527.0811   18.8455
    7.5000  -15.0000  -22.5000 9951.2480   18.8434
   -7.5000   -7.5000  -22.500010522.9023   18.8242
    0.0000   -7.5000  -22.500010625.4131   18.8297
    7.5000   -7.5000  -22.500010040.8037   18.8308
   -7.5000    0.0000  -22.500010455.2773   18.8256
    0.0000    0.0000  -22.500010548.3262   18.8259
    7.5000    0.0000  -22.5000 9979.0439   18.8197
   -7.5000    7.5000  -22.5000 9890.3711   18.8474
    0.0000    7.5000  -22.5000 9980.1221   18.8355
    7.5000    7.5000  -22.5000 9463.0586   18.8187
   -7.5000   15.0000  -22.5000 9628.6680   18.8683
    0.0000   15.0000  -22.5000 9694.5527   18.8505
    7.5000   15.0000  -22.5000 9199.3369   18.8305
   -7.5000   22.5000  -22.5000 8801.7754   18.6220
    0.0000   22.5000  -22.5000 8829.7881   18.6093
    7.5000   22.5000  -22.5000 8385.1426   18.5968
   -7.5000   30.0000  -22.5000 7955.3599   18.2166
    0.0000   30.0000  -22.5000 7965.3267   18.2156
    7.5000   30.0000  -22.5000 7573.3726   18.2137
   -7.5000   37.5000  -22.5000 7227.6919   17.8918
    0.0000   37.5000  -22.5000 7244.2993   17.8988
    7.5000   37.5000  -22.5000 6873.4683   17.8990
   -7.5000   45.0000  -22.5000 6540.5645   17.7276
    0.0000   45.0000  -22.5000 6561.1987   17.7212
    7.5000   45.0000  -22.5000 6194.8984   17.7080
   -7.5000  -45.0000  -15.0000 8745.8838   17.8481
    0.0000  -45.0000  -15.0000 8842.1221   17.8513
    7.5000  -45.0000  -15.0000 8413.7441   17.8479
   -7.5000  -37.5000  -15.0000 9263.2354   19.0266
    0.0000  -37.5000  -15.0000 9385.9492   19.0166
    7.5000  -37.5000  -15.0000 8902.9072   19.0018
   -7.5000  -30.0000  -15.0000 9799.2207   19.5536
    0.0000  -30.0000  -15.0000 9928.1689   19.5347
    7.5000  -30.0000  -15.0000 9405.7988   19.5116
   -7.5000  -22.5000  -15.000010379.6445   19.5505
    0.0000  -22.5000  -15.000010520.8750   19.5349
    7.5000  -22.5000  -15.0000 9942.1953   19.5145
   -7.5000  -15.0000  -15.000011003.4668   19.5152
    0.0000  -15.0000  -15.000011154.0449   19.5122
    7.5000  -15.0000  -15.000010510.8076   19.5031
   -7.5000   -7.5000  -15.000011131.6260   19.4840
    0.0000   -7.5000  -15.000011283.7080   19.4906
    7.5000   -7.5000  -15.000010641.9609   19.4898
   -7.5000    0.0000  -15.000011044.0547   19.4875
    0.0000    0.0000  -15.000011189.5938   19.4909
    7.5000    0.0000  -15.000010559.5176   19.4872
   -7.5000    7.5000  -15.000010414.8301   19.5188
    0.0000    7.5000  -15.000010525.1025   19.5085
    7.5000    7.5000  -15.0000 9939.0566   19.4933
   -7.5000   15.0000  -15.000010109.9141   19.5476
    0.0000   15.0000  -15.000010183.2100   19.5287
    7.5000   15.0000  -15.0000 9634.0059   19.5055
   -7.5000   22.5000  -15.0000 9245.6328   19.2950
    0.0000   22.5000  -15.0000 9290.4570   19.2796
    7.5000   22.5000  -15.0000 8814.3232   19.2595
   -7.5000   30.0000  -15.0000 8357.0596   18.8742
    0.0000   30.0000  -15.0000 8375.3809   18.8715
    7.5000   30.0000  -15.0000 7960.5557   18.8632
   -7.5000   37.5000  -15.0000 7613.3735   18.5446
    0.0000   37.5000  -15.0000 7619.9507   18.5516
    7.5000   37.5000  -15.0000 7224.2280   18.5494
   -7.5000   45.0000  -15.0000 6869.0137   18.3940
    0.0000   45.0000  -15.0000 6871.2173   18.3893
    7.5000   45.0000  -15.0000 6498.0591   18.3785
   -7.5000  -45.0000   -7.5000 8976.5391   17.8493
    0.0000  -45.0000   -7.5000 9094.7666   17.8534
    7.5000  -45.0000   -7.5000 8636.6973   17.8457
   -7.5000  -37.5000   -7.5000 9516.7979   19.0350
    0.0000  -37.5000   -7.5000 9662.8359   19.0285
    7.5000  -37.5000   -7.5000 9135.7988   19.0113
   -7.5000  -30.0000   -7.500010095.4873   19.5616
    0.0000  -30.0000   -7.500010253.4121   19.5457
    7.5000  -30.0000   -7.5000 9671.0781   19.5197
   -7.5000  -22.5000   -7.500010703.6670   19.5502
    0.0000  -22.5000   -7.500010869.6143   19.5345
    7.5000  -22.5000   -7.500010232.9746   19.5079
   -7.5000  -15.0000   -7.500011317.9102   19.5078
    0.0000  -15.0000   -7.500011493.1885   19.5020
    7.5000  -15.0000   -7.500010809.6592   19.4843
   -7.5000   -7.5000   -7.500011431.7109   19.4775
    0.0000   -7.5000   -7.500011598.8965   19.4820
    7.5000   -7.5000   -7.500010912.9248   19.4733
   -7.5000    0.0000   -7.500011309.5898   19.4889
    0.0000    0.0000   -7.500011492.6924   19.4934
    7.5000    0.0000   -7.500010817.5586   19.4848
   -7.5000    7.5000   -7.500010640.8418   19.5275
    0.0000    7.5000   -7.500010769.1709   19.5207
    7.5000    7.5000   -7.500010160.3564   19.5031
   -7.5000   15.0000   -7.500010315.6172   19.5556
    0.0000   15.0000   -7.500010415.9824   19.5397
    7.5000   15.0000   -7.5000 9817.2686   19.5137
   -7.5000   22.5000   -7.5000 9445.5332   19.2947
    0.0000   22.5000   -7.5000 9520.5635   19.2792
    7.5000   22.5000   -7.5000 8982.2432   19.2529
   -7.5000   30.0000   -7.5000 8546.5312   18.8645
    0.0000   30.0000   -7.5000 8623.1729   18.8589
    7.5000   30.0000   -7.5000 8136.2236   18.8422
   -7.5000   37.5000   -7.5000 7758.2153   18.5334
    0.0000   37.5000   -7.5000 7803.9727   18.5370
    7.5000   37.5000   -7.5000 7367.7305   18.5276
   -7.5000   45.0000   -7.5000 6975.0249   18.3893
    0.0000   45.0000   -7.5000 7014.3232   18.3850
    7.5000   45.0000   -7.5000 6614.4019   18.3703
   -7.5000  -45.0000    0.0000 9001.1318   18.2813
    0.0000  -45.0000    0.0000 9120.4551   18.2838
    7.5000  -45.0000    0.0000 8647.5371   18.2684
   -7.5000  -37.5000    0.0000 9521.0596   19.4883
    0.0000  -37.5000    0.0000 9661.8438   19.4829
    7.5000  -37.5000    0.0000 9138.2305   19.4598
   -7.5000  -30.0000    0.000010151.6963   20.0087
    0.0000  -30.0000    0.000010308.9238   19.9953
    7.5000  -30.0000    0.0000 9724.6318   19.9665
   -7.5000  -22.5000    0.000010830.9639   19.9890
    0.0000  -22.5000    0.000011029.8926   19.9740
    7.5000  -22.5000    0.000010359.3838   19.9464
   -7.5000  -15.0000    0.000011476.7090   19.9457
    0.0000  -15.0000    0.000011663.9775   19.9380
    7.5000  -15.0000    0.000010941.8262   19.9172
   -7.5000   -7.5000    0.000011533.6904   19.9224
    0.0000   -7.5000    0.000011696.7695   19.9238
    7.5000   -7.5000    0.000010996.2471   19.9083
   -7.5000    0.0000    0.000011408.0986   19.9410
    0.0000    0.0000    0.000011583.5967   19.9437
    7.5000    0.0000    0.000010876.2363   19.9268
   -7.5000    7.5000    0.000010709.3721   19.9793
    0.0000    7.5000    0.000010867.1055   19.9738
    7.5000    7.5000    0.000010194.0742   19.9501
   -7.5000   15.0000    0.000010339.3428   20.0016
    0.0000   15.0000    0.000010493.8271   19.9882
    7.5000   15.0000    0.0000 9826.7129   19.9595
   -7.5000   22.5000    0.0000 9448.1562   19.7305
    0.0000   22.5000    0.0000 9570.6045   19.7157
    7.5000   22.5000    0.0000 8964.9297   19.6884
   -7.5000   30.0000    0.0000 8562.0752   19.3003
    0.0000   30.0000    0.0000 8680.7139   19.2924
    7.5000   30.0000    0.0000 8150.0835   19.2724
   -7.5000   37.5000    0.0000 7783.9751   18.9767
    0.0000   37.5000    0.0000 7863.2803   18.9768
    7.5000   37.5000    0.0000 7394.1294   18.9620
   -7.5000   45.0000    0.0000 6993.6357   18.8476
    0.0000   45.0000    0.0000 7049.7930   18.8413
    7.5000   45.0000    0.0000 6624.4585   18.8191
   -7.5000  -45.0000    7.5000 8677.7266   18.2745
    0.0000  -45.0000    7.5000 8782.8154   18.2733
    7.5000  -45.0000    7.5000 8337.8799   18.2545
   -7.5000  -37.5000    7.5000 9132.8516   19.4712
    0.0000  -37.5000    7.5000 9227.9023   19.4630
    7.5000  -37.5000    7.5000 8769.4502   19.4359
   -7.5000  -30.0000    7.5000 9767.5479   19.9834
    0.0000  -30.0000    7.5000 9912.5674   19.9697
    7.5000  -30.0000    7.5000 9355.8213   19.9411
   -7.5000  -22.5000    7.500010544.7979   19.9651
    0.0000  -22.5000    7.500010809.3984   19.9515
    7.5000  -22.5000    7.500010071.5303   19.9292
   -7.5000  -15.0000    7.500011243.6230   19.9318
    0.0000  -15.0000    7.500011535.7275   19.9250
    7.5000  -15.0000    7.500010703.2168   19.9097
   -7.5000   -7.5000    7.500011247.8457   19.9168
    0.0000   -7.5000    7.500011480.2217   19.9165
    7.5000   -7.5000    7.500010696.0068   19.9020
   -7.5000    0.0000    7.500011071.1182   19.9338
    0.0000    0.0000    7.500011273.3486   19.9324
    7.5000    0.0000    7.500010499.8164   19.9118
   -7.5000    7.5000    7.500010356.5576   19.9618
    0.0000    7.5000    7.500010523.6357   19.9534
    7.5000    7.5000    7.5000 9807.1738   19.9257
   -7.5000   15.0000    7.5000 9961.5684   19.9763
    0.0000   15.0000    7.500010102.1436   19.9626
    7.5000   15.0000    7.5000 9428.1807   19.9341
   -7.5000   22.5000    7.5000 9079.8730   19.7070
    0.0000   22.5000    7.5000 9194.0303   19.6935
    7.5000   22.5000    7.5000 8588.9600   19.6715
   -7.5000   30.0000    7.5000 8224.6016   19.2899
    0.0000   30.0000    7.5000 8318.9229   19.2829
    7.5000   30.0000    7.5000 7807.7607   19.2678
   -7.5000   37.5000    7.5000 7478.8203   18.9740
    0.0000   37.5000    7.5000 7555.4702   18.9735
    7.5000   37.5000    7.5000 7110.1040   18.9602
   -7.5000   45.0000    7.5000 6705.8989   18.8421
    0.0000   45.0000    7.5000 6767.8892   18.8328
    7.5000   45.0000    7.5000 6363.5703   18.8068
   -7.5000  -45.0000   15.0000 8655.9326   18.3849
    0.0000  -45.0000   15.0000 8733.9258   18.3826
    7.5000  -45.0000   15.0000 8281.0762   18.3684
   -7.5000  -37.5000   15.0000 9088.8076   19.5795
    0.0000  -37.5000   15.0000 9164.8193   19.5680
    7.5000  -37.5000   15.0000 8703.1504   19.5441
   -7.5000  -30.0000   15.0000 9692.6602   20.0941
    0.0000  -30.0000   15.0000 9864.5137   20.0779
    7.5000  -30.0000   15.0000 9280.9170   20.0537
   -7.5000  -22.5000   15.000010459.6436   20.0850
    0.0000  -22.5000   15.000010760.6523   20.0722
    7.5000  -22.5000   15.0000 9992.8135   20.0574
   -7.5000  -15.0000   15.000011119.2119   20.0608
    0.0000  -15.0000   15.000011455.2412   20.0571
    7.5000  -15.0000   15.000010612.5176   20.0510
   -7.5000   -7.5000   15.000011150.4941   20.0459
    0.0000   -7.5000   15.000011427.7432   20.0477
    7.5000   -7.5000   15.000010608.0039   20.0411
   -7.5000    0.0000   15.000011015.1094   20.0541
    0.0000    0.0000   15.000011234.4795   20.0515
    7.5000    0.0000   15.000010432.1602   20.0359
   -7.5000    7.5000   15.000010288.6133   20.0728
    0.0000    7.5000   15.000010427.8145   20.0611
    7.5000    7.5000   15.0000 9733.2969   20.0366
   -7.5000   15.0000   15.0000 9854.5635   20.0870
    0.0000   15.0000   15.0000 9955.7070   20.0708
    7.5000   15.0000   15.0000 9329.0625   20.0466
   -7.5000   22.5000   15.0000 8974.6064   19.8254
    0.0000   22.5000   15.0000 9044.2178   19.8127
    7.5000   22.5000   15.0000 8495.2363   19.7981
   -7.5000   30.0000   15.0000 8108.2983   19.4173
    0.0000   30.0000   15.0000 8176.1943   19.4137
    7.5000   30.0000   15.0000 7704.0259   19.4074
   -7.5000   37.5000   15.0000 7381.9819   19.1043
    0.0000   37.5000   15.0000 7451.8213   19.1073
    7.5000   37.5000   15.0000 7029.6250   19.1012
   -7.5000   45.0000   15.0000 6621.2124   18.9672
    0.0000   45.0000   15.0000 6668.2891   18.9578
    7.5000   45.0000   15.0000 6297.0996   18.9357
   -7.5000  -45.0000   22.5000 8177.3945   18.6340
    0.0000  -45.0000   22.5000 8271.1172   18.6333
    7.5000  -45.0000   22.5000 7825.6738   18.6274
   -7.5000  -37.5000   22.5000 8612.8516   19.8476
    0.0000  -37.5000   22.5000 8681.3633   19.8339
    7.5000  -37.5000   22.5000 8224.4873   19.8156
   -7.5000  -30.0000   22.5000 9184.6338   20.3781
    0.0000  -30.0000   22.5000 9284.6592   20.3575
    7.5000  -30.0000   22.5000 8750.8965   20.3351
   -7.5000  -22.5000   22.5000 9847.7100   20.3765
    0.0000  -22.5000   22.500010001.1748   20.3609
    7.5000  -22.5000   22.5000 9383.1055   20.3470
   -7.5000  -15.0000   22.500010399.3652   20.3489
    0.0000  -15.0000   22.500010546.5889   20.3459
    7.5000  -15.0000   22.5000 9924.6963   20.3443
   -7.5000   -7.5000   22.500010463.8867   20.3239
    0.0000   -7.5000   22.500010583.1865   20.3286
    7.5000   -7.5000   22.5000 9976.2559   20.3304
   -7.5000    0.0000   22.500010382.6289   20.3255
    0.0000    0.0000   22.500010489.8564   20.3247
    7.5000    0.0000   22.5000 9872.6514   20.3182
   -7.5000    7.5000   22.5000 9713.0625   20.3476
    0.0000    7.5000   22.5000 9793.1152   20.3336
    7.5000    7.5000   22.5000 9231.0557   20.3148
   -7.5000   15.0000   22.5000 9299.3262   20.3709
    0.0000   15.0000   22.5000 9359.7881   20.3503
    7.5000   15.0000   22.5000 8825.5264   20.3279
   -7.5000   22.5000   22.5000 8460.4854   20.1131
    0.0000   22.5000   22.5000 8499.4141   20.0977
    7.5000   22.5000   22.5000 7997.6846   20.0840
   -7.5000   30.0000   22.5000 7633.0815   19.6968
    0.0000   30.0000   22.5000 7685.5879   19.6942
    7.5000   30.0000   22.5000 7238.7920   19.6927
   -7.5000   37.5000   22.5000 6915.6211   19.3767
    0.0000   37.5000   22.5000 6970.5537   19.3831
    7.5000   37.5000   22.5000 6570.6006   19.3839
   -7.5000   45.0000   22.5000 6179.1304   19.2401
    0.0000   45.0000   22.5000 6224.4482   19.2319
    7.5000   45.0000   22.5000 5870.5176   19.2176
   -7.5000  -45.0000   30.0000 7645.5039   18.9670
    0.0000  -45.0000   30.0000 7699.3647   18.9691
    7.5000  -45.0000   30.0000 7330.6182   18.9620
   -7.5000  -37.5000   30.0000 8075.5342   20.2225
    0.0000  -37.5000   30.0000 8112.4150   20.2121
    7.5000  -37.5000   30.0000 7709.7583   20.1925
   -7.5000  -30.0000   30.0000 8578.4219   20.7776
    0.0000  -30.0000   30.0000 8644.6270   20.7581
    7.5000  -30.0000   30.0000 8177.3574   20.7295
   -7.5000  -22.5000   30.0000 9171.5752   20.7769
    0.0000  -22.5000   30.0000 9237.7422   20.7595
    7.5000  -22.5000   30.0000 8745.9727   20.7338
   -7.5000  -15.0000   30.0000 9648.4629   20.7371
    0.0000  -15.0000   30.0000 9715.4473   20.7314
    7.5000  -15.0000   30.0000 9216.2754   20.7179
   -7.5000   -7.5000   30.0000 9714.2031   20.6997
    0.0000   -7.5000   30.0000 9779.2158   20.7039
    7.5000   -7.5000   30.0000 9291.1504   20.6994
   -7.5000    0.0000   30.0000 9655.2217   20.7012
    0.0000    0.0000   30.0000 9726.4639   20.7034
    7.5000    0.0000   30.0000 9221.2197   20.6956
   -7.5000    7.5000   30.0000 9058.6064   20.7355
    0.0000    7.5000   30.0000 9116.9277   20.7248
    7.5000    7.5000   30.0000 8648.3262   20.7047
   -7.5000   15.0000   30.0000 8674.4873   20.7702
    0.0000   15.0000   30.0000 8724.8984   20.7507
    7.5000   15.0000   30.0000 8265.6084   20.7221
   -7.5000   22.5000   30.0000 7886.2607   20.5063
    0.0000   22.5000   30.0000 7930.3154   20.4892
    7.5000   22.5000   30.0000 7490.1304   20.4638
   -7.5000   30.0000   30.0000 7127.9565   20.0694
    0.0000   30.0000   30.0000 7179.3530   20.0641
    7.5000   30.0000   30.0000 6777.4746   20.0516
   -7.5000   37.5000   30.0000 6435.7329   19.7274
    0.0000   37.5000   30.0000 6465.5156   19.7323
    7.5000   37.5000   30.0000 6112.4341   19.7263
   -7.5000   45.0000   30.0000 5718.9683   19.5841
    0.0000   45.0000   30.0000 5739.4517   19.5774
    7.5000   45.0000   30.0000 5433.9448   19.5621
   -7.5000  -45.0000   37.5000 7123.6597   19.1993
    0.0000  -45.0000   37.5000 7190.4531   19.2053
    7.5000  -45.0000   37.5000 6832.8843   19.1923
   -7.5000  -37.5000   37.5000 7530.9775   20.4826
    0.0000  -37.5000   37.5000 7588.6514   20.4803
    7.5000  -37.5000   37.5000 7205.6328   20.4570
   -7.5000  -30.0000   37.5000 8008.9492   21.0314
    0.0000  -30.0000   37.5000 8070.3369   21.0205
    7.5000  -30.0000   37.5000 7652.7412   20.9880
   -7.5000  -22.5000   37.5000 8532.4492   21.0214
    0.0000  -22.5000   37.5000 8596.3057   21.0083
    7.5000  -22.5000   37.5000 8154.1211   20.9755
   -7.5000  -15.0000   37.5000 8980.7949   20.9732
    0.0000  -15.0000   37.5000 9031.6016   20.9675
    7.5000  -15.0000   37.5000 8574.8330   20.9442
   -7.5000   -7.5000   37.5000 9022.8848   20.9365
    0.0000   -7.5000   37.5000 9073.2100   20.9410
    7.5000   -7.5000   37.5000 8631.9561   20.9269
   -7.5000    0.0000   37.5000 8973.0312   20.9467
    0.0000    0.0000   37.5000 9031.8389   20.9533
    7.5000    0.0000   37.5000 8582.5977   20.9389
   -7.5000    7.5000   37.5000 8433.3135   20.9891
    0.0000    7.5000   37.5000 8482.0342   20.9869
    7.5000    7.5000   37.5000 8060.8843   20.9630
   -7.5000   15.0000   37.5000 8085.2812   21.0238
    0.0000   15.0000   37.5000 8125.7852   21.0129
    7.5000   15.0000   37.5000 7707.4341   20.9804
   -7.5000   22.5000   37.5000 7347.5078   20.7439
    0.0000   22.5000   37.5000 7383.1733   20.7311
    7.5000   22.5000   37.5000 6998.3467   20.6987
   -7.5000   30.0000   37.5000 6637.1899   20.2798
    0.0000   30.0000   37.5000 6692.3955   20.2743
    7.5000   30.0000   37.5000 6335.8105   20.2523
   -7.5000   37.5000   37.5000 5975.5215   19.9151
    0.0000   37.5000   37.5000 6012.9150   19.9186
    7.5000   37.5000   37.5000 5688.8838   19.9040
   -7.5000   45.0000   37.5000 5299.3311   19.7560
    0.0000   45.0000   37.5000 5331.0601   19.7523
    7.5000   45.0000   37.5000 5046.7202   19.7309
   -7.5000  -45.0000   45.0000 6597.0913   19.4885
    0.0000  -45.0000   45.0000 6669.3730   19.5003
    7.5000  -45.0000   45.0000 6325.4155   19.4866
   -7.5000  -37.5000   45.0000 6979.4932   20.7818
    0.0000  -37.5000   45.0000 7055.6216   20.7907
    7.5000  -37.5000   45.0000 6697.2129   20.7700
   -7.5000  -30.0000   45.0000 7419.2358   21.3080
    0.0000  -30.0000   45.0000 7480.0215   21.3103
    7.5000  -30.0000   45.0000 7104.2139   21.2849
   -7.5000  -22.5000   45.0000 7896.0693   21.2966
    0.0000  -22.5000   45.0000 7947.6064   21.2936
    7.5000  -22.5000   45.0000 7549.6826   21.2695
   -7.5000  -15.0000   45.0000 8312.1943   21.2596
    0.0000  -15.0000   45.0000 8362.9277   21.2592
    7.5000  -15.0000   45.0000 7954.5967   21.2415
   -7.5000   -7.5000   45.0000 8342.2451   21.2341
    0.0000   -7.5000   45.0000 8393.8408   21.2420
    7.5000   -7.5000   45.0000 7989.7349   21.2286
   -7.5000    0.0000   45.0000 8318.7949   21.2441
    0.0000    0.0000   45.0000 8357.2666   21.2569
    7.5000    0.0000   45.0000 7954.8540   21.2417
   -7.5000    7.5000   45.0000 7827.9883   21.2754
    0.0000    7.5000   45.0000 7873.8765   21.2845
    7.5000    7.5000   45.0000 7485.2153   21.2633
   -7.5000   15.0000   45.0000 7499.5908   21.3000
    0.0000   15.0000   45.0000 7556.5161   21.3023
    7.5000   15.0000   45.0000 7148.5483   21.2769
   -7.5000   22.5000   45.0000 6813.6816   21.0127
    0.0000   22.5000   45.0000 6870.8662   21.0097
    7.5000   22.5000   45.0000 6496.8599   20.9859
   -7.5000   30.0000   45.0000 6155.8105   20.5282
    0.0000   30.0000   45.0000 6220.8755   20.5273
    7.5000   30.0000   45.0000 5865.8291   20.5100
   -7.5000   37.5000   45.0000 5536.6895   20.1443
    0.0000   37.5000   45.0000 5591.1030   20.1498
    7.5000   37.5000   45.0000 5274.7778   20.1364
   -7.5000   45.0000   45.0000 4928.7217   19.9673
    0.0000   45.0000   45.0000 4966.0967   19.9677
    7.5000   45.0000   45.0000 4691.0195   19.9457

---------------------------------------------------------------------
imgreg_4dfp /opt/freesurfer/average/711-2C_as_mni_average_305 /opt/freesurfer/average/711-2B_as_mni_average_305_mask talsrcimg_g11 none talsrcimg_to_711-2C_as_mni_average_305_t4 4355
---------------------------------------------------------------------

freesurfer imgreg_4dfp.c
/opt/freesurfer/average/711-2C_as_mni_average_305.4dfp.img
       256       256       256         1
  1.000000  1.000000  1.000000
orientation T byte_order littleendian
Reading image: /opt/freesurfer/average/711-2C_as_mni_average_305.4dfp.img
dimensions:      256       256       256
mmppix:       1.0000   -1.0000   -1.0000
center:     128.0000 -129.0000 -129.0000
/opt/freesurfer/average/711-2B_as_mni_average_305_mask.4dfp.img
       256       256       256         1
  1.000000  1.000000  1.000000
orientation T byte_order littleendian
Reading mask: /opt/freesurfer/average/711-2B_as_mni_average_305_mask.4dfp.img (2306576 pixels)
talsrcimg_g11.4dfp.img
       256       256       256         1
  0.898438  0.898438  0.898438
orientation T byte_order littleendian
Reading image: talsrcimg_g11.4dfp.img
dimensions:      256       256       256
mmppix:       0.8984   -0.8984   -0.8984
center:     115.0001 -115.8985 -115.8985
rotation matrix determinant  1.000000
image alignment mode   4355 decimal     1103 hex
   -7.5000  -52.5000  -45.0000 1980.1914   17.2674
    0.0000  -52.5000  -45.0000 1993.6749   17.2334
    7.5000  -52.5000  -45.0000 1985.1055   17.3520
   -7.5000  -45.0000  -45.0000 2074.8987   16.2170
    0.0000  -45.0000  -45.0000 2091.1335   16.1871
    7.5000  -45.0000  -45.0000 2080.9712   16.2725
   -7.5000  -37.5000  -45.0000 2125.9954   15.4463
    0.0000  -37.5000  -45.0000 2137.9204   15.3613
    7.5000  -37.5000  -45.0000 2128.1340   15.4585
   -7.5000  -30.0000  -45.0000 2149.1187   14.9308
    0.0000  -30.0000  -45.0000 2166.5015   14.8187
    7.5000  -30.0000  -45.0000 2149.2112   14.9070
   -7.5000  -22.5000  -45.0000 2155.4856   14.6794
    0.0000  -22.5000  -45.0000 2180.0212   14.5533
    7.5000  -22.5000  -45.0000 2156.3293   14.6447
   -7.5000  -15.0000  -45.0000 2152.9297   14.7258
    0.0000  -15.0000  -45.0000 2173.3914   14.5906
    7.5000  -15.0000  -45.0000 2154.9351   14.6745
   -7.5000   -7.5000  -45.0000 2140.1743   14.9892
    0.0000   -7.5000  -45.0000 2161.7305   14.8614
    7.5000   -7.5000  -45.0000 2144.1484   14.9684
   -7.5000    0.0000  -45.0000 2103.2498   15.6163
    0.0000    0.0000  -45.0000 2125.0383   15.4535
    7.5000    0.0000  -45.0000 2106.1562   15.5837
   -7.5000    7.5000  -45.0000 2055.0391   16.4759
    0.0000    7.5000  -45.0000 2078.2202   16.3645
    7.5000    7.5000  -45.0000 2055.8330   16.4561
   -7.5000   15.0000  -45.0000 1986.7716   17.5992
    0.0000   15.0000  -45.0000 2002.6646   17.5004
    7.5000   15.0000  -45.0000 1981.3101   17.5950
   -7.5000   22.5000  -45.0000 1895.9683   19.1227
    0.0000   22.5000  -45.0000 1914.2990   18.9413
    7.5000   22.5000  -45.0000 1891.1194   19.1428
   -7.5000   30.0000  -45.0000 1794.1783   21.2009
    0.0000   30.0000  -45.0000 1809.0671   21.0502
    7.5000   30.0000  -45.0000 1785.9869   21.2638
   -7.5000   37.5000  -45.0000 1668.8286   23.9902
    0.0000   37.5000  -45.0000 1682.2922   23.7980
    7.5000   37.5000  -45.0000 1659.8867   24.0218
   -7.5000  -52.5000  -37.5000 2129.7766   17.1133
    0.0000  -52.5000  -37.5000 2145.3633   17.0543
    7.5000  -52.5000  -37.5000 2136.8384   17.1612
   -7.5000  -45.0000  -37.5000 2238.6104   16.0113
    0.0000  -45.0000  -37.5000 2256.2556   15.9254
    7.5000  -45.0000  -37.5000 2243.8242   16.0396
   -7.5000  -37.5000  -37.5000 2295.2854   15.1212
    0.0000  -37.5000  -37.5000 2312.2300   15.0515
    7.5000  -37.5000  -37.5000 2297.3738   15.1370
   -7.5000  -30.0000  -37.5000 2320.5017   14.5961
    0.0000  -30.0000  -37.5000 2337.8223   14.4855
    7.5000  -30.0000  -37.5000 2318.8923   14.5927
   -7.5000  -22.5000  -37.5000 2340.3057   14.3535
    0.0000  -22.5000  -37.5000 2358.8176   14.2179
    7.5000  -22.5000  -37.5000 2336.8633   14.3405
   -7.5000  -15.0000  -37.5000 2330.7488   14.4192
    0.0000  -15.0000  -37.5000 2352.4529   14.2930
    7.5000  -15.0000  -37.5000 2330.3083   14.4191
   -7.5000   -7.5000  -37.5000 2313.8943   14.7156
    0.0000   -7.5000  -37.5000 2336.6504   14.5621
    7.5000   -7.5000  -37.5000 2316.6667   14.7145
   -7.5000    0.0000  -37.5000 2275.1426   15.2946
    0.0000    0.0000  -37.5000 2298.4976   15.1287
    7.5000    0.0000  -37.5000 2277.2141   15.2696
   -7.5000    7.5000  -37.5000 2225.8796   16.1020
    0.0000    7.5000  -37.5000 2249.8420   15.9582
    7.5000    7.5000  -37.5000 2225.3657   16.0961
   -7.5000   15.0000  -37.5000 2148.5767   17.1545
    0.0000   15.0000  -37.5000 2171.1587   17.0462
    7.5000   15.0000  -37.5000 2145.6067   17.2027
   -7.5000   22.5000  -37.5000 2051.1692   18.6203
    0.0000   22.5000  -37.5000 2069.1875   18.4637
    7.5000   22.5000  -37.5000 2046.2400   18.6769
   -7.5000   30.0000  -37.5000 1939.6373   20.6368
    0.0000   30.0000  -37.5000 1956.4296   20.4808
    7.5000   30.0000  -37.5000 1932.1843   20.7041
   -7.5000   37.5000  -37.5000 1801.1006   23.2920
    0.0000   37.5000  -37.5000 1818.7345   23.1225
    7.5000   37.5000  -37.5000 1796.0215   23.3178
   -7.5000  -52.5000  -30.0000 2257.7634   16.9136
    0.0000  -52.5000  -30.0000 2281.4766   16.7817
    7.5000  -52.5000  -30.0000 2266.1340   16.8699
   -7.5000  -45.0000  -30.0000 2370.7737   15.7134
    0.0000  -45.0000  -30.0000 2393.8882   15.5986
    7.5000  -45.0000  -30.0000 2376.4102   15.6789
   -7.5000  -37.5000  -30.0000 2442.6533   14.7929
    0.0000  -37.5000  -30.0000 2461.3789   14.6491
    7.5000  -37.5000  -30.0000 2447.9861   14.7491
   -7.5000  -30.0000  -30.0000 2480.9338   14.2145
    0.0000  -30.0000  -30.0000 2497.0908   14.0675
    7.5000  -30.0000  -30.0000 2481.5803   14.1975
   -7.5000  -22.5000  -30.0000 2508.0125   13.9283
    0.0000  -22.5000  -30.0000 2524.5422   13.7934
    7.5000  -22.5000  -30.0000 2501.2271   13.9305
   -7.5000  -15.0000  -30.0000 2504.4160   14.0020
    0.0000  -15.0000  -30.0000 2519.2671   13.8871
    7.5000  -15.0000  -30.0000 2493.7991   14.0302
   -7.5000   -7.5000  -30.0000 2482.3416   14.3443
    0.0000   -7.5000  -30.0000 2501.0635   14.1918
    7.5000   -7.5000  -30.0000 2477.2993   14.3611
   -7.5000    0.0000  -30.0000 2442.2671   14.8805
    0.0000    0.0000  -30.0000 2465.5083   14.7059
    7.5000    0.0000  -30.0000 2441.8992   14.8808
   -7.5000    7.5000  -30.0000 2383.6165   15.6476
    0.0000    7.5000  -30.0000 2407.5593   15.4663
    7.5000    7.5000  -30.0000 2383.0833   15.6490
   -7.5000   15.0000  -30.0000 2298.8167   16.6641
    0.0000   15.0000  -30.0000 2322.6062   16.5141
    7.5000   15.0000  -30.0000 2294.0667   16.6800
   -7.5000   22.5000  -30.0000 2192.4910   18.0916
    0.0000   22.5000  -30.0000 2216.6418   17.9537
    7.5000   22.5000  -30.0000 2189.4895   18.1660
   -7.5000   30.0000  -30.0000 2072.3679   20.0520
    0.0000   30.0000  -30.0000 2088.7559   19.8739
    7.5000   30.0000  -30.0000 2061.7056   20.1239
   -7.5000   37.5000  -30.0000 1919.3475   22.5430
    0.0000   37.5000  -30.0000 1943.2120   22.3882
    7.5000   37.5000  -30.0000 1919.7467   22.5670
   -7.5000  -52.5000  -22.5000 2356.6960   16.4855
    0.0000  -52.5000  -22.5000 2381.9368   16.3489
    7.5000  -52.5000  -22.5000 2369.5847   16.4406
   -7.5000  -45.0000  -22.5000 2476.0073   15.3020
    0.0000  -45.0000  -22.5000 2498.7971   15.1408
    7.5000  -45.0000  -22.5000 2484.8928   15.2650
   -7.5000  -37.5000  -22.5000 2559.6274   14.3938
    0.0000  -37.5000  -22.5000 2583.9985   14.2185
    7.5000  -37.5000  -22.5000 2566.2251   14.3363
   -7.5000  -30.0000  -22.5000 2615.8740   13.7561
    0.0000  -30.0000  -22.5000 2629.6604   13.5968
    7.5000  -30.0000  -22.5000 2614.0247   13.6895
   -7.5000  -22.5000  -22.5000 2647.0208   13.4177
    0.0000  -22.5000  -22.5000 2662.4204   13.2838
    7.5000  -22.5000  -22.5000 2639.9834   13.3952
   -7.5000  -15.0000  -22.5000 2648.6736   13.4323
    0.0000  -15.0000  -22.5000 2666.8767   13.3286
    7.5000  -15.0000  -22.5000 2633.5339   13.4483
   -7.5000   -7.5000  -22.5000 2631.5403   13.7600
    0.0000   -7.5000  -22.5000 2653.2190   13.6370
    7.5000   -7.5000  -22.5000 2617.4548   13.7971
   -7.5000    0.0000  -22.5000 2589.4121   14.3219
    0.0000    0.0000  -22.5000 2614.9192   14.1584
    7.5000    0.0000  -22.5000 2580.7578   14.3395
   -7.5000    7.5000  -22.5000 2527.7458   15.0693
    0.0000    7.5000  -22.5000 2553.0684   14.9043
    7.5000    7.5000  -22.5000 2523.3760   15.0760
   -7.5000   15.0000  -22.5000 2435.3923   16.0881
    0.0000   15.0000  -22.5000 2460.1450   15.9083
    7.5000   15.0000  -22.5000 2428.2759   16.0758
   -7.5000   22.5000  -22.5000 2324.1938   17.4929
    0.0000   22.5000  -22.5000 2344.4207   17.2989
    7.5000   22.5000  -22.5000 2311.3613   17.4960
   -7.5000   30.0000  -22.5000 2192.0989   19.4015
    0.0000   30.0000  -22.5000 2207.3801   19.1871
    7.5000   30.0000  -22.5000 2180.6179   19.4032
   -7.5000   37.5000  -22.5000 2028.8923   21.7542
    0.0000   37.5000  -22.5000 2044.6686   21.5884
    7.5000   37.5000  -22.5000 2016.7427   21.7778
   -7.5000  -52.5000  -15.0000 2418.0845   15.9717
    0.0000  -52.5000  -15.0000 2443.1948   15.7899
    7.5000  -52.5000  -15.0000 2436.2273   15.9162
   -7.5000  -45.0000  -15.0000 2547.6409   14.8172
    0.0000  -45.0000  -15.0000 2575.7581   14.6514
    7.5000  -45.0000  -15.0000 2563.9248   14.7654
   -7.5000  -37.5000  -15.0000 2643.0532   13.8996
    0.0000  -37.5000  -15.0000 2671.0188   13.7549
    7.5000  -37.5000  -15.0000 2655.3323   13.8501
   -7.5000  -30.0000  -15.0000 2708.7366   13.2209
    0.0000  -30.0000  -15.0000 2732.8352   13.0891
    7.5000  -30.0000  -15.0000 2715.8555   13.1719
   -7.5000  -22.5000  -15.0000 2749.2820   12.8379
    0.0000  -22.5000  -15.0000 2774.8049   12.7218
    7.5000  -22.5000  -15.0000 2744.7947   12.8339
   -7.5000  -15.0000  -15.0000 2767.9358   12.7835
    0.0000  -15.0000  -15.0000 2793.4656   12.6662
    7.5000  -15.0000  -15.0000 2754.9944   12.8161
   -7.5000   -7.5000  -15.0000 2756.7488   13.1001
    0.0000   -7.5000  -15.0000 2780.1301   12.9725
    7.5000   -7.5000  -15.0000 2743.8005   13.1435
   -7.5000    0.0000  -15.0000 2709.1843   13.6468
    0.0000    0.0000  -15.0000 2735.5437   13.5262
    7.5000    0.0000  -15.0000 2701.4951   13.6818
   -7.5000    7.5000  -15.0000 2640.5208   14.4090
    0.0000    7.5000  -15.0000 2663.7043   14.2504
    7.5000    7.5000  -15.0000 2628.8430   14.4127
   -7.5000   15.0000  -15.0000 2539.3469   15.4163
    0.0000   15.0000  -15.0000 2561.4014   15.2368
    7.5000   15.0000  -15.0000 2528.1531   15.4197
   -7.5000   22.5000  -15.0000 2418.4663   16.7985
    0.0000   22.5000  -15.0000 2436.9199   16.5984
    7.5000   22.5000  -15.0000 2406.2126   16.8113
   -7.5000   30.0000  -15.0000 2280.2734   18.6250
    0.0000   30.0000  -15.0000 2295.4812   18.4269
    7.5000   30.0000  -15.0000 2268.6809   18.6327
   -7.5000   37.5000  -15.0000 2113.1106   20.9286
    0.0000   37.5000  -15.0000 2124.1145   20.6934
    7.5000   37.5000  -15.0000 2097.5481   20.9215
   -7.5000  -52.5000   -7.5000 2439.3408   15.4547
    0.0000  -52.5000   -7.5000 2464.4133   15.2709
    7.5000  -52.5000   -7.5000 2461.0225   15.4032
   -7.5000  -45.0000   -7.5000 2574.0967   14.2916
    0.0000  -45.0000   -7.5000 2604.1050   14.1575
    7.5000  -45.0000   -7.5000 2595.6201   14.2524
   -7.5000  -37.5000   -7.5000 2684.1597   13.3706
    0.0000  -37.5000   -7.5000 2713.4255   13.2430
    7.5000  -37.5000   -7.5000 2698.0857   13.3174
   -7.5000  -30.0000   -7.5000 2768.8120   12.6872
    0.0000  -30.0000   -7.5000 2797.1602   12.5647
    7.5000  -30.0000   -7.5000 2776.5815   12.6472
   -7.5000  -22.5000   -7.5000 2824.0955   12.2431
    0.0000  -22.5000   -7.5000 2852.3848   12.1313
    7.5000  -22.5000   -7.5000 2818.5701   12.2466
   -7.5000  -15.0000   -7.5000 2853.3611   12.1270
    0.0000  -15.0000   -7.5000 2882.5471   12.0056
    7.5000  -15.0000   -7.5000 2836.9331   12.1730
   -7.5000   -7.5000   -7.5000 2842.7849   12.4285
    0.0000   -7.5000   -7.5000 2864.8694   12.2917
    7.5000   -7.5000   -7.5000 2821.6870   12.4782
   -7.5000    0.0000   -7.5000 2784.9202   12.9379
    0.0000    0.0000   -7.5000 2811.9465   12.8127
    7.5000    0.0000   -7.5000 2772.4438   12.9886
   -7.5000    7.5000   -7.5000 2710.5659   13.6795
    0.0000    7.5000   -7.5000 2729.9102   13.5400
    7.5000    7.5000   -7.5000 2697.9131   13.7240
   -7.5000   15.0000   -7.5000 2601.1021   14.6681
    0.0000   15.0000   -7.5000 2622.6707   14.4974
    7.5000   15.0000   -7.5000 2588.2656   14.7070
   -7.5000   22.5000   -7.5000 2474.5815   16.0399
    0.0000   22.5000   -7.5000 2497.0740   15.8451
    7.5000   22.5000   -7.5000 2459.4595   16.0704
   -7.5000   30.0000   -7.5000 2330.9441   17.8124
    0.0000   30.0000   -7.5000 2355.9927   17.5949
    7.5000   30.0000   -7.5000 2318.8149   17.8596
   -7.5000   37.5000   -7.5000 2154.1172   19.9875
    0.0000   37.5000   -7.5000 2171.7612   19.7579
    7.5000   37.5000   -7.5000 2142.3767   20.0616
   -7.5000  -52.5000    0.0000 2446.7053   15.2196
    0.0000  -52.5000    0.0000 2474.4207   15.0385
    7.5000  -52.5000    0.0000 2469.8088   15.1820
   -7.5000  -45.0000    0.0000 2593.1951   14.0427
    0.0000  -45.0000    0.0000 2619.0806   13.8788
    7.5000  -45.0000    0.0000 2609.1187   13.9958
   -7.5000  -37.5000    0.0000 2707.6135   13.0763
    0.0000  -37.5000    0.0000 2737.1658   12.9280
    7.5000  -37.5000    0.0000 2723.1455   13.0223
   -7.5000  -30.0000    0.0000 2807.7908   12.3913
    0.0000  -30.0000    0.0000 2840.1042   12.2628
    7.5000  -30.0000    0.0000 2823.5813   12.3446
   -7.5000  -22.5000    0.0000 2878.3779   11.9412
    0.0000  -22.5000    0.0000 2920.9365   11.8315
    7.5000  -22.5000    0.0000 2884.1169   11.9525
   -7.5000  -15.0000    0.0000 2927.2217   11.8164
    0.0000  -15.0000    0.0000 2967.2715   11.6836
    7.5000  -15.0000    0.0000 2912.6306   11.8508
   -7.5000   -7.5000    0.0000 2914.0562   12.0366
    0.0000   -7.5000    0.0000 2950.4319   11.8888
    7.5000   -7.5000    0.0000 2889.9138   12.1142
   -7.5000    0.0000    0.0000 2849.1875   12.5137
    0.0000    0.0000    0.0000 2881.7427   12.3841
    7.5000    0.0000    0.0000 2828.4060   12.5933
   -7.5000    7.5000    0.0000 2763.1726   13.2534
    0.0000    7.5000    0.0000 2790.1060   13.1070
    7.5000    7.5000    0.0000 2746.8225   13.3224
   -7.5000   15.0000    0.0000 2646.8210   14.2689
    0.0000   15.0000    0.0000 2676.6479   14.1177
    7.5000   15.0000    0.0000 2638.9663   14.3057
   -7.5000   22.5000    0.0000 2518.0706   15.6455
    0.0000   22.5000    0.0000 2541.0676   15.4743
    7.5000   22.5000    0.0000 2499.9346   15.6629
   -7.5000   30.0000    0.0000 2370.2620   17.4156
    0.0000   30.0000    0.0000 2393.9331   17.2477
    7.5000   30.0000    0.0000 2357.4880   17.4286
   -7.5000   37.5000    0.0000 2189.0449   19.5404
    0.0000   37.5000    0.0000 2208.9033   19.3577
    7.5000   37.5000    0.0000 2179.6282   19.6087
   -7.5000  -52.5000    7.5000 2436.8469   15.1297
    0.0000  -52.5000    7.5000 2458.7275   14.8986
    7.5000  -52.5000    7.5000 2448.8701   15.0681
   -7.5000  -45.0000    7.5000 2584.4299   13.8841
    0.0000  -45.0000    7.5000 2608.5593   13.6933
    7.5000  -45.0000    7.5000 2596.0239   13.8578
   -7.5000  -37.5000    7.5000 2705.4158   12.8710
    0.0000  -37.5000    7.5000 2729.0964   12.6976
    7.5000  -37.5000    7.5000 2715.3953   12.8571
   -7.5000  -30.0000    7.5000 2815.1016   12.2004
    0.0000  -30.0000    7.5000 2848.7146   12.0572
    7.5000  -30.0000    7.5000 2827.0752   12.1822
   -7.5000  -22.5000    7.5000 2899.2837   11.8514
    0.0000  -22.5000    7.5000 2949.6580   11.7567
    7.5000  -22.5000    7.5000 2907.9084   11.8274
   -7.5000  -15.0000    7.5000 2961.3828   11.7138
    0.0000  -15.0000    7.5000 3018.4045   11.6745
    7.5000  -15.0000    7.5000 2949.4092   11.7563
   -7.5000   -7.5000    7.5000 2947.4465   11.8434
    0.0000   -7.5000    7.5000 2994.5500   11.7991
    7.5000   -7.5000    7.5000 2924.1382   11.9351
   -7.5000    0.0000    7.5000 2879.2383   12.2360
    0.0000    0.0000    7.5000 2913.8401   12.1525
    7.5000    0.0000    7.5000 2850.1094   12.3213
   -7.5000    7.5000    7.5000 2783.0259   12.9750
    0.0000    7.5000    7.5000 2810.8660   12.8575
    7.5000    7.5000    7.5000 2762.1624   13.0298
   -7.5000   15.0000    7.5000 2662.4966   14.0321
    0.0000   15.0000    7.5000 2686.4885   13.8901
    7.5000   15.0000    7.5000 2648.3835   14.0636
   -7.5000   22.5000    7.5000 2529.7104   15.4170
    0.0000   22.5000    7.5000 2548.7249   15.2666
    7.5000   22.5000    7.5000 2507.0317   15.4456
   -7.5000   30.0000    7.5000 2381.6868   17.1349
    0.0000   30.0000    7.5000 2397.5632   17.0146
    7.5000   30.0000    7.5000 2364.0354   17.1992
   -7.5000   37.5000    7.5000 2202.3091   19.2321
    0.0000   37.5000    7.5000 2214.4294   19.1128
    7.5000   37.5000    7.5000 2185.5327   19.3221
   -7.5000  -52.5000   15.0000 2410.9253   15.2758
    0.0000  -52.5000   15.0000 2431.6792   15.0201
    7.5000  -52.5000   15.0000 2418.7109   15.2817
   -7.5000  -45.0000   15.0000 2555.2183   14.0246
    0.0000  -45.0000   15.0000 2575.0510   13.8190
    7.5000  -45.0000   15.0000 2561.5713   14.0002
   -7.5000  -37.5000   15.0000 2676.5205   12.9948
    0.0000  -37.5000   15.0000 2697.7134   12.8286
    7.5000  -37.5000   15.0000 2680.8411   12.9953
   -7.5000  -30.0000   15.0000 2792.1592   12.3150
    0.0000  -30.0000   15.0000 2824.2424   12.1958
    7.5000  -30.0000   15.0000 2797.0317   12.3426
   -7.5000  -22.5000   15.0000 2886.6558   11.9442
    0.0000  -22.5000   15.0000 2931.8708   11.9114
    7.5000  -22.5000   15.0000 2889.3376   11.9680
   -7.5000  -15.0000   15.0000 2951.1282   11.8207
    0.0000  -15.0000   15.0000 3009.1877   11.8281
    7.5000  -15.0000   15.0000 2940.0076   11.8786
   -7.5000   -7.5000   15.0000 2934.5825   11.9360
    0.0000   -7.5000   15.0000 2984.5564   11.8969
    7.5000   -7.5000   15.0000 2911.5674   12.0404
   -7.5000    0.0000   15.0000 2867.4199   12.3473
    0.0000    0.0000   15.0000 2899.6375   12.2889
    7.5000    0.0000   15.0000 2837.4917   12.4487
   -7.5000    7.5000   15.0000 2772.1357   13.0763
    0.0000    7.5000   15.0000 2793.3530   12.9705
    7.5000    7.5000   15.0000 2745.6941   13.1345
   -7.5000   15.0000   15.0000 2646.8550   14.1085
    0.0000   15.0000   15.0000 2664.9871   13.9392
    7.5000   15.0000   15.0000 2629.0400   14.1531
   -7.5000   22.5000   15.0000 2512.2615   15.4409
    0.0000   22.5000   15.0000 2528.7593   15.2757
    7.5000   22.5000   15.0000 2496.5730   15.4820
   -7.5000   30.0000   15.0000 2364.4407   17.1581
    0.0000   30.0000   15.0000 2380.8162   16.9949
    7.5000   30.0000   15.0000 2350.1465   17.1969
   -7.5000   37.5000   15.0000 2190.6565   19.2122
    0.0000   37.5000   15.0000 2204.4824   19.0584
    7.5000   37.5000   15.0000 2176.4922   19.3027
   -7.5000  -52.5000   22.5000 2376.3313   15.7087
    0.0000  -52.5000   22.5000 2395.7673   15.4798
    7.5000  -52.5000   22.5000 2382.0066   15.7235
   -7.5000  -45.0000   22.5000 2514.7734   14.4498
    0.0000  -45.0000   22.5000 2533.6616   14.2522
    7.5000  -45.0000   22.5000 2516.7334   14.4462
   -7.5000  -37.5000   22.5000 2638.5447   13.4177
    0.0000  -37.5000   22.5000 2655.7812   13.2480
    7.5000  -37.5000   22.5000 2637.7473   13.4207
   -7.5000  -30.0000   22.5000 2754.1184   12.7302
    0.0000  -30.0000   22.5000 2774.8496   12.5620
    7.5000  -30.0000   22.5000 2747.3271   12.7198
   -7.5000  -22.5000   22.5000 2845.1143   12.3315
    0.0000  -22.5000   22.5000 2879.7556   12.2055
    7.5000  -22.5000   22.5000 2837.9270   12.3400
   -7.5000  -15.0000   22.5000 2895.3621   12.1652
    0.0000  -15.0000   22.5000 2939.6882   12.0510
    7.5000  -15.0000   22.5000 2884.2783   12.2093
   -7.5000   -7.5000   22.5000 2882.0698   12.3023
    0.0000   -7.5000   22.5000 2918.5925   12.1601
    7.5000   -7.5000   22.5000 2867.0886   12.3952
   -7.5000    0.0000   22.5000 2822.1062   12.7646
    0.0000    0.0000   22.5000 2849.0449   12.6479
    7.5000    0.0000   22.5000 2801.7415   12.8392
   -7.5000    7.5000   22.5000 2727.5640   13.4929
    0.0000    7.5000   22.5000 2750.7563   13.3497
    7.5000    7.5000   22.5000 2708.6240   13.5539
   -7.5000   15.0000   22.5000 2604.3735   14.4999
    0.0000   15.0000   22.5000 2621.8667   14.3194
    7.5000   15.0000   22.5000 2594.0325   14.5141
   -7.5000   22.5000   22.5000 2473.4668   15.7722
    0.0000   22.5000   22.5000 2489.7292   15.6104
    7.5000   22.5000   22.5000 2461.7959   15.7938
   -7.5000   30.0000   22.5000 2330.3879   17.4493
    0.0000   30.0000   22.5000 2345.5720   17.2653
    7.5000   30.0000   22.5000 2318.9753   17.4908
   -7.5000   37.5000   22.5000 2156.1025   19.4055
    0.0000   37.5000   22.5000 2170.3748   19.2680
    7.5000   37.5000   22.5000 2147.3870   19.4785
   -7.5000  -52.5000   30.0000 2333.8118   16.3929
    0.0000  -52.5000   30.0000 2354.1941   16.1396
    7.5000  -52.5000   30.0000 2339.2603   16.4394
   -7.5000  -45.0000   30.0000 2469.1516   15.0927
    0.0000  -45.0000   30.0000 2489.9177   14.8601
    7.5000  -45.0000   30.0000 2472.5371   15.1270
   -7.5000  -37.5000   30.0000 2592.6316   14.0749
    0.0000  -37.5000   30.0000 2612.5183   13.8214
    7.5000  -37.5000   30.0000 2587.5498   14.0858
   -7.5000  -30.0000   30.0000 2700.8435   13.3455
    0.0000  -30.0000   30.0000 2722.0818   13.1299
    7.5000  -30.0000   30.0000 2691.2368   13.3326
   -7.5000  -22.5000   30.0000 2785.5063   12.9047
    0.0000  -22.5000   30.0000 2810.0259   12.7263
    7.5000  -22.5000   30.0000 2772.9563   12.8775
   -7.5000  -15.0000   30.0000 2819.7268   12.7054
    0.0000  -15.0000   30.0000 2851.5308   12.5182
    7.5000  -15.0000   30.0000 2806.6196   12.7248
   -7.5000   -7.5000   30.0000 2811.9221   12.8411
    0.0000   -7.5000   30.0000 2840.7026   12.6519
    7.5000   -7.5000   30.0000 2800.7607   12.8567
   -7.5000    0.0000   30.0000 2750.5994   13.3118
    0.0000    0.0000   30.0000 2781.4685   13.1662
    7.5000    0.0000   30.0000 2741.6399   13.3497
   -7.5000    7.5000   30.0000 2660.4604   14.0814
    0.0000    7.5000   30.0000 2685.8384   13.9130
    7.5000    7.5000   30.0000 2650.7520   14.1218
   -7.5000   15.0000   30.0000 2546.7903   15.0757
    0.0000   15.0000   30.0000 2566.1528   14.8882
    7.5000   15.0000   30.0000 2537.1770   15.0908
   -7.5000   22.5000   30.0000 2418.5940   16.3850
    0.0000   22.5000   30.0000 2435.2505   16.2031
    7.5000   22.5000   30.0000 2412.9932   16.3915
   -7.5000   30.0000   30.0000 2280.1648   17.9873
    0.0000   30.0000   30.0000 2302.0012   17.8014
    7.5000   30.0000   30.0000 2278.8723   17.9952
   -7.5000   37.5000   30.0000 2107.1895   19.8970
    0.0000   37.5000   30.0000 2120.5918   19.7029
    7.5000   37.5000   30.0000 2102.6311   19.9233
   -7.5000  -52.5000   37.5000 2280.4844   17.3096
    0.0000  -52.5000   37.5000 2301.2136   16.9731
    7.5000  -52.5000   37.5000 2284.0959   17.2844
   -7.5000  -45.0000   37.5000 2414.2722   15.9714
    0.0000  -45.0000   37.5000 2444.4109   15.6834
    7.5000  -45.0000   37.5000 2419.4399   15.9626
   -7.5000  -37.5000   37.5000 2531.5344   14.8884
    0.0000  -37.5000   37.5000 2559.4116   14.6337
    7.5000  -37.5000   37.5000 2530.5420   14.9059
   -7.5000  -30.0000   37.5000 2634.7537   14.1176
    0.0000  -30.0000   37.5000 2659.9241   13.8969
    7.5000  -30.0000   37.5000 2626.3311   14.1086
   -7.5000  -22.5000   37.5000 2706.8354   13.6292
    0.0000  -22.5000   37.5000 2736.4319   13.4081
    7.5000  -22.5000   37.5000 2696.0857   13.6119
   -7.5000  -15.0000   37.5000 2741.5332   13.3904
    0.0000  -15.0000   37.5000 2766.7400   13.2122
    7.5000  -15.0000   37.5000 2726.6270   13.3960
   -7.5000   -7.5000   37.5000 2723.0315   13.5214
    0.0000   -7.5000   37.5000 2750.2537   13.3241
    7.5000   -7.5000   37.5000 2716.3638   13.5107
   -7.5000    0.0000   37.5000 2664.8779   14.0064
    0.0000    0.0000   37.5000 2694.1428   13.8374
    7.5000    0.0000   37.5000 2660.6479   14.0115
   -7.5000    7.5000   37.5000 2580.9739   14.7789
    0.0000    7.5000   37.5000 2606.7883   14.5652
    7.5000    7.5000   37.5000 2575.2002   14.7885
   -7.5000   15.0000   37.5000 2480.3208   15.7713
    0.0000   15.0000   37.5000 2497.7373   15.5543
    7.5000   15.0000   37.5000 2471.5647   15.7658
   -7.5000   22.5000   37.5000 2357.8491   17.0622
    0.0000   22.5000   37.5000 2374.1892   16.8951
    7.5000   22.5000   37.5000 2356.7566   17.0684
   -7.5000   30.0000   37.5000 2222.4202   18.6974
    0.0000   30.0000   37.5000 2242.2810   18.5132
    7.5000   30.0000   37.5000 2225.7646   18.7121
   -7.5000   37.5000   37.5000 2052.8455   20.5915
    0.0000   37.5000   37.5000 2065.9246   20.4466
    7.5000   37.5000   37.5000 2049.0957   20.6544
   -7.5000  -52.5000   45.0000 2203.4539   18.3115
    0.0000  -52.5000   45.0000 2230.0508   18.0108
    7.5000  -52.5000   45.0000 2208.1597   18.2851
   -7.5000  -45.0000   45.0000 2332.4714   16.9512
    0.0000  -45.0000   45.0000 2364.0833   16.6653
    7.5000  -45.0000   45.0000 2334.9199   16.9170
   -7.5000  -37.5000   45.0000 2441.4316   15.7946
    0.0000  -37.5000   45.0000 2472.0642   15.5738
    7.5000  -37.5000   45.0000 2443.6233   15.8428
   -7.5000  -30.0000   45.0000 2534.2148   14.9695
    0.0000  -30.0000   45.0000 2561.0688   14.7701
    7.5000  -30.0000   45.0000 2526.3464   15.0270
   -7.5000  -22.5000   45.0000 2596.2153   14.4375
    0.0000  -22.5000   45.0000 2622.9692   14.2410
    7.5000  -22.5000   45.0000 2583.1914   14.4629
   -7.5000  -15.0000   45.0000 2627.2944   14.1860
    0.0000  -15.0000   45.0000 2646.7483   14.0229
    7.5000  -15.0000   45.0000 2613.5786   14.2031
   -7.5000   -7.5000   45.0000 2607.6213   14.2974
    0.0000   -7.5000   45.0000 2626.6082   14.1327
    7.5000   -7.5000   45.0000 2599.2820   14.3065
   -7.5000    0.0000   45.0000 2555.4800   14.7826
    0.0000    0.0000   45.0000 2573.3643   14.6290
    7.5000    0.0000   45.0000 2547.9214   14.8097
   -7.5000    7.5000   45.0000 2481.9434   15.4980
    0.0000    7.5000   45.0000 2502.1582   15.3308
    7.5000    7.5000   45.0000 2476.0837   15.5553
   -7.5000   15.0000   45.0000 2391.1721   16.4404
    0.0000   15.0000   45.0000 2409.7834   16.2396
    7.5000   15.0000   45.0000 2378.7312   16.4604
   -7.5000   22.5000   45.0000 2274.8242   17.7377
    0.0000   22.5000   45.0000 2291.9375   17.5660
    7.5000   22.5000   45.0000 2270.4150   17.7626
   -7.5000   30.0000   45.0000 2141.4084   19.4091
    0.0000   30.0000   45.0000 2160.0562   19.2248
    7.5000   30.0000   45.0000 2138.3530   19.4024
   -7.5000   37.5000   45.0000 1979.3889   21.3162
    0.0000   37.5000   45.0000 1995.5713   21.2055
    7.5000   37.5000   45.0000 1976.3798   21.3823

---------------------------------------------------------------------
imgreg_4dfp /opt/freesurfer/average/711-2C_as_mni_average_305 /opt/freesurfer/average/711-2B_as_mni_average_305_mask talsrcimg_g11 none talsrcimg_to_711-2C_as_mni_average_305_t4 1283
---------------------------------------------------------------------

freesurfer imgreg_4dfp.c
/opt/freesurfer/average/711-2C_as_mni_average_305.4dfp.img
       256       256       256         1
  1.000000  1.000000  1.000000
orientation T byte_order littleendian
Reading image: /opt/freesurfer/average/711-2C_as_mni_average_305.4dfp.img
dimensions:      256       256       256
mmppix:       1.0000   -1.0000   -1.0000
center:     128.0000 -129.0000 -129.0000
/opt/freesurfer/average/711-2B_as_mni_average_305_mask.4dfp.img
       256       256       256         1
  1.000000  1.000000  1.000000
orientation T byte_order littleendian
Reading mask: /opt/freesurfer/average/711-2B_as_mni_average_305_mask.4dfp.img (2306576 pixels)
talsrcimg_g11.4dfp.img
       256       256       256         1
  0.898438  0.898438  0.898438
orientation T byte_order littleendian
Reading image: talsrcimg_g11.4dfp.img
dimensions:      256       256       256
mmppix:       0.8984   -0.8984   -0.8984
center:     115.0001 -115.8985 -115.8985
rotation matrix determinant  1.000000
fimgreg.f
image alignment mode   1283 decimal      503 hex
parameters
    0.0000  -15.0000    7.5000    0.0000    0.0000    0.0000
eta,q 0.94500 11.70275
niter,ni,del,rscale     5    3   12.0000    1.2000
parameter  3 -1.149890 -> -0.500000 qaram    1.1500
parameter  4  2.497314 ->  0.500000 qaram    1.1500
parameters
   -0.1044  -13.7475   10.9500   -3.4500    2.1279   -0.3132
eta,q 0.95189 11.64329
  0.0673  0.0705  0.0667  0.0489  0.0605  0.0535
  0.0611  0.0626  0.0624  0.0488  0.0557  0.0501
  0.0572  0.0578  0.0587  0.0513  0.0518  0.0483
  0.0564  0.0564  0.0568  0.0537  0.0495  0.0482
  0.0578  0.0572  0.0553  0.0552  0.0482  0.0495
  0.0613  0.0588  0.0532  0.0571  0.0491  0.0513
  0.0682  0.0611  0.0527  0.0602  0.0514  0.0542
niter,ni,del,rscale     6    3   12.0000    1.2000
parameters
   -1.0576  -12.2296   10.1120   -5.2636    3.6163   -0.6183
eta,q 0.95484 11.70636
  0.0574  0.0641  0.0566  0.0513  0.0551  0.0515
  0.0520  0.0562  0.0510  0.0467  0.0506  0.0476
  0.0487  0.0505  0.0480  0.0454  0.0475  0.0454
  0.0481  0.0479  0.0474  0.0474  0.0456  0.0453
  0.0514  0.0474  0.0498  0.0502  0.0455  0.0469
  0.0574  0.0488  0.0553  0.0528  0.0468  0.0490
  0.0661  0.0531  0.0620  0.0566  0.0487  0.0521
niter,ni,del,rscale     5    3   12.0000    1.2000
parameters
   -1.8803  -11.2485    9.1849   -6.3794    4.7539   -0.8444
eta,q 0.95611 11.76510
  0.0554  0.0599  0.0539  0.0505  0.0532  0.0502
  0.0499  0.0526  0.0483  0.0460  0.0488  0.0464
  0.0459  0.0473  0.0449  0.0444  0.0455  0.0441
  0.0452  0.0450  0.0447  0.0445  0.0440  0.0440
  0.0486  0.0452  0.0475  0.0471  0.0441  0.0454
  0.0547  0.0479  0.0532  0.0502  0.0448  0.0475
  0.0630  0.0524  0.0597  0.0546  0.0484  0.0505
niter,ni,del,rscale     4    3   12.0000    1.2000
parameters
   -2.4317  -10.6189    8.5639   -7.2327    5.1572   -0.8639
eta,q 0.95684 11.77296
  0.0564  0.0575  0.0537  0.0499  0.0516  0.0500
  0.0489  0.0502  0.0485  0.0450  0.0473  0.0458
  0.0442  0.0456  0.0444  0.0435  0.0448  0.0433
  0.0439  0.0436  0.0435  0.0435  0.0433  0.0432
  0.0469  0.0444  0.0459  0.0454  0.0432  0.0445
  0.0529  0.0476  0.0514  0.0485  0.0453  0.0464
  0.0615  0.0523  0.0582  0.0531  0.0502  0.0494
niter,ni,del,rscale     3    3   12.0000    1.2000
parameters
   -2.5082  -10.1913    8.0945   -8.0072    5.0837   -0.7698
eta,q 0.95703 11.76001
  0.0589  0.0567  0.0539  0.0495  0.0504  0.0499
  0.0502  0.0493  0.0486  0.0446  0.0465  0.0456
  0.0443  0.0448  0.0443  0.0429  0.0442  0.0430
  0.0432  0.0431  0.0432  0.0431  0.0429  0.0429
  0.0459  0.0445  0.0453  0.0449  0.0434  0.0442
  0.0511  0.0481  0.0505  0.0477  0.0463  0.0459
  0.0590  0.0526  0.0575  0.0522  0.0514  0.0487
niter,ni,del,rscale     2    3   12.0000    1.2000
parameters
   -2.3975   -9.7692    7.6783   -8.9247    4.7907   -0.7159
eta,q 0.95744 11.72694
  0.0599  0.0567  0.0540  0.0489  0.0499  0.0495
  0.0509  0.0492  0.0484  0.0440  0.0457  0.0451
  0.0446  0.0445  0.0438  0.0423  0.0436  0.0425
  0.0430  0.0430  0.0431  0.0429  0.0425  0.0425
  0.0454  0.0444  0.0454  0.0452  0.0435  0.0439
  0.0504  0.0479  0.0501  0.0476  0.0467  0.0457
  0.0581  0.0525  0.0569  0.0516  0.0518  0.0484
niter,ni,del,rscale     1    3   12.0000    1.2000
parameters
   -2.1905   -9.2085    7.2080  -10.0365    4.5285   -0.7270
eta,q 0.95856 11.67969
  0.0600  0.0567  0.0539  0.0485  0.0500  0.0487
  0.0511  0.0493  0.0478  0.0433  0.0452  0.0443
  0.0448  0.0442  0.0427  0.0413  0.0425  0.0416
  0.0426  0.0426  0.0425  0.0421  0.0414  0.0414
  0.0444  0.0433  0.0457  0.0455  0.0428  0.0430
  0.0496  0.0466  0.0502  0.0483  0.0465  0.0450
  0.0577  0.0519  0.0566  0.0513  0.0515  0.0478
registration optimization eta report
parameter search radius
    6.0000    6.0000    6.9000    6.9000    6.0000    6.0000
100000*second partial in parameter space
       45.       33.       26.       16.       26.       19.
  0.0600  0.0567  0.0539  0.0485  0.0500  0.0487
  0.0511  0.0493  0.0478  0.0433  0.0452  0.0443
  0.0448  0.0442  0.0427  0.0413  0.0425  0.0416
  0.0426  0.0426  0.0425  0.0421  0.0414  0.0414
  0.0444  0.0433  0.0457  0.0455  0.0428  0.0430
  0.0496  0.0466  0.0502  0.0483  0.0465  0.0450
  0.0577  0.0519  0.0566  0.0513  0.0515  0.0478
   -2.1905   -9.2085    7.2080  -10.0365    4.5285   -0.7270
eta,q 0.95856 11.67969

---------------------------------------------------------------------
imgreg_4dfp /opt/freesurfer/average/711-2C_as_mni_average_305 /opt/freesurfer/average/711-2B_as_mni_average_305_mask talsrcimg_g11 none talsrcimg_to_711-2C_as_mni_average_305_t4 3335
---------------------------------------------------------------------

freesurfer imgreg_4dfp.c
/opt/freesurfer/average/711-2C_as_mni_average_305.4dfp.img
       256       256       256         1
  1.000000  1.000000  1.000000
orientation T byte_order littleendian
Reading image: /opt/freesurfer/average/711-2C_as_mni_average_305.4dfp.img
dimensions:      256       256       256
mmppix:       1.0000   -1.0000   -1.0000
center:     128.0000 -129.0000 -129.0000
/opt/freesurfer/average/711-2B_as_mni_average_305_mask.4dfp.img
       256       256       256         1
  1.000000  1.000000  1.000000
orientation T byte_order littleendian
Reading mask: /opt/freesurfer/average/711-2B_as_mni_average_305_mask.4dfp.img (2306576 pixels)
talsrcimg_g11.4dfp.img
       256       256       256         1
  0.898438  0.898438  0.898438
orientation T byte_order littleendian
Reading image: talsrcimg_g11.4dfp.img
dimensions:      256       256       256
mmppix:       0.8984   -0.8984   -0.8984
center:     115.0001 -115.8985 -115.8985
fimgreg.f
image alignment mode   3335 decimal      D07 hex
parameters
   -2.1905   -9.2085    7.2080   -0.3202   -1.5557   -1.8377
    2.6252   -7.5529   -1.2648   17.5248    7.8954  -17.3732
eta,q 0.95769 11.76545
niter,ni,del,rscale     5    3    5.0000    1.2000
parameter  2 -0.533052 -> -0.500000 qaram    1.1500
parameter  4  0.857603 ->  0.500000 qaram    1.1500
parameter  5  2.899621 ->  0.500000 qaram    1.1500
parameter  6  0.750288 ->  0.500000 qaram    1.1500
parameter 12 -0.653470 -> -0.500000 qaram    1.1500
parameters
   -1.6622   -7.8285    6.9202   -4.4602   -5.6957   -5.9777
    1.7549   -6.2284   -0.6653   19.4519    7.8249  -13.2332
eta,q 0.96839 11.21747
  0.0471  0.0451  0.0429  0.0394  0.0318  0.0326  0.0351  0.0388  0.0355  0.0380  0.0334  0.0362
  0.0449  0.0438  0.0421  0.0398  0.0339  0.0328  0.0337  0.0361  0.0341  0.0357  0.0329  0.0346
  0.0433  0.0428  0.0417  0.0405  0.0366  0.0334  0.0330  0.0340  0.0331  0.0339  0.0325  0.0333
  0.0423  0.0421  0.0416  0.0416  0.0399  0.0346  0.0329  0.0329  0.0327  0.0327  0.0324  0.0324
  0.0421  0.0417  0.0419  0.0435  0.0438  0.0367  0.0335  0.0328  0.0328  0.0324  0.0325  0.0318
  0.0428  0.0416  0.0427  0.0463  0.0476  0.0399  0.0347  0.0338  0.0336  0.0331  0.0329  0.0316
  0.0443  0.0420  0.0438  0.0497  0.0516  0.0440  0.0364  0.0358  0.0347  0.0344  0.0335  0.0319
niter,ni,del,rscale     7    3    5.0000    1.2000
parameter  5  1.307768 ->  0.500000 qaram    1.3225
parameters
   -1.4878   -7.9244    6.6542   -7.4499  -10.4567   -9.8436
    0.9896   -5.7358   -1.1046   19.3748    7.7137  -12.4499
eta,q 0.97344 10.59571
  0.0357  0.0352  0.0332  0.0321  0.0262  0.0273  0.0293  0.0318  0.0288  0.0300  0.0275  0.0292
  0.0336  0.0332  0.0322  0.0313  0.0269  0.0267  0.0276  0.0292  0.0274  0.0282  0.0270  0.0278
  0.0322  0.0320  0.0317  0.0312  0.0287  0.0267  0.0267  0.0274  0.0267  0.0270  0.0266  0.0269
  0.0316  0.0316  0.0316  0.0316  0.0312  0.0273  0.0267  0.0266  0.0266  0.0266  0.0266  0.0266
  0.0318  0.0321  0.0320  0.0322  0.0346  0.0286  0.0273  0.0269  0.0270  0.0270  0.0267  0.0267
  0.0329  0.0336  0.0328  0.0335  0.0386  0.0308  0.0287  0.0283  0.0279  0.0282  0.0270  0.0273
  0.0347  0.0358  0.0340  0.0359  0.0428  0.0342  0.0306  0.0306  0.0293  0.0302  0.0275  0.0283
niter,ni,del,rscale     7    3    5.0000    1.2000
parameter  5  0.529729 ->  0.500000 qaram    1.5209
parameters
   -1.5379   -8.1615    6.4607   -7.2804  -15.9318  -10.8677
    0.9229   -5.7153   -1.1599   19.5536    7.8822  -14.1214
eta,q 0.97495 10.26575
  0.0304  0.0301  0.0281  0.0291  0.0263  0.0277  0.0284  0.0298  0.0276  0.0285  0.0263  0.0265
  0.0282  0.0280  0.0272  0.0275  0.0254  0.0261  0.0267  0.0274  0.0263  0.0267  0.0257  0.0255
  0.0269  0.0268  0.0266  0.0267  0.0253  0.0253  0.0255  0.0258  0.0255  0.0256  0.0253  0.0250
  0.0266  0.0266  0.0265  0.0265  0.0265  0.0253  0.0252  0.0252  0.0252  0.0252  0.0252  0.0252
  0.0271  0.0273  0.0268  0.0270  0.0289  0.0259  0.0256  0.0258  0.0255  0.0255  0.0253  0.0258
  0.0285  0.0290  0.0276  0.0276  0.0323  0.0272  0.0267  0.0273  0.0264  0.0265  0.0257  0.0268
  0.0307  0.0315  0.0288  0.0286  0.0367  0.0291  0.0285  0.0297  0.0276  0.0281  0.0262  0.0279
niter,ni,del,rscale     7    3    5.0000    1.2000
parameters
   -1.5760   -8.1705    6.5042   -7.3575  -16.5597  -10.5288
    1.0137   -5.7798   -1.1083   19.7584    8.0376  -14.3173
eta,q 0.97490 10.24479
  0.0289  0.0292  0.0272  0.0275  0.0299  0.0286  0.0285  0.0295  0.0275  0.0283  0.0262  0.0272
  0.0267  0.0268  0.0260  0.0260  0.0274  0.0267  0.0267  0.0271  0.0262  0.0265  0.0256  0.0261
  0.0254  0.0254  0.0253  0.0251  0.0258  0.0255  0.0255  0.0256  0.0254  0.0255  0.0252  0.0253
  0.0250  0.0251  0.0250  0.0250  0.0250  0.0251  0.0251  0.0251  0.0251  0.0251  0.0251  0.0251
  0.0256  0.0256  0.0253  0.0256  0.0256  0.0254  0.0255  0.0257  0.0254  0.0254  0.0252  0.0255
  0.0270  0.0270  0.0259  0.0263  0.0279  0.0264  0.0266  0.0273  0.0262  0.0264  0.0256  0.0263
  0.0291  0.0291  0.0270  0.0273  0.0316  0.0280  0.0283  0.0297  0.0274  0.0280  0.0261  0.0273
niter,ni,del,rscale     6    3    5.0000    1.2000
parameters
   -1.5943   -8.1401    6.5551   -7.3766  -16.6447  -10.3778
    1.0340   -5.8039   -1.1059   19.8384    8.0557  -14.3295
eta,q 0.97489 10.24691
  0.0290  0.0293  0.0272  0.0276  0.0303  0.0284  0.0284  0.0295  0.0275  0.0282  0.0262  0.0273
  0.0268  0.0269  0.0261  0.0260  0.0277  0.0266  0.0266  0.0272  0.0262  0.0265  0.0256  0.0261
  0.0255  0.0255  0.0254  0.0252  0.0260  0.0254  0.0255  0.0256  0.0253  0.0254  0.0252  0.0253
  0.0251  0.0251  0.0251  0.0251  0.0251  0.0251  0.0251  0.0251  0.0251  0.0251  0.0251  0.0251
  0.0256  0.0256  0.0253  0.0257  0.0254  0.0254  0.0255  0.0257  0.0254  0.0254  0.0252  0.0255
  0.0269  0.0270  0.0260  0.0264  0.0275  0.0265  0.0266  0.0272  0.0262  0.0264  0.0256  0.0262
  0.0291  0.0289  0.0270  0.0273  0.0310  0.0281  0.0284  0.0296  0.0274  0.0280  0.0261  0.0272
niter,ni,del,rscale     5    3    5.0000    1.2000
parameters
   -1.5986   -8.1293    6.5783   -7.3685  -16.6617  -10.3249
    1.0374   -5.8111   -1.1035   19.8644    8.0636  -14.3227
eta,q 0.97488 10.24912
  0.0290  0.0292  0.0272  0.0277  0.0304  0.0283  0.0284  0.0296  0.0275  0.0282  0.0262  0.0273
  0.0269  0.0269  0.0261  0.0261  0.0278  0.0265  0.0266  0.0272  0.0262  0.0264  0.0256  0.0261
  0.0255  0.0255  0.0254  0.0252  0.0260  0.0254  0.0255  0.0257  0.0254  0.0254  0.0252  0.0253
  0.0251  0.0251  0.0251  0.0251  0.0251  0.0251  0.0251  0.0251  0.0251  0.0251  0.0251  0.0251
  0.0256  0.0257  0.0253  0.0257  0.0254  0.0255  0.0255  0.0257  0.0254  0.0255  0.0253  0.0255
  0.0269  0.0270  0.0260  0.0264  0.0274  0.0265  0.0266  0.0272  0.0262  0.0264  0.0256  0.0262
  0.0290  0.0290  0.0271  0.0273  0.0309  0.0282  0.0284  0.0296  0.0274  0.0281  0.0262  0.0272
registration optimization eta report
parameter search radius
    2.4000    2.7600    2.4000    8.2800   10.9503    8.2800
    7.2000    7.2000    7.2000    7.2000    7.2000    8.2800
100000*second partial in parameter space
       68.       52.       35.        3.        5.        5.
        6.        8.        4.        6.        2.        3.
  0.0290  0.0292  0.0272  0.0277  0.0304  0.0283  0.0284  0.0296  0.0275  0.0282  0.0262  0.0273
  0.0269  0.0269  0.0261  0.0261  0.0278  0.0265  0.0266  0.0272  0.0262  0.0264  0.0256  0.0261
  0.0255  0.0255  0.0254  0.0252  0.0260  0.0254  0.0255  0.0257  0.0254  0.0254  0.0252  0.0253
  0.0251  0.0251  0.0251  0.0251  0.0251  0.0251  0.0251  0.0251  0.0251  0.0251  0.0251  0.0251
  0.0256  0.0257  0.0253  0.0257  0.0254  0.0255  0.0255  0.0257  0.0254  0.0255  0.0253  0.0255
  0.0269  0.0270  0.0260  0.0264  0.0274  0.0265  0.0266  0.0272  0.0262  0.0264  0.0256  0.0262
  0.0290  0.0290  0.0271  0.0273  0.0309  0.0282  0.0284  0.0296  0.0274  0.0281  0.0262  0.0272
   -1.5986   -8.1293    6.5783   -7.3685  -16.6617  -10.3249
    1.0374   -5.8111   -1.1035   19.8644    8.0636  -14.3227
eta,q 0.97488 10.24912

---------------------------------------------------------------------
imgreg_4dfp /opt/freesurfer/average/711-2C_as_mni_average_305 /opt/freesurfer/average/711-2B_as_mni_average_305_mask talsrcimg_g11 none talsrcimg_to_711-2C_as_mni_average_305_t4 2311
---------------------------------------------------------------------

freesurfer imgreg_4dfp.c
/opt/freesurfer/average/711-2C_as_mni_average_305.4dfp.img
       256       256       256         1
  1.000000  1.000000  1.000000
orientation T byte_order littleendian
Reading image: /opt/freesurfer/average/711-2C_as_mni_average_305.4dfp.img
dimensions:      256       256       256
mmppix:       1.0000   -1.0000   -1.0000
center:     128.0000 -129.0000 -129.0000
/opt/freesurfer/average/711-2B_as_mni_average_305_mask.4dfp.img
       256       256       256         1
  1.000000  1.000000  1.000000
orientation T byte_order littleendian
Reading mask: /opt/freesurfer/average/711-2B_as_mni_average_305_mask.4dfp.img (2306576 pixels)
talsrcimg_g11.4dfp.img
       256       256       256         1
  0.898438  0.898438  0.898438
orientation T byte_order littleendian
Reading image: talsrcimg_g11.4dfp.img
dimensions:      256       256       256
mmppix:       0.8984   -0.8984   -0.8984
center:     115.0001 -115.8985 -115.8985
fimgreg.f
image alignment mode   2311 decimal      907 hex
parameters
   -1.5986   -8.1293    6.5783   -7.3685  -16.6617  -10.3249
    1.0374   -5.8111   -1.1035   19.8644    8.0636  -14.3227
eta,q 0.97488 10.24912
niter,ni,del,rscale     5    3    5.0000    0.8000
parameters
   -1.6123   -8.1899    6.5785   -8.1289  -15.8426  -10.3647
    1.0073   -5.8680   -1.2025   19.6446    7.9373  -14.2921
eta,q 0.97502 10.24308
  0.0269  0.0264  0.0260  0.0258  0.0264  0.0260  0.0265  0.0271  0.0261  0.0262  0.0255  0.0259
  0.0259  0.0257  0.0255  0.0253  0.0258  0.0254  0.0257  0.0259  0.0255  0.0255  0.0252  0.0254
  0.0253  0.0252  0.0252  0.0251  0.0254  0.0251  0.0251  0.0252  0.0251  0.0251  0.0250  0.0251
  0.0251  0.0251  0.0251  0.0251  0.0251  0.0250  0.0250  0.0250  0.0250  0.0250  0.0250  0.0250
  0.0253  0.0253  0.0252  0.0254  0.0250  0.0251  0.0252  0.0253  0.0252  0.0252  0.0251  0.0251
  0.0260  0.0258  0.0255  0.0258  0.0252  0.0254  0.0257  0.0260  0.0255  0.0257  0.0252  0.0254
  0.0269  0.0266  0.0260  0.0262  0.0258  0.0261  0.0266  0.0272  0.0261  0.0265  0.0255  0.0258
niter,ni,del,rscale     4    3    5.0000    0.7000
parameters
   -1.5831   -8.2046    6.5415   -8.1956  -15.7812  -10.5253
    0.9715   -5.8640   -1.2254   19.5746    7.8976  -14.3299
eta,q 0.97502 10.23495
  0.0264  0.0261  0.0257  0.0258  0.0259  0.0257  0.0261  0.0267  0.0258  0.0260  0.0254  0.0256
  0.0256  0.0255  0.0253  0.0253  0.0254  0.0253  0.0255  0.0257  0.0254  0.0254  0.0251  0.0252
  0.0252  0.0251  0.0251  0.0251  0.0251  0.0250  0.0251  0.0252  0.0251  0.0251  0.0250  0.0250
  0.0250  0.0250  0.0250  0.0250  0.0250  0.0250  0.0250  0.0250  0.0250  0.0250  0.0250  0.0250
  0.0251  0.0251  0.0251  0.0251  0.0250  0.0251  0.0251  0.0252  0.0251  0.0251  0.0250  0.0251
  0.0256  0.0255  0.0253  0.0254  0.0253  0.0254  0.0255  0.0257  0.0254  0.0255  0.0252  0.0253
  0.0263  0.0261  0.0257  0.0258  0.0259  0.0258  0.0262  0.0266  0.0258  0.0261  0.0254  0.0256
niter,ni,del,rscale     3    3    5.0000    0.6000
parameters
   -1.5780   -8.2131    6.5105   -8.2743  -15.6905  -10.6076
    0.9569   -5.8734   -1.2537   19.5403    7.8680  -14.3894
eta,q 0.97504 10.23195
  0.0260  0.0258  0.0255  0.0256  0.0256  0.0256  0.0258  0.0262  0.0256  0.0257  0.0253  0.0255
  0.0254  0.0253  0.0252  0.0252  0.0253  0.0252  0.0253  0.0255  0.0252  0.0253  0.0251  0.0252
  0.0251  0.0251  0.0250  0.0250  0.0251  0.0250  0.0250  0.0251  0.0250  0.0250  0.0250  0.0250
  0.0250  0.0250  0.0250  0.0250  0.0250  0.0250  0.0250  0.0250  0.0250  0.0250  0.0250  0.0250
  0.0251  0.0251  0.0250  0.0251  0.0250  0.0251  0.0251  0.0251  0.0250  0.0251  0.0250  0.0250
  0.0254  0.0254  0.0252  0.0253  0.0252  0.0253  0.0254  0.0255  0.0253  0.0253  0.0251  0.0252
  0.0260  0.0258  0.0255  0.0256  0.0256  0.0256  0.0258  0.0262  0.0256  0.0258  0.0253  0.0255
niter,ni,del,rscale     2    3    5.0000    0.5000
parameters
   -1.5734   -8.2168    6.4888   -8.3324  -15.6148  -10.6596
    0.9370   -5.8793   -1.2608   19.5206    7.8462  -14.4460
eta,q 0.97504 10.23074
  0.0257  0.0255  0.0253  0.0254  0.0254  0.0254  0.0256  0.0258  0.0254  0.0255  0.0252  0.0253
  0.0253  0.0252  0.0251  0.0251  0.0252  0.0251  0.0252  0.0254  0.0252  0.0252  0.0250  0.0251
  0.0250  0.0250  0.0250  0.0250  0.0250  0.0250  0.0250  0.0251  0.0250  0.0250  0.0250  0.0250
  0.0250  0.0250  0.0250  0.0250  0.0250  0.0250  0.0250  0.0250  0.0250  0.0250  0.0250  0.0250
  0.0250  0.0250  0.0250  0.0250  0.0250  0.0250  0.0250  0.0251  0.0250  0.0250  0.0250  0.0250
  0.0253  0.0252  0.0251  0.0252  0.0251  0.0252  0.0252  0.0254  0.0252  0.0252  0.0251  0.0251
  0.0257  0.0255  0.0254  0.0254  0.0254  0.0254  0.0256  0.0258  0.0254  0.0255  0.0252  0.0253
niter,ni,del,rscale     1    3    5.0000    0.4000
parameters
   -1.5703   -8.2201    6.4669   -8.3681  -15.5538  -10.7432
    0.9190   -5.8961   -1.2707   19.4905    7.8217  -14.4879
eta,q 0.97504 10.22863
  0.0254  0.0253  0.0252  0.0252  0.0253  0.0252  0.0253  0.0255  0.0252  0.0253  0.0251  0.0252
  0.0252  0.0251  0.0251  0.0251  0.0251  0.0251  0.0251  0.0252  0.0251  0.0251  0.0250  0.0251
  0.0250  0.0250  0.0250  0.0250  0.0250  0.0250  0.0250  0.0250  0.0250  0.0250  0.0250  0.0250
  0.0250  0.0250  0.0250  0.0250  0.0250  0.0250  0.0250  0.0250  0.0250  0.0250  0.0250  0.0250
  0.0250  0.0250  0.0250  0.0250  0.0250  0.0250  0.0250  0.0250  0.0250  0.0250  0.0250  0.0250
  0.0252  0.0251  0.0251  0.0251  0.0251  0.0251  0.0251  0.0252  0.0251  0.0251  0.0250  0.0251
  0.0254  0.0253  0.0252  0.0253  0.0253  0.0252  0.0253  0.0255  0.0252  0.0253  0.0251  0.0252
registration optimization eta report
parameter search radius
    0.8000    0.8000    0.8000    2.4000    2.4000    2.4000
    2.4000    2.4000    2.4000    2.4000    2.4000    2.4000
100000*second partial in parameter space
       72.       59.       37.        5.        5.        5.
        7.       10.        5.        6.        2.        4.
  0.0254  0.0253  0.0252  0.0252  0.0253  0.0252  0.0253  0.0255  0.0252  0.0253  0.0251  0.0252
  0.0252  0.0251  0.0251  0.0251  0.0251  0.0251  0.0251  0.0252  0.0251  0.0251  0.0250  0.0251
  0.0250  0.0250  0.0250  0.0250  0.0250  0.0250  0.0250  0.0250  0.0250  0.0250  0.0250  0.0250
  0.0250  0.0250  0.0250  0.0250  0.0250  0.0250  0.0250  0.0250  0.0250  0.0250  0.0250  0.0250
  0.0250  0.0250  0.0250  0.0250  0.0250  0.0250  0.0250  0.0250  0.0250  0.0250  0.0250  0.0250
  0.0252  0.0251  0.0251  0.0251  0.0251  0.0251  0.0251  0.0252  0.0251  0.0251  0.0250  0.0251
  0.0254  0.0253  0.0252  0.0253  0.0253  0.0252  0.0253  0.0255  0.0252  0.0253  0.0251  0.0252
   -1.5703   -8.2201    6.4669   -8.3681  -15.5538  -10.7432
    0.9190   -5.8961   -1.2707   19.4905    7.8217  -14.4879
eta,q 0.97504 10.22863

---------------------------------------------------------------------
imgreg_4dfp /opt/freesurfer/average/711-2C_as_mni_average_305 /opt/freesurfer/average/711-2B_as_mni_average_305_mask talsrcimg_g11 none talsrcimg_to_711-2C_as_mni_average_305_t4 2311
---------------------------------------------------------------------

freesurfer imgreg_4dfp.c
/opt/freesurfer/average/711-2C_as_mni_average_305.4dfp.img
       256       256       256         1
  1.000000  1.000000  1.000000
orientation T byte_order littleendian
Reading image: /opt/freesurfer/average/711-2C_as_mni_average_305.4dfp.img
dimensions:      256       256       256
mmppix:       1.0000   -1.0000   -1.0000
center:     128.0000 -129.0000 -129.0000
/opt/freesurfer/average/711-2B_as_mni_average_305_mask.4dfp.img
       256       256       256         1
  1.000000  1.000000  1.000000
orientation T byte_order littleendian
Reading mask: /opt/freesurfer/average/711-2B_as_mni_average_305_mask.4dfp.img (2306576 pixels)
talsrcimg_g11.4dfp.img
       256       256       256         1
  0.898438  0.898438  0.898438
orientation T byte_order littleendian
Reading image: talsrcimg_g11.4dfp.img
dimensions:      256       256       256
mmppix:       0.8984   -0.8984   -0.8984
center:     115.0001 -115.8985 -115.8985
fimgreg.f
image alignment mode   2311 decimal      907 hex
parameters
   -1.5703   -8.2201    6.4669   -8.3681  -15.5538  -10.7432
    0.9190   -5.8961   -1.2707   19.4905    7.8217  -14.4879
eta,q 0.97504 10.22863
niter,ni,del,rscale     5    3    5.0000    0.8000
parameters
   -1.5663   -8.1928    6.4539   -8.1516  -15.8663  -10.6292
    0.9704   -5.8475   -1.2058   19.5931    7.9392  -14.4438
eta,q 0.97503 10.23024
  0.0268  0.0265  0.0259  0.0261  0.0259  0.0262  0.0266  0.0272  0.0261  0.0264  0.0255  0.0259
  0.0258  0.0256  0.0254  0.0255  0.0254  0.0255  0.0257  0.0260  0.0255  0.0256  0.0252  0.0254
  0.0252  0.0251  0.0251  0.0251  0.0251  0.0251  0.0251  0.0252  0.0251  0.0251  0.0250  0.0251
  0.0250  0.0250  0.0250  0.0250  0.0250  0.0250  0.0250  0.0250  0.0250  0.0250  0.0250  0.0250
  0.0252  0.0251  0.0251  0.0251  0.0251  0.0251  0.0251  0.0252  0.0251  0.0251  0.0250  0.0251
  0.0258  0.0256  0.0254  0.0254  0.0255  0.0254  0.0256  0.0259  0.0255  0.0255  0.0252  0.0254
  0.0268  0.0264  0.0259  0.0259  0.0264  0.0260  0.0265  0.0271  0.0261  0.0263  0.0254  0.0258
niter,ni,del,rscale     4    3    5.0000    0.7000
parameters
   -1.5780   -8.2070    6.4864   -8.2159  -15.7921  -10.5778
    0.9747   -5.8615   -1.2255   19.5755    7.8989  -14.4059
eta,q 0.97503 10.23177
  0.0264  0.0261  0.0257  0.0258  0.0259  0.0258  0.0262  0.0266  0.0258  0.0260  0.0254  0.0257
  0.0256  0.0254  0.0253  0.0253  0.0254  0.0253  0.0255  0.0257  0.0253  0.0254  0.0251  0.0253
  0.0251  0.0251  0.0251  0.0250  0.0251  0.0250  0.0251  0.0251  0.0251  0.0251  0.0250  0.0250
  0.0250  0.0250  0.0250  0.0250  0.0250  0.0250  0.0250  0.0250  0.0250  0.0250  0.0250  0.0250
  0.0251  0.0251  0.0250  0.0251  0.0250  0.0251  0.0251  0.0252  0.0251  0.0251  0.0250  0.0251
  0.0256  0.0255  0.0253  0.0254  0.0253  0.0253  0.0255  0.0257  0.0254  0.0254  0.0252  0.0253
  0.0264  0.0261  0.0257  0.0258  0.0259  0.0258  0.0261  0.0266  0.0258  0.0260  0.0254  0.0256
niter,ni,del,rscale     3    3    5.0000    0.6000
parameters
   -1.5771   -8.2127    6.4945   -8.2798  -15.6963  -10.6078
    0.9518   -5.8744   -1.2458   19.5468    7.8749  -14.4085
eta,q 0.97503 10.23159
  0.0260  0.0258  0.0255  0.0256  0.0256  0.0256  0.0258  0.0262  0.0256  0.0257  0.0253  0.0255
  0.0254  0.0253  0.0252  0.0252  0.0253  0.0252  0.0253  0.0255  0.0252  0.0253  0.0251  0.0252
  0.0251  0.0251  0.0250  0.0250  0.0251  0.0250  0.0250  0.0251  0.0250  0.0250  0.0250  0.0250
  0.0250  0.0250  0.0250  0.0250  0.0250  0.0250  0.0250  0.0250  0.0250  0.0250  0.0250  0.0250
  0.0251  0.0251  0.0250  0.0251  0.0250  0.0251  0.0251  0.0251  0.0250  0.0251  0.0250  0.0250
  0.0254  0.0254  0.0252  0.0253  0.0252  0.0252  0.0254  0.0255  0.0253  0.0253  0.0251  0.0252
  0.0260  0.0258  0.0255  0.0256  0.0256  0.0256  0.0258  0.0262  0.0256  0.0258  0.0253  0.0254
niter,ni,del,rscale     2    3    5.0000    0.5000
parameters
   -1.5726   -8.2160    6.4828   -8.3298  -15.6112  -10.6625
    0.9348   -5.8820   -1.2514   19.5311    7.8197  -14.4524
eta,q 0.97504 10.23120
  0.0257  0.0255  0.0253  0.0254  0.0254  0.0254  0.0256  0.0258  0.0254  0.0255  0.0252  0.0253
  0.0253  0.0252  0.0251  0.0251  0.0252  0.0251  0.0252  0.0253  0.0252  0.0252  0.0250  0.0251
  0.0250  0.0250  0.0250  0.0250  0.0250  0.0250  0.0250  0.0251  0.0250  0.0250  0.0250  0.0250
  0.0250  0.0250  0.0250  0.0250  0.0250  0.0250  0.0250  0.0250  0.0250  0.0250  0.0250  0.0250
  0.0250  0.0250  0.0250  0.0250  0.0250  0.0250  0.0250  0.0251  0.0250  0.0250  0.0250  0.0250
  0.0253  0.0252  0.0251  0.0252  0.0251  0.0252  0.0252  0.0254  0.0252  0.0252  0.0251  0.0251
  0.0257  0.0255  0.0253  0.0254  0.0254  0.0254  0.0256  0.0258  0.0254  0.0255  0.0252  0.0253
niter,ni,del,rscale     1    3    5.0000    0.4000
parameters
   -1.5697   -8.2194    6.4681   -8.3591  -15.5512  -10.7290
    0.9206   -5.8908   -1.2672   19.5003    7.8091  -14.4934
eta,q 0.97505 10.23004
  0.0254  0.0253  0.0252  0.0252  0.0253  0.0252  0.0253  0.0255  0.0252  0.0253  0.0251  0.0252
  0.0252  0.0251  0.0251  0.0251  0.0251  0.0251  0.0251  0.0252  0.0251  0.0251  0.0250  0.0251
  0.0250  0.0250  0.0250  0.0250  0.0250  0.0250  0.0250  0.0250  0.0250  0.0250  0.0250  0.0250
  0.0250  0.0250  0.0250  0.0250  0.0250  0.0250  0.0250  0.0250  0.0250  0.0250  0.0250  0.0250
  0.0250  0.0250  0.0250  0.0250  0.0250  0.0250  0.0250  0.0250  0.0250  0.0250  0.0250  0.0250
  0.0252  0.0251  0.0251  0.0251  0.0251  0.0251  0.0251  0.0252  0.0251  0.0251  0.0250  0.0251
  0.0254  0.0253  0.0252  0.0253  0.0253  0.0252  0.0253  0.0255  0.0253  0.0253  0.0251  0.0252
registration optimization eta report
parameter search radius
    0.8000    0.8000    0.8000    2.4000    2.4000    2.4000
    2.4000    2.4000    2.4000    2.4000    2.4000    2.4000
100000*second partial in parameter space
       72.       59.       37.        5.        5.        5.
        7.       10.        5.        6.        2.        4.
  0.0254  0.0253  0.0252  0.0252  0.0253  0.0252  0.0253  0.0255  0.0252  0.0253  0.0251  0.0252
  0.0252  0.0251  0.0251  0.0251  0.0251  0.0251  0.0251  0.0252  0.0251  0.0251  0.0250  0.0251
  0.0250  0.0250  0.0250  0.0250  0.0250  0.0250  0.0250  0.0250  0.0250  0.0250  0.0250  0.0250
  0.0250  0.0250  0.0250  0.0250  0.0250  0.0250  0.0250  0.0250  0.0250  0.0250  0.0250  0.0250
  0.0250  0.0250  0.0250  0.0250  0.0250  0.0250  0.0250  0.0250  0.0250  0.0250  0.0250  0.0250
  0.0252  0.0251  0.0251  0.0251  0.0251  0.0251  0.0251  0.0252  0.0251  0.0251  0.0250  0.0251
  0.0254  0.0253  0.0252  0.0253  0.0253  0.0252  0.0253  0.0255  0.0253  0.0253  0.0251  0.0252
   -1.5697   -8.2194    6.4681   -8.3591  -15.5512  -10.7290
    0.9206   -5.8908   -1.2672   19.5003    7.8091  -14.4934
eta,q 0.97505 10.23004

---------------------------------------------------------------------
compute_vox2vox talsrcimg talsrcimg_to_711-2C_as_mni_average_305_t4 /opt/freesurfer/average/711-2C_as_mni_average_305
---------------------------------------------------------------------

freesurfer compute_vox2vox.c
Reading: talsrcimg.4dfp.ifh
Reading: talsrcimg_to_711-2C_as_mni_average_305_t4
Reading: /opt/freesurfer/average/711-2C_as_mni_average_305.4dfp.ifh
Writing: talsrcimg_to_711-2C_as_mni_average_305_t4_vox2vox.txt

start time Wed Mar 11 04:57:06 CET 2026
end		time Wed Mar 11 04:58:30 CET 2026

mpr2mni305 success

avi2talxfm orig_nu.mgz /opt/freesurfer/average/mni305.cor.mgz talsrcimg_to_711-2C_as_mni_average_305_t4_vox2vox.txt transforms/talairach.auto.xfm
avi2talxfm done
mv -f /out/sourcedata/freesurfer/sub-v2s13x29129_ses-1/mri/talsrcimg_to_711-2C_as_mni_average_305_t4_vox2vox.txt /out/sourcedata/freesurfer/sub-v2s13x29129_ses-1/mri/transforms/talsrcimg_to_711-2C_as_mni_average_305_t4_vox2vox.txt
lta_convert --src orig_nu.mgz --trg /opt/freesurfer/average/mni305.cor.mgz --inxfm transforms/talairach.auto.xfm --outlta transforms/talairach.auto.xfm.lta --subject fsaverage
7.3.2

--src: orig_nu.mgz src image (geometry).
--trg: /opt/freesurfer/average/mni305.cor.mgz trg image (geometry).
--inmni: transforms/talairach.auto.xfm input MNI/XFM transform.
--outlta: transforms/talairach.auto.xfm.lta output LTA.
--s: fsaverage subject name
 LTA read, type : 1
 1.08513   0.07151   0.00044   0.05883;
-0.08895   1.07384   0.18527  -19.69849;
 0.03682  -0.24689   1.14137  -34.80931;
 0.00000   0.00000   0.00000   1.00000;
setting subject to fsaverage
Writing  LTA to file transforms/talairach.auto.xfm.lta...
lta_convert successful.
 
 
Started at Wed Mar 11 04:57:05 CET 2026
Ended   at Wed Mar 11 04:58:30 CET 2026
talairach_avi done
