status file for recon-all
Wed Mar 11 04:03:15 CET 2026
#@# MotionCor Wed Mar 11 04:03:17 CET 2026
#@# Talairach Wed Mar 11 04:03:27 CET 2026
#@# Talairach Failure Detection Wed Mar 11 04:07:53 CET 2026
#@# Nu Intensity Correction Wed Mar 11 04:07:53 CET 2026
#@# Intensity Normalization Wed Mar 11 04:11:12 CET 2026
recon-all -s sub-v2s13x29115_ses-1 finished without error at Wed Mar 11 04:12:45 CET 2026



#New# invocation of recon-all 



status file for recon-all
Wed Mar 11 04:20:09 CET 2026
#@# EM Registration Wed Mar 11 04:20:09 CET 2026
recon-all -s sub-v2s13x29115_ses-1 finished without error at Wed Mar 11 04:22:17 CET 2026



#New# invocation of recon-all 



status file for recon-all
Wed Mar 11 04:22:20 CET 2026
#@# CA Normalize Wed Mar 11 04:22:20 CET 2026
#@# CA Reg Wed Mar 11 04:23:40 CET 2026
#@# SubCort Seg Wed Mar 11 05:20:13 CET 2026
#@# CC Seg Wed Mar 11 05:52:39 CET 2026
#@# Merge ASeg Wed Mar 11 05:53:11 CET 2026
#@# Intensity Normalization2 Wed Mar 11 05:53:11 CET 2026
#@# Mask BFS Wed Mar 11 05:55:32 CET 2026
#@# WM Segmentation Wed Mar 11 05:55:32 CET 2026
#@# Fill Wed Mar 11 05:57:34 CET 2026
recon-all -s sub-v2s13x29115_ses-1 finished without error at Wed Mar 11 05:58:36 CET 2026



#New# invocation of recon-all 



status file for recon-all
Wed Mar 11 06:48:54 CET 2026
#@# white curv lh Wed Mar 11 06:48:54 CET 2026
#@# white area lh Wed Mar 11 06:48:54 CET 2026
#@# pial curv lh Wed Mar 11 06:48:54 CET 2026
#@# pial area lh Wed Mar 11 06:48:54 CET 2026
#@# thickness lh Wed Mar 11 06:48:54 CET 2026
#@# area and vertex vol lh Wed Mar 11 06:48:54 CET 2026
#@# white curv rh Wed Mar 11 06:48:54 CET 2026
#@# white area rh Wed Mar 11 06:48:54 CET 2026
#@# pial curv rh Wed Mar 11 06:48:54 CET 2026
#@# pial area rh Wed Mar 11 06:48:54 CET 2026
#@# thickness rh Wed Mar 11 06:48:54 CET 2026
#@# area and vertex vol rh Wed Mar 11 06:48:54 CET 2026
#@# Cortical ribbon mask Wed Mar 11 06:48:54 CET 2026
recon-all -s sub-v2s13x29115_ses-1 finished without error at Wed Mar 11 06:58:49 CET 2026



#New# invocation of recon-all 



status file for recon-all
Wed Mar 11 07:06:53 CET 2026
#@# white curv lh Wed Mar 11 07:06:53 CET 2026
#@# white area lh Wed Mar 11 07:06:53 CET 2026
#@# pial curv lh Wed Mar 11 07:06:53 CET 2026
#@# pial area lh Wed Mar 11 07:06:53 CET 2026
#@# thickness lh Wed Mar 11 07:06:53 CET 2026
#@# area and vertex vol lh Wed Mar 11 07:06:53 CET 2026
#@# white curv rh Wed Mar 11 07:06:53 CET 2026
#@# white area rh Wed Mar 11 07:06:53 CET 2026
#@# pial curv rh Wed Mar 11 07:06:53 CET 2026
#@# pial area rh Wed Mar 11 07:06:53 CET 2026
#@# thickness rh Wed Mar 11 07:06:53 CET 2026
#@# area and vertex vol rh Wed Mar 11 07:06:53 CET 2026
#@# Curvature Stats lh Wed Mar 11 07:06:53 CET 2026
#@# Curvature Stats rh Wed Mar 11 07:06:57 CET 2026
#@# Relabel Hypointensities Wed Mar 11 07:07:00 CET 2026
#@# APas-to-ASeg Wed Mar 11 07:07:17 CET 2026
#@# AParc-to-ASeg aparc Wed Mar 11 07:07:28 CET 2026
#@# AParc-to-ASeg aparc.a2009s Wed Mar 11 07:08:07 CET 2026
#@# AParc-to-ASeg aparc.DKTatlas Wed Mar 11 07:08:49 CET 2026
#@# WMParc Wed Mar 11 07:09:30 CET 2026
#@# ASeg Stats Wed Mar 11 07:13:57 CET 2026
recon-all -s sub-v2s13x29115_ses-1 finished without error at Wed Mar 11 07:14:38 CET 2026
