/out/sourcedata/freesurfer/sub-v2s13x29104_ses-1/mri
/opt/freesurfer/bin/talairach_avi
--i orig_nu.mgz --xfm transforms/talairach.auto.xfm
talairach_avi 7.3.2
Linux dna060 5.14.0-427.37.1.el9_4.x86_64 #1 SMP PREEMPT_DYNAMIC Fri Sep 13 12:41:50 EDT 2024 x86_64 x86_64 x86_64 GNU/Linux
Wed Mar 11 03:29:09 CET 2026
mri_convert orig_nu.mgz talsrcimg.img 
reading from orig_nu.mgz...
TR=0.00, TE=0.00, TI=0.00, flip angle=0.00
i_ras = (-1, -1.29575e-10, 0)
j_ras = (6.47877e-11, 0, -1)
k_ras = (6.47877e-11, 1, 3.31713e-08)
writing to talsrcimg.img...
Analyze Output Matrix
-0.89844   0.00000   0.00000   118.44710;
-0.00000   0.00000   0.89844  -112.01693;
 0.00000  -0.89844   0.00000   123.01701;
 0.00000   0.00000   0.00000   1.00000;
--------------------
INFO: set hdr.hist.orient to -1
mpr2mni305 talsrcimg
Wed Mar 11 03:29:09 CET 2026
/opt/freesurfer/bin/mpr2mni305 talsrcimg
mpr2mni305 7.3.2
target=711-2C_as_mni_average_305

---------------------------------------------------------------------
analyzeto4dfp talsrcimg -O0 -y
---------------------------------------------------------------------

freesurfer ifh2hdr.c
Wed Mar 11 03:29:09 2026
Writing: talsrcimg.4dfp.hdr
freesurfer analyzeto4dfp.c
Reading: talsrcimg.hdr
header size 348 bytes
hdr.dime.datatype	offset=70	value=2
hdr.dime.bitpix		offset=72	value=8
hdr.hist.orient		offset=252	value=-1
dimensionality     4
dimensions       256       256       256         1
Reading: talsrcimg.img
Writing: talsrcimg.4dfp.img
Writing: talsrcimg.4dfp.ifh
ifh2hdr talsrcimg -r0to237
ori=2

---------------------------------------------------------------------
gauss_4dfp talsrcimg 1.1
---------------------------------------------------------------------

freesurfer gauss_4dfp.c
Reading: talsrcimg.4dfp.img
Writing: talsrcimg_g11.4dfp.img
image dimensions 256 256 256 padded to 288 288 288
processing volume 1freesurfer ifh2hdr.c
Wed Mar 11 03:29:11 2026
Writing: talsrcimg_g11.4dfp.hdr

Writing: talsrcimg_g11.4dfp.ifh
including: talsrcimg.4dfp.img.rec in talsrcimg_g11.4dfp.img.rec

---------------------------------------------------------------------
imgreg_4dfp /opt/freesurfer/average/711-2C_as_mni_average_305 none talsrcimg_g11 none talsrcimg_to_711-2C_as_mni_average_305_t4 4355
---------------------------------------------------------------------

freesurfer imgreg_4dfp.c
/opt/freesurfer/average/711-2C_as_mni_average_305.4dfp.img
       256       256       256         1
  1.000000  1.000000  1.000000
orientation T byte_order littleendian
Reading image: /opt/freesurfer/average/711-2C_as_mni_average_305.4dfp.img
dimensions:      256       256       256
mmppix:       1.0000   -1.0000   -1.0000
center:     128.0000 -129.0000 -129.0000
talsrcimg_g11.4dfp.img
       256       256       256         1
  0.898438  0.898438  0.898438
orientation T byte_order littleendian
Reading image: talsrcimg_g11.4dfp.img
dimensions:      256       256       256
mmppix:       0.8984   -0.8984   -0.8984
center:     115.0001 -115.8985 -115.8985
t4_read: open error in t4_sub.f l:  41 t4_file(1:l)talsrcimg_to_711-2C_as_mni_average_305_t4 
t4_read: transform initialized to I4
rotation matrix determinant  1.000000
image alignment mode   4355 decimal     1103 hex
   -7.5000  -45.0000  -45.0000 6621.3149   11.7634
    0.0000  -45.0000  -45.0000 6647.5894   11.7833
    7.5000  -45.0000  -45.0000 6274.6489   11.7917
   -7.5000  -37.5000  -45.0000 6966.1597   12.4804
    0.0000  -37.5000  -45.0000 6991.7129   12.5015
    7.5000  -37.5000  -45.0000 6593.1914   12.5169
   -7.5000  -30.0000  -45.0000 7336.7285   12.8502
    0.0000  -30.0000  -45.0000 7349.5532   12.8735
    7.5000  -30.0000  -45.0000 6937.3755   12.8961
   -7.5000  -22.5000  -45.0000 7826.7900   12.8457
    0.0000  -22.5000  -45.0000 7859.9517   12.8708
    7.5000  -22.5000  -45.0000 7412.6899   12.8943
   -7.5000  -15.0000  -45.0000 8264.3193   12.8672
    0.0000  -15.0000  -45.0000 8278.5127   12.8919
    7.5000  -15.0000  -45.0000 7802.9321   12.9088
   -7.5000   -7.5000  -45.0000 8230.7246   12.8915
    0.0000   -7.5000  -45.0000 8240.2939   12.9147
    7.5000   -7.5000  -45.0000 7769.8794   12.9244
   -7.5000    0.0000  -45.0000 8147.6050   12.8950
    0.0000    0.0000  -45.0000 8162.8711   12.9168
    7.5000    0.0000  -45.0000 7683.1733   12.9260
   -7.5000    7.5000  -45.0000 7644.6538   12.8739
    0.0000    7.5000  -45.0000 7665.0815   12.8957
    7.5000    7.5000  -45.0000 7216.3750   12.9115
   -7.5000   15.0000  -45.0000 7313.7588   12.8542
    0.0000   15.0000  -45.0000 7341.3218   12.8775
    7.5000   15.0000  -45.0000 6905.5664   12.9001
   -7.5000   22.5000  -45.0000 6703.1270   12.7578
    0.0000   22.5000  -45.0000 6710.7461   12.7831
    7.5000   22.5000  -45.0000 6308.2188   12.8067
   -7.5000   30.0000  -45.0000 6195.2793   12.6519
    0.0000   30.0000  -45.0000 6200.5278   12.6766
    7.5000   30.0000  -45.0000 5816.0317   12.6930
   -7.5000   37.5000  -45.0000 5673.1406   12.5820
    0.0000   37.5000  -45.0000 5685.8672   12.6051
    7.5000   37.5000  -45.0000 5337.5952   12.6154
   -7.5000   45.0000  -45.0000 5101.7397   12.6062
    0.0000   45.0000  -45.0000 5111.0586   12.6279
    7.5000   45.0000  -45.0000 4802.2021   12.6445
   -7.5000  -45.0000  -37.5000 7199.9517   12.2945
    0.0000  -45.0000  -37.5000 7208.5132   12.3149
    7.5000  -45.0000  -37.5000 6803.9551   12.3258
   -7.5000  -37.5000  -37.5000 7544.1206   13.0459
    0.0000  -37.5000  -37.5000 7557.1953   13.0691
    7.5000  -37.5000  -37.5000 7132.7603   13.0858
   -7.5000  -30.0000  -37.5000 7934.0957   13.4032
    0.0000  -30.0000  -37.5000 7951.5459   13.4278
    7.5000  -30.0000  -37.5000 7505.1401   13.4508
   -7.5000  -22.5000  -37.5000 8457.8477   13.3956
    0.0000  -22.5000  -37.5000 8502.0029   13.4194
    7.5000  -22.5000  -37.5000 8009.8101   13.4432
   -7.5000  -15.0000  -37.5000 8920.6328   13.4220
    0.0000  -15.0000  -37.5000 8970.4160   13.4436
    7.5000  -15.0000  -37.5000 8449.0908   13.4622
   -7.5000   -7.5000  -37.5000 8880.6816   13.4537
    0.0000   -7.5000  -37.5000 8902.6582   13.4746
    7.5000   -7.5000  -37.5000 8391.6553   13.4873
   -7.5000    0.0000  -37.5000 8815.6973   13.4600
    0.0000    0.0000  -37.5000 8841.6289   13.4824
    7.5000    0.0000  -37.5000 8332.7188   13.4942
   -7.5000    7.5000  -37.5000 8250.2207   13.4335
    0.0000    7.5000  -37.5000 8265.3115   13.4574
    7.5000    7.5000  -37.5000 7806.3989   13.4746
   -7.5000   15.0000  -37.5000 7891.3208   13.4073
    0.0000   15.0000  -37.5000 7901.7617   13.4319
    7.5000   15.0000  -37.5000 7462.2109   13.4549
   -7.5000   22.5000  -37.5000 7206.3267   13.3067
    0.0000   22.5000  -37.5000 7200.3193   13.3304
    7.5000   22.5000  -37.5000 6797.4653   13.3542
   -7.5000   30.0000  -37.5000 6654.5723   13.2060
    0.0000   30.0000  -37.5000 6650.1694   13.2269
    7.5000   30.0000  -37.5000 6244.1079   13.2446
   -7.5000   37.5000  -37.5000 6089.0464   13.1336
    0.0000   37.5000  -37.5000 6091.8193   13.1549
    7.5000   37.5000  -37.5000 5724.5508   13.1680
   -7.5000   45.0000  -37.5000 5472.8057   13.1433
    0.0000   45.0000  -37.5000 5468.8184   13.1653
    7.5000   45.0000  -37.5000 5144.4941   13.1844
   -7.5000  -45.0000  -30.0000 7793.2632   12.8338
    0.0000  -45.0000  -30.0000 7803.5532   12.8479
    7.5000  -45.0000  -30.0000 7359.6646   12.8522
   -7.5000  -37.5000  -30.0000 8139.7139   13.6229
    0.0000  -37.5000  -30.0000 8142.7778   13.6415
    7.5000  -37.5000  -30.0000 7708.1753   13.6521
   -7.5000  -30.0000  -30.0000 8561.4424   13.9706
    0.0000  -30.0000  -30.0000 8592.6924   13.9906
    7.5000  -30.0000  -30.0000 8132.6226   14.0089
   -7.5000  -22.5000  -30.0000 9119.6260   13.9571
    0.0000  -22.5000  -30.0000 9150.6514   13.9741
    7.5000  -22.5000  -30.0000 8669.0215   13.9942
   -7.5000  -15.0000  -30.0000 9606.3467   13.9841
    0.0000  -15.0000  -30.0000 9636.4775   13.9968
    7.5000  -15.0000  -30.0000 9130.8828   14.0114
   -7.5000   -7.5000  -30.0000 9538.3682   14.0230
    0.0000   -7.5000  -30.0000 9555.0898   14.0350
    7.5000   -7.5000  -30.0000 9041.6416   14.0422
   -7.5000    0.0000  -30.0000 9477.0576   14.0359
    0.0000    0.0000  -30.0000 9489.8896   14.0513
    7.5000    0.0000  -30.0000 8977.9541   14.0560
   -7.5000    7.5000  -30.0000 8878.5020   14.0064
    0.0000    7.5000  -30.0000 8889.1611   14.0255
    7.5000    7.5000  -30.0000 8435.4893   14.0364
   -7.5000   15.0000  -30.0000 8469.2510   13.9736
    0.0000   15.0000  -30.0000 8472.8496   13.9936
    7.5000   15.0000  -30.0000 8046.9258   14.0120
   -7.5000   22.5000  -30.0000 7701.5220   13.8660
    0.0000   22.5000  -30.0000 7698.0088   13.8825
    7.5000   22.5000  -30.0000 7297.3613   13.9024
   -7.5000   30.0000  -30.0000 7102.2515   13.7716
    0.0000   30.0000  -30.0000 7104.9858   13.7822
    7.5000   30.0000  -30.0000 6701.3965   13.7951
   -7.5000   37.5000  -30.0000 6480.6187   13.7102
    0.0000   37.5000  -30.0000 6475.4419   13.7211
    7.5000   37.5000  -30.0000 6114.8501   13.7290
   -7.5000   45.0000  -30.0000 5802.0156   13.7219
    0.0000   45.0000  -30.0000 5794.9326   13.7364
    7.5000   45.0000  -30.0000 5473.6919   13.7491
   -7.5000  -45.0000  -22.5000 8367.6680   13.3118
    0.0000  -45.0000  -22.5000 8378.9111   13.3192
    7.5000  -45.0000  -22.5000 7927.9512   13.3151
   -7.5000  -37.5000  -22.5000 8730.6729   14.1381
    0.0000  -37.5000  -22.5000 8752.3516   14.1508
    7.5000  -37.5000  -22.5000 8291.3262   14.1552
   -7.5000  -30.0000  -22.5000 9194.6689   14.4794
    0.0000  -30.0000  -22.5000 9241.2676   14.4948
    7.5000  -30.0000  -22.5000 8747.4385   14.5095
   -7.5000  -22.5000  -22.5000 9787.5967   14.4622
    0.0000  -22.5000  -22.5000 9816.0264   14.4746
    7.5000  -22.5000  -22.5000 9308.0596   14.4913
   -7.5000  -15.0000  -22.500010300.8281   14.4893
    0.0000  -15.0000  -22.500010322.0645   14.4966
    7.5000  -15.0000  -22.5000 9804.4795   14.5054
   -7.5000   -7.5000  -22.500010214.3633   14.5330
    0.0000   -7.5000  -22.500010231.0537   14.5384
    7.5000   -7.5000  -22.5000 9717.4668   14.5370
   -7.5000    0.0000  -22.500010124.5283   14.5503
    0.0000    0.0000  -22.500010129.4844   14.5583
    7.5000    0.0000  -22.5000 9625.8203   14.5539
   -7.5000    7.5000  -22.5000 9521.8008   14.5180
    0.0000    7.5000  -22.5000 9509.8828   14.5311
    7.5000    7.5000  -22.5000 9041.2021   14.5356
   -7.5000   15.0000  -22.5000 9064.5254   14.4807
    0.0000   15.0000  -22.5000 9059.0537   14.4960
    7.5000   15.0000  -22.5000 8620.6709   14.5108
   -7.5000   22.5000  -22.5000 8210.1016   14.3677
    0.0000   22.5000  -22.5000 8207.0811   14.3794
    7.5000   22.5000  -22.5000 7801.4854   14.3958
   -7.5000   30.0000  -22.5000 7548.4395   14.2794
    0.0000   30.0000  -22.5000 7549.0713   14.2837
    7.5000   30.0000  -22.5000 7150.5874   14.2904
   -7.5000   37.5000  -22.5000 6861.9146   14.2316
    0.0000   37.5000  -22.5000 6859.3345   14.2336
    7.5000   37.5000  -22.5000 6504.6055   14.2334
   -7.5000   45.0000  -22.5000 6135.3794   14.2553
    0.0000   45.0000  -22.5000 6134.1021   14.2622
    7.5000   45.0000  -22.5000 5819.2314   14.2672
   -7.5000  -45.0000  -15.0000 8947.2979   13.7512
    0.0000  -45.0000  -15.0000 8983.4492   13.7584
    7.5000  -45.0000  -15.0000 8495.9238   13.7519
   -7.5000  -37.5000  -15.0000 9347.7900   14.6029
    0.0000  -37.5000  -15.0000 9385.6064   14.6148
    7.5000  -37.5000  -15.0000 8882.6064   14.6190
   -7.5000  -30.0000  -15.0000 9825.1738   14.9480
    0.0000  -30.0000  -15.0000 9870.3633   14.9641
    7.5000  -30.0000  -15.0000 9318.8301   14.9797
   -7.5000  -22.5000  -15.000010457.7197   14.9373
    0.0000  -22.5000  -15.000010486.4766   14.9531
    7.5000  -22.5000  -15.0000 9918.7480   14.9700
   -7.5000  -15.0000  -15.000011019.4463   14.9662
    0.0000  -15.0000  -15.000011057.6133   14.9778
    7.5000  -15.0000  -15.000010463.3848   14.9844
   -7.5000   -7.5000  -15.000010926.9199   15.0054
    0.0000   -7.5000  -15.000010954.9072   15.0133
    7.5000   -7.5000  -15.000010395.4512   15.0082
   -7.5000    0.0000  -15.000010774.8867   15.0159
    0.0000    0.0000  -15.000010777.9238   15.0238
    7.5000    0.0000  -15.000010251.1982   15.0167
   -7.5000    7.5000  -15.000010092.1787   14.9808
    0.0000    7.5000  -15.000010082.8730   14.9930
    7.5000    7.5000  -15.0000 9612.9453   14.9973
   -7.5000   15.0000  -15.0000 9618.3467   14.9476
    0.0000   15.0000  -15.0000 9591.9951   14.9637
    7.5000   15.0000  -15.0000 9188.8936   14.9794
   -7.5000   22.5000  -15.0000 8718.4639   14.8391
    0.0000   22.5000  -15.0000 8683.6113   14.8545
    7.5000   22.5000  -15.0000 8312.5107   14.8711
   -7.5000   30.0000  -15.0000 7994.4653   14.7558
    0.0000   30.0000  -15.0000 7983.8413   14.7652
    7.5000   30.0000  -15.0000 7612.2798   14.7701
   -7.5000   37.5000  -15.0000 7263.2427   14.7140
    0.0000   37.5000  -15.0000 7258.9727   14.7182
    7.5000   37.5000  -15.0000 6894.0498   14.7146
   -7.5000   45.0000  -15.0000 6490.9653   14.7432
    0.0000   45.0000  -15.0000 6496.3564   14.7505
    7.5000   45.0000  -15.0000 6165.5200   14.7540
   -7.5000  -45.0000   -7.5000 9262.6084   13.7411
    0.0000  -45.0000   -7.5000 9314.7930   13.7550
    7.5000  -45.0000   -7.5000 8782.7451   13.7550
   -7.5000  -37.5000   -7.5000 9713.0566   14.5934
    0.0000  -37.5000   -7.5000 9766.4639   14.6105
    7.5000  -37.5000   -7.5000 9192.9307   14.6210
   -7.5000  -30.0000   -7.500010167.5732   14.9464
    0.0000  -30.0000   -7.500010211.5186   14.9678
    7.5000  -30.0000   -7.5000 9624.7822   14.9883
   -7.5000  -22.5000   -7.500010801.8828   14.9436
    0.0000  -22.5000   -7.500010843.3242   14.9670
    7.5000  -22.5000   -7.500010244.8555   14.9876
   -7.5000  -15.0000   -7.500011401.5420   14.9722
    0.0000  -15.0000   -7.500011454.2500   14.9934
    7.5000  -15.0000   -7.500010805.1006   15.0040
   -7.5000   -7.5000   -7.500011309.4531   15.0027
    0.0000   -7.5000   -7.500011374.0039   15.0200
    7.5000   -7.5000   -7.500010742.2422   15.0203
   -7.5000    0.0000   -7.500011108.2598   15.0049
    0.0000    0.0000   -7.500011134.4473   15.0201
    7.5000    0.0000   -7.500010559.9746   15.0201
   -7.5000    7.5000   -7.500010373.1973   14.9711
    0.0000    7.5000   -7.500010375.4189   14.9886
    7.5000    7.5000   -7.5000 9886.0732   14.9993
   -7.5000   15.0000   -7.5000 9914.5811   14.9459
    0.0000   15.0000   -7.5000 9893.8164   14.9672
    7.5000   15.0000   -7.5000 9452.4717   14.9878
   -7.5000   22.5000   -7.5000 9004.8252   14.8434
    0.0000   22.5000   -7.5000 8976.1885   14.8669
    7.5000   22.5000   -7.5000 8575.6924   14.8874
   -7.5000   30.0000   -7.5000 8257.5498   14.7563
    0.0000   30.0000   -7.5000 8240.7910   14.7769
    7.5000   30.0000   -7.5000 7868.5654   14.7867
   -7.5000   37.5000   -7.5000 7486.1299   14.7053
    0.0000   37.5000   -7.5000 7476.9331   14.7206
    7.5000   37.5000   -7.5000 7131.2354   14.7222
   -7.5000   45.0000   -7.5000 6683.7261   14.7282
    0.0000   45.0000   -7.5000 6683.1484   14.7432
    7.5000   45.0000   -7.5000 6355.9912   14.7533
   -7.5000  -45.0000    0.0000 9369.0479   14.0717
    0.0000  -45.0000    0.0000 9413.8174   14.0940
    7.5000  -45.0000    0.0000 8850.9600   14.1032
   -7.5000  -37.5000    0.0000 9886.0137   14.9404
    0.0000  -37.5000    0.0000 9952.4316   14.9649
    7.5000  -37.5000    0.0000 9315.1738   14.9827
   -7.5000  -30.0000    0.000010370.3145   15.2946
    0.0000  -30.0000    0.000010448.0850   15.3219
    7.5000  -30.0000    0.0000 9779.3184   15.3476
   -7.5000  -22.5000    0.000011006.3496   15.2927
    0.0000  -22.5000    0.000011081.1357   15.3219
    7.5000  -22.5000    0.000010365.6943   15.3479
   -7.5000  -15.0000    0.000011594.3623   15.3216
    0.0000  -15.0000    0.000011682.6221   15.3495
    7.5000  -15.0000    0.000010924.7334   15.3674
   -7.5000   -7.5000    0.000011521.8145   15.3502
    0.0000   -7.5000    0.000011609.1279   15.3758
    7.5000   -7.5000    0.000010870.3906   15.3857
   -7.5000    0.0000    0.000011282.9287   15.3508
    0.0000    0.0000    0.000011353.6318   15.3751
    7.5000    0.0000    0.000010675.2207   15.3851
   -7.5000    7.5000    0.000010502.0928   15.3170
    0.0000    7.5000    0.000010549.6211   15.3420
    7.5000    7.5000    0.0000 9965.7930   15.3603
   -7.5000   15.0000    0.000010071.9150   15.2938
    0.0000   15.0000    0.000010073.4941   15.3211
    7.5000   15.0000    0.0000 9557.2246   15.3469
   -7.5000   22.5000    0.0000 9176.0342   15.1929
    0.0000   22.5000    0.0000 9152.9932   15.2224
    7.5000   22.5000    0.0000 8690.4746   15.2485
   -7.5000   30.0000    0.0000 8408.2012   15.1079
    0.0000   30.0000    0.0000 8394.8223   15.1360
    7.5000   30.0000    0.0000 7981.4253   15.1533
   -7.5000   37.5000    0.0000 7607.9810   15.0585
    0.0000   37.5000    0.0000 7603.2803   15.0842
    7.5000   37.5000    0.0000 7220.1299   15.0947
   -7.5000   45.0000    0.0000 6769.9438   15.0926
    0.0000   45.0000    0.0000 6774.7900   15.1166
    7.5000   45.0000    0.0000 6424.4150   15.1353
   -7.5000  -45.0000    7.5000 9074.7754   14.0716
    0.0000  -45.0000    7.5000 9127.9961   14.0937
    7.5000  -45.0000    7.5000 8579.6035   14.1050
   -7.5000  -37.5000    7.5000 9637.2949   14.9400
    0.0000  -37.5000    7.5000 9710.9326   14.9653
    7.5000  -37.5000    7.5000 9051.3916   14.9833
   -7.5000  -30.0000    7.500010261.8477   15.2877
    0.0000  -30.0000    7.500010388.5518   15.3144
    7.5000  -30.0000    7.5000 9595.0967   15.3394
   -7.5000  -22.5000    7.500010962.1953   15.2792
    0.0000  -22.5000    7.500011088.4453   15.3049
    7.5000  -22.5000    7.500010232.0586   15.3308
   -7.5000  -15.0000    7.500011480.1758   15.3084
    0.0000  -15.0000    7.500011625.7988   15.3314
    7.5000  -15.0000    7.500010709.8652   15.3513
   -7.5000   -7.5000    7.500011316.1943   15.3435
    0.0000   -7.5000    7.500011455.1562   15.3658
    7.5000   -7.5000    7.500010580.8867   15.3791
   -7.5000    0.0000    7.500011032.5088   15.3506
    0.0000    0.0000    7.500011140.9307   15.3747
    7.5000    0.0000    7.500010360.1211   15.3871
   -7.5000    7.5000    7.500010259.0439   15.3165
    0.0000    7.5000    7.500010316.1250   15.3425
    7.5000    7.5000    7.5000 9654.3965   15.3609
   -7.5000   15.0000    7.5000 9830.5068   15.2875
    0.0000   15.0000    7.5000 9844.3203   15.3142
    7.5000   15.0000    7.5000 9268.4863   15.3393
   -7.5000   22.5000    7.5000 8958.9395   15.1827
    0.0000   22.5000    7.5000 8985.3076   15.2082
    7.5000   22.5000    7.5000 8475.6289   15.2341
   -7.5000   30.0000    7.5000 8210.3633   15.0986
    0.0000   30.0000    7.5000 8232.2959   15.1209
    7.5000   30.0000    7.5000 7772.2773   15.1399
   -7.5000   37.5000    7.5000 7425.9839   15.0528
    0.0000   37.5000    7.5000 7447.1133   15.0755
    7.5000   37.5000    7.5000 7025.6313   15.0892
   -7.5000   45.0000    7.5000 6597.4990   15.0929
    0.0000   45.0000    7.5000 6613.9414   15.1167
    7.5000   45.0000    7.5000 6240.9438   15.1371
   -7.5000  -45.0000   15.0000 9109.1006   14.1086
    0.0000  -45.0000   15.0000 9176.3525   14.1240
    7.5000  -45.0000   15.0000 8611.6221   14.1284
   -7.5000  -37.5000   15.0000 9662.9551   14.9779
    0.0000  -37.5000   15.0000 9754.3311   14.9982
    7.5000  -37.5000   15.0000 9071.2910   15.0095
   -7.5000  -30.0000   15.000010439.0869   15.3184
    0.0000  -30.0000   15.000010604.4170   15.3400
    7.5000  -30.0000   15.0000 9692.2275   15.3595
   -7.5000  -22.5000   15.000011273.4873   15.3024
    0.0000  -22.5000   15.000011515.3916   15.3206
    7.5000  -22.5000   15.000010410.8691   15.3420
   -7.5000  -15.0000   15.000011775.7373   15.3321
    0.0000  -15.0000   15.000012023.9551   15.3455
    7.5000  -15.0000   15.000010899.1846   15.3608
   -7.5000   -7.5000   15.000011506.0400   15.3758
    0.0000   -7.5000   15.000011696.6035   15.3887
    7.5000   -7.5000   15.000010711.0508   15.3961
   -7.5000    0.0000   15.000011122.0605   15.3911
    0.0000    0.0000   15.000011273.4482   15.4078
    7.5000    0.0000   15.000010440.5713   15.4126
   -7.5000    7.5000   15.000010293.9961   15.3554
    0.0000    7.5000   15.000010399.4336   15.3761
    7.5000    7.5000   15.0000 9708.9492   15.3877
   -7.5000   15.0000   15.0000 9880.5752   15.3184
    0.0000   15.0000   15.0000 9944.5732   15.3399
    7.5000   15.0000   15.0000 9320.9512   15.3595
   -7.5000   22.5000   15.0000 9009.2051   15.2078
    0.0000   22.5000   15.0000 9075.1582   15.2254
    7.5000   22.5000   15.0000 8537.9805   15.2466
   -7.5000   30.0000   15.0000 8260.8418   15.1282
    0.0000   30.0000   15.0000 8306.6201   15.1394
    7.5000   30.0000   15.0000 7834.2285   15.1529
   -7.5000   37.5000   15.0000 7480.3901   15.0918
    0.0000   37.5000   15.0000 7506.8896   15.1034
    7.5000   37.5000   15.0000 7067.3511   15.1116
   -7.5000   45.0000   15.0000 6631.3970   15.1399
    0.0000   45.0000   15.0000 6670.0957   15.1557
    7.5000   45.0000   15.0000 6271.4727   15.1693
   -7.5000  -45.0000   22.5000 8726.6748   14.2528
    0.0000  -45.0000   22.5000 8784.7832   14.2611
    7.5000  -45.0000   22.5000 8255.6592   14.2565
   -7.5000  -37.5000   22.5000 9241.7334   15.1288
    0.0000  -37.5000   22.5000 9298.3467   15.1427
    7.5000  -37.5000   22.5000 8708.1816   15.1474
   -7.5000  -30.0000   22.5000 9924.8682   15.4692
    0.0000  -30.0000   22.500010099.1211   15.4859
    7.5000  -30.0000   22.5000 9291.8857   15.5018
   -7.5000  -22.5000   22.500010650.5010   15.4513
    0.0000  -22.5000   22.500010897.7686   15.4648
    7.5000  -22.5000   22.5000 9931.3867   15.4826
   -7.5000  -15.0000   22.500011137.3594   15.4824
    0.0000  -15.0000   22.500011365.3320   15.4902
    7.5000  -15.0000   22.500010422.6631   15.4994
   -7.5000   -7.5000   22.500010925.5186   15.5304
    0.0000   -7.5000   22.500011126.9170   15.5364
    7.5000   -7.5000   22.500010286.7588   15.5345
   -7.5000    0.0000   22.500010603.1816   15.5483
    0.0000    0.0000   22.500010782.8408   15.5573
    7.5000    0.0000   22.500010029.8975   15.5522
   -7.5000    7.5000   22.5000 9799.0410   15.5100
    0.0000    7.5000   22.5000 9932.9756   15.5243
    7.5000    7.5000   22.5000 9268.3604   15.5291
   -7.5000   15.0000   22.5000 9398.5059   15.4688
    0.0000   15.0000   22.5000 9490.0332   15.4855
    7.5000   15.0000   22.5000 8873.1367   15.5014
   -7.5000   22.5000   22.5000 8562.4395   15.3558
    0.0000   22.5000   22.5000 8644.2402   15.3685
    7.5000   22.5000   22.5000 8106.5298   15.3860
   -7.5000   30.0000   22.5000 7859.1001   15.2818
    0.0000   30.0000   22.5000 7916.4102   15.2865
    7.5000   30.0000   22.5000 7433.3389   15.2934
   -7.5000   37.5000   22.5000 7102.8276   15.2558
    0.0000   37.5000   22.5000 7141.7075   15.2582
    7.5000   37.5000   22.5000 6705.0015   15.2575
   -7.5000   45.0000   22.5000 6304.8032   15.3085
    0.0000   45.0000   22.5000 6352.9722   15.3162
    7.5000   45.0000   22.5000 5958.1411   15.3213
   -7.5000  -45.0000   30.0000 8223.5537   14.4073
    0.0000  -45.0000   30.0000 8269.8066   14.4166
    7.5000  -45.0000   30.0000 7808.2480   14.4116
   -7.5000  -37.5000   30.0000 8688.7090   15.2994
    0.0000  -37.5000   30.0000 8772.4336   15.3144
    7.5000  -37.5000   30.0000 8239.6182   15.3212
   -7.5000  -30.0000   30.0000 9276.8760   15.6524
    0.0000  -30.0000   30.0000 9453.2725   15.6723
    7.5000  -30.0000   30.0000 8758.4248   15.6912
   -7.5000  -22.5000   30.0000 9868.5215   15.6409
    0.0000  -22.5000   30.000010049.8857   15.6603
    7.5000  -22.5000   30.0000 9304.8682   15.6799
   -7.5000  -15.0000   30.000010330.5752   15.6725
    0.0000  -15.0000   30.000010472.0791   15.6868
    7.5000  -15.0000   30.0000 9748.8877   15.6952
   -7.5000   -7.5000   30.000010229.0117   15.7152
    0.0000   -7.5000   30.000010352.7656   15.7251
    7.5000   -7.5000   30.0000 9684.9590   15.7213
   -7.5000    0.0000   30.000010007.8369   15.7265
    0.0000    0.0000   30.000010130.9746   15.7366
    7.5000    0.0000   30.0000 9497.5479   15.7311
   -7.5000    7.5000   30.0000 9256.1338   15.6876
    0.0000    7.5000   30.0000 9362.4668   15.7030
    7.5000    7.5000   30.0000 8766.4814   15.7099
   -7.5000   15.0000   30.0000 8883.1924   15.6493
    0.0000   15.0000   30.0000 8960.7588   15.6692
    7.5000   15.0000   30.0000 8388.5918   15.6881
   -7.5000   22.5000   30.0000 8086.5830   15.5317
    0.0000   22.5000   30.0000 8157.9658   15.5506
    7.5000   22.5000   30.0000 7657.5459   15.5698
   -7.5000   30.0000   30.0000 7381.9580   15.4546
    0.0000   30.0000   30.0000 7449.0815   15.4664
    7.5000   30.0000   30.0000 6987.9565   15.4730
   -7.5000   37.5000   30.0000 6660.8564   15.4220
    0.0000   37.5000   30.0000 6699.3750   15.4281
    7.5000   37.5000   30.0000 6291.0962   15.4258
   -7.5000   45.0000   30.0000 5916.6689   15.4694
    0.0000   45.0000   30.0000 5954.7085   15.4788
    7.5000   45.0000   30.0000 5591.8862   15.4849
   -7.5000  -45.0000   37.5000 7727.3706   14.4747
    0.0000  -45.0000   37.5000 7751.0405   14.4921
    7.5000  -45.0000   37.5000 7328.1626   14.4959
   -7.5000  -37.5000   37.5000 8165.8418   15.3737
    0.0000  -37.5000   37.5000 8231.2324   15.3936
    7.5000  -37.5000   37.5000 7748.5347   15.4092
   -7.5000  -30.0000   37.5000 8669.7197   15.7249
    0.0000  -30.0000   37.5000 8789.8877   15.7492
    7.5000  -30.0000   37.5000 8221.1963   15.7761
   -7.5000  -22.5000   37.5000 9191.1426   15.7209
    0.0000  -22.5000   37.5000 9273.9854   15.7480
    7.5000  -22.5000   37.5000 8707.4043   15.7754
   -7.5000  -15.0000   37.5000 9640.6641   15.7539
    0.0000  -15.0000   37.5000 9692.7461   15.7798
    7.5000  -15.0000   37.5000 9119.8184   15.7962
   -7.5000   -7.5000   37.5000 9586.2021   15.7903
    0.0000   -7.5000   37.5000 9637.6943   15.8123
    7.5000   -7.5000   37.5000 9079.4004   15.8170
   -7.5000    0.0000   37.5000 9425.4170   15.7940
    0.0000    0.0000   37.5000 9500.3008   15.8130
    7.5000    0.0000   37.5000 8932.0957   15.8171
   -7.5000    7.5000   37.5000 8726.8857   15.7541
    0.0000    7.5000   37.5000 8788.0566   15.7745
    7.5000    7.5000   37.5000 8264.4473   15.7904
   -7.5000   15.0000   37.5000 8357.9229   15.7199
    0.0000   15.0000   37.5000 8412.1406   15.7441
    7.5000   15.0000   37.5000 7904.6006   15.7710
   -7.5000   22.5000   37.5000 7617.5571   15.5930
    0.0000   22.5000   37.5000 7685.2612   15.6202
    7.5000   22.5000   37.5000 7212.2539   15.6474
   -7.5000   30.0000   37.5000 6921.3311   15.5035
    0.0000   30.0000   37.5000 6989.6562   15.5284
    7.5000   30.0000   37.5000 6552.2153   15.5437
   -7.5000   37.5000   37.5000 6213.6021   15.4507
    0.0000   37.5000   37.5000 6261.4360   15.4700
    7.5000   37.5000   37.5000 5878.9331   15.4762
   -7.5000   45.0000   37.5000 5538.2573   15.4758
    0.0000   45.0000   37.5000 5581.0625   15.4939
    7.5000   45.0000   37.5000 5236.9697   15.5099
   -7.5000  -45.0000   45.0000 7215.4653   14.5827
    0.0000  -45.0000   45.0000 7221.2251   14.6096
    7.5000  -45.0000   45.0000 6852.3989   14.6200
   -7.5000  -37.5000   45.0000 7632.2388   15.4886
    0.0000  -37.5000   45.0000 7680.5596   15.5179
    7.5000  -37.5000   45.0000 7248.0264   15.5376
   -7.5000  -30.0000   45.0000 8067.3564   15.8297
    0.0000  -30.0000   45.0000 8151.2148   15.8612
    7.5000  -30.0000   45.0000 7666.2012   15.8885
   -7.5000  -22.5000   45.0000 8552.0830   15.8294
    0.0000  -22.5000   45.0000 8594.1719   15.8622
    7.5000  -22.5000   45.0000 8105.7285   15.8889
   -7.5000  -15.0000   45.0000 8968.4082   15.8653
    0.0000  -15.0000   45.0000 8988.4131   15.8970
    7.5000  -15.0000   45.0000 8489.5098   15.9152
   -7.5000   -7.5000   45.0000 8941.6045   15.8993
    0.0000   -7.5000   45.0000 8972.5088   15.9293
    7.5000   -7.5000   45.0000 8458.7842   15.9397
   -7.5000    0.0000   45.0000 8823.7227   15.8981
    0.0000    0.0000   45.0000 8871.1934   15.9275
    7.5000    0.0000   45.0000 8352.5430   15.9388
   -7.5000    7.5000   45.0000 8191.1724   15.8565
    0.0000    7.5000   45.0000 8219.1797   15.8866
    7.5000    7.5000   45.0000 7750.7173   15.9067
   -7.5000   15.0000   45.0000 7836.7798   15.8239
    0.0000   15.0000   45.0000 7867.5078   15.8553
    7.5000   15.0000   45.0000 7409.2642   15.8827
   -7.5000   22.5000   45.0000 7136.5317   15.6745
    0.0000   22.5000   45.0000 7184.3823   15.7073
    7.5000   22.5000   45.0000 6753.6255   15.7341
   -7.5000   30.0000   45.0000 6468.1587   15.5657
    0.0000   30.0000   45.0000 6511.4771   15.5969
    7.5000   30.0000   45.0000 6127.8442   15.6144
   -7.5000   37.5000   45.0000 5782.2964   15.4913
    0.0000   37.5000   45.0000 5815.8643   15.5207
    7.5000   37.5000   45.0000 5474.6987   15.5323
   -7.5000   45.0000   45.0000 5166.1997   15.5058
    0.0000   45.0000   45.0000 5199.6812   15.5342
    7.5000   45.0000   45.0000 4903.9868   15.5560

---------------------------------------------------------------------
imgreg_4dfp /opt/freesurfer/average/711-2C_as_mni_average_305 /opt/freesurfer/average/711-2B_as_mni_average_305_mask talsrcimg_g11 none talsrcimg_to_711-2C_as_mni_average_305_t4 4355
---------------------------------------------------------------------

freesurfer imgreg_4dfp.c
/opt/freesurfer/average/711-2C_as_mni_average_305.4dfp.img
       256       256       256         1
  1.000000  1.000000  1.000000
orientation T byte_order littleendian
Reading image: /opt/freesurfer/average/711-2C_as_mni_average_305.4dfp.img
dimensions:      256       256       256
mmppix:       1.0000   -1.0000   -1.0000
center:     128.0000 -129.0000 -129.0000
/opt/freesurfer/average/711-2B_as_mni_average_305_mask.4dfp.img
       256       256       256         1
  1.000000  1.000000  1.000000
orientation T byte_order littleendian
Reading mask: /opt/freesurfer/average/711-2B_as_mni_average_305_mask.4dfp.img (2306576 pixels)
talsrcimg_g11.4dfp.img
       256       256       256         1
  0.898438  0.898438  0.898438
orientation T byte_order littleendian
Reading image: talsrcimg_g11.4dfp.img
dimensions:      256       256       256
mmppix:       0.8984   -0.8984   -0.8984
center:     115.0001 -115.8985 -115.8985
rotation matrix determinant  1.000000
image alignment mode   4355 decimal     1103 hex
   -7.5000  -60.0000  -30.0000 2243.3621   14.5844
    0.0000  -60.0000  -30.0000 2247.4358   14.5529
    7.5000  -60.0000  -30.0000 2217.0918   14.8431
   -7.5000  -52.5000  -30.0000 2329.6079   13.4678
    0.0000  -52.5000  -30.0000 2333.3684   13.4434
    7.5000  -52.5000  -30.0000 2302.1584   13.7203
   -7.5000  -45.0000  -30.0000 2412.1335   12.8208
    0.0000  -45.0000  -30.0000 2416.5715   12.8169
    7.5000  -45.0000  -30.0000 2379.8337   13.0698
   -7.5000  -37.5000  -30.0000 2449.1050   12.3346
    0.0000  -37.5000  -30.0000 2449.7087   12.3263
    7.5000  -37.5000  -30.0000 2416.9839   12.5871
   -7.5000  -30.0000  -30.0000 2462.7937   12.0009
    0.0000  -30.0000  -30.0000 2466.5652   11.9920
    7.5000  -30.0000  -30.0000 2434.5105   12.2631
   -7.5000  -22.5000  -30.0000 2452.0195   11.9869
    0.0000  -22.5000  -30.0000 2459.9839   11.9741
    7.5000  -22.5000  -30.0000 2429.0293   12.2041
   -7.5000  -15.0000  -30.0000 2441.5095   12.2025
    0.0000  -15.0000  -30.0000 2452.4741   12.1589
    7.5000  -15.0000  -30.0000 2412.7480   12.4107
   -7.5000   -7.5000  -30.0000 2408.9365   12.6545
    0.0000   -7.5000  -30.0000 2413.6250   12.6195
    7.5000   -7.5000  -30.0000 2375.7959   12.8594
   -7.5000    0.0000  -30.0000 2355.7629   13.2732
    0.0000    0.0000  -30.0000 2361.1008   13.2521
    7.5000    0.0000  -30.0000 2324.7998   13.4951
   -7.5000    7.5000  -30.0000 2276.3311   14.0791
    0.0000    7.5000  -30.0000 2283.3352   14.0450
    7.5000    7.5000  -30.0000 2250.4397   14.3180
   -7.5000   15.0000  -30.0000 2179.1680   15.1809
    0.0000   15.0000  -30.0000 2188.9304   15.1528
    7.5000   15.0000  -30.0000 2156.5208   15.4227
   -7.5000   22.5000  -30.0000 2070.8857   16.7331
    0.0000   22.5000  -30.0000 2077.3601   16.6948
    7.5000   22.5000  -30.0000 2040.6399   16.9777
   -7.5000   30.0000  -30.0000 1951.1235   18.8987
    0.0000   30.0000  -30.0000 1963.5647   18.8828
    7.5000   30.0000  -30.0000 1925.2456   19.1866
   -7.5000  -60.0000  -22.5000 2360.4180   14.2004
    0.0000  -60.0000  -22.5000 2367.1250   14.1927
    7.5000  -60.0000  -22.5000 2332.7446   14.4822
   -7.5000  -52.5000  -22.5000 2449.9409   13.0834
    0.0000  -52.5000  -22.5000 2452.3826   13.0568
    7.5000  -52.5000  -22.5000 2421.0696   13.3051
   -7.5000  -45.0000  -22.5000 2541.6340   12.4170
    0.0000  -45.0000  -22.5000 2543.6084   12.3868
    7.5000  -45.0000  -22.5000 2513.1794   12.6147
   -7.5000  -37.5000  -22.5000 2582.8074   11.8725
    0.0000  -37.5000  -22.5000 2583.6636   11.8601
    7.5000  -37.5000  -22.5000 2553.4187   12.0973
   -7.5000  -30.0000  -22.5000 2611.1064   11.5181
    0.0000  -30.0000  -22.5000 2617.6780   11.5186
    7.5000  -30.0000  -22.5000 2578.7549   11.7542
   -7.5000  -22.5000  -22.5000 2605.3147   11.5049
    0.0000  -22.5000  -22.5000 2612.9441   11.4951
    7.5000  -22.5000  -22.5000 2577.3601   11.7175
   -7.5000  -15.0000  -22.5000 2589.5818   11.7141
    0.0000  -15.0000  -22.5000 2598.7920   11.6744
    7.5000  -15.0000  -22.5000 2561.6445   11.9063
   -7.5000   -7.5000  -22.5000 2555.5063   12.1262
    0.0000   -7.5000  -22.5000 2561.6284   12.0800
    7.5000   -7.5000  -22.5000 2521.9072   12.3003
   -7.5000    0.0000  -22.5000 2498.3098   12.7266
    0.0000    0.0000  -22.5000 2507.1177   12.6714
    7.5000    0.0000  -22.5000 2466.8074   12.8897
   -7.5000    7.5000  -22.5000 2415.3188   13.4667
    0.0000    7.5000  -22.5000 2425.0496   13.4239
    7.5000    7.5000  -22.5000 2388.9160   13.6712
   -7.5000   15.0000  -22.5000 2312.8245   14.5153
    0.0000   15.0000  -22.5000 2321.7048   14.4638
    7.5000   15.0000  -22.5000 2288.6309   14.7110
   -7.5000   22.5000  -22.5000 2193.6211   15.9607
    0.0000   22.5000  -22.5000 2202.5850   15.9033
    7.5000   22.5000  -22.5000 2168.7561   16.1427
   -7.5000   30.0000  -22.5000 2068.0098   17.9652
    0.0000   30.0000  -22.5000 2080.4946   17.9158
    7.5000   30.0000  -22.5000 2045.9226   18.1370
   -7.5000  -60.0000  -15.0000 2430.6956   13.7450
    0.0000  -60.0000  -15.0000 2437.5403   13.7480
    7.5000  -60.0000  -15.0000 2405.3608   14.0085
   -7.5000  -52.5000  -15.0000 2527.2380   12.5856
    0.0000  -52.5000  -15.0000 2531.1855   12.5888
    7.5000  -52.5000  -15.0000 2500.9434   12.8203
   -7.5000  -45.0000  -15.0000 2632.3906   11.9061
    0.0000  -45.0000  -15.0000 2637.6260   11.8980
    7.5000  -45.0000  -15.0000 2610.4441   12.1004
   -7.5000  -37.5000  -15.0000 2681.8833   11.3302
    0.0000  -37.5000  -15.0000 2689.6433   11.3323
    7.5000  -37.5000  -15.0000 2657.1633   11.5421
   -7.5000  -30.0000  -15.0000 2720.4202   10.9803
    0.0000  -30.0000  -15.0000 2732.1665   10.9529
    7.5000  -30.0000  -15.0000 2683.6553   11.1854
   -7.5000  -22.5000  -15.0000 2727.6177   10.9354
    0.0000  -22.5000  -15.0000 2735.2993   10.9168
    7.5000  -22.5000  -15.0000 2693.6685   11.1283
   -7.5000  -15.0000  -15.0000 2714.3052   11.1401
    0.0000  -15.0000  -15.0000 2727.6094   11.0935
    7.5000  -15.0000  -15.0000 2683.3950   11.3136
   -7.5000   -7.5000  -15.0000 2678.6426   11.5254
    0.0000   -7.5000  -15.0000 2690.3020   11.4844
    7.5000   -7.5000  -15.0000 2647.5161   11.7022
   -7.5000    0.0000  -15.0000 2616.3943   12.0669
    0.0000    0.0000  -15.0000 2630.5942   12.0031
    7.5000    0.0000  -15.0000 2589.2278   12.2237
   -7.5000    7.5000  -15.0000 2526.9783   12.7794
    0.0000    7.5000  -15.0000 2541.6873   12.7174
    7.5000    7.5000  -15.0000 2502.8840   12.9633
   -7.5000   15.0000  -15.0000 2417.0066   13.7719
    0.0000   15.0000  -15.0000 2425.3938   13.7115
    7.5000   15.0000  -15.0000 2398.4583   13.9616
   -7.5000   22.5000  -15.0000 2292.1416   15.1542
    0.0000   22.5000  -15.0000 2301.1140   15.0929
    7.5000   22.5000  -15.0000 2271.9773   15.3305
   -7.5000   30.0000  -15.0000 2154.3647   16.9906
    0.0000   30.0000  -15.0000 2168.7849   16.9664
    7.5000   30.0000  -15.0000 2138.4648   17.2294
   -7.5000  -60.0000   -7.5000 2453.3079   13.2075
    0.0000  -60.0000   -7.5000 2457.4463   13.2319
    7.5000  -60.0000   -7.5000 2429.3789   13.4798
   -7.5000  -52.5000   -7.5000 2557.0706   12.0745
    0.0000  -52.5000   -7.5000 2565.1152   12.0957
    7.5000  -52.5000   -7.5000 2535.2830   12.3188
   -7.5000  -45.0000   -7.5000 2676.9382   11.3576
    0.0000  -45.0000   -7.5000 2686.9905   11.3896
    7.5000  -45.0000   -7.5000 2651.7598   11.5774
   -7.5000  -37.5000   -7.5000 2747.8284   10.7799
    0.0000  -37.5000   -7.5000 2758.4810   10.7906
    7.5000  -37.5000   -7.5000 2716.2236   10.9734
   -7.5000  -30.0000   -7.5000 2788.8828   10.4132
    0.0000  -30.0000   -7.5000 2796.8369   10.3908
    7.5000  -30.0000   -7.5000 2752.1252   10.6161
   -7.5000  -22.5000   -7.5000 2804.0662   10.2972
    0.0000  -22.5000   -7.5000 2812.9407   10.2755
    7.5000  -22.5000   -7.5000 2770.3679   10.5071
   -7.5000  -15.0000   -7.5000 2797.8855   10.4881
    0.0000  -15.0000   -7.5000 2815.4177   10.4658
    7.5000  -15.0000   -7.5000 2762.7261   10.6879
   -7.5000   -7.5000   -7.5000 2759.6387   10.8630
    0.0000   -7.5000   -7.5000 2779.9434   10.8228
    7.5000   -7.5000   -7.5000 2727.0542   11.0578
   -7.5000    0.0000   -7.5000 2694.5955   11.3531
    0.0000    0.0000   -7.5000 2709.9993   11.3145
    7.5000    0.0000   -7.5000 2665.3630   11.5372
   -7.5000    7.5000   -7.5000 2602.3210   12.0233
    0.0000    7.5000   -7.5000 2615.9819   11.9839
    7.5000    7.5000   -7.5000 2579.0012   12.2308
   -7.5000   15.0000   -7.5000 2489.2305   12.9504
    0.0000   15.0000   -7.5000 2498.4075   12.9087
    7.5000   15.0000   -7.5000 2463.3706   13.1924
   -7.5000   22.5000   -7.5000 2362.7070   14.2879
    0.0000   22.5000   -7.5000 2375.0933   14.2378
    7.5000   22.5000   -7.5000 2337.1997   14.5232
   -7.5000   30.0000   -7.5000 2222.2529   16.1128
    0.0000   30.0000   -7.5000 2233.0312   16.0574
    7.5000   30.0000   -7.5000 2197.3340   16.3460
   -7.5000  -60.0000    0.0000 2465.7471   12.9238
    0.0000  -60.0000    0.0000 2468.7625   12.9197
    7.5000  -60.0000    0.0000 2440.7043   13.1998
   -7.5000  -52.5000    0.0000 2581.2322   11.7903
    0.0000  -52.5000    0.0000 2586.3806   11.7912
    7.5000  -52.5000    0.0000 2554.5383   12.0200
   -7.5000  -45.0000    0.0000 2709.1482   11.0587
    0.0000  -45.0000    0.0000 2716.0449   11.0798
    7.5000  -45.0000    0.0000 2680.7581   11.2551
   -7.5000  -37.5000    0.0000 2798.9810   10.4757
    0.0000  -37.5000    0.0000 2803.6870   10.5033
    7.5000  -37.5000    0.0000 2766.6370   10.6470
   -7.5000  -30.0000    0.0000 2849.3918   10.0920
    0.0000  -30.0000    0.0000 2859.3792   10.1042
    7.5000  -30.0000    0.0000 2817.1213   10.2633
   -7.5000  -22.5000    0.0000 2879.2449    9.9075
    0.0000  -22.5000    0.0000 2894.2871    9.9165
    7.5000  -22.5000    0.0000 2833.1392   10.1229
   -7.5000  -15.0000    0.0000 2877.3005   10.0720
    0.0000  -15.0000    0.0000 2894.9380   10.0500
    7.5000  -15.0000    0.0000 2831.4326   10.2702
   -7.5000   -7.5000    0.0000 2836.7764   10.4093
    0.0000   -7.5000    0.0000 2856.4744   10.3910
    7.5000   -7.5000    0.0000 2791.8721   10.5977
   -7.5000    0.0000    0.0000 2770.0508   10.8789
    0.0000    0.0000    0.0000 2786.3047   10.8634
    7.5000    0.0000    0.0000 2732.8508   11.0667
   -7.5000    7.5000    0.0000 2672.5308   11.5214
    0.0000    7.5000    0.0000 2686.5217   11.5088
    7.5000    7.5000    0.0000 2644.4419   11.7313
   -7.5000   15.0000    0.0000 2555.2781   12.4718
    0.0000   15.0000    0.0000 2565.4399   12.4241
    7.5000   15.0000    0.0000 2528.7878   12.6851
   -7.5000   22.5000    0.0000 2425.5886   13.7809
    0.0000   22.5000    0.0000 2435.6472   13.7162
    7.5000   22.5000    0.0000 2396.9214   14.0241
   -7.5000   30.0000    0.0000 2274.6479   15.5359
    0.0000   30.0000    0.0000 2286.5645   15.4557
    7.5000   30.0000    0.0000 2251.3350   15.7687
   -7.5000  -60.0000    7.5000 2456.9939   12.7024
    0.0000  -60.0000    7.5000 2456.7329   12.7517
    7.5000  -60.0000    7.5000 2431.1616   12.9970
   -7.5000  -52.5000    7.5000 2576.4463   11.5652
    0.0000  -52.5000    7.5000 2579.1431   11.6114
    7.5000  -52.5000    7.5000 2546.4736   11.7909
   -7.5000  -45.0000    7.5000 2710.3994   10.8362
    0.0000  -45.0000    7.5000 2714.2166   10.8634
    7.5000  -45.0000    7.5000 2682.2104   11.0242
   -7.5000  -37.5000    7.5000 2815.3010   10.2627
    0.0000  -37.5000    7.5000 2816.4556   10.3069
    7.5000  -37.5000    7.5000 2785.1287   10.4167
   -7.5000  -30.0000    7.5000 2888.1980    9.9270
    0.0000  -30.0000    7.5000 2897.1931    9.9796
    7.5000  -30.0000    7.5000 2856.5085   10.0365
   -7.5000  -22.5000    7.5000 2935.0557    9.7684
    0.0000  -22.5000    7.5000 2950.2676    9.8145
    7.5000  -22.5000    7.5000 2892.1414    9.8908
   -7.5000  -15.0000    7.5000 2932.6599    9.8265
    0.0000  -15.0000    7.5000 2953.5139    9.8393
    7.5000  -15.0000    7.5000 2881.0515    9.9797
   -7.5000   -7.5000    7.5000 2879.7905   10.0796
    0.0000   -7.5000    7.5000 2899.6484   10.0798
    7.5000   -7.5000    7.5000 2834.2520   10.2309
   -7.5000    0.0000    7.5000 2811.4812   10.4848
    0.0000    0.0000    7.5000 2828.5315   10.4773
    7.5000    0.0000    7.5000 2777.6594   10.6544
   -7.5000    7.5000    7.5000 2712.1689   11.1442
    0.0000    7.5000    7.5000 2726.4832   11.1091
    7.5000    7.5000    7.5000 2686.4819   11.3158
   -7.5000   15.0000    7.5000 2592.7432   12.1061
    0.0000   15.0000    7.5000 2602.4932   12.0620
    7.5000   15.0000    7.5000 2564.6833   12.2906
   -7.5000   22.5000    7.5000 2455.9214   13.3856
    0.0000   22.5000    7.5000 2473.7117   13.3470
    7.5000   22.5000    7.5000 2437.2195   13.5812
   -7.5000   30.0000    7.5000 2309.3347   15.0940
    0.0000   30.0000    7.5000 2323.3076   15.0165
    7.5000   30.0000    7.5000 2287.7427   15.2824
   -7.5000  -60.0000   15.0000 2430.9194   12.7180
    0.0000  -60.0000   15.0000 2427.6870   12.7868
    7.5000  -60.0000   15.0000 2406.3955   12.9971
   -7.5000  -52.5000   15.0000 2552.0100   11.5617
    0.0000  -52.5000   15.0000 2549.7927   11.6311
    7.5000  -52.5000   15.0000 2522.5823   11.7671
   -7.5000  -45.0000   15.0000 2691.3533   10.7866
    0.0000  -45.0000   15.0000 2689.9978   10.8691
    7.5000  -45.0000   15.0000 2662.8374   10.9696
   -7.5000  -37.5000   15.0000 2809.9446   10.2024
    0.0000  -37.5000   15.0000 2808.5942   10.2702
    7.5000  -37.5000   15.0000 2776.2065   10.3532
   -7.5000  -30.0000   15.0000 2904.7488    9.8958
    0.0000  -30.0000   15.0000 2915.4827    9.9745
    7.5000  -30.0000   15.0000 2867.4258    9.9707
   -7.5000  -22.5000   15.0000 2967.8518    9.7858
    0.0000  -22.5000   15.0000 2990.0581    9.8516
    7.5000  -22.5000   15.0000 2918.5850    9.8309
   -7.5000  -15.0000   15.0000 2962.4055    9.8038
    0.0000  -15.0000   15.0000 2987.4031    9.8553
    7.5000  -15.0000   15.0000 2912.7095    9.8713
   -7.5000   -7.5000   15.0000 2906.0286    9.9517
    0.0000   -7.5000   15.0000 2922.8843    9.9765
    7.5000   -7.5000   15.0000 2860.8926   10.0600
   -7.5000    0.0000   15.0000 2824.4749   10.3160
    0.0000    0.0000   15.0000 2837.7971   10.3191
    7.5000    0.0000   15.0000 2796.1108   10.4748
   -7.5000    7.5000   15.0000 2725.5515   10.9742
    0.0000    7.5000   15.0000 2738.1111   10.9372
    7.5000    7.5000   15.0000 2705.8208   11.1383
   -7.5000   15.0000   15.0000 2606.6206   11.9240
    0.0000   15.0000   15.0000 2617.2163   11.8760
    7.5000   15.0000   15.0000 2581.9385   12.1248
   -7.5000   22.5000   15.0000 2466.5735   13.1927
    0.0000   22.5000   15.0000 2485.5088   13.1487
    7.5000   22.5000   15.0000 2452.5977   13.4084
   -7.5000   30.0000   15.0000 2320.9656   14.8762
    0.0000   30.0000   15.0000 2334.0642   14.8302
    7.5000   30.0000   15.0000 2306.3787   15.0970
   -7.5000  -60.0000   22.5000 2392.6301   13.0012
    0.0000  -60.0000   22.5000 2392.0984   13.0661
    7.5000  -60.0000   22.5000 2370.5938   13.2656
   -7.5000  -52.5000   22.5000 2511.1211   11.7991
    0.0000  -52.5000   22.5000 2512.6594   11.8555
    7.5000  -52.5000   22.5000 2487.1340   12.0165
   -7.5000  -45.0000   22.5000 2656.2090   10.9792
    0.0000  -45.0000   22.5000 2659.5571   11.0601
    7.5000  -45.0000   22.5000 2630.8479   11.1739
   -7.5000  -37.5000   22.5000 2785.0369   10.3372
    0.0000  -37.5000   22.5000 2784.1714   10.3904
    7.5000  -37.5000   22.5000 2755.1377   10.4878
   -7.5000  -30.0000   22.5000 2887.1609    9.9652
    0.0000  -30.0000   22.5000 2902.7317   10.0254
    7.5000  -30.0000   22.5000 2849.7339   10.0850
   -7.5000  -22.5000   22.5000 2962.4880    9.8140
    0.0000  -22.5000   22.5000 2984.7197    9.8760
    7.5000  -22.5000   22.5000 2912.2078    9.8995
   -7.5000  -15.0000   22.5000 2962.7544    9.7995
    0.0000  -15.0000   22.5000 2984.4478    9.8518
    7.5000  -15.0000   22.5000 2912.3801    9.9081
   -7.5000   -7.5000   22.5000 2900.9622    9.9972
    0.0000   -7.5000   22.5000 2920.9817   10.0143
    7.5000   -7.5000   22.5000 2861.3015   10.1555
   -7.5000    0.0000   22.5000 2811.8372   10.4171
    0.0000    0.0000   22.5000 2827.4895   10.4211
    7.5000    0.0000   22.5000 2784.9453   10.5954
   -7.5000    7.5000   22.5000 2710.9866   11.0657
    0.0000    7.5000   22.5000 2721.3870   11.0524
    7.5000    7.5000   22.5000 2691.9424   11.2478
   -7.5000   15.0000   22.5000 2594.8027   11.9790
    0.0000   15.0000   22.5000 2601.3882   11.9373
    7.5000   15.0000   22.5000 2578.9688   12.1660
   -7.5000   22.5000   22.5000 2462.4172   13.2071
    0.0000   22.5000   22.5000 2471.0825   13.1693
    7.5000   22.5000   22.5000 2449.5901   13.3938
   -7.5000   30.0000   22.5000 2315.6208   14.8346
    0.0000   30.0000   22.5000 2326.1299   14.7909
    7.5000   30.0000   22.5000 2304.0662   15.0339
   -7.5000  -60.0000   30.0000 2353.7625   13.4442
    0.0000  -60.0000   30.0000 2359.3035   13.4764
    7.5000  -60.0000   30.0000 2334.5144   13.7220
   -7.5000  -52.5000   30.0000 2469.7229   12.1582
    0.0000  -52.5000   30.0000 2475.0173   12.1967
    7.5000  -52.5000   30.0000 2452.5212   12.4052
   -7.5000  -45.0000   30.0000 2615.3843   11.3152
    0.0000  -45.0000   30.0000 2621.2188   11.3382
    7.5000  -45.0000   30.0000 2596.9631   11.5161
   -7.5000  -37.5000   30.0000 2737.6526   10.6138
    0.0000  -37.5000   30.0000 2748.4221   10.6556
    7.5000  -37.5000   30.0000 2717.8853   10.7985
   -7.5000  -30.0000   30.0000 2846.1130   10.1877
    0.0000  -30.0000   30.0000 2860.6313   10.2504
    7.5000  -30.0000   30.0000 2814.2983   10.3434
   -7.5000  -22.5000   30.0000 2916.3435    9.9402
    0.0000  -22.5000   30.0000 2935.5669   10.0099
    7.5000  -22.5000   30.0000 2877.0190   10.1076
   -7.5000  -15.0000   30.0000 2921.8870    9.9134
    0.0000  -15.0000   30.0000 2938.6116    9.9159
    7.5000  -15.0000   30.0000 2877.6863   10.0822
   -7.5000   -7.5000   30.0000 2874.6147   10.1787
    0.0000   -7.5000   30.0000 2892.7017   10.1518
    7.5000   -7.5000   30.0000 2840.9932   10.3473
   -7.5000    0.0000   30.0000 2784.8015   10.6785
    0.0000    0.0000   30.0000 2801.3438   10.6537
    7.5000    0.0000   30.0000 2767.7000   10.8401
   -7.5000    7.5000   30.0000 2675.7295   11.3499
    0.0000    7.5000   30.0000 2687.6213   11.3332
    7.5000    7.5000   30.0000 2660.1050   11.5324
   -7.5000   15.0000   30.0000 2564.6443   12.2329
    0.0000   15.0000   30.0000 2573.2612   12.2234
    7.5000   15.0000   30.0000 2550.6201   12.4377
   -7.5000   22.5000   30.0000 2434.0854   13.4326
    0.0000   22.5000   30.0000 2443.3613   13.3933
    7.5000   22.5000   30.0000 2422.4141   13.6595
   -7.5000   30.0000   30.0000 2286.6306   14.9901
    0.0000   30.0000   30.0000 2302.2305   14.9420
    7.5000   30.0000   30.0000 2276.4956   15.2020
   -7.5000  -60.0000   37.5000 2315.2759   14.0354
    0.0000  -60.0000   37.5000 2317.6187   14.0366
    7.5000  -60.0000   37.5000 2294.6814   14.3611
   -7.5000  -52.5000   37.5000 2428.4722   12.6660
    0.0000  -52.5000   37.5000 2436.4116   12.6617
    7.5000  -52.5000   37.5000 2411.1123   12.9327
   -7.5000  -45.0000   37.5000 2570.6326   11.7738
    0.0000  -45.0000   37.5000 2580.6572   11.7721
    7.5000  -45.0000   37.5000 2555.9724   11.9966
   -7.5000  -37.5000   37.5000 2689.7471   11.0727
    0.0000  -37.5000   37.5000 2703.8701   11.0728
    7.5000  -37.5000   37.5000 2674.1394   11.2504
   -7.5000  -30.0000   37.5000 2787.5735   10.5778
    0.0000  -30.0000   37.5000 2804.3218   10.6350
    7.5000  -30.0000   37.5000 2766.7402   10.7768
   -7.5000  -22.5000   37.5000 2844.8662   10.2754
    0.0000  -22.5000   37.5000 2857.3318   10.3126
    7.5000  -22.5000   37.5000 2814.8228   10.4818
   -7.5000  -15.0000   37.5000 2853.7473   10.2791
    0.0000  -15.0000   37.5000 2864.1304   10.2570
    7.5000  -15.0000   37.5000 2819.7397   10.4633
   -7.5000   -7.5000   37.5000 2815.9973   10.5522
    0.0000   -7.5000   37.5000 2829.3716   10.5074
    7.5000   -7.5000   37.5000 2792.3765   10.7129
   -7.5000    0.0000   37.5000 2739.3860   11.0594
    0.0000    0.0000   37.5000 2757.3992   11.0127
    7.5000    0.0000   37.5000 2723.0334   11.2110
   -7.5000    7.5000   37.5000 2635.6182   11.7423
    0.0000    7.5000   37.5000 2647.9248   11.7016
    7.5000    7.5000   37.5000 2622.7893   11.9336
   -7.5000   15.0000   37.5000 2522.0811   12.6193
    0.0000   15.0000   37.5000 2533.9197   12.6093
    7.5000   15.0000   37.5000 2512.6187   12.8359
   -7.5000   22.5000   37.5000 2397.8960   13.7795
    0.0000   22.5000   37.5000 2410.4204   13.7637
    7.5000   22.5000   37.5000 2386.9109   13.9948
   -7.5000   30.0000   37.5000 2244.2195   15.3043
    0.0000   30.0000   37.5000 2260.4758   15.2821
    7.5000   30.0000   37.5000 2235.7788   15.5134
   -7.5000  -60.0000   45.0000 2243.2861   14.6976
    0.0000  -60.0000   45.0000 2246.8892   14.6565
    7.5000  -60.0000   45.0000 2227.6692   15.0107
   -7.5000  -52.5000   45.0000 2361.8721   13.2595
    0.0000  -52.5000   45.0000 2366.6567   13.2199
    7.5000  -52.5000   45.0000 2346.5540   13.5236
   -7.5000  -45.0000   45.0000 2500.7317   12.3671
    0.0000  -45.0000   45.0000 2510.3398   12.3154
    7.5000  -45.0000   45.0000 2487.6086   12.5833
   -7.5000  -37.5000   45.0000 2610.7083   11.6207
    0.0000  -37.5000   45.0000 2628.8186   11.6029
    7.5000  -37.5000   45.0000 2599.7686   11.8400
   -7.5000  -30.0000   45.0000 2694.0928   11.0723
    0.0000  -30.0000   45.0000 2718.0044   11.0896
    7.5000  -30.0000   45.0000 2684.2158   11.2818
   -7.5000  -22.5000   45.0000 2746.0281   10.7612
    0.0000  -22.5000   45.0000 2760.4497   10.7343
    7.5000  -22.5000   45.0000 2724.3962   10.9503
   -7.5000  -15.0000   45.0000 2752.4639   10.7555
    0.0000  -15.0000   45.0000 2759.0986   10.7300
    7.5000  -15.0000   45.0000 2726.2754   10.9287
   -7.5000   -7.5000   45.0000 2719.7881   11.0135
    0.0000   -7.5000   45.0000 2729.6240   10.9954
    7.5000   -7.5000   45.0000 2696.6667   11.1760
   -7.5000    0.0000   45.0000 2653.0776   11.5050
    0.0000    0.0000   45.0000 2668.9351   11.4660
    7.5000    0.0000   45.0000 2637.0632   11.6700
   -7.5000    7.5000   45.0000 2565.3245   12.1667
    0.0000    7.5000   45.0000 2574.2451   12.1231
    7.5000    7.5000   45.0000 2551.6326   12.3688
   -7.5000   15.0000   45.0000 2457.3499   13.0529
    0.0000   15.0000   45.0000 2465.5854   13.0378
    7.5000   15.0000   45.0000 2443.8545   13.2733
   -7.5000   22.5000   45.0000 2330.9485   14.2094
    0.0000   22.5000   45.0000 2348.2449   14.2034
    7.5000   22.5000   45.0000 2324.0127   14.4335
   -7.5000   30.0000   45.0000 2177.8965   15.6824
    0.0000   30.0000   45.0000 2193.4185   15.6973
    7.5000   30.0000   45.0000 2173.2544   15.9283
   -7.5000  -60.0000   52.5000 2157.3142   15.3636
    0.0000  -60.0000   52.5000 2162.1260   15.2724
    7.5000  -60.0000   52.5000 2142.5784   15.6669
   -7.5000  -52.5000   52.5000 2273.0544   13.9119
    0.0000  -52.5000   52.5000 2279.5186   13.7898
    7.5000  -52.5000   52.5000 2256.4167   14.1236
   -7.5000  -45.0000   52.5000 2403.0857   12.9972
    0.0000  -45.0000   52.5000 2414.8838   12.9015
    7.5000  -45.0000   52.5000 2389.4302   13.1986
   -7.5000  -37.5000   52.5000 2505.3369   12.1822
    0.0000  -37.5000   52.5000 2522.2795   12.1297
    7.5000  -37.5000   52.5000 2491.7646   12.3851
   -7.5000  -30.0000   52.5000 2579.0083   11.5918
    0.0000  -30.0000   52.5000 2598.1631   11.5570
    7.5000  -30.0000   52.5000 2567.8303   11.7926
   -7.5000  -22.5000   52.5000 2620.9521   11.2708
    0.0000  -22.5000   52.5000 2636.9941   11.2354
    7.5000  -22.5000   52.5000 2605.2981   11.4787
   -7.5000  -15.0000   52.5000 2623.5139   11.2544
    0.0000  -15.0000   52.5000 2634.4023   11.2458
    7.5000  -15.0000   52.5000 2605.6355   11.4590
   -7.5000   -7.5000   52.5000 2595.7378   11.5215
    0.0000   -7.5000   52.5000 2609.4990   11.4930
    7.5000   -7.5000   52.5000 2579.0840   11.6877
   -7.5000    0.0000   52.5000 2538.6558   11.9676
    0.0000    0.0000   52.5000 2554.7146   11.9138
    7.5000    0.0000   52.5000 2526.3506   12.1389
   -7.5000    7.5000   52.5000 2459.5735   12.5757
    0.0000    7.5000   52.5000 2469.5173   12.5172
    7.5000    7.5000   52.5000 2449.0381   12.7668
   -7.5000   15.0000   52.5000 2361.5679   13.4567
    0.0000   15.0000   52.5000 2372.5371   13.4083
    7.5000   15.0000   52.5000 2349.6106   13.6455
   -7.5000   22.5000   52.5000 2237.9189   14.6204
    0.0000   22.5000   52.5000 2254.2190   14.6096
    7.5000   22.5000   52.5000 2227.5566   14.8270
   -7.5000   30.0000   52.5000 2092.5476   16.1108
    0.0000   30.0000   52.5000 2102.9087   16.1008
    7.5000   30.0000   52.5000 2080.6670   16.3312
   -7.5000  -60.0000   60.0000 2098.1350   16.4721
    0.0000  -60.0000   60.0000 2103.6348   16.3325
    7.5000  -60.0000   60.0000 2082.6914   16.7508
   -7.5000  -52.5000   60.0000 2210.5645   14.9545
    0.0000  -52.5000   60.0000 2224.3926   14.8094
    7.5000  -52.5000   60.0000 2197.8411   15.1471
   -7.5000  -45.0000   60.0000 2333.7363   13.9904
    0.0000  -45.0000   60.0000 2354.1213   13.9031
    7.5000  -45.0000   60.0000 2324.9473   14.1679
   -7.5000  -37.5000   60.0000 2427.5234   13.1265
    0.0000  -37.5000   60.0000 2444.7297   13.0626
    7.5000  -37.5000   60.0000 2418.1482   13.3207
   -7.5000  -30.0000   60.0000 2495.5417   12.4992
    0.0000  -30.0000   60.0000 2512.5833   12.4419
    7.5000  -30.0000   60.0000 2481.0957   12.7058
   -7.5000  -22.5000   60.0000 2531.0994   12.1656
    0.0000  -22.5000   60.0000 2547.2461   12.1263
    7.5000  -22.5000   60.0000 2512.5837   12.3661
   -7.5000  -15.0000   60.0000 2531.9585   12.1253
    0.0000  -15.0000   60.0000 2545.8809   12.1068
    7.5000  -15.0000   60.0000 2516.0745   12.3342
   -7.5000   -7.5000   60.0000 2506.4116   12.4067
    0.0000   -7.5000   60.0000 2516.9683   12.3357
    7.5000   -7.5000   60.0000 2489.3667   12.5479
   -7.5000    0.0000   60.0000 2461.2395   12.7991
    0.0000    0.0000   60.0000 2474.1235   12.7202
    7.5000    0.0000   60.0000 2446.6511   12.9440
   -7.5000    7.5000   60.0000 2390.2573   13.3665
    0.0000    7.5000   60.0000 2410.5688   13.2779
    7.5000    7.5000   60.0000 2381.7241   13.5308
   -7.5000   15.0000   60.0000 2290.2576   14.2451
    0.0000   15.0000   60.0000 2313.2825   14.1530
    7.5000   15.0000   60.0000 2284.9519   14.4035
   -7.5000   22.5000   60.0000 2166.8062   15.4488
    0.0000   22.5000   60.0000 2185.4727   15.3976
    7.5000   22.5000   60.0000 2160.3096   15.6164
   -7.5000   30.0000   60.0000 2026.2158   17.0163
    0.0000   30.0000   60.0000 2042.3364   16.9992
    7.5000   30.0000   60.0000 2019.8414   17.1884

---------------------------------------------------------------------
imgreg_4dfp /opt/freesurfer/average/711-2C_as_mni_average_305 /opt/freesurfer/average/711-2B_as_mni_average_305_mask talsrcimg_g11 none talsrcimg_to_711-2C_as_mni_average_305_t4 1283
---------------------------------------------------------------------

freesurfer imgreg_4dfp.c
/opt/freesurfer/average/711-2C_as_mni_average_305.4dfp.img
       256       256       256         1
  1.000000  1.000000  1.000000
orientation T byte_order littleendian
Reading image: /opt/freesurfer/average/711-2C_as_mni_average_305.4dfp.img
dimensions:      256       256       256
mmppix:       1.0000   -1.0000   -1.0000
center:     128.0000 -129.0000 -129.0000
/opt/freesurfer/average/711-2B_as_mni_average_305_mask.4dfp.img
       256       256       256         1
  1.000000  1.000000  1.000000
orientation T byte_order littleendian
Reading mask: /opt/freesurfer/average/711-2B_as_mni_average_305_mask.4dfp.img (2306576 pixels)
talsrcimg_g11.4dfp.img
       256       256       256         1
  0.898438  0.898438  0.898438
orientation T byte_order littleendian
Reading image: talsrcimg_g11.4dfp.img
dimensions:      256       256       256
mmppix:       0.8984   -0.8984   -0.8984
center:     115.0001 -115.8985 -115.8985
rotation matrix determinant  1.000000
fimgreg.f
image alignment mode   1283 decimal      503 hex
parameters
    0.0000  -22.5000   15.0000    0.0000    0.0000    0.0000
eta,q 0.93861  9.88033
niter,ni,del,rscale     5    3   12.0000    1.2000
parameter  3 -0.569058 -> -0.500000 qaram    1.1500
parameter  4  2.551041 ->  0.500000 qaram    1.1500
parameters
   -1.7480  -19.5887   18.4500   -3.4500   -1.0549    0.1699
eta,q 0.95102  9.86749
  0.0645  0.0790  0.0679  0.0475  0.0532  0.0561
  0.0609  0.0702  0.0623  0.0481  0.0512  0.0520
  0.0588  0.0631  0.0590  0.0512  0.0494  0.0495
  0.0594  0.0587  0.0565  0.0548  0.0488  0.0489
  0.0632  0.0568  0.0547  0.0586  0.0504  0.0501
  0.0700  0.0569  0.0550  0.0620  0.0539  0.0524
  0.0792  0.0590  0.0554  0.0658  0.0587  0.0545
niter,ni,del,rscale     6    3   12.0000    1.2000
parameter  4  0.681767 ->  0.500000 qaram    1.3225
parameters
   -1.6943  -18.3718   16.9976   -7.4175   -1.7403   -0.2439
eta,q 0.95579  9.90944
  0.0634  0.0652  0.0544  0.0463  0.0505  0.0503
  0.0549  0.0565  0.0504  0.0446  0.0474  0.0463
  0.0498  0.0511  0.0484  0.0451  0.0450  0.0441
  0.0490  0.0490  0.0492  0.0484  0.0446  0.0445
  0.0512  0.0497  0.0518  0.0528  0.0463  0.0462
  0.0554  0.0518  0.0556  0.0585  0.0498  0.0482
  0.0619  0.0549  0.0609  0.0642  0.0539  0.0510
niter,ni,del,rscale     6    3   12.0000    1.2000
parameters
   -1.4681  -16.9812   16.0324   -8.9265   -2.3835    0.2569
eta,q 0.95666  9.90120
  0.0603  0.0655  0.0511  0.0515  0.0492  0.0504
  0.0525  0.0560  0.0462  0.0451  0.0463  0.0458
  0.0467  0.0480  0.0438  0.0429  0.0442  0.0435
  0.0442  0.0442  0.0441  0.0438  0.0430  0.0432
  0.0456  0.0446  0.0461  0.0470  0.0443  0.0440
  0.0504  0.0475  0.0503  0.0521  0.0484  0.0453
  0.0585  0.0518  0.0558  0.0593  0.0529  0.0475
niter,ni,del,rscale     5    3   12.0000    1.2000
parameters
   -1.3321  -16.4464   15.5715   -9.6460   -2.5469    0.5321
eta,q 0.95692  9.87975
  0.0585  0.0611  0.0514  0.0530  0.0499  0.0493
  0.0507  0.0515  0.0462  0.0472  0.0467  0.0453
  0.0453  0.0450  0.0436  0.0427  0.0445  0.0434
  0.0433  0.0433  0.0435  0.0434  0.0430  0.0430
  0.0446  0.0451  0.0452  0.0461  0.0434  0.0437
  0.0491  0.0491  0.0482  0.0502  0.0468  0.0452
  0.0577  0.0547  0.0532  0.0562  0.0515  0.0477
niter,ni,del,rscale     4    3   12.0000    1.2000
parameters
   -1.3751  -16.2190   15.3142   -9.9750   -2.5152    0.6105
eta,q 0.95712  9.86971
  0.0575  0.0593  0.0519  0.0537  0.0502  0.0487
  0.0496  0.0500  0.0461  0.0485  0.0467  0.0450
  0.0444  0.0443  0.0434  0.0428  0.0445  0.0433
  0.0431  0.0431  0.0432  0.0431  0.0429  0.0429
  0.0447  0.0453  0.0448  0.0459  0.0431  0.0436
  0.0494  0.0499  0.0477  0.0498  0.0461  0.0452
  0.0582  0.0557  0.0525  0.0547  0.0508  0.0480
niter,ni,del,rscale     3    3   12.0000    1.2000
parameters
   -1.4370  -16.1135   15.2062  -10.1275   -2.4728    0.6400
eta,q 0.95720  9.86490
  0.0575  0.0585  0.0523  0.0540  0.0501  0.0486
  0.0494  0.0495  0.0463  0.0491  0.0466  0.0450
  0.0442  0.0439  0.0433  0.0429  0.0444  0.0433
  0.0429  0.0429  0.0429  0.0429  0.0428  0.0428
  0.0446  0.0453  0.0445  0.0457  0.0431  0.0435
  0.0495  0.0502  0.0475  0.0496  0.0460  0.0452
  0.0583  0.0560  0.0521  0.0540  0.0506  0.0482
niter,ni,del,rscale     2    3   12.0000    1.2000
parameters
   -1.4692  -16.0613   15.1555  -10.2001   -2.4510    0.6545
eta,q 0.95724  9.86257
  0.0578  0.0581  0.0525  0.0541  0.0501  0.0485
  0.0495  0.0492  0.0463  0.0493  0.0466  0.0450
  0.0441  0.0437  0.0433  0.0430  0.0443  0.0433
  0.0428  0.0428  0.0428  0.0428  0.0428  0.0428
  0.0446  0.0454  0.0443  0.0456  0.0430  0.0435
  0.0495  0.0503  0.0474  0.0495  0.0461  0.0453
  0.0582  0.0561  0.0519  0.0537  0.0507  0.0482
registration optimization eta report
parameter search radius
    6.0000    6.0000    6.9000    7.9350    6.0000    6.0000
100000*second partial in parameter space
       42.       39.       20.       17.       21.       16.
  0.0578  0.0581  0.0525  0.0541  0.0501  0.0485
  0.0495  0.0492  0.0463  0.0493  0.0466  0.0450
  0.0441  0.0437  0.0433  0.0430  0.0443  0.0433
  0.0428  0.0428  0.0428  0.0428  0.0428  0.0428
  0.0446  0.0454  0.0443  0.0456  0.0430  0.0435
  0.0495  0.0503  0.0474  0.0495  0.0461  0.0453
  0.0582  0.0561  0.0519  0.0537  0.0507  0.0482
   -1.4692  -16.0613   15.1555  -10.2001   -2.4510    0.6545
eta,q 0.95724  9.86257

---------------------------------------------------------------------
imgreg_4dfp /opt/freesurfer/average/711-2C_as_mni_average_305 /opt/freesurfer/average/711-2B_as_mni_average_305_mask talsrcimg_g11 none talsrcimg_to_711-2C_as_mni_average_305_t4 3335
---------------------------------------------------------------------

freesurfer imgreg_4dfp.c
/opt/freesurfer/average/711-2C_as_mni_average_305.4dfp.img
       256       256       256         1
  1.000000  1.000000  1.000000
orientation T byte_order littleendian
Reading image: /opt/freesurfer/average/711-2C_as_mni_average_305.4dfp.img
dimensions:      256       256       256
mmppix:       1.0000   -1.0000   -1.0000
center:     128.0000 -129.0000 -129.0000
/opt/freesurfer/average/711-2B_as_mni_average_305_mask.4dfp.img
       256       256       256         1
  1.000000  1.000000  1.000000
orientation T byte_order littleendian
Reading mask: /opt/freesurfer/average/711-2B_as_mni_average_305_mask.4dfp.img (2306576 pixels)
talsrcimg_g11.4dfp.img
       256       256       256         1
  0.898438  0.898438  0.898438
orientation T byte_order littleendian
Reading image: talsrcimg_g11.4dfp.img
dimensions:      256       256       256
mmppix:       0.8984   -0.8984   -0.8984
center:     115.0001 -115.8985 -115.8985
fimgreg.f
image alignment mode   3335 decimal      D07 hex
parameters
   -1.4692  -16.0613   15.1555   -0.0980   -1.5955   -1.6705
   -1.8816    4.0064    1.1413   17.7555   -4.2765  -17.6924
eta,q 0.95721  9.91321
niter,ni,del,rscale     5    3    5.0000    1.2000
parameter  4  0.562862 ->  0.500000 qaram    1.1500
parameter  5  2.498943 ->  0.500000 qaram    1.1500
parameter  6  0.822000 ->  0.500000 qaram    1.1500
parameter 12 -0.556868 -> -0.500000 qaram    1.1500
parameters
   -1.4154  -15.8594   15.1143   -4.2380   -5.7355   -5.8105
   -0.3794    3.2408    1.0537   16.9725   -4.5079  -13.5524
eta,q 0.96364  9.26486
  0.0459  0.0451  0.0441  0.0424  0.0362  0.0368  0.0397  0.0400  0.0384  0.0393  0.0372  0.0384
  0.0442  0.0439  0.0433  0.0424  0.0377  0.0367  0.0383  0.0380  0.0374  0.0377  0.0369  0.0376
  0.0432  0.0431  0.0429  0.0426  0.0398  0.0373  0.0373  0.0369  0.0368  0.0368  0.0367  0.0370
  0.0428  0.0428  0.0428  0.0428  0.0424  0.0382  0.0368  0.0367  0.0367  0.0367  0.0366  0.0366
  0.0431  0.0429  0.0430  0.0433  0.0451  0.0393  0.0367  0.0375  0.0369  0.0375  0.0367  0.0364
  0.0440  0.0434  0.0434  0.0445  0.0480  0.0410  0.0371  0.0392  0.0375  0.0388  0.0369  0.0364
  0.0457  0.0444  0.0441  0.0463  0.0515  0.0435  0.0380  0.0417  0.0385  0.0405  0.0373  0.0365
niter,ni,del,rscale     7    3    5.0000    1.2000
parameter  5  1.070738 ->  0.500000 qaram    1.3225
parameters
   -1.6137  -15.7427   15.4589   -5.0184  -10.4965   -7.7860
   -0.1347    3.0649    0.8387   17.6796   -4.0915  -13.7233
eta,q 0.96656  8.90511
  0.0390  0.0392  0.0383  0.0378  0.0332  0.0356  0.0360  0.0377  0.0351  0.0371  0.0341  0.0347
  0.0374  0.0376  0.0373  0.0366  0.0335  0.0342  0.0347  0.0354  0.0342  0.0354  0.0338  0.0340
  0.0365  0.0367  0.0366  0.0361  0.0346  0.0335  0.0338  0.0339  0.0336  0.0341  0.0336  0.0336
  0.0364  0.0363  0.0363  0.0363  0.0362  0.0337  0.0335  0.0335  0.0335  0.0335  0.0334  0.0334
  0.0369  0.0366  0.0364  0.0368  0.0385  0.0349  0.0337  0.0341  0.0337  0.0336  0.0335  0.0335
  0.0381  0.0374  0.0367  0.0372  0.0415  0.0364  0.0344  0.0357  0.0343  0.0344  0.0337  0.0340
  0.0399  0.0386  0.0374  0.0382  0.0447  0.0385  0.0358  0.0381  0.0353  0.0360  0.0340  0.0348
niter,ni,del,rscale     7    3    5.0000    1.2000
parameters
   -1.6113  -15.4146   15.0549   -5.1369  -14.8016   -8.5528
   -0.4161    2.9975    0.4815   19.7380   -3.3788  -15.6031
eta,q 0.96767  8.67507
  0.0368  0.0368  0.0343  0.0354  0.0336  0.0354  0.0349  0.0370  0.0341  0.0364  0.0331  0.0330
  0.0349  0.0351  0.0337  0.0340  0.0330  0.0339  0.0337  0.0347  0.0333  0.0347  0.0328  0.0326
  0.0338  0.0340  0.0334  0.0333  0.0327  0.0330  0.0329  0.0332  0.0328  0.0335  0.0325  0.0323
  0.0334  0.0334  0.0334  0.0333  0.0333  0.0327  0.0327  0.0327  0.0327  0.0327  0.0324  0.0324
  0.0338  0.0335  0.0337  0.0338  0.0349  0.0334  0.0331  0.0333  0.0330  0.0324  0.0324  0.0327
  0.0349  0.0342  0.0344  0.0344  0.0372  0.0348  0.0339  0.0348  0.0336  0.0328  0.0326  0.0333
  0.0367  0.0353  0.0353  0.0351  0.0405  0.0365  0.0353  0.0372  0.0343  0.0338  0.0329  0.0341
niter,ni,del,rscale     6    3    5.0000    1.2000
parameters
   -1.6805  -14.7880   14.3539   -5.4834  -17.0972   -9.1602
   -0.4845    2.8087    0.2465   22.2796   -2.8462  -17.1897
eta,q 0.96842  8.54844
  0.0355  0.0362  0.0328  0.0341  0.0335  0.0347  0.0344  0.0362  0.0335  0.0356  0.0325  0.0323
  0.0337  0.0344  0.0322  0.0327  0.0325  0.0333  0.0330  0.0339  0.0326  0.0340  0.0320  0.0318
  0.0326  0.0330  0.0320  0.0320  0.0321  0.0323  0.0322  0.0324  0.0321  0.0328  0.0317  0.0316
  0.0323  0.0323  0.0322  0.0320  0.0320  0.0320  0.0320  0.0320  0.0320  0.0320  0.0316  0.0316
  0.0328  0.0322  0.0326  0.0327  0.0327  0.0326  0.0323  0.0326  0.0322  0.0316  0.0317  0.0319
  0.0340  0.0326  0.0334  0.0333  0.0344  0.0339  0.0331  0.0342  0.0328  0.0318  0.0319  0.0323
  0.0358  0.0335  0.0344  0.0341  0.0368  0.0357  0.0344  0.0366  0.0336  0.0327  0.0322  0.0331
niter,ni,del,rscale     5    3    5.0000    1.2000
parameters
   -1.7897  -14.0774   13.5573   -5.9185  -19.1273  -10.0017
   -0.2713    2.5455    0.4062   24.3697   -2.6407  -18.0698
eta,q 0.96913  8.41810
  0.0347  0.0355  0.0319  0.0335  0.0329  0.0337  0.0337  0.0352  0.0331  0.0347  0.0318  0.0317
  0.0329  0.0336  0.0314  0.0321  0.0317  0.0323  0.0323  0.0329  0.0320  0.0331  0.0312  0.0312
  0.0318  0.0323  0.0312  0.0312  0.0312  0.0314  0.0315  0.0315  0.0313  0.0319  0.0310  0.0309
  0.0316  0.0316  0.0314  0.0312  0.0312  0.0312  0.0311  0.0311  0.0311  0.0311  0.0309  0.0309
  0.0321  0.0314  0.0319  0.0319  0.0318  0.0318  0.0314  0.0318  0.0313  0.0309  0.0309  0.0310
  0.0333  0.0317  0.0326  0.0327  0.0333  0.0331  0.0321  0.0334  0.0319  0.0312  0.0312  0.0315
  0.0352  0.0326  0.0337  0.0336  0.0357  0.0350  0.0334  0.0357  0.0328  0.0321  0.0316  0.0321
niter,ni,del,rscale     4    3    5.0000    1.2000
parameters
   -1.9114  -13.4832   12.8814   -6.3561  -20.2920  -10.6175
   -0.1291    2.4132    0.4953   25.5418   -2.3885  -18.9390
eta,q 0.96952  8.33566
  0.0339  0.0346  0.0313  0.0331  0.0330  0.0331  0.0331  0.0347  0.0327  0.0338  0.0314  0.0313
  0.0321  0.0328  0.0308  0.0316  0.0315  0.0317  0.0318  0.0324  0.0315  0.0322  0.0309  0.0308
  0.0311  0.0315  0.0306  0.0307  0.0307  0.0309  0.0309  0.0309  0.0308  0.0311  0.0306  0.0305
  0.0309  0.0309  0.0307  0.0306  0.0306  0.0306  0.0306  0.0306  0.0306  0.0306  0.0305  0.0305
  0.0314  0.0307  0.0311  0.0313  0.0311  0.0311  0.0308  0.0312  0.0308  0.0306  0.0306  0.0307
  0.0326  0.0312  0.0318  0.0323  0.0324  0.0322  0.0316  0.0327  0.0315  0.0311  0.0308  0.0311
  0.0345  0.0321  0.0328  0.0333  0.0347  0.0341  0.0329  0.0349  0.0325  0.0322  0.0313  0.0318
niter,ni,del,rscale     3    3    5.0000    1.2000
parameters
   -1.9611  -13.1855   12.5187   -6.5183  -20.7760  -10.8207
   -0.1017    2.3852    0.5115   26.1467   -2.2725  -19.4751
eta,q 0.96960  8.30999
  0.0337  0.0336  0.0314  0.0332  0.0333  0.0332  0.0329  0.0347  0.0325  0.0333  0.0313  0.0314
  0.0318  0.0320  0.0308  0.0317  0.0317  0.0317  0.0316  0.0323  0.0314  0.0317  0.0308  0.0308
  0.0308  0.0309  0.0305  0.0306  0.0307  0.0308  0.0307  0.0308  0.0306  0.0308  0.0305  0.0305
  0.0305  0.0305  0.0305  0.0304  0.0304  0.0304  0.0304  0.0304  0.0304  0.0304  0.0304  0.0304
  0.0309  0.0306  0.0307  0.0311  0.0308  0.0308  0.0307  0.0310  0.0307  0.0306  0.0305  0.0306
  0.0321  0.0312  0.0313  0.0321  0.0320  0.0318  0.0315  0.0325  0.0314  0.0312  0.0308  0.0310
  0.0339  0.0323  0.0321  0.0331  0.0342  0.0336  0.0329  0.0346  0.0325  0.0324  0.0312  0.0317
niter,ni,del,rscale     2    3    5.0000    1.2000
parameters
   -1.9694  -13.0567   12.3734   -6.5684  -20.9755  -10.8701
   -0.1057    2.3896    0.5192   26.4173   -2.2602  -19.6796
eta,q 0.96961  8.30239
  0.0337  0.0332  0.0315  0.0333  0.0335  0.0332  0.0328  0.0347  0.0325  0.0330  0.0313  0.0315
  0.0318  0.0317  0.0309  0.0317  0.0319  0.0318  0.0316  0.0323  0.0313  0.0315  0.0308  0.0309
  0.0307  0.0307  0.0305  0.0306  0.0308  0.0308  0.0307  0.0308  0.0306  0.0307  0.0305  0.0305
  0.0304  0.0304  0.0304  0.0304  0.0304  0.0304  0.0304  0.0304  0.0304  0.0304  0.0304  0.0304
  0.0308  0.0306  0.0306  0.0310  0.0307  0.0307  0.0307  0.0310  0.0307  0.0306  0.0305  0.0306
  0.0319  0.0314  0.0311  0.0320  0.0318  0.0317  0.0315  0.0324  0.0314  0.0313  0.0308  0.0309
  0.0337  0.0326  0.0318  0.0331  0.0340  0.0334  0.0329  0.0346  0.0325  0.0326  0.0313  0.0316
niter,ni,del,rscale     1    3    5.0000    1.2000
parameters
   -1.9673  -13.0017   12.3268   -6.5936  -21.0629  -10.8733
   -0.1141    2.4035    0.5292   26.5161   -2.2556  -19.7604
eta,q 0.96960  8.29928
  0.0337  0.0330  0.0316  0.0334  0.0336  0.0332  0.0328  0.0347  0.0325  0.0329  0.0313  0.0315
  0.0318  0.0315  0.0309  0.0317  0.0319  0.0318  0.0316  0.0323  0.0314  0.0315  0.0308  0.0309
  0.0307  0.0307  0.0305  0.0307  0.0309  0.0308  0.0307  0.0308  0.0306  0.0306  0.0305  0.0305
  0.0304  0.0304  0.0304  0.0304  0.0304  0.0304  0.0304  0.0304  0.0304  0.0304  0.0304  0.0304
  0.0308  0.0307  0.0306  0.0310  0.0306  0.0307  0.0307  0.0309  0.0307  0.0306  0.0305  0.0306
  0.0318  0.0315  0.0310  0.0320  0.0318  0.0317  0.0315  0.0324  0.0314  0.0314  0.0308  0.0309
  0.0336  0.0327  0.0317  0.0331  0.0340  0.0333  0.0329  0.0345  0.0325  0.0327  0.0313  0.0316
registration optimization eta report
parameter search radius
    2.4000    2.4000    2.4000    8.2800    9.5220    8.2800
    7.2000    7.2000    7.2000    7.2000    7.2000    8.2800
100000*second partial in parameter space
       56.       43.       22.        4.        4.        4.
        5.        8.        4.        5.        2.        2.
  0.0337  0.0330  0.0316  0.0334  0.0336  0.0332  0.0328  0.0347  0.0325  0.0329  0.0313  0.0315
  0.0318  0.0315  0.0309  0.0317  0.0319  0.0318  0.0316  0.0323  0.0314  0.0315  0.0308  0.0309
  0.0307  0.0307  0.0305  0.0307  0.0309  0.0308  0.0307  0.0308  0.0306  0.0306  0.0305  0.0305
  0.0304  0.0304  0.0304  0.0304  0.0304  0.0304  0.0304  0.0304  0.0304  0.0304  0.0304  0.0304
  0.0308  0.0307  0.0306  0.0310  0.0306  0.0307  0.0307  0.0309  0.0307  0.0306  0.0305  0.0306
  0.0318  0.0315  0.0310  0.0320  0.0318  0.0317  0.0315  0.0324  0.0314  0.0314  0.0308  0.0309
  0.0336  0.0327  0.0317  0.0331  0.0340  0.0333  0.0329  0.0345  0.0325  0.0327  0.0313  0.0316
   -1.9673  -13.0017   12.3268   -6.5936  -21.0629  -10.8733
   -0.1141    2.4035    0.5292   26.5161   -2.2556  -19.7604
eta,q 0.96960  8.29928

---------------------------------------------------------------------
imgreg_4dfp /opt/freesurfer/average/711-2C_as_mni_average_305 /opt/freesurfer/average/711-2B_as_mni_average_305_mask talsrcimg_g11 none talsrcimg_to_711-2C_as_mni_average_305_t4 2311
---------------------------------------------------------------------

freesurfer imgreg_4dfp.c
/opt/freesurfer/average/711-2C_as_mni_average_305.4dfp.img
       256       256       256         1
  1.000000  1.000000  1.000000
orientation T byte_order littleendian
Reading image: /opt/freesurfer/average/711-2C_as_mni_average_305.4dfp.img
dimensions:      256       256       256
mmppix:       1.0000   -1.0000   -1.0000
center:     128.0000 -129.0000 -129.0000
/opt/freesurfer/average/711-2B_as_mni_average_305_mask.4dfp.img
       256       256       256         1
  1.000000  1.000000  1.000000
orientation T byte_order littleendian
Reading mask: /opt/freesurfer/average/711-2B_as_mni_average_305_mask.4dfp.img (2306576 pixels)
talsrcimg_g11.4dfp.img
       256       256       256         1
  0.898438  0.898438  0.898438
orientation T byte_order littleendian
Reading image: talsrcimg_g11.4dfp.img
dimensions:      256       256       256
mmppix:       0.8984   -0.8984   -0.8984
center:     115.0001 -115.8985 -115.8985
fimgreg.f
image alignment mode   2311 decimal      907 hex
parameters
   -1.9673  -13.0017   12.3268   -6.5936  -21.0629  -10.8733
   -0.1141    2.4035    0.5292   26.5161   -2.2556  -19.7604
eta,q 0.96960  8.29928
niter,ni,del,rscale     5    3    5.0000    0.8000
parameters
   -1.9720  -13.0188   12.3120   -6.9909  -20.5749  -10.6610
   -0.0675    2.3080    0.4435   26.4771   -2.3319  -19.6988
eta,q 0.96964  8.31041
  0.0318  0.0315  0.0310  0.0314  0.0314  0.0315  0.0315  0.0323  0.0313  0.0314  0.0308  0.0308
  0.0310  0.0309  0.0307  0.0308  0.0309  0.0309  0.0309  0.0311  0.0308  0.0308  0.0305  0.0306
  0.0305  0.0305  0.0305  0.0304  0.0305  0.0305  0.0305  0.0305  0.0305  0.0305  0.0304  0.0304
  0.0304  0.0304  0.0304  0.0304  0.0304  0.0304  0.0304  0.0304  0.0304  0.0304  0.0304  0.0304
  0.0306  0.0305  0.0305  0.0306  0.0304  0.0305  0.0305  0.0306  0.0305  0.0305  0.0304  0.0304
  0.0310  0.0309  0.0307  0.0311  0.0306  0.0308  0.0309  0.0313  0.0308  0.0308  0.0306  0.0306
  0.0318  0.0315  0.0310  0.0318  0.0311  0.0313  0.0315  0.0324  0.0314  0.0314  0.0308  0.0308
niter,ni,del,rscale     4    3    5.0000    0.7000
parameters
   -1.9853  -13.0633   12.3721   -7.0354  -20.5018  -10.5750
   -0.0487    2.2679    0.4271   26.3904   -2.3428  -19.6437
eta,q 0.96965  8.31294
  0.0315  0.0312  0.0308  0.0313  0.0310  0.0312  0.0313  0.0319  0.0311  0.0311  0.0307  0.0307
  0.0308  0.0307  0.0306  0.0308  0.0307  0.0307  0.0308  0.0310  0.0307  0.0307  0.0305  0.0305
  0.0305  0.0304  0.0304  0.0305  0.0304  0.0305  0.0305  0.0305  0.0304  0.0304  0.0304  0.0304
  0.0304  0.0304  0.0304  0.0304  0.0304  0.0304  0.0304  0.0304  0.0304  0.0303  0.0304  0.0304
  0.0305  0.0305  0.0304  0.0305  0.0304  0.0304  0.0305  0.0305  0.0304  0.0305  0.0304  0.0304
  0.0309  0.0308  0.0305  0.0308  0.0306  0.0307  0.0307  0.0311  0.0307  0.0307  0.0305  0.0305
  0.0315  0.0313  0.0308  0.0313  0.0310  0.0311  0.0312  0.0319  0.0311  0.0312  0.0307  0.0307
niter,ni,del,rscale     3    3    5.0000    0.6000
parameters
   -1.9917  -13.0880   12.4092   -7.0778  -20.4487  -10.5403
   -0.0337    2.2303    0.4123   26.3439   -2.3848  -19.6124
eta,q 0.96965  8.31377
  0.0312  0.0310  0.0307  0.0311  0.0308  0.0310  0.0310  0.0315  0.0309  0.0309  0.0306  0.0306
  0.0307  0.0306  0.0305  0.0307  0.0306  0.0306  0.0306  0.0308  0.0306  0.0306  0.0304  0.0305
  0.0304  0.0304  0.0304  0.0304  0.0304  0.0304  0.0304  0.0304  0.0304  0.0304  0.0304  0.0304
  0.0304  0.0304  0.0304  0.0304  0.0304  0.0304  0.0303  0.0304  0.0304  0.0304  0.0303  0.0303
  0.0304  0.0304  0.0304  0.0305  0.0304  0.0304  0.0304  0.0305  0.0304  0.0304  0.0304  0.0304
  0.0307  0.0307  0.0305  0.0307  0.0306  0.0306  0.0306  0.0309  0.0306  0.0306  0.0305  0.0305
  0.0312  0.0310  0.0307  0.0311  0.0308  0.0309  0.0310  0.0315  0.0309  0.0310  0.0306  0.0306
niter,ni,del,rscale     2    3    5.0000    0.5000
parameters
   -2.0020  -13.1031   12.4275   -7.1006  -20.4049  -10.5340
   -0.0322    2.1915    0.3954   26.2994   -2.4284  -19.6110
eta,q 0.96965  8.31434
  0.0309  0.0308  0.0306  0.0309  0.0307  0.0308  0.0308  0.0311  0.0307  0.0308  0.0305  0.0305
  0.0306  0.0305  0.0305  0.0306  0.0305  0.0305  0.0305  0.0307  0.0305  0.0305  0.0304  0.0304
  0.0304  0.0304  0.0304  0.0304  0.0304  0.0304  0.0304  0.0304  0.0304  0.0304  0.0304  0.0304
  0.0303  0.0304  0.0304  0.0304  0.0304  0.0304  0.0304  0.0304  0.0303  0.0303  0.0304  0.0303
  0.0304  0.0304  0.0304  0.0304  0.0304  0.0304  0.0304  0.0304  0.0304  0.0304  0.0304  0.0304
  0.0306  0.0306  0.0304  0.0306  0.0305  0.0306  0.0306  0.0307  0.0305  0.0305  0.0304  0.0304
  0.0309  0.0308  0.0306  0.0309  0.0307  0.0308  0.0308  0.0311  0.0307  0.0308  0.0305  0.0305
niter,ni,del,rscale     1    3    5.0000    0.4000
parameters
   -2.0101  -13.1159   12.4327   -7.1197  -20.3703  -10.5299
   -0.0277    2.1649    0.4025   26.2836   -2.4561  -19.6113
eta,q 0.96965  8.31505
  0.0307  0.0306  0.0305  0.0307  0.0306  0.0306  0.0306  0.0308  0.0306  0.0306  0.0304  0.0305
  0.0305  0.0305  0.0304  0.0305  0.0305  0.0305  0.0305  0.0306  0.0305  0.0305  0.0304  0.0304
  0.0304  0.0304  0.0304  0.0304  0.0304  0.0304  0.0304  0.0304  0.0304  0.0304  0.0304  0.0304
  0.0303  0.0304  0.0303  0.0303  0.0303  0.0303  0.0304  0.0303  0.0303  0.0303  0.0303  0.0303
  0.0304  0.0304  0.0304  0.0304  0.0304  0.0304  0.0304  0.0304  0.0304  0.0304  0.0304  0.0304
  0.0305  0.0305  0.0304  0.0305  0.0304  0.0305  0.0305  0.0306  0.0305  0.0305  0.0304  0.0304
  0.0307  0.0306  0.0305  0.0307  0.0306  0.0306  0.0306  0.0308  0.0306  0.0306  0.0304  0.0305
registration optimization eta report
parameter search radius
    0.8000    0.8000    0.8000    2.4000    2.4000    2.4000
    2.4000    2.4000    2.4000    2.4000    2.4000    2.4000
100000*second partial in parameter space
       57.       45.       24.        6.        4.        5.
        5.        9.        4.        5.        2.        2.
  0.0307  0.0306  0.0305  0.0307  0.0306  0.0306  0.0306  0.0308  0.0306  0.0306  0.0304  0.0305
  0.0305  0.0305  0.0304  0.0305  0.0305  0.0305  0.0305  0.0306  0.0305  0.0305  0.0304  0.0304
  0.0304  0.0304  0.0304  0.0304  0.0304  0.0304  0.0304  0.0304  0.0304  0.0304  0.0304  0.0304
  0.0303  0.0304  0.0303  0.0303  0.0303  0.0303  0.0304  0.0303  0.0303  0.0303  0.0303  0.0303
  0.0304  0.0304  0.0304  0.0304  0.0304  0.0304  0.0304  0.0304  0.0304  0.0304  0.0304  0.0304
  0.0305  0.0305  0.0304  0.0305  0.0304  0.0305  0.0305  0.0306  0.0305  0.0305  0.0304  0.0304
  0.0307  0.0306  0.0305  0.0307  0.0306  0.0306  0.0306  0.0308  0.0306  0.0306  0.0304  0.0305
   -2.0101  -13.1159   12.4327   -7.1197  -20.3703  -10.5299
   -0.0277    2.1649    0.4025   26.2836   -2.4561  -19.6113
eta,q 0.96965  8.31505

---------------------------------------------------------------------
imgreg_4dfp /opt/freesurfer/average/711-2C_as_mni_average_305 /opt/freesurfer/average/711-2B_as_mni_average_305_mask talsrcimg_g11 none talsrcimg_to_711-2C_as_mni_average_305_t4 2311
---------------------------------------------------------------------

freesurfer imgreg_4dfp.c
/opt/freesurfer/average/711-2C_as_mni_average_305.4dfp.img
       256       256       256         1
  1.000000  1.000000  1.000000
orientation T byte_order littleendian
Reading image: /opt/freesurfer/average/711-2C_as_mni_average_305.4dfp.img
dimensions:      256       256       256
mmppix:       1.0000   -1.0000   -1.0000
center:     128.0000 -129.0000 -129.0000
/opt/freesurfer/average/711-2B_as_mni_average_305_mask.4dfp.img
       256       256       256         1
  1.000000  1.000000  1.000000
orientation T byte_order littleendian
Reading mask: /opt/freesurfer/average/711-2B_as_mni_average_305_mask.4dfp.img (2306576 pixels)
talsrcimg_g11.4dfp.img
       256       256       256         1
  0.898438  0.898438  0.898438
orientation T byte_order littleendian
Reading image: talsrcimg_g11.4dfp.img
dimensions:      256       256       256
mmppix:       0.8984   -0.8984   -0.8984
center:     115.0001 -115.8985 -115.8985
fimgreg.f
image alignment mode   2311 decimal      907 hex
parameters
   -2.0101  -13.1159   12.4327   -7.1197  -20.3703  -10.5299
   -0.0277    2.1649    0.4025   26.2836   -2.4561  -19.6113
eta,q 0.96965  8.31504
niter,ni,del,rscale     5    3    5.0000    0.8000
parameters
   -2.0046  -13.0962   12.4387   -7.0215  -20.5216  -10.5407
   -0.0196    2.2817    0.4409   26.3380   -2.3179  -19.6205
eta,q 0.96964  8.31274
  0.0318  0.0315  0.0309  0.0316  0.0311  0.0314  0.0315  0.0325  0.0314  0.0314  0.0308  0.0308
  0.0310  0.0309  0.0306  0.0309  0.0307  0.0308  0.0309  0.0313  0.0308  0.0308  0.0305  0.0306
  0.0305  0.0305  0.0304  0.0305  0.0304  0.0305  0.0305  0.0306  0.0305  0.0305  0.0304  0.0304
  0.0303  0.0303  0.0304  0.0303  0.0303  0.0304  0.0304  0.0304  0.0304  0.0304  0.0304  0.0304
  0.0305  0.0305  0.0304  0.0305  0.0304  0.0305  0.0305  0.0306  0.0305  0.0305  0.0304  0.0304
  0.0310  0.0308  0.0306  0.0309  0.0307  0.0308  0.0309  0.0312  0.0308  0.0308  0.0305  0.0306
  0.0318  0.0314  0.0309  0.0315  0.0313  0.0314  0.0315  0.0322  0.0313  0.0314  0.0307  0.0308
niter,ni,del,rscale     4    3    5.0000    0.7000
parameters
   -1.9926  -13.0892   12.4269   -7.0417  -20.4750  -10.5163
   -0.0277    2.2528    0.4227   26.3454   -2.3401  -19.6162
eta,q 0.96965  8.31508
  0.0315  0.0312  0.0308  0.0313  0.0310  0.0312  0.0312  0.0319  0.0311  0.0312  0.0307  0.0307
  0.0309  0.0307  0.0306  0.0308  0.0307  0.0307  0.0307  0.0310  0.0307  0.0307  0.0305  0.0305
  0.0305  0.0304  0.0304  0.0305  0.0304  0.0305  0.0304  0.0305  0.0304  0.0304  0.0304  0.0304
  0.0304  0.0304  0.0304  0.0304  0.0304  0.0304  0.0304  0.0304  0.0304  0.0304  0.0304  0.0304
  0.0305  0.0305  0.0304  0.0305  0.0304  0.0305  0.0305  0.0306  0.0304  0.0304  0.0304  0.0304
  0.0308  0.0307  0.0306  0.0308  0.0306  0.0307  0.0308  0.0311  0.0307  0.0307  0.0305  0.0305
  0.0315  0.0312  0.0308  0.0313  0.0310  0.0311  0.0312  0.0319  0.0311  0.0312  0.0307  0.0307
niter,ni,del,rscale     3    3    5.0000    0.6000
parameters
   -1.9986  -13.0971   12.4310   -7.0792  -20.4362  -10.5175
   -0.0271    2.2176    0.4062   26.3117   -2.3702  -19.5873
eta,q 0.96965  8.31434
  0.0312  0.0310  0.0307  0.0311  0.0308  0.0310  0.0310  0.0315  0.0309  0.0309  0.0306  0.0306
  0.0307  0.0306  0.0305  0.0307  0.0306  0.0306  0.0306  0.0308  0.0306  0.0306  0.0304  0.0305
  0.0304  0.0304  0.0304  0.0304  0.0304  0.0304  0.0304  0.0305  0.0304  0.0304  0.0304  0.0304
  0.0304  0.0304  0.0304  0.0304  0.0304  0.0304  0.0304  0.0304  0.0304  0.0303  0.0304  0.0304
  0.0304  0.0304  0.0304  0.0305  0.0304  0.0304  0.0304  0.0305  0.0304  0.0304  0.0304  0.0304
  0.0307  0.0306  0.0305  0.0307  0.0306  0.0306  0.0306  0.0309  0.0306  0.0306  0.0305  0.0305
  0.0312  0.0310  0.0307  0.0311  0.0308  0.0309  0.0310  0.0315  0.0309  0.0310  0.0306  0.0306
niter,ni,del,rscale     2    3    5.0000    0.5000
parameters
   -2.0035  -13.1108   12.4372   -7.0973  -20.3928  -10.5251
   -0.0226    2.1853    0.3996   26.2851   -2.4076  -19.5784
eta,q 0.96965  8.31484
  0.0309  0.0308  0.0306  0.0309  0.0307  0.0308  0.0308  0.0311  0.0307  0.0308  0.0305  0.0305
  0.0306  0.0305  0.0305  0.0306  0.0305  0.0305  0.0305  0.0307  0.0305  0.0305  0.0304  0.0304
  0.0304  0.0304  0.0304  0.0304  0.0304  0.0304  0.0304  0.0304  0.0304  0.0304  0.0304  0.0304
  0.0303  0.0304  0.0303  0.0304  0.0304  0.0304  0.0304  0.0304  0.0303  0.0303  0.0303  0.0304
  0.0304  0.0304  0.0304  0.0304  0.0304  0.0304  0.0304  0.0304  0.0304  0.0304  0.0304  0.0304
  0.0306  0.0306  0.0305  0.0306  0.0305  0.0306  0.0306  0.0307  0.0305  0.0305  0.0304  0.0304
  0.0309  0.0308  0.0306  0.0309  0.0307  0.0308  0.0308  0.0311  0.0307  0.0308  0.0305  0.0305
niter,ni,del,rscale     1    3    5.0000    0.4000
parameters
   -2.0108  -13.1172   12.4350   -7.1196  -20.3800  -10.5397
   -0.0348    2.1570    0.3973   26.2719   -2.4293  -19.5666
eta,q 0.96965  8.31357
  0.0307  0.0306  0.0305  0.0307  0.0306  0.0306  0.0306  0.0308  0.0306  0.0306  0.0304  0.0305
  0.0305  0.0305  0.0304  0.0305  0.0305  0.0305  0.0305  0.0306  0.0305  0.0305  0.0304  0.0304
  0.0304  0.0304  0.0304  0.0304  0.0304  0.0304  0.0304  0.0304  0.0304  0.0304  0.0304  0.0304
  0.0304  0.0303  0.0303  0.0303  0.0303  0.0303  0.0304  0.0303  0.0303  0.0303  0.0303  0.0303
  0.0304  0.0304  0.0304  0.0304  0.0304  0.0304  0.0304  0.0304  0.0304  0.0304  0.0304  0.0304
  0.0305  0.0305  0.0304  0.0305  0.0304  0.0305  0.0305  0.0306  0.0305  0.0305  0.0304  0.0304
  0.0307  0.0306  0.0305  0.0307  0.0306  0.0306  0.0306  0.0308  0.0306  0.0306  0.0305  0.0305
registration optimization eta report
parameter search radius
    0.8000    0.8000    0.8000    2.4000    2.4000    2.4000
    2.4000    2.4000    2.4000    2.4000    2.4000    2.4000
100000*second partial in parameter space
       57.       44.       24.        6.        4.        5.
        5.        9.        4.        5.        2.        2.
  0.0307  0.0306  0.0305  0.0307  0.0306  0.0306  0.0306  0.0308  0.0306  0.0306  0.0304  0.0305
  0.0305  0.0305  0.0304  0.0305  0.0305  0.0305  0.0305  0.0306  0.0305  0.0305  0.0304  0.0304
  0.0304  0.0304  0.0304  0.0304  0.0304  0.0304  0.0304  0.0304  0.0304  0.0304  0.0304  0.0304
  0.0304  0.0303  0.0303  0.0303  0.0303  0.0303  0.0304  0.0303  0.0303  0.0303  0.0303  0.0303
  0.0304  0.0304  0.0304  0.0304  0.0304  0.0304  0.0304  0.0304  0.0304  0.0304  0.0304  0.0304
  0.0305  0.0305  0.0304  0.0305  0.0304  0.0305  0.0305  0.0306  0.0305  0.0305  0.0304  0.0304
  0.0307  0.0306  0.0305  0.0307  0.0306  0.0306  0.0306  0.0308  0.0306  0.0306  0.0305  0.0305
   -2.0108  -13.1172   12.4350   -7.1196  -20.3800  -10.5397
   -0.0348    2.1570    0.3973   26.2719   -2.4293  -19.5666
eta,q 0.96965  8.31357

---------------------------------------------------------------------
compute_vox2vox talsrcimg talsrcimg_to_711-2C_as_mni_average_305_t4 /opt/freesurfer/average/711-2C_as_mni_average_305
---------------------------------------------------------------------

freesurfer compute_vox2vox.c
Reading: talsrcimg.4dfp.ifh
Reading: talsrcimg_to_711-2C_as_mni_average_305_t4
Reading: /opt/freesurfer/average/711-2C_as_mni_average_305.4dfp.ifh
Writing: talsrcimg_to_711-2C_as_mni_average_305_t4_vox2vox.txt

start time Wed Mar 11 03:29:09 CET 2026
end		time Wed Mar 11 03:30:36 CET 2026

mpr2mni305 success

avi2talxfm orig_nu.mgz /opt/freesurfer/average/mni305.cor.mgz talsrcimg_to_711-2C_as_mni_average_305_t4_vox2vox.txt transforms/talairach.auto.xfm
avi2talxfm done
mv -f /out/sourcedata/freesurfer/sub-v2s13x29104_ses-1/mri/talsrcimg_to_711-2C_as_mni_average_305_t4_vox2vox.txt /out/sourcedata/freesurfer/sub-v2s13x29104_ses-1/mri/transforms/talsrcimg_to_711-2C_as_mni_average_305_t4_vox2vox.txt
lta_convert --src orig_nu.mgz --trg /opt/freesurfer/average/mni305.cor.mgz --inxfm transforms/talairach.auto.xfm --outlta transforms/talairach.auto.xfm.lta --subject fsaverage
7.3.2

--src: orig_nu.mgz src image (geometry).
--trg: /opt/freesurfer/average/mni305.cor.mgz trg image (geometry).
--inmni: transforms/talairach.auto.xfm input MNI/XFM transform.
--outlta: transforms/talairach.auto.xfm.lta output LTA.
--s: fsaverage subject name
 LTA read, type : 1
 1.07604  -0.02433  -0.00551  -0.23627;
 0.02616   1.04198   0.25608  -15.54341;
-0.01400  -0.34370   1.17149   12.33459;
 0.00000   0.00000   0.00000   1.00000;
setting subject to fsaverage
Writing  LTA to file transforms/talairach.auto.xfm.lta...
lta_convert successful.
 
 
Started at Wed Mar 11 03:29:09 CET 2026
Ended   at Wed Mar 11 03:30:36 CET 2026
talairach_avi done
