/out/sourcedata/freesurfer/sub-v2s13x29116_ses-1/mri
/opt/freesurfer/bin/talairach_avi
--i orig_nu.mgz --xfm transforms/talairach.auto.xfm
talairach_avi 7.3.2
Linux dna061 5.14.0-427.37.1.el9_4.x86_64 #1 SMP PREEMPT_DYNAMIC Fri Sep 13 12:41:50 EDT 2024 x86_64 x86_64 x86_64 GNU/Linux
Wed Mar 11 04:11:27 CET 2026
mri_convert orig_nu.mgz talsrcimg.img 
reading from orig_nu.mgz...
TR=0.00, TE=0.00, TI=0.00, flip angle=0.00
i_ras = (-1, -8.50338e-10, -2.59151e-10)
j_ras = (0, 0, -1)
k_ras = (2.89925e-09, 1, 8.29282e-09)
writing to talsrcimg.img...
Analyze Output Matrix
-0.89844   0.00000   0.00000   117.55068;
-0.00000   0.00000   0.89844  -118.53968;
-0.00000  -0.89844   0.00000   142.94836;
 0.00000   0.00000   0.00000   1.00000;
--------------------
INFO: set hdr.hist.orient to -1
mpr2mni305 talsrcimg
Wed Mar 11 04:11:28 CET 2026
/opt/freesurfer/bin/mpr2mni305 talsrcimg
mpr2mni305 7.3.2
target=711-2C_as_mni_average_305

---------------------------------------------------------------------
analyzeto4dfp talsrcimg -O0 -y
---------------------------------------------------------------------

freesurfer ifh2hdr.c
Wed Mar 11 04:11:28 2026
Writing: talsrcimg.4dfp.hdr
freesurfer analyzeto4dfp.c
Reading: talsrcimg.hdr
header size 348 bytes
hdr.dime.datatype	offset=70	value=2
hdr.dime.bitpix		offset=72	value=8
hdr.hist.orient		offset=252	value=-1
dimensionality     4
dimensions       256       256       256         1
Reading: talsrcimg.img
Writing: talsrcimg.4dfp.img
Writing: talsrcimg.4dfp.ifh
ifh2hdr talsrcimg -r0to247
ori=2

---------------------------------------------------------------------
gauss_4dfp talsrcimg 1.1
---------------------------------------------------------------------

freesurfer gauss_4dfp.c
Reading: talsrcimg.4dfp.img
Writing: talsrcimg_g11.4dfp.img
image dimensions 256 256 256 padded to 288 288 288
processing volume 1freesurfer ifh2hdr.c
Wed Mar 11 04:11:30 2026
Writing: talsrcimg_g11.4dfp.hdr

Writing: talsrcimg_g11.4dfp.ifh
including: talsrcimg.4dfp.img.rec in talsrcimg_g11.4dfp.img.rec

---------------------------------------------------------------------
imgreg_4dfp /opt/freesurfer/average/711-2C_as_mni_average_305 none talsrcimg_g11 none talsrcimg_to_711-2C_as_mni_average_305_t4 4355
---------------------------------------------------------------------

freesurfer imgreg_4dfp.c
/opt/freesurfer/average/711-2C_as_mni_average_305.4dfp.img
       256       256       256         1
  1.000000  1.000000  1.000000
orientation T byte_order littleendian
Reading image: /opt/freesurfer/average/711-2C_as_mni_average_305.4dfp.img
dimensions:      256       256       256
mmppix:       1.0000   -1.0000   -1.0000
center:     128.0000 -129.0000 -129.0000
talsrcimg_g11.4dfp.img
       256       256       256         1
  0.898438  0.898438  0.898438
orientation T byte_order littleendian
Reading image: talsrcimg_g11.4dfp.img
dimensions:      256       256       256
mmppix:       0.8984   -0.8984   -0.8984
center:     115.0001 -115.8985 -115.8985
t4_read: open error in t4_sub.f l:  41 t4_file(1:l)talsrcimg_to_711-2C_as_mni_average_305_t4 
t4_read: transform initialized to I4
rotation matrix determinant  1.000000
image alignment mode   4355 decimal     1103 hex
   -7.5000  -45.0000  -45.0000 6141.4722   14.7995
    0.0000  -45.0000  -45.0000 6180.8081   14.7945
    7.5000  -45.0000  -45.0000 5825.4224   14.7972
   -7.5000  -37.5000  -45.0000 6590.0068   15.7271
    0.0000  -37.5000  -45.0000 6629.9204   15.7200
    7.5000  -37.5000  -45.0000 6245.8110   15.7275
   -7.5000  -30.0000  -45.0000 6998.5566   16.2172
    0.0000  -30.0000  -45.0000 7055.0171   16.2118
    7.5000  -30.0000  -45.0000 6653.0903   16.2238
   -7.5000  -22.5000  -45.0000 7494.2188   16.2099
    0.0000  -22.5000  -45.0000 7569.3833   16.2085
    7.5000  -22.5000  -45.0000 7117.7344   16.2206
   -7.5000  -15.0000  -45.0000 7971.1567   16.2082
    0.0000  -15.0000  -45.0000 8052.3423   16.2089
    7.5000  -15.0000  -45.0000 7590.7930   16.2164
   -7.5000   -7.5000  -45.0000 8106.3901   16.2129
    0.0000   -7.5000  -45.0000 8170.4487   16.2118
    7.5000   -7.5000  -45.0000 7719.6382   16.2147
   -7.5000    0.0000  -45.0000 8143.1719   16.2210
    0.0000    0.0000  -45.0000 8213.0146   16.2156
    7.5000    0.0000  -45.0000 7750.5542   16.2185
   -7.5000    7.5000  -45.0000 7808.4072   16.2229
    0.0000    7.5000  -45.0000 7882.5801   16.2156
    7.5000    7.5000  -45.0000 7423.8110   16.2233
   -7.5000   15.0000  -45.0000 7714.6187   16.2171
    0.0000   15.0000  -45.0000 7783.4155   16.2118
    7.5000   15.0000  -45.0000 7325.9033   16.2238
   -7.5000   22.5000  -45.0000 7106.2744   15.9918
    0.0000   22.5000  -45.0000 7164.5474   15.9905
    7.5000   22.5000  -45.0000 6738.6104   16.0024
   -7.5000   30.0000  -45.0000 6474.2109   15.5641
    0.0000   30.0000  -45.0000 6539.2334   15.5647
    7.5000   30.0000  -45.0000 6156.6138   15.5718
   -7.5000   37.5000  -45.0000 5919.4956   15.1743
    0.0000   37.5000  -45.0000 5992.1768   15.1724
    7.5000   37.5000  -45.0000 5642.4316   15.1746
   -7.5000   45.0000  -45.0000 5423.9229   14.9687
    0.0000   45.0000  -45.0000 5490.2222   14.9607
    7.5000   45.0000  -45.0000 5175.1426   14.9644
   -7.5000  -45.0000  -37.5000 6715.6104   15.5428
    0.0000  -45.0000  -37.5000 6758.0249   15.5364
    7.5000  -45.0000  -37.5000 6364.8794   15.5465
   -7.5000  -37.5000  -37.5000 7195.4595   16.5226
    0.0000  -37.5000  -37.5000 7247.5869   16.5158
    7.5000  -37.5000  -37.5000 6825.3164   16.5309
   -7.5000  -30.0000  -37.5000 7632.5928   17.0062
    0.0000  -30.0000  -37.5000 7709.2310   17.0058
    7.5000  -30.0000  -37.5000 7257.1650   17.0252
   -7.5000  -22.5000  -37.5000 8153.7876   16.9986
    0.0000  -22.5000  -37.5000 8250.8926   17.0051
    7.5000  -22.5000  -37.5000 7765.8101   17.0240
   -7.5000  -15.0000  -37.5000 8674.8203   16.9996
    0.0000  -15.0000  -37.5000 8767.6846   17.0056
    7.5000  -15.0000  -37.5000 8249.9453   17.0201
   -7.5000   -7.5000  -37.5000 8805.0244   17.0060
    0.0000   -7.5000  -37.5000 8878.4785   17.0056
    7.5000   -7.5000  -37.5000 8376.0410   17.0162
   -7.5000    0.0000  -37.5000 8818.7305   17.0141
    0.0000    0.0000  -37.5000 8900.1914   17.0071
    7.5000    0.0000  -37.5000 8389.2334   17.0182
   -7.5000    7.5000  -37.5000 8441.0449   17.0135
    0.0000    7.5000  -37.5000 8533.7451   17.0065
    7.5000    7.5000  -37.5000 8042.2446   17.0221
   -7.5000   15.0000  -37.5000 8328.9834   17.0054
    0.0000   15.0000  -37.5000 8416.0801   17.0050
    7.5000   15.0000  -37.5000 7919.2656   17.0244
   -7.5000   22.5000  -37.5000 7652.7207   16.7713
    0.0000   22.5000  -37.5000 7723.7305   16.7777
    7.5000   22.5000  -37.5000 7266.7568   16.7964
   -7.5000   30.0000  -37.5000 6945.1431   16.3356
    0.0000   30.0000  -37.5000 7005.1987   16.3414
    7.5000   30.0000  -37.5000 6596.8848   16.3552
   -7.5000   37.5000  -37.5000 6328.0127   15.9251
    0.0000   37.5000  -37.5000 6397.5718   15.9243
    7.5000   37.5000  -37.5000 6037.7476   15.9338
   -7.5000   45.0000  -37.5000 5783.9980   15.6949
    0.0000   45.0000  -37.5000 5857.1968   15.6825
    7.5000   45.0000  -37.5000 5522.4702   15.6920
   -7.5000  -45.0000  -30.0000 7266.8765   16.2404
    0.0000  -45.0000  -30.0000 7328.4512   16.2313
    7.5000  -45.0000  -30.0000 6886.6841   16.2452
   -7.5000  -37.5000  -30.0000 7758.9302   17.2724
    0.0000  -37.5000  -30.0000 7832.6108   17.2615
    7.5000  -37.5000  -30.0000 7375.7529   17.2776
   -7.5000  -30.0000  -30.0000 8246.1133   17.7545
    0.0000  -30.0000  -30.0000 8317.0068   17.7525
    7.5000  -30.0000  -30.0000 7840.5635   17.7724
   -7.5000  -22.5000  -30.0000 8816.9961   17.7467
    0.0000  -22.5000  -30.0000 8906.7197   17.7560
    7.5000  -22.5000  -30.0000 8385.2617   17.7782
   -7.5000  -15.0000  -30.0000 9362.0498   17.7463
    0.0000  -15.0000  -30.0000 9472.4102   17.7561
    7.5000  -15.0000  -30.0000 8907.0957   17.7769
   -7.5000   -7.5000  -30.0000 9468.8604   17.7516
    0.0000   -7.5000  -30.0000 9584.8311   17.7519
    7.5000   -7.5000  -30.0000 9002.6328   17.7691
   -7.5000    0.0000  -30.0000 9472.9863   17.7593
    0.0000    0.0000  -30.0000 9590.2451   17.7494
    7.5000    0.0000  -30.0000 9028.9971   17.7646
   -7.5000    7.5000  -30.0000 9035.9229   17.7587
    0.0000    7.5000  -30.0000 9129.2148   17.7474
    7.5000    7.5000  -30.0000 8615.6172   17.7640
   -7.5000   15.0000  -30.0000 8917.0889   17.7521
    0.0000   15.0000  -30.0000 9013.8350   17.7501
    7.5000   15.0000  -30.0000 8486.8027   17.7699
   -7.5000   22.5000  -30.0000 8169.6343   17.5102
    0.0000   22.5000  -30.0000 8260.3242   17.5194
    7.5000   22.5000  -30.0000 7786.7295   17.5413
   -7.5000   30.0000  -30.0000 7405.3643   17.0655
    0.0000   30.0000  -30.0000 7473.1104   17.0749
    7.5000   30.0000  -30.0000 7069.1372   17.0949
   -7.5000   37.5000  -30.0000 6748.1318   16.6453
    0.0000   37.5000  -30.0000 6813.9980   16.6463
    7.5000   37.5000  -30.0000 6440.8037   16.6626
   -7.5000   45.0000  -30.0000 6150.0249   16.3973
    0.0000   45.0000  -30.0000 6214.4292   16.3821
    7.5000   45.0000  -30.0000 5855.3730   16.3943
   -7.5000  -45.0000  -22.5000 7795.8599   16.9235
    0.0000  -45.0000  -22.5000 7867.6943   16.9095
    7.5000  -45.0000  -22.5000 7411.8110   16.9211
   -7.5000  -37.5000  -22.5000 8316.1699   18.0147
    0.0000  -37.5000  -22.5000 8390.5986   17.9952
    7.5000  -37.5000  -22.5000 7916.7891   18.0056
   -7.5000  -30.0000  -22.5000 8842.8438   18.4998
    0.0000  -30.0000  -22.5000 8926.2119   18.4878
    7.5000  -30.0000  -22.5000 8425.8564   18.5012
   -7.5000  -22.5000  -22.5000 9445.9434   18.4883
    0.0000  -22.5000  -22.5000 9560.5635   18.4905
    7.5000  -22.5000  -22.5000 8987.8594   18.5094
   -7.5000  -15.0000  -22.500010022.7861   18.4819
    0.0000  -15.0000  -22.500010165.9033   18.4881
    7.5000  -15.0000  -22.5000 9527.7217   18.5088
   -7.5000   -7.5000  -22.500010140.4717   18.4856
    0.0000   -7.5000  -22.500010282.6094   18.4830
    7.5000   -7.5000  -22.5000 9627.4961   18.4999
   -7.5000    0.0000  -22.500010158.8252   18.4958
    0.0000    0.0000  -22.500010304.7578   18.4805
    7.5000    0.0000  -22.5000 9672.0215   18.4930
   -7.5000    7.5000  -22.5000 9648.0566   18.4988
    0.0000    7.5000  -22.5000 9760.6299   18.4788
    7.5000    7.5000  -22.5000 9181.7998   18.4895
   -7.5000   15.0000  -22.5000 9507.1904   18.4954
    0.0000   15.0000  -22.5000 9606.3428   18.4834
    7.5000   15.0000  -22.5000 9024.6455   18.4967
   -7.5000   22.5000  -22.5000 8700.7969   18.2436
    0.0000   22.5000  -22.5000 8803.3047   18.2459
    7.5000   22.5000  -22.5000 8280.6289   18.2645
   -7.5000   30.0000  -22.5000 7859.2603   17.7860
    0.0000   30.0000  -22.5000 7948.9531   17.7919
    7.5000   30.0000  -22.5000 7518.8745   17.8118
   -7.5000   37.5000  -22.5000 7151.9224   17.3614
    0.0000   37.5000  -22.5000 7228.2925   17.3603
    7.5000   37.5000  -22.5000 6846.5278   17.3768
   -7.5000   45.0000  -22.5000 6487.6777   17.1114
    0.0000   45.0000  -22.5000 6555.0586   17.0938
    7.5000   45.0000  -22.5000 6201.9312   17.1040
   -7.5000  -45.0000  -15.0000 8300.5439   17.5212
    0.0000  -45.0000  -15.0000 8368.0156   17.5069
    7.5000  -45.0000  -15.0000 7915.7764   17.5115
   -7.5000  -37.5000  -15.0000 8836.6504   18.6529
    0.0000  -37.5000  -15.0000 8925.0342   18.6303
    7.5000  -37.5000  -15.0000 8431.7578   18.6333
   -7.5000  -30.0000  -15.0000 9401.0488   19.1390
    0.0000  -30.0000  -15.0000 9499.8750   19.1190
    7.5000  -30.0000  -15.0000 8972.4492   19.1250
   -7.5000  -22.5000  -15.000010022.4580   19.1243
    0.0000  -22.5000  -15.000010160.2754   19.1163
    7.5000  -22.5000  -15.0000 9553.5352   19.1287
   -7.5000  -15.0000  -15.000010628.8613   19.1137
    0.0000  -15.0000  -15.000010782.5459   19.1129
    7.5000  -15.0000  -15.000010103.5498   19.1274
   -7.5000   -7.5000  -15.000010757.7344   19.1172
    0.0000   -7.5000  -15.000010946.8408   19.1124
    7.5000   -7.5000  -15.000010236.9326   19.1225
   -7.5000    0.0000  -15.000010800.2275   19.1304
    0.0000    0.0000  -15.000010983.3926   19.1146
    7.5000    0.0000  -15.000010279.8994   19.1197
   -7.5000    7.5000  -15.000010230.9033   19.1356
    0.0000    7.5000  -15.000010381.3203   19.1124
    7.5000    7.5000  -15.0000 9730.4844   19.1154
   -7.5000   15.0000  -15.000010042.2002   19.1331
    0.0000   15.0000  -15.000010176.1406   19.1131
    7.5000   15.0000  -15.0000 9535.2969   19.1191
   -7.5000   22.5000  -15.0000 9200.4355   18.8742
    0.0000   22.5000  -15.0000 9303.3154   18.8663
    7.5000   22.5000  -15.0000 8756.9385   18.8785
   -7.5000   30.0000  -15.0000 8302.4111   18.4079
    0.0000   30.0000  -15.0000 8405.6289   18.4070
    7.5000   30.0000  -15.0000 7936.0405   18.4210
   -7.5000   37.5000  -15.0000 7535.6792   17.9864
    0.0000   37.5000  -15.0000 7621.0244   17.9827
    7.5000   37.5000  -15.0000 7207.6729   17.9926
   -7.5000   45.0000  -15.0000 6810.2607   17.7433
    0.0000   45.0000  -15.0000 6891.8599   17.7282
    7.5000   45.0000  -15.0000 6537.6206   17.7333
   -7.5000  -45.0000   -7.5000 8562.1328   17.5276
    0.0000  -45.0000   -7.5000 8633.0078   17.5187
    7.5000  -45.0000   -7.5000 8187.7817   17.5205
   -7.5000  -37.5000   -7.5000 9104.1504   18.6567
    0.0000  -37.5000   -7.5000 9185.3633   18.6411
    7.5000  -37.5000   -7.5000 8710.0645   18.6444
   -7.5000  -30.0000   -7.5000 9706.2256   19.1405
    0.0000  -30.0000   -7.5000 9788.8633   19.1243
    7.5000  -30.0000   -7.5000 9269.2695   19.1316
   -7.5000  -22.5000   -7.500010316.2236   19.1269
    0.0000  -22.5000   -7.500010426.0645   19.1174
    7.5000  -22.5000   -7.5000 9852.5908   19.1283
   -7.5000  -15.0000   -7.500010920.0859   19.1187
    0.0000  -15.0000   -7.500011044.1572   19.1157
    7.5000  -15.0000   -7.500010412.9199   19.1256
   -7.5000   -7.5000   -7.500011056.6523   19.1238
    0.0000   -7.5000   -7.500011211.4248   19.1208
    7.5000   -7.5000   -7.500010543.5332   19.1257
   -7.5000    0.0000   -7.500011105.4082   19.1373
    0.0000    0.0000   -7.500011264.0752   19.1275
    7.5000    0.0000   -7.500010572.9258   19.1294
   -7.5000    7.5000   -7.500010458.9121   19.1395
    0.0000    7.5000   -7.500010614.6055   19.1235
    7.5000    7.5000   -7.5000 9968.1328   19.1268
   -7.5000   15.0000   -7.500010243.2744   19.1346
    0.0000   15.0000   -7.500010362.9316   19.1184
    7.5000   15.0000   -7.5000 9734.6270   19.1257
   -7.5000   22.5000   -7.5000 9387.3105   18.8767
    0.0000   22.5000   -7.5000 9487.6709   18.8673
    7.5000   22.5000   -7.5000 8927.1533   18.8781
   -7.5000   30.0000   -7.5000 8481.9775   18.4127
    0.0000   30.0000   -7.5000 8594.4043   18.4098
    7.5000   30.0000   -7.5000 8093.6704   18.4193
   -7.5000   37.5000   -7.5000 7679.2866   17.9947
    0.0000   37.5000   -7.5000 7770.0195   17.9916
    7.5000   37.5000   -7.5000 7332.0518   17.9960
   -7.5000   45.0000   -7.5000 6930.6118   17.7585
    0.0000   45.0000   -7.5000 7009.7456   17.7492
    7.5000   45.0000   -7.5000 6632.2329   17.7527
   -7.5000  -45.0000    0.0000 8660.6660   17.9758
    0.0000  -45.0000    0.0000 8712.6182   17.9698
    7.5000  -45.0000    0.0000 8286.6211   17.9748
   -7.5000  -37.5000    0.0000 9212.6924   19.1220
    0.0000  -37.5000    0.0000 9259.0283   19.1135
    7.5000  -37.5000    0.0000 8807.2998   19.1242
   -7.5000  -30.0000    0.0000 9799.4053   19.6028
    0.0000  -30.0000    0.0000 9854.8516   19.5962
    7.5000  -30.0000    0.0000 9366.3711   19.6119
   -7.5000  -22.5000    0.000010438.3916   19.5915
    0.0000  -22.5000    0.000010496.9043   19.5893
    7.5000  -22.5000    0.0000 9978.5098   19.6050
   -7.5000  -15.0000    0.000011060.4971   19.5883
    0.0000  -15.0000    0.000011152.5713   19.5884
    7.5000  -15.0000    0.000010573.1113   19.5989
   -7.5000   -7.5000    0.000011198.7910   19.5951
    0.0000   -7.5000    0.000011311.7881   19.5932
    7.5000   -7.5000    0.000010699.2891   19.5986
   -7.5000    0.0000    0.000011201.1670   19.6072
    0.0000    0.0000    0.000011325.7295   19.6006
    7.5000    0.0000    0.000010711.3652   19.6061
   -7.5000    7.5000    0.000010496.9941   19.6039
    0.0000    7.5000    0.000010612.4805   19.5952
    7.5000    7.5000    0.000010034.1484   19.6061
   -7.5000   15.0000    0.000010222.9971   19.5959
    0.0000   15.0000    0.000010317.2939   19.5893
    7.5000   15.0000    0.0000 9727.8682   19.6049
   -7.5000   22.5000    0.0000 9367.6074   19.3380
    0.0000   22.5000    0.0000 9441.2246   19.3358
    7.5000   22.5000    0.0000 8913.0352   19.3513
   -7.5000   30.0000    0.0000 8483.2480   18.8763
    0.0000   30.0000    0.0000 8569.7051   18.8763
    7.5000   30.0000    0.0000 8094.6655   18.8865
   -7.5000   37.5000    0.0000 7674.9214   18.4588
    0.0000   37.5000    0.0000 7753.9531   18.4560
    7.5000   37.5000    0.0000 7336.8418   18.4604
   -7.5000   45.0000    0.0000 6930.0010   18.2374
    0.0000   45.0000    0.0000 7001.7861   18.2277
    7.5000   45.0000    0.0000 6615.8955   18.2340
   -7.5000  -45.0000    7.5000 8416.1221   17.9767
    0.0000  -45.0000    7.5000 8457.0771   17.9699
    7.5000  -45.0000    7.5000 8042.8647   17.9812
   -7.5000  -37.5000    7.5000 8945.3037   19.1201
    0.0000  -37.5000    7.5000 8971.7256   19.1128
    7.5000  -37.5000    7.5000 8547.8193   19.1298
   -7.5000  -30.0000    7.5000 9492.2109   19.5996
    0.0000  -30.0000    7.5000 9509.6162   19.5996
    7.5000  -30.0000    7.5000 9085.2402   19.6215
   -7.5000  -22.5000    7.500010157.9580   19.5907
    0.0000  -22.5000    7.500010200.8398   19.5984
    7.5000  -22.5000    7.5000 9695.7705   19.6200
   -7.5000  -15.0000    7.500010813.4355   19.5915
    0.0000  -15.0000    7.500010912.3496   19.5987
    7.5000  -15.0000    7.500010338.6143   19.6152
   -7.5000   -7.5000    7.500010947.2920   19.5986
    0.0000   -7.5000    7.500011048.7432   19.5987
    7.5000   -7.5000    7.500010447.9443   19.6107
   -7.5000    0.0000    7.500010929.3145   19.6083
    0.0000    0.0000    7.500011017.0781   19.6008
    7.5000    0.0000    7.500010432.5293   19.6132
   -7.5000    7.5000    7.500010200.5771   19.6020
    0.0000    7.5000    7.500010276.2871   19.5945
    7.5000    7.5000    7.5000 9737.3252   19.6119
   -7.5000   15.0000    7.5000 9875.3125   19.5927
    0.0000   15.0000    7.5000 9914.5410   19.5926
    7.5000   15.0000    7.5000 9375.3662   19.6146
   -7.5000   22.5000    7.5000 9036.4844   19.3371
    0.0000   22.5000    7.5000 9068.7207   19.3447
    7.5000   22.5000    7.5000 8581.9219   19.3661
   -7.5000   30.0000    7.5000 8193.4805   18.8793
    0.0000   30.0000    7.5000 8224.3711   18.8863
    7.5000   30.0000    7.5000 7804.6582   18.9022
   -7.5000   37.5000    7.5000 7410.0962   18.4581
    0.0000   37.5000    7.5000 7454.3379   18.4577
    7.5000   37.5000    7.5000 7071.4136   18.4684
   -7.5000   45.0000    7.5000 6698.0093   18.2365
    0.0000   45.0000    7.5000 6734.3994   18.2227
    7.5000   45.0000    7.5000 6366.3926   18.2334
   -7.5000  -45.0000   15.0000 8428.7080   17.9707
    0.0000  -45.0000   15.0000 8467.4541   17.9607
    7.5000  -45.0000   15.0000 8056.7510   17.9761
   -7.5000  -37.5000   15.0000 8940.1826   19.1151
    0.0000  -37.5000   15.0000 8967.0508   19.1031
    7.5000  -37.5000   15.0000 8544.6191   19.1209
   -7.5000  -30.0000   15.0000 9498.3389   19.5966
    0.0000  -30.0000   15.0000 9500.3555   19.5944
    7.5000  -30.0000   15.0000 9067.3184   19.6163
   -7.5000  -22.5000   15.000010164.8555   19.5878
    0.0000  -22.5000   15.000010209.2520   19.5982
    7.5000  -22.5000   15.0000 9682.9268   19.6227
   -7.5000  -15.0000   15.000010885.9951   19.5874
    0.0000  -15.0000   15.000010948.3330   19.5983
    7.5000  -15.0000   15.000010316.2910   19.6212
   -7.5000   -7.5000   15.000011035.4678   19.5932
    0.0000   -7.5000   15.000011097.9219   19.5937
    7.5000   -7.5000   15.000010436.5068   19.6126
   -7.5000    0.0000   15.000010965.6641   19.6017
    0.0000    0.0000   15.000010997.1562   19.5909
    7.5000    0.0000   15.000010406.3711   19.6077
   -7.5000    7.5000   15.000010231.5498   19.5968
    0.0000    7.5000   15.000010276.2236   19.5845
    7.5000    7.5000   15.0000 9746.1963   19.6028
   -7.5000   15.0000   15.0000 9830.9141   19.5896
    0.0000   15.0000   15.0000 9855.0176   19.5875
    7.5000   15.0000   15.0000 9349.5508   19.6093
   -7.5000   22.5000   15.0000 9003.5303   19.3343
    0.0000   22.5000   15.0000 9001.4648   19.3445
    7.5000   22.5000   15.0000 8549.4160   19.3687
   -7.5000   30.0000   15.0000 8183.9072   18.8753
    0.0000   30.0000   15.0000 8181.7847   18.8858
    7.5000   30.0000   15.0000 7777.3545   18.9080
   -7.5000   37.5000   15.0000 7417.2412   18.4503
    0.0000   37.5000   15.0000 7425.6694   18.4515
    7.5000   37.5000   15.0000 7042.0474   18.4695
   -7.5000   45.0000   15.0000 6671.5278   18.2214
    0.0000   45.0000   15.0000 6682.8667   18.2045
    7.5000   45.0000   15.0000 6329.1865   18.2181
   -7.5000  -45.0000   22.5000 7983.3213   18.0573
    0.0000  -45.0000   22.5000 8041.1108   18.0426
    7.5000  -45.0000   22.5000 7625.3608   18.0546
   -7.5000  -37.5000   22.5000 8500.3633   19.2134
    0.0000  -37.5000   22.5000 8553.0254   19.1928
    7.5000  -37.5000   22.5000 8112.0469   19.2038
   -7.5000  -30.0000   22.5000 9052.0430   19.7006
    0.0000  -30.0000   22.5000 9091.9199   19.6881
    7.5000  -30.0000   22.5000 8625.1279   19.7023
   -7.5000  -22.5000   22.5000 9651.1094   19.6877
    0.0000  -22.5000   22.5000 9711.1777   19.6903
    7.5000  -22.5000   22.5000 9221.4238   19.7104
   -7.5000  -15.0000   22.500010266.0918   19.6806
    0.0000  -15.0000   22.500010304.4834   19.6874
    7.5000  -15.0000   22.5000 9775.6582   19.7092
   -7.5000   -7.5000   22.500010391.0049   19.6848
    0.0000   -7.5000   22.500010421.4209   19.6822
    7.5000   -7.5000   22.5000 9869.7080   19.6999
   -7.5000    0.0000   22.500010367.2246   19.6962
    0.0000    0.0000   22.500010413.5020   19.6801
    7.5000    0.0000   22.5000 9863.1943   19.6932
   -7.5000    7.5000   22.5000 9732.2607   19.6976
    0.0000    7.5000   22.5000 9777.3037   19.6765
    7.5000    7.5000   22.5000 9278.6025   19.6877
   -7.5000   15.0000   22.5000 9340.2764   19.6937
    0.0000   15.0000   22.5000 9366.0381   19.6811
    7.5000   15.0000   22.5000 8898.0469   19.6953
   -7.5000   22.5000   22.5000 8540.5879   19.4329
    0.0000   22.5000   22.5000 8544.8740   19.4355
    7.5000   22.5000   22.5000 8122.9009   19.4553
   -7.5000   30.0000   22.5000 7744.6328   18.9652
    0.0000   30.0000   22.5000 7744.5527   18.9717
    7.5000   30.0000   22.5000 7356.4180   18.9927
   -7.5000   37.5000   22.5000 7012.7646   18.5387
    0.0000   37.5000   22.5000 7026.4478   18.5377
    7.5000   37.5000   22.5000 6660.5669   18.5550
   -7.5000   45.0000   22.5000 6292.0513   18.3043
    0.0000   45.0000   22.5000 6298.3291   18.2856
    7.5000   45.0000   22.5000 5986.7773   18.2962
   -7.5000  -45.0000   30.0000 7479.1860   18.1606
    0.0000  -45.0000   30.0000 7561.8882   18.1460
    7.5000  -45.0000   30.0000 7146.1924   18.1501
   -7.5000  -37.5000   30.0000 7966.8926   19.3351
    0.0000  -37.5000   30.0000 8054.6118   19.3122
    7.5000  -37.5000   30.0000 7600.1821   19.3142
   -7.5000  -30.0000   30.0000 8474.7715   19.8308
    0.0000  -30.0000   30.0000 8546.8916   19.8106
    7.5000  -30.0000   30.0000 8097.6528   19.8157
   -7.5000  -22.5000   30.0000 9045.9160   19.8159
    0.0000  -22.5000   30.0000 9106.1455   19.8078
    7.5000  -22.5000   30.0000 8641.8584   19.8196
   -7.5000  -15.0000   30.0000 9583.2188   19.8044
    0.0000  -15.0000   30.0000 9612.1396   19.8037
    7.5000  -15.0000   30.0000 9157.1562   19.8179
   -7.5000   -7.5000   30.0000 9674.1992   19.8074
    0.0000   -7.5000   30.0000 9702.7764   19.8027
    7.5000   -7.5000   30.0000 9241.8721   19.8124
   -7.5000    0.0000   30.0000 9702.3564   19.8209
    0.0000    0.0000   30.0000 9732.1924   19.8049
    7.5000    0.0000   30.0000 9263.5381   19.8093
   -7.5000    7.5000   30.0000 9158.1035   19.8258
    0.0000    7.5000   30.0000 9170.1025   19.8022
    7.5000    7.5000   30.0000 8731.0098   19.8043
   -7.5000   15.0000   30.0000 8805.8965   19.8238
    0.0000   15.0000   30.0000 8804.4287   19.8035
    7.5000   15.0000   30.0000 8371.1826   19.8086
   -7.5000   22.5000   30.0000 8032.1421   19.5577
    0.0000   22.5000   30.0000 8049.9600   19.5498
    7.5000   22.5000   30.0000 7646.7271   19.5613
   -7.5000   30.0000   30.0000 7271.0752   19.0932
    0.0000   30.0000   30.0000 7294.4414   19.0925
    7.5000   30.0000   30.0000 6924.5625   19.1062
   -7.5000   37.5000   30.0000 6568.6802   18.6774
    0.0000   37.5000   30.0000 6592.3359   18.6739
    7.5000   37.5000   30.0000 6248.4058   18.6834
   -7.5000   45.0000   30.0000 5871.4888   18.4515
    0.0000   45.0000   30.0000 5897.4917   18.4362
    7.5000   45.0000   30.0000 5598.3589   18.4407
   -7.5000  -45.0000   37.5000 6958.9268   18.2623
    0.0000  -45.0000   37.5000 7061.9155   18.2562
    7.5000  -45.0000   37.5000 6661.3110   18.2545
   -7.5000  -37.5000   37.5000 7408.2188   19.4424
    0.0000  -37.5000   37.5000 7506.5186   19.4302
    7.5000  -37.5000   37.5000 7085.0747   19.4297
   -7.5000  -30.0000   37.5000 7897.5112   19.9211
    0.0000  -30.0000   37.5000 7985.4536   19.9082
    7.5000  -30.0000   37.5000 7559.7700   19.9113
   -7.5000  -22.5000   37.5000 8443.0625   19.9044
    0.0000  -22.5000   37.5000 8515.2559   19.8975
    7.5000  -22.5000   37.5000 8066.0688   19.9041
   -7.5000  -15.0000   37.5000 8927.6416   19.8979
    0.0000  -15.0000   37.5000 8977.2031   19.8972
    7.5000  -15.0000   37.5000 8534.7725   19.9029
   -7.5000   -7.5000   37.5000 8992.7158   19.9072
    0.0000   -7.5000   37.5000 9039.0557   19.9067
    7.5000   -7.5000   37.5000 8604.9229   19.9078
   -7.5000    0.0000   37.5000 9045.7275   19.9241
    0.0000    0.0000   37.5000 9084.5400   19.9174
    7.5000    0.0000   37.5000 8638.3066   19.9156
   -7.5000    7.5000   37.5000 8560.9375   19.9235
    0.0000    7.5000   37.5000 8591.6211   19.9109
    7.5000    7.5000   37.5000 8162.0044   19.9104
   -7.5000   15.0000   37.5000 8240.6855   19.9138
    0.0000   15.0000   37.5000 8259.5938   19.9009
    7.5000   15.0000   37.5000 7836.9473   19.9041
   -7.5000   22.5000   37.5000 7517.4316   19.6416
    0.0000   22.5000   37.5000 7551.1445   19.6349
    7.5000   22.5000   37.5000 7153.2368   19.6414
   -7.5000   30.0000   37.5000 6825.0698   19.1830
    0.0000   30.0000   37.5000 6851.3569   19.1823
    7.5000   30.0000   37.5000 6501.0366   19.1878
   -7.5000   37.5000   37.5000 6155.8052   18.7508
    0.0000   37.5000   37.5000 6181.1924   18.7499
    7.5000   37.5000   37.5000 5857.1948   18.7506
   -7.5000   45.0000   37.5000 5486.8481   18.5102
    0.0000   45.0000   37.5000 5513.4956   18.5037
    7.5000   45.0000   37.5000 5231.7109   18.5037
   -7.5000  -45.0000   45.0000 6441.1177   18.4755
    0.0000  -45.0000   45.0000 6548.6099   18.4663
    7.5000  -45.0000   45.0000 6166.5337   18.4685
   -7.5000  -37.5000   45.0000 6857.2432   19.6567
    0.0000  -37.5000   45.0000 6966.9365   19.6456
    7.5000  -37.5000   45.0000 6564.7026   19.6522
   -7.5000  -30.0000   45.0000 7317.1855   20.1136
    0.0000  -30.0000   45.0000 7411.8208   20.1056
    7.5000  -30.0000   45.0000 7007.9604   20.1176
   -7.5000  -22.5000   45.0000 7822.5698   20.1034
    0.0000  -22.5000   45.0000 7901.3071   20.1003
    7.5000  -22.5000   45.0000 7479.8501   20.1138
   -7.5000  -15.0000   45.0000 8262.9326   20.1110
    0.0000  -15.0000   45.0000 8329.2051   20.1095
    7.5000  -15.0000   45.0000 7909.9731   20.1188
   -7.5000   -7.5000   45.0000 8324.1748   20.1272
    0.0000   -7.5000   45.0000 8370.3438   20.1227
    7.5000   -7.5000   45.0000 7964.5845   20.1265
   -7.5000    0.0000   45.0000 8395.6182   20.1393
    0.0000    0.0000   45.0000 8426.6162   20.1292
    7.5000    0.0000   45.0000 8019.3252   20.1317
   -7.5000    7.5000   45.0000 7963.9814   20.1237
    0.0000    7.5000   45.0000 7997.2144   20.1123
    7.5000    7.5000   45.0000 7595.5332   20.1191
   -7.5000   15.0000   45.0000 7656.3062   20.1061
    0.0000   15.0000   45.0000 7687.4985   20.0981
    7.5000   15.0000   45.0000 7292.2212   20.1100
   -7.5000   22.5000   45.0000 6987.0225   19.8353
    0.0000   22.5000   45.0000 7023.9541   19.8324
    7.5000   22.5000   45.0000 6655.9316   19.8456
   -7.5000   30.0000   45.0000 6364.5161   19.3864
    0.0000   30.0000   45.0000 6387.1392   19.3850
    7.5000   30.0000   45.0000 6058.6943   19.3939
   -7.5000   37.5000   45.0000 5733.5337   18.9285
    0.0000   37.5000   45.0000 5767.2173   18.9234
    7.5000   37.5000   45.0000 5460.3115   18.9270
   -7.5000   45.0000   45.0000 5111.9326   18.6612
    0.0000   45.0000   45.0000 5145.3511   18.6475
    7.5000   45.0000   45.0000 4874.3218   18.6506

---------------------------------------------------------------------
imgreg_4dfp /opt/freesurfer/average/711-2C_as_mni_average_305 /opt/freesurfer/average/711-2B_as_mni_average_305_mask talsrcimg_g11 none talsrcimg_to_711-2C_as_mni_average_305_t4 4355
---------------------------------------------------------------------

freesurfer imgreg_4dfp.c
/opt/freesurfer/average/711-2C_as_mni_average_305.4dfp.img
       256       256       256         1
  1.000000  1.000000  1.000000
orientation T byte_order littleendian
Reading image: /opt/freesurfer/average/711-2C_as_mni_average_305.4dfp.img
dimensions:      256       256       256
mmppix:       1.0000   -1.0000   -1.0000
center:     128.0000 -129.0000 -129.0000
/opt/freesurfer/average/711-2B_as_mni_average_305_mask.4dfp.img
       256       256       256         1
  1.000000  1.000000  1.000000
orientation T byte_order littleendian
Reading mask: /opt/freesurfer/average/711-2B_as_mni_average_305_mask.4dfp.img (2306576 pixels)
talsrcimg_g11.4dfp.img
       256       256       256         1
  0.898438  0.898438  0.898438
orientation T byte_order littleendian
Reading image: talsrcimg_g11.4dfp.img
dimensions:      256       256       256
mmppix:       0.8984   -0.8984   -0.8984
center:     115.0001 -115.8985 -115.8985
rotation matrix determinant  1.000000
image alignment mode   4355 decimal     1103 hex
   -7.5000  -45.0000  -45.0000 1964.7772   16.9770
    0.0000  -45.0000  -45.0000 1966.8745   17.0501
    7.5000  -45.0000  -45.0000 1946.9036   17.2270
   -7.5000  -37.5000  -45.0000 2030.2307   15.9863
    0.0000  -37.5000  -45.0000 2032.0549   16.0183
    7.5000  -37.5000  -45.0000 2011.1096   16.1834
   -7.5000  -30.0000  -45.0000 2061.1902   15.2266
    0.0000  -30.0000  -45.0000 2064.9500   15.2203
    7.5000  -30.0000  -45.0000 2041.3545   15.4413
   -7.5000  -22.5000  -45.0000 2069.0898   14.8043
    0.0000  -22.5000  -45.0000 2077.4944   14.8072
    7.5000  -22.5000  -45.0000 2045.8057   15.0081
   -7.5000  -15.0000  -45.0000 2064.6284   14.6564
    0.0000  -15.0000  -45.0000 2072.8025   14.6178
    7.5000  -15.0000  -45.0000 2048.3201   14.8199
   -7.5000   -7.5000  -45.0000 2056.8325   14.7271
    0.0000   -7.5000  -45.0000 2063.1455   14.6751
    7.5000   -7.5000  -45.0000 2036.1012   14.9295
   -7.5000    0.0000  -45.0000 2036.1310   15.1309
    0.0000    0.0000  -45.0000 2039.6906   15.1067
    7.5000    0.0000  -45.0000 2009.6715   15.3641
   -7.5000    7.5000  -45.0000 1994.9061   15.8791
    0.0000    7.5000  -45.0000 2002.9514   15.8002
    7.5000    7.5000  -45.0000 1972.0300   16.0620
   -7.5000   15.0000  -45.0000 1940.0200   16.8705
    0.0000   15.0000  -45.0000 1946.7107   16.8078
    7.5000   15.0000  -45.0000 1914.8840   17.1135
   -7.5000   22.5000  -45.0000 1860.6766   18.2229
    0.0000   22.5000  -45.0000 1870.8447   18.1541
    7.5000   22.5000  -45.0000 1841.9829   18.4670
   -7.5000   30.0000  -45.0000 1769.4020   19.9977
    0.0000   30.0000  -45.0000 1779.8610   19.9350
    7.5000   30.0000  -45.0000 1756.2064   20.3170
   -7.5000   37.5000  -45.0000 1648.4050   22.4004
    0.0000   37.5000  -45.0000 1659.5148   22.3495
    7.5000   37.5000  -45.0000 1633.0067   22.7789
   -7.5000   45.0000  -45.0000 1501.7810   25.3625
    0.0000   45.0000  -45.0000 1511.1271   25.3660
    7.5000   45.0000  -45.0000 1490.8823   25.7451
   -7.5000  -45.0000  -37.5000 2134.8337   16.6781
    0.0000  -45.0000  -37.5000 2134.4414   16.6994
    7.5000  -45.0000  -37.5000 2109.8401   16.8590
   -7.5000  -37.5000  -37.5000 2206.3367   15.6084
    0.0000  -37.5000  -37.5000 2208.9778   15.6142
    7.5000  -37.5000  -37.5000 2180.8572   15.7855
   -7.5000  -30.0000  -37.5000 2235.3379   14.8658
    0.0000  -30.0000  -37.5000 2245.5178   14.8507
    7.5000  -30.0000  -37.5000 2213.5569   15.0304
   -7.5000  -22.5000  -37.5000 2243.6477   14.4485
    0.0000  -22.5000  -37.5000 2257.2566   14.4098
    7.5000  -22.5000  -37.5000 2222.6736   14.6171
   -7.5000  -15.0000  -37.5000 2244.7561   14.2890
    0.0000  -15.0000  -37.5000 2252.5400   14.2551
    7.5000  -15.0000  -37.5000 2221.3123   14.4456
   -7.5000   -7.5000  -37.5000 2239.1658   14.3947
    0.0000   -7.5000  -37.5000 2243.3376   14.3186
    7.5000   -7.5000  -37.5000 2210.5854   14.5704
   -7.5000    0.0000  -37.5000 2210.5623   14.7729
    0.0000    0.0000  -37.5000 2214.6548   14.7035
    7.5000    0.0000  -37.5000 2180.2363   14.9451
   -7.5000    7.5000  -37.5000 2164.8562   15.4383
    0.0000    7.5000  -37.5000 2177.9409   15.3558
    7.5000    7.5000  -37.5000 2143.8135   15.6176
   -7.5000   15.0000  -37.5000 2100.9197   16.4124
    0.0000   15.0000  -37.5000 2112.7244   16.3257
    7.5000   15.0000  -37.5000 2079.9487   16.6064
   -7.5000   22.5000  -37.5000 2016.2751   17.6722
    0.0000   22.5000  -37.5000 2028.5317   17.6035
    7.5000   22.5000  -37.5000 1998.2683   17.8921
   -7.5000   30.0000  -37.5000 1918.6898   19.4497
    0.0000   30.0000  -37.5000 1930.3180   19.3420
    7.5000   30.0000  -37.5000 1898.8383   19.7158
   -7.5000   37.5000  -37.5000 1786.8252   21.7459
    0.0000   37.5000  -37.5000 1798.9452   21.6724
    7.5000   37.5000  -37.5000 1772.1613   22.0255
   -7.5000   45.0000  -37.5000 1631.9281   24.5305
    0.0000   45.0000  -37.5000 1644.3916   24.4758
    7.5000   45.0000  -37.5000 1620.3285   24.8689
   -7.5000  -45.0000  -30.0000 2278.8198   16.2351
    0.0000  -45.0000  -30.0000 2284.1763   16.1770
    7.5000  -45.0000  -30.0000 2251.3083   16.3630
   -7.5000  -37.5000  -30.0000 2354.1316   15.1387
    0.0000  -37.5000  -30.0000 2361.9290   15.0659
    7.5000  -37.5000  -30.0000 2331.6497   15.2216
   -7.5000  -30.0000  -30.0000 2390.3704   14.3768
    0.0000  -30.0000  -30.0000 2398.2734   14.3354
    7.5000  -30.0000  -30.0000 2367.7473   14.5021
   -7.5000  -22.5000  -30.0000 2407.7754   13.9501
    0.0000  -22.5000  -30.0000 2421.1399   13.9034
    7.5000  -22.5000  -30.0000 2386.7808   14.0882
   -7.5000  -15.0000  -30.0000 2416.7883   13.7964
    0.0000  -15.0000  -30.0000 2428.8779   13.7185
    7.5000  -15.0000  -30.0000 2395.0442   13.9243
   -7.5000   -7.5000  -30.0000 2411.0376   13.9249
    0.0000   -7.5000  -30.0000 2419.1436   13.8090
    7.5000   -7.5000  -30.0000 2381.9736   14.0389
   -7.5000    0.0000  -30.0000 2378.0776   14.2796
    0.0000    0.0000  -30.0000 2388.3708   14.1788
    7.5000    0.0000  -30.0000 2352.2549   14.3963
   -7.5000    7.5000  -30.0000 2330.6179   14.9331
    0.0000    7.5000  -30.0000 2344.3042   14.7971
    7.5000    7.5000  -30.0000 2309.3569   15.0284
   -7.5000   15.0000  -30.0000 2260.8909   15.8435
    0.0000   15.0000  -30.0000 2276.7615   15.7144
    7.5000   15.0000  -30.0000 2238.3865   15.9781
   -7.5000   22.5000  -30.0000 2165.9021   17.0586
    0.0000   22.5000  -30.0000 2184.8330   16.9454
    7.5000   22.5000  -30.0000 2148.2695   17.2286
   -7.5000   30.0000  -30.0000 2056.2615   18.7318
    0.0000   30.0000  -30.0000 2073.4097   18.6277
    7.5000   30.0000  -30.0000 2040.9562   18.9510
   -7.5000   37.5000  -30.0000 1915.3319   20.9220
    0.0000   37.5000  -30.0000 1931.8853   20.8638
    7.5000   37.5000  -30.0000 1900.3375   21.1699
   -7.5000   45.0000  -30.0000 1750.9210   23.5681
    0.0000   45.0000  -30.0000 1766.1027   23.4541
    7.5000   45.0000  -30.0000 1738.0205   23.7887
   -7.5000  -45.0000  -22.5000 2391.0474   15.5950
    0.0000  -45.0000  -22.5000 2399.8848   15.5436
    7.5000  -45.0000  -22.5000 2364.8635   15.7757
   -7.5000  -37.5000  -22.5000 2472.1240   14.5158
    0.0000  -37.5000  -22.5000 2484.3938   14.4591
    7.5000  -37.5000  -22.5000 2454.1968   14.6521
   -7.5000  -30.0000  -22.5000 2521.6943   13.7748
    0.0000  -30.0000  -22.5000 2530.2854   13.6868
    7.5000  -30.0000  -22.5000 2500.1233   13.8625
   -7.5000  -22.5000  -22.5000 2553.8149   13.3062
    0.0000  -22.5000  -22.5000 2564.3606   13.2489
    7.5000  -22.5000  -22.5000 2530.1235   13.4149
   -7.5000  -15.0000  -22.5000 2573.9495   13.1146
    0.0000  -15.0000  -22.5000 2588.6580   13.0494
    7.5000  -15.0000  -22.5000 2549.2141   13.2203
   -7.5000   -7.5000  -22.5000 2565.7573   13.2731
    0.0000   -7.5000  -22.5000 2583.6179   13.1675
    7.5000   -7.5000  -22.5000 2539.1162   13.3450
   -7.5000    0.0000  -22.5000 2537.7964   13.6653
    0.0000    0.0000  -22.5000 2556.1284   13.5217
    7.5000    0.0000  -22.5000 2512.7161   13.7320
   -7.5000    7.5000  -22.5000 2484.6914   14.3062
    0.0000    7.5000  -22.5000 2506.3306   14.1427
    7.5000    7.5000  -22.5000 2464.5471   14.3643
   -7.5000   15.0000  -22.5000 2408.2278   15.1619
    0.0000   15.0000  -22.5000 2430.1653   14.9959
    7.5000   15.0000  -22.5000 2386.7051   15.2293
   -7.5000   22.5000  -22.5000 2303.7317   16.3510
    0.0000   22.5000  -22.5000 2327.8884   16.1861
    7.5000   22.5000  -22.5000 2285.4397   16.4598
   -7.5000   30.0000  -22.5000 2174.5295   17.9334
    0.0000   30.0000  -22.5000 2193.2117   17.7709
    7.5000   30.0000  -22.5000 2166.7114   18.0943
   -7.5000   37.5000  -22.5000 2026.7939   19.9716
    0.0000   37.5000  -22.5000 2044.5062   19.8269
    7.5000   37.5000  -22.5000 2018.1482   20.1695
   -7.5000   45.0000  -22.5000 1849.1760   22.4057
    0.0000   45.0000  -22.5000 1865.5497   22.3042
    7.5000   45.0000  -22.5000 1840.2958   22.5869
   -7.5000  -45.0000  -15.0000 2467.9028   14.9643
    0.0000  -45.0000  -15.0000 2473.7126   14.9103
    7.5000  -45.0000  -15.0000 2442.3008   15.1460
   -7.5000  -37.5000  -15.0000 2562.5757   13.8778
    0.0000  -37.5000  -15.0000 2571.7012   13.8103
    7.5000  -37.5000  -15.0000 2536.6323   14.0267
   -7.5000  -30.0000  -15.0000 2623.1389   13.0737
    0.0000  -30.0000  -15.0000 2634.1919   13.0057
    7.5000  -30.0000  -15.0000 2603.2217   13.2107
   -7.5000  -22.5000  -15.0000 2665.1533   12.5864
    0.0000  -22.5000  -15.0000 2682.0403   12.5448
    7.5000  -22.5000  -15.0000 2642.9658   12.6935
   -7.5000  -15.0000  -15.0000 2694.6365   12.3827
    0.0000  -15.0000  -15.0000 2719.1101   12.3302
    7.5000  -15.0000  -15.0000 2669.9558   12.4758
   -7.5000   -7.5000  -15.0000 2692.5042   12.5584
    0.0000   -7.5000  -15.0000 2717.1997   12.4598
    7.5000   -7.5000  -15.0000 2669.2729   12.6168
   -7.5000    0.0000  -15.0000 2666.2588   12.9482
    0.0000    0.0000  -15.0000 2694.4817   12.8335
    7.5000    0.0000  -15.0000 2643.9834   13.0090
   -7.5000    7.5000  -15.0000 2611.3948   13.5741
    0.0000    7.5000  -15.0000 2637.6797   13.4100
    7.5000    7.5000  -15.0000 2591.7593   13.6028
   -7.5000   15.0000  -15.0000 2521.6201   14.3983
    0.0000   15.0000  -15.0000 2547.9360   14.2453
    7.5000   15.0000  -15.0000 2504.9917   14.4441
   -7.5000   22.5000  -15.0000 2407.0518   15.5681
    0.0000   22.5000  -15.0000 2429.9495   15.4073
    7.5000   22.5000  -15.0000 2393.8989   15.6330
   -7.5000   30.0000  -15.0000 2271.5381   17.1244
    0.0000   30.0000  -15.0000 2292.6289   16.9684
    7.5000   30.0000  -15.0000 2263.3860   17.2326
   -7.5000   37.5000  -15.0000 2112.9846   19.0204
    0.0000   37.5000  -15.0000 2129.1621   18.8727
    7.5000   37.5000  -15.0000 2107.6042   19.1845
   -7.5000   45.0000  -15.0000 1921.2498   21.3133
    0.0000   45.0000  -15.0000 1938.1758   21.1882
    7.5000   45.0000  -15.0000 1921.6609   21.5256
   -7.5000  -45.0000   -7.5000 2503.9026   14.3700
    0.0000  -45.0000   -7.5000 2510.9612   14.2531
    7.5000  -45.0000   -7.5000 2483.4517   14.5422
   -7.5000  -37.5000   -7.5000 2610.1133   13.2491
    0.0000  -37.5000   -7.5000 2616.8938   13.1557
    7.5000  -37.5000   -7.5000 2587.6875   13.3932
   -7.5000  -30.0000   -7.5000 2694.7922   12.4483
    0.0000  -30.0000   -7.5000 2703.3909   12.3380
    7.5000  -30.0000   -7.5000 2672.0059   12.5553
   -7.5000  -22.5000   -7.5000 2747.7385   11.9112
    0.0000  -22.5000   -7.5000 2766.6570   11.8309
    7.5000  -22.5000   -7.5000 2728.0798   11.9928
   -7.5000  -15.0000   -7.5000 2787.1013   11.7000
    0.0000  -15.0000   -7.5000 2816.7715   11.5947
    7.5000  -15.0000   -7.5000 2763.9197   11.7836
   -7.5000   -7.5000   -7.5000 2789.0215   11.8505
    0.0000   -7.5000   -7.5000 2818.0024   11.7466
    7.5000   -7.5000   -7.5000 2765.8728   11.9164
   -7.5000    0.0000   -7.5000 2761.0935   12.2266
    0.0000    0.0000   -7.5000 2790.8250   12.1113
    7.5000    0.0000   -7.5000 2739.3970   12.2695
   -7.5000    7.5000   -7.5000 2694.2056   12.8040
    0.0000    7.5000   -7.5000 2721.3271   12.6664
    7.5000    7.5000   -7.5000 2677.7839   12.8421
   -7.5000   15.0000   -7.5000 2595.4739   13.6313
    0.0000   15.0000   -7.5000 2623.1487   13.4667
    7.5000   15.0000   -7.5000 2581.6428   13.6829
   -7.5000   22.5000   -7.5000 2476.9167   14.8003
    0.0000   22.5000   -7.5000 2499.4189   14.6344
    7.5000   22.5000   -7.5000 2460.1343   14.8687
   -7.5000   30.0000   -7.5000 2332.4321   16.3220
    0.0000   30.0000   -7.5000 2356.3130   16.1740
    7.5000   30.0000   -7.5000 2323.2795   16.4462
   -7.5000   37.5000   -7.5000 2163.7205   18.1323
    0.0000   37.5000   -7.5000 2182.6831   18.0027
    7.5000   37.5000   -7.5000 2157.6587   18.2748
   -7.5000   45.0000   -7.5000 1969.3755   20.3141
    0.0000   45.0000   -7.5000 1984.3521   20.2027
    7.5000   45.0000   -7.5000 1966.1720   20.4766
   -7.5000  -45.0000    0.0000 2529.1858   14.0400
    0.0000  -45.0000    0.0000 2541.5107   13.8539
    7.5000  -45.0000    0.0000 2508.1714   14.2205
   -7.5000  -37.5000    0.0000 2647.6392   12.9193
    0.0000  -37.5000    0.0000 2657.0979   12.7290
    7.5000  -37.5000    0.0000 2625.8059   13.0431
   -7.5000  -30.0000    0.0000 2746.7695   12.0893
    0.0000  -30.0000    0.0000 2765.5525   11.9208
    7.5000  -30.0000    0.0000 2721.8379   12.1642
   -7.5000  -22.5000    0.0000 2823.1274   11.5116
    0.0000  -22.5000    0.0000 2848.1968   11.3716
    7.5000  -22.5000    0.0000 2800.6077   11.5898
   -7.5000  -15.0000    0.0000 2884.0657   11.2922
    0.0000  -15.0000    0.0000 2920.8215   11.1397
    7.5000  -15.0000    0.0000 2854.8855   11.3656
   -7.5000   -7.5000    0.0000 2889.7354   11.4209
    0.0000   -7.5000    0.0000 2933.5239   11.2947
    7.5000   -7.5000    0.0000 2859.9377   11.5055
   -7.5000    0.0000    0.0000 2846.6548   11.7871
    0.0000    0.0000    0.0000 2890.1060   11.6611
    7.5000    0.0000    0.0000 2826.0781   11.8500
   -7.5000    7.5000    0.0000 2766.2087   12.3452
    0.0000    7.5000    0.0000 2798.8875   12.2182
    7.5000    7.5000    0.0000 2749.1589   12.4163
   -7.5000   15.0000    0.0000 2659.0002   13.1575
    0.0000   15.0000    0.0000 2692.9978   13.0097
    7.5000   15.0000    0.0000 2647.9133   13.2172
   -7.5000   22.5000    0.0000 2530.9575   14.3334
    0.0000   22.5000    0.0000 2554.0874   14.1856
    7.5000   22.5000    0.0000 2515.8440   14.4182
   -7.5000   30.0000    0.0000 2385.1885   15.8594
    0.0000   30.0000    0.0000 2407.7944   15.7148
    7.5000   30.0000    0.0000 2373.1882   15.9839
   -7.5000   37.5000    0.0000 2214.5786   17.6468
    0.0000   37.5000    0.0000 2231.6116   17.5160
    7.5000   37.5000    0.0000 2202.0735   17.7835
   -7.5000   45.0000    0.0000 2011.4147   19.7319
    0.0000   45.0000    0.0000 2026.0450   19.6295
    7.5000   45.0000    0.0000 1999.7097   19.9166
   -7.5000  -45.0000    7.5000 2526.8220   13.8221
    0.0000  -45.0000    7.5000 2544.3125   13.5654
    7.5000  -45.0000    7.5000 2508.5789   13.9726
   -7.5000  -37.5000    7.5000 2657.0791   12.6690
    0.0000  -37.5000    7.5000 2671.5322   12.4356
    7.5000  -37.5000    7.5000 2634.2971   12.7850
   -7.5000  -30.0000    7.5000 2764.2456   11.7860
    0.0000  -30.0000    7.5000 2788.6404   11.5736
    7.5000  -30.0000    7.5000 2744.6860   11.8948
   -7.5000  -22.5000    7.5000 2863.4456   11.2141
    0.0000  -22.5000    7.5000 2897.9797   11.0159
    7.5000  -22.5000    7.5000 2840.7280   11.3162
   -7.5000  -15.0000    7.5000 2941.1130   11.0545
    0.0000  -15.0000    7.5000 2993.2168   10.8809
    7.5000  -15.0000    7.5000 2915.2437   11.1135
   -7.5000   -7.5000    7.5000 2962.0681   11.1370
    0.0000   -7.5000    7.5000 3023.6086   11.0122
    7.5000   -7.5000    7.5000 2926.2473   11.2279
   -7.5000    0.0000    7.5000 2904.9739   11.4891
    0.0000    0.0000    7.5000 2955.8596   11.3523
    7.5000    0.0000    7.5000 2878.8125   11.5515
   -7.5000    7.5000    7.5000 2803.1316   12.0249
    0.0000    7.5000    7.5000 2843.8013   11.8828
    7.5000    7.5000    7.5000 2791.0176   12.0865
   -7.5000   15.0000    7.5000 2689.1626   12.8327
    0.0000   15.0000    7.5000 2724.1980   12.6876
    7.5000   15.0000    7.5000 2682.7356   12.8883
   -7.5000   22.5000    7.5000 2556.0249   14.0043
    0.0000   22.5000    7.5000 2584.5183   13.8592
    7.5000   22.5000    7.5000 2547.9741   14.0745
   -7.5000   30.0000    7.5000 2406.1243   15.5069
    0.0000   30.0000    7.5000 2426.9646   15.3572
    7.5000   30.0000    7.5000 2399.8840   15.5981
   -7.5000   37.5000    7.5000 2224.3831   17.2701
    0.0000   37.5000    7.5000 2245.9595   17.1627
    7.5000   37.5000    7.5000 2219.3540   17.4085
   -7.5000   45.0000    7.5000 2024.0553   19.3261
    0.0000   45.0000    7.5000 2043.9622   19.2140
    7.5000   45.0000    7.5000 2016.5613   19.5168
   -7.5000  -45.0000   15.0000 2511.8816   13.8194
    0.0000  -45.0000   15.0000 2528.0681   13.5758
    7.5000  -45.0000   15.0000 2496.5039   13.9752
   -7.5000  -37.5000   15.0000 2638.8518   12.6438
    0.0000  -37.5000   15.0000 2655.1226   12.4131
    7.5000  -37.5000   15.0000 2619.9666   12.7499
   -7.5000  -30.0000   15.0000 2752.5515   11.7439
    0.0000  -30.0000   15.0000 2781.0222   11.5259
    7.5000  -30.0000   15.0000 2736.0244   11.8473
   -7.5000  -22.5000   15.0000 2860.9126   11.2002
    0.0000  -22.5000   15.0000 2895.4651   10.9831
    7.5000  -22.5000   15.0000 2842.1782   11.2764
   -7.5000  -15.0000   15.0000 2949.1089   11.0239
    0.0000  -15.0000   15.0000 2997.3667   10.8700
    7.5000  -15.0000   15.0000 2927.3567   11.0751
   -7.5000   -7.5000   15.0000 2972.3481   11.1140
    0.0000   -7.5000   15.0000 3037.8401   10.9449
    7.5000   -7.5000   15.0000 2948.6074   11.1369
   -7.5000    0.0000   15.0000 2917.7424   11.3933
    0.0000    0.0000   15.0000 2970.8293   11.2306
    7.5000    0.0000   15.0000 2897.8276   11.4401
   -7.5000    7.5000   15.0000 2819.6177   11.9334
    0.0000    7.5000   15.0000 2860.3975   11.8005
    7.5000    7.5000   15.0000 2804.7751   12.0069
   -7.5000   15.0000   15.0000 2695.1790   12.7574
    0.0000   15.0000   15.0000 2728.3230   12.6190
    7.5000   15.0000   15.0000 2688.7944   12.8209
   -7.5000   22.5000   15.0000 2560.8140   13.8852
    0.0000   22.5000   15.0000 2580.6213   13.7508
    7.5000   22.5000   15.0000 2554.5820   13.9796
   -7.5000   30.0000   15.0000 2409.0225   15.3466
    0.0000   30.0000   15.0000 2427.7859   15.2313
    7.5000   30.0000   15.0000 2403.5193   15.4582
   -7.5000   37.5000   15.0000 2223.4236   17.1152
    0.0000   37.5000   15.0000 2244.0579   16.9949
    7.5000   37.5000   15.0000 2220.4119   17.2363
   -7.5000   45.0000   15.0000 2018.7638   19.0723
    0.0000   45.0000   15.0000 2036.8453   18.9817
    7.5000   45.0000   15.0000 2017.2708   19.2553
   -7.5000  -45.0000   22.5000 2480.7014   14.1090
    0.0000  -45.0000   22.5000 2501.1064   13.8744
    7.5000  -45.0000   22.5000 2468.4578   14.2290
   -7.5000  -37.5000   22.5000 2603.3274   12.9609
    0.0000  -37.5000   22.5000 2626.6987   12.7322
    7.5000  -37.5000   22.5000 2593.7456   13.0177
   -7.5000  -30.0000   22.5000 2714.8396   12.0703
    0.0000  -30.0000   22.5000 2744.2681   11.8343
    7.5000  -30.0000   22.5000 2708.7466   12.1080
   -7.5000  -22.5000   22.5000 2815.1812   11.4763
    0.0000  -22.5000   22.5000 2852.9529   11.2809
    7.5000  -22.5000   22.5000 2811.4165   11.5272
   -7.5000  -15.0000   22.5000 2898.5977   11.2257
    0.0000  -15.0000   22.5000 2941.2788   11.0594
    7.5000  -15.0000   22.5000 2889.7781   11.2999
   -7.5000   -7.5000   22.5000 2923.2266   11.2749
    0.0000   -7.5000   22.5000 2968.7532   11.0846
    7.5000   -7.5000   22.5000 2912.7915   11.3071
   -7.5000    0.0000   22.5000 2873.5010   11.6168
    0.0000    0.0000   22.5000 2920.9644   11.4426
    7.5000    0.0000   22.5000 2866.8801   11.6487
   -7.5000    7.5000   22.5000 2791.5073   12.1872
    0.0000    7.5000   22.5000 2829.4097   12.0384
    7.5000    7.5000   22.5000 2783.0815   12.2214
   -7.5000   15.0000   22.5000 2674.3569   12.9715
    0.0000   15.0000   22.5000 2703.6550   12.8263
    7.5000   15.0000   22.5000 2670.3264   13.0210
   -7.5000   22.5000   22.5000 2542.0244   14.0206
    0.0000   22.5000   22.5000 2561.9778   13.8826
    7.5000   22.5000   22.5000 2540.1416   14.1094
   -7.5000   30.0000   22.5000 2392.5774   15.4170
    0.0000   30.0000   22.5000 2410.0344   15.2769
    7.5000   30.0000   22.5000 2388.9690   15.5144
   -7.5000   37.5000   22.5000 2210.4685   17.0656
    0.0000   37.5000   22.5000 2231.0605   16.9443
    7.5000   37.5000   22.5000 2211.3916   17.2081
   -7.5000   45.0000   22.5000 2002.7870   19.0119
    0.0000   45.0000   22.5000 2018.6709   18.8770
    7.5000   45.0000   22.5000 2004.3301   19.1600
   -7.5000  -45.0000   30.0000 2442.0190   14.7021
    0.0000  -45.0000   30.0000 2466.1528   14.5069
    7.5000  -45.0000   30.0000 2434.2739   14.7875
   -7.5000  -37.5000   30.0000 2561.9172   13.5092
    0.0000  -37.5000   30.0000 2591.3828   13.2896
    7.5000  -37.5000   30.0000 2552.7424   13.5309
   -7.5000  -30.0000   30.0000 2666.6638   12.5769
    0.0000  -30.0000   30.0000 2700.1040   12.3452
    7.5000  -30.0000   30.0000 2665.9761   12.6119
   -7.5000  -22.5000   30.0000 2756.8523   11.9539
    0.0000  -22.5000   30.0000 2791.7566   11.7680
    7.5000  -22.5000   30.0000 2756.7183   12.0043
   -7.5000  -15.0000   30.0000 2820.9629   11.6773
    0.0000  -15.0000   30.0000 2860.5735   11.4878
    7.5000  -15.0000   30.0000 2820.5120   11.7344
   -7.5000   -7.5000   30.0000 2841.2800   11.6625
    0.0000   -7.5000   30.0000 2879.4604   11.4870
    7.5000   -7.5000   30.0000 2840.4290   11.7145
   -7.5000    0.0000   30.0000 2800.1262   12.0158
    0.0000    0.0000   30.0000 2844.2661   11.8516
    7.5000    0.0000   30.0000 2802.5950   12.0575
   -7.5000    7.5000   30.0000 2725.1953   12.6186
    0.0000    7.5000   30.0000 2758.0291   12.4300
    7.5000    7.5000   30.0000 2725.1023   12.6400
   -7.5000   15.0000   30.0000 2621.9189   13.4031
    0.0000   15.0000   30.0000 2646.9346   13.2203
    7.5000   15.0000   30.0000 2619.5076   13.4334
   -7.5000   22.5000   30.0000 2495.0930   14.4268
    0.0000   22.5000   30.0000 2522.6904   14.2689
    7.5000   22.5000   30.0000 2502.8118   14.4740
   -7.5000   30.0000   30.0000 2352.0564   15.7341
    0.0000   30.0000   30.0000 2377.9602   15.5806
    7.5000   30.0000   30.0000 2359.0208   15.8122
   -7.5000   37.5000   30.0000 2179.3167   17.3458
    0.0000   37.5000   30.0000 2197.5266   17.2093
    7.5000   37.5000   30.0000 2181.2144   17.4643
   -7.5000   45.0000   30.0000 1972.6744   19.2511
    0.0000   45.0000   30.0000 1989.6976   19.0631
    7.5000   45.0000   30.0000 1978.6792   19.3136
   -7.5000  -45.0000   37.5000 2393.1641   15.4838
    0.0000  -45.0000   37.5000 2423.4900   15.2909
    7.5000  -45.0000   37.5000 2388.5518   15.5216
   -7.5000  -37.5000   37.5000 2509.3235   14.2234
    0.0000  -37.5000   37.5000 2543.8801   14.0279
    7.5000  -37.5000   37.5000 2507.1343   14.2576
   -7.5000  -30.0000   37.5000 2608.7468   13.2565
    0.0000  -30.0000   37.5000 2647.6509   13.0654
    7.5000  -30.0000   37.5000 2613.5386   13.2922
   -7.5000  -22.5000   37.5000 2687.4497   12.6673
    0.0000  -22.5000   37.5000 2723.1655   12.4939
    7.5000  -22.5000   37.5000 2691.0107   12.6886
   -7.5000  -15.0000   37.5000 2733.8567   12.3395
    0.0000  -15.0000   37.5000 2772.0234   12.1693
    7.5000  -15.0000   37.5000 2742.0557   12.3822
   -7.5000   -7.5000   37.5000 2744.3096   12.2760
    0.0000   -7.5000   37.5000 2779.5486   12.1456
    7.5000   -7.5000   37.5000 2754.0967   12.3363
   -7.5000    0.0000   37.5000 2706.2786   12.6533
    0.0000    0.0000   37.5000 2741.6086   12.5005
    7.5000    0.0000   37.5000 2711.5854   12.6682
   -7.5000    7.5000   37.5000 2640.1123   13.2346
    0.0000    7.5000   37.5000 2670.6716   13.0682
    7.5000    7.5000   37.5000 2640.1338   13.2396
   -7.5000   15.0000   37.5000 2547.6846   13.9885
    0.0000   15.0000   37.5000 2573.2378   13.8202
    7.5000   15.0000   37.5000 2546.8533   14.0203
   -7.5000   22.5000   37.5000 2431.5552   14.9627
    0.0000   22.5000   37.5000 2458.1697   14.8327
    7.5000   22.5000   37.5000 2435.8948   15.0201
   -7.5000   30.0000   37.5000 2298.5620   16.3020
    0.0000   30.0000   37.5000 2320.9067   16.1655
    7.5000   30.0000   37.5000 2306.5334   16.3395
   -7.5000   37.5000   37.5000 2134.4756   17.8986
    0.0000   37.5000   37.5000 2149.8193   17.7532
    7.5000   37.5000   37.5000 2136.4404   17.9670
   -7.5000   45.0000   37.5000 1934.6554   19.6833
    0.0000   45.0000   37.5000 1948.8303   19.5159
    7.5000   45.0000   37.5000 1934.8562   19.7666
   -7.5000  -45.0000   45.0000 2316.3362   16.3207
    0.0000  -45.0000   45.0000 2349.1741   16.1634
    7.5000  -45.0000   45.0000 2315.2935   16.3388
   -7.5000  -37.5000   45.0000 2427.7393   15.0206
    0.0000  -37.5000   45.0000 2464.7930   14.8877
    7.5000  -37.5000   45.0000 2426.6182   15.0594
   -7.5000  -30.0000   45.0000 2520.5693   14.0539
    0.0000  -30.0000   45.0000 2557.4998   13.9097
    7.5000  -30.0000   45.0000 2523.6143   14.0950
   -7.5000  -22.5000   45.0000 2587.6006   13.4488
    0.0000  -22.5000   45.0000 2621.2068   13.2996
    7.5000  -22.5000   45.0000 2591.5640   13.4909
   -7.5000  -15.0000   45.0000 2625.0642   13.1241
    0.0000  -15.0000   45.0000 2658.1533   12.9882
    7.5000  -15.0000   45.0000 2632.5559   13.1689
   -7.5000   -7.5000   45.0000 2626.7610   13.0472
    0.0000   -7.5000   45.0000 2657.4421   12.9401
    7.5000   -7.5000   45.0000 2633.9253   13.1102
   -7.5000    0.0000   45.0000 2592.7256   13.4282
    0.0000    0.0000   45.0000 2619.0847   13.2864
    7.5000    0.0000   45.0000 2597.7708   13.4469
   -7.5000    7.5000   45.0000 2533.6472   13.9790
    0.0000    7.5000   45.0000 2560.1646   13.8133
    7.5000    7.5000   45.0000 2532.3042   13.9811
   -7.5000   15.0000   45.0000 2446.8601   14.7195
    0.0000   15.0000   45.0000 2469.0676   14.5669
    7.5000   15.0000   45.0000 2442.4502   14.7278
   -7.5000   22.5000   45.0000 2340.4932   15.6647
    0.0000   22.5000   45.0000 2359.8364   15.5236
    7.5000   22.5000   45.0000 2339.2925   15.6793
   -7.5000   30.0000   45.0000 2219.1807   16.9521
    0.0000   30.0000   45.0000 2233.2441   16.8396
    7.5000   30.0000   45.0000 2218.5093   17.0154
   -7.5000   37.5000   45.0000 2056.5449   18.5290
    0.0000   37.5000   45.0000 2076.6785   18.4304
    7.5000   37.5000   45.0000 2061.0784   18.5997
   -7.5000   45.0000   45.0000 1866.7621   20.2969
    0.0000   45.0000   45.0000 1884.1136   20.1689
    7.5000   45.0000   45.0000 1869.6826   20.3861

---------------------------------------------------------------------
imgreg_4dfp /opt/freesurfer/average/711-2C_as_mni_average_305 /opt/freesurfer/average/711-2B_as_mni_average_305_mask talsrcimg_g11 none talsrcimg_to_711-2C_as_mni_average_305_t4 1283
---------------------------------------------------------------------

freesurfer imgreg_4dfp.c
/opt/freesurfer/average/711-2C_as_mni_average_305.4dfp.img
       256       256       256         1
  1.000000  1.000000  1.000000
orientation T byte_order littleendian
Reading image: /opt/freesurfer/average/711-2C_as_mni_average_305.4dfp.img
dimensions:      256       256       256
mmppix:       1.0000   -1.0000   -1.0000
center:     128.0000 -129.0000 -129.0000
/opt/freesurfer/average/711-2B_as_mni_average_305_mask.4dfp.img
       256       256       256         1
  1.000000  1.000000  1.000000
orientation T byte_order littleendian
Reading mask: /opt/freesurfer/average/711-2B_as_mni_average_305_mask.4dfp.img (2306576 pixels)
talsrcimg_g11.4dfp.img
       256       256       256         1
  0.898438  0.898438  0.898438
orientation T byte_order littleendian
Reading image: talsrcimg_g11.4dfp.img
dimensions:      256       256       256
mmppix:       0.8984   -0.8984   -0.8984
center:     115.0001 -115.8985 -115.8985
rotation matrix determinant  1.000000
fimgreg.f
image alignment mode   1283 decimal      503 hex
parameters
    0.0000   -7.5000   15.0000    0.0000    0.0000    0.0000
eta,q 0.95338 10.94626
niter,ni,del,rscale     5    3   12.0000    1.2000
parameter  3  0.690504 ->  0.500000 qaram    1.1500
parameter  4  1.387445 ->  0.500000 qaram    1.1500
parameters
   -0.3418   -8.4379   11.5500   -3.4500   -2.4482    0.1421
eta,q 0.96127 10.85728
  0.0634  0.0542  0.0464  0.0396  0.0441  0.0457
  0.0552  0.0503  0.0441  0.0407  0.0400  0.0422
  0.0504  0.0485  0.0448  0.0422  0.0387  0.0398
  0.0487  0.0487  0.0484  0.0441  0.0411  0.0387
  0.0508  0.0502  0.0533  0.0468  0.0464  0.0397
  0.0575  0.0535  0.0583  0.0500  0.0522  0.0419
  0.0676  0.0597  0.0643  0.0538  0.0576  0.0450
niter,ni,del,rscale     6    3   12.0000    1.2000
parameter  4  0.517424 ->  0.500000 qaram    1.3225
parameters
   -0.0212   -6.9882   11.1712   -7.4175   -2.7174    0.2592
eta,q 0.96606 10.77083
  0.0637  0.0558  0.0523  0.0383  0.0458  0.0429
  0.0531  0.0475  0.0434  0.0344  0.0401  0.0389
  0.0434  0.0422  0.0388  0.0346  0.0354  0.0355
  0.0387  0.0387  0.0378  0.0376  0.0340  0.0340
  0.0411  0.0378  0.0416  0.0416  0.0362  0.0350
  0.0490  0.0397  0.0473  0.0459  0.0416  0.0381
  0.0598  0.0449  0.0537  0.0502  0.0481  0.0426
niter,ni,del,rscale     6    3   12.0000    1.2000
parameters
    0.0781   -5.9116   10.7252   -7.1062   -2.8467    0.2807
eta,q 0.96692 10.82359
  0.0595  0.0597  0.0493  0.0484  0.0458  0.0423
  0.0471  0.0497  0.0408  0.0420  0.0397  0.0380
  0.0374  0.0395  0.0346  0.0356  0.0345  0.0347
  0.0339  0.0339  0.0333  0.0330  0.0331  0.0331
  0.0374  0.0338  0.0375  0.0356  0.0350  0.0342
  0.0464  0.0387  0.0444  0.0405  0.0404  0.0378
  0.0575  0.0474  0.0529  0.0461  0.0469  0.0423
niter,ni,del,rscale     5    3   12.0000    1.2000
parameters
    0.0254   -5.8821   10.6852   -7.0657   -2.8467    0.2688
eta,q 0.96692 10.82729
  0.0586  0.0535  0.0513  0.0477  0.0463  0.0422
  0.0462  0.0429  0.0424  0.0412  0.0401  0.0379
  0.0365  0.0355  0.0356  0.0349  0.0348  0.0347
  0.0331  0.0331  0.0331  0.0331  0.0331  0.0331
  0.0372  0.0358  0.0365  0.0362  0.0347  0.0342
  0.0472  0.0431  0.0431  0.0412  0.0400  0.0379
  0.0590  0.0527  0.0511  0.0469  0.0464  0.0425
registration optimization eta report
parameter search radius
    6.0000    6.0000    6.9000    7.9350    6.0000    6.0000
100000*second partial in parameter space
       70.       55.       37.       22.       37.       25.
  0.0586  0.0535  0.0513  0.0477  0.0463  0.0422
  0.0462  0.0429  0.0424  0.0412  0.0401  0.0379
  0.0365  0.0355  0.0356  0.0349  0.0348  0.0347
  0.0331  0.0331  0.0331  0.0331  0.0331  0.0331
  0.0372  0.0358  0.0365  0.0362  0.0347  0.0342
  0.0472  0.0431  0.0431  0.0412  0.0400  0.0379
  0.0590  0.0527  0.0511  0.0469  0.0464  0.0425
    0.0254   -5.8821   10.6852   -7.0657   -2.8467    0.2688
eta,q 0.96692 10.82729

---------------------------------------------------------------------
imgreg_4dfp /opt/freesurfer/average/711-2C_as_mni_average_305 /opt/freesurfer/average/711-2B_as_mni_average_305_mask talsrcimg_g11 none talsrcimg_to_711-2C_as_mni_average_305_t4 3335
---------------------------------------------------------------------

freesurfer imgreg_4dfp.c
/opt/freesurfer/average/711-2C_as_mni_average_305.4dfp.img
       256       256       256         1
  1.000000  1.000000  1.000000
orientation T byte_order littleendian
Reading image: /opt/freesurfer/average/711-2C_as_mni_average_305.4dfp.img
dimensions:      256       256       256
mmppix:       1.0000   -1.0000   -1.0000
center:     128.0000 -129.0000 -129.0000
/opt/freesurfer/average/711-2B_as_mni_average_305_mask.4dfp.img
       256       256       256         1
  1.000000  1.000000  1.000000
orientation T byte_order littleendian
Reading mask: /opt/freesurfer/average/711-2B_as_mni_average_305_mask.4dfp.img (2306576 pixels)
talsrcimg_g11.4dfp.img
       256       256       256         1
  0.898438  0.898438  0.898438
orientation T byte_order littleendian
Reading image: talsrcimg_g11.4dfp.img
dimensions:      256       256       256
mmppix:       0.8984   -0.8984   -0.8984
center:     115.0001 -115.8985 -115.8985
fimgreg.f
image alignment mode   3335 decimal      D07 hex
parameters
    0.0254   -5.8821   10.6852   -0.1245   -0.7634   -0.8819
   -1.0765    4.8709    0.4686   12.3237   -4.9664  -12.2855
eta,q 0.96473 10.95068
niter,ni,del,rscale     5    3    5.0000    1.2000
parameter  4  0.858585 ->  0.500000 qaram    1.1500
parameter  5  1.028270 ->  0.500000 qaram    1.1500
parameter  6  0.516904 ->  0.500000 qaram    1.1500
parameter 12 -1.233779 -> -0.500000 qaram    1.1500
parameters
   -0.0977   -5.3064   10.3364   -4.2645   -4.9034   -5.0219
    0.5350    5.0023    1.4709   12.7884   -3.9821   -8.1455
eta,q 0.97269 10.32424
  0.0392  0.0399  0.0367  0.0314  0.0288  0.0292  0.0323  0.0329  0.0312  0.0321  0.0296  0.0312
  0.0369  0.0378  0.0356  0.0320  0.0293  0.0287  0.0305  0.0303  0.0298  0.0303  0.0288  0.0300
  0.0356  0.0362  0.0350  0.0331  0.0303  0.0285  0.0292  0.0288  0.0289  0.0289  0.0284  0.0291
  0.0353  0.0352  0.0350  0.0350  0.0323  0.0295  0.0286  0.0284  0.0284  0.0283  0.0283  0.0283
  0.0359  0.0350  0.0355  0.0382  0.0354  0.0317  0.0284  0.0289  0.0284  0.0285  0.0284  0.0277
  0.0375  0.0356  0.0365  0.0428  0.0391  0.0352  0.0289  0.0302  0.0289  0.0296  0.0286  0.0272
  0.0400  0.0370  0.0380  0.0483  0.0431  0.0400  0.0300  0.0325  0.0300  0.0314  0.0290  0.0271
niter,ni,del,rscale     7    3    5.0000    1.2000
parameter  4  0.538421 ->  0.500000 qaram    1.3225
parameters
   -0.0584   -5.2273   10.0417   -9.0255   -8.8306   -6.2833
   -0.1733    5.2875    0.5200   12.7626   -2.9963   -6.5252
eta,q 0.97472  9.75055
  0.0310  0.0306  0.0288  0.0267  0.0263  0.0284  0.0280  0.0305  0.0272  0.0287  0.0269  0.0277
  0.0290  0.0288  0.0278  0.0262  0.0255  0.0268  0.0265  0.0279  0.0261  0.0270  0.0262  0.0267
  0.0278  0.0277  0.0273  0.0265  0.0255  0.0258  0.0256  0.0262  0.0255  0.0258  0.0257  0.0259
  0.0273  0.0273  0.0273  0.0273  0.0262  0.0254  0.0255  0.0255  0.0255  0.0254  0.0254  0.0254
  0.0276  0.0276  0.0277  0.0284  0.0277  0.0261  0.0261  0.0259  0.0260  0.0258  0.0254  0.0253
  0.0288  0.0286  0.0285  0.0306  0.0303  0.0283  0.0274  0.0274  0.0270  0.0269  0.0257  0.0257
  0.0309  0.0302  0.0296  0.0343  0.0338  0.0318  0.0291  0.0298  0.0283  0.0288  0.0263  0.0265
niter,ni,del,rscale     7    3    5.0000    1.2000
parameters
   -0.0743   -5.3543   10.2069   -9.2997   -9.0506   -6.2862
    0.0433    5.2413    0.2821   12.4172   -2.9359   -6.2032
eta,q 0.97477  9.71679
  0.0292  0.0280  0.0275  0.0289  0.0283  0.0292  0.0286  0.0299  0.0274  0.0283  0.0264  0.0271
  0.0271  0.0264  0.0263  0.0269  0.0267  0.0274  0.0269  0.0274  0.0262  0.0266  0.0258  0.0262
  0.0258  0.0255  0.0256  0.0256  0.0257  0.0261  0.0257  0.0258  0.0255  0.0256  0.0254  0.0255
  0.0253  0.0253  0.0253  0.0253  0.0252  0.0252  0.0252  0.0253  0.0252  0.0252  0.0252  0.0252
  0.0257  0.0258  0.0254  0.0259  0.0256  0.0253  0.0256  0.0259  0.0256  0.0258  0.0254  0.0253
  0.0271  0.0269  0.0260  0.0272  0.0267  0.0269  0.0266  0.0275  0.0264  0.0270  0.0258  0.0259
  0.0293  0.0285  0.0269  0.0292  0.0288  0.0298  0.0282  0.0300  0.0277  0.0289  0.0263  0.0269
niter,ni,del,rscale     6    3    5.0000    1.2000
parameters
   -0.0747   -5.3989   10.2715   -9.3313   -8.9920   -6.2960
    0.0961    5.2196    0.2320   12.2937   -2.9463   -6.0446
eta,q 0.97478  9.71570
  0.0292  0.0282  0.0273  0.0290  0.0284  0.0291  0.0284  0.0300  0.0275  0.0285  0.0263  0.0270
  0.0271  0.0265  0.0261  0.0270  0.0268  0.0273  0.0267  0.0274  0.0263  0.0267  0.0257  0.0261
  0.0257  0.0255  0.0255  0.0256  0.0257  0.0261  0.0256  0.0258  0.0255  0.0256  0.0254  0.0255
  0.0252  0.0252  0.0252  0.0252  0.0252  0.0252  0.0252  0.0252  0.0252  0.0252  0.0252  0.0252
  0.0257  0.0257  0.0255  0.0258  0.0255  0.0252  0.0256  0.0258  0.0255  0.0257  0.0254  0.0254
  0.0270  0.0267  0.0261  0.0271  0.0266  0.0268  0.0267  0.0275  0.0263  0.0269  0.0258  0.0260
  0.0293  0.0283  0.0270  0.0290  0.0285  0.0298  0.0283  0.0300  0.0275  0.0287  0.0263  0.0270
niter,ni,del,rscale     5    3    5.0000    1.2000
parameters
   -0.0737   -5.4159   10.2926   -9.3360   -8.9668   -6.3102
    0.1096    5.2100    0.2270   12.2444   -2.9609   -5.9826
eta,q 0.97478  9.71533
  0.0292  0.0283  0.0272  0.0290  0.0284  0.0291  0.0284  0.0300  0.0275  0.0285  0.0263  0.0270
  0.0271  0.0265  0.0261  0.0270  0.0268  0.0273  0.0267  0.0274  0.0263  0.0268  0.0257  0.0261
  0.0257  0.0255  0.0254  0.0256  0.0257  0.0260  0.0256  0.0258  0.0255  0.0256  0.0254  0.0255
  0.0252  0.0252  0.0252  0.0252  0.0252  0.0252  0.0252  0.0252  0.0252  0.0252  0.0252  0.0252
  0.0257  0.0256  0.0255  0.0258  0.0255  0.0252  0.0256  0.0258  0.0255  0.0256  0.0254  0.0254
  0.0270  0.0267  0.0261  0.0271  0.0266  0.0268  0.0267  0.0275  0.0263  0.0268  0.0258  0.0260
  0.0292  0.0283  0.0270  0.0290  0.0285  0.0298  0.0283  0.0300  0.0275  0.0287  0.0263  0.0270
registration optimization eta report
parameter search radius
    2.4000    2.4000    2.4000    9.5220    8.2800    8.2800
    7.2000    7.2000    7.2000    7.2000    7.2000    8.2800
100000*second partial in parameter space
       69.       53.       33.        4.        5.        6.
        6.        9.        4.        6.        2.        3.
  0.0292  0.0283  0.0272  0.0290  0.0284  0.0291  0.0284  0.0300  0.0275  0.0285  0.0263  0.0270
  0.0271  0.0265  0.0261  0.0270  0.0268  0.0273  0.0267  0.0274  0.0263  0.0268  0.0257  0.0261
  0.0257  0.0255  0.0254  0.0256  0.0257  0.0260  0.0256  0.0258  0.0255  0.0256  0.0254  0.0255
  0.0252  0.0252  0.0252  0.0252  0.0252  0.0252  0.0252  0.0252  0.0252  0.0252  0.0252  0.0252
  0.0257  0.0256  0.0255  0.0258  0.0255  0.0252  0.0256  0.0258  0.0255  0.0256  0.0254  0.0254
  0.0270  0.0267  0.0261  0.0271  0.0266  0.0268  0.0267  0.0275  0.0263  0.0268  0.0258  0.0260
  0.0292  0.0283  0.0270  0.0290  0.0285  0.0298  0.0283  0.0300  0.0275  0.0287  0.0263  0.0270
   -0.0737   -5.4159   10.2926   -9.3360   -8.9668   -6.3102
    0.1096    5.2100    0.2270   12.2444   -2.9609   -5.9826
eta,q 0.97478  9.71533

---------------------------------------------------------------------
imgreg_4dfp /opt/freesurfer/average/711-2C_as_mni_average_305 /opt/freesurfer/average/711-2B_as_mni_average_305_mask talsrcimg_g11 none talsrcimg_to_711-2C_as_mni_average_305_t4 2311
---------------------------------------------------------------------

freesurfer imgreg_4dfp.c
/opt/freesurfer/average/711-2C_as_mni_average_305.4dfp.img
       256       256       256         1
  1.000000  1.000000  1.000000
orientation T byte_order littleendian
Reading image: /opt/freesurfer/average/711-2C_as_mni_average_305.4dfp.img
dimensions:      256       256       256
mmppix:       1.0000   -1.0000   -1.0000
center:     128.0000 -129.0000 -129.0000
/opt/freesurfer/average/711-2B_as_mni_average_305_mask.4dfp.img
       256       256       256         1
  1.000000  1.000000  1.000000
orientation T byte_order littleendian
Reading mask: /opt/freesurfer/average/711-2B_as_mni_average_305_mask.4dfp.img (2306576 pixels)
talsrcimg_g11.4dfp.img
       256       256       256         1
  0.898438  0.898438  0.898438
orientation T byte_order littleendian
Reading image: talsrcimg_g11.4dfp.img
dimensions:      256       256       256
mmppix:       0.8984   -0.8984   -0.8984
center:     115.0001 -115.8985 -115.8985
fimgreg.f
image alignment mode   2311 decimal      907 hex
parameters
   -0.0737   -5.4159   10.2926   -9.3360   -8.9668   -6.3102
    0.1096    5.2100    0.2270   12.2444   -2.9609   -5.9826
eta,q 0.97478  9.71533
niter,ni,del,rscale     5    3    5.0000    0.8000
parameters
   -0.0537   -5.4642   10.2556   -9.5306   -8.7112   -5.5425
    0.0657    5.2593    0.2187   12.3606   -2.9964   -5.8517
eta,q 0.97489  9.75691
  0.0271  0.0265  0.0261  0.0262  0.0265  0.0269  0.0266  0.0274  0.0262  0.0268  0.0256  0.0258
  0.0261  0.0258  0.0256  0.0257  0.0258  0.0262  0.0258  0.0262  0.0256  0.0259  0.0254  0.0255
  0.0255  0.0253  0.0253  0.0253  0.0254  0.0256  0.0253  0.0254  0.0252  0.0253  0.0252  0.0252
  0.0252  0.0252  0.0252  0.0252  0.0252  0.0252  0.0251  0.0251  0.0251  0.0251  0.0251  0.0251
  0.0254  0.0254  0.0253  0.0254  0.0253  0.0251  0.0253  0.0254  0.0252  0.0253  0.0252  0.0252
  0.0260  0.0259  0.0256  0.0258  0.0257  0.0254  0.0258  0.0261  0.0256  0.0258  0.0254  0.0254
  0.0270  0.0267  0.0261  0.0264  0.0262  0.0262  0.0266  0.0273  0.0262  0.0267  0.0256  0.0258
niter,ni,del,rscale     4    3    5.0000    0.7000
parameters
   -0.0552   -5.4727   10.4145   -9.4998   -8.7540   -5.2504
    0.0854    5.2596    0.2325   12.3585   -3.0619   -5.6876
eta,q 0.97492  9.77041
  0.0265  0.0262  0.0260  0.0260  0.0260  0.0264  0.0263  0.0268  0.0259  0.0264  0.0255  0.0257
  0.0258  0.0256  0.0255  0.0255  0.0255  0.0258  0.0256  0.0259  0.0255  0.0257  0.0253  0.0254
  0.0253  0.0252  0.0252  0.0252  0.0252  0.0254  0.0252  0.0253  0.0252  0.0252  0.0251  0.0252
  0.0251  0.0251  0.0251  0.0251  0.0251  0.0251  0.0251  0.0251  0.0251  0.0251  0.0251  0.0251
  0.0253  0.0253  0.0251  0.0252  0.0252  0.0251  0.0252  0.0253  0.0252  0.0252  0.0251  0.0251
  0.0257  0.0256  0.0253  0.0255  0.0255  0.0254  0.0256  0.0259  0.0255  0.0257  0.0253  0.0253
  0.0266  0.0262  0.0256  0.0260  0.0260  0.0262  0.0262  0.0268  0.0259  0.0264  0.0255  0.0256
niter,ni,del,rscale     3    3    5.0000    0.6000
parameters
   -0.0497   -5.4825   10.4968   -9.5009   -8.7567   -5.0389
    0.0901    5.2679    0.2419   12.3460   -3.1113   -5.6015
eta,q 0.97493  9.78042
  0.0261  0.0259  0.0257  0.0257  0.0258  0.0261  0.0259  0.0264  0.0257  0.0260  0.0254  0.0255
  0.0256  0.0254  0.0254  0.0254  0.0254  0.0256  0.0255  0.0257  0.0254  0.0255  0.0252  0.0253
  0.0252  0.0252  0.0252  0.0251  0.0252  0.0253  0.0252  0.0252  0.0251  0.0252  0.0251  0.0251
  0.0251  0.0251  0.0251  0.0251  0.0251  0.0251  0.0251  0.0251  0.0251  0.0251  0.0251  0.0251
  0.0252  0.0252  0.0251  0.0252  0.0251  0.0251  0.0252  0.0252  0.0251  0.0252  0.0251  0.0251
  0.0255  0.0255  0.0253  0.0254  0.0254  0.0253  0.0255  0.0257  0.0254  0.0255  0.0252  0.0252
  0.0261  0.0259  0.0255  0.0257  0.0258  0.0259  0.0259  0.0264  0.0257  0.0261  0.0254  0.0255
niter,ni,del,rscale     2    3    5.0000    0.5000
parameters
   -0.0435   -5.4928   10.5494   -9.5036   -8.7596   -4.8766
    0.0891    5.2779    0.2451   12.3255   -3.1728   -5.5260
eta,q 0.97494  9.78783
  0.0258  0.0256  0.0255  0.0255  0.0255  0.0258  0.0257  0.0260  0.0255  0.0257  0.0253  0.0253
  0.0254  0.0253  0.0252  0.0253  0.0253  0.0254  0.0253  0.0255  0.0253  0.0254  0.0251  0.0252
  0.0252  0.0251  0.0251  0.0251  0.0251  0.0252  0.0251  0.0252  0.0251  0.0251  0.0251  0.0251
  0.0251  0.0251  0.0251  0.0251  0.0251  0.0251  0.0251  0.0251  0.0251  0.0251  0.0251  0.0251
  0.0251  0.0251  0.0251  0.0251  0.0251  0.0251  0.0251  0.0252  0.0251  0.0251  0.0251  0.0251
  0.0254  0.0253  0.0252  0.0253  0.0253  0.0253  0.0253  0.0255  0.0253  0.0254  0.0252  0.0252
  0.0258  0.0256  0.0254  0.0255  0.0256  0.0257  0.0257  0.0260  0.0255  0.0258  0.0253  0.0253
niter,ni,del,rscale     1    3    5.0000    0.4000
parameters
   -0.0419   -5.5038   10.5929   -9.5006   -8.7712   -4.7539
    0.0793    5.2827    0.2584   12.3052   -3.2027   -5.4644
eta,q 0.97495  9.79318
  0.0255  0.0254  0.0253  0.0253  0.0254  0.0255  0.0254  0.0256  0.0253  0.0255  0.0252  0.0252
  0.0253  0.0252  0.0252  0.0252  0.0252  0.0253  0.0252  0.0253  0.0252  0.0252  0.0251  0.0251
  0.0251  0.0251  0.0251  0.0251  0.0251  0.0251  0.0251  0.0251  0.0251  0.0251  0.0251  0.0251
  0.0251  0.0251  0.0251  0.0251  0.0251  0.0251  0.0251  0.0251  0.0251  0.0251  0.0251  0.0251
  0.0251  0.0251  0.0251  0.0251  0.0251  0.0251  0.0251  0.0251  0.0251  0.0251  0.0251  0.0251
  0.0253  0.0252  0.0251  0.0252  0.0252  0.0252  0.0252  0.0253  0.0252  0.0253  0.0251  0.0251
  0.0255  0.0254  0.0253  0.0253  0.0254  0.0255  0.0254  0.0256  0.0253  0.0255  0.0252  0.0252
registration optimization eta report
parameter search radius
    0.8000    0.8000    0.8000    2.4000    2.4000    2.4000
    2.4000    2.4000    2.4000    2.4000    2.4000    2.4000
100000*second partial in parameter space
       74.       57.       36.        5.        5.        7.
        7.       10.        5.        8.        2.        3.
  0.0255  0.0254  0.0253  0.0253  0.0254  0.0255  0.0254  0.0256  0.0253  0.0255  0.0252  0.0252
  0.0253  0.0252  0.0252  0.0252  0.0252  0.0253  0.0252  0.0253  0.0252  0.0252  0.0251  0.0251
  0.0251  0.0251  0.0251  0.0251  0.0251  0.0251  0.0251  0.0251  0.0251  0.0251  0.0251  0.0251
  0.0251  0.0251  0.0251  0.0251  0.0251  0.0251  0.0251  0.0251  0.0251  0.0251  0.0251  0.0251
  0.0251  0.0251  0.0251  0.0251  0.0251  0.0251  0.0251  0.0251  0.0251  0.0251  0.0251  0.0251
  0.0253  0.0252  0.0251  0.0252  0.0252  0.0252  0.0252  0.0253  0.0252  0.0253  0.0251  0.0251
  0.0255  0.0254  0.0253  0.0253  0.0254  0.0255  0.0254  0.0256  0.0253  0.0255  0.0252  0.0252
   -0.0419   -5.5038   10.5929   -9.5006   -8.7712   -4.7539
    0.0793    5.2827    0.2584   12.3052   -3.2027   -5.4644
eta,q 0.97495  9.79318

---------------------------------------------------------------------
imgreg_4dfp /opt/freesurfer/average/711-2C_as_mni_average_305 /opt/freesurfer/average/711-2B_as_mni_average_305_mask talsrcimg_g11 none talsrcimg_to_711-2C_as_mni_average_305_t4 2311
---------------------------------------------------------------------

freesurfer imgreg_4dfp.c
/opt/freesurfer/average/711-2C_as_mni_average_305.4dfp.img
       256       256       256         1
  1.000000  1.000000  1.000000
orientation T byte_order littleendian
Reading image: /opt/freesurfer/average/711-2C_as_mni_average_305.4dfp.img
dimensions:      256       256       256
mmppix:       1.0000   -1.0000   -1.0000
center:     128.0000 -129.0000 -129.0000
/opt/freesurfer/average/711-2B_as_mni_average_305_mask.4dfp.img
       256       256       256         1
  1.000000  1.000000  1.000000
orientation T byte_order littleendian
Reading mask: /opt/freesurfer/average/711-2B_as_mni_average_305_mask.4dfp.img (2306576 pixels)
talsrcimg_g11.4dfp.img
       256       256       256         1
  0.898438  0.898438  0.898438
orientation T byte_order littleendian
Reading image: talsrcimg_g11.4dfp.img
dimensions:      256       256       256
mmppix:       0.8984   -0.8984   -0.8984
center:     115.0001 -115.8985 -115.8985
fimgreg.f
image alignment mode   2311 decimal      907 hex
parameters
   -0.0419   -5.5038   10.5929   -9.5006   -8.7712   -4.7539
    0.0793    5.2827    0.2584   12.3052   -3.2027   -5.4644
eta,q 0.97495  9.79318
niter,ni,del,rscale     5    3    5.0000    0.8000
parameters
   -0.0560   -5.4857   10.6624   -9.4545   -8.8125   -5.1369
    0.1278    5.2465    0.2613   12.2469   -3.1428   -5.4180
eta,q 0.97493  9.77376
  0.0269  0.0265  0.0261  0.0262  0.0262  0.0264  0.0266  0.0273  0.0262  0.0267  0.0256  0.0257
  0.0259  0.0257  0.0255  0.0256  0.0256  0.0258  0.0258  0.0261  0.0256  0.0258  0.0253  0.0254
  0.0253  0.0252  0.0252  0.0252  0.0252  0.0253  0.0252  0.0253  0.0252  0.0253  0.0251  0.0252
  0.0250  0.0251  0.0251  0.0251  0.0250  0.0250  0.0251  0.0251  0.0251  0.0251  0.0251  0.0251
  0.0253  0.0252  0.0251  0.0252  0.0252  0.0252  0.0252  0.0254  0.0252  0.0253  0.0251  0.0251
  0.0259  0.0257  0.0254  0.0256  0.0256  0.0259  0.0257  0.0261  0.0256  0.0259  0.0253  0.0254
  0.0270  0.0264  0.0259  0.0261  0.0263  0.0272  0.0265  0.0274  0.0262  0.0268  0.0255  0.0257
niter,ni,del,rscale     4    3    5.0000    0.7000
parameters
   -0.0465   -5.4907   10.5727   -9.4976   -8.7454   -5.1351
    0.1048    5.2605    0.2417   12.2519   -3.1249   -5.4822
eta,q 0.97493  9.77519
  0.0265  0.0262  0.0257  0.0259  0.0260  0.0263  0.0262  0.0268  0.0259  0.0264  0.0255  0.0256
  0.0257  0.0255  0.0253  0.0254  0.0255  0.0257  0.0256  0.0259  0.0254  0.0257  0.0252  0.0253
  0.0252  0.0252  0.0251  0.0252  0.0252  0.0253  0.0252  0.0253  0.0252  0.0252  0.0251  0.0251
  0.0251  0.0251  0.0251  0.0251  0.0251  0.0251  0.0251  0.0251  0.0251  0.0251  0.0251  0.0251
  0.0252  0.0252  0.0252  0.0252  0.0252  0.0251  0.0252  0.0253  0.0252  0.0252  0.0251  0.0251
  0.0257  0.0256  0.0254  0.0255  0.0255  0.0255  0.0256  0.0259  0.0255  0.0257  0.0252  0.0253
  0.0265  0.0262  0.0258  0.0259  0.0260  0.0264  0.0262  0.0268  0.0259  0.0264  0.0254  0.0256
niter,ni,del,rscale     3    3    5.0000    0.6000
parameters
   -0.0423   -5.4977   10.5562   -9.5100   -8.7444   -5.0132
    0.0993    5.2710    0.2392   12.2769   -3.1471   -5.4851
eta,q 0.97494  9.78080
  0.0261  0.0259  0.0256  0.0257  0.0258  0.0260  0.0259  0.0264  0.0257  0.0261  0.0254  0.0254
  0.0255  0.0254  0.0253  0.0253  0.0254  0.0256  0.0254  0.0257  0.0253  0.0255  0.0252  0.0252
  0.0252  0.0251  0.0251  0.0251  0.0251  0.0252  0.0251  0.0252  0.0251  0.0252  0.0251  0.0251
  0.0251  0.0251  0.0251  0.0251  0.0251  0.0251  0.0251  0.0251  0.0251  0.0251  0.0251  0.0251
  0.0252  0.0252  0.0251  0.0251  0.0251  0.0251  0.0252  0.0252  0.0251  0.0252  0.0251  0.0251
  0.0255  0.0254  0.0253  0.0254  0.0254  0.0254  0.0254  0.0256  0.0253  0.0255  0.0252  0.0252
  0.0261  0.0259  0.0256  0.0257  0.0258  0.0260  0.0259  0.0264  0.0257  0.0260  0.0253  0.0255
niter,ni,del,rscale     2    3    5.0000    0.5000
parameters
   -0.0420   -5.5030   10.5738   -9.5117   -8.7508   -4.8740
    0.0902    5.2770    0.2451   12.2901   -3.1886   -5.4950
eta,q 0.97495  9.78758
  0.0258  0.0256  0.0254  0.0255  0.0255  0.0258  0.0257  0.0260  0.0255  0.0258  0.0253  0.0253
  0.0254  0.0253  0.0252  0.0253  0.0253  0.0254  0.0253  0.0255  0.0253  0.0254  0.0251  0.0252
  0.0251  0.0251  0.0251  0.0251  0.0251  0.0252  0.0251  0.0252  0.0251  0.0251  0.0251  0.0251
  0.0251  0.0251  0.0251  0.0251  0.0251  0.0251  0.0251  0.0251  0.0251  0.0251  0.0251  0.0251
  0.0251  0.0251  0.0251  0.0251  0.0251  0.0251  0.0251  0.0252  0.0251  0.0251  0.0251  0.0251
  0.0254  0.0253  0.0252  0.0253  0.0253  0.0253  0.0253  0.0255  0.0253  0.0254  0.0252  0.0252
  0.0258  0.0256  0.0254  0.0255  0.0255  0.0257  0.0257  0.0260  0.0255  0.0257  0.0253  0.0253
niter,ni,del,rscale     1    3    5.0000    0.4000
parameters
   -0.0402   -5.5083   10.5983   -9.5099   -8.7605   -4.7618
    0.0831    5.2869    0.2579   12.2950   -3.2109   -5.4576
eta,q 0.97495  9.79266
  0.0255  0.0254  0.0253  0.0253  0.0254  0.0255  0.0254  0.0256  0.0253  0.0255  0.0252  0.0252
  0.0253  0.0252  0.0252  0.0252  0.0252  0.0253  0.0252  0.0253  0.0252  0.0253  0.0251  0.0251
  0.0251  0.0251  0.0251  0.0251  0.0251  0.0251  0.0251  0.0251  0.0251  0.0251  0.0251  0.0251
  0.0251  0.0251  0.0251  0.0251  0.0251  0.0250  0.0251  0.0251  0.0251  0.0251  0.0251  0.0251
  0.0251  0.0251  0.0251  0.0251  0.0251  0.0251  0.0251  0.0251  0.0251  0.0251  0.0251  0.0251
  0.0253  0.0252  0.0251  0.0252  0.0252  0.0252  0.0252  0.0253  0.0252  0.0253  0.0251  0.0251
  0.0255  0.0254  0.0253  0.0253  0.0254  0.0255  0.0254  0.0256  0.0253  0.0255  0.0252  0.0252
registration optimization eta report
parameter search radius
    0.8000    0.8000    0.8000    2.4000    2.4000    2.4000
    2.4000    2.4000    2.4000    2.4000    2.4000    2.4000
100000*second partial in parameter space
       74.       57.       37.        5.        6.        8.
        7.       10.        5.        8.        2.        3.
  0.0255  0.0254  0.0253  0.0253  0.0254  0.0255  0.0254  0.0256  0.0253  0.0255  0.0252  0.0252
  0.0253  0.0252  0.0252  0.0252  0.0252  0.0253  0.0252  0.0253  0.0252  0.0253  0.0251  0.0251
  0.0251  0.0251  0.0251  0.0251  0.0251  0.0251  0.0251  0.0251  0.0251  0.0251  0.0251  0.0251
  0.0251  0.0251  0.0251  0.0251  0.0251  0.0250  0.0251  0.0251  0.0251  0.0251  0.0251  0.0251
  0.0251  0.0251  0.0251  0.0251  0.0251  0.0251  0.0251  0.0251  0.0251  0.0251  0.0251  0.0251
  0.0253  0.0252  0.0251  0.0252  0.0252  0.0252  0.0252  0.0253  0.0252  0.0253  0.0251  0.0251
  0.0255  0.0254  0.0253  0.0253  0.0254  0.0255  0.0254  0.0256  0.0253  0.0255  0.0252  0.0252
   -0.0402   -5.5083   10.5983   -9.5099   -8.7605   -4.7618
    0.0831    5.2869    0.2579   12.2950   -3.2109   -5.4576
eta,q 0.97495  9.79266

---------------------------------------------------------------------
compute_vox2vox talsrcimg talsrcimg_to_711-2C_as_mni_average_305_t4 /opt/freesurfer/average/711-2C_as_mni_average_305
---------------------------------------------------------------------

freesurfer compute_vox2vox.c
Reading: talsrcimg.4dfp.ifh
Reading: talsrcimg_to_711-2C_as_mni_average_305_t4
Reading: /opt/freesurfer/average/711-2C_as_mni_average_305.4dfp.ifh
Writing: talsrcimg_to_711-2C_as_mni_average_305_t4_vox2vox.txt

start time Wed Mar 11 04:11:28 CET 2026
end		time Wed Mar 11 04:12:53 CET 2026

mpr2mni305 success

avi2talxfm orig_nu.mgz /opt/freesurfer/average/mni305.cor.mgz talsrcimg_to_711-2C_as_mni_average_305_t4_vox2vox.txt transforms/talairach.auto.xfm
avi2talxfm done
mv -f /out/sourcedata/freesurfer/sub-v2s13x29116_ses-1/mri/talsrcimg_to_711-2C_as_mni_average_305_t4_vox2vox.txt /out/sourcedata/freesurfer/sub-v2s13x29116_ses-1/mri/transforms/talsrcimg_to_711-2C_as_mni_average_305_t4_vox2vox.txt
lta_convert --src orig_nu.mgz --trg /opt/freesurfer/average/mni305.cor.mgz --inxfm transforms/talairach.auto.xfm --outlta transforms/talairach.auto.xfm.lta --subject fsaverage
7.3.2

--src: orig_nu.mgz src image (geometry).
--trg: /opt/freesurfer/average/mni305.cor.mgz trg image (geometry).
--inmni: transforms/talairach.auto.xfm input MNI/XFM transform.
--outlta: transforms/talairach.auto.xfm.lta output LTA.
--s: fsaverage subject name
 LTA read, type : 1
 1.10295  -0.06063  -0.00463  -1.24983;
 0.03672   1.03993   0.06217  -9.73927;
-0.00807  -0.13996   1.08765  -22.42828;
 0.00000   0.00000   0.00000   1.00000;
setting subject to fsaverage
Writing  LTA to file transforms/talairach.auto.xfm.lta...
lta_convert successful.
 
 
Started at Wed Mar 11 04:11:27 CET 2026
Ended   at Wed Mar 11 04:12:53 CET 2026
talairach_avi done
