/out/sourcedata/freesurfer/sub-v2s13x29127_ses-1/mri
/opt/freesurfer/bin/talairach_avi
--i orig_nu.mgz --xfm transforms/talairach.auto.xfm
talairach_avi 7.3.2
Linux dna013 5.14.0-427.37.1.el9_4.x86_64 #1 SMP PREEMPT_DYNAMIC Fri Sep 13 12:41:50 EDT 2024 x86_64 x86_64 x86_64 GNU/Linux
Wed Mar 11 04:51:57 CET 2026
mri_convert orig_nu.mgz talsrcimg.img 
reading from orig_nu.mgz...
TR=0.00, TE=0.00, TI=0.00, flip angle=0.00
i_ras = (-1, 4.53514e-10, 0)
j_ras = (-6.47877e-11, 0, -1)
k_ras = (-1.29575e-10, 1, 3.31713e-08)
writing to talsrcimg.img...
Analyze Output Matrix
-0.89844  -0.00000  -0.00000   116.79013;
 0.00000   0.00000   0.89844  -116.30750;
 0.00000  -0.89844   0.00000   148.11960;
 0.00000   0.00000   0.00000   1.00000;
--------------------
INFO: set hdr.hist.orient to -1
mpr2mni305 talsrcimg
Wed Mar 11 04:51:58 CET 2026
/opt/freesurfer/bin/mpr2mni305 talsrcimg
mpr2mni305 7.3.2
target=711-2C_as_mni_average_305

---------------------------------------------------------------------
analyzeto4dfp talsrcimg -O0 -y
---------------------------------------------------------------------

freesurfer ifh2hdr.c
Wed Mar 11 04:51:58 2026
Writing: talsrcimg.4dfp.hdr
freesurfer analyzeto4dfp.c
Reading: talsrcimg.hdr
header size 348 bytes
hdr.dime.datatype	offset=70	value=2
hdr.dime.bitpix		offset=72	value=8
hdr.hist.orient		offset=252	value=-1
dimensionality     4
dimensions       256       256       256         1
Reading: talsrcimg.img
Writing: talsrcimg.4dfp.img
Writing: talsrcimg.4dfp.ifh
ifh2hdr talsrcimg -r0to251
ori=2

---------------------------------------------------------------------
gauss_4dfp talsrcimg 1.1
---------------------------------------------------------------------

freesurfer gauss_4dfp.c
Reading: talsrcimg.4dfp.img
Writing: talsrcimg_g11.4dfp.img
image dimensions 256 256 256 padded to 288 288 288
processing volume 1freesurfer ifh2hdr.c
Wed Mar 11 04:52:00 2026
Writing: talsrcimg_g11.4dfp.hdr

Writing: talsrcimg_g11.4dfp.ifh
including: talsrcimg.4dfp.img.rec in talsrcimg_g11.4dfp.img.rec

---------------------------------------------------------------------
imgreg_4dfp /opt/freesurfer/average/711-2C_as_mni_average_305 none talsrcimg_g11 none talsrcimg_to_711-2C_as_mni_average_305_t4 4355
---------------------------------------------------------------------

freesurfer imgreg_4dfp.c
/opt/freesurfer/average/711-2C_as_mni_average_305.4dfp.img
       256       256       256         1
  1.000000  1.000000  1.000000
orientation T byte_order littleendian
Reading image: /opt/freesurfer/average/711-2C_as_mni_average_305.4dfp.img
dimensions:      256       256       256
mmppix:       1.0000   -1.0000   -1.0000
center:     128.0000 -129.0000 -129.0000
talsrcimg_g11.4dfp.img
       256       256       256         1
  0.898437  0.898437  0.898437
orientation T byte_order littleendian
Reading image: talsrcimg_g11.4dfp.img
dimensions:      256       256       256
mmppix:       0.8984   -0.8984   -0.8984
center:     114.9999 -115.8984 -115.8984
t4_read: open error in t4_sub.f l:  41 t4_file(1:l)talsrcimg_to_711-2C_as_mni_average_305_t4 
t4_read: transform initialized to I4
rotation matrix determinant  1.000000
image alignment mode   4355 decimal     1103 hex
   -7.5000  -45.0000  -45.0000 6138.9185   15.0852
    0.0000  -45.0000  -45.0000 6239.4990   15.1007
    7.5000  -45.0000  -45.0000 5942.6699   15.0769
   -7.5000  -37.5000  -45.0000 6481.7769   16.0378
    0.0000  -37.5000  -45.0000 6580.8521   16.0546
    7.5000  -37.5000  -45.0000 6271.2715   16.0360
   -7.5000  -30.0000  -45.0000 6845.0132   16.5166
    0.0000  -30.0000  -45.0000 6955.5493   16.5353
    7.5000  -30.0000  -45.0000 6614.3735   16.5234
   -7.5000  -22.5000  -45.0000 7338.9077   16.4827
    0.0000  -22.5000  -45.0000 7448.7017   16.5025
    7.5000  -22.5000  -45.0000 7076.9126   16.4916
   -7.5000  -15.0000  -45.0000 7761.3906   16.4738
    0.0000  -15.0000  -45.0000 7858.7031   16.4932
    7.5000  -15.0000  -45.0000 7489.8125   16.4766
   -7.5000   -7.5000  -45.0000 7776.5142   16.5004
    0.0000   -7.5000  -45.0000 7869.3848   16.5186
    7.5000   -7.5000  -45.0000 7486.7339   16.4947
   -7.5000    0.0000  -45.0000 7689.7891   16.5367
    0.0000    0.0000  -45.0000 7783.9497   16.5536
    7.5000    0.0000  -45.0000 7419.0576   16.5275
   -7.5000    7.5000  -45.0000 7277.8853   16.5434
    0.0000    7.5000  -45.0000 7371.4360   16.5607
    7.5000    7.5000  -45.0000 7022.1172   16.5415
   -7.5000   15.0000  -45.0000 7077.5054   16.5174
    0.0000   15.0000  -45.0000 7178.1885   16.5361
    7.5000   15.0000  -45.0000 6822.0942   16.5242
   -7.5000   22.5000  -45.0000 6492.5229   16.3274
    0.0000   22.5000  -45.0000 6575.1499   16.3474
    7.5000   22.5000  -45.0000 6240.5498   16.3369
   -7.5000   30.0000  -45.0000 5962.4585   16.0890
    0.0000   30.0000  -45.0000 6041.3428   16.1094
    7.5000   30.0000  -45.0000 5712.4512   16.0949
   -7.5000   37.5000  -45.0000 5467.9014   15.8873
    0.0000   37.5000  -45.0000 5538.8179   15.9107
    7.5000   37.5000  -45.0000 5230.2285   15.8918
   -7.5000   45.0000  -45.0000 4951.1704   15.8259
    0.0000   45.0000  -45.0000 5016.4600   15.8502
    7.5000   45.0000  -45.0000 4751.0015   15.8339
   -7.5000  -45.0000  -37.5000 6673.8823   15.7963
    0.0000  -45.0000  -37.5000 6779.2285   15.8022
    7.5000  -45.0000  -37.5000 6462.1289   15.7715
   -7.5000  -37.5000  -37.5000 7034.3491   16.8027
    0.0000  -37.5000  -37.5000 7152.2881   16.8088
    7.5000  -37.5000  -37.5000 6806.8379   16.7821
   -7.5000  -30.0000  -37.5000 7428.0117   17.2776
    0.0000  -30.0000  -37.5000 7542.8809   17.2832
    7.5000  -30.0000  -37.5000 7187.2300   17.2636
   -7.5000  -22.5000  -37.5000 7939.3145   17.2435
    0.0000  -22.5000  -37.5000 8060.3921   17.2487
    7.5000  -22.5000  -37.5000 7653.8164   17.2317
   -7.5000  -15.0000  -37.5000 8409.3066   17.2327
    0.0000  -15.0000  -37.5000 8513.8584   17.2382
    7.5000  -15.0000  -37.5000 8089.1582   17.2162
   -7.5000   -7.5000  -37.5000 8414.8438   17.2578
    0.0000   -7.5000  -37.5000 8520.0215   17.2639
    7.5000   -7.5000  -37.5000 8089.6855   17.2339
   -7.5000    0.0000  -37.5000 8359.1406   17.2939
    0.0000    0.0000  -37.5000 8462.4570   17.3004
    7.5000    0.0000  -37.5000 8040.1836   17.2667
   -7.5000    7.5000  -37.5000 7915.6211   17.3017
    0.0000    7.5000  -37.5000 8008.0820   17.3080
    7.5000    7.5000  -37.5000 7619.3550   17.2805
   -7.5000   15.0000  -37.5000 7680.5190   17.2779
    0.0000   15.0000  -37.5000 7766.5195   17.2835
    7.5000   15.0000  -37.5000 7381.6499   17.2639
   -7.5000   22.5000  -37.5000 7019.8218   17.0855
    0.0000   22.5000  -37.5000 7096.3965   17.0908
    7.5000   22.5000  -37.5000 6741.2085   17.0736
   -7.5000   30.0000  -37.5000 6432.8979   16.8400
    0.0000   30.0000  -37.5000 6488.8174   16.8472
    7.5000   30.0000  -37.5000 6148.0552   16.8278
   -7.5000   37.5000  -37.5000 5908.8389   16.6238
    0.0000   37.5000  -37.5000 5945.9043   16.6358
    7.5000   37.5000  -37.5000 5627.4565   16.6111
   -7.5000   45.0000  -37.5000 5349.8076   16.5364
    0.0000   45.0000  -37.5000 5379.1250   16.5508
    7.5000   45.0000  -37.5000 5085.3413   16.5275
   -7.5000  -45.0000  -30.0000 7266.6021   16.4904
    0.0000  -45.0000  -30.0000 7367.3535   16.4928
    7.5000  -45.0000  -30.0000 7014.6470   16.4603
   -7.5000  -37.5000  -30.0000 7630.8687   17.5425
    0.0000  -37.5000  -30.0000 7752.3379   17.5429
    7.5000  -37.5000  -30.0000 7374.2554   17.5118
   -7.5000  -30.0000  -30.0000 8053.7686   18.0187
    0.0000  -30.0000  -30.0000 8176.0347   18.0190
    7.5000  -30.0000  -30.0000 7779.9395   17.9919
   -7.5000  -22.5000  -30.0000 8587.6973   17.9947
    0.0000  -22.5000  -30.0000 8710.8008   17.9972
    7.5000  -22.5000  -30.0000 8278.7266   17.9721
   -7.5000  -15.0000  -30.0000 9089.0850   17.9898
    0.0000  -15.0000  -30.0000 9212.0088   17.9946
    7.5000  -15.0000  -30.0000 8762.2041   17.9671
   -7.5000   -7.5000  -30.0000 9082.1465   18.0102
    0.0000   -7.5000  -30.0000 9192.0801   18.0147
    7.5000   -7.5000  -30.0000 8740.5400   17.9824
   -7.5000    0.0000  -30.0000 9019.2031   18.0352
    0.0000    0.0000  -30.0000 9112.5322   18.0377
    7.5000    0.0000  -30.0000 8689.1592   18.0021
   -7.5000    7.5000  -30.0000 8549.2373   18.0361
    0.0000    7.5000  -30.0000 8629.2480   18.0366
    7.5000    7.5000  -30.0000 8234.8652   18.0045
   -7.5000   15.0000  -30.0000 8293.3926   18.0174
    0.0000   15.0000  -30.0000 8354.9551   18.0177
    7.5000   15.0000  -30.0000 7972.1572   17.9905
   -7.5000   22.5000  -30.0000 7544.1519   17.8332
    0.0000   22.5000  -30.0000 7601.4009   17.8356
    7.5000   22.5000  -30.0000 7246.2065   17.8101
   -7.5000   30.0000  -30.0000 6879.6323   17.5948
    0.0000   30.0000  -30.0000 6916.4365   17.6013
    7.5000   30.0000  -30.0000 6600.0796   17.5759
   -7.5000   37.5000  -30.0000 6302.3550   17.3717
    0.0000   37.5000  -30.0000 6343.5737   17.3821
    7.5000   37.5000  -30.0000 6037.8521   17.3554
   -7.5000   45.0000  -30.0000 5699.9937   17.2704
    0.0000   45.0000  -30.0000 5722.4434   17.2811
    7.5000   45.0000  -30.0000 5434.0698   17.2556
   -7.5000  -45.0000  -22.5000 7834.0625   17.0748
    0.0000  -45.0000  -22.5000 7937.5659   17.0764
    7.5000  -45.0000  -22.5000 7565.9990   17.0450
   -7.5000  -37.5000  -22.5000 8233.5186   18.1733
    0.0000  -37.5000  -22.5000 8355.4707   18.1726
    7.5000  -37.5000  -22.5000 7965.5693   18.1402
   -7.5000  -30.0000  -22.5000 8702.3027   18.6484
    0.0000  -30.0000  -22.5000 8824.1758   18.6504
    7.5000  -30.0000  -22.5000 8398.2939   18.6194
   -7.5000  -22.5000  -22.5000 9276.4795   18.6281
    0.0000  -22.5000  -22.5000 9392.7490   18.6358
    7.5000  -22.5000  -22.5000 8928.6338   18.6061
   -7.5000  -15.0000  -22.5000 9828.0293   18.6248
    0.0000  -15.0000  -22.5000 9920.2803   18.6351
    7.5000  -15.0000  -22.5000 9431.3125   18.6056
   -7.5000   -7.5000  -22.5000 9792.7793   18.6428
    0.0000   -7.5000  -22.5000 9868.2363   18.6499
    7.5000   -7.5000  -22.5000 9411.5000   18.6185
   -7.5000    0.0000  -22.5000 9683.6123   18.6637
    0.0000    0.0000  -22.5000 9762.7432   18.6654
    7.5000    0.0000  -22.5000 9334.2012   18.6310
   -7.5000    7.5000  -22.5000 9162.8730   18.6615
    0.0000    7.5000  -22.5000 9240.8008   18.6609
    7.5000    7.5000  -22.5000 8826.5137   18.6276
   -7.5000   15.0000  -22.5000 8902.8008   18.6450
    0.0000   15.0000  -22.5000 8956.8936   18.6469
    7.5000   15.0000  -22.5000 8559.6660   18.6159
   -7.5000   22.5000  -22.5000 8081.3618   18.4615
    0.0000   22.5000  -22.5000 8123.9209   18.4692
    7.5000   22.5000  -22.5000 7766.9219   18.4396
   -7.5000   30.0000  -22.5000 7338.1167   18.2304
    0.0000   30.0000  -22.5000 7372.2393   18.2416
    7.5000   30.0000  -22.5000 7036.1201   18.2132
   -7.5000   37.5000  -22.5000 6700.2529   18.0059
    0.0000   37.5000  -22.5000 6734.1465   18.0185
    7.5000   37.5000  -22.5000 6422.7129   17.9928
   -7.5000   45.0000  -22.5000 6031.0264   17.9162
    0.0000   45.0000  -22.5000 6050.5557   17.9257
    7.5000   45.0000  -22.5000 5770.7627   17.9005
   -7.5000  -45.0000  -15.0000 8412.1934   17.6321
    0.0000  -45.0000  -15.0000 8514.5479   17.6378
    7.5000  -45.0000  -15.0000 8105.5747   17.6085
   -7.5000  -37.5000  -15.0000 8848.0742   18.7640
    0.0000  -37.5000  -15.0000 8952.2246   18.7695
    7.5000  -37.5000  -15.0000 8532.2930   18.7407
   -7.5000  -30.0000  -15.0000 9335.9102   19.2311
    0.0000  -30.0000  -15.0000 9443.5264   19.2411
    7.5000  -30.0000  -15.0000 8992.0400   19.2144
   -7.5000  -22.5000  -15.0000 9948.5186   19.2050
    0.0000  -22.5000  -15.000010044.9502   19.2209
    7.5000  -22.5000  -15.0000 9565.7939   19.1945
   -7.5000  -15.0000  -15.000010530.8330   19.2028
    0.0000  -15.0000  -15.000010621.6475   19.2193
    7.5000  -15.0000  -15.000010092.7988   19.1917
   -7.5000   -7.5000  -15.000010475.3203   19.2271
    0.0000   -7.5000  -15.000010569.0840   19.2389
    7.5000   -7.5000  -15.000010058.7881   19.2087
   -7.5000    0.0000  -15.000010342.6064   19.2542
    0.0000    0.0000  -15.000010424.4902   19.2604
    7.5000    0.0000  -15.0000 9953.9150   19.2283
   -7.5000    7.5000  -15.0000 9752.2881   19.2494
    0.0000    7.5000  -15.0000 9815.3584   19.2551
    7.5000    7.5000  -15.0000 9379.7900   19.2256
   -7.5000   15.0000  -15.0000 9451.4180   19.2259
    0.0000   15.0000  -15.0000 9482.6924   19.2359
    7.5000   15.0000  -15.0000 9097.1084   19.2093
   -7.5000   22.5000  -15.0000 8581.8486   19.0317
    0.0000   22.5000  -15.0000 8579.6777   19.0478
    7.5000   22.5000  -15.0000 8241.2861   19.0223
   -7.5000   30.0000  -15.0000 7814.3462   18.8078
    0.0000   30.0000  -15.0000 7785.6787   18.8246
    7.5000   30.0000  -15.0000 7481.4980   18.7979
   -7.5000   37.5000  -15.0000 7108.3623   18.5959
    0.0000   37.5000  -15.0000 7122.7231   18.6130
    7.5000   37.5000  -15.0000 6814.4692   18.5888
   -7.5000   45.0000  -15.0000 6379.5483   18.5267
    0.0000   45.0000  -15.0000 6384.9204   18.5405
    7.5000   45.0000  -15.0000 6095.4883   18.5177
   -7.5000  -45.0000   -7.5000 8724.5928   17.6412
    0.0000  -45.0000   -7.5000 8837.2393   17.6516
    7.5000  -45.0000   -7.5000 8408.0127   17.6229
   -7.5000  -37.5000   -7.5000 9172.9727   18.7784
    0.0000  -37.5000   -7.5000 9307.8633   18.7903
    7.5000  -37.5000   -7.5000 8839.2324   18.7656
   -7.5000  -30.0000   -7.5000 9647.3779   19.2405
    0.0000  -30.0000   -7.5000 9794.1416   19.2561
    7.5000  -30.0000   -7.5000 9288.7432   19.2368
   -7.5000  -22.5000   -7.500010277.2334   19.2043
    0.0000  -22.5000   -7.500010416.5752   19.2229
    7.5000  -22.5000   -7.5000 9865.0156   19.2042
   -7.5000  -15.0000   -7.500010891.1748   19.1965
    0.0000  -15.0000   -7.500011030.1289   19.2141
    7.5000  -15.0000   -7.500010433.2275   19.1906
   -7.5000   -7.5000   -7.500010874.5293   19.2258
    0.0000   -7.5000   -7.500011020.2920   19.2399
    7.5000   -7.5000   -7.500010426.3057   19.2105
   -7.5000    0.0000   -7.500010715.5742   19.2640
    0.0000    0.0000   -7.500010850.6074   19.2753
    7.5000    0.0000   -7.500010278.3486   19.2440
   -7.5000    7.5000   -7.500010065.5430   19.2642
    0.0000    7.5000   -7.500010158.4863   19.2764
    7.5000    7.5000   -7.5000 9640.6133   19.2510
   -7.5000   15.0000   -7.5000 9739.6426   19.2353
    0.0000   15.0000   -7.5000 9766.7676   19.2509
    7.5000   15.0000   -7.5000 9323.5293   19.2316
   -7.5000   22.5000   -7.5000 8847.8018   19.0276
    0.0000   22.5000   -7.5000 8836.9111   19.0467
    7.5000   22.5000   -7.5000 8468.1777   19.0289
   -7.5000   30.0000   -7.5000 8062.0474   18.7975
    0.0000   30.0000   -7.5000 8006.1089   18.8155
    7.5000   30.0000   -7.5000 7688.5000   18.7934
   -7.5000   37.5000   -7.5000 7338.0903   18.5934
    0.0000   37.5000   -7.5000 7317.4780   18.6130
    7.5000   37.5000   -7.5000 7002.0273   18.5895
   -7.5000   45.0000   -7.5000 6581.3691   18.5296
    0.0000   45.0000   -7.5000 6568.3486   18.5486
    7.5000   45.0000   -7.5000 6260.6436   18.5273
   -7.5000  -45.0000    0.0000 8872.9717   18.1082
    0.0000  -45.0000    0.0000 8992.3350   18.1193
    7.5000  -45.0000    0.0000 8546.0469   18.0879
   -7.5000  -37.5000    0.0000 9320.8848   19.2724
    0.0000  -37.5000    0.0000 9476.4209   19.2853
    7.5000  -37.5000    0.0000 8981.3672   19.2598
   -7.5000  -30.0000    0.0000 9811.2363   19.7321
    0.0000  -30.0000    0.0000 9996.7627   19.7465
    7.5000  -30.0000    0.0000 9449.6719   19.7298
   -7.5000  -22.5000    0.000010442.3350   19.6883
    0.0000  -22.5000    0.000010608.5557   19.7028
    7.5000  -22.5000    0.000010014.7930   19.6883
   -7.5000  -15.0000    0.000011038.1162   19.6754
    0.0000  -15.0000    0.000011218.3652   19.6885
    7.5000  -15.0000    0.000010562.7480   19.6671
   -7.5000   -7.5000    0.000011058.5576   19.7078
    0.0000   -7.5000    0.000011251.0713   19.7200
    7.5000   -7.5000    0.000010560.5732   19.6890
   -7.5000    0.0000    0.000010895.7861   19.7544
    0.0000    0.0000    0.000011066.3115   19.7664
    7.5000    0.0000    0.000010409.9004   19.7321
   -7.5000    7.5000    0.000010196.5830   19.7578
    0.0000    7.5000    0.000010324.4551   19.7711
    7.5000    7.5000    0.0000 9740.2217   19.7450
   -7.5000   15.0000    0.0000 9843.5293   19.7261
    0.0000   15.0000    0.0000 9914.0928   19.7405
    7.5000   15.0000    0.0000 9404.4492   19.7237
   -7.5000   22.5000    0.0000 8980.0586   19.5109
    0.0000   22.5000    0.0000 9011.8945   19.5256
    7.5000   22.5000    0.0000 8563.5635   19.5115
   -7.5000   30.0000    0.0000 8173.4072   19.2752
    0.0000   30.0000    0.0000 8186.7686   19.2896
    7.5000   30.0000    0.0000 7777.7510   19.2706
   -7.5000   37.5000    0.0000 7432.6245   19.0827
    0.0000   37.5000    0.0000 7451.0010   19.1011
    7.5000   37.5000    0.0000 7068.5420   19.0759
   -7.5000   45.0000    0.0000 6647.4492   19.0301
    0.0000   45.0000    0.0000 6673.0820   19.0506
    7.5000   45.0000    0.0000 6317.2715   19.0276
   -7.5000  -45.0000    7.5000 8649.7549   18.1233
    0.0000  -45.0000    7.5000 8796.8975   18.1299
    7.5000  -45.0000    7.5000 8321.5547   18.0956
   -7.5000  -37.5000    7.5000 9089.0625   19.2874
    0.0000  -37.5000    7.5000 9260.6582   19.2942
    7.5000  -37.5000    7.5000 8754.7588   19.2646
   -7.5000  -30.0000    7.5000 9609.6377   19.7524
    0.0000  -30.0000    7.5000 9813.1074   19.7587
    7.5000  -30.0000    7.5000 9247.4209   19.7371
   -7.5000  -22.5000    7.500010262.4707   19.7147
    0.0000  -22.5000    7.500010485.8037   19.7205
    7.5000  -22.5000    7.5000 9865.2354   19.7015
   -7.5000  -15.0000    7.500010826.2158   19.7031
    0.0000  -15.0000    7.500011079.9033   19.7091
    7.5000  -15.0000    7.500010349.1826   19.6842
   -7.5000   -7.5000    7.500010805.7422   19.7310
    0.0000   -7.5000    7.500011059.7998   19.7376
    7.5000   -7.5000    7.500010284.0498   19.7039
   -7.5000    0.0000    7.500010608.4229   19.7708
    0.0000    0.0000    7.500010853.6826   19.7780
    7.5000    0.0000    7.500010102.4990   19.7404
   -7.5000    7.5000    7.5000 9917.5117   19.7732
    0.0000    7.5000    7.500010121.1611   19.7802
    7.5000    7.5000    7.5000 9454.8994   19.7498
   -7.5000   15.0000    7.5000 9560.3799   19.7466
    0.0000   15.0000    7.5000 9706.8799   19.7529
    7.5000   15.0000    7.5000 9125.7324   19.7313
   -7.5000   22.5000    7.5000 8729.4463   19.5415
    0.0000   22.5000    7.5000 8838.6230   19.5473
    7.5000   22.5000    7.5000 8295.6904   19.5281
   -7.5000   30.0000    7.5000 7961.0410   19.3038
    0.0000   30.0000    7.5000 8042.1235   19.3119
    7.5000   30.0000    7.5000 7568.5898   19.2898
   -7.5000   37.5000    7.5000 7235.5151   19.1064
    0.0000   37.5000    7.5000 7309.9644   19.1197
    7.5000   37.5000    7.5000 6886.4609   19.0917
   -7.5000   45.0000    7.5000 6462.2178   19.0454
    0.0000   45.0000    7.5000 6519.1899   19.0616
    7.5000   45.0000    7.5000 6156.2378   19.0357
   -7.5000  -45.0000   15.0000 8732.3711   18.1167
    0.0000  -45.0000   15.0000 8848.5771   18.1192
    7.5000  -45.0000   15.0000 8392.5186   18.0839
   -7.5000  -37.5000   15.0000 9134.7461   19.2768
    0.0000  -37.5000   15.0000 9264.2764   19.2774
    7.5000  -37.5000   15.0000 8802.8770   19.2436
   -7.5000  -30.0000   15.0000 9689.7207   19.7485
    0.0000  -30.0000   15.0000 9930.6562   19.7490
    7.5000  -30.0000   15.0000 9353.8887   19.7197
   -7.5000  -22.5000   15.000010449.9072   19.7213
    0.0000  -22.5000   15.000010876.8281   19.7242
    7.5000  -22.5000   15.000010099.6377   19.6971
   -7.5000  -15.0000   15.000011111.0293   19.7141
    0.0000  -15.0000   15.000011597.7998   19.7193
    7.5000  -15.0000   15.000010652.2275   19.6895
   -7.5000   -7.5000   15.000011008.7695   19.7356
    0.0000   -7.5000   15.000011409.2861   19.7404
    7.5000   -7.5000   15.000010490.2656   19.7053
   -7.5000    0.0000   15.000010780.4092   19.7637
    0.0000    0.0000   15.000011095.3711   19.7664
    7.5000    0.0000   15.000010238.5439   19.7278
   -7.5000    7.5000   15.000010012.3828   19.7623
    0.0000    7.5000   15.000010244.0928   19.7629
    7.5000    7.5000   15.0000 9522.0254   19.7283
   -7.5000   15.0000   15.0000 9613.5508   19.7427
    0.0000   15.0000   15.0000 9784.7705   19.7432
    7.5000   15.0000   15.0000 9152.6533   19.7139
   -7.5000   22.5000   15.0000 8773.7441   19.5513
    0.0000   22.5000   15.0000 8897.0742   19.5540
    7.5000   22.5000   15.0000 8330.3164   19.5266
   -7.5000   30.0000   15.0000 8000.5566   19.3192
    0.0000   30.0000   15.0000 8103.1426   19.3262
    7.5000   30.0000   15.0000 7606.0049   19.2986
   -7.5000   37.5000   15.0000 7243.8442   19.1119
    0.0000   37.5000   15.0000 7331.2700   19.1232
    7.5000   37.5000   15.0000 6901.5576   19.0940
   -7.5000   45.0000   15.0000 6479.0820   19.0448
    0.0000   45.0000   15.0000 6559.2383   19.0564
    7.5000   45.0000   15.0000 6169.2930   19.0286
   -7.5000  -45.0000   22.5000 8356.4521   18.2077
    0.0000  -45.0000   22.5000 8493.9814   18.2095
    7.5000  -45.0000   22.5000 8040.8315   18.1756
   -7.5000  -37.5000   22.5000 8754.5605   19.3698
    0.0000  -37.5000   22.5000 8887.3369   19.3693
    7.5000  -37.5000   22.5000 8417.5762   19.3345
   -7.5000  -30.0000   22.5000 9285.0322   19.8449
    0.0000  -30.0000   22.5000 9535.7324   19.8472
    7.5000  -30.0000   22.5000 8944.9434   19.8141
   -7.5000  -22.5000   22.5000 9983.7686   19.8227
    0.0000  -22.5000   22.500010455.2471   19.8310
    7.5000  -22.5000   22.5000 9632.6318   19.7992
   -7.5000  -15.0000   22.500010586.6016   19.8199
    0.0000  -15.0000   22.500011099.8877   19.8309
    7.5000  -15.0000   22.500010172.0381   19.7991
   -7.5000   -7.5000   22.500010496.4443   19.8402
    0.0000   -7.5000   22.500010917.4121   19.8478
    7.5000   -7.5000   22.500010048.7227   19.8139
   -7.5000    0.0000   22.500010313.6162   19.8630
    0.0000    0.0000   22.500010605.3330   19.8649
    7.5000    0.0000   22.5000 9812.5527   19.8279
   -7.5000    7.5000   22.5000 9544.9131   19.8578
    0.0000    7.5000   22.5000 9746.3594   19.8572
    7.5000    7.5000   22.5000 9102.5146   19.8216
   -7.5000   15.0000   22.5000 9130.0977   19.8390
    0.0000   15.0000   22.5000 9267.5811   19.8413
    7.5000   15.0000   22.5000 8698.0811   19.8081
   -7.5000   22.5000   22.5000 8325.1191   19.6516
    0.0000   22.5000   22.5000 8401.7646   19.6598
    7.5000   22.5000   22.5000 7921.5391   19.6282
   -7.5000   30.0000   22.5000 7586.2129   19.4281
    0.0000   30.0000   22.5000 7655.8228   19.4399
    7.5000   30.0000   22.5000 7229.5527   19.4094
   -7.5000   37.5000   22.5000 6866.6914   19.2178
    0.0000   37.5000   22.5000 6924.7861   19.2313
    7.5000   37.5000   22.5000 6559.0986   19.2034
   -7.5000   45.0000   22.5000 6140.7480   19.1569
    0.0000   45.0000   22.5000 6193.8838   19.1670
    7.5000   45.0000   22.5000 5860.1226   19.1398
   -7.5000  -45.0000   30.0000 7926.7896   18.2309
    0.0000  -45.0000   30.0000 8056.6060   18.2368
    7.5000  -45.0000   30.0000 7643.3589   18.2060
   -7.5000  -37.5000   30.0000 8326.8672   19.4021
    0.0000  -37.5000   30.0000 8427.2480   19.4080
    7.5000  -37.5000   30.0000 7988.5825   19.3779
   -7.5000  -30.0000   30.0000 8832.7275   19.8756
    0.0000  -30.0000   30.0000 8992.2666   19.8864
    7.5000  -30.0000   30.0000 8490.5684   19.8584
   -7.5000  -22.5000   30.0000 9430.4609   19.8485
    0.0000  -22.5000   30.0000 9670.3887   19.8652
    7.5000  -22.5000   30.0000 9095.8633   19.8373
   -7.5000  -15.0000   30.0000 9933.0176   19.8465
    0.0000  -15.0000   30.000010154.8701   19.8638
    7.5000  -15.0000   30.0000 9568.2764   19.8344
   -7.5000   -7.5000   30.0000 9893.7979   19.8723
    0.0000   -7.5000   30.000010069.8564   19.8845
    7.5000   -7.5000   30.0000 9508.8701   19.8525
   -7.5000    0.0000   30.0000 9788.3682   19.9005
    0.0000    0.0000   30.0000 9921.4766   19.9069
    7.5000    0.0000   30.0000 9358.5752   19.8732
   -7.5000    7.5000   30.0000 9077.6045   19.8943
    0.0000    7.5000   30.0000 9197.9160   19.9003
    7.5000    7.5000   30.0000 8688.3320   19.8695
   -7.5000   15.0000   30.0000 8632.5479   19.8693
    0.0000   15.0000   30.0000 8736.7061   19.8801
    7.5000   15.0000   30.0000 8254.8125   19.8521
   -7.5000   22.5000   30.0000 7857.2866   19.6716
    0.0000   22.5000   30.0000 7936.4629   19.6886
    7.5000   22.5000   30.0000 7497.7383   19.6616
   -7.5000   30.0000   30.0000 7135.9106   19.4644
    0.0000   30.0000   30.0000 7221.9170   19.4819
    7.5000   30.0000   30.0000 6822.5117   19.4534
   -7.5000   37.5000   30.0000 6436.8125   19.2712
    0.0000   37.5000   30.0000 6524.9258   19.2889
    7.5000   37.5000   30.0000 6180.9561   19.2632
   -7.5000   45.0000   30.0000 5745.0063   19.2257
    0.0000   45.0000   30.0000 5808.4663   19.2402
    7.5000   45.0000   30.0000 5500.6411   19.2160
   -7.5000  -45.0000   37.5000 7462.0488   18.2163
    0.0000  -45.0000   37.5000 7542.1357   18.2266
    7.5000  -45.0000   37.5000 7190.7783   18.1954
   -7.5000  -37.5000   37.5000 7861.0396   19.3940
    0.0000  -37.5000   37.5000 7907.0322   19.4055
    7.5000  -37.5000   37.5000 7541.2754   19.3789
   -7.5000  -30.0000   37.5000 8318.8730   19.8481
    0.0000  -30.0000   37.5000 8411.3818   19.8633
    7.5000  -30.0000   37.5000 7998.8633   19.8417
   -7.5000  -22.5000   37.5000 8853.5771   19.8111
    0.0000  -22.5000   37.5000 8993.4072   19.8293
    7.5000  -22.5000   37.5000 8540.4824   19.8071
   -7.5000  -15.0000   37.5000 9310.7480   19.8055
    0.0000  -15.0000   37.5000 9415.0264   19.8229
    7.5000  -15.0000   37.5000 8961.1709   19.7952
   -7.5000   -7.5000   37.5000 9283.4561   19.8378
    0.0000   -7.5000   37.5000 9369.1426   19.8517
    7.5000   -7.5000   37.5000 8917.1475   19.8185
   -7.5000    0.0000   37.5000 9201.4668   19.8770
    0.0000    0.0000   37.5000 9266.8848   19.8881
    7.5000    0.0000   37.5000 8821.4678   19.8541
   -7.5000    7.5000   37.5000 8559.9424   19.8737
    0.0000    7.5000   37.5000 8632.9727   19.8855
    7.5000    7.5000   37.5000 8202.2529   19.8582
   -7.5000   15.0000   37.5000 8152.9800   19.8415
    0.0000   15.0000   37.5000 8204.1943   19.8567
    7.5000   15.0000   37.5000 7798.4844   19.8351
   -7.5000   22.5000   37.5000 7405.1587   19.6252
    0.0000   22.5000   37.5000 7456.3081   19.6439
    7.5000   22.5000   37.5000 7071.2886   19.6227
   -7.5000   30.0000   37.5000 6722.8960   19.4099
    0.0000   30.0000   37.5000 6805.7051   19.4276
    7.5000   30.0000   37.5000 6432.1450   19.4014
   -7.5000   37.5000   37.5000 6040.0801   19.2099
    0.0000   37.5000   37.5000 6122.1294   19.2299
    7.5000   37.5000   37.5000 5793.1631   19.2031
   -7.5000   45.0000   37.5000 5356.4092   19.1568
    0.0000   45.0000   37.5000 5428.8726   19.1764
    7.5000   45.0000   37.5000 5139.4185   19.1531
   -7.5000  -45.0000   45.0000 6949.4854   18.3227
    0.0000  -45.0000   45.0000 7003.8911   18.3318
    7.5000  -45.0000   45.0000 6698.7100   18.2936
   -7.5000  -37.5000   45.0000 7322.5981   19.5054
    0.0000  -37.5000   45.0000 7393.2090   19.5155
    7.5000  -37.5000   45.0000 7053.6099   19.4848
   -7.5000  -30.0000   45.0000 7745.8853   19.9350
    0.0000  -30.0000   45.0000 7854.9180   19.9458
    7.5000  -30.0000   45.0000 7487.7935   19.9233
   -7.5000  -22.5000   45.0000 8249.9453   19.8923
    0.0000  -22.5000   45.0000 8344.0771   19.9032
    7.5000  -22.5000   45.0000 7953.9668   19.8804
   -7.5000  -15.0000   45.0000 8680.5420   19.8891
    0.0000  -15.0000   45.0000 8734.9248   19.8993
    7.5000  -15.0000   45.0000 8340.3809   19.8677
   -7.5000   -7.5000   45.0000 8659.7510   19.9301
    0.0000   -7.5000   45.0000 8710.4912   19.9400
    7.5000   -7.5000   45.0000 8307.9932   19.8993
   -7.5000    0.0000   45.0000 8592.8271   19.9757
    0.0000    0.0000   45.0000 8645.5596   19.9857
    7.5000    0.0000   45.0000 8234.4980   19.9440
   -7.5000    7.5000   45.0000 8025.4199   19.9685
    0.0000    7.5000   45.0000 8074.0771   19.9789
    7.5000    7.5000   45.0000 7678.9824   19.9474
   -7.5000   15.0000   45.0000 7654.3750   19.9275
    0.0000   15.0000   45.0000 7684.7534   19.9383
    7.5000   15.0000   45.0000 7314.7046   19.9158
   -7.5000   22.5000   45.0000 6941.8618   19.6870
    0.0000   22.5000   45.0000 6987.6460   19.6980
    7.5000   22.5000   45.0000 6620.8154   19.6757
   -7.5000   30.0000   45.0000 6294.7993   19.4529
    0.0000   30.0000   45.0000 6379.3804   19.4644
    7.5000   30.0000   45.0000 6029.5151   19.4354
   -7.5000   37.5000   45.0000 5636.6523   19.2362
    0.0000   37.5000   45.0000 5703.8999   19.2522
    7.5000   37.5000   45.0000 5404.0649   19.2176
   -7.5000   45.0000   45.0000 4988.5967   19.1711
    0.0000   45.0000   45.0000 5042.8081   19.1895
    7.5000   45.0000   45.0000 4772.6533   19.1597

---------------------------------------------------------------------
imgreg_4dfp /opt/freesurfer/average/711-2C_as_mni_average_305 /opt/freesurfer/average/711-2B_as_mni_average_305_mask talsrcimg_g11 none talsrcimg_to_711-2C_as_mni_average_305_t4 4355
---------------------------------------------------------------------

freesurfer imgreg_4dfp.c
/opt/freesurfer/average/711-2C_as_mni_average_305.4dfp.img
       256       256       256         1
  1.000000  1.000000  1.000000
orientation T byte_order littleendian
Reading image: /opt/freesurfer/average/711-2C_as_mni_average_305.4dfp.img
dimensions:      256       256       256
mmppix:       1.0000   -1.0000   -1.0000
center:     128.0000 -129.0000 -129.0000
/opt/freesurfer/average/711-2B_as_mni_average_305_mask.4dfp.img
       256       256       256         1
  1.000000  1.000000  1.000000
orientation T byte_order littleendian
Reading mask: /opt/freesurfer/average/711-2B_as_mni_average_305_mask.4dfp.img (2306576 pixels)
talsrcimg_g11.4dfp.img
       256       256       256         1
  0.898437  0.898437  0.898437
orientation T byte_order littleendian
Reading image: talsrcimg_g11.4dfp.img
dimensions:      256       256       256
mmppix:       0.8984   -0.8984   -0.8984
center:     114.9999 -115.8984 -115.8984
rotation matrix determinant  1.000000
image alignment mode   4355 decimal     1103 hex
   -7.5000  -60.0000  -30.0000 2090.4910   19.2799
    0.0000  -60.0000  -30.0000 2106.5884   19.1576
    7.5000  -60.0000  -30.0000 2091.4761   19.1844
   -7.5000  -52.5000  -30.0000 2182.7188   17.6525
    0.0000  -52.5000  -30.0000 2206.5315   17.5046
    7.5000  -52.5000  -30.0000 2187.2786   17.5716
   -7.5000  -45.0000  -30.0000 2274.2356   16.6761
    0.0000  -45.0000  -30.0000 2300.0862   16.5239
    7.5000  -45.0000  -30.0000 2282.7256   16.5835
   -7.5000  -37.5000  -30.0000 2308.1184   15.9744
    0.0000  -37.5000  -30.0000 2338.6760   15.7917
    7.5000  -37.5000  -30.0000 2323.7795   15.8761
   -7.5000  -30.0000  -30.0000 2327.3037   15.4980
    0.0000  -30.0000  -30.0000 2361.5312   15.3185
    7.5000  -30.0000  -30.0000 2342.9009   15.4144
   -7.5000  -22.5000  -30.0000 2334.0588   15.2846
    0.0000  -22.5000  -30.0000 2364.5566   15.0957
    7.5000  -22.5000  -30.0000 2348.1216   15.2223
   -7.5000  -15.0000  -30.0000 2332.2156   15.4378
    0.0000  -15.0000  -30.0000 2362.3950   15.2027
    7.5000  -15.0000  -30.0000 2344.8953   15.3374
   -7.5000   -7.5000  -30.0000 2306.9602   15.9049
    0.0000   -7.5000  -30.0000 2339.1028   15.6933
    7.5000   -7.5000  -30.0000 2319.4197   15.8106
   -7.5000    0.0000  -30.0000 2259.5950   16.6709
    0.0000    0.0000  -30.0000 2286.3994   16.4450
    7.5000    0.0000  -30.0000 2272.3259   16.5931
   -7.5000    7.5000  -30.0000 2195.8542   17.6001
    0.0000    7.5000  -30.0000 2223.1775   17.3843
    7.5000    7.5000  -30.0000 2208.3721   17.5710
   -7.5000   15.0000  -30.0000 2109.8789   18.8582
    0.0000   15.0000  -30.0000 2136.0515   18.6489
    7.5000   15.0000  -30.0000 2121.6609   18.8056
   -7.5000   22.5000  -30.0000 2004.2186   20.6346
    0.0000   22.5000  -30.0000 2030.3488   20.4451
    7.5000   22.5000  -30.0000 2018.0334   20.5885
   -7.5000   30.0000  -30.0000 1892.1882   23.2196
    0.0000   30.0000  -30.0000 1915.0525   22.9701
    7.5000   30.0000  -30.0000 1894.7445   23.1296
   -7.5000  -60.0000  -22.5000 2207.3782   18.7054
    0.0000  -60.0000  -22.5000 2233.0776   18.5572
    7.5000  -60.0000  -22.5000 2211.4644   18.5670
   -7.5000  -52.5000  -22.5000 2309.2566   17.0712
    0.0000  -52.5000  -22.5000 2332.8042   16.9315
    7.5000  -52.5000  -22.5000 2313.0649   16.9841
   -7.5000  -45.0000  -22.5000 2401.9004   16.0898
    0.0000  -45.0000  -22.5000 2429.4343   15.9151
    7.5000  -45.0000  -22.5000 2417.0134   15.9918
   -7.5000  -37.5000  -22.5000 2447.5125   15.3036
    0.0000  -37.5000  -22.5000 2476.9331   15.1333
    7.5000  -37.5000  -22.5000 2468.9202   15.2210
   -7.5000  -30.0000  -22.5000 2479.2817   14.8196
    0.0000  -30.0000  -22.5000 2509.6143   14.6167
    7.5000  -30.0000  -22.5000 2495.3879   14.7517
   -7.5000  -22.5000  -22.5000 2483.3848   14.6699
    0.0000  -22.5000  -22.5000 2514.1633   14.4679
    7.5000  -22.5000  -22.5000 2493.1030   14.6205
   -7.5000  -15.0000  -22.5000 2479.5315   14.8117
    0.0000  -15.0000  -22.5000 2505.0659   14.6108
    7.5000  -15.0000  -22.5000 2485.8892   14.7681
   -7.5000   -7.5000  -22.5000 2452.7034   15.2461
    0.0000   -7.5000  -22.5000 2481.7759   15.0325
    7.5000   -7.5000  -22.5000 2466.0308   15.1908
   -7.5000    0.0000  -22.5000 2403.2100   15.8953
    0.0000    0.0000  -22.5000 2435.8357   15.6618
    7.5000    0.0000  -22.5000 2419.2344   15.8258
   -7.5000    7.5000  -22.5000 2331.1465   16.7584
    0.0000    7.5000  -22.5000 2363.7112   16.5365
    7.5000    7.5000  -22.5000 2345.2173   16.7092
   -7.5000   15.0000  -22.5000 2240.9143   17.9523
    0.0000   15.0000  -22.5000 2273.5684   17.7350
    7.5000   15.0000  -22.5000 2254.3137   17.9002
   -7.5000   22.5000  -22.5000 2131.9990   19.6310
    0.0000   22.5000  -22.5000 2158.2190   19.3904
    7.5000   22.5000  -22.5000 2144.0225   19.5598
   -7.5000   30.0000  -22.5000 2008.5112   21.9848
    0.0000   30.0000  -22.5000 2032.0212   21.7375
    7.5000   30.0000  -22.5000 2009.8475   21.8444
   -7.5000  -60.0000  -15.0000 2289.5205   17.9892
    0.0000  -60.0000  -15.0000 2321.6909   17.8641
    7.5000  -60.0000  -15.0000 2299.3218   17.9197
   -7.5000  -52.5000  -15.0000 2393.6299   16.3709
    0.0000  -52.5000  -15.0000 2422.0852   16.2343
    7.5000  -52.5000  -15.0000 2403.9116   16.3205
   -7.5000  -45.0000  -15.0000 2493.5190   15.3791
    0.0000  -45.0000  -15.0000 2517.4092   15.1953
    7.5000  -45.0000  -15.0000 2508.2280   15.2979
   -7.5000  -37.5000  -15.0000 2554.9893   14.5286
    0.0000  -37.5000  -15.0000 2581.0334   14.3774
    7.5000  -37.5000  -15.0000 2577.6833   14.4453
   -7.5000  -30.0000  -15.0000 2592.4966   14.0226
    0.0000  -30.0000  -15.0000 2621.7983   13.8600
    7.5000  -30.0000  -15.0000 2613.1096   13.9576
   -7.5000  -22.5000  -15.0000 2604.3247   13.8568
    0.0000  -22.5000  -15.0000 2634.0837   13.6939
    7.5000  -22.5000  -15.0000 2617.5400   13.8440
   -7.5000  -15.0000  -15.0000 2602.6726   14.0222
    0.0000  -15.0000  -15.0000 2631.9221   13.8489
    7.5000  -15.0000  -15.0000 2611.6748   14.0039
   -7.5000   -7.5000  -15.0000 2576.1960   14.4733
    0.0000   -7.5000  -15.0000 2612.4077   14.2668
    7.5000   -7.5000  -15.0000 2590.8479   14.4271
   -7.5000    0.0000  -15.0000 2525.7825   15.0565
    0.0000    0.0000  -15.0000 2562.5933   14.8584
    7.5000    0.0000  -15.0000 2539.4934   15.0160
   -7.5000    7.5000  -15.0000 2450.2507   15.8367
    0.0000    7.5000  -15.0000 2486.8484   15.6464
    7.5000    7.5000  -15.0000 2463.2310   15.8132
   -7.5000   15.0000  -15.0000 2349.8623   16.9855
    0.0000   15.0000  -15.0000 2383.7053   16.7680
    7.5000   15.0000  -15.0000 2365.5371   16.9098
   -7.5000   22.5000  -15.0000 2233.3987   18.5491
    0.0000   22.5000  -15.0000 2258.4341   18.3512
    7.5000   22.5000  -15.0000 2244.4219   18.5211
   -7.5000   30.0000  -15.0000 2106.3420   20.7429
    0.0000   30.0000  -15.0000 2123.3638   20.4758
    7.5000   30.0000  -15.0000 2108.0889   20.6138
   -7.5000  -60.0000   -7.5000 2326.7788   17.2227
    0.0000  -60.0000   -7.5000 2355.4341   17.0737
    7.5000  -60.0000   -7.5000 2338.8398   17.1688
   -7.5000  -52.5000   -7.5000 2430.9810   15.5909
    0.0000  -52.5000   -7.5000 2459.6655   15.4528
    7.5000  -52.5000   -7.5000 2449.2058   15.5379
   -7.5000  -45.0000   -7.5000 2543.8684   14.5899
    0.0000  -45.0000   -7.5000 2570.3892   14.4196
    7.5000  -45.0000   -7.5000 2560.7854   14.5314
   -7.5000  -37.5000   -7.5000 2618.5176   13.7082
    0.0000  -37.5000   -7.5000 2649.4141   13.5870
    7.5000  -37.5000   -7.5000 2640.7964   13.6710
   -7.5000  -30.0000   -7.5000 2662.3872   13.1557
    0.0000  -30.0000   -7.5000 2694.0322   13.0362
    7.5000  -30.0000   -7.5000 2683.6199   13.1401
   -7.5000  -22.5000   -7.5000 2687.5188   12.9676
    0.0000  -22.5000   -7.5000 2720.5042   12.8269
    7.5000  -22.5000   -7.5000 2698.7881   12.9469
   -7.5000  -15.0000   -7.5000 2699.5171   13.1287
    0.0000  -15.0000   -7.5000 2730.6858   12.9830
    7.5000  -15.0000   -7.5000 2705.5103   13.0984
   -7.5000   -7.5000   -7.5000 2676.0542   13.5845
    0.0000   -7.5000   -7.5000 2716.6052   13.4170
    7.5000   -7.5000   -7.5000 2687.3958   13.5415
   -7.5000    0.0000   -7.5000 2615.0027   14.1726
    0.0000    0.0000   -7.5000 2658.4141   14.0049
    7.5000    0.0000   -7.5000 2630.0911   14.1511
   -7.5000    7.5000   -7.5000 2538.3486   14.9118
    0.0000    7.5000   -7.5000 2574.9062   14.7517
    7.5000    7.5000   -7.5000 2549.7656   14.8952
   -7.5000   15.0000   -7.5000 2434.1167   15.9883
    0.0000   15.0000   -7.5000 2466.0791   15.8000
    7.5000   15.0000   -7.5000 2444.5049   15.9512
   -7.5000   22.5000   -7.5000 2306.1033   17.4947
    0.0000   22.5000   -7.5000 2332.3250   17.3016
    7.5000   22.5000   -7.5000 2319.3184   17.4611
   -7.5000   30.0000   -7.5000 2171.0632   19.5591
    0.0000   30.0000   -7.5000 2188.4910   19.3347
    7.5000   30.0000   -7.5000 2180.1704   19.4455
   -7.5000  -60.0000    0.0000 2355.1792   16.7728
    0.0000  -60.0000    0.0000 2384.7266   16.5723
    7.5000  -60.0000    0.0000 2371.4912   16.6874
   -7.5000  -52.5000    0.0000 2468.5122   15.1519
    0.0000  -52.5000    0.0000 2495.1379   14.9672
    7.5000  -52.5000    0.0000 2489.6130   15.0985
   -7.5000  -45.0000    0.0000 2587.3052   14.1276
    0.0000  -45.0000    0.0000 2615.5732   13.9869
    7.5000  -45.0000    0.0000 2607.1843   14.0315
   -7.5000  -37.5000    0.0000 2674.0188   13.2437
    0.0000  -37.5000    0.0000 2707.1138   13.1299
    7.5000  -37.5000    0.0000 2697.1670   13.1764
   -7.5000  -30.0000    0.0000 2731.3894   12.6379
    0.0000  -30.0000    0.0000 2769.9348   12.5192
    7.5000  -30.0000    0.0000 2758.1099   12.6030
   -7.5000  -22.5000    0.0000 2770.5681   12.4007
    0.0000  -22.5000    0.0000 2810.1941   12.2452
    7.5000  -22.5000    0.0000 2786.6914   12.3672
   -7.5000  -15.0000    0.0000 2789.6992   12.5179
    0.0000  -15.0000    0.0000 2828.8533   12.3476
    7.5000  -15.0000    0.0000 2799.8701   12.4669
   -7.5000   -7.5000    0.0000 2767.4880   12.9562
    0.0000   -7.5000    0.0000 2808.5356   12.7971
    7.5000   -7.5000    0.0000 2771.8093   12.8958
   -7.5000    0.0000    0.0000 2701.7036   13.5340
    0.0000    0.0000    0.0000 2744.2729   13.3847
    7.5000    0.0000    0.0000 2711.9485   13.5085
   -7.5000    7.5000    0.0000 2615.2505   14.2845
    0.0000    7.5000    0.0000 2654.3909   14.1282
    7.5000    7.5000    0.0000 2624.8445   14.2865
   -7.5000   15.0000    0.0000 2500.9663   15.3262
    0.0000   15.0000    0.0000 2534.0969   15.1435
    7.5000   15.0000    0.0000 2512.1377   15.3260
   -7.5000   22.5000    0.0000 2373.4058   16.8297
    0.0000   22.5000    0.0000 2401.7202   16.6053
    7.5000   22.5000    0.0000 2383.9622   16.7940
   -7.5000   30.0000    0.0000 2227.2368   18.8289
    0.0000   30.0000    0.0000 2258.1252   18.5711
    7.5000   30.0000    0.0000 2236.3801   18.7229
   -7.5000  -60.0000    7.5000 2352.6165   16.4251
    0.0000  -60.0000    7.5000 2376.5017   16.2045
    7.5000  -60.0000    7.5000 2370.4111   16.3338
   -7.5000  -52.5000    7.5000 2477.7644   14.8289
    0.0000  -52.5000    7.5000 2498.9790   14.6378
    7.5000  -52.5000    7.5000 2492.7412   14.7344
   -7.5000  -45.0000    7.5000 2597.9607   13.7528
    0.0000  -45.0000    7.5000 2629.9329   13.6210
    7.5000  -45.0000    7.5000 2614.2000   13.6422
   -7.5000  -37.5000    7.5000 2699.3218   12.8451
    0.0000  -37.5000    7.5000 2734.1125   12.7327
    7.5000  -37.5000    7.5000 2722.9424   12.7782
   -7.5000  -30.0000    7.5000 2776.5481   12.2518
    0.0000  -30.0000    7.5000 2813.9539   12.1475
    7.5000  -30.0000    7.5000 2802.0371   12.1998
   -7.5000  -22.5000    7.5000 2829.5132   12.0322
    0.0000  -22.5000    7.5000 2880.7661   11.9265
    7.5000  -22.5000    7.5000 2854.5640   11.9736
   -7.5000  -15.0000    7.5000 2854.0347   12.1030
    0.0000  -15.0000    7.5000 2914.6304   11.9756
    7.5000  -15.0000    7.5000 2861.0776   12.0672
   -7.5000   -7.5000    7.5000 2831.4990   12.4545
    0.0000   -7.5000    7.5000 2882.3076   12.3338
    7.5000   -7.5000    7.5000 2823.8992   12.4269
   -7.5000    0.0000    7.5000 2756.0701   12.9938
    0.0000    0.0000    7.5000 2803.4910   12.8651
    7.5000    0.0000    7.5000 2757.3071   12.9587
   -7.5000    7.5000    7.5000 2666.3948   13.7116
    0.0000    7.5000    7.5000 2704.3042   13.6175
    7.5000    7.5000    7.5000 2674.7410   13.7177
   -7.5000   15.0000    7.5000 2545.3792   14.7866
    0.0000   15.0000    7.5000 2580.8108   14.6318
    7.5000   15.0000    7.5000 2558.5488   14.7636
   -7.5000   22.5000    7.5000 2408.9097   16.2911
    0.0000   22.5000    7.5000 2439.8198   16.1206
    7.5000   22.5000    7.5000 2411.8542   16.2838
   -7.5000   30.0000    7.5000 2260.7026   18.2622
    0.0000   30.0000    7.5000 2293.7717   18.0661
    7.5000   30.0000    7.5000 2268.3689   18.2067
   -7.5000  -60.0000   15.0000 2332.2085   16.3548
    0.0000  -60.0000   15.0000 2358.6370   16.1278
    7.5000  -60.0000   15.0000 2349.6873   16.2808
   -7.5000  -52.5000   15.0000 2455.3689   14.7126
    0.0000  -52.5000   15.0000 2475.6475   14.4954
    7.5000  -52.5000   15.0000 2464.1406   14.5934
   -7.5000  -45.0000   15.0000 2590.4800   13.5898
    0.0000  -45.0000   15.0000 2612.5242   13.4179
    7.5000  -45.0000   15.0000 2601.7720   13.4746
   -7.5000  -37.5000   15.0000 2700.9805   12.6448
    0.0000  -37.5000   15.0000 2730.3259   12.5167
    7.5000  -37.5000   15.0000 2721.2239   12.5950
   -7.5000  -30.0000   15.0000 2795.0908   12.0662
    0.0000  -30.0000   15.0000 2835.5671   12.0042
    7.5000  -30.0000   15.0000 2815.3621   12.0377
   -7.5000  -22.5000   15.0000 2862.5769   11.8745
    0.0000  -22.5000   15.0000 2919.7793   11.8952
    7.5000  -22.5000   15.0000 2887.5308   11.8433
   -7.5000  -15.0000   15.0000 2896.8699   11.9434
    0.0000  -15.0000   15.0000 2973.2656   11.9735
    7.5000  -15.0000   15.0000 2905.9509   11.9194
   -7.5000   -7.5000   15.0000 2869.4094   12.1943
    0.0000   -7.5000   15.0000 2928.9075   12.1674
    7.5000   -7.5000   15.0000 2863.1870   12.1583
   -7.5000    0.0000   15.0000 2792.8794   12.6665
    0.0000    0.0000   15.0000 2835.7671   12.5868
    7.5000    0.0000   15.0000 2785.1050   12.6242
   -7.5000    7.5000   15.0000 2689.7776   13.4181
    0.0000    7.5000   15.0000 2724.2024   13.3193
    7.5000    7.5000   15.0000 2693.6716   13.3854
   -7.5000   15.0000   15.0000 2561.3499   14.5159
    0.0000   15.0000   15.0000 2598.7512   14.3631
    7.5000   15.0000   15.0000 2569.9360   14.4869
   -7.5000   22.5000   15.0000 2424.5991   16.0035
    0.0000   22.5000   15.0000 2454.4509   15.8541
    7.5000   22.5000   15.0000 2426.9285   15.9956
   -7.5000   30.0000   15.0000 2279.9197   17.9596
    0.0000   30.0000   15.0000 2307.4358   17.7826
    7.5000   30.0000   15.0000 2278.7844   17.9250
   -7.5000  -60.0000   22.5000 2306.7007   16.5605
    0.0000  -60.0000   22.5000 2331.5823   16.2884
    7.5000  -60.0000   22.5000 2317.7275   16.4829
   -7.5000  -52.5000   22.5000 2423.3767   14.8427
    0.0000  -52.5000   22.5000 2438.5278   14.5941
    7.5000  -52.5000   22.5000 2424.3359   14.7647
   -7.5000  -45.0000   22.5000 2558.7456   13.6538
    0.0000  -45.0000   22.5000 2579.5579   13.5177
    7.5000  -45.0000   22.5000 2563.9006   13.6111
   -7.5000  -37.5000   22.5000 2681.6794   12.6838
    0.0000  -37.5000   22.5000 2704.7214   12.5929
    7.5000  -37.5000   22.5000 2690.1028   12.6785
   -7.5000  -30.0000   22.5000 2787.0315   12.0914
    0.0000  -30.0000   22.5000 2824.6416   12.0484
    7.5000  -30.0000   22.5000 2796.3108   12.1029
   -7.5000  -22.5000   22.5000 2866.9631   11.8639
    0.0000  -22.5000   22.5000 2923.7322   11.9071
    7.5000  -22.5000   22.5000 2877.2959   11.8642
   -7.5000  -15.0000   22.5000 2911.6145   11.8552
    0.0000  -15.0000   22.5000 2983.1050   11.9334
    7.5000  -15.0000   22.5000 2908.4463   11.8658
   -7.5000   -7.5000   22.5000 2877.9119   12.0961
    0.0000   -7.5000   22.5000 2940.6746   12.0902
    7.5000   -7.5000   22.5000 2869.2312   12.1224
   -7.5000    0.0000   22.5000 2797.0808   12.6157
    0.0000    0.0000   22.5000 2837.6860   12.5367
    7.5000    0.0000   22.5000 2781.6860   12.6324
   -7.5000    7.5000   22.5000 2683.1321   13.4120
    0.0000    7.5000   22.5000 2713.7615   13.3152
    7.5000    7.5000   22.5000 2686.0796   13.4066
   -7.5000   15.0000   22.5000 2558.8977   14.4957
    0.0000   15.0000   22.5000 2585.2375   14.3117
    7.5000   15.0000   22.5000 2562.6614   14.4562
   -7.5000   22.5000   22.5000 2424.3877   15.9628
    0.0000   22.5000   22.5000 2444.8545   15.7677
    7.5000   22.5000   22.5000 2429.1404   15.8972
   -7.5000   30.0000   22.5000 2278.0061   17.8372
    0.0000   30.0000   22.5000 2299.4155   17.6040
    7.5000   30.0000   22.5000 2281.4524   17.7444
   -7.5000  -60.0000   30.0000 2278.4121   17.0227
    0.0000  -60.0000   30.0000 2298.3535   16.7971
    7.5000  -60.0000   30.0000 2281.1938   17.0103
   -7.5000  -52.5000   30.0000 2388.4954   15.2186
    0.0000  -52.5000   30.0000 2404.1870   15.0456
    7.5000  -52.5000   30.0000 2382.5632   15.2251
   -7.5000  -45.0000   30.0000 2524.1487   13.9555
    0.0000  -45.0000   30.0000 2539.5786   13.8509
    7.5000  -45.0000   30.0000 2526.4375   14.0096
   -7.5000  -37.5000   30.0000 2646.5164   12.9856
    0.0000  -37.5000   30.0000 2664.5215   12.8458
    7.5000  -37.5000   30.0000 2645.3503   13.0043
   -7.5000  -30.0000   30.0000 2757.1418   12.3666
    0.0000  -30.0000   30.0000 2784.6072   12.2415
    7.5000  -30.0000   30.0000 2757.2234   12.3679
   -7.5000  -22.5000   30.0000 2839.9617   12.0398
    0.0000  -22.5000   30.0000 2882.5383   11.9959
    7.5000  -22.5000   30.0000 2843.6926   12.0505
   -7.5000  -15.0000   30.0000 2877.2734   11.9708
    0.0000  -15.0000   30.0000 2938.4133   11.8865
    7.5000  -15.0000   30.0000 2877.8967   11.9924
   -7.5000   -7.5000   30.0000 2849.7786   12.2601
    0.0000   -7.5000   30.0000 2903.5803   12.0841
    7.5000   -7.5000   30.0000 2845.2424   12.2636
   -7.5000    0.0000   30.0000 2776.6638   12.8581
    0.0000    0.0000   30.0000 2813.6125   12.6991
    7.5000    0.0000   30.0000 2765.0369   12.8475
   -7.5000    7.5000   30.0000 2660.2087   13.7078
    0.0000    7.5000   30.0000 2691.2898   13.5357
    7.5000    7.5000   30.0000 2659.9541   13.6789
   -7.5000   15.0000   30.0000 2527.8955   14.7961
    0.0000   15.0000   30.0000 2551.1714   14.5827
    7.5000   15.0000   30.0000 2529.1990   14.7530
   -7.5000   22.5000   30.0000 2401.8398   16.1767
    0.0000   22.5000   30.0000 2423.0203   16.0079
    7.5000   22.5000   30.0000 2404.9294   16.1111
   -7.5000   30.0000   30.0000 2256.5557   17.9822
    0.0000   30.0000   30.0000 2272.8301   17.7588
    7.5000   30.0000   30.0000 2258.3984   17.8660
   -7.5000  -60.0000   37.5000 2242.5046   17.7125
    0.0000  -60.0000   37.5000 2259.9900   17.4844
    7.5000  -60.0000   37.5000 2239.6572   17.7732
   -7.5000  -52.5000   37.5000 2351.0234   15.8364
    0.0000  -52.5000   37.5000 2368.7844   15.6379
    7.5000  -52.5000   37.5000 2348.4224   15.8605
   -7.5000  -45.0000   37.5000 2485.6619   14.5713
    0.0000  -45.0000   37.5000 2502.5132   14.3583
    7.5000  -45.0000   37.5000 2483.8325   14.5982
   -7.5000  -37.5000   37.5000 2603.8921   13.5608
    0.0000  -37.5000   37.5000 2616.1135   13.3671
    7.5000  -37.5000   37.5000 2599.2964   13.5668
   -7.5000  -30.0000   37.5000 2709.8313   12.8774
    0.0000  -30.0000   37.5000 2724.3506   12.7305
    7.5000  -30.0000   37.5000 2698.4248   12.9061
   -7.5000  -22.5000   37.5000 2783.8149   12.5019
    0.0000  -22.5000   37.5000 2813.6541   12.3962
    7.5000  -22.5000   37.5000 2778.2437   12.5335
   -7.5000  -15.0000   37.5000 2814.8528   12.4188
    0.0000  -15.0000   37.5000 2852.3843   12.2370
    7.5000  -15.0000   37.5000 2807.8728   12.4479
   -7.5000   -7.5000   37.5000 2788.8486   12.7023
    0.0000   -7.5000   37.5000 2823.8794   12.5114
    7.5000   -7.5000   37.5000 2783.4043   12.6944
   -7.5000    0.0000   37.5000 2722.8557   13.3299
    0.0000    0.0000   37.5000 2751.1682   13.1425
    7.5000    0.0000   37.5000 2719.0962   13.3026
   -7.5000    7.5000   37.5000 2616.8086   14.1679
    0.0000    7.5000   37.5000 2647.1245   13.9454
    7.5000    7.5000   37.5000 2617.2024   14.1104
   -7.5000   15.0000   37.5000 2491.3230   15.2246
    0.0000   15.0000   37.5000 2508.3748   15.0251
    7.5000   15.0000   37.5000 2494.2339   15.2005
   -7.5000   22.5000   37.5000 2363.8789   16.5684
    0.0000   22.5000   37.5000 2383.2151   16.4038
    7.5000   22.5000   37.5000 2368.3145   16.5722
   -7.5000   30.0000   37.5000 2219.3276   18.3779
    0.0000   30.0000   37.5000 2239.6802   18.1741
    7.5000   30.0000   37.5000 2223.2910   18.3236
   -7.5000  -60.0000   45.0000 2177.6575   18.5651
    0.0000  -60.0000   45.0000 2195.9724   18.3122
    7.5000  -60.0000   45.0000 2172.0339   18.6327
   -7.5000  -52.5000   45.0000 2290.8970   16.5980
    0.0000  -52.5000   45.0000 2307.6423   16.3388
    7.5000  -52.5000   45.0000 2285.5691   16.6294
   -7.5000  -45.0000   45.0000 2416.6521   15.2893
    0.0000  -45.0000   45.0000 2432.6511   15.0635
    7.5000  -45.0000   45.0000 2411.3130   15.3521
   -7.5000  -37.5000   45.0000 2528.6621   14.2920
    0.0000  -37.5000   45.0000 2547.6287   14.0728
    7.5000  -37.5000   45.0000 2519.9836   14.3412
   -7.5000  -30.0000   45.0000 2623.7888   13.5551
    0.0000  -30.0000   45.0000 2646.2280   13.3903
    7.5000  -30.0000   45.0000 2615.6709   13.6065
   -7.5000  -22.5000   45.0000 2686.6118   13.1351
    0.0000  -22.5000   45.0000 2715.5852   12.9471
    7.5000  -22.5000   45.0000 2678.9165   13.1581
   -7.5000  -15.0000   45.0000 2708.3174   13.0349
    0.0000  -15.0000   45.0000 2734.7729   12.8106
    7.5000  -15.0000   45.0000 2698.4348   13.0331
   -7.5000   -7.5000   45.0000 2679.4880   13.3385
    0.0000   -7.5000   45.0000 2705.8035   13.1316
    7.5000   -7.5000   45.0000 2673.4680   13.3024
   -7.5000    0.0000   45.0000 2617.5071   13.9263
    0.0000    0.0000   45.0000 2645.6777   13.7344
    7.5000    0.0000   45.0000 2616.0647   13.8866
   -7.5000    7.5000   45.0000 2528.4995   14.7406
    0.0000    7.5000   45.0000 2553.8196   14.5025
    7.5000    7.5000   45.0000 2527.1399   14.7031
   -7.5000   15.0000   45.0000 2417.8088   15.7853
    0.0000   15.0000   45.0000 2434.3984   15.5360
    7.5000   15.0000   45.0000 2423.0518   15.7354
   -7.5000   22.5000   45.0000 2297.2646   17.0986
    0.0000   22.5000   45.0000 2317.5562   16.8813
    7.5000   22.5000   45.0000 2304.2227   17.0898
   -7.5000   30.0000   45.0000 2151.5012   18.9096
    0.0000   30.0000   45.0000 2182.0518   18.7138
    7.5000   30.0000   45.0000 2168.0938   18.8468
   -7.5000  -60.0000   52.5000 2087.3567   19.4242
    0.0000  -60.0000   52.5000 2107.7678   19.1228
    7.5000  -60.0000   52.5000 2078.3489   19.4996
   -7.5000  -52.5000   52.5000 2196.7722   17.4258
    0.0000  -52.5000   52.5000 2220.6746   17.1375
    7.5000  -52.5000   52.5000 2187.6360   17.4374
   -7.5000  -45.0000   52.5000 2321.6917   16.0896
    0.0000  -45.0000   52.5000 2343.7168   15.8367
    7.5000  -45.0000   52.5000 2311.5945   16.1543
   -7.5000  -37.5000   52.5000 2426.0581   15.0228
    0.0000  -37.5000   52.5000 2449.2891   14.8300
    7.5000  -37.5000   52.5000 2413.1709   15.1019
   -7.5000  -30.0000   52.5000 2509.3567   14.2823
    0.0000  -30.0000   52.5000 2533.1565   14.0923
    7.5000  -30.0000   52.5000 2498.9653   14.3577
   -7.5000  -22.5000   52.5000 2557.9011   13.8472
    0.0000  -22.5000   52.5000 2587.0022   13.6436
    7.5000  -22.5000   52.5000 2551.9868   13.8961
   -7.5000  -15.0000   52.5000 2573.0647   13.7190
    0.0000  -15.0000   52.5000 2599.2349   13.5117
    7.5000  -15.0000   52.5000 2564.3389   13.7473
   -7.5000   -7.5000   52.5000 2542.2153   13.9938
    0.0000   -7.5000   52.5000 2569.4746   13.7797
    7.5000   -7.5000   52.5000 2537.6765   13.9921
   -7.5000    0.0000   52.5000 2491.4619   14.5216
    0.0000    0.0000   52.5000 2517.0298   14.3237
    7.5000    0.0000   52.5000 2486.4446   14.5055
   -7.5000    7.5000   52.5000 2411.9741   15.3006
    0.0000    7.5000   52.5000 2434.2966   15.0809
    7.5000    7.5000   52.5000 2410.4351   15.2905
   -7.5000   15.0000   52.5000 2312.5339   16.2553
    0.0000   15.0000   52.5000 2333.0476   16.0577
    7.5000   15.0000   52.5000 2318.0005   16.2561
   -7.5000   22.5000   52.5000 2204.7551   17.5632
    0.0000   22.5000   52.5000 2225.1948   17.3866
    7.5000   22.5000   52.5000 2206.2405   17.5664
   -7.5000   30.0000   52.5000 2070.1826   19.4427
    0.0000   30.0000   52.5000 2096.9177   19.2257
    7.5000   30.0000   52.5000 2073.8130   19.3937
   -7.5000  -60.0000   60.0000 2023.3478   20.7848
    0.0000  -60.0000   60.0000 2044.0833   20.5064
    7.5000  -60.0000   60.0000 2012.7175   20.9037
   -7.5000  -52.5000   60.0000 2130.2192   18.6878
    0.0000  -52.5000   60.0000 2156.0334   18.4138
    7.5000  -52.5000   60.0000 2118.0623   18.7216
   -7.5000  -45.0000   60.0000 2255.7803   17.3241
    0.0000  -45.0000   60.0000 2278.0876   17.0609
    7.5000  -45.0000   60.0000 2240.6152   17.3734
   -7.5000  -37.5000   60.0000 2352.4829   16.2115
    0.0000  -37.5000   60.0000 2377.8047   16.0066
    7.5000  -37.5000   60.0000 2338.9937   16.3001
   -7.5000  -30.0000   60.0000 2421.3191   15.4528
    0.0000  -30.0000   60.0000 2446.2976   15.2552
    7.5000  -30.0000   60.0000 2411.1284   15.5280
   -7.5000  -22.5000   60.0000 2462.8660   15.0045
    0.0000  -22.5000   60.0000 2488.4089   14.8066
    7.5000  -22.5000   60.0000 2450.0715   15.0718
   -7.5000  -15.0000   60.0000 2476.2031   14.8394
    0.0000  -15.0000   60.0000 2498.1545   14.6542
    7.5000  -15.0000   60.0000 2462.9189   14.8800
   -7.5000   -7.5000   60.0000 2448.6040   15.0357
    0.0000   -7.5000   60.0000 2470.4978   14.8637
    7.5000   -7.5000   60.0000 2443.4131   15.0708
   -7.5000    0.0000   60.0000 2400.4287   15.5496
    0.0000    0.0000   60.0000 2421.1516   15.3782
    7.5000    0.0000   60.0000 2397.1497   15.5854
   -7.5000    7.5000   60.0000 2332.6167   16.2733
    0.0000    7.5000   60.0000 2356.3413   16.0707
    7.5000    7.5000   60.0000 2327.4370   16.3099
   -7.5000   15.0000   60.0000 2243.9607   17.2395
    0.0000   15.0000   60.0000 2270.5149   16.9806
    7.5000   15.0000   60.0000 2243.3774   17.2351
   -7.5000   22.5000   60.0000 2140.3606   18.5642
    0.0000   22.5000   60.0000 2157.9849   18.3232
    7.5000   22.5000   60.0000 2134.3430   18.5327
   -7.5000   30.0000   60.0000 2011.1410   20.4432
    0.0000   30.0000   60.0000 2030.8217   20.2669
    7.5000   30.0000   60.0000 2003.5521   20.3985

---------------------------------------------------------------------
imgreg_4dfp /opt/freesurfer/average/711-2C_as_mni_average_305 /opt/freesurfer/average/711-2B_as_mni_average_305_mask talsrcimg_g11 none talsrcimg_to_711-2C_as_mni_average_305_t4 1283
---------------------------------------------------------------------

freesurfer imgreg_4dfp.c
/opt/freesurfer/average/711-2C_as_mni_average_305.4dfp.img
       256       256       256         1
  1.000000  1.000000  1.000000
orientation T byte_order littleendian
Reading image: /opt/freesurfer/average/711-2C_as_mni_average_305.4dfp.img
dimensions:      256       256       256
mmppix:       1.0000   -1.0000   -1.0000
center:     128.0000 -129.0000 -129.0000
/opt/freesurfer/average/711-2B_as_mni_average_305_mask.4dfp.img
       256       256       256         1
  1.000000  1.000000  1.000000
orientation T byte_order littleendian
Reading mask: /opt/freesurfer/average/711-2B_as_mni_average_305_mask.4dfp.img (2306576 pixels)
talsrcimg_g11.4dfp.img
       256       256       256         1
  0.898437  0.898437  0.898437
orientation T byte_order littleendian
Reading image: talsrcimg_g11.4dfp.img
dimensions:      256       256       256
mmppix:       0.8984   -0.8984   -0.8984
center:     114.9999 -115.8984 -115.8984
rotation matrix determinant  1.000000
fimgreg.f
image alignment mode   1283 decimal      503 hex
parameters
    0.0000  -15.0000   22.5000    0.0000    0.0000    0.0000
eta,q 0.93544 11.90765
niter,ni,del,rscale     5    3   12.0000    1.2000
parameter  3  0.504058 ->  0.500000 qaram    1.1500
parameter  4 -7.508928 ->  0.500000 qaram    1.1500
parameters
    0.1392  -14.5505   19.0500   -3.4500    1.8118    1.1316
eta,q 0.94143 12.04954
  0.0802  0.0754  0.0668  0.0551  0.0693  0.0646
  0.0729  0.0705  0.0656  0.0582  0.0649  0.0618
  0.0683  0.0687  0.0660  0.0615  0.0612  0.0596
  0.0672  0.0671  0.0668  0.0656  0.0590  0.0586
  0.0679  0.0666  0.0694  0.0690  0.0586  0.0586
  0.0716  0.0685  0.0734  0.0713  0.0591  0.0591
  0.0793  0.0739  0.0787  0.0745  0.0619  0.0615
niter,ni,del,rscale     6    3   12.0000    1.2000
parameter  4  2.279636 ->  0.500000 qaram    1.3225
parameters
   -0.4961  -13.2471   18.9276   -7.4175    2.0904   -0.2375
eta,q 0.94935 11.95264
  0.0699  0.0719  0.0689  0.0507  0.0622  0.0550
  0.0622  0.0647  0.0631  0.0509  0.0565  0.0514
  0.0589  0.0607  0.0595  0.0541  0.0526  0.0504
  0.0586  0.0586  0.0585  0.0586  0.0515  0.0515
  0.0600  0.0589  0.0597  0.0636  0.0521  0.0532
  0.0667  0.0603  0.0636  0.0678  0.0553  0.0560
  0.0765  0.0634  0.0697  0.0714  0.0603  0.0597
niter,ni,del,rscale     6    3   12.0000    1.2000
parameters
   -0.7509  -12.1227   17.8276  -11.2330    2.7059   -0.4005
eta,q 0.95391 11.96973
  0.0682  0.0701  0.0597  0.0515  0.0597  0.0534
  0.0575  0.0614  0.0529  0.0473  0.0537  0.0495
  0.0511  0.0538  0.0502  0.0467  0.0492  0.0468
  0.0506  0.0505  0.0505  0.0500  0.0465  0.0461
  0.0535  0.0511  0.0538  0.0554  0.0467  0.0475
  0.0605  0.0542  0.0589  0.0613  0.0502  0.0501
  0.0704  0.0595  0.0672  0.0673  0.0558  0.0540
niter,ni,del,rscale     5    3   12.0000    1.2000
parameters
   -0.7736  -10.9641   16.6451  -11.6037    2.6945   -0.0941
eta,q 0.95532 11.98081
  0.0675  0.0659  0.0565  0.0585  0.0561  0.0536
  0.0551  0.0571  0.0487  0.0505  0.0503  0.0492
  0.0475  0.0498  0.0450  0.0457  0.0463  0.0461
  0.0461  0.0461  0.0458  0.0449  0.0447  0.0447
  0.0496  0.0461  0.0504  0.0484  0.0461  0.0455
  0.0566  0.0488  0.0573  0.0538  0.0504  0.0480
  0.0664  0.0554  0.0646  0.0593  0.0563  0.0521
niter,ni,del,rscale     4    3   12.0000    1.2000
parameters
   -0.7738  -10.9986   16.4850  -11.7252    2.6680   -0.0371
eta,q 0.95542 11.98003
  0.0665  0.0598  0.0608  0.0594  0.0560  0.0529
  0.0540  0.0519  0.0518  0.0514  0.0501  0.0487
  0.0462  0.0464  0.0459  0.0460  0.0461  0.0458
  0.0447  0.0447  0.0447  0.0446  0.0446  0.0446
  0.0476  0.0465  0.0476  0.0480  0.0460  0.0456
  0.0547  0.0517  0.0539  0.0532  0.0503  0.0485
  0.0656  0.0605  0.0612  0.0588  0.0562  0.0526
niter,ni,del,rscale     3    3   12.0000    1.2000
parameters
   -0.7730  -10.9736   16.4425  -11.7746    2.6570   -0.0189
eta,q 0.95545 11.98085
  0.0664  0.0601  0.0613  0.0596  0.0560  0.0528
  0.0539  0.0522  0.0522  0.0517  0.0501  0.0486
  0.0461  0.0465  0.0460  0.0461  0.0460  0.0457
  0.0446  0.0446  0.0446  0.0446  0.0446  0.0446
  0.0475  0.0463  0.0473  0.0478  0.0459  0.0457
  0.0546  0.0515  0.0534  0.0531  0.0502  0.0485
  0.0655  0.0602  0.0608  0.0587  0.0561  0.0527
registration optimization eta report
parameter search radius
    6.0000    6.0000    6.9000    7.9350    6.0000    6.0000
100000*second partial in parameter space
       60.       43.       34.       22.       32.       22.
  0.0664  0.0601  0.0613  0.0596  0.0560  0.0528
  0.0539  0.0522  0.0522  0.0517  0.0501  0.0486
  0.0461  0.0465  0.0460  0.0461  0.0460  0.0457
  0.0446  0.0446  0.0446  0.0446  0.0446  0.0446
  0.0475  0.0463  0.0473  0.0478  0.0459  0.0457
  0.0546  0.0515  0.0534  0.0531  0.0502  0.0485
  0.0655  0.0602  0.0608  0.0587  0.0561  0.0527
   -0.7730  -10.9736   16.4425  -11.7746    2.6570   -0.0189
eta,q 0.95545 11.98085

---------------------------------------------------------------------
imgreg_4dfp /opt/freesurfer/average/711-2C_as_mni_average_305 /opt/freesurfer/average/711-2B_as_mni_average_305_mask talsrcimg_g11 none talsrcimg_to_711-2C_as_mni_average_305_t4 3335
---------------------------------------------------------------------

freesurfer imgreg_4dfp.c
/opt/freesurfer/average/711-2C_as_mni_average_305.4dfp.img
       256       256       256         1
  1.000000  1.000000  1.000000
orientation T byte_order littleendian
Reading image: /opt/freesurfer/average/711-2C_as_mni_average_305.4dfp.img
dimensions:      256       256       256
mmppix:       1.0000   -1.0000   -1.0000
center:     128.0000 -129.0000 -129.0000
/opt/freesurfer/average/711-2B_as_mni_average_305_mask.4dfp.img
       256       256       256         1
  1.000000  1.000000  1.000000
orientation T byte_order littleendian
Reading mask: /opt/freesurfer/average/711-2B_as_mni_average_305_mask.4dfp.img (2306576 pixels)
talsrcimg_g11.4dfp.img
       256       256       256         1
  0.898437  0.898437  0.898437
orientation T byte_order littleendian
Reading image: talsrcimg_g11.4dfp.img
dimensions:      256       256       256
mmppix:       0.8984   -0.8984   -0.8984
center:     114.9999 -115.8984 -115.8984
fimgreg.f
image alignment mode   3335 decimal      D07 hex
parameters
   -0.7730  -10.9736   16.4425   -0.1075   -2.1045   -2.2095
    0.9783   -4.5313   -0.0330   20.4078    4.6356  -20.3843
eta,q 0.95442 12.04048
niter,ni,del,rscale     5    3    5.0000    1.2000
parameter  5  1.818324 ->  0.500000 qaram    1.1500
parameter  6  0.941056 ->  0.500000 qaram    1.1500
parameter 11  0.815556 ->  0.500000 qaram    1.1500
parameters
   -0.7238  -10.4693   16.6657   -2.5964   -6.2445   -6.3495
    2.0243   -4.1691    1.8924   19.1462    0.4956  -19.2370
eta,q 0.96093 11.28778
  0.0498  0.0496  0.0478  0.0459  0.0394  0.0394  0.0435  0.0446  0.0431  0.0417  0.0391  0.0411
  0.0475  0.0478  0.0465  0.0455  0.0410  0.0398  0.0418  0.0422  0.0416  0.0403  0.0391  0.0400
  0.0461  0.0464  0.0457  0.0453  0.0429  0.0406  0.0406  0.0406  0.0405  0.0396  0.0392  0.0394
  0.0456  0.0456  0.0454  0.0454  0.0453  0.0415  0.0400  0.0399  0.0399  0.0397  0.0396  0.0391
  0.0459  0.0454  0.0455  0.0460  0.0485  0.0428  0.0400  0.0402  0.0397  0.0404  0.0401  0.0391
  0.0473  0.0460  0.0461  0.0475  0.0521  0.0447  0.0407  0.0415  0.0400  0.0418  0.0407  0.0395
  0.0495  0.0473  0.0470  0.0502  0.0559  0.0478  0.0420  0.0439  0.0409  0.0439  0.0415  0.0401
niter,ni,del,rscale     7    3    5.0000    1.2000
parameter  5  1.158547 ->  0.500000 qaram    1.3225
parameters
   -0.7262  -10.4464   16.5604   -4.7699  -11.0055   -9.0506
    1.7343   -4.0522    1.5819   18.6189    0.0732  -19.7977
eta,q 0.96513 10.61982
  0.0429  0.0421  0.0407  0.0396  0.0349  0.0372  0.0379  0.0401  0.0372  0.0381  0.0361  0.0363
  0.0409  0.0404  0.0398  0.0389  0.0354  0.0356  0.0363  0.0375  0.0359  0.0362  0.0354  0.0354
  0.0396  0.0394  0.0392  0.0388  0.0368  0.0350  0.0352  0.0357  0.0351  0.0351  0.0350  0.0350
  0.0391  0.0391  0.0391  0.0391  0.0388  0.0357  0.0350  0.0350  0.0349  0.0349  0.0349  0.0349
  0.0395  0.0394  0.0393  0.0395  0.0413  0.0373  0.0355  0.0354  0.0353  0.0357  0.0351  0.0352
  0.0408  0.0404  0.0400  0.0402  0.0445  0.0392  0.0367  0.0372  0.0363  0.0371  0.0356  0.0358
  0.0430  0.0420  0.0410  0.0415  0.0485  0.0416  0.0383  0.0399  0.0376  0.0390  0.0364  0.0367
niter,ni,del,rscale     7    3    5.0000    1.2000
parameters
   -0.8656  -10.2275   16.4126   -5.1498  -14.7479   -9.2290
    1.6510   -4.1293    1.4593   19.4367    0.5327  -20.5370
eta,q 0.96605 10.36503
  0.0385  0.0388  0.0366  0.0367  0.0359  0.0384  0.0373  0.0389  0.0364  0.0383  0.0355  0.0352
  0.0364  0.0368  0.0356  0.0354  0.0344  0.0361  0.0355  0.0363  0.0350  0.0361  0.0347  0.0345
  0.0352  0.0354  0.0350  0.0347  0.0340  0.0345  0.0343  0.0346  0.0342  0.0346  0.0342  0.0340
  0.0349  0.0348  0.0348  0.0348  0.0348  0.0340  0.0340  0.0340  0.0340  0.0340  0.0340  0.0340
  0.0355  0.0350  0.0352  0.0353  0.0367  0.0348  0.0345  0.0346  0.0344  0.0342  0.0341  0.0343
  0.0370  0.0360  0.0359  0.0359  0.0394  0.0366  0.0356  0.0364  0.0352  0.0351  0.0345  0.0349
  0.0393  0.0376  0.0371  0.0367  0.0427  0.0386  0.0373  0.0391  0.0365  0.0366  0.0352  0.0358
niter,ni,del,rscale     6    3    5.0000    1.2000
parameters
   -0.9346   -9.9251   16.4446   -5.5684  -15.1927   -9.1717
    1.7346   -4.2484    1.4131   20.0326    0.8746  -20.7982
eta,q 0.96615 10.33009
  0.0378  0.0380  0.0359  0.0359  0.0381  0.0384  0.0373  0.0386  0.0362  0.0377  0.0353  0.0353
  0.0356  0.0359  0.0348  0.0346  0.0358  0.0361  0.0354  0.0362  0.0349  0.0356  0.0346  0.0345
  0.0343  0.0346  0.0341  0.0339  0.0343  0.0345  0.0342  0.0345  0.0341  0.0343  0.0341  0.0340
  0.0340  0.0340  0.0339  0.0339  0.0339  0.0338  0.0338  0.0339  0.0339  0.0339  0.0339  0.0339
  0.0345  0.0341  0.0341  0.0345  0.0345  0.0346  0.0343  0.0345  0.0342  0.0341  0.0340  0.0341
  0.0360  0.0349  0.0348  0.0352  0.0364  0.0362  0.0354  0.0363  0.0350  0.0350  0.0344  0.0347
  0.0382  0.0363  0.0358  0.0360  0.0390  0.0381  0.0371  0.0390  0.0362  0.0365  0.0351  0.0355
niter,ni,del,rscale     5    3    5.0000    1.2000
parameters
   -0.9665   -9.7781   16.4057   -5.6834  -15.4790   -9.1454
    1.7849   -4.3182    1.3815   20.3554    1.0212  -20.9348
eta,q 0.96617 10.31536
  0.0379  0.0373  0.0357  0.0361  0.0382  0.0383  0.0372  0.0386  0.0362  0.0373  0.0353  0.0354
  0.0356  0.0355  0.0347  0.0347  0.0359  0.0360  0.0354  0.0362  0.0348  0.0354  0.0345  0.0345
  0.0343  0.0343  0.0340  0.0339  0.0343  0.0344  0.0342  0.0345  0.0340  0.0342  0.0340  0.0340
  0.0339  0.0338  0.0338  0.0338  0.0338  0.0338  0.0338  0.0338  0.0338  0.0338  0.0338  0.0338
  0.0344  0.0341  0.0341  0.0344  0.0344  0.0345  0.0343  0.0344  0.0342  0.0341  0.0340  0.0340
  0.0358  0.0350  0.0348  0.0351  0.0362  0.0361  0.0354  0.0363  0.0350  0.0351  0.0344  0.0346
  0.0380  0.0365  0.0358  0.0359  0.0388  0.0381  0.0371  0.0389  0.0361  0.0367  0.0352  0.0355
niter,ni,del,rscale     4    3    5.0000    1.2000
parameters
   -0.9806   -9.6967   16.3767   -5.7628  -15.6443   -9.1608
    1.8112   -4.3502    1.3673   20.5351    1.1058  -21.0092
eta,q 0.96618 10.30395
  0.0379  0.0371  0.0357  0.0362  0.0382  0.0382  0.0372  0.0387  0.0361  0.0371  0.0352  0.0354
  0.0357  0.0353  0.0346  0.0347  0.0359  0.0360  0.0354  0.0362  0.0348  0.0353  0.0345  0.0345
  0.0343  0.0342  0.0340  0.0339  0.0344  0.0344  0.0342  0.0345  0.0340  0.0342  0.0340  0.0340
  0.0338  0.0338  0.0338  0.0338  0.0338  0.0338  0.0338  0.0338  0.0338  0.0338  0.0338  0.0338
  0.0344  0.0341  0.0341  0.0344  0.0344  0.0345  0.0343  0.0344  0.0341  0.0341  0.0340  0.0340
  0.0358  0.0351  0.0347  0.0351  0.0361  0.0361  0.0354  0.0362  0.0349  0.0351  0.0344  0.0346
  0.0380  0.0367  0.0358  0.0359  0.0386  0.0381  0.0371  0.0388  0.0361  0.0367  0.0352  0.0354
niter,ni,del,rscale     3    3    5.0000    1.2000
parameters
   -0.9870   -9.6480   16.3510   -5.8020  -15.7436   -9.1853
    1.8245   -4.3679    1.3499   20.6497    1.1611  -21.0554
eta,q 0.96619 10.29684
  0.0379  0.0370  0.0357  0.0362  0.0383  0.0382  0.0372  0.0387  0.0361  0.0370  0.0352  0.0354
  0.0357  0.0352  0.0346  0.0347  0.0360  0.0360  0.0354  0.0362  0.0348  0.0352  0.0345  0.0345
  0.0343  0.0342  0.0340  0.0339  0.0344  0.0344  0.0342  0.0345  0.0340  0.0341  0.0340  0.0340
  0.0338  0.0338  0.0338  0.0338  0.0338  0.0338  0.0338  0.0338  0.0338  0.0338  0.0338  0.0338
  0.0343  0.0341  0.0341  0.0344  0.0344  0.0345  0.0343  0.0344  0.0341  0.0341  0.0340  0.0340
  0.0357  0.0351  0.0347  0.0351  0.0360  0.0361  0.0354  0.0362  0.0349  0.0351  0.0344  0.0345
  0.0379  0.0367  0.0358  0.0359  0.0385  0.0381  0.0371  0.0388  0.0361  0.0367  0.0352  0.0354
niter,ni,del,rscale     2    3    5.0000    1.2000
parameters
   -0.9894   -9.6161   16.3340   -5.8323  -15.8044   -9.2037
    1.8324   -4.3750    1.3379   20.7223    1.1940  -21.0847
eta,q 0.96618 10.29194
  0.0379  0.0369  0.0357  0.0362  0.0383  0.0381  0.0372  0.0387  0.0361  0.0369  0.0352  0.0354
  0.0357  0.0352  0.0346  0.0347  0.0360  0.0359  0.0354  0.0362  0.0348  0.0352  0.0345  0.0345
  0.0343  0.0342  0.0340  0.0339  0.0344  0.0344  0.0342  0.0345  0.0340  0.0341  0.0340  0.0340
  0.0338  0.0338  0.0338  0.0338  0.0338  0.0338  0.0338  0.0338  0.0338  0.0338  0.0338  0.0338
  0.0343  0.0342  0.0341  0.0344  0.0343  0.0345  0.0343  0.0344  0.0341  0.0341  0.0340  0.0340
  0.0357  0.0351  0.0347  0.0351  0.0360  0.0361  0.0354  0.0362  0.0349  0.0351  0.0344  0.0345
  0.0379  0.0367  0.0357  0.0359  0.0385  0.0380  0.0371  0.0388  0.0360  0.0368  0.0352  0.0354
niter,ni,del,rscale     1    3    5.0000    1.2000
parameters
   -0.9911   -9.5936   16.3204   -5.8530  -15.8459   -9.2217
    1.8364   -4.3805    1.3291   20.7693    1.2226  -21.1031
eta,q 0.96619 10.28826
  0.0379  0.0369  0.0357  0.0362  0.0383  0.0381  0.0372  0.0387  0.0361  0.0369  0.0352  0.0354
  0.0357  0.0352  0.0346  0.0348  0.0360  0.0359  0.0354  0.0362  0.0348  0.0352  0.0345  0.0345
  0.0343  0.0341  0.0340  0.0339  0.0344  0.0344  0.0342  0.0345  0.0340  0.0341  0.0340  0.0340
  0.0338  0.0338  0.0338  0.0338  0.0338  0.0338  0.0338  0.0338  0.0338  0.0338  0.0338  0.0338
  0.0343  0.0342  0.0340  0.0343  0.0343  0.0345  0.0343  0.0344  0.0341  0.0341  0.0340  0.0340
  0.0357  0.0351  0.0347  0.0351  0.0359  0.0361  0.0354  0.0362  0.0349  0.0351  0.0344  0.0345
  0.0379  0.0367  0.0357  0.0359  0.0385  0.0380  0.0371  0.0388  0.0360  0.0368  0.0352  0.0354
registration optimization eta report
parameter search radius
    2.4000    2.4000    2.4000    7.2000    9.5220    8.2800
    7.2000    7.2000    7.2000    7.2000    8.2800    7.2000
100000*second partial in parameter space
       71.       52.       33.        4.        5.        6.
        6.        9.        4.        6.        2.        3.
  0.0379  0.0369  0.0357  0.0362  0.0383  0.0381  0.0372  0.0387  0.0361  0.0369  0.0352  0.0354
  0.0357  0.0352  0.0346  0.0348  0.0360  0.0359  0.0354  0.0362  0.0348  0.0352  0.0345  0.0345
  0.0343  0.0341  0.0340  0.0339  0.0344  0.0344  0.0342  0.0345  0.0340  0.0341  0.0340  0.0340
  0.0338  0.0338  0.0338  0.0338  0.0338  0.0338  0.0338  0.0338  0.0338  0.0338  0.0338  0.0338
  0.0343  0.0342  0.0340  0.0343  0.0343  0.0345  0.0343  0.0344  0.0341  0.0341  0.0340  0.0340
  0.0357  0.0351  0.0347  0.0351  0.0359  0.0361  0.0354  0.0362  0.0349  0.0351  0.0344  0.0345
  0.0379  0.0367  0.0357  0.0359  0.0385  0.0380  0.0371  0.0388  0.0360  0.0368  0.0352  0.0354
   -0.9911   -9.5936   16.3204   -5.8530  -15.8459   -9.2217
    1.8364   -4.3805    1.3291   20.7693    1.2226  -21.1031
eta,q 0.96619 10.28826

---------------------------------------------------------------------
imgreg_4dfp /opt/freesurfer/average/711-2C_as_mni_average_305 /opt/freesurfer/average/711-2B_as_mni_average_305_mask talsrcimg_g11 none talsrcimg_to_711-2C_as_mni_average_305_t4 2311
---------------------------------------------------------------------

freesurfer imgreg_4dfp.c
/opt/freesurfer/average/711-2C_as_mni_average_305.4dfp.img
       256       256       256         1
  1.000000  1.000000  1.000000
orientation T byte_order littleendian
Reading image: /opt/freesurfer/average/711-2C_as_mni_average_305.4dfp.img
dimensions:      256       256       256
mmppix:       1.0000   -1.0000   -1.0000
center:     128.0000 -129.0000 -129.0000
/opt/freesurfer/average/711-2B_as_mni_average_305_mask.4dfp.img
       256       256       256         1
  1.000000  1.000000  1.000000
orientation T byte_order littleendian
Reading mask: /opt/freesurfer/average/711-2B_as_mni_average_305_mask.4dfp.img (2306576 pixels)
talsrcimg_g11.4dfp.img
       256       256       256         1
  0.898437  0.898437  0.898437
orientation T byte_order littleendian
Reading image: talsrcimg_g11.4dfp.img
dimensions:      256       256       256
mmppix:       0.8984   -0.8984   -0.8984
center:     114.9999 -115.8984 -115.8984
fimgreg.f
image alignment mode   2311 decimal      907 hex
parameters
   -0.9911   -9.5936   16.3204   -5.8530  -15.8459   -9.2217
    1.8364   -4.3805    1.3291   20.7693    1.2226  -21.1030
eta,q 0.96619 10.28826
niter,ni,del,rscale     5    3    5.0000    0.8000
parameters
   -1.0031   -9.5995   16.2986   -6.3843  -15.7574   -9.3607
    1.7352   -4.3264    1.1158   20.7039    1.5500  -21.1137
eta,q 0.96625 10.25014
  0.0357  0.0352  0.0346  0.0348  0.0351  0.0354  0.0353  0.0362  0.0347  0.0351  0.0343  0.0345
  0.0346  0.0344  0.0342  0.0341  0.0344  0.0345  0.0344  0.0349  0.0342  0.0343  0.0340  0.0341
  0.0340  0.0339  0.0339  0.0338  0.0339  0.0339  0.0339  0.0341  0.0338  0.0339  0.0338  0.0338
  0.0338  0.0338  0.0338  0.0338  0.0338  0.0338  0.0338  0.0338  0.0338  0.0337  0.0338  0.0338
  0.0340  0.0340  0.0339  0.0341  0.0339  0.0340  0.0340  0.0340  0.0339  0.0339  0.0338  0.0338
  0.0347  0.0344  0.0342  0.0346  0.0343  0.0347  0.0346  0.0348  0.0343  0.0344  0.0339  0.0341
  0.0357  0.0352  0.0347  0.0351  0.0350  0.0356  0.0354  0.0361  0.0349  0.0351  0.0342  0.0345
niter,ni,del,rscale     4    3    5.0000    0.7000
parameters
   -0.9827   -9.5897   16.2538   -6.5445  -15.7760   -9.4350
    1.7133   -4.3154    0.9535   20.7339    1.6857  -21.1570
eta,q 0.96627 10.23557
  0.0353  0.0348  0.0344  0.0347  0.0347  0.0351  0.0350  0.0356  0.0345  0.0348  0.0342  0.0343
  0.0344  0.0342  0.0340  0.0341  0.0342  0.0344  0.0343  0.0346  0.0341  0.0342  0.0339  0.0340
  0.0339  0.0339  0.0338  0.0338  0.0338  0.0339  0.0339  0.0340  0.0338  0.0338  0.0338  0.0338
  0.0337  0.0337  0.0337  0.0338  0.0337  0.0337  0.0337  0.0337  0.0337  0.0337  0.0337  0.0337
  0.0339  0.0339  0.0338  0.0339  0.0338  0.0339  0.0339  0.0339  0.0339  0.0338  0.0338  0.0338
  0.0344  0.0342  0.0341  0.0343  0.0342  0.0344  0.0343  0.0346  0.0342  0.0342  0.0339  0.0340
  0.0352  0.0348  0.0344  0.0348  0.0347  0.0352  0.0350  0.0356  0.0346  0.0347  0.0341  0.0343
niter,ni,del,rscale     3    3    5.0000    0.6000
parameters
   -0.9749   -9.5690   16.2243   -6.6644  -15.8222   -9.4775
    1.6995   -4.2990    0.8745   20.7849    1.7610  -21.1837
eta,q 0.96627 10.22392
  0.0348  0.0345  0.0342  0.0345  0.0344  0.0348  0.0347  0.0351  0.0343  0.0345  0.0340  0.0341
  0.0342  0.0341  0.0339  0.0340  0.0340  0.0342  0.0341  0.0344  0.0340  0.0340  0.0339  0.0339
  0.0339  0.0338  0.0338  0.0338  0.0338  0.0338  0.0338  0.0339  0.0338  0.0338  0.0338  0.0338
  0.0337  0.0337  0.0337  0.0337  0.0337  0.0337  0.0337  0.0337  0.0337  0.0337  0.0337  0.0337
  0.0339  0.0338  0.0338  0.0339  0.0338  0.0339  0.0339  0.0339  0.0338  0.0338  0.0338  0.0338
  0.0342  0.0341  0.0340  0.0342  0.0341  0.0342  0.0342  0.0343  0.0340  0.0340  0.0338  0.0339
  0.0348  0.0345  0.0342  0.0345  0.0345  0.0348  0.0347  0.0351  0.0344  0.0344  0.0340  0.0341
niter,ni,del,rscale     2    3    5.0000    0.5000
parameters
   -0.9688   -9.5491   16.1980   -6.7538  -15.8610   -9.4960
    1.6851   -4.2805    0.8165   20.8248    1.8131  -21.2070
eta,q 0.96628 10.21582
  0.0345  0.0343  0.0341  0.0343  0.0342  0.0345  0.0344  0.0347  0.0341  0.0342  0.0339  0.0340
  0.0341  0.0340  0.0339  0.0340  0.0339  0.0341  0.0340  0.0342  0.0339  0.0339  0.0338  0.0338
  0.0338  0.0338  0.0338  0.0338  0.0338  0.0338  0.0338  0.0339  0.0338  0.0338  0.0337  0.0337
  0.0337  0.0337  0.0337  0.0337  0.0337  0.0337  0.0337  0.0337  0.0337  0.0337  0.0337  0.0337
  0.0338  0.0338  0.0338  0.0338  0.0338  0.0338  0.0338  0.0338  0.0338  0.0338  0.0337  0.0338
  0.0341  0.0339  0.0339  0.0340  0.0340  0.0341  0.0340  0.0341  0.0339  0.0339  0.0338  0.0339
  0.0345  0.0342  0.0341  0.0343  0.0342  0.0345  0.0344  0.0347  0.0342  0.0342  0.0339  0.0340
niter,ni,del,rscale     1    3    5.0000    0.4000
parameters
   -0.9633   -9.5318   16.1801   -6.8151  -15.9057   -9.5232
    1.6694   -4.2560    0.7702   20.8443    1.8500  -21.2339
eta,q 0.96628 10.20848
  0.0342  0.0341  0.0339  0.0341  0.0340  0.0342  0.0342  0.0344  0.0340  0.0340  0.0339  0.0339
  0.0340  0.0339  0.0338  0.0339  0.0338  0.0339  0.0339  0.0340  0.0338  0.0339  0.0338  0.0338
  0.0338  0.0338  0.0337  0.0338  0.0338  0.0338  0.0338  0.0338  0.0337  0.0338  0.0337  0.0337
  0.0337  0.0337  0.0337  0.0337  0.0337  0.0337  0.0337  0.0337  0.0337  0.0337  0.0337  0.0337
  0.0338  0.0338  0.0337  0.0338  0.0338  0.0338  0.0338  0.0338  0.0338  0.0338  0.0337  0.0337
  0.0339  0.0339  0.0338  0.0339  0.0339  0.0339  0.0339  0.0340  0.0339  0.0339  0.0338  0.0338
  0.0342  0.0340  0.0340  0.0341  0.0340  0.0342  0.0342  0.0344  0.0340  0.0340  0.0338  0.0339
registration optimization eta report
parameter search radius
    0.8000    0.8000    0.8000    2.4000    2.4000    2.4000
    2.4000    2.4000    2.4000    2.4000    2.4000    2.4000
100000*second partial in parameter space
       75.       52.       35.        6.        5.        9.
        7.       11.        5.        5.        2.        3.
  0.0342  0.0341  0.0339  0.0341  0.0340  0.0342  0.0342  0.0344  0.0340  0.0340  0.0339  0.0339
  0.0340  0.0339  0.0338  0.0339  0.0338  0.0339  0.0339  0.0340  0.0338  0.0339  0.0338  0.0338
  0.0338  0.0338  0.0337  0.0338  0.0338  0.0338  0.0338  0.0338  0.0337  0.0338  0.0337  0.0337
  0.0337  0.0337  0.0337  0.0337  0.0337  0.0337  0.0337  0.0337  0.0337  0.0337  0.0337  0.0337
  0.0338  0.0338  0.0337  0.0338  0.0338  0.0338  0.0338  0.0338  0.0338  0.0338  0.0337  0.0337
  0.0339  0.0339  0.0338  0.0339  0.0339  0.0339  0.0339  0.0340  0.0339  0.0339  0.0338  0.0338
  0.0342  0.0340  0.0340  0.0341  0.0340  0.0342  0.0342  0.0344  0.0340  0.0340  0.0338  0.0339
   -0.9633   -9.5318   16.1801   -6.8151  -15.9057   -9.5232
    1.6694   -4.2560    0.7702   20.8443    1.8500  -21.2339
eta,q 0.96628 10.20848

---------------------------------------------------------------------
imgreg_4dfp /opt/freesurfer/average/711-2C_as_mni_average_305 /opt/freesurfer/average/711-2B_as_mni_average_305_mask talsrcimg_g11 none talsrcimg_to_711-2C_as_mni_average_305_t4 2311
---------------------------------------------------------------------

freesurfer imgreg_4dfp.c
/opt/freesurfer/average/711-2C_as_mni_average_305.4dfp.img
       256       256       256         1
  1.000000  1.000000  1.000000
orientation T byte_order littleendian
Reading image: /opt/freesurfer/average/711-2C_as_mni_average_305.4dfp.img
dimensions:      256       256       256
mmppix:       1.0000   -1.0000   -1.0000
center:     128.0000 -129.0000 -129.0000
/opt/freesurfer/average/711-2B_as_mni_average_305_mask.4dfp.img
       256       256       256         1
  1.000000  1.000000  1.000000
orientation T byte_order littleendian
Reading mask: /opt/freesurfer/average/711-2B_as_mni_average_305_mask.4dfp.img (2306576 pixels)
talsrcimg_g11.4dfp.img
       256       256       256         1
  0.898437  0.898437  0.898437
orientation T byte_order littleendian
Reading image: talsrcimg_g11.4dfp.img
dimensions:      256       256       256
mmppix:       0.8984   -0.8984   -0.8984
center:     114.9999 -115.8984 -115.8984
fimgreg.f
image alignment mode   2311 decimal      907 hex
parameters
   -0.9633   -9.5318   16.1801   -6.8151  -15.9057   -9.5232
    1.6694   -4.2560    0.7702   20.8443    1.8500  -21.2339
eta,q 0.96628 10.20848
niter,ni,del,rscale     5    3    5.0000    0.8000
parameters
   -0.9451   -9.5111   16.1814   -6.5761  -15.9169   -9.5466
    1.7356   -4.3204    0.8803   20.9673    1.7977  -21.2236
eta,q 0.96626 10.22391
  0.0357  0.0351  0.0346  0.0352  0.0350  0.0355  0.0354  0.0361  0.0348  0.0351  0.0342  0.0345
  0.0346  0.0343  0.0341  0.0344  0.0343  0.0346  0.0345  0.0348  0.0342  0.0343  0.0340  0.0340
  0.0340  0.0339  0.0338  0.0339  0.0339  0.0339  0.0339  0.0340  0.0338  0.0339  0.0338  0.0338
  0.0337  0.0337  0.0337  0.0337  0.0337  0.0337  0.0337  0.0337  0.0337  0.0337  0.0337  0.0337
  0.0339  0.0339  0.0338  0.0339  0.0339  0.0340  0.0339  0.0340  0.0339  0.0339  0.0338  0.0338
  0.0346  0.0343  0.0341  0.0343  0.0343  0.0346  0.0345  0.0349  0.0342  0.0343  0.0340  0.0341
  0.0356  0.0350  0.0346  0.0349  0.0350  0.0355  0.0353  0.0362  0.0347  0.0350  0.0343  0.0344
niter,ni,del,rscale     4    3    5.0000    0.7000
parameters
   -0.9687   -9.4994   16.1701   -6.6336  -15.9494   -9.5381
    1.7338   -4.3277    0.8722   20.9827    1.8355  -21.2628
eta,q 0.96627 10.21965
  0.0352  0.0348  0.0344  0.0348  0.0347  0.0351  0.0350  0.0356  0.0345  0.0347  0.0341  0.0343
  0.0343  0.0342  0.0340  0.0342  0.0341  0.0344  0.0343  0.0346  0.0341  0.0341  0.0339  0.0340
  0.0339  0.0338  0.0338  0.0338  0.0338  0.0339  0.0339  0.0340  0.0338  0.0338  0.0338  0.0338
  0.0337  0.0337  0.0337  0.0337  0.0337  0.0337  0.0337  0.0337  0.0337  0.0337  0.0337  0.0337
  0.0339  0.0338  0.0338  0.0339  0.0338  0.0339  0.0339  0.0339  0.0338  0.0338  0.0338  0.0338
  0.0344  0.0342  0.0340  0.0343  0.0342  0.0344  0.0343  0.0346  0.0341  0.0342  0.0339  0.0340
  0.0352  0.0347  0.0344  0.0347  0.0347  0.0351  0.0350  0.0356  0.0345  0.0347  0.0341  0.0343
niter,ni,del,rscale     3    3    5.0000    0.6000
parameters
   -0.9712   -9.4929   16.1653   -6.7256  -15.9569   -9.5496
    1.7201   -4.3160    0.8295   21.0003    1.8630  -21.2720
eta,q 0.96628 10.21302
  0.0348  0.0345  0.0342  0.0345  0.0344  0.0348  0.0347  0.0351  0.0343  0.0345  0.0340  0.0341
  0.0342  0.0341  0.0339  0.0340  0.0340  0.0342  0.0341  0.0344  0.0340  0.0340  0.0339  0.0339
  0.0339  0.0338  0.0338  0.0338  0.0338  0.0338  0.0338  0.0339  0.0338  0.0338  0.0338  0.0338
  0.0337  0.0337  0.0337  0.0337  0.0337  0.0337  0.0337  0.0337  0.0337  0.0337  0.0337  0.0337
  0.0339  0.0338  0.0338  0.0339  0.0338  0.0339  0.0339  0.0339  0.0338  0.0338  0.0338  0.0338
  0.0342  0.0341  0.0340  0.0341  0.0340  0.0342  0.0342  0.0343  0.0340  0.0340  0.0339  0.0339
  0.0348  0.0345  0.0342  0.0345  0.0344  0.0348  0.0347  0.0351  0.0343  0.0344  0.0340  0.0341
niter,ni,del,rscale     2    3    5.0000    0.5000
parameters
   -0.9693   -9.4867   16.1521   -6.7917  -15.9794   -9.5511
    1.7012   -4.2974    0.7925   21.0026    1.9161  -21.2895
eta,q 0.96628 10.20761
  0.0345  0.0343  0.0341  0.0343  0.0342  0.0345  0.0344  0.0347  0.0341  0.0342  0.0339  0.0340
  0.0341  0.0340  0.0339  0.0340  0.0339  0.0341  0.0340  0.0342  0.0339  0.0339  0.0338  0.0338
  0.0338  0.0338  0.0338  0.0338  0.0338  0.0338  0.0338  0.0339  0.0338  0.0338  0.0338  0.0338
  0.0337  0.0337  0.0337  0.0337  0.0337  0.0337  0.0337  0.0337  0.0337  0.0337  0.0337  0.0337
  0.0338  0.0338  0.0338  0.0338  0.0338  0.0338  0.0338  0.0338  0.0338  0.0338  0.0337  0.0338
  0.0341  0.0340  0.0339  0.0340  0.0339  0.0341  0.0340  0.0341  0.0339  0.0339  0.0338  0.0339
  0.0345  0.0342  0.0341  0.0343  0.0342  0.0345  0.0344  0.0347  0.0342  0.0342  0.0339  0.0340
niter,ni,del,rscale     1    3    5.0000    0.4000
parameters
   -0.9635   -9.4810   16.1427   -6.8464  -16.0003   -9.5580
    1.6896   -4.2692    0.7491   21.0007    1.9374  -21.2920
eta,q 0.96628 10.20245
  0.0342  0.0341  0.0339  0.0341  0.0340  0.0342  0.0342  0.0344  0.0340  0.0340  0.0339  0.0339
  0.0339  0.0339  0.0338  0.0339  0.0339  0.0339  0.0339  0.0340  0.0338  0.0339  0.0338  0.0338
  0.0338  0.0338  0.0337  0.0338  0.0338  0.0338  0.0338  0.0338  0.0337  0.0337  0.0337  0.0337
  0.0337  0.0337  0.0337  0.0337  0.0337  0.0337  0.0337  0.0337  0.0337  0.0337  0.0337  0.0337
  0.0338  0.0338  0.0337  0.0338  0.0338  0.0338  0.0338  0.0338  0.0338  0.0338  0.0337  0.0337
  0.0339  0.0339  0.0338  0.0339  0.0339  0.0339  0.0339  0.0340  0.0338  0.0339  0.0338  0.0338
  0.0342  0.0340  0.0339  0.0341  0.0340  0.0342  0.0342  0.0344  0.0340  0.0340  0.0339  0.0339
registration optimization eta report
parameter search radius
    0.8000    0.8000    0.8000    2.4000    2.4000    2.4000
    2.4000    2.4000    2.4000    2.4000    2.4000    2.4000
100000*second partial in parameter space
       75.       52.       34.        6.        5.        8.
        7.       11.        5.        5.        2.        3.
  0.0342  0.0341  0.0339  0.0341  0.0340  0.0342  0.0342  0.0344  0.0340  0.0340  0.0339  0.0339
  0.0339  0.0339  0.0338  0.0339  0.0339  0.0339  0.0339  0.0340  0.0338  0.0339  0.0338  0.0338
  0.0338  0.0338  0.0337  0.0338  0.0338  0.0338  0.0338  0.0338  0.0337  0.0337  0.0337  0.0337
  0.0337  0.0337  0.0337  0.0337  0.0337  0.0337  0.0337  0.0337  0.0337  0.0337  0.0337  0.0337
  0.0338  0.0338  0.0337  0.0338  0.0338  0.0338  0.0338  0.0338  0.0338  0.0338  0.0337  0.0337
  0.0339  0.0339  0.0338  0.0339  0.0339  0.0339  0.0339  0.0340  0.0338  0.0339  0.0338  0.0338
  0.0342  0.0340  0.0339  0.0341  0.0340  0.0342  0.0342  0.0344  0.0340  0.0340  0.0339  0.0339
   -0.9635   -9.4810   16.1427   -6.8464  -16.0003   -9.5580
    1.6896   -4.2692    0.7491   21.0007    1.9374  -21.2920
eta,q 0.96628 10.20245

---------------------------------------------------------------------
compute_vox2vox talsrcimg talsrcimg_to_711-2C_as_mni_average_305_t4 /opt/freesurfer/average/711-2C_as_mni_average_305
---------------------------------------------------------------------

freesurfer compute_vox2vox.c
Reading: talsrcimg.4dfp.ifh
Reading: talsrcimg_to_711-2C_as_mni_average_305_t4
Reading: /opt/freesurfer/average/711-2C_as_mni_average_305.4dfp.ifh
Writing: talsrcimg_to_711-2C_as_mni_average_305_t4_vox2vox.txt

start time Wed Mar 11 04:51:58 CET 2026
end		time Wed Mar 11 04:53:22 CET 2026

mpr2mni305 success

avi2talxfm orig_nu.mgz /opt/freesurfer/average/mni305.cor.mgz talsrcimg_to_711-2C_as_mni_average_305_t4_vox2vox.txt transforms/talairach.auto.xfm
avi2talxfm done
mv -f /out/sourcedata/freesurfer/sub-v2s13x29127_ses-1/mri/talsrcimg_to_711-2C_as_mni_average_305_t4_vox2vox.txt /out/sourcedata/freesurfer/sub-v2s13x29127_ses-1/mri/transforms/talsrcimg_to_711-2C_as_mni_average_305_t4_vox2vox.txt
lta_convert --src orig_nu.mgz --trg /opt/freesurfer/average/mni305.cor.mgz --inxfm transforms/talairach.auto.xfm --outlta transforms/talairach.auto.xfm.lta --subject fsaverage
7.3.2

--src: orig_nu.mgz src image (geometry).
--trg: /opt/freesurfer/average/mni305.cor.mgz trg image (geometry).
--inmni: transforms/talairach.auto.xfm input MNI/XFM transform.
--outlta: transforms/talairach.auto.xfm.lta output LTA.
--s: fsaverage subject name
 LTA read, type : 1
 1.07246   0.05254  -0.00825  -0.51432;
-0.02382   1.04305   0.26487  -22.49901;
-0.00361  -0.26124   1.12433  -21.69162;
 0.00000   0.00000   0.00000   1.00000;
setting subject to fsaverage
Writing  LTA to file transforms/talairach.auto.xfm.lta...
lta_convert successful.
 
 
Started at Wed Mar 11 04:51:57 CET 2026
Ended   at Wed Mar 11 04:53:22 CET 2026
talairach_avi done
