/out/sourcedata/freesurfer/sub-v2s13x29118_ses-1/mri
/opt/freesurfer/bin/talairach_avi
--i orig_nu.mgz --xfm transforms/talairach.auto.xfm
talairach_avi 7.3.2
Linux dna020 5.14.0-427.37.1.el9_4.x86_64 #1 SMP PREEMPT_DYNAMIC Fri Sep 13 12:41:50 EDT 2024 x86_64 x86_64 x86_64 GNU/Linux
Wed Mar 11 04:22:54 CET 2026
mri_convert orig_nu.mgz talsrcimg.img 
reading from orig_nu.mgz...
TR=0.00, TE=0.00, TI=0.00, flip angle=0.00
i_ras = (-1, 1.92338e-10, 0)
j_ras = (3.23938e-11, 0, -1)
k_ras = (-1.92591e-10, 1, 0)
writing to talsrcimg.img...
Analyze Output Matrix
-0.89844   0.00000  -0.00000   117.17636;
 0.00000   0.00000   0.89844  -119.40244;
 0.00000  -0.89844   0.00000   124.46619;
 0.00000   0.00000   0.00000   1.00000;
--------------------
INFO: set hdr.hist.orient to -1
mpr2mni305 talsrcimg
Wed Mar 11 04:22:55 CET 2026
/opt/freesurfer/bin/mpr2mni305 talsrcimg
mpr2mni305 7.3.2
target=711-2C_as_mni_average_305

---------------------------------------------------------------------
analyzeto4dfp talsrcimg -O0 -y
---------------------------------------------------------------------

freesurfer ifh2hdr.c
Wed Mar 11 04:22:55 2026
Writing: talsrcimg.4dfp.hdr
freesurfer analyzeto4dfp.c
Reading: talsrcimg.hdr
header size 348 bytes
hdr.dime.datatype	offset=70	value=2
hdr.dime.bitpix		offset=72	value=8
hdr.hist.orient		offset=252	value=-1
dimensionality     4
dimensions       256       256       256         1
Reading: talsrcimg.img
Writing: talsrcimg.4dfp.img
Writing: talsrcimg.4dfp.ifh
ifh2hdr talsrcimg -r0to249
ori=2

---------------------------------------------------------------------
gauss_4dfp talsrcimg 1.1
---------------------------------------------------------------------

freesurfer gauss_4dfp.c
Reading: talsrcimg.4dfp.img
Writing: talsrcimg_g11.4dfp.img
image dimensions 256 256 256 padded to 288 288 288
processing volume 1freesurfer ifh2hdr.c
Wed Mar 11 04:22:57 2026
Writing: talsrcimg_g11.4dfp.hdr

Writing: talsrcimg_g11.4dfp.ifh
including: talsrcimg.4dfp.img.rec in talsrcimg_g11.4dfp.img.rec

---------------------------------------------------------------------
imgreg_4dfp /opt/freesurfer/average/711-2C_as_mni_average_305 none talsrcimg_g11 none talsrcimg_to_711-2C_as_mni_average_305_t4 4355
---------------------------------------------------------------------

freesurfer imgreg_4dfp.c
/opt/freesurfer/average/711-2C_as_mni_average_305.4dfp.img
       256       256       256         1
  1.000000  1.000000  1.000000
orientation T byte_order littleendian
Reading image: /opt/freesurfer/average/711-2C_as_mni_average_305.4dfp.img
dimensions:      256       256       256
mmppix:       1.0000   -1.0000   -1.0000
center:     128.0000 -129.0000 -129.0000
talsrcimg_g11.4dfp.img
       256       256       256         1
  0.898437  0.898437  0.898437
orientation T byte_order littleendian
Reading image: talsrcimg_g11.4dfp.img
dimensions:      256       256       256
mmppix:       0.8984   -0.8984   -0.8984
center:     114.9999 -115.8984 -115.8984
t4_read: open error in t4_sub.f l:  41 t4_file(1:l)talsrcimg_to_711-2C_as_mni_average_305_t4 
t4_read: transform initialized to I4
rotation matrix determinant  1.000000
image alignment mode   4355 decimal     1103 hex
   -7.5000  -45.0000  -45.0000 5956.4277   16.1819
    0.0000  -45.0000  -45.0000 5983.4536   16.2344
    7.5000  -45.0000  -45.0000 5653.3198   16.2819
   -7.5000  -37.5000  -45.0000 6390.0591   17.1938
    0.0000  -37.5000  -45.0000 6420.7549   17.2444
    7.5000  -37.5000  -45.0000 6066.0552   17.2929
   -7.5000  -30.0000  -45.0000 6821.9834   17.7278
    0.0000  -30.0000  -45.0000 6866.7085   17.7775
    7.5000  -30.0000  -45.0000 6457.8120   17.8289
   -7.5000  -22.5000  -45.0000 7305.7002   17.7180
    0.0000  -22.5000  -45.0000 7344.7075   17.7700
    7.5000  -22.5000  -45.0000 6933.4507   17.8249
   -7.5000  -15.0000  -45.0000 7791.0781   17.7149
    0.0000  -15.0000  -45.0000 7838.4282   17.7723
    7.5000  -15.0000  -45.0000 7399.3306   17.8300
   -7.5000   -7.5000  -45.0000 7952.7798   17.7207
    0.0000   -7.5000  -45.0000 7988.4292   17.7810
    7.5000   -7.5000  -45.0000 7539.3110   17.8375
   -7.5000    0.0000  -45.0000 8027.0830   17.7329
    0.0000    0.0000  -45.0000 8064.4688   17.7905
    7.5000    0.0000  -45.0000 7611.2100   17.8425
   -7.5000    7.5000  -45.0000 7730.1240   17.7359
    0.0000    7.5000  -45.0000 7760.8296   17.7881
    7.5000    7.5000  -45.0000 7320.8228   17.8381
   -7.5000   15.0000  -45.0000 7572.5176   17.7278
    0.0000   15.0000  -45.0000 7607.0698   17.7775
    7.5000   15.0000  -45.0000 7183.8198   17.8289
   -7.5000   22.5000  -45.0000 6982.0981   17.4797
    0.0000   22.5000  -45.0000 7018.2334   17.5309
    7.5000   22.5000  -45.0000 6591.8252   17.5851
   -7.5000   30.0000  -45.0000 6414.3447   17.0106
    0.0000   30.0000  -45.0000 6427.7329   17.0657
    7.5000   30.0000  -45.0000 6010.8379   17.1211
   -7.5000   37.5000  -45.0000 5865.8296   16.5571
    0.0000   37.5000  -45.0000 5882.1826   16.6133
    7.5000   37.5000  -45.0000 5493.7085   16.6651
   -7.5000   45.0000  -45.0000 5393.1621   16.4407
    0.0000   45.0000  -45.0000 5402.6562   16.4923
    7.5000   45.0000  -45.0000 5057.7085   16.5274
   -7.5000  -45.0000  -37.5000 6542.0493   16.9578
    0.0000  -45.0000  -37.5000 6579.9604   17.0131
    7.5000  -45.0000  -37.5000 6205.4697   17.0632
   -7.5000  -37.5000  -37.5000 7020.9575   18.0251
    0.0000  -37.5000  -37.5000 7063.5762   18.0813
    7.5000  -37.5000  -37.5000 6654.9419   18.1366
   -7.5000  -30.0000  -37.5000 7487.3901   18.5483
    0.0000  -30.0000  -37.5000 7533.3970   18.6073
    7.5000  -30.0000  -37.5000 7079.2026   18.6682
   -7.5000  -22.5000  -37.5000 7997.4976   18.5348
    0.0000  -22.5000  -37.5000 8041.7856   18.5972
    7.5000  -22.5000  -37.5000 7569.2769   18.6604
   -7.5000  -15.0000  -37.5000 8506.0439   18.5328
    0.0000  -15.0000  -37.5000 8559.5938   18.5982
    7.5000  -15.0000  -37.5000 8054.5776   18.6603
   -7.5000   -7.5000  -37.5000 8653.9502   18.5431
    0.0000   -7.5000  -37.5000 8701.2100   18.6079
    7.5000   -7.5000  -37.5000 8201.7217   18.6661
   -7.5000    0.0000  -37.5000 8704.6865   18.5596
    0.0000    0.0000  -37.5000 8755.7783   18.6201
    7.5000    0.0000  -37.5000 8282.7402   18.6750
   -7.5000    7.5000  -37.5000 8391.5635   18.5606
    0.0000    7.5000  -37.5000 8430.2676   18.6185
    7.5000    7.5000  -37.5000 7955.0225   18.6754
   -7.5000   15.0000  -37.5000 8226.1777   18.5474
    0.0000   15.0000  -37.5000 8276.2773   18.6064
    7.5000   15.0000  -37.5000 7795.2666   18.6673
   -7.5000   22.5000  -37.5000 7549.8184   18.2870
    0.0000   22.5000  -37.5000 7595.3652   18.3485
    7.5000   22.5000  -37.5000 7142.8682   18.4109
   -7.5000   30.0000  -37.5000 6902.0522   17.8085
    0.0000   30.0000  -37.5000 6929.4736   17.8714
    7.5000   30.0000  -37.5000 6508.2461   17.9311
   -7.5000   37.5000  -37.5000 6294.4248   17.3393
    0.0000   37.5000  -37.5000 6319.3467   17.4000
    7.5000   37.5000  -37.5000 5925.4292   17.4539
   -7.5000   45.0000  -37.5000 5785.3447   17.2059
    0.0000   45.0000  -37.5000 5798.4961   17.2594
    7.5000   45.0000  -37.5000 5449.9282   17.2975
   -7.5000  -45.0000  -30.0000 7137.8887   17.7157
    0.0000  -45.0000  -30.0000 7164.8291   17.7626
    7.5000  -45.0000  -30.0000 6738.2891   17.8123
   -7.5000  -37.5000  -30.0000 7632.0229   18.8403
    0.0000  -37.5000  -30.0000 7669.2002   18.8889
    7.5000  -37.5000  -30.0000 7217.6860   18.9455
   -7.5000  -30.0000  -30.0000 8115.0322   19.3691
    0.0000  -30.0000  -30.0000 8154.3408   19.4216
    7.5000  -30.0000  -30.0000 7682.4839   19.4803
   -7.5000  -22.5000  -30.0000 8680.2803   19.3629
    0.0000  -22.5000  -30.0000 8735.9199   19.4191
    7.5000  -22.5000  -30.0000 8213.7969   19.4750
   -7.5000  -15.0000  -30.0000 9238.6260   19.3585
    0.0000  -15.0000  -30.0000 9293.7773   19.4165
    7.5000  -15.0000  -30.0000 8729.9980   19.4693
   -7.5000   -7.5000  -30.0000 9353.9277   19.3600
    0.0000   -7.5000  -30.0000 9410.1074   19.4156
    7.5000   -7.5000  -30.0000 8866.2568   19.4676
   -7.5000    0.0000  -30.0000 9395.9141   19.3690
    0.0000    0.0000  -30.0000 9445.7529   19.4203
    7.5000    0.0000  -30.0000 8909.1123   19.4746
   -7.5000    7.5000  -30.0000 9032.8799   19.3707
    0.0000    7.5000  -30.0000 9072.6807   19.4207
    7.5000    7.5000  -30.0000 8548.8047   19.4789
   -7.5000   15.0000  -30.0000 8867.2959   19.3665
    0.0000   15.0000  -30.0000 8915.3975   19.4189
    7.5000   15.0000  -30.0000 8383.1846   19.4776
   -7.5000   22.5000  -30.0000 8106.5762   19.1049
    0.0000   22.5000  -30.0000 8164.5195   19.1604
    7.5000   22.5000  -30.0000 7686.0942   19.2155
   -7.5000   30.0000  -30.0000 7375.2705   18.6155
    0.0000   30.0000  -30.0000 7407.8770   18.6714
    7.5000   30.0000  -30.0000 6982.7964   18.7221
   -7.5000   37.5000  -30.0000 6722.8125   18.1297
    0.0000   37.5000  -30.0000 6748.7124   18.1824
    7.5000   37.5000  -30.0000 6345.2661   18.2310
   -7.5000   45.0000  -30.0000 6157.6362   17.9807
    0.0000   45.0000  -30.0000 6166.4507   18.0257
    7.5000   45.0000  -30.0000 5798.5903   18.0651
   -7.5000  -45.0000  -22.5000 7723.8213   18.4853
    0.0000  -45.0000  -22.5000 7751.2695   18.5221
    7.5000  -45.0000  -22.5000 7278.0449   18.5706
   -7.5000  -37.5000  -22.5000 8241.0225   19.6739
    0.0000  -37.5000  -22.5000 8265.3379   19.7110
    7.5000  -37.5000  -22.5000 7762.9868   19.7640
   -7.5000  -30.0000  -22.5000 8762.5156   20.2185
    0.0000  -30.0000  -22.5000 8793.7031   20.2573
    7.5000  -30.0000  -22.5000 8269.5254   20.3064
   -7.5000  -22.5000  -22.5000 9382.4424   20.2238
    0.0000  -22.5000  -22.5000 9421.3848   20.2662
    7.5000  -22.5000  -22.5000 8840.0059   20.3085
   -7.5000  -15.0000  -22.5000 9994.2021   20.2150
    0.0000  -15.0000  -22.500010018.1680   20.2600
    7.5000  -15.0000  -22.5000 9406.7529   20.3011
   -7.5000   -7.5000  -22.500010108.3408   20.2018
    0.0000   -7.5000  -22.500010143.8350   20.2455
    7.5000   -7.5000  -22.5000 9527.7793   20.2917
   -7.5000    0.0000  -22.500010123.3662   20.1989
    0.0000    0.0000  -22.500010167.4541   20.2392
    7.5000    0.0000  -22.5000 9572.4141   20.2921
   -7.5000    7.5000  -22.5000 9676.3428   20.2026
    0.0000    7.5000  -22.5000 9716.3594   20.2407
    7.5000    7.5000  -22.5000 9147.5547   20.2952
   -7.5000   15.0000  -22.5000 9465.9062   20.2137
    0.0000   15.0000  -22.5000 9504.3535   20.2524
    7.5000   15.0000  -22.5000 8967.5039   20.3015
   -7.5000   22.5000  -22.5000 8658.6875   19.9562
    0.0000   22.5000  -22.5000 8700.6992   19.9981
    7.5000   22.5000  -22.5000 8205.1553   20.0398
   -7.5000   30.0000  -22.5000 7855.3145   19.4534
    0.0000   30.0000  -22.5000 7893.9106   19.4967
    7.5000   30.0000  -22.5000 7456.0884   19.5363
   -7.5000   37.5000  -22.5000 7155.4648   18.9463
    0.0000   37.5000  -22.5000 7178.2651   18.9880
    7.5000   37.5000  -22.5000 6779.5171   19.0312
   -7.5000   45.0000  -22.5000 6524.9668   18.7915
    0.0000   45.0000  -22.5000 6521.8701   18.8273
    7.5000   45.0000  -22.5000 6143.3574   18.8665
   -7.5000  -45.0000  -15.0000 8300.2412   19.1734
    0.0000  -45.0000  -15.0000 8307.0078   19.2103
    7.5000  -45.0000  -15.0000 7799.9966   19.2594
   -7.5000  -37.5000  -15.0000 8849.1367   20.4055
    0.0000  -37.5000  -15.0000 8871.6709   20.4405
    7.5000  -37.5000  -15.0000 8310.5430   20.4900
   -7.5000  -30.0000  -15.0000 9422.4375   20.9549
    0.0000  -30.0000  -15.0000 9414.9072   20.9885
    7.5000  -30.0000  -15.0000 8848.6641   21.0319
   -7.5000  -22.5000  -15.000010067.1650   20.9629
    0.0000  -22.5000  -15.000010069.5938   20.9994
    7.5000  -22.5000  -15.0000 9445.1221   21.0376
   -7.5000  -15.0000  -15.000010702.3057   20.9529
    0.0000  -15.0000  -15.000010718.3145   20.9942
    7.5000  -15.0000  -15.000010024.8018   21.0353
   -7.5000   -7.5000  -15.000010818.5459   20.9364
    0.0000   -7.5000  -15.000010847.1221   20.9789
    7.5000   -7.5000  -15.000010150.5391   21.0275
   -7.5000    0.0000  -15.000010857.2129   20.9304
    0.0000    0.0000  -15.000010906.3838   20.9707
    7.5000    0.0000  -15.000010215.0850   21.0243
   -7.5000    7.5000  -15.000010315.9756   20.9335
    0.0000    7.5000  -15.000010358.5811   20.9694
    7.5000    7.5000  -15.0000 9717.1201   21.0202
   -7.5000   15.0000  -15.000010070.9492   20.9485
    0.0000   15.0000  -15.000010108.2227   20.9821
    7.5000   15.0000  -15.0000 9504.9912   21.0254
   -7.5000   22.5000  -15.0000 9199.7168   20.6887
    0.0000   22.5000  -15.0000 9234.2275   20.7248
    7.5000   22.5000  -15.0000 8698.9014   20.7624
   -7.5000   30.0000  -15.0000 8323.9033   20.1787
    0.0000   30.0000  -15.0000 8347.9473   20.2185
    7.5000   30.0000  -15.0000 7903.3447   20.2581
   -7.5000   37.5000  -15.0000 7576.8608   19.6647
    0.0000   37.5000  -15.0000 7592.4092   19.7054
    7.5000   37.5000  -15.0000 7187.7993   19.7502
   -7.5000   45.0000  -15.0000 6883.2979   19.5146
    0.0000   45.0000  -15.0000 6882.6108   19.5515
    7.5000   45.0000  -15.0000 6498.7388   19.5902
   -7.5000  -45.0000   -7.5000 8622.9541   19.1861
    0.0000  -45.0000   -7.5000 8626.8594   19.2352
    7.5000  -45.0000   -7.5000 8088.5513   19.2872
   -7.5000  -37.5000   -7.5000 9167.7910   20.4163
    0.0000  -37.5000   -7.5000 9185.1074   20.4625
    7.5000  -37.5000   -7.5000 8604.9941   20.5136
   -7.5000  -30.0000   -7.5000 9758.9746   20.9554
    0.0000  -30.0000   -7.5000 9773.0098   20.9984
    7.5000  -30.0000   -7.5000 9156.9570   21.0470
   -7.5000  -22.5000   -7.500010421.2529   20.9546
    0.0000  -22.5000   -7.500010432.1797   20.9996
    7.5000  -22.5000   -7.5000 9753.4287   21.0484
   -7.5000  -15.0000   -7.500011041.9658   20.9479
    0.0000  -15.0000   -7.500011066.5518   20.9990
    7.5000  -15.0000   -7.500010317.7588   21.0526
   -7.5000   -7.5000   -7.500011168.5957   20.9416
    0.0000   -7.5000   -7.500011196.6895   20.9967
    7.5000   -7.5000   -7.500010427.0020   21.0544
   -7.5000    0.0000   -7.500011227.5918   20.9442
    0.0000    0.0000   -7.500011272.4678   20.9979
    7.5000    0.0000   -7.500010512.3135   21.0547
   -7.5000    7.5000   -7.500010622.4375   20.9446
    0.0000    7.5000   -7.500010659.7861   20.9921
    7.5000    7.5000   -7.5000 9953.8721   21.0445
   -7.5000   15.0000   -7.500010346.2139   20.9489
    0.0000   15.0000   -7.500010373.7861   20.9919
    7.5000   15.0000   -7.5000 9708.4258   21.0405
   -7.5000   22.5000   -7.5000 9436.2480   20.6805
    0.0000   22.5000   -7.5000 9467.0566   20.7250
    7.5000   22.5000   -7.5000 8892.3018   20.7730
   -7.5000   30.0000   -7.5000 8527.1094   20.1739
    0.0000   30.0000   -7.5000 8546.4238   20.2232
    7.5000   30.0000   -7.5000 8075.1582   20.2747
   -7.5000   37.5000   -7.5000 7733.0044   19.6697
    0.0000   37.5000   -7.5000 7759.3374   19.7218
    7.5000   37.5000   -7.5000 7345.7642   19.7746
   -7.5000   45.0000   -7.5000 7033.7280   19.5280
    0.0000   45.0000   -7.5000 7048.2383   19.5771
    7.5000   45.0000   -7.5000 6649.0015   19.6165
   -7.5000  -45.0000    0.0000 8726.9688   19.6450
    0.0000  -45.0000    0.0000 8751.3457   19.7081
    7.5000  -45.0000    0.0000 8222.2578   19.7656
   -7.5000  -37.5000    0.0000 9264.2676   20.8929
    0.0000  -37.5000    0.0000 9300.3994   20.9545
    7.5000  -37.5000    0.0000 8744.0049   21.0137
   -7.5000  -30.0000    0.0000 9867.9658   21.4162
    0.0000  -30.0000    0.0000 9896.0176   21.4768
    7.5000  -30.0000    0.0000 9306.2266   21.5399
   -7.5000  -22.5000    0.000010549.1387   21.4040
    0.0000  -22.5000    0.000010603.5889   21.4670
    7.5000  -22.5000    0.0000 9926.9355   21.5345
   -7.5000  -15.0000    0.000011199.2949   21.4011
    0.0000  -15.0000    0.000011258.7041   21.4699
    7.5000  -15.0000    0.000010486.6621   21.5401
   -7.5000   -7.5000    0.000011345.7158   21.4090
    0.0000   -7.5000    0.000011401.7041   21.4808
    7.5000   -7.5000    0.000010590.3330   21.5490
   -7.5000    0.0000    0.000011363.7891   21.4240
    0.0000    0.0000    0.000011406.9023   21.4928
    7.5000    0.0000    0.000010612.5264   21.5555
   -7.5000    7.5000    0.000010687.9746   21.4194
    0.0000    7.5000    0.000010711.4941   21.4825
    7.5000    7.5000    0.000010013.7949   21.5433
   -7.5000   15.0000    0.000010401.4062   21.4086
    0.0000   15.0000    0.000010392.7510   21.4692
    7.5000   15.0000    0.0000 9730.2031   21.5323
   -7.5000   22.5000    0.0000 9475.6973   21.1270
    0.0000   22.5000    0.0000 9488.0605   21.1892
    7.5000   22.5000    0.0000 8897.9863   21.2558
   -7.5000   30.0000    0.0000 8572.6221   20.6228
    0.0000   30.0000    0.0000 8613.2500   20.6891
    7.5000   30.0000    0.0000 8104.1436   20.7567
   -7.5000   37.5000    0.0000 7763.7822   20.1335
    0.0000   37.5000    0.0000 7809.1265   20.2009
    7.5000   37.5000    0.0000 7356.5830   20.2637
   -7.5000   45.0000    0.0000 7070.8408   20.0191
    0.0000   45.0000    0.0000 7095.3911   20.0812
    7.5000   45.0000    0.0000 6677.0176   20.1241
   -7.5000  -45.0000    7.5000 8490.0449   19.6133
    0.0000  -45.0000    7.5000 8521.8955   19.6758
    7.5000  -45.0000    7.5000 8037.3472   19.7333
   -7.5000  -37.5000    7.5000 9004.2500   20.8582
    0.0000  -37.5000    7.5000 9025.1445   20.9219
    7.5000  -37.5000    7.5000 8524.7266   20.9855
   -7.5000  -30.0000    7.5000 9566.3760   21.3760
    0.0000  -30.0000    7.5000 9589.9805   21.4430
    7.5000  -30.0000    7.5000 9074.4277   21.5128
   -7.5000  -22.5000    7.500010284.6143   21.3605
    0.0000  -22.5000    7.500010352.6426   21.4313
    7.5000  -22.5000    7.5000 9727.1982   21.5039
   -7.5000  -15.0000    7.500011012.0469   21.3583
    0.0000  -15.0000    7.500011103.5176   21.4326
    7.5000  -15.0000    7.500010298.6533   21.5036
   -7.5000   -7.5000    7.500011127.5762   21.3704
    0.0000   -7.5000    7.500011207.4980   21.4436
    7.5000   -7.5000    7.500010372.1445   21.5100
   -7.5000    0.0000    7.500011067.8057   21.3894
    0.0000    0.0000    7.500011103.5146   21.4576
    7.5000    0.0000    7.500010351.3291   21.5202
   -7.5000    7.5000    7.500010320.7002   21.3838
    0.0000    7.5000    7.500010339.5498   21.4491
    7.5000    7.5000    7.5000 9697.6494   21.5143
   -7.5000   15.0000    7.500010028.9180   21.3685
    0.0000   15.0000    7.500010026.6953   21.4354
    7.5000   15.0000    7.5000 9393.4424   21.5052
   -7.5000   22.5000    7.5000 9153.3789   21.0840
    0.0000   22.5000    7.5000 9169.7617   21.1540
    7.5000   22.5000    7.5000 8599.7842   21.2255
   -7.5000   30.0000    7.5000 8292.6689   20.5816
    0.0000   30.0000    7.5000 8327.3721   20.6531
    7.5000   30.0000    7.5000 7840.3442   20.7216
   -7.5000   37.5000    7.5000 7517.8433   20.0977
    0.0000   37.5000    7.5000 7546.7593   20.1667
    7.5000   37.5000    7.5000 7098.2554   20.2286
   -7.5000   45.0000    7.5000 6847.0264   19.9916
    0.0000   45.0000    7.5000 6866.9858   20.0522
    7.5000   45.0000    7.5000 6450.6123   20.0960
   -7.5000  -45.0000   15.0000 8525.7285   19.6025
    0.0000  -45.0000   15.0000 8562.9473   19.6544
    7.5000  -45.0000   15.0000 8105.2642   19.7094
   -7.5000  -37.5000   15.0000 9007.0156   20.8497
    0.0000  -37.5000   15.0000 9028.7598   20.9034
    7.5000  -37.5000   15.0000 8570.5859   20.9660
   -7.5000  -30.0000   15.0000 9572.3516   21.3780
    0.0000  -30.0000   15.0000 9590.6904   21.4358
    7.5000  -30.0000   15.0000 9130.6914   21.5005
   -7.5000  -22.5000   15.000010327.4590   21.3710
    0.0000  -22.5000   15.000010393.3926   21.4330
    7.5000  -22.5000   15.0000 9799.3145   21.4946
   -7.5000  -15.0000   15.000011067.3350   21.3659
    0.0000  -15.0000   15.000011187.2520   21.4300
    7.5000  -15.0000   15.000010404.3643   21.4882
   -7.5000   -7.5000   15.000011195.4590   21.3676
    0.0000   -7.5000   15.000011302.4492   21.4290
    7.5000   -7.5000   15.000010478.4395   21.4863
   -7.5000    0.0000   15.000011107.3877   21.3777
    0.0000    0.0000   15.000011161.6494   21.4343
    7.5000    0.0000   15.000010438.0791   21.4942
   -7.5000    7.5000   15.000010348.9102   21.3751
    0.0000    7.5000   15.000010374.5410   21.4302
    7.5000    7.5000   15.0000 9755.5889   21.4943
   -7.5000   15.0000   15.0000 9987.3203   21.3704
    0.0000   15.0000   15.0000 9997.6611   21.4282
    7.5000   15.0000   15.0000 9413.0449   21.4929
   -7.5000   22.5000   15.0000 9123.8408   21.0944
    0.0000   22.5000   15.0000 9147.0469   21.1556
    7.5000   22.5000   15.0000 8597.7461   21.2164
   -7.5000   30.0000   15.0000 8286.3584   20.5889
    0.0000   30.0000   15.0000 8316.8213   20.6506
    7.5000   30.0000   15.0000 7840.1855   20.7067
   -7.5000   37.5000   15.0000 7514.3145   20.0949
    0.0000   37.5000   15.0000 7531.7236   20.1532
    7.5000   37.5000   15.0000 7102.4458   20.2071
   -7.5000   45.0000   15.0000 6804.0850   19.9802
    0.0000   45.0000   15.0000 6820.7202   20.0301
    7.5000   45.0000   15.0000 6425.8379   20.0738
   -7.5000  -45.0000   22.5000 8126.0337   19.6593
    0.0000  -45.0000   22.5000 8149.2988   19.6988
    7.5000  -45.0000   22.5000 7743.9922   19.7507
   -7.5000  -37.5000   22.5000 8593.4297   20.9138
    0.0000  -37.5000   22.5000 8618.9883   20.9537
    7.5000  -37.5000   22.5000 8205.8965   21.0104
   -7.5000  -30.0000   22.5000 9139.7246   21.4605
    0.0000  -30.0000   22.5000 9178.5117   21.5020
    7.5000  -30.0000   22.5000 8749.4463   21.5546
   -7.5000  -22.5000   22.5000 9819.7070   21.4667
    0.0000  -22.5000   22.5000 9906.5576   21.5121
    7.5000  -22.5000   22.5000 9381.1416   21.5573
   -7.5000  -15.0000   22.500010502.1270   21.4575
    0.0000  -15.0000   22.500010613.0273   21.5057
    7.5000  -15.0000   22.5000 9948.8906   21.5497
   -7.5000   -7.5000   22.500010634.0830   21.4432
    0.0000   -7.5000   22.500010754.1338   21.4900
    7.5000   -7.5000   22.500010024.9639   21.5395
   -7.5000    0.0000   22.500010621.4609   21.4396
    0.0000    0.0000   22.500010726.4092   21.4827
    7.5000    0.0000   22.500010022.9248   21.5393
   -7.5000    7.5000   22.5000 9895.1787   21.4408
    0.0000    7.5000   22.5000 9970.0039   21.4817
    7.5000    7.5000   22.5000 9360.1162   21.5399
   -7.5000   15.0000   22.5000 9501.7344   21.4529
    0.0000   15.0000   22.5000 9539.0049   21.4944
    7.5000   15.0000   22.5000 8980.2363   21.5469
   -7.5000   22.5000   22.5000 8664.5947   21.1889
    0.0000   22.5000   22.5000 8696.3330   21.2337
    7.5000   22.5000   22.5000 8187.6860   21.2783
   -7.5000   30.0000   22.5000 7878.2646   20.6772
    0.0000   30.0000   22.5000 7887.2031   20.7236
    7.5000   30.0000   22.5000 7447.9263   20.7660
   -7.5000   37.5000   22.5000 7120.7656   20.1656
    0.0000   37.5000   22.5000 7125.4868   20.2104
    7.5000   37.5000   22.5000 6732.0688   20.2568
   -7.5000   45.0000   22.5000 6399.7856   20.0341
    0.0000   45.0000   22.5000 6409.1890   20.0727
    7.5000   45.0000   22.5000 6068.6494   20.1149
   -7.5000  -45.0000   30.0000 7658.5464   19.7004
    0.0000  -45.0000   30.0000 7725.1558   19.7381
    7.5000  -45.0000   30.0000 7294.9424   19.7880
   -7.5000  -37.5000   30.0000 8132.6699   20.9673
    0.0000  -37.5000   30.0000 8182.8618   21.0027
    7.5000  -37.5000   30.0000 7748.4858   21.0532
   -7.5000  -30.0000   30.0000 8652.8174   21.5224
    0.0000  -30.0000   30.0000 8724.6885   21.5563
    7.5000  -30.0000   30.0000 8274.1514   21.6008
   -7.5000  -22.5000   30.0000 9262.4814   21.5310
    0.0000  -22.5000   30.0000 9348.8818   21.5683
    7.5000  -22.5000   30.0000 8853.0107   21.6075
   -7.5000  -15.0000   30.0000 9841.9395   21.5211
    0.0000  -15.0000   30.0000 9921.6162   21.5638
    7.5000  -15.0000   30.0000 9386.4023   21.6057
   -7.5000   -7.5000   30.0000 9961.7402   21.5041
    0.0000   -7.5000   30.000010019.1855   21.5480
    7.5000   -7.5000   30.0000 9463.0811   21.5973
   -7.5000    0.0000   30.000010007.9746   21.4975
    0.0000    0.0000   30.000010044.7979   21.5387
    7.5000    0.0000   30.0000 9474.5312   21.5931
   -7.5000    7.5000   30.0000 9362.9053   21.4993
    0.0000    7.5000   30.0000 9387.2988   21.5356
    7.5000    7.5000   30.0000 8876.3867   21.5874
   -7.5000   15.0000   30.0000 8974.3789   21.5148
    0.0000   15.0000   30.0000 8980.1230   21.5487
    7.5000   15.0000   30.0000 8510.4697   21.5931
   -7.5000   22.5000   30.0000 8172.0293   21.2504
    0.0000   22.5000   30.0000 8179.2617   21.2873
    7.5000   22.5000   30.0000 7742.6680   21.3260
   -7.5000   30.0000   30.0000 7411.2539   20.7480
    0.0000   30.0000   30.0000 7420.5098   20.7891
    7.5000   30.0000   30.0000 7011.0522   20.8295
   -7.5000   37.5000   30.0000 6663.5049   20.2421
    0.0000   37.5000   30.0000 6682.4346   20.2842
    7.5000   37.5000   30.0000 6321.4663   20.3298
   -7.5000   45.0000   30.0000 5966.8745   20.1161
    0.0000   45.0000   30.0000 5988.0771   20.1541
    7.5000   45.0000   30.0000 5679.7993   20.1932
   -7.5000  -45.0000   37.5000 7193.6118   19.6590
    0.0000  -45.0000   37.5000 7234.3188   19.7123
    7.5000  -45.0000   37.5000 6850.5874   19.7679
   -7.5000  -37.5000   37.5000 7632.9536   20.9246
    0.0000  -37.5000   37.5000 7677.3232   20.9734
    7.5000  -37.5000   37.5000 7271.5776   21.0286
   -7.5000  -30.0000   37.5000 8120.5181   21.4517
    0.0000  -30.0000   37.5000 8176.7637   21.4962
    7.5000  -30.0000   37.5000 7758.0596   21.5496
   -7.5000  -22.5000   37.5000 8673.5449   21.4488
    0.0000  -22.5000   37.5000 8738.9824   21.4959
    7.5000  -22.5000   37.5000 8286.8232   21.5500
   -7.5000  -15.0000   37.5000 9183.5684   21.4429
    0.0000  -15.0000   37.5000 9254.7246   21.4981
    7.5000  -15.0000   37.5000 8774.9844   21.5567
   -7.5000   -7.5000   37.5000 9278.8516   21.4393
    0.0000   -7.5000   37.5000 9346.7734   21.4995
    7.5000   -7.5000   37.5000 8861.7588   21.5615
   -7.5000    0.0000   37.5000 9328.7373   21.4440
    0.0000    0.0000   37.5000 9395.7393   21.5022
    7.5000    0.0000   37.5000 8886.9668   21.5628
   -7.5000    7.5000   37.5000 8749.1777   21.4423
    0.0000    7.5000   37.5000 8799.6113   21.4924
    7.5000    7.5000   37.5000 8324.1943   21.5489
   -7.5000   15.0000   37.5000 8402.1221   21.4438
    0.0000   15.0000   37.5000 8436.6504   21.4884
    7.5000   15.0000   37.5000 7987.7271   21.5418
   -7.5000   22.5000   37.5000 7660.6895   21.1656
    0.0000   22.5000   37.5000 7693.3330   21.2122
    7.5000   22.5000   37.5000 7272.8042   21.2656
   -7.5000   30.0000   37.5000 6951.9966   20.6724
    0.0000   30.0000   37.5000 6972.4775   20.7257
    7.5000   30.0000   37.5000 6596.3188   20.7821
   -7.5000   37.5000   37.5000 6234.5044   20.1796
    0.0000   37.5000   37.5000 6268.9731   20.2366
    7.5000   37.5000   37.5000 5935.4077   20.2936
   -7.5000   45.0000   37.5000 5571.8008   20.0620
    0.0000   45.0000   37.5000 5611.5684   20.1154
    7.5000   45.0000   37.5000 5320.0405   20.1578
   -7.5000  -45.0000   45.0000 6686.1895   19.7188
    0.0000  -45.0000   45.0000 6735.7529   19.7871
    7.5000  -45.0000   45.0000 6357.9268   19.8488
   -7.5000  -37.5000   45.0000 7089.1548   20.9804
    0.0000  -37.5000   45.0000 7140.1753   21.0460
    7.5000  -37.5000   45.0000 6753.1582   21.1119
   -7.5000  -30.0000   45.0000 7552.2710   21.4715
    0.0000  -30.0000   45.0000 7615.3022   21.5344
    7.5000  -30.0000   45.0000 7207.6611   21.6050
   -7.5000  -22.5000   45.0000 8054.2495   21.4607
    0.0000  -22.5000   45.0000 8129.1118   21.5253
    7.5000  -22.5000   45.0000 7704.6260   21.5993
   -7.5000  -15.0000   45.0000 8512.2510   21.4640
    0.0000  -15.0000   45.0000 8579.1611   21.5359
    7.5000  -15.0000   45.0000 8146.0474   21.6104
   -7.5000   -7.5000   45.0000 8593.4814   21.4766
    0.0000   -7.5000   45.0000 8656.3428   21.5534
    7.5000   -7.5000   45.0000 8227.2100   21.6249
   -7.5000    0.0000   45.0000 8655.1953   21.4905
    0.0000    0.0000   45.0000 8717.9736   21.5650
    7.5000    0.0000   45.0000 8274.4854   21.6322
   -7.5000    7.5000   45.0000 8142.7021   21.4788
    0.0000    7.5000   45.0000 8191.8184   21.5460
    7.5000    7.5000   45.0000 7777.0933   21.6135
   -7.5000   15.0000   45.0000 7814.0596   21.4635
    0.0000   15.0000   45.0000 7843.5703   21.5263
    7.5000   15.0000   45.0000 7440.8945   21.5970
   -7.5000   22.5000   45.0000 7133.3716   21.1746
    0.0000   22.5000   45.0000 7157.0010   21.2384
    7.5000   22.5000   45.0000 6775.3081   21.3113
   -7.5000   30.0000   45.0000 6477.9146   20.6906
    0.0000   30.0000   45.0000 6518.3618   20.7600
    7.5000   30.0000   45.0000 6160.3062   20.8318
   -7.5000   37.5000   45.0000 5807.6694   20.1916
    0.0000   37.5000   45.0000 5853.6104   20.2637
    7.5000   37.5000   45.0000 5538.6084   20.3298
   -7.5000   45.0000   45.0000 5201.2622   20.0737
    0.0000   45.0000   45.0000 5234.7969   20.1408
    7.5000   45.0000   45.0000 4952.1143   20.1875

---------------------------------------------------------------------
imgreg_4dfp /opt/freesurfer/average/711-2C_as_mni_average_305 /opt/freesurfer/average/711-2B_as_mni_average_305_mask talsrcimg_g11 none talsrcimg_to_711-2C_as_mni_average_305_t4 4355
---------------------------------------------------------------------

freesurfer imgreg_4dfp.c
/opt/freesurfer/average/711-2C_as_mni_average_305.4dfp.img
       256       256       256         1
  1.000000  1.000000  1.000000
orientation T byte_order littleendian
Reading image: /opt/freesurfer/average/711-2C_as_mni_average_305.4dfp.img
dimensions:      256       256       256
mmppix:       1.0000   -1.0000   -1.0000
center:     128.0000 -129.0000 -129.0000
/opt/freesurfer/average/711-2B_as_mni_average_305_mask.4dfp.img
       256       256       256         1
  1.000000  1.000000  1.000000
orientation T byte_order littleendian
Reading mask: /opt/freesurfer/average/711-2B_as_mni_average_305_mask.4dfp.img (2306576 pixels)
talsrcimg_g11.4dfp.img
       256       256       256         1
  0.898437  0.898437  0.898437
orientation T byte_order littleendian
Reading image: talsrcimg_g11.4dfp.img
dimensions:      256       256       256
mmppix:       0.8984   -0.8984   -0.8984
center:     114.9999 -115.8984 -115.8984
rotation matrix determinant  1.000000
image alignment mode   4355 decimal     1103 hex
   -7.5000  -45.0000  -45.0000 1909.4122   19.7664
    0.0000  -45.0000  -45.0000 1908.1797   19.7621
    7.5000  -45.0000  -45.0000 1891.5946   20.1131
   -7.5000  -37.5000  -45.0000 1968.3844   18.6023
    0.0000  -37.5000  -45.0000 1970.5731   18.6228
    7.5000  -37.5000  -45.0000 1954.5654   18.9028
   -7.5000  -30.0000  -45.0000 2008.4130   17.6874
    0.0000  -30.0000  -45.0000 2014.8496   17.6724
    7.5000  -30.0000  -45.0000 1988.1680   17.9895
   -7.5000  -22.5000  -45.0000 2018.8136   17.1863
    0.0000  -22.5000  -45.0000 2026.0016   17.1742
    7.5000  -22.5000  -45.0000 2007.5010   17.4640
   -7.5000  -15.0000  -45.0000 2022.5532   17.0308
    0.0000  -15.0000  -45.0000 2029.0699   16.9726
    7.5000  -15.0000  -45.0000 2011.2916   17.3108
   -7.5000   -7.5000  -45.0000 2017.7725   17.1949
    0.0000   -7.5000  -45.0000 2023.3159   17.1383
    7.5000   -7.5000  -45.0000 1998.1417   17.4555
   -7.5000    0.0000  -45.0000 1996.0098   17.7716
    0.0000    0.0000  -45.0000 2001.1168   17.6953
    7.5000    0.0000  -45.0000 1978.2775   17.9692
   -7.5000    7.5000  -45.0000 1956.0045   18.5579
    0.0000    7.5000  -45.0000 1967.3967   18.5082
    7.5000    7.5000  -45.0000 1942.6021   18.7919
   -7.5000   15.0000  -45.0000 1902.7135   19.6738
    0.0000   15.0000  -45.0000 1915.6946   19.6151
    7.5000   15.0000  -45.0000 1893.7817   19.9430
   -7.5000   22.5000  -45.0000 1836.3446   21.1624
    0.0000   22.5000  -45.0000 1846.5833   21.1046
    7.5000   22.5000  -45.0000 1818.2679   21.4737
   -7.5000   30.0000  -45.0000 1756.2301   23.1540
    0.0000   30.0000  -45.0000 1762.2371   23.0730
    7.5000   30.0000  -45.0000 1729.3076   23.5399
   -7.5000   37.5000  -45.0000 1635.1940   25.8465
    0.0000   37.5000  -45.0000 1646.2832   25.7428
    7.5000   37.5000  -45.0000 1611.8760   26.2382
   -7.5000   45.0000  -45.0000 1494.1212   29.1944
    0.0000   45.0000  -45.0000 1502.6843   29.0076
    7.5000   45.0000  -45.0000 1485.8040   29.4739
   -7.5000  -45.0000  -37.5000 2082.7148   19.2773
    0.0000  -45.0000  -37.5000 2081.7393   19.2726
    7.5000  -45.0000  -37.5000 2062.6785   19.5446
   -7.5000  -37.5000  -37.5000 2152.8875   18.0850
    0.0000  -37.5000  -37.5000 2154.2607   18.0995
    7.5000  -37.5000  -37.5000 2129.2693   18.3508
   -7.5000  -30.0000  -37.5000 2189.5508   17.1833
    0.0000  -30.0000  -37.5000 2196.0872   17.1696
    7.5000  -30.0000  -37.5000 2162.4521   17.4533
   -7.5000  -22.5000  -37.5000 2196.5093   16.6346
    0.0000  -22.5000  -37.5000 2206.2776   16.6236
    7.5000  -22.5000  -37.5000 2172.4397   16.9385
   -7.5000  -15.0000  -37.5000 2191.8457   16.4612
    0.0000  -15.0000  -37.5000 2201.5708   16.4664
    7.5000  -15.0000  -37.5000 2175.6648   16.7450
   -7.5000   -7.5000  -37.5000 2186.9683   16.6408
    0.0000   -7.5000  -37.5000 2192.1077   16.5837
    7.5000   -7.5000  -37.5000 2167.2100   16.8923
   -7.5000    0.0000  -37.5000 2164.3162   17.0870
    0.0000    0.0000  -37.5000 2172.2424   17.0557
    7.5000    0.0000  -37.5000 2147.9287   17.3646
   -7.5000    7.5000  -37.5000 2129.9053   17.8810
    0.0000    7.5000  -37.5000 2142.0273   17.8227
    7.5000    7.5000  -37.5000 2114.4072   18.1495
   -7.5000   15.0000  -37.5000 2071.3689   18.9471
    0.0000   15.0000  -37.5000 2089.2537   18.9142
    7.5000   15.0000  -37.5000 2062.7373   19.2578
   -7.5000   22.5000  -37.5000 1997.8280   20.4006
    0.0000   22.5000  -37.5000 2011.5675   20.3494
    7.5000   22.5000  -37.5000 1981.4042   20.7148
   -7.5000   30.0000  -37.5000 1907.2108   22.3261
    0.0000   30.0000  -37.5000 1915.8472   22.2771
    7.5000   30.0000  -37.5000 1883.9043   22.7203
   -7.5000   37.5000  -37.5000 1776.9987   24.9135
    0.0000   37.5000  -37.5000 1784.4365   24.8363
    7.5000   37.5000  -37.5000 1753.8191   25.2386
   -7.5000   45.0000  -37.5000 1621.6533   27.9816
    0.0000   45.0000  -37.5000 1630.1982   27.8663
    7.5000   45.0000  -37.5000 1615.2152   28.3255
   -7.5000  -45.0000  -30.0000 2239.1750   18.6555
    0.0000  -45.0000  -30.0000 2238.5703   18.5928
    7.5000  -45.0000  -30.0000 2208.2080   18.8731
   -7.5000  -37.5000  -30.0000 2312.6243   17.3963
    0.0000  -37.5000  -30.0000 2313.5842   17.3771
    7.5000  -37.5000  -30.0000 2284.2783   17.6376
   -7.5000  -30.0000  -30.0000 2351.1548   16.5143
    0.0000  -30.0000  -30.0000 2356.0928   16.4656
    7.5000  -30.0000  -30.0000 2326.6807   16.7048
   -7.5000  -22.5000  -30.0000 2364.9141   15.9879
    0.0000  -22.5000  -30.0000 2376.9685   15.9406
    7.5000  -22.5000  -30.0000 2342.0354   16.2326
   -7.5000  -15.0000  -30.0000 2366.2632   15.8589
    0.0000  -15.0000  -30.0000 2378.7131   15.8246
    7.5000  -15.0000  -30.0000 2343.7136   16.1124
   -7.5000   -7.5000  -30.0000 2355.0540   16.0304
    0.0000   -7.5000  -30.0000 2362.9092   15.9613
    7.5000   -7.5000  -30.0000 2338.4087   16.2574
   -7.5000    0.0000  -30.0000 2331.8943   16.4477
    0.0000    0.0000  -30.0000 2342.6511   16.3629
    7.5000    0.0000  -30.0000 2308.3940   16.6678
   -7.5000    7.5000  -30.0000 2296.3071   17.1829
    0.0000    7.5000  -30.0000 2310.3804   17.0789
    7.5000    7.5000  -30.0000 2271.9690   17.3963
   -7.5000   15.0000  -30.0000 2233.1074   18.2464
    0.0000   15.0000  -30.0000 2247.3142   18.1482
    7.5000   15.0000  -30.0000 2213.7263   18.4909
   -7.5000   22.5000  -30.0000 2144.8035   19.6333
    0.0000   22.5000  -30.0000 2160.6050   19.5619
    7.5000   22.5000  -30.0000 2129.1880   19.9439
   -7.5000   30.0000  -30.0000 2042.8103   21.5437
    0.0000   30.0000  -30.0000 2055.6018   21.4648
    7.5000   30.0000  -30.0000 2023.4437   21.8726
   -7.5000   37.5000  -30.0000 1908.1017   23.9839
    0.0000   37.5000  -30.0000 1922.5243   23.8531
    7.5000   37.5000  -30.0000 1886.2607   24.2074
   -7.5000   45.0000  -30.0000 1742.0300   26.8390
    0.0000   45.0000  -30.0000 1753.9484   26.7038
    7.5000   45.0000  -30.0000 1726.8610   27.1111
   -7.5000  -45.0000  -22.5000 2365.5930   17.8676
    0.0000  -45.0000  -22.5000 2370.3113   17.8392
    7.5000  -45.0000  -22.5000 2335.8833   18.0790
   -7.5000  -37.5000  -22.5000 2441.5830   16.6200
    0.0000  -37.5000  -22.5000 2442.5225   16.6077
    7.5000  -37.5000  -22.5000 2410.3923   16.8094
   -7.5000  -30.0000  -22.5000 2484.4041   15.7490
    0.0000  -30.0000  -22.5000 2491.0667   15.6995
    7.5000  -30.0000  -22.5000 2461.2407   15.9409
   -7.5000  -22.5000  -22.5000 2514.4963   15.2610
    0.0000  -22.5000  -22.5000 2523.7559   15.2146
    7.5000  -22.5000  -22.5000 2490.8442   15.4567
   -7.5000  -15.0000  -22.5000 2529.4963   15.1047
    0.0000  -15.0000  -22.5000 2536.2192   15.0521
    7.5000  -15.0000  -22.5000 2498.8950   15.2889
   -7.5000   -7.5000  -22.5000 2519.4270   15.2455
    0.0000   -7.5000  -22.5000 2528.2449   15.1977
    7.5000   -7.5000  -22.5000 2495.4080   15.4557
   -7.5000    0.0000  -22.5000 2488.0781   15.7204
    0.0000    0.0000  -22.5000 2503.2822   15.6182
    7.5000    0.0000  -22.5000 2461.3831   15.9261
   -7.5000    7.5000  -22.5000 2446.4456   16.4470
    0.0000    7.5000  -22.5000 2465.1284   16.3311
    7.5000    7.5000  -22.5000 2422.3291   16.6474
   -7.5000   15.0000  -22.5000 2377.0764   17.4501
    0.0000   15.0000  -22.5000 2393.4749   17.3521
    7.5000   15.0000  -22.5000 2358.0059   17.6631
   -7.5000   22.5000  -22.5000 2278.9023   18.7789
    0.0000   22.5000  -22.5000 2295.9641   18.6895
    7.5000   22.5000  -22.5000 2261.1592   19.0592
   -7.5000   30.0000  -22.5000 2165.1943   20.5821
    0.0000   30.0000  -22.5000 2181.5779   20.5198
    7.5000   30.0000  -22.5000 2148.6748   20.8869
   -7.5000   37.5000  -22.5000 2022.9962   22.8608
    0.0000   37.5000  -22.5000 2039.0447   22.7506
    7.5000   37.5000  -22.5000 2007.1532   23.1664
   -7.5000   45.0000  -22.5000 1848.4331   25.5963
    0.0000   45.0000  -22.5000 1855.9332   25.4838
    7.5000   45.0000  -22.5000 1823.4482   25.8769
   -7.5000  -45.0000  -15.0000 2452.2063   17.0969
    0.0000  -45.0000  -15.0000 2455.7517   17.0395
    7.5000  -45.0000  -15.0000 2420.0195   17.2518
   -7.5000  -37.5000  -15.0000 2537.3640   15.8350
    0.0000  -37.5000  -15.0000 2545.5625   15.7812
    7.5000  -37.5000  -15.0000 2506.2334   15.9992
   -7.5000  -30.0000  -15.0000 2591.0652   14.9671
    0.0000  -30.0000  -15.0000 2595.3015   14.9106
    7.5000  -30.0000  -15.0000 2569.4050   15.1485
   -7.5000  -22.5000  -15.0000 2627.8416   14.4626
    0.0000  -22.5000  -15.0000 2637.9270   14.3932
    7.5000  -22.5000  -15.0000 2605.6763   14.6323
   -7.5000  -15.0000  -15.0000 2651.0952   14.2542
    0.0000  -15.0000  -15.0000 2666.0374   14.1928
    7.5000  -15.0000  -15.0000 2627.2659   14.4452
   -7.5000   -7.5000  -15.0000 2648.3430   14.3989
    0.0000   -7.5000  -15.0000 2662.2578   14.3311
    7.5000   -7.5000  -15.0000 2623.5852   14.6206
   -7.5000    0.0000  -15.0000 2623.3152   14.8364
    0.0000    0.0000  -15.0000 2641.0696   14.7715
    7.5000    0.0000  -15.0000 2598.1948   15.0764
   -7.5000    7.5000  -15.0000 2579.1189   15.5618
    0.0000    7.5000  -15.0000 2599.0481   15.4742
    7.5000    7.5000  -15.0000 2552.0935   15.7911
   -7.5000   15.0000  -15.0000 2499.4849   16.5542
    0.0000   15.0000  -15.0000 2516.2678   16.4551
    7.5000   15.0000  -15.0000 2475.3035   16.7770
   -7.5000   22.5000  -15.0000 2391.1179   17.8861
    0.0000   22.5000  -15.0000 2408.8196   17.7777
    7.5000   22.5000  -15.0000 2371.1084   18.1242
   -7.5000   30.0000  -15.0000 2265.6919   19.6082
    0.0000   30.0000  -15.0000 2280.9285   19.5183
    7.5000   30.0000  -15.0000 2253.6372   19.8710
   -7.5000   37.5000  -15.0000 2112.7585   21.7411
    0.0000   37.5000  -15.0000 2128.4487   21.6331
    7.5000   37.5000  -15.0000 2101.6929   22.0271
   -7.5000   45.0000  -15.0000 1925.2894   24.2976
    0.0000   45.0000  -15.0000 1935.3700   24.1621
    7.5000   45.0000  -15.0000 1905.5317   24.6088
   -7.5000  -45.0000   -7.5000 2497.4666   16.2654
    0.0000  -45.0000   -7.5000 2500.6917   16.1896
    7.5000  -45.0000   -7.5000 2467.9565   16.4691
   -7.5000  -37.5000   -7.5000 2593.6763   14.9888
    0.0000  -37.5000   -7.5000 2603.0100   14.9333
    7.5000  -37.5000   -7.5000 2569.5908   15.1798
   -7.5000  -30.0000   -7.5000 2659.4543   14.1096
    0.0000  -30.0000   -7.5000 2673.4897   14.0533
    7.5000  -30.0000   -7.5000 2643.9465   14.2974
   -7.5000  -22.5000   -7.5000 2708.8669   13.5929
    0.0000  -22.5000   -7.5000 2723.0598   13.5227
    7.5000  -22.5000   -7.5000 2689.1851   13.7794
   -7.5000  -15.0000   -7.5000 2742.5833   13.3391
    0.0000  -15.0000   -7.5000 2763.9209   13.2879
    7.5000  -15.0000   -7.5000 2720.4331   13.5548
   -7.5000   -7.5000   -7.5000 2747.2590   13.4610
    0.0000   -7.5000   -7.5000 2766.1091   13.4087
    7.5000   -7.5000   -7.5000 2716.3928   13.7049
   -7.5000    0.0000   -7.5000 2724.8523   13.9036
    0.0000    0.0000   -7.5000 2747.5269   13.8383
    7.5000    0.0000   -7.5000 2700.1335   14.1330
   -7.5000    7.5000   -7.5000 2673.5884   14.6128
    0.0000    7.5000   -7.5000 2694.6013   14.5262
    7.5000    7.5000   -7.5000 2646.9009   14.8116
   -7.5000   15.0000   -7.5000 2586.7856   15.5680
    0.0000   15.0000   -7.5000 2606.5391   15.4728
    7.5000   15.0000   -7.5000 2560.2344   15.7841
   -7.5000   22.5000   -7.5000 2471.0327   16.8531
    0.0000   22.5000   -7.5000 2486.1660   16.7601
    7.5000   22.5000   -7.5000 2446.8352   17.0636
   -7.5000   30.0000   -7.5000 2332.6238   18.5372
    0.0000   30.0000   -7.5000 2349.9678   18.4569
    7.5000   30.0000   -7.5000 2311.3870   18.8302
   -7.5000   37.5000   -7.5000 2171.8787   20.6078
    0.0000   37.5000   -7.5000 2184.8757   20.4489
    7.5000   37.5000   -7.5000 2155.1375   20.8602
   -7.5000   45.0000   -7.5000 1971.9473   23.0067
    0.0000   45.0000   -7.5000 1987.9832   22.8392
    7.5000   45.0000   -7.5000 1957.3301   23.2747
   -7.5000  -45.0000    0.0000 2535.3291   15.6696
    0.0000  -45.0000    0.0000 2538.8386   15.6376
    7.5000  -45.0000    0.0000 2506.6477   15.9783
   -7.5000  -37.5000    0.0000 2638.3132   14.3951
    0.0000  -37.5000    0.0000 2651.0513   14.3627
    7.5000  -37.5000    0.0000 2620.2229   14.6851
   -7.5000  -30.0000    0.0000 2728.7244   13.5016
    0.0000  -30.0000    0.0000 2741.8738   13.4526
    7.5000  -30.0000    0.0000 2710.1858   13.7554
   -7.5000  -22.5000    0.0000 2797.4553   12.9371
    0.0000  -22.5000    0.0000 2819.8855   12.9103
    7.5000  -22.5000    0.0000 2777.2581   13.1918
   -7.5000  -15.0000    0.0000 2849.3545   12.7269
    0.0000  -15.0000    0.0000 2875.0034   12.6737
    7.5000  -15.0000    0.0000 2819.8965   12.9570
   -7.5000   -7.5000    0.0000 2862.1897   12.8353
    0.0000   -7.5000    0.0000 2891.8157   12.7859
    7.5000   -7.5000    0.0000 2823.5425   13.0983
   -7.5000    0.0000    0.0000 2827.4954   13.2535
    0.0000    0.0000    0.0000 2852.8633   13.1896
    7.5000    0.0000    0.0000 2795.9338   13.4814
   -7.5000    7.5000    0.0000 2759.4250   13.9040
    0.0000    7.5000    0.0000 2784.9893   13.8281
    7.5000    7.5000    0.0000 2736.9668   14.1277
   -7.5000   15.0000    0.0000 2662.4138   14.8691
    0.0000   15.0000    0.0000 2684.6704   14.7892
    7.5000   15.0000    0.0000 2637.1157   15.1060
   -7.5000   22.5000    0.0000 2535.8330   16.1561
    0.0000   22.5000    0.0000 2552.4226   16.0645
    7.5000   22.5000    0.0000 2506.8494   16.4377
   -7.5000   30.0000    0.0000 2391.2725   17.8526
    0.0000   30.0000    0.0000 2410.9097   17.7324
    7.5000   30.0000    0.0000 2368.0142   18.1335
   -7.5000   37.5000    0.0000 2222.3394   19.8373
    0.0000   37.5000    0.0000 2237.5923   19.6902
    7.5000   37.5000    0.0000 2200.0264   20.1153
   -7.5000   45.0000    0.0000 2020.7306   22.1540
    0.0000   45.0000    0.0000 2035.7371   22.0259
    7.5000   45.0000    0.0000 2001.5717   22.4229
   -7.5000  -45.0000    7.5000 2546.6580   15.2221
    0.0000  -45.0000    7.5000 2552.2307   15.1769
    7.5000  -45.0000    7.5000 2519.9583   15.6082
   -7.5000  -37.5000    7.5000 2660.2993   13.9542
    0.0000  -37.5000    7.5000 2671.3413   13.8902
    7.5000  -37.5000    7.5000 2640.5083   14.2998
   -7.5000  -30.0000    7.5000 2770.3042   13.0327
    0.0000  -30.0000    7.5000 2784.6587   12.9772
    7.5000  -30.0000    7.5000 2746.5940   13.3448
   -7.5000  -22.5000    7.5000 2864.8923   12.4545
    0.0000  -22.5000    7.5000 2890.0435   12.3846
    7.5000  -22.5000    7.5000 2833.1633   12.7340
   -7.5000  -15.0000    7.5000 2940.9919   12.2982
    0.0000  -15.0000    7.5000 2973.3005   12.2385
    7.5000  -15.0000    7.5000 2895.4856   12.5079
   -7.5000   -7.5000    7.5000 2959.7742   12.3652
    0.0000   -7.5000    7.5000 3003.3633   12.2952
    7.5000   -7.5000    7.5000 2903.2864   12.5955
   -7.5000    0.0000    7.5000 2902.6804   12.7228
    0.0000    0.0000    7.5000 2934.0920   12.6523
    7.5000    0.0000    7.5000 2860.3899   12.9670
   -7.5000    7.5000    7.5000 2809.7903   13.3427
    0.0000    7.5000    7.5000 2841.9656   13.2830
    7.5000    7.5000    7.5000 2785.2642   13.6240
   -7.5000   15.0000    7.5000 2703.6501   14.3148
    0.0000   15.0000    7.5000 2729.7483   14.2469
    7.5000   15.0000    7.5000 2677.7131   14.5768
   -7.5000   22.5000    7.5000 2568.9219   15.6542
    0.0000   22.5000    7.5000 2591.3813   15.5515
    7.5000   22.5000    7.5000 2544.1436   15.9127
   -7.5000   30.0000    7.5000 2419.3694   17.3064
    0.0000   30.0000    7.5000 2440.4836   17.1901
    7.5000   30.0000    7.5000 2397.8416   17.5817
   -7.5000   37.5000    7.5000 2245.5732   19.2591
    0.0000   37.5000    7.5000 2262.0383   19.1158
    7.5000   37.5000    7.5000 2221.4329   19.5501
   -7.5000   45.0000    7.5000 2043.0121   21.5308
    0.0000   45.0000    7.5000 2061.0728   21.3740
    7.5000   45.0000    7.5000 2024.9623   21.8047
   -7.5000  -45.0000   15.0000 2541.3062   15.0387
    0.0000  -45.0000   15.0000 2548.0947   14.9886
    7.5000  -45.0000   15.0000 2513.4338   15.4822
   -7.5000  -37.5000   15.0000 2663.9292   13.7583
    0.0000  -37.5000   15.0000 2670.7603   13.6852
    7.5000  -37.5000   15.0000 2634.3774   14.1495
   -7.5000  -30.0000   15.0000 2786.0618   12.8019
    0.0000  -30.0000   15.0000 2796.8679   12.7399
    7.5000  -30.0000   15.0000 2753.5840   13.1518
   -7.5000  -22.5000   15.0000 2895.3047   12.2588
    0.0000  -22.5000   15.0000 2918.5808   12.1785
    7.5000  -22.5000   15.0000 2854.7070   12.5531
   -7.5000  -15.0000   15.0000 2985.1541   12.1354
    0.0000  -15.0000   15.0000 3018.0535   12.0557
    7.5000  -15.0000   15.0000 2927.0881   12.3210
   -7.5000   -7.5000   15.0000 3009.0691   12.1630
    0.0000   -7.5000   15.0000 3054.8181   12.1228
    7.5000   -7.5000   15.0000 2932.1953   12.3778
   -7.5000    0.0000   15.0000 2941.9485   12.4562
    0.0000    0.0000   15.0000 2974.2397   12.3920
    7.5000    0.0000   15.0000 2884.7415   12.6991
   -7.5000    7.5000   15.0000 2841.6606   13.0728
    0.0000    7.5000   15.0000 2865.6914   13.0194
    7.5000    7.5000   15.0000 2804.7141   13.3243
   -7.5000   15.0000   15.0000 2714.3215   14.0523
    0.0000   15.0000   15.0000 2734.9143   13.9965
    7.5000   15.0000   15.0000 2692.4363   14.3003
   -7.5000   22.5000   15.0000 2577.5300   15.4065
    0.0000   22.5000   15.0000 2599.6626   15.3498
    7.5000   22.5000   15.0000 2557.0847   15.6331
   -7.5000   30.0000   15.0000 2422.5403   17.0714
    0.0000   30.0000   15.0000 2441.5459   16.9644
    7.5000   30.0000   15.0000 2406.1038   17.2860
   -7.5000   37.5000   15.0000 2248.5088   18.9811
    0.0000   37.5000   15.0000 2263.6614   18.8753
    7.5000   37.5000   15.0000 2232.4265   19.2606
   -7.5000   45.0000   15.0000 2042.5544   21.1458
    0.0000   45.0000   15.0000 2058.8628   21.0499
    7.5000   45.0000   15.0000 2028.9115   21.4478
   -7.5000  -45.0000   22.5000 2529.3452   15.1643
    0.0000  -45.0000   22.5000 2536.6697   15.0592
    7.5000  -45.0000   22.5000 2498.6475   15.6050
   -7.5000  -37.5000   22.5000 2647.4604   13.9058
    0.0000  -37.5000   22.5000 2658.7478   13.8061
    7.5000  -37.5000   22.5000 2618.1499   14.2810
   -7.5000  -30.0000   22.5000 2763.3215   12.9751
    0.0000  -30.0000   22.5000 2778.3594   12.8939
    7.5000  -30.0000   22.5000 2737.5471   13.3254
   -7.5000  -22.5000   22.5000 2873.6167   12.4324
    0.0000  -22.5000   22.5000 2894.1670   12.3674
    7.5000  -22.5000   22.5000 2841.0315   12.7094
   -7.5000  -15.0000   22.5000 2962.1880   12.2456
    0.0000  -15.0000   22.5000 2989.2402   12.1937
    7.5000  -15.0000   22.5000 2909.8293   12.4409
   -7.5000   -7.5000   22.5000 2976.9524   12.2875
    0.0000   -7.5000   22.5000 3005.0933   12.2298
    7.5000   -7.5000   22.5000 2912.3391   12.4915
   -7.5000    0.0000   22.5000 2922.5376   12.6241
    0.0000    0.0000   22.5000 2947.6270   12.5709
    7.5000    0.0000   22.5000 2870.5662   12.8149
   -7.5000    7.5000   22.5000 2824.6577   13.2452
    0.0000    7.5000   22.5000 2845.8958   13.1848
    7.5000    7.5000   22.5000 2788.7737   13.4384
   -7.5000   15.0000   22.5000 2698.7649   14.1590
    0.0000   15.0000   22.5000 2718.9773   14.0868
    7.5000   15.0000   22.5000 2677.2664   14.3678
   -7.5000   22.5000   22.5000 2562.4846   15.4575
    0.0000   22.5000   22.5000 2581.0635   15.3810
    7.5000   22.5000   22.5000 2547.0632   15.6505
   -7.5000   30.0000   22.5000 2412.2678   17.0639
    0.0000   30.0000   22.5000 2423.4038   16.9455
    7.5000   30.0000   22.5000 2396.8970   17.2747
   -7.5000   37.5000   22.5000 2236.2549   18.9368
    0.0000   37.5000   22.5000 2246.4124   18.8151
    7.5000   37.5000   22.5000 2219.4548   19.1805
   -7.5000   45.0000   22.5000 2019.4078   21.0832
    0.0000   45.0000   22.5000 2037.2799   20.9390
    7.5000   45.0000   22.5000 2013.6154   21.3612
   -7.5000  -45.0000   30.0000 2504.9883   15.5958
    0.0000  -45.0000   30.0000 2514.1018   15.5268
    7.5000  -45.0000   30.0000 2473.0615   16.0537
   -7.5000  -37.5000   30.0000 2622.5042   14.3530
    0.0000  -37.5000   30.0000 2630.2446   14.2811
    7.5000  -37.5000   30.0000 2590.8142   14.7448
   -7.5000  -30.0000   30.0000 2726.6963   13.4533
    0.0000  -30.0000   30.0000 2740.0881   13.3641
    7.5000  -30.0000   30.0000 2700.9062   13.7815
   -7.5000  -22.5000   30.0000 2820.7668   12.8891
    0.0000  -22.5000   30.0000 2837.8601   12.8065
    7.5000  -22.5000   30.0000 2793.1487   13.1389
   -7.5000  -15.0000   30.0000 2888.2712   12.6221
    0.0000  -15.0000   30.0000 2915.0918   12.5269
    7.5000  -15.0000   30.0000 2852.5178   12.8477
   -7.5000   -7.5000   30.0000 2899.4663   12.6863
    0.0000   -7.5000   30.0000 2921.1741   12.5809
    7.5000   -7.5000   30.0000 2856.7573   12.8987
   -7.5000    0.0000   30.0000 2854.7385   13.0660
    0.0000    0.0000   30.0000 2875.1113   12.9646
    7.5000    0.0000   30.0000 2812.2373   13.2405
   -7.5000    7.5000   30.0000 2765.5981   13.7400
    0.0000    7.5000   30.0000 2781.2153   13.6157
    7.5000    7.5000   30.0000 2734.5195   13.8692
   -7.5000   15.0000   30.0000 2651.1082   14.6433
    0.0000   15.0000   30.0000 2667.8430   14.5352
    7.5000   15.0000   30.0000 2633.2910   14.7871
   -7.5000   22.5000   30.0000 2524.7627   15.8225
    0.0000   22.5000   30.0000 2541.3728   15.7434
    7.5000   22.5000   30.0000 2512.0200   16.0070
   -7.5000   30.0000   30.0000 2382.1589   17.3195
    0.0000   30.0000   30.0000 2393.5039   17.2149
    7.5000   30.0000   30.0000 2365.4646   17.5423
   -7.5000   37.5000   30.0000 2205.3074   19.1280
    0.0000   37.5000   30.0000 2217.8379   19.0028
    7.5000   37.5000   30.0000 2191.0491   19.3736
   -7.5000   45.0000   30.0000 1992.2355   21.2591
    0.0000   45.0000   30.0000 2007.1477   21.1107
    7.5000   45.0000   30.0000 1989.0232   21.5079
   -7.5000  -45.0000   37.5000 2465.1069   16.3236
    0.0000  -45.0000   37.5000 2472.0645   16.2392
    7.5000  -45.0000   37.5000 2432.9822   16.7822
   -7.5000  -37.5000   37.5000 2577.1594   15.0326
    0.0000  -37.5000   37.5000 2585.5361   14.9490
    7.5000  -37.5000   37.5000 2546.8611   15.4313
   -7.5000  -30.0000   37.5000 2677.5083   14.0880
    0.0000  -30.0000   37.5000 2688.8970   13.9938
    7.5000  -30.0000   37.5000 2647.8928   14.4450
   -7.5000  -22.5000   37.5000 2755.1621   13.4867
    0.0000  -22.5000   37.5000 2771.6338   13.4099
    7.5000  -22.5000   37.5000 2726.0815   13.7897
   -7.5000  -15.0000   37.5000 2804.1252   13.2135
    0.0000  -15.0000   37.5000 2827.9724   13.1274
    7.5000  -15.0000   37.5000 2770.7834   13.4833
   -7.5000   -7.5000   37.5000 2805.6294   13.2556
    0.0000   -7.5000   37.5000 2825.4187   13.1882
    7.5000   -7.5000   37.5000 2774.4636   13.5324
   -7.5000    0.0000   37.5000 2757.7344   13.6537
    0.0000    0.0000   37.5000 2781.2703   13.5721
    7.5000    0.0000   37.5000 2731.6401   13.8967
   -7.5000    7.5000   37.5000 2678.8198   14.3320
    0.0000    7.5000   37.5000 2697.1650   14.2364
    7.5000    7.5000   37.5000 2656.2539   14.4940
   -7.5000   15.0000   37.5000 2582.3948   15.2507
    0.0000   15.0000   37.5000 2595.9172   15.1540
    7.5000   15.0000   37.5000 2564.7847   15.3943
   -7.5000   22.5000   37.5000 2467.1292   16.3678
    0.0000   22.5000   37.5000 2484.7297   16.3131
    7.5000   22.5000   37.5000 2453.1433   16.5701
   -7.5000   30.0000   37.5000 2332.1672   17.8316
    0.0000   30.0000   37.5000 2342.5925   17.7367
    7.5000   30.0000   37.5000 2318.7839   18.0549
   -7.5000   37.5000   37.5000 2158.0249   19.5970
    0.0000   37.5000   37.5000 2171.9087   19.5084
    7.5000   37.5000   37.5000 2146.9268   19.8575
   -7.5000   45.0000   37.5000 1953.9688   21.6532
    0.0000   45.0000   37.5000 1968.0092   21.5885
    7.5000   45.0000   37.5000 1945.2836   21.9726
   -7.5000  -45.0000   45.0000 2391.3860   17.1228
    0.0000  -45.0000   45.0000 2399.4280   17.0796
    7.5000  -45.0000   45.0000 2360.6816   17.5953
   -7.5000  -37.5000   45.0000 2500.6169   15.8169
    0.0000  -37.5000   45.0000 2506.5891   15.7604
    7.5000  -37.5000   45.0000 2467.4583   16.2541
   -7.5000  -30.0000   45.0000 2592.5327   14.8157
    0.0000  -30.0000   45.0000 2605.3718   14.7749
    7.5000  -30.0000   45.0000 2558.3040   15.2341
   -7.5000  -22.5000   45.0000 2656.4954   14.1988
    0.0000  -22.5000   45.0000 2675.7798   14.1620
    7.5000  -22.5000   45.0000 2626.5269   14.5715
   -7.5000  -15.0000   45.0000 2687.9529   13.9366
    0.0000  -15.0000   45.0000 2710.3792   13.8926
    7.5000  -15.0000   45.0000 2659.9702   14.2604
   -7.5000   -7.5000   45.0000 2682.4753   13.9713
    0.0000   -7.5000   45.0000 2701.5552   13.9182
    7.5000   -7.5000   45.0000 2660.1213   14.2667
   -7.5000    0.0000   45.0000 2639.5879   14.3491
    0.0000    0.0000   45.0000 2659.7517   14.2802
    7.5000    0.0000   45.0000 2617.8582   14.6105
   -7.5000    7.5000   45.0000 2570.9814   15.0104
    0.0000    7.5000   45.0000 2590.0706   14.9256
    7.5000    7.5000   45.0000 2554.7117   15.2382
   -7.5000   15.0000   45.0000 2479.1770   15.8654
    0.0000   15.0000   45.0000 2492.4194   15.7807
    7.5000   15.0000   45.0000 2464.3086   16.0829
   -7.5000   22.5000   45.0000 2378.5186   16.9499
    0.0000   22.5000   45.0000 2388.2195   16.8765
    7.5000   22.5000   45.0000 2357.6926   17.1884
   -7.5000   30.0000   45.0000 2252.5076   18.4208
    0.0000   30.0000   45.0000 2263.5789   18.4000
    7.5000   30.0000   45.0000 2234.0203   18.7175
   -7.5000   37.5000   45.0000 2082.4648   20.1875
    0.0000   37.5000   45.0000 2097.1238   20.1460
    7.5000   37.5000   45.0000 2068.6497   20.4982
   -7.5000   45.0000   45.0000 1891.5828   22.2256
    0.0000   45.0000   45.0000 1903.0474   22.1392
    7.5000   45.0000   45.0000 1877.7942   22.5779

---------------------------------------------------------------------
imgreg_4dfp /opt/freesurfer/average/711-2C_as_mni_average_305 /opt/freesurfer/average/711-2B_as_mni_average_305_mask talsrcimg_g11 none talsrcimg_to_711-2C_as_mni_average_305_t4 1283
---------------------------------------------------------------------

freesurfer imgreg_4dfp.c
/opt/freesurfer/average/711-2C_as_mni_average_305.4dfp.img
       256       256       256         1
  1.000000  1.000000  1.000000
orientation T byte_order littleendian
Reading image: /opt/freesurfer/average/711-2C_as_mni_average_305.4dfp.img
dimensions:      256       256       256
mmppix:       1.0000   -1.0000   -1.0000
center:     128.0000 -129.0000 -129.0000
/opt/freesurfer/average/711-2B_as_mni_average_305_mask.4dfp.img
       256       256       256         1
  1.000000  1.000000  1.000000
orientation T byte_order littleendian
Reading mask: /opt/freesurfer/average/711-2B_as_mni_average_305_mask.4dfp.img (2306576 pixels)
talsrcimg_g11.4dfp.img
       256       256       256         1
  0.898437  0.898437  0.898437
orientation T byte_order littleendian
Reading image: talsrcimg_g11.4dfp.img
dimensions:      256       256       256
mmppix:       0.8984   -0.8984   -0.8984
center:     114.9999 -115.8984 -115.8984
rotation matrix determinant  1.000000
fimgreg.f
image alignment mode   1283 decimal      503 hex
parameters
    0.0000   -7.5000   15.0000    0.0000    0.0000    0.0000
eta,q 0.95729 12.13744
niter,ni,del,rscale     5    3   12.0000    1.2000
parameter  4  0.745926 ->  0.500000 qaram    1.1500
parameters
   -2.8253   -8.8947   15.3709   -3.4500   -1.2838   -1.1808
eta,q 0.96429 12.09955
  0.0469  0.0472  0.0526  0.0379  0.0431  0.0405
  0.0411  0.0423  0.0463  0.0373  0.0384  0.0371
  0.0412  0.0403  0.0416  0.0375  0.0364  0.0356
  0.0454  0.0405  0.0402  0.0402  0.0372  0.0363
  0.0523  0.0436  0.0407  0.0435  0.0401  0.0381
  0.0617  0.0505  0.0439  0.0482  0.0447  0.0410
  0.0736  0.0585  0.0501  0.0525  0.0502  0.0451
niter,ni,del,rscale     5    3   12.0000    1.2000
parameters
   -2.0101   -7.8426   14.9891   -4.4743   -1.5051   -1.1395
eta,q 0.96529 12.14520
  0.0615  0.0566  0.0456  0.0421  0.0452  0.0424
  0.0494  0.0466  0.0397  0.0370  0.0391  0.0383
  0.0402  0.0391  0.0366  0.0347  0.0354  0.0355
  0.0357  0.0356  0.0352  0.0353  0.0348  0.0347
  0.0368  0.0355  0.0369  0.0375  0.0373  0.0357
  0.0417  0.0387  0.0423  0.0413  0.0409  0.0382
  0.0508  0.0459  0.0483  0.0470  0.0458  0.0420
niter,ni,del,rscale     4    3   12.0000    1.2000
parameters
   -1.8652   -7.4738   14.8190   -4.8084   -1.5605   -1.1735
eta,q 0.96535 12.15737
  0.0569  0.0529  0.0463  0.0434  0.0457  0.0422
  0.0455  0.0428  0.0401  0.0384  0.0396  0.0381
  0.0375  0.0367  0.0368  0.0350  0.0355  0.0355
  0.0347  0.0347  0.0348  0.0348  0.0347  0.0346
  0.0374  0.0361  0.0363  0.0365  0.0369  0.0357
  0.0443  0.0409  0.0417  0.0398  0.0404  0.0383
  0.0547  0.0483  0.0475  0.0448  0.0453  0.0423
niter,ni,del,rscale     3    3   12.0000    1.2000
parameters
   -1.8263   -7.3305   14.7565   -4.9373   -1.5654   -1.1969
eta,q 0.96533 12.16169
  0.0563  0.0515  0.0468  0.0437  0.0459  0.0422
  0.0450  0.0416  0.0404  0.0389  0.0397  0.0382
  0.0371  0.0361  0.0369  0.0353  0.0356  0.0355
  0.0346  0.0347  0.0347  0.0347  0.0347  0.0347
  0.0376  0.0367  0.0362  0.0363  0.0368  0.0357
  0.0448  0.0418  0.0415  0.0394  0.0403  0.0383
  0.0553  0.0489  0.0472  0.0441  0.0452  0.0422
niter,ni,del,rscale     2    3   12.0000    1.2000
parameters
   -1.8183   -7.2785   14.7311   -4.9849   -1.5612   -1.2083
eta,q 0.96532 12.16315
  0.0560  0.0509  0.0470  0.0438  0.0459  0.0422
  0.0448  0.0412  0.0406  0.0391  0.0398  0.0382
  0.0371  0.0359  0.0370  0.0354  0.0356  0.0355
  0.0347  0.0347  0.0347  0.0347  0.0347  0.0347
  0.0378  0.0369  0.0362  0.0362  0.0368  0.0357
  0.0450  0.0422  0.0414  0.0393  0.0403  0.0383
  0.0555  0.0491  0.0471  0.0438  0.0452  0.0422
registration optimization eta report
parameter search radius
    6.0000    6.0000    6.0000    6.9000    6.0000    6.0000
100000*second partial in parameter space
       58.       43.       33.       19.       30.       21.
  0.0560  0.0509  0.0470  0.0438  0.0459  0.0422
  0.0448  0.0412  0.0406  0.0391  0.0398  0.0382
  0.0371  0.0359  0.0370  0.0354  0.0356  0.0355
  0.0347  0.0347  0.0347  0.0347  0.0347  0.0347
  0.0378  0.0369  0.0362  0.0362  0.0368  0.0357
  0.0450  0.0422  0.0414  0.0393  0.0403  0.0383
  0.0555  0.0491  0.0471  0.0438  0.0452  0.0422
   -1.8183   -7.2785   14.7311   -4.9849   -1.5612   -1.2083
eta,q 0.96532 12.16315

---------------------------------------------------------------------
imgreg_4dfp /opt/freesurfer/average/711-2C_as_mni_average_305 /opt/freesurfer/average/711-2B_as_mni_average_305_mask talsrcimg_g11 none talsrcimg_to_711-2C_as_mni_average_305_t4 3335
---------------------------------------------------------------------

freesurfer imgreg_4dfp.c
/opt/freesurfer/average/711-2C_as_mni_average_305.4dfp.img
       256       256       256         1
  1.000000  1.000000  1.000000
orientation T byte_order littleendian
Reading image: /opt/freesurfer/average/711-2C_as_mni_average_305.4dfp.img
dimensions:      256       256       256
mmppix:       1.0000   -1.0000   -1.0000
center:     128.0000 -129.0000 -129.0000
/opt/freesurfer/average/711-2B_as_mni_average_305_mask.4dfp.img
       256       256       256         1
  1.000000  1.000000  1.000000
orientation T byte_order littleendian
Reading mask: /opt/freesurfer/average/711-2B_as_mni_average_305_mask.4dfp.img (2306576 pixels)
talsrcimg_g11.4dfp.img
       256       256       256         1
  0.898437  0.898437  0.898437
orientation T byte_order littleendian
Reading image: talsrcimg_g11.4dfp.img
dimensions:      256       256       256
mmppix:       0.8984   -0.8984   -0.8984
center:     114.9999 -115.8984 -115.8984
fimgreg.f
image alignment mode   3335 decimal      D07 hex
parameters
   -1.8183   -7.2785   14.7311   -0.0593   -0.3954   -0.4152
    1.8640    2.8967   -2.1079    8.6301   -2.7244   -8.6860
eta,q 0.96631 12.13224
niter,ni,del,rscale     5    3    5.0000    1.2000
parameter  4  0.541320 ->  0.500000 qaram    1.1500
parameter  5  1.221706 ->  0.500000 qaram    1.1500
parameter  6  0.813440 ->  0.500000 qaram    1.1500
parameter 11  0.670795 ->  0.500000 qaram    1.1500
parameters
   -1.9238   -7.2208   14.0444   -4.1993   -4.5354   -4.5552
    2.8144    2.2315   -2.1155    7.8580   -6.8644   -6.5101
eta,q 0.97424 11.39545
  0.0373  0.0368  0.0347  0.0331  0.0285  0.0266  0.0303  0.0306  0.0289  0.0293  0.0262  0.0285
  0.0353  0.0351  0.0338  0.0327  0.0293  0.0266  0.0287  0.0284  0.0277  0.0277  0.0260  0.0275
  0.0340  0.0341  0.0334  0.0327  0.0307  0.0275  0.0274  0.0271  0.0269  0.0269  0.0261  0.0266
  0.0337  0.0337  0.0337  0.0334  0.0326  0.0296  0.0267  0.0267  0.0266  0.0266  0.0266  0.0260
  0.0343  0.0340  0.0344  0.0348  0.0354  0.0329  0.0268  0.0275  0.0269  0.0272  0.0275  0.0258
  0.0357  0.0350  0.0356  0.0370  0.0388  0.0373  0.0275  0.0295  0.0277  0.0286  0.0286  0.0260
  0.0380  0.0365  0.0371  0.0401  0.0426  0.0425  0.0289  0.0326  0.0289  0.0309  0.0300  0.0267
niter,ni,del,rscale     7    3    5.0000    1.2000
parameters
   -2.0267   -7.4110   13.8595   -3.1587   -8.4305   -7.3259
    2.5677    2.7032   -1.6492    7.5849   -7.1313   -7.0049
eta,q 0.97540 11.05801
  0.0294  0.0285  0.0280  0.0294  0.0258  0.0264  0.0276  0.0297  0.0272  0.0277  0.0263  0.0262
  0.0273  0.0268  0.0266  0.0276  0.0249  0.0252  0.0260  0.0272  0.0260  0.0259  0.0254  0.0253
  0.0261  0.0259  0.0259  0.0264  0.0248  0.0247  0.0249  0.0255  0.0251  0.0249  0.0248  0.0247
  0.0258  0.0257  0.0257  0.0257  0.0256  0.0248  0.0247  0.0247  0.0246  0.0246  0.0246  0.0246
  0.0263  0.0263  0.0262  0.0256  0.0273  0.0264  0.0252  0.0249  0.0248  0.0251  0.0249  0.0249
  0.0278  0.0275  0.0272  0.0264  0.0298  0.0299  0.0263  0.0262  0.0255  0.0263  0.0255  0.0256
  0.0300  0.0295  0.0287  0.0281  0.0334  0.0348  0.0279  0.0287  0.0267  0.0281  0.0266  0.0267
niter,ni,del,rscale     6    3    5.0000    1.2000
parameters
   -1.9454   -7.3524   13.6690   -3.2413   -8.6520   -7.9369
    2.4837    2.8092   -1.6063    7.6208   -7.1882   -7.3286
eta,q 0.97539 11.00677
  0.0287  0.0281  0.0264  0.0275  0.0278  0.0280  0.0276  0.0292  0.0270  0.0279  0.0264  0.0262
  0.0266  0.0262  0.0253  0.0259  0.0261  0.0262  0.0261  0.0268  0.0258  0.0261  0.0255  0.0254
  0.0252  0.0250  0.0247  0.0250  0.0250  0.0250  0.0249  0.0253  0.0250  0.0250  0.0249  0.0248
  0.0246  0.0246  0.0246  0.0246  0.0246  0.0246  0.0246  0.0246  0.0246  0.0246  0.0246  0.0246
  0.0249  0.0250  0.0250  0.0248  0.0250  0.0248  0.0251  0.0250  0.0249  0.0250  0.0248  0.0249
  0.0262  0.0260  0.0258  0.0259  0.0263  0.0265  0.0261  0.0264  0.0257  0.0261  0.0255  0.0256
  0.0282  0.0277  0.0270  0.0278  0.0283  0.0300  0.0277  0.0291  0.0270  0.0278  0.0265  0.0266
niter,ni,del,rscale     5    3    5.0000    1.2000
parameters
   -1.9198   -7.3027   13.5667   -3.2644   -8.6706   -8.0214
    2.4753    2.8399   -1.5980    7.7456   -7.2251   -7.4836
eta,q 0.97539 11.00188
  0.0285  0.0280  0.0266  0.0276  0.0280  0.0284  0.0277  0.0291  0.0270  0.0280  0.0264  0.0263
  0.0264  0.0262  0.0254  0.0260  0.0263  0.0265  0.0261  0.0268  0.0258  0.0262  0.0255  0.0254
  0.0251  0.0250  0.0248  0.0250  0.0251  0.0252  0.0250  0.0253  0.0249  0.0250  0.0249  0.0248
  0.0246  0.0246  0.0246  0.0246  0.0246  0.0246  0.0246  0.0246  0.0246  0.0246  0.0246  0.0246
  0.0250  0.0250  0.0250  0.0248  0.0249  0.0247  0.0250  0.0250  0.0249  0.0250  0.0248  0.0248
  0.0263  0.0261  0.0257  0.0259  0.0262  0.0260  0.0261  0.0265  0.0257  0.0260  0.0255  0.0255
  0.0284  0.0277  0.0269  0.0277  0.0282  0.0292  0.0277  0.0292  0.0270  0.0277  0.0265  0.0265
niter,ni,del,rscale     4    3    5.0000    1.2000
parameters
   -1.9126   -7.2762   13.5316   -3.2735   -8.6899   -8.0322
    2.4688    2.8567   -1.5953    7.8130   -7.2479   -7.5558
eta,q 0.97538 11.00082
  0.0285  0.0280  0.0267  0.0276  0.0280  0.0285  0.0277  0.0290  0.0270  0.0279  0.0265  0.0263
  0.0264  0.0261  0.0255  0.0260  0.0263  0.0265  0.0261  0.0267  0.0258  0.0261  0.0255  0.0255
  0.0251  0.0250  0.0248  0.0250  0.0251  0.0252  0.0250  0.0253  0.0249  0.0250  0.0249  0.0248
  0.0246  0.0246  0.0246  0.0246  0.0246  0.0246  0.0246  0.0246  0.0246  0.0246  0.0246  0.0246
  0.0250  0.0250  0.0249  0.0248  0.0249  0.0247  0.0250  0.0250  0.0249  0.0250  0.0248  0.0248
  0.0263  0.0261  0.0257  0.0259  0.0262  0.0260  0.0261  0.0265  0.0257  0.0261  0.0255  0.0255
  0.0284  0.0277  0.0268  0.0277  0.0282  0.0291  0.0277  0.0292  0.0270  0.0278  0.0265  0.0265
niter,ni,del,rscale     3    3    5.0000    1.2000
parameters
   -1.9097   -7.2624   13.5184   -3.2770   -8.6969   -8.0327
    2.4684    2.8630   -1.5940    7.8497   -7.2550   -7.5932
eta,q 0.97538 11.00081
  0.0284  0.0279  0.0268  0.0276  0.0280  0.0285  0.0277  0.0290  0.0270  0.0279  0.0265  0.0264
  0.0264  0.0261  0.0255  0.0260  0.0263  0.0265  0.0261  0.0267  0.0258  0.0261  0.0255  0.0255
  0.0251  0.0250  0.0248  0.0250  0.0251  0.0252  0.0249  0.0252  0.0249  0.0250  0.0249  0.0248
  0.0246  0.0246  0.0246  0.0246  0.0246  0.0246  0.0246  0.0246  0.0246  0.0246  0.0246  0.0246
  0.0250  0.0250  0.0249  0.0248  0.0249  0.0247  0.0250  0.0250  0.0249  0.0250  0.0248  0.0248
  0.0263  0.0261  0.0256  0.0259  0.0262  0.0259  0.0261  0.0265  0.0257  0.0261  0.0255  0.0254
  0.0284  0.0278  0.0268  0.0277  0.0281  0.0291  0.0276  0.0292  0.0270  0.0278  0.0265  0.0265
registration optimization eta report
parameter search radius
    2.4000    2.4000    2.4000    8.2800    8.2800    8.2800
    7.2000    7.2000    7.2000    7.2000    8.2800    7.2000
100000*second partial in parameter space
       66.       56.       37.        4.        5.        6.
        6.        9.        5.        6.        3.        3.
  0.0284  0.0279  0.0268  0.0276  0.0280  0.0285  0.0277  0.0290  0.0270  0.0279  0.0265  0.0264
  0.0264  0.0261  0.0255  0.0260  0.0263  0.0265  0.0261  0.0267  0.0258  0.0261  0.0255  0.0255
  0.0251  0.0250  0.0248  0.0250  0.0251  0.0252  0.0249  0.0252  0.0249  0.0250  0.0249  0.0248
  0.0246  0.0246  0.0246  0.0246  0.0246  0.0246  0.0246  0.0246  0.0246  0.0246  0.0246  0.0246
  0.0250  0.0250  0.0249  0.0248  0.0249  0.0247  0.0250  0.0250  0.0249  0.0250  0.0248  0.0248
  0.0263  0.0261  0.0256  0.0259  0.0262  0.0259  0.0261  0.0265  0.0257  0.0261  0.0255  0.0254
  0.0284  0.0278  0.0268  0.0277  0.0281  0.0291  0.0276  0.0292  0.0270  0.0278  0.0265  0.0265
   -1.9097   -7.2624   13.5184   -3.2770   -8.6969   -8.0327
    2.4684    2.8630   -1.5940    7.8497   -7.2550   -7.5932
eta,q 0.97538 11.00081

---------------------------------------------------------------------
imgreg_4dfp /opt/freesurfer/average/711-2C_as_mni_average_305 /opt/freesurfer/average/711-2B_as_mni_average_305_mask talsrcimg_g11 none talsrcimg_to_711-2C_as_mni_average_305_t4 2311
---------------------------------------------------------------------

freesurfer imgreg_4dfp.c
/opt/freesurfer/average/711-2C_as_mni_average_305.4dfp.img
       256       256       256         1
  1.000000  1.000000  1.000000
orientation T byte_order littleendian
Reading image: /opt/freesurfer/average/711-2C_as_mni_average_305.4dfp.img
dimensions:      256       256       256
mmppix:       1.0000   -1.0000   -1.0000
center:     128.0000 -129.0000 -129.0000
/opt/freesurfer/average/711-2B_as_mni_average_305_mask.4dfp.img
       256       256       256         1
  1.000000  1.000000  1.000000
orientation T byte_order littleendian
Reading mask: /opt/freesurfer/average/711-2B_as_mni_average_305_mask.4dfp.img (2306576 pixels)
talsrcimg_g11.4dfp.img
       256       256       256         1
  0.898437  0.898437  0.898437
orientation T byte_order littleendian
Reading image: talsrcimg_g11.4dfp.img
dimensions:      256       256       256
mmppix:       0.8984   -0.8984   -0.8984
center:     114.9999 -115.8984 -115.8984
fimgreg.f
image alignment mode   2311 decimal      907 hex
parameters
   -1.9097   -7.2624   13.5184   -3.2770   -8.6969   -8.0327
    2.4684    2.8630   -1.5940    7.8497   -7.2550   -7.5932
eta,q 0.97538 11.00081
niter,ni,del,rscale     5    3    5.0000    0.8000
parameters
   -1.9005   -7.2897   13.4802   -2.9894   -8.4698   -7.2685
    2.4877    3.0064   -1.4624    8.1051   -7.2460   -7.3959
eta,q 0.97547 11.07876
  0.0264  0.0261  0.0256  0.0257  0.0259  0.0261  0.0260  0.0267  0.0257  0.0262  0.0252  0.0255
  0.0254  0.0252  0.0250  0.0251  0.0253  0.0254  0.0252  0.0256  0.0251  0.0253  0.0249  0.0250
  0.0248  0.0248  0.0247  0.0248  0.0248  0.0249  0.0247  0.0249  0.0247  0.0248  0.0246  0.0247
  0.0246  0.0246  0.0246  0.0246  0.0246  0.0246  0.0245  0.0245  0.0245  0.0245  0.0245  0.0245
  0.0248  0.0248  0.0248  0.0246  0.0247  0.0245  0.0247  0.0247  0.0246  0.0246  0.0246  0.0246
  0.0254  0.0253  0.0251  0.0249  0.0251  0.0247  0.0252  0.0254  0.0250  0.0251  0.0248  0.0249
  0.0263  0.0261  0.0256  0.0255  0.0257  0.0254  0.0260  0.0266  0.0256  0.0259  0.0252  0.0253
niter,ni,del,rscale     4    3    5.0000    0.7000
parameters
   -1.8900   -7.3174   13.5469   -2.9049   -8.4163   -7.0889
    2.4653    3.0582   -1.4433    8.0907   -7.2336   -7.2770
eta,q 0.97548 11.09694
  0.0259  0.0257  0.0254  0.0253  0.0255  0.0255  0.0257  0.0262  0.0254  0.0257  0.0250  0.0252
  0.0252  0.0250  0.0249  0.0249  0.0250  0.0250  0.0250  0.0253  0.0249  0.0250  0.0248  0.0249
  0.0247  0.0246  0.0246  0.0246  0.0247  0.0247  0.0246  0.0247  0.0246  0.0247  0.0246  0.0246
  0.0245  0.0245  0.0245  0.0245  0.0245  0.0245  0.0245  0.0245  0.0245  0.0245  0.0245  0.0245
  0.0247  0.0247  0.0246  0.0246  0.0246  0.0245  0.0247  0.0247  0.0246  0.0246  0.0246  0.0246
  0.0251  0.0251  0.0248  0.0248  0.0249  0.0248  0.0251  0.0252  0.0249  0.0250  0.0247  0.0248
  0.0259  0.0257  0.0252  0.0253  0.0255  0.0255  0.0256  0.0261  0.0254  0.0257  0.0251  0.0252
niter,ni,del,rscale     3    3    5.0000    0.6000
parameters
   -1.8847   -7.3390   13.5678   -2.8448   -8.3662   -6.9492
    2.4414    3.0794   -1.4152    8.1018   -7.1976   -7.2189
eta,q 0.97549 11.11140
  0.0255  0.0254  0.0251  0.0251  0.0252  0.0252  0.0254  0.0257  0.0252  0.0254  0.0249  0.0250
  0.0250  0.0249  0.0248  0.0248  0.0249  0.0249  0.0249  0.0251  0.0248  0.0249  0.0247  0.0247
  0.0246  0.0246  0.0246  0.0246  0.0246  0.0246  0.0246  0.0247  0.0246  0.0246  0.0246  0.0246
  0.0245  0.0245  0.0245  0.0245  0.0245  0.0245  0.0245  0.0245  0.0245  0.0245  0.0245  0.0245
  0.0246  0.0246  0.0246  0.0246  0.0246  0.0245  0.0246  0.0246  0.0246  0.0246  0.0245  0.0246
  0.0250  0.0249  0.0248  0.0247  0.0248  0.0247  0.0249  0.0250  0.0248  0.0249  0.0247  0.0247
  0.0255  0.0254  0.0251  0.0251  0.0252  0.0252  0.0253  0.0257  0.0252  0.0254  0.0249  0.0250
niter,ni,del,rscale     2    3    5.0000    0.5000
parameters
   -1.8816   -7.3493   13.5766   -2.7898   -8.3372   -6.8052
    2.4035    3.0861   -1.4031    8.1463   -7.1794   -7.1877
eta,q 0.97550 11.12499
  0.0252  0.0251  0.0249  0.0249  0.0250  0.0250  0.0251  0.0254  0.0250  0.0251  0.0248  0.0249
  0.0248  0.0248  0.0247  0.0247  0.0247  0.0248  0.0247  0.0249  0.0247  0.0248  0.0246  0.0247
  0.0246  0.0246  0.0245  0.0246  0.0246  0.0246  0.0245  0.0246  0.0246  0.0246  0.0245  0.0245
  0.0245  0.0245  0.0245  0.0245  0.0245  0.0245  0.0245  0.0245  0.0245  0.0245  0.0245  0.0245
  0.0246  0.0246  0.0245  0.0245  0.0245  0.0245  0.0246  0.0246  0.0245  0.0246  0.0245  0.0245
  0.0248  0.0248  0.0247  0.0247  0.0247  0.0246  0.0248  0.0249  0.0247  0.0247  0.0246  0.0247
  0.0252  0.0251  0.0249  0.0249  0.0250  0.0250  0.0251  0.0254  0.0250  0.0251  0.0248  0.0248
niter,ni,del,rscale     1    3    5.0000    0.4000
parameters
   -1.8792   -7.3575   13.5908   -2.7342   -8.3083   -6.6441
    2.3653    3.0877   -1.3889    8.2009   -7.1671   -7.1843
eta,q 0.97552 11.13976
  0.0250  0.0249  0.0248  0.0248  0.0248  0.0248  0.0249  0.0251  0.0248  0.0249  0.0247  0.0247
  0.0247  0.0247  0.0246  0.0246  0.0246  0.0247  0.0246  0.0247  0.0246  0.0247  0.0246  0.0246
  0.0245  0.0245  0.0245  0.0245  0.0245  0.0246  0.0245  0.0245  0.0245  0.0245  0.0245  0.0245
  0.0245  0.0245  0.0245  0.0245  0.0245  0.0245  0.0245  0.0245  0.0245  0.0245  0.0245  0.0245
  0.0245  0.0245  0.0245  0.0245  0.0245  0.0245  0.0245  0.0246  0.0245  0.0245  0.0245  0.0245
  0.0247  0.0247  0.0246  0.0246  0.0246  0.0246  0.0247  0.0247  0.0246  0.0247  0.0246  0.0246
  0.0250  0.0249  0.0247  0.0248  0.0248  0.0248  0.0249  0.0251  0.0248  0.0249  0.0247  0.0247
registration optimization eta report
parameter search radius
    0.8000    0.8000    0.8000    2.4000    2.4000    2.4000
    2.4000    2.4000    2.4000    2.4000    2.4000    2.4000
100000*second partial in parameter space
       72.       60.       41.        5.        6.        5.
        7.       10.        5.        7.        3.        4.
  0.0250  0.0249  0.0248  0.0248  0.0248  0.0248  0.0249  0.0251  0.0248  0.0249  0.0247  0.0247
  0.0247  0.0247  0.0246  0.0246  0.0246  0.0247  0.0246  0.0247  0.0246  0.0247  0.0246  0.0246
  0.0245  0.0245  0.0245  0.0245  0.0245  0.0246  0.0245  0.0245  0.0245  0.0245  0.0245  0.0245
  0.0245  0.0245  0.0245  0.0245  0.0245  0.0245  0.0245  0.0245  0.0245  0.0245  0.0245  0.0245
  0.0245  0.0245  0.0245  0.0245  0.0245  0.0245  0.0245  0.0246  0.0245  0.0245  0.0245  0.0245
  0.0247  0.0247  0.0246  0.0246  0.0246  0.0246  0.0247  0.0247  0.0246  0.0247  0.0246  0.0246
  0.0250  0.0249  0.0247  0.0248  0.0248  0.0248  0.0249  0.0251  0.0248  0.0249  0.0247  0.0247
   -1.8792   -7.3575   13.5908   -2.7342   -8.3083   -6.6441
    2.3653    3.0877   -1.3889    8.2009   -7.1671   -7.1843
eta,q 0.97552 11.13976

---------------------------------------------------------------------
imgreg_4dfp /opt/freesurfer/average/711-2C_as_mni_average_305 /opt/freesurfer/average/711-2B_as_mni_average_305_mask talsrcimg_g11 none talsrcimg_to_711-2C_as_mni_average_305_t4 2311
---------------------------------------------------------------------

freesurfer imgreg_4dfp.c
/opt/freesurfer/average/711-2C_as_mni_average_305.4dfp.img
       256       256       256         1
  1.000000  1.000000  1.000000
orientation T byte_order littleendian
Reading image: /opt/freesurfer/average/711-2C_as_mni_average_305.4dfp.img
dimensions:      256       256       256
mmppix:       1.0000   -1.0000   -1.0000
center:     128.0000 -129.0000 -129.0000
/opt/freesurfer/average/711-2B_as_mni_average_305_mask.4dfp.img
       256       256       256         1
  1.000000  1.000000  1.000000
orientation T byte_order littleendian
Reading mask: /opt/freesurfer/average/711-2B_as_mni_average_305_mask.4dfp.img (2306576 pixels)
talsrcimg_g11.4dfp.img
       256       256       256         1
  0.898437  0.898437  0.898437
orientation T byte_order littleendian
Reading image: talsrcimg_g11.4dfp.img
dimensions:      256       256       256
mmppix:       0.8984   -0.8984   -0.8984
center:     114.9999 -115.8984 -115.8984
fimgreg.f
image alignment mode   2311 decimal      907 hex
parameters
   -1.8792   -7.3575   13.5908   -2.7342   -8.3082   -6.6441
    2.3653    3.0877   -1.3889    8.2009   -7.1671   -7.1843
eta,q 0.97552 11.13977
niter,ni,del,rscale     5    3    5.0000    0.8000
parameters
   -1.8861   -7.3413   13.6366   -2.9447   -8.4538   -7.1197
    2.4780    3.0196   -1.4812    7.9736   -7.2188   -7.1964
eta,q 0.97548 11.08841
  0.0263  0.0261  0.0256  0.0254  0.0257  0.0256  0.0261  0.0266  0.0256  0.0259  0.0252  0.0254
  0.0253  0.0252  0.0250  0.0249  0.0250  0.0250  0.0252  0.0255  0.0250  0.0251  0.0248  0.0249
  0.0247  0.0247  0.0246  0.0246  0.0246  0.0246  0.0247  0.0248  0.0247  0.0247  0.0246  0.0246
  0.0245  0.0245  0.0245  0.0245  0.0245  0.0245  0.0245  0.0245  0.0245  0.0245  0.0245  0.0245
  0.0247  0.0247  0.0246  0.0246  0.0246  0.0246  0.0247  0.0248  0.0247  0.0247  0.0246  0.0246
  0.0253  0.0252  0.0249  0.0250  0.0251  0.0252  0.0252  0.0255  0.0251  0.0253  0.0248  0.0249
  0.0263  0.0260  0.0255  0.0257  0.0259  0.0264  0.0259  0.0268  0.0257  0.0262  0.0252  0.0254
niter,ni,del,rscale     4    3    5.0000    0.7000
parameters
   -1.8934   -7.3472   13.5928   -2.8905   -8.3896   -7.0768
    2.4646    3.0450   -1.4351    8.0100   -7.2153   -7.2003
eta,q 0.97549 11.09858
  0.0259  0.0257  0.0253  0.0253  0.0255  0.0255  0.0257  0.0262  0.0254  0.0257  0.0250  0.0252
  0.0251  0.0250  0.0248  0.0249  0.0250  0.0250  0.0250  0.0253  0.0249  0.0251  0.0248  0.0248
  0.0247  0.0246  0.0246  0.0246  0.0247  0.0247  0.0246  0.0247  0.0246  0.0247  0.0246  0.0246
  0.0245  0.0245  0.0245  0.0245  0.0245  0.0245  0.0245  0.0245  0.0245  0.0245  0.0245  0.0245
  0.0247  0.0247  0.0246  0.0246  0.0246  0.0245  0.0247  0.0247  0.0246  0.0246  0.0246  0.0246
  0.0251  0.0251  0.0249  0.0248  0.0249  0.0248  0.0251  0.0252  0.0249  0.0250  0.0247  0.0248
  0.0259  0.0257  0.0253  0.0253  0.0255  0.0256  0.0256  0.0262  0.0254  0.0257  0.0251  0.0252
niter,ni,del,rscale     3    3    5.0000    0.6000
parameters
   -1.8886   -7.3547   13.5793   -2.8470   -8.3589   -6.9528
    2.4421    3.0770   -1.4148    8.0646   -7.2022   -7.1931
eta,q 0.97550 11.11087
  0.0255  0.0254  0.0251  0.0251  0.0252  0.0252  0.0254  0.0257  0.0252  0.0254  0.0249  0.0250
  0.0250  0.0249  0.0248  0.0248  0.0249  0.0249  0.0249  0.0251  0.0248  0.0249  0.0247  0.0247
  0.0246  0.0246  0.0246  0.0246  0.0246  0.0246  0.0246  0.0247  0.0246  0.0246  0.0246  0.0246
  0.0245  0.0245  0.0245  0.0245  0.0245  0.0245  0.0245  0.0245  0.0245  0.0245  0.0245  0.0245
  0.0246  0.0246  0.0246  0.0246  0.0246  0.0245  0.0246  0.0246  0.0246  0.0246  0.0245  0.0246
  0.0250  0.0249  0.0248  0.0247  0.0248  0.0247  0.0249  0.0250  0.0248  0.0249  0.0247  0.0247
  0.0255  0.0254  0.0251  0.0251  0.0252  0.0252  0.0253  0.0257  0.0252  0.0254  0.0249  0.0250
niter,ni,del,rscale     2    3    5.0000    0.5000
parameters
   -1.8830   -7.3568   13.5815   -2.7812   -8.3274   -6.8092
    2.4011    3.0845   -1.4001    8.1313   -7.1937   -7.1678
eta,q 0.97551 11.12556
  0.0252  0.0251  0.0249  0.0249  0.0250  0.0250  0.0251  0.0254  0.0250  0.0251  0.0248  0.0249
  0.0248  0.0248  0.0247  0.0247  0.0247  0.0248  0.0247  0.0249  0.0247  0.0248  0.0246  0.0247
  0.0246  0.0246  0.0245  0.0246  0.0246  0.0246  0.0245  0.0246  0.0246  0.0246  0.0245  0.0245
  0.0245  0.0245  0.0245  0.0245  0.0245  0.0245  0.0245  0.0245  0.0245  0.0245  0.0245  0.0245
  0.0246  0.0246  0.0246  0.0245  0.0245  0.0245  0.0246  0.0246  0.0245  0.0245  0.0245  0.0245
  0.0248  0.0248  0.0247  0.0247  0.0247  0.0246  0.0248  0.0249  0.0247  0.0247  0.0246  0.0247
  0.0252  0.0251  0.0249  0.0249  0.0250  0.0250  0.0251  0.0254  0.0250  0.0251  0.0248  0.0248
niter,ni,del,rscale     1    3    5.0000    0.4000
parameters
   -1.8776   -7.3573   13.5866   -2.7374   -8.3041   -6.6680
    2.3765    3.0880   -1.3809    8.1936   -7.1660   -7.1727
eta,q 0.97551 11.13839
  0.0250  0.0249  0.0248  0.0248  0.0248  0.0248  0.0249  0.0251  0.0248  0.0249  0.0247  0.0247
  0.0247  0.0247  0.0246  0.0246  0.0246  0.0247  0.0247  0.0247  0.0246  0.0247  0.0246  0.0246
  0.0245  0.0245  0.0245  0.0245  0.0245  0.0246  0.0245  0.0245  0.0245  0.0245  0.0245  0.0245
  0.0245  0.0245  0.0245  0.0245  0.0245  0.0245  0.0245  0.0245  0.0245  0.0245  0.0245  0.0245
  0.0245  0.0245  0.0245  0.0245  0.0245  0.0245  0.0245  0.0246  0.0245  0.0245  0.0245  0.0245
  0.0247  0.0247  0.0246  0.0246  0.0246  0.0246  0.0247  0.0247  0.0246  0.0246  0.0246  0.0246
  0.0250  0.0249  0.0248  0.0248  0.0248  0.0248  0.0249  0.0250  0.0248  0.0249  0.0247  0.0247
registration optimization eta report
parameter search radius
    0.8000    0.8000    0.8000    2.4000    2.4000    2.4000
    2.4000    2.4000    2.4000    2.4000    2.4000    2.4000
100000*second partial in parameter space
       72.       61.       41.        5.        6.        5.
        7.       10.        5.        7.        3.        4.
  0.0250  0.0249  0.0248  0.0248  0.0248  0.0248  0.0249  0.0251  0.0248  0.0249  0.0247  0.0247
  0.0247  0.0247  0.0246  0.0246  0.0246  0.0247  0.0247  0.0247  0.0246  0.0247  0.0246  0.0246
  0.0245  0.0245  0.0245  0.0245  0.0245  0.0246  0.0245  0.0245  0.0245  0.0245  0.0245  0.0245
  0.0245  0.0245  0.0245  0.0245  0.0245  0.0245  0.0245  0.0245  0.0245  0.0245  0.0245  0.0245
  0.0245  0.0245  0.0245  0.0245  0.0245  0.0245  0.0245  0.0246  0.0245  0.0245  0.0245  0.0245
  0.0247  0.0247  0.0246  0.0246  0.0246  0.0246  0.0247  0.0247  0.0246  0.0246  0.0246  0.0246
  0.0250  0.0249  0.0248  0.0248  0.0248  0.0248  0.0249  0.0250  0.0248  0.0249  0.0247  0.0247
   -1.8776   -7.3573   13.5866   -2.7374   -8.3041   -6.6680
    2.3765    3.0880   -1.3809    8.1936   -7.1660   -7.1727
eta,q 0.97551 11.13839

---------------------------------------------------------------------
compute_vox2vox talsrcimg talsrcimg_to_711-2C_as_mni_average_305_t4 /opt/freesurfer/average/711-2C_as_mni_average_305
---------------------------------------------------------------------

freesurfer compute_vox2vox.c
Reading: talsrcimg.4dfp.ifh
Reading: talsrcimg_to_711-2C_as_mni_average_305_t4
Reading: /opt/freesurfer/average/711-2C_as_mni_average_305.4dfp.ifh
Writing: talsrcimg_to_711-2C_as_mni_average_305_t4_vox2vox.txt

start time Wed Mar 11 04:22:55 CET 2026
end		time Wed Mar 11 04:24:23 CET 2026

mpr2mni305 success

avi2talxfm orig_nu.mgz /opt/freesurfer/average/mni305.cor.mgz talsrcimg_to_711-2C_as_mni_average_305_t4_vox2vox.txt transforms/talairach.auto.xfm
avi2talxfm done
mv -f /out/sourcedata/freesurfer/sub-v2s13x29118_ses-1/mri/talsrcimg_to_711-2C_as_mni_average_305_t4_vox2vox.txt /out/sourcedata/freesurfer/sub-v2s13x29118_ses-1/mri/transforms/talsrcimg_to_711-2C_as_mni_average_305_t4_vox2vox.txt
lta_convert --src orig_nu.mgz --trg /opt/freesurfer/average/mni305.cor.mgz --inxfm transforms/talairach.auto.xfm --outlta transforms/talairach.auto.xfm.lta --subject fsaverage
7.3.2

--src: orig_nu.mgz src image (geometry).
--trg: /opt/freesurfer/average/mni305.cor.mgz trg image (geometry).
--inmni: transforms/talairach.auto.xfm input MNI/XFM transform.
--outlta: transforms/talairach.auto.xfm.lta output LTA.
--s: fsaverage subject name
 LTA read, type : 1
 1.02542  -0.03138  -0.02903   0.93857;
 0.07937   1.06170   0.08099  -10.80163;
 0.00835  -0.09534   1.08288  -0.42966;
 0.00000   0.00000   0.00000   1.00000;
setting subject to fsaverage
Writing  LTA to file transforms/talairach.auto.xfm.lta...
lta_convert successful.
 
 
Started at Wed Mar 11 04:22:54 CET 2026
Ended   at Wed Mar 11 04:24:23 CET 2026
talairach_avi done
