status file for recon-all
Wed Mar 11 04:53:58 CET 2026
#@# MotionCor Wed Mar 11 04:54:00 CET 2026
#@# Talairach Wed Mar 11 04:54:11 CET 2026
#@# Talairach Failure Detection Wed Mar 11 04:58:32 CET 2026
#@# Nu Intensity Correction Wed Mar 11 04:58:32 CET 2026
#@# Intensity Normalization Wed Mar 11 05:01:49 CET 2026
recon-all -s sub-v2s13x29129_ses-1 finished without error at Wed Mar 11 05:03:25 CET 2026



#New# invocation of recon-all 



status file for recon-all
Wed Mar 11 05:11:09 CET 2026
#@# EM Registration Wed Mar 11 05:11:09 CET 2026
recon-all -s sub-v2s13x29129_ses-1 finished without error at Wed Mar 11 05:13:00 CET 2026



#New# invocation of recon-all 



status file for recon-all
Wed Mar 11 05:13:04 CET 2026
#@# CA Normalize Wed Mar 11 05:13:04 CET 2026
#@# CA Reg Wed Mar 11 05:14:23 CET 2026
#@# SubCort Seg Wed Mar 11 06:03:02 CET 2026
#@# CC Seg Wed Mar 11 06:39:17 CET 2026
#@# Merge ASeg Wed Mar 11 06:40:22 CET 2026
#@# Intensity Normalization2 Wed Mar 11 06:40:22 CET 2026
#@# Mask BFS Wed Mar 11 06:42:44 CET 2026
#@# WM Segmentation Wed Mar 11 06:42:45 CET 2026
#@# Fill Wed Mar 11 06:44:57 CET 2026
recon-all -s sub-v2s13x29129_ses-1 finished without error at Wed Mar 11 06:45:59 CET 2026



#New# invocation of recon-all 



status file for recon-all
Wed Mar 11 07:54:09 CET 2026
#@# white curv lh Wed Mar 11 07:54:09 CET 2026
#@# white area lh Wed Mar 11 07:54:09 CET 2026
#@# pial curv lh Wed Mar 11 07:54:09 CET 2026
#@# pial area lh Wed Mar 11 07:54:09 CET 2026
#@# thickness lh Wed Mar 11 07:54:09 CET 2026
#@# area and vertex vol lh Wed Mar 11 07:54:09 CET 2026
#@# white curv rh Wed Mar 11 07:54:09 CET 2026
#@# white area rh Wed Mar 11 07:54:09 CET 2026
#@# pial curv rh Wed Mar 11 07:54:09 CET 2026
#@# pial area rh Wed Mar 11 07:54:09 CET 2026
#@# thickness rh Wed Mar 11 07:54:09 CET 2026
#@# area and vertex vol rh Wed Mar 11 07:54:09 CET 2026
#@# Cortical ribbon mask Wed Mar 11 07:54:09 CET 2026
recon-all -s sub-v2s13x29129_ses-1 finished without error at Wed Mar 11 08:02:01 CET 2026



#New# invocation of recon-all 



status file for recon-all
Wed Mar 11 08:11:13 CET 2026
#@# white curv lh Wed Mar 11 08:11:13 CET 2026
#@# white area lh Wed Mar 11 08:11:13 CET 2026
#@# pial curv lh Wed Mar 11 08:11:13 CET 2026
#@# pial area lh Wed Mar 11 08:11:13 CET 2026
#@# thickness lh Wed Mar 11 08:11:13 CET 2026
#@# area and vertex vol lh Wed Mar 11 08:11:13 CET 2026
#@# white curv rh Wed Mar 11 08:11:13 CET 2026
#@# white area rh Wed Mar 11 08:11:13 CET 2026
#@# pial curv rh Wed Mar 11 08:11:13 CET 2026
#@# pial area rh Wed Mar 11 08:11:13 CET 2026
#@# thickness rh Wed Mar 11 08:11:13 CET 2026
#@# area and vertex vol rh Wed Mar 11 08:11:13 CET 2026
#@# Curvature Stats lh Wed Mar 11 08:11:13 CET 2026
#@# Curvature Stats rh Wed Mar 11 08:11:17 CET 2026
#@# Relabel Hypointensities Wed Mar 11 08:11:20 CET 2026
#@# APas-to-ASeg Wed Mar 11 08:11:41 CET 2026
#@# AParc-to-ASeg aparc Wed Mar 11 08:11:53 CET 2026
#@# AParc-to-ASeg aparc.a2009s Wed Mar 11 08:13:07 CET 2026
#@# AParc-to-ASeg aparc.DKTatlas Wed Mar 11 08:14:19 CET 2026
#@# WMParc Wed Mar 11 08:15:31 CET 2026
#@# ASeg Stats Wed Mar 11 08:19:24 CET 2026
recon-all -s sub-v2s13x29129_ses-1 finished without error at Wed Mar 11 08:20:05 CET 2026
