status file for recon-all
Wed Mar 11 06:46:04 CET 2026
#@# Tessellate lh Wed Mar 11 06:46:04 CET 2026
#@# Smooth1 lh Wed Mar 11 06:46:08 CET 2026
#@# Inflation1 lh Wed Mar 11 06:46:12 CET 2026
#@# QSphere lh Wed Mar 11 06:47:36 CET 2026
#@# Fix Topology lh Wed Mar 11 06:49:01 CET 2026
#@# Smooth2 lh Wed Mar 11 06:56:31 CET 2026
#@# Inflation2 lh Wed Mar 11 06:56:35 CET 2026
#@# Curv .H and .K lh Wed Mar 11 06:57:05 CET 2026
#@# Sphere lh Wed Mar 11 06:58:08 CET 2026
#@# Surf Reg lh Wed Mar 11 07:02:21 CET 2026
#@# Jacobian white lh Wed Mar 11 07:09:07 CET 2026
#@# AvgCurv lh Wed Mar 11 07:09:08 CET 2026
#@# Cortical Parc lh Wed Mar 11 07:09:10 CET 2026
#@# white curv lh Wed Mar 11 07:18:08 CET 2026
#@# white area lh Wed Mar 11 07:18:11 CET 2026
#@# pial curv lh Wed Mar 11 07:18:12 CET 2026
#@# pial area lh Wed Mar 11 07:18:14 CET 2026
#@# thickness lh Wed Mar 11 07:18:15 CET 2026
#@# area and vertex vol lh Wed Mar 11 07:18:57 CET 2026
#@# Curvature Stats lh Wed Mar 11 07:18:59 CET 2026
#@# Cortical Parc 2 lh Wed Mar 11 07:19:02 CET 2026
#@# Cortical Parc 3 lh Wed Mar 11 07:19:19 CET 2026
#@# WM/GM Contrast lh Wed Mar 11 07:19:33 CET 2026
recon-all -s sub-v2s13x29129_ses-1 finished without error at Wed Mar 11 07:19:38 CET 2026



#New# invocation of recon-all 



status file for recon-all
Wed Mar 11 08:02:05 CET 2026
#@# white curv lh Wed Mar 11 08:02:05 CET 2026
#@# white area lh Wed Mar 11 08:02:05 CET 2026
#@# pial curv lh Wed Mar 11 08:02:05 CET 2026
#@# pial area lh Wed Mar 11 08:02:05 CET 2026
#@# thickness lh Wed Mar 11 08:02:06 CET 2026
#@# area and vertex vol lh Wed Mar 11 08:02:06 CET 2026
#@# Parcellation Stats lh Wed Mar 11 08:02:06 CET 2026
#@# Parcellation Stats 2 lh Wed Mar 11 08:02:35 CET 2026
#@# Parcellation Stats 3 lh Wed Mar 11 08:02:50 CET 2026
#@# BA_exvivo Labels lh Wed Mar 11 08:03:04 CET 2026
recon-all -s sub-v2s13x29129_ses-1 finished without error at Wed Mar 11 08:06:32 CET 2026
