/out/sourcedata/freesurfer/sub-v2s13x29099_ses-1/mri
/opt/freesurfer/bin/talairach_avi
--i orig_nu.mgz --xfm transforms/talairach.auto.xfm
talairach_avi 7.3.2
Linux dna043 5.14.0-427.37.1.el9_4.x86_64 #1 SMP PREEMPT_DYNAMIC Fri Sep 13 12:41:50 EDT 2024 x86_64 x86_64 x86_64 GNU/Linux
Wed Mar 11 03:09:25 CET 2026
mri_convert orig_nu.mgz talsrcimg.img 
reading from orig_nu.mgz...
TR=0.00, TE=0.00, TI=0.00, flip angle=0.00
i_ras = (-1, -4.65661e-11, 1.61969e-11)
j_ras = (-8.09846e-11, 1.65856e-08, -1)
k_ras = (-4.57563e-10, 1, 0)
writing to talsrcimg.img...
Analyze Output Matrix
-0.89844  -0.00000  -0.00000   117.17061;
-0.00000   0.00000   0.89844  -121.86646;
 0.00000  -0.89844   0.00000   132.34680;
 0.00000   0.00000   0.00000   1.00000;
--------------------
INFO: set hdr.hist.orient to -1
mpr2mni305 talsrcimg
Wed Mar 11 03:09:26 CET 2026
/opt/freesurfer/bin/mpr2mni305 talsrcimg
mpr2mni305 7.3.2
target=711-2C_as_mni_average_305

---------------------------------------------------------------------
analyzeto4dfp talsrcimg -O0 -y
---------------------------------------------------------------------

freesurfer ifh2hdr.c
Wed Mar 11 03:09:26 2026
Writing: talsrcimg.4dfp.hdr
freesurfer analyzeto4dfp.c
Reading: talsrcimg.hdr
header size 348 bytes
hdr.dime.datatype	offset=70	value=2
hdr.dime.bitpix		offset=72	value=8
hdr.hist.orient		offset=252	value=-1
dimensionality     4
dimensions       256       256       256         1
Reading: talsrcimg.img
Writing: talsrcimg.4dfp.img
Writing: talsrcimg.4dfp.ifh
ifh2hdr talsrcimg -r0to247
ori=2

---------------------------------------------------------------------
gauss_4dfp talsrcimg 1.1
---------------------------------------------------------------------

freesurfer gauss_4dfp.c
Reading: talsrcimg.4dfp.img
Writing: talsrcimg_g11.4dfp.img
image dimensions 256 256 256 padded to 288 288 288
processing volume 1freesurfer ifh2hdr.c
Wed Mar 11 03:09:28 2026
Writing: talsrcimg_g11.4dfp.hdr

Writing: talsrcimg_g11.4dfp.ifh
including: talsrcimg.4dfp.img.rec in talsrcimg_g11.4dfp.img.rec

---------------------------------------------------------------------
imgreg_4dfp /opt/freesurfer/average/711-2C_as_mni_average_305 none talsrcimg_g11 none talsrcimg_to_711-2C_as_mni_average_305_t4 4355
---------------------------------------------------------------------

freesurfer imgreg_4dfp.c
/opt/freesurfer/average/711-2C_as_mni_average_305.4dfp.img
       256       256       256         1
  1.000000  1.000000  1.000000
orientation T byte_order littleendian
Reading image: /opt/freesurfer/average/711-2C_as_mni_average_305.4dfp.img
dimensions:      256       256       256
mmppix:       1.0000   -1.0000   -1.0000
center:     128.0000 -129.0000 -129.0000
talsrcimg_g11.4dfp.img
       256       256       256         1
  0.898438  0.898438  0.898438
orientation T byte_order littleendian
Reading image: talsrcimg_g11.4dfp.img
dimensions:      256       256       256
mmppix:       0.8984   -0.8984   -0.8984
center:     115.0001 -115.8985 -115.8985
t4_read: open error in t4_sub.f l:  41 t4_file(1:l)talsrcimg_to_711-2C_as_mni_average_305_t4 
t4_read: transform initialized to I4
rotation matrix determinant  1.000000
image alignment mode   4355 decimal     1103 hex
   -7.5000  -45.0000  -45.0000 5952.4556   19.5450
    0.0000  -45.0000  -45.0000 5988.8408   19.5171
    7.5000  -45.0000  -45.0000 5702.1753   19.4847
   -7.5000  -37.5000  -45.0000 6368.7026   20.7865
    0.0000  -37.5000  -45.0000 6401.5117   20.7668
    7.5000  -37.5000  -45.0000 6095.4292   20.7287
   -7.5000  -30.0000  -45.0000 6798.2490   21.4331
    0.0000  -30.0000  -45.0000 6846.1553   21.4203
    7.5000  -30.0000  -45.0000 6501.4058   21.3835
   -7.5000  -22.5000  -45.0000 7288.6763   21.4039
    0.0000  -22.5000  -45.0000 7355.4707   21.3895
    7.5000  -22.5000  -45.0000 6964.0952   21.3583
   -7.5000  -15.0000  -45.0000 7759.0127   21.3832
    0.0000  -15.0000  -45.0000 7838.2769   21.3589
    7.5000  -15.0000  -45.0000 7415.3521   21.3300
   -7.5000   -7.5000  -45.0000 7872.9429   21.3911
    0.0000   -7.5000  -45.0000 7947.4438   21.3589
    7.5000   -7.5000  -45.0000 7518.9697   21.3287
   -7.5000    0.0000  -45.0000 7910.2949   21.4212
    0.0000    0.0000  -45.0000 7962.5571   21.3907
    7.5000    0.0000  -45.0000 7557.5146   21.3552
   -7.5000    7.5000  -45.0000 7572.2119   21.4419
    0.0000    7.5000  -45.0000 7634.7026   21.4216
    7.5000    7.5000  -45.0000 7235.8916   21.3822
   -7.5000   15.0000  -45.0000 7418.4414   21.4331
    0.0000   15.0000  -45.0000 7476.9390   21.4203
    7.5000   15.0000  -45.0000 7070.2339   21.3835
   -7.5000   22.5000  -45.0000 6848.9839   21.1165
    0.0000   22.5000  -45.0000 6891.8242   21.1023
    7.5000   22.5000  -45.0000 6508.1523   21.0715
   -7.5000   30.0000  -45.0000 6295.1660   20.6078
    0.0000   30.0000  -45.0000 6322.6826   20.5844
    7.5000   30.0000  -45.0000 5949.5552   20.5569
   -7.5000   37.5000  -45.0000 5770.7349   20.2110
    0.0000   37.5000  -45.0000 5793.5317   20.1778
    7.5000   37.5000  -45.0000 5448.7891   20.1461
   -7.5000   45.0000  -45.0000 5291.1294   19.9931
    0.0000   45.0000  -45.0000 5323.2026   19.9763
    7.5000   45.0000  -45.0000 5006.0674   19.9471
   -7.5000  -45.0000  -37.5000 6530.6323   20.5386
    0.0000  -45.0000  -37.5000 6569.7725   20.5231
    7.5000  -45.0000  -37.5000 6235.2129   20.4930
   -7.5000  -37.5000  -37.5000 6981.7485   21.8557
    0.0000  -37.5000  -37.5000 7020.0308   21.8483
    7.5000  -37.5000  -37.5000 6663.9067   21.8117
   -7.5000  -30.0000  -37.5000 7412.7769   22.4997
    0.0000  -30.0000  -37.5000 7467.5586   22.4994
    7.5000  -30.0000  -37.5000 7082.8647   22.4633
   -7.5000  -22.5000  -37.5000 7953.3267   22.4695
    0.0000  -22.5000  -37.5000 8025.4307   22.4677
    7.5000  -22.5000  -37.5000 7599.0166   22.4364
   -7.5000  -15.0000  -37.5000 8452.2607   22.4447
    0.0000  -15.0000  -37.5000 8546.4346   22.4331
    7.5000  -15.0000  -37.5000 8076.1050   22.4050
   -7.5000   -7.5000  -37.5000 8573.7080   22.4500
    0.0000   -7.5000  -37.5000 8637.8252   22.4313
    7.5000   -7.5000  -37.5000 8172.4932   22.4032
   -7.5000    0.0000  -37.5000 8571.3848   22.4815
    0.0000    0.0000  -37.5000 8621.7568   22.4645
    7.5000    0.0000  -37.5000 8182.9805   22.4317
   -7.5000    7.5000  -37.5000 8200.7500   22.5051
    0.0000    7.5000  -37.5000 8276.5859   22.4975
    7.5000    7.5000  -37.5000 7826.7266   22.4597
   -7.5000   15.0000  -37.5000 8033.5737   22.4986
    0.0000   15.0000  -37.5000 8109.4248   22.4984
    7.5000   15.0000  -37.5000 7664.1265   22.4622
   -7.5000   22.5000  -37.5000 7387.6006   22.1699
    0.0000   22.5000  -37.5000 7466.0767   22.1682
    7.5000   22.5000  -37.5000 7032.5464   22.1373
   -7.5000   30.0000  -37.5000 6766.0669   21.6453
    0.0000   30.0000  -37.5000 6824.1353   21.6346
    7.5000   30.0000  -37.5000 6412.1836   21.6079
   -7.5000   37.5000  -37.5000 6193.1504   21.2337
    0.0000   37.5000  -37.5000 6230.0967   21.2129
    7.5000   37.5000  -37.5000 5855.4941   21.1826
   -7.5000   45.0000  -37.5000 5679.2969   20.9725
    0.0000   45.0000  -37.5000 5722.2808   20.9664
    7.5000   45.0000  -37.5000 5378.0713   20.9390
   -7.5000  -45.0000  -30.0000 7091.5391   21.5529
    0.0000  -45.0000  -30.0000 7157.9604   21.5521
    7.5000  -45.0000  -30.0000 6766.3916   21.5272
   -7.5000  -37.5000  -30.0000 7572.6978   22.9454
    0.0000  -37.5000  -30.0000 7638.5073   22.9526
    7.5000  -37.5000  -30.0000 7223.0405   22.9204
   -7.5000  -30.0000  -30.0000 8041.3389   23.5898
    0.0000  -30.0000  -30.0000 8132.2471   23.6023
    7.5000  -30.0000  -30.0000 7672.3848   23.5703
   -7.5000  -22.5000  -30.0000 8630.2881   23.5598
    0.0000  -22.5000  -30.0000 8721.5039   23.5694
    7.5000  -22.5000  -30.0000 8231.4365   23.5424
   -7.5000  -15.0000  -30.0000 9164.7021   23.5332
    0.0000  -15.0000  -30.0000 9257.6426   23.5341
    7.5000  -15.0000  -30.0000 8728.9453   23.5118
   -7.5000   -7.5000  -30.0000 9268.4678   23.5361
    0.0000   -7.5000  -30.0000 9343.8857   23.5324
    7.5000   -7.5000  -30.0000 8833.2354   23.5108
   -7.5000    0.0000  -30.0000 9263.7158   23.5672
    0.0000    0.0000  -30.0000 9329.9688   23.5665
    7.5000    0.0000  -30.0000 8826.8955   23.5392
   -7.5000    7.5000  -30.0000 8838.2861   23.5914
    0.0000    7.5000  -30.0000 8915.6191   23.5988
    7.5000    7.5000  -30.0000 8423.7793   23.5657
   -7.5000   15.0000  -30.0000 8659.4395   23.5866
    0.0000   15.0000  -30.0000 8739.6582   23.5991
    7.5000   15.0000  -30.0000 8251.5498   23.5671
   -7.5000   22.5000  -30.0000 7935.5474   23.2471
    0.0000   22.5000  -30.0000 8030.8208   23.2565
    7.5000   22.5000  -30.0000 7557.5718   23.2299
   -7.5000   30.0000  -30.0000 7221.7163   22.7169
    0.0000   30.0000  -30.0000 7302.7812   22.7182
    7.5000   30.0000  -30.0000 6870.5786   22.6967
   -7.5000   37.5000  -30.0000 6602.5146   22.2949
    0.0000   37.5000  -30.0000 6670.0293   22.2895
    7.5000   37.5000  -30.0000 6272.0273   22.2660
   -7.5000   45.0000  -30.0000 6048.7852   22.0137
    0.0000   45.0000  -30.0000 6111.6445   22.0203
    7.5000   45.0000  -30.0000 5749.5439   21.9973
   -7.5000  -45.0000  -22.5000 7651.5410   22.4592
    0.0000  -45.0000  -22.5000 7717.0811   22.4617
    7.5000  -45.0000  -22.5000 7298.6465   22.4405
   -7.5000  -37.5000  -22.5000 8146.0420   23.9192
    0.0000  -37.5000  -22.5000 8227.7207   23.9289
    7.5000  -37.5000  -22.5000 7759.4536   23.9008
   -7.5000  -30.0000  -22.5000 8632.1689   24.5646
    0.0000  -30.0000  -22.5000 8748.7979   24.5760
    7.5000  -30.0000  -22.5000 8257.3818   24.5475
   -7.5000  -22.5000  -22.5000 9250.7021   24.5406
    0.0000  -22.5000  -22.5000 9368.7607   24.5466
    7.5000  -22.5000  -22.5000 8848.1992   24.5230
   -7.5000  -15.0000  -22.5000 9804.8164   24.5185
    0.0000  -15.0000  -22.5000 9927.4717   24.5173
    7.5000  -15.0000  -22.5000 9370.5762   24.4994
   -7.5000   -7.5000  -22.5000 9920.1270   24.5197
    0.0000   -7.5000  -22.500010026.4023   24.5171
    7.5000   -7.5000  -22.5000 9457.0557   24.5002
   -7.5000    0.0000  -22.5000 9909.4062   24.5443
    0.0000    0.0000  -22.500010014.6201   24.5471
    7.5000    0.0000  -22.5000 9442.3906   24.5240
   -7.5000    7.5000  -22.5000 9433.9238   24.5620
    0.0000    7.5000  -22.5000 9528.2627   24.5719
    7.5000    7.5000  -22.5000 8978.6807   24.5432
   -7.5000   15.0000  -22.5000 9238.7998   24.5587
    0.0000   15.0000  -22.5000 9334.5547   24.5701
    7.5000   15.0000  -22.5000 8793.9658   24.5416
   -7.5000   22.5000  -22.5000 8465.7314   24.2173
    0.0000   22.5000  -22.5000 8560.2998   24.2232
    7.5000   22.5000  -22.5000 8062.2939   24.1999
   -7.5000   30.0000  -22.5000 7692.3501   23.6914
    0.0000   30.0000  -22.5000 7787.1650   23.6903
    7.5000   30.0000  -22.5000 7324.6240   23.6725
   -7.5000   37.5000  -22.5000 7009.6763   23.2550
    0.0000   37.5000  -22.5000 7090.0986   23.2521
    7.5000   37.5000  -22.5000 6684.8604   23.2345
   -7.5000   45.0000  -22.5000 6393.3662   22.9794
    0.0000   45.0000  -22.5000 6460.5576   22.9888
    7.5000   45.0000  -22.5000 6095.9150   22.9698
   -7.5000  -45.0000  -15.0000 8177.9683   23.2498
    0.0000  -45.0000  -15.0000 8256.2959   23.2379
    7.5000  -45.0000  -15.0000 7811.4429   23.2131
   -7.5000  -37.5000  -15.0000 8694.7910   24.7541
    0.0000  -37.5000  -15.0000 8802.7285   24.7498
    7.5000  -37.5000  -15.0000 8295.0098   24.7190
   -7.5000  -30.0000  -15.0000 9234.6162   25.3981
    0.0000  -30.0000  -15.0000 9359.6572   25.3946
    7.5000  -30.0000  -15.0000 8808.2715   25.3640
   -7.5000  -22.5000  -15.0000 9860.0186   25.3768
    0.0000  -22.5000  -15.0000 9976.7383   25.3668
    7.5000  -22.5000  -15.0000 9406.4600   25.3414
   -7.5000  -15.0000  -15.000010444.0439   25.3591
    0.0000  -15.0000  -15.000010575.9287   25.3416
    7.5000  -15.0000  -15.0000 9953.1064   25.3212
   -7.5000   -7.5000  -15.000010559.9805   25.3621
    0.0000   -7.5000  -15.000010694.2764   25.3430
    7.5000   -7.5000  -15.000010063.3252   25.3223
   -7.5000    0.0000  -15.000010511.6914   25.3836
    0.0000    0.0000  -15.000010658.5127   25.3707
    7.5000    0.0000  -15.000010014.9824   25.3436
   -7.5000    7.5000  -15.0000 9987.2119   25.3947
    0.0000    7.5000  -15.000010118.1729   25.3902
    7.5000    7.5000  -15.0000 9510.1406   25.3587
   -7.5000   15.0000  -15.0000 9768.2002   25.3903
    0.0000   15.0000  -15.0000 9890.9775   25.3868
    7.5000   15.0000  -15.0000 9298.5146   25.3561
   -7.5000   22.5000  -15.0000 8959.3311   25.0460
    0.0000   22.5000  -15.0000 9056.9980   25.0361
    7.5000   22.5000  -15.0000 8505.4229   25.0111
   -7.5000   30.0000  -15.0000 8125.8750   24.5226
    0.0000   30.0000  -15.0000 8214.9697   24.5054
    7.5000   30.0000  -15.0000 7720.0791   24.4850
   -7.5000   37.5000  -15.0000 7397.9966   24.0823
    0.0000   37.5000  -15.0000 7469.7290   24.0639
    7.5000   37.5000  -15.0000 7043.9546   24.0432
   -7.5000   45.0000  -15.0000 6727.9292   23.8260
    0.0000   45.0000  -15.0000 6795.4170   23.8240
    7.5000   45.0000  -15.0000 6412.1919   23.8026
   -7.5000  -45.0000   -7.5000 8471.2061   23.2549
    0.0000  -45.0000   -7.5000 8569.5850   23.2261
    7.5000  -45.0000   -7.5000 8092.1162   23.1941
   -7.5000  -37.5000   -7.5000 8975.7295   24.7617
    0.0000  -37.5000   -7.5000 9101.1846   24.7415
    7.5000  -37.5000   -7.5000 8575.4150   24.7035
   -7.5000  -30.0000   -7.5000 9530.1328   25.4050
    0.0000  -30.0000   -7.5000 9646.4121   25.3894
    7.5000  -30.0000   -7.5000 9094.9062   25.3525
   -7.5000  -22.5000   -7.500010137.9141   25.3792
    0.0000  -22.5000   -7.500010244.8691   25.3596
    7.5000  -22.5000   -7.5000 9665.5283   25.3291
   -7.5000  -15.0000   -7.500010737.9170   25.3587
    0.0000  -15.0000   -7.500010863.0137   25.3293
    7.5000  -15.0000   -7.500010217.7207   25.3028
   -7.5000   -7.5000   -7.500010867.8701   25.3633
    0.0000   -7.5000   -7.500011006.2939   25.3279
    7.5000   -7.5000   -7.500010334.7812   25.2996
   -7.5000    0.0000   -7.500010813.2666   25.3891
    0.0000    0.0000   -7.500010982.3486   25.3578
    7.5000    0.0000   -7.500010289.9492   25.3229
   -7.5000    7.5000   -7.500010238.6533   25.4025
    0.0000    7.5000   -7.500010392.8281   25.3818
    7.5000    7.5000   -7.5000 9727.8477   25.3427
   -7.5000   15.0000   -7.5000 9979.1846   25.3972
    0.0000   15.0000   -7.500010129.7031   25.3816
    7.5000   15.0000   -7.5000 9466.4951   25.3447
   -7.5000   22.5000   -7.5000 9165.9980   25.0479
    0.0000   22.5000   -7.5000 9287.1162   25.0286
    7.5000   22.5000   -7.5000 8685.5801   24.9985
   -7.5000   30.0000   -7.5000 8303.5713   24.5165
    0.0000   30.0000   -7.5000 8397.5791   24.4878
    7.5000   30.0000   -7.5000 7860.6069   24.4619
   -7.5000   37.5000   -7.5000 7541.3369   24.0824
    0.0000   37.5000   -7.5000 7613.8569   24.0472
    7.5000   37.5000   -7.5000 7150.8501   24.0182
   -7.5000   45.0000   -7.5000 6843.9067   23.8366
    0.0000   45.0000   -7.5000 6905.9058   23.8204
    7.5000   45.0000   -7.5000 6509.6821   23.7926
   -7.5000  -45.0000    0.0000 8598.0381   23.8510
    0.0000  -45.0000    0.0000 8700.9561   23.8177
    7.5000  -45.0000    0.0000 8228.9375   23.7791
   -7.5000  -37.5000    0.0000 9086.3789   25.3906
    0.0000  -37.5000    0.0000 9207.5059   25.3669
    7.5000  -37.5000    0.0000 8698.3086   25.3214
   -7.5000  -30.0000    0.0000 9638.7549   26.0318
    0.0000  -30.0000    0.0000 9751.6377   26.0163
    7.5000  -30.0000    0.0000 9212.0557   25.9725
   -7.5000  -22.5000    0.000010241.0840   25.9991
    0.0000  -22.5000    0.000010328.7441   25.9816
    7.5000  -22.5000    0.0000 9782.9355   25.9442
   -7.5000  -15.0000    0.000010852.8301   25.9735
    0.0000  -15.0000    0.000010940.4414   25.9444
    7.5000  -15.0000    0.000010351.2754   25.9099
   -7.5000   -7.5000    0.000010999.4707   25.9804
    0.0000   -7.5000    0.000011095.2354   25.9419
    7.5000   -7.5000    0.000010477.6191   25.9060
   -7.5000    0.0000    0.000010946.7871   26.0142
    0.0000    0.0000    0.000011087.3877   25.9779
    7.5000    0.0000    0.000010422.2412   25.9359
   -7.5000    7.5000    0.000010322.1973   26.0304
    0.0000    7.5000    0.000010458.9551   26.0061
    7.5000    7.5000    0.0000 9817.6777   25.9595
   -7.5000   15.0000    0.000010011.2002   26.0225
    0.0000   15.0000    0.000010146.9424   26.0071
    7.5000   15.0000    0.0000 9506.5957   25.9633
   -7.5000   22.5000    0.0000 9202.5928   25.6632
    0.0000   22.5000    0.0000 9318.8994   25.6460
    7.5000   22.5000    0.0000 8708.1719   25.6091
   -7.5000   30.0000    0.0000 8325.2266   25.1193
    0.0000   30.0000    0.0000 8429.1631   25.0913
    7.5000   30.0000    0.0000 7885.5337   25.0583
   -7.5000   37.5000    0.0000 7554.3115   24.7049
    0.0000   37.5000    0.0000 7622.6191   24.6651
    7.5000   37.5000    0.0000 7157.3237   24.6271
   -7.5000   45.0000    0.0000 6830.6685   24.4738
    0.0000   45.0000    0.0000 6888.2012   24.4538
    7.5000   45.0000    0.0000 6486.7080   24.4192
   -7.5000  -45.0000    7.5000 8387.6943   23.8574
    0.0000  -45.0000    7.5000 8457.0059   23.8390
    7.5000  -45.0000    7.5000 8040.0845   23.8036
   -7.5000  -37.5000    7.5000 8847.0850   25.4008
    0.0000  -37.5000    7.5000 8921.3750   25.3918
    7.5000  -37.5000    7.5000 8488.7383   25.3489
   -7.5000  -30.0000    7.5000 9370.7178   26.0421
    0.0000  -30.0000    7.5000 9432.0098   26.0414
    7.5000  -30.0000    7.5000 8988.9404   25.9994
   -7.5000  -22.5000    7.5000 9972.5127   26.0062
    0.0000  -22.5000    7.500010009.3555   26.0037
    7.5000  -22.5000    7.5000 9557.2920   25.9675
   -7.5000  -15.0000    7.500010567.1621   25.9771
    0.0000  -15.0000    7.500010625.4883   25.9633
    7.5000  -15.0000    7.500010107.3428   25.9305
   -7.5000   -7.5000    7.500010652.4541   25.9838
    0.0000   -7.5000    7.500010711.4922   25.9616
    7.5000   -7.5000    7.500010179.8418   25.9288
   -7.5000    0.0000    7.500010574.0254   26.0212
    0.0000    0.0000    7.500010650.6074   26.0011
    7.5000    0.0000    7.500010106.6826   25.9626
   -7.5000    7.5000    7.5000 9961.0664   26.0409
    0.0000    7.5000    7.500010039.4287   26.0317
    7.5000    7.5000    7.5000 9502.6592   25.9877
   -7.5000   15.0000    7.5000 9661.0127   26.0329
    0.0000   15.0000    7.5000 9741.8760   26.0322
    7.5000   15.0000    7.5000 9184.9814   25.9902
   -7.5000   22.5000    7.5000 8858.6377   25.6706
    0.0000   22.5000    7.5000 8924.5605   25.6682
    7.5000   22.5000    7.5000 8401.4854   25.6324
   -7.5000   30.0000    7.5000 8010.3228   25.1224
    0.0000   30.0000    7.5000 8079.1455   25.1095
    7.5000   30.0000    7.5000 7598.9531   25.0785
   -7.5000   37.5000    7.5000 7285.8809   24.7171
    0.0000   37.5000    7.5000 7331.8452   24.6924
    7.5000   37.5000    7.5000 6911.2510   24.6569
   -7.5000   45.0000    7.5000 6585.8979   24.4766
    0.0000   45.0000    7.5000 6628.6113   24.4691
    7.5000   45.0000    7.5000 6248.8159   24.4367
   -7.5000  -45.0000   15.0000 8431.6611   23.8517
    0.0000  -45.0000   15.0000 8492.9951   23.8509
    7.5000  -45.0000   15.0000 8087.0464   23.8233
   -7.5000  -37.5000   15.0000 8885.7783   25.3960
    0.0000  -37.5000   15.0000 8939.0801   25.4039
    7.5000  -37.5000   15.0000 8533.8848   25.3683
   -7.5000  -30.0000   15.0000 9378.8203   26.0399
    0.0000  -30.0000   15.0000 9415.7324   26.0536
    7.5000  -30.0000   15.0000 9016.4434   26.0183
   -7.5000  -22.5000   15.0000 9977.8027   26.0068
    0.0000  -22.5000   15.000010029.4941   26.0173
    7.5000  -22.5000   15.0000 9599.7598   25.9876
   -7.5000  -15.0000   15.000010623.1172   25.9774
    0.0000  -15.0000   15.000010670.6689   25.9784
    7.5000  -15.0000   15.000010220.4521   25.9537
   -7.5000   -7.5000   15.000010690.5605   25.9807
    0.0000   -7.5000   15.000010716.2988   25.9765
    7.5000   -7.5000   15.000010271.9668   25.9527
   -7.5000    0.0000   15.000010611.3584   26.0150
    0.0000    0.0000   15.000010611.9414   26.0141
    7.5000    0.0000   15.000010165.5684   25.9840
   -7.5000    7.5000   15.0000 9983.6689   26.0360
    0.0000    7.5000   15.000010015.7852   26.0441
    7.5000    7.5000   15.0000 9540.5039   26.0076
   -7.5000   15.0000   15.0000 9663.0605   26.0306
    0.0000   15.0000   15.0000 9700.7041   26.0444
    7.5000   15.0000   15.0000 9200.7119   26.0091
   -7.5000   22.5000   15.0000 8833.7197   25.6716
    0.0000   22.5000   15.0000 8879.5752   25.6820
    7.5000   22.5000   15.0000 8377.1016   25.6526
   -7.5000   30.0000   15.0000 7985.7871   25.1288
    0.0000   30.0000   15.0000 8040.7002   25.1302
    7.5000   30.0000   15.0000 7580.0068   25.1064
   -7.5000   37.5000   15.0000 7261.8213   24.7152
    0.0000   37.5000   15.0000 7299.0718   24.7092
    7.5000   37.5000   15.0000 6897.2490   24.6832
   -7.5000   45.0000   15.0000 6543.8306   24.4651
    0.0000   45.0000   15.0000 6580.8091   24.4724
    7.5000   45.0000   15.0000 6214.9111   24.4468
   -7.5000  -45.0000   22.5000 8015.0156   23.8554
    0.0000  -45.0000   22.5000 8069.1948   23.8583
    7.5000  -45.0000   22.5000 7697.3442   23.8358
   -7.5000  -37.5000   22.5000 8447.2617   25.3950
    0.0000  -37.5000   22.5000 8495.6113   25.4055
    7.5000  -37.5000   22.5000 8126.1523   25.3758
   -7.5000  -30.0000   22.5000 8918.1494   26.0407
    0.0000  -30.0000   22.5000 8949.0420   26.0530
    7.5000  -30.0000   22.5000 8594.3018   26.0230
   -7.5000  -22.5000   22.5000 9517.9375   26.0152
    0.0000  -22.5000   22.5000 9547.0098   26.0217
    7.5000  -22.5000   22.5000 9169.4502   25.9969
   -7.5000  -15.0000   22.500010143.1338   25.9917
    0.0000  -15.0000   22.500010191.5547   25.9905
    7.5000  -15.0000   22.5000 9761.3730   25.9716
   -7.5000   -7.5000   22.500010254.8848   25.9929
    0.0000   -7.5000   22.500010321.6543   25.9903
    7.5000   -7.5000   22.5000 9852.0430   25.9724
   -7.5000    0.0000   22.500010186.9629   26.0190
    0.0000    0.0000   22.500010261.9697   26.0222
    7.5000    0.0000   22.5000 9761.4541   25.9977
   -7.5000    7.5000   22.5000 9553.1406   26.0350
    0.0000    7.5000   22.5000 9617.8037   26.0458
    7.5000    7.5000   22.5000 9125.2383   26.0153
   -7.5000   15.0000   22.5000 9192.4531   26.0315
    0.0000   15.0000   22.5000 9231.7705   26.0438
    7.5000   15.0000   22.5000 8769.7959   26.0138
   -7.5000   22.5000   22.5000 8382.4541   25.6800
    0.0000   22.5000   22.5000 8411.0205   25.6864
    7.5000   22.5000   22.5000 7972.8350   25.6619
   -7.5000   30.0000   22.5000 7585.4199   25.1490
    0.0000   30.0000   22.5000 7610.3252   25.1479
    7.5000   30.0000   22.5000 7221.5869   25.1291
   -7.5000   37.5000   22.5000 6881.7324   24.7198
    0.0000   37.5000   22.5000 6899.4326   24.7168
    7.5000   37.5000   22.5000 6545.8286   24.6981
   -7.5000   45.0000   22.5000 6193.7529   24.4671
    0.0000   45.0000   22.5000 6200.7681   24.4774
    7.5000   45.0000   22.5000 5893.8008   24.4571
   -7.5000  -45.0000   30.0000 7525.9883   23.8170
    0.0000  -45.0000   30.0000 7597.5576   23.8055
    7.5000  -45.0000   30.0000 7252.8618   23.7804
   -7.5000  -37.5000   30.0000 7954.4551   25.3594
    0.0000  -37.5000   30.0000 8012.9351   25.3557
    7.5000  -37.5000   30.0000 7673.3003   25.3249
   -7.5000  -30.0000   30.0000 8435.8320   26.0084
    0.0000  -30.0000   30.0000 8505.4434   26.0057
    7.5000  -30.0000   30.0000 8129.3301   25.9751
   -7.5000  -22.5000   30.0000 9036.5781   25.9878
    0.0000  -22.5000   30.0000 9099.3369   25.9784
    7.5000  -22.5000   30.0000 8701.5059   25.9529
   -7.5000  -15.0000   30.0000 9599.8896   25.9699
    0.0000  -15.0000   30.0000 9651.0605   25.9528
    7.5000  -15.0000   30.0000 9212.0186   25.9320
   -7.5000   -7.5000   30.0000 9698.5996   25.9721
    0.0000   -7.5000   30.0000 9758.6055   25.9533
    7.5000   -7.5000   30.0000 9295.9541   25.9321
   -7.5000    0.0000   30.0000 9638.7402   25.9930
    0.0000    0.0000   30.0000 9723.0332   25.9805
    7.5000    0.0000   30.0000 9237.1709   25.9531
   -7.5000    7.5000   30.0000 9031.0498   26.0029
    0.0000    7.5000   30.0000 9112.3721   25.9991
    7.5000    7.5000   30.0000 8653.0967   25.9675
   -7.5000   15.0000   30.0000 8667.4033   25.9992
    0.0000   15.0000   30.0000 8723.4170   25.9965
    7.5000   15.0000   30.0000 8298.5176   25.9658
   -7.5000   22.5000   30.0000 7923.6548   25.6503
    0.0000   22.5000   30.0000 7946.7827   25.6411
    7.5000   22.5000   30.0000 7530.0898   25.6159
   -7.5000   30.0000   30.0000 7151.8662   25.1407
    0.0000   30.0000   30.0000 7180.7329   25.1237
    7.5000   30.0000   30.0000 6796.2017   25.1029
   -7.5000   37.5000   30.0000 6473.9844   24.7171
    0.0000   37.5000   30.0000 6491.7510   24.6988
    7.5000   37.5000   30.0000 6146.2192   24.6776
   -7.5000   45.0000   30.0000 5786.5850   24.4854
    0.0000   45.0000   30.0000 5803.1743   24.4840
    7.5000   45.0000   30.0000 5513.4316   24.4624
   -7.5000  -45.0000   37.5000 7063.5352   23.6600
    0.0000  -45.0000   37.5000 7144.1357   23.6304
    7.5000  -45.0000   37.5000 6794.5518   23.6004
   -7.5000  -37.5000   37.5000 7485.0850   25.2004
    0.0000  -37.5000   37.5000 7566.9448   25.1800
    7.5000  -37.5000   37.5000 7205.5957   25.1444
   -7.5000  -30.0000   37.5000 7970.1841   25.8293
    0.0000  -30.0000   37.5000 8056.1250   25.8143
    7.5000  -30.0000   37.5000 7659.4277   25.7805
   -7.5000  -22.5000   37.5000 8523.0107   25.8045
    0.0000  -22.5000   37.5000 8590.8438   25.7858
    7.5000  -22.5000   37.5000 8182.3169   25.7585
   -7.5000  -15.0000   37.5000 9016.4297   25.7835
    0.0000  -15.0000   37.5000 9067.4971   25.7543
    7.5000  -15.0000   37.5000 8638.5557   25.7305
   -7.5000   -7.5000   37.5000 9115.5322   25.7869
    0.0000   -7.5000   37.5000 9169.2100   25.7508
    7.5000   -7.5000   37.5000 8736.9785   25.7247
   -7.5000    0.0000   37.5000 9053.5361   25.8117
    0.0000    0.0000   37.5000 9123.6992   25.7796
    7.5000    0.0000   37.5000 8688.8721   25.7469
   -7.5000    7.5000   37.5000 8503.7393   25.8239
    0.0000    7.5000   37.5000 8552.6621   25.8030
    7.5000    7.5000   37.5000 8145.3149   25.7665
   -7.5000   15.0000   37.5000 8159.7329   25.8199
    0.0000   15.0000   37.5000 8194.2080   25.8049
    7.5000   15.0000   37.5000 7798.7949   25.7711
   -7.5000   22.5000   37.5000 7431.3252   25.4646
    0.0000   22.5000   37.5000 7449.4854   25.4461
    7.5000   22.5000   37.5000 7080.0195   25.4192
   -7.5000   30.0000   37.5000 6710.5151   24.9555
    0.0000   30.0000   37.5000 6736.2744   24.9269
    7.5000   30.0000   37.5000 6387.5474   24.9036
   -7.5000   37.5000   37.5000 6070.3379   24.5457
    0.0000   37.5000   37.5000 6087.9126   24.5096
    7.5000   37.5000   37.5000 5762.7856   24.4828
   -7.5000   45.0000   37.5000 5415.4561   24.3322
    0.0000   45.0000   37.5000 5444.1948   24.3157
    7.5000   45.0000   37.5000 5155.5576   24.2901
   -7.5000  -45.0000   45.0000 6605.2832   23.6658
    0.0000  -45.0000   45.0000 6679.7510   23.6318
    7.5000  -45.0000   45.0000 6325.1514   23.5937
   -7.5000  -37.5000   45.0000 7004.7734   25.2183
    0.0000  -37.5000   45.0000 7097.0894   25.1932
    7.5000  -37.5000   45.0000 6709.6069   25.1494
   -7.5000  -30.0000   45.0000 7436.1475   25.8209
    0.0000  -30.0000   45.0000 7543.3540   25.8044
    7.5000  -30.0000   45.0000 7139.7710   25.7645
   -7.5000  -22.5000   45.0000 7944.5430   25.7838
    0.0000  -22.5000   45.0000 8033.0542   25.7663
    7.5000  -22.5000   45.0000 7621.1665   25.7341
   -7.5000  -15.0000   45.0000 8381.6260   25.7517
    0.0000  -15.0000   45.0000 8457.9336   25.7232
    7.5000  -15.0000   45.0000 8043.8945   25.6927
   -7.5000   -7.5000   45.0000 8451.6338   25.7571
    0.0000   -7.5000   45.0000 8521.7861   25.7190
    7.5000   -7.5000   45.0000 8116.0884   25.6849
   -7.5000    0.0000   45.0000 8408.1943   25.7956
    0.0000    0.0000   45.0000 8480.5625   25.7587
    7.5000    0.0000   45.0000 8070.0811   25.7173
   -7.5000    7.5000   45.0000 7910.2485   25.8174
    0.0000    7.5000   45.0000 7963.4912   25.7918
    7.5000    7.5000   45.0000 7583.5781   25.7469
   -7.5000   15.0000   45.0000 7593.9336   25.8112
    0.0000   15.0000   45.0000 7651.9673   25.7947
    7.5000   15.0000   45.0000 7280.1548   25.7548
   -7.5000   22.5000   45.0000 6914.9849   25.4407
    0.0000   22.5000   45.0000 6957.7622   25.4235
    7.5000   22.5000   45.0000 6609.6792   25.3917
   -7.5000   30.0000   45.0000 6246.6006   24.9177
    0.0000   30.0000   45.0000 6275.1860   24.8902
    7.5000   30.0000   45.0000 5955.7173   24.8611
   -7.5000   37.5000   45.0000 5652.5410   24.5286
    0.0000   37.5000   45.0000 5680.2690   24.4889
    7.5000   37.5000   45.0000 5376.7349   24.4525
   -7.5000   45.0000   45.0000 5046.4214   24.3260
    0.0000   45.0000   45.0000 5071.0400   24.3059
    7.5000   45.0000   45.0000 4816.5254   24.2720

---------------------------------------------------------------------
imgreg_4dfp /opt/freesurfer/average/711-2C_as_mni_average_305 /opt/freesurfer/average/711-2B_as_mni_average_305_mask talsrcimg_g11 none talsrcimg_to_711-2C_as_mni_average_305_t4 4355
---------------------------------------------------------------------

freesurfer imgreg_4dfp.c
/opt/freesurfer/average/711-2C_as_mni_average_305.4dfp.img
       256       256       256         1
  1.000000  1.000000  1.000000
orientation T byte_order littleendian
Reading image: /opt/freesurfer/average/711-2C_as_mni_average_305.4dfp.img
dimensions:      256       256       256
mmppix:       1.0000   -1.0000   -1.0000
center:     128.0000 -129.0000 -129.0000
/opt/freesurfer/average/711-2B_as_mni_average_305_mask.4dfp.img
       256       256       256         1
  1.000000  1.000000  1.000000
orientation T byte_order littleendian
Reading mask: /opt/freesurfer/average/711-2B_as_mni_average_305_mask.4dfp.img (2306576 pixels)
talsrcimg_g11.4dfp.img
       256       256       256         1
  0.898438  0.898438  0.898438
orientation T byte_order littleendian
Reading image: talsrcimg_g11.4dfp.img
dimensions:      256       256       256
mmppix:       0.8984   -0.8984   -0.8984
center:     115.0001 -115.8985 -115.8985
rotation matrix determinant  1.000000
image alignment mode   4355 decimal     1103 hex
   -7.5000  -52.5000  -45.0000 1798.8976   24.4982
    0.0000  -52.5000  -45.0000 1808.6776   24.3059
    7.5000  -52.5000  -45.0000 1795.6083   24.5202
   -7.5000  -45.0000  -45.0000 1887.1271   22.8936
    0.0000  -45.0000  -45.0000 1896.6694   22.8297
    7.5000  -45.0000  -45.0000 1883.8691   22.9708
   -7.5000  -37.5000  -45.0000 1942.2712   21.6696
    0.0000  -37.5000  -45.0000 1952.2180   21.5881
    7.5000  -37.5000  -45.0000 1940.5813   21.7648
   -7.5000  -30.0000  -45.0000 1982.8324   20.7783
    0.0000  -30.0000  -45.0000 1996.2482   20.6855
    7.5000  -30.0000  -45.0000 1975.5294   20.8464
   -7.5000  -22.5000  -45.0000 2002.7546   20.3282
    0.0000  -22.5000  -45.0000 2012.8341   20.2308
    7.5000  -22.5000  -45.0000 1991.2957   20.3705
   -7.5000  -15.0000  -45.0000 2004.0532   20.2703
    0.0000  -15.0000  -45.0000 2016.2457   20.1147
    7.5000  -15.0000  -45.0000 1993.5411   20.3243
   -7.5000   -7.5000  -45.0000 1992.9948   20.5960
    0.0000   -7.5000  -45.0000 2008.3790   20.4860
    7.5000   -7.5000  -45.0000 1986.5358   20.6971
   -7.5000    0.0000  -45.0000 1965.0236   21.3696
    0.0000    0.0000  -45.0000 1983.1421   21.2282
    7.5000    0.0000  -45.0000 1961.3019   21.4210
   -7.5000    7.5000  -45.0000 1917.8818   22.3674
    0.0000    7.5000  -45.0000 1938.5237   22.2263
    7.5000    7.5000  -45.0000 1916.4082   22.3677
   -7.5000   15.0000  -45.0000 1865.3479   23.6717
    0.0000   15.0000  -45.0000 1885.0800   23.5000
    7.5000   15.0000  -45.0000 1861.3192   23.6728
   -7.5000   22.5000  -45.0000 1794.7444   25.4858
    0.0000   22.5000  -45.0000 1813.5112   25.2800
    7.5000   22.5000  -45.0000 1788.2423   25.4888
   -7.5000   30.0000  -45.0000 1706.8228   27.9970
    0.0000   30.0000  -45.0000 1719.8290   27.7709
    7.5000   30.0000  -45.0000 1695.2897   28.0992
   -7.5000   37.5000  -45.0000 1588.3251   31.3697
    0.0000   37.5000  -45.0000 1604.0479   31.1107
    7.5000   37.5000  -45.0000 1582.6602   31.3724
   -7.5000  -52.5000  -37.5000 1958.6096   23.8671
    0.0000  -52.5000  -37.5000 1964.8423   23.7612
    7.5000  -52.5000  -37.5000 1949.9020   23.9273
   -7.5000  -45.0000  -37.5000 2062.5205   22.3143
    0.0000  -45.0000  -37.5000 2072.7209   22.2385
    7.5000  -45.0000  -37.5000 2054.0386   22.3830
   -7.5000  -37.5000  -37.5000 2122.6975   21.0795
    0.0000  -37.5000  -37.5000 2131.9224   21.0149
    7.5000  -37.5000  -37.5000 2115.0002   21.1310
   -7.5000  -30.0000  -37.5000 2153.5498   20.2149
    0.0000  -30.0000  -37.5000 2164.5479   20.1404
    7.5000  -30.0000  -37.5000 2146.7898   20.2651
   -7.5000  -22.5000  -37.5000 2167.6064   19.7394
    0.0000  -22.5000  -37.5000 2184.2419   19.6790
    7.5000  -22.5000  -37.5000 2161.9399   19.8144
   -7.5000  -15.0000  -37.5000 2169.8921   19.7021
    0.0000  -15.0000  -37.5000 2186.5286   19.5722
    7.5000  -15.0000  -37.5000 2164.6208   19.7652
   -7.5000   -7.5000  -37.5000 2162.1128   19.9981
    0.0000   -7.5000  -37.5000 2175.4338   19.8276
    7.5000   -7.5000  -37.5000 2158.3359   20.0218
   -7.5000    0.0000  -37.5000 2132.1267   20.6431
    0.0000    0.0000  -37.5000 2151.3411   20.4964
    7.5000    0.0000  -37.5000 2133.3262   20.6700
   -7.5000    7.5000  -37.5000 2085.7529   21.6007
    0.0000    7.5000  -37.5000 2111.0771   21.5001
    7.5000    7.5000  -37.5000 2086.0703   21.6182
   -7.5000   15.0000  -37.5000 2025.8430   22.9100
    0.0000   15.0000  -37.5000 2044.9001   22.7725
    7.5000   15.0000  -37.5000 2022.9794   22.8982
   -7.5000   22.5000  -37.5000 1946.3885   24.6554
    0.0000   22.5000  -37.5000 1966.2994   24.4768
    7.5000   22.5000  -37.5000 1940.0083   24.6198
   -7.5000   30.0000  -37.5000 1852.1919   27.0703
    0.0000   30.0000  -37.5000 1869.3826   26.8545
    7.5000   30.0000  -37.5000 1845.8524   27.1126
   -7.5000   37.5000  -37.5000 1725.4490   30.2815
    0.0000   37.5000  -37.5000 1740.2505   30.0112
    7.5000   37.5000  -37.5000 1718.8693   30.2632
   -7.5000  -52.5000  -30.0000 2102.7471   23.2802
    0.0000  -52.5000  -30.0000 2114.9133   23.2582
    7.5000  -52.5000  -30.0000 2093.2288   23.3119
   -7.5000  -45.0000  -30.0000 2211.8682   21.6564
    0.0000  -45.0000  -30.0000 2226.7627   21.5996
    7.5000  -45.0000  -30.0000 2207.8059   21.7023
   -7.5000  -37.5000  -30.0000 2282.2964   20.3199
    0.0000  -37.5000  -30.0000 2293.5339   20.2737
    7.5000  -37.5000  -30.0000 2277.8044   20.3892
   -7.5000  -30.0000  -30.0000 2317.6323   19.4704
    0.0000  -30.0000  -30.0000 2327.5630   19.4496
    7.5000  -30.0000  -30.0000 2309.4109   19.5272
   -7.5000  -22.5000  -30.0000 2332.1731   19.0816
    0.0000  -22.5000  -30.0000 2353.8818   19.0044
    7.5000  -22.5000  -30.0000 2324.6692   19.1170
   -7.5000  -15.0000  -30.0000 2329.0190   18.9919
    0.0000  -15.0000  -30.0000 2351.3308   18.9002
    7.5000  -15.0000  -30.0000 2326.0337   19.0546
   -7.5000   -7.5000  -30.0000 2319.3406   19.2601
    0.0000   -7.5000  -30.0000 2341.0830   19.1419
    7.5000   -7.5000  -30.0000 2318.3245   19.2999
   -7.5000    0.0000  -30.0000 2292.8469   19.8450
    0.0000    0.0000  -30.0000 2311.4260   19.7261
    7.5000    0.0000  -30.0000 2290.9966   19.9084
   -7.5000    7.5000  -30.0000 2247.7717   20.7973
    0.0000    7.5000  -30.0000 2272.4641   20.6731
    7.5000    7.5000  -30.0000 2244.6182   20.7680
   -7.5000   15.0000  -30.0000 2176.3716   22.0441
    0.0000   15.0000  -30.0000 2199.3306   21.9017
    7.5000   15.0000  -30.0000 2173.5476   22.0201
   -7.5000   22.5000  -30.0000 2086.2373   23.6745
    0.0000   22.5000  -30.0000 2108.6350   23.5170
    7.5000   22.5000  -30.0000 2082.2791   23.7102
   -7.5000   30.0000  -30.0000 1980.5085   26.0134
    0.0000   30.0000  -30.0000 2000.2229   25.8408
    7.5000   30.0000  -30.0000 1979.0382   26.0495
   -7.5000   37.5000  -30.0000 1848.3182   28.9869
    0.0000   37.5000  -30.0000 1869.5760   28.7817
    7.5000   37.5000  -30.0000 1843.5568   29.0131
   -7.5000  -52.5000  -22.5000 2223.9814   22.4490
    0.0000  -52.5000  -22.5000 2234.6521   22.4130
    7.5000  -52.5000  -22.5000 2217.1262   22.4643
   -7.5000  -45.0000  -22.5000 2341.9243   20.8237
    0.0000  -45.0000  -22.5000 2355.5508   20.7656
    7.5000  -45.0000  -22.5000 2339.8735   20.8358
   -7.5000  -37.5000  -22.5000 2417.4019   19.4894
    0.0000  -37.5000  -22.5000 2434.6816   19.4148
    7.5000  -37.5000  -22.5000 2410.4917   19.4735
   -7.5000  -30.0000  -22.5000 2451.8499   18.5823
    0.0000  -30.0000  -22.5000 2474.4485   18.5415
    7.5000  -30.0000  -22.5000 2451.8088   18.5918
   -7.5000  -22.5000  -22.5000 2479.9062   18.1540
    0.0000  -22.5000  -22.5000 2505.3857   18.0462
    7.5000  -22.5000  -22.5000 2476.4124   18.1828
   -7.5000  -15.0000  -22.5000 2479.9573   18.0742
    0.0000  -15.0000  -22.5000 2507.8386   18.0135
    7.5000  -15.0000  -22.5000 2481.3672   18.1221
   -7.5000   -7.5000  -22.5000 2469.4929   18.3593
    0.0000   -7.5000  -22.5000 2494.3315   18.2421
    7.5000   -7.5000  -22.5000 2469.0583   18.3821
   -7.5000    0.0000  -22.5000 2445.1702   18.9385
    0.0000    0.0000  -22.5000 2469.3970   18.8002
    7.5000    0.0000  -22.5000 2440.5212   18.9535
   -7.5000    7.5000  -22.5000 2397.0481   19.8397
    0.0000    7.5000  -22.5000 2421.0144   19.6589
    7.5000    7.5000  -22.5000 2391.6426   19.8050
   -7.5000   15.0000  -22.5000 2319.9993   20.9891
    0.0000   15.0000  -22.5000 2344.9434   20.8379
    7.5000   15.0000  -22.5000 2312.6296   21.0009
   -7.5000   22.5000  -22.5000 2216.0205   22.5520
    0.0000   22.5000  -22.5000 2241.0513   22.4172
    7.5000   22.5000  -22.5000 2212.4983   22.6400
   -7.5000   30.0000  -22.5000 2101.1111   24.7733
    0.0000   30.0000  -22.5000 2124.1377   24.6119
    7.5000   30.0000  -22.5000 2101.3823   24.8038
   -7.5000   37.5000  -22.5000 1955.5629   27.4748
    0.0000   37.5000  -22.5000 1977.1030   27.3443
    7.5000   37.5000  -22.5000 1958.5812   27.5732
   -7.5000  -52.5000  -15.0000 2314.0479   21.4940
    0.0000  -52.5000  -15.0000 2327.6978   21.4200
    7.5000  -52.5000  -15.0000 2309.4963   21.5190
   -7.5000  -45.0000  -15.0000 2430.2524   19.8138
    0.0000  -45.0000  -15.0000 2450.5933   19.7608
    7.5000  -45.0000  -15.0000 2431.9702   19.8450
   -7.5000  -37.5000  -15.0000 2518.3835   18.4726
    0.0000  -37.5000  -15.0000 2539.3271   18.4205
    7.5000  -37.5000  -15.0000 2513.5493   18.4981
   -7.5000  -30.0000  -15.0000 2566.6316   17.5715
    0.0000  -30.0000  -15.0000 2588.4404   17.5369
    7.5000  -30.0000  -15.0000 2563.8789   17.5954
   -7.5000  -22.5000  -15.0000 2602.2651   17.1270
    0.0000  -22.5000  -15.0000 2627.1455   17.0117
    7.5000  -22.5000  -15.0000 2597.1479   17.1054
   -7.5000  -15.0000  -15.0000 2614.7856   17.0482
    0.0000  -15.0000  -15.0000 2642.2573   16.9497
    7.5000  -15.0000  -15.0000 2607.6433   17.0494
   -7.5000   -7.5000  -15.0000 2605.2327   17.3253
    0.0000   -7.5000  -15.0000 2634.0327   17.2323
    7.5000   -7.5000  -15.0000 2600.7493   17.3376
   -7.5000    0.0000  -15.0000 2578.9663   17.9037
    0.0000    0.0000  -15.0000 2605.3469   17.7911
    7.5000    0.0000  -15.0000 2571.6626   17.9166
   -7.5000    7.5000  -15.0000 2529.7046   18.7307
    0.0000    7.5000  -15.0000 2558.3127   18.6014
    7.5000    7.5000  -15.0000 2523.9421   18.7404
   -7.5000   15.0000  -15.0000 2442.6504   19.8661
    0.0000   15.0000  -15.0000 2474.0642   19.7492
    7.5000   15.0000  -15.0000 2443.0408   19.8930
   -7.5000   22.5000  -15.0000 2329.5850   21.3887
    0.0000   22.5000  -15.0000 2355.2012   21.2588
    7.5000   22.5000  -15.0000 2325.1704   21.4404
   -7.5000   30.0000  -15.0000 2203.9722   23.4465
    0.0000   30.0000  -15.0000 2223.9363   23.3105
    7.5000   30.0000  -15.0000 2200.7297   23.5052
   -7.5000   37.5000  -15.0000 2047.8385   26.0409
    0.0000   37.5000  -15.0000 2067.7888   25.8919
    7.5000   37.5000  -15.0000 2047.0363   26.1115
   -7.5000  -52.5000   -7.5000 2364.6433   20.5128
    0.0000  -52.5000   -7.5000 2381.1194   20.3799
    7.5000  -52.5000   -7.5000 2355.4504   20.5437
   -7.5000  -45.0000   -7.5000 2484.6216   18.8452
    0.0000  -45.0000   -7.5000 2505.0090   18.7643
    7.5000  -45.0000   -7.5000 2479.8477   18.9017
   -7.5000  -37.5000   -7.5000 2578.1890   17.5102
    0.0000  -37.5000   -7.5000 2601.4312   17.4345
    7.5000  -37.5000   -7.5000 2574.4385   17.5502
   -7.5000  -30.0000   -7.5000 2644.3723   16.5457
    0.0000  -30.0000   -7.5000 2666.1169   16.4640
    7.5000  -30.0000   -7.5000 2641.9072   16.5672
   -7.5000  -22.5000   -7.5000 2689.7559   16.0372
    0.0000  -22.5000   -7.5000 2714.2747   15.9100
    7.5000  -22.5000   -7.5000 2684.6655   16.0401
   -7.5000  -15.0000   -7.5000 2713.3145   15.9718
    0.0000  -15.0000   -7.5000 2741.8994   15.8411
    7.5000  -15.0000   -7.5000 2702.0718   15.9699
   -7.5000   -7.5000   -7.5000 2713.3540   16.2872
    0.0000   -7.5000   -7.5000 2744.3516   16.1249
    7.5000   -7.5000   -7.5000 2703.4653   16.2584
   -7.5000    0.0000   -7.5000 2686.0195   16.8287
    0.0000    0.0000   -7.5000 2721.6077   16.7199
    7.5000    0.0000   -7.5000 2682.5410   16.8075
   -7.5000    7.5000   -7.5000 2626.2339   17.6555
    0.0000    7.5000   -7.5000 2664.3208   17.5252
    7.5000    7.5000   -7.5000 2626.4319   17.6321
   -7.5000   15.0000   -7.5000 2535.7231   18.7321
    0.0000   15.0000   -7.5000 2572.4614   18.6074
    7.5000   15.0000   -7.5000 2534.7180   18.7314
   -7.5000   22.5000   -7.5000 2414.7964   20.2080
    0.0000   22.5000   -7.5000 2444.9949   20.0791
    7.5000   22.5000   -7.5000 2410.9333   20.2360
   -7.5000   30.0000   -7.5000 2278.3513   22.1781
    0.0000   30.0000   -7.5000 2303.7102   22.0337
    7.5000   30.0000   -7.5000 2275.5312   22.2040
   -7.5000   37.5000   -7.5000 2109.6135   24.6687
    0.0000   37.5000   -7.5000 2128.9624   24.4675
    7.5000   37.5000   -7.5000 2107.0117   24.6473
   -7.5000  -52.5000    0.0000 2399.6785   19.9440
    0.0000  -52.5000    0.0000 2417.4531   19.7788
    7.5000  -52.5000    0.0000 2387.8997   20.0700
   -7.5000  -45.0000    0.0000 2527.1824   18.3072
    0.0000  -45.0000    0.0000 2547.6848   18.1623
    7.5000  -45.0000    0.0000 2520.7515   18.4216
   -7.5000  -37.5000    0.0000 2628.1221   16.9219
    0.0000  -37.5000    0.0000 2652.0312   16.7840
    7.5000  -37.5000    0.0000 2623.2029   16.9846
   -7.5000  -30.0000    0.0000 2711.8042   15.9178
    0.0000  -30.0000    0.0000 2736.9258   15.7699
    7.5000  -30.0000    0.0000 2707.0942   15.9446
   -7.5000  -22.5000    0.0000 2769.7622   15.3735
    0.0000  -22.5000    0.0000 2797.8733   15.2060
    7.5000  -22.5000    0.0000 2767.9644   15.3659
   -7.5000  -15.0000    0.0000 2806.8113   15.2282
    0.0000  -15.0000    0.0000 2842.6526   15.0453
    7.5000  -15.0000    0.0000 2801.0454   15.2485
   -7.5000   -7.5000    0.0000 2817.9768   15.5255
    0.0000   -7.5000    0.0000 2852.3933   15.3853
    7.5000   -7.5000    0.0000 2808.6416   15.5318
   -7.5000    0.0000    0.0000 2787.7498   16.1569
    0.0000    0.0000    0.0000 2831.0610   16.0161
    7.5000    0.0000    0.0000 2785.9236   16.1121
   -7.5000    7.5000    0.0000 2715.3538   16.9134
    0.0000    7.5000    0.0000 2759.9136   16.7952
    7.5000    7.5000    0.0000 2718.9673   16.9156
   -7.5000   15.0000    0.0000 2614.0674   17.9944
    0.0000   15.0000    0.0000 2654.8433   17.8576
    7.5000   15.0000    0.0000 2617.3616   17.9862
   -7.5000   22.5000    0.0000 2488.1199   19.4328
    0.0000   22.5000    0.0000 2524.1929   19.2927
    7.5000   22.5000    0.0000 2485.6721   19.4684
   -7.5000   30.0000    0.0000 2344.4521   21.3814
    0.0000   30.0000    0.0000 2374.2192   21.2388
    7.5000   30.0000    0.0000 2340.4622   21.4086
   -7.5000   37.5000    0.0000 2167.7781   23.8286
    0.0000   37.5000    0.0000 2190.7812   23.6353
    7.5000   37.5000    0.0000 2167.7927   23.8368
   -7.5000  -52.5000    7.5000 2411.6384   19.5187
    0.0000  -52.5000    7.5000 2427.1067   19.3136
    7.5000  -52.5000    7.5000 2401.8145   19.7057
   -7.5000  -45.0000    7.5000 2548.7476   17.8991
    0.0000  -45.0000    7.5000 2563.9607   17.6708
    7.5000  -45.0000    7.5000 2539.6118   18.0362
   -7.5000  -37.5000    7.5000 2657.9094   16.4865
    0.0000  -37.5000    7.5000 2678.8525   16.2757
    7.5000  -37.5000    7.5000 2652.5271   16.6019
   -7.5000  -30.0000    7.5000 2756.5562   15.4359
    0.0000  -30.0000    7.5000 2781.0127   15.2369
    7.5000  -30.0000    7.5000 2752.3464   15.5176
   -7.5000  -22.5000    7.5000 2828.1377   14.8591
    0.0000  -22.5000    7.5000 2860.2847   14.6615
    7.5000  -22.5000    7.5000 2824.3508   14.9057
   -7.5000  -15.0000    7.5000 2880.7241   14.6840
    0.0000  -15.0000    7.5000 2927.7788   14.4589
    7.5000  -15.0000    7.5000 2872.0837   14.6984
   -7.5000   -7.5000    7.5000 2890.7671   14.9278
    0.0000   -7.5000    7.5000 2944.0430   14.6842
    7.5000   -7.5000    7.5000 2883.9336   14.9545
   -7.5000    0.0000    7.5000 2849.7986   15.5304
    0.0000    0.0000    7.5000 2901.8376   15.3391
    7.5000    0.0000    7.5000 2849.8523   15.5277
   -7.5000    7.5000    7.5000 2767.8281   16.3747
    0.0000    7.5000    7.5000 2816.4609   16.1785
    7.5000    7.5000    7.5000 2772.9055   16.3610
   -7.5000   15.0000    7.5000 2664.1580   17.4305
    0.0000   15.0000    7.5000 2705.7839   17.2596
    7.5000   15.0000    7.5000 2667.1362   17.4290
   -7.5000   22.5000    7.5000 2528.8928   18.8738
    0.0000   22.5000    7.5000 2564.8506   18.6962
    7.5000   22.5000    7.5000 2528.0403   18.8820
   -7.5000   30.0000    7.5000 2378.4666   20.7724
    0.0000   30.0000    7.5000 2411.4492   20.5995
    7.5000   30.0000    7.5000 2379.3884   20.7955
   -7.5000   37.5000    7.5000 2196.9011   23.1557
    0.0000   37.5000    7.5000 2223.6702   23.0110
    7.5000   37.5000    7.5000 2197.4709   23.1741
   -7.5000  -52.5000   15.0000 2404.2920   19.3298
    0.0000  -52.5000   15.0000 2423.0073   19.0719
    7.5000  -52.5000   15.0000 2401.1770   19.5415
   -7.5000  -45.0000   15.0000 2547.5146   17.7186
    0.0000  -45.0000   15.0000 2566.3691   17.4252
    7.5000  -45.0000   15.0000 2540.4578   17.8773
   -7.5000  -37.5000   15.0000 2662.9412   16.2971
    0.0000  -37.5000   15.0000 2687.7844   16.0427
    7.5000  -37.5000   15.0000 2658.4138   16.4170
   -7.5000  -30.0000   15.0000 2768.0225   15.2249
    0.0000  -30.0000   15.0000 2801.5300   14.9762
    7.5000  -30.0000   15.0000 2763.1350   15.3330
   -7.5000  -22.5000   15.0000 2852.5449   14.5830
    0.0000  -22.5000   15.0000 2890.9263   14.3221
    7.5000  -22.5000   15.0000 2847.7361   14.6797
   -7.5000  -15.0000   15.0000 2918.2236   14.4269
    0.0000  -15.0000   15.0000 2975.3745   14.1879
    7.5000  -15.0000   15.0000 2913.3103   14.4809
   -7.5000   -7.5000   15.0000 2926.3677   14.6558
    0.0000   -7.5000   15.0000 2993.0769   14.3596
    7.5000   -7.5000   15.0000 2921.1995   14.7198
   -7.5000    0.0000   15.0000 2874.8557   15.1969
    0.0000    0.0000   15.0000 2929.4597   14.9424
    7.5000    0.0000   15.0000 2873.8333   15.2369
   -7.5000    7.5000   15.0000 2790.2041   16.0382
    0.0000    7.5000   15.0000 2836.6511   15.8402
    7.5000    7.5000   15.0000 2793.8118   16.0249
   -7.5000   15.0000   15.0000 2677.7202   17.1842
    0.0000   15.0000   15.0000 2713.3191   17.0160
    7.5000   15.0000   15.0000 2680.3713   17.1499
   -7.5000   22.5000   15.0000 2536.9360   18.6639
    0.0000   22.5000   15.0000 2567.4182   18.5106
    7.5000   22.5000   15.0000 2533.7903   18.6210
   -7.5000   30.0000   15.0000 2386.6541   20.4843
    0.0000   30.0000   15.0000 2413.2490   20.3494
    7.5000   30.0000   15.0000 2385.8157   20.4921
   -7.5000   37.5000   15.0000 2205.4573   22.7323
    0.0000   37.5000   15.0000 2229.3962   22.6341
    7.5000   37.5000   15.0000 2205.9080   22.7522
   -7.5000  -52.5000   22.5000 2389.1934   19.4185
    0.0000  -52.5000   22.5000 2407.4231   19.1350
    7.5000  -52.5000   22.5000 2386.0984   19.6069
   -7.5000  -45.0000   22.5000 2526.6746   17.7904
    0.0000  -45.0000   22.5000 2548.0647   17.4686
    7.5000  -45.0000   22.5000 2521.7317   17.9324
   -7.5000  -37.5000   22.5000 2642.1318   16.3575
    0.0000  -37.5000   22.5000 2670.2891   16.0281
    7.5000  -37.5000   22.5000 2638.2126   16.4600
   -7.5000  -30.0000   22.5000 2746.7395   15.2715
    0.0000  -30.0000   22.5000 2785.1582   14.9773
    7.5000  -30.0000   22.5000 2745.8945   15.3946
   -7.5000  -22.5000   22.5000 2842.5894   14.6461
    0.0000  -22.5000   22.5000 2884.8362   14.3416
    7.5000  -22.5000   22.5000 2835.6892   14.7407
   -7.5000  -15.0000   22.5000 2911.7690   14.4806
    0.0000  -15.0000   22.5000 2967.0103   14.2463
    7.5000  -15.0000   22.5000 2901.9211   14.5558
   -7.5000   -7.5000   22.5000 2916.3281   14.7082
    0.0000   -7.5000   22.5000 2972.2874   14.4757
    7.5000   -7.5000   22.5000 2912.2837   14.7455
   -7.5000    0.0000   22.5000 2858.4475   15.2160
    0.0000    0.0000   22.5000 2910.1113   15.0417
    7.5000    0.0000   22.5000 2861.0259   15.2028
   -7.5000    7.5000   22.5000 2772.7185   16.0195
    0.0000    7.5000   22.5000 2816.7849   15.8770
    7.5000    7.5000   22.5000 2774.2502   15.9953
   -7.5000   15.0000   22.5000 2656.4922   17.1630
    0.0000   15.0000   22.5000 2689.0625   17.0255
    7.5000   15.0000   22.5000 2661.9509   17.1361
   -7.5000   22.5000   22.5000 2515.5496   18.6684
    0.0000   22.5000   22.5000 2543.1228   18.4976
    7.5000   22.5000   22.5000 2519.0430   18.6130
   -7.5000   30.0000   22.5000 2371.1221   20.4990
    0.0000   30.0000   22.5000 2391.5100   20.3342
    7.5000   30.0000   22.5000 2370.4861   20.4938
   -7.5000   37.5000   22.5000 2190.7271   22.6651
    0.0000   37.5000   22.5000 2211.3860   22.4911
    7.5000   37.5000   22.5000 2189.3010   22.6768
   -7.5000  -52.5000   30.0000 2357.2458   19.8166
    0.0000  -52.5000   30.0000 2378.6238   19.5286
    7.5000  -52.5000   30.0000 2354.5454   19.9622
   -7.5000  -45.0000   30.0000 2488.3665   18.1810
    0.0000  -45.0000   30.0000 2511.9648   17.8397
    7.5000  -45.0000   30.0000 2489.2861   18.2914
   -7.5000  -37.5000   30.0000 2600.0317   16.7398
    0.0000  -37.5000   30.0000 2629.2542   16.4297
    7.5000  -37.5000   30.0000 2603.2598   16.8605
   -7.5000  -30.0000   30.0000 2702.4985   15.7127
    0.0000  -30.0000   30.0000 2734.3718   15.4075
    7.5000  -30.0000   30.0000 2701.2700   15.8042
   -7.5000  -22.5000   30.0000 2793.8494   15.0826
    0.0000  -22.5000   30.0000 2832.0486   14.8002
    7.5000  -22.5000   30.0000 2790.8625   15.1288
   -7.5000  -15.0000   30.0000 2857.1243   14.8897
    0.0000  -15.0000   30.0000 2903.4358   14.6115
    7.5000  -15.0000   30.0000 2850.4111   14.9208
   -7.5000   -7.5000   30.0000 2866.1267   15.0220
    0.0000   -7.5000   30.0000 2907.7424   14.8021
    7.5000   -7.5000   30.0000 2863.2822   15.0302
   -7.5000    0.0000   30.0000 2805.9536   15.5810
    0.0000    0.0000   30.0000 2849.9841   15.3655
    7.5000    0.0000   30.0000 2809.4343   15.5512
   -7.5000    7.5000   30.0000 2716.1433   16.4275
    0.0000    7.5000   30.0000 2755.8354   16.2353
    7.5000    7.5000   30.0000 2718.8301   16.3998
   -7.5000   15.0000   30.0000 2603.0847   17.5748
    0.0000   15.0000   30.0000 2634.2766   17.3950
    7.5000   15.0000   30.0000 2611.5562   17.5304
   -7.5000   22.5000   30.0000 2480.8892   19.0275
    0.0000   22.5000   30.0000 2504.1829   18.8226
    7.5000   22.5000   30.0000 2479.3928   18.9791
   -7.5000   30.0000   30.0000 2337.5032   20.8059
    0.0000   30.0000   30.0000 2360.2808   20.6190
    7.5000   30.0000   30.0000 2336.9509   20.7862
   -7.5000   37.5000   30.0000 2161.9041   22.9204
    0.0000   37.5000   30.0000 2180.5120   22.7220
    7.5000   37.5000   30.0000 2163.1238   22.8671
   -7.5000  -52.5000   37.5000 2313.0381   20.6089
    0.0000  -52.5000   37.5000 2337.5483   20.3237
    7.5000  -52.5000   37.5000 2306.6890   20.7100
   -7.5000  -45.0000   37.5000 2437.0906   18.9473
    0.0000  -45.0000   37.5000 2461.3550   18.6623
    7.5000  -45.0000   37.5000 2434.9905   19.0151
   -7.5000  -37.5000   37.5000 2541.0906   17.5194
    0.0000  -37.5000   37.5000 2566.6201   17.2723
    7.5000  -37.5000   37.5000 2540.5618   17.6144
   -7.5000  -30.0000   37.5000 2640.4814   16.4648
    0.0000  -30.0000   37.5000 2668.0364   16.1853
    7.5000  -30.0000   37.5000 2638.7805   16.5332
   -7.5000  -22.5000   37.5000 2722.1868   15.8089
    0.0000  -22.5000   37.5000 2758.2249   15.5272
    7.5000  -22.5000   37.5000 2722.0144   15.8619
   -7.5000  -15.0000   37.5000 2771.4441   15.5498
    0.0000  -15.0000   37.5000 2808.4836   15.2586
    7.5000  -15.0000   37.5000 2769.8357   15.5680
   -7.5000   -7.5000   37.5000 2778.1887   15.7123
    0.0000   -7.5000   37.5000 2812.7227   15.4713
    7.5000   -7.5000   37.5000 2776.3679   15.6982
   -7.5000    0.0000   37.5000 2722.4949   16.2660
    0.0000    0.0000   37.5000 2764.2217   16.0280
    7.5000    0.0000   37.5000 2728.1333   16.2027
   -7.5000    7.5000   37.5000 2642.9756   17.1172
    0.0000    7.5000   37.5000 2678.6062   16.8794
    7.5000    7.5000   37.5000 2647.7747   17.0490
   -7.5000   15.0000   37.5000 2534.1467   18.2612
    0.0000   15.0000   37.5000 2563.9739   18.0392
    7.5000   15.0000   37.5000 2540.2729   18.1765
   -7.5000   22.5000   37.5000 2415.6016   19.6535
    0.0000   22.5000   37.5000 2437.3743   19.4669
    7.5000   22.5000   37.5000 2420.2898   19.6262
   -7.5000   30.0000   37.5000 2285.3259   21.4106
    0.0000   30.0000   37.5000 2307.9617   21.2103
    7.5000   30.0000   37.5000 2286.8450   21.3694
   -7.5000   37.5000   37.5000 2117.0051   23.4758
    0.0000   37.5000   37.5000 2137.5876   23.2586
    7.5000   37.5000   37.5000 2120.4602   23.4068
   -7.5000  -52.5000   45.0000 2236.0332   21.7417
    0.0000  -52.5000   45.0000 2256.0996   21.4520
    7.5000  -52.5000   45.0000 2226.2026   21.7681
   -7.5000  -45.0000   45.0000 2356.2051   20.0258
    0.0000  -45.0000   45.0000 2379.0178   19.7316
    7.5000  -45.0000   45.0000 2349.0710   20.0231
   -7.5000  -37.5000   45.0000 2458.4473   18.5311
    0.0000  -37.5000   45.0000 2487.7197   18.3009
    7.5000  -37.5000   45.0000 2452.2104   18.5908
   -7.5000  -30.0000   45.0000 2545.8662   17.3775
    0.0000  -30.0000   45.0000 2579.6843   17.1751
    7.5000  -30.0000   45.0000 2542.6633   17.4492
   -7.5000  -22.5000   45.0000 2617.2778   16.6913
    0.0000  -22.5000   45.0000 2651.2390   16.4330
    7.5000  -22.5000   45.0000 2613.3582   16.7329
   -7.5000  -15.0000   45.0000 2654.1086   16.3935
    0.0000  -15.0000   45.0000 2684.2585   16.1256
    7.5000  -15.0000   45.0000 2653.5256   16.3771
   -7.5000   -7.5000   45.0000 2648.6194   16.5666
    0.0000   -7.5000   45.0000 2679.9045   16.3176
    7.5000   -7.5000   45.0000 2651.6631   16.5163
   -7.5000    0.0000   45.0000 2601.4128   17.1094
    0.0000    0.0000   45.0000 2635.5322   16.8793
    7.5000    0.0000   45.0000 2607.0571   17.0472
   -7.5000    7.5000   45.0000 2530.2234   17.9431
    0.0000    7.5000   45.0000 2558.5657   17.7267
    7.5000    7.5000   45.0000 2534.6841   17.8653
   -7.5000   15.0000   45.0000 2436.8657   19.0787
    0.0000   15.0000   45.0000 2466.1045   18.8544
    7.5000   15.0000   45.0000 2442.5151   18.9512
   -7.5000   22.5000   45.0000 2326.1123   20.4450
    0.0000   22.5000   45.0000 2349.7578   20.2829
    7.5000   22.5000   45.0000 2332.5327   20.3944
   -7.5000   30.0000   45.0000 2205.3286   22.1878
    0.0000   30.0000   45.0000 2219.4177   21.9727
    7.5000   30.0000   45.0000 2208.1423   22.0726
   -7.5000   37.5000   45.0000 2047.1764   24.2855
    0.0000   37.5000   45.0000 2064.0583   24.0482
    7.5000   37.5000   45.0000 2050.6721   24.1636

---------------------------------------------------------------------
imgreg_4dfp /opt/freesurfer/average/711-2C_as_mni_average_305 /opt/freesurfer/average/711-2B_as_mni_average_305_mask talsrcimg_g11 none talsrcimg_to_711-2C_as_mni_average_305_t4 1283
---------------------------------------------------------------------

freesurfer imgreg_4dfp.c
/opt/freesurfer/average/711-2C_as_mni_average_305.4dfp.img
       256       256       256         1
  1.000000  1.000000  1.000000
orientation T byte_order littleendian
Reading image: /opt/freesurfer/average/711-2C_as_mni_average_305.4dfp.img
dimensions:      256       256       256
mmppix:       1.0000   -1.0000   -1.0000
center:     128.0000 -129.0000 -129.0000
/opt/freesurfer/average/711-2B_as_mni_average_305_mask.4dfp.img
       256       256       256         1
  1.000000  1.000000  1.000000
orientation T byte_order littleendian
Reading mask: /opt/freesurfer/average/711-2B_as_mni_average_305_mask.4dfp.img (2306576 pixels)
talsrcimg_g11.4dfp.img
       256       256       256         1
  0.898438  0.898438  0.898438
orientation T byte_order littleendian
Reading image: talsrcimg_g11.4dfp.img
dimensions:      256       256       256
mmppix:       0.8984   -0.8984   -0.8984
center:     115.0001 -115.8985 -115.8985
rotation matrix determinant  1.000000
fimgreg.f
image alignment mode   1283 decimal      503 hex
parameters
    0.0000   -7.5000   15.0000    0.0000    0.0000    0.0000
eta,q 0.93851 14.35434
niter,ni,del,rscale     5    3   12.0000    1.2000
parameter  2  0.549159 ->  0.500000 qaram    1.1500
parameter  4  0.746359 ->  0.500000 qaram    1.1500
parameters
   -0.1700  -10.9500   17.2466   -3.4500   -0.3245   -1.2449
eta,q 0.94251 14.00986
  0.0781  0.0616  0.0728  0.0571  0.0634  0.0594
  0.0701  0.0599  0.0683  0.0574  0.0608  0.0585
  0.0647  0.0603  0.0634  0.0576  0.0584  0.0577
  0.0624  0.0625  0.0598  0.0584  0.0574  0.0574
  0.0647  0.0657  0.0584  0.0601  0.0580  0.0583
  0.0715  0.0707  0.0597  0.0621  0.0610  0.0602
  0.0801  0.0776  0.0624  0.0650  0.0659  0.0625
niter,ni,del,rscale     6    3   12.0000    1.2000
parameter  4  1.556288 ->  0.500000 qaram    1.3225
parameters
   -0.3791   -8.8503   16.9705   -7.4175   -0.2960   -1.1607
eta,q 0.94772 14.03049
  0.0723  0.0688  0.0626  0.0517  0.0601  0.0578
  0.0634  0.0626  0.0587  0.0520  0.0562  0.0543
  0.0583  0.0605  0.0562  0.0536  0.0531  0.0525
  0.0575  0.0575  0.0557  0.0557  0.0523  0.0523
  0.0592  0.0557  0.0567  0.0584  0.0534  0.0529
  0.0658  0.0564  0.0594  0.0611  0.0557  0.0544
  0.0738  0.0606  0.0641  0.0639  0.0601  0.0572
niter,ni,del,rscale     6    3   12.0000    1.2000
parameter  4  0.826934 ->  0.500000 qaram    1.5209
parameters
   -0.1034   -7.2675   16.0483  -11.9801   -0.3873   -0.6488
eta,q 0.95185 13.95809
  0.0712  0.0667  0.0574  0.0482  0.0566  0.0537
  0.0620  0.0619  0.0534  0.0482  0.0522  0.0507
  0.0551  0.0569  0.0511  0.0489  0.0488  0.0490
  0.0523  0.0522  0.0509  0.0508  0.0482  0.0482
  0.0534  0.0510  0.0532  0.0543  0.0495  0.0482
  0.0597  0.0536  0.0575  0.0585  0.0521  0.0494
  0.0683  0.0593  0.0623  0.0629  0.0573  0.0523
niter,ni,del,rscale     6    3   12.0000    1.2000
parameters
   -0.0975   -4.6916   14.9586  -15.0426   -0.9336   -1.2434
eta,q 0.95753 14.10703
  0.0681  0.0693  0.0528  0.0496  0.0505  0.0478
  0.0584  0.0603  0.0491  0.0431  0.0456  0.0446
  0.0511  0.0530  0.0457  0.0426  0.0429  0.0429
  0.0481  0.0481  0.0455  0.0449  0.0426  0.0424
  0.0508  0.0457  0.0499  0.0494  0.0445  0.0433
  0.0585  0.0464  0.0546  0.0552  0.0481  0.0463
  0.0680  0.0519  0.0583  0.0619  0.0536  0.0509
niter,ni,del,rscale     5    3   12.0000    1.2000
parameters
    0.0641   -4.1041   14.5166  -15.2373   -1.0089   -1.2345
eta,q 0.95795 14.14314
  0.0641  0.0646  0.0523  0.0562  0.0514  0.0488
  0.0538  0.0543  0.0473  0.0484  0.0462  0.0452
  0.0455  0.0461  0.0433  0.0425  0.0429  0.0430
  0.0425  0.0424  0.0423  0.0421  0.0421  0.0420
  0.0445  0.0442  0.0455  0.0449  0.0434  0.0424
  0.0520  0.0504  0.0499  0.0499  0.0466  0.0449
  0.0622  0.0581  0.0547  0.0563  0.0517  0.0491
niter,ni,del,rscale     4    3   12.0000    1.2000
parameters
    0.1061   -4.0037   14.4515  -15.3447   -1.0394   -1.2306
eta,q 0.95800 14.14714
  0.0632  0.0622  0.0536  0.0563  0.0515  0.0487
  0.0528  0.0518  0.0482  0.0487  0.0462  0.0452
  0.0449  0.0444  0.0439  0.0427  0.0429  0.0429
  0.0420  0.0420  0.0421  0.0421  0.0420  0.0420
  0.0444  0.0452  0.0446  0.0446  0.0432  0.0424
  0.0524  0.0521  0.0490  0.0497  0.0464  0.0449
  0.0628  0.0600  0.0536  0.0561  0.0515  0.0490
niter,ni,del,rscale     3    3   12.0000    1.2000
parameters
    0.1144   -3.9709   14.4359  -15.3839   -1.0457   -1.2318
eta,q 0.95801 14.14799
  0.0630  0.0620  0.0537  0.0564  0.0515  0.0487
  0.0526  0.0514  0.0483  0.0489  0.0463  0.0452
  0.0448  0.0441  0.0439  0.0429  0.0429  0.0429
  0.0420  0.0420  0.0420  0.0420  0.0420  0.0420
  0.0444  0.0455  0.0444  0.0445  0.0432  0.0424
  0.0526  0.0524  0.0488  0.0495  0.0463  0.0449
  0.0630  0.0603  0.0534  0.0559  0.0515  0.0490
registration optimization eta report
parameter search radius
    6.0000    6.9000    6.0000    9.1253    6.0000    6.0000
100000*second partial in parameter space
       58.       39.       31.       17.       26.       19.
  0.0630  0.0620  0.0537  0.0564  0.0515  0.0487
  0.0526  0.0514  0.0483  0.0489  0.0463  0.0452
  0.0448  0.0441  0.0439  0.0429  0.0429  0.0429
  0.0420  0.0420  0.0420  0.0420  0.0420  0.0420
  0.0444  0.0455  0.0444  0.0445  0.0432  0.0424
  0.0526  0.0524  0.0488  0.0495  0.0463  0.0449
  0.0630  0.0603  0.0534  0.0559  0.0515  0.0490
    0.1144   -3.9709   14.4359  -15.3839   -1.0457   -1.2318
eta,q 0.95801 14.14799

---------------------------------------------------------------------
imgreg_4dfp /opt/freesurfer/average/711-2C_as_mni_average_305 /opt/freesurfer/average/711-2B_as_mni_average_305_mask talsrcimg_g11 none talsrcimg_to_711-2C_as_mni_average_305_t4 3335
---------------------------------------------------------------------

freesurfer imgreg_4dfp.c
/opt/freesurfer/average/711-2C_as_mni_average_305.4dfp.img
       256       256       256         1
  1.000000  1.000000  1.000000
orientation T byte_order littleendian
Reading image: /opt/freesurfer/average/711-2C_as_mni_average_305.4dfp.img
dimensions:      256       256       256
mmppix:       1.0000   -1.0000   -1.0000
center:     128.0000 -129.0000 -129.0000
/opt/freesurfer/average/711-2B_as_mni_average_305_mask.4dfp.img
       256       256       256         1
  1.000000  1.000000  1.000000
orientation T byte_order littleendian
Reading mask: /opt/freesurfer/average/711-2B_as_mni_average_305_mask.4dfp.img (2306576 pixels)
talsrcimg_g11.4dfp.img
       256       256       256         1
  0.898438  0.898438  0.898438
orientation T byte_order littleendian
Reading image: talsrcimg_g11.4dfp.img
dimensions:      256       256       256
mmppix:       0.8984   -0.8984   -0.8984
center:     115.0001 -115.8985 -115.8985
fimgreg.f
image alignment mode   3335 decimal      D07 hex
parameters
    0.1144   -3.9709   14.4359   -0.0398   -3.5949   -3.5991
    1.5886    2.3294   -2.1493   26.4846   -1.8249  -26.5241
eta,q 0.95725 14.19866
niter,ni,del,rscale     5    3    5.0000    1.2000
parameter  4  1.206495 ->  0.500000 qaram    1.1500
parameter  5  1.111962 ->  0.500000 qaram    1.1500
parameter  6  1.441406 ->  0.500000 qaram    1.1500
parameter 12 -0.511216 -> -0.500000 qaram    1.1500
parameters
   -0.0649   -3.7247   13.3315   -4.1798   -7.7349   -7.7391
    1.5595    1.7056   -2.0692   23.6803   -2.6084  -22.3841
eta,q 0.97225 13.33043
  0.0460  0.0460  0.0429  0.0362  0.0336  0.0269  0.0320  0.0332  0.0311  0.0297  0.0295  0.0313
  0.0441  0.0444  0.0424  0.0373  0.0342  0.0282  0.0303  0.0307  0.0299  0.0285  0.0286  0.0299
  0.0430  0.0433  0.0423  0.0393  0.0356  0.0309  0.0292  0.0291  0.0291  0.0282  0.0282  0.0289
  0.0428  0.0427  0.0427  0.0423  0.0377  0.0345  0.0289  0.0289  0.0288  0.0288  0.0282  0.0282
  0.0434  0.0428  0.0434  0.0466  0.0409  0.0389  0.0293  0.0298  0.0290  0.0302  0.0285  0.0278
  0.0449  0.0436  0.0445  0.0517  0.0449  0.0443  0.0303  0.0319  0.0298  0.0324  0.0292  0.0278
  0.0471  0.0449  0.0460  0.0573  0.0490  0.0502  0.0320  0.0350  0.0310  0.0352  0.0301  0.0281
niter,ni,del,rscale     7    3    5.0000    1.2000
parameter  4  0.601401 ->  0.500000 qaram    1.3225
parameter  6  0.594267 ->  0.500000 qaram    1.3225
parameters
   -0.1500   -3.5093   13.3911   -8.9408  -11.3967  -12.5001
    1.3872    2.0727   -1.8139   24.4734   -1.7588  -22.5540
eta,q 0.97594 12.50720
  0.0313  0.0313  0.0302  0.0264  0.0269  0.0247  0.0269  0.0290  0.0263  0.0272  0.0255  0.0261
  0.0293  0.0295  0.0288  0.0264  0.0259  0.0242  0.0254  0.0266  0.0252  0.0256  0.0248  0.0250
  0.0281  0.0283  0.0280  0.0268  0.0258  0.0244  0.0245  0.0249  0.0245  0.0247  0.0243  0.0243
  0.0278  0.0277  0.0277  0.0277  0.0264  0.0257  0.0242  0.0242  0.0242  0.0242  0.0241  0.0241
  0.0283  0.0279  0.0280  0.0297  0.0281  0.0288  0.0246  0.0245  0.0243  0.0241  0.0241  0.0243
  0.0296  0.0287  0.0287  0.0332  0.0307  0.0334  0.0256  0.0259  0.0250  0.0248  0.0244  0.0251
  0.0318  0.0303  0.0299  0.0382  0.0343  0.0387  0.0272  0.0282  0.0261  0.0262  0.0250  0.0264
niter,ni,del,rscale     7    3    5.0000    1.2000
parameters
   -0.0621   -3.4020   12.7032  -10.0851  -11.4067  -14.4304
    1.3078    2.0857   -2.0196   24.1953   -1.7542  -23.5597
eta,q 0.97614 12.31524
  0.0277  0.0270  0.0249  0.0264  0.0270  0.0268  0.0267  0.0281  0.0258  0.0260  0.0249  0.0255
  0.0258  0.0254  0.0242  0.0248  0.0255  0.0251  0.0251  0.0259  0.0247  0.0247  0.0243  0.0245
  0.0246  0.0244  0.0239  0.0239  0.0243  0.0241  0.0242  0.0244  0.0241  0.0241  0.0240  0.0240
  0.0241  0.0241  0.0241  0.0239  0.0238  0.0238  0.0239  0.0239  0.0239  0.0239  0.0239  0.0239
  0.0244  0.0243  0.0247  0.0245  0.0240  0.0246  0.0242  0.0244  0.0241  0.0241  0.0240  0.0243
  0.0254  0.0251  0.0256  0.0257  0.0252  0.0276  0.0252  0.0258  0.0249  0.0249  0.0243  0.0252
  0.0272  0.0264  0.0270  0.0283  0.0273  0.0326  0.0268  0.0281  0.0260  0.0265  0.0249  0.0265
niter,ni,del,rscale     6    3    5.0000    1.2000
parameters
   -0.0046   -3.3197   12.3079  -10.0840  -11.5450  -14.9386
    1.2462    2.1076   -2.0082   24.4156   -1.7557  -24.0580
eta,q 0.97619 12.28789
  0.0275  0.0266  0.0251  0.0270  0.0267  0.0279  0.0266  0.0281  0.0258  0.0263  0.0249  0.0257
  0.0256  0.0251  0.0242  0.0252  0.0253  0.0258  0.0251  0.0258  0.0248  0.0249  0.0243  0.0247
  0.0243  0.0242  0.0238  0.0241  0.0242  0.0244  0.0241  0.0243  0.0241  0.0241  0.0239  0.0240
  0.0239  0.0238  0.0239  0.0238  0.0238  0.0238  0.0238  0.0238  0.0238  0.0238  0.0238  0.0238
  0.0242  0.0241  0.0243  0.0242  0.0240  0.0241  0.0242  0.0244  0.0240  0.0239  0.0239  0.0241
  0.0253  0.0249  0.0251  0.0251  0.0252  0.0257  0.0252  0.0258  0.0247  0.0247  0.0243  0.0250
  0.0272  0.0262  0.0262  0.0270  0.0272  0.0297  0.0267  0.0280  0.0258  0.0260  0.0249  0.0262
niter,ni,del,rscale     5    3    5.0000    1.2000
parameters
    0.0091   -3.2741   12.1706  -10.1383  -11.6475  -15.0273
    1.2331    2.1161   -2.0355   24.5515   -1.7774  -24.2583
eta,q 0.97620 12.27864
  0.0273  0.0265  0.0255  0.0270  0.0267  0.0282  0.0266  0.0281  0.0258  0.0262  0.0249  0.0259
  0.0254  0.0250  0.0245  0.0252  0.0253  0.0260  0.0251  0.0258  0.0247  0.0248  0.0243  0.0248
  0.0242  0.0241  0.0239  0.0241  0.0242  0.0245  0.0241  0.0243  0.0241  0.0241  0.0239  0.0241
  0.0238  0.0238  0.0238  0.0238  0.0238  0.0238  0.0238  0.0238  0.0238  0.0238  0.0238  0.0238
  0.0242  0.0241  0.0241  0.0242  0.0240  0.0240  0.0242  0.0243  0.0240  0.0239  0.0239  0.0241
  0.0254  0.0249  0.0248  0.0252  0.0252  0.0254  0.0251  0.0258  0.0247  0.0247  0.0243  0.0249
  0.0272  0.0262  0.0258  0.0270  0.0271  0.0291  0.0266  0.0280  0.0258  0.0261  0.0249  0.0261
niter,ni,del,rscale     4    3    5.0000    1.2000
parameters
    0.0115   -3.2487   12.1349  -10.1508  -11.6925  -15.0461
    1.2294    2.1222   -2.0406   24.6113   -1.7914  -24.3271
eta,q 0.97620 12.27648
  0.0273  0.0264  0.0256  0.0270  0.0268  0.0283  0.0266  0.0280  0.0258  0.0262  0.0249  0.0259
  0.0254  0.0249  0.0246  0.0252  0.0253  0.0261  0.0251  0.0258  0.0247  0.0248  0.0243  0.0248
  0.0242  0.0240  0.0239  0.0241  0.0243  0.0245  0.0241  0.0243  0.0241  0.0241  0.0239  0.0241
  0.0238  0.0238  0.0238  0.0238  0.0238  0.0238  0.0238  0.0238  0.0238  0.0238  0.0238  0.0238
  0.0242  0.0241  0.0241  0.0243  0.0240  0.0240  0.0242  0.0243  0.0240  0.0240  0.0239  0.0241
  0.0254  0.0249  0.0247  0.0252  0.0251  0.0254  0.0251  0.0258  0.0247  0.0247  0.0243  0.0248
  0.0273  0.0262  0.0257  0.0270  0.0271  0.0290  0.0266  0.0280  0.0258  0.0261  0.0249  0.0260
niter,ni,del,rscale     3    3    5.0000    1.2000
parameters
    0.0144   -3.2381   12.1242  -10.1581  -11.7090  -15.0529
    1.2293    2.1262   -2.0454   24.6310   -1.7936  -24.3465
eta,q 0.97620 12.27539
  0.0273  0.0264  0.0257  0.0270  0.0268  0.0283  0.0266  0.0280  0.0258  0.0261  0.0249  0.0260
  0.0254  0.0249  0.0246  0.0252  0.0253  0.0261  0.0251  0.0258  0.0247  0.0248  0.0243  0.0248
  0.0242  0.0240  0.0240  0.0241  0.0243  0.0245  0.0241  0.0243  0.0241  0.0241  0.0239  0.0241
  0.0238  0.0238  0.0238  0.0238  0.0238  0.0238  0.0238  0.0238  0.0238  0.0238  0.0238  0.0238
  0.0242  0.0241  0.0241  0.0243  0.0240  0.0240  0.0242  0.0243  0.0240  0.0240  0.0239  0.0240
  0.0254  0.0249  0.0247  0.0252  0.0251  0.0254  0.0251  0.0258  0.0247  0.0247  0.0243  0.0248
  0.0273  0.0262  0.0256  0.0270  0.0270  0.0290  0.0266  0.0280  0.0258  0.0262  0.0249  0.0260
registration optimization eta report
parameter search radius
    2.4000    2.4000    2.4000    9.5220    8.2800    9.5220
    7.2000    7.2000    7.2000    7.2000    7.2000    8.2800
100000*second partial in parameter space
       60.       43.       32.        4.        5.        5.
        5.        8.        4.        5.        2.        3.
  0.0273  0.0264  0.0257  0.0270  0.0268  0.0283  0.0266  0.0280  0.0258  0.0261  0.0249  0.0260
  0.0254  0.0249  0.0246  0.0252  0.0253  0.0261  0.0251  0.0258  0.0247  0.0248  0.0243  0.0248
  0.0242  0.0240  0.0240  0.0241  0.0243  0.0245  0.0241  0.0243  0.0241  0.0241  0.0239  0.0241
  0.0238  0.0238  0.0238  0.0238  0.0238  0.0238  0.0238  0.0238  0.0238  0.0238  0.0238  0.0238
  0.0242  0.0241  0.0241  0.0243  0.0240  0.0240  0.0242  0.0243  0.0240  0.0240  0.0239  0.0240
  0.0254  0.0249  0.0247  0.0252  0.0251  0.0254  0.0251  0.0258  0.0247  0.0247  0.0243  0.0248
  0.0273  0.0262  0.0256  0.0270  0.0270  0.0290  0.0266  0.0280  0.0258  0.0262  0.0249  0.0260
    0.0144   -3.2381   12.1242  -10.1581  -11.7090  -15.0529
    1.2293    2.1262   -2.0454   24.6310   -1.7936  -24.3465
eta,q 0.97620 12.27539

---------------------------------------------------------------------
imgreg_4dfp /opt/freesurfer/average/711-2C_as_mni_average_305 /opt/freesurfer/average/711-2B_as_mni_average_305_mask talsrcimg_g11 none talsrcimg_to_711-2C_as_mni_average_305_t4 2311
---------------------------------------------------------------------

freesurfer imgreg_4dfp.c
/opt/freesurfer/average/711-2C_as_mni_average_305.4dfp.img
       256       256       256         1
  1.000000  1.000000  1.000000
orientation T byte_order littleendian
Reading image: /opt/freesurfer/average/711-2C_as_mni_average_305.4dfp.img
dimensions:      256       256       256
mmppix:       1.0000   -1.0000   -1.0000
center:     128.0000 -129.0000 -129.0000
/opt/freesurfer/average/711-2B_as_mni_average_305_mask.4dfp.img
       256       256       256         1
  1.000000  1.000000  1.000000
orientation T byte_order littleendian
Reading mask: /opt/freesurfer/average/711-2B_as_mni_average_305_mask.4dfp.img (2306576 pixels)
talsrcimg_g11.4dfp.img
       256       256       256         1
  0.898438  0.898438  0.898438
orientation T byte_order littleendian
Reading image: talsrcimg_g11.4dfp.img
dimensions:      256       256       256
mmppix:       0.8984   -0.8984   -0.8984
center:     115.0001 -115.8985 -115.8985
fimgreg.f
image alignment mode   2311 decimal      907 hex
parameters
    0.0144   -3.2381   12.1242  -10.1581  -11.7090  -15.0530
    1.2293    2.1262   -2.0454   24.6310   -1.7936  -24.3465
eta,q 0.97620 12.27539
niter,ni,del,rscale     5    3    5.0000    0.8000
parameters
    0.0176   -3.2755   12.0698  -10.3817  -11.3265  -14.1672
    1.2160    2.1564   -1.9643   25.0571   -1.6544  -24.1170
eta,q 0.97630 12.34451
  0.0254  0.0249  0.0246  0.0246  0.0250  0.0252  0.0251  0.0258  0.0247  0.0249  0.0242  0.0246
  0.0245  0.0242  0.0241  0.0241  0.0244  0.0245  0.0243  0.0247  0.0242  0.0243  0.0240  0.0241
  0.0240  0.0239  0.0239  0.0238  0.0240  0.0240  0.0239  0.0240  0.0239  0.0239  0.0238  0.0238
  0.0238  0.0238  0.0238  0.0238  0.0238  0.0238  0.0237  0.0237  0.0237  0.0237  0.0237  0.0237
  0.0240  0.0240  0.0239  0.0240  0.0238  0.0238  0.0239  0.0240  0.0238  0.0237  0.0237  0.0238
  0.0245  0.0243  0.0242  0.0243  0.0241  0.0240  0.0244  0.0247  0.0241  0.0240  0.0239  0.0240
  0.0254  0.0250  0.0247  0.0246  0.0247  0.0245  0.0251  0.0257  0.0247  0.0246  0.0242  0.0245
niter,ni,del,rscale     4    3    5.0000    0.7000
parameters
   -0.0045   -3.3025   12.1661  -10.2749  -11.2003  -13.8607
    1.2600    2.1702   -1.9539   25.1430   -1.5819  -23.9441
eta,q 0.97632 12.37787
  0.0249  0.0246  0.0245  0.0244  0.0246  0.0246  0.0248  0.0253  0.0244  0.0245  0.0241  0.0244
  0.0242  0.0241  0.0241  0.0240  0.0242  0.0242  0.0242  0.0244  0.0240  0.0241  0.0239  0.0240
  0.0238  0.0238  0.0238  0.0238  0.0239  0.0238  0.0238  0.0239  0.0238  0.0238  0.0237  0.0238
  0.0237  0.0237  0.0237  0.0237  0.0237  0.0237  0.0237  0.0237  0.0237  0.0237  0.0237  0.0237
  0.0239  0.0238  0.0238  0.0238  0.0238  0.0237  0.0238  0.0239  0.0238  0.0237  0.0237  0.0237
  0.0243  0.0241  0.0239  0.0240  0.0240  0.0239  0.0242  0.0244  0.0240  0.0240  0.0238  0.0239
  0.0250  0.0246  0.0243  0.0243  0.0246  0.0244  0.0247  0.0253  0.0244  0.0245  0.0241  0.0243
niter,ni,del,rscale     3    3    5.0000    0.6000
parameters
   -0.0150   -3.3210   12.2124  -10.2770  -11.1194  -13.7044
    1.2702    2.1702   -1.9252   25.2280   -1.5383  -23.8574
eta,q 0.97633 12.39261
  0.0246  0.0243  0.0242  0.0242  0.0244  0.0243  0.0245  0.0249  0.0242  0.0243  0.0240  0.0242
  0.0241  0.0240  0.0239  0.0239  0.0240  0.0240  0.0240  0.0242  0.0239  0.0240  0.0238  0.0239
  0.0238  0.0237  0.0237  0.0237  0.0238  0.0238  0.0238  0.0238  0.0238  0.0238  0.0237  0.0237
  0.0237  0.0237  0.0237  0.0237  0.0237  0.0237  0.0237  0.0237  0.0237  0.0237  0.0237  0.0237
  0.0238  0.0238  0.0237  0.0238  0.0237  0.0237  0.0238  0.0238  0.0237  0.0237  0.0237  0.0237
  0.0241  0.0240  0.0239  0.0239  0.0239  0.0239  0.0240  0.0242  0.0239  0.0239  0.0238  0.0239
  0.0246  0.0244  0.0241  0.0242  0.0243  0.0243  0.0244  0.0249  0.0242  0.0243  0.0240  0.0241
niter,ni,del,rscale     2    3    5.0000    0.5000
parameters
   -0.0210   -3.3206   12.2295  -10.3222  -11.0623  -13.5862
    1.2700    2.1714   -1.9175   25.3523   -1.4962  -23.8284
eta,q 0.97633 12.40235
  0.0243  0.0242  0.0240  0.0240  0.0242  0.0241  0.0242  0.0245  0.0241  0.0241  0.0239  0.0240
  0.0240  0.0239  0.0238  0.0238  0.0239  0.0239  0.0239  0.0240  0.0238  0.0239  0.0238  0.0238
  0.0237  0.0237  0.0237  0.0237  0.0237  0.0237  0.0237  0.0238  0.0237  0.0238  0.0237  0.0237
  0.0237  0.0237  0.0237  0.0237  0.0237  0.0237  0.0237  0.0237  0.0237  0.0237  0.0237  0.0237
  0.0237  0.0237  0.0237  0.0237  0.0237  0.0237  0.0237  0.0238  0.0237  0.0237  0.0237  0.0237
  0.0240  0.0239  0.0238  0.0239  0.0239  0.0238  0.0239  0.0241  0.0238  0.0238  0.0238  0.0238
  0.0243  0.0241  0.0240  0.0240  0.0241  0.0241  0.0242  0.0245  0.0241  0.0241  0.0239  0.0240
niter,ni,del,rscale     1    3    5.0000    0.4000
parameters
   -0.0248   -3.3098   12.2345  -10.3481  -11.0207  -13.4853
    1.2579    2.1818   -1.9043   25.4883   -1.4808  -23.8325
eta,q 0.97634 12.41229
  0.0241  0.0240  0.0239  0.0239  0.0240  0.0240  0.0240  0.0242  0.0239  0.0240  0.0238  0.0239
  0.0238  0.0238  0.0238  0.0238  0.0238  0.0238  0.0238  0.0239  0.0238  0.0238  0.0237  0.0238
  0.0237  0.0237  0.0237  0.0237  0.0237  0.0237  0.0237  0.0237  0.0237  0.0237  0.0237  0.0237
  0.0237  0.0237  0.0237  0.0237  0.0237  0.0237  0.0237  0.0237  0.0237  0.0237  0.0237  0.0237
  0.0237  0.0237  0.0237  0.0237  0.0237  0.0237  0.0237  0.0237  0.0237  0.0237  0.0237  0.0237
  0.0239  0.0238  0.0238  0.0238  0.0238  0.0238  0.0238  0.0239  0.0238  0.0238  0.0237  0.0238
  0.0241  0.0240  0.0239  0.0239  0.0240  0.0239  0.0240  0.0242  0.0239  0.0239  0.0238  0.0239
registration optimization eta report
parameter search radius
    0.8000    0.8000    0.8000    2.4000    2.4000    2.4000
    2.4000    2.4000    2.4000    2.4000    2.4000    2.4000
100000*second partial in parameter space
       65.       48.       34.        4.        5.        5.
        6.       10.        4.        5.        2.        4.
  0.0241  0.0240  0.0239  0.0239  0.0240  0.0240  0.0240  0.0242  0.0239  0.0240  0.0238  0.0239
  0.0238  0.0238  0.0238  0.0238  0.0238  0.0238  0.0238  0.0239  0.0238  0.0238  0.0237  0.0238
  0.0237  0.0237  0.0237  0.0237  0.0237  0.0237  0.0237  0.0237  0.0237  0.0237  0.0237  0.0237
  0.0237  0.0237  0.0237  0.0237  0.0237  0.0237  0.0237  0.0237  0.0237  0.0237  0.0237  0.0237
  0.0237  0.0237  0.0237  0.0237  0.0237  0.0237  0.0237  0.0237  0.0237  0.0237  0.0237  0.0237
  0.0239  0.0238  0.0238  0.0238  0.0238  0.0238  0.0238  0.0239  0.0238  0.0238  0.0237  0.0238
  0.0241  0.0240  0.0239  0.0239  0.0240  0.0239  0.0240  0.0242  0.0239  0.0239  0.0238  0.0239
   -0.0248   -3.3098   12.2345  -10.3481  -11.0207  -13.4853
    1.2579    2.1818   -1.9043   25.4883   -1.4808  -23.8325
eta,q 0.97634 12.41229

---------------------------------------------------------------------
imgreg_4dfp /opt/freesurfer/average/711-2C_as_mni_average_305 /opt/freesurfer/average/711-2B_as_mni_average_305_mask talsrcimg_g11 none talsrcimg_to_711-2C_as_mni_average_305_t4 2311
---------------------------------------------------------------------

freesurfer imgreg_4dfp.c
/opt/freesurfer/average/711-2C_as_mni_average_305.4dfp.img
       256       256       256         1
  1.000000  1.000000  1.000000
orientation T byte_order littleendian
Reading image: /opt/freesurfer/average/711-2C_as_mni_average_305.4dfp.img
dimensions:      256       256       256
mmppix:       1.0000   -1.0000   -1.0000
center:     128.0000 -129.0000 -129.0000
/opt/freesurfer/average/711-2B_as_mni_average_305_mask.4dfp.img
       256       256       256         1
  1.000000  1.000000  1.000000
orientation T byte_order littleendian
Reading mask: /opt/freesurfer/average/711-2B_as_mni_average_305_mask.4dfp.img (2306576 pixels)
talsrcimg_g11.4dfp.img
       256       256       256         1
  0.898438  0.898438  0.898438
orientation T byte_order littleendian
Reading image: talsrcimg_g11.4dfp.img
dimensions:      256       256       256
mmppix:       0.8984   -0.8984   -0.8984
center:     115.0001 -115.8985 -115.8985
fimgreg.f
image alignment mode   2311 decimal      907 hex
parameters
   -0.0248   -3.3098   12.2345  -10.3481  -11.0207  -13.4853
    1.2579    2.1818   -1.9043   25.4883   -1.4808  -23.8325
eta,q 0.97634 12.41229
niter,ni,del,rscale     5    3    5.0000    0.8000
parameters
   -0.0250   -3.2739   12.2783  -10.1339  -11.2264  -13.7526
    1.3183    2.1690   -1.9909   25.0787   -1.5769  -23.8579
eta,q 0.97631 12.39087
  0.0253  0.0250  0.0246  0.0246  0.0248  0.0247  0.0251  0.0258  0.0246  0.0246  0.0242  0.0245
  0.0244  0.0242  0.0241  0.0241  0.0242  0.0242  0.0243  0.0246  0.0241  0.0241  0.0239  0.0241
  0.0238  0.0238  0.0238  0.0238  0.0238  0.0238  0.0238  0.0239  0.0238  0.0238  0.0238  0.0238
  0.0237  0.0237  0.0237  0.0237  0.0237  0.0237  0.0237  0.0237  0.0237  0.0237  0.0237  0.0237
  0.0238  0.0238  0.0238  0.0238  0.0238  0.0238  0.0238  0.0239  0.0238  0.0238  0.0237  0.0238
  0.0244  0.0242  0.0240  0.0240  0.0243  0.0242  0.0243  0.0246  0.0241  0.0243  0.0239  0.0241
  0.0253  0.0248  0.0245  0.0244  0.0250  0.0252  0.0250  0.0258  0.0247  0.0251  0.0242  0.0245
niter,ni,del,rscale     4    3    5.0000    0.7000
parameters
   -0.0176   -3.3267   12.2570  -10.2056  -11.1614  -13.7506
    1.2923    2.1689   -1.9531   25.0861   -1.5476  -23.8244
eta,q 0.97632 12.38856
  0.0250  0.0245  0.0243  0.0243  0.0246  0.0245  0.0247  0.0253  0.0244  0.0245  0.0241  0.0243
  0.0243  0.0240  0.0240  0.0240  0.0241  0.0241  0.0241  0.0244  0.0240  0.0241  0.0239  0.0240
  0.0238  0.0238  0.0237  0.0237  0.0238  0.0238  0.0238  0.0239  0.0238  0.0238  0.0237  0.0238
  0.0237  0.0237  0.0237  0.0237  0.0237  0.0237  0.0237  0.0237  0.0237  0.0237  0.0237  0.0237
  0.0238  0.0238  0.0238  0.0238  0.0237  0.0237  0.0238  0.0239  0.0238  0.0237  0.0237  0.0238
  0.0242  0.0242  0.0240  0.0240  0.0240  0.0240  0.0242  0.0244  0.0240  0.0240  0.0239  0.0240
  0.0249  0.0247  0.0244  0.0243  0.0246  0.0246  0.0247  0.0253  0.0244  0.0246  0.0241  0.0243
niter,ni,del,rscale     3    3    5.0000    0.6000
parameters
   -0.0189   -3.3299   12.2457  -10.2549  -11.1007  -13.6813
    1.2793    2.1643   -1.9291   25.1971   -1.5314  -23.8170
eta,q 0.97632 12.39525
  0.0246  0.0244  0.0242  0.0242  0.0244  0.0243  0.0245  0.0249  0.0242  0.0243  0.0240  0.0242
  0.0241  0.0240  0.0239  0.0239  0.0240  0.0240  0.0240  0.0242  0.0239  0.0240  0.0238  0.0239
  0.0238  0.0238  0.0237  0.0237  0.0238  0.0238  0.0238  0.0238  0.0238  0.0238  0.0237  0.0237
  0.0237  0.0237  0.0237  0.0237  0.0237  0.0237  0.0237  0.0237  0.0237  0.0237  0.0237  0.0237
  0.0238  0.0238  0.0237  0.0238  0.0237  0.0237  0.0238  0.0238  0.0237  0.0237  0.0237  0.0237
  0.0241  0.0240  0.0239  0.0239  0.0240  0.0239  0.0240  0.0242  0.0239  0.0239  0.0238  0.0239
  0.0246  0.0244  0.0242  0.0242  0.0244  0.0243  0.0245  0.0249  0.0242  0.0243  0.0240  0.0242
niter,ni,del,rscale     2    3    5.0000    0.5000
parameters
   -0.0220   -3.3247   12.2352  -10.3146  -11.0436  -13.5863
    1.2711    2.1699   -1.9160   25.3383   -1.4814  -23.8219
eta,q 0.97633 12.40353
  0.0243  0.0242  0.0240  0.0240  0.0242  0.0241  0.0242  0.0245  0.0241  0.0241  0.0239  0.0240
  0.0240  0.0239  0.0238  0.0238  0.0239  0.0239  0.0239  0.0241  0.0239  0.0239  0.0238  0.0238
  0.0237  0.0237  0.0237  0.0237  0.0237  0.0237  0.0237  0.0238  0.0237  0.0238  0.0237  0.0237
  0.0237  0.0237  0.0237  0.0237  0.0237  0.0237  0.0237  0.0237  0.0237  0.0237  0.0237  0.0237
  0.0237  0.0237  0.0237  0.0237  0.0237  0.0237  0.0237  0.0238  0.0237  0.0237  0.0237  0.0237
  0.0240  0.0239  0.0238  0.0239  0.0239  0.0238  0.0239  0.0241  0.0238  0.0238  0.0237  0.0238
  0.0243  0.0241  0.0240  0.0240  0.0241  0.0241  0.0242  0.0245  0.0241  0.0241  0.0239  0.0240
niter,ni,del,rscale     1    3    5.0000    0.4000
parameters
   -0.0225   -3.3148   12.2326  -10.3580  -11.0121  -13.4801
    1.2761    2.1809   -1.9065   25.4901   -1.4712  -23.8419
eta,q 0.97634 12.41252
  0.0241  0.0240  0.0239  0.0239  0.0240  0.0240  0.0240  0.0242  0.0239  0.0240  0.0238  0.0239
  0.0238  0.0238  0.0238  0.0238  0.0238  0.0238  0.0238  0.0239  0.0238  0.0238  0.0237  0.0237
  0.0237  0.0237  0.0237  0.0237  0.0237  0.0237  0.0237  0.0237  0.0237  0.0237  0.0237  0.0237
  0.0237  0.0237  0.0237  0.0237  0.0237  0.0237  0.0237  0.0237  0.0237  0.0237  0.0237  0.0237
  0.0237  0.0237  0.0237  0.0237  0.0237  0.0237  0.0237  0.0237  0.0237  0.0237  0.0237  0.0237
  0.0239  0.0238  0.0238  0.0238  0.0238  0.0238  0.0238  0.0239  0.0238  0.0238  0.0237  0.0238
  0.0241  0.0240  0.0239  0.0239  0.0240  0.0239  0.0240  0.0242  0.0239  0.0239  0.0238  0.0239
registration optimization eta report
parameter search radius
    0.8000    0.8000    0.8000    2.4000    2.4000    2.4000
    2.4000    2.4000    2.4000    2.4000    2.4000    2.4000
100000*second partial in parameter space
       65.       49.       34.        4.        5.        5.
        6.       10.        4.        5.        2.        4.
  0.0241  0.0240  0.0239  0.0239  0.0240  0.0240  0.0240  0.0242  0.0239  0.0240  0.0238  0.0239
  0.0238  0.0238  0.0238  0.0238  0.0238  0.0238  0.0238  0.0239  0.0238  0.0238  0.0237  0.0237
  0.0237  0.0237  0.0237  0.0237  0.0237  0.0237  0.0237  0.0237  0.0237  0.0237  0.0237  0.0237
  0.0237  0.0237  0.0237  0.0237  0.0237  0.0237  0.0237  0.0237  0.0237  0.0237  0.0237  0.0237
  0.0237  0.0237  0.0237  0.0237  0.0237  0.0237  0.0237  0.0237  0.0237  0.0237  0.0237  0.0237
  0.0239  0.0238  0.0238  0.0238  0.0238  0.0238  0.0238  0.0239  0.0238  0.0238  0.0237  0.0238
  0.0241  0.0240  0.0239  0.0239  0.0240  0.0239  0.0240  0.0242  0.0239  0.0239  0.0238  0.0239
   -0.0225   -3.3148   12.2326  -10.3580  -11.0121  -13.4801
    1.2761    2.1809   -1.9065   25.4901   -1.4712  -23.8419
eta,q 0.97634 12.41252

---------------------------------------------------------------------
compute_vox2vox talsrcimg talsrcimg_to_711-2C_as_mni_average_305_t4 /opt/freesurfer/average/711-2C_as_mni_average_305
---------------------------------------------------------------------

freesurfer compute_vox2vox.c
Reading: talsrcimg.4dfp.ifh
Reading: talsrcimg_to_711-2C_as_mni_average_305_t4
Reading: /opt/freesurfer/average/711-2C_as_mni_average_305.4dfp.ifh
Writing: talsrcimg_to_711-2C_as_mni_average_305_t4_vox2vox.txt

start time Wed Mar 11 03:09:26 CET 2026
end		time Wed Mar 11 03:10:50 CET 2026

mpr2mni305 success

avi2talxfm orig_nu.mgz /opt/freesurfer/average/mni305.cor.mgz talsrcimg_to_711-2C_as_mni_average_305_t4_vox2vox.txt transforms/talairach.auto.xfm
avi2talxfm done
mv -f /out/sourcedata/freesurfer/sub-v2s13x29099_ses-1/mri/talsrcimg_to_711-2C_as_mni_average_305_t4_vox2vox.txt /out/sourcedata/freesurfer/sub-v2s13x29099_ses-1/mri/transforms/talsrcimg_to_711-2C_as_mni_average_305_t4_vox2vox.txt
lta_convert --src orig_nu.mgz --trg /opt/freesurfer/average/mni305.cor.mgz --inxfm transforms/talairach.auto.xfm --outlta transforms/talairach.auto.xfm.lta --subject fsaverage
7.3.2

--src: orig_nu.mgz src image (geometry).
--trg: /opt/freesurfer/average/mni305.cor.mgz trg image (geometry).
--inmni: transforms/talairach.auto.xfm input MNI/XFM transform.
--outlta: transforms/talairach.auto.xfm.lta output LTA.
--s: fsaverage subject name
 LTA read, type : 1
 1.11473  -0.02168  -0.02179  -0.99005;
 0.02367   1.07078   0.28655  -10.53929;
 0.01710  -0.30718   1.04120  -12.04721;
 0.00000   0.00000   0.00000   1.00000;
setting subject to fsaverage
Writing  LTA to file transforms/talairach.auto.xfm.lta...
lta_convert successful.
 
 
Started at Wed Mar 11 03:09:25 CET 2026
Ended   at Wed Mar 11 03:10:50 CET 2026
talairach_avi done
