/out/sourcedata/freesurfer/sub-v2s13x29110_ses-1/mri
/opt/freesurfer/bin/talairach_avi
--i orig_nu.mgz --xfm transforms/talairach.auto.xfm
talairach_avi 7.3.2
Linux dna003 5.14.0-427.37.1.el9_4.x86_64 #1 SMP PREEMPT_DYNAMIC Fri Sep 13 12:41:50 EDT 2024 x86_64 x86_64 x86_64 GNU/Linux
Wed Mar 11 03:48:01 CET 2026
mri_convert orig_nu.mgz talsrcimg.img 
reading from orig_nu.mgz...
TR=0.00, TE=0.00, TI=0.00, flip angle=0.00
i_ras = (-1, 5.70941e-10, 1.29575e-10)
j_ras = (-9.71815e-11, -1.65856e-08, -1)
k_ras = (5.30449e-10, 1, 1.65856e-08)
writing to talsrcimg.img...
Analyze Output Matrix
-0.89844  -0.00000   0.00000   119.26039;
 0.00000  -0.00000   0.89844  -126.19921;
 0.00000  -0.89844   0.00000   132.91620;
 0.00000   0.00000   0.00000   1.00000;
--------------------
INFO: set hdr.hist.orient to -1
mpr2mni305 talsrcimg
Wed Mar 11 03:48:01 CET 2026
/opt/freesurfer/bin/mpr2mni305 talsrcimg
mpr2mni305 7.3.2
target=711-2C_as_mni_average_305

---------------------------------------------------------------------
analyzeto4dfp talsrcimg -O0 -y
---------------------------------------------------------------------

freesurfer ifh2hdr.c
Wed Mar 11 03:48:01 2026
Writing: talsrcimg.4dfp.hdr
freesurfer analyzeto4dfp.c
Reading: talsrcimg.hdr
header size 348 bytes
hdr.dime.datatype	offset=70	value=2
hdr.dime.bitpix		offset=72	value=8
hdr.hist.orient		offset=252	value=-1
dimensionality     4
dimensions       256       256       256         1
Reading: talsrcimg.img
Writing: talsrcimg.4dfp.img
Writing: talsrcimg.4dfp.ifh
ifh2hdr talsrcimg -r0to242
ori=2

---------------------------------------------------------------------
gauss_4dfp talsrcimg 1.1
---------------------------------------------------------------------

freesurfer gauss_4dfp.c
Reading: talsrcimg.4dfp.img
Writing: talsrcimg_g11.4dfp.img
image dimensions 256 256 256 padded to 288 288 288
processing volume 1freesurfer ifh2hdr.c
Wed Mar 11 03:48:03 2026
Writing: talsrcimg_g11.4dfp.hdr

Writing: talsrcimg_g11.4dfp.ifh
including: talsrcimg.4dfp.img.rec in talsrcimg_g11.4dfp.img.rec

---------------------------------------------------------------------
imgreg_4dfp /opt/freesurfer/average/711-2C_as_mni_average_305 none talsrcimg_g11 none talsrcimg_to_711-2C_as_mni_average_305_t4 4355
---------------------------------------------------------------------

freesurfer imgreg_4dfp.c
/opt/freesurfer/average/711-2C_as_mni_average_305.4dfp.img
       256       256       256         1
  1.000000  1.000000  1.000000
orientation T byte_order littleendian
Reading image: /opt/freesurfer/average/711-2C_as_mni_average_305.4dfp.img
dimensions:      256       256       256
mmppix:       1.0000   -1.0000   -1.0000
center:     128.0000 -129.0000 -129.0000
talsrcimg_g11.4dfp.img
       256       256       256         1
  0.898437  0.898437  0.898437
orientation T byte_order littleendian
Reading image: talsrcimg_g11.4dfp.img
dimensions:      256       256       256
mmppix:       0.8984   -0.8984   -0.8984
center:     114.9999 -115.8984 -115.8984
t4_read: open error in t4_sub.f l:  41 t4_file(1:l)talsrcimg_to_711-2C_as_mni_average_305_t4 
t4_read: transform initialized to I4
rotation matrix determinant  1.000000
image alignment mode   4355 decimal     1103 hex
   -7.5000  -45.0000  -45.0000 5715.4448   18.1187
    0.0000  -45.0000  -45.0000 5732.6777   18.1601
    7.5000  -45.0000  -45.0000 5442.3677   18.1893
   -7.5000  -37.5000  -45.0000 6171.6240   19.2275
    0.0000  -37.5000  -45.0000 6195.7134   19.2746
    7.5000  -37.5000  -45.0000 5886.2280   19.3017
   -7.5000  -30.0000  -45.0000 6621.9854   19.8329
    0.0000  -30.0000  -45.0000 6647.0610   19.8792
    7.5000  -30.0000  -45.0000 6295.4644   19.9019
   -7.5000  -22.5000  -45.0000 7133.7935   19.8606
    0.0000  -22.5000  -45.0000 7159.9224   19.9018
    7.5000  -22.5000  -45.0000 6787.4512   19.9223
   -7.5000  -15.0000  -45.0000 7583.3101   19.8895
    0.0000  -15.0000  -45.0000 7624.4185   19.9284
    7.5000  -15.0000  -45.0000 7242.2803   19.9526
   -7.5000   -7.5000  -45.0000 7720.8203   19.8893
    0.0000   -7.5000  -45.0000 7774.3809   19.9297
    7.5000   -7.5000  -45.0000 7393.5439   19.9595
   -7.5000    0.0000  -45.0000 7777.1064   19.8612
    0.0000    0.0000  -45.0000 7830.9541   19.9065
    7.5000    0.0000  -45.0000 7440.6787   19.9385
   -7.5000    7.5000  -45.0000 7449.5713   19.8337
    0.0000    7.5000  -45.0000 7482.3857   19.8823
    7.5000    7.5000  -45.0000 7126.5488   19.9103
   -7.5000   15.0000  -45.0000 7420.3350   19.8329
    0.0000   15.0000  -45.0000 7447.1035   19.8792
    7.5000   15.0000  -45.0000 7092.6851   19.9019
   -7.5000   22.5000  -45.0000 6925.6104   19.5935
    0.0000   22.5000  -45.0000 6939.2119   19.6341
    7.5000   22.5000  -45.0000 6591.5928   19.6543
   -7.5000   30.0000  -45.0000 6355.4541   19.0987
    0.0000   30.0000  -45.0000 6364.2207   19.1360
    7.5000   30.0000  -45.0000 6043.6553   19.1592
   -7.5000   37.5000  -45.0000 5787.8027   18.5241
    0.0000   37.5000  -45.0000 5792.5444   18.5622
    7.5000   37.5000  -45.0000 5504.5742   18.5897
   -7.5000   45.0000  -45.0000 5309.7905   18.0819
    0.0000   45.0000  -45.0000 5293.8174   18.1223
    7.5000   45.0000  -45.0000 5033.7021   18.1507
   -7.5000  -45.0000  -37.5000 6255.7168   19.1067
    0.0000  -45.0000  -37.5000 6294.7441   19.1590
    7.5000  -45.0000  -37.5000 5971.6963   19.1982
   -7.5000  -37.5000  -37.5000 6765.4312   20.2763
    0.0000  -37.5000  -37.5000 6810.5728   20.3377
    7.5000  -37.5000  -37.5000 6441.3853   20.3791
   -7.5000  -30.0000  -37.5000 7257.4229   20.8739
    0.0000  -30.0000  -37.5000 7295.5435   20.9357
    7.5000  -30.0000  -37.5000 6906.3525   20.9727
   -7.5000  -22.5000  -37.5000 7784.8706   20.9065
    0.0000  -22.5000  -37.5000 7825.7964   20.9610
    7.5000  -22.5000  -37.5000 7419.8052   20.9923
   -7.5000  -15.0000  -37.5000 8261.9424   20.9458
    0.0000  -15.0000  -37.5000 8336.9277   20.9947
    7.5000  -15.0000  -37.5000 7883.3994   21.0259
   -7.5000   -7.5000  -37.5000 8387.6279   20.9502
    0.0000   -7.5000  -37.5000 8454.1807   21.0001
    7.5000   -7.5000  -37.5000 8024.3174   21.0370
   -7.5000    0.0000  -37.5000 8429.6016   20.9174
    0.0000    0.0000  -37.5000 8490.2285   20.9747
    7.5000    0.0000  -37.5000 8072.7295   21.0176
   -7.5000    7.5000  -37.5000 8055.7051   20.8787
    0.0000    7.5000  -37.5000 8083.3779   20.9420
    7.5000    7.5000  -37.5000 7701.7412   20.9846
   -7.5000   15.0000  -37.5000 8029.1401   20.8729
    0.0000   15.0000  -37.5000 8046.0264   20.9348
    7.5000   15.0000  -37.5000 7660.8223   20.9717
   -7.5000   22.5000  -37.5000 7483.9883   20.6270
    0.0000   22.5000  -37.5000 7505.6475   20.6807
    7.5000   22.5000  -37.5000 7131.0581   20.7116
   -7.5000   30.0000  -37.5000 6837.1938   20.1272
    0.0000   30.0000  -37.5000 6868.1548   20.1743
    7.5000   30.0000  -37.5000 6515.1323   20.2042
   -7.5000   37.5000  -37.5000 6217.6587   19.5278
    0.0000   37.5000  -37.5000 6221.9629   19.5743
    7.5000   37.5000  -37.5000 5910.2573   19.6080
   -7.5000   45.0000  -37.5000 5690.3696   19.0379
    0.0000   45.0000  -37.5000 5682.4673   19.0906
    7.5000   45.0000  -37.5000 5399.5063   19.1295
   -7.5000  -45.0000  -30.0000 6811.6416   20.0556
    0.0000  -45.0000  -30.0000 6864.0771   20.1154
    7.5000  -45.0000  -30.0000 6501.5098   20.1641
   -7.5000  -37.5000  -30.0000 7314.5527   21.2924
    0.0000  -37.5000  -30.0000 7358.8711   21.3650
    7.5000  -37.5000  -30.0000 6972.6504   21.4178
   -7.5000  -30.0000  -30.0000 7810.7437   21.8918
    0.0000  -30.0000  -30.0000 7880.4438   21.9624
    7.5000  -30.0000  -30.0000 7450.7725   22.0091
   -7.5000  -22.5000  -30.0000 8374.4863   21.9279
    0.0000  -22.5000  -30.0000 8444.0635   21.9844
    7.5000  -22.5000  -30.0000 7990.9624   22.0224
   -7.5000  -15.0000  -30.0000 8891.7959   21.9691
    0.0000  -15.0000  -30.0000 8981.6289   22.0168
    7.5000  -15.0000  -30.0000 8489.8877   22.0531
   -7.5000   -7.5000  -30.0000 9032.6885   21.9710
    0.0000   -7.5000  -30.0000 9120.5225   22.0231
    7.5000   -7.5000  -30.0000 8623.8027   22.0669
   -7.5000    0.0000  -30.0000 9070.2207   21.9334
    0.0000    0.0000  -30.0000 9133.2197   21.9989
    7.5000    0.0000  -30.0000 8684.4248   22.0521
   -7.5000    7.5000  -30.0000 8632.8135   21.8919
    0.0000    7.5000  -30.0000 8678.6465   21.9665
    7.5000    7.5000  -30.0000 8257.8281   22.0208
   -7.5000   15.0000  -30.0000 8582.3711   21.8888
    0.0000   15.0000  -30.0000 8614.5605   21.9594
    7.5000   15.0000  -30.0000 8196.8740   22.0061
   -7.5000   22.5000  -30.0000 8014.2246   21.6356
    0.0000   22.5000  -30.0000 8046.4058   21.6914
    7.5000   22.5000  -30.0000 7629.6377   21.7289
   -7.5000   30.0000  -30.0000 7295.1836   21.1259
    0.0000   30.0000  -30.0000 7333.2554   21.1718
    7.5000   30.0000  -30.0000 6952.0063   21.2068
   -7.5000   37.5000  -30.0000 6610.4136   20.5117
    0.0000   37.5000  -30.0000 6620.6104   20.5602
    7.5000   37.5000  -30.0000 6288.4297   20.6012
   -7.5000   45.0000  -30.0000 6038.5312   19.9903
    0.0000   45.0000  -30.0000 6046.3926   20.0535
    7.5000   45.0000  -30.0000 5740.5620   20.1039
   -7.5000  -45.0000  -22.5000 7334.0889   20.9004
    0.0000  -45.0000  -22.5000 7395.1143   20.9614
    7.5000  -45.0000  -22.5000 7003.8818   21.0115
   -7.5000  -37.5000  -22.5000 7818.6133   22.2132
    0.0000  -37.5000  -22.5000 7902.0513   22.2871
    7.5000  -37.5000  -22.5000 7492.2061   22.3380
   -7.5000  -30.0000  -22.5000 8360.5156   22.8222
    0.0000  -30.0000  -22.5000 8447.7920   22.8899
    7.5000  -30.0000  -22.5000 7991.2153   22.9321
   -7.5000  -22.5000  -22.5000 8946.5498   22.8587
    0.0000  -22.5000  -22.5000 9033.6650   22.9068
    7.5000  -22.5000  -22.5000 8547.8066   22.9405
   -7.5000  -15.0000  -22.5000 9469.1973   22.8910
    0.0000  -15.0000  -22.5000 9582.4688   22.9303
    7.5000  -15.0000  -22.5000 9050.9727   22.9663
   -7.5000   -7.5000  -22.5000 9614.8525   22.8837
    0.0000   -7.5000  -22.5000 9730.1875   22.9325
    7.5000   -7.5000  -22.5000 9184.6592   22.9786
   -7.5000    0.0000  -22.5000 9659.1436   22.8443
    0.0000    0.0000  -22.5000 9773.0391   22.9110
    7.5000    0.0000  -22.5000 9245.2510   22.9657
   -7.5000    7.5000  -22.5000 9170.7246   22.8101
    0.0000    7.5000  -22.5000 9268.0420   22.8860
    7.5000    7.5000  -22.5000 8792.6963   22.9383
   -7.5000   15.0000  -22.5000 9078.2939   22.8167
    0.0000   15.0000  -22.5000 9153.0762   22.8844
    7.5000   15.0000  -22.5000 8673.4346   22.9266
   -7.5000   22.5000  -22.5000 8464.6387   22.5563
    0.0000   22.5000  -22.5000 8519.1572   22.6037
    7.5000   22.5000  -22.5000 8066.4019   22.6370
   -7.5000   30.0000  -22.5000 7704.5947   22.0286
    0.0000   30.0000  -22.5000 7755.9463   22.0665
    7.5000   30.0000  -22.5000 7351.4824   22.1011
   -7.5000   37.5000  -22.5000 6966.6440   21.3985
    0.0000   37.5000  -22.5000 6991.0444   21.4444
    7.5000   37.5000  -22.5000 6648.4849   21.4887
   -7.5000   45.0000  -22.5000 6348.1294   20.8713
    0.0000   45.0000  -22.5000 6371.6777   20.9372
    7.5000   45.0000  -22.5000 6041.5791   20.9909
   -7.5000  -45.0000  -15.0000 7815.7598   21.6634
    0.0000  -45.0000  -15.0000 7897.9570   21.7190
    7.5000  -45.0000  -15.0000 7484.6865   21.7643
   -7.5000  -37.5000  -15.0000 8315.2900   23.0323
    0.0000  -37.5000  -15.0000 8422.3418   23.0978
    7.5000  -37.5000  -15.0000 7976.6401   23.1397
   -7.5000  -30.0000  -15.0000 8871.9766   23.6490
    0.0000  -30.0000  -15.0000 8982.4404   23.7068
    7.5000  -30.0000  -15.0000 8493.3271   23.7390
   -7.5000  -22.5000  -15.0000 9460.6924   23.6840
    0.0000  -22.5000  -15.0000 9565.5732   23.7235
    7.5000  -22.5000  -15.0000 9063.5127   23.7503
   -7.5000  -15.0000  -15.000010020.0889   23.7075
    0.0000  -15.0000  -15.000010142.2100   23.7411
    7.5000  -15.0000  -15.0000 9581.7139   23.7746
   -7.5000   -7.5000  -15.000010149.4951   23.6936
    0.0000   -7.5000  -15.000010280.0361   23.7379
    7.5000   -7.5000  -15.0000 9701.4775   23.7823
   -7.5000    0.0000  -15.000010176.7178   23.6553
    0.0000    0.0000  -15.000010349.8828   23.7160
    7.5000    0.0000  -15.0000 9759.9189   23.7654
   -7.5000    7.5000  -15.0000 9638.4854   23.6283
    0.0000    7.5000  -15.0000 9803.2852   23.6955
    7.5000    7.5000  -15.0000 9265.2998   23.7385
   -7.5000   15.0000  -15.0000 9513.4541   23.6417
    0.0000   15.0000  -15.0000 9635.6348   23.6995
    7.5000   15.0000  -15.0000 9077.3369   23.7317
   -7.5000   22.5000  -15.0000 8865.8262   23.3742
    0.0000   22.5000  -15.0000 8943.2412   23.4132
    7.5000   22.5000  -15.0000 8445.6152   23.4396
   -7.5000   30.0000  -15.0000 8053.0298   22.8315
    0.0000   30.0000  -15.0000 8137.1733   22.8639
    7.5000   30.0000  -15.0000 7684.0830   22.8962
   -7.5000   37.5000  -15.0000 7272.7319   22.1897
    0.0000   37.5000  -15.0000 7321.6631   22.2322
    7.5000   37.5000  -15.0000 6927.1899   22.2752
   -7.5000   45.0000  -15.0000 6623.2480   21.6701
    0.0000   45.0000  -15.0000 6651.0020   21.7292
    7.5000   45.0000  -15.0000 6293.9302   21.7776
   -7.5000  -45.0000   -7.5000 8051.1938   21.6979
    0.0000  -45.0000   -7.5000 8143.7437   21.7459
    7.5000  -45.0000   -7.5000 7729.0059   21.7828
   -7.5000  -37.5000   -7.5000 8562.4297   23.0679
    0.0000  -37.5000   -7.5000 8669.5137   23.1229
    7.5000  -37.5000   -7.5000 8207.5225   23.1553
   -7.5000  -30.0000   -7.5000 9104.8389   23.6816
    0.0000  -30.0000   -7.5000 9202.0078   23.7314
    7.5000  -30.0000   -7.5000 8715.3818   23.7561
   -7.5000  -22.5000   -7.5000 9664.4785   23.7139
    0.0000  -22.5000   -7.5000 9756.3984   23.7521
    7.5000  -22.5000   -7.5000 9261.4941   23.7741
   -7.5000  -15.0000   -7.500010213.4121   23.7376
    0.0000  -15.0000   -7.500010302.6602   23.7728
    7.5000  -15.0000   -7.5000 9763.5889   23.8019
   -7.5000   -7.5000   -7.500010336.8242   23.7274
    0.0000   -7.5000   -7.500010443.7832   23.7693
    7.5000   -7.5000   -7.5000 9882.3066   23.8072
   -7.5000    0.0000   -7.500010364.1807   23.6930
    0.0000    0.0000   -7.500010514.4795   23.7454
    7.5000    0.0000   -7.5000 9945.3574   23.7856
   -7.5000    7.5000   -7.5000 9831.7754   23.6649
    0.0000    7.5000   -7.5000 9976.3428   23.7213
    7.5000    7.5000   -7.5000 9423.9580   23.7544
   -7.5000   15.0000   -7.5000 9641.0791   23.6743
    0.0000   15.0000   -7.5000 9777.7393   23.7241
    7.5000   15.0000   -7.5000 9203.1250   23.7488
   -7.5000   22.5000   -7.5000 8978.4531   23.4037
    0.0000   22.5000   -7.5000 9074.6113   23.4414
    7.5000   22.5000   -7.5000 8544.1992   23.4631
   -7.5000   30.0000   -7.5000 8142.5122   22.8605
    0.0000   30.0000   -7.5000 8233.1514   22.8944
    7.5000   30.0000   -7.5000 7773.2476   22.9224
   -7.5000   37.5000   -7.5000 7343.3760   22.2194
    0.0000   37.5000   -7.5000 7402.4946   22.2597
    7.5000   37.5000   -7.5000 7003.9468   22.2958
   -7.5000   45.0000   -7.5000 6685.0698   21.7090
    0.0000   45.0000   -7.5000 6709.6504   21.7575
    7.5000   45.0000   -7.5000 6346.6250   21.7954
   -7.5000  -45.0000    0.0000 8125.8398   22.2553
    0.0000  -45.0000    0.0000 8197.7148   22.3066
    7.5000  -45.0000    0.0000 7782.4873   22.3425
   -7.5000  -37.5000    0.0000 8623.8047   23.6405
    0.0000  -37.5000    0.0000 8704.3711   23.6987
    7.5000  -37.5000    0.0000 8251.3115   23.7323
   -7.5000  -30.0000    0.0000 9163.3809   24.2440
    0.0000  -30.0000    0.0000 9221.3867   24.3008
    7.5000  -30.0000    0.0000 8762.6855   24.3288
   -7.5000  -22.5000    0.0000 9737.7236   24.2773
    0.0000  -22.5000    0.0000 9806.2676   24.3279
    7.5000  -22.5000    0.0000 9321.8633   24.3532
   -7.5000  -15.0000    0.000010265.6260   24.3119
    0.0000  -15.0000    0.000010334.5273   24.3597
    7.5000  -15.0000    0.0000 9835.8086   24.3894
   -7.5000   -7.5000    0.000010367.4346   24.3115
    0.0000   -7.5000    0.000010438.1475   24.3611
    7.5000   -7.5000    0.0000 9925.8145   24.3977
   -7.5000    0.0000    0.000010411.5791   24.2776
    0.0000    0.0000    0.000010491.1309   24.3335
    7.5000    0.0000    0.0000 9958.7500   24.3727
   -7.5000    7.5000    0.0000 9865.4170   24.2362
    0.0000    7.5000    0.0000 9953.0576   24.2959
    7.5000    7.5000    0.0000 9441.0430   24.3304
   -7.5000   15.0000    0.0000 9605.9248   24.2354
    0.0000   15.0000    0.0000 9689.0205   24.2922
    7.5000   15.0000    0.0000 9166.0938   24.3202
   -7.5000   22.5000    0.0000 8927.5332   23.9631
    0.0000   22.5000    0.0000 8994.9297   24.0130
    7.5000   22.5000    0.0000 8483.7812   24.0380
   -7.5000   30.0000    0.0000 8069.9756   23.4277
    0.0000   30.0000    0.0000 8145.0708   23.4738
    7.5000   30.0000    0.0000 7715.0117   23.5024
   -7.5000   37.5000    0.0000 7293.3726   22.7918
    0.0000   37.5000    0.0000 7336.4658   22.8390
    7.5000   37.5000    0.0000 6951.3721   22.8729
   -7.5000   45.0000    0.0000 6609.9531   22.2871
    0.0000   45.0000    0.0000 6641.6914   22.3373
    7.5000   45.0000    0.0000 6282.3838   22.3725
   -7.5000  -45.0000    7.5000 7889.1167   22.2300
    0.0000  -45.0000    7.5000 7947.0391   22.2909
    7.5000  -45.0000    7.5000 7547.1377   22.3365
   -7.5000  -37.5000    7.5000 8356.6826   23.6028
    0.0000  -37.5000    7.5000 8408.4980   23.6743
    7.5000  -37.5000    7.5000 7977.0186   23.7225
   -7.5000  -30.0000    7.5000 8855.8359   24.1994
    0.0000  -30.0000    7.5000 8876.3896   24.2710
    7.5000  -30.0000    7.5000 8448.5547   24.3139
   -7.5000  -22.5000    7.5000 9435.9902   24.2371
    0.0000  -22.5000    7.5000 9463.6807   24.3002
    7.5000  -22.5000    7.5000 8999.7344   24.3365
   -7.5000  -15.0000    7.5000 9923.1533   24.2826
    0.0000  -15.0000    7.5000 9960.0000   24.3394
    7.5000  -15.0000    7.5000 9497.5752   24.3756
   -7.5000   -7.5000    7.500010024.8926   24.2879
    0.0000   -7.5000    7.500010061.2324   24.3457
    7.5000   -7.5000    7.5000 9583.8096   24.3885
   -7.5000    0.0000    7.500010049.2100   24.2500
    0.0000    0.0000    7.500010104.3652   24.3163
    7.5000    0.0000    7.5000 9611.1934   24.3661
   -7.5000    7.5000    7.5000 9510.6152   24.1976
    0.0000    7.5000    7.5000 9562.9111   24.2710
    7.5000    7.5000    7.5000 9105.2490   24.3203
   -7.5000   15.0000    7.5000 9204.1865   24.1908
    0.0000   15.0000    7.5000 9235.6299   24.2625
    7.5000   15.0000    7.5000 8786.3809   24.3053
   -7.5000   22.5000    7.5000 8511.5752   23.9234
    0.0000   22.5000    7.5000 8535.6865   23.9857
    7.5000   22.5000    7.5000 8095.9307   24.0216
   -7.5000   30.0000    7.5000 7714.5684   23.3995
    0.0000   30.0000    7.5000 7743.8252   23.4542
    7.5000   30.0000    7.5000 7362.2466   23.4891
   -7.5000   37.5000    7.5000 6969.9038   22.7695
    0.0000   37.5000    7.5000 7004.5566   22.8237
    7.5000   37.5000    7.5000 6644.4316   22.8630
   -7.5000   45.0000    7.5000 6300.3066   22.2563
    0.0000   45.0000    7.5000 6312.9136   22.3179
    7.5000   45.0000    7.5000 5999.1499   22.3633
   -7.5000  -45.0000   15.0000 7900.5176   22.1951
    0.0000  -45.0000   15.0000 7948.9819   22.2613
    7.5000  -45.0000   15.0000 7552.3828   22.3152
   -7.5000  -37.5000   15.0000 8349.6387   23.5668
    0.0000  -37.5000   15.0000 8386.2002   23.6472
    7.5000  -37.5000   15.0000 7955.8462   23.7056
   -7.5000  -30.0000   15.0000 8839.2090   24.1659
    0.0000  -30.0000   15.0000 8853.2295   24.2439
    7.5000  -30.0000   15.0000 8418.8145   24.2954
   -7.5000  -22.5000   15.0000 9438.4404   24.2057
    0.0000  -22.5000   15.0000 9460.8506   24.2681
    7.5000  -22.5000   15.0000 8977.1738   24.3100
   -7.5000  -15.0000   15.0000 9977.6992   24.2512
    0.0000  -15.0000   15.000010000.3965   24.3039
    7.5000  -15.0000   15.0000 9514.3340   24.3440
   -7.5000   -7.5000   15.000010068.1914   24.2533
    0.0000   -7.5000   15.000010105.1064   24.3108
    7.5000   -7.5000   15.0000 9631.9717   24.3592
   -7.5000    0.0000   15.000010076.4160   24.2119
    0.0000    0.0000   15.000010128.9668   24.2841
    7.5000    0.0000   15.0000 9662.4150   24.3428
   -7.5000    7.5000   15.0000 9510.9668   24.1607
    0.0000    7.5000   15.0000 9548.7607   24.2431
    7.5000    7.5000   15.0000 9117.9678   24.3030
   -7.5000   15.0000   15.0000 9184.1836   24.1573
    0.0000   15.0000   15.0000 9199.0400   24.2353
    7.5000   15.0000   15.0000 8766.1621   24.2868
   -7.5000   22.5000   15.0000 8439.1562   23.8924
    0.0000   22.5000   15.0000 8446.2197   23.9540
    7.5000   22.5000   15.0000 8029.1235   23.9954
   -7.5000   30.0000   15.0000 7670.9229   23.3692
    0.0000   30.0000   15.0000 7683.9062   23.4200
    7.5000   30.0000   15.0000 7298.9985   23.4587
   -7.5000   37.5000   15.0000 6900.8892   22.7388
    0.0000   37.5000   15.0000 6923.8989   22.7926
    7.5000   37.5000   15.0000 6576.6714   22.8380
   -7.5000   45.0000   15.0000 6225.3970   22.2168
    0.0000   45.0000   15.0000 6229.4116   22.2870
    7.5000   45.0000   15.0000 5917.6406   22.3430
   -7.5000  -45.0000   22.5000 7530.1069   22.1863
    0.0000  -45.0000   22.5000 7573.2974   22.2511
    7.5000  -45.0000   22.5000 7183.4077   22.3044
   -7.5000  -37.5000   22.5000 7971.3735   23.5694
    0.0000  -37.5000   22.5000 8001.6528   23.6478
    7.5000  -37.5000   22.5000 7592.0703   23.7019
   -7.5000  -30.0000   22.5000 8424.2793   24.1789
    0.0000  -30.0000   22.5000 8456.7119   24.2506
    7.5000  -30.0000   22.5000 8037.0391   24.2954
   -7.5000  -22.5000   22.5000 8977.0430   24.2176
    0.0000  -22.5000   22.5000 8998.4268   24.2685
    7.5000  -22.5000   22.5000 8566.0010   24.3043
   -7.5000  -15.0000   22.5000 9511.2578   24.2518
    0.0000  -15.0000   22.5000 9531.7100   24.2935
    7.5000  -15.0000   22.5000 9064.7793   24.3317
   -7.5000   -7.5000   22.5000 9659.4893   24.2440
    0.0000   -7.5000   22.5000 9661.7891   24.2958
    7.5000   -7.5000   22.5000 9184.7598   24.3448
   -7.5000    0.0000   22.5000 9678.2051   24.2023
    0.0000    0.0000   22.5000 9682.2461   24.2730
    7.5000    0.0000   22.5000 9211.6113   24.3310
   -7.5000    7.5000   22.5000 9121.1680   24.1634
    0.0000    7.5000   22.5000 9118.1602   24.2438
    7.5000    7.5000   22.5000 8693.4570   24.2992
   -7.5000   15.0000   22.5000 8784.9688   24.1704
    0.0000   15.0000   22.5000 8770.8955   24.2420
    7.5000   15.0000   22.5000 8367.4629   24.2868
   -7.5000   22.5000   22.5000 8040.2852   23.9042
    0.0000   22.5000   22.5000 8034.4634   23.9544
    7.5000   22.5000   22.5000 7635.7461   23.9898
   -7.5000   30.0000   22.5000 7305.1602   23.3698
    0.0000   30.0000   22.5000 7312.7158   23.4100
    7.5000   30.0000   22.5000 6939.1475   23.4468
   -7.5000   37.5000   22.5000 6557.3745   22.7324
    0.0000   37.5000   22.5000 6554.6450   22.7813
    7.5000   37.5000   22.5000 6236.6982   22.8284
   -7.5000   45.0000   22.5000 5888.8579   22.2086
    0.0000   45.0000   22.5000 5887.4922   22.2788
    7.5000   45.0000   22.5000 5594.8076   22.3360
   -7.5000  -45.0000   30.0000 7093.7808   22.1472
    0.0000  -45.0000   30.0000 7146.6118   22.2041
    7.5000  -45.0000   30.0000 6774.1865   22.2510
   -7.5000  -37.5000   30.0000 7512.1743   23.5477
    0.0000  -37.5000   30.0000 7562.3901   23.6147
    7.5000  -37.5000   30.0000 7167.8286   23.6582
   -7.5000  -30.0000   30.0000 7996.9980   24.1674
    0.0000  -30.0000   30.0000 8038.7251   24.2263
    7.5000  -30.0000   30.0000 7615.9321   24.2599
   -7.5000  -22.5000   30.0000 8550.3652   24.2036
    0.0000  -22.5000   30.0000 8563.0361   24.2436
    7.5000  -22.5000   30.0000 8130.2646   24.2716
   -7.5000  -15.0000   30.0000 9010.3232   24.2279
    0.0000  -15.0000   30.0000 9008.5547   24.2621
    7.5000  -15.0000   30.0000 8573.3525   24.2969
   -7.5000   -7.5000   30.0000 9108.2305   24.2138
    0.0000   -7.5000   30.0000 9089.6201   24.2590
    7.5000   -7.5000   30.0000 8644.1729   24.3051
   -7.5000    0.0000   30.0000 9148.2412   24.1744
    0.0000    0.0000   30.0000 9126.9629   24.2366
    7.5000    0.0000   30.0000 8669.1465   24.2877
   -7.5000    7.5000   30.0000 8669.1875   24.1452
    0.0000    7.5000   30.0000 8640.9775   24.2140
    7.5000    7.5000   30.0000 8214.4111   24.2585
   -7.5000   15.0000   30.0000 8368.8760   24.1588
    0.0000   15.0000   30.0000 8321.7598   24.2177
    7.5000   15.0000   30.0000 7909.1895   24.2513
   -7.5000   22.5000   30.0000 7646.1958   23.8882
    0.0000   22.5000   30.0000 7603.2021   23.9278
    7.5000   22.5000   30.0000 7222.6865   23.9554
   -7.5000   30.0000   30.0000 6926.8599   23.3575
    0.0000   30.0000   30.0000 6913.7480   23.3904
    7.5000   30.0000   30.0000 6555.5376   23.4240
   -7.5000   37.5000   30.0000 6215.5308   22.7257
    0.0000   37.5000   30.0000 6200.7046   22.7691
    7.5000   37.5000   30.0000 5875.0000   22.8138
   -7.5000   45.0000   30.0000 5545.4961   22.2204
    0.0000   45.0000   30.0000 5551.2588   22.2811
    7.5000   45.0000   30.0000 5252.5273   22.3314
   -7.5000  -45.0000   37.5000 6662.4873   21.9684
    0.0000  -45.0000   37.5000 6709.7056   22.0192
    7.5000  -45.0000   37.5000 6357.5308   22.0579
   -7.5000  -37.5000   37.5000 7060.6533   23.3621
    0.0000  -37.5000   37.5000 7114.7842   23.4195
    7.5000  -37.5000   37.5000 6737.8247   23.4529
   -7.5000  -30.0000   37.5000 7537.4878   23.9592
    0.0000  -30.0000   37.5000 7598.7012   24.0109
    7.5000  -30.0000   37.5000 7171.9272   24.0361
   -7.5000  -22.5000   37.5000 8065.9419   23.9930
    0.0000  -22.5000   37.5000 8100.5972   24.0330
    7.5000  -22.5000   37.5000 7665.7378   24.0558
   -7.5000  -15.0000   37.5000 8493.7100   24.0172
    0.0000  -15.0000   37.5000 8515.4873   24.0547
    7.5000  -15.0000   37.5000 8059.9399   24.0854
   -7.5000   -7.5000   37.5000 8552.0186   24.0060
    0.0000   -7.5000   37.5000 8548.5791   24.0507
    7.5000   -7.5000   37.5000 8102.3965   24.0909
   -7.5000    0.0000   37.5000 8563.6621   23.9702
    0.0000    0.0000   37.5000 8562.4199   24.0255
    7.5000    0.0000   37.5000 8123.0259   24.0678
   -7.5000    7.5000   37.5000 8119.8779   23.9401
    0.0000    7.5000   37.5000 8117.3447   23.9990
    7.5000    7.5000   37.5000 7713.9116   24.0332
   -7.5000   15.0000   37.5000 7861.2021   23.9505
    0.0000   15.0000   37.5000 7860.5137   24.0022
    7.5000   15.0000   37.5000 7463.3804   24.0273
   -7.5000   22.5000   37.5000 7195.4717   23.6763
    0.0000   22.5000   37.5000 7189.3721   23.7158
    7.5000   22.5000   37.5000 6806.4561   23.7382
   -7.5000   30.0000   37.5000 6531.1216   23.1542
    0.0000   30.0000   37.5000 6536.0791   23.1903
    7.5000   30.0000   37.5000 6178.5347   23.2199
   -7.5000   37.5000   37.5000 5866.5537   22.5295
    0.0000   37.5000   37.5000 5871.9766   22.5726
    7.5000   37.5000   37.5000 5545.1069   22.6110
   -7.5000   45.0000   37.5000 5241.1489   22.0389
    0.0000   45.0000   37.5000 5236.9946   22.0903
    7.5000   45.0000   37.5000 4948.2114   22.1302
   -7.5000  -45.0000   45.0000 6174.8306   21.9762
    0.0000  -45.0000   45.0000 6235.2998   22.0304
    7.5000  -45.0000   45.0000 5900.2808   22.0618
   -7.5000  -37.5000   45.0000 6557.1436   23.3616
    0.0000  -37.5000   45.0000 6629.8062   23.4217
    7.5000  -37.5000   45.0000 6268.3740   23.4497
   -7.5000  -30.0000   45.0000 6998.4355   23.9241
    0.0000  -30.0000   45.0000 7065.5146   23.9828
    7.5000  -30.0000   45.0000 6677.1274   24.0049
   -7.5000  -22.5000   45.0000 7506.1196   23.9563
    0.0000  -22.5000   45.0000 7544.6797   24.0099
    7.5000  -22.5000   45.0000 7141.6309   24.0302
   -7.5000  -15.0000   45.0000 7912.3213   23.9903
    0.0000  -15.0000   45.0000 7950.1279   24.0424
    7.5000  -15.0000   45.0000 7509.3828   24.0679
   -7.5000   -7.5000   45.0000 7960.7563   23.9905
    0.0000   -7.5000   45.0000 7980.8960   24.0445
    7.5000   -7.5000   45.0000 7550.0415   24.0769
   -7.5000    0.0000   45.0000 7970.6880   23.9580
    0.0000    0.0000   45.0000 7983.0811   24.0171
    7.5000    0.0000   45.0000 7566.7583   24.0513
   -7.5000    7.5000   45.0000 7574.5767   23.9166
    0.0000    7.5000   45.0000 7569.4214   23.9782
    7.5000    7.5000   45.0000 7189.9404   24.0068
   -7.5000   15.0000   45.0000 7355.8940   23.9152
    0.0000   15.0000   45.0000 7357.6084   23.9738
    7.5000   15.0000   45.0000 6976.2520   23.9959
   -7.5000   22.5000   45.0000 6722.4282   23.6369
    0.0000   22.5000   45.0000 6712.5596   23.6898
    7.5000   22.5000   45.0000 6367.6968   23.7098
   -7.5000   30.0000   45.0000 6108.3486   23.1259
    0.0000   30.0000   45.0000 6109.1221   23.1762
    7.5000   30.0000   45.0000 5784.0415   23.2008
   -7.5000   37.5000   45.0000 5494.6567   22.5048
    0.0000   37.5000   45.0000 5497.6328   22.5561
    7.5000   37.5000   45.0000 5194.9009   22.5860
   -7.5000   45.0000   45.0000 4913.2163   22.0060
    0.0000   45.0000   45.0000 4908.6621   22.0592
    7.5000   45.0000   45.0000 4634.6621   22.0897

---------------------------------------------------------------------
imgreg_4dfp /opt/freesurfer/average/711-2C_as_mni_average_305 /opt/freesurfer/average/711-2B_as_mni_average_305_mask talsrcimg_g11 none talsrcimg_to_711-2C_as_mni_average_305_t4 4355
---------------------------------------------------------------------

freesurfer imgreg_4dfp.c
/opt/freesurfer/average/711-2C_as_mni_average_305.4dfp.img
       256       256       256         1
  1.000000  1.000000  1.000000
orientation T byte_order littleendian
Reading image: /opt/freesurfer/average/711-2C_as_mni_average_305.4dfp.img
dimensions:      256       256       256
mmppix:       1.0000   -1.0000   -1.0000
center:     128.0000 -129.0000 -129.0000
/opt/freesurfer/average/711-2B_as_mni_average_305_mask.4dfp.img
       256       256       256         1
  1.000000  1.000000  1.000000
orientation T byte_order littleendian
Reading mask: /opt/freesurfer/average/711-2B_as_mni_average_305_mask.4dfp.img (2306576 pixels)
talsrcimg_g11.4dfp.img
       256       256       256         1
  0.898437  0.898437  0.898437
orientation T byte_order littleendian
Reading image: talsrcimg_g11.4dfp.img
dimensions:      256       256       256
mmppix:       0.8984   -0.8984   -0.8984
center:     114.9999 -115.8984 -115.8984
rotation matrix determinant  1.000000
image alignment mode   4355 decimal     1103 hex
   -7.5000  -45.0000  -52.5000 1625.1121   21.0719
    0.0000  -45.0000  -52.5000 1623.6251   21.0716
    7.5000  -45.0000  -52.5000 1598.3588   21.4692
   -7.5000  -37.5000  -52.5000 1691.9045   19.5215
    0.0000  -37.5000  -52.5000 1693.0117   19.4555
    7.5000  -37.5000  -52.5000 1665.8402   19.8689
   -7.5000  -30.0000  -52.5000 1731.4884   18.4648
    0.0000  -30.0000  -52.5000 1731.4562   18.4632
    7.5000  -30.0000  -52.5000 1703.0419   18.7520
   -7.5000  -22.5000  -52.5000 1763.5555   17.8002
    0.0000  -22.5000  -52.5000 1765.1025   17.8000
    7.5000  -22.5000  -52.5000 1732.9082   18.0970
   -7.5000  -15.0000  -52.5000 1778.7588   17.5440
    0.0000  -15.0000  -52.5000 1781.1621   17.4496
    7.5000  -15.0000  -52.5000 1752.4071   17.7890
   -7.5000   -7.5000  -52.5000 1778.4148   17.5577
    0.0000   -7.5000  -52.5000 1780.1870   17.5047
    7.5000   -7.5000  -52.5000 1751.3807   17.8867
   -7.5000    0.0000  -52.5000 1763.4668   18.0326
    0.0000    0.0000  -52.5000 1765.9946   17.9854
    7.5000    0.0000  -52.5000 1735.8547   18.3733
   -7.5000    7.5000  -52.5000 1730.4893   18.8340
    0.0000    7.5000  -52.5000 1735.4526   18.8161
    7.5000    7.5000  -52.5000 1702.3627   19.2481
   -7.5000   15.0000  -52.5000 1685.5901   20.0164
    0.0000   15.0000  -52.5000 1688.5487   19.9765
    7.5000   15.0000  -52.5000 1657.4271   20.4225
   -7.5000   22.5000  -52.5000 1627.2225   21.6100
    0.0000   22.5000  -52.5000 1628.6770   21.5376
    7.5000   22.5000  -52.5000 1594.9397   22.0559
   -7.5000   30.0000  -52.5000 1549.3875   23.7556
    0.0000   30.0000  -52.5000 1552.3479   23.7155
    7.5000   30.0000  -52.5000 1519.6179   24.3372
   -7.5000   37.5000  -52.5000 1436.1259   26.4459
    0.0000   37.5000  -52.5000 1442.8789   26.4013
    7.5000   37.5000  -52.5000 1416.0425   27.1737
   -7.5000   45.0000  -52.5000 1309.9371   30.0317
    0.0000   45.0000  -52.5000 1316.6525   30.1565
    7.5000   45.0000  -52.5000 1289.0194   30.9108
   -7.5000  -45.0000  -45.0000 1785.0818   20.7238
    0.0000  -45.0000  -45.0000 1789.4497   20.6846
    7.5000  -45.0000  -45.0000 1761.5601   21.0587
   -7.5000  -37.5000  -45.0000 1862.5977   19.1491
    0.0000  -37.5000  -45.0000 1866.7842   19.1680
    7.5000  -37.5000  -45.0000 1842.5852   19.4764
   -7.5000  -30.0000  -45.0000 1912.8599   18.0851
    0.0000  -30.0000  -45.0000 1913.4956   18.1069
    7.5000  -30.0000  -45.0000 1882.7539   18.3742
   -7.5000  -22.5000  -45.0000 1938.5685   17.4399
    0.0000  -22.5000  -45.0000 1940.9135   17.4238
    7.5000  -22.5000  -45.0000 1909.7920   17.6886
   -7.5000  -15.0000  -45.0000 1952.4656   17.1349
    0.0000  -15.0000  -45.0000 1952.8905   17.0799
    7.5000  -15.0000  -45.0000 1924.6871   17.3802
   -7.5000   -7.5000  -45.0000 1950.1014   17.1888
    0.0000   -7.5000  -45.0000 1951.7632   17.1129
    7.5000   -7.5000  -45.0000 1926.5411   17.4366
   -7.5000    0.0000  -45.0000 1937.6237   17.6042
    0.0000    0.0000  -45.0000 1942.2817   17.5558
    7.5000    0.0000  -45.0000 1911.5706   17.8972
   -7.5000    7.5000  -45.0000 1903.1492   18.4307
    0.0000    7.5000  -45.0000 1910.6954   18.3785
    7.5000    7.5000  -45.0000 1877.9822   18.7278
   -7.5000   15.0000  -45.0000 1855.3511   19.5171
    0.0000   15.0000  -45.0000 1863.3444   19.5060
    7.5000   15.0000  -45.0000 1828.9821   19.9021
   -7.5000   22.5000  -45.0000 1788.9238   21.0675
    0.0000   22.5000  -45.0000 1791.9979   21.0189
    7.5000   22.5000  -45.0000 1755.0232   21.4966
   -7.5000   30.0000  -45.0000 1698.7178   23.1489
    0.0000   30.0000  -45.0000 1704.2874   23.0933
    7.5000   30.0000  -45.0000 1667.6125   23.6835
   -7.5000   37.5000  -45.0000 1572.1094   25.8539
    0.0000   37.5000  -45.0000 1580.6803   25.7199
    7.5000   37.5000  -45.0000 1551.4979   26.3898
   -7.5000   45.0000  -45.0000 1436.8013   29.1710
    0.0000   45.0000  -45.0000 1440.1207   29.2557
    7.5000   45.0000  -45.0000 1414.0167   29.9506
   -7.5000  -45.0000  -37.5000 1943.7610   20.1319
    0.0000  -45.0000  -37.5000 1950.2091   20.1046
    7.5000  -45.0000  -37.5000 1921.0830   20.4890
   -7.5000  -37.5000  -37.5000 2032.5939   18.5440
    0.0000  -37.5000  -37.5000 2036.3608   18.5807
    7.5000  -37.5000  -37.5000 2007.9977   18.8847
   -7.5000  -30.0000  -37.5000 2085.9766   17.5080
    0.0000  -30.0000  -37.5000 2087.9238   17.5343
    7.5000  -30.0000  -37.5000 2057.9521   17.7542
   -7.5000  -22.5000  -37.5000 2110.3645   16.9011
    0.0000  -22.5000  -37.5000 2110.7957   16.8787
    7.5000  -22.5000  -37.5000 2082.3459   17.1102
   -7.5000  -15.0000  -37.5000 2120.2009   16.6080
    0.0000  -15.0000  -37.5000 2130.1641   16.5787
    7.5000  -15.0000  -37.5000 2094.9827   16.8226
   -7.5000   -7.5000  -37.5000 2114.2659   16.6985
    0.0000   -7.5000  -37.5000 2122.9084   16.6595
    7.5000   -7.5000  -37.5000 2093.7690   16.9093
   -7.5000    0.0000  -37.5000 2098.1082   17.0655
    0.0000    0.0000  -37.5000 2101.7896   17.0023
    7.5000    0.0000  -37.5000 2072.3728   17.2897
   -7.5000    7.5000  -37.5000 2065.6067   17.8008
    0.0000    7.5000  -37.5000 2069.7288   17.7319
    7.5000    7.5000  -37.5000 2036.3411   18.0265
   -7.5000   15.0000  -37.5000 2014.0382   18.9202
    0.0000   15.0000  -37.5000 2018.8928   18.8572
    7.5000   15.0000  -37.5000 1986.7247   19.1952
   -7.5000   22.5000  -37.5000 1935.9978   20.4478
    0.0000   22.5000  -37.5000 1942.4751   20.3770
    7.5000   22.5000  -37.5000 1907.6625   20.7764
   -7.5000   30.0000  -37.5000 1837.4038   22.4723
    0.0000   30.0000  -37.5000 1848.3434   22.3719
    7.5000   30.0000  -37.5000 1815.5782   22.8634
   -7.5000   37.5000  -37.5000 1709.1738   24.9620
    0.0000   37.5000  -37.5000 1715.6550   24.9097
    7.5000   37.5000  -37.5000 1684.8043   25.4162
   -7.5000   45.0000  -37.5000 1562.5861   28.0986
    0.0000   45.0000  -37.5000 1568.9657   28.1226
    7.5000   45.0000  -37.5000 1537.9910   28.6702
   -7.5000  -45.0000  -30.0000 2095.5149   19.4438
    0.0000  -45.0000  -30.0000 2102.3083   19.4519
    7.5000  -45.0000  -30.0000 2071.4807   19.7771
   -7.5000  -37.5000  -30.0000 2183.8872   17.8365
    0.0000  -37.5000  -30.0000 2187.3633   17.8547
    7.5000  -37.5000  -30.0000 2158.0601   18.1448
   -7.5000  -30.0000  -30.0000 2237.6558   16.7682
    0.0000  -30.0000  -30.0000 2243.0620   16.7600
    7.5000  -30.0000  -30.0000 2210.6851   16.9698
   -7.5000  -22.5000  -30.0000 2271.4961   16.1856
    0.0000  -22.5000  -30.0000 2277.9133   16.1722
    7.5000  -22.5000  -30.0000 2240.2146   16.3582
   -7.5000  -15.0000  -30.0000 2290.1309   15.9288
    0.0000  -15.0000  -30.0000 2302.8079   15.8907
    7.5000  -15.0000  -30.0000 2261.9128   16.1257
   -7.5000   -7.5000  -30.0000 2283.2708   16.1132
    0.0000   -7.5000  -30.0000 2293.7729   16.0404
    7.5000   -7.5000  -30.0000 2256.1169   16.2637
   -7.5000    0.0000  -30.0000 2261.5103   16.4639
    0.0000    0.0000  -30.0000 2264.1685   16.4150
    7.5000    0.0000  -30.0000 2235.7732   16.6354
   -7.5000    7.5000  -30.0000 2223.3206   17.1469
    0.0000    7.5000  -30.0000 2230.1848   17.0815
    7.5000    7.5000  -30.0000 2196.5312   17.3544
   -7.5000   15.0000  -30.0000 2161.4224   18.2121
    0.0000   15.0000  -30.0000 2174.1946   18.1677
    7.5000   15.0000  -30.0000 2139.7268   18.4369
   -7.5000   22.5000  -30.0000 2075.5420   19.6840
    0.0000   22.5000  -30.0000 2087.0862   19.6154
    7.5000   22.5000  -30.0000 2050.5542   19.9641
   -7.5000   30.0000  -30.0000 1967.7593   21.6073
    0.0000   30.0000  -30.0000 1981.5271   21.5036
    7.5000   30.0000  -30.0000 1949.9463   21.8850
   -7.5000   37.5000  -30.0000 1830.7852   23.9822
    0.0000   37.5000  -30.0000 1839.1636   23.9101
    7.5000   37.5000  -30.0000 1805.7592   24.3473
   -7.5000   45.0000  -30.0000 1678.6761   26.9202
    0.0000   45.0000  -30.0000 1688.2839   26.8715
    7.5000   45.0000  -30.0000 1655.5891   27.3802
   -7.5000  -45.0000  -22.5000 2216.3997   18.7105
    0.0000  -45.0000  -22.5000 2223.2771   18.6973
    7.5000  -45.0000  -22.5000 2189.7349   19.0184
   -7.5000  -37.5000  -22.5000 2309.0974   17.1302
    0.0000  -37.5000  -22.5000 2315.6394   17.1348
    7.5000  -37.5000  -22.5000 2285.9741   17.3863
   -7.5000  -30.0000  -22.5000 2380.9456   16.0016
    0.0000  -30.0000  -22.5000 2384.6394   16.0345
    7.5000  -30.0000  -22.5000 2352.1389   16.2085
   -7.5000  -22.5000  -22.5000 2423.7854   15.4363
    0.0000  -22.5000  -22.5000 2426.2124   15.4272
    7.5000  -22.5000  -22.5000 2389.7637   15.6068
   -7.5000  -15.0000  -22.5000 2444.4893   15.1811
    0.0000  -15.0000  -22.5000 2454.9341   15.1542
    7.5000  -15.0000  -22.5000 2413.2520   15.3448
   -7.5000   -7.5000  -22.5000 2441.5898   15.3221
    0.0000   -7.5000  -22.5000 2454.9756   15.2929
    7.5000   -7.5000  -22.5000 2409.7351   15.4937
   -7.5000    0.0000  -22.5000 2420.3323   15.7496
    0.0000    0.0000  -22.5000 2431.7456   15.6877
    7.5000    0.0000  -22.5000 2391.4128   15.9056
   -7.5000    7.5000  -22.5000 2375.0884   16.4541
    0.0000    7.5000  -22.5000 2388.0647   16.3864
    7.5000    7.5000  -22.5000 2348.7654   16.6035
   -7.5000   15.0000  -22.5000 2307.4141   17.4572
    0.0000   15.0000  -22.5000 2323.1672   17.4148
    7.5000   15.0000  -22.5000 2278.2734   17.6533
   -7.5000   22.5000  -22.5000 2210.6023   18.8312
    0.0000   22.5000  -22.5000 2224.1919   18.7815
    7.5000   22.5000  -22.5000 2183.0422   19.0515
   -7.5000   30.0000  -22.5000 2090.8376   20.6628
    0.0000   30.0000  -22.5000 2104.0002   20.5645
    7.5000   30.0000  -22.5000 2073.6399   20.8770
   -7.5000   37.5000  -22.5000 1938.2784   22.9481
    0.0000   37.5000  -22.5000 1948.9836   22.8258
    7.5000   37.5000  -22.5000 1924.7057   23.2087
   -7.5000   45.0000  -22.5000 1770.8021   25.7109
    0.0000   45.0000  -22.5000 1785.0968   25.6059
    7.5000   45.0000  -22.5000 1753.1298   26.0540
   -7.5000  -45.0000  -15.0000 2300.1887   17.9584
    0.0000  -45.0000  -15.0000 2308.8081   17.9447
    7.5000  -45.0000  -15.0000 2277.2339   18.1916
   -7.5000  -37.5000  -15.0000 2401.8601   16.4163
    0.0000  -37.5000  -15.0000 2413.2742   16.4315
    7.5000  -37.5000  -15.0000 2379.3394   16.6387
   -7.5000  -30.0000  -15.0000 2486.8169   15.3072
    0.0000  -30.0000  -15.0000 2491.1858   15.3285
    7.5000  -30.0000  -15.0000 2457.3770   15.4957
   -7.5000  -22.5000  -15.0000 2545.0828   14.6578
    0.0000  -22.5000  -15.0000 2546.9038   14.6465
    7.5000  -22.5000  -15.0000 2512.7363   14.8300
   -7.5000  -15.0000  -15.0000 2577.5776   14.4014
    0.0000  -15.0000  -15.0000 2588.3035   14.3818
    7.5000  -15.0000  -15.0000 2541.2822   14.5637
   -7.5000   -7.5000  -15.0000 2576.9990   14.5834
    0.0000   -7.5000  -15.0000 2594.7537   14.5145
    7.5000   -7.5000  -15.0000 2546.4924   14.7162
   -7.5000    0.0000  -15.0000 2551.5474   15.0228
    0.0000    0.0000  -15.0000 2575.5164   14.9750
    7.5000    0.0000  -15.0000 2523.9751   15.1311
   -7.5000    7.5000  -15.0000 2501.9116   15.6913
    0.0000    7.5000  -15.0000 2528.0386   15.6685
    7.5000    7.5000  -15.0000 2480.2073   15.8199
   -7.5000   15.0000  -15.0000 2430.3347   16.6863
    0.0000   15.0000  -15.0000 2450.5479   16.6359
    7.5000   15.0000  -15.0000 2398.2976   16.8230
   -7.5000   22.5000  -15.0000 2321.8535   18.0239
    0.0000   22.5000  -15.0000 2333.5159   17.9566
    7.5000   22.5000  -15.0000 2292.9563   18.1540
   -7.5000   30.0000  -15.0000 2184.8042   19.7995
    0.0000   30.0000  -15.0000 2202.8376   19.7108
    7.5000   30.0000  -15.0000 2170.0942   19.9800
   -7.5000   37.5000  -15.0000 2025.0363   21.9400
    0.0000   37.5000  -15.0000 2035.8824   21.8554
    7.5000   37.5000  -15.0000 2007.3442   22.1725
   -7.5000   45.0000  -15.0000 1849.8951   24.5112
    0.0000   45.0000  -15.0000 1858.1980   24.4374
    7.5000   45.0000  -15.0000 1827.8087   24.8218
   -7.5000  -45.0000   -7.5000 2343.9729   17.1733
    0.0000  -45.0000   -7.5000 2353.4673   17.1444
    7.5000  -45.0000   -7.5000 2325.3921   17.4014
   -7.5000  -37.5000   -7.5000 2460.6587   15.7088
    0.0000  -37.5000   -7.5000 2468.2117   15.6594
    7.5000  -37.5000   -7.5000 2430.7776   15.8763
   -7.5000  -30.0000   -7.5000 2557.0073   14.5991
    0.0000  -30.0000   -7.5000 2564.0256   14.5628
    7.5000  -30.0000   -7.5000 2526.5444   14.7498
   -7.5000  -22.5000   -7.5000 2625.1252   13.9411
    0.0000  -22.5000   -7.5000 2636.2390   13.8735
    7.5000  -22.5000   -7.5000 2597.0759   14.0625
   -7.5000  -15.0000   -7.5000 2670.6467   13.6625
    0.0000  -15.0000   -7.5000 2683.5596   13.5807
    7.5000  -15.0000   -7.5000 2636.7686   13.7806
   -7.5000   -7.5000   -7.5000 2674.4038   13.8151
    0.0000   -7.5000   -7.5000 2699.4460   13.7246
    7.5000   -7.5000   -7.5000 2648.2642   13.8903
   -7.5000    0.0000   -7.5000 2648.3992   14.2579
    0.0000    0.0000   -7.5000 2680.9443   14.2219
    7.5000    0.0000   -7.5000 2628.9104   14.3449
   -7.5000    7.5000   -7.5000 2597.2292   14.9069
    0.0000    7.5000   -7.5000 2626.4844   14.8776
    7.5000    7.5000   -7.5000 2573.0942   15.0160
   -7.5000   15.0000   -7.5000 2513.1948   15.8703
    0.0000   15.0000   -7.5000 2535.7363   15.8182
    7.5000   15.0000   -7.5000 2484.6455   15.9748
   -7.5000   22.5000   -7.5000 2395.7263   17.1473
    0.0000   22.5000   -7.5000 2409.6748   17.0958
    7.5000   22.5000   -7.5000 2367.8542   17.2968
   -7.5000   30.0000   -7.5000 2251.4280   18.8905
    0.0000   30.0000   -7.5000 2265.5217   18.8272
    7.5000   30.0000   -7.5000 2226.1365   19.0396
   -7.5000   37.5000   -7.5000 2079.9949   20.9457
    0.0000   37.5000   -7.5000 2091.7566   20.8650
    7.5000   37.5000   -7.5000 2060.8132   21.1370
   -7.5000   45.0000   -7.5000 1896.8812   23.3217
    0.0000   45.0000   -7.5000 1900.6265   23.2577
    7.5000   45.0000   -7.5000 1873.9586   23.6409
   -7.5000  -45.0000    0.0000 2382.5173   16.6972
    0.0000  -45.0000    0.0000 2389.8652   16.6094
    7.5000  -45.0000    0.0000 2359.7830   16.9098
   -7.5000  -37.5000    0.0000 2504.1868   15.2648
    0.0000  -37.5000    0.0000 2511.7026   15.1546
    7.5000  -37.5000    0.0000 2476.2180   15.4021
   -7.5000  -30.0000    0.0000 2616.3735   14.1600
    0.0000  -30.0000    0.0000 2626.7363   14.0838
    7.5000  -30.0000    0.0000 2588.3699   14.2967
   -7.5000  -22.5000    0.0000 2703.5679   13.5082
    0.0000  -22.5000    0.0000 2718.7017   13.4079
    7.5000  -22.5000    0.0000 2675.4929   13.6174
   -7.5000  -15.0000    0.0000 2763.3484   13.2337
    0.0000  -15.0000    0.0000 2787.1091   13.1363
    7.5000  -15.0000    0.0000 2733.8342   13.3335
   -7.5000   -7.5000    0.0000 2779.1943   13.3356
    0.0000   -7.5000    0.0000 2815.7441   13.2310
    7.5000   -7.5000    0.0000 2754.8127   13.4323
   -7.5000    0.0000    0.0000 2750.8809   13.7863
    0.0000    0.0000    0.0000 2783.9893   13.6950
    7.5000    0.0000    0.0000 2727.4954   13.8687
   -7.5000    7.5000    0.0000 2677.0535   14.4456
    0.0000    7.5000    0.0000 2705.0259   14.3978
    7.5000    7.5000    0.0000 2652.7097   14.5389
   -7.5000   15.0000    0.0000 2576.5327   15.3219
    0.0000   15.0000    0.0000 2598.8633   15.3007
    7.5000   15.0000    0.0000 2552.4961   15.4553
   -7.5000   22.5000    0.0000 2452.7822   16.5943
    0.0000   22.5000    0.0000 2471.0137   16.5480
    7.5000   22.5000    0.0000 2426.9771   16.7435
   -7.5000   30.0000    0.0000 2301.7314   18.2776
    0.0000   30.0000    0.0000 2317.7104   18.2518
    7.5000   30.0000    0.0000 2280.9697   18.4751
   -7.5000   37.5000    0.0000 2130.9827   20.2877
    0.0000   37.5000    0.0000 2140.6316   20.2775
    7.5000   37.5000    0.0000 2105.1404   20.5302
   -7.5000   45.0000    0.0000 1933.0453   22.5766
    0.0000   45.0000    0.0000 1940.0146   22.5527
    7.5000   45.0000    0.0000 1909.3650   22.8912
   -7.5000  -45.0000    7.5000 2397.2764   16.3094
    0.0000  -45.0000    7.5000 2408.5667   16.1822
    7.5000  -45.0000    7.5000 2375.9812   16.5280
   -7.5000  -37.5000    7.5000 2526.0557   14.8805
    0.0000  -37.5000    7.5000 2540.7048   14.7661
    7.5000  -37.5000    7.5000 2499.2080   15.0402
   -7.5000  -30.0000    7.5000 2646.6179   13.8067
    0.0000  -30.0000    7.5000 2661.8728   13.6849
    7.5000  -30.0000    7.5000 2619.0134   13.9746
   -7.5000  -22.5000    7.5000 2748.0852   13.1913
    0.0000  -22.5000    7.5000 2770.8242   13.0550
    7.5000  -22.5000    7.5000 2719.5632   13.2972
   -7.5000  -15.0000    7.5000 2822.4827   12.9026
    0.0000  -15.0000    7.5000 2865.5117   12.7908
    7.5000  -15.0000    7.5000 2795.2710   13.0109
   -7.5000   -7.5000    7.5000 2858.3855   12.9178
    0.0000   -7.5000    7.5000 2905.2417   12.7702
    7.5000   -7.5000    7.5000 2826.3120   13.0668
   -7.5000    0.0000    7.5000 2814.8184   13.3487
    0.0000    0.0000    7.5000 2851.3120   13.2391
    7.5000    0.0000    7.5000 2785.1448   13.4819
   -7.5000    7.5000    7.5000 2725.9531   13.9846
    0.0000    7.5000    7.5000 2749.8831   13.9490
    7.5000    7.5000    7.5000 2696.6313   14.1322
   -7.5000   15.0000    7.5000 2609.3928   14.8612
    0.0000   15.0000    7.5000 2627.2971   14.8706
    7.5000   15.0000    7.5000 2583.5676   15.0359
   -7.5000   22.5000    7.5000 2477.1306   16.0994
    0.0000   22.5000    7.5000 2495.4392   16.0783
    7.5000   22.5000    7.5000 2450.4709   16.2688
   -7.5000   30.0000    7.5000 2325.2271   17.7323
    0.0000   30.0000    7.5000 2340.2456   17.7061
    7.5000   30.0000    7.5000 2304.4614   17.9424
   -7.5000   37.5000    7.5000 2150.2786   19.6295
    0.0000   37.5000    7.5000 2163.4465   19.6656
    7.5000   37.5000    7.5000 2124.9060   19.9597
   -7.5000   45.0000    7.5000 1950.8042   21.8052
    0.0000   45.0000    7.5000 1955.4675   21.8434
    7.5000   45.0000    7.5000 1927.5526   22.1924
   -7.5000  -45.0000   15.0000 2394.6501   16.1593
    0.0000  -45.0000   15.0000 2410.0959   16.0286
    7.5000  -45.0000   15.0000 2378.2444   16.3799
   -7.5000  -37.5000   15.0000 2525.2473   14.7443
    0.0000  -37.5000   15.0000 2545.9524   14.6161
    7.5000  -37.5000   15.0000 2502.9263   14.9230
   -7.5000  -30.0000   15.0000 2648.8447   13.6845
    0.0000  -30.0000   15.0000 2673.0098   13.5492
    7.5000  -30.0000   15.0000 2621.1672   13.8563
   -7.5000  -22.5000   15.0000 2762.6819   13.0567
    0.0000  -22.5000   15.0000 2791.6975   12.9207
    7.5000  -22.5000   15.0000 2730.4316   13.2073
   -7.5000  -15.0000   15.0000 2847.6328   12.7811
    0.0000  -15.0000   15.0000 2892.0781   12.6679
    7.5000  -15.0000   15.0000 2815.0732   12.9350
   -7.5000   -7.5000   15.0000 2887.8254   12.7933
    0.0000   -7.5000   15.0000 2935.2300   12.6572
    7.5000   -7.5000   15.0000 2849.7632   12.9783
   -7.5000    0.0000   15.0000 2839.1262   13.1213
    0.0000    0.0000   15.0000 2877.1895   13.0702
    7.5000    0.0000   15.0000 2801.5598   13.3530
   -7.5000    7.5000   15.0000 2737.5422   13.7214
    0.0000    7.5000   15.0000 2763.2395   13.6863
    7.5000    7.5000   15.0000 2706.0566   13.9382
   -7.5000   15.0000   15.0000 2616.8965   14.5829
    0.0000   15.0000   15.0000 2630.6138   14.5791
    7.5000   15.0000   15.0000 2584.6367   14.8113
   -7.5000   22.5000   15.0000 2476.3577   15.8136
    0.0000   22.5000   15.0000 2484.9954   15.8156
    7.5000   22.5000   15.0000 2446.0469   16.0281
   -7.5000   30.0000   15.0000 2326.2507   17.4059
    0.0000   30.0000   15.0000 2335.8669   17.4199
    7.5000   30.0000   15.0000 2299.4778   17.6525
   -7.5000   37.5000   15.0000 2145.6292   19.2400
    0.0000   37.5000   15.0000 2158.6082   19.2908
    7.5000   37.5000   15.0000 2120.0242   19.6088
   -7.5000   45.0000   15.0000 1945.6161   21.3225
    0.0000   45.0000   15.0000 1953.7438   21.3952
    7.5000   45.0000   15.0000 1920.3822   21.7662
   -7.5000  -45.0000   22.5000 2378.9509   16.3605
    0.0000  -45.0000   22.5000 2401.8850   16.1766
    7.5000  -45.0000   22.5000 2369.0266   16.5205
   -7.5000  -37.5000   22.5000 2511.7891   14.9288
    0.0000  -37.5000   22.5000 2533.9790   14.7633
    7.5000  -37.5000   22.5000 2494.4875   15.0901
   -7.5000  -30.0000   22.5000 2630.1670   13.8583
    0.0000  -30.0000   22.5000 2660.6304   13.7193
    7.5000  -30.0000   22.5000 2609.8181   14.0383
   -7.5000  -22.5000   22.5000 2734.0791   13.2186
    0.0000  -22.5000   22.5000 2770.1106   13.0748
    7.5000  -22.5000   22.5000 2711.3625   13.3885
   -7.5000  -15.0000   22.5000 2814.4712   12.9314
    0.0000  -15.0000   22.5000 2860.4626   12.7794
    7.5000  -15.0000   22.5000 2786.6265   13.1040
   -7.5000   -7.5000   22.5000 2851.7612   12.9586
    0.0000   -7.5000   22.5000 2889.3384   12.8258
    7.5000   -7.5000   22.5000 2819.1492   13.1267
   -7.5000    0.0000   22.5000 2802.3313   13.2757
    0.0000    0.0000   22.5000 2836.0696   13.1843
    7.5000    0.0000   22.5000 2771.2510   13.4675
   -7.5000    7.5000   22.5000 2708.9089   13.8103
    0.0000    7.5000   22.5000 2734.2742   13.7630
    7.5000    7.5000   22.5000 2679.6809   14.0579
   -7.5000   15.0000   22.5000 2590.0933   14.6515
    0.0000   15.0000   22.5000 2607.2490   14.6104
    7.5000   15.0000   22.5000 2561.7419   14.8918
   -7.5000   22.5000   22.5000 2452.8469   15.8760
    0.0000   22.5000   22.5000 2462.5312   15.8199
    7.5000   22.5000   22.5000 2424.9465   16.1049
   -7.5000   30.0000   22.5000 2305.6824   17.4305
    0.0000   30.0000   22.5000 2315.9492   17.4165
    7.5000   30.0000   22.5000 2282.7327   17.7015
   -7.5000   37.5000   22.5000 2122.6545   19.2236
    0.0000   37.5000   22.5000 2130.7449   19.1981
    7.5000   37.5000   22.5000 2102.4961   19.5506
   -7.5000   45.0000   22.5000 1920.6730   21.2376
    0.0000   45.0000   22.5000 1933.9180   21.2330
    7.5000   45.0000   22.5000 1905.9889   21.5861
   -7.5000  -45.0000   30.0000 2355.4387   16.8304
    0.0000  -45.0000   30.0000 2384.1267   16.6510
    7.5000  -45.0000   30.0000 2352.6714   16.9535
   -7.5000  -37.5000   30.0000 2471.5798   15.4124
    0.0000  -37.5000   30.0000 2505.7532   15.2446
    7.5000  -37.5000   30.0000 2470.0715   15.5368
   -7.5000  -30.0000   30.0000 2586.4092   14.3773
    0.0000  -30.0000   30.0000 2621.2510   14.2237
    7.5000  -30.0000   30.0000 2576.5884   14.5069
   -7.5000  -22.5000   30.0000 2679.3057   13.7420
    0.0000  -22.5000   30.0000 2716.9104   13.5736
    7.5000  -22.5000   30.0000 2669.0068   13.8729
   -7.5000  -15.0000   30.0000 2741.4417   13.3754
    0.0000  -15.0000   30.0000 2782.2092   13.2046
    7.5000  -15.0000   30.0000 2729.5645   13.5253
   -7.5000   -7.5000   30.0000 2769.1233   13.3272
    0.0000   -7.5000   30.0000 2803.6511   13.1996
    7.5000   -7.5000   30.0000 2750.4292   13.5035
   -7.5000    0.0000   30.0000 2719.3020   13.6702
    0.0000    0.0000   30.0000 2754.7549   13.5766
    7.5000    0.0000   30.0000 2705.1538   13.8379
   -7.5000    7.5000   30.0000 2634.9944   14.2712
    0.0000    7.5000   30.0000 2667.3447   14.1850
    7.5000    7.5000   30.0000 2625.5027   14.4437
   -7.5000   15.0000   30.0000 2526.3909   15.1080
    0.0000   15.0000   30.0000 2548.2610   15.0249
    7.5000   15.0000   30.0000 2510.3000   15.2794
   -7.5000   22.5000   30.0000 2400.8962   16.2422
    0.0000   22.5000   30.0000 2415.8611   16.1719
    7.5000   22.5000   30.0000 2390.0823   16.4537
   -7.5000   30.0000   30.0000 2264.7493   17.6795
    0.0000   30.0000   30.0000 2278.8228   17.6426
    7.5000   30.0000   30.0000 2253.1875   17.9648
   -7.5000   37.5000   30.0000 2090.1982   19.3906
    0.0000   37.5000   30.0000 2100.0815   19.3894
    7.5000   37.5000   30.0000 2079.6411   19.7112
   -7.5000   45.0000   30.0000 1888.6459   21.3362
    0.0000   45.0000   30.0000 1903.1428   21.3411
    7.5000   45.0000   30.0000 1880.5696   21.7106
   -7.5000  -45.0000   37.5000 2308.1594   17.6971
    0.0000  -45.0000   37.5000 2337.3188   17.4806
    7.5000  -45.0000   37.5000 2312.7271   17.7480
   -7.5000  -37.5000   37.5000 2414.6206   16.2262
    0.0000  -37.5000   37.5000 2450.2546   16.0387
    7.5000  -37.5000   37.5000 2422.4487   16.3178
   -7.5000  -30.0000   37.5000 2518.4836   15.1503
    0.0000  -30.0000   37.5000 2558.7542   14.9936
    7.5000  -30.0000   37.5000 2521.3818   15.2493
   -7.5000  -22.5000   37.5000 2600.9907   14.4625
    0.0000  -22.5000   37.5000 2643.1348   14.3066
    7.5000  -22.5000   37.5000 2603.5410   14.5546
   -7.5000  -15.0000   37.5000 2648.3601   14.0494
    0.0000  -15.0000   37.5000 2687.8860   13.9136
    7.5000  -15.0000   37.5000 2648.6580   14.1669
   -7.5000   -7.5000   37.5000 2659.6177   13.9842
    0.0000   -7.5000   37.5000 2690.6887   13.8682
    7.5000   -7.5000   37.5000 2654.0847   14.1234
   -7.5000    0.0000   37.5000 2614.4858   14.2642
    0.0000    0.0000   37.5000 2644.7485   14.1649
    7.5000    0.0000   37.5000 2609.8430   14.4186
   -7.5000    7.5000   37.5000 2541.9167   14.8284
    0.0000    7.5000   37.5000 2568.6885   14.7566
    7.5000    7.5000   37.5000 2539.3711   14.9960
   -7.5000   15.0000   37.5000 2446.6682   15.6760
    0.0000   15.0000   37.5000 2470.8154   15.6119
    7.5000   15.0000   37.5000 2443.8210   15.8770
   -7.5000   22.5000   37.5000 2329.3252   16.8736
    0.0000   22.5000   37.5000 2346.6250   16.8121
    7.5000   22.5000   37.5000 2326.0266   17.0611
   -7.5000   30.0000   37.5000 2202.4031   18.3209
    0.0000   30.0000   37.5000 2220.6958   18.2781
    7.5000   30.0000   37.5000 2203.4595   18.5391
   -7.5000   37.5000   37.5000 2038.9056   20.0035
    0.0000   37.5000   37.5000 2052.8367   19.9745
    7.5000   37.5000   37.5000 2037.5126   20.2827
   -7.5000   45.0000   37.5000 1847.0220   21.9471
    0.0000   45.0000   37.5000 1859.6465   21.9270
    7.5000   45.0000   37.5000 1842.1959   22.3236

---------------------------------------------------------------------
imgreg_4dfp /opt/freesurfer/average/711-2C_as_mni_average_305 /opt/freesurfer/average/711-2B_as_mni_average_305_mask talsrcimg_g11 none talsrcimg_to_711-2C_as_mni_average_305_t4 1283
---------------------------------------------------------------------

freesurfer imgreg_4dfp.c
/opt/freesurfer/average/711-2C_as_mni_average_305.4dfp.img
       256       256       256         1
  1.000000  1.000000  1.000000
orientation T byte_order littleendian
Reading image: /opt/freesurfer/average/711-2C_as_mni_average_305.4dfp.img
dimensions:      256       256       256
mmppix:       1.0000   -1.0000   -1.0000
center:     128.0000 -129.0000 -129.0000
/opt/freesurfer/average/711-2B_as_mni_average_305_mask.4dfp.img
       256       256       256         1
  1.000000  1.000000  1.000000
orientation T byte_order littleendian
Reading mask: /opt/freesurfer/average/711-2B_as_mni_average_305_mask.4dfp.img (2306576 pixels)
talsrcimg_g11.4dfp.img
       256       256       256         1
  0.898437  0.898437  0.898437
orientation T byte_order littleendian
Reading image: talsrcimg_g11.4dfp.img
dimensions:      256       256       256
mmppix:       0.8984   -0.8984   -0.8984
center:     114.9999 -115.8984 -115.8984
rotation matrix determinant  1.000000
fimgreg.f
image alignment mode   1283 decimal      503 hex
parameters
    0.0000   -7.5000   15.0000    0.0000    0.0000    0.0000
eta,q 0.92250 12.62191
niter,ni,del,rscale     5    3   12.0000    1.2000
parameters
   -0.8502   -8.5936   13.5422   -2.5201   -0.1333    2.1018
eta,q 0.92339 12.47586
  0.0922  0.0834  0.0828  0.0785  0.0834  0.0832
  0.0855  0.0795  0.0792  0.0779  0.0805  0.0811
  0.0808  0.0790  0.0783  0.0777  0.0783  0.0794
  0.0795  0.0794  0.0791  0.0783  0.0777  0.0777
  0.0836  0.0801  0.0813  0.0789  0.0784  0.0766
  0.0919  0.0826  0.0842  0.0797  0.0804  0.0772
  0.1022  0.0892  0.0888  0.0810  0.0844  0.0791
niter,ni,del,rscale     4    3   12.0000    1.2000
parameters
   -0.9325   -7.1501   13.3236   -5.0684    0.0793    1.6217
eta,q 0.92515 12.49444
  0.0947  0.0883  0.0843  0.0765  0.0826  0.0800
  0.0870  0.0823  0.0791  0.0749  0.0791  0.0773
  0.0800  0.0790  0.0760  0.0749  0.0763  0.0753
  0.0766  0.0766  0.0755  0.0754  0.0749  0.0749
  0.0790  0.0753  0.0771  0.0774  0.0752  0.0759
  0.0870  0.0769  0.0803  0.0799  0.0777  0.0785
  0.0967  0.0809  0.0851  0.0819  0.0822  0.0821
niter,ni,del,rscale     3    3   12.0000    1.2000
parameters
   -1.0296   -5.6697   13.0429   -5.9533   -0.0336    1.5671
eta,q 0.92675 12.52237
  0.0929  0.0873  0.0824  0.0780  0.0806  0.0797
  0.0847  0.0823  0.0774  0.0738  0.0770  0.0765
  0.0780  0.0785  0.0743  0.0730  0.0746  0.0741
  0.0748  0.0749  0.0736  0.0736  0.0732  0.0732
  0.0771  0.0735  0.0747  0.0750  0.0740  0.0740
  0.0851  0.0757  0.0787  0.0773  0.0770  0.0765
  0.0947  0.0800  0.0843  0.0801  0.0817  0.0801
niter,ni,del,rscale     2    3   12.0000    1.2000
parameters
   -0.9978   -5.1119   12.8801   -6.5589   -0.2453    1.5715
eta,q 0.92700 12.52363
  0.0923  0.0849  0.0825  0.0782  0.0801  0.0793
  0.0837  0.0801  0.0775  0.0739  0.0767  0.0763
  0.0765  0.0757  0.0742  0.0728  0.0742  0.0739
  0.0732  0.0732  0.0731  0.0731  0.0729  0.0730
  0.0754  0.0738  0.0744  0.0746  0.0738  0.0736
  0.0829  0.0771  0.0783  0.0767  0.0771  0.0759
  0.0926  0.0819  0.0835  0.0793  0.0816  0.0797
niter,ni,del,rscale     1    3   12.0000    1.2000
parameters
   -0.8927   -4.7076   12.7833   -7.0835   -0.5154    1.6172
eta,q 0.92707 12.52299
  0.0923  0.0845  0.0824  0.0782  0.0798  0.0791
  0.0835  0.0793  0.0778  0.0738  0.0764  0.0761
  0.0763  0.0747  0.0744  0.0727  0.0740  0.0739
  0.0730  0.0730  0.0730  0.0730  0.0728  0.0729
  0.0749  0.0739  0.0743  0.0743  0.0737  0.0734
  0.0821  0.0770  0.0781  0.0766  0.0771  0.0756
  0.0917  0.0821  0.0831  0.0789  0.0816  0.0793
registration optimization eta report
parameter search radius
    6.0000    6.0000    6.0000    6.0000    6.0000    6.0000
100000*second partial in parameter space
       52.       28.       27.       16.       22.       17.
  0.0923  0.0845  0.0824  0.0782  0.0798  0.0791
  0.0835  0.0793  0.0778  0.0738  0.0764  0.0761
  0.0763  0.0747  0.0744  0.0727  0.0740  0.0739
  0.0730  0.0730  0.0730  0.0730  0.0728  0.0729
  0.0749  0.0739  0.0743  0.0743  0.0737  0.0734
  0.0821  0.0770  0.0781  0.0766  0.0771  0.0756
  0.0917  0.0821  0.0831  0.0789  0.0816  0.0793
   -0.8927   -4.7076   12.7833   -7.0835   -0.5154    1.6172
eta,q 0.92707 12.52299

---------------------------------------------------------------------
imgreg_4dfp /opt/freesurfer/average/711-2C_as_mni_average_305 /opt/freesurfer/average/711-2B_as_mni_average_305_mask talsrcimg_g11 none talsrcimg_to_711-2C_as_mni_average_305_t4 3335
---------------------------------------------------------------------

freesurfer imgreg_4dfp.c
/opt/freesurfer/average/711-2C_as_mni_average_305.4dfp.img
       256       256       256         1
  1.000000  1.000000  1.000000
orientation T byte_order littleendian
Reading image: /opt/freesurfer/average/711-2C_as_mni_average_305.4dfp.img
dimensions:      256       256       256
mmppix:       1.0000   -1.0000   -1.0000
center:     128.0000 -129.0000 -129.0000
/opt/freesurfer/average/711-2B_as_mni_average_305_mask.4dfp.img
       256       256       256         1
  1.000000  1.000000  1.000000
orientation T byte_order littleendian
Reading mask: /opt/freesurfer/average/711-2B_as_mni_average_305_mask.4dfp.img (2306576 pixels)
talsrcimg_g11.4dfp.img
       256       256       256         1
  0.898437  0.898437  0.898437
orientation T byte_order littleendian
Reading image: talsrcimg_g11.4dfp.img
dimensions:      256       256       256
mmppix:       0.8984   -0.8984   -0.8984
center:     114.9999 -115.8984 -115.8984
fimgreg.f
image alignment mode   3335 decimal      D07 hex
parameters
   -0.8927   -4.7076   12.7833   -0.0439   -0.8059   -0.7673
   -2.9114    0.5443    2.8220   12.3518   -0.8995  -12.3311
eta,q 0.92654 12.61126
niter,ni,del,rscale     5    3    5.0000    1.2000
parameter  4  2.501108 ->  0.500000 qaram    1.1500
parameter  5  2.605184 ->  0.500000 qaram    1.1500
parameter  6  2.538741 ->  0.500000 qaram    1.1500
parameter 10  0.564734 ->  0.500000 qaram    1.1500
parameter 11 -0.718552 -> -0.500000 qaram    1.1500
parameters
   -1.0233   -4.0988   12.7566   -4.1839   -4.9459   -4.9073
   -2.7238    3.2168    3.7884    8.2118    3.2405  -11.9927
eta,q 0.95192 11.54058
  0.0760  0.0754  0.0748  0.0620  0.0568  0.0458  0.0542  0.0594  0.0525  0.0496  0.0532  0.0502
  0.0745  0.0745  0.0739  0.0648  0.0589  0.0494  0.0524  0.0556  0.0513  0.0490  0.0514  0.0491
  0.0736  0.0739  0.0734  0.0686  0.0618  0.0541  0.0511  0.0526  0.0504  0.0491  0.0500  0.0484
  0.0735  0.0734  0.0733  0.0733  0.0657  0.0596  0.0506  0.0506  0.0499  0.0499  0.0490  0.0481
  0.0739  0.0733  0.0735  0.0786  0.0701  0.0659  0.0510  0.0499  0.0500  0.0514  0.0483  0.0482
  0.0749  0.0735  0.0740  0.0843  0.0743  0.0729  0.0521  0.0504  0.0505  0.0537  0.0481  0.0488
  0.0765  0.0741  0.0748  0.0903  0.0790  0.0803  0.0539  0.0520  0.0515  0.0562  0.0482  0.0498
niter,ni,del,rscale     7    3    5.0000    1.2000
parameter  4  0.899602 ->  0.500000 qaram    1.3225
parameter  5  0.841757 ->  0.500000 qaram    1.3225
parameter  6  1.294284 ->  0.500000 qaram    1.3225
parameters
   -0.5360   -3.9407   11.7038   -8.9449   -9.7069   -9.6683
   -3.0237    2.6416    2.2568   10.4629    4.6019  -11.2588
eta,q 0.96665 10.68215
  0.0537  0.0507  0.0482  0.0428  0.0405  0.0317  0.0367  0.0382  0.0350  0.0387  0.0363  0.0353
  0.0510  0.0493  0.0476  0.0433  0.0407  0.0332  0.0352  0.0357  0.0342  0.0365  0.0349  0.0344
  0.0491  0.0484  0.0475  0.0446  0.0416  0.0363  0.0342  0.0342  0.0338  0.0349  0.0339  0.0337
  0.0481  0.0479  0.0479  0.0474  0.0435  0.0408  0.0339  0.0339  0.0339  0.0338  0.0334  0.0334
  0.0480  0.0481  0.0488  0.0519  0.0465  0.0468  0.0343  0.0348  0.0344  0.0334  0.0334  0.0334
  0.0488  0.0488  0.0500  0.0577  0.0505  0.0538  0.0355  0.0368  0.0353  0.0339  0.0339  0.0339
  0.0505  0.0501  0.0516  0.0643  0.0554  0.0617  0.0372  0.0398  0.0366  0.0354  0.0349  0.0347
niter,ni,del,rscale     7    3    5.0000    1.2000
parameter  2 -0.603897 -> -0.500000 qaram    1.1500
parameter  3  0.503925 ->  0.500000 qaram    1.1500
parameter  6  0.801629 ->  0.500000 qaram    1.5209
parameters
   -0.5972   -2.5607   10.3238  -12.7212  -13.8070  -15.1435
   -2.7490    2.1339    1.6864   12.7203    4.4814  -12.9103
eta,q 0.97391  9.93134
  0.0369  0.0389  0.0324  0.0324  0.0319  0.0262  0.0297  0.0308  0.0284  0.0329  0.0279  0.0272
  0.0349  0.0366  0.0318  0.0315  0.0309  0.0263  0.0281  0.0283  0.0272  0.0300  0.0270  0.0264
  0.0337  0.0347  0.0318  0.0313  0.0307  0.0276  0.0270  0.0269  0.0266  0.0278  0.0264  0.0261
  0.0334  0.0334  0.0324  0.0318  0.0313  0.0307  0.0266  0.0266  0.0265  0.0265  0.0262  0.0262
  0.0338  0.0326  0.0334  0.0332  0.0331  0.0358  0.0268  0.0274  0.0269  0.0262  0.0264  0.0267
  0.0352  0.0324  0.0349  0.0367  0.0360  0.0425  0.0277  0.0293  0.0278  0.0270  0.0270  0.0276
  0.0373  0.0329  0.0368  0.0424  0.0400  0.0505  0.0293  0.0320  0.0290  0.0285  0.0281  0.0286
niter,ni,del,rscale     7    3    5.0000    1.2000
parameters
   -0.6437   -1.7426    9.7537  -13.0543  -13.9228  -18.7390
   -2.5730    1.9377    1.5215   13.0320    4.3522  -14.0302
eta,q 0.97504  9.72662
  0.0297  0.0321  0.0274  0.0290  0.0298  0.0282  0.0281  0.0296  0.0271  0.0293  0.0268  0.0261
  0.0277  0.0294  0.0262  0.0270  0.0276  0.0260  0.0265  0.0271  0.0259  0.0269  0.0258  0.0253
  0.0265  0.0273  0.0256  0.0258  0.0262  0.0250  0.0254  0.0255  0.0252  0.0255  0.0252  0.0250
  0.0261  0.0261  0.0257  0.0256  0.0256  0.0256  0.0250  0.0250  0.0250  0.0250  0.0250  0.0250
  0.0266  0.0257  0.0265  0.0262  0.0258  0.0279  0.0253  0.0257  0.0253  0.0254  0.0252  0.0254
  0.0279  0.0263  0.0278  0.0272  0.0275  0.0331  0.0263  0.0275  0.0261  0.0267  0.0259  0.0261
  0.0300  0.0277  0.0296  0.0295  0.0304  0.0404  0.0278  0.0301  0.0272  0.0286  0.0269  0.0269
niter,ni,del,rscale     6    3    5.0000    1.2000
parameters
   -0.6634   -1.4713    9.1655  -13.1016  -13.7075  -19.6171
   -2.5768    1.9109    1.4750   13.4243    4.4745  -14.6312
eta,q 0.97520  9.69672
  0.0287  0.0293  0.0265  0.0285  0.0292  0.0306  0.0278  0.0296  0.0269  0.0291  0.0267  0.0261
  0.0267  0.0271  0.0254  0.0264  0.0270  0.0276  0.0262  0.0271  0.0258  0.0267  0.0258  0.0253
  0.0254  0.0256  0.0249  0.0251  0.0255  0.0255  0.0251  0.0254  0.0250  0.0253  0.0251  0.0249
  0.0250  0.0250  0.0249  0.0248  0.0248  0.0248  0.0248  0.0248  0.0248  0.0248  0.0248  0.0248
  0.0254  0.0252  0.0256  0.0254  0.0249  0.0256  0.0251  0.0254  0.0251  0.0252  0.0250  0.0251
  0.0267  0.0262  0.0269  0.0265  0.0264  0.0283  0.0262  0.0272  0.0258  0.0264  0.0256  0.0257
  0.0289  0.0279  0.0286  0.0285  0.0292  0.0337  0.0278  0.0297  0.0270  0.0282  0.0267  0.0266
niter,ni,del,rscale     5    3    5.0000    1.2000
parameters
   -0.6933   -1.3837    8.9591  -13.1033  -13.6937  -19.7757
   -2.5598    1.8967    1.4343   13.6452    4.5422  -14.8412
eta,q 0.97520  9.69245
  0.0285  0.0286  0.0270  0.0285  0.0290  0.0313  0.0278  0.0296  0.0269  0.0288  0.0267  0.0263
  0.0265  0.0265  0.0257  0.0264  0.0268  0.0281  0.0262  0.0271  0.0257  0.0265  0.0257  0.0254
  0.0252  0.0252  0.0250  0.0251  0.0254  0.0258  0.0251  0.0254  0.0250  0.0252  0.0251  0.0249
  0.0248  0.0248  0.0248  0.0248  0.0248  0.0248  0.0248  0.0248  0.0248  0.0248  0.0248  0.0248
  0.0253  0.0252  0.0252  0.0254  0.0250  0.0254  0.0251  0.0254  0.0251  0.0253  0.0250  0.0250
  0.0266  0.0263  0.0263  0.0265  0.0265  0.0276  0.0262  0.0271  0.0258  0.0265  0.0257  0.0256
  0.0287  0.0281  0.0278  0.0284  0.0293  0.0324  0.0277  0.0296  0.0269  0.0282  0.0267  0.0264
niter,ni,del,rscale     4    3    5.0000    1.2000
parameters
   -0.7087   -1.3438    8.9097  -13.1026  -13.7137  -19.8072
   -2.5425    1.8888    1.4041   13.7330    4.5663  -14.8995
eta,q 0.97519  9.69124
  0.0286  0.0284  0.0273  0.0286  0.0290  0.0314  0.0278  0.0296  0.0269  0.0287  0.0267  0.0264
  0.0265  0.0264  0.0259  0.0265  0.0268  0.0282  0.0262  0.0271  0.0257  0.0264  0.0257  0.0255
  0.0252  0.0252  0.0250  0.0251  0.0254  0.0259  0.0251  0.0254  0.0250  0.0252  0.0251  0.0249
  0.0248  0.0248  0.0248  0.0248  0.0248  0.0248  0.0248  0.0248  0.0248  0.0248  0.0248  0.0248
  0.0253  0.0252  0.0251  0.0254  0.0250  0.0253  0.0251  0.0254  0.0251  0.0253  0.0250  0.0250
  0.0266  0.0264  0.0261  0.0265  0.0265  0.0275  0.0262  0.0271  0.0258  0.0265  0.0257  0.0256
  0.0287  0.0281  0.0275  0.0285  0.0294  0.0322  0.0277  0.0296  0.0269  0.0283  0.0267  0.0264
niter,ni,del,rscale     3    3    5.0000    1.2000
parameters
   -0.7131   -1.3290    8.8983  -13.1052  -13.7215  -19.8134
   -2.5329    1.8844    1.3916   13.7605    4.5734  -14.9217
eta,q 0.97519  9.69093
  0.0286  0.0284  0.0274  0.0286  0.0290  0.0314  0.0278  0.0296  0.0269  0.0286  0.0267  0.0264
  0.0266  0.0263  0.0260  0.0265  0.0268  0.0283  0.0262  0.0271  0.0257  0.0264  0.0257  0.0255
  0.0252  0.0252  0.0251  0.0251  0.0255  0.0259  0.0251  0.0254  0.0250  0.0251  0.0251  0.0249
  0.0248  0.0248  0.0248  0.0248  0.0248  0.0248  0.0248  0.0248  0.0248  0.0248  0.0248  0.0248
  0.0253  0.0252  0.0251  0.0254  0.0250  0.0253  0.0251  0.0254  0.0251  0.0253  0.0250  0.0250
  0.0266  0.0264  0.0260  0.0265  0.0265  0.0275  0.0262  0.0271  0.0258  0.0266  0.0257  0.0255
  0.0287  0.0282  0.0274  0.0285  0.0294  0.0322  0.0278  0.0296  0.0269  0.0284  0.0268  0.0263
registration optimization eta report
parameter search radius
    2.4000    2.7600    2.7600    9.5220    9.5220   10.9503
    7.2000    7.2000    7.2000    8.2800    8.2800    7.2000
100000*second partial in parameter space
       67.       46.       34.        4.        5.        6.
        6.        9.        4.        5.        3.        3.
  0.0286  0.0284  0.0274  0.0286  0.0290  0.0314  0.0278  0.0296  0.0269  0.0286  0.0267  0.0264
  0.0266  0.0263  0.0260  0.0265  0.0268  0.0283  0.0262  0.0271  0.0257  0.0264  0.0257  0.0255
  0.0252  0.0252  0.0251  0.0251  0.0255  0.0259  0.0251  0.0254  0.0250  0.0251  0.0251  0.0249
  0.0248  0.0248  0.0248  0.0248  0.0248  0.0248  0.0248  0.0248  0.0248  0.0248  0.0248  0.0248
  0.0253  0.0252  0.0251  0.0254  0.0250  0.0253  0.0251  0.0254  0.0251  0.0253  0.0250  0.0250
  0.0266  0.0264  0.0260  0.0265  0.0265  0.0275  0.0262  0.0271  0.0258  0.0266  0.0257  0.0255
  0.0287  0.0282  0.0274  0.0285  0.0294  0.0322  0.0278  0.0296  0.0269  0.0284  0.0268  0.0263
   -0.7131   -1.3290    8.8983  -13.1052  -13.7215  -19.8134
   -2.5329    1.8844    1.3916   13.7605    4.5734  -14.9217
eta,q 0.97519  9.69093

---------------------------------------------------------------------
imgreg_4dfp /opt/freesurfer/average/711-2C_as_mni_average_305 /opt/freesurfer/average/711-2B_as_mni_average_305_mask talsrcimg_g11 none talsrcimg_to_711-2C_as_mni_average_305_t4 2311
---------------------------------------------------------------------

freesurfer imgreg_4dfp.c
/opt/freesurfer/average/711-2C_as_mni_average_305.4dfp.img
       256       256       256         1
  1.000000  1.000000  1.000000
orientation T byte_order littleendian
Reading image: /opt/freesurfer/average/711-2C_as_mni_average_305.4dfp.img
dimensions:      256       256       256
mmppix:       1.0000   -1.0000   -1.0000
center:     128.0000 -129.0000 -129.0000
/opt/freesurfer/average/711-2B_as_mni_average_305_mask.4dfp.img
       256       256       256         1
  1.000000  1.000000  1.000000
orientation T byte_order littleendian
Reading mask: /opt/freesurfer/average/711-2B_as_mni_average_305_mask.4dfp.img (2306576 pixels)
talsrcimg_g11.4dfp.img
       256       256       256         1
  0.898437  0.898437  0.898437
orientation T byte_order littleendian
Reading image: talsrcimg_g11.4dfp.img
dimensions:      256       256       256
mmppix:       0.8984   -0.8984   -0.8984
center:     114.9999 -115.8984 -115.8984
fimgreg.f
image alignment mode   2311 decimal      907 hex
parameters
   -0.7131   -1.3290    8.8983  -13.1052  -13.7215  -19.8134
   -2.5329    1.8844    1.3916   13.7605    4.5734  -14.9217
eta,q 0.97519  9.69094
niter,ni,del,rscale     5    3    5.0000    0.8000
parameters
   -0.7123   -1.3717    8.8865  -13.4705  -13.0192  -19.1615
   -2.6170    1.9528    1.4131   13.6113    4.6049  -14.8487
eta,q 0.97530  9.73723
  0.0266  0.0259  0.0257  0.0257  0.0260  0.0264  0.0260  0.0271  0.0257  0.0260  0.0254  0.0255
  0.0256  0.0253  0.0252  0.0251  0.0254  0.0256  0.0253  0.0258  0.0252  0.0252  0.0250  0.0250
  0.0250  0.0249  0.0249  0.0248  0.0250  0.0250  0.0248  0.0250  0.0248  0.0248  0.0248  0.0248
  0.0248  0.0248  0.0248  0.0248  0.0248  0.0247  0.0247  0.0247  0.0247  0.0247  0.0247  0.0247
  0.0250  0.0250  0.0249  0.0250  0.0247  0.0248  0.0249  0.0249  0.0248  0.0249  0.0248  0.0248
  0.0256  0.0254  0.0252  0.0254  0.0250  0.0251  0.0253  0.0257  0.0252  0.0254  0.0250  0.0250
  0.0266  0.0260  0.0257  0.0259  0.0255  0.0257  0.0262  0.0270  0.0257  0.0261  0.0254  0.0254
niter,ni,del,rscale     4    3    5.0000    0.7000
parameters
   -0.7073   -1.4350    8.9910  -13.5134  -13.0002  -19.0447
   -2.6099    1.9619    1.4247   13.5319    4.6131  -14.7625
eta,q 0.97531  9.74009
  0.0261  0.0256  0.0255  0.0255  0.0255  0.0258  0.0258  0.0265  0.0255  0.0257  0.0252  0.0253
  0.0253  0.0251  0.0251  0.0250  0.0251  0.0252  0.0252  0.0255  0.0250  0.0251  0.0249  0.0249
  0.0249  0.0248  0.0248  0.0248  0.0248  0.0248  0.0248  0.0249  0.0248  0.0248  0.0248  0.0247
  0.0247  0.0247  0.0247  0.0247  0.0247  0.0247  0.0247  0.0247  0.0247  0.0247  0.0247  0.0247
  0.0249  0.0248  0.0247  0.0248  0.0247  0.0248  0.0248  0.0249  0.0248  0.0248  0.0247  0.0247
  0.0253  0.0252  0.0249  0.0251  0.0250  0.0251  0.0252  0.0255  0.0250  0.0252  0.0249  0.0249
  0.0261  0.0257  0.0253  0.0255  0.0256  0.0257  0.0258  0.0265  0.0255  0.0258  0.0252  0.0252
niter,ni,del,rscale     3    3    5.0000    0.6000
parameters
   -0.7002   -1.4577    9.0193  -13.5739  -12.8984  -19.0190
   -2.6105    1.9643    1.4147   13.4798    4.6316  -14.7270
eta,q 0.97532  9.74230
  0.0257  0.0254  0.0252  0.0253  0.0253  0.0255  0.0255  0.0261  0.0253  0.0255  0.0251  0.0251
  0.0252  0.0250  0.0249  0.0250  0.0250  0.0251  0.0250  0.0253  0.0249  0.0250  0.0249  0.0249
  0.0248  0.0248  0.0247  0.0247  0.0248  0.0248  0.0248  0.0248  0.0247  0.0248  0.0247  0.0247
  0.0247  0.0247  0.0247  0.0247  0.0247  0.0247  0.0247  0.0247  0.0247  0.0247  0.0247  0.0247
  0.0248  0.0248  0.0247  0.0248  0.0247  0.0248  0.0248  0.0248  0.0248  0.0248  0.0247  0.0247
  0.0251  0.0250  0.0249  0.0250  0.0249  0.0250  0.0250  0.0253  0.0249  0.0251  0.0249  0.0249
  0.0257  0.0254  0.0252  0.0253  0.0253  0.0254  0.0255  0.0260  0.0253  0.0255  0.0251  0.0251
niter,ni,del,rscale     2    3    5.0000    0.5000
parameters
   -0.6967   -1.4750    9.0240  -13.6277  -12.8199  -19.0238
   -2.6065    1.9635    1.4029   13.4462    4.6274  -14.7227
eta,q 0.97532  9.74249
  0.0254  0.0252  0.0250  0.0251  0.0251  0.0252  0.0252  0.0256  0.0251  0.0252  0.0249  0.0250
  0.0250  0.0249  0.0248  0.0249  0.0249  0.0249  0.0249  0.0251  0.0249  0.0249  0.0248  0.0248
  0.0248  0.0247  0.0247  0.0247  0.0248  0.0247  0.0247  0.0248  0.0247  0.0247  0.0247  0.0247
  0.0247  0.0247  0.0247  0.0247  0.0247  0.0247  0.0247  0.0247  0.0247  0.0247  0.0247  0.0247
  0.0248  0.0248  0.0247  0.0248  0.0247  0.0248  0.0247  0.0248  0.0247  0.0248  0.0247  0.0247
  0.0250  0.0249  0.0248  0.0249  0.0248  0.0249  0.0249  0.0251  0.0249  0.0249  0.0248  0.0248
  0.0254  0.0252  0.0250  0.0251  0.0251  0.0252  0.0252  0.0256  0.0251  0.0252  0.0250  0.0250
niter,ni,del,rscale     1    3    5.0000    0.4000
parameters
   -0.6974   -1.4811    9.0170  -13.6724  -12.7399  -19.0470
   -2.6017    1.9646    1.3999   13.4230    4.6473  -14.7192
eta,q 0.97532  9.74242
  0.0251  0.0250  0.0249  0.0250  0.0250  0.0250  0.0250  0.0253  0.0249  0.0250  0.0249  0.0249
  0.0249  0.0248  0.0248  0.0248  0.0248  0.0248  0.0248  0.0250  0.0248  0.0248  0.0248  0.0247
  0.0247  0.0247  0.0247  0.0247  0.0247  0.0247  0.0247  0.0247  0.0247  0.0247  0.0247  0.0247
  0.0247  0.0247  0.0247  0.0247  0.0247  0.0247  0.0247  0.0247  0.0247  0.0247  0.0247  0.0247
  0.0247  0.0247  0.0247  0.0247  0.0247  0.0247  0.0247  0.0247  0.0247  0.0247  0.0247  0.0247
  0.0249  0.0248  0.0248  0.0248  0.0248  0.0249  0.0248  0.0250  0.0248  0.0248  0.0248  0.0248
  0.0251  0.0250  0.0249  0.0250  0.0250  0.0250  0.0250  0.0253  0.0249  0.0250  0.0249  0.0248
registration optimization eta report
parameter search radius
    0.8000    0.8000    0.8000    2.4000    2.4000    2.4000
    2.4000    2.4000    2.4000    2.4000    2.4000    2.4000
100000*second partial in parameter space
       71.       51.       37.        5.        5.        6.
        6.       11.        5.        6.        3.        3.
  0.0251  0.0250  0.0249  0.0250  0.0250  0.0250  0.0250  0.0253  0.0249  0.0250  0.0249  0.0249
  0.0249  0.0248  0.0248  0.0248  0.0248  0.0248  0.0248  0.0250  0.0248  0.0248  0.0248  0.0247
  0.0247  0.0247  0.0247  0.0247  0.0247  0.0247  0.0247  0.0247  0.0247  0.0247  0.0247  0.0247
  0.0247  0.0247  0.0247  0.0247  0.0247  0.0247  0.0247  0.0247  0.0247  0.0247  0.0247  0.0247
  0.0247  0.0247  0.0247  0.0247  0.0247  0.0247  0.0247  0.0247  0.0247  0.0247  0.0247  0.0247
  0.0249  0.0248  0.0248  0.0248  0.0248  0.0249  0.0248  0.0250  0.0248  0.0248  0.0248  0.0248
  0.0251  0.0250  0.0249  0.0250  0.0250  0.0250  0.0250  0.0253  0.0249  0.0250  0.0249  0.0248
   -0.6974   -1.4811    9.0170  -13.6724  -12.7399  -19.0470
   -2.6017    1.9646    1.3999   13.4230    4.6473  -14.7192
eta,q 0.97532  9.74242

---------------------------------------------------------------------
imgreg_4dfp /opt/freesurfer/average/711-2C_as_mni_average_305 /opt/freesurfer/average/711-2B_as_mni_average_305_mask talsrcimg_g11 none talsrcimg_to_711-2C_as_mni_average_305_t4 2311
---------------------------------------------------------------------

freesurfer imgreg_4dfp.c
/opt/freesurfer/average/711-2C_as_mni_average_305.4dfp.img
       256       256       256         1
  1.000000  1.000000  1.000000
orientation T byte_order littleendian
Reading image: /opt/freesurfer/average/711-2C_as_mni_average_305.4dfp.img
dimensions:      256       256       256
mmppix:       1.0000   -1.0000   -1.0000
center:     128.0000 -129.0000 -129.0000
/opt/freesurfer/average/711-2B_as_mni_average_305_mask.4dfp.img
       256       256       256         1
  1.000000  1.000000  1.000000
orientation T byte_order littleendian
Reading mask: /opt/freesurfer/average/711-2B_as_mni_average_305_mask.4dfp.img (2306576 pixels)
talsrcimg_g11.4dfp.img
       256       256       256         1
  0.898437  0.898437  0.898437
orientation T byte_order littleendian
Reading image: talsrcimg_g11.4dfp.img
dimensions:      256       256       256
mmppix:       0.8984   -0.8984   -0.8984
center:     114.9999 -115.8984 -115.8984
fimgreg.f
image alignment mode   2311 decimal      907 hex
parameters
   -0.6974   -1.4811    9.0170  -13.6724  -12.7399  -19.0470
   -2.6017    1.9646    1.3999   13.4230    4.6473  -14.7192
eta,q 0.97532  9.74242
niter,ni,del,rscale     5    3    5.0000    0.8000
parameters
   -0.6985   -1.4650    9.0084  -13.4312  -13.0905  -19.0299
   -2.6168    1.9566    1.4207   13.4992    4.6118  -14.7211
eta,q 0.97531  9.73994
  0.0265  0.0260  0.0256  0.0259  0.0256  0.0261  0.0261  0.0270  0.0257  0.0261  0.0254  0.0255
  0.0255  0.0253  0.0251  0.0252  0.0251  0.0253  0.0253  0.0258  0.0252  0.0253  0.0250  0.0250
  0.0249  0.0248  0.0248  0.0248  0.0248  0.0249  0.0249  0.0250  0.0248  0.0249  0.0248  0.0248
  0.0247  0.0247  0.0247  0.0247  0.0247  0.0247  0.0247  0.0247  0.0247  0.0247  0.0247  0.0247
  0.0249  0.0248  0.0248  0.0248  0.0248  0.0249  0.0248  0.0250  0.0248  0.0249  0.0248  0.0248
  0.0255  0.0253  0.0251  0.0252  0.0253  0.0253  0.0253  0.0258  0.0252  0.0253  0.0250  0.0250
  0.0265  0.0259  0.0256  0.0256  0.0261  0.0260  0.0261  0.0271  0.0257  0.0260  0.0254  0.0254
niter,ni,del,rscale     4    3    5.0000    0.7000
parameters
   -0.6978   -1.4549    9.0273  -13.5124  -13.0095  -19.0036
   -2.6164    1.9641    1.4199   13.4963    4.6098  -14.7296
eta,q 0.97531  9.74117
  0.0261  0.0257  0.0254  0.0255  0.0255  0.0258  0.0258  0.0265  0.0255  0.0258  0.0252  0.0253
  0.0253  0.0251  0.0250  0.0250  0.0251  0.0252  0.0252  0.0255  0.0250  0.0252  0.0249  0.0249
  0.0249  0.0248  0.0248  0.0248  0.0248  0.0248  0.0248  0.0249  0.0248  0.0248  0.0248  0.0247
  0.0247  0.0247  0.0247  0.0247  0.0247  0.0247  0.0247  0.0247  0.0247  0.0247  0.0247  0.0247
  0.0248  0.0248  0.0248  0.0248  0.0247  0.0248  0.0248  0.0249  0.0248  0.0248  0.0247  0.0248
  0.0253  0.0251  0.0250  0.0251  0.0250  0.0252  0.0252  0.0255  0.0250  0.0252  0.0249  0.0249
  0.0261  0.0256  0.0254  0.0255  0.0256  0.0257  0.0258  0.0265  0.0255  0.0257  0.0252  0.0253
niter,ni,del,rscale     3    3    5.0000    0.6000
parameters
   -0.6975   -1.4644    9.0301  -13.5714  -12.9125  -19.0112
   -2.6151    1.9668    1.4165   13.4625    4.6203  -14.7263
eta,q 0.97532  9.74190
  0.0257  0.0254  0.0252  0.0253  0.0253  0.0255  0.0255  0.0261  0.0253  0.0255  0.0251  0.0251
  0.0251  0.0250  0.0249  0.0249  0.0250  0.0250  0.0250  0.0253  0.0249  0.0250  0.0249  0.0249
  0.0248  0.0248  0.0247  0.0247  0.0248  0.0248  0.0248  0.0248  0.0247  0.0248  0.0247  0.0247
  0.0247  0.0247  0.0247  0.0247  0.0247  0.0247  0.0247  0.0247  0.0247  0.0247  0.0247  0.0247
  0.0248  0.0248  0.0247  0.0248  0.0247  0.0248  0.0248  0.0248  0.0248  0.0248  0.0247  0.0247
  0.0251  0.0250  0.0249  0.0250  0.0249  0.0251  0.0250  0.0253  0.0249  0.0251  0.0249  0.0249
  0.0257  0.0254  0.0252  0.0253  0.0253  0.0255  0.0255  0.0261  0.0253  0.0255  0.0251  0.0251
niter,ni,del,rscale     2    3    5.0000    0.5000
parameters
   -0.6956   -1.4763    9.0245  -13.6370  -12.8195  -19.0269
   -2.5997    1.9696    1.4007   13.4417    4.6251  -14.7125
eta,q 0.97532  9.74163
  0.0254  0.0252  0.0250  0.0251  0.0251  0.0252  0.0252  0.0256  0.0251  0.0252  0.0250  0.0250
  0.0250  0.0249  0.0248  0.0249  0.0249  0.0249  0.0249  0.0251  0.0249  0.0249  0.0248  0.0248
  0.0248  0.0247  0.0247  0.0247  0.0248  0.0247  0.0247  0.0248  0.0247  0.0247  0.0247  0.0247
  0.0247  0.0247  0.0247  0.0247  0.0247  0.0247  0.0247  0.0247  0.0247  0.0247  0.0247  0.0247
  0.0248  0.0247  0.0247  0.0248  0.0247  0.0248  0.0247  0.0248  0.0247  0.0248  0.0247  0.0247
  0.0250  0.0249  0.0248  0.0249  0.0248  0.0249  0.0249  0.0251  0.0249  0.0249  0.0248  0.0248
  0.0254  0.0252  0.0250  0.0251  0.0251  0.0252  0.0252  0.0256  0.0251  0.0252  0.0250  0.0250
niter,ni,del,rscale     1    3    5.0000    0.4000
parameters
   -0.6980   -1.4832    9.0170  -13.6806  -12.7494  -19.0591
   -2.5948    1.9645    1.3989   13.4241    4.6511  -14.7218
eta,q 0.97532  9.74085
  0.0251  0.0250  0.0249  0.0250  0.0250  0.0250  0.0250  0.0253  0.0249  0.0250  0.0249  0.0248
  0.0249  0.0248  0.0248  0.0248  0.0248  0.0248  0.0248  0.0250  0.0248  0.0248  0.0248  0.0247
  0.0247  0.0247  0.0247  0.0247  0.0247  0.0247  0.0247  0.0247  0.0247  0.0247  0.0247  0.0247
  0.0247  0.0247  0.0247  0.0247  0.0247  0.0247  0.0247  0.0247  0.0247  0.0247  0.0247  0.0247
  0.0247  0.0247  0.0247  0.0247  0.0247  0.0247  0.0247  0.0247  0.0247  0.0247  0.0247  0.0247
  0.0249  0.0248  0.0248  0.0248  0.0248  0.0249  0.0248  0.0250  0.0248  0.0248  0.0248  0.0248
  0.0251  0.0250  0.0249  0.0250  0.0250  0.0250  0.0250  0.0253  0.0249  0.0250  0.0249  0.0248
registration optimization eta report
parameter search radius
    0.8000    0.8000    0.8000    2.4000    2.4000    2.4000
    2.4000    2.4000    2.4000    2.4000    2.4000    2.4000
100000*second partial in parameter space
       71.       51.       36.        5.        5.        6.
        6.       11.        5.        6.        3.        3.
  0.0251  0.0250  0.0249  0.0250  0.0250  0.0250  0.0250  0.0253  0.0249  0.0250  0.0249  0.0248
  0.0249  0.0248  0.0248  0.0248  0.0248  0.0248  0.0248  0.0250  0.0248  0.0248  0.0248  0.0247
  0.0247  0.0247  0.0247  0.0247  0.0247  0.0247  0.0247  0.0247  0.0247  0.0247  0.0247  0.0247
  0.0247  0.0247  0.0247  0.0247  0.0247  0.0247  0.0247  0.0247  0.0247  0.0247  0.0247  0.0247
  0.0247  0.0247  0.0247  0.0247  0.0247  0.0247  0.0247  0.0247  0.0247  0.0247  0.0247  0.0247
  0.0249  0.0248  0.0248  0.0248  0.0248  0.0249  0.0248  0.0250  0.0248  0.0248  0.0248  0.0248
  0.0251  0.0250  0.0249  0.0250  0.0250  0.0250  0.0250  0.0253  0.0249  0.0250  0.0249  0.0248
   -0.6980   -1.4832    9.0170  -13.6806  -12.7494  -19.0591
   -2.5948    1.9645    1.3989   13.4241    4.6511  -14.7218
eta,q 0.97532  9.74085

---------------------------------------------------------------------
compute_vox2vox talsrcimg talsrcimg_to_711-2C_as_mni_average_305_t4 /opt/freesurfer/average/711-2C_as_mni_average_305
---------------------------------------------------------------------

freesurfer compute_vox2vox.c
Reading: talsrcimg.4dfp.ifh
Reading: talsrcimg_to_711-2C_as_mni_average_305_t4
Reading: /opt/freesurfer/average/711-2C_as_mni_average_305.4dfp.ifh
Writing: talsrcimg_to_711-2C_as_mni_average_305_t4_vox2vox.txt

start time Wed Mar 11 03:48:01 CET 2026
end		time Wed Mar 11 03:49:26 CET 2026

mpr2mni305 success

avi2talxfm orig_nu.mgz /opt/freesurfer/average/mni305.cor.mgz talsrcimg_to_711-2C_as_mni_average_305_t4_vox2vox.txt transforms/talairach.auto.xfm
avi2talxfm done
mv -f /out/sourcedata/freesurfer/sub-v2s13x29110_ses-1/mri/talsrcimg_to_711-2C_as_mni_average_305_t4_vox2vox.txt /out/sourcedata/freesurfer/sub-v2s13x29110_ses-1/mri/transforms/talsrcimg_to_711-2C_as_mni_average_305_t4_vox2vox.txt
lta_convert --src orig_nu.mgz --trg /opt/freesurfer/average/mni305.cor.mgz --inxfm transforms/talairach.auto.xfm --outlta transforms/talairach.auto.xfm.lta --subject fsaverage
7.3.2

--src: orig_nu.mgz src image (geometry).
--trg: /opt/freesurfer/average/mni305.cor.mgz trg image (geometry).
--inmni: transforms/talairach.auto.xfm input MNI/XFM transform.
--outlta: transforms/talairach.auto.xfm.lta output LTA.
--s: fsaverage subject name
 LTA read, type : 1
 1.15979  -0.03295   0.02893  -3.61063;
-0.06812   1.20377   0.20109  -1.31573;
-0.00811  -0.18468   1.11472  -17.69759;
 0.00000   0.00000   0.00000   1.00000;
setting subject to fsaverage
Writing  LTA to file transforms/talairach.auto.xfm.lta...
lta_convert successful.
 
 
Started at Wed Mar 11 03:48:01 CET 2026
Ended   at Wed Mar 11 03:49:26 CET 2026
talairach_avi done
