/out/sourcedata/freesurfer/sub-v2s13x29101_ses-1/mri
/opt/freesurfer/bin/talairach_avi
--i orig_nu.mgz --xfm transforms/talairach.auto.xfm
talairach_avi 7.3.2
Linux dna034 5.14.0-427.37.1.el9_4.x86_64 #1 SMP PREEMPT_DYNAMIC Fri Sep 13 12:41:50 EDT 2024 x86_64 x86_64 x86_64 GNU/Linux
Wed Mar 11 03:13:36 CET 2026
mri_convert orig_nu.mgz talsrcimg.img 
reading from orig_nu.mgz...
TR=0.00, TE=0.00, TI=0.00, flip angle=0.00
i_ras = (-1, 6.47877e-11, 0)
j_ras = (0, 8.29282e-09, -1)
k_ras = (-8.09846e-11, 1, 0)
writing to talsrcimg.img...
Analyze Output Matrix
-0.89844   0.00000  -0.00000   115.96690;
 0.00000   0.00000   0.89844  -118.52382;
 0.00000  -0.89844   0.00000   133.05835;
 0.00000   0.00000   0.00000   1.00000;
--------------------
INFO: set hdr.hist.orient to -1
mpr2mni305 talsrcimg
Wed Mar 11 03:13:37 CET 2026
/opt/freesurfer/bin/mpr2mni305 talsrcimg
mpr2mni305 7.3.2
target=711-2C_as_mni_average_305

---------------------------------------------------------------------
analyzeto4dfp talsrcimg -O0 -y
---------------------------------------------------------------------

freesurfer ifh2hdr.c
Wed Mar 11 03:13:37 2026
Writing: talsrcimg.4dfp.hdr
freesurfer analyzeto4dfp.c
Reading: talsrcimg.hdr
header size 348 bytes
hdr.dime.datatype	offset=70	value=2
hdr.dime.bitpix		offset=72	value=8
hdr.hist.orient		offset=252	value=-1
dimensionality     4
dimensions       256       256       256         1
Reading: talsrcimg.img
Writing: talsrcimg.4dfp.img
Writing: talsrcimg.4dfp.ifh
ifh2hdr talsrcimg -r0to243
ori=2

---------------------------------------------------------------------
gauss_4dfp talsrcimg 1.1
---------------------------------------------------------------------

freesurfer gauss_4dfp.c
Reading: talsrcimg.4dfp.img
Writing: talsrcimg_g11.4dfp.img
image dimensions 256 256 256 padded to 288 288 288
processing volume 1freesurfer ifh2hdr.c
Wed Mar 11 03:13:38 2026
Writing: talsrcimg_g11.4dfp.hdr

Writing: talsrcimg_g11.4dfp.ifh
including: talsrcimg.4dfp.img.rec in talsrcimg_g11.4dfp.img.rec

---------------------------------------------------------------------
imgreg_4dfp /opt/freesurfer/average/711-2C_as_mni_average_305 none talsrcimg_g11 none talsrcimg_to_711-2C_as_mni_average_305_t4 4355
---------------------------------------------------------------------

freesurfer imgreg_4dfp.c
/opt/freesurfer/average/711-2C_as_mni_average_305.4dfp.img
       256       256       256         1
  1.000000  1.000000  1.000000
orientation T byte_order littleendian
Reading image: /opt/freesurfer/average/711-2C_as_mni_average_305.4dfp.img
dimensions:      256       256       256
mmppix:       1.0000   -1.0000   -1.0000
center:     128.0000 -129.0000 -129.0000
talsrcimg_g11.4dfp.img
       256       256       256         1
  0.898438  0.898438  0.898438
orientation T byte_order littleendian
Reading image: talsrcimg_g11.4dfp.img
dimensions:      256       256       256
mmppix:       0.8984   -0.8984   -0.8984
center:     115.0001 -115.8985 -115.8985
t4_read: open error in t4_sub.f l:  41 t4_file(1:l)talsrcimg_to_711-2C_as_mni_average_305_t4 
t4_read: transform initialized to I4
rotation matrix determinant  1.000000
image alignment mode   4355 decimal     1103 hex
   -7.5000  -45.0000  -45.0000 6205.1514   16.7618
    0.0000  -45.0000  -45.0000 6259.8247   16.8067
    7.5000  -45.0000  -45.0000 5915.2075   16.8351
   -7.5000  -37.5000  -45.0000 6599.7720   17.8252
    0.0000  -37.5000  -45.0000 6659.2773   17.8617
    7.5000  -37.5000  -45.0000 6297.9854   17.8957
   -7.5000  -30.0000  -45.0000 7008.6816   18.4146
    0.0000  -30.0000  -45.0000 7063.0415   18.4496
    7.5000  -30.0000  -45.0000 6680.3276   18.4855
   -7.5000  -22.5000  -45.0000 7473.2354   18.4302
    0.0000  -22.5000  -45.0000 7569.8823   18.4753
    7.5000  -22.5000  -45.0000 7125.3667   18.5093
   -7.5000  -15.0000  -45.0000 7936.0752   18.4166
    0.0000  -15.0000  -45.0000 8051.1714   18.4751
    7.5000  -15.0000  -45.0000 7583.0293   18.5065
   -7.5000   -7.5000  -45.0000 8019.7607   18.3907
    0.0000   -7.5000  -45.0000 8130.4585   18.4503
    7.5000   -7.5000  -45.0000 7673.4434   18.4800
   -7.5000    0.0000  -45.0000 7988.3706   18.3745
    0.0000    0.0000  -45.0000 8065.1968   18.4237
    7.5000    0.0000  -45.0000 7633.1646   18.4548
   -7.5000    7.5000  -45.0000 7637.1245   18.3871
    0.0000    7.5000  -45.0000 7723.6226   18.4248
    7.5000    7.5000  -45.0000 7308.1074   18.4598
   -7.5000   15.0000  -45.0000 7482.0830   18.4147
    0.0000   15.0000  -45.0000 7567.3994   18.4496
    7.5000   15.0000  -45.0000 7145.8550   18.4855
   -7.5000   22.5000  -45.0000 6843.6421   18.1823
    0.0000   22.5000  -45.0000 6918.2915   18.2269
    7.5000   22.5000  -45.0000 6518.4253   18.2604
   -7.5000   30.0000  -45.0000 6231.7993   17.7260
    0.0000   30.0000  -45.0000 6287.3276   17.7823
    7.5000   30.0000  -45.0000 5921.4082   17.8123
   -7.5000   37.5000  -45.0000 5704.6025   17.3769
    0.0000   37.5000  -45.0000 5738.7964   17.4341
    7.5000   37.5000  -45.0000 5406.3931   17.4626
   -7.5000   45.0000  -45.0000 5179.2520   17.1848
    0.0000   45.0000  -45.0000 5205.2354   17.2374
    7.5000   45.0000  -45.0000 4901.8794   17.2713
   -7.5000  -45.0000  -37.5000 6785.5605   17.5539
    0.0000  -45.0000  -37.5000 6845.4014   17.5971
    7.5000  -45.0000  -37.5000 6462.0073   17.6191
   -7.5000  -37.5000  -37.5000 7201.6216   18.6722
    0.0000  -37.5000  -37.5000 7276.8521   18.7106
    7.5000  -37.5000  -37.5000 6865.5332   18.7392
   -7.5000  -30.0000  -37.5000 7602.1143   19.2501
    0.0000  -30.0000  -37.5000 7687.9810   19.2932
    7.5000  -30.0000  -37.5000 7259.3901   19.3286
   -7.5000  -22.5000  -37.5000 8100.4644   19.2628
    0.0000  -22.5000  -37.5000 8204.1611   19.3197
    7.5000  -22.5000  -37.5000 7721.3892   19.3571
   -7.5000  -15.0000  -37.5000 8595.9893   19.2534
    0.0000  -15.0000  -37.5000 8700.4541   19.3195
    7.5000  -15.0000  -37.5000 8209.8281   19.3527
   -7.5000   -7.5000  -37.5000 8696.2754   19.2328
    0.0000   -7.5000  -37.5000 8797.1367   19.2932
    7.5000   -7.5000  -37.5000 8306.9658   19.3196
   -7.5000    0.0000  -37.5000 8647.4229   19.2182
    0.0000    0.0000  -37.5000 8745.6416   19.2655
    7.5000    0.0000  -37.5000 8276.2764   19.2896
   -7.5000    7.5000  -37.5000 8279.2451   19.2269
    0.0000    7.5000  -37.5000 8385.9150   19.2665
    7.5000    7.5000  -37.5000 7911.7778   19.2960
   -7.5000   15.0000  -37.5000 8096.9751   19.2492
    0.0000   15.0000  -37.5000 8202.7793   19.2923
    7.5000   15.0000  -37.5000 7731.0156   19.3277
   -7.5000   22.5000  -37.5000 7373.9048   19.0053
    0.0000   22.5000  -37.5000 7466.4185   19.0614
    7.5000   22.5000  -37.5000 7028.9902   19.0984
   -7.5000   30.0000  -37.5000 6679.4849   18.5394
    0.0000   30.0000  -37.5000 6753.1060   18.6031
    7.5000   30.0000  -37.5000 6373.5166   18.6349
   -7.5000   37.5000  -37.5000 6108.9873   18.1859
    0.0000   37.5000  -37.5000 6160.4487   18.2446
    7.5000   37.5000  -37.5000 5820.5151   18.2700
   -7.5000   45.0000  -37.5000 5550.0312   17.9678
    0.0000   45.0000  -37.5000 5583.2349   18.0160
    7.5000   45.0000  -37.5000 5262.1704   18.0412
   -7.5000  -45.0000  -30.0000 7355.8599   18.3761
    0.0000  -45.0000  -30.0000 7412.1118   18.4071
    7.5000  -45.0000  -30.0000 6992.4473   18.4237
   -7.5000  -37.5000  -30.0000 7810.0503   19.5471
    0.0000  -37.5000  -30.0000 7887.1831   19.5754
    7.5000  -37.5000  -30.0000 7427.4395   19.6001
   -7.5000  -30.0000  -30.0000 8236.1514   20.1080
    0.0000  -30.0000  -30.0000 8315.7461   20.1482
    7.5000  -30.0000  -30.0000 7836.4805   20.1833
   -7.5000  -22.5000  -30.0000 8790.6816   20.1125
    0.0000  -22.5000  -30.0000 8885.8193   20.1717
    7.5000  -22.5000  -30.0000 8361.5264   20.2112
   -7.5000  -15.0000  -30.0000 9311.1436   20.1106
    0.0000  -15.0000  -30.0000 9398.6895   20.1763
    7.5000  -15.0000  -30.0000 8862.3994   20.2095
   -7.5000   -7.5000  -30.0000 9399.5918   20.1042
    0.0000   -7.5000  -30.0000 9484.6230   20.1566
    7.5000   -7.5000  -30.0000 8956.7490   20.1791
   -7.5000    0.0000  -30.0000 9331.3408   20.0975
    0.0000    0.0000  -30.0000 9429.4727   20.1314
    7.5000    0.0000  -30.0000 8907.4932   20.1494
   -7.5000    7.5000  -30.0000 8913.9697   20.0974
    0.0000    7.5000  -30.0000 9015.7695   20.1265
    7.5000    7.5000  -30.0000 8512.0400   20.1519
   -7.5000   15.0000  -30.0000 8690.9385   20.1053
    0.0000   15.0000  -30.0000 8799.6348   20.1454
    7.5000   15.0000  -30.0000 8309.7100   20.1805
   -7.5000   22.5000  -30.0000 7900.7861   19.8445
    0.0000   22.5000  -30.0000 7993.3213   19.9030
    7.5000   22.5000  -30.0000 7546.3706   19.9419
   -7.5000   30.0000  -30.0000 7137.6953   19.3794
    0.0000   30.0000  -30.0000 7215.8276   19.4429
    7.5000   30.0000  -30.0000 6807.8384   19.4750
   -7.5000   37.5000  -30.0000 6522.7759   19.0399
    0.0000   37.5000  -30.0000 6588.2065   19.0910
    7.5000   37.5000  -30.0000 6208.4360   19.1120
   -7.5000   45.0000  -30.0000 5908.0146   18.8182
    0.0000   45.0000  -30.0000 5938.6499   18.8495
    7.5000   45.0000  -30.0000 5604.6353   18.8670
   -7.5000  -45.0000  -22.5000 7940.1396   19.1421
    0.0000  -45.0000  -22.5000 7982.2666   19.1637
    7.5000  -45.0000  -22.5000 7525.4023   19.1841
   -7.5000  -37.5000  -22.5000 8431.3164   20.3762
    0.0000  -37.5000  -22.5000 8481.4424   20.3932
    7.5000  -37.5000  -22.5000 7971.9526   20.4236
   -7.5000  -30.0000  -22.5000 8894.2959   20.9316
    0.0000  -30.0000  -22.5000 8940.8857   20.9618
    7.5000  -30.0000  -22.5000 8405.1699   21.0022
   -7.5000  -22.5000  -22.5000 9489.0195   20.9288
    0.0000  -22.5000  -22.5000 9551.5840   20.9806
    7.5000  -22.5000  -22.5000 8996.3760   21.0230
   -7.5000  -15.0000  -22.500010029.1143   20.9237
    0.0000  -15.0000  -22.500010103.1299   20.9833
    7.5000  -15.0000  -22.5000 9528.2588   21.0176
   -7.5000   -7.5000  -22.500010097.9512   20.9220
    0.0000   -7.5000  -22.500010195.4834   20.9670
    7.5000   -7.5000  -22.5000 9609.6680   20.9914
   -7.5000    0.0000  -22.500010008.6768   20.9233
    0.0000    0.0000  -22.500010121.0498   20.9468
    7.5000    0.0000  -22.5000 9549.7383   20.9692
   -7.5000    7.5000  -22.5000 9517.4932   20.9238
    0.0000    7.5000  -22.5000 9624.9131   20.9413
    7.5000    7.5000  -22.5000 9073.0117   20.9725
   -7.5000   15.0000  -22.5000 9274.2578   20.9266
    0.0000   15.0000  -22.5000 9375.9648   20.9568
    7.5000   15.0000  -22.5000 8862.1309   20.9971
   -7.5000   22.5000  -22.5000 8425.1699   20.6519
    0.0000   22.5000  -22.5000 8528.9639   20.7031
    7.5000   22.5000  -22.5000 8053.4463   20.7448
   -7.5000   30.0000  -22.5000 7582.4839   20.1836
    0.0000   30.0000  -22.5000 7664.3286   20.2414
    7.5000   30.0000  -22.5000 7240.4648   20.2747
   -7.5000   37.5000  -22.5000 6924.9834   19.8454
    0.0000   37.5000  -22.5000 6993.0630   19.8885
    7.5000   37.5000  -22.5000 6591.3013   19.9107
   -7.5000   45.0000  -22.5000 6249.1230   19.6359
    0.0000   45.0000  -22.5000 6300.0005   19.6557
    7.5000   45.0000  -22.5000 5934.8887   19.6775
   -7.5000  -45.0000  -15.0000 8505.2188   19.8201
    0.0000  -45.0000  -15.0000 8549.1494   19.8468
    7.5000  -45.0000  -15.0000 8048.4937   19.8770
   -7.5000  -37.5000  -15.0000 9001.4053   21.1021
    0.0000  -37.5000  -15.0000 9063.6504   21.1201
    7.5000  -37.5000  -15.0000 8517.6689   21.1601
   -7.5000  -30.0000  -15.0000 9508.1797   21.6634
    0.0000  -30.0000  -15.0000 9572.6309   21.6882
    7.5000  -30.0000  -15.0000 8998.6631   21.7341
   -7.5000  -22.5000  -15.000010118.9854   21.6605
    0.0000  -22.5000  -15.000010206.5605   21.7048
    7.5000  -22.5000  -15.0000 9582.4268   21.7486
   -7.5000  -15.0000  -15.000010693.0869   21.6485
    0.0000  -15.0000  -15.000010795.4297   21.7058
    7.5000  -15.0000  -15.000010142.5137   21.7423
   -7.5000   -7.5000  -15.000010802.7812   21.6414
    0.0000   -7.5000  -15.000010934.4551   21.6905
    7.5000   -7.5000  -15.000010253.1592   21.7216
   -7.5000    0.0000  -15.000010719.4854   21.6433
    0.0000    0.0000  -15.000010853.9512   21.6724
    7.5000    0.0000  -15.000010188.9053   21.7054
   -7.5000    7.5000  -15.000010115.3721   21.6482
    0.0000    7.5000  -15.000010242.7568   21.6666
    7.5000    7.5000  -15.0000 9623.3652   21.7077
   -7.5000   15.0000  -15.0000 9816.9219   21.6567
    0.0000   15.0000  -15.0000 9927.6875   21.6815
    7.5000   15.0000  -15.0000 9345.5947   21.7274
   -7.5000   22.5000  -15.0000 8912.3076   21.3773
    0.0000   22.5000  -15.0000 9014.6299   21.4209
    7.5000   22.5000  -15.0000 8491.2852   21.4642
   -7.5000   30.0000  -15.0000 8037.7192   20.9041
    0.0000   30.0000  -15.0000 8120.2554   20.9598
    7.5000   30.0000  -15.0000 7662.1035   20.9952
   -7.5000   37.5000  -15.0000 7310.3496   20.5566
    0.0000   37.5000  -15.0000 7385.3110   20.6029
    7.5000   37.5000  -15.0000 6978.0435   20.6316
   -7.5000   45.0000  -15.0000 6593.0503   20.3566
    0.0000   45.0000  -15.0000 6663.3457   20.3851
    7.5000   45.0000  -15.0000 6276.3091   20.4195
   -7.5000  -45.0000   -7.5000 8786.9570   19.8039
    0.0000  -45.0000   -7.5000 8838.8379   19.8439
    7.5000  -45.0000   -7.5000 8335.2559   19.8796
   -7.5000  -37.5000   -7.5000 9286.9346   21.0896
    0.0000  -37.5000   -7.5000 9377.7080   21.1185
    7.5000  -37.5000   -7.5000 8823.1904   21.1625
   -7.5000  -30.0000   -7.5000 9813.4834   21.6650
    0.0000  -30.0000   -7.5000 9919.0469   21.6936
    7.5000  -30.0000   -7.5000 9305.1963   21.7400
   -7.5000  -22.5000   -7.500010419.2979   21.6725
    0.0000  -22.5000   -7.500010535.1641   21.7158
    7.5000  -22.5000   -7.5000 9869.4951   21.7577
   -7.5000  -15.0000   -7.500010996.4688   21.6553
    0.0000  -15.0000   -7.500011125.6758   21.7148
    7.5000  -15.0000   -7.500010430.0977   21.7516
   -7.5000   -7.5000   -7.500011122.5918   21.6339
    0.0000   -7.5000   -7.500011272.2080   21.6927
    7.5000   -7.5000   -7.500010555.7656   21.7279
   -7.5000    0.0000   -7.500011042.8838   21.6256
    0.0000    0.0000   -7.500011196.2754   21.6693
    7.5000    0.0000   -7.500010478.2637   21.7082
   -7.5000    7.5000   -7.500010391.5518   21.6353
    0.0000    7.5000   -7.500010509.5078   21.6650
    7.5000    7.5000   -7.5000 9863.8555   21.7102
   -7.5000   15.0000   -7.500010089.1172   21.6583
    0.0000   15.0000   -7.500010183.9414   21.6870
    7.5000   15.0000   -7.5000 9558.1064   21.7333
   -7.5000   22.5000   -7.5000 9155.2637   21.3891
    0.0000   22.5000   -7.5000 9255.7334   21.4319
    7.5000   22.5000   -7.5000 8696.7686   21.4732
   -7.5000   30.0000   -7.5000 8246.7090   20.9095
    0.0000   30.0000   -7.5000 8349.8096   20.9673
    7.5000   30.0000   -7.5000 7861.3594   21.0027
   -7.5000   37.5000   -7.5000 7498.5928   20.5462
    0.0000   37.5000   -7.5000 7590.7842   20.6020
    7.5000   37.5000   -7.5000 7152.0518   20.6352
   -7.5000   45.0000   -7.5000 6754.6904   20.3382
    0.0000   45.0000   -7.5000 6840.5459   20.3849
    7.5000   45.0000   -7.5000 6434.6421   20.4271
   -7.5000  -45.0000    0.0000 8894.9258   20.2831
    0.0000  -45.0000    0.0000 8965.3818   20.3343
    7.5000  -45.0000    0.0000 8477.2852   20.3670
   -7.5000  -37.5000    0.0000 9392.7178   21.5931
    0.0000  -37.5000    0.0000 9488.4453   21.6346
    7.5000  -37.5000    0.0000 8957.7188   21.6745
   -7.5000  -30.0000    0.0000 9983.3242   22.1790
    0.0000  -30.0000    0.000010097.7354   22.2190
    7.5000  -30.0000    0.0000 9480.5049   22.2616
   -7.5000  -22.5000    0.000010584.6289   22.1959
    0.0000  -22.5000    0.000010711.0010   22.2485
    7.5000  -22.5000    0.000010061.2695   22.2888
   -7.5000  -15.0000    0.000011147.1797   22.1771
    0.0000  -15.0000    0.000011276.7998   22.2449
    7.5000  -15.0000    0.000010597.5391   22.2815
   -7.5000   -7.5000    0.000011251.6201   22.1450
    0.0000   -7.5000    0.000011387.3916   22.2133
    7.5000   -7.5000    0.000010694.4053   22.2474
   -7.5000    0.0000    0.000011137.0225   22.1271
    0.0000    0.0000    0.000011299.7393   22.1829
    7.5000    0.0000    0.000010591.0518   22.2185
   -7.5000    7.5000    0.000010463.9990   22.1372
    0.0000    7.5000    0.000010605.5674   22.1798
    7.5000    7.5000    0.0000 9936.1758   22.2207
   -7.5000   15.0000    0.000010172.6201   22.1712
    0.0000   15.0000    0.000010292.8760   22.2112
    7.5000   15.0000    0.0000 9626.9834   22.2537
   -7.5000   22.5000    0.0000 9254.4502   21.9088
    0.0000   22.5000    0.0000 9361.9414   21.9606
    7.5000   22.5000    0.0000 8764.4404   22.0004
   -7.5000   30.0000    0.0000 8356.7822   21.4199
    0.0000   30.0000    0.0000 8467.4453   21.4855
    7.5000   30.0000    0.0000 7935.8145   21.5206
   -7.5000   37.5000    0.0000 7591.8545   21.0558
    0.0000   37.5000    0.0000 7686.4722   21.1218
    7.5000   37.5000    0.0000 7201.1743   21.1546
   -7.5000   45.0000    0.0000 6803.2271   20.8514
    0.0000   45.0000    0.0000 6891.0039   20.9117
    7.5000   45.0000    0.0000 6456.0137   20.9510
   -7.5000  -45.0000    7.5000 8648.0615   20.2884
    0.0000  -45.0000    7.5000 8722.3047   20.3365
    7.5000  -45.0000    7.5000 8260.5293   20.3601
   -7.5000  -37.5000    7.5000 9113.8477   21.5912
    0.0000  -37.5000    7.5000 9202.6230   21.6334
    7.5000  -37.5000    7.5000 8705.2285   21.6642
   -7.5000  -30.0000    7.5000 9723.1992   22.1677
    0.0000  -30.0000    7.5000 9859.3184   22.2153
    7.5000  -30.0000    7.5000 9245.2920   22.2536
   -7.5000  -22.5000    7.500010401.3193   22.1820
    0.0000  -22.5000    7.500010571.8955   22.2457
    7.5000  -22.5000    7.5000 9884.3643   22.2869
   -7.5000  -15.0000    7.500010919.6035   22.1719
    0.0000  -15.0000    7.500011063.5889   22.2464
    7.5000  -15.0000    7.500010399.1191   22.2832
   -7.5000   -7.5000    7.500010966.8242   22.1493
    0.0000   -7.5000    7.500011076.6943   22.2170
    7.5000   -7.5000    7.500010444.5771   22.2460
   -7.5000    0.0000    7.500010829.6680   22.1328
    0.0000    0.0000    7.500010973.3271   22.1852
    7.5000    0.0000    7.500010323.9814   22.2110
   -7.5000    7.5000    7.500010147.9736   22.1353
    0.0000    7.5000    7.500010304.9668   22.1786
    7.5000    7.5000    7.5000 9677.8613   22.2102
   -7.5000   15.0000    7.5000 9839.3105   22.1598
    0.0000   15.0000    7.5000 9960.8037   22.2074
    7.5000   15.0000    7.5000 9338.0107   22.2457
   -7.5000   22.5000    7.5000 8966.9336   21.8950
    0.0000   22.5000    7.5000 9065.8301   21.9578
    7.5000   22.5000    7.5000 8480.8760   21.9985
   -7.5000   30.0000    7.5000 8107.4614   21.4097
    0.0000   30.0000    7.5000 8185.1660   21.4816
    7.5000   30.0000    7.5000 7679.9731   21.5169
   -7.5000   37.5000    7.5000 7370.1182   21.0621
    0.0000   37.5000    7.5000 7449.2046   21.1284
    7.5000   37.5000    7.5000 6978.0894   21.1564
   -7.5000   45.0000    7.5000 6585.9170   20.8604
    0.0000   45.0000    7.5000 6665.8193   20.9142
    7.5000   45.0000    7.5000 6246.2432   20.9415
   -7.5000  -45.0000   15.0000 8677.5889   20.3072
    0.0000  -45.0000   15.0000 8746.3457   20.3413
    7.5000  -45.0000   15.0000 8299.7002   20.3596
   -7.5000  -37.5000   15.0000 9139.6318   21.6043
    0.0000  -37.5000   15.0000 9194.7061   21.6352
    7.5000  -37.5000   15.0000 8759.5410   21.6625
   -7.5000  -30.0000   15.0000 9740.8721   22.1661
    0.0000  -30.0000   15.0000 9888.9971   22.2098
    7.5000  -30.0000   15.0000 9294.2266   22.2485
   -7.5000  -22.5000   15.000010471.7041   22.1714
    0.0000  -22.5000   15.000010670.4912   22.2363
    7.5000  -22.5000   15.0000 9955.1240   22.2798
   -7.5000  -15.0000   15.000011061.4453   22.1689
    0.0000  -15.0000   15.000011213.2178   22.2411
    7.5000  -15.0000   15.000010522.8740   22.2778
   -7.5000   -7.5000   15.000011104.0801   22.1611
    0.0000   -7.5000   15.000011195.9434   22.2187
    7.5000   -7.5000   15.000010562.6279   22.2435
   -7.5000    0.0000   15.000010946.7471   22.1533
    0.0000    0.0000   15.000011057.5752   22.1904
    7.5000    0.0000   15.000010423.1211   22.2104
   -7.5000    7.5000   15.000010209.6836   22.1488
    0.0000    7.5000   15.000010319.5947   22.1804
    7.5000    7.5000   15.0000 9745.3887   22.2084
   -7.5000   15.0000   15.0000 9833.9297   22.1582
    0.0000   15.0000   15.0000 9913.0264   22.2020
    7.5000   15.0000   15.0000 9356.7256   22.2406
   -7.5000   22.5000   15.0000 8959.7207   21.8845
    0.0000   22.5000   15.0000 9018.7021   21.9486
    7.5000   22.5000   15.0000 8512.8457   21.9915
   -7.5000   30.0000   15.0000 8073.1680   21.4075
    0.0000   30.0000   15.0000 8127.3975   21.4774
    7.5000   30.0000   15.0000 7673.6958   21.5129
   -7.5000   37.5000   15.0000 7347.6064   21.0767
    0.0000   37.5000   15.0000 7415.1484   21.1331
    7.5000   37.5000   15.0000 6970.4976   21.1564
   -7.5000   45.0000   15.0000 6547.6411   20.8826
    0.0000   45.0000   15.0000 6620.1489   20.9172
    7.5000   45.0000   15.0000 6221.2251   20.9367
   -7.5000  -45.0000   22.5000 8271.7129   20.3695
    0.0000  -45.0000   22.5000 8331.0918   20.3922
    7.5000  -45.0000   22.5000 7931.6396   20.4137
   -7.5000  -37.5000   22.5000 8733.8779   21.6728
    0.0000  -37.5000   22.5000 8790.0059   21.6908
    7.5000  -37.5000   22.5000 8369.8467   21.7230
   -7.5000  -30.0000   22.5000 9279.4639   22.2300
    0.0000  -30.0000   22.5000 9425.3535   22.2621
    7.5000  -30.0000   22.5000 8878.5137   22.3049
   -7.5000  -22.5000   22.5000 9928.5859   22.2274
    0.0000  -22.5000   22.500010091.1230   22.2824
    7.5000  -22.5000   22.5000 9460.9268   22.3272
   -7.5000  -15.0000   22.500010536.9941   22.2223
    0.0000  -15.0000   22.500010692.1787   22.2854
    7.5000  -15.0000   22.500010014.4287   22.3214
   -7.5000   -7.5000   22.500010629.4209   22.2204
    0.0000   -7.5000   22.500010760.8008   22.2678
    7.5000   -7.5000   22.500010095.8779   22.2933
   -7.5000    0.0000   22.500010484.8340   22.2213
    0.0000    0.0000   22.500010612.9668   22.2460
    7.5000    0.0000   22.5000 9970.7783   22.2693
   -7.5000    7.5000   22.5000 9749.4561   22.2190
    0.0000    7.5000   22.5000 9856.9570   22.2374
    7.5000    7.5000   22.5000 9302.5312   22.2704
   -7.5000   15.0000   22.5000 9311.7607   22.2221
    0.0000   15.0000   22.5000 9383.6133   22.2542
    7.5000   15.0000   22.5000 8871.8105   22.2970
   -7.5000   22.5000   22.5000 8492.1143   21.9398
    0.0000   22.5000   22.5000 8529.9512   21.9941
    7.5000   22.5000   22.5000 8080.4131   22.0383
   -7.5000   30.0000   22.5000 7664.9697   21.4654
    0.0000   30.0000   22.5000 7679.2505   21.5267
    7.5000   30.0000   22.5000 7286.6304   21.5617
   -7.5000   37.5000   22.5000 6973.0811   21.1353
    0.0000   37.5000   22.5000 6991.7617   21.1809
    7.5000   37.5000   22.5000 6616.9189   21.2041
   -7.5000   45.0000   22.5000 6216.6719   20.9473
    0.0000   45.0000   22.5000 6239.3013   20.9683
    7.5000   45.0000   22.5000 5891.7490   20.9912
   -7.5000  -45.0000   30.0000 7815.4790   20.4094
    0.0000  -45.0000   30.0000 7888.4897   20.4379
    7.5000  -45.0000   30.0000 7471.5684   20.4694
   -7.5000  -37.5000   30.0000 8261.9648   21.7306
    0.0000  -37.5000   30.0000 8332.1592   21.7504
    7.5000  -37.5000   30.0000 7906.7822   21.7929
   -7.5000  -30.0000   30.0000 8787.6455   22.2989
    0.0000  -30.0000   30.0000 8895.7080   22.3258
    7.5000  -30.0000   30.0000 8401.9707   22.3746
   -7.5000  -22.5000   30.0000 9348.2861   22.2965
    0.0000  -22.5000   30.0000 9426.9932   22.3432
    7.5000  -22.5000   30.0000 8936.3730   22.3894
   -7.5000  -15.0000   30.0000 9859.8242   22.2846
    0.0000  -15.0000   30.0000 9915.8066   22.3442
    7.5000  -15.0000   30.0000 9421.4131   22.3822
   -7.5000   -7.5000   30.0000 9952.9941   22.2770
    0.0000   -7.5000   30.0000 9982.7861   22.3283
    7.5000   -7.5000   30.0000 9496.5996   22.3604
   -7.5000    0.0000   30.0000 9868.3613   22.2784
    0.0000    0.0000   30.0000 9911.1631   22.3095
    7.5000    0.0000   30.0000 9411.2803   22.3439
   -7.5000    7.5000   30.0000 9225.6367   22.2820
    0.0000    7.5000   30.0000 9264.3408   22.3023
    7.5000    7.5000   30.0000 8796.5205   22.3459
   -7.5000   15.0000   30.0000 8792.5635   22.2910
    0.0000   15.0000   30.0000 8829.9609   22.3178
    7.5000   15.0000   30.0000 8361.9072   22.3667
   -7.5000   22.5000   30.0000 7998.4438   22.0060
    0.0000   22.5000   30.0000 8034.4419   22.0521
    7.5000   22.5000   30.0000 7589.0972   22.0977
   -7.5000   30.0000   30.0000 7220.6348   21.5417
    0.0000   30.0000   30.0000 7236.6792   21.5998
    7.5000   30.0000   30.0000 6841.3276   21.6367
   -7.5000   37.5000   30.0000 6519.5273   21.2096
    0.0000   37.5000   30.0000 6549.3384   21.2582
    7.5000   37.5000   30.0000 6191.2832   21.2879
   -7.5000   45.0000   30.0000 5801.9844   21.0334
    0.0000   45.0000   30.0000 5829.4673   21.0639
    7.5000   45.0000   30.0000 5509.9087   21.1000
   -7.5000  -45.0000   37.5000 7314.7681   20.4219
    0.0000  -45.0000   37.5000 7379.4673   20.4621
    7.5000  -45.0000   37.5000 7009.0161   20.5002
   -7.5000  -37.5000   37.5000 7746.6958   21.7544
    0.0000  -37.5000   37.5000 7812.8247   21.7823
    7.5000  -37.5000   37.5000 7428.2515   21.8297
   -7.5000  -30.0000   37.5000 8229.7393   22.3294
    0.0000  -30.0000   37.5000 8303.8584   22.3569
    7.5000  -30.0000   37.5000 7881.9126   22.4070
   -7.5000  -22.5000   37.5000 8734.5674   22.3424
    0.0000  -22.5000   37.5000 8775.1299   22.3859
    7.5000  -22.5000   37.5000 8363.8301   22.4309
   -7.5000  -15.0000   37.5000 9178.2354   22.3244
    0.0000  -15.0000   37.5000 9216.6123   22.3856
    7.5000  -15.0000   37.5000 8797.6025   22.4245
   -7.5000   -7.5000   37.5000 9256.9326   22.2971
    0.0000   -7.5000   37.5000 9277.1699   22.3575
    7.5000   -7.5000   37.5000 8856.7705   22.3947
   -7.5000    0.0000   37.5000 9196.0205   22.2836
    0.0000    0.0000   37.5000 9222.0459   22.3275
    7.5000    0.0000   37.5000 8797.2207   22.3690
   -7.5000    7.5000   37.5000 8635.4844   22.2926
    0.0000    7.5000   37.5000 8678.0293   22.3212
    7.5000    7.5000   37.5000 8257.2461   22.3698
   -7.5000   15.0000   37.5000 8257.7725   22.3213
    0.0000   15.0000   37.5000 8290.1504   22.3488
    7.5000   15.0000   37.5000 7865.0488   22.3988
   -7.5000   22.5000   37.5000 7516.3379   22.0475
    0.0000   22.5000   37.5000 7547.1450   22.0904
    7.5000   22.5000   37.5000 7136.6182   22.1348
   -7.5000   30.0000   37.5000 6784.4414   21.5802
    0.0000   30.0000   37.5000 6812.1836   21.6397
    7.5000   30.0000   37.5000 6432.1216   21.6772
   -7.5000   37.5000   37.5000 6101.6592   21.2214
    0.0000   37.5000   37.5000 6132.8037   21.2787
    7.5000   37.5000   37.5000 5784.7544   21.3138
   -7.5000   45.0000   37.5000 5402.8267   21.0141
    0.0000   45.0000   37.5000 5441.5859   21.0612
    7.5000   45.0000   37.5000 5137.7212   21.1059
   -7.5000  -45.0000   45.0000 6788.8525   20.5881
    0.0000  -45.0000   45.0000 6870.4634   20.6367
    7.5000  -45.0000   45.0000 6511.3306   20.6669
   -7.5000  -37.5000   45.0000 7192.4814   21.9354
    0.0000  -37.5000   45.0000 7272.6738   21.9738
    7.5000  -37.5000   45.0000 6901.9233   22.0125
   -7.5000  -30.0000   45.0000 7637.3345   22.5017
    0.0000  -30.0000   45.0000 7704.2480   22.5381
    7.5000  -30.0000   45.0000 7321.9258   22.5792
   -7.5000  -22.5000   45.0000 8110.2153   22.5208
    0.0000  -22.5000   45.0000 8157.5913   22.5700
    7.5000  -22.5000   45.0000 7772.9453   22.6072
   -7.5000  -15.0000   45.0000 8520.7139   22.5009
    0.0000  -15.0000   45.0000 8557.5928   22.5662
    7.5000  -15.0000   45.0000 8161.9800   22.5982
   -7.5000   -7.5000   45.0000 8567.8242   22.4658
    0.0000   -7.5000   45.0000 8598.7559   22.5316
    7.5000   -7.5000   45.0000 8202.5088   22.5614
   -7.5000    0.0000   45.0000 8530.8057   22.4456
    0.0000    0.0000   45.0000 8569.4883   22.4986
    7.5000    0.0000   45.0000 8173.6631   22.5315
   -7.5000    7.5000   45.0000 8037.0596   22.4565
    0.0000    7.5000   45.0000 8079.5991   22.4958
    7.5000    7.5000   45.0000 7681.6572   22.5354
   -7.5000   15.0000   45.0000 7694.9668   22.4932
    0.0000   15.0000   45.0000 7733.0747   22.5297
    7.5000   15.0000   45.0000 7335.3882   22.5707
   -7.5000   22.5000   45.0000 6999.9360   22.2205
    0.0000   22.5000   45.0000 7032.4814   22.2691
    7.5000   22.5000   45.0000 6660.7715   22.3058
   -7.5000   30.0000   45.0000 6305.7144   21.7260
    0.0000   30.0000   45.0000 6345.6802   21.7889
    7.5000   30.0000   45.0000 5992.5835   21.8196
   -7.5000   37.5000   45.0000 5667.1099   21.3321
    0.0000   37.5000   45.0000 5707.1675   21.3953
    7.5000   37.5000   45.0000 5378.5874   21.4241
   -7.5000   45.0000   45.0000 5022.4814   21.0953
    0.0000   45.0000   45.0000 5062.6548   21.1529
    7.5000   45.0000   45.0000 4793.3926   21.1897

---------------------------------------------------------------------
imgreg_4dfp /opt/freesurfer/average/711-2C_as_mni_average_305 /opt/freesurfer/average/711-2B_as_mni_average_305_mask talsrcimg_g11 none talsrcimg_to_711-2C_as_mni_average_305_t4 4355
---------------------------------------------------------------------

freesurfer imgreg_4dfp.c
/opt/freesurfer/average/711-2C_as_mni_average_305.4dfp.img
       256       256       256         1
  1.000000  1.000000  1.000000
orientation T byte_order littleendian
Reading image: /opt/freesurfer/average/711-2C_as_mni_average_305.4dfp.img
dimensions:      256       256       256
mmppix:       1.0000   -1.0000   -1.0000
center:     128.0000 -129.0000 -129.0000
/opt/freesurfer/average/711-2B_as_mni_average_305_mask.4dfp.img
       256       256       256         1
  1.000000  1.000000  1.000000
orientation T byte_order littleendian
Reading mask: /opt/freesurfer/average/711-2B_as_mni_average_305_mask.4dfp.img (2306576 pixels)
talsrcimg_g11.4dfp.img
       256       256       256         1
  0.898438  0.898438  0.898438
orientation T byte_order littleendian
Reading image: talsrcimg_g11.4dfp.img
dimensions:      256       256       256
mmppix:       0.8984   -0.8984   -0.8984
center:     115.0001 -115.8985 -115.8985
rotation matrix determinant  1.000000
image alignment mode   4355 decimal     1103 hex
   -7.5000  -52.5000  -45.0000 1877.5841   20.5628
    0.0000  -52.5000  -45.0000 1881.0957   20.6262
    7.5000  -52.5000  -45.0000 1864.3998   20.7617
   -7.5000  -45.0000  -45.0000 1966.4760   19.3291
    0.0000  -45.0000  -45.0000 1971.6744   19.4011
    7.5000  -45.0000  -45.0000 1957.7722   19.5810
   -7.5000  -37.5000  -45.0000 2013.4625   18.3143
    0.0000  -37.5000  -45.0000 2023.6494   18.3365
    7.5000  -37.5000  -45.0000 2005.1896   18.5600
   -7.5000  -30.0000  -45.0000 2043.5911   17.6421
    0.0000  -30.0000  -45.0000 2053.3167   17.6664
    7.5000  -30.0000  -45.0000 2028.5254   17.8725
   -7.5000  -22.5000  -45.0000 2051.2009   17.3301
    0.0000  -22.5000  -45.0000 2064.0293   17.3236
    7.5000  -22.5000  -45.0000 2036.8270   17.6012
   -7.5000  -15.0000  -45.0000 2044.9257   17.4162
    0.0000  -15.0000  -45.0000 2060.2249   17.4136
    7.5000  -15.0000  -45.0000 2028.1113   17.6975
   -7.5000   -7.5000  -45.0000 2037.0161   17.7290
    0.0000   -7.5000  -45.0000 2048.7842   17.8015
    7.5000   -7.5000  -45.0000 2018.9352   18.0989
   -7.5000    0.0000  -45.0000 2002.0371   18.5109
    0.0000    0.0000  -45.0000 2011.3456   18.5727
    7.5000    0.0000  -45.0000 1986.8297   18.8875
   -7.5000    7.5000  -45.0000 1954.3260   19.5801
    0.0000    7.5000  -45.0000 1966.2040   19.6235
    7.5000    7.5000  -45.0000 1940.0111   19.9479
   -7.5000   15.0000  -45.0000 1889.8589   20.9837
    0.0000   15.0000  -45.0000 1899.6135   21.0255
    7.5000   15.0000  -45.0000 1870.8000   21.3621
   -7.5000   22.5000  -45.0000 1805.5729   22.8939
    0.0000   22.5000  -45.0000 1813.8599   22.9006
    7.5000   22.5000  -45.0000 1782.9595   23.3781
   -7.5000   30.0000  -45.0000 1702.7278   25.5581
    0.0000   30.0000  -45.0000 1712.4916   25.5966
    7.5000   30.0000  -45.0000 1685.7869   26.2336
   -7.5000   37.5000  -45.0000 1586.5074   29.1020
    0.0000   37.5000  -45.0000 1594.0624   29.1450
    7.5000   37.5000  -45.0000 1577.6541   29.8132
   -7.5000  -52.5000  -37.5000 2037.9927   20.1133
    0.0000  -52.5000  -37.5000 2042.9702   20.2101
    7.5000  -52.5000  -37.5000 2026.1533   20.3247
   -7.5000  -45.0000  -37.5000 2139.8823   18.8531
    0.0000  -45.0000  -37.5000 2146.5820   18.9131
    7.5000  -45.0000  -37.5000 2130.5242   19.0901
   -7.5000  -37.5000  -37.5000 2192.7896   17.8287
    0.0000  -37.5000  -37.5000 2203.6062   17.8534
    7.5000  -37.5000  -37.5000 2181.2583   18.0744
   -7.5000  -30.0000  -37.5000 2214.4648   17.1814
    0.0000  -30.0000  -37.5000 2229.9451   17.1764
    7.5000  -30.0000  -37.5000 2200.2119   17.4245
   -7.5000  -22.5000  -37.5000 2222.6194   16.8285
    0.0000  -22.5000  -37.5000 2238.7544   16.8519
    7.5000  -22.5000  -37.5000 2200.8550   17.0941
   -7.5000  -15.0000  -37.5000 2217.1853   16.9233
    0.0000  -15.0000  -37.5000 2231.3950   16.9253
    7.5000  -15.0000  -37.5000 2203.8765   17.1963
   -7.5000   -7.5000  -37.5000 2206.6116   17.2124
    0.0000   -7.5000  -37.5000 2217.1865   17.2862
    7.5000   -7.5000  -37.5000 2189.5183   17.5533
   -7.5000    0.0000  -37.5000 2171.5337   17.9430
    0.0000    0.0000  -37.5000 2185.0464   18.0011
    7.5000    0.0000  -37.5000 2160.6667   18.2826
   -7.5000    7.5000  -37.5000 2126.2947   18.9366
    0.0000    7.5000  -37.5000 2141.0203   18.9602
    7.5000    7.5000  -37.5000 2112.8672   19.2722
   -7.5000   15.0000  -37.5000 2050.9976   20.3092
    0.0000   15.0000  -37.5000 2062.7739   20.3066
    7.5000   15.0000  -37.5000 2031.1343   20.6224
   -7.5000   22.5000  -37.5000 1957.3455   22.1523
    0.0000   22.5000  -37.5000 1967.1239   22.1590
    7.5000   22.5000  -37.5000 1936.3125   22.5624
   -7.5000   30.0000  -37.5000 1848.1556   24.7007
    0.0000   30.0000  -37.5000 1854.4049   24.7490
    7.5000   30.0000  -37.5000 1829.9528   25.2512
   -7.5000   37.5000  -37.5000 1719.8359   28.0087
    0.0000   37.5000  -37.5000 1727.7446   28.0436
    7.5000   37.5000  -37.5000 1709.1376   28.5448
   -7.5000  -52.5000  -30.0000 2184.2456   19.6552
    0.0000  -52.5000  -30.0000 2189.4902   19.6709
    7.5000  -52.5000  -30.0000 2174.1899   19.8412
   -7.5000  -45.0000  -30.0000 2288.0579   18.3327
    0.0000  -45.0000  -30.0000 2295.2656   18.3490
    7.5000  -45.0000  -30.0000 2276.6479   18.5143
   -7.5000  -37.5000  -30.0000 2354.7029   17.2753
    0.0000  -37.5000  -30.0000 2362.6082   17.2586
    7.5000  -37.5000  -30.0000 2339.2166   17.4353
   -7.5000  -30.0000  -30.0000 2379.5369   16.6192
    0.0000  -30.0000  -30.0000 2391.2722   16.5725
    7.5000  -30.0000  -30.0000 2362.2336   16.7891
   -7.5000  -22.5000  -30.0000 2394.3115   16.2852
    0.0000  -22.5000  -30.0000 2408.1067   16.2620
    7.5000  -22.5000  -30.0000 2373.7346   16.4818
   -7.5000  -15.0000  -30.0000 2389.0320   16.4008
    0.0000  -15.0000  -30.0000 2398.4602   16.3644
    7.5000  -15.0000  -30.0000 2369.6870   16.6207
   -7.5000   -7.5000  -30.0000 2372.2976   16.6943
    0.0000   -7.5000  -30.0000 2382.1741   16.6934
    7.5000   -7.5000  -30.0000 2348.9043   16.9748
   -7.5000    0.0000  -30.0000 2336.1829   17.3365
    0.0000    0.0000  -30.0000 2349.9380   17.3256
    7.5000    0.0000  -30.0000 2314.3196   17.6078
   -7.5000    7.5000  -30.0000 2281.4087   18.2570
    0.0000    7.5000  -30.0000 2296.1892   18.2760
    7.5000    7.5000  -30.0000 2261.0786   18.5450
   -7.5000   15.0000  -30.0000 2197.9258   19.5672
    0.0000   15.0000  -30.0000 2212.1592   19.5758
    7.5000   15.0000  -30.0000 2180.1428   19.8539
   -7.5000   22.5000  -30.0000 2098.3501   21.3115
    0.0000   22.5000  -30.0000 2111.2808   21.3604
    7.5000   22.5000  -30.0000 2082.8054   21.6992
   -7.5000   30.0000  -30.0000 1982.3319   23.7562
    0.0000   30.0000  -30.0000 1992.1057   23.8033
    7.5000   30.0000  -30.0000 1960.1499   24.1822
   -7.5000   37.5000  -30.0000 1846.8119   26.8621
    0.0000   37.5000  -30.0000 1856.6050   26.8883
    7.5000   37.5000  -30.0000 1825.4756   27.2705
   -7.5000  -52.5000  -22.5000 2307.3162   19.0046
    0.0000  -52.5000  -22.5000 2316.4353   18.9851
    7.5000  -52.5000  -22.5000 2293.1331   19.1822
   -7.5000  -45.0000  -22.5000 2413.9236   17.6995
    0.0000  -45.0000  -22.5000 2424.9573   17.6640
    7.5000  -45.0000  -22.5000 2400.8760   17.8282
   -7.5000  -37.5000  -22.5000 2488.9553   16.6070
    0.0000  -37.5000  -22.5000 2496.4946   16.5464
    7.5000  -37.5000  -22.5000 2471.0959   16.7030
   -7.5000  -30.0000  -22.5000 2525.5762   15.9111
    0.0000  -30.0000  -22.5000 2529.6768   15.8119
    7.5000  -30.0000  -22.5000 2500.7966   16.0244
   -7.5000  -22.5000  -22.5000 2549.8049   15.5774
    0.0000  -22.5000  -22.5000 2561.0537   15.5046
    7.5000  -22.5000  -22.5000 2528.9419   15.7206
   -7.5000  -15.0000  -22.5000 2547.2051   15.6719
    0.0000  -15.0000  -22.5000 2556.2520   15.6084
    7.5000  -15.0000  -22.5000 2531.0068   15.8328
   -7.5000   -7.5000  -22.5000 2526.4346   15.9835
    0.0000   -7.5000  -22.5000 2538.0293   15.9566
    7.5000   -7.5000  -22.5000 2505.6282   16.2358
   -7.5000    0.0000  -22.5000 2488.9973   16.6165
    0.0000    0.0000  -22.5000 2502.8972   16.5882
    7.5000    0.0000  -22.5000 2463.6714   16.8326
   -7.5000    7.5000  -22.5000 2424.9163   17.4811
    0.0000    7.5000  -22.5000 2443.2778   17.4679
    7.5000    7.5000  -22.5000 2399.3816   17.7090
   -7.5000   15.0000  -22.5000 2333.2295   18.6934
    0.0000   15.0000  -22.5000 2348.1792   18.6890
    7.5000   15.0000  -22.5000 2315.8337   18.9592
   -7.5000   22.5000  -22.5000 2223.9998   20.3361
    0.0000   22.5000  -22.5000 2241.2000   20.3541
    7.5000   22.5000  -22.5000 2208.1016   20.6847
   -7.5000   30.0000  -22.5000 2093.3030   22.6558
    0.0000   30.0000  -22.5000 2109.4565   22.6968
    7.5000   30.0000  -22.5000 2080.0906   23.0373
   -7.5000   37.5000  -22.5000 1953.2164   25.5107
    0.0000   37.5000  -22.5000 1965.4282   25.5768
    7.5000   37.5000  -22.5000 1938.2094   25.9350
   -7.5000  -52.5000  -15.0000 2388.8372   18.2444
    0.0000  -52.5000  -15.0000 2400.0989   18.1999
    7.5000  -52.5000  -15.0000 2377.3569   18.4087
   -7.5000  -45.0000  -15.0000 2506.0276   16.9474
    0.0000  -45.0000  -15.0000 2518.7214   16.8546
    7.5000  -45.0000  -15.0000 2490.4165   17.0404
   -7.5000  -37.5000  -15.0000 2586.9607   15.8576
    0.0000  -37.5000  -15.0000 2599.7964   15.7757
    7.5000  -37.5000  -15.0000 2571.0732   15.9295
   -7.5000  -30.0000  -15.0000 2634.4839   15.0955
    0.0000  -30.0000  -15.0000 2646.8569   15.0154
    7.5000  -30.0000  -15.0000 2622.0251   15.2048
   -7.5000  -22.5000  -15.0000 2670.0288   14.7409
    0.0000  -22.5000  -15.0000 2684.9617   14.6827
    7.5000  -22.5000  -15.0000 2650.3423   14.8925
   -7.5000  -15.0000  -15.0000 2676.3804   14.7867
    0.0000  -15.0000  -15.0000 2686.9954   14.7624
    7.5000  -15.0000  -15.0000 2656.3735   14.9726
   -7.5000   -7.5000  -15.0000 2659.3191   15.1527
    0.0000   -7.5000  -15.0000 2676.2861   15.1187
    7.5000   -7.5000  -15.0000 2637.7659   15.3405
   -7.5000    0.0000  -15.0000 2620.4778   15.7879
    0.0000    0.0000  -15.0000 2638.0559   15.7230
    7.5000    0.0000  -15.0000 2595.0354   15.9654
   -7.5000    7.5000  -15.0000 2549.5305   16.6415
    0.0000    7.5000  -15.0000 2572.0635   16.5572
    7.5000    7.5000  -15.0000 2528.5222   16.8087
   -7.5000   15.0000  -15.0000 2445.4749   17.7922
    0.0000   15.0000  -15.0000 2465.1636   17.7334
    7.5000   15.0000  -15.0000 2430.4189   17.9857
   -7.5000   22.5000  -15.0000 2323.0596   19.3628
    0.0000   22.5000  -15.0000 2343.0044   19.3353
    7.5000   22.5000  -15.0000 2312.5205   19.6285
   -7.5000   30.0000  -15.0000 2195.2886   21.5811
    0.0000   30.0000  -15.0000 2215.2783   21.5674
    7.5000   30.0000  -15.0000 2185.2219   21.8811
   -7.5000   37.5000  -15.0000 2034.4202   24.2460
    0.0000   37.5000  -15.0000 2050.6113   24.2920
    7.5000   37.5000  -15.0000 2025.3402   24.6283
   -7.5000  -52.5000   -7.5000 2430.0852   17.3577
    0.0000  -52.5000   -7.5000 2441.8562   17.2950
    7.5000  -52.5000   -7.5000 2420.2017   17.5214
   -7.5000  -45.0000   -7.5000 2555.7810   16.0717
    0.0000  -45.0000   -7.5000 2570.0168   15.9929
    7.5000  -45.0000   -7.5000 2543.6523   16.2195
   -7.5000  -37.5000   -7.5000 2647.9946   15.0037
    0.0000  -37.5000   -7.5000 2665.8264   14.9495
    7.5000  -37.5000   -7.5000 2638.8848   15.1376
   -7.5000  -30.0000   -7.5000 2711.1389   14.2613
    0.0000  -30.0000   -7.5000 2729.7405   14.2109
    7.5000  -30.0000   -7.5000 2699.1956   14.3889
   -7.5000  -22.5000   -7.5000 2753.3518   13.8894
    0.0000  -22.5000   -7.5000 2773.1482   13.8563
    7.5000  -22.5000   -7.5000 2733.2170   14.0455
   -7.5000  -15.0000   -7.5000 2766.4675   13.8465
    0.0000  -15.0000   -7.5000 2781.9595   13.8247
    7.5000  -15.0000   -7.5000 2745.6719   14.0519
   -7.5000   -7.5000   -7.5000 2753.8672   14.2028
    0.0000   -7.5000   -7.5000 2775.8003   14.1583
    7.5000   -7.5000   -7.5000 2733.4060   14.3857
   -7.5000    0.0000   -7.5000 2713.8606   14.8168
    0.0000    0.0000   -7.5000 2738.1006   14.7488
    7.5000    0.0000   -7.5000 2691.0159   14.9795
   -7.5000    7.5000   -7.5000 2638.8838   15.6633
    0.0000    7.5000   -7.5000 2659.0173   15.5809
    7.5000    7.5000   -7.5000 2619.0237   15.8330
   -7.5000   15.0000   -7.5000 2533.5481   16.7635
    0.0000   15.0000   -7.5000 2549.6755   16.6826
    7.5000   15.0000   -7.5000 2512.7810   16.9460
   -7.5000   22.5000   -7.5000 2396.5024   18.3314
    0.0000   22.5000   -7.5000 2415.9287   18.2387
    7.5000   22.5000   -7.5000 2381.7363   18.5584
   -7.5000   30.0000   -7.5000 2259.3215   20.3963
    0.0000   30.0000   -7.5000 2280.8774   20.3711
    7.5000   30.0000   -7.5000 2250.8242   20.7108
   -7.5000   37.5000   -7.5000 2093.0173   22.9394
    0.0000   37.5000   -7.5000 2108.1353   22.8951
    7.5000   37.5000   -7.5000 2082.3560   23.2797
   -7.5000  -52.5000    0.0000 2463.0627   16.8543
    0.0000  -52.5000    0.0000 2474.9314   16.8017
    7.5000  -52.5000    0.0000 2454.7920   17.0686
   -7.5000  -45.0000    0.0000 2596.2405   15.5721
    0.0000  -45.0000    0.0000 2609.4331   15.4981
    7.5000  -45.0000    0.0000 2587.2056   15.7592
   -7.5000  -37.5000    0.0000 2700.7886   14.4655
    0.0000  -37.5000    0.0000 2719.0164   14.4231
    7.5000  -37.5000    0.0000 2694.1545   14.6302
   -7.5000  -30.0000    0.0000 2790.4500   13.7653
    0.0000  -30.0000    0.0000 2810.1299   13.7104
    7.5000  -30.0000    0.0000 2778.3159   13.8867
   -7.5000  -22.5000    0.0000 2841.3596   13.3724
    0.0000  -22.5000    0.0000 2868.7129   13.3264
    7.5000  -22.5000    0.0000 2824.2334   13.5254
   -7.5000  -15.0000    0.0000 2867.0891   13.2417
    0.0000  -15.0000    0.0000 2894.7913   13.1848
    7.5000  -15.0000    0.0000 2843.3020   13.4517
   -7.5000   -7.5000    0.0000 2849.5398   13.5839
    0.0000   -7.5000    0.0000 2877.1245   13.4896
    7.5000   -7.5000    0.0000 2829.6345   13.7319
   -7.5000    0.0000    0.0000 2797.8926   14.1466
    0.0000    0.0000    0.0000 2825.6724   14.0577
    7.5000    0.0000    0.0000 2777.8860   14.3088
   -7.5000    7.5000    0.0000 2717.0522   14.9646
    0.0000    7.5000    0.0000 2743.1060   14.8659
    7.5000    7.5000    0.0000 2699.0186   15.1530
   -7.5000   15.0000    0.0000 2603.0347   16.0711
    0.0000   15.0000    0.0000 2623.3389   15.9835
    7.5000   15.0000    0.0000 2583.0044   16.2688
   -7.5000   22.5000    0.0000 2462.7837   17.6151
    0.0000   22.5000    0.0000 2483.5481   17.5425
    7.5000   22.5000    0.0000 2443.6125   17.8651
   -7.5000   30.0000    0.0000 2319.7122   19.6110
    0.0000   30.0000    0.0000 2340.7444   19.6139
    7.5000   30.0000    0.0000 2306.2263   19.9533
   -7.5000   37.5000    0.0000 2150.4114   22.0333
    0.0000   37.5000    0.0000 2162.5056   22.0506
    7.5000   37.5000    0.0000 2134.8574   22.4244
   -7.5000  -52.5000    7.5000 2465.4778   16.5199
    0.0000  -52.5000    7.5000 2479.5564   16.3914
    7.5000  -52.5000    7.5000 2461.1301   16.7385
   -7.5000  -45.0000    7.5000 2604.7036   15.2242
    0.0000  -45.0000    7.5000 2623.7791   15.0849
    7.5000  -45.0000    7.5000 2598.3228   15.3758
   -7.5000  -37.5000    7.5000 2720.4043   14.0955
    0.0000  -37.5000    7.5000 2745.9954   13.9801
    7.5000  -37.5000    7.5000 2714.1177   14.2531
   -7.5000  -30.0000    7.5000 2825.5056   13.3598
    0.0000  -30.0000    7.5000 2858.4971   13.2697
    7.5000  -30.0000    7.5000 2812.0315   13.4912
   -7.5000  -22.5000    7.5000 2901.4917   12.9925
    0.0000  -22.5000    7.5000 2941.1604   12.9300
    7.5000  -22.5000    7.5000 2880.1741   13.1130
   -7.5000  -15.0000    7.5000 2940.9978   12.8423
    0.0000  -15.0000    7.5000 2983.0076   12.7472
    7.5000  -15.0000    7.5000 2910.9878   13.0131
   -7.5000   -7.5000    7.5000 2919.3328   13.1075
    0.0000   -7.5000    7.5000 2952.2866   13.0086
    7.5000   -7.5000    7.5000 2890.2234   13.2734
   -7.5000    0.0000    7.5000 2848.2361   13.6552
    0.0000    0.0000    7.5000 2882.7546   13.5428
    7.5000    0.0000    7.5000 2829.4116   13.8199
   -7.5000    7.5000    7.5000 2760.3232   14.4336
    0.0000    7.5000    7.5000 2790.6926   14.3123
    7.5000    7.5000    7.5000 2745.6807   14.5947
   -7.5000   15.0000    7.5000 2638.7002   15.5647
    0.0000   15.0000    7.5000 2662.8838   15.4427
    7.5000   15.0000    7.5000 2623.4470   15.7301
   -7.5000   22.5000    7.5000 2498.7239   17.1267
    0.0000   22.5000    7.5000 2519.6863   17.0059
    7.5000   22.5000    7.5000 2480.8979   17.3235
   -7.5000   30.0000    7.5000 2353.1350   19.0724
    0.0000   30.0000    7.5000 2371.0398   19.0633
    7.5000   30.0000    7.5000 2337.6257   19.3685
   -7.5000   37.5000    7.5000 2173.9487   21.4398
    0.0000   37.5000    7.5000 2190.7461   21.4468
    7.5000   37.5000    7.5000 2159.8542   21.7980
   -7.5000  -52.5000   15.0000 2452.8599   16.4031
    0.0000  -52.5000   15.0000 2464.5759   16.2308
    7.5000  -52.5000   15.0000 2445.0740   16.6508
   -7.5000  -45.0000   15.0000 2597.9668   15.0863
    0.0000  -45.0000   15.0000 2615.4783   14.9144
    7.5000  -45.0000   15.0000 2590.1614   15.2520
   -7.5000  -37.5000   15.0000 2723.0852   13.9662
    0.0000  -37.5000   15.0000 2742.4224   13.8031
    7.5000  -37.5000   15.0000 2714.3389   14.1095
   -7.5000  -30.0000   15.0000 2832.0554   13.2063
    0.0000  -30.0000   15.0000 2860.9233   13.0671
    7.5000  -30.0000   15.0000 2818.2610   13.3724
   -7.5000  -22.5000   15.0000 2921.5625   12.8550
    0.0000  -22.5000   15.0000 2966.3000   12.7869
    7.5000  -22.5000   15.0000 2900.6565   12.9785
   -7.5000  -15.0000   15.0000 2975.0110   12.7193
    0.0000  -15.0000   15.0000 3033.4966   12.6619
    7.5000  -15.0000   15.0000 2945.7920   12.8570
   -7.5000   -7.5000   15.0000 2951.3643   12.9216
    0.0000   -7.5000   15.0000 2995.2434   12.8138
    7.5000   -7.5000   15.0000 2921.9128   13.0846
   -7.5000    0.0000   15.0000 2875.3516   13.4105
    0.0000    0.0000   15.0000 2910.9114   13.2700
    7.5000    0.0000   15.0000 2853.8318   13.5620
   -7.5000    7.5000   15.0000 2772.2393   14.1833
    0.0000    7.5000   15.0000 2798.5667   14.0692
    7.5000    7.5000   15.0000 2759.0178   14.3700
   -7.5000   15.0000   15.0000 2645.8547   15.3443
    0.0000   15.0000   15.0000 2666.9478   15.2275
    7.5000   15.0000   15.0000 2635.6609   15.5140
   -7.5000   22.5000   15.0000 2508.6794   16.9066
    0.0000   22.5000   15.0000 2526.4739   16.8098
    7.5000   22.5000   15.0000 2496.1294   17.1018
   -7.5000   30.0000   15.0000 2356.1648   18.8096
    0.0000   30.0000   15.0000 2373.7197   18.7887
    7.5000   30.0000   15.0000 2345.6331   19.0996
   -7.5000   37.5000   15.0000 2177.8647   21.0687
    0.0000   37.5000   15.0000 2193.6130   21.0941
    7.5000   37.5000   15.0000 2166.2117   21.3772
   -7.5000  -52.5000   22.5000 2433.4431   16.5567
    0.0000  -52.5000   22.5000 2449.3069   16.3228
    7.5000  -52.5000   22.5000 2426.3684   16.8164
   -7.5000  -45.0000   22.5000 2573.3933   15.2471
    0.0000  -45.0000   22.5000 2588.4656   15.0474
    7.5000  -45.0000   22.5000 2566.8774   15.4297
   -7.5000  -37.5000   22.5000 2695.5002   14.1459
    0.0000  -37.5000   22.5000 2715.2493   13.9872
    7.5000  -37.5000   22.5000 2688.1653   14.3158
   -7.5000  -30.0000   22.5000 2804.4417   13.4006
    0.0000  -30.0000   22.5000 2832.0920   13.2625
    7.5000  -30.0000   22.5000 2796.0039   13.5446
   -7.5000  -22.5000   22.5000 2893.4031   12.9690
    0.0000  -22.5000   22.5000 2934.5022   12.9065
    7.5000  -22.5000   22.5000 2875.6333   13.1159
   -7.5000  -15.0000   22.5000 2956.8503   12.8230
    0.0000  -15.0000   22.5000 3004.0442   12.7304
    7.5000  -15.0000   22.5000 2929.1050   12.9729
   -7.5000   -7.5000   22.5000 2935.2773   13.0792
    0.0000   -7.5000   22.5000 2976.0376   12.9658
    7.5000   -7.5000   22.5000 2908.9966   13.2032
   -7.5000    0.0000   22.5000 2862.7505   13.5314
    0.0000    0.0000   22.5000 2897.4426   13.4368
    7.5000    0.0000   22.5000 2841.1660   13.6749
   -7.5000    7.5000   22.5000 2758.4656   14.3093
    0.0000    7.5000   22.5000 2785.1907   14.1956
    7.5000    7.5000   22.5000 2744.5203   14.4754
   -7.5000   15.0000   22.5000 2627.4309   15.4664
    0.0000   15.0000   22.5000 2649.3730   15.3288
    7.5000   15.0000   22.5000 2618.5198   15.6111
   -7.5000   22.5000   22.5000 2492.4004   16.9494
    0.0000   22.5000   22.5000 2505.4478   16.8341
    7.5000   22.5000   22.5000 2486.6790   17.1438
   -7.5000   30.0000   22.5000 2343.7842   18.8057
    0.0000   30.0000   22.5000 2356.0906   18.7475
    7.5000   30.0000   22.5000 2334.8140   19.0819
   -7.5000   37.5000   22.5000 2162.8469   20.9895
    0.0000   37.5000   22.5000 2174.5117   20.9362
    7.5000   37.5000   22.5000 2150.7407   21.2982
   -7.5000  -52.5000   30.0000 2403.0881   17.1024
    0.0000  -52.5000   30.0000 2421.1392   16.9095
    7.5000  -52.5000   30.0000 2393.4868   17.3343
   -7.5000  -45.0000   30.0000 2535.1743   15.7642
    0.0000  -45.0000   30.0000 2553.9138   15.5823
    7.5000  -45.0000   30.0000 2526.6113   15.9385
   -7.5000  -37.5000   30.0000 2650.3857   14.6505
    0.0000  -37.5000   30.0000 2669.6843   14.4469
    7.5000  -37.5000   30.0000 2645.5315   14.8170
   -7.5000  -30.0000   30.0000 2759.2654   13.8797
    0.0000  -30.0000   30.0000 2784.9678   13.7183
    7.5000  -30.0000   30.0000 2751.3469   14.0355
   -7.5000  -22.5000   30.0000 2840.4600   13.3767
    0.0000  -22.5000   30.0000 2877.9753   13.2287
    7.5000  -22.5000   30.0000 2829.3535   13.5405
   -7.5000  -15.0000   30.0000 2894.4478   13.2160
    0.0000  -15.0000   30.0000 2927.9851   13.0600
    7.5000  -15.0000   30.0000 2877.8535   13.3972
   -7.5000   -7.5000   30.0000 2880.0251   13.4622
    0.0000   -7.5000   30.0000 2905.7002   13.3002
    7.5000   -7.5000   30.0000 2860.2129   13.6119
   -7.5000    0.0000   30.0000 2811.0303   13.9816
    0.0000    0.0000   30.0000 2838.3062   13.8134
    7.5000    0.0000   30.0000 2797.5737   14.1098
   -7.5000    7.5000   30.0000 2713.1187   14.7711
    0.0000    7.5000   30.0000 2736.3286   14.6155
    7.5000    7.5000   30.0000 2702.0334   14.9062
   -7.5000   15.0000   30.0000 2588.3486   15.9080
    0.0000   15.0000   30.0000 2607.3694   15.7715
    7.5000   15.0000   30.0000 2577.4280   16.0392
   -7.5000   22.5000   30.0000 2455.1260   17.3208
    0.0000   22.5000   30.0000 2475.6228   17.2223
    7.5000   22.5000   30.0000 2448.3010   17.4899
   -7.5000   30.0000   30.0000 2311.1355   19.0979
    0.0000   30.0000   30.0000 2326.9109   19.0217
    7.5000   30.0000   30.0000 2304.9158   19.3322
   -7.5000   37.5000   30.0000 2129.4863   21.2452
    0.0000   37.5000   30.0000 2144.2625   21.1773
    7.5000   37.5000   30.0000 2124.0366   21.4931
   -7.5000  -52.5000   37.5000 2356.3765   17.9509
    0.0000  -52.5000   37.5000 2376.0266   17.7722
    7.5000  -52.5000   37.5000 2349.5596   18.1750
   -7.5000  -45.0000   37.5000 2483.8347   16.5439
    0.0000  -45.0000   37.5000 2505.3298   16.3341
    7.5000  -45.0000   37.5000 2479.7874   16.7216
   -7.5000  -37.5000   37.5000 2601.4500   15.4038
    0.0000  -37.5000   37.5000 2625.3005   15.1559
    7.5000  -37.5000   37.5000 2596.2371   15.5568
   -7.5000  -30.0000   37.5000 2702.8257   14.5789
    0.0000  -30.0000   37.5000 2729.3184   14.3855
    7.5000  -30.0000   37.5000 2695.2480   14.7399
   -7.5000  -22.5000   37.5000 2771.9800   14.0470
    0.0000  -22.5000   37.5000 2804.6111   13.8301
    7.5000  -22.5000   37.5000 2763.0422   14.1853
   -7.5000  -15.0000   37.5000 2805.3752   13.8345
    0.0000  -15.0000   37.5000 2833.3508   13.6828
    7.5000  -15.0000   37.5000 2792.6003   14.0100
   -7.5000   -7.5000   37.5000 2794.0806   14.0394
    0.0000   -7.5000   37.5000 2816.5940   13.8876
    7.5000   -7.5000   37.5000 2779.4133   14.1930
   -7.5000    0.0000   37.5000 2732.5364   14.5528
    0.0000    0.0000   37.5000 2756.2576   14.4241
    7.5000    0.0000   37.5000 2723.5981   14.7233
   -7.5000    7.5000   37.5000 2642.0254   15.3980
    0.0000    7.5000   37.5000 2668.4602   15.2269
    7.5000    7.5000   37.5000 2635.3818   15.5503
   -7.5000   15.0000   37.5000 2530.9333   16.5385
    0.0000   15.0000   37.5000 2548.9844   16.3877
    7.5000   15.0000   37.5000 2519.7620   16.6928
   -7.5000   22.5000   37.5000 2409.1826   17.9737
    0.0000   22.5000   37.5000 2422.4285   17.8494
    7.5000   22.5000   37.5000 2396.5955   18.1421
   -7.5000   30.0000   37.5000 2266.2134   19.6978
    0.0000   30.0000   37.5000 2282.5474   19.6507
    7.5000   30.0000   37.5000 2260.1631   19.8994
   -7.5000   37.5000   37.5000 2086.6692   21.7247
    0.0000   37.5000   37.5000 2101.2859   21.7051
    7.5000   37.5000   37.5000 2080.1404   22.0140
   -7.5000  -52.5000   45.0000 2273.1104   18.9168
    0.0000  -52.5000   45.0000 2303.0486   18.7169
    7.5000  -52.5000   45.0000 2273.3591   19.0863
   -7.5000  -45.0000   45.0000 2406.1248   17.4236
    0.0000  -45.0000   45.0000 2437.3677   17.2177
    7.5000  -45.0000   45.0000 2404.0691   17.5989
   -7.5000  -37.5000   45.0000 2518.4548   16.2388
    0.0000  -37.5000   45.0000 2550.8987   16.0402
    7.5000  -37.5000   45.0000 2516.9810   16.4074
   -7.5000  -30.0000   45.0000 2609.5337   15.3946
    0.0000  -30.0000   45.0000 2641.3645   15.1835
    7.5000  -30.0000   45.0000 2607.5911   15.5497
   -7.5000  -22.5000   45.0000 2671.2161   14.8229
    0.0000  -22.5000   45.0000 2704.1155   14.6429
    7.5000  -22.5000   45.0000 2666.6309   14.9981
   -7.5000  -15.0000   45.0000 2691.9177   14.6215
    0.0000  -15.0000   45.0000 2719.5498   14.4736
    7.5000  -15.0000   45.0000 2685.1362   14.7844
   -7.5000   -7.5000   45.0000 2672.3645   14.7447
    0.0000   -7.5000   45.0000 2698.4163   14.6023
    7.5000   -7.5000   45.0000 2667.6699   14.8825
   -7.5000    0.0000   45.0000 2617.1729   15.2415
    0.0000    0.0000   45.0000 2643.2300   15.1167
    7.5000    0.0000   45.0000 2615.3965   15.4043
   -7.5000    7.5000   45.0000 2540.1682   16.1011
    0.0000    7.5000   45.0000 2562.0415   15.9364
    7.5000    7.5000   45.0000 2531.6113   16.2573
   -7.5000   15.0000   45.0000 2438.5679   17.1893
    0.0000   15.0000   45.0000 2456.2087   17.0599
    7.5000   15.0000   45.0000 2429.3848   17.3804
   -7.5000   22.5000   45.0000 2329.5298   18.6302
    0.0000   22.5000   45.0000 2338.6267   18.5582
    7.5000   22.5000   45.0000 2318.4480   18.8261
   -7.5000   30.0000   45.0000 2188.0083   20.3918
    0.0000   30.0000   45.0000 2204.1079   20.3586
    7.5000   30.0000   45.0000 2180.2666   20.6235
   -7.5000   37.5000   45.0000 2016.5153   22.4157
    0.0000   37.5000   45.0000 2035.1318   22.4192
    7.5000   37.5000   45.0000 2011.8781   22.7475

---------------------------------------------------------------------
imgreg_4dfp /opt/freesurfer/average/711-2C_as_mni_average_305 /opt/freesurfer/average/711-2B_as_mni_average_305_mask talsrcimg_g11 none talsrcimg_to_711-2C_as_mni_average_305_t4 1283
---------------------------------------------------------------------

freesurfer imgreg_4dfp.c
/opt/freesurfer/average/711-2C_as_mni_average_305.4dfp.img
       256       256       256         1
  1.000000  1.000000  1.000000
orientation T byte_order littleendian
Reading image: /opt/freesurfer/average/711-2C_as_mni_average_305.4dfp.img
dimensions:      256       256       256
mmppix:       1.0000   -1.0000   -1.0000
center:     128.0000 -129.0000 -129.0000
/opt/freesurfer/average/711-2B_as_mni_average_305_mask.4dfp.img
       256       256       256         1
  1.000000  1.000000  1.000000
orientation T byte_order littleendian
Reading mask: /opt/freesurfer/average/711-2B_as_mni_average_305_mask.4dfp.img (2306576 pixels)
talsrcimg_g11.4dfp.img
       256       256       256         1
  0.898438  0.898438  0.898438
orientation T byte_order littleendian
Reading image: talsrcimg_g11.4dfp.img
dimensions:      256       256       256
mmppix:       0.8984   -0.8984   -0.8984
center:     115.0001 -115.8985 -115.8985
rotation matrix determinant  1.000000
fimgreg.f
image alignment mode   1283 decimal      503 hex
parameters
    0.0000  -15.0000   15.0000    0.0000    0.0000    0.0000
eta,q 0.95102 12.65980
niter,ni,del,rscale     5    3   12.0000    1.2000
parameter  4  0.604973 ->  0.500000 qaram    1.1500
parameters
   -1.2308  -14.4711   15.9619   -3.4500   -0.6787   -1.3762
eta,q 0.95650 12.62847
  0.0577  0.0609  0.0578  0.0443  0.0502  0.0471
  0.0503  0.0532  0.0522  0.0441  0.0463  0.0447
  0.0462  0.0486  0.0480  0.0443  0.0443  0.0435
  0.0477  0.0462  0.0461  0.0456  0.0441  0.0440
  0.0524  0.0472  0.0457  0.0479  0.0458  0.0457
  0.0600  0.0511  0.0482  0.0520  0.0492  0.0485
  0.0698  0.0562  0.0522  0.0570  0.0530  0.0508
niter,ni,del,rscale     5    3   12.0000    1.2000
parameters
   -1.2958  -13.0475   15.4019   -4.6857   -0.4159   -0.8543
eta,q 0.95824 12.62198
  0.0617  0.0609  0.0513  0.0481  0.0509  0.0493
  0.0521  0.0532  0.0467  0.0438  0.0466  0.0463
  0.0453  0.0475  0.0433  0.0418  0.0433  0.0432
  0.0435  0.0435  0.0423  0.0423  0.0418  0.0418
  0.0467  0.0423  0.0446  0.0445  0.0426  0.0422
  0.0530  0.0449  0.0491  0.0485  0.0453  0.0444
  0.0618  0.0503  0.0554  0.0538  0.0497  0.0474
niter,ni,del,rscale     4    3   12.0000    1.2000
parameters
   -1.4118  -12.5935   15.0911   -5.4153   -0.2755   -0.6095
eta,q 0.95843 12.62475
  0.0606  0.0559  0.0505  0.0486  0.0499  0.0486
  0.0505  0.0487  0.0463  0.0440  0.0457  0.0453
  0.0435  0.0439  0.0431  0.0418  0.0428  0.0425
  0.0418  0.0417  0.0417  0.0418  0.0416  0.0416
  0.0455  0.0429  0.0429  0.0433  0.0422  0.0422
  0.0524  0.0470  0.0471  0.0471  0.0449  0.0444
  0.0609  0.0518  0.0532  0.0515  0.0495  0.0476
niter,ni,del,rscale     3    3   12.0000    1.2000
parameters
   -1.4677  -12.2709   14.9165   -5.9665   -0.2117   -0.4735
eta,q 0.95846 12.62102
  0.0609  0.0550  0.0503  0.0486  0.0494  0.0481
  0.0504  0.0479  0.0458  0.0442  0.0452  0.0449
  0.0432  0.0430  0.0430  0.0417  0.0427  0.0423
  0.0416  0.0415  0.0416  0.0417  0.0416  0.0415
  0.0451  0.0434  0.0423  0.0430  0.0420  0.0422
  0.0519  0.0474  0.0460  0.0466  0.0448  0.0445
  0.0603  0.0514  0.0522  0.0507  0.0494  0.0476
niter,ni,del,rscale     2    3   12.0000    1.2000
parameters
   -1.4908  -11.9745   14.8058   -6.4896   -0.1911   -0.3774
eta,q 0.95845 12.61695
  0.0610  0.0547  0.0503  0.0484  0.0492  0.0479
  0.0503  0.0476  0.0456  0.0443  0.0449  0.0447
  0.0432  0.0426  0.0429  0.0416  0.0425  0.0424
  0.0415  0.0415  0.0417  0.0417  0.0416  0.0416
  0.0450  0.0436  0.0421  0.0429  0.0419  0.0422
  0.0516  0.0475  0.0455  0.0463  0.0447  0.0445
  0.0600  0.0510  0.0517  0.0504  0.0494  0.0476
niter,ni,del,rscale     1    3   12.0000    1.2000
parameters
   -1.5010  -11.6590   14.7038   -7.0215   -0.1780   -0.3033
eta,q 0.95847 12.61278
  0.0611  0.0546  0.0502  0.0481  0.0491  0.0478
  0.0502  0.0476  0.0453  0.0444  0.0447  0.0447
  0.0431  0.0425  0.0426  0.0415  0.0425  0.0424
  0.0416  0.0415  0.0417  0.0417  0.0415  0.0415
  0.0449  0.0436  0.0421  0.0430  0.0418  0.0422
  0.0514  0.0475  0.0454  0.0460  0.0446  0.0444
  0.0599  0.0507  0.0514  0.0502  0.0493  0.0476
registration optimization eta report
parameter search radius
    6.0000    6.0000    6.0000    6.9000    6.0000    6.0000
100000*second partial in parameter space
       52.       30.       26.       16.       22.       17.
  0.0611  0.0546  0.0502  0.0481  0.0491  0.0478
  0.0502  0.0476  0.0453  0.0444  0.0447  0.0447
  0.0431  0.0425  0.0426  0.0415  0.0425  0.0424
  0.0416  0.0415  0.0417  0.0417  0.0415  0.0415
  0.0449  0.0436  0.0421  0.0430  0.0418  0.0422
  0.0514  0.0475  0.0454  0.0460  0.0446  0.0444
  0.0599  0.0507  0.0514  0.0502  0.0493  0.0476
   -1.5010  -11.6590   14.7038   -7.0215   -0.1780   -0.3033
eta,q 0.95847 12.61278

---------------------------------------------------------------------
imgreg_4dfp /opt/freesurfer/average/711-2C_as_mni_average_305 /opt/freesurfer/average/711-2B_as_mni_average_305_mask talsrcimg_g11 none talsrcimg_to_711-2C_as_mni_average_305_t4 3335
---------------------------------------------------------------------

freesurfer imgreg_4dfp.c
/opt/freesurfer/average/711-2C_as_mni_average_305.4dfp.img
       256       256       256         1
  1.000000  1.000000  1.000000
orientation T byte_order littleendian
Reading image: /opt/freesurfer/average/711-2C_as_mni_average_305.4dfp.img
dimensions:      256       256       256
mmppix:       1.0000   -1.0000   -1.0000
center:     128.0000 -129.0000 -129.0000
/opt/freesurfer/average/711-2B_as_mni_average_305_mask.4dfp.img
       256       256       256         1
  1.000000  1.000000  1.000000
orientation T byte_order littleendian
Reading mask: /opt/freesurfer/average/711-2B_as_mni_average_305_mask.4dfp.img (2306576 pixels)
talsrcimg_g11.4dfp.img
       256       256       256         1
  0.898438  0.898438  0.898438
orientation T byte_order littleendian
Reading image: talsrcimg_g11.4dfp.img
dimensions:      256       256       256
mmppix:       0.8984   -0.8984   -0.8984
center:     115.0001 -115.8985 -115.8985
fimgreg.f
image alignment mode   3335 decimal      D07 hex
parameters
   -1.5010  -11.6590   14.7038   -0.0019   -0.7511   -0.7504
    0.4873    0.3730   -0.5293   12.2224   -0.3106  -12.2241
eta,q 0.95735 12.66225
niter,ni,del,rscale     5    3    5.0000    1.2000
parameter  4  0.723047 ->  0.500000 qaram    1.1500
parameter  5  2.935722 ->  0.500000 qaram    1.1500
parameter  6  0.767294 ->  0.500000 qaram    1.1500
parameters
   -1.2226  -11.0007   13.9654   -4.1419   -4.8911   -4.8904
    0.0902    2.6499    0.9489   13.0459   -2.2195  -12.8832
eta,q 0.96707 12.15380
  0.0465  0.0450  0.0432  0.0405  0.0332  0.0335  0.0358  0.0393  0.0358  0.0364  0.0333  0.0336
  0.0446  0.0437  0.0426  0.0404  0.0350  0.0335  0.0345  0.0368  0.0346  0.0347  0.0330  0.0333
  0.0433  0.0430  0.0423  0.0409  0.0375  0.0341  0.0338  0.0349  0.0336  0.0336  0.0329  0.0330
  0.0427  0.0426  0.0425  0.0423  0.0405  0.0356  0.0336  0.0336  0.0331  0.0330  0.0329  0.0329
  0.0427  0.0425  0.0431  0.0447  0.0436  0.0384  0.0340  0.0331  0.0330  0.0331  0.0331  0.0330
  0.0435  0.0427  0.0441  0.0480  0.0469  0.0419  0.0349  0.0335  0.0334  0.0339  0.0335  0.0334
  0.0451  0.0432  0.0453  0.0522  0.0507  0.0462  0.0363  0.0350  0.0343  0.0351  0.0342  0.0341
niter,ni,del,rscale     7    3    5.0000    1.2000
parameter  5  1.288473 ->  0.500000 qaram    1.3225
parameters
   -0.7962  -10.0285   13.0489   -6.8029   -9.6521   -8.4614
   -0.6565    3.0844    0.7621   16.4100   -2.6915  -14.3891
eta,q 0.97237 11.63101
  0.0372  0.0372  0.0329  0.0329  0.0280  0.0291  0.0304  0.0325  0.0304  0.0336  0.0282  0.0284
  0.0351  0.0353  0.0323  0.0325  0.0285  0.0285  0.0292  0.0305  0.0293  0.0315  0.0279  0.0279
  0.0337  0.0338  0.0322  0.0323  0.0301  0.0284  0.0285  0.0290  0.0286  0.0298  0.0277  0.0277
  0.0329  0.0328  0.0325  0.0322  0.0323  0.0288  0.0284  0.0284  0.0284  0.0284  0.0277  0.0277
  0.0329  0.0325  0.0331  0.0328  0.0354  0.0301  0.0288  0.0286  0.0286  0.0277  0.0277  0.0279
  0.0336  0.0326  0.0340  0.0345  0.0390  0.0329  0.0299  0.0297  0.0294  0.0278  0.0280  0.0285
  0.0350  0.0333  0.0352  0.0375  0.0426  0.0370  0.0314  0.0317  0.0306  0.0288  0.0284  0.0295
niter,ni,del,rscale     7    3    5.0000    1.2000
parameter  5  0.573242 ->  0.500000 qaram    1.5209
parameters
   -0.6194   -9.1240   12.5460   -7.8186  -15.1273   -8.8581
   -0.7524    3.2037    0.3825   18.5462   -2.7944  -16.3518
eta,q 0.97478 11.28679
  0.0311  0.0328  0.0281  0.0281  0.0265  0.0285  0.0282  0.0300  0.0277  0.0305  0.0260  0.0259
  0.0293  0.0304  0.0274  0.0272  0.0258  0.0270  0.0269  0.0278  0.0266  0.0284  0.0257  0.0255
  0.0281  0.0287  0.0271  0.0270  0.0258  0.0261  0.0260  0.0263  0.0259  0.0268  0.0254  0.0252
  0.0276  0.0276  0.0272  0.0271  0.0271  0.0257  0.0257  0.0257  0.0257  0.0257  0.0253  0.0253
  0.0278  0.0272  0.0276  0.0271  0.0295  0.0258  0.0260  0.0262  0.0261  0.0253  0.0254  0.0257
  0.0287  0.0274  0.0284  0.0276  0.0330  0.0269  0.0269  0.0276  0.0269  0.0257  0.0257  0.0264
  0.0302  0.0283  0.0294  0.0291  0.0372  0.0297  0.0284  0.0298  0.0281  0.0271  0.0261  0.0273
niter,ni,del,rscale     7    3    5.0000    1.2000
parameters
   -0.6226   -8.8624   12.4695   -7.8003  -16.3461   -8.3664
   -0.7580    3.1937    0.3124   19.3281   -2.5243  -16.9536
eta,q 0.97486 11.26056
  0.0286  0.0292  0.0268  0.0268  0.0294  0.0288  0.0278  0.0293  0.0274  0.0291  0.0260  0.0262
  0.0267  0.0272  0.0259  0.0255  0.0272  0.0272  0.0264  0.0272  0.0263  0.0272  0.0256  0.0256
  0.0256  0.0258  0.0254  0.0250  0.0258  0.0260  0.0255  0.0257  0.0255  0.0259  0.0253  0.0253
  0.0252  0.0252  0.0252  0.0252  0.0252  0.0253  0.0252  0.0252  0.0252  0.0252  0.0251  0.0251
  0.0256  0.0254  0.0254  0.0254  0.0259  0.0252  0.0255  0.0257  0.0255  0.0252  0.0252  0.0253
  0.0267  0.0263  0.0260  0.0256  0.0284  0.0260  0.0264  0.0271  0.0263  0.0261  0.0255  0.0259
  0.0286  0.0277  0.0270  0.0266  0.0324  0.0286  0.0279  0.0294  0.0275  0.0279  0.0259  0.0267
niter,ni,del,rscale     6    3    5.0000    1.2000
parameters
   -0.6358   -8.8021   12.4711   -7.7442  -16.5735   -8.2477
   -0.7309    3.1760    0.2644   19.5149   -2.4431  -17.0624
eta,q 0.97486 11.26141
  0.0285  0.0285  0.0269  0.0268  0.0301  0.0286  0.0278  0.0292  0.0274  0.0286  0.0259  0.0264
  0.0266  0.0266  0.0259  0.0255  0.0277  0.0270  0.0264  0.0271  0.0262  0.0268  0.0255  0.0257
  0.0255  0.0255  0.0253  0.0250  0.0260  0.0258  0.0255  0.0256  0.0254  0.0257  0.0253  0.0253
  0.0251  0.0251  0.0251  0.0251  0.0251  0.0252  0.0252  0.0252  0.0252  0.0252  0.0251  0.0251
  0.0255  0.0255  0.0253  0.0253  0.0254  0.0251  0.0254  0.0256  0.0254  0.0254  0.0252  0.0253
  0.0267  0.0265  0.0259  0.0256  0.0274  0.0262  0.0263  0.0270  0.0262  0.0265  0.0255  0.0257
  0.0285  0.0280  0.0269  0.0266  0.0311  0.0291  0.0278  0.0294  0.0275  0.0284  0.0259  0.0265
niter,ni,del,rscale     5    3    5.0000    1.2000
parameters
   -0.6390   -8.7882   12.4752   -7.7262  -16.6205   -8.2149
   -0.7178    3.1700    0.2467   19.5564   -2.4173  -17.0746
eta,q 0.97486 11.26241
  0.0285  0.0283  0.0269  0.0268  0.0302  0.0286  0.0278  0.0292  0.0274  0.0284  0.0259  0.0264
  0.0266  0.0265  0.0259  0.0255  0.0278  0.0270  0.0264  0.0271  0.0262  0.0268  0.0255  0.0257
  0.0255  0.0254  0.0253  0.0250  0.0261  0.0258  0.0255  0.0256  0.0254  0.0257  0.0253  0.0253
  0.0251  0.0251  0.0251  0.0251  0.0251  0.0252  0.0251  0.0251  0.0251  0.0251  0.0251  0.0251
  0.0255  0.0256  0.0253  0.0253  0.0254  0.0252  0.0254  0.0256  0.0254  0.0254  0.0252  0.0252
  0.0266  0.0266  0.0259  0.0256  0.0273  0.0263  0.0263  0.0270  0.0262  0.0266  0.0255  0.0257
  0.0285  0.0281  0.0269  0.0266  0.0309  0.0292  0.0278  0.0293  0.0274  0.0285  0.0259  0.0265
registration optimization eta report
parameter search radius
    2.4000    2.4000    2.4000    8.2800   10.9503    8.2800
    7.2000    7.2000    7.2000    7.2000    7.2000    7.2000
100000*second partial in parameter space
       58.       53.       30.        2.        5.        6.
        5.        8.        4.        6.        2.        2.
  0.0285  0.0283  0.0269  0.0268  0.0302  0.0286  0.0278  0.0292  0.0274  0.0284  0.0259  0.0264
  0.0266  0.0265  0.0259  0.0255  0.0278  0.0270  0.0264  0.0271  0.0262  0.0268  0.0255  0.0257
  0.0255  0.0254  0.0253  0.0250  0.0261  0.0258  0.0255  0.0256  0.0254  0.0257  0.0253  0.0253
  0.0251  0.0251  0.0251  0.0251  0.0251  0.0252  0.0251  0.0251  0.0251  0.0251  0.0251  0.0251
  0.0255  0.0256  0.0253  0.0253  0.0254  0.0252  0.0254  0.0256  0.0254  0.0254  0.0252  0.0252
  0.0266  0.0266  0.0259  0.0256  0.0273  0.0263  0.0263  0.0270  0.0262  0.0266  0.0255  0.0257
  0.0285  0.0281  0.0269  0.0266  0.0309  0.0292  0.0278  0.0293  0.0274  0.0285  0.0259  0.0265
   -0.6390   -8.7882   12.4752   -7.7262  -16.6205   -8.2149
   -0.7178    3.1700    0.2467   19.5564   -2.4173  -17.0746
eta,q 0.97486 11.26241

---------------------------------------------------------------------
imgreg_4dfp /opt/freesurfer/average/711-2C_as_mni_average_305 /opt/freesurfer/average/711-2B_as_mni_average_305_mask talsrcimg_g11 none talsrcimg_to_711-2C_as_mni_average_305_t4 2311
---------------------------------------------------------------------

freesurfer imgreg_4dfp.c
/opt/freesurfer/average/711-2C_as_mni_average_305.4dfp.img
       256       256       256         1
  1.000000  1.000000  1.000000
orientation T byte_order littleendian
Reading image: /opt/freesurfer/average/711-2C_as_mni_average_305.4dfp.img
dimensions:      256       256       256
mmppix:       1.0000   -1.0000   -1.0000
center:     128.0000 -129.0000 -129.0000
/opt/freesurfer/average/711-2B_as_mni_average_305_mask.4dfp.img
       256       256       256         1
  1.000000  1.000000  1.000000
orientation T byte_order littleendian
Reading mask: /opt/freesurfer/average/711-2B_as_mni_average_305_mask.4dfp.img (2306576 pixels)
talsrcimg_g11.4dfp.img
       256       256       256         1
  0.898438  0.898438  0.898438
orientation T byte_order littleendian
Reading image: talsrcimg_g11.4dfp.img
dimensions:      256       256       256
mmppix:       0.8984   -0.8984   -0.8984
center:     115.0001 -115.8985 -115.8985
fimgreg.f
image alignment mode   2311 decimal      907 hex
parameters
   -0.6390   -8.7882   12.4752   -7.7262  -16.6205   -8.2149
   -0.7178    3.1700    0.2467   19.5564   -2.4173  -17.0746
eta,q 0.97486 11.26241
niter,ni,del,rscale     5    3    5.0000    0.8000
parameters
   -0.6362   -8.8315   12.4727   -9.1691  -15.7036   -7.3843
   -0.6949    3.1786    0.1990   19.5724   -2.7055  -16.9494
eta,q 0.97515 11.26518
  0.0266  0.0265  0.0259  0.0253  0.0264  0.0264  0.0262  0.0269  0.0260  0.0265  0.0252  0.0255
  0.0258  0.0257  0.0255  0.0250  0.0258  0.0257  0.0254  0.0258  0.0254  0.0257  0.0250  0.0252
  0.0253  0.0253  0.0252  0.0250  0.0253  0.0253  0.0250  0.0251  0.0250  0.0251  0.0249  0.0250
  0.0251  0.0251  0.0251  0.0251  0.0250  0.0249  0.0249  0.0249  0.0249  0.0249  0.0249  0.0249
  0.0253  0.0254  0.0252  0.0253  0.0249  0.0248  0.0250  0.0251  0.0250  0.0250  0.0249  0.0249
  0.0258  0.0259  0.0255  0.0254  0.0251  0.0251  0.0254  0.0257  0.0254  0.0256  0.0251  0.0251
  0.0266  0.0266  0.0259  0.0255  0.0257  0.0257  0.0262  0.0269  0.0260  0.0266  0.0253  0.0255
niter,ni,del,rscale     4    3    5.0000    0.7000
parameters
   -0.6564   -8.8400   12.5723   -8.6030  -15.6636   -7.2029
   -0.6563    3.1951    0.3279   19.6104   -2.5951  -16.7917
eta,q 0.97514 11.31434
  0.0261  0.0260  0.0256  0.0254  0.0258  0.0259  0.0258  0.0264  0.0258  0.0262  0.0252  0.0254
  0.0254  0.0254  0.0252  0.0250  0.0254  0.0254  0.0253  0.0255  0.0253  0.0255  0.0250  0.0251
  0.0250  0.0250  0.0250  0.0248  0.0250  0.0251  0.0250  0.0250  0.0250  0.0251  0.0249  0.0250
  0.0248  0.0248  0.0248  0.0248  0.0249  0.0249  0.0249  0.0249  0.0249  0.0249  0.0249  0.0249
  0.0250  0.0250  0.0249  0.0249  0.0249  0.0249  0.0249  0.0250  0.0249  0.0250  0.0249  0.0249
  0.0254  0.0254  0.0251  0.0250  0.0252  0.0252  0.0253  0.0255  0.0252  0.0254  0.0250  0.0251
  0.0261  0.0260  0.0254  0.0251  0.0258  0.0258  0.0258  0.0264  0.0257  0.0262  0.0252  0.0254
niter,ni,del,rscale     3    3    5.0000    0.6000
parameters
   -0.6555   -8.8659   12.5923   -8.7819  -15.6057   -7.0733
   -0.6466    3.1937    0.3112   19.5982   -2.6061  -16.7314
eta,q 0.97516 11.31117
  0.0257  0.0257  0.0254  0.0251  0.0256  0.0256  0.0255  0.0260  0.0255  0.0258  0.0251  0.0252
  0.0253  0.0252  0.0251  0.0249  0.0252  0.0253  0.0252  0.0253  0.0251  0.0253  0.0250  0.0250
  0.0249  0.0249  0.0249  0.0248  0.0250  0.0250  0.0249  0.0250  0.0249  0.0250  0.0249  0.0249
  0.0249  0.0249  0.0249  0.0249  0.0249  0.0248  0.0248  0.0248  0.0248  0.0248  0.0248  0.0248
  0.0250  0.0250  0.0249  0.0249  0.0249  0.0249  0.0249  0.0250  0.0249  0.0249  0.0249  0.0249
  0.0253  0.0253  0.0251  0.0250  0.0251  0.0251  0.0251  0.0253  0.0251  0.0253  0.0250  0.0250
  0.0257  0.0258  0.0254  0.0250  0.0256  0.0256  0.0256  0.0260  0.0255  0.0259  0.0251  0.0252
niter,ni,del,rscale     2    3    5.0000    0.5000
parameters
   -0.6580   -8.8776   12.6111   -9.1050  -15.5419   -6.9997
   -0.6441    3.1690    0.2954   19.5937   -2.6792  -16.6989
eta,q 0.97518 11.29606
  0.0255  0.0254  0.0252  0.0250  0.0253  0.0254  0.0253  0.0256  0.0253  0.0255  0.0250  0.0251
  0.0251  0.0251  0.0250  0.0249  0.0251  0.0251  0.0250  0.0252  0.0250  0.0252  0.0249  0.0250
  0.0249  0.0249  0.0249  0.0248  0.0249  0.0249  0.0249  0.0249  0.0249  0.0249  0.0248  0.0249
  0.0248  0.0248  0.0248  0.0248  0.0248  0.0248  0.0248  0.0248  0.0248  0.0248  0.0248  0.0248
  0.0249  0.0249  0.0249  0.0249  0.0248  0.0249  0.0249  0.0249  0.0249  0.0249  0.0249  0.0248
  0.0251  0.0251  0.0250  0.0250  0.0250  0.0250  0.0250  0.0252  0.0250  0.0251  0.0249  0.0249
  0.0255  0.0255  0.0252  0.0250  0.0253  0.0254  0.0253  0.0256  0.0253  0.0256  0.0250  0.0251
niter,ni,del,rscale     1    3    5.0000    0.4000
parameters
   -0.6622   -8.8785   12.6253   -9.3833  -15.4959   -6.9453
   -0.6610    3.1320    0.2942   19.5871   -2.7368  -16.6727
eta,q 0.97519 11.28221
  0.0252  0.0252  0.0251  0.0249  0.0251  0.0252  0.0251  0.0253  0.0251  0.0253  0.0249  0.0250
  0.0250  0.0250  0.0249  0.0248  0.0250  0.0250  0.0250  0.0250  0.0249  0.0250  0.0249  0.0249
  0.0249  0.0249  0.0249  0.0248  0.0249  0.0249  0.0248  0.0249  0.0248  0.0249  0.0248  0.0248
  0.0248  0.0248  0.0248  0.0248  0.0248  0.0248  0.0248  0.0248  0.0248  0.0248  0.0248  0.0248
  0.0249  0.0249  0.0248  0.0249  0.0248  0.0248  0.0248  0.0249  0.0248  0.0249  0.0248  0.0248
  0.0250  0.0250  0.0249  0.0249  0.0249  0.0250  0.0250  0.0250  0.0249  0.0250  0.0249  0.0249
  0.0252  0.0252  0.0250  0.0250  0.0251  0.0252  0.0251  0.0253  0.0251  0.0253  0.0249  0.0250
registration optimization eta report
parameter search radius
    0.8000    0.8000    0.8000    2.4000    2.4000    2.4000
    2.4000    2.4000    2.4000    2.4000    2.4000    2.4000
100000*second partial in parameter space
       64.       62.       37.        2.        6.        6.
        6.        9.        5.        8.        2.        3.
  0.0252  0.0252  0.0251  0.0249  0.0251  0.0252  0.0251  0.0253  0.0251  0.0253  0.0249  0.0250
  0.0250  0.0250  0.0249  0.0248  0.0250  0.0250  0.0250  0.0250  0.0249  0.0250  0.0249  0.0249
  0.0249  0.0249  0.0249  0.0248  0.0249  0.0249  0.0248  0.0249  0.0248  0.0249  0.0248  0.0248
  0.0248  0.0248  0.0248  0.0248  0.0248  0.0248  0.0248  0.0248  0.0248  0.0248  0.0248  0.0248
  0.0249  0.0249  0.0248  0.0249  0.0248  0.0248  0.0248  0.0249  0.0248  0.0249  0.0248  0.0248
  0.0250  0.0250  0.0249  0.0249  0.0249  0.0250  0.0250  0.0250  0.0249  0.0250  0.0249  0.0249
  0.0252  0.0252  0.0250  0.0250  0.0251  0.0252  0.0251  0.0253  0.0251  0.0253  0.0249  0.0250
   -0.6622   -8.8785   12.6253   -9.3833  -15.4959   -6.9453
   -0.6610    3.1320    0.2942   19.5871   -2.7368  -16.6727
eta,q 0.97519 11.28221

---------------------------------------------------------------------
imgreg_4dfp /opt/freesurfer/average/711-2C_as_mni_average_305 /opt/freesurfer/average/711-2B_as_mni_average_305_mask talsrcimg_g11 none talsrcimg_to_711-2C_as_mni_average_305_t4 2311
---------------------------------------------------------------------

freesurfer imgreg_4dfp.c
/opt/freesurfer/average/711-2C_as_mni_average_305.4dfp.img
       256       256       256         1
  1.000000  1.000000  1.000000
orientation T byte_order littleendian
Reading image: /opt/freesurfer/average/711-2C_as_mni_average_305.4dfp.img
dimensions:      256       256       256
mmppix:       1.0000   -1.0000   -1.0000
center:     128.0000 -129.0000 -129.0000
/opt/freesurfer/average/711-2B_as_mni_average_305_mask.4dfp.img
       256       256       256         1
  1.000000  1.000000  1.000000
orientation T byte_order littleendian
Reading mask: /opt/freesurfer/average/711-2B_as_mni_average_305_mask.4dfp.img (2306576 pixels)
talsrcimg_g11.4dfp.img
       256       256       256         1
  0.898438  0.898438  0.898438
orientation T byte_order littleendian
Reading image: talsrcimg_g11.4dfp.img
dimensions:      256       256       256
mmppix:       0.8984   -0.8984   -0.8984
center:     115.0001 -115.8985 -115.8985
fimgreg.f
image alignment mode   2311 decimal      907 hex
parameters
   -0.6622   -8.8785   12.6253   -9.3833  -15.4959   -6.9453
   -0.6610    3.1320    0.2942   19.5871   -2.7368  -16.6727
eta,q 0.97519 11.28221
niter,ni,del,rscale     5    3    5.0000    0.8000
parameters
   -0.6641   -8.8526   12.6454   -8.1674  -15.7387   -7.2400
   -0.6700    3.2011    0.3751   19.5377   -2.5178  -16.7447
eta,q 0.97510 11.33559
  0.0265  0.0264  0.0257  0.0257  0.0259  0.0261  0.0261  0.0269  0.0260  0.0266  0.0254  0.0255
  0.0255  0.0255  0.0252  0.0252  0.0254  0.0255  0.0254  0.0258  0.0254  0.0257  0.0251  0.0252
  0.0250  0.0250  0.0249  0.0249  0.0250  0.0251  0.0250  0.0251  0.0250  0.0251  0.0250  0.0250
  0.0248  0.0248  0.0248  0.0248  0.0249  0.0249  0.0249  0.0249  0.0249  0.0249  0.0249  0.0249
  0.0250  0.0250  0.0249  0.0249  0.0250  0.0250  0.0250  0.0251  0.0250  0.0251  0.0249  0.0250
  0.0256  0.0255  0.0252  0.0250  0.0255  0.0255  0.0254  0.0257  0.0254  0.0257  0.0251  0.0252
  0.0265  0.0263  0.0257  0.0250  0.0263  0.0266  0.0261  0.0268  0.0260  0.0267  0.0253  0.0256
niter,ni,del,rscale     4    3    5.0000    0.7000
parameters
   -0.6470   -8.8803   12.5957   -8.4294  -15.6429   -7.1561
   -0.6468    3.2125    0.3287   19.5619   -2.5233  -16.7261
eta,q 0.97513 11.32808
  0.0261  0.0260  0.0255  0.0251  0.0258  0.0259  0.0258  0.0264  0.0257  0.0262  0.0252  0.0254
  0.0254  0.0254  0.0252  0.0249  0.0254  0.0254  0.0253  0.0255  0.0253  0.0255  0.0250  0.0251
  0.0250  0.0250  0.0250  0.0248  0.0251  0.0251  0.0250  0.0250  0.0250  0.0251  0.0249  0.0249
  0.0249  0.0249  0.0249  0.0249  0.0249  0.0249  0.0249  0.0249  0.0249  0.0249  0.0249  0.0249
  0.0250  0.0251  0.0250  0.0250  0.0249  0.0249  0.0250  0.0250  0.0250  0.0250  0.0249  0.0249
  0.0254  0.0255  0.0252  0.0250  0.0252  0.0252  0.0253  0.0255  0.0253  0.0254  0.0250  0.0251
  0.0260  0.0261  0.0256  0.0251  0.0258  0.0259  0.0258  0.0264  0.0258  0.0262  0.0252  0.0254
niter,ni,del,rscale     3    3    5.0000    0.6000
parameters
   -0.6528   -8.8798   12.6040   -8.7901  -15.6002   -7.0694
   -0.6446    3.1964    0.3007   19.5699   -2.6265  -16.7193
eta,q 0.97516 11.31043
  0.0257  0.0257  0.0254  0.0250  0.0255  0.0256  0.0255  0.0260  0.0255  0.0258  0.0251  0.0252
  0.0253  0.0252  0.0251  0.0249  0.0252  0.0253  0.0252  0.0253  0.0251  0.0253  0.0250  0.0250
  0.0250  0.0250  0.0249  0.0248  0.0250  0.0250  0.0249  0.0250  0.0249  0.0250  0.0249  0.0249
  0.0249  0.0249  0.0249  0.0249  0.0248  0.0248  0.0248  0.0248  0.0248  0.0248  0.0248  0.0248
  0.0250  0.0250  0.0249  0.0249  0.0249  0.0249  0.0249  0.0250  0.0249  0.0249  0.0249  0.0249
  0.0253  0.0253  0.0251  0.0250  0.0251  0.0251  0.0251  0.0253  0.0251  0.0253  0.0250  0.0250
  0.0257  0.0257  0.0254  0.0250  0.0256  0.0256  0.0256  0.0260  0.0255  0.0259  0.0251  0.0252
niter,ni,del,rscale     2    3    5.0000    0.5000
parameters
   -0.6568   -8.8794   12.6202   -9.1271  -15.5438   -6.9937
   -0.6453    3.1636    0.2978   19.5793   -2.7002  -16.6868
eta,q 0.97518 11.29435
  0.0255  0.0255  0.0252  0.0250  0.0253  0.0254  0.0253  0.0256  0.0253  0.0255  0.0250  0.0251
  0.0251  0.0251  0.0250  0.0249  0.0251  0.0251  0.0250  0.0252  0.0250  0.0252  0.0249  0.0250
  0.0249  0.0249  0.0249  0.0248  0.0249  0.0249  0.0249  0.0249  0.0249  0.0249  0.0248  0.0249
  0.0248  0.0248  0.0248  0.0248  0.0248  0.0248  0.0248  0.0248  0.0248  0.0248  0.0248  0.0248
  0.0249  0.0249  0.0249  0.0249  0.0248  0.0249  0.0249  0.0249  0.0249  0.0249  0.0249  0.0248
  0.0251  0.0251  0.0250  0.0250  0.0250  0.0250  0.0250  0.0252  0.0250  0.0251  0.0249  0.0249
  0.0255  0.0254  0.0252  0.0250  0.0253  0.0254  0.0253  0.0256  0.0253  0.0255  0.0250  0.0251
niter,ni,del,rscale     1    3    5.0000    0.4000
parameters
   -0.6623   -8.8803   12.6266   -9.3644  -15.4877   -6.9368
   -0.6664    3.1333    0.2922   19.5836   -2.7290  -16.6844
eta,q 0.97519 11.28455
  0.0252  0.0252  0.0251  0.0249  0.0251  0.0252  0.0251  0.0253  0.0251  0.0253  0.0249  0.0250
  0.0250  0.0250  0.0249  0.0248  0.0250  0.0250  0.0249  0.0250  0.0249  0.0250  0.0249  0.0249
  0.0249  0.0249  0.0248  0.0248  0.0249  0.0249  0.0248  0.0249  0.0248  0.0249  0.0248  0.0248
  0.0248  0.0248  0.0248  0.0248  0.0248  0.0248  0.0248  0.0248  0.0248  0.0248  0.0248  0.0248
  0.0249  0.0249  0.0248  0.0249  0.0248  0.0248  0.0248  0.0249  0.0248  0.0249  0.0248  0.0248
  0.0250  0.0250  0.0249  0.0249  0.0249  0.0250  0.0250  0.0250  0.0249  0.0250  0.0249  0.0249
  0.0252  0.0252  0.0251  0.0250  0.0251  0.0252  0.0251  0.0253  0.0251  0.0253  0.0249  0.0250
registration optimization eta report
parameter search radius
    0.8000    0.8000    0.8000    2.4000    2.4000    2.4000
    2.4000    2.4000    2.4000    2.4000    2.4000    2.4000
100000*second partial in parameter space
       64.       62.       37.        2.        6.        6.
        6.        9.        5.        8.        2.        3.
  0.0252  0.0252  0.0251  0.0249  0.0251  0.0252  0.0251  0.0253  0.0251  0.0253  0.0249  0.0250
  0.0250  0.0250  0.0249  0.0248  0.0250  0.0250  0.0249  0.0250  0.0249  0.0250  0.0249  0.0249
  0.0249  0.0249  0.0248  0.0248  0.0249  0.0249  0.0248  0.0249  0.0248  0.0249  0.0248  0.0248
  0.0248  0.0248  0.0248  0.0248  0.0248  0.0248  0.0248  0.0248  0.0248  0.0248  0.0248  0.0248
  0.0249  0.0249  0.0248  0.0249  0.0248  0.0248  0.0248  0.0249  0.0248  0.0249  0.0248  0.0248
  0.0250  0.0250  0.0249  0.0249  0.0249  0.0250  0.0250  0.0250  0.0249  0.0250  0.0249  0.0249
  0.0252  0.0252  0.0251  0.0250  0.0251  0.0252  0.0251  0.0253  0.0251  0.0253  0.0249  0.0250
   -0.6623   -8.8803   12.6266   -9.3644  -15.4877   -6.9368
   -0.6664    3.1333    0.2922   19.5836   -2.7290  -16.6844
eta,q 0.97519 11.28455

---------------------------------------------------------------------
compute_vox2vox talsrcimg talsrcimg_to_711-2C_as_mni_average_305_t4 /opt/freesurfer/average/711-2C_as_mni_average_305
---------------------------------------------------------------------

freesurfer compute_vox2vox.c
Reading: talsrcimg.4dfp.ifh
Reading: talsrcimg_to_711-2C_as_mni_average_305_t4
Reading: /opt/freesurfer/average/711-2C_as_mni_average_305.4dfp.ifh
Writing: talsrcimg_to_711-2C_as_mni_average_305_t4_vox2vox.txt

start time Wed Mar 11 03:13:37 CET 2026
end		time Wed Mar 11 03:15:02 CET 2026

mpr2mni305 success

avi2talxfm orig_nu.mgz /opt/freesurfer/average/mni305.cor.mgz talsrcimg_to_711-2C_as_mni_average_305_t4_vox2vox.txt transforms/talairach.auto.xfm
avi2talxfm done
mv -f /out/sourcedata/freesurfer/sub-v2s13x29101_ses-1/mri/talsrcimg_to_711-2C_as_mni_average_305_t4_vox2vox.txt /out/sourcedata/freesurfer/sub-v2s13x29101_ses-1/mri/transforms/talsrcimg_to_711-2C_as_mni_average_305_t4_vox2vox.txt
lta_convert --src orig_nu.mgz --trg /opt/freesurfer/average/mni305.cor.mgz --inxfm transforms/talairach.auto.xfm --outlta transforms/talairach.auto.xfm.lta --subject fsaverage
7.3.2

--src: orig_nu.mgz src image (geometry).
--trg: /opt/freesurfer/average/mni305.cor.mgz trg image (geometry).
--inmni: transforms/talairach.auto.xfm input MNI/XFM transform.
--outlta: transforms/talairach.auto.xfm.lta output LTA.
--s: fsaverage subject name
 LTA read, type : 1
 1.10219  -0.03739   0.00131   0.98433;
 0.03038   1.03065   0.20371  -12.05061;
-0.01085  -0.23870   1.13605  -7.23926;
 0.00000   0.00000   0.00000   1.00000;
setting subject to fsaverage
Writing  LTA to file transforms/talairach.auto.xfm.lta...
lta_convert successful.
 
 
Started at Wed Mar 11 03:13:36 CET 2026
Ended   at Wed Mar 11 03:15:02 CET 2026
talairach_avi done
