/out/sourcedata/freesurfer/sub-v2s13x29119_ses-1/mri
/opt/freesurfer/bin/talairach_avi
--i orig_nu.mgz --xfm transforms/talairach.auto.xfm
talairach_avi 7.3.2
Linux dna006 5.14.0-427.37.1.el9_4.x86_64 #1 SMP PREEMPT_DYNAMIC Fri Sep 13 12:41:50 EDT 2024 x86_64 x86_64 x86_64 GNU/Linux
Wed Mar 11 04:24:35 CET 2026
mri_convert orig_nu.mgz talsrcimg.img 
reading from orig_nu.mgz...
TR=0.00, TE=0.00, TI=0.00, flip angle=0.00
i_ras = (-1, -1.0528e-10, 3.23938e-11)
j_ras = (-6.47877e-11, 0, -1)
k_ras = (1.07305e-10, 1, -8.29282e-09)
writing to talsrcimg.img...
Analyze Output Matrix
-0.89844  -0.00000   0.00000   118.39298;
-0.00000   0.00000   0.89844  -117.78036;
 0.00000  -0.89844  -0.00000   137.04301;
 0.00000   0.00000   0.00000   1.00000;
--------------------
INFO: set hdr.hist.orient to -1
mpr2mni305 talsrcimg
Wed Mar 11 04:24:35 CET 2026
/opt/freesurfer/bin/mpr2mni305 talsrcimg
mpr2mni305 7.3.2
target=711-2C_as_mni_average_305

---------------------------------------------------------------------
analyzeto4dfp talsrcimg -O0 -y
---------------------------------------------------------------------

freesurfer ifh2hdr.c
Wed Mar 11 04:24:36 2026
Writing: talsrcimg.4dfp.hdr
freesurfer analyzeto4dfp.c
Reading: talsrcimg.hdr
header size 348 bytes
hdr.dime.datatype	offset=70	value=2
hdr.dime.bitpix		offset=72	value=8
hdr.hist.orient		offset=252	value=-1
dimensionality     4
dimensions       256       256       256         1
Reading: talsrcimg.img
Writing: talsrcimg.4dfp.img
Writing: talsrcimg.4dfp.ifh
ifh2hdr talsrcimg -r0to254
ori=2

---------------------------------------------------------------------
gauss_4dfp talsrcimg 1.1
---------------------------------------------------------------------

freesurfer gauss_4dfp.c
Reading: talsrcimg.4dfp.img
Writing: talsrcimg_g11.4dfp.img
image dimensions 256 256 256 padded to 288 288 288
processing volume 1freesurfer ifh2hdr.c
Wed Mar 11 04:24:38 2026
Writing: talsrcimg_g11.4dfp.hdr

Writing: talsrcimg_g11.4dfp.ifh
including: talsrcimg.4dfp.img.rec in talsrcimg_g11.4dfp.img.rec

---------------------------------------------------------------------
imgreg_4dfp /opt/freesurfer/average/711-2C_as_mni_average_305 none talsrcimg_g11 none talsrcimg_to_711-2C_as_mni_average_305_t4 4355
---------------------------------------------------------------------

freesurfer imgreg_4dfp.c
/opt/freesurfer/average/711-2C_as_mni_average_305.4dfp.img
       256       256       256         1
  1.000000  1.000000  1.000000
orientation T byte_order littleendian
Reading image: /opt/freesurfer/average/711-2C_as_mni_average_305.4dfp.img
dimensions:      256       256       256
mmppix:       1.0000   -1.0000   -1.0000
center:     128.0000 -129.0000 -129.0000
talsrcimg_g11.4dfp.img
       256       256       256         1
  0.898438  0.898438  0.898438
orientation T byte_order littleendian
Reading image: talsrcimg_g11.4dfp.img
dimensions:      256       256       256
mmppix:       0.8984   -0.8984   -0.8984
center:     115.0001 -115.8985 -115.8985
t4_read: open error in t4_sub.f l:  41 t4_file(1:l)talsrcimg_to_711-2C_as_mni_average_305_t4 
t4_read: transform initialized to I4
rotation matrix determinant  1.000000
image alignment mode   4355 decimal     1103 hex
   -7.5000  -45.0000  -45.0000 6016.4082   15.5283
    0.0000  -45.0000  -45.0000 6069.3081   15.5042
    7.5000  -45.0000  -45.0000 5732.3281   15.5167
   -7.5000  -37.5000  -45.0000 6423.1836   16.5601
    0.0000  -37.5000  -45.0000 6485.3657   16.5325
    7.5000  -37.5000  -45.0000 6136.8232   16.5476
   -7.5000  -30.0000  -45.0000 6829.5088   17.1248
    0.0000  -30.0000  -45.0000 6896.5718   17.0925
    7.5000  -30.0000  -45.0000 6525.6138   17.1047
   -7.5000  -22.5000  -45.0000 7295.6431   17.1093
    0.0000  -22.5000  -45.0000 7367.9736   17.0748
    7.5000  -22.5000  -45.0000 6958.8057   17.0814
   -7.5000  -15.0000  -45.0000 7724.0557   17.0475
    0.0000  -15.0000  -45.0000 7810.1875   17.0156
    7.5000  -15.0000  -45.0000 7394.0972   17.0204
   -7.5000   -7.5000  -45.0000 7826.9531   17.0045
    0.0000   -7.5000  -45.0000 7911.9004   16.9765
    7.5000   -7.5000  -45.0000 7486.4634   16.9848
   -7.5000    0.0000  -45.0000 7896.7104   17.0209
    0.0000    0.0000  -45.0000 7972.8345   16.9943
    7.5000    0.0000  -45.0000 7549.0957   17.0081
   -7.5000    7.5000  -45.0000 7611.7817   17.0822
    0.0000    7.5000  -45.0000 7706.4600   17.0537
    7.5000    7.5000  -45.0000 7286.3989   17.0693
   -7.5000   15.0000  -45.0000 7472.2598   17.1248
    0.0000   15.0000  -45.0000 7550.4531   17.0926
    7.5000   15.0000  -45.0000 7163.2798   17.1047
   -7.5000   22.5000  -45.0000 6869.7339   16.8791
    0.0000   22.5000  -45.0000 6922.3804   16.8451
    7.5000   22.5000  -45.0000 6563.9468   16.8517
   -7.5000   30.0000  -45.0000 6286.2134   16.3696
    0.0000   30.0000  -45.0000 6336.9346   16.3390
    7.5000   30.0000  -45.0000 5989.4375   16.3436
   -7.5000   37.5000  -45.0000 5719.1841   15.8039
    0.0000   37.5000  -45.0000 5760.4551   15.7779
    7.5000   37.5000  -45.0000 5443.0396   15.7856
   -7.5000   45.0000  -45.0000 5242.0264   15.6945
    0.0000   45.0000  -45.0000 5265.7910   15.6710
    7.5000   45.0000  -45.0000 4976.8604   15.6836
   -7.5000  -45.0000  -37.5000 6597.5771   16.3007
    0.0000  -45.0000  -37.5000 6665.8325   16.2786
    7.5000  -45.0000  -37.5000 6284.2422   16.2791
   -7.5000  -37.5000  -37.5000 7030.5815   17.3977
    0.0000  -37.5000  -37.5000 7109.4834   17.3709
    7.5000  -37.5000  -37.5000 6705.9805   17.3715
   -7.5000  -30.0000  -37.5000 7451.5186   17.9587
    0.0000  -30.0000  -37.5000 7541.6602   17.9284
    7.5000  -30.0000  -37.5000 7121.7163   17.9286
   -7.5000  -22.5000  -37.5000 7954.7485   17.9339
    0.0000  -22.5000  -37.5000 8041.3125   17.9036
    7.5000  -22.5000  -37.5000 7590.1167   17.9031
   -7.5000  -15.0000  -37.5000 8419.8066   17.8626
    0.0000  -15.0000  -37.5000 8529.5928   17.8359
    7.5000  -15.0000  -37.5000 8038.1821   17.8352
   -7.5000   -7.5000  -37.5000 8505.8789   17.8199
    0.0000   -7.5000  -37.5000 8597.2539   17.7962
    7.5000   -7.5000  -37.5000 8124.9795   17.7958
   -7.5000    0.0000  -37.5000 8569.2832   17.8447
    0.0000    0.0000  -37.5000 8649.6865   17.8205
    7.5000    0.0000  -37.5000 8187.5396   17.8210
   -7.5000    7.5000  -37.5000 8263.9844   17.9146
    0.0000    7.5000  -37.5000 8365.5332   17.8870
    7.5000    7.5000  -37.5000 7903.2207   17.8877
   -7.5000   15.0000  -37.5000 8096.8003   17.9579
    0.0000   15.0000  -37.5000 8185.4463   17.9276
    7.5000   15.0000  -37.5000 7730.5288   17.9277
   -7.5000   22.5000  -37.5000 7398.5903   17.6941
    0.0000   22.5000  -37.5000 7468.5166   17.6642
    7.5000   22.5000  -37.5000 7070.5820   17.6638
   -7.5000   30.0000  -37.5000 6740.9873   17.1645
    0.0000   30.0000  -37.5000 6794.2656   17.1389
    7.5000   30.0000  -37.5000 6420.3135   17.1382
   -7.5000   37.5000  -37.5000 6123.5332   16.5752
    0.0000   37.5000  -37.5000 6158.0811   16.5532
    7.5000   37.5000  -37.5000 5826.6714   16.5528
   -7.5000   45.0000  -37.5000 5594.1924   16.4549
    0.0000   45.0000  -37.5000 5618.9087   16.4317
    7.5000   45.0000  -37.5000 5310.2959   16.4298
   -7.5000  -45.0000  -30.0000 7183.0620   17.0107
    0.0000  -45.0000  -30.0000 7250.1895   16.9905
    7.5000  -45.0000  -30.0000 6830.8462   16.9792
   -7.5000  -37.5000  -30.0000 7635.4966   18.1649
    0.0000  -37.5000  -30.0000 7708.4565   18.1379
    7.5000  -37.5000  -30.0000 7274.1885   18.1257
   -7.5000  -30.0000  -30.0000 8082.0430   18.7307
    0.0000  -30.0000  -30.0000 8153.7202   18.6967
    7.5000  -30.0000  -30.0000 7712.7202   18.6841
   -7.5000  -22.5000  -30.0000 8601.1162   18.7083
    0.0000  -22.5000  -30.0000 8704.0938   18.6734
    7.5000  -22.5000  -30.0000 8215.4385   18.6610
   -7.5000  -15.0000  -30.0000 9096.5059   18.6314
    0.0000  -15.0000  -30.0000 9226.2100   18.6027
    7.5000  -15.0000  -30.0000 8695.8311   18.5907
   -7.5000   -7.5000  -30.0000 9160.5225   18.5811
    0.0000   -7.5000  -30.0000 9281.7383   18.5586
    7.5000   -7.5000  -30.0000 8758.2822   18.5466
   -7.5000    0.0000  -30.0000 9196.2803   18.6026
    0.0000    0.0000  -30.0000 9300.2373   18.5805
    7.5000    0.0000  -30.0000 8808.6045   18.5681
   -7.5000    7.5000  -30.0000 8868.5674   18.6763
    0.0000    7.5000  -30.0000 8965.2480   18.6485
    7.5000    7.5000  -30.0000 8486.5088   18.6360
   -7.5000   15.0000  -30.0000 8656.4619   18.7281
    0.0000   15.0000  -30.0000 8753.2207   18.6941
    7.5000   15.0000  -30.0000 8272.5186   18.6815
   -7.5000   22.5000  -30.0000 7888.3701   18.4590
    0.0000   22.5000  -30.0000 7971.7227   18.4245
    7.5000   22.5000  -30.0000 7555.3335   18.4123
   -7.5000   30.0000  -30.0000 7170.3516   17.9164
    0.0000   30.0000  -30.0000 7235.4443   17.8888
    7.5000   30.0000  -30.0000 6854.5869   17.8772
   -7.5000   37.5000  -30.0000 6502.0366   17.3093
    0.0000   37.5000  -30.0000 6549.5557   17.2883
    7.5000   37.5000  -30.0000 6195.0161   17.2771
   -7.5000   45.0000  -30.0000 5915.6987   17.1819
    0.0000   45.0000  -30.0000 5953.4507   17.1600
    7.5000   45.0000  -30.0000 5617.7974   17.1454
   -7.5000  -45.0000  -22.5000 7739.9517   17.7180
    0.0000  -45.0000  -22.5000 7814.2036   17.7007
    7.5000  -45.0000  -22.5000 7374.4082   17.6929
   -7.5000  -37.5000  -22.5000 8230.4023   18.9325
    0.0000  -37.5000  -22.5000 8297.6816   18.9059
    7.5000  -37.5000  -22.5000 7834.5410   18.8977
   -7.5000  -30.0000  -22.5000 8691.7920   19.5074
    0.0000  -30.0000  -22.5000 8784.1543   19.4684
    7.5000  -30.0000  -22.5000 8294.6113   19.4562
   -7.5000  -22.5000  -22.5000 9244.1133   19.4910
    0.0000  -22.5000  -22.5000 9350.6992   19.4475
    7.5000  -22.5000  -22.5000 8811.8057   19.4314
   -7.5000  -15.0000  -22.5000 9793.6240   19.4101
    0.0000  -15.0000  -22.5000 9926.7891   19.3758
    7.5000  -15.0000  -22.5000 9320.9336   19.3599
   -7.5000   -7.5000  -22.5000 9863.2646   19.3499
    0.0000   -7.5000  -22.5000 9992.2637   19.3274
    7.5000   -7.5000  -22.5000 9394.5352   19.3152
   -7.5000    0.0000  -22.5000 9884.9678   19.3651
    0.0000    0.0000  -22.500010000.0918   19.3462
    7.5000    0.0000  -22.5000 9432.3193   19.3376
   -7.5000    7.5000  -22.5000 9488.3838   19.4413
    0.0000    7.5000  -22.5000 9586.9004   19.4140
    7.5000    7.5000  -22.5000 9045.3369   19.4055
   -7.5000   15.0000  -22.5000 9225.0918   19.5027
    0.0000   15.0000  -22.5000 9317.0273   19.4637
    7.5000   15.0000  -22.5000 8786.1094   19.4515
   -7.5000   22.5000  -22.5000 8391.5830   19.2331
    0.0000   22.5000  -22.5000 8483.4727   19.1902
    7.5000   22.5000  -22.5000 8028.6987   19.1742
   -7.5000   30.0000  -22.5000 7609.8135   18.6788
    0.0000   30.0000  -22.5000 7672.5308   18.6458
    7.5000   30.0000  -22.5000 7267.4648   18.6305
   -7.5000   37.5000  -22.5000 6868.3608   18.0530
    0.0000   37.5000  -22.5000 6901.1362   18.0320
    7.5000   37.5000  -22.5000 6552.0703   18.0206
   -7.5000   45.0000  -22.5000 6221.1113   17.9288
    0.0000   45.0000  -22.5000 6259.3853   17.9111
    7.5000   45.0000  -22.5000 5929.3369   17.9015
   -7.5000  -45.0000  -15.0000 8274.6602   18.3322
    0.0000  -45.0000  -15.0000 8354.3906   18.3132
    7.5000  -45.0000  -15.0000 7904.3213   18.3208
   -7.5000  -37.5000  -15.0000 8784.6758   19.5825
    0.0000  -37.5000  -15.0000 8867.0537   19.5543
    7.5000  -37.5000  -15.0000 8369.8418   19.5635
   -7.5000  -30.0000  -15.0000 9281.5156   20.1587
    0.0000  -30.0000  -15.0000 9385.1104   20.1162
    7.5000  -30.0000  -15.0000 8858.5156   20.1178
   -7.5000  -22.5000  -15.0000 9843.5674   20.1476
    0.0000  -22.5000  -15.0000 9955.8916   20.0980
    7.5000  -22.5000  -15.0000 9393.5264   20.0902
   -7.5000  -15.0000  -15.000010421.4023   20.0693
    0.0000  -15.0000  -15.000010574.8057   20.0288
    7.5000  -15.0000  -15.0000 9923.3262   20.0203
   -7.5000   -7.5000  -15.000010515.0762   20.0061
    0.0000   -7.5000  -15.000010665.4766   19.9797
    7.5000   -7.5000  -15.000010028.0459   19.9790
   -7.5000    0.0000  -15.000010571.7031   20.0169
    0.0000    0.0000  -15.000010717.2686   19.9962
    7.5000    0.0000  -15.000010069.0811   20.0044
   -7.5000    7.5000  -15.000010120.4844   20.0893
    0.0000    7.5000  -15.000010231.8721   20.0603
    7.5000    7.5000  -15.0000 9601.9834   20.0698
   -7.5000   15.0000  -15.0000 9769.1826   20.1525
    0.0000   15.0000  -15.0000 9876.3555   20.1100
    7.5000   15.0000  -15.0000 9282.0732   20.1116
   -7.5000   22.5000  -15.0000 8875.8252   19.8840
    0.0000   22.5000  -15.0000 8967.0840   19.8351
    7.5000   22.5000  -15.0000 8474.9541   19.8274
   -7.5000   30.0000  -15.0000 8034.4053   19.3277
    0.0000   30.0000  -15.0000 8097.1035   19.2887
    7.5000   30.0000  -15.0000 7665.1108   19.2806
   -7.5000   37.5000  -15.0000 7212.4307   18.6938
    0.0000   37.5000  -15.0000 7256.1440   18.6691
    7.5000   37.5000  -15.0000 6885.9229   18.6685
   -7.5000   45.0000  -15.0000 6529.2681   18.5719
    0.0000   45.0000  -15.0000 6563.5049   18.5546
    7.5000   45.0000  -15.0000 6224.0122   18.5631
   -7.5000  -45.0000   -7.5000 8536.2822   18.3234
    0.0000  -45.0000   -7.5000 8619.2979   18.2993
    7.5000  -45.0000   -7.5000 8184.9268   18.3176
   -7.5000  -37.5000   -7.5000 9032.3896   19.5681
    0.0000  -37.5000   -7.5000 9137.4707   19.5376
    7.5000  -37.5000   -7.5000 8649.9131   19.5590
   -7.5000  -30.0000   -7.5000 9555.2197   20.1369
    0.0000  -30.0000   -7.5000 9662.5020   20.0963
    7.5000  -30.0000   -7.5000 9141.5098   20.1103
   -7.5000  -22.5000   -7.500010142.7334   20.1243
    0.0000  -22.5000   -7.500010263.6631   20.0780
    7.5000  -22.5000   -7.5000 9688.9238   20.0814
   -7.5000  -15.0000   -7.500010700.0645   20.0509
    0.0000  -15.0000   -7.500010875.5244   20.0105
    7.5000  -15.0000   -7.500010216.7959   20.0121
   -7.5000   -7.5000   -7.500010812.5996   19.9940
    0.0000   -7.5000   -7.500010960.8174   19.9633
    7.5000   -7.5000   -7.500010308.3164   19.9730
   -7.5000    0.0000   -7.500010866.6084   20.0073
    0.0000    0.0000   -7.500011022.9912   19.9810
    7.5000    0.0000   -7.500010347.2441   20.0009
   -7.5000    7.5000   -7.500010377.2461   20.0745
    0.0000    7.5000   -7.500010487.3340   20.0432
    7.5000    7.5000   -7.5000 9837.9844   20.0652
   -7.5000   15.0000   -7.5000 9993.6289   20.1307
    0.0000   15.0000   -7.500010086.3379   20.0901
    7.5000   15.0000   -7.5000 9480.5928   20.1041
   -7.5000   22.5000   -7.5000 9059.3066   19.8611
    0.0000   22.5000   -7.5000 9155.1289   19.8154
    7.5000   22.5000   -7.5000 8614.9316   19.8188
   -7.5000   30.0000   -7.5000 8196.4707   19.3100
    0.0000   30.0000   -7.5000 8267.1348   19.2711
    7.5000   30.0000   -7.5000 7793.5645   19.2726
   -7.5000   37.5000   -7.5000 7343.0376   18.6825
    0.0000   37.5000   -7.5000 7397.3950   18.6539
    7.5000   37.5000   -7.5000 7000.7388   18.6628
   -7.5000   45.0000   -7.5000 6623.5332   18.5574
    0.0000   45.0000   -7.5000 6664.6763   18.5357
    7.5000   45.0000   -7.5000 6324.7788   18.5558
   -7.5000  -45.0000    0.0000 8634.6094   18.7858
    0.0000  -45.0000    0.0000 8717.2168   18.7580
    7.5000  -45.0000    0.0000 8308.1338   18.7734
   -7.5000  -37.5000    0.0000 9105.0010   20.0545
    0.0000  -37.5000    0.0000 9187.6064   20.0226
    7.5000  -37.5000    0.0000 8744.1455   20.0407
   -7.5000  -30.0000    0.0000 9624.3018   20.6171
    0.0000  -30.0000    0.0000 9692.6240   20.5802
    7.5000  -30.0000    0.0000 9233.6123   20.5945
   -7.5000  -22.5000    0.000010289.3057   20.5957
    0.0000  -22.5000    0.000010414.0645   20.5564
    7.5000  -22.5000    0.0000 9833.3213   20.5641
   -7.5000  -15.0000    0.000010863.9316   20.5199
    0.0000  -15.0000    0.000011059.6191   20.4837
    7.5000  -15.0000    0.000010374.3809   20.4896
   -7.5000   -7.5000    0.000010940.8672   20.4695
    0.0000   -7.5000    0.000011104.8438   20.4377
    7.5000   -7.5000    0.000010437.8271   20.4481
   -7.5000    0.0000    0.000010954.1504   20.4918
    0.0000    0.0000    0.000011093.9512   20.4615
    7.5000    0.0000    0.000010438.7627   20.4783
   -7.5000    7.5000    0.000010383.1152   20.5599
    0.0000    7.5000    0.000010476.2510   20.5272
    7.5000    7.5000    0.0000 9873.8848   20.5458
   -7.5000   15.0000    0.0000 9988.3447   20.6098
    0.0000   15.0000    0.000010072.6904   20.5730
    7.5000   15.0000    0.0000 9484.4932   20.5872
   -7.5000   22.5000    0.0000 9046.6494   20.3291
    0.0000   22.5000    0.0000 9136.6406   20.2903
    7.5000   22.5000    0.0000 8603.8584   20.2980
   -7.5000   30.0000    0.0000 8190.5386   19.7736
    0.0000   30.0000    0.0000 8278.0342   19.7387
    7.5000   30.0000    0.0000 7809.2183   19.7445
   -7.5000   37.5000    0.0000 7362.3638   19.1496
    0.0000   37.5000    0.0000 7439.6030   19.1199
    7.5000   37.5000    0.0000 7038.8384   19.1295
   -7.5000   45.0000    0.0000 6611.4785   19.0433
    0.0000   45.0000    0.0000 6675.0220   19.0163
    7.5000   45.0000    0.0000 6329.1006   19.0318
   -7.5000  -45.0000    7.5000 8418.8760   18.8026
    0.0000  -45.0000    7.5000 8475.4004   18.7767
    7.5000  -45.0000    7.5000 8091.1782   18.7763
   -7.5000  -37.5000    7.5000 8832.6924   20.0770
    0.0000  -37.5000    7.5000 8867.3184   20.0459
    7.5000  -37.5000    7.5000 8501.9004   20.0457
   -7.5000  -30.0000    7.5000 9357.6934   20.6395
    0.0000  -30.0000    7.5000 9409.3438   20.6046
    7.5000  -30.0000    7.5000 9010.0449   20.6040
   -7.5000  -22.5000    7.500010060.1133   20.6116
    0.0000  -22.5000    7.500010187.9336   20.5768
    7.5000  -22.5000    7.5000 9632.0439   20.5756
   -7.5000  -15.0000    7.500010662.6270   20.5309
    0.0000  -15.0000    7.500010825.9629   20.5000
    7.5000  -15.0000    7.500010192.5303   20.4985
   -7.5000   -7.5000    7.500010698.6855   20.4823
    0.0000   -7.5000    7.500010838.5078   20.4547
    7.5000   -7.5000    7.500010227.3525   20.4534
   -7.5000    0.0000    7.500010656.7578   20.5102
    0.0000    0.0000    7.500010755.2266   20.4819
    7.5000    0.0000    7.500010195.0439   20.4815
   -7.5000    7.5000    7.500010031.2285   20.5829
    0.0000    7.5000    7.500010111.9619   20.5510
    7.5000    7.5000    7.5000 9588.6377   20.5508
   -7.5000   15.0000    7.5000 9618.3262   20.6322
    0.0000   15.0000    7.5000 9711.4648   20.5973
    7.5000   15.0000    7.5000 9176.7217   20.5967
   -7.5000   22.5000    7.5000 8743.4180   20.3449
    0.0000   22.5000    7.5000 8830.1221   20.3105
    7.5000   22.5000    7.5000 8339.3525   20.3093
   -7.5000   30.0000    7.5000 7917.1685   19.7842
    0.0000   30.0000    7.5000 7987.5669   19.7544
    7.5000   30.0000    7.5000 7553.3145   19.7530
   -7.5000   37.5000    7.5000 7122.8315   19.1616
    0.0000   37.5000    7.5000 7186.8242   19.1357
    7.5000   37.5000    7.5000 6805.2256   19.1345
   -7.5000   45.0000    7.5000 6396.4419   19.0666
    0.0000   45.0000    7.5000 6441.2793   19.0393
    7.5000   45.0000    7.5000 6117.2720   19.0362
   -7.5000  -45.0000   15.0000 8441.6094   18.8124
    0.0000  -45.0000   15.0000 8510.6895   18.7901
    7.5000  -45.0000   15.0000 8119.2983   18.7776
   -7.5000  -37.5000   15.0000 8862.6533   20.0915
    0.0000  -37.5000   15.0000 8911.2188   20.0616
    7.5000  -37.5000   15.0000 8551.7637   20.0481
   -7.5000  -30.0000   15.0000 9351.2979   20.6622
    0.0000  -30.0000   15.0000 9422.0928   20.6247
    7.5000  -30.0000   15.0000 9047.8613   20.6108
   -7.5000  -22.5000   15.0000 9974.9189   20.6375
    0.0000  -22.5000   15.000010091.6309   20.5990
    7.5000  -22.5000   15.0000 9617.2236   20.5853
   -7.5000  -15.0000   15.000010622.3242   20.5526
    0.0000  -15.0000   15.000010711.4346   20.5211
    7.5000  -15.0000   15.000010184.6396   20.5078
   -7.5000   -7.5000   15.000010744.6416   20.4971
    0.0000   -7.5000   15.000010826.6172   20.4724
    7.5000   -7.5000   15.000010274.5566   20.4590
   -7.5000    0.0000   15.000010714.5225   20.5209
    0.0000    0.0000   15.000010770.9150   20.4966
    7.5000    0.0000   15.000010244.2051   20.4829
   -7.5000    7.5000   15.000010044.2275   20.5978
    0.0000    7.5000   15.000010093.1719   20.5672
    7.5000    7.5000   15.0000 9603.9385   20.5534
   -7.5000   15.0000   15.0000 9598.2939   20.6549
    0.0000   15.0000   15.0000 9636.8115   20.6174
    7.5000   15.0000   15.0000 9179.0957   20.6035
   -7.5000   22.5000   15.0000 8734.0449   20.3704
    0.0000   22.5000   15.0000 8782.0029   20.3324
    7.5000   22.5000   15.0000 8351.4473   20.3189
   -7.5000   30.0000   15.0000 7922.9453   19.8051
    0.0000   30.0000   15.0000 7971.0146   19.7747
    7.5000   30.0000   15.0000 7572.8618   19.7619
   -7.5000   37.5000   15.0000 7114.7095   19.1754
    0.0000   37.5000   15.0000 7146.7607   19.1522
    7.5000   37.5000   15.0000 6801.4346   19.1397
   -7.5000   45.0000   15.0000 6372.9351   19.0820
    0.0000   45.0000   15.0000 6401.5898   19.0578
    7.5000   45.0000   15.0000 6092.7646   19.0415
   -7.5000  -45.0000   22.5000 8024.3955   18.8862
    0.0000  -45.0000   22.5000 8116.7598   18.8680
    7.5000  -45.0000   22.5000 7730.8433   18.8597
   -7.5000  -37.5000   22.5000 8447.7451   20.1724
    0.0000  -37.5000   22.5000 8523.4258   20.1442
    7.5000  -37.5000   22.5000 8141.0391   20.1354
   -7.5000  -30.0000   22.5000 8895.4639   20.7544
    0.0000  -30.0000   22.5000 8980.6357   20.7128
    7.5000  -30.0000   22.5000 8597.2881   20.6998
   -7.5000  -22.5000   22.5000 9459.2354   20.7372
    0.0000  -22.5000   22.5000 9530.4189   20.6909
    7.5000  -22.5000   22.5000 9134.1777   20.6737
   -7.5000  -15.0000   22.500010031.7939   20.6504
    0.0000  -15.0000   22.500010082.3457   20.6141
    7.5000  -15.0000   22.5000 9641.6143   20.5972
   -7.5000   -7.5000   22.500010176.9473   20.5855
    0.0000   -7.5000   22.500010232.6641   20.5618
    7.5000   -7.5000   22.5000 9744.7236   20.5489
   -7.5000    0.0000   22.500010194.1084   20.6014
    0.0000    0.0000   22.500010238.3340   20.5815
    7.5000    0.0000   22.5000 9742.0977   20.5724
   -7.5000    7.5000   22.5000 9541.4961   20.6807
    0.0000    7.5000   22.5000 9583.8340   20.6518
    7.5000    7.5000   22.5000 9125.7881   20.6428
   -7.5000   15.0000   22.5000 9102.0898   20.7470
    0.0000   15.0000   22.5000 9131.3965   20.7055
    7.5000   15.0000   22.5000 8716.4443   20.6925
   -7.5000   22.5000   22.5000 8293.4502   20.4688
    0.0000   22.5000   22.5000 8317.2217   20.4232
    7.5000   22.5000   22.5000 7932.3643   20.4062
   -7.5000   30.0000   22.5000 7527.4009   19.8993
    0.0000   30.0000   22.5000 7546.4697   19.8643
    7.5000   30.0000   22.5000 7195.0317   19.8481
   -7.5000   37.5000   22.5000 6730.6201   19.2582
    0.0000   37.5000   22.5000 6747.5405   19.2360
    7.5000   37.5000   22.5000 6428.4126   19.2239
   -7.5000   45.0000   22.5000 6017.4487   19.1592
    0.0000   45.0000   22.5000 6030.3667   19.1405
    7.5000   45.0000   22.5000 5737.6562   19.1302
   -7.5000  -45.0000   30.0000 7552.4180   18.9414
    0.0000  -45.0000   30.0000 7651.2681   18.9225
    7.5000  -45.0000   30.0000 7264.2676   18.9294
   -7.5000  -37.5000   30.0000 7950.0015   20.2348
    0.0000  -37.5000   30.0000 8055.3813   20.2061
    7.5000  -37.5000   30.0000 7656.5674   20.2140
   -7.5000  -30.0000   30.0000 8396.9209   20.8203
    0.0000  -30.0000   30.0000 8486.1406   20.7770
    7.5000  -30.0000   30.0000 8085.4678   20.7771
   -7.5000  -22.5000   30.0000 8924.0684   20.8075
    0.0000  -22.5000   30.0000 8993.0234   20.7576
    7.5000  -22.5000   30.0000 8584.5957   20.7488
   -7.5000  -15.0000   30.0000 9412.4873   20.7262
    0.0000  -15.0000   30.0000 9483.0811   20.6862
    7.5000  -15.0000   30.0000 9047.0342   20.6774
   -7.5000   -7.5000   30.0000 9510.2842   20.6618
    0.0000   -7.5000   30.0000 9579.2969   20.6361
    7.5000   -7.5000   30.0000 9117.7549   20.6352
   -7.5000    0.0000   30.0000 9555.1885   20.6742
    0.0000    0.0000   30.0000 9618.0127   20.6536
    7.5000    0.0000   30.0000 9143.8389   20.6611
   -7.5000    7.5000   30.0000 8968.9160   20.7483
    0.0000    7.5000   30.0000 9015.7314   20.7188
    7.5000    7.5000   30.0000 8573.1680   20.7269
   -7.5000   15.0000   30.0000 8577.2480   20.8129
    0.0000   15.0000   30.0000 8600.4111   20.7696
    7.5000   15.0000   30.0000 8187.8604   20.7697
   -7.5000   22.5000   30.0000 7819.9429   20.5364
    0.0000   22.5000   30.0000 7835.1646   20.4872
    7.5000   22.5000   30.0000 7439.1670   20.4785
   -7.5000   30.0000   30.0000 7081.0811   19.9816
    0.0000   30.0000   30.0000 7085.4277   19.9430
    7.5000   30.0000   30.0000 6730.9453   19.9346
   -7.5000   37.5000   30.0000 6310.9648   19.3478
    0.0000   37.5000   30.0000 6316.7158   19.3237
    7.5000   37.5000   30.0000 6008.7812   19.3229
   -7.5000   45.0000   30.0000 5629.2271   19.2538
    0.0000   45.0000   30.0000 5629.1206   19.2367
    7.5000   45.0000   30.0000 5366.4224   19.2446
   -7.5000  -45.0000   37.5000 7079.9946   18.9099
    0.0000  -45.0000   37.5000 7186.9683   18.8840
    7.5000  -45.0000   37.5000 6800.8052   18.9026
   -7.5000  -37.5000   37.5000 7456.7500   20.1975
    0.0000  -37.5000   37.5000 7564.5859   20.1646
    7.5000  -37.5000   37.5000 7175.3115   20.1865
   -7.5000  -30.0000   37.5000 7881.2070   20.7585
    0.0000  -30.0000   37.5000 7975.0132   20.7157
    7.5000  -30.0000   37.5000 7578.8945   20.7305
   -7.5000  -22.5000   37.5000 8368.3193   20.7440
    0.0000  -22.5000   37.5000 8462.7266   20.6961
    7.5000  -22.5000   37.5000 8052.8252   20.7007
   -7.5000  -15.0000   37.5000 8816.8584   20.6715
    0.0000  -15.0000   37.5000 8907.7949   20.6300
    7.5000  -15.0000   37.5000 8477.7393   20.6328
   -7.5000   -7.5000   37.5000 8882.0273   20.6168
    0.0000   -7.5000   37.5000 8956.7529   20.5849
    7.5000   -7.5000   37.5000 8520.3086   20.5954
   -7.5000    0.0000   37.5000 8922.3369   20.6319
    0.0000    0.0000   37.5000 8993.1777   20.6036
    7.5000    0.0000   37.5000 8566.7402   20.6240
   -7.5000    7.5000   37.5000 8380.1240   20.6972
    0.0000    7.5000   37.5000 8426.2979   20.6635
    7.5000    7.5000   37.5000 8023.4814   20.6859
   -7.5000   15.0000   37.5000 8041.7666   20.7510
    0.0000   15.0000   37.5000 8076.3149   20.7082
    7.5000   15.0000   37.5000 7690.7549   20.7229
   -7.5000   22.5000   37.5000 7338.1675   20.4702
    0.0000   22.5000   37.5000 7360.8774   20.4229
    7.5000   22.5000   37.5000 6993.8525   20.4274
   -7.5000   30.0000   37.5000 6644.4214   19.9287
    0.0000   30.0000   37.5000 6663.2227   19.8887
    7.5000   30.0000   37.5000 6324.9155   19.8914
   -7.5000   37.5000   37.5000 5923.0049   19.3060
    0.0000   37.5000   37.5000 5939.1577   19.2761
    7.5000   37.5000   37.5000 5642.9619   19.2859
   -7.5000   45.0000   37.5000 5287.6763   19.2167
    0.0000   45.0000   37.5000 5285.6914   19.1931
    7.5000   45.0000   37.5000 5024.2871   19.2138
   -7.5000  -45.0000   45.0000 6587.9590   19.0089
    0.0000  -45.0000   45.0000 6684.7383   18.9722
    7.5000  -45.0000   45.0000 6325.0845   18.9812
   -7.5000  -37.5000   45.0000 6945.3228   20.3067
    0.0000  -37.5000   45.0000 7054.9487   20.2657
    7.5000  -37.5000   45.0000 6680.8174   20.2773
   -7.5000  -30.0000   45.0000 7336.6309   20.8526
    0.0000  -30.0000   45.0000 7437.2065   20.8067
    7.5000  -30.0000   45.0000 7050.4590   20.8152
   -7.5000  -22.5000   45.0000 7790.5249   20.8378
    0.0000  -22.5000   45.0000 7882.8184   20.7893
    7.5000  -22.5000   45.0000 7486.4390   20.7920
   -7.5000  -15.0000   45.0000 8191.8984   20.7634
    0.0000  -15.0000   45.0000 8285.8887   20.7177
    7.5000  -15.0000   45.0000 7872.0698   20.7182
   -7.5000   -7.5000   45.0000 8251.4541   20.7069
    0.0000   -7.5000   45.0000 8340.1963   20.6654
    7.5000   -7.5000   45.0000 7929.5903   20.6695
   -7.5000    0.0000   45.0000 8304.2686   20.7221
    0.0000    0.0000   45.0000 8386.5625   20.6820
    7.5000    0.0000   45.0000 7975.4336   20.6918
   -7.5000    7.5000   45.0000 7794.3916   20.7892
    0.0000    7.5000   45.0000 7850.7485   20.7472
    7.5000    7.5000   45.0000 7467.9297   20.7590
   -7.5000   15.0000   45.0000 7491.6157   20.8448
    0.0000   15.0000   45.0000 7548.4414   20.7989
    7.5000   15.0000   45.0000 7165.7212   20.8074
   -7.5000   22.5000   45.0000 6844.7246   20.5600
    0.0000   22.5000   45.0000 6887.6914   20.5121
    7.5000   22.5000   45.0000 6525.8911   20.5148
   -7.5000   30.0000   45.0000 6196.9341   20.0153
    0.0000   30.0000   45.0000 6239.3247   19.9712
    7.5000   30.0000   45.0000 5907.0591   19.9717
   -7.5000   37.5000   45.0000 5541.0259   19.3852
    0.0000   37.5000   45.0000 5569.9678   19.3463
    7.5000   37.5000   45.0000 5273.0171   19.3501
   -7.5000   45.0000   45.0000 4941.1846   19.3007
    0.0000   45.0000   45.0000 4946.7959   19.2645
    7.5000   45.0000   45.0000 4694.9893   19.2732

---------------------------------------------------------------------
imgreg_4dfp /opt/freesurfer/average/711-2C_as_mni_average_305 /opt/freesurfer/average/711-2B_as_mni_average_305_mask talsrcimg_g11 none talsrcimg_to_711-2C_as_mni_average_305_t4 4355
---------------------------------------------------------------------

freesurfer imgreg_4dfp.c
/opt/freesurfer/average/711-2C_as_mni_average_305.4dfp.img
       256       256       256         1
  1.000000  1.000000  1.000000
orientation T byte_order littleendian
Reading image: /opt/freesurfer/average/711-2C_as_mni_average_305.4dfp.img
dimensions:      256       256       256
mmppix:       1.0000   -1.0000   -1.0000
center:     128.0000 -129.0000 -129.0000
/opt/freesurfer/average/711-2B_as_mni_average_305_mask.4dfp.img
       256       256       256         1
  1.000000  1.000000  1.000000
orientation T byte_order littleendian
Reading mask: /opt/freesurfer/average/711-2B_as_mni_average_305_mask.4dfp.img (2306576 pixels)
talsrcimg_g11.4dfp.img
       256       256       256         1
  0.898438  0.898438  0.898438
orientation T byte_order littleendian
Reading image: talsrcimg_g11.4dfp.img
dimensions:      256       256       256
mmppix:       0.8984   -0.8984   -0.8984
center:     115.0001 -115.8985 -115.8985
rotation matrix determinant  1.000000
image alignment mode   4355 decimal     1103 hex
   -7.5000  -52.5000  -45.0000 1778.8152   19.1988
    0.0000  -52.5000  -45.0000 1784.8253   19.1215
    7.5000  -52.5000  -45.0000 1765.8844   19.3427
   -7.5000  -45.0000  -45.0000 1884.6691   17.9131
    0.0000  -45.0000  -45.0000 1893.1135   17.8914
    7.5000  -45.0000  -45.0000 1870.0941   18.0612
   -7.5000  -37.5000  -45.0000 1946.0447   16.8895
    0.0000  -37.5000  -45.0000 1956.9419   16.8909
    7.5000  -37.5000  -45.0000 1941.0676   17.0672
   -7.5000  -30.0000  -45.0000 1988.4133   16.0647
    0.0000  -30.0000  -45.0000 1999.9492   16.0373
    7.5000  -30.0000  -45.0000 1980.1500   16.2031
   -7.5000  -22.5000  -45.0000 2010.4353   15.4726
    0.0000  -22.5000  -45.0000 2022.3644   15.4235
    7.5000  -22.5000  -45.0000 1998.2280   15.5924
   -7.5000  -15.0000  -45.0000 2013.2397   15.2090
    0.0000  -15.0000  -45.0000 2025.4146   15.1298
    7.5000  -15.0000  -45.0000 2006.6910   15.3413
   -7.5000   -7.5000  -45.0000 1999.2283   15.3836
    0.0000   -7.5000  -45.0000 2017.7008   15.2885
    7.5000   -7.5000  -45.0000 1993.8508   15.4867
   -7.5000    0.0000  -45.0000 1977.3470   15.8603
    0.0000    0.0000  -45.0000 1996.0226   15.7514
    7.5000    0.0000  -45.0000 1970.1086   15.9581
   -7.5000    7.5000  -45.0000 1939.8658   16.6495
    0.0000    7.5000  -45.0000 1961.7766   16.5376
    7.5000    7.5000  -45.0000 1932.3370   16.7674
   -7.5000   15.0000  -45.0000 1887.0463   17.7764
    0.0000   15.0000  -45.0000 1903.7371   17.6729
    7.5000   15.0000  -45.0000 1878.9357   17.9257
   -7.5000   22.5000  -45.0000 1813.6737   19.3900
    0.0000   22.5000  -45.0000 1829.8533   19.2523
    7.5000   22.5000  -45.0000 1803.1355   19.5490
   -7.5000   30.0000  -45.0000 1720.7493   21.4333
    0.0000   30.0000  -45.0000 1737.5481   21.2966
    7.5000   30.0000  -45.0000 1709.2534   21.6348
   -7.5000   37.5000  -45.0000 1590.9811   24.0452
    0.0000   37.5000  -45.0000 1609.4973   23.8528
    7.5000   37.5000  -45.0000 1584.0403   24.2089
   -7.5000  -52.5000  -37.5000 1928.4308   18.6452
    0.0000  -52.5000  -37.5000 1938.4683   18.6193
    7.5000  -52.5000  -37.5000 1915.3483   18.7539
   -7.5000  -45.0000  -37.5000 2051.3208   17.3974
    0.0000  -45.0000  -37.5000 2060.7861   17.3926
    7.5000  -45.0000  -37.5000 2036.9452   17.5333
   -7.5000  -37.5000  -37.5000 2117.4229   16.4228
    0.0000  -37.5000  -37.5000 2123.8396   16.4109
    7.5000  -37.5000  -37.5000 2106.2236   16.5600
   -7.5000  -30.0000  -37.5000 2161.1853   15.5912
    0.0000  -30.0000  -37.5000 2171.8853   15.5675
    7.5000  -30.0000  -37.5000 2148.2549   15.6917
   -7.5000  -22.5000  -37.5000 2185.9490   15.0016
    0.0000  -22.5000  -37.5000 2202.8389   14.9531
    7.5000  -22.5000  -37.5000 2171.9875   15.1077
   -7.5000  -15.0000  -37.5000 2190.6614   14.8413
    0.0000  -15.0000  -37.5000 2203.4543   14.7353
    7.5000  -15.0000  -37.5000 2180.4561   14.9089
   -7.5000   -7.5000  -37.5000 2170.2322   15.0357
    0.0000   -7.5000  -37.5000 2186.5583   14.9208
    7.5000   -7.5000  -37.5000 2163.5022   15.0804
   -7.5000    0.0000  -37.5000 2146.9727   15.4352
    0.0000    0.0000  -37.5000 2163.5918   15.3264
    7.5000    0.0000  -37.5000 2138.0647   15.5202
   -7.5000    7.5000  -37.5000 2108.1333   16.1996
    0.0000    7.5000  -37.5000 2126.5295   16.1059
    7.5000    7.5000  -37.5000 2099.9319   16.3005
   -7.5000   15.0000  -37.5000 2044.8947   17.3414
    0.0000   15.0000  -37.5000 2063.3528   17.2295
    7.5000   15.0000  -37.5000 2038.3396   17.4428
   -7.5000   22.5000  -37.5000 1963.1001   18.9014
    0.0000   22.5000  -37.5000 1981.4989   18.7503
    7.5000   22.5000  -37.5000 1954.7253   19.0039
   -7.5000   30.0000  -37.5000 1863.1833   20.9024
    0.0000   30.0000  -37.5000 1878.3390   20.7493
    7.5000   30.0000  -37.5000 1847.2574   21.0214
   -7.5000   37.5000  -37.5000 1727.0184   23.4662
    0.0000   37.5000  -37.5000 1737.6759   23.3053
    7.5000   37.5000  -37.5000 1715.0529   23.5461
   -7.5000  -52.5000  -30.0000 2068.1111   18.0107
    0.0000  -52.5000  -30.0000 2078.4663   17.9162
    7.5000  -52.5000  -30.0000 2055.2078   18.1087
   -7.5000  -45.0000  -30.0000 2196.8843   16.7704
    0.0000  -45.0000  -30.0000 2210.0645   16.6954
    7.5000  -45.0000  -30.0000 2181.6804   16.8734
   -7.5000  -37.5000  -30.0000 2271.6572   15.7993
    0.0000  -37.5000  -30.0000 2280.1096   15.7283
    7.5000  -37.5000  -30.0000 2256.8311   15.8670
   -7.5000  -30.0000  -30.0000 2315.2617   14.9974
    0.0000  -30.0000  -30.0000 2327.3154   14.9249
    7.5000  -30.0000  -30.0000 2305.4785   15.0862
   -7.5000  -22.5000  -30.0000 2348.8594   14.4955
    0.0000  -22.5000  -30.0000 2368.0908   14.3746
    7.5000  -22.5000  -30.0000 2335.9956   14.5287
   -7.5000  -15.0000  -30.0000 2358.7146   14.2809
    0.0000  -15.0000  -30.0000 2380.1440   14.2047
    7.5000  -15.0000  -30.0000 2349.0066   14.3247
   -7.5000   -7.5000  -30.0000 2341.6248   14.5102
    0.0000   -7.5000  -30.0000 2362.3218   14.3744
    7.5000   -7.5000  -30.0000 2336.1785   14.5167
   -7.5000    0.0000  -30.0000 2317.0701   14.8919
    0.0000    0.0000  -30.0000 2334.3484   14.7990
    7.5000    0.0000  -30.0000 2307.2974   14.9700
   -7.5000    7.5000  -30.0000 2268.7261   15.6799
    0.0000    7.5000  -30.0000 2288.9338   15.5592
    7.5000    7.5000  -30.0000 2263.2280   15.7220
   -7.5000   15.0000  -30.0000 2197.7502   16.8152
    0.0000   15.0000  -30.0000 2217.6758   16.6850
    7.5000   15.0000  -30.0000 2192.0767   16.8416
   -7.5000   22.5000  -30.0000 2101.9709   18.3013
    0.0000   22.5000  -30.0000 2119.6816   18.1542
    7.5000   22.5000  -30.0000 2096.7424   18.3482
   -7.5000   30.0000  -30.0000 1992.1377   20.2507
    0.0000   30.0000  -30.0000 2006.9456   20.1029
    7.5000   30.0000  -30.0000 1981.0071   20.3090
   -7.5000   37.5000  -30.0000 1847.8524   22.7086
    0.0000   37.5000  -30.0000 1863.4421   22.5303
    7.5000   37.5000  -30.0000 1836.6989   22.7687
   -7.5000  -52.5000  -22.5000 2177.4563   17.2370
    0.0000  -52.5000  -22.5000 2188.5869   17.1755
    7.5000  -52.5000  -22.5000 2169.4216   17.3221
   -7.5000  -45.0000  -22.5000 2316.7927   15.9723
    0.0000  -45.0000  -22.5000 2327.4460   15.9095
    7.5000  -45.0000  -22.5000 2301.6309   16.0604
   -7.5000  -37.5000  -22.5000 2402.0161   15.0428
    0.0000  -37.5000  -22.5000 2408.7476   14.9552
    7.5000  -37.5000  -22.5000 2385.9612   15.1078
   -7.5000  -30.0000  -22.5000 2447.9185   14.2705
    0.0000  -30.0000  -22.5000 2464.1892   14.1784
    7.5000  -30.0000  -22.5000 2440.1099   14.3369
   -7.5000  -22.5000  -22.5000 2493.4675   13.7620
    0.0000  -22.5000  -22.5000 2515.8384   13.6658
    7.5000  -22.5000  -22.5000 2479.0986   13.8119
   -7.5000  -15.0000  -22.5000 2518.3865   13.6087
    0.0000  -15.0000  -22.5000 2541.2056   13.4940
    7.5000  -15.0000  -22.5000 2504.6917   13.6282
   -7.5000   -7.5000  -22.5000 2507.2173   13.8440
    0.0000   -7.5000  -22.5000 2533.4829   13.7165
    7.5000   -7.5000  -22.5000 2498.7769   13.8261
   -7.5000    0.0000  -22.5000 2472.8406   14.2779
    0.0000    0.0000  -22.5000 2500.0300   14.1566
    7.5000    0.0000  -22.5000 2466.5303   14.2994
   -7.5000    7.5000  -22.5000 2420.8596   15.0546
    0.0000    7.5000  -22.5000 2447.7864   14.9314
    7.5000    7.5000  -22.5000 2413.7976   15.0489
   -7.5000   15.0000  -22.5000 2333.7742   16.1591
    0.0000   15.0000  -22.5000 2357.9221   16.0154
    7.5000   15.0000  -22.5000 2327.5015   16.1472
   -7.5000   22.5000  -22.5000 2226.8618   17.5790
    0.0000   22.5000  -22.5000 2246.3672   17.4245
    7.5000   22.5000  -22.5000 2223.0969   17.5886
   -7.5000   30.0000  -22.5000 2100.3113   19.4731
    0.0000   30.0000  -22.5000 2121.8525   19.2966
    7.5000   30.0000  -22.5000 2098.7126   19.5250
   -7.5000   37.5000  -22.5000 1949.4617   21.7673
    0.0000   37.5000  -22.5000 1962.6912   21.6078
    7.5000   37.5000  -22.5000 1943.4475   21.8638
   -7.5000  -52.5000  -15.0000 2253.5581   16.4532
    0.0000  -52.5000  -15.0000 2270.0925   16.3825
    7.5000  -52.5000  -15.0000 2247.3865   16.5960
   -7.5000  -45.0000  -15.0000 2401.7996   15.1814
    0.0000  -45.0000  -15.0000 2415.8979   15.1212
    7.5000  -45.0000  -15.0000 2391.8496   15.3028
   -7.5000  -37.5000  -15.0000 2497.9922   14.2423
    0.0000  -37.5000  -15.0000 2514.5474   14.1632
    7.5000  -37.5000  -15.0000 2485.3162   14.3062
   -7.5000  -30.0000  -15.0000 2560.3835   13.5272
    0.0000  -30.0000  -15.0000 2579.6638   13.4213
    7.5000  -30.0000  -15.0000 2552.5884   13.5667
   -7.5000  -22.5000  -15.0000 2611.7068   13.0277
    0.0000  -22.5000  -15.0000 2636.3342   12.9142
    7.5000  -22.5000  -15.0000 2602.3394   13.0738
   -7.5000  -15.0000  -15.0000 2646.0852   12.8784
    0.0000  -15.0000  -15.0000 2674.7949   12.7544
    7.5000  -15.0000  -15.0000 2632.8135   12.9237
   -7.5000   -7.5000  -15.0000 2643.1064   13.0704
    0.0000   -7.5000  -15.0000 2672.3291   12.9634
    7.5000   -7.5000  -15.0000 2639.0354   13.1076
   -7.5000    0.0000  -15.0000 2609.9658   13.5426
    0.0000    0.0000  -15.0000 2644.7817   13.4529
    7.5000    0.0000  -15.0000 2602.9878   13.5871
   -7.5000    7.5000  -15.0000 2548.1941   14.3088
    0.0000    7.5000  -15.0000 2577.3394   14.2070
    7.5000    7.5000  -15.0000 2536.2036   14.3623
   -7.5000   15.0000  -15.0000 2444.1780   15.3769
    0.0000   15.0000  -15.0000 2472.4094   15.2578
    7.5000   15.0000  -15.0000 2440.0483   15.3789
   -7.5000   22.5000  -15.0000 2322.0312   16.7719
    0.0000   22.5000  -15.0000 2343.5044   16.6498
    7.5000   22.5000  -15.0000 2321.0986   16.7960
   -7.5000   30.0000  -15.0000 2187.9143   18.6025
    0.0000   30.0000  -15.0000 2208.0784   18.4489
    7.5000   30.0000  -15.0000 2189.1858   18.6615
   -7.5000   37.5000  -15.0000 2026.5991   20.8277
    0.0000   37.5000  -15.0000 2042.6823   20.6923
    7.5000   37.5000  -15.0000 2020.0037   20.9236
   -7.5000  -52.5000   -7.5000 2295.3882   15.6973
    0.0000  -52.5000   -7.5000 2317.1187   15.5701
    7.5000  -52.5000   -7.5000 2291.0918   15.8591
   -7.5000  -45.0000   -7.5000 2447.9451   14.4145
    0.0000  -45.0000   -7.5000 2463.3965   14.3083
    7.5000  -45.0000   -7.5000 2440.9067   14.5429
   -7.5000  -37.5000   -7.5000 2559.7104   13.4355
    0.0000  -37.5000   -7.5000 2577.2271   13.3257
    7.5000  -37.5000   -7.5000 2548.7761   13.5227
   -7.5000  -30.0000   -7.5000 2641.4600   12.7471
    0.0000  -30.0000   -7.5000 2664.7363   12.6551
    7.5000  -30.0000   -7.5000 2631.5471   12.7946
   -7.5000  -22.5000   -7.5000 2702.4775   12.3205
    0.0000  -22.5000   -7.5000 2731.0491   12.1961
    7.5000  -22.5000   -7.5000 2692.4783   12.3474
   -7.5000  -15.0000   -7.5000 2743.7568   12.1672
    0.0000  -15.0000   -7.5000 2779.5776   12.0502
    7.5000  -15.0000   -7.5000 2732.1326   12.1969
   -7.5000   -7.5000   -7.5000 2747.7312   12.3147
    0.0000   -7.5000   -7.5000 2779.1868   12.2321
    7.5000   -7.5000   -7.5000 2735.8286   12.3662
   -7.5000    0.0000   -7.5000 2708.1331   12.7596
    0.0000    0.0000   -7.5000 2744.5813   12.6672
    7.5000    0.0000   -7.5000 2697.1094   12.8241
   -7.5000    7.5000   -7.5000 2630.9248   13.5243
    0.0000    7.5000   -7.5000 2662.6455   13.4166
    7.5000    7.5000   -7.5000 2619.8030   13.5866
   -7.5000   15.0000   -7.5000 2519.1025   14.5627
    0.0000   15.0000   -7.5000 2543.4753   14.4415
    7.5000   15.0000   -7.5000 2513.3293   14.5772
   -7.5000   22.5000   -7.5000 2382.5701   15.9327
    0.0000   22.5000   -7.5000 2403.1001   15.8090
    7.5000   22.5000   -7.5000 2376.0510   15.9553
   -7.5000   30.0000   -7.5000 2240.2410   17.7354
    0.0000   30.0000   -7.5000 2259.8621   17.5971
    7.5000   30.0000   -7.5000 2231.9917   17.7714
   -7.5000   37.5000   -7.5000 2068.7183   19.8824
    0.0000   37.5000   -7.5000 2084.0498   19.7107
    7.5000   37.5000   -7.5000 2061.6155   19.9071
   -7.5000  -52.5000    0.0000 2338.4065   15.2518
    0.0000  -52.5000    0.0000 2360.3147   15.0614
    7.5000  -52.5000    0.0000 2334.1697   15.4404
   -7.5000  -45.0000    0.0000 2491.7854   13.9519
    0.0000  -45.0000    0.0000 2511.6082   13.8020
    7.5000  -45.0000    0.0000 2488.6240   14.1157
   -7.5000  -37.5000    0.0000 2611.7112   12.9875
    0.0000  -37.5000    0.0000 2634.1077   12.8358
    7.5000  -37.5000    0.0000 2602.2622   13.0858
   -7.5000  -30.0000    0.0000 2709.0610   12.2844
    0.0000  -30.0000    0.0000 2736.8628   12.1450
    7.5000  -30.0000    0.0000 2700.3542   12.3525
   -7.5000  -22.5000    0.0000 2796.7959   11.8802
    0.0000  -22.5000    0.0000 2831.5789   11.7412
    7.5000  -22.5000    0.0000 2780.4519   11.9130
   -7.5000  -15.0000    0.0000 2849.8147   11.7333
    0.0000  -15.0000    0.0000 2902.0830   11.6133
    7.5000  -15.0000    0.0000 2832.0029   11.7559
   -7.5000   -7.5000    0.0000 2853.9736   11.8471
    0.0000   -7.5000    0.0000 2895.9792   11.7559
    7.5000   -7.5000    0.0000 2837.3057   11.9114
   -7.5000    0.0000    0.0000 2798.9185   12.2668
    0.0000    0.0000    0.0000 2834.5781   12.1570
    7.5000    0.0000    0.0000 2786.1975   12.3279
   -7.5000    7.5000    0.0000 2702.5930   12.9971
    0.0000    7.5000    0.0000 2734.0698   12.8650
    7.5000    7.5000    0.0000 2695.5298   13.0479
   -7.5000   15.0000    0.0000 2576.8711   14.0454
    0.0000   15.0000    0.0000 2605.7266   13.9046
    7.5000   15.0000    0.0000 2570.3794   14.0929
   -7.5000   22.5000    0.0000 2429.1877   15.4303
    0.0000   22.5000    0.0000 2454.5686   15.2949
    7.5000   22.5000    0.0000 2421.2310   15.4840
   -7.5000   30.0000    0.0000 2280.2949   17.1911
    0.0000   30.0000    0.0000 2302.0562   17.0445
    7.5000   30.0000    0.0000 2273.9731   17.2442
   -7.5000   37.5000    0.0000 2104.8264   19.2691
    0.0000   37.5000    0.0000 2123.4360   19.1482
    7.5000   37.5000    0.0000 2099.7231   19.3172
   -7.5000  -52.5000    7.5000 2363.1370   14.9197
    0.0000  -52.5000    7.5000 2382.1602   14.6931
    7.5000  -52.5000    7.5000 2358.2083   15.1073
   -7.5000  -45.0000    7.5000 2516.2227   13.6645
    0.0000  -45.0000    7.5000 2536.6841   13.4446
    7.5000  -45.0000    7.5000 2511.9888   13.7863
   -7.5000  -37.5000    7.5000 2638.5391   12.6544
    0.0000  -37.5000    7.5000 2666.7000   12.4491
    7.5000  -37.5000    7.5000 2634.0261   12.7624
   -7.5000  -30.0000    7.5000 2747.1511   11.9401
    0.0000  -30.0000    7.5000 2784.4441   11.7591
    7.5000  -30.0000    7.5000 2742.8452   12.0269
   -7.5000  -22.5000    7.5000 2849.7405   11.5754
    0.0000  -22.5000    7.5000 2894.9307   11.4069
    7.5000  -22.5000    7.5000 2838.6379   11.6017
   -7.5000  -15.0000    7.5000 2925.6497   11.4359
    0.0000  -15.0000    7.5000 2992.4631   11.3102
    7.5000  -15.0000    7.5000 2902.1680   11.4588
   -7.5000   -7.5000    7.5000 2931.3379   11.4882
    0.0000   -7.5000    7.5000 2986.8372   11.3693
    7.5000   -7.5000    7.5000 2905.9976   11.5851
   -7.5000    0.0000    7.5000 2854.0688   11.9310
    0.0000    0.0000    7.5000 2896.4280   11.7778
    7.5000    0.0000    7.5000 2841.7581   11.9817
   -7.5000    7.5000    7.5000 2739.5696   12.6151
    0.0000    7.5000    7.5000 2774.9458   12.4837
    7.5000    7.5000    7.5000 2732.8162   12.6716
   -7.5000   15.0000    7.5000 2602.2971   13.6313
    0.0000   15.0000    7.5000 2636.8254   13.4815
    7.5000   15.0000    7.5000 2596.0627   13.6659
   -7.5000   22.5000    7.5000 2449.5161   15.0236
    0.0000   22.5000    7.5000 2477.4363   14.8652
    7.5000   22.5000    7.5000 2448.5266   15.0398
   -7.5000   30.0000    7.5000 2290.9116   16.7657
    0.0000   30.0000    7.5000 2315.3440   16.6227
    7.5000   30.0000    7.5000 2290.1780   16.7957
   -7.5000   37.5000    7.5000 2114.7209   18.8183
    0.0000   37.5000    7.5000 2139.6267   18.6430
    7.5000   37.5000    7.5000 2115.9827   18.8456
   -7.5000  -52.5000   15.0000 2370.0750   14.8284
    0.0000  -52.5000   15.0000 2397.4714   14.5944
    7.5000  -52.5000   15.0000 2369.0408   15.0008
   -7.5000  -45.0000   15.0000 2522.2104   13.5978
    0.0000  -45.0000   15.0000 2555.0974   13.3442
    7.5000  -45.0000   15.0000 2519.6702   13.6995
   -7.5000  -37.5000   15.0000 2647.9705   12.5772
    0.0000  -37.5000   15.0000 2686.2883   12.3453
    7.5000  -37.5000   15.0000 2647.4495   12.6924
   -7.5000  -30.0000   15.0000 2765.2764   11.8238
    0.0000  -30.0000   15.0000 2808.7012   11.6163
    7.5000  -30.0000   15.0000 2766.0598   11.9437
   -7.5000  -22.5000   15.0000 2861.8413   11.4070
    0.0000  -22.5000   15.0000 2918.3208   11.2397
    7.5000  -22.5000   15.0000 2861.5889   11.4812
   -7.5000  -15.0000   15.0000 2938.1748   11.2623
    0.0000  -15.0000   15.0000 3007.1262   11.1036
    7.5000  -15.0000   15.0000 2921.6887   11.3126
   -7.5000   -7.5000   15.0000 2943.0337   11.4484
    0.0000   -7.5000   15.0000 3014.1233   11.2534
    7.5000   -7.5000   15.0000 2920.7224   11.4800
   -7.5000    0.0000   15.0000 2867.1172   11.8451
    0.0000    0.0000   15.0000 2915.8179   11.6891
    7.5000    0.0000   15.0000 2853.0747   11.8816
   -7.5000    7.5000   15.0000 2744.8953   12.4687
    0.0000    7.5000   15.0000 2788.5674   12.3317
    7.5000    7.5000   15.0000 2739.7729   12.5288
   -7.5000   15.0000   15.0000 2600.5984   13.4616
    0.0000   15.0000   15.0000 2635.4680   13.3110
    7.5000   15.0000   15.0000 2605.8311   13.4996
   -7.5000   22.5000   15.0000 2449.3181   14.8042
    0.0000   22.5000   15.0000 2477.7139   14.6537
    7.5000   22.5000   15.0000 2452.5247   14.8417
   -7.5000   30.0000   15.0000 2289.7021   16.5193
    0.0000   30.0000   15.0000 2314.7070   16.3791
    7.5000   30.0000   15.0000 2288.6006   16.5605
   -7.5000   37.5000   15.0000 2109.1011   18.5763
    0.0000   37.5000   15.0000 2132.9536   18.4673
    7.5000   37.5000   15.0000 2113.3530   18.6648
   -7.5000  -52.5000   22.5000 2370.6096   14.9638
    0.0000  -52.5000   22.5000 2400.9880   14.7434
    7.5000  -52.5000   22.5000 2369.3596   15.1208
   -7.5000  -45.0000   22.5000 2520.7815   13.7385
    0.0000  -45.0000   22.5000 2560.9348   13.5150
    7.5000  -45.0000   22.5000 2524.4424   13.8580
   -7.5000  -37.5000   22.5000 2641.1057   12.7647
    0.0000  -37.5000   22.5000 2684.5391   12.5288
    7.5000  -37.5000   22.5000 2649.8225   12.8641
   -7.5000  -30.0000   22.5000 2749.2175   12.0450
    0.0000  -30.0000   22.5000 2796.1516   11.8370
    7.5000  -30.0000   22.5000 2755.4822   12.1346
   -7.5000  -22.5000   22.5000 2835.6558   11.5848
    0.0000  -22.5000   22.5000 2884.3584   11.4059
    7.5000  -22.5000   22.5000 2840.4678   11.6661
   -7.5000  -15.0000   22.5000 2893.0894   11.4227
    0.0000  -15.0000   22.5000 2946.6965   11.2335
    7.5000  -15.0000   22.5000 2887.6829   11.4850
   -7.5000   -7.5000   22.5000 2892.0110   11.5883
    0.0000   -7.5000   22.5000 2943.7686   11.4399
    7.5000   -7.5000   22.5000 2885.4055   11.6322
   -7.5000    0.0000   22.5000 2823.9243   12.0016
    0.0000    0.0000   22.5000 2866.4636   11.8807
    7.5000    0.0000   22.5000 2815.2637   12.0568
   -7.5000    7.5000   22.5000 2713.1875   12.6331
    0.0000    7.5000   22.5000 2753.7366   12.5082
    7.5000    7.5000   22.5000 2713.5750   12.7028
   -7.5000   15.0000   22.5000 2575.8918   13.6000
    0.0000   15.0000   22.5000 2607.4580   13.4438
    7.5000   15.0000   22.5000 2582.3286   13.6554
   -7.5000   22.5000   22.5000 2429.1770   14.8514
    0.0000   22.5000   22.5000 2458.3020   14.7070
    7.5000   22.5000   22.5000 2434.2290   14.9091
   -7.5000   30.0000   22.5000 2273.0176   16.4824
    0.0000   30.0000   22.5000 2302.6323   16.3310
    7.5000   30.0000   22.5000 2279.2517   16.5606
   -7.5000   37.5000   22.5000 2089.3323   18.4997
    0.0000   37.5000   22.5000 2116.0581   18.3623
    7.5000   37.5000   22.5000 2096.2112   18.5890
   -7.5000  -52.5000   30.0000 2358.1182   15.3537
    0.0000  -52.5000   30.0000 2385.1665   15.1228
    7.5000  -52.5000   30.0000 2356.3123   15.4336
   -7.5000  -45.0000   30.0000 2504.9473   14.1441
    0.0000  -45.0000   30.0000 2543.7878   13.9192
    7.5000  -45.0000   30.0000 2509.9868   14.2119
   -7.5000  -37.5000   30.0000 2616.9241   13.1935
    0.0000  -37.5000   30.0000 2659.4165   12.9757
    7.5000  -37.5000   30.0000 2626.7112   13.2652
   -7.5000  -30.0000   30.0000 2710.9590   12.4914
    0.0000  -30.0000   30.0000 2754.4646   12.2913
    7.5000  -30.0000   30.0000 2723.7373   12.5525
   -7.5000  -22.5000   30.0000 2781.6648   12.0167
    0.0000  -22.5000   30.0000 2828.6204   11.7832
    7.5000  -22.5000   30.0000 2791.7214   12.0563
   -7.5000  -15.0000   30.0000 2817.6357   11.8171
    0.0000  -15.0000   30.0000 2864.5854   11.6269
    7.5000  -15.0000   30.0000 2823.4048   11.8616
   -7.5000   -7.5000   30.0000 2806.0967   11.9742
    0.0000   -7.5000   30.0000 2850.3760   11.8167
    7.5000   -7.5000   30.0000 2806.4417   12.0168
   -7.5000    0.0000   30.0000 2745.6882   12.3794
    0.0000    0.0000   30.0000 2785.3669   12.2513
    7.5000    0.0000   30.0000 2745.7527   12.4377
   -7.5000    7.5000   30.0000 2647.1624   13.0329
    0.0000    7.5000   30.0000 2683.2825   12.8788
    7.5000    7.5000   30.0000 2649.9490   13.0863
   -7.5000   15.0000   30.0000 2527.2490   13.9560
    0.0000   15.0000   30.0000 2555.0059   13.7999
    7.5000   15.0000   30.0000 2529.3965   14.0142
   -7.5000   22.5000   30.0000 2389.8279   15.1490
    0.0000   22.5000   30.0000 2418.4482   14.9913
    7.5000   22.5000   30.0000 2395.6174   15.2122
   -7.5000   30.0000   30.0000 2245.3491   16.7174
    0.0000   30.0000   30.0000 2271.2939   16.5588
    7.5000   30.0000   30.0000 2251.4512   16.7808
   -7.5000   37.5000   30.0000 2061.0994   18.7044
    0.0000   37.5000   30.0000 2083.3638   18.5407
    7.5000   37.5000   30.0000 2066.7839   18.7889
   -7.5000  -52.5000   37.5000 2317.3691   15.9736
    0.0000  -52.5000   37.5000 2350.5320   15.7111
    7.5000  -52.5000   37.5000 2323.2915   15.9860
   -7.5000  -45.0000   37.5000 2467.5886   14.7769
    0.0000  -45.0000   37.5000 2506.7612   14.5437
    7.5000  -45.0000   37.5000 2473.5479   14.8207
   -7.5000  -37.5000   37.5000 2574.7959   13.8071
    0.0000  -37.5000   37.5000 2620.4988   13.6039
    7.5000  -37.5000   37.5000 2587.1216   13.8606
   -7.5000  -30.0000   37.5000 2660.5474   13.1064
    0.0000  -30.0000   37.5000 2704.4409   12.8928
    7.5000  -30.0000   37.5000 2671.8408   13.1368
   -7.5000  -22.5000   37.5000 2715.5725   12.6290
    0.0000  -22.5000   37.5000 2764.0188   12.4085
    7.5000  -22.5000   37.5000 2727.7515   12.6628
   -7.5000  -15.0000   37.5000 2737.5134   12.4171
    0.0000  -15.0000   37.5000 2780.8081   12.2414
    7.5000  -15.0000   37.5000 2747.9355   12.4502
   -7.5000   -7.5000   37.5000 2709.1011   12.5534
    0.0000   -7.5000   37.5000 2747.6433   12.3852
    7.5000   -7.5000   37.5000 2712.7722   12.5914
   -7.5000    0.0000   37.5000 2649.1057   12.9497
    0.0000    0.0000   37.5000 2684.1482   12.8037
    7.5000    0.0000   37.5000 2656.1870   13.0010
   -7.5000    7.5000   37.5000 2565.3809   13.5999
    0.0000    7.5000   37.5000 2595.3679   13.4351
    7.5000    7.5000   37.5000 2570.4343   13.6333
   -7.5000   15.0000   37.5000 2459.2607   14.4978
    0.0000   15.0000   37.5000 2486.1768   14.3371
    7.5000   15.0000   37.5000 2466.0930   14.5317
   -7.5000   22.5000   37.5000 2335.1326   15.6829
    0.0000   22.5000   37.5000 2358.5791   15.5150
    7.5000   22.5000   37.5000 2341.2556   15.7155
   -7.5000   30.0000   37.5000 2195.2371   17.2561
    0.0000   30.0000   37.5000 2219.1814   17.0752
    7.5000   30.0000   37.5000 2204.6609   17.2989
   -7.5000   37.5000   37.5000 2021.3158   19.1896
    0.0000   37.5000   37.5000 2044.6260   19.0156
    7.5000   37.5000   37.5000 2028.9242   19.2736
   -7.5000  -52.5000   45.0000 2255.2280   16.7242
    0.0000  -52.5000   45.0000 2291.1455   16.4896
    7.5000  -52.5000   45.0000 2262.1597   16.6833
   -7.5000  -45.0000   45.0000 2396.4446   15.4857
    0.0000  -45.0000   45.0000 2431.6001   15.2811
    7.5000  -45.0000   45.0000 2403.5059   15.4820
   -7.5000  -37.5000   45.0000 2498.9565   14.5157
    0.0000  -37.5000   45.0000 2539.8164   14.3407
    7.5000  -37.5000   45.0000 2511.1033   14.5540
   -7.5000  -30.0000   45.0000 2572.8601   13.8259
    0.0000  -30.0000   45.0000 2612.9028   13.6436
    7.5000  -30.0000   45.0000 2584.9883   13.8672
   -7.5000  -22.5000   45.0000 2613.5977   13.3688
    0.0000  -22.5000   45.0000 2652.3987   13.1967
    7.5000  -22.5000   45.0000 2624.8892   13.3987
   -7.5000  -15.0000   45.0000 2623.3787   13.1395
    0.0000  -15.0000   45.0000 2659.0842   12.9828
    7.5000  -15.0000   45.0000 2632.5452   13.1687
   -7.5000   -7.5000   45.0000 2594.7441   13.2341
    0.0000   -7.5000   45.0000 2631.1289   13.0928
    7.5000   -7.5000   45.0000 2604.6631   13.2813
   -7.5000    0.0000   45.0000 2538.2224   13.6447
    0.0000    0.0000   45.0000 2570.3049   13.5185
    7.5000    0.0000   45.0000 2546.7825   13.6869
   -7.5000    7.5000   45.0000 2457.1577   14.2922
    0.0000    7.5000   45.0000 2483.0928   14.1609
    7.5000    7.5000   45.0000 2465.4346   14.3358
   -7.5000   15.0000   45.0000 2359.3931   15.1663
    0.0000   15.0000   45.0000 2386.2026   15.0144
    7.5000   15.0000   45.0000 2367.5291   15.1988
   -7.5000   22.5000   45.0000 2246.8696   16.3558
    0.0000   22.5000   45.0000 2270.9316   16.1743
    7.5000   22.5000   45.0000 2252.1179   16.3708
   -7.5000   30.0000   45.0000 2114.6199   17.9282
    0.0000   30.0000   45.0000 2140.9775   17.7732
    7.5000   30.0000   45.0000 2120.2783   17.9736
   -7.5000   37.5000   45.0000 1951.8920   19.9159
    0.0000   37.5000   45.0000 1970.0260   19.7083
    7.5000   37.5000   45.0000 1954.3174   19.9220

---------------------------------------------------------------------
imgreg_4dfp /opt/freesurfer/average/711-2C_as_mni_average_305 /opt/freesurfer/average/711-2B_as_mni_average_305_mask talsrcimg_g11 none talsrcimg_to_711-2C_as_mni_average_305_t4 1283
---------------------------------------------------------------------

freesurfer imgreg_4dfp.c
/opt/freesurfer/average/711-2C_as_mni_average_305.4dfp.img
       256       256       256         1
  1.000000  1.000000  1.000000
orientation T byte_order littleendian
Reading image: /opt/freesurfer/average/711-2C_as_mni_average_305.4dfp.img
dimensions:      256       256       256
mmppix:       1.0000   -1.0000   -1.0000
center:     128.0000 -129.0000 -129.0000
/opt/freesurfer/average/711-2B_as_mni_average_305_mask.4dfp.img
       256       256       256         1
  1.000000  1.000000  1.000000
orientation T byte_order littleendian
Reading mask: /opt/freesurfer/average/711-2B_as_mni_average_305_mask.4dfp.img (2306576 pixels)
talsrcimg_g11.4dfp.img
       256       256       256         1
  0.898438  0.898438  0.898438
orientation T byte_order littleendian
Reading image: talsrcimg_g11.4dfp.img
dimensions:      256       256       256
mmppix:       0.8984   -0.8984   -0.8984
center:     115.0001 -115.8985 -115.8985
rotation matrix determinant  1.000000
fimgreg.f
image alignment mode   1283 decimal      503 hex
parameters
    0.0000   -7.5000   15.0000    0.0000    0.0000    0.0000
eta,q 0.94636 11.25276
niter,ni,del,rscale     5    3   12.0000    1.2000
parameter  2  0.748382 ->  0.500000 qaram    1.1500
parameters
   -0.5509  -10.9500   12.4656    1.3890   -0.6021   -1.7137
eta,q 0.95356 11.03687
  0.0704  0.0525  0.0510  0.0585  0.0540  0.0501
  0.0612  0.0490  0.0481  0.0546  0.0496  0.0473
  0.0565  0.0514  0.0474  0.0503  0.0473  0.0465
  0.0560  0.0558  0.0492  0.0474  0.0471  0.0470
  0.0592  0.0610  0.0533  0.0473  0.0482  0.0491
  0.0667  0.0675  0.0582  0.0489  0.0520  0.0531
  0.0756  0.0749  0.0648  0.0523  0.0577  0.0576
niter,ni,del,rscale     5    3   12.0000    1.2000
parameters
   -0.4642  -11.1020   12.6886    1.8141   -0.6911   -1.7447
eta,q 0.95352 11.02975
  0.0686  0.0643  0.0571  0.0565  0.0547  0.0533
  0.0584  0.0571  0.0513  0.0517  0.0501  0.0496
  0.0502  0.0488  0.0476  0.0477  0.0473  0.0471
  0.0464  0.0464  0.0463  0.0463  0.0465  0.0465
  0.0489  0.0505  0.0474  0.0475  0.0471  0.0471
  0.0574  0.0572  0.0508  0.0500  0.0502  0.0494
  0.0677  0.0662  0.0553  0.0538  0.0555  0.0536
niter,ni,del,rscale     4    3   12.0000    1.2000
parameters
   -0.4773  -11.2410   12.7164    1.9478   -0.6595   -1.7455
eta,q 0.95355 11.02666
  0.0678  0.0645  0.0564  0.0557  0.0549  0.0533
  0.0577  0.0571  0.0508  0.0509  0.0503  0.0496
  0.0499  0.0487  0.0472  0.0471  0.0474  0.0471
  0.0465  0.0465  0.0464  0.0464  0.0465  0.0464
  0.0491  0.0503  0.0477  0.0478  0.0470  0.0471
  0.0579  0.0570  0.0512  0.0507  0.0499  0.0494
  0.0682  0.0663  0.0557  0.0545  0.0550  0.0535
niter,ni,del,rscale     3    3   12.0000    1.2000
parameters
   -0.5046  -11.2997   12.7212    2.0092   -0.6289   -1.7525
eta,q 0.95356 11.02528
  0.0676  0.0648  0.0563  0.0555  0.0549  0.0533
  0.0575  0.0575  0.0507  0.0507  0.0503  0.0496
  0.0498  0.0490  0.0472  0.0470  0.0474  0.0471
  0.0464  0.0465  0.0464  0.0464  0.0465  0.0464
  0.0491  0.0501  0.0478  0.0478  0.0470  0.0471
  0.0579  0.0566  0.0512  0.0509  0.0499  0.0494
  0.0682  0.0659  0.0558  0.0546  0.0550  0.0535
niter,ni,del,rscale     2    3   12.0000    1.2000
parameters
   -0.5228  -11.3263   12.7238    2.0411   -0.6089   -1.7577
eta,q 0.95356 11.02456
  0.0677  0.0649  0.0564  0.0554  0.0548  0.0533
  0.0575  0.0576  0.0507  0.0506  0.0502  0.0496
  0.0498  0.0490  0.0472  0.0470  0.0474  0.0471
  0.0464  0.0464  0.0464  0.0464  0.0464  0.0464
  0.0491  0.0500  0.0478  0.0478  0.0470  0.0471
  0.0579  0.0565  0.0512  0.0510  0.0499  0.0494
  0.0681  0.0658  0.0558  0.0547  0.0550  0.0535
registration optimization eta report
parameter search radius
    6.0000    6.9000    6.0000    6.0000    6.0000    6.0000
100000*second partial in parameter space
       58.       38.       27.       24.       24.       20.
  0.0677  0.0649  0.0564  0.0554  0.0548  0.0533
  0.0575  0.0576  0.0507  0.0506  0.0502  0.0496
  0.0498  0.0490  0.0472  0.0470  0.0474  0.0471
  0.0464  0.0464  0.0464  0.0464  0.0464  0.0464
  0.0491  0.0500  0.0478  0.0478  0.0470  0.0471
  0.0579  0.0565  0.0512  0.0510  0.0499  0.0494
  0.0681  0.0658  0.0558  0.0547  0.0550  0.0535
   -0.5228  -11.3263   12.7238    2.0411   -0.6089   -1.7577
eta,q 0.95356 11.02456

---------------------------------------------------------------------
imgreg_4dfp /opt/freesurfer/average/711-2C_as_mni_average_305 /opt/freesurfer/average/711-2B_as_mni_average_305_mask talsrcimg_g11 none talsrcimg_to_711-2C_as_mni_average_305_t4 3335
---------------------------------------------------------------------

freesurfer imgreg_4dfp.c
/opt/freesurfer/average/711-2C_as_mni_average_305.4dfp.img
       256       256       256         1
  1.000000  1.000000  1.000000
orientation T byte_order littleendian
Reading image: /opt/freesurfer/average/711-2C_as_mni_average_305.4dfp.img
dimensions:      256       256       256
mmppix:       1.0000   -1.0000   -1.0000
center:     128.0000 -129.0000 -129.0000
/opt/freesurfer/average/711-2B_as_mni_average_305_mask.4dfp.img
       256       256       256         1
  1.000000  1.000000  1.000000
orientation T byte_order littleendian
Reading mask: /opt/freesurfer/average/711-2B_as_mni_average_305_mask.4dfp.img (2306576 pixels)
talsrcimg_g11.4dfp.img
       256       256       256         1
  0.898438  0.898438  0.898438
orientation T byte_order littleendian
Reading image: talsrcimg_g11.4dfp.img
dimensions:      256       256       256
mmppix:       0.8984   -0.8984   -0.8984
center:     115.0001 -115.8985 -115.8985
fimgreg.f
image alignment mode   3335 decimal      D07 hex
parameters
   -0.5228  -11.3263   12.7238   -0.0527   -0.1116   -0.0691
    3.1031    0.9523   -3.0671   -3.5925   -1.0627    3.5614
eta,q 0.95388 11.15427
niter,ni,del,rscale     5    3    5.0000    1.2000
parameter  4  1.006896 ->  0.500000 qaram    1.1500
parameter  5  2.263304 ->  0.500000 qaram    1.1500
parameter  6  0.809370 ->  0.500000 qaram    1.1500
parameters
   -0.7276  -11.2709   12.8100   -4.1927   -4.2516   -4.2091
    2.7975    1.5620   -1.4257   -6.5109   -0.4924    0.2671
eta,q 0.96687 10.49060
  0.0495  0.0483  0.0485  0.0415  0.0345  0.0341  0.0369  0.0398  0.0371  0.0350  0.0353  0.0336
  0.0475  0.0470  0.0472  0.0423  0.0364  0.0342  0.0355  0.0371  0.0358  0.0339  0.0343  0.0332
  0.0463  0.0463  0.0464  0.0437  0.0392  0.0350  0.0346  0.0352  0.0349  0.0335  0.0337  0.0332
  0.0461  0.0461  0.0461  0.0461  0.0426  0.0371  0.0343  0.0343  0.0343  0.0341  0.0335  0.0335
  0.0468  0.0463  0.0463  0.0499  0.0462  0.0404  0.0347  0.0346  0.0341  0.0358  0.0336  0.0341
  0.0484  0.0469  0.0470  0.0548  0.0504  0.0447  0.0358  0.0359  0.0345  0.0380  0.0340  0.0352
  0.0508  0.0481  0.0481  0.0602  0.0551  0.0500  0.0375  0.0383  0.0354  0.0405  0.0348  0.0366
niter,ni,del,rscale     7    3    5.0000    1.2000
parameter  4  0.521276 ->  0.500000 qaram    1.3225
parameter  5  0.890979 ->  0.500000 qaram    1.3225
parameters
   -0.4777  -11.1270   12.0913   -8.9537   -9.0126   -8.0005
    2.3363    1.5973   -2.1354   -5.0016    0.5276    0.6327
eta,q 0.97153  9.71285
  0.0375  0.0366  0.0339  0.0323  0.0289  0.0292  0.0312  0.0328  0.0302  0.0335  0.0303  0.0302
  0.0353  0.0348  0.0332  0.0320  0.0291  0.0285  0.0298  0.0306  0.0293  0.0312  0.0294  0.0293
  0.0338  0.0336  0.0329  0.0322  0.0302  0.0289  0.0289  0.0292  0.0287  0.0296  0.0288  0.0287
  0.0331  0.0331  0.0331  0.0329  0.0320  0.0293  0.0287  0.0287  0.0287  0.0287  0.0285  0.0285
  0.0333  0.0334  0.0338  0.0343  0.0348  0.0303  0.0292  0.0292  0.0290  0.0286  0.0285  0.0286
  0.0342  0.0343  0.0348  0.0372  0.0389  0.0328  0.0303  0.0306  0.0298  0.0293  0.0289  0.0291
  0.0360  0.0359  0.0362  0.0419  0.0434  0.0371  0.0319  0.0327  0.0309  0.0307  0.0295  0.0299
niter,ni,del,rscale     7    3    5.0000    1.2000
parameters
   -0.2762  -10.9519   11.9986  -10.1132  -13.1347   -8.4711
    1.9193    1.8095   -3.1064   -4.4488    0.6724   -0.2391
eta,q 0.97258  9.37009
  0.0325  0.0318  0.0302  0.0311  0.0288  0.0303  0.0303  0.0319  0.0289  0.0310  0.0291  0.0288
  0.0304  0.0301  0.0292  0.0293  0.0278  0.0286  0.0287  0.0297  0.0280  0.0290  0.0282  0.0279
  0.0291  0.0289  0.0286  0.0283  0.0276  0.0276  0.0278  0.0281  0.0275  0.0278  0.0276  0.0275
  0.0285  0.0285  0.0284  0.0284  0.0283  0.0276  0.0275  0.0275  0.0275  0.0275  0.0275  0.0275
  0.0287  0.0287  0.0287  0.0293  0.0300  0.0281  0.0281  0.0280  0.0279  0.0277  0.0276  0.0279
  0.0297  0.0295  0.0294  0.0305  0.0328  0.0290  0.0293  0.0294  0.0287  0.0285  0.0281  0.0286
  0.0314  0.0309  0.0304  0.0327  0.0371  0.0310  0.0309  0.0314  0.0298  0.0299  0.0290  0.0294
niter,ni,del,rscale     6    3    5.0000    1.2000
parameters
   -0.2191  -10.7269   12.0940  -10.5106  -13.7948   -8.2824
    1.9526    1.8671   -3.3058   -4.0370    0.6780   -0.4982
eta,q 0.97260  9.32115
  0.0312  0.0305  0.0295  0.0311  0.0306  0.0307  0.0306  0.0316  0.0292  0.0306  0.0290  0.0290
  0.0292  0.0288  0.0284  0.0290  0.0289  0.0288  0.0289  0.0294  0.0281  0.0287  0.0281  0.0281
  0.0279  0.0278  0.0277  0.0277  0.0277  0.0276  0.0278  0.0279  0.0275  0.0277  0.0276  0.0275
  0.0274  0.0274  0.0274  0.0274  0.0274  0.0274  0.0274  0.0274  0.0274  0.0274  0.0274  0.0274
  0.0278  0.0276  0.0276  0.0283  0.0279  0.0279  0.0278  0.0279  0.0277  0.0277  0.0276  0.0277
  0.0290  0.0283  0.0282  0.0296  0.0294  0.0286  0.0289  0.0294  0.0283  0.0285  0.0281  0.0284
  0.0308  0.0294  0.0292  0.0314  0.0319  0.0303  0.0305  0.0314  0.0293  0.0298  0.0290  0.0292
niter,ni,del,rscale     5    3    5.0000    1.2000
parameters
   -0.1943  -10.5859   12.1031  -10.6109  -13.9530   -8.2734
    1.9592    1.9009   -3.3629   -3.8030    0.6695   -0.6404
eta,q 0.97260  9.30808
  0.0310  0.0301  0.0293  0.0314  0.0309  0.0306  0.0306  0.0315  0.0292  0.0304  0.0290  0.0291
  0.0291  0.0286  0.0282  0.0292  0.0291  0.0287  0.0289  0.0294  0.0282  0.0286  0.0281  0.0281
  0.0278  0.0277  0.0276  0.0278  0.0279  0.0276  0.0278  0.0279  0.0276  0.0276  0.0276  0.0275
  0.0274  0.0274  0.0274  0.0274  0.0274  0.0274  0.0274  0.0274  0.0274  0.0274  0.0274  0.0274
  0.0278  0.0276  0.0277  0.0282  0.0277  0.0279  0.0278  0.0279  0.0277  0.0277  0.0276  0.0277
  0.0290  0.0283  0.0283  0.0295  0.0290  0.0287  0.0289  0.0294  0.0283  0.0286  0.0281  0.0283
  0.0309  0.0295  0.0293  0.0313  0.0314  0.0305  0.0305  0.0314  0.0292  0.0298  0.0290  0.0291
niter,ni,del,rscale     4    3    5.0000    1.2000
parameters
   -0.1809  -10.5130   12.0794  -10.6547  -14.0185   -8.2908
    1.9492    1.9184   -3.3774   -3.6732    0.6557   -0.7377
eta,q 0.97260  9.30143
  0.0310  0.0300  0.0293  0.0314  0.0309  0.0305  0.0305  0.0315  0.0293  0.0303  0.0290  0.0291
  0.0290  0.0285  0.0282  0.0293  0.0291  0.0287  0.0289  0.0294  0.0282  0.0285  0.0281  0.0281
  0.0278  0.0277  0.0276  0.0278  0.0279  0.0276  0.0278  0.0279  0.0276  0.0276  0.0276  0.0275
  0.0274  0.0274  0.0274  0.0274  0.0274  0.0274  0.0274  0.0274  0.0274  0.0274  0.0274  0.0274
  0.0278  0.0277  0.0277  0.0282  0.0277  0.0279  0.0278  0.0279  0.0277  0.0278  0.0276  0.0277
  0.0290  0.0284  0.0283  0.0295  0.0290  0.0287  0.0289  0.0294  0.0283  0.0286  0.0281  0.0283
  0.0309  0.0296  0.0293  0.0312  0.0313  0.0305  0.0305  0.0314  0.0292  0.0299  0.0290  0.0291
niter,ni,del,rscale     3    3    5.0000    1.2000
parameters
   -0.1749  -10.4680   12.0578  -10.6797  -14.0583   -8.3124
    1.9431    1.9287   -3.3763   -3.5877    0.6337   -0.7905
eta,q 0.97260  9.29687
  0.0310  0.0299  0.0293  0.0314  0.0309  0.0305  0.0305  0.0315  0.0293  0.0302  0.0290  0.0292
  0.0290  0.0285  0.0282  0.0293  0.0291  0.0287  0.0289  0.0294  0.0282  0.0285  0.0281  0.0281
  0.0278  0.0277  0.0276  0.0278  0.0279  0.0276  0.0278  0.0279  0.0276  0.0276  0.0276  0.0276
  0.0274  0.0274  0.0274  0.0274  0.0274  0.0274  0.0274  0.0274  0.0274  0.0274  0.0274  0.0274
  0.0278  0.0277  0.0277  0.0282  0.0277  0.0279  0.0278  0.0279  0.0277  0.0278  0.0276  0.0277
  0.0290  0.0284  0.0283  0.0295  0.0289  0.0287  0.0289  0.0294  0.0283  0.0286  0.0281  0.0283
  0.0309  0.0296  0.0293  0.0312  0.0312  0.0305  0.0305  0.0314  0.0292  0.0299  0.0290  0.0291
niter,ni,del,rscale     2    3    5.0000    1.2000
parameters
   -0.1722  -10.4380   12.0440  -10.7017  -14.0813   -8.3269
    1.9358    1.9350   -3.3744   -3.5317    0.6248   -0.8266
eta,q 0.97260  9.29377
  0.0309  0.0298  0.0293  0.0314  0.0309  0.0306  0.0305  0.0315  0.0293  0.0302  0.0290  0.0292
  0.0290  0.0285  0.0282  0.0293  0.0292  0.0287  0.0289  0.0294  0.0282  0.0285  0.0281  0.0281
  0.0278  0.0276  0.0276  0.0278  0.0279  0.0276  0.0278  0.0279  0.0276  0.0276  0.0276  0.0276
  0.0274  0.0274  0.0274  0.0274  0.0274  0.0274  0.0274  0.0274  0.0274  0.0274  0.0274  0.0274
  0.0278  0.0277  0.0277  0.0282  0.0277  0.0279  0.0278  0.0279  0.0277  0.0278  0.0276  0.0277
  0.0290  0.0285  0.0283  0.0295  0.0289  0.0287  0.0289  0.0294  0.0283  0.0286  0.0281  0.0283
  0.0309  0.0296  0.0293  0.0312  0.0312  0.0305  0.0305  0.0314  0.0292  0.0299  0.0290  0.0291
niter,ni,del,rscale     1    3    5.0000    1.2000
parameters
   -0.1701  -10.4186   12.0331  -10.7077  -14.0974   -8.3357
    1.9333    1.9410   -3.3746   -3.4913    0.6174   -0.8548
eta,q 0.97259  9.29217
  0.0309  0.0298  0.0293  0.0315  0.0309  0.0306  0.0305  0.0315  0.0293  0.0302  0.0290  0.0292
  0.0290  0.0284  0.0282  0.0293  0.0292  0.0287  0.0289  0.0293  0.0282  0.0285  0.0281  0.0282
  0.0278  0.0276  0.0276  0.0278  0.0279  0.0276  0.0278  0.0279  0.0276  0.0276  0.0276  0.0276
  0.0274  0.0274  0.0274  0.0274  0.0274  0.0274  0.0274  0.0274  0.0274  0.0274  0.0274  0.0274
  0.0278  0.0277  0.0277  0.0282  0.0277  0.0279  0.0278  0.0279  0.0277  0.0278  0.0276  0.0277
  0.0290  0.0285  0.0283  0.0295  0.0289  0.0287  0.0289  0.0294  0.0283  0.0286  0.0282  0.0283
  0.0309  0.0297  0.0293  0.0312  0.0312  0.0305  0.0305  0.0314  0.0292  0.0299  0.0290  0.0291
registration optimization eta report
parameter search radius
    2.4000    2.4000    2.4000    9.5220    9.5220    8.2800
    7.2000    7.2000    7.2000    7.2000    7.2000    7.2000
100000*second partial in parameter space
       61.       40.       33.        4.        4.        5.
        6.        8.        4.        5.        3.        3.
  0.0309  0.0298  0.0293  0.0315  0.0309  0.0306  0.0305  0.0315  0.0293  0.0302  0.0290  0.0292
  0.0290  0.0284  0.0282  0.0293  0.0292  0.0287  0.0289  0.0293  0.0282  0.0285  0.0281  0.0282
  0.0278  0.0276  0.0276  0.0278  0.0279  0.0276  0.0278  0.0279  0.0276  0.0276  0.0276  0.0276
  0.0274  0.0274  0.0274  0.0274  0.0274  0.0274  0.0274  0.0274  0.0274  0.0274  0.0274  0.0274
  0.0278  0.0277  0.0277  0.0282  0.0277  0.0279  0.0278  0.0279  0.0277  0.0278  0.0276  0.0277
  0.0290  0.0285  0.0283  0.0295  0.0289  0.0287  0.0289  0.0294  0.0283  0.0286  0.0282  0.0283
  0.0309  0.0297  0.0293  0.0312  0.0312  0.0305  0.0305  0.0314  0.0292  0.0299  0.0290  0.0291
   -0.1701  -10.4186   12.0331  -10.7077  -14.0974   -8.3357
    1.9333    1.9410   -3.3746   -3.4913    0.6174   -0.8548
eta,q 0.97259  9.29217

---------------------------------------------------------------------
imgreg_4dfp /opt/freesurfer/average/711-2C_as_mni_average_305 /opt/freesurfer/average/711-2B_as_mni_average_305_mask talsrcimg_g11 none talsrcimg_to_711-2C_as_mni_average_305_t4 2311
---------------------------------------------------------------------

freesurfer imgreg_4dfp.c
/opt/freesurfer/average/711-2C_as_mni_average_305.4dfp.img
       256       256       256         1
  1.000000  1.000000  1.000000
orientation T byte_order littleendian
Reading image: /opt/freesurfer/average/711-2C_as_mni_average_305.4dfp.img
dimensions:      256       256       256
mmppix:       1.0000   -1.0000   -1.0000
center:     128.0000 -129.0000 -129.0000
/opt/freesurfer/average/711-2B_as_mni_average_305_mask.4dfp.img
       256       256       256         1
  1.000000  1.000000  1.000000
orientation T byte_order littleendian
Reading mask: /opt/freesurfer/average/711-2B_as_mni_average_305_mask.4dfp.img (2306576 pixels)
talsrcimg_g11.4dfp.img
       256       256       256         1
  0.898438  0.898438  0.898438
orientation T byte_order littleendian
Reading image: talsrcimg_g11.4dfp.img
dimensions:      256       256       256
mmppix:       0.8984   -0.8984   -0.8984
center:     115.0001 -115.8985 -115.8985
fimgreg.f
image alignment mode   2311 decimal      907 hex
parameters
   -0.1701  -10.4186   12.0331  -10.7077  -14.0974   -8.3357
    1.9333    1.9410   -3.3746   -3.4913    0.6174   -0.8548
eta,q 0.97259  9.29216
niter,ni,del,rscale     5    3    5.0000    0.8000
parameters
   -0.1810  -10.4429   11.9933  -11.0964  -13.6863   -8.5457
    1.9486    1.8701   -3.4418   -3.8918    0.5177   -0.9975
eta,q 0.97267  9.28356
  0.0290  0.0284  0.0282  0.0285  0.0285  0.0283  0.0288  0.0293  0.0282  0.0284  0.0281  0.0281
  0.0281  0.0278  0.0278  0.0278  0.0279  0.0277  0.0280  0.0282  0.0277  0.0277  0.0276  0.0277
  0.0276  0.0275  0.0275  0.0275  0.0275  0.0274  0.0275  0.0276  0.0274  0.0274  0.0274  0.0274
  0.0274  0.0274  0.0274  0.0274  0.0274  0.0274  0.0274  0.0274  0.0274  0.0274  0.0273  0.0273
  0.0276  0.0275  0.0275  0.0277  0.0274  0.0276  0.0275  0.0276  0.0275  0.0276  0.0274  0.0275
  0.0281  0.0279  0.0278  0.0282  0.0277  0.0279  0.0280  0.0283  0.0278  0.0280  0.0277  0.0278
  0.0290  0.0285  0.0283  0.0288  0.0282  0.0284  0.0288  0.0294  0.0282  0.0287  0.0281  0.0282
niter,ni,del,rscale     4    3    5.0000    0.7000
parameters
   -0.2014  -10.5166   11.9574  -11.1341  -13.6001   -8.7498
    1.9735    1.8356   -3.4293   -4.0715    0.4591   -0.9581
eta,q 0.97270  9.27575
  0.0285  0.0281  0.0280  0.0283  0.0281  0.0281  0.0285  0.0288  0.0280  0.0282  0.0279  0.0280
  0.0279  0.0276  0.0276  0.0278  0.0277  0.0276  0.0278  0.0280  0.0276  0.0276  0.0275  0.0276
  0.0275  0.0274  0.0274  0.0274  0.0274  0.0273  0.0274  0.0275  0.0274  0.0273  0.0274  0.0274
  0.0273  0.0273  0.0273  0.0273  0.0273  0.0273  0.0273  0.0273  0.0273  0.0273  0.0273  0.0273
  0.0275  0.0275  0.0274  0.0275  0.0274  0.0275  0.0274  0.0275  0.0274  0.0275  0.0274  0.0274
  0.0279  0.0278  0.0277  0.0278  0.0276  0.0278  0.0278  0.0280  0.0276  0.0278  0.0276  0.0276
  0.0286  0.0282  0.0281  0.0283  0.0280  0.0282  0.0284  0.0289  0.0279  0.0283  0.0279  0.0279
niter,ni,del,rscale     3    3    5.0000    0.6000
parameters
   -0.2172  -10.5515   11.9260  -11.1462  -13.5556   -8.9365
    1.9903    1.8167   -3.4292   -4.2072    0.3994   -0.9167
eta,q 0.97271  9.26821
  0.0282  0.0279  0.0278  0.0281  0.0279  0.0279  0.0281  0.0284  0.0278  0.0279  0.0277  0.0278
  0.0277  0.0275  0.0275  0.0276  0.0275  0.0275  0.0277  0.0278  0.0275  0.0275  0.0275  0.0275
  0.0274  0.0274  0.0274  0.0274  0.0274  0.0273  0.0274  0.0274  0.0273  0.0273  0.0273  0.0273
  0.0273  0.0273  0.0273  0.0273  0.0273  0.0273  0.0273  0.0273  0.0273  0.0273  0.0273  0.0273
  0.0274  0.0274  0.0274  0.0274  0.0274  0.0275  0.0274  0.0274  0.0274  0.0274  0.0273  0.0273
  0.0277  0.0276  0.0276  0.0277  0.0275  0.0277  0.0277  0.0278  0.0275  0.0276  0.0275  0.0275
  0.0282  0.0279  0.0279  0.0281  0.0278  0.0280  0.0281  0.0285  0.0278  0.0280  0.0277  0.0278
niter,ni,del,rscale     2    3    5.0000    0.5000
parameters
   -0.2286  -10.5750   11.9066  -11.1675  -13.5261   -9.0932
    2.0106    1.7925   -3.4337   -4.3255    0.3605   -0.8927
eta,q 0.97272  9.26112
  0.0279  0.0277  0.0276  0.0278  0.0277  0.0278  0.0279  0.0281  0.0276  0.0277  0.0276  0.0276
  0.0276  0.0275  0.0274  0.0275  0.0275  0.0275  0.0275  0.0276  0.0274  0.0275  0.0274  0.0274
  0.0274  0.0273  0.0273  0.0273  0.0273  0.0273  0.0273  0.0274  0.0273  0.0273  0.0273  0.0273
  0.0273  0.0273  0.0273  0.0273  0.0273  0.0273  0.0273  0.0273  0.0273  0.0273  0.0273  0.0273
  0.0274  0.0273  0.0273  0.0274  0.0273  0.0274  0.0273  0.0274  0.0273  0.0274  0.0273  0.0273
  0.0276  0.0275  0.0275  0.0275  0.0274  0.0276  0.0275  0.0277  0.0274  0.0275  0.0274  0.0274
  0.0279  0.0277  0.0277  0.0278  0.0277  0.0278  0.0279  0.0281  0.0276  0.0278  0.0276  0.0276
niter,ni,del,rscale     1    3    5.0000    0.4000
parameters
   -0.2345  -10.5877   11.8833  -11.1794  -13.5140   -9.2267
    2.0182    1.7830   -3.4226   -4.4141    0.3111   -0.8727
eta,q 0.97273  9.25480
  0.0277  0.0275  0.0275  0.0276  0.0275  0.0276  0.0276  0.0278  0.0275  0.0276  0.0275  0.0275
  0.0275  0.0274  0.0274  0.0274  0.0274  0.0274  0.0274  0.0275  0.0274  0.0274  0.0273  0.0274
  0.0273  0.0273  0.0273  0.0273  0.0273  0.0273  0.0273  0.0273  0.0273  0.0273  0.0273  0.0273
  0.0273  0.0273  0.0273  0.0273  0.0273  0.0273  0.0273  0.0273  0.0273  0.0273  0.0273  0.0273
  0.0273  0.0273  0.0273  0.0273  0.0273  0.0274  0.0273  0.0273  0.0273  0.0273  0.0273  0.0273
  0.0275  0.0274  0.0274  0.0274  0.0274  0.0275  0.0274  0.0275  0.0274  0.0274  0.0274  0.0274
  0.0277  0.0276  0.0275  0.0276  0.0275  0.0277  0.0276  0.0278  0.0275  0.0276  0.0275  0.0275
registration optimization eta report
parameter search radius
    0.8000    0.8000    0.8000    2.4000    2.4000    2.4000
    2.4000    2.4000    2.4000    2.4000    2.4000    2.4000
100000*second partial in parameter space
       65.       43.       38.        6.        4.        6.
        7.        9.        4.        5.        3.        4.
  0.0277  0.0275  0.0275  0.0276  0.0275  0.0276  0.0276  0.0278  0.0275  0.0276  0.0275  0.0275
  0.0275  0.0274  0.0274  0.0274  0.0274  0.0274  0.0274  0.0275  0.0274  0.0274  0.0273  0.0274
  0.0273  0.0273  0.0273  0.0273  0.0273  0.0273  0.0273  0.0273  0.0273  0.0273  0.0273  0.0273
  0.0273  0.0273  0.0273  0.0273  0.0273  0.0273  0.0273  0.0273  0.0273  0.0273  0.0273  0.0273
  0.0273  0.0273  0.0273  0.0273  0.0273  0.0274  0.0273  0.0273  0.0273  0.0273  0.0273  0.0273
  0.0275  0.0274  0.0274  0.0274  0.0274  0.0275  0.0274  0.0275  0.0274  0.0274  0.0274  0.0274
  0.0277  0.0276  0.0275  0.0276  0.0275  0.0277  0.0276  0.0278  0.0275  0.0276  0.0275  0.0275
   -0.2345  -10.5877   11.8833  -11.1794  -13.5140   -9.2267
    2.0182    1.7830   -3.4226   -4.4141    0.3111   -0.8727
eta,q 0.97273  9.25480

---------------------------------------------------------------------
imgreg_4dfp /opt/freesurfer/average/711-2C_as_mni_average_305 /opt/freesurfer/average/711-2B_as_mni_average_305_mask talsrcimg_g11 none talsrcimg_to_711-2C_as_mni_average_305_t4 2311
---------------------------------------------------------------------

freesurfer imgreg_4dfp.c
/opt/freesurfer/average/711-2C_as_mni_average_305.4dfp.img
       256       256       256         1
  1.000000  1.000000  1.000000
orientation T byte_order littleendian
Reading image: /opt/freesurfer/average/711-2C_as_mni_average_305.4dfp.img
dimensions:      256       256       256
mmppix:       1.0000   -1.0000   -1.0000
center:     128.0000 -129.0000 -129.0000
/opt/freesurfer/average/711-2B_as_mni_average_305_mask.4dfp.img
       256       256       256         1
  1.000000  1.000000  1.000000
orientation T byte_order littleendian
Reading mask: /opt/freesurfer/average/711-2B_as_mni_average_305_mask.4dfp.img (2306576 pixels)
talsrcimg_g11.4dfp.img
       256       256       256         1
  0.898438  0.898438  0.898438
orientation T byte_order littleendian
Reading image: talsrcimg_g11.4dfp.img
dimensions:      256       256       256
mmppix:       0.8984   -0.8984   -0.8984
center:     115.0001 -115.8985 -115.8985
fimgreg.f
image alignment mode   2311 decimal      907 hex
parameters
   -0.2345  -10.5877   11.8833  -11.1794  -13.5140   -9.2267
    2.0182    1.7830   -3.4226   -4.4141    0.3111   -0.8727
eta,q 0.97273  9.25480
niter,ni,del,rscale     5    3    5.0000    0.8000
parameters
   -0.2285  -10.5753   11.8953  -11.0896  -13.5220   -8.8587
    1.9837    1.8309   -3.2967   -4.0919    0.4195   -0.8974
eta,q 0.97270  9.27641
  0.0289  0.0284  0.0282  0.0286  0.0282  0.0287  0.0288  0.0293  0.0282  0.0288  0.0281  0.0282
  0.0280  0.0278  0.0277  0.0279  0.0277  0.0279  0.0279  0.0283  0.0277  0.0279  0.0277  0.0277
  0.0274  0.0274  0.0274  0.0274  0.0274  0.0274  0.0275  0.0275  0.0274  0.0274  0.0274  0.0274
  0.0273  0.0273  0.0273  0.0273  0.0273  0.0273  0.0273  0.0273  0.0273  0.0273  0.0273  0.0273
  0.0275  0.0274  0.0274  0.0274  0.0274  0.0275  0.0275  0.0275  0.0274  0.0274  0.0274  0.0274
  0.0280  0.0278  0.0277  0.0279  0.0277  0.0278  0.0280  0.0282  0.0277  0.0278  0.0276  0.0277
  0.0289  0.0283  0.0282  0.0285  0.0283  0.0282  0.0288  0.0293  0.0281  0.0283  0.0280  0.0281
niter,ni,del,rscale     4    3    5.0000    0.7000
parameters
   -0.2231  -10.5513   11.9216  -11.1217  -13.5466   -8.8355
    1.9622    1.8269   -3.3578   -4.1305    0.4223   -0.9333
eta,q 0.97271  9.27467
  0.0286  0.0282  0.0280  0.0283  0.0280  0.0283  0.0284  0.0289  0.0279  0.0282  0.0279  0.0280
  0.0279  0.0277  0.0276  0.0277  0.0276  0.0277  0.0278  0.0280  0.0276  0.0277  0.0275  0.0276
  0.0274  0.0274  0.0274  0.0274  0.0274  0.0274  0.0274  0.0275  0.0274  0.0274  0.0273  0.0274
  0.0273  0.0273  0.0273  0.0273  0.0273  0.0273  0.0273  0.0273  0.0273  0.0273  0.0273  0.0273
  0.0274  0.0274  0.0274  0.0274  0.0274  0.0275  0.0274  0.0275  0.0274  0.0274  0.0274  0.0274
  0.0279  0.0277  0.0276  0.0278  0.0276  0.0278  0.0278  0.0280  0.0276  0.0277  0.0276  0.0276
  0.0285  0.0281  0.0280  0.0283  0.0280  0.0281  0.0285  0.0289  0.0280  0.0282  0.0279  0.0280
niter,ni,del,rscale     3    3    5.0000    0.6000
parameters
   -0.2238  -10.5627   11.9176  -11.1433  -13.5346   -8.9629
    1.9814    1.8095   -3.3976   -4.2333    0.3967   -0.9064
eta,q 0.97271  9.26810
  0.0282  0.0279  0.0278  0.0281  0.0278  0.0280  0.0281  0.0284  0.0278  0.0279  0.0277  0.0278
  0.0277  0.0276  0.0275  0.0276  0.0275  0.0275  0.0277  0.0278  0.0275  0.0275  0.0275  0.0275
  0.0274  0.0274  0.0273  0.0274  0.0274  0.0273  0.0274  0.0274  0.0273  0.0273  0.0273  0.0273
  0.0273  0.0273  0.0273  0.0273  0.0273  0.0273  0.0273  0.0273  0.0273  0.0273  0.0273  0.0273
  0.0274  0.0274  0.0274  0.0274  0.0274  0.0274  0.0274  0.0274  0.0274  0.0274  0.0273  0.0273
  0.0277  0.0276  0.0275  0.0277  0.0275  0.0277  0.0277  0.0278  0.0275  0.0276  0.0275  0.0275
  0.0282  0.0279  0.0278  0.0281  0.0278  0.0280  0.0281  0.0285  0.0278  0.0280  0.0277  0.0278
niter,ni,del,rscale     2    3    5.0000    0.5000
parameters
   -0.2286  -10.5753   11.9034  -11.1587  -13.5263   -9.1002
    1.9981    1.7987   -3.4243   -4.3267    0.3452   -0.8979
eta,q 0.97272  9.26118
  0.0279  0.0277  0.0277  0.0278  0.0277  0.0278  0.0279  0.0281  0.0276  0.0277  0.0276  0.0276
  0.0276  0.0275  0.0274  0.0275  0.0274  0.0275  0.0275  0.0276  0.0274  0.0275  0.0274  0.0274
  0.0274  0.0273  0.0273  0.0273  0.0273  0.0273  0.0273  0.0274  0.0273  0.0273  0.0273  0.0273
  0.0273  0.0273  0.0273  0.0273  0.0273  0.0273  0.0273  0.0273  0.0273  0.0273  0.0273  0.0273
  0.0274  0.0273  0.0273  0.0274  0.0273  0.0274  0.0273  0.0274  0.0273  0.0274  0.0273  0.0273
  0.0276  0.0275  0.0275  0.0275  0.0274  0.0276  0.0275  0.0277  0.0274  0.0275  0.0274  0.0274
  0.0279  0.0277  0.0277  0.0278  0.0277  0.0278  0.0279  0.0281  0.0276  0.0278  0.0276  0.0276
niter,ni,del,rscale     1    3    5.0000    0.4000
parameters
   -0.2343  -10.5884   11.8760  -11.1785  -13.5191   -9.2358
    2.0127    1.7818   -3.4347   -4.4052    0.3257   -0.8757
eta,q 0.97273  9.25408
  0.0277  0.0275  0.0275  0.0276  0.0275  0.0276  0.0277  0.0278  0.0275  0.0276  0.0275  0.0275
  0.0275  0.0274  0.0274  0.0274  0.0274  0.0274  0.0274  0.0275  0.0274  0.0274  0.0274  0.0274
  0.0273  0.0273  0.0273  0.0273  0.0273  0.0273  0.0273  0.0273  0.0273  0.0273  0.0273  0.0273
  0.0273  0.0273  0.0273  0.0273  0.0273  0.0273  0.0273  0.0273  0.0273  0.0273  0.0273  0.0273
  0.0273  0.0273  0.0273  0.0273  0.0273  0.0273  0.0273  0.0273  0.0273  0.0273  0.0273  0.0273
  0.0275  0.0274  0.0274  0.0274  0.0274  0.0275  0.0274  0.0275  0.0274  0.0274  0.0274  0.0274
  0.0277  0.0276  0.0275  0.0276  0.0275  0.0277  0.0276  0.0278  0.0275  0.0276  0.0275  0.0275
registration optimization eta report
parameter search radius
    0.8000    0.8000    0.8000    2.4000    2.4000    2.4000
    2.4000    2.4000    2.4000    2.4000    2.4000    2.4000
100000*second partial in parameter space
       65.       43.       37.        6.        4.        6.
        7.        9.        4.        5.        3.        4.
  0.0277  0.0275  0.0275  0.0276  0.0275  0.0276  0.0277  0.0278  0.0275  0.0276  0.0275  0.0275
  0.0275  0.0274  0.0274  0.0274  0.0274  0.0274  0.0274  0.0275  0.0274  0.0274  0.0274  0.0274
  0.0273  0.0273  0.0273  0.0273  0.0273  0.0273  0.0273  0.0273  0.0273  0.0273  0.0273  0.0273
  0.0273  0.0273  0.0273  0.0273  0.0273  0.0273  0.0273  0.0273  0.0273  0.0273  0.0273  0.0273
  0.0273  0.0273  0.0273  0.0273  0.0273  0.0273  0.0273  0.0273  0.0273  0.0273  0.0273  0.0273
  0.0275  0.0274  0.0274  0.0274  0.0274  0.0275  0.0274  0.0275  0.0274  0.0274  0.0274  0.0274
  0.0277  0.0276  0.0275  0.0276  0.0275  0.0277  0.0276  0.0278  0.0275  0.0276  0.0275  0.0275
   -0.2343  -10.5884   11.8760  -11.1785  -13.5191   -9.2358
    2.0127    1.7818   -3.4347   -4.4052    0.3257   -0.8757
eta,q 0.97273  9.25408

---------------------------------------------------------------------
compute_vox2vox talsrcimg talsrcimg_to_711-2C_as_mni_average_305_t4 /opt/freesurfer/average/711-2C_as_mni_average_305
---------------------------------------------------------------------

freesurfer compute_vox2vox.c
Reading: talsrcimg.4dfp.ifh
Reading: talsrcimg_to_711-2C_as_mni_average_305_t4
Reading: /opt/freesurfer/average/711-2C_as_mni_average_305.4dfp.ifh
Writing: talsrcimg_to_711-2C_as_mni_average_305_t4_vox2vox.txt

start time Wed Mar 11 04:24:35 CET 2026
end		time Wed Mar 11 04:26:02 CET 2026

mpr2mni305 success

avi2talxfm orig_nu.mgz /opt/freesurfer/average/mni305.cor.mgz talsrcimg_to_711-2C_as_mni_average_305_t4_vox2vox.txt transforms/talairach.auto.xfm
avi2talxfm done
mv -f /out/sourcedata/freesurfer/sub-v2s13x29119_ses-1/mri/talsrcimg_to_711-2C_as_mni_average_305_t4_vox2vox.txt /out/sourcedata/freesurfer/sub-v2s13x29119_ses-1/mri/transforms/talsrcimg_to_711-2C_as_mni_average_305_t4_vox2vox.txt
lta_convert --src orig_nu.mgz --trg /opt/freesurfer/average/mni305.cor.mgz --inxfm transforms/talairach.auto.xfm --outlta transforms/talairach.auto.xfm.lta --subject fsaverage
7.3.2

--src: orig_nu.mgz src image (geometry).
--trg: /opt/freesurfer/average/mni305.cor.mgz trg image (geometry).
--inmni: transforms/talairach.auto.xfm input MNI/XFM transform.
--outlta: transforms/talairach.auto.xfm.lta output LTA.
--s: fsaverage subject name
 LTA read, type : 1
 1.12492  -0.02337  -0.02642  -2.05084;
-0.00361   1.10237   0.01125  -11.13772;
 0.04449   0.05522   1.15585  -12.80391;
 0.00000   0.00000   0.00000   1.00000;
setting subject to fsaverage
Writing  LTA to file transforms/talairach.auto.xfm.lta...
lta_convert successful.
 
 
Started at Wed Mar 11 04:24:35 CET 2026
Ended   at Wed Mar 11 04:26:02 CET 2026
talairach_avi done
