status file for recon-all
Wed Mar 11 03:06:19 CET 2026
#@# MotionCor Wed Mar 11 03:06:21 CET 2026
#@# Talairach Wed Mar 11 03:06:30 CET 2026
#@# Talairach Failure Detection Wed Mar 11 03:10:52 CET 2026
#@# Nu Intensity Correction Wed Mar 11 03:10:53 CET 2026
#@# Intensity Normalization Wed Mar 11 03:14:08 CET 2026
recon-all -s sub-v2s13x29099_ses-1 finished without error at Wed Mar 11 03:15:36 CET 2026



#New# invocation of recon-all 



status file for recon-all
Wed Mar 11 03:23:00 CET 2026
#@# EM Registration Wed Mar 11 03:23:00 CET 2026
recon-all -s sub-v2s13x29099_ses-1 finished without error at Wed Mar 11 03:24:36 CET 2026



#New# invocation of recon-all 



status file for recon-all
Wed Mar 11 03:24:39 CET 2026
#@# CA Normalize Wed Mar 11 03:24:39 CET 2026
#@# CA Reg Wed Mar 11 03:25:56 CET 2026
#@# SubCort Seg Wed Mar 11 04:07:22 CET 2026
#@# CC Seg Wed Mar 11 04:40:12 CET 2026
#@# Merge ASeg Wed Mar 11 04:40:46 CET 2026
#@# Intensity Normalization2 Wed Mar 11 04:40:46 CET 2026
#@# Mask BFS Wed Mar 11 04:43:02 CET 2026
#@# WM Segmentation Wed Mar 11 04:43:03 CET 2026
#@# Fill Wed Mar 11 04:45:17 CET 2026
recon-all -s sub-v2s13x29099_ses-1 finished without error at Wed Mar 11 04:46:18 CET 2026



#New# invocation of recon-all 



status file for recon-all
Wed Mar 11 05:55:48 CET 2026
#@# white curv lh Wed Mar 11 05:55:48 CET 2026
#@# white area lh Wed Mar 11 05:55:48 CET 2026
#@# pial curv lh Wed Mar 11 05:55:48 CET 2026
#@# pial area lh Wed Mar 11 05:55:48 CET 2026
#@# thickness lh Wed Mar 11 05:55:48 CET 2026
#@# area and vertex vol lh Wed Mar 11 05:55:48 CET 2026
#@# white curv rh Wed Mar 11 05:55:48 CET 2026
#@# white area rh Wed Mar 11 05:55:48 CET 2026
#@# pial curv rh Wed Mar 11 05:55:48 CET 2026
#@# pial area rh Wed Mar 11 05:55:48 CET 2026
#@# thickness rh Wed Mar 11 05:55:48 CET 2026
#@# area and vertex vol rh Wed Mar 11 05:55:48 CET 2026
#@# Cortical ribbon mask Wed Mar 11 05:55:48 CET 2026
recon-all -s sub-v2s13x29099_ses-1 finished without error at Wed Mar 11 06:05:21 CET 2026



#New# invocation of recon-all 



status file for recon-all
Wed Mar 11 06:13:02 CET 2026
#@# white curv lh Wed Mar 11 06:13:02 CET 2026
#@# white area lh Wed Mar 11 06:13:02 CET 2026
#@# pial curv lh Wed Mar 11 06:13:02 CET 2026
#@# pial area lh Wed Mar 11 06:13:02 CET 2026
#@# thickness lh Wed Mar 11 06:13:02 CET 2026
#@# area and vertex vol lh Wed Mar 11 06:13:02 CET 2026
#@# white curv rh Wed Mar 11 06:13:02 CET 2026
#@# white area rh Wed Mar 11 06:13:02 CET 2026
#@# pial curv rh Wed Mar 11 06:13:02 CET 2026
#@# pial area rh Wed Mar 11 06:13:02 CET 2026
#@# thickness rh Wed Mar 11 06:13:02 CET 2026
#@# area and vertex vol rh Wed Mar 11 06:13:02 CET 2026
#@# Curvature Stats lh Wed Mar 11 06:13:02 CET 2026
#@# Curvature Stats rh Wed Mar 11 06:13:05 CET 2026
#@# Relabel Hypointensities Wed Mar 11 06:13:07 CET 2026
#@# APas-to-ASeg Wed Mar 11 06:13:26 CET 2026
#@# AParc-to-ASeg aparc Wed Mar 11 06:13:34 CET 2026
#@# AParc-to-ASeg aparc.a2009s Wed Mar 11 06:14:30 CET 2026
#@# AParc-to-ASeg aparc.DKTatlas Wed Mar 11 06:15:27 CET 2026
#@# WMParc Wed Mar 11 06:16:25 CET 2026
#@# ASeg Stats Wed Mar 11 06:20:02 CET 2026
recon-all -s sub-v2s13x29099_ses-1 finished without error at Wed Mar 11 06:20:33 CET 2026
