status file for recon-all
Wed Mar 11 05:24:35 CET 2026
#@# Tessellate rh Wed Mar 11 05:24:35 CET 2026
#@# Smooth1 rh Wed Mar 11 05:24:39 CET 2026
#@# Inflation1 rh Wed Mar 11 05:24:43 CET 2026
#@# QSphere rh Wed Mar 11 05:25:40 CET 2026
#@# Fix Topology rh Wed Mar 11 05:26:42 CET 2026
#@# Smooth2 rh Wed Mar 11 05:38:51 CET 2026
#@# Inflation2 rh Wed Mar 11 05:38:54 CET 2026
#@# Curv .H and .K rh Wed Mar 11 05:39:15 CET 2026
#@# Sphere rh Wed Mar 11 05:40:15 CET 2026
#@# Surf Reg rh Wed Mar 11 05:43:21 CET 2026
#@# Jacobian white rh Wed Mar 11 05:47:38 CET 2026
#@# AvgCurv rh Wed Mar 11 05:47:39 CET 2026
#@# Cortical Parc rh Wed Mar 11 05:47:40 CET 2026
#@# white curv rh Wed Mar 11 05:54:22 CET 2026
#@# white area rh Wed Mar 11 05:54:25 CET 2026
#@# pial curv rh Wed Mar 11 05:54:25 CET 2026
#@# pial area rh Wed Mar 11 05:54:28 CET 2026
#@# thickness rh Wed Mar 11 05:54:28 CET 2026
#@# area and vertex vol rh Wed Mar 11 05:55:05 CET 2026
#@# Curvature Stats rh Wed Mar 11 05:55:07 CET 2026
#@# Cortical Parc 2 rh Wed Mar 11 05:55:10 CET 2026
#@# Cortical Parc 3 rh Wed Mar 11 05:55:26 CET 2026
#@# WM/GM Contrast rh Wed Mar 11 05:55:38 CET 2026
recon-all -s sub-v2s13x29099_ses-1 finished without error at Wed Mar 11 05:55:43 CET 2026



#New# invocation of recon-all 



status file for recon-all
Wed Mar 11 06:09:14 CET 2026
#@# white curv rh Wed Mar 11 06:09:14 CET 2026
#@# white area rh Wed Mar 11 06:09:14 CET 2026
#@# pial curv rh Wed Mar 11 06:09:14 CET 2026
#@# pial area rh Wed Mar 11 06:09:14 CET 2026
#@# thickness rh Wed Mar 11 06:09:14 CET 2026
#@# area and vertex vol rh Wed Mar 11 06:09:14 CET 2026
#@# Parcellation Stats rh Wed Mar 11 06:09:14 CET 2026
#@# Parcellation Stats 2 rh Wed Mar 11 06:09:40 CET 2026
#@# Parcellation Stats 3 rh Wed Mar 11 06:09:54 CET 2026
#@# BA_exvivo Labels rh Wed Mar 11 06:10:07 CET 2026
recon-all -s sub-v2s13x29099_ses-1 finished without error at Wed Mar 11 06:12:58 CET 2026
