status file for recon-all
Wed Mar 11 04:51:10 CET 2026
#@# MotionCor Wed Mar 11 04:51:12 CET 2026
#@# Talairach Wed Mar 11 04:51:22 CET 2026
#@# Talairach Failure Detection Wed Mar 11 04:55:46 CET 2026
#@# Nu Intensity Correction Wed Mar 11 04:55:46 CET 2026
#@# Intensity Normalization Wed Mar 11 04:59:02 CET 2026
recon-all -s sub-v2s13x29128_ses-1 finished without error at Wed Mar 11 05:00:30 CET 2026



#New# invocation of recon-all 



status file for recon-all
Wed Mar 11 05:08:11 CET 2026
#@# EM Registration Wed Mar 11 05:08:11 CET 2026
recon-all -s sub-v2s13x29128_ses-1 finished without error at Wed Mar 11 05:10:45 CET 2026



#New# invocation of recon-all 



status file for recon-all
Wed Mar 11 05:10:48 CET 2026
#@# CA Normalize Wed Mar 11 05:10:48 CET 2026
#@# CA Reg Wed Mar 11 05:12:06 CET 2026
#@# SubCort Seg Wed Mar 11 06:06:17 CET 2026
#@# CC Seg Wed Mar 11 06:40:54 CET 2026
#@# Merge ASeg Wed Mar 11 06:41:30 CET 2026
#@# Intensity Normalization2 Wed Mar 11 06:41:30 CET 2026
#@# Mask BFS Wed Mar 11 06:43:37 CET 2026
#@# WM Segmentation Wed Mar 11 06:43:38 CET 2026
#@# Fill Wed Mar 11 06:45:59 CET 2026
recon-all -s sub-v2s13x29128_ses-1 finished without error at Wed Mar 11 06:47:02 CET 2026



#New# invocation of recon-all 



status file for recon-all
Wed Mar 11 07:51:20 CET 2026
#@# white curv lh Wed Mar 11 07:51:21 CET 2026
#@# white area lh Wed Mar 11 07:51:21 CET 2026
#@# pial curv lh Wed Mar 11 07:51:21 CET 2026
#@# pial area lh Wed Mar 11 07:51:21 CET 2026
#@# thickness lh Wed Mar 11 07:51:21 CET 2026
#@# area and vertex vol lh Wed Mar 11 07:51:21 CET 2026
#@# white curv rh Wed Mar 11 07:51:21 CET 2026
#@# white area rh Wed Mar 11 07:51:21 CET 2026
#@# pial curv rh Wed Mar 11 07:51:21 CET 2026
#@# pial area rh Wed Mar 11 07:51:21 CET 2026
#@# thickness rh Wed Mar 11 07:51:21 CET 2026
#@# area and vertex vol rh Wed Mar 11 07:51:21 CET 2026
#@# Cortical ribbon mask Wed Mar 11 07:51:21 CET 2026
recon-all -s sub-v2s13x29128_ses-1 finished without error at Wed Mar 11 08:00:49 CET 2026



#New# invocation of recon-all 



status file for recon-all
Wed Mar 11 08:09:59 CET 2026
#@# white curv lh Wed Mar 11 08:09:59 CET 2026
#@# white area lh Wed Mar 11 08:09:59 CET 2026
#@# pial curv lh Wed Mar 11 08:09:59 CET 2026
#@# pial area lh Wed Mar 11 08:09:59 CET 2026
#@# thickness lh Wed Mar 11 08:09:59 CET 2026
#@# area and vertex vol lh Wed Mar 11 08:09:59 CET 2026
#@# white curv rh Wed Mar 11 08:09:59 CET 2026
#@# white area rh Wed Mar 11 08:09:59 CET 2026
#@# pial curv rh Wed Mar 11 08:09:59 CET 2026
#@# pial area rh Wed Mar 11 08:09:59 CET 2026
#@# thickness rh Wed Mar 11 08:09:59 CET 2026
#@# area and vertex vol rh Wed Mar 11 08:09:59 CET 2026
#@# Curvature Stats lh Wed Mar 11 08:09:59 CET 2026
#@# Curvature Stats rh Wed Mar 11 08:10:03 CET 2026
#@# Relabel Hypointensities Wed Mar 11 08:10:06 CET 2026
#@# APas-to-ASeg Wed Mar 11 08:10:27 CET 2026
#@# AParc-to-ASeg aparc Wed Mar 11 08:10:38 CET 2026
#@# AParc-to-ASeg aparc.a2009s Wed Mar 11 08:11:47 CET 2026
#@# AParc-to-ASeg aparc.DKTatlas Wed Mar 11 08:13:00 CET 2026
#@# WMParc Wed Mar 11 08:14:13 CET 2026
#@# ASeg Stats Wed Mar 11 08:18:29 CET 2026
recon-all -s sub-v2s13x29128_ses-1 finished without error at Wed Mar 11 08:19:10 CET 2026
