status file for recon-all
Wed Mar 11 07:20:47 CET 2026
#@# Tessellate rh Wed Mar 11 07:20:47 CET 2026
#@# Smooth1 rh Wed Mar 11 07:20:51 CET 2026
#@# Inflation1 rh Wed Mar 11 07:20:55 CET 2026
#@# QSphere rh Wed Mar 11 07:22:20 CET 2026
#@# Fix Topology rh Wed Mar 11 07:23:57 CET 2026
#@# Smooth2 rh Wed Mar 11 07:30:43 CET 2026
#@# Inflation2 rh Wed Mar 11 07:30:47 CET 2026
#@# Curv .H and .K rh Wed Mar 11 07:31:17 CET 2026
#@# Sphere rh Wed Mar 11 07:32:20 CET 2026
#@# Surf Reg rh Wed Mar 11 07:35:25 CET 2026
#@# Jacobian white rh Wed Mar 11 07:41:12 CET 2026
#@# AvgCurv rh Wed Mar 11 07:41:13 CET 2026
#@# Cortical Parc rh Wed Mar 11 07:41:14 CET 2026
#@# white curv rh Wed Mar 11 07:49:45 CET 2026
#@# white area rh Wed Mar 11 07:49:48 CET 2026
#@# pial curv rh Wed Mar 11 07:49:49 CET 2026
#@# pial area rh Wed Mar 11 07:49:51 CET 2026
#@# thickness rh Wed Mar 11 07:49:52 CET 2026
#@# area and vertex vol rh Wed Mar 11 07:50:33 CET 2026
#@# Curvature Stats rh Wed Mar 11 07:50:35 CET 2026
#@# Cortical Parc 2 rh Wed Mar 11 07:50:39 CET 2026
#@# Cortical Parc 3 rh Wed Mar 11 07:50:56 CET 2026
#@# WM/GM Contrast rh Wed Mar 11 07:51:09 CET 2026
recon-all -s sub-v2s13x29128_ses-1 finished without error at Wed Mar 11 07:51:15 CET 2026



#New# invocation of recon-all 



status file for recon-all
Wed Mar 11 08:05:27 CET 2026
#@# white curv rh Wed Mar 11 08:05:27 CET 2026
#@# white area rh Wed Mar 11 08:05:27 CET 2026
#@# pial curv rh Wed Mar 11 08:05:27 CET 2026
#@# pial area rh Wed Mar 11 08:05:27 CET 2026
#@# thickness rh Wed Mar 11 08:05:27 CET 2026
#@# area and vertex vol rh Wed Mar 11 08:05:27 CET 2026
#@# Parcellation Stats rh Wed Mar 11 08:05:27 CET 2026
#@# Parcellation Stats 2 rh Wed Mar 11 08:05:58 CET 2026
#@# Parcellation Stats 3 rh Wed Mar 11 08:06:14 CET 2026
#@# BA_exvivo Labels rh Wed Mar 11 08:06:30 CET 2026
recon-all -s sub-v2s13x29128_ses-1 finished without error at Wed Mar 11 08:09:55 CET 2026
