status file for recon-all
Wed Mar 11 03:52:53 CET 2026
#@# MotionCor Wed Mar 11 03:52:55 CET 2026
#@# Talairach Wed Mar 11 03:53:05 CET 2026
#@# Talairach Failure Detection Wed Mar 11 03:57:34 CET 2026
#@# Nu Intensity Correction Wed Mar 11 03:57:35 CET 2026
#@# Intensity Normalization Wed Mar 11 04:00:51 CET 2026
recon-all -s sub-v2s13x29114_ses-1 finished without error at Wed Mar 11 04:02:26 CET 2026



#New# invocation of recon-all 



status file for recon-all
Wed Mar 11 04:10:11 CET 2026
#@# EM Registration Wed Mar 11 04:10:11 CET 2026
recon-all -s sub-v2s13x29114_ses-1 finished without error at Wed Mar 11 04:12:17 CET 2026



#New# invocation of recon-all 



status file for recon-all
Wed Mar 11 04:12:19 CET 2026
#@# CA Normalize Wed Mar 11 04:12:19 CET 2026
#@# CA Reg Wed Mar 11 04:13:37 CET 2026
#@# SubCort Seg Wed Mar 11 05:09:51 CET 2026
#@# CC Seg Wed Mar 11 05:44:20 CET 2026
#@# Merge ASeg Wed Mar 11 05:45:06 CET 2026
#@# Intensity Normalization2 Wed Mar 11 05:45:06 CET 2026
#@# Mask BFS Wed Mar 11 05:47:21 CET 2026
#@# WM Segmentation Wed Mar 11 05:47:22 CET 2026
#@# Fill Wed Mar 11 05:49:29 CET 2026
recon-all -s sub-v2s13x29114_ses-1 finished without error at Wed Mar 11 05:50:36 CET 2026



#New# invocation of recon-all 



status file for recon-all
Wed Mar 11 06:47:56 CET 2026
#@# white curv lh Wed Mar 11 06:47:56 CET 2026
#@# white area lh Wed Mar 11 06:47:56 CET 2026
#@# pial curv lh Wed Mar 11 06:47:56 CET 2026
#@# pial area lh Wed Mar 11 06:47:56 CET 2026
#@# thickness lh Wed Mar 11 06:47:56 CET 2026
#@# area and vertex vol lh Wed Mar 11 06:47:56 CET 2026
#@# white curv rh Wed Mar 11 06:47:56 CET 2026
#@# white area rh Wed Mar 11 06:47:56 CET 2026
#@# pial curv rh Wed Mar 11 06:47:56 CET 2026
#@# pial area rh Wed Mar 11 06:47:56 CET 2026
#@# thickness rh Wed Mar 11 06:47:56 CET 2026
#@# area and vertex vol rh Wed Mar 11 06:47:56 CET 2026
#@# Cortical ribbon mask Wed Mar 11 06:47:56 CET 2026
recon-all -s sub-v2s13x29114_ses-1 finished without error at Wed Mar 11 06:54:43 CET 2026



#New# invocation of recon-all 



status file for recon-all
Wed Mar 11 07:02:57 CET 2026
#@# white curv lh Wed Mar 11 07:02:57 CET 2026
#@# white area lh Wed Mar 11 07:02:57 CET 2026
#@# pial curv lh Wed Mar 11 07:02:57 CET 2026
#@# pial area lh Wed Mar 11 07:02:57 CET 2026
#@# thickness lh Wed Mar 11 07:02:57 CET 2026
#@# area and vertex vol lh Wed Mar 11 07:02:57 CET 2026
#@# white curv rh Wed Mar 11 07:02:57 CET 2026
#@# white area rh Wed Mar 11 07:02:57 CET 2026
#@# pial curv rh Wed Mar 11 07:02:57 CET 2026
#@# pial area rh Wed Mar 11 07:02:57 CET 2026
#@# thickness rh Wed Mar 11 07:02:57 CET 2026
#@# area and vertex vol rh Wed Mar 11 07:02:57 CET 2026
#@# Curvature Stats lh Wed Mar 11 07:02:57 CET 2026
#@# Curvature Stats rh Wed Mar 11 07:03:01 CET 2026
#@# Relabel Hypointensities Wed Mar 11 07:03:04 CET 2026
#@# APas-to-ASeg Wed Mar 11 07:03:22 CET 2026
#@# AParc-to-ASeg aparc Wed Mar 11 07:03:33 CET 2026
#@# AParc-to-ASeg aparc.a2009s Wed Mar 11 07:04:25 CET 2026
#@# AParc-to-ASeg aparc.DKTatlas Wed Mar 11 07:05:18 CET 2026
#@# WMParc Wed Mar 11 07:06:14 CET 2026
#@# ASeg Stats Wed Mar 11 07:10:41 CET 2026
recon-all -s sub-v2s13x29114_ses-1 finished without error at Wed Mar 11 07:11:25 CET 2026
