status file for recon-all
Wed Mar 11 06:20:15 CET 2026
#@# Tessellate rh Wed Mar 11 06:20:15 CET 2026
#@# Smooth1 rh Wed Mar 11 06:20:19 CET 2026
#@# Inflation1 rh Wed Mar 11 06:20:23 CET 2026
#@# QSphere rh Wed Mar 11 06:21:34 CET 2026
#@# Fix Topology rh Wed Mar 11 06:22:57 CET 2026
#@# Smooth2 rh Wed Mar 11 06:29:55 CET 2026
#@# Inflation2 rh Wed Mar 11 06:29:59 CET 2026
#@# Curv .H and .K rh Wed Mar 11 06:30:25 CET 2026
#@# Sphere rh Wed Mar 11 06:31:23 CET 2026
#@# Surf Reg rh Wed Mar 11 06:33:19 CET 2026
#@# Jacobian white rh Wed Mar 11 06:38:38 CET 2026
#@# AvgCurv rh Wed Mar 11 06:38:39 CET 2026
#@# Cortical Parc rh Wed Mar 11 06:38:40 CET 2026
#@# white curv rh Wed Mar 11 06:46:27 CET 2026
#@# white area rh Wed Mar 11 06:46:29 CET 2026
#@# pial curv rh Wed Mar 11 06:46:30 CET 2026
#@# pial area rh Wed Mar 11 06:46:33 CET 2026
#@# thickness rh Wed Mar 11 06:46:33 CET 2026
#@# area and vertex vol rh Wed Mar 11 06:47:12 CET 2026
#@# Curvature Stats rh Wed Mar 11 06:47:14 CET 2026
#@# Cortical Parc 2 rh Wed Mar 11 06:47:17 CET 2026
#@# Cortical Parc 3 rh Wed Mar 11 06:47:34 CET 2026
#@# WM/GM Contrast rh Wed Mar 11 06:47:46 CET 2026
recon-all -s sub-v2s13x29114_ses-1 finished without error at Wed Mar 11 06:47:52 CET 2026



#New# invocation of recon-all 



status file for recon-all
Wed Mar 11 06:58:56 CET 2026
#@# white curv rh Wed Mar 11 06:58:56 CET 2026
#@# white area rh Wed Mar 11 06:58:56 CET 2026
#@# pial curv rh Wed Mar 11 06:58:56 CET 2026
#@# pial area rh Wed Mar 11 06:58:56 CET 2026
#@# thickness rh Wed Mar 11 06:58:56 CET 2026
#@# area and vertex vol rh Wed Mar 11 06:58:56 CET 2026
#@# Parcellation Stats rh Wed Mar 11 06:58:56 CET 2026
#@# Parcellation Stats 2 rh Wed Mar 11 06:59:21 CET 2026
#@# Parcellation Stats 3 rh Wed Mar 11 06:59:34 CET 2026
#@# BA_exvivo Labels rh Wed Mar 11 06:59:46 CET 2026
recon-all -s sub-v2s13x29114_ses-1 finished without error at Wed Mar 11 07:02:52 CET 2026
