status file for recon-all
Wed Mar 11 05:50:41 CET 2026
#@# Tessellate lh Wed Mar 11 05:50:41 CET 2026
#@# Smooth1 lh Wed Mar 11 05:50:46 CET 2026
#@# Inflation1 lh Wed Mar 11 05:50:49 CET 2026
#@# QSphere lh Wed Mar 11 05:52:02 CET 2026
#@# Fix Topology lh Wed Mar 11 05:53:39 CET 2026
#@# Smooth2 lh Wed Mar 11 06:00:29 CET 2026
#@# Inflation2 lh Wed Mar 11 06:00:33 CET 2026
#@# Curv .H and .K lh Wed Mar 11 06:00:59 CET 2026
#@# Sphere lh Wed Mar 11 06:01:58 CET 2026
#@# Surf Reg lh Wed Mar 11 06:05:17 CET 2026
#@# Jacobian white lh Wed Mar 11 06:10:50 CET 2026
#@# AvgCurv lh Wed Mar 11 06:10:51 CET 2026
#@# Cortical Parc lh Wed Mar 11 06:10:52 CET 2026
#@# white curv lh Wed Mar 11 06:18:49 CET 2026
#@# white area lh Wed Mar 11 06:18:51 CET 2026
#@# pial curv lh Wed Mar 11 06:18:52 CET 2026
#@# pial area lh Wed Mar 11 06:18:55 CET 2026
#@# thickness lh Wed Mar 11 06:18:55 CET 2026
#@# area and vertex vol lh Wed Mar 11 06:19:32 CET 2026
#@# Curvature Stats lh Wed Mar 11 06:19:34 CET 2026
#@# Cortical Parc 2 lh Wed Mar 11 06:19:37 CET 2026
#@# Cortical Parc 3 lh Wed Mar 11 06:19:53 CET 2026
#@# WM/GM Contrast lh Wed Mar 11 06:20:06 CET 2026
recon-all -s sub-v2s13x29114_ses-1 finished without error at Wed Mar 11 06:20:12 CET 2026



#New# invocation of recon-all 



status file for recon-all
Wed Mar 11 06:54:48 CET 2026
#@# white curv lh Wed Mar 11 06:54:48 CET 2026
#@# white area lh Wed Mar 11 06:54:48 CET 2026
#@# pial curv lh Wed Mar 11 06:54:48 CET 2026
#@# pial area lh Wed Mar 11 06:54:48 CET 2026
#@# thickness lh Wed Mar 11 06:54:48 CET 2026
#@# area and vertex vol lh Wed Mar 11 06:54:48 CET 2026
#@# Parcellation Stats lh Wed Mar 11 06:54:48 CET 2026
#@# Parcellation Stats 2 lh Wed Mar 11 06:55:14 CET 2026
#@# Parcellation Stats 3 lh Wed Mar 11 06:55:27 CET 2026
#@# BA_exvivo Labels lh Wed Mar 11 06:55:40 CET 2026
recon-all -s sub-v2s13x29114_ses-1 finished without error at Wed Mar 11 06:58:54 CET 2026
