status file for recon-all
Wed Mar 11 06:56:16 CET 2026
#@# Tessellate rh Wed Mar 11 06:56:16 CET 2026
#@# Smooth1 rh Wed Mar 11 06:56:20 CET 2026
#@# Inflation1 rh Wed Mar 11 06:56:25 CET 2026
#@# QSphere rh Wed Mar 11 06:58:06 CET 2026
#@# Fix Topology rh Wed Mar 11 06:59:59 CET 2026
#@# Smooth2 rh Wed Mar 11 07:09:04 CET 2026
#@# Inflation2 rh Wed Mar 11 07:09:09 CET 2026
#@# Curv .H and .K rh Wed Mar 11 07:09:44 CET 2026
#@# Sphere rh Wed Mar 11 07:11:01 CET 2026
#@# Surf Reg rh Wed Mar 11 07:16:21 CET 2026
#@# Jacobian white rh Wed Mar 11 07:24:24 CET 2026
#@# AvgCurv rh Wed Mar 11 07:24:26 CET 2026
#@# Cortical Parc rh Wed Mar 11 07:24:28 CET 2026
#@# white curv rh Wed Mar 11 07:35:10 CET 2026
#@# white area rh Wed Mar 11 07:35:13 CET 2026
#@# pial curv rh Wed Mar 11 07:35:14 CET 2026
#@# pial area rh Wed Mar 11 07:35:17 CET 2026
#@# thickness rh Wed Mar 11 07:35:19 CET 2026
#@# area and vertex vol rh Wed Mar 11 07:36:09 CET 2026
#@# Curvature Stats rh Wed Mar 11 07:36:12 CET 2026
#@# Cortical Parc 2 rh Wed Mar 11 07:36:17 CET 2026
#@# Cortical Parc 3 rh Wed Mar 11 07:36:38 CET 2026
#@# WM/GM Contrast rh Wed Mar 11 07:36:54 CET 2026
recon-all -s sub-v2s13x29117_ses-1 finished without error at Wed Mar 11 07:37:00 CET 2026



#New# invocation of recon-all 



status file for recon-all
Wed Mar 11 07:58:36 CET 2026
#@# white curv rh Wed Mar 11 07:58:36 CET 2026
#@# white area rh Wed Mar 11 07:58:36 CET 2026
#@# pial curv rh Wed Mar 11 07:58:36 CET 2026
#@# pial area rh Wed Mar 11 07:58:36 CET 2026
#@# thickness rh Wed Mar 11 07:58:36 CET 2026
#@# area and vertex vol rh Wed Mar 11 07:58:36 CET 2026
#@# Parcellation Stats rh Wed Mar 11 07:58:36 CET 2026
#@# Parcellation Stats 2 rh Wed Mar 11 07:59:18 CET 2026
#@# Parcellation Stats 3 rh Wed Mar 11 07:59:39 CET 2026
#@# BA_exvivo Labels rh Wed Mar 11 08:00:00 CET 2026
recon-all -s sub-v2s13x29117_ses-1 finished without error at Wed Mar 11 08:04:14 CET 2026
