status file for recon-all
Wed Mar 11 04:11:56 CET 2026
#@# MotionCor Wed Mar 11 04:11:58 CET 2026
#@# Talairach Wed Mar 11 04:12:09 CET 2026
#@# Talairach Failure Detection Wed Mar 11 04:16:32 CET 2026
#@# Nu Intensity Correction Wed Mar 11 04:16:32 CET 2026
#@# Intensity Normalization Wed Mar 11 04:19:50 CET 2026
recon-all -s sub-v2s13x29117_ses-1 finished without error at Wed Mar 11 04:21:31 CET 2026



#New# invocation of recon-all 



status file for recon-all
Wed Mar 11 04:29:21 CET 2026
#@# EM Registration Wed Mar 11 04:29:21 CET 2026
recon-all -s sub-v2s13x29117_ses-1 finished without error at Wed Mar 11 04:31:07 CET 2026



#New# invocation of recon-all 



status file for recon-all
Wed Mar 11 04:31:09 CET 2026
#@# CA Normalize Wed Mar 11 04:31:09 CET 2026
#@# CA Reg Wed Mar 11 04:32:26 CET 2026
#@# SubCort Seg Wed Mar 11 05:26:14 CET 2026
#@# CC Seg Wed Mar 11 06:08:38 CET 2026
#@# Merge ASeg Wed Mar 11 06:09:13 CET 2026
#@# Intensity Normalization2 Wed Mar 11 06:09:13 CET 2026
#@# Mask BFS Wed Mar 11 06:11:33 CET 2026
#@# WM Segmentation Wed Mar 11 06:11:34 CET 2026
#@# Fill Wed Mar 11 06:14:00 CET 2026
recon-all -s sub-v2s13x29117_ses-1 finished without error at Wed Mar 11 06:15:09 CET 2026



#New# invocation of recon-all 



status file for recon-all
Wed Mar 11 07:37:04 CET 2026
#@# white curv lh Wed Mar 11 07:37:04 CET 2026
#@# white area lh Wed Mar 11 07:37:04 CET 2026
#@# pial curv lh Wed Mar 11 07:37:04 CET 2026
#@# pial area lh Wed Mar 11 07:37:04 CET 2026
#@# thickness lh Wed Mar 11 07:37:04 CET 2026
#@# area and vertex vol lh Wed Mar 11 07:37:04 CET 2026
#@# white curv rh Wed Mar 11 07:37:04 CET 2026
#@# white area rh Wed Mar 11 07:37:04 CET 2026
#@# pial curv rh Wed Mar 11 07:37:04 CET 2026
#@# pial area rh Wed Mar 11 07:37:04 CET 2026
#@# thickness rh Wed Mar 11 07:37:04 CET 2026
#@# area and vertex vol rh Wed Mar 11 07:37:04 CET 2026
#@# Cortical ribbon mask Wed Mar 11 07:37:04 CET 2026
recon-all -s sub-v2s13x29117_ses-1 finished without error at Wed Mar 11 07:53:06 CET 2026



#New# invocation of recon-all 



status file for recon-all
Wed Mar 11 08:04:19 CET 2026
#@# white curv lh Wed Mar 11 08:04:20 CET 2026
#@# white area lh Wed Mar 11 08:04:20 CET 2026
#@# pial curv lh Wed Mar 11 08:04:20 CET 2026
#@# pial area lh Wed Mar 11 08:04:20 CET 2026
#@# thickness lh Wed Mar 11 08:04:20 CET 2026
#@# area and vertex vol lh Wed Mar 11 08:04:20 CET 2026
#@# white curv rh Wed Mar 11 08:04:20 CET 2026
#@# white area rh Wed Mar 11 08:04:20 CET 2026
#@# pial curv rh Wed Mar 11 08:04:20 CET 2026
#@# pial area rh Wed Mar 11 08:04:20 CET 2026
#@# thickness rh Wed Mar 11 08:04:20 CET 2026
#@# area and vertex vol rh Wed Mar 11 08:04:20 CET 2026
#@# Curvature Stats lh Wed Mar 11 08:04:20 CET 2026
#@# Curvature Stats rh Wed Mar 11 08:04:24 CET 2026
#@# Relabel Hypointensities Wed Mar 11 08:04:29 CET 2026
#@# APas-to-ASeg Wed Mar 11 08:04:52 CET 2026
#@# AParc-to-ASeg aparc Wed Mar 11 08:05:06 CET 2026
#@# AParc-to-ASeg aparc.a2009s Wed Mar 11 08:06:18 CET 2026
#@# AParc-to-ASeg aparc.DKTatlas Wed Mar 11 08:07:34 CET 2026
#@# WMParc Wed Mar 11 08:08:48 CET 2026
#@# ASeg Stats Wed Mar 11 08:13:34 CET 2026
recon-all -s sub-v2s13x29117_ses-1 finished without error at Wed Mar 11 08:14:17 CET 2026
