status file for recon-all
Wed Mar 11 06:15:15 CET 2026
#@# Tessellate lh Wed Mar 11 06:15:15 CET 2026
#@# Smooth1 lh Wed Mar 11 06:15:20 CET 2026
#@# Inflation1 lh Wed Mar 11 06:15:24 CET 2026
#@# QSphere lh Wed Mar 11 06:17:05 CET 2026
#@# Fix Topology lh Wed Mar 11 06:18:52 CET 2026
#@# Smooth2 lh Wed Mar 11 06:28:10 CET 2026
#@# Inflation2 lh Wed Mar 11 06:28:15 CET 2026
#@# Curv .H and .K lh Wed Mar 11 06:28:50 CET 2026
#@# Sphere lh Wed Mar 11 06:30:03 CET 2026
#@# Surf Reg lh Wed Mar 11 06:36:07 CET 2026
#@# Jacobian white lh Wed Mar 11 06:43:31 CET 2026
#@# AvgCurv lh Wed Mar 11 06:43:33 CET 2026
#@# Cortical Parc lh Wed Mar 11 06:43:34 CET 2026
#@# white curv lh Wed Mar 11 06:54:20 CET 2026
#@# white area lh Wed Mar 11 06:54:23 CET 2026
#@# pial curv lh Wed Mar 11 06:54:24 CET 2026
#@# pial area lh Wed Mar 11 06:54:27 CET 2026
#@# thickness lh Wed Mar 11 06:54:29 CET 2026
#@# area and vertex vol lh Wed Mar 11 06:55:23 CET 2026
#@# Curvature Stats lh Wed Mar 11 06:55:25 CET 2026
#@# Cortical Parc 2 lh Wed Mar 11 06:55:30 CET 2026
#@# Cortical Parc 3 lh Wed Mar 11 06:55:51 CET 2026
#@# WM/GM Contrast lh Wed Mar 11 06:56:07 CET 2026
recon-all -s sub-v2s13x29117_ses-1 finished without error at Wed Mar 11 06:56:14 CET 2026



#New# invocation of recon-all 



status file for recon-all
Wed Mar 11 07:53:10 CET 2026
#@# white curv lh Wed Mar 11 07:53:10 CET 2026
#@# white area lh Wed Mar 11 07:53:10 CET 2026
#@# pial curv lh Wed Mar 11 07:53:10 CET 2026
#@# pial area lh Wed Mar 11 07:53:10 CET 2026
#@# thickness lh Wed Mar 11 07:53:10 CET 2026
#@# area and vertex vol lh Wed Mar 11 07:53:10 CET 2026
#@# Parcellation Stats lh Wed Mar 11 07:53:10 CET 2026
#@# Parcellation Stats 2 lh Wed Mar 11 07:53:49 CET 2026
#@# Parcellation Stats 3 lh Wed Mar 11 07:54:10 CET 2026
#@# BA_exvivo Labels lh Wed Mar 11 07:54:29 CET 2026
recon-all -s sub-v2s13x29117_ses-1 finished without error at Wed Mar 11 07:58:34 CET 2026
