/out/sourcedata/freesurfer/sub-v2s13x29122_ses-1/mri
/opt/freesurfer/bin/talairach_avi
--i orig_nu.mgz --xfm transforms/talairach.auto.xfm
talairach_avi 7.3.2
Linux dna056 5.14.0-427.37.1.el9_4.x86_64 #1 SMP PREEMPT_DYNAMIC Fri Sep 13 12:41:50 EDT 2024 x86_64 x86_64 x86_64 GNU/Linux
Wed Mar 11 04:30:40 CET 2026
mri_convert orig_nu.mgz talsrcimg.img 
reading from orig_nu.mgz...
TR=0.00, TE=0.00, TI=0.00, flip angle=0.00
i_ras = (-1, 1.13378e-10, 0)
j_ras = (3.23938e-11, 1.65856e-08, -1)
k_ras = (2.02461e-11, 1, 1.65856e-08)
writing to talsrcimg.img...
Analyze Output Matrix
-0.89844   0.00000   0.00000   117.18597;
 0.00000   0.00000   0.89844  -112.01267;
 0.00000  -0.89844   0.00000   137.40121;
 0.00000   0.00000   0.00000   1.00000;
--------------------
INFO: set hdr.hist.orient to -1
mpr2mni305 talsrcimg
Wed Mar 11 04:30:40 CET 2026
/opt/freesurfer/bin/mpr2mni305 talsrcimg
mpr2mni305 7.3.2
target=711-2C_as_mni_average_305

---------------------------------------------------------------------
analyzeto4dfp talsrcimg -O0 -y
---------------------------------------------------------------------

freesurfer ifh2hdr.c
Wed Mar 11 04:30:40 2026
Writing: talsrcimg.4dfp.hdr
freesurfer analyzeto4dfp.c
Reading: talsrcimg.hdr
header size 348 bytes
hdr.dime.datatype	offset=70	value=2
hdr.dime.bitpix		offset=72	value=8
hdr.hist.orient		offset=252	value=-1
dimensionality     4
dimensions       256       256       256         1
Reading: talsrcimg.img
Writing: talsrcimg.4dfp.img
Writing: talsrcimg.4dfp.ifh
ifh2hdr talsrcimg -r0to247
ori=2

---------------------------------------------------------------------
gauss_4dfp talsrcimg 1.1
---------------------------------------------------------------------

freesurfer gauss_4dfp.c
Reading: talsrcimg.4dfp.img
Writing: talsrcimg_g11.4dfp.img
image dimensions 256 256 256 padded to 288 288 288
processing volume 1freesurfer ifh2hdr.c
Wed Mar 11 04:30:42 2026
Writing: talsrcimg_g11.4dfp.hdr

Writing: talsrcimg_g11.4dfp.ifh
including: talsrcimg.4dfp.img.rec in talsrcimg_g11.4dfp.img.rec

---------------------------------------------------------------------
imgreg_4dfp /opt/freesurfer/average/711-2C_as_mni_average_305 none talsrcimg_g11 none talsrcimg_to_711-2C_as_mni_average_305_t4 4355
---------------------------------------------------------------------

freesurfer imgreg_4dfp.c
/opt/freesurfer/average/711-2C_as_mni_average_305.4dfp.img
       256       256       256         1
  1.000000  1.000000  1.000000
orientation T byte_order littleendian
Reading image: /opt/freesurfer/average/711-2C_as_mni_average_305.4dfp.img
dimensions:      256       256       256
mmppix:       1.0000   -1.0000   -1.0000
center:     128.0000 -129.0000 -129.0000
talsrcimg_g11.4dfp.img
       256       256       256         1
  0.898437  0.898437  0.898437
orientation T byte_order littleendian
Reading image: talsrcimg_g11.4dfp.img
dimensions:      256       256       256
mmppix:       0.8984   -0.8984   -0.8984
center:     114.9999 -115.8984 -115.8984
t4_read: open error in t4_sub.f l:  41 t4_file(1:l)talsrcimg_to_711-2C_as_mni_average_305_t4 
t4_read: transform initialized to I4
rotation matrix determinant  1.000000
image alignment mode   4355 decimal     1103 hex
   -7.5000  -45.0000  -45.0000 6355.3638   17.0431
    0.0000  -45.0000  -45.0000 6444.8442   17.0019
    7.5000  -45.0000  -45.0000 6153.1890   16.9606
   -7.5000  -37.5000  -45.0000 6713.7949   18.0772
    0.0000  -37.5000  -45.0000 6830.5669   18.0305
    7.5000  -37.5000  -45.0000 6503.3906   17.9895
   -7.5000  -30.0000  -45.0000 7100.1797   18.6189
    0.0000  -30.0000  -45.0000 7222.1675   18.5729
    7.5000  -30.0000  -45.0000 6863.4692   18.5315
   -7.5000  -22.5000  -45.0000 7589.7998   18.6239
    0.0000  -22.5000  -45.0000 7701.9399   18.5837
    7.5000  -22.5000  -45.0000 7334.6982   18.5406
   -7.5000  -15.0000  -45.0000 8071.4111   18.6606
    0.0000  -15.0000  -45.0000 8188.4741   18.6233
    7.5000  -15.0000  -45.0000 7809.3462   18.5775
   -7.5000   -7.5000  -45.0000 8151.7583   18.6881
    0.0000   -7.5000  -45.0000 8262.4902   18.6480
    7.5000   -7.5000  -45.0000 7872.2173   18.6011
   -7.5000    0.0000  -45.0000 8162.5479   18.6812
    0.0000    0.0000  -45.0000 8273.5967   18.6360
    7.5000    0.0000  -45.0000 7863.4634   18.5908
   -7.5000    7.5000  -45.0000 7791.1870   18.6471
    0.0000    7.5000  -45.0000 7913.3584   18.5990
    7.5000    7.5000  -45.0000 7497.8076   18.5566
   -7.5000   15.0000  -45.0000 7579.6108   18.6189
    0.0000   15.0000  -45.0000 7681.1436   18.5729
    7.5000   15.0000  -45.0000 7287.5820   18.5315
   -7.5000   22.5000  -45.0000 6945.4106   18.3740
    0.0000   22.5000  -45.0000 7031.9277   18.3343
    7.5000   22.5000  -45.0000 6672.9341   18.2918
   -7.5000   30.0000  -45.0000 6383.4756   18.0067
    0.0000   30.0000  -45.0000 6461.9858   17.9705
    7.5000   30.0000  -45.0000 6108.9395   17.9251
   -7.5000   37.5000  -45.0000 5870.0615   17.7134
    0.0000   37.5000  -45.0000 5950.1411   17.6706
    7.5000   37.5000  -45.0000 5599.5586   17.6192
   -7.5000   45.0000  -45.0000 5330.9116   17.6030
    0.0000   45.0000  -45.0000 5392.6196   17.5576
    7.5000   45.0000  -45.0000 5092.7285   17.5108
   -7.5000  -45.0000  -37.5000 6934.8140   17.8627
    0.0000  -45.0000  -37.5000 7047.5400   17.8217
    7.5000  -45.0000  -37.5000 6721.8916   17.7816
   -7.5000  -37.5000  -37.5000 7311.4668   18.9427
    0.0000  -37.5000  -37.5000 7450.4878   18.8972
    7.5000  -37.5000  -37.5000 7094.4126   18.8609
   -7.5000  -30.0000  -37.5000 7726.4116   19.4742
    0.0000  -30.0000  -37.5000 7886.1792   19.4287
    7.5000  -30.0000  -37.5000 7488.4351   19.3925
   -7.5000  -22.5000  -37.5000 8243.8291   19.4885
    0.0000  -22.5000  -37.5000 8372.5078   19.4471
    7.5000  -22.5000  -37.5000 7978.3804   19.4063
   -7.5000  -15.0000  -37.5000 8762.0000   19.5379
    0.0000  -15.0000  -37.5000 8877.8252   19.4984
    7.5000  -15.0000  -37.5000 8461.6582   19.4511
   -7.5000   -7.5000  -37.5000 8841.8594   19.5696
    0.0000   -7.5000  -37.5000 8950.8643   19.5279
    7.5000   -7.5000  -37.5000 8521.4902   19.4789
   -7.5000    0.0000  -37.5000 8840.3818   19.5546
    0.0000    0.0000  -37.5000 8953.9814   19.5096
    7.5000    0.0000  -37.5000 8510.8574   19.4657
   -7.5000    7.5000  -37.5000 8420.0010   19.5055
    0.0000    7.5000  -37.5000 8540.1826   19.4587
    7.5000    7.5000  -37.5000 8116.1387   19.4212
   -7.5000   15.0000  -37.5000 8166.1270   19.4733
    0.0000   15.0000  -37.5000 8267.1885   19.4278
    7.5000   15.0000  -37.5000 7855.6875   19.3916
   -7.5000   22.5000  -37.5000 7470.7749   19.2286
    0.0000   22.5000  -37.5000 7554.2847   19.1877
    7.5000   22.5000  -37.5000 7178.7749   19.1474
   -7.5000   30.0000  -37.5000 6845.7974   18.8675
    0.0000   30.0000  -37.5000 6901.0508   18.8288
    7.5000   30.0000  -37.5000 6550.9922   18.7822
   -7.5000   37.5000  -37.5000 6276.2690   18.5591
    0.0000   37.5000  -37.5000 6333.1074   18.5159
    7.5000   37.5000  -37.5000 6000.5161   18.4634
   -7.5000   45.0000  -37.5000 5697.6655   18.4119
    0.0000   45.0000  -37.5000 5749.6333   18.3683
    7.5000   45.0000  -37.5000 5441.0566   18.3220
   -7.5000  -45.0000  -30.0000 7512.0142   18.6672
    0.0000  -45.0000  -30.0000 7620.8184   18.6237
    7.5000  -45.0000  -30.0000 7263.4604   18.5883
   -7.5000  -37.5000  -30.0000 7932.7026   19.8054
    0.0000  -37.5000  -30.0000 8060.1064   19.7581
    7.5000  -37.5000  -30.0000 7673.8950   19.7286
   -7.5000  -30.0000  -30.0000 8384.1338   20.3347
    0.0000  -30.0000  -30.0000 8531.0332   20.2875
    7.5000  -30.0000  -30.0000 8115.5713   20.2599
   -7.5000  -22.5000  -30.0000 8927.2119   20.3498
    0.0000  -22.5000  -30.0000 9078.8057   20.3055
    7.5000  -22.5000  -30.0000 8635.6162   20.2727
   -7.5000  -15.0000  -30.0000 9467.7461   20.3984
    0.0000  -15.0000  -30.0000 9593.7539   20.3547
    7.5000  -15.0000  -30.0000 9129.9131   20.3130
   -7.5000   -7.5000  -30.0000 9541.6504   20.4291
    0.0000   -7.5000  -30.0000 9645.7764   20.3837
    7.5000   -7.5000  -30.0000 9189.6855   20.3391
   -7.5000    0.0000  -30.0000 9513.2891   20.4140
    0.0000    0.0000  -30.0000 9612.3623   20.3663
    7.5000    0.0000  -30.0000 9149.8418   20.3277
   -7.5000    7.5000  -30.0000 9057.1455   20.3630
    0.0000    7.5000  -30.0000 9162.9307   20.3144
    7.5000    7.5000  -30.0000 8716.3516   20.2840
   -7.5000   15.0000  -30.0000 8789.9033   20.3319
    0.0000   15.0000  -30.0000 8874.5596   20.2847
    7.5000   15.0000  -30.0000 8444.4043   20.2571
   -7.5000   22.5000  -30.0000 8001.7939   20.0793
    0.0000   22.5000  -30.0000 8069.1431   20.0355
    7.5000   22.5000  -30.0000 7686.7754   20.0032
   -7.5000   30.0000  -30.0000 7310.8916   19.7117
    0.0000   30.0000  -30.0000 7353.2197   19.6685
    7.5000   30.0000  -30.0000 6998.0151   19.6279
   -7.5000   37.5000  -30.0000 6684.4316   19.4016
    0.0000   37.5000  -30.0000 6732.1021   19.3564
    7.5000   37.5000  -30.0000 6389.2773   19.3091
   -7.5000   45.0000  -30.0000 6050.0249   19.2435
    0.0000   45.0000  -30.0000 6100.8740   19.1985
    7.5000   45.0000  -30.0000 5786.8457   19.1565
   -7.5000  -45.0000  -22.5000 8088.8145   19.4033
    0.0000  -45.0000  -22.5000 8211.2432   19.3546
    7.5000  -45.0000  -22.5000 7809.1294   19.3222
   -7.5000  -37.5000  -22.5000 8543.5479   20.6139
    0.0000  -37.5000  -22.5000 8673.7646   20.5608
    7.5000  -37.5000  -22.5000 8254.6357   20.5315
   -7.5000  -30.0000  -22.5000 9033.3486   21.1462
    0.0000  -30.0000  -22.5000 9176.1494   21.0942
    7.5000  -30.0000  -22.5000 8727.3408   21.0674
   -7.5000  -22.5000  -22.5000 9624.2490   21.1520
    0.0000  -22.5000  -22.5000 9778.3584   21.1035
    7.5000  -22.5000  -22.5000 9292.6562   21.0741
   -7.5000  -15.0000  -22.500010158.3555   21.1868
    0.0000  -15.0000  -22.500010313.7119   21.1391
    7.5000  -15.0000  -22.5000 9801.2881   21.1032
   -7.5000   -7.5000  -22.500010218.7607   21.2129
    0.0000   -7.5000  -22.500010366.3145   21.1631
    7.5000   -7.5000  -22.5000 9859.6230   21.1246
   -7.5000    0.0000  -22.500010148.4131   21.2070
    0.0000    0.0000  -22.500010284.8359   21.1536
    7.5000    0.0000  -22.5000 9787.1182   21.1182
   -7.5000    7.5000  -22.5000 9662.2432   21.1679
    0.0000    7.5000  -22.5000 9787.6592   21.1134
    7.5000    7.5000  -22.5000 9317.9512   21.0833
   -7.5000   15.0000  -22.5000 9380.8809   21.1411
    0.0000   15.0000  -22.5000 9483.0303   21.0892
    7.5000   15.0000  -22.5000 9036.2363   21.0623
   -7.5000   22.5000  -22.5000 8524.0410   20.8728
    0.0000   22.5000  -22.5000 8581.2676   20.8250
    7.5000   22.5000  -22.5000 8191.9170   20.7959
   -7.5000   30.0000  -22.5000 7765.3818   20.4860
    0.0000   30.0000  -22.5000 7799.2319   20.4389
    7.5000   30.0000  -22.5000 7442.4712   20.4044
   -7.5000   37.5000  -22.5000 7072.7002   20.1770
    0.0000   37.5000  -22.5000 7114.1108   20.1278
    7.5000   37.5000  -22.5000 6762.8770   20.0866
   -7.5000   45.0000  -22.5000 6378.9517   20.0379
    0.0000   45.0000  -22.5000 6426.9712   19.9865
    7.5000   45.0000  -22.5000 6097.5400   19.9475
   -7.5000  -45.0000  -15.0000 8625.5586   20.0809
    0.0000  -45.0000  -15.0000 8773.0742   20.0286
    7.5000  -45.0000  -15.0000 8329.4561   19.9900
   -7.5000  -37.5000  -15.0000 9116.8076   21.3457
    0.0000  -37.5000  -15.0000 9272.6807   21.2877
    7.5000  -37.5000  -15.0000 8800.2607   21.2480
   -7.5000  -30.0000  -15.0000 9637.0078   21.8837
    0.0000  -30.0000  -15.0000 9812.4824   21.8277
    7.5000  -30.0000  -15.0000 9314.8350   21.7893
   -7.5000  -22.5000  -15.000010249.1738   21.8838
    0.0000  -22.5000  -15.000010452.5586   21.8336
    7.5000  -22.5000  -15.0000 9902.5957   21.7950
   -7.5000  -15.0000  -15.000010817.3848   21.9077
    0.0000  -15.0000  -15.000011012.7236   21.8595
    7.5000  -15.0000  -15.000010439.9297   21.8186
   -7.5000   -7.5000  -15.000010879.0479   21.9277
    0.0000   -7.5000  -15.000011069.2334   21.8765
    7.5000   -7.5000  -15.000010509.4922   21.8344
   -7.5000    0.0000  -15.000010788.0205   21.9263
    0.0000    0.0000  -15.000010972.7500   21.8692
    7.5000    0.0000  -15.000010416.3535   21.8270
   -7.5000    7.5000  -15.000010238.9043   21.8980
    0.0000    7.5000  -15.000010385.5986   21.8385
    7.5000    7.5000  -15.0000 9855.3418   21.7978
   -7.5000   15.0000  -15.0000 9935.8389   21.8769
    0.0000   15.0000  -15.000010028.6914   21.8209
    7.5000   15.0000  -15.0000 9546.3984   21.7826
   -7.5000   22.5000  -15.0000 9014.8174   21.5983
    0.0000   22.5000  -15.0000 9068.1582   21.5487
    7.5000   22.5000  -15.0000 8646.6230   21.5106
   -7.5000   30.0000  -15.0000 8199.5107   21.1972
    0.0000   30.0000  -15.0000 8228.3975   21.1500
    7.5000   30.0000  -15.0000 7861.6465   21.1103
   -7.5000   37.5000  -15.0000 7462.8569   20.8899
    0.0000   37.5000  -15.0000 7488.8530   20.8378
    7.5000   37.5000  -15.0000 7140.5552   20.7916
   -7.5000   45.0000  -15.0000 6714.2891   20.7709
    0.0000   45.0000  -15.0000 6757.6313   20.7135
    7.5000   45.0000  -15.0000 6421.1582   20.6684
   -7.5000  -45.0000   -7.5000 8893.2344   20.0695
    0.0000  -45.0000   -7.5000 9040.6895   20.0186
    7.5000  -45.0000   -7.5000 8585.6465   19.9711
   -7.5000  -37.5000   -7.5000 9375.7188   21.3314
    0.0000  -37.5000   -7.5000 9553.2666   21.2744
    7.5000  -37.5000   -7.5000 9051.3262   21.2244
   -7.5000  -30.0000   -7.5000 9929.3066   21.8676
    0.0000  -30.0000   -7.500010118.3057   21.8127
    7.5000  -30.0000   -7.5000 9592.1914   21.7625
   -7.5000  -22.5000   -7.500010565.7422   21.8689
    0.0000  -22.5000   -7.500010777.1445   21.8206
    7.5000  -22.5000   -7.500010196.2324   21.7704
   -7.5000  -15.0000   -7.500011133.6670   21.8960
    0.0000  -15.0000   -7.500011361.9873   21.8500
    7.5000  -15.0000   -7.500010759.1787   21.7993
   -7.5000   -7.5000   -7.500011200.5615   21.9174
    0.0000   -7.5000   -7.500011425.7197   21.8679
    7.5000   -7.5000   -7.500010823.3486   21.8165
   -7.5000    0.0000   -7.500011092.3770   21.9139
    0.0000    0.0000   -7.500011308.9697   21.8582
    7.5000    0.0000   -7.500010707.5293   21.8063
   -7.5000    7.5000   -7.500010486.1377   21.8834
    0.0000    7.5000   -7.500010667.5166   21.8250
    7.5000    7.5000   -7.500010096.1484   21.7736
   -7.5000   15.0000   -7.500010173.4375   21.8609
    0.0000   15.0000   -7.500010287.3496   21.8060
    7.5000   15.0000   -7.5000 9761.3223   21.7558
   -7.5000   22.5000   -7.5000 9240.6943   21.5836
    0.0000   22.5000   -7.5000 9331.6064   21.5358
    7.5000   22.5000   -7.5000 8858.8350   21.4863
   -7.5000   30.0000   -7.5000 8404.1533   21.1863
    0.0000   30.0000   -7.5000 8464.1855   21.1417
    7.5000   30.0000   -7.5000 8046.9595   21.0915
   -7.5000   37.5000   -7.5000 7640.7490   20.8793
    0.0000   37.5000   -7.5000 7682.6885   20.8273
    7.5000   37.5000   -7.5000 7304.5532   20.7706
   -7.5000   45.0000   -7.5000 6871.2944   20.7612
    0.0000   45.0000   -7.5000 6918.4443   20.7045
    7.5000   45.0000   -7.5000 6569.6182   20.6507
   -7.5000  -45.0000    0.0000 8995.4473   20.5671
    0.0000  -45.0000    0.0000 9137.2002   20.5192
    7.5000  -45.0000    0.0000 8685.1582   20.4664
   -7.5000  -37.5000    0.0000 9462.5820   21.8363
    0.0000  -37.5000    0.0000 9646.9971   21.7825
    7.5000  -37.5000    0.0000 9140.7471   21.7298
   -7.5000  -30.0000    0.000010027.6523   22.3643
    0.0000  -30.0000    0.000010223.6602   22.3117
    7.5000  -30.0000    0.0000 9680.6406   22.2583
   -7.5000  -22.5000    0.000010715.4473   22.3738
    0.0000  -22.5000    0.000010960.2783   22.3273
    7.5000  -22.5000    0.000010343.1826   22.2713
   -7.5000  -15.0000    0.000011292.6914   22.4171
    0.0000  -15.0000    0.000011537.8652   22.3732
    7.5000  -15.0000    0.000010906.4619   22.3142
   -7.5000   -7.5000    0.000011336.9580   22.4465
    0.0000   -7.5000    0.000011559.0088   22.3994
    7.5000   -7.5000    0.000010943.5850   22.3394
   -7.5000    0.0000    0.000011186.5371   22.4350
    0.0000    0.0000    0.000011391.8584   22.3826
    7.5000    0.0000    0.000010798.8105   22.3251
   -7.5000    7.5000    0.000010558.8193   22.3865
    0.0000    7.5000    0.000010742.1758   22.3314
    7.5000    7.5000    0.000010154.2568   22.2774
   -7.5000   15.0000    0.000010245.7139   22.3564
    0.0000   15.0000    0.000010378.7090   22.3038
    7.5000   15.0000    0.0000 9807.0225   22.2504
   -7.5000   22.5000    0.0000 9311.0352   22.0849
    0.0000   22.5000    0.0000 9430.2852   22.0390
    7.5000   22.5000    0.0000 8911.6016   21.9837
   -7.5000   30.0000    0.0000 8473.3447   21.7059
    0.0000   30.0000    0.0000 8559.9307   21.6632
    7.5000   30.0000    0.0000 8094.4390   21.6045
   -7.5000   37.5000    0.0000 7703.2900   21.4073
    0.0000   37.5000    0.0000 7762.2007   21.3567
    7.5000   37.5000    0.0000 7358.8159   21.2912
   -7.5000   45.0000    0.0000 6912.0596   21.2946
    0.0000   45.0000    0.0000 6965.0830   21.2416
    7.5000   45.0000    0.0000 6611.6035   21.1819
   -7.5000  -45.0000    7.5000 8743.9619   20.5752
    0.0000  -45.0000    7.5000 8872.9443   20.5294
    7.5000  -45.0000    7.5000 8436.0537   20.4819
   -7.5000  -37.5000    7.5000 9185.8496   21.8308
    0.0000  -37.5000    7.5000 9320.7939   21.7799
    7.5000  -37.5000    7.5000 8859.8486   21.7373
   -7.5000  -30.0000    7.5000 9721.2090   22.3538
    0.0000  -30.0000    7.5000 9846.4697   22.3031
    7.5000  -30.0000    7.5000 9373.8887   22.2609
   -7.5000  -22.5000    7.500010438.4014   22.3716
    0.0000  -22.5000    7.500010701.0674   22.3255
    7.5000  -22.5000    7.500010091.8760   22.2775
   -7.5000  -15.0000    7.500011111.5811   22.4278
    0.0000  -15.0000    7.500011430.0400   22.3838
    7.5000  -15.0000    7.500010740.9824   22.3280
   -7.5000   -7.5000    7.500011138.5254   22.4624
    0.0000   -7.5000    7.500011389.7412   22.4159
    7.5000   -7.5000    7.500010722.8008   22.3580
   -7.5000    0.0000    7.500010931.7236   22.4437
    0.0000    0.0000    7.500011144.8057   22.3936
    7.5000    0.0000    7.500010502.0928   22.3420
   -7.5000    7.5000    7.500010231.1387   22.3809
    0.0000    7.5000    7.500010403.0508   22.3288
    7.5000    7.5000    7.5000 9802.4648   22.2851
   -7.5000   15.0000    7.5000 9895.1650   22.3459
    0.0000   15.0000    7.500010035.4219   22.2952
    7.5000   15.0000    7.5000 9459.8906   22.2530
   -7.5000   22.5000    7.5000 9013.2021   22.0828
    0.0000   22.5000    7.5000 9134.1885   22.0372
    7.5000   22.5000    7.5000 8633.3525   21.9899
   -7.5000   30.0000    7.5000 8199.0596   21.7183
    0.0000   30.0000    7.5000 8296.1104   21.6750
    7.5000   30.0000    7.5000 7852.0425   21.6199
   -7.5000   37.5000    7.5000 7456.5195   21.4212
    0.0000   37.5000    7.5000 7528.5640   21.3727
    7.5000   37.5000    7.5000 7126.3672   21.3106
   -7.5000   45.0000    7.5000 6676.9390   21.2985
    0.0000   45.0000    7.5000 6743.4746   21.2496
    7.5000   45.0000    7.5000 6385.2471   21.1948
   -7.5000  -45.0000   15.0000 8761.6113   20.6534
    0.0000  -45.0000   15.0000 8854.8652   20.6052
    7.5000  -45.0000   15.0000 8453.2393   20.5661
   -7.5000  -37.5000   15.0000 9199.9893   21.9159
    0.0000  -37.5000   15.0000 9291.0820   21.8636
    7.5000  -37.5000   15.0000 8875.8027   21.8310
   -7.5000  -30.0000   15.0000 9744.0244   22.4415
    0.0000  -30.0000   15.0000 9840.3467   22.3894
    7.5000  -30.0000   15.0000 9400.3750   22.3589
   -7.5000  -22.5000   15.000010482.2139   22.4572
    0.0000  -22.5000   15.000010757.7305   22.4083
    7.5000  -22.5000   15.000010142.3271   22.3721
   -7.5000  -15.0000   15.000011174.0996   22.5103
    0.0000  -15.0000   15.000011542.2158   22.4621
    7.5000  -15.0000   15.000010802.8105   22.4161
   -7.5000   -7.5000   15.000011203.8066   22.5446
    0.0000   -7.5000   15.000011529.1934   22.4945
    7.5000   -7.5000   15.000010783.7002   22.4453
   -7.5000    0.0000   15.000010997.3291   22.5289
    0.0000    0.0000   15.000011261.1260   22.4763
    7.5000    0.0000   15.000010557.1572   22.4337
   -7.5000    7.5000   15.000010231.2246   22.4682
    0.0000    7.5000   15.000010410.4648   22.4145
    7.5000    7.5000   15.0000 9820.3623   22.3811
   -7.5000   15.0000   15.0000 9849.4082   22.4335
    0.0000   15.0000   15.0000 9974.7471   22.3814
    7.5000   15.0000   15.0000 9426.9785   22.3510
   -7.5000   22.5000   15.0000 8983.9727   22.1673
    0.0000   22.5000   15.0000 9077.6104   22.1190
    7.5000   22.5000   15.0000 8596.1045   22.0833
   -7.5000   30.0000   15.0000 8187.0293   21.7980
    0.0000   30.0000   15.0000 8258.7910   21.7502
    7.5000   30.0000   15.0000 7829.0381   21.7053
   -7.5000   37.5000   15.0000 7415.5562   21.5017
    0.0000   37.5000   15.0000 7477.4673   21.4516
    7.5000   37.5000   15.0000 7090.1274   21.3992
   -7.5000   45.0000   15.0000 6645.0913   21.3811
    0.0000   45.0000   15.0000 6695.6826   21.3311
    7.5000   45.0000   15.0000 6363.4771   21.2845
   -7.5000  -45.0000   22.5000 8329.0117   20.8076
    0.0000  -45.0000   22.5000 8418.2910   20.7547
    7.5000  -45.0000   22.5000 8023.3594   20.7194
   -7.5000  -37.5000   22.5000 8766.1250   22.0956
    0.0000  -37.5000   22.5000 8855.1748   22.0378
    7.5000  -37.5000   22.5000 8432.2188   22.0058
   -7.5000  -30.0000   22.5000 9304.9033   22.6305
    0.0000  -30.0000   22.5000 9403.6611   22.5740
    7.5000  -30.0000   22.5000 8955.3740   22.5445
   -7.5000  -22.5000   22.5000 9986.6797   22.6356
    0.0000  -22.5000   22.500010169.4248   22.5830
    7.5000  -22.5000   22.5000 9632.0205   22.5509
   -7.5000  -15.0000   22.500010575.2354   22.6732
    0.0000  -15.0000   22.500010770.9258   22.6216
    7.5000  -15.0000   22.500010198.6240   22.5826
   -7.5000   -7.5000   22.500010598.5771   22.7024
    0.0000   -7.5000   22.500010783.8750   22.6486
    7.5000   -7.5000   22.500010204.2861   22.6069
   -7.5000    0.0000   22.500010459.3691   22.6972
    0.0000    0.0000   22.500010627.9209   22.6393
    7.5000    0.0000   22.500010059.2402   22.6009
   -7.5000    7.5000   22.5000 9729.1094   22.6524
    0.0000    7.5000   22.5000 9857.3604   22.5932
    7.5000    7.5000   22.5000 9352.3545   22.5604
   -7.5000   15.0000   22.5000 9362.9746   22.6224
    0.0000   15.0000   22.5000 9463.6533   22.5660
    7.5000   15.0000   22.5000 8964.3789   22.5366
   -7.5000   22.5000   22.5000 8522.4219   22.3433
    0.0000   22.5000   22.5000 8578.7529   22.2915
    7.5000   22.5000   22.5000 8157.3159   22.2597
   -7.5000   30.0000   22.5000 7740.2617   21.9538
    0.0000   30.0000   22.5000 7795.7817   21.9029
    7.5000   30.0000   22.5000 7411.5693   21.8653
   -7.5000   37.5000   22.5000 6998.8921   21.6568
    0.0000   37.5000   22.5000 7047.9712   21.6035
    7.5000   37.5000   22.5000 6692.7339   21.5587
   -7.5000   45.0000   22.5000 6263.1128   21.5507
    0.0000   45.0000   22.5000 6296.9658   21.4947
    7.5000   45.0000   22.5000 5984.8984   21.4521
   -7.5000  -45.0000   30.0000 7825.9507   20.9881
    0.0000  -45.0000   30.0000 7907.9897   20.9356
    7.5000  -45.0000   30.0000 7530.2471   20.8959
   -7.5000  -37.5000   30.0000 8247.3740   22.3116
    0.0000  -37.5000   30.0000 8314.2510   22.2527
    7.5000  -37.5000   30.0000 7927.8091   22.2108
   -7.5000  -30.0000   30.0000 8740.6045   22.8657
    0.0000  -30.0000   30.0000 8834.8281   22.8087
    7.5000  -30.0000   30.0000 8423.5830   22.7675
   -7.5000  -22.5000   30.0000 9344.5273   22.8677
    0.0000  -22.5000   30.0000 9464.7559   22.8170
    7.5000  -22.5000   30.0000 9002.3545   22.7761
   -7.5000  -15.0000   30.0000 9875.9326   22.8924
    0.0000  -15.0000   30.0000 9978.2998   22.8442
    7.5000  -15.0000   30.0000 9509.6436   22.8023
   -7.5000   -7.5000   30.0000 9916.7988   22.9115
    0.0000   -7.5000   30.000010025.1777   22.8604
    7.5000   -7.5000   30.0000 9542.8340   22.8177
   -7.5000    0.0000   30.0000 9814.9980   22.9082
    0.0000    0.0000   30.0000 9934.4238   22.8507
    7.5000    0.0000   30.0000 9433.8047   22.8075
   -7.5000    7.5000   30.0000 9158.2158   22.8777
    0.0000    7.5000   30.0000 9258.1162   22.8173
    7.5000    7.5000   30.0000 8793.6143   22.7743
   -7.5000   15.0000   30.0000 8808.8818   22.8576
    0.0000   15.0000   30.0000 8888.3809   22.8006
    7.5000   15.0000   30.0000 8438.8213   22.7594
   -7.5000   22.5000   30.0000 8020.8813   22.5704
    0.0000   22.5000   30.0000 8088.9033   22.5204
    7.5000   22.5000   30.0000 7674.0063   22.4800
   -7.5000   30.0000   30.0000 7255.8369   22.1761
    0.0000   30.0000   30.0000 7321.5093   22.1289
    7.5000   30.0000   30.0000 6957.0146   22.0880
   -7.5000   37.5000   30.0000 6532.8823   21.8851
    0.0000   37.5000   30.0000 6579.0830   21.8328
    7.5000   37.5000   30.0000 6264.4243   21.7854
   -7.5000   45.0000   30.0000 5838.1357   21.8015
    0.0000   45.0000   30.0000 5871.8979   21.7433
    7.5000   45.0000   30.0000 5584.5610   21.6967
   -7.5000  -45.0000   37.5000 7295.4873   21.1094
    0.0000  -45.0000   37.5000 7383.5596   21.0563
    7.5000  -45.0000   37.5000 7032.8716   21.0077
   -7.5000  -37.5000   37.5000 7699.6079   22.4391
    0.0000  -37.5000   37.5000 7779.5234   22.3798
    7.5000  -37.5000   37.5000 7421.1641   22.3290
   -7.5000  -30.0000   37.5000 8172.8911   22.9818
    0.0000  -30.0000   37.5000 8274.7500   22.9253
    7.5000  -30.0000   37.5000 7883.6772   22.8745
   -7.5000  -22.5000   37.5000 8719.2832   22.9904
    0.0000  -22.5000   37.5000 8805.5234   22.9410
    7.5000  -22.5000   37.5000 8382.3838   22.8898
   -7.5000  -15.0000   37.5000 9193.3301   23.0230
    0.0000  -15.0000   37.5000 9248.7979   22.9757
    7.5000  -15.0000   37.5000 8849.4883   22.9235
   -7.5000   -7.5000   37.5000 9257.6621   23.0425
    0.0000   -7.5000   37.5000 9319.9092   22.9911
    7.5000   -7.5000   37.5000 8908.6992   22.9381
   -7.5000    0.0000   37.5000 9190.8096   23.0317
    0.0000    0.0000   37.5000 9272.6484   22.9737
    7.5000    0.0000   37.5000 8834.2178   22.9207
   -7.5000    7.5000   37.5000 8592.9229   22.9942
    0.0000    7.5000   37.5000 8673.1807   22.9335
    7.5000    7.5000   37.5000 8243.1719   22.8815
   -7.5000   15.0000   37.5000 8250.9443   22.9734
    0.0000   15.0000   37.5000 8322.0439   22.9170
    7.5000   15.0000   37.5000 7898.4312   22.8662
   -7.5000   22.5000   37.5000 7508.3633   22.6873
    0.0000   22.5000   37.5000 7579.5659   22.6386
    7.5000   22.5000   37.5000 7184.2812   22.5880
   -7.5000   30.0000   37.5000 6789.4209   22.3010
    0.0000   30.0000   37.5000 6861.1982   22.2550
    7.5000   30.0000   37.5000 6503.7759   22.2032
   -7.5000   37.5000   37.5000 6085.0684   21.9966
    0.0000   37.5000   37.5000 6140.4282   21.9422
    7.5000   37.5000   37.5000 5829.6572   21.8831
   -7.5000   45.0000   37.5000 5421.6357   21.8932
    0.0000   45.0000   37.5000 5465.5347   21.8336
    7.5000   45.0000   37.5000 5184.3877   21.7781
   -7.5000  -45.0000   45.0000 6773.6729   21.3355
    0.0000  -45.0000   45.0000 6874.4067   21.2846
    7.5000  -45.0000   45.0000 6537.8804   21.2289
   -7.5000  -37.5000   45.0000 7152.4888   22.6644
    0.0000  -37.5000   45.0000 7252.9009   22.6074
    7.5000  -37.5000   45.0000 6909.6270   22.5523
   -7.5000  -30.0000   45.0000 7599.5845   23.1823
    0.0000  -30.0000   45.0000 7702.5913   23.1266
    7.5000  -30.0000   45.0000 7341.8872   23.0709
   -7.5000  -22.5000   45.0000 8103.6680   23.1984
    0.0000  -22.5000   45.0000 8174.8560   23.1492
    7.5000  -22.5000   45.0000 7805.0420   23.0903
   -7.5000  -15.0000   45.0000 8535.2305   23.2477
    0.0000  -15.0000   45.0000 8589.0840   23.2010
    7.5000  -15.0000   45.0000 8210.2422   23.1386
   -7.5000   -7.5000   45.0000 8582.1201   23.2764
    0.0000   -7.5000   45.0000 8654.6465   23.2263
    7.5000   -7.5000   45.0000 8264.7520   23.1627
   -7.5000    0.0000   45.0000 8523.1602   23.2582
    0.0000    0.0000   45.0000 8607.6855   23.2026
    7.5000    0.0000   45.0000 8206.9551   23.1420
   -7.5000    7.5000   45.0000 7991.0996   23.2028
    0.0000    7.5000   45.0000 8055.4863   23.1445
    7.5000    7.5000   45.0000 7672.6450   23.0880
   -7.5000   15.0000   45.0000 7654.9893   23.1736
    0.0000   15.0000   45.0000 7710.6895   23.1179
    7.5000   15.0000   45.0000 7345.3862   23.0622
   -7.5000   22.5000   45.0000 6979.3174   22.8892
    0.0000   22.5000   45.0000 7034.6880   22.8407
    7.5000   22.5000   45.0000 6692.2285   22.7825
   -7.5000   30.0000   45.0000 6315.4668   22.4961
    0.0000   30.0000   45.0000 6376.4326   22.4500
    7.5000   30.0000   45.0000 6059.6216   22.3880
   -7.5000   37.5000   45.0000 5633.4678   22.1679
    0.0000   37.5000   45.0000 5692.3975   22.1146
    7.5000   37.5000   45.0000 5415.8301   22.0463
   -7.5000   45.0000   45.0000 5025.3052   22.0305
    0.0000   45.0000   45.0000 5068.4629   21.9731
    7.5000   45.0000   45.0000 4823.6338   21.9100

---------------------------------------------------------------------
imgreg_4dfp /opt/freesurfer/average/711-2C_as_mni_average_305 /opt/freesurfer/average/711-2B_as_mni_average_305_mask talsrcimg_g11 none talsrcimg_to_711-2C_as_mni_average_305_t4 4355
---------------------------------------------------------------------

freesurfer imgreg_4dfp.c
/opt/freesurfer/average/711-2C_as_mni_average_305.4dfp.img
       256       256       256         1
  1.000000  1.000000  1.000000
orientation T byte_order littleendian
Reading image: /opt/freesurfer/average/711-2C_as_mni_average_305.4dfp.img
dimensions:      256       256       256
mmppix:       1.0000   -1.0000   -1.0000
center:     128.0000 -129.0000 -129.0000
/opt/freesurfer/average/711-2B_as_mni_average_305_mask.4dfp.img
       256       256       256         1
  1.000000  1.000000  1.000000
orientation T byte_order littleendian
Reading mask: /opt/freesurfer/average/711-2B_as_mni_average_305_mask.4dfp.img (2306576 pixels)
talsrcimg_g11.4dfp.img
       256       256       256         1
  0.898437  0.898437  0.898437
orientation T byte_order littleendian
Reading image: talsrcimg_g11.4dfp.img
dimensions:      256       256       256
mmppix:       0.8984   -0.8984   -0.8984
center:     114.9999 -115.8984 -115.8984
rotation matrix determinant  1.000000
image alignment mode   4355 decimal     1103 hex
   -7.5000  -52.5000  -45.0000 1915.7682   20.5167
    0.0000  -52.5000  -45.0000 1927.3531   20.3510
    7.5000  -52.5000  -45.0000 1920.3431   20.3531
   -7.5000  -45.0000  -45.0000 2001.8993   19.2606
    0.0000  -45.0000  -45.0000 2016.6654   19.0687
    7.5000  -45.0000  -45.0000 2009.5415   19.0792
   -7.5000  -37.5000  -45.0000 2049.7114   18.2876
    0.0000  -37.5000  -45.0000 2073.1946   18.0839
    7.5000  -37.5000  -45.0000 2060.9961   18.1251
   -7.5000  -30.0000  -45.0000 2077.4150   17.6257
    0.0000  -30.0000  -45.0000 2099.5017   17.4276
    7.5000  -30.0000  -45.0000 2084.8545   17.4489
   -7.5000  -22.5000  -45.0000 2087.9067   17.2800
    0.0000  -22.5000  -45.0000 2107.3589   17.0556
    7.5000  -22.5000  -45.0000 2098.3167   17.0965
   -7.5000  -15.0000  -45.0000 2094.0305   17.2629
    0.0000  -15.0000  -45.0000 2117.4910   16.9853
    7.5000  -15.0000  -45.0000 2109.4995   17.0292
   -7.5000   -7.5000  -45.0000 2085.8313   17.6566
    0.0000   -7.5000  -45.0000 2113.7988   17.4223
    7.5000   -7.5000  -45.0000 2097.2119   17.4259
   -7.5000    0.0000  -45.0000 2055.7078   18.3679
    0.0000    0.0000  -45.0000 2081.1855   18.1006
    7.5000    0.0000  -45.0000 2069.1663   18.1417
   -7.5000    7.5000  -45.0000 2009.9606   19.3105
    0.0000    7.5000  -45.0000 2036.9847   19.0559
    7.5000    7.5000  -45.0000 2024.2246   19.0581
   -7.5000   15.0000  -45.0000 1941.8608   20.5140
    0.0000   15.0000  -45.0000 1966.3613   20.2621
    7.5000   15.0000  -45.0000 1956.4451   20.3044
   -7.5000   22.5000  -45.0000 1856.0234   22.2401
    0.0000   22.5000  -45.0000 1880.1112   21.9694
    7.5000   22.5000  -45.0000 1868.1526   21.9801
   -7.5000   30.0000  -45.0000 1757.4086   24.8199
    0.0000   30.0000  -45.0000 1774.6317   24.4695
    7.5000   30.0000  -45.0000 1760.0190   24.5572
   -7.5000   37.5000  -45.0000 1632.3042   28.2783
    0.0000   37.5000  -45.0000 1650.7903   27.8935
    7.5000   37.5000  -45.0000 1636.5323   27.9540
   -7.5000  -52.5000  -37.5000 2075.0422   20.1849
    0.0000  -52.5000  -37.5000 2088.6997   20.0239
    7.5000  -52.5000  -37.5000 2082.4148   20.0233
   -7.5000  -45.0000  -37.5000 2177.8594   18.9068
    0.0000  -45.0000  -37.5000 2198.9219   18.7363
    7.5000  -45.0000  -37.5000 2188.8352   18.7854
   -7.5000  -37.5000  -37.5000 2228.0312   17.8744
    0.0000  -37.5000  -37.5000 2254.2527   17.7052
    7.5000  -37.5000  -37.5000 2239.7251   17.7558
   -7.5000  -30.0000  -37.5000 2249.3459   17.2674
    0.0000  -30.0000  -37.5000 2283.2712   17.0272
    7.5000  -30.0000  -37.5000 2261.9900   17.1053
   -7.5000  -22.5000  -37.5000 2261.6235   16.8960
    0.0000  -22.5000  -37.5000 2285.5125   16.6473
    7.5000  -22.5000  -37.5000 2274.5820   16.6989
   -7.5000  -15.0000  -37.5000 2271.4763   16.8374
    0.0000  -15.0000  -37.5000 2292.0171   16.5867
    7.5000  -15.0000  -37.5000 2284.4626   16.6344
   -7.5000   -7.5000  -37.5000 2257.2627   17.2327
    0.0000   -7.5000  -37.5000 2284.8772   16.9665
    7.5000   -7.5000  -37.5000 2270.2725   17.0476
   -7.5000    0.0000  -37.5000 2225.3237   17.9250
    0.0000    0.0000  -37.5000 2255.8284   17.6409
    7.5000    0.0000  -37.5000 2239.6851   17.7021
   -7.5000    7.5000  -37.5000 2175.8567   18.8197
    0.0000    7.5000  -37.5000 2207.0005   18.4909
    7.5000    7.5000  -37.5000 2193.4172   18.5749
   -7.5000   15.0000  -37.5000 2100.7559   19.9894
    0.0000   15.0000  -37.5000 2128.4919   19.6836
    7.5000   15.0000  -37.5000 2115.7146   19.7824
   -7.5000   22.5000  -37.5000 2007.8676   21.6065
    0.0000   22.5000  -37.5000 2033.6334   21.3019
    7.5000   22.5000  -37.5000 2020.2928   21.4282
   -7.5000   30.0000  -37.5000 1901.5530   24.0991
    0.0000   30.0000  -37.5000 1922.8713   23.7459
    7.5000   30.0000  -37.5000 1906.8969   23.8149
   -7.5000   37.5000  -37.5000 1763.7070   27.3901
    0.0000   37.5000  -37.5000 1786.6163   26.9941
    7.5000   37.5000  -37.5000 1775.0477   27.0391
   -7.5000  -52.5000  -30.0000 2221.2678   19.7012
    0.0000  -52.5000  -30.0000 2239.8787   19.5272
    7.5000  -52.5000  -30.0000 2229.1487   19.5849
   -7.5000  -45.0000  -30.0000 2330.4377   18.4212
    0.0000  -45.0000  -30.0000 2347.0747   18.2492
    7.5000  -45.0000  -30.0000 2339.1370   18.3264
   -7.5000  -37.5000  -30.0000 2382.8467   17.4088
    0.0000  -37.5000  -30.0000 2405.2351   17.2277
    7.5000  -37.5000  -30.0000 2393.4094   17.2686
   -7.5000  -30.0000  -30.0000 2414.5701   16.7643
    0.0000  -30.0000  -30.0000 2447.5583   16.5067
    7.5000  -30.0000  -30.0000 2429.3403   16.6019
   -7.5000  -22.5000  -30.0000 2427.5063   16.4100
    0.0000  -22.5000  -30.0000 2459.7402   16.1416
    7.5000  -22.5000  -30.0000 2445.2634   16.2314
   -7.5000  -15.0000  -30.0000 2433.8560   16.3843
    0.0000  -15.0000  -30.0000 2461.4929   16.1352
    7.5000  -15.0000  -30.0000 2449.0732   16.2334
   -7.5000   -7.5000  -30.0000 2420.0149   16.7297
    0.0000   -7.5000  -30.0000 2448.9993   16.4629
    7.5000   -7.5000  -30.0000 2435.6812   16.5608
   -7.5000    0.0000  -30.0000 2383.6201   17.3412
    0.0000    0.0000  -30.0000 2418.7749   17.0295
    7.5000    0.0000  -30.0000 2404.1545   17.1553
   -7.5000    7.5000  -30.0000 2328.3687   18.2041
    0.0000    7.5000  -30.0000 2362.5193   17.8803
    7.5000    7.5000  -30.0000 2347.5247   18.0172
   -7.5000   15.0000  -30.0000 2249.2825   19.3103
    0.0000   15.0000  -30.0000 2278.7168   19.0046
    7.5000   15.0000  -30.0000 2263.4612   19.1494
   -7.5000   22.5000  -30.0000 2149.5881   20.9259
    0.0000   22.5000  -30.0000 2178.2119   20.6079
    7.5000   22.5000  -30.0000 2159.4695   20.7763
   -7.5000   30.0000  -30.0000 2035.6483   23.2772
    0.0000   30.0000  -30.0000 2058.6353   22.9400
    7.5000   30.0000  -30.0000 2038.0920   23.0548
   -7.5000   37.5000  -30.0000 1888.5825   26.3747
    0.0000   37.5000  -30.0000 1914.3911   26.0226
    7.5000   37.5000  -30.0000 1898.9719   26.0022
   -7.5000  -52.5000  -22.5000 2337.1335   19.0787
    0.0000  -52.5000  -22.5000 2363.3142   18.8715
    7.5000  -52.5000  -22.5000 2343.2312   18.9725
   -7.5000  -45.0000  -22.5000 2449.0918   17.7696
    0.0000  -45.0000  -22.5000 2474.1604   17.5434
    7.5000  -45.0000  -22.5000 2455.5735   17.6369
   -7.5000  -37.5000  -22.5000 2511.5544   16.7595
    0.0000  -37.5000  -22.5000 2538.6135   16.5386
    7.5000  -37.5000  -22.5000 2522.8247   16.6144
   -7.5000  -30.0000  -22.5000 2554.4268   16.1095
    0.0000  -30.0000  -22.5000 2583.7166   15.8742
    7.5000  -30.0000  -22.5000 2566.5044   15.9607
   -7.5000  -22.5000  -22.5000 2582.2615   15.7380
    0.0000  -22.5000  -22.5000 2617.5281   15.4911
    7.5000  -22.5000  -22.5000 2596.9604   15.6005
   -7.5000  -15.0000  -22.5000 2586.7058   15.7326
    0.0000  -15.0000  -22.5000 2618.3215   15.4831
    7.5000  -15.0000  -22.5000 2599.8555   15.6021
   -7.5000   -7.5000  -22.5000 2572.3870   16.0395
    0.0000   -7.5000  -22.5000 2607.6521   15.7988
    7.5000   -7.5000  -22.5000 2588.6245   15.9245
   -7.5000    0.0000  -22.5000 2532.8843   16.6197
    0.0000    0.0000  -22.5000 2572.5027   16.3377
    7.5000    0.0000  -22.5000 2551.8345   16.4786
   -7.5000    7.5000  -22.5000 2471.4902   17.4736
    0.0000    7.5000  -22.5000 2512.5254   17.1747
    7.5000    7.5000  -22.5000 2487.2080   17.3260
   -7.5000   15.0000  -22.5000 2383.2021   18.5903
    0.0000   15.0000  -22.5000 2421.0857   18.2848
    7.5000   15.0000  -22.5000 2400.3813   18.4266
   -7.5000   22.5000  -22.5000 2275.0754   20.1377
    0.0000   22.5000  -22.5000 2303.8013   19.8017
    7.5000   22.5000  -22.5000 2282.8296   19.9739
   -7.5000   30.0000  -22.5000 2148.2146   22.3355
    0.0000   30.0000  -22.5000 2174.1165   22.0005
    7.5000   30.0000  -22.5000 2158.5339   22.1211
   -7.5000   37.5000  -22.5000 1993.5848   25.2584
    0.0000   37.5000  -22.5000 2022.8181   24.8874
    7.5000   37.5000  -22.5000 2004.3875   24.9046
   -7.5000  -52.5000  -15.0000 2411.2751   18.3198
    0.0000  -52.5000  -15.0000 2438.8210   18.0989
    7.5000  -52.5000  -15.0000 2420.3572   18.2198
   -7.5000  -45.0000  -15.0000 2535.8936   17.0303
    0.0000  -45.0000  -15.0000 2564.1201   16.7872
    7.5000  -45.0000  -15.0000 2545.1147   16.8917
   -7.5000  -37.5000  -15.0000 2609.3533   15.9996
    0.0000  -37.5000  -15.0000 2643.1399   15.7797
    7.5000  -37.5000  -15.0000 2622.1375   15.8670
   -7.5000  -30.0000  -15.0000 2661.1807   15.3425
    0.0000  -30.0000  -15.0000 2694.4590   15.0994
    7.5000  -30.0000  -15.0000 2674.1575   15.2126
   -7.5000  -22.5000  -15.0000 2701.4424   14.9329
    0.0000  -22.5000  -15.0000 2737.9099   14.7163
    7.5000  -22.5000  -15.0000 2714.8579   14.8105
   -7.5000  -15.0000  -15.0000 2708.3916   14.8931
    0.0000  -15.0000  -15.0000 2747.4990   14.6928
    7.5000  -15.0000  -15.0000 2722.2673   14.7862
   -7.5000   -7.5000  -15.0000 2695.4338   15.2478
    0.0000   -7.5000  -15.0000 2735.8281   14.9941
    7.5000   -7.5000  -15.0000 2713.2207   15.1394
   -7.5000    0.0000  -15.0000 2657.1768   15.8448
    0.0000    0.0000  -15.0000 2704.1721   15.5508
    7.5000    0.0000  -15.0000 2676.3359   15.6916
   -7.5000    7.5000  -15.0000 2587.8572   16.6574
    0.0000    7.5000  -15.0000 2635.3125   16.3561
    7.5000    7.5000  -15.0000 2606.2053   16.5118
   -7.5000   15.0000  -15.0000 2495.3274   17.7586
    0.0000   15.0000  -15.0000 2531.3535   17.4329
    7.5000   15.0000  -15.0000 2506.9426   17.5930
   -7.5000   22.5000  -15.0000 2373.6587   19.2622
    0.0000   22.5000  -15.0000 2401.6001   18.9489
    7.5000   22.5000  -15.0000 2381.2568   19.1110
   -7.5000   30.0000  -15.0000 2237.8286   21.3600
    0.0000   30.0000  -15.0000 2264.7546   21.0271
    7.5000   30.0000  -15.0000 2246.9773   21.1658
   -7.5000   37.5000  -15.0000 2075.0293   24.0832
    0.0000   37.5000  -15.0000 2100.6208   23.7191
    7.5000   37.5000  -15.0000 2086.7463   23.8459
   -7.5000  -52.5000   -7.5000 2444.5425   17.5680
    0.0000  -52.5000   -7.5000 2474.3916   17.3247
    7.5000  -52.5000   -7.5000 2455.6558   17.4202
   -7.5000  -45.0000   -7.5000 2577.3794   16.2498
    0.0000  -45.0000   -7.5000 2607.3784   16.0320
    7.5000  -45.0000   -7.5000 2586.8706   16.1349
   -7.5000  -37.5000   -7.5000 2667.2473   15.1836
    0.0000  -37.5000   -7.5000 2701.5815   14.9767
    7.5000  -37.5000   -7.5000 2679.5042   15.0674
   -7.5000  -30.0000   -7.5000 2731.9607   14.4700
    0.0000  -30.0000   -7.5000 2764.7695   14.2819
    7.5000  -30.0000   -7.5000 2744.8286   14.3661
   -7.5000  -22.5000   -7.5000 2776.6492   14.0719
    0.0000  -22.5000   -7.5000 2815.6548   13.9058
    7.5000  -22.5000   -7.5000 2789.9390   13.9673
   -7.5000  -15.0000   -7.5000 2793.0627   14.0216
    0.0000  -15.0000   -7.5000 2840.3796   13.8054
    7.5000  -15.0000   -7.5000 2808.7170   13.9154
   -7.5000   -7.5000   -7.5000 2784.9534   14.3725
    0.0000   -7.5000   -7.5000 2829.4834   14.1205
    7.5000   -7.5000   -7.5000 2802.4194   14.2603
   -7.5000    0.0000   -7.5000 2739.2456   14.9540
    0.0000    0.0000   -7.5000 2789.2007   14.6887
    7.5000    0.0000   -7.5000 2758.8979   14.8158
   -7.5000    7.5000   -7.5000 2664.3608   15.7396
    0.0000    7.5000   -7.5000 2714.1870   15.4485
    7.5000    7.5000   -7.5000 2683.9294   15.6040
   -7.5000   15.0000   -7.5000 2563.7295   16.8022
    0.0000   15.0000   -7.5000 2603.8159   16.4917
    7.5000   15.0000   -7.5000 2572.4443   16.6785
   -7.5000   22.5000   -7.5000 2434.9363   18.2941
    0.0000   22.5000   -7.5000 2472.4104   17.9754
    7.5000   22.5000   -7.5000 2443.4497   18.1549
   -7.5000   30.0000   -7.5000 2289.7385   20.3713
    0.0000   30.0000   -7.5000 2324.7942   20.0244
    7.5000   30.0000   -7.5000 2301.6621   20.1723
   -7.5000   37.5000   -7.5000 2121.3474   22.9541
    0.0000   37.5000   -7.5000 2151.2351   22.5681
    7.5000   37.5000   -7.5000 2132.0466   22.7201
   -7.5000  -52.5000    0.0000 2465.8960   17.2310
    0.0000  -52.5000    0.0000 2495.0444   16.9464
    7.5000  -52.5000    0.0000 2481.4395   17.0799
   -7.5000  -45.0000    0.0000 2606.2024   15.8671
    0.0000  -45.0000    0.0000 2635.2075   15.6179
    7.5000  -45.0000    0.0000 2618.8877   15.7148
   -7.5000  -37.5000    0.0000 2711.1516   14.7258
    0.0000  -37.5000    0.0000 2748.8171   14.5061
    7.5000  -37.5000    0.0000 2728.2607   14.5975
   -7.5000  -30.0000    0.0000 2791.8430   13.9474
    0.0000  -30.0000    0.0000 2828.2446   13.7448
    7.5000  -30.0000    0.0000 2810.8079   13.8320
   -7.5000  -22.5000    0.0000 2852.8611   13.5828
    0.0000  -22.5000    0.0000 2896.9868   13.4034
    7.5000  -22.5000    0.0000 2870.5793   13.4625
   -7.5000  -15.0000    0.0000 2877.7576   13.5309
    0.0000  -15.0000    0.0000 2931.3145   13.3243
    7.5000  -15.0000    0.0000 2893.4812   13.4158
   -7.5000   -7.5000    0.0000 2867.5435   13.8196
    0.0000   -7.5000    0.0000 2920.6362   13.5552
    7.5000   -7.5000    0.0000 2879.9973   13.7193
   -7.5000    0.0000    0.0000 2807.7273   14.3432
    0.0000    0.0000    0.0000 2857.4570   14.0930
    7.5000    0.0000    0.0000 2826.4458   14.2413
   -7.5000    7.5000    0.0000 2732.2144   15.1153
    0.0000    7.5000    0.0000 2783.6501   14.8187
    7.5000    7.5000    0.0000 2750.4382   14.9801
   -7.5000   15.0000    0.0000 2622.1643   16.1859
    0.0000   15.0000    0.0000 2664.2202   15.8736
    7.5000   15.0000    0.0000 2634.0994   16.0291
   -7.5000   22.5000    0.0000 2480.9905   17.7411
    0.0000   22.5000    0.0000 2521.7136   17.4146
    7.5000   22.5000    0.0000 2493.5247   17.5928
   -7.5000   30.0000    0.0000 2335.0840   19.8039
    0.0000   30.0000    0.0000 2375.0669   19.4702
    7.5000   30.0000    0.0000 2347.6697   19.6360
   -7.5000   37.5000    0.0000 2161.2742   22.3705
    0.0000   37.5000    0.0000 2191.7742   21.9581
    7.5000   37.5000    0.0000 2173.5908   22.0965
   -7.5000  -52.5000    7.5000 2463.6184   17.0285
    0.0000  -52.5000    7.5000 2492.2842   16.7058
    7.5000  -52.5000    7.5000 2477.9553   16.8582
   -7.5000  -45.0000    7.5000 2608.7463   15.6073
    0.0000  -45.0000    7.5000 2635.7261   15.3297
    7.5000  -45.0000    7.5000 2619.8398   15.4644
   -7.5000  -37.5000    7.5000 2723.5930   14.3916
    0.0000  -37.5000    7.5000 2762.0559   14.1659
    7.5000  -37.5000    7.5000 2739.5532   14.2697
   -7.5000  -30.0000    7.5000 2821.6682   13.5836
    0.0000  -30.0000    7.5000 2864.3379   13.3558
    7.5000  -30.0000    7.5000 2841.9170   13.4746
   -7.5000  -22.5000    7.5000 2894.9827   13.2620
    0.0000  -22.5000    7.5000 2951.1836   13.0498
    7.5000  -22.5000    7.5000 2919.9282   13.1244
   -7.5000  -15.0000    7.5000 2927.5134   13.2832
    0.0000  -15.0000    7.5000 2999.7280   13.1353
    7.5000  -15.0000    7.5000 2949.4128   13.1558
   -7.5000   -7.5000    7.5000 2913.2803   13.5252
    0.0000   -7.5000    7.5000 2982.0203   13.3440
    7.5000   -7.5000    7.5000 2926.6692   13.4099
   -7.5000    0.0000    7.5000 2849.8833   13.9113
    0.0000    0.0000    7.5000 2903.1943   13.6930
    7.5000    0.0000    7.5000 2863.5334   13.7986
   -7.5000    7.5000    7.5000 2763.7043   14.6410
    0.0000    7.5000    7.5000 2809.2483   14.3668
    7.5000    7.5000    7.5000 2779.0002   14.5013
   -7.5000   15.0000    7.5000 2645.5852   15.7674
    0.0000   15.0000    7.5000 2688.1958   15.4821
    7.5000   15.0000    7.5000 2660.2385   15.6280
   -7.5000   22.5000    7.5000 2506.5042   17.3390
    0.0000   22.5000    7.5000 2542.4802   17.0691
    7.5000   22.5000    7.5000 2517.0056   17.2183
   -7.5000   30.0000    7.5000 2353.8623   19.3745
    0.0000   30.0000    7.5000 2390.6379   19.0988
    7.5000   30.0000    7.5000 2366.9343   19.2301
   -7.5000   37.5000    7.5000 2182.7742   21.8707
    0.0000   37.5000    7.5000 2213.3762   21.5640
    7.5000   37.5000    7.5000 2194.4062   21.6321
   -7.5000  -52.5000   15.0000 2450.6174   17.0135
    0.0000  -52.5000   15.0000 2477.3423   16.6313
    7.5000  -52.5000   15.0000 2466.2578   16.8829
   -7.5000  -45.0000   15.0000 2595.5479   15.5947
    0.0000  -45.0000   15.0000 2622.3372   15.2508
    7.5000  -45.0000   15.0000 2609.5444   15.4392
   -7.5000  -37.5000   15.0000 2714.5154   14.3591
    0.0000  -37.5000   15.0000 2751.6262   14.0789
    7.5000  -37.5000   15.0000 2733.7563   14.2409
   -7.5000  -30.0000   15.0000 2822.5698   13.5527
    0.0000  -30.0000   15.0000 2864.3350   13.2897
    7.5000  -30.0000   15.0000 2843.8970   13.4286
   -7.5000  -22.5000   15.0000 2907.8123   13.2306
    0.0000  -22.5000   15.0000 2970.8677   13.0138
    7.5000  -22.5000   15.0000 2930.7969   13.1049
   -7.5000  -15.0000   15.0000 2953.7480   13.1919
    0.0000  -15.0000   15.0000 3040.0288   13.0900
    7.5000  -15.0000   15.0000 2977.4673   13.1074
   -7.5000   -7.5000   15.0000 2931.3816   13.3983
    0.0000   -7.5000   15.0000 3008.7268   13.2569
    7.5000   -7.5000   15.0000 2949.4355   13.3177
   -7.5000    0.0000   15.0000 2859.0063   13.8652
    0.0000    0.0000   15.0000 2913.8640   13.6362
    7.5000    0.0000   15.0000 2876.4146   13.7302
   -7.5000    7.5000   15.0000 2763.5203   14.5852
    0.0000    7.5000   15.0000 2803.9373   14.3592
    7.5000    7.5000   15.0000 2781.1638   14.4321
   -7.5000   15.0000   15.0000 2646.0728   15.7164
    0.0000   15.0000   15.0000 2682.4878   15.4347
    7.5000   15.0000   15.0000 2659.9778   15.5595
   -7.5000   22.5000   15.0000 2510.0911   17.2418
    0.0000   22.5000   15.0000 2543.7222   16.9858
    7.5000   22.5000   15.0000 2521.4033   17.1144
   -7.5000   30.0000   15.0000 2358.3020   19.2659
    0.0000   30.0000   15.0000 2388.4919   18.9820
    7.5000   30.0000   15.0000 2370.8643   19.1072
   -7.5000   37.5000   15.0000 2178.2283   21.6870
    0.0000   37.5000   15.0000 2208.9919   21.3439
    7.5000   37.5000   15.0000 2191.8354   21.4809
   -7.5000  -52.5000   22.5000 2430.2324   17.2754
    0.0000  -52.5000   22.5000 2459.2429   16.8524
    7.5000  -52.5000   22.5000 2443.7349   17.1540
   -7.5000  -45.0000   22.5000 2573.5117   15.8524
    0.0000  -45.0000   22.5000 2602.8416   15.4824
    7.5000  -45.0000   22.5000 2582.2554   15.7169
   -7.5000  -37.5000   22.5000 2684.6135   14.6516
    0.0000  -37.5000   22.5000 2724.8132   14.3456
    7.5000  -37.5000   22.5000 2699.7151   14.5393
   -7.5000  -30.0000   22.5000 2794.9133   13.8416
    0.0000  -30.0000   22.5000 2839.6353   13.5312
    7.5000  -30.0000   22.5000 2810.0859   13.7223
   -7.5000  -22.5000   22.5000 2887.2444   13.4403
    0.0000  -22.5000   22.5000 2948.4670   13.1910
    7.5000  -22.5000   22.5000 2904.8030   13.3304
   -7.5000  -15.0000   22.5000 2936.1724   13.3063
    0.0000  -15.0000   22.5000 3015.2949   13.1028
    7.5000  -15.0000   22.5000 2955.9365   13.2300
   -7.5000   -7.5000   22.5000 2912.5881   13.5099
    0.0000   -7.5000   22.5000 2983.8206   13.2510
    7.5000   -7.5000   22.5000 2929.7654   13.4286
   -7.5000    0.0000   22.5000 2843.3918   14.0686
    0.0000    0.0000   22.5000 2898.2834   13.8167
    7.5000    0.0000   22.5000 2857.5256   13.9573
   -7.5000    7.5000   22.5000 2736.4802   14.8803
    0.0000    7.5000   22.5000 2781.2073   14.6088
    7.5000    7.5000   22.5000 2757.0356   14.7478
   -7.5000   15.0000   22.5000 2620.3550   16.0145
    0.0000   15.0000   22.5000 2655.5935   15.7291
    7.5000   15.0000   22.5000 2632.4863   15.8493
   -7.5000   22.5000   22.5000 2486.0981   17.4817
    0.0000   22.5000   22.5000 2514.2214   17.2221
    7.5000   22.5000   22.5000 2498.6174   17.3554
   -7.5000   30.0000   22.5000 2336.4558   19.4198
    0.0000   30.0000   22.5000 2364.0796   19.1197
    7.5000   30.0000   22.5000 2350.1089   19.2481
   -7.5000   37.5000   22.5000 2158.0598   21.7554
    0.0000   37.5000   22.5000 2187.2075   21.4419
    7.5000   37.5000   22.5000 2171.4082   21.5127
   -7.5000  -52.5000   30.0000 2401.4573   17.8267
    0.0000  -52.5000   30.0000 2431.8313   17.4237
    7.5000  -52.5000   30.0000 2410.4001   17.7067
   -7.5000  -45.0000   30.0000 2542.4392   16.4186
    0.0000  -45.0000   30.0000 2573.2686   16.0213
    7.5000  -45.0000   30.0000 2549.6216   16.2566
   -7.5000  -37.5000   30.0000 2653.8374   15.2024
    0.0000  -37.5000   30.0000 2688.6694   14.8170
    7.5000  -37.5000   30.0000 2664.4702   15.0697
   -7.5000  -30.0000   30.0000 2756.5010   14.3600
    0.0000  -30.0000   30.0000 2796.9409   14.0075
    7.5000  -30.0000   30.0000 2771.1826   14.2372
   -7.5000  -22.5000   30.0000 2837.2373   13.8890
    0.0000  -22.5000   30.0000 2884.9016   13.6406
    7.5000  -22.5000   30.0000 2852.6323   13.8039
   -7.5000  -15.0000   30.0000 2882.4592   13.7324
    0.0000  -15.0000   30.0000 2936.0120   13.4583
    7.5000  -15.0000   30.0000 2899.4688   13.6487
   -7.5000   -7.5000   30.0000 2858.4146   13.9656
    0.0000   -7.5000   30.0000 2910.6130   13.7081
    7.5000   -7.5000   30.0000 2875.4294   13.8552
   -7.5000    0.0000   30.0000 2797.1189   14.5209
    0.0000    0.0000   30.0000 2843.9602   14.2879
    7.5000    0.0000   30.0000 2810.9204   14.4079
   -7.5000    7.5000   30.0000 2695.8953   15.3584
    0.0000    7.5000   30.0000 2735.2197   15.1111
    7.5000    7.5000   30.0000 2708.3982   15.2291
   -7.5000   15.0000   30.0000 2579.6084   16.4692
    0.0000   15.0000   30.0000 2613.5586   16.1816
    7.5000   15.0000   30.0000 2593.2944   16.3165
   -7.5000   22.5000   30.0000 2446.4299   17.9359
    0.0000   22.5000   30.0000 2476.1533   17.6685
    7.5000   22.5000   30.0000 2460.2212   17.7811
   -7.5000   30.0000   30.0000 2298.2261   19.8546
    0.0000   30.0000   30.0000 2326.7117   19.5445
    7.5000   30.0000   30.0000 2317.0349   19.6569
   -7.5000   37.5000   30.0000 2124.4375   22.1445
    0.0000   37.5000   30.0000 2148.1975   21.7889
    7.5000   37.5000   30.0000 2138.7480   21.9034
   -7.5000  -52.5000   37.5000 2366.0093   18.6177
    0.0000  -52.5000   37.5000 2395.5996   18.2023
    7.5000  -52.5000   37.5000 2371.9724   18.4665
   -7.5000  -45.0000   37.5000 2496.0615   17.1448
    0.0000  -45.0000   37.5000 2533.1084   16.7343
    7.5000  -45.0000   37.5000 2503.8279   16.9930
   -7.5000  -37.5000   37.5000 2610.5007   15.9290
    0.0000  -37.5000   37.5000 2647.2046   15.5228
    7.5000  -37.5000   37.5000 2620.4136   15.7879
   -7.5000  -30.0000   37.5000 2702.3066   15.1039
    0.0000  -30.0000   37.5000 2748.7466   14.7489
    7.5000  -30.0000   37.5000 2715.7559   14.9527
   -7.5000  -22.5000   37.5000 2768.0115   14.5986
    0.0000  -22.5000   37.5000 2814.7764   14.2756
    7.5000  -22.5000   37.5000 2778.5022   14.4370
   -7.5000  -15.0000   37.5000 2800.6531   14.4219
    0.0000  -15.0000   37.5000 2845.1086   14.0918
    7.5000  -15.0000   37.5000 2815.4802   14.2417
   -7.5000   -7.5000   37.5000 2775.3147   14.6748
    0.0000   -7.5000   37.5000 2817.7310   14.3819
    7.5000   -7.5000   37.5000 2790.5283   14.5226
   -7.5000    0.0000   37.5000 2717.3152   15.2412
    0.0000    0.0000   37.5000 2758.7151   14.9672
    7.5000    0.0000   37.5000 2730.6003   15.0719
   -7.5000    7.5000   37.5000 2628.3049   16.0355
    0.0000    7.5000   37.5000 2664.5298   15.7701
    7.5000    7.5000   37.5000 2639.0664   15.8819
   -7.5000   15.0000   37.5000 2524.0435   17.1402
    0.0000   15.0000   37.5000 2554.0913   16.8486
    7.5000   15.0000   37.5000 2535.1738   16.9589
   -7.5000   22.5000   37.5000 2396.7358   18.5592
    0.0000   22.5000   37.5000 2426.9165   18.2980
    7.5000   22.5000   37.5000 2408.8562   18.3877
   -7.5000   30.0000   37.5000 2252.5789   20.4961
    0.0000   30.0000   37.5000 2280.7222   20.1895
    7.5000   30.0000   37.5000 2271.6414   20.2531
   -7.5000   37.5000   37.5000 2075.0684   22.7638
    0.0000   37.5000   37.5000 2100.6765   22.4178
    7.5000   37.5000   37.5000 2092.1924   22.4733
   -7.5000  -52.5000   45.0000 2294.9424   19.5036
    0.0000  -52.5000   45.0000 2328.0698   19.0851
    7.5000  -52.5000   45.0000 2302.1140   19.3288
   -7.5000  -45.0000   45.0000 2421.7307   18.0384
    0.0000  -45.0000   45.0000 2461.1680   17.6133
    7.5000  -45.0000   45.0000 2430.3376   17.8344
   -7.5000  -37.5000   45.0000 2529.0576   16.7967
    0.0000  -37.5000   45.0000 2571.7688   16.4118
    7.5000  -37.5000   45.0000 2542.0410   16.6022
   -7.5000  -30.0000   45.0000 2613.1211   15.9529
    0.0000  -30.0000   45.0000 2661.3225   15.5841
    7.5000  -30.0000   45.0000 2629.7393   15.7905
   -7.5000  -22.5000   45.0000 2669.4331   15.4263
    0.0000  -22.5000   45.0000 2715.9089   15.0838
    7.5000  -22.5000   45.0000 2683.6599   15.2452
   -7.5000  -15.0000   45.0000 2691.4241   15.2353
    0.0000  -15.0000   45.0000 2727.8311   14.9193
    7.5000  -15.0000   45.0000 2703.6631   15.0265
   -7.5000   -7.5000   45.0000 2659.3403   15.4546
    0.0000   -7.5000   45.0000 2701.4341   15.1808
    7.5000   -7.5000   45.0000 2674.2930   15.2775
   -7.5000    0.0000   45.0000 2600.1946   15.9986
    0.0000    0.0000   45.0000 2640.1367   15.7259
    7.5000    0.0000   45.0000 2612.5593   15.8227
   -7.5000    7.5000   45.0000 2522.8181   16.8128
    0.0000    7.5000   45.0000 2554.5193   16.5011
    7.5000    7.5000   45.0000 2532.3567   16.6130
   -7.5000   15.0000   45.0000 2429.0601   17.8475
    0.0000   15.0000   45.0000 2454.1099   17.5531
    7.5000   15.0000   45.0000 2441.6230   17.6551
   -7.5000   22.5000   45.0000 2313.4409   19.2500
    0.0000   22.5000   45.0000 2339.6719   18.9662
    7.5000   22.5000   45.0000 2327.6028   19.0781
   -7.5000   30.0000   45.0000 2176.6055   21.2082
    0.0000   30.0000   45.0000 2201.5256   20.9403
    7.5000   30.0000   45.0000 2191.8169   20.9947
   -7.5000   37.5000   45.0000 2001.6014   23.4387
    0.0000   37.5000   45.0000 2028.1536   23.1132
    7.5000   37.5000   45.0000 2019.0270   23.2267

---------------------------------------------------------------------
imgreg_4dfp /opt/freesurfer/average/711-2C_as_mni_average_305 /opt/freesurfer/average/711-2B_as_mni_average_305_mask talsrcimg_g11 none talsrcimg_to_711-2C_as_mni_average_305_t4 1283
---------------------------------------------------------------------

freesurfer imgreg_4dfp.c
/opt/freesurfer/average/711-2C_as_mni_average_305.4dfp.img
       256       256       256         1
  1.000000  1.000000  1.000000
orientation T byte_order littleendian
Reading image: /opt/freesurfer/average/711-2C_as_mni_average_305.4dfp.img
dimensions:      256       256       256
mmppix:       1.0000   -1.0000   -1.0000
center:     128.0000 -129.0000 -129.0000
/opt/freesurfer/average/711-2B_as_mni_average_305_mask.4dfp.img
       256       256       256         1
  1.000000  1.000000  1.000000
orientation T byte_order littleendian
Reading mask: /opt/freesurfer/average/711-2B_as_mni_average_305_mask.4dfp.img (2306576 pixels)
talsrcimg_g11.4dfp.img
       256       256       256         1
  0.898437  0.898437  0.898437
orientation T byte_order littleendian
Reading image: talsrcimg_g11.4dfp.img
dimensions:      256       256       256
mmppix:       0.8984   -0.8984   -0.8984
center:     114.9999 -115.8984 -115.8984
rotation matrix determinant  1.000000
fimgreg.f
image alignment mode   1283 decimal      503 hex
parameters
    0.0000  -15.0000   15.0000    0.0000    0.0000    0.0000
eta,q 0.95235 13.07383
niter,ni,del,rscale     5    3   12.0000    1.2000
parameter  4  1.769774 ->  0.500000 qaram    1.1500
parameters
    0.6399  -13.0513   15.8700   -3.4500    1.0429   -2.1041
eta,q 0.95725 13.06769
  0.0667  0.0599  0.0561  0.0419  0.0540  0.0455
  0.0566  0.0553  0.0527  0.0434  0.0495  0.0432
  0.0509  0.0525  0.0492  0.0456  0.0463  0.0428
  0.0496  0.0497  0.0480  0.0483  0.0440  0.0436
  0.0502  0.0479  0.0491  0.0510  0.0438  0.0457
  0.0536  0.0489  0.0501  0.0546  0.0457  0.0487
  0.0597  0.0524  0.0524  0.0592  0.0493  0.0521
niter,ni,del,rscale     5    3   12.0000    1.2000
parameter  4  0.762906 ->  0.500000 qaram    1.3225
parameters
    0.0410  -11.8097   15.1467   -7.4175    1.1960   -1.7220
eta,q 0.96176 13.11854
  0.0566  0.0574  0.0485  0.0388  0.0480  0.0448
  0.0473  0.0506  0.0448  0.0380  0.0430  0.0414
  0.0425  0.0452  0.0426  0.0393  0.0392  0.0390
  0.0427  0.0422  0.0415  0.0417  0.0382  0.0383
  0.0466  0.0416  0.0433  0.0453  0.0395  0.0384
  0.0527  0.0438  0.0475  0.0497  0.0424  0.0400
  0.0620  0.0490  0.0533  0.0559  0.0469  0.0436
niter,ni,del,rscale     5    3   12.0000    1.2000
parameters
    0.3110  -10.6451   13.6957   -8.9232    1.2436   -1.4461
eta,q 0.96443 13.11483
  0.0600  0.0584  0.0430  0.0454  0.0461  0.0435
  0.0484  0.0478  0.0387  0.0379  0.0410  0.0393
  0.0408  0.0411  0.0368  0.0356  0.0367  0.0366
  0.0382  0.0383  0.0378  0.0368  0.0356  0.0356
  0.0405  0.0380  0.0407  0.0411  0.0374  0.0359
  0.0467  0.0411  0.0453  0.0459  0.0409  0.0383
  0.0558  0.0465  0.0520  0.0520  0.0455  0.0423
niter,ni,del,rscale     4    3   12.0000    1.2000
parameters
    0.3218  -10.3418   13.4157   -9.2482    1.2783   -1.4099
eta,q 0.96468 13.11315
  0.0578  0.0540  0.0458  0.0488  0.0459  0.0428
  0.0461  0.0437  0.0398  0.0405  0.0409  0.0386
  0.0378  0.0379  0.0360  0.0359  0.0366  0.0362
  0.0356  0.0356  0.0356  0.0354  0.0353  0.0353
  0.0395  0.0374  0.0378  0.0386  0.0371  0.0358
  0.0468  0.0428  0.0416  0.0440  0.0408  0.0386
  0.0566  0.0497  0.0471  0.0489  0.0455  0.0427
niter,ni,del,rscale     3    3   12.0000    1.2000
parameters
    0.3248  -10.2629   13.3477   -9.3574    1.2961   -1.3985
eta,q 0.96470 13.11232
  0.0579  0.0530  0.0465  0.0494  0.0458  0.0428
  0.0460  0.0427  0.0402  0.0413  0.0408  0.0385
  0.0376  0.0371  0.0361  0.0361  0.0366  0.0361
  0.0353  0.0353  0.0353  0.0353  0.0353  0.0353
  0.0394  0.0378  0.0374  0.0381  0.0370  0.0358
  0.0468  0.0437  0.0411  0.0435  0.0407  0.0386
  0.0566  0.0507  0.0463  0.0484  0.0455  0.0427
niter,ni,del,rscale     2    3   12.0000    1.2000
parameters
    0.3254  -10.2323   13.3216   -9.4001    1.3041   -1.3947
eta,q 0.96471 13.11190
  0.0579  0.0528  0.0467  0.0496  0.0458  0.0427
  0.0460  0.0425  0.0403  0.0415  0.0407  0.0385
  0.0375  0.0369  0.0361  0.0361  0.0365  0.0361
  0.0353  0.0353  0.0353  0.0353  0.0353  0.0353
  0.0394  0.0379  0.0373  0.0379  0.0370  0.0358
  0.0469  0.0439  0.0410  0.0434  0.0407  0.0386
  0.0567  0.0509  0.0461  0.0482  0.0455  0.0427
registration optimization eta report
parameter search radius
    6.0000    6.0000    6.0000    7.9350    6.0000    6.0000
100000*second partial in parameter space
       60.       46.       30.       21.       28.       21.
  0.0579  0.0528  0.0467  0.0496  0.0458  0.0427
  0.0460  0.0425  0.0403  0.0415  0.0407  0.0385
  0.0375  0.0369  0.0361  0.0361  0.0365  0.0361
  0.0353  0.0353  0.0353  0.0353  0.0353  0.0353
  0.0394  0.0379  0.0373  0.0379  0.0370  0.0358
  0.0469  0.0439  0.0410  0.0434  0.0407  0.0386
  0.0567  0.0509  0.0461  0.0482  0.0455  0.0427
    0.3254  -10.2323   13.3216   -9.4001    1.3041   -1.3947
eta,q 0.96471 13.11190

---------------------------------------------------------------------
imgreg_4dfp /opt/freesurfer/average/711-2C_as_mni_average_305 /opt/freesurfer/average/711-2B_as_mni_average_305_mask talsrcimg_g11 none talsrcimg_to_711-2C_as_mni_average_305_t4 3335
---------------------------------------------------------------------

freesurfer imgreg_4dfp.c
/opt/freesurfer/average/711-2C_as_mni_average_305.4dfp.img
       256       256       256         1
  1.000000  1.000000  1.000000
orientation T byte_order littleendian
Reading image: /opt/freesurfer/average/711-2C_as_mni_average_305.4dfp.img
dimensions:      256       256       256
mmppix:       1.0000   -1.0000   -1.0000
center:     128.0000 -129.0000 -129.0000
/opt/freesurfer/average/711-2B_as_mni_average_305_mask.4dfp.img
       256       256       256         1
  1.000000  1.000000  1.000000
orientation T byte_order littleendian
Reading mask: /opt/freesurfer/average/711-2B_as_mni_average_305_mask.4dfp.img (2306576 pixels)
talsrcimg_g11.4dfp.img
       256       256       256         1
  0.898437  0.898437  0.898437
orientation T byte_order littleendian
Reading image: talsrcimg_g11.4dfp.img
dimensions:      256       256       256
mmppix:       0.8984   -0.8984   -0.8984
center:     114.9999 -115.8984 -115.8984
fimgreg.f
image alignment mode   3335 decimal      D07 hex
parameters
    0.3254  -10.2323   13.3216   -0.0555   -1.3811   -1.3684
    2.7729   -1.8470   -2.4334   16.3827    2.2758  -16.3286
eta,q 0.96367 13.18210
niter,ni,del,rscale     5    3    5.0000    1.2000
parameter  4  0.819565 ->  0.500000 qaram    1.1500
parameter  5  1.445989 ->  0.500000 qaram    1.1500
parameters
    0.4297   -9.7516   13.2724   -4.1955   -5.5211   -4.2526
    1.9282   -1.1481   -0.8194   13.8902    1.9062  -17.2171
eta,q 0.96959 12.39789
  0.0404  0.0402  0.0378  0.0338  0.0301  0.0319  0.0328  0.0360  0.0334  0.0318  0.0311  0.0314
  0.0383  0.0385  0.0369  0.0344  0.0312  0.0312  0.0317  0.0336  0.0322  0.0308  0.0308  0.0308
  0.0369  0.0371  0.0364  0.0351  0.0326  0.0310  0.0311  0.0318  0.0314  0.0304  0.0305  0.0305
  0.0363  0.0363  0.0361  0.0361  0.0346  0.0315  0.0310  0.0310  0.0309  0.0308  0.0304  0.0304
  0.0367  0.0362  0.0363  0.0379  0.0374  0.0324  0.0314  0.0311  0.0308  0.0319  0.0305  0.0306
  0.0378  0.0368  0.0369  0.0408  0.0406  0.0341  0.0324  0.0323  0.0311  0.0338  0.0308  0.0312
  0.0398  0.0381  0.0380  0.0450  0.0441  0.0370  0.0339  0.0345  0.0319  0.0363  0.0313  0.0321
niter,ni,del,rscale     6    3    5.0000    1.2000
parameter  4  0.840220 ->  0.500000 qaram    1.3225
parameter  5  0.782112 ->  0.500000 qaram    1.3225
parameters
    0.5903  -10.0478   13.2746   -8.9565  -10.2821   -5.0452
    1.4470   -1.1193   -1.7532   13.8148    2.1577  -18.2395
eta,q 0.97308 11.62364
  0.0341  0.0325  0.0320  0.0289  0.0270  0.0292  0.0297  0.0320  0.0286  0.0301  0.0279  0.0278
  0.0322  0.0312  0.0312  0.0287  0.0269  0.0280  0.0281  0.0294  0.0276  0.0283  0.0274  0.0273
  0.0310  0.0305  0.0306  0.0293  0.0275  0.0272  0.0272  0.0277  0.0270  0.0272  0.0271  0.0270
  0.0304  0.0304  0.0303  0.0303  0.0288  0.0270  0.0270  0.0270  0.0270  0.0269  0.0269  0.0269
  0.0306  0.0310  0.0305  0.0315  0.0307  0.0277  0.0275  0.0275  0.0275  0.0274  0.0270  0.0271
  0.0315  0.0322  0.0311  0.0330  0.0333  0.0288  0.0287  0.0294  0.0284  0.0285  0.0273  0.0277
  0.0333  0.0339  0.0321  0.0355  0.0367  0.0302  0.0305  0.0320  0.0297  0.0302  0.0278  0.0287
niter,ni,del,rscale     7    3    5.0000    1.2000
parameters
    0.5997   -9.9372   12.9855   -9.9676  -12.0832   -5.1430
    1.4855   -1.2102   -1.8668   14.3557    2.4887  -19.3301
eta,q 0.97342 11.44048
  0.0308  0.0301  0.0282  0.0300  0.0294  0.0293  0.0298  0.0315  0.0288  0.0303  0.0275  0.0275
  0.0287  0.0284  0.0274  0.0280  0.0275  0.0279  0.0281  0.0289  0.0276  0.0283  0.0271  0.0269
  0.0274  0.0273  0.0270  0.0269  0.0267  0.0270  0.0270  0.0272  0.0268  0.0271  0.0268  0.0266
  0.0269  0.0269  0.0269  0.0269  0.0268  0.0266  0.0266  0.0266  0.0266  0.0266  0.0266  0.0266
  0.0273  0.0272  0.0273  0.0279  0.0278  0.0270  0.0270  0.0272  0.0269  0.0269  0.0267  0.0269
  0.0286  0.0281  0.0280  0.0294  0.0297  0.0281  0.0280  0.0291  0.0277  0.0278  0.0269  0.0274
  0.0308  0.0295  0.0290  0.0311  0.0323  0.0294  0.0297  0.0317  0.0289  0.0292  0.0274  0.0283
niter,ni,del,rscale     6    3    5.0000    1.2000
parameters
    0.5836   -9.7822   12.7291   -9.9883  -12.3452   -5.1779
    1.5299   -1.2426   -1.8715   14.8921    2.6308  -20.0004
eta,q 0.97348 11.43433
  0.0304  0.0298  0.0279  0.0306  0.0304  0.0293  0.0297  0.0315  0.0288  0.0302  0.0275  0.0276
  0.0283  0.0281  0.0271  0.0284  0.0283  0.0279  0.0280  0.0289  0.0275  0.0282  0.0270  0.0269
  0.0270  0.0270  0.0266  0.0270  0.0269  0.0269  0.0269  0.0271  0.0268  0.0270  0.0267  0.0266
  0.0266  0.0266  0.0266  0.0265  0.0265  0.0265  0.0265  0.0265  0.0265  0.0265  0.0265  0.0265
  0.0270  0.0268  0.0269  0.0272  0.0272  0.0270  0.0269  0.0271  0.0268  0.0268  0.0266  0.0268
  0.0284  0.0276  0.0276  0.0287  0.0286  0.0280  0.0280  0.0289  0.0276  0.0277  0.0269  0.0273
  0.0305  0.0290  0.0286  0.0303  0.0308  0.0294  0.0297  0.0316  0.0287  0.0291  0.0274  0.0281
niter,ni,del,rscale     5    3    5.0000    1.2000
parameters
    0.5668   -9.6912   12.5789   -9.9845  -12.5298   -5.1848
    1.5703   -1.2622   -1.8515   15.2118    2.7235  -20.3855
eta,q 0.97350 11.43067
  0.0303  0.0295  0.0281  0.0306  0.0305  0.0294  0.0297  0.0315  0.0287  0.0299  0.0275  0.0277
  0.0282  0.0279  0.0272  0.0284  0.0283  0.0279  0.0280  0.0288  0.0275  0.0280  0.0270  0.0270
  0.0269  0.0269  0.0266  0.0269  0.0269  0.0269  0.0269  0.0271  0.0267  0.0269  0.0266  0.0266
  0.0265  0.0265  0.0265  0.0265  0.0265  0.0265  0.0265  0.0265  0.0265  0.0265  0.0265  0.0265
  0.0270  0.0268  0.0268  0.0272  0.0271  0.0269  0.0268  0.0271  0.0268  0.0268  0.0266  0.0267
  0.0283  0.0277  0.0275  0.0287  0.0286  0.0280  0.0279  0.0289  0.0276  0.0278  0.0269  0.0272
  0.0305  0.0290  0.0285  0.0303  0.0307  0.0294  0.0296  0.0315  0.0287  0.0293  0.0274  0.0279
niter,ni,del,rscale     4    3    5.0000    1.2000
parameters
    0.5540   -9.6277   12.4933   -9.9923  -12.6354   -5.2070
    1.5922   -1.2810   -1.8406   15.4079    2.7825  -20.6006
eta,q 0.97350 11.42745
  0.0303  0.0294  0.0282  0.0306  0.0305  0.0294  0.0296  0.0315  0.0287  0.0298  0.0275  0.0278
  0.0282  0.0278  0.0272  0.0284  0.0283  0.0279  0.0280  0.0288  0.0275  0.0279  0.0270  0.0270
  0.0269  0.0268  0.0266  0.0269  0.0269  0.0269  0.0269  0.0271  0.0267  0.0268  0.0266  0.0266
  0.0265  0.0265  0.0265  0.0265  0.0265  0.0265  0.0265  0.0265  0.0265  0.0265  0.0265  0.0265
  0.0270  0.0268  0.0268  0.0272  0.0271  0.0270  0.0268  0.0271  0.0268  0.0269  0.0266  0.0267
  0.0283  0.0277  0.0274  0.0287  0.0285  0.0280  0.0279  0.0289  0.0275  0.0278  0.0269  0.0272
  0.0304  0.0291  0.0284  0.0303  0.0306  0.0294  0.0296  0.0315  0.0287  0.0293  0.0274  0.0279
niter,ni,del,rscale     3    3    5.0000    1.2000
parameters
    0.5466   -9.5839   12.4454  -10.0009  -12.7027   -5.2283
    1.6061   -1.2932   -1.8353   15.5258    2.8072  -20.7140
eta,q 0.97350 11.42462
  0.0304  0.0293  0.0282  0.0306  0.0306  0.0294  0.0296  0.0315  0.0287  0.0297  0.0275  0.0278
  0.0282  0.0278  0.0273  0.0284  0.0284  0.0279  0.0280  0.0288  0.0275  0.0279  0.0270  0.0271
  0.0269  0.0268  0.0267  0.0269  0.0269  0.0269  0.0269  0.0271  0.0267  0.0268  0.0266  0.0266
  0.0265  0.0265  0.0265  0.0265  0.0265  0.0265  0.0265  0.0265  0.0265  0.0265  0.0265  0.0265
  0.0269  0.0268  0.0268  0.0272  0.0271  0.0270  0.0268  0.0271  0.0268  0.0269  0.0266  0.0267
  0.0283  0.0277  0.0274  0.0287  0.0285  0.0280  0.0279  0.0289  0.0275  0.0278  0.0269  0.0272
  0.0304  0.0291  0.0283  0.0304  0.0306  0.0294  0.0296  0.0315  0.0287  0.0294  0.0275  0.0279
niter,ni,del,rscale     2    3    5.0000    1.2000
parameters
    0.5417   -9.5565   12.4145  -10.0076  -12.7458   -5.2384
    1.6184   -1.2985   -1.8324   15.5929    2.8271  -20.7898
eta,q 0.97350 11.42272
  0.0304  0.0293  0.0283  0.0306  0.0306  0.0294  0.0296  0.0315  0.0287  0.0296  0.0275  0.0278
  0.0282  0.0277  0.0273  0.0284  0.0284  0.0279  0.0280  0.0289  0.0275  0.0278  0.0269  0.0271
  0.0269  0.0268  0.0267  0.0269  0.0270  0.0269  0.0269  0.0271  0.0267  0.0268  0.0266  0.0266
  0.0265  0.0265  0.0265  0.0265  0.0265  0.0265  0.0265  0.0265  0.0265  0.0265  0.0265  0.0265
  0.0269  0.0268  0.0268  0.0272  0.0270  0.0270  0.0268  0.0271  0.0268  0.0269  0.0266  0.0267
  0.0283  0.0277  0.0274  0.0287  0.0285  0.0280  0.0279  0.0289  0.0275  0.0279  0.0269  0.0272
  0.0304  0.0291  0.0283  0.0304  0.0306  0.0293  0.0297  0.0315  0.0287  0.0294  0.0275  0.0279
niter,ni,del,rscale     1    3    5.0000    1.2000
parameters
    0.5394   -9.5399   12.3969  -10.0131  -12.7684   -5.2532
    1.6223   -1.3051   -1.8292   15.6367    2.8329  -20.8247
eta,q 0.97350 11.42124
  0.0304  0.0293  0.0283  0.0306  0.0306  0.0294  0.0296  0.0315  0.0287  0.0296  0.0275  0.0278
  0.0282  0.0277  0.0273  0.0284  0.0284  0.0279  0.0280  0.0288  0.0275  0.0278  0.0270  0.0271
  0.0269  0.0268  0.0267  0.0270  0.0270  0.0269  0.0269  0.0271  0.0267  0.0268  0.0266  0.0267
  0.0265  0.0265  0.0265  0.0265  0.0265  0.0265  0.0265  0.0265  0.0265  0.0265  0.0265  0.0265
  0.0269  0.0268  0.0267  0.0272  0.0270  0.0270  0.0268  0.0271  0.0268  0.0269  0.0266  0.0267
  0.0283  0.0277  0.0274  0.0287  0.0285  0.0280  0.0279  0.0289  0.0275  0.0279  0.0269  0.0272
  0.0304  0.0291  0.0283  0.0304  0.0306  0.0294  0.0297  0.0315  0.0287  0.0294  0.0275  0.0278
registration optimization eta report
parameter search radius
    2.4000    2.4000    2.4000    9.5220    9.5220    7.2000
    7.2000    7.2000    7.2000    7.2000    7.2000    7.2000
100000*second partial in parameter space
       67.       47.       31.        4.        4.        5.
        6.       10.        4.        6.        2.        3.
  0.0304  0.0293  0.0283  0.0306  0.0306  0.0294  0.0296  0.0315  0.0287  0.0296  0.0275  0.0278
  0.0282  0.0277  0.0273  0.0284  0.0284  0.0279  0.0280  0.0288  0.0275  0.0278  0.0270  0.0271
  0.0269  0.0268  0.0267  0.0270  0.0270  0.0269  0.0269  0.0271  0.0267  0.0268  0.0266  0.0267
  0.0265  0.0265  0.0265  0.0265  0.0265  0.0265  0.0265  0.0265  0.0265  0.0265  0.0265  0.0265
  0.0269  0.0268  0.0267  0.0272  0.0270  0.0270  0.0268  0.0271  0.0268  0.0269  0.0266  0.0267
  0.0283  0.0277  0.0274  0.0287  0.0285  0.0280  0.0279  0.0289  0.0275  0.0279  0.0269  0.0272
  0.0304  0.0291  0.0283  0.0304  0.0306  0.0294  0.0297  0.0315  0.0287  0.0294  0.0275  0.0278
    0.5394   -9.5399   12.3969  -10.0131  -12.7684   -5.2532
    1.6223   -1.3051   -1.8292   15.6367    2.8329  -20.8247
eta,q 0.97350 11.42124

---------------------------------------------------------------------
imgreg_4dfp /opt/freesurfer/average/711-2C_as_mni_average_305 /opt/freesurfer/average/711-2B_as_mni_average_305_mask talsrcimg_g11 none talsrcimg_to_711-2C_as_mni_average_305_t4 2311
---------------------------------------------------------------------

freesurfer imgreg_4dfp.c
/opt/freesurfer/average/711-2C_as_mni_average_305.4dfp.img
       256       256       256         1
  1.000000  1.000000  1.000000
orientation T byte_order littleendian
Reading image: /opt/freesurfer/average/711-2C_as_mni_average_305.4dfp.img
dimensions:      256       256       256
mmppix:       1.0000   -1.0000   -1.0000
center:     128.0000 -129.0000 -129.0000
/opt/freesurfer/average/711-2B_as_mni_average_305_mask.4dfp.img
       256       256       256         1
  1.000000  1.000000  1.000000
orientation T byte_order littleendian
Reading mask: /opt/freesurfer/average/711-2B_as_mni_average_305_mask.4dfp.img (2306576 pixels)
talsrcimg_g11.4dfp.img
       256       256       256         1
  0.898437  0.898437  0.898437
orientation T byte_order littleendian
Reading image: talsrcimg_g11.4dfp.img
dimensions:      256       256       256
mmppix:       0.8984   -0.8984   -0.8984
center:     114.9999 -115.8984 -115.8984
fimgreg.f
image alignment mode   2311 decimal      907 hex
parameters
    0.5394   -9.5399   12.3969  -10.0131  -12.7684   -5.2532
    1.6223   -1.3051   -1.8292   15.6367    2.8329  -20.8247
eta,q 0.97350 11.42124
niter,ni,del,rscale     5    3    5.0000    0.8000
parameters
    0.5376   -9.5521   12.3579  -10.3371  -12.8452   -5.3278
    1.6859   -1.3298   -1.9387   15.4854    2.8225  -20.8891
eta,q 0.97352 11.38884
  0.0282  0.0277  0.0273  0.0276  0.0276  0.0279  0.0280  0.0288  0.0275  0.0278  0.0269  0.0271
  0.0273  0.0270  0.0268  0.0270  0.0270  0.0272  0.0272  0.0275  0.0269  0.0270  0.0267  0.0268
  0.0267  0.0266  0.0266  0.0266  0.0266  0.0267  0.0267  0.0268  0.0266  0.0266  0.0265  0.0266
  0.0265  0.0265  0.0265  0.0265  0.0265  0.0265  0.0265  0.0265  0.0265  0.0265  0.0265  0.0265
  0.0267  0.0267  0.0266  0.0267  0.0266  0.0267  0.0266  0.0267  0.0266  0.0267  0.0265  0.0266
  0.0273  0.0271  0.0269  0.0272  0.0270  0.0273  0.0271  0.0275  0.0270  0.0272  0.0267  0.0268
  0.0283  0.0277  0.0274  0.0279  0.0277  0.0280  0.0279  0.0289  0.0275  0.0279  0.0269  0.0271
niter,ni,del,rscale     4    3    5.0000    0.7000
parameters
    0.5375   -9.5579   12.3343  -10.3709  -12.8248   -5.4047
    1.7118   -1.3330   -1.9698   15.4459    2.8161  -20.8999
eta,q 0.97352 11.38317
  0.0278  0.0274  0.0271  0.0275  0.0274  0.0276  0.0276  0.0283  0.0273  0.0275  0.0268  0.0270
  0.0271  0.0269  0.0268  0.0269  0.0269  0.0270  0.0270  0.0273  0.0268  0.0269  0.0266  0.0267
  0.0266  0.0266  0.0265  0.0266  0.0266  0.0266  0.0266  0.0267  0.0266  0.0266  0.0265  0.0265
  0.0265  0.0265  0.0265  0.0265  0.0265  0.0265  0.0265  0.0265  0.0265  0.0265  0.0265  0.0265
  0.0266  0.0266  0.0266  0.0266  0.0266  0.0267  0.0266  0.0267  0.0266  0.0266  0.0265  0.0265
  0.0271  0.0269  0.0268  0.0270  0.0269  0.0271  0.0270  0.0273  0.0269  0.0270  0.0266  0.0267
  0.0278  0.0274  0.0271  0.0275  0.0273  0.0277  0.0276  0.0283  0.0273  0.0275  0.0268  0.0270
niter,ni,del,rscale     3    3    5.0000    0.6000
parameters
    0.5407   -9.5646   12.3077  -10.3696  -12.8255   -5.4563
    1.7264   -1.3243   -1.9758   15.4052    2.7907  -20.8969
eta,q 0.97352 11.37953
  0.0275  0.0272  0.0269  0.0272  0.0271  0.0274  0.0273  0.0278  0.0271  0.0272  0.0267  0.0268
  0.0269  0.0268  0.0267  0.0268  0.0268  0.0269  0.0269  0.0271  0.0267  0.0268  0.0266  0.0266
  0.0266  0.0266  0.0265  0.0266  0.0266  0.0266  0.0266  0.0266  0.0265  0.0265  0.0265  0.0265
  0.0265  0.0265  0.0265  0.0265  0.0265  0.0265  0.0265  0.0265  0.0265  0.0265  0.0265  0.0265
  0.0266  0.0266  0.0265  0.0266  0.0266  0.0266  0.0266  0.0266  0.0266  0.0266  0.0265  0.0265
  0.0269  0.0268  0.0267  0.0268  0.0268  0.0269  0.0268  0.0271  0.0267  0.0268  0.0266  0.0266
  0.0275  0.0272  0.0270  0.0272  0.0271  0.0274  0.0273  0.0278  0.0271  0.0272  0.0267  0.0268
niter,ni,del,rscale     2    3    5.0000    0.5000
parameters
    0.5411   -9.5712   12.2920  -10.3803  -12.8116   -5.4928
    1.7385   -1.3104   -1.9901   15.3552    2.7877  -20.9174
eta,q 0.97352 11.37691
  0.0272  0.0270  0.0268  0.0270  0.0269  0.0271  0.0271  0.0274  0.0269  0.0270  0.0267  0.0267
  0.0268  0.0267  0.0266  0.0267  0.0267  0.0268  0.0267  0.0269  0.0267  0.0267  0.0266  0.0266
  0.0266  0.0265  0.0265  0.0265  0.0265  0.0266  0.0265  0.0266  0.0265  0.0265  0.0265  0.0265
  0.0265  0.0265  0.0265  0.0265  0.0265  0.0265  0.0265  0.0265  0.0265  0.0265  0.0265  0.0265
  0.0266  0.0265  0.0265  0.0265  0.0265  0.0266  0.0265  0.0266  0.0265  0.0266  0.0265  0.0265
  0.0268  0.0267  0.0266  0.0267  0.0267  0.0268  0.0267  0.0269  0.0267  0.0267  0.0266  0.0266
  0.0272  0.0270  0.0268  0.0270  0.0269  0.0272  0.0271  0.0274  0.0269  0.0270  0.0267  0.0267
niter,ni,del,rscale     1    3    5.0000    0.4000
parameters
    0.5448   -9.5772   12.2860  -10.3686  -12.8100   -5.5032
    1.7455   -1.2919   -2.0158   15.3171    2.7995  -20.8940
eta,q 0.97352 11.37620
  0.0269  0.0268  0.0267  0.0268  0.0268  0.0269  0.0269  0.0271  0.0267  0.0268  0.0266  0.0266
  0.0267  0.0266  0.0266  0.0266  0.0266  0.0267  0.0266  0.0267  0.0266  0.0266  0.0265  0.0266
  0.0265  0.0265  0.0265  0.0265  0.0265  0.0265  0.0265  0.0266  0.0265  0.0265  0.0265  0.0265
  0.0265  0.0265  0.0265  0.0265  0.0265  0.0265  0.0265  0.0265  0.0265  0.0265  0.0265  0.0265
  0.0265  0.0265  0.0265  0.0265  0.0265  0.0265  0.0265  0.0265  0.0265  0.0265  0.0265  0.0265
  0.0267  0.0266  0.0266  0.0266  0.0266  0.0267  0.0266  0.0267  0.0266  0.0266  0.0265  0.0265
  0.0269  0.0268  0.0267  0.0268  0.0268  0.0269  0.0268  0.0271  0.0267  0.0268  0.0266  0.0266
registration optimization eta report
parameter search radius
    0.8000    0.8000    0.8000    2.4000    2.4000    2.4000
    2.4000    2.4000    2.4000    2.4000    2.4000    2.4000
100000*second partial in parameter space
       68.       48.       34.        6.        5.        8.
        6.       10.        5.        6.        2.        3.
  0.0269  0.0268  0.0267  0.0268  0.0268  0.0269  0.0269  0.0271  0.0267  0.0268  0.0266  0.0266
  0.0267  0.0266  0.0266  0.0266  0.0266  0.0267  0.0266  0.0267  0.0266  0.0266  0.0265  0.0266
  0.0265  0.0265  0.0265  0.0265  0.0265  0.0265  0.0265  0.0266  0.0265  0.0265  0.0265  0.0265
  0.0265  0.0265  0.0265  0.0265  0.0265  0.0265  0.0265  0.0265  0.0265  0.0265  0.0265  0.0265
  0.0265  0.0265  0.0265  0.0265  0.0265  0.0265  0.0265  0.0265  0.0265  0.0265  0.0265  0.0265
  0.0267  0.0266  0.0266  0.0266  0.0266  0.0267  0.0266  0.0267  0.0266  0.0266  0.0265  0.0265
  0.0269  0.0268  0.0267  0.0268  0.0268  0.0269  0.0268  0.0271  0.0267  0.0268  0.0266  0.0266
    0.5448   -9.5772   12.2860  -10.3686  -12.8100   -5.5032
    1.7455   -1.2919   -2.0158   15.3171    2.7995  -20.8940
eta,q 0.97352 11.37620

---------------------------------------------------------------------
imgreg_4dfp /opt/freesurfer/average/711-2C_as_mni_average_305 /opt/freesurfer/average/711-2B_as_mni_average_305_mask talsrcimg_g11 none talsrcimg_to_711-2C_as_mni_average_305_t4 2311
---------------------------------------------------------------------

freesurfer imgreg_4dfp.c
/opt/freesurfer/average/711-2C_as_mni_average_305.4dfp.img
       256       256       256         1
  1.000000  1.000000  1.000000
orientation T byte_order littleendian
Reading image: /opt/freesurfer/average/711-2C_as_mni_average_305.4dfp.img
dimensions:      256       256       256
mmppix:       1.0000   -1.0000   -1.0000
center:     128.0000 -129.0000 -129.0000
/opt/freesurfer/average/711-2B_as_mni_average_305_mask.4dfp.img
       256       256       256         1
  1.000000  1.000000  1.000000
orientation T byte_order littleendian
Reading mask: /opt/freesurfer/average/711-2B_as_mni_average_305_mask.4dfp.img (2306576 pixels)
talsrcimg_g11.4dfp.img
       256       256       256         1
  0.898437  0.898437  0.898437
orientation T byte_order littleendian
Reading image: talsrcimg_g11.4dfp.img
dimensions:      256       256       256
mmppix:       0.8984   -0.8984   -0.8984
center:     114.9999 -115.8984 -115.8984
fimgreg.f
image alignment mode   2311 decimal      907 hex
parameters
    0.5448   -9.5772   12.2860  -10.3686  -12.8100   -5.5032
    1.7455   -1.2919   -2.0158   15.3171    2.7995  -20.8940
eta,q 0.97352 11.37620
niter,ni,del,rscale     5    3    5.0000    0.8000
parameters
    0.5448   -9.5742   12.3017  -10.3556  -12.7898   -5.4586
    1.6969   -1.3305   -1.9487   15.4664    2.8168  -20.9386
eta,q 0.97352 11.38406
  0.0282  0.0277  0.0273  0.0278  0.0276  0.0280  0.0279  0.0288  0.0275  0.0280  0.0269  0.0271
  0.0273  0.0270  0.0269  0.0271  0.0270  0.0272  0.0271  0.0275  0.0270  0.0271  0.0267  0.0268
  0.0267  0.0266  0.0266  0.0266  0.0266  0.0267  0.0266  0.0267  0.0266  0.0266  0.0265  0.0266
  0.0265  0.0265  0.0265  0.0265  0.0265  0.0265  0.0265  0.0265  0.0265  0.0265  0.0265  0.0265
  0.0267  0.0266  0.0266  0.0266  0.0266  0.0267  0.0266  0.0267  0.0266  0.0266  0.0265  0.0266
  0.0273  0.0270  0.0268  0.0271  0.0270  0.0272  0.0271  0.0275  0.0269  0.0271  0.0267  0.0268
  0.0282  0.0277  0.0273  0.0277  0.0276  0.0279  0.0280  0.0289  0.0275  0.0277  0.0269  0.0271
niter,ni,del,rscale     4    3    5.0000    0.7000
parameters
    0.5384   -9.5558   12.2927  -10.3703  -12.8200   -5.4631
    1.7168   -1.3353   -1.9576   15.4715    2.8188  -20.9607
eta,q 0.97352 11.38128
  0.0278  0.0274  0.0271  0.0275  0.0273  0.0277  0.0276  0.0283  0.0273  0.0275  0.0268  0.0270
  0.0271  0.0269  0.0268  0.0269  0.0269  0.0271  0.0270  0.0273  0.0268  0.0269  0.0266  0.0267
  0.0266  0.0266  0.0265  0.0266  0.0266  0.0266  0.0266  0.0267  0.0266  0.0266  0.0265  0.0265
  0.0265  0.0265  0.0265  0.0265  0.0265  0.0265  0.0265  0.0265  0.0265  0.0265  0.0265  0.0265
  0.0266  0.0266  0.0266  0.0266  0.0266  0.0266  0.0266  0.0267  0.0266  0.0266  0.0265  0.0265
  0.0271  0.0269  0.0268  0.0270  0.0269  0.0271  0.0270  0.0273  0.0268  0.0270  0.0266  0.0267
  0.0278  0.0274  0.0271  0.0275  0.0274  0.0276  0.0276  0.0283  0.0273  0.0275  0.0268  0.0270
niter,ni,del,rscale     3    3    5.0000    0.6000
parameters
    0.5371   -9.5574   12.2844  -10.3709  -12.8252   -5.4837
    1.7259   -1.3289   -1.9823   15.4287    2.8236  -20.9468
eta,q 0.97352 11.37885
  0.0275  0.0272  0.0270  0.0272  0.0271  0.0274  0.0273  0.0278  0.0271  0.0272  0.0267  0.0268
  0.0269  0.0268  0.0267  0.0268  0.0268  0.0269  0.0269  0.0271  0.0267  0.0268  0.0266  0.0267
  0.0266  0.0266  0.0265  0.0266  0.0266  0.0266  0.0266  0.0266  0.0265  0.0265  0.0265  0.0265
  0.0265  0.0265  0.0265  0.0265  0.0265  0.0265  0.0265  0.0265  0.0265  0.0265  0.0265  0.0265
  0.0266  0.0266  0.0265  0.0266  0.0266  0.0266  0.0266  0.0266  0.0266  0.0266  0.0265  0.0265
  0.0269  0.0268  0.0267  0.0268  0.0268  0.0269  0.0268  0.0271  0.0268  0.0269  0.0266  0.0266
  0.0275  0.0272  0.0270  0.0272  0.0271  0.0274  0.0273  0.0278  0.0271  0.0272  0.0267  0.0268
niter,ni,del,rscale     2    3    5.0000    0.5000
parameters
    0.5392   -9.5647   12.2750  -10.3747  -12.8159   -5.5087
    1.7433   -1.3145   -2.0021   15.3802    2.8098  -20.9394
eta,q 0.97353 11.37680
  0.0272  0.0270  0.0268  0.0270  0.0269  0.0271  0.0271  0.0274  0.0269  0.0270  0.0267  0.0267
  0.0268  0.0267  0.0266  0.0267  0.0267  0.0268  0.0267  0.0269  0.0267  0.0267  0.0266  0.0266
  0.0266  0.0265  0.0265  0.0265  0.0265  0.0266  0.0265  0.0266  0.0265  0.0265  0.0265  0.0265
  0.0265  0.0265  0.0265  0.0265  0.0265  0.0265  0.0265  0.0265  0.0265  0.0265  0.0265  0.0265
  0.0265  0.0265  0.0265  0.0265  0.0265  0.0266  0.0265  0.0266  0.0265  0.0266  0.0265  0.0265
  0.0268  0.0267  0.0266  0.0267  0.0267  0.0268  0.0267  0.0269  0.0267  0.0267  0.0266  0.0266
  0.0272  0.0270  0.0268  0.0270  0.0269  0.0271  0.0271  0.0274  0.0269  0.0270  0.0267  0.0267
niter,ni,del,rscale     1    3    5.0000    0.4000
parameters
    0.5421   -9.5752   12.2777  -10.3635  -12.8053   -5.5072
    1.7523   -1.2912   -2.0137   15.3369    2.8298  -20.9121
eta,q 0.97352 11.37708
  0.0269  0.0268  0.0267  0.0268  0.0268  0.0269  0.0268  0.0271  0.0267  0.0268  0.0266  0.0266
  0.0267  0.0266  0.0266  0.0266  0.0266  0.0267  0.0266  0.0268  0.0266  0.0266  0.0265  0.0266
  0.0265  0.0265  0.0265  0.0265  0.0265  0.0265  0.0265  0.0266  0.0265  0.0265  0.0265  0.0265
  0.0265  0.0265  0.0265  0.0265  0.0265  0.0265  0.0265  0.0265  0.0265  0.0265  0.0265  0.0265
  0.0265  0.0265  0.0265  0.0265  0.0265  0.0265  0.0265  0.0265  0.0265  0.0265  0.0265  0.0265
  0.0267  0.0266  0.0266  0.0266  0.0266  0.0267  0.0266  0.0267  0.0266  0.0266  0.0265  0.0265
  0.0269  0.0268  0.0267  0.0268  0.0268  0.0269  0.0268  0.0271  0.0267  0.0268  0.0266  0.0266
registration optimization eta report
parameter search radius
    0.8000    0.8000    0.8000    2.4000    2.4000    2.4000
    2.4000    2.4000    2.4000    2.4000    2.4000    2.4000
100000*second partial in parameter space
       69.       49.       34.        6.        5.        8.
        6.       10.        5.        6.        2.        3.
  0.0269  0.0268  0.0267  0.0268  0.0268  0.0269  0.0268  0.0271  0.0267  0.0268  0.0266  0.0266
  0.0267  0.0266  0.0266  0.0266  0.0266  0.0267  0.0266  0.0268  0.0266  0.0266  0.0265  0.0266
  0.0265  0.0265  0.0265  0.0265  0.0265  0.0265  0.0265  0.0266  0.0265  0.0265  0.0265  0.0265
  0.0265  0.0265  0.0265  0.0265  0.0265  0.0265  0.0265  0.0265  0.0265  0.0265  0.0265  0.0265
  0.0265  0.0265  0.0265  0.0265  0.0265  0.0265  0.0265  0.0265  0.0265  0.0265  0.0265  0.0265
  0.0267  0.0266  0.0266  0.0266  0.0266  0.0267  0.0266  0.0267  0.0266  0.0266  0.0265  0.0265
  0.0269  0.0268  0.0267  0.0268  0.0268  0.0269  0.0268  0.0271  0.0267  0.0268  0.0266  0.0266
    0.5421   -9.5752   12.2777  -10.3635  -12.8053   -5.5072
    1.7523   -1.2912   -2.0137   15.3369    2.8298  -20.9121
eta,q 0.97352 11.37708

---------------------------------------------------------------------
compute_vox2vox talsrcimg talsrcimg_to_711-2C_as_mni_average_305_t4 /opt/freesurfer/average/711-2C_as_mni_average_305
---------------------------------------------------------------------

freesurfer compute_vox2vox.c
Reading: talsrcimg.4dfp.ifh
Reading: talsrcimg_to_711-2C_as_mni_average_305_t4
Reading: /opt/freesurfer/average/711-2C_as_mni_average_305.4dfp.ifh
Writing: talsrcimg_to_711-2C_as_mni_average_305_t4_vox2vox.txt

start time Wed Mar 11 04:30:40 CET 2026
end		time Wed Mar 11 04:32:09 CET 2026

mpr2mni305 success

avi2talxfm orig_nu.mgz /opt/freesurfer/average/mni305.cor.mgz talsrcimg_to_711-2C_as_mni_average_305_t4_vox2vox.txt transforms/talairach.auto.xfm
avi2talxfm done
mv -f /out/sourcedata/freesurfer/sub-v2s13x29122_ses-1/mri/talsrcimg_to_711-2C_as_mni_average_305_t4_vox2vox.txt /out/sourcedata/freesurfer/sub-v2s13x29122_ses-1/mri/transforms/talsrcimg_to_711-2C_as_mni_average_305_t4_vox2vox.txt
lta_convert --src orig_nu.mgz --trg /opt/freesurfer/average/mni305.cor.mgz --inxfm transforms/talairach.auto.xfm --outlta transforms/talairach.auto.xfm.lta --subject fsaverage
7.3.2

--src: orig_nu.mgz src image (geometry).
--trg: /opt/freesurfer/average/mni305.cor.mgz trg image (geometry).
--inmni: transforms/talairach.auto.xfm input MNI/XFM transform.
--outlta: transforms/talairach.auto.xfm.lta output LTA.
--s: fsaverage subject name
 LTA read, type : 1
 1.11463   0.01816  -0.01805  -2.10094;
-0.02665   1.01819   0.24473  -19.41323;
 0.03043  -0.17867   1.10339  -10.48849;
 0.00000   0.00000   0.00000   1.00000;
setting subject to fsaverage
Writing  LTA to file transforms/talairach.auto.xfm.lta...
lta_convert successful.
 
 
Started at Wed Mar 11 04:30:40 CET 2026
Ended   at Wed Mar 11 04:32:10 CET 2026
talairach_avi done
