status file for recon-all
Wed Mar 11 05:45:45 CET 2026
#@# Tessellate lh Wed Mar 11 05:45:45 CET 2026
#@# Smooth1 lh Wed Mar 11 05:45:50 CET 2026
#@# Inflation1 lh Wed Mar 11 05:45:53 CET 2026
#@# QSphere lh Wed Mar 11 05:47:11 CET 2026
#@# Fix Topology lh Wed Mar 11 05:48:54 CET 2026
#@# Smooth2 lh Wed Mar 11 05:56:09 CET 2026
#@# Inflation2 lh Wed Mar 11 05:56:13 CET 2026
#@# Curv .H and .K lh Wed Mar 11 05:56:42 CET 2026
#@# Sphere lh Wed Mar 11 05:57:44 CET 2026
#@# Surf Reg lh Wed Mar 11 06:01:01 CET 2026
#@# Jacobian white lh Wed Mar 11 06:06:21 CET 2026
#@# AvgCurv lh Wed Mar 11 06:06:22 CET 2026
#@# Cortical Parc lh Wed Mar 11 06:06:23 CET 2026
#@# white curv lh Wed Mar 11 06:14:25 CET 2026
#@# white area lh Wed Mar 11 06:14:28 CET 2026
#@# pial curv lh Wed Mar 11 06:14:29 CET 2026
#@# pial area lh Wed Mar 11 06:14:31 CET 2026
#@# thickness lh Wed Mar 11 06:14:33 CET 2026
#@# area and vertex vol lh Wed Mar 11 06:15:16 CET 2026
#@# Curvature Stats lh Wed Mar 11 06:15:18 CET 2026
#@# Cortical Parc 2 lh Wed Mar 11 06:15:21 CET 2026
#@# Cortical Parc 3 lh Wed Mar 11 06:15:40 CET 2026
#@# WM/GM Contrast lh Wed Mar 11 06:15:54 CET 2026
recon-all -s sub-v2s13x29111_ses-1 finished without error at Wed Mar 11 06:16:00 CET 2026



#New# invocation of recon-all 



status file for recon-all
Wed Mar 11 06:55:58 CET 2026
#@# white curv lh Wed Mar 11 06:55:58 CET 2026
#@# white area lh Wed Mar 11 06:55:58 CET 2026
#@# pial curv lh Wed Mar 11 06:55:58 CET 2026
#@# pial area lh Wed Mar 11 06:55:58 CET 2026
#@# thickness lh Wed Mar 11 06:55:58 CET 2026
#@# area and vertex vol lh Wed Mar 11 06:55:58 CET 2026
#@# Parcellation Stats lh Wed Mar 11 06:55:58 CET 2026
#@# Parcellation Stats 2 lh Wed Mar 11 06:56:28 CET 2026
#@# Parcellation Stats 3 lh Wed Mar 11 06:56:42 CET 2026
#@# BA_exvivo Labels lh Wed Mar 11 06:56:56 CET 2026
recon-all -s sub-v2s13x29111_ses-1 finished without error at Wed Mar 11 07:00:33 CET 2026
