status file for recon-all
Wed Mar 11 03:47:28 CET 2026
#@# MotionCor Wed Mar 11 03:47:30 CET 2026
#@# Talairach Wed Mar 11 03:47:41 CET 2026
#@# Talairach Failure Detection Wed Mar 11 03:52:05 CET 2026
#@# Nu Intensity Correction Wed Mar 11 03:52:05 CET 2026
#@# Intensity Normalization Wed Mar 11 03:55:21 CET 2026
recon-all -s sub-v2s13x29111_ses-1 finished without error at Wed Mar 11 03:56:49 CET 2026



#New# invocation of recon-all 



status file for recon-all
Wed Mar 11 04:04:32 CET 2026
#@# EM Registration Wed Mar 11 04:04:32 CET 2026
recon-all -s sub-v2s13x29111_ses-1 finished without error at Wed Mar 11 04:06:52 CET 2026



#New# invocation of recon-all 



status file for recon-all
Wed Mar 11 04:06:55 CET 2026
#@# CA Normalize Wed Mar 11 04:06:55 CET 2026
#@# CA Reg Wed Mar 11 04:08:15 CET 2026
#@# SubCort Seg Wed Mar 11 05:02:24 CET 2026
#@# CC Seg Wed Mar 11 05:39:26 CET 2026
#@# Merge ASeg Wed Mar 11 05:40:00 CET 2026
#@# Intensity Normalization2 Wed Mar 11 05:40:00 CET 2026
#@# Mask BFS Wed Mar 11 05:42:12 CET 2026
#@# WM Segmentation Wed Mar 11 05:42:13 CET 2026
#@# Fill Wed Mar 11 05:44:32 CET 2026
recon-all -s sub-v2s13x29111_ses-1 finished without error at Wed Mar 11 05:45:39 CET 2026



#New# invocation of recon-all 



status file for recon-all
Wed Mar 11 06:48:22 CET 2026
#@# white curv lh Wed Mar 11 06:48:22 CET 2026
#@# white area lh Wed Mar 11 06:48:22 CET 2026
#@# pial curv lh Wed Mar 11 06:48:22 CET 2026
#@# pial area lh Wed Mar 11 06:48:22 CET 2026
#@# thickness lh Wed Mar 11 06:48:22 CET 2026
#@# area and vertex vol lh Wed Mar 11 06:48:22 CET 2026
#@# white curv rh Wed Mar 11 06:48:22 CET 2026
#@# white area rh Wed Mar 11 06:48:22 CET 2026
#@# pial curv rh Wed Mar 11 06:48:22 CET 2026
#@# pial area rh Wed Mar 11 06:48:22 CET 2026
#@# thickness rh Wed Mar 11 06:48:22 CET 2026
#@# area and vertex vol rh Wed Mar 11 06:48:22 CET 2026
#@# Cortical ribbon mask Wed Mar 11 06:48:22 CET 2026
recon-all -s sub-v2s13x29111_ses-1 finished without error at Wed Mar 11 06:55:55 CET 2026



#New# invocation of recon-all 



status file for recon-all
Wed Mar 11 07:05:16 CET 2026
#@# white curv lh Wed Mar 11 07:05:16 CET 2026
#@# white area lh Wed Mar 11 07:05:16 CET 2026
#@# pial curv lh Wed Mar 11 07:05:16 CET 2026
#@# pial area lh Wed Mar 11 07:05:16 CET 2026
#@# thickness lh Wed Mar 11 07:05:16 CET 2026
#@# area and vertex vol lh Wed Mar 11 07:05:16 CET 2026
#@# white curv rh Wed Mar 11 07:05:16 CET 2026
#@# white area rh Wed Mar 11 07:05:16 CET 2026
#@# pial curv rh Wed Mar 11 07:05:16 CET 2026
#@# pial area rh Wed Mar 11 07:05:16 CET 2026
#@# thickness rh Wed Mar 11 07:05:16 CET 2026
#@# area and vertex vol rh Wed Mar 11 07:05:16 CET 2026
#@# Curvature Stats lh Wed Mar 11 07:05:16 CET 2026
#@# Curvature Stats rh Wed Mar 11 07:05:20 CET 2026
#@# Relabel Hypointensities Wed Mar 11 07:05:24 CET 2026
#@# APas-to-ASeg Wed Mar 11 07:05:45 CET 2026
#@# AParc-to-ASeg aparc Wed Mar 11 07:05:57 CET 2026
#@# AParc-to-ASeg aparc.a2009s Wed Mar 11 07:06:59 CET 2026
#@# AParc-to-ASeg aparc.DKTatlas Wed Mar 11 07:07:52 CET 2026
#@# WMParc Wed Mar 11 07:08:54 CET 2026
#@# ASeg Stats Wed Mar 11 07:14:08 CET 2026
recon-all -s sub-v2s13x29111_ses-1 finished without error at Wed Mar 11 07:14:50 CET 2026
