/out/sourcedata/freesurfer/sub-v2s13x29108_ses-1/mri
/opt/freesurfer/bin/talairach_avi
--i orig_nu.mgz --xfm transforms/talairach.auto.xfm
talairach_avi 7.3.2
Linux dna052 5.14.0-427.37.1.el9_4.x86_64 #1 SMP PREEMPT_DYNAMIC Fri Sep 13 12:41:50 EDT 2024 x86_64 x86_64 x86_64 GNU/Linux
Wed Mar 11 03:42:22 CET 2026
mri_convert orig_nu.mgz talsrcimg.img 
reading from orig_nu.mgz...
TR=0.00, TE=0.00, TI=0.00, flip angle=0.00
i_ras = (-1, -2.42954e-11, 3.23938e-11)
j_ras = (-3.23938e-11, 0, -1)
k_ras = (-4.04923e-11, 1, 0)
writing to talsrcimg.img...
Analyze Output Matrix
-0.89844  -0.00000  -0.00000   118.89867;
-0.00000   0.00000   0.89844  -122.13854;
 0.00000  -0.89844   0.00000   134.34906;
 0.00000   0.00000   0.00000   1.00000;
--------------------
INFO: set hdr.hist.orient to -1
mpr2mni305 talsrcimg
Wed Mar 11 03:42:22 CET 2026
/opt/freesurfer/bin/mpr2mni305 talsrcimg
mpr2mni305 7.3.2
target=711-2C_as_mni_average_305

---------------------------------------------------------------------
analyzeto4dfp talsrcimg -O0 -y
---------------------------------------------------------------------

freesurfer ifh2hdr.c
Wed Mar 11 03:42:22 2026
Writing: talsrcimg.4dfp.hdr
freesurfer analyzeto4dfp.c
Reading: talsrcimg.hdr
header size 348 bytes
hdr.dime.datatype	offset=70	value=2
hdr.dime.bitpix		offset=72	value=8
hdr.hist.orient		offset=252	value=-1
dimensionality     4
dimensions       256       256       256         1
Reading: talsrcimg.img
Writing: talsrcimg.4dfp.img
Writing: talsrcimg.4dfp.ifh
ifh2hdr talsrcimg -r0to238
ori=2

---------------------------------------------------------------------
gauss_4dfp talsrcimg 1.1
---------------------------------------------------------------------

freesurfer gauss_4dfp.c
Reading: talsrcimg.4dfp.img
Writing: talsrcimg_g11.4dfp.img
image dimensions 256 256 256 padded to 288 288 288
processing volume 1freesurfer ifh2hdr.c
Wed Mar 11 03:42:24 2026
Writing: talsrcimg_g11.4dfp.hdr

Writing: talsrcimg_g11.4dfp.ifh
including: talsrcimg.4dfp.img.rec in talsrcimg_g11.4dfp.img.rec

---------------------------------------------------------------------
imgreg_4dfp /opt/freesurfer/average/711-2C_as_mni_average_305 none talsrcimg_g11 none talsrcimg_to_711-2C_as_mni_average_305_t4 4355
---------------------------------------------------------------------

freesurfer imgreg_4dfp.c
/opt/freesurfer/average/711-2C_as_mni_average_305.4dfp.img
       256       256       256         1
  1.000000  1.000000  1.000000
orientation T byte_order littleendian
Reading image: /opt/freesurfer/average/711-2C_as_mni_average_305.4dfp.img
dimensions:      256       256       256
mmppix:       1.0000   -1.0000   -1.0000
center:     128.0000 -129.0000 -129.0000
talsrcimg_g11.4dfp.img
       256       256       256         1
  0.898437  0.898437  0.898437
orientation T byte_order littleendian
Reading image: talsrcimg_g11.4dfp.img
dimensions:      256       256       256
mmppix:       0.8984   -0.8984   -0.8984
center:     114.9999 -115.8984 -115.8984
t4_read: open error in t4_sub.f l:  41 t4_file(1:l)talsrcimg_to_711-2C_as_mni_average_305_t4 
t4_read: transform initialized to I4
rotation matrix determinant  1.000000
image alignment mode   4355 decimal     1103 hex
   -7.5000  -45.0000  -45.0000 6452.5420   14.5027
    0.0000  -45.0000  -45.0000 6469.3770   14.5200
    7.5000  -45.0000  -45.0000 6106.3032   14.5766
   -7.5000  -37.5000  -45.0000 6798.0234   15.3903
    0.0000  -37.5000  -45.0000 6820.5405   15.4124
    7.5000  -37.5000  -45.0000 6421.1958   15.4818
   -7.5000  -30.0000  -45.0000 7176.0225   15.8936
    0.0000  -30.0000  -45.0000 7202.0918   15.9230
    7.5000  -30.0000  -45.0000 6756.6099   16.0030
   -7.5000  -22.5000  -45.0000 7700.9116   15.9349
    0.0000  -22.5000  -45.0000 7712.6831   15.9680
    7.5000  -22.5000  -45.0000 7232.7959   16.0469
   -7.5000  -15.0000  -45.0000 8107.9771   15.9577
    0.0000  -15.0000  -45.0000 8110.8882   15.9871
    7.5000  -15.0000  -45.0000 7636.7471   16.0550
   -7.5000   -7.5000  -45.0000 8110.2896   15.9400
    0.0000   -7.5000  -45.0000 8109.5996   15.9625
    7.5000   -7.5000  -45.0000 7618.7749   16.0223
   -7.5000    0.0000  -45.0000 8059.0591   15.8987
    0.0000    0.0000  -45.0000 8062.2583   15.9177
    7.5000    0.0000  -45.0000 7565.5317   15.9798
   -7.5000    7.5000  -45.0000 7567.3828   15.8755
    0.0000    7.5000  -45.0000 7563.1011   15.8983
    7.5000    7.5000  -45.0000 7070.3682   15.9699
   -7.5000   15.0000  -45.0000 7271.8516   15.8936
    0.0000   15.0000  -45.0000 7272.8242   15.9230
    7.5000   15.0000  -45.0000 6781.2495   16.0030
   -7.5000   22.5000  -45.0000 6668.6133   15.7756
    0.0000   22.5000  -45.0000 6668.9238   15.8088
    7.5000   22.5000  -45.0000 6191.3950   15.8875
   -7.5000   30.0000  -45.0000 6124.3760   15.6138
    0.0000   30.0000  -45.0000 6124.8677   15.6456
    7.5000   30.0000  -45.0000 5699.2920   15.7158
   -7.5000   37.5000  -45.0000 5535.8633   15.5230
    0.0000   37.5000  -45.0000 5536.7202   15.5487
    7.5000   37.5000  -45.0000 5167.7080   15.6133
   -7.5000   45.0000  -45.0000 4982.5708   15.5169
    0.0000   45.0000  -45.0000 4975.0244   15.5341
    7.5000   45.0000  -45.0000 4627.9370   15.5959
   -7.5000  -45.0000  -37.5000 7009.0972   15.1644
    0.0000  -45.0000  -37.5000 7035.4429   15.1781
    7.5000  -45.0000  -37.5000 6637.4497   15.2350
   -7.5000  -37.5000  -37.5000 7362.2788   16.1036
    0.0000  -37.5000  -37.5000 7381.4531   16.1207
    7.5000  -37.5000  -37.5000 6945.9912   16.1888
   -7.5000  -30.0000  -37.5000 7778.9604   16.6002
    0.0000  -30.0000  -37.5000 7780.4858   16.6244
    7.5000  -30.0000  -37.5000 7319.9980   16.7030
   -7.5000  -22.5000  -37.5000 8329.6045   16.6381
    0.0000  -22.5000  -37.5000 8314.1260   16.6666
    7.5000  -22.5000  -37.5000 7814.7671   16.7455
   -7.5000  -15.0000  -37.5000 8766.9297   16.6576
    0.0000  -15.0000  -37.5000 8755.2207   16.6830
    7.5000  -15.0000  -37.5000 8247.5107   16.7528
   -7.5000   -7.5000  -37.5000 8757.2920   16.6402
    0.0000   -7.5000  -37.5000 8750.2207   16.6592
    7.5000   -7.5000  -37.5000 8213.3906   16.7214
   -7.5000    0.0000  -37.5000 8690.0059   16.6030
    0.0000    0.0000  -37.5000 8693.4648   16.6179
    7.5000    0.0000  -37.5000 8145.3721   16.6803
   -7.5000    7.5000  -37.5000 8149.7666   16.5820
    0.0000    7.5000  -37.5000 8145.3960   16.5997
    7.5000    7.5000  -37.5000 7630.4951   16.6698
   -7.5000   15.0000  -37.5000 7804.6748   16.5995
    0.0000   15.0000  -37.5000 7804.5298   16.6237
    7.5000   15.0000  -37.5000 7300.8926   16.7022
   -7.5000   22.5000  -37.5000 7143.5034   16.4739
    0.0000   22.5000  -37.5000 7148.7129   16.5026
    7.5000   22.5000  -37.5000 6650.4639   16.5812
   -7.5000   30.0000  -37.5000 6537.5854   16.3101
    0.0000   30.0000  -37.5000 6527.3931   16.3372
    7.5000   30.0000  -37.5000 6093.0850   16.4093
   -7.5000   37.5000  -37.5000 5910.2812   16.2053
    0.0000   37.5000  -37.5000 5898.2798   16.2262
    7.5000   37.5000  -37.5000 5500.9014   16.2931
   -7.5000   45.0000  -37.5000 5303.6221   16.1784
    0.0000   45.0000  -37.5000 5293.6855   16.1927
    7.5000   45.0000  -37.5000 4935.8218   16.2557
   -7.5000  -45.0000  -30.0000 7611.4604   15.8284
    0.0000  -45.0000  -30.0000 7616.6519   15.8407
    7.5000  -45.0000  -30.0000 7176.4644   15.8916
   -7.5000  -37.5000  -30.0000 7980.5967   16.8212
    0.0000  -37.5000  -30.0000 7997.4385   16.8344
    7.5000  -37.5000  -30.0000 7506.8657   16.8920
   -7.5000  -30.0000  -30.0000 8438.4160   17.3184
    0.0000  -30.0000  -30.0000 8428.0830   17.3373
    7.5000  -30.0000  -30.0000 7915.5171   17.4030
   -7.5000  -22.5000  -30.0000 8984.8643   17.3556
    0.0000  -22.5000  -30.0000 8967.3281   17.3798
    7.5000  -22.5000  -30.0000 8411.7676   17.4476
   -7.5000  -15.0000  -30.0000 9441.0791   17.3698
    0.0000  -15.0000  -30.0000 9436.9336   17.3935
    7.5000  -15.0000  -30.0000 8859.2334   17.4568
   -7.5000   -7.5000  -30.0000 9411.9648   17.3478
    0.0000   -7.5000  -30.0000 9407.0312   17.3667
    7.5000   -7.5000  -30.0000 8829.7656   17.4245
   -7.5000    0.0000  -30.0000 9333.2227   17.3120
    0.0000    0.0000  -30.0000 9319.6855   17.3254
    7.5000    0.0000  -30.0000 8747.1416   17.3811
   -7.5000    7.5000  -30.0000 8732.8867   17.2948
    0.0000    7.5000  -30.0000 8735.3809   17.3084
    7.5000    7.5000  -30.0000 8196.4121   17.3676
   -7.5000   15.0000  -30.0000 8342.9697   17.3160
    0.0000   15.0000  -30.0000 8341.2734   17.3349
    7.5000   15.0000  -30.0000 7822.5381   17.4006
   -7.5000   22.5000  -30.0000 7622.3804   17.1857
    0.0000   22.5000  -30.0000 7609.6152   17.2099
    7.5000   22.5000  -30.0000 7124.1372   17.2772
   -7.5000   30.0000  -30.0000 6945.6294   17.0190
    0.0000   30.0000  -30.0000 6931.0361   17.0430
    7.5000   30.0000  -30.0000 6505.0986   17.1076
   -7.5000   37.5000  -30.0000 6282.8120   16.9202
    0.0000   37.5000  -30.0000 6265.5469   16.9400
    7.5000   37.5000  -30.0000 5871.3306   17.0007
   -7.5000   45.0000  -30.0000 5629.3379   16.8920
    0.0000   45.0000  -30.0000 5618.1191   16.9043
    7.5000   45.0000  -30.0000 5262.5273   16.9589
   -7.5000  -45.0000  -22.5000 8220.6641   16.4179
    0.0000  -45.0000  -22.5000 8222.3389   16.4338
    7.5000  -45.0000  -22.5000 7745.7578   16.4775
   -7.5000  -37.5000  -22.5000 8616.6465   17.4605
    0.0000  -37.5000  -22.5000 8613.1709   17.4757
    7.5000  -37.5000  -22.5000 8096.6035   17.5238
   -7.5000  -30.0000  -22.5000 9109.1670   17.9607
    0.0000  -30.0000  -22.5000 9091.2510   17.9805
    7.5000  -30.0000  -22.5000 8516.3096   18.0346
   -7.5000  -22.5000  -22.5000 9662.7256   18.0013
    0.0000  -22.5000  -22.5000 9643.9854   18.0273
    7.5000  -22.5000  -22.5000 9022.1426   18.0838
   -7.5000  -15.0000  -22.500010131.6191   18.0136
    0.0000  -15.0000  -22.500010129.0498   18.0416
    7.5000  -15.0000  -22.5000 9500.1729   18.0957
   -7.5000   -7.5000  -22.500010090.2393   17.9859
    0.0000   -7.5000  -22.500010070.5713   18.0099
    7.5000   -7.5000  -22.5000 9465.8965   18.0602
   -7.5000    0.0000  -22.5000 9975.6631   17.9464
    0.0000    0.0000  -22.5000 9960.1387   17.9638
    7.5000    0.0000  -22.5000 9352.8506   18.0115
   -7.5000    7.5000  -22.5000 9351.8438   17.9297
    0.0000    7.5000  -22.5000 9328.3623   17.9453
    7.5000    7.5000  -22.5000 8759.2822   17.9947
   -7.5000   15.0000  -22.5000 8922.0361   17.9564
    0.0000   15.0000  -22.5000 8894.3027   17.9762
    7.5000   15.0000  -22.5000 8373.8076   18.0303
   -7.5000   22.5000  -22.5000 8121.3833   17.8259
    0.0000   22.5000  -22.5000 8099.3867   17.8515
    7.5000   22.5000  -22.5000 7624.1411   17.9073
   -7.5000   30.0000  -22.5000 7367.7422   17.6585
    0.0000   30.0000  -22.5000 7357.1836   17.6860
    7.5000   30.0000  -22.5000 6912.9014   17.7407
   -7.5000   37.5000  -22.5000 6654.6406   17.5738
    0.0000   37.5000  -22.5000 6636.8408   17.5993
    7.5000   37.5000  -22.5000 6239.9082   17.6506
   -7.5000   45.0000  -22.5000 5966.1035   17.5599
    0.0000   45.0000  -22.5000 5949.9292   17.5739
    7.5000   45.0000  -22.5000 5589.5493   17.6178
   -7.5000  -45.0000  -15.0000 8825.1553   16.9806
    0.0000  -45.0000  -15.0000 8820.4551   17.0018
    7.5000  -45.0000  -15.0000 8308.8916   17.0464
   -7.5000  -37.5000  -15.0000 9245.7041   18.0550
    0.0000  -37.5000  -15.0000 9245.7363   18.0766
    7.5000  -37.5000  -15.0000 8686.9014   18.1282
   -7.5000  -30.0000  -15.0000 9785.8291   18.5586
    0.0000  -30.0000  -15.0000 9778.4824   18.5857
    7.5000  -30.0000  -15.0000 9119.9590   18.6436
   -7.5000  -22.5000  -15.000010374.9805   18.6062
    0.0000  -22.5000  -15.000010362.0820   18.6399
    7.5000  -22.5000  -15.0000 9660.1338   18.6982
   -7.5000  -15.0000  -15.000010887.5498   18.6219
    0.0000  -15.0000  -15.000010889.8242   18.6571
    7.5000  -15.0000  -15.000010191.5615   18.7105
   -7.5000   -7.5000  -15.000010810.1416   18.5905
    0.0000   -7.5000  -15.000010802.3672   18.6207
    7.5000   -7.5000  -15.000010123.4658   18.6697
   -7.5000    0.0000  -15.000010627.3682   18.5434
    0.0000    0.0000  -15.000010609.3105   18.5667
    7.5000    0.0000  -15.0000 9967.0889   18.6154
   -7.5000    7.5000  -15.0000 9933.9795   18.5222
    0.0000    7.5000  -15.0000 9919.8398   18.5444
    7.5000    7.5000  -15.0000 9317.7314   18.5974
   -7.5000   15.0000  -15.0000 9491.4746   18.5529
    0.0000   15.0000  -15.0000 9465.2637   18.5800
    7.5000   15.0000  -15.0000 8912.1816   18.6378
   -7.5000   22.5000  -15.0000 8628.0146   18.4258
    0.0000   22.5000  -15.0000 8614.0576   18.4590
    7.5000   22.5000  -15.0000 8126.1978   18.5167
   -7.5000   30.0000  -15.0000 7808.0454   18.2639
    0.0000   30.0000  -15.0000 7792.8042   18.2993
    7.5000   30.0000  -15.0000 7344.4565   18.3533
   -7.5000   37.5000  -15.0000 7023.0518   18.1942
    0.0000   37.5000  -15.0000 7011.2720   18.2273
    7.5000   37.5000  -15.0000 6606.0972   18.2775
   -7.5000   45.0000  -15.0000 6290.1802   18.1947
    0.0000   45.0000  -15.0000 6276.0366   18.2128
    7.5000   45.0000  -15.0000 5901.9897   18.2561
   -7.5000  -45.0000   -7.5000 9138.7676   16.9645
    0.0000  -45.0000   -7.5000 9146.4443   16.9877
    7.5000  -45.0000   -7.5000 8631.4229   17.0407
   -7.5000  -37.5000   -7.5000 9608.3623   18.0320
    0.0000  -37.5000   -7.5000 9598.3486   18.0585
    7.5000  -37.5000   -7.5000 9024.8389   18.1230
   -7.5000  -30.0000   -7.500010189.7852   18.5323
    0.0000  -30.0000   -7.500010174.0342   18.5664
    7.5000  -30.0000   -7.5000 9457.7295   18.6395
   -7.5000  -22.5000   -7.500010779.3428   18.5824
    0.0000  -22.5000   -7.500010778.9014   18.6225
    7.5000  -22.5000   -7.500010012.2256   18.6947
   -7.5000  -15.0000   -7.500011304.4199   18.6041
    0.0000  -15.0000   -7.500011325.9229   18.6425
    7.5000  -15.0000   -7.500010568.4639   18.7054
   -7.5000   -7.5000   -7.500011193.0654   18.5763
    0.0000   -7.5000   -7.500011213.3154   18.6073
    7.5000   -7.5000   -7.500010473.1777   18.6632
   -7.5000    0.0000   -7.500010957.0771   18.5260
    0.0000    0.0000   -7.500010966.2471   18.5512
    7.5000    0.0000   -7.500010283.2021   18.6091
   -7.5000    7.5000   -7.500010240.9355   18.4986
    0.0000    7.5000   -7.500010233.9502   18.5258
    7.5000    7.5000   -7.5000 9611.1338   18.5920
   -7.5000   15.0000   -7.5000 9792.7471   18.5266
    0.0000   15.0000   -7.5000 9766.2852   18.5606
    7.5000   15.0000   -7.5000 9195.6533   18.6338
   -7.5000   22.5000   -7.5000 8893.5361   18.4013
    0.0000   22.5000   -7.5000 8876.4697   18.4411
    7.5000   22.5000   -7.5000 8366.7754   18.5129
   -7.5000   30.0000   -7.5000 8041.9868   18.2445
    0.0000   30.0000   -7.5000 8031.1245   18.2845
    7.5000   30.0000   -7.5000 7566.9575   18.3491
   -7.5000   37.5000   -7.5000 7215.0889   18.1734
    0.0000   37.5000   -7.5000 7195.6909   18.2085
    7.5000   37.5000   -7.5000 6788.9692   18.2676
   -7.5000   45.0000   -7.5000 6431.5205   18.1693
    0.0000   45.0000   -7.5000 6410.8140   18.1904
    7.5000   45.0000   -7.5000 6044.3730   18.2444
   -7.5000  -45.0000    0.0000 9282.9424   17.3899
    0.0000  -45.0000    0.0000 9282.6562   17.4118
    7.5000  -45.0000    0.0000 8780.5312   17.4759
   -7.5000  -37.5000    0.0000 9818.3242   18.4730
    0.0000  -37.5000    0.0000 9816.0635   18.5003
    7.5000  -37.5000    0.0000 9220.1865   18.5794
   -7.5000  -30.0000    0.000010471.7178   18.9676
    0.0000  -30.0000    0.000010462.1123   19.0034
    7.5000  -30.0000    0.0000 9670.7998   19.0940
   -7.5000  -22.5000    0.000011030.6611   19.0165
    0.0000  -22.5000    0.000011046.2061   19.0568
    7.5000  -22.5000    0.000010217.5664   19.1457
   -7.5000  -15.0000    0.000011506.0000   19.0423
    0.0000  -15.0000    0.000011549.3164   19.0784
    7.5000  -15.0000    0.000010723.0430   19.1545
   -7.5000   -7.5000    0.000011345.3516   19.0205
    0.0000   -7.5000    0.000011383.1836   19.0485
    7.5000   -7.5000    0.000010606.0186   19.1154
   -7.5000    0.0000    0.000011117.9609   18.9717
    0.0000    0.0000    0.000011139.1543   18.9955
    7.5000    0.0000    0.000010414.9277   19.0655
   -7.5000    7.5000    0.000010370.5283   18.9385
    0.0000    7.5000    0.000010378.2188   18.9665
    7.5000    7.5000    0.0000 9717.7441   19.0477
   -7.5000   15.0000    0.0000 9929.1953   18.9609
    0.0000   15.0000    0.0000 9924.8975   18.9966
    7.5000   15.0000    0.0000 9301.1348   19.0872
   -7.5000   22.5000    0.0000 9048.8838   18.8344
    0.0000   22.5000    0.0000 9044.9492   18.8748
    7.5000   22.5000    0.0000 8452.7334   18.9635
   -7.5000   30.0000    0.0000 8164.6699   18.6884
    0.0000   30.0000    0.0000 8153.4810   18.7273
    7.5000   30.0000    0.0000 7643.8643   18.8062
   -7.5000   37.5000    0.0000 7299.3823   18.6210
    0.0000   37.5000    0.0000 7295.9258   18.6530
    7.5000   37.5000    0.0000 6834.3345   18.7257
   -7.5000   45.0000    0.0000 6479.2305   18.6265
    0.0000   45.0000    0.0000 6467.7202   18.6484
    7.5000   45.0000    0.0000 6058.4941   18.7182
   -7.5000  -45.0000    7.5000 9031.6768   17.4102
    0.0000  -45.0000    7.5000 9027.2881   17.4266
    7.5000  -45.0000    7.5000 8555.6807   17.4919
   -7.5000  -37.5000    7.5000 9645.0410   18.4981
    0.0000  -37.5000    7.5000 9645.8291   18.5188
    7.5000  -37.5000    7.5000 9017.3633   18.5969
   -7.5000  -30.0000    7.500010409.1611   18.9906
    0.0000  -30.0000    7.500010416.7881   19.0192
    7.5000  -30.0000    7.5000 9506.6221   19.1086
   -7.5000  -22.5000    7.500010908.7646   19.0333
    0.0000  -22.5000    7.500010956.1084   19.0665
    7.5000  -22.5000    7.500010024.4336   19.1560
   -7.5000  -15.0000    7.500011279.4424   19.0552
    0.0000  -15.0000    7.500011344.6680   19.0846
    7.5000  -15.0000    7.500010463.5381   19.1637
   -7.5000   -7.5000    7.500011089.8438   19.0356
    0.0000   -7.5000    7.500011144.8408   19.0579
    7.5000   -7.5000    7.500010324.2061   19.1286
   -7.5000    0.0000    7.500010867.6895   18.9938
    0.0000    0.0000    7.500010911.3682   19.0117
    7.5000    0.0000    7.500010122.4326   19.0830
   -7.5000    7.5000    7.500010161.6963   18.9643
    0.0000    7.5000    7.500010177.2842   18.9855
    7.5000    7.5000    7.5000 9448.0635   19.0655
   -7.5000   15.0000    7.5000 9722.5791   18.9839
    0.0000   15.0000    7.5000 9726.7803   19.0124
    7.5000   15.0000    7.5000 9033.8711   19.1018
   -7.5000   22.5000    7.5000 8863.2607   18.8527
    0.0000   22.5000    7.5000 8850.0312   18.8862
    7.5000   22.5000    7.5000 8202.3574   18.9753
   -7.5000   30.0000    7.5000 7981.3315   18.7056
    0.0000   30.0000    7.5000 7965.2559   18.7370
    7.5000   30.0000    7.5000 7409.7886   18.8190
   -7.5000   37.5000    7.5000 7120.9663   18.6334
    0.0000   37.5000    7.5000 7114.0581   18.6578
    7.5000   37.5000    7.5000 6642.4932   18.7343
   -7.5000   45.0000    7.5000 6286.0352   18.6415
    0.0000   45.0000    7.5000 6262.1470   18.6588
    7.5000   45.0000    7.5000 5874.7041   18.7314
   -7.5000  -45.0000   15.0000 9099.8418   17.4269
    0.0000  -45.0000   15.0000 9125.5957   17.4405
    7.5000  -45.0000   15.0000 8645.0850   17.4970
   -7.5000  -37.5000   15.0000 9793.2666   18.5224
    0.0000  -37.5000   15.0000 9836.5488   18.5373
    7.5000  -37.5000   15.0000 9107.8740   18.6011
   -7.5000  -30.0000   15.000010581.6338   19.0185
    0.0000  -30.0000   15.000010637.0010   19.0399
    7.5000  -30.0000   15.0000 9612.9424   19.1123
   -7.5000  -22.5000   15.000011188.6865   19.0583
    0.0000  -22.5000   15.000011274.0684   19.0855
    7.5000  -22.5000   15.000010161.1260   19.1604
   -7.5000  -15.0000   15.000011571.1250   19.0738
    0.0000  -15.0000   15.000011642.1650   19.1002
    7.5000  -15.0000   15.000010610.5303   19.1702
   -7.5000   -7.5000   15.000011324.7227   19.0505
    0.0000   -7.5000   15.000011342.0264   19.0713
    7.5000   -7.5000   15.000010433.2236   19.1353
   -7.5000    0.0000   15.000011028.3164   19.0121
    0.0000    0.0000   15.000011025.9873   19.0269
    7.5000    0.0000   15.000010191.5947   19.0885
   -7.5000    7.5000   15.000010238.2979   18.9892
    0.0000    7.5000   15.000010224.1709   19.0045
    7.5000    7.5000   15.0000 9460.9551   19.0698
   -7.5000   15.0000   15.0000 9771.4570   19.0118
    0.0000   15.0000   15.0000 9767.4414   19.0332
    7.5000   15.0000   15.0000 9045.8213   19.1056
   -7.5000   22.5000   15.0000 8873.9434   18.8788
    0.0000   22.5000   15.0000 8867.1338   18.9060
    7.5000   22.5000   15.0000 8214.6143   18.9803
   -7.5000   30.0000   15.0000 7990.9482   18.7258
    0.0000   30.0000   15.0000 7980.7012   18.7525
    7.5000   30.0000   15.0000 7427.8657   18.8242
   -7.5000   37.5000   15.0000 7137.6040   18.6554
    0.0000   37.5000   15.0000 7144.2949   18.6773
    7.5000   37.5000   15.0000 6665.5117   18.7448
   -7.5000   45.0000   15.0000 6307.0537   18.6684
    0.0000   45.0000   15.0000 6298.2495   18.6821
    7.5000   45.0000   15.0000 5905.5762   18.7429
   -7.5000  -45.0000   22.5000 8775.2559   17.4369
    0.0000  -45.0000   22.5000 8801.4365   17.4538
    7.5000  -45.0000   22.5000 8264.4199   17.5003
   -7.5000  -37.5000   22.5000 9365.0420   18.5359
    0.0000  -37.5000   22.5000 9388.3604   18.5520
    7.5000  -37.5000   22.5000 8677.0781   18.6031
   -7.5000  -30.0000   22.500010007.6406   19.0379
    0.0000  -30.0000   22.500010013.5039   19.0589
    7.5000  -30.0000   22.5000 9140.6436   19.1163
   -7.5000  -22.5000   22.500010677.8105   19.0811
    0.0000  -22.5000   22.500010694.3643   19.1085
    7.5000  -22.5000   22.5000 9690.5312   19.1685
   -7.5000  -15.0000   22.500011178.5811   19.0942
    0.0000  -15.0000   22.500011208.2061   19.1238
    7.5000  -15.0000   22.500010174.4268   19.1813
   -7.5000   -7.5000   22.500010915.1025   19.0648
    0.0000   -7.5000   22.500010938.9463   19.0904
    7.5000   -7.5000   22.500010021.6279   19.1438
   -7.5000    0.0000   22.500010515.3896   19.0230
    0.0000    0.0000   22.500010534.4600   19.0414
    7.5000    0.0000   22.5000 9745.6816   19.0921
   -7.5000    7.5000   22.5000 9724.7529   19.0030
    0.0000    7.5000   22.5000 9723.4189   19.0195
    7.5000    7.5000   22.5000 9031.2500   19.0719
   -7.5000   15.0000   22.5000 9302.0947   19.0312
    0.0000   15.0000   22.5000 9302.4834   19.0522
    7.5000   15.0000   22.5000 8636.2246   19.1096
   -7.5000   22.5000   22.5000 8441.4131   18.9008
    0.0000   22.5000   22.5000 8443.6982   18.9278
    7.5000   22.5000   22.5000 7850.3633   18.9870
   -7.5000   30.0000   22.5000 7554.4185   18.7434
    0.0000   30.0000   22.5000 7568.0264   18.7726
    7.5000   30.0000   22.5000 7070.1543   18.8307
   -7.5000   37.5000   22.5000 6747.9580   18.6794
    0.0000   37.5000   22.5000 6753.4541   18.7066
    7.5000   37.5000   22.5000 6317.5918   18.7612
   -7.5000   45.0000   22.5000 5980.5186   18.6955
    0.0000   45.0000   22.5000 5988.3906   18.7104
    7.5000   45.0000   22.5000 5608.8716   18.7572
   -7.5000  -45.0000   30.0000 8344.9600   17.5165
    0.0000  -45.0000   30.0000 8369.9746   17.5387
    7.5000  -45.0000   30.0000 7825.7080   17.5862
   -7.5000  -37.5000   30.0000 8780.3643   18.6256
    0.0000  -37.5000   30.0000 8798.3691   18.6481
    7.5000  -37.5000   30.0000 8201.3584   18.7029
   -7.5000  -30.0000   30.0000 9199.2500   19.1378
    0.0000  -30.0000   30.0000 9200.2256   19.1660
    7.5000  -30.0000   30.0000 8612.9248   19.2273
   -7.5000  -22.5000   30.0000 9714.9629   19.1886
    0.0000  -22.5000   30.0000 9724.8955   19.2239
    7.5000  -22.5000   30.0000 9117.8623   19.2855
   -7.5000  -15.0000   30.000010244.8184   19.2053
    0.0000  -15.0000   30.000010275.6738   19.2422
    7.5000  -15.0000   30.0000 9596.5303   19.2988
   -7.5000   -7.5000   30.000010168.1387   19.1718
    0.0000   -7.5000   30.000010202.1055   19.2033
    7.5000   -7.5000   30.0000 9523.9150   19.2554
   -7.5000    0.0000   30.0000 9889.6992   19.1215
    0.0000    0.0000   30.0000 9918.1279   19.1458
    7.5000    0.0000   30.0000 9268.7686   19.1976
   -7.5000    7.5000   30.0000 9172.4932   19.0982
    0.0000    7.5000   30.0000 9178.2197   19.1213
    7.5000    7.5000   30.0000 8562.1094   19.1775
   -7.5000   15.0000   30.0000 8757.8887   19.1310
    0.0000   15.0000   30.0000 8761.0186   19.1592
    7.5000   15.0000   30.0000 8148.3267   19.2204
   -7.5000   22.5000   30.0000 7914.1353   19.0042
    0.0000   22.5000   30.0000 7916.1152   19.0390
    7.5000   22.5000   30.0000 7371.9863   19.0999
   -7.5000   30.0000   30.0000 7076.0454   18.8605
    0.0000   30.0000   30.0000 7084.3169   18.8976
    7.5000   30.0000   30.0000 6615.3511   18.9549
   -7.5000   37.5000   30.0000 6321.8027   18.8148
    0.0000   37.5000   30.0000 6330.4033   18.8496
    7.5000   37.5000   30.0000 5926.6372   18.9030
   -7.5000   45.0000   30.0000 5609.6572   18.8449
    0.0000   45.0000   30.0000 5610.7246   18.8639
    7.5000   45.0000   30.0000 5270.2344   18.9103
   -7.5000  -45.0000   37.5000 7802.0767   17.5316
    0.0000  -45.0000   37.5000 7818.7612   17.5567
    7.5000  -45.0000   37.5000 7374.5254   17.6133
   -7.5000  -37.5000   37.5000 8161.9146   18.6395
    0.0000  -37.5000   37.5000 8166.7471   18.6681
    7.5000  -37.5000   37.5000 7713.1309   18.7372
   -7.5000  -30.0000   37.5000 8540.2861   19.1393
    0.0000  -30.0000   37.5000 8532.4473   19.1763
    7.5000  -30.0000   37.5000 8086.1963   19.2544
   -7.5000  -22.5000   37.5000 9021.1055   19.1949
    0.0000  -22.5000   37.5000 9007.1650   19.2386
    7.5000  -22.5000   37.5000 8540.6729   19.3153
   -7.5000  -15.0000   37.5000 9520.1709   19.2177
    0.0000  -15.0000   37.5000 9514.4131   19.2597
    7.5000  -15.0000   37.5000 8983.0117   19.3263
   -7.5000   -7.5000   37.5000 9468.0361   19.1862
    0.0000   -7.5000   37.5000 9461.4551   19.2201
    7.5000   -7.5000   37.5000 8921.7686   19.2793
   -7.5000    0.0000   37.5000 9284.0820   19.1307
    0.0000    0.0000   37.5000 9266.5684   19.1581
    7.5000    0.0000   37.5000 8736.4883   19.2199
   -7.5000    7.5000   37.5000 8634.9697   19.1006
    0.0000    7.5000   37.5000 8630.4551   19.1300
    7.5000    7.5000   37.5000 8096.8896   19.2008
   -7.5000   15.0000   37.5000 8252.2158   19.1324
    0.0000   15.0000   37.5000 8245.8789   19.1693
    7.5000   15.0000   37.5000 7708.2700   19.2474
   -7.5000   22.5000   37.5000 7427.0703   18.9983
    0.0000   22.5000   37.5000 7422.7705   19.0417
    7.5000   22.5000   37.5000 6943.5762   19.1179
   -7.5000   30.0000   37.5000 6595.9111   18.8517
    0.0000   30.0000   37.5000 6598.9810   18.8955
    7.5000   30.0000   37.5000 6198.2827   18.9639
   -7.5000   37.5000   37.5000 5885.2642   18.7837
    0.0000   37.5000   37.5000 5884.5278   18.8222
    7.5000   37.5000   37.5000 5550.2075   18.8849
   -7.5000   45.0000   37.5000 5199.5073   18.7773
    0.0000   45.0000   37.5000 5191.8589   18.8009
    7.5000   45.0000   37.5000 4913.4341   18.8581
   -7.5000  -45.0000   45.0000 7240.6836   17.6064
    0.0000  -45.0000   45.0000 7251.8350   17.6288
    7.5000  -45.0000   45.0000 6854.7725   17.6981
   -7.5000  -37.5000   45.0000 7572.4375   18.7172
    0.0000  -37.5000   45.0000 7572.4844   18.7445
    7.5000  -37.5000   45.0000 7174.9814   18.8298
   -7.5000  -30.0000   45.0000 7932.5488   19.1932
    0.0000  -30.0000   45.0000 7924.4775   19.2291
    7.5000  -30.0000   45.0000 7522.8975   19.3258
   -7.5000  -22.5000   45.0000 8367.1084   19.2439
    0.0000  -22.5000   45.0000 8354.8535   19.2849
    7.5000  -22.5000   45.0000 7929.3179   19.3792
   -7.5000  -15.0000   45.0000 8825.5518   19.2693
    0.0000  -15.0000   45.0000 8812.1396   19.3066
    7.5000  -15.0000   45.0000 8341.3213   19.3874
   -7.5000   -7.5000   45.0000 8782.0000   19.2462
    0.0000   -7.5000   45.0000 8773.0420   19.2754
    7.5000   -7.5000   45.0000 8296.7295   19.3472
   -7.5000    0.0000   45.0000 8624.4639   19.1958
    0.0000    0.0000   45.0000 8608.5195   19.2202
    7.5000    0.0000   45.0000 8127.8965   19.2958
   -7.5000    7.5000   45.0000 8029.4775   19.1618
    0.0000    7.5000   45.0000 8009.7715   19.1898
    7.5000    7.5000   45.0000 7539.7227   19.2771
   -7.5000   15.0000   45.0000 7676.7539   19.1861
    0.0000   15.0000   45.0000 7651.3330   19.2219
    7.5000   15.0000   45.0000 7197.5894   19.3185
   -7.5000   22.5000   45.0000 6892.7075   19.0293
    0.0000   22.5000   45.0000 6874.1011   19.0702
    7.5000   22.5000   45.0000 6467.4058   19.1638
   -7.5000   30.0000   45.0000 6115.2739   18.8757
    0.0000   30.0000   45.0000 6106.4043   18.9155
    7.5000   30.0000   45.0000 5754.7759   18.9989
   -7.5000   37.5000   45.0000 5456.3218   18.7910
    0.0000   37.5000   45.0000 5443.6519   18.8244
    7.5000   37.5000   45.0000 5150.5503   18.9021
   -7.5000   45.0000   45.0000 4814.4565   18.7616
    0.0000   45.0000   45.0000 4812.2861   18.7844
    7.5000   45.0000   45.0000 4550.8584   18.8593

---------------------------------------------------------------------
imgreg_4dfp /opt/freesurfer/average/711-2C_as_mni_average_305 /opt/freesurfer/average/711-2B_as_mni_average_305_mask talsrcimg_g11 none talsrcimg_to_711-2C_as_mni_average_305_t4 4355
---------------------------------------------------------------------

freesurfer imgreg_4dfp.c
/opt/freesurfer/average/711-2C_as_mni_average_305.4dfp.img
       256       256       256         1
  1.000000  1.000000  1.000000
orientation T byte_order littleendian
Reading image: /opt/freesurfer/average/711-2C_as_mni_average_305.4dfp.img
dimensions:      256       256       256
mmppix:       1.0000   -1.0000   -1.0000
center:     128.0000 -129.0000 -129.0000
/opt/freesurfer/average/711-2B_as_mni_average_305_mask.4dfp.img
       256       256       256         1
  1.000000  1.000000  1.000000
orientation T byte_order littleendian
Reading mask: /opt/freesurfer/average/711-2B_as_mni_average_305_mask.4dfp.img (2306576 pixels)
talsrcimg_g11.4dfp.img
       256       256       256         1
  0.898437  0.898437  0.898437
orientation T byte_order littleendian
Reading image: talsrcimg_g11.4dfp.img
dimensions:      256       256       256
mmppix:       0.8984   -0.8984   -0.8984
center:     114.9999 -115.8984 -115.8984
rotation matrix determinant  1.000000
image alignment mode   4355 decimal     1103 hex
   -7.5000  -60.0000  -30.0000 2197.3274   18.2895
    0.0000  -60.0000  -30.0000 2194.8298   18.2529
    7.5000  -60.0000  -30.0000 2165.5305   18.5926
   -7.5000  -52.5000  -30.0000 2279.0999   16.7797
    0.0000  -52.5000  -30.0000 2281.2429   16.7723
    7.5000  -52.5000  -30.0000 2249.2993   17.0581
   -7.5000  -45.0000  -30.0000 2353.9531   15.9236
    0.0000  -45.0000  -30.0000 2352.0447   15.9019
    7.5000  -45.0000  -30.0000 2320.5725   16.1527
   -7.5000  -37.5000  -30.0000 2385.5715   15.2950
    0.0000  -37.5000  -30.0000 2388.4534   15.2580
    7.5000  -37.5000  -30.0000 2351.6970   15.5510
   -7.5000  -30.0000  -30.0000 2401.1882   14.9663
    0.0000  -30.0000  -30.0000 2400.4336   14.9493
    7.5000  -30.0000  -30.0000 2374.0388   15.2268
   -7.5000  -22.5000  -30.0000 2404.0996   14.9274
    0.0000  -22.5000  -30.0000 2403.4094   14.9095
    7.5000  -22.5000  -30.0000 2375.6929   15.2365
   -7.5000  -15.0000  -30.0000 2391.7871   15.1947
    0.0000  -15.0000  -30.0000 2397.2144   15.1660
    7.5000  -15.0000  -30.0000 2363.4834   15.5120
   -7.5000   -7.5000  -30.0000 2364.2395   15.7147
    0.0000   -7.5000  -30.0000 2371.0793   15.7028
    7.5000   -7.5000  -30.0000 2335.6277   16.0454
   -7.5000    0.0000  -30.0000 2316.9583   16.5467
    0.0000    0.0000  -30.0000 2320.1909   16.5381
    7.5000    0.0000  -30.0000 2284.8633   16.8985
   -7.5000    7.5000  -30.0000 2248.2195   17.6988
    0.0000    7.5000  -30.0000 2254.9084   17.6578
    7.5000    7.5000  -30.0000 2220.4932   18.0568
   -7.5000   15.0000  -30.0000 2160.9556   19.2208
    0.0000   15.0000  -30.0000 2163.0964   19.2225
    7.5000   15.0000  -30.0000 2128.2776   19.6274
   -7.5000   22.5000  -30.0000 2058.4795   21.3253
    0.0000   22.5000  -30.0000 2058.0007   21.3042
    7.5000   22.5000  -30.0000 2018.0121   21.7280
   -7.5000   30.0000  -30.0000 1940.4293   24.1340
    0.0000   30.0000  -30.0000 1939.9663   24.1085
    7.5000   30.0000  -30.0000 1906.4259   24.5275
   -7.5000  -60.0000  -22.5000 2314.8674   17.6624
    0.0000  -60.0000  -22.5000 2319.7930   17.6656
    7.5000  -60.0000  -22.5000 2282.5574   17.9758
   -7.5000  -52.5000  -22.5000 2400.1050   16.1842
    0.0000  -52.5000  -22.5000 2405.0601   16.1608
    7.5000  -52.5000  -22.5000 2369.7207   16.4043
   -7.5000  -45.0000  -22.5000 2480.1497   15.2839
    0.0000  -45.0000  -22.5000 2485.4268   15.2312
    7.5000  -45.0000  -22.5000 2455.1975   15.4818
   -7.5000  -37.5000  -22.5000 2526.6772   14.6338
    0.0000  -37.5000  -22.5000 2529.1877   14.5805
    7.5000  -37.5000  -22.5000 2498.5708   14.8318
   -7.5000  -30.0000  -22.5000 2557.1555   14.2699
    0.0000  -30.0000  -22.5000 2556.4956   14.2329
    7.5000  -30.0000  -22.5000 2522.3569   14.4890
   -7.5000  -22.5000  -22.5000 2558.2244   14.2035
    0.0000  -22.5000  -22.5000 2558.2297   14.2036
    7.5000  -22.5000  -22.5000 2524.3198   14.4818
   -7.5000  -15.0000  -22.5000 2547.7473   14.4328
    0.0000  -15.0000  -22.5000 2551.4409   14.4304
    7.5000  -15.0000  -22.5000 2514.2834   14.7531
   -7.5000   -7.5000  -22.5000 2522.3950   14.9607
    0.0000   -7.5000  -22.5000 2525.9475   14.9308
    7.5000   -7.5000  -22.5000 2485.6047   15.2599
   -7.5000    0.0000  -22.5000 2471.1106   15.7281
    0.0000    0.0000  -22.5000 2471.1084   15.7132
    7.5000    0.0000  -22.5000 2432.8186   16.0639
   -7.5000    7.5000  -22.5000 2391.0969   16.8354
    0.0000    7.5000  -22.5000 2393.4792   16.8089
    7.5000    7.5000  -22.5000 2356.1138   17.1758
   -7.5000   15.0000  -22.5000 2297.3833   18.3052
    0.0000   15.0000  -22.5000 2296.9526   18.3010
    7.5000   15.0000  -22.5000 2260.6929   18.7041
   -7.5000   22.5000  -22.5000 2184.8188   20.3394
    0.0000   22.5000  -22.5000 2188.4609   20.2876
    7.5000   22.5000  -22.5000 2146.2722   20.7178
   -7.5000   30.0000  -22.5000 2054.0415   22.9387
    0.0000   30.0000  -22.5000 2056.1863   22.8896
    7.5000   30.0000  -22.5000 2014.7838   23.3808
   -7.5000  -60.0000  -15.0000 2398.9988   16.8863
    0.0000  -60.0000  -15.0000 2402.3262   16.8603
    7.5000  -60.0000  -15.0000 2362.2620   17.1490
   -7.5000  -52.5000  -15.0000 2489.2080   15.3798
    0.0000  -52.5000  -15.0000 2491.6794   15.3586
    7.5000  -52.5000  -15.0000 2458.6980   15.6276
   -7.5000  -45.0000  -15.0000 2581.5161   14.5248
    0.0000  -45.0000  -15.0000 2586.4919   14.4758
    7.5000  -45.0000  -15.0000 2557.8530   14.7250
   -7.5000  -37.5000  -15.0000 2634.8218   13.8728
    0.0000  -37.5000  -15.0000 2641.9070   13.8416
    7.5000  -37.5000  -15.0000 2610.8914   14.0301
   -7.5000  -30.0000  -15.0000 2679.5249   13.4499
    0.0000  -30.0000  -15.0000 2683.9590   13.4330
    7.5000  -30.0000  -15.0000 2644.8650   13.6641
   -7.5000  -22.5000  -15.0000 2690.9155   13.3578
    0.0000  -22.5000  -15.0000 2695.2551   13.3766
    7.5000  -22.5000  -15.0000 2649.5254   13.6444
   -7.5000  -15.0000  -15.0000 2682.8474   13.5993
    0.0000  -15.0000  -15.0000 2690.2944   13.6062
    7.5000  -15.0000  -15.0000 2646.0320   13.9289
   -7.5000   -7.5000  -15.0000 2659.4805   14.1222
    0.0000   -7.5000  -15.0000 2665.0107   14.0971
    7.5000   -7.5000  -15.0000 2615.8301   14.4365
   -7.5000    0.0000  -15.0000 2596.6865   14.8631
    0.0000    0.0000  -15.0000 2600.2058   14.8388
    7.5000    0.0000  -15.0000 2557.8816   15.1973
   -7.5000    7.5000  -15.0000 2508.6599   15.8973
    0.0000    7.5000  -15.0000 2511.9436   15.8778
    7.5000    7.5000  -15.0000 2470.9219   16.2231
   -7.5000   15.0000  -15.0000 2406.6580   17.3462
    0.0000   15.0000  -15.0000 2404.8064   17.2951
    7.5000   15.0000  -15.0000 2367.5974   17.6612
   -7.5000   22.5000  -15.0000 2281.9414   19.2339
    0.0000   22.5000  -15.0000 2290.3860   19.1742
    7.5000   22.5000  -15.0000 2250.6995   19.5942
   -7.5000   30.0000  -15.0000 2141.6675   21.7316
    0.0000   30.0000  -15.0000 2146.1768   21.6383
    7.5000   30.0000  -15.0000 2106.1133   22.0547
   -7.5000  -60.0000   -7.5000 2439.1904   15.9997
    0.0000  -60.0000   -7.5000 2440.3335   15.9900
    7.5000  -60.0000   -7.5000 2409.6812   16.3251
   -7.5000  -52.5000   -7.5000 2536.6970   14.5703
    0.0000  -52.5000   -7.5000 2541.9375   14.5434
    7.5000  -52.5000   -7.5000 2514.5271   14.8351
   -7.5000  -45.0000   -7.5000 2645.2407   13.7030
    0.0000  -45.0000   -7.5000 2652.7725   13.7032
    7.5000  -45.0000   -7.5000 2624.6802   13.9266
   -7.5000  -37.5000   -7.5000 2710.2507   13.0298
    0.0000  -37.5000   -7.5000 2713.8083   13.0416
    7.5000  -37.5000   -7.5000 2686.2896   13.2582
   -7.5000  -30.0000   -7.5000 2768.4497   12.6603
    0.0000  -30.0000   -7.5000 2775.1077   12.6442
    7.5000  -30.0000   -7.5000 2728.4727   12.8727
   -7.5000  -22.5000   -7.5000 2791.3135   12.5253
    0.0000  -22.5000   -7.5000 2794.6917   12.5261
    7.5000  -22.5000   -7.5000 2740.3188   12.8307
   -7.5000  -15.0000   -7.5000 2782.9150   12.7136
    0.0000  -15.0000   -7.5000 2791.2478   12.7425
    7.5000  -15.0000   -7.5000 2740.8640   13.0705
   -7.5000   -7.5000   -7.5000 2751.1899   13.2138
    0.0000   -7.5000   -7.5000 2759.1501   13.2023
    7.5000   -7.5000   -7.5000 2706.5178   13.5316
   -7.5000    0.0000   -7.5000 2679.8525   13.9307
    0.0000    0.0000   -7.5000 2686.2625   13.9235
    7.5000    0.0000   -7.5000 2643.1128   14.2569
   -7.5000    7.5000   -7.5000 2586.5669   14.9342
    0.0000    7.5000   -7.5000 2588.9905   14.9213
    7.5000    7.5000   -7.5000 2553.1116   15.2656
   -7.5000   15.0000   -7.5000 2473.2268   16.3567
    0.0000   15.0000   -7.5000 2474.8513   16.3067
    7.5000   15.0000   -7.5000 2439.8599   16.7224
   -7.5000   22.5000   -7.5000 2343.2148   18.1724
    0.0000   22.5000   -7.5000 2347.6401   18.1232
    7.5000   22.5000   -7.5000 2312.4387   18.5549
   -7.5000   30.0000   -7.5000 2197.7285   20.4875
    0.0000   30.0000   -7.5000 2201.9092   20.4083
    7.5000   30.0000   -7.5000 2164.0146   20.8632
   -7.5000  -60.0000    0.0000 2471.4644   15.4945
    0.0000  -60.0000    0.0000 2471.9453   15.4756
    7.5000  -60.0000    0.0000 2443.4795   15.8724
   -7.5000  -52.5000    0.0000 2580.0137   14.0884
    0.0000  -52.5000    0.0000 2583.9451   14.0629
    7.5000  -52.5000    0.0000 2556.4697   14.4053
   -7.5000  -45.0000    0.0000 2705.3352   13.2099
    0.0000  -45.0000    0.0000 2710.9333   13.1965
    7.5000  -45.0000    0.0000 2682.7466   13.4914
   -7.5000  -37.5000    0.0000 2787.1787   12.5405
    0.0000  -37.5000    0.0000 2793.5364   12.5497
    7.5000  -37.5000    0.0000 2763.4854   12.7981
   -7.5000  -30.0000    0.0000 2857.0295   12.2101
    0.0000  -30.0000    0.0000 2863.0803   12.1896
    7.5000  -30.0000    0.0000 2813.5146   12.4107
   -7.5000  -22.5000    0.0000 2885.8997   11.9904
    0.0000  -22.5000    0.0000 2892.9165   11.9923
    7.5000  -22.5000    0.0000 2828.8684   12.3058
   -7.5000  -15.0000    0.0000 2873.3259   12.1099
    0.0000  -15.0000    0.0000 2881.4121   12.1276
    7.5000  -15.0000    0.0000 2821.1050   12.4934
   -7.5000   -7.5000    0.0000 2822.9922   12.5805
    0.0000   -7.5000    0.0000 2832.9365   12.5688
    7.5000   -7.5000    0.0000 2782.1182   12.9396
   -7.5000    0.0000    0.0000 2747.5022   13.2747
    0.0000    0.0000    0.0000 2757.9204   13.2725
    7.5000    0.0000    0.0000 2713.9661   13.6602
   -7.5000    7.5000    0.0000 2649.4473   14.2973
    0.0000    7.5000    0.0000 2655.2734   14.3038
    7.5000    7.5000    0.0000 2615.8857   14.7223
   -7.5000   15.0000    0.0000 2534.9255   15.7303
    0.0000   15.0000    0.0000 2537.1257   15.6930
    7.5000   15.0000    0.0000 2498.7395   16.1653
   -7.5000   22.5000    0.0000 2405.1924   17.4834
    0.0000   22.5000    0.0000 2409.5078   17.4272
    7.5000   22.5000    0.0000 2362.0178   17.9398
   -7.5000   30.0000    0.0000 2249.9248   19.7206
    0.0000   30.0000    0.0000 2253.5325   19.6828
    7.5000   30.0000    0.0000 2213.7485   20.1725
   -7.5000  -60.0000    7.5000 2482.3159   15.1509
    0.0000  -60.0000    7.5000 2482.6887   15.1137
    7.5000  -60.0000    7.5000 2448.5923   15.5337
   -7.5000  -52.5000    7.5000 2597.9233   13.7454
    0.0000  -52.5000    7.5000 2602.8193   13.7106
    7.5000  -52.5000    7.5000 2574.1667   14.0660
   -7.5000  -45.0000    7.5000 2732.6675   12.8373
    0.0000  -45.0000    7.5000 2742.1697   12.8176
    7.5000  -45.0000    7.5000 2710.9973   13.1332
   -7.5000  -37.5000    7.5000 2836.5447   12.1967
    0.0000  -37.5000    7.5000 2842.4204   12.1836
    7.5000  -37.5000    7.5000 2809.0288   12.4329
   -7.5000  -30.0000    7.5000 2922.6177   11.9261
    0.0000  -30.0000    7.5000 2930.6150   11.9022
    7.5000  -30.0000    7.5000 2869.5344   12.0723
   -7.5000  -22.5000    7.5000 2963.3491   11.6739
    0.0000  -22.5000    7.5000 2974.2744   11.6898
    7.5000  -22.5000    7.5000 2890.4773   11.9216
   -7.5000  -15.0000    7.5000 2936.5227   11.6522
    0.0000  -15.0000    7.5000 2944.9788   11.7149
    7.5000  -15.0000    7.5000 2870.3657   12.0549
   -7.5000   -7.5000    7.5000 2873.5515   12.0652
    0.0000   -7.5000    7.5000 2879.8906   12.1020
    7.5000   -7.5000    7.5000 2823.7241   12.4725
   -7.5000    0.0000    7.5000 2791.6470   12.8097
    0.0000    0.0000    7.5000 2803.2690   12.8136
    7.5000    0.0000    7.5000 2752.9485   13.1974
   -7.5000    7.5000    7.5000 2691.2454   13.9066
    0.0000    7.5000    7.5000 2698.5947   13.8855
    7.5000    7.5000    7.5000 2653.9346   14.2696
   -7.5000   15.0000    7.5000 2566.9180   15.3056
    0.0000   15.0000    7.5000 2573.2776   15.2566
    7.5000   15.0000    7.5000 2530.4951   15.6804
   -7.5000   22.5000    7.5000 2434.1069   17.0117
    0.0000   22.5000    7.5000 2439.6118   16.9649
    7.5000   22.5000    7.5000 2386.5332   17.4104
   -7.5000   30.0000    7.5000 2275.8008   19.1904
    0.0000   30.0000    7.5000 2280.3132   19.1265
    7.5000   30.0000    7.5000 2237.8228   19.5909
   -7.5000  -60.0000   15.0000 2470.7285   14.9396
    0.0000  -60.0000   15.0000 2471.9111   14.9221
    7.5000  -60.0000   15.0000 2443.6257   15.3831
   -7.5000  -52.5000   15.0000 2597.7065   13.5461
    0.0000  -52.5000   15.0000 2600.2791   13.5541
    7.5000  -52.5000   15.0000 2575.7769   13.9200
   -7.5000  -45.0000   15.0000 2739.4692   12.6632
    0.0000  -45.0000   15.0000 2745.5715   12.6785
    7.5000  -45.0000   15.0000 2720.9702   12.9901
   -7.5000  -37.5000   15.0000 2861.3489   12.0701
    0.0000  -37.5000   15.0000 2867.0928   12.0968
    7.5000  -37.5000   15.0000 2828.6787   12.3386
   -7.5000  -30.0000   15.0000 2964.8799   11.8521
    0.0000  -30.0000   15.0000 2975.5051   11.8651
    7.5000  -30.0000   15.0000 2897.4746   11.9748
   -7.5000  -22.5000   15.0000 3016.1575   11.6184
    0.0000  -22.5000   15.0000 3033.1362   11.6815
    7.5000  -22.5000   15.0000 2921.5750   11.8022
   -7.5000  -15.0000   15.0000 2973.2339   11.5961
    0.0000  -15.0000   15.0000 2985.2405   11.6590
    7.5000  -15.0000   15.0000 2896.4849   11.9005
   -7.5000   -7.5000   15.0000 2900.6348   11.8910
    0.0000   -7.5000   15.0000 2899.0356   11.9463
    7.5000   -7.5000   15.0000 2844.2661   12.2357
   -7.5000    0.0000   15.0000 2805.9631   12.6239
    0.0000    0.0000   15.0000 2813.3682   12.6285
    7.5000    0.0000   15.0000 2768.3164   12.9313
   -7.5000    7.5000   15.0000 2697.6746   13.7049
    0.0000    7.5000   15.0000 2704.3528   13.6759
    7.5000    7.5000   15.0000 2663.1956   13.9872
   -7.5000   15.0000   15.0000 2571.1533   15.0920
    0.0000   15.0000   15.0000 2578.4968   15.0442
    7.5000   15.0000   15.0000 2537.4270   15.3637
   -7.5000   22.5000   15.0000 2434.3318   16.8060
    0.0000   22.5000   15.0000 2438.7996   16.7740
    7.5000   22.5000   15.0000 2392.9600   17.1368
   -7.5000   30.0000   15.0000 2278.8606   18.9485
    0.0000   30.0000   15.0000 2279.6753   18.9107
    7.5000   30.0000   15.0000 2247.8052   19.3021
   -7.5000  -60.0000   22.5000 2452.0532   14.9773
    0.0000  -60.0000   22.5000 2458.7383   15.0239
    7.5000  -60.0000   22.5000 2434.2236   15.5116
   -7.5000  -52.5000   22.5000 2580.9934   13.6202
    0.0000  -52.5000   22.5000 2586.7134   13.6503
    7.5000  -52.5000   22.5000 2564.4229   14.0242
   -7.5000  -45.0000   22.5000 2731.0308   12.7792
    0.0000  -45.0000   22.5000 2736.4004   12.7929
    7.5000  -45.0000   22.5000 2711.2468   13.1197
   -7.5000  -37.5000   22.5000 2857.3982   12.2208
    0.0000  -37.5000   22.5000 2862.3105   12.2438
    7.5000  -37.5000   22.5000 2821.5730   12.4409
   -7.5000  -30.0000   22.5000 2957.5537   11.8869
    0.0000  -30.0000   22.5000 2967.7844   11.8954
    7.5000  -30.0000   22.5000 2889.3708   12.0368
   -7.5000  -22.5000   22.5000 3004.6162   11.6749
    0.0000  -22.5000   22.5000 3014.5129   11.7075
    7.5000  -22.5000   22.5000 2916.6863   11.8828
   -7.5000  -15.0000   22.5000 2975.2007   11.7788
    0.0000  -15.0000   22.5000 2985.6982   11.8098
    7.5000  -15.0000   22.5000 2897.8606   11.9916
   -7.5000   -7.5000   22.5000 2896.8464   12.1200
    0.0000   -7.5000   22.5000 2902.2432   12.1454
    7.5000   -7.5000   22.5000 2840.0481   12.3405
   -7.5000    0.0000   22.5000 2791.6887   12.7209
    0.0000    0.0000   22.5000 2798.9597   12.7300
    7.5000    0.0000   22.5000 2759.0674   12.9956
   -7.5000    7.5000   22.5000 2679.2307   13.7225
    0.0000    7.5000   22.5000 2682.1152   13.7058
    7.5000    7.5000   22.5000 2649.8618   14.0000
   -7.5000   15.0000   22.5000 2554.8687   15.0689
    0.0000   15.0000   22.5000 2555.1672   15.0305
    7.5000   15.0000   22.5000 2520.0620   15.3559
   -7.5000   22.5000   22.5000 2413.4414   16.7497
    0.0000   22.5000   22.5000 2412.6670   16.7200
    7.5000   22.5000   22.5000 2382.2944   17.1224
   -7.5000   30.0000   22.5000 2248.0227   18.8857
    0.0000   30.0000   22.5000 2250.6194   18.8369
    7.5000   30.0000   22.5000 2227.3960   19.2743
   -7.5000  -60.0000   30.0000 2431.5442   15.4516
    0.0000  -60.0000   30.0000 2439.2891   15.4987
    7.5000  -60.0000   30.0000 2412.2839   15.9040
   -7.5000  -52.5000   30.0000 2557.1289   14.0604
    0.0000  -52.5000   30.0000 2563.5720   14.0837
    7.5000  -52.5000   30.0000 2538.3521   14.4506
   -7.5000  -45.0000   30.0000 2704.7097   13.2161
    0.0000  -45.0000   30.0000 2711.2590   13.2121
    7.5000  -45.0000   30.0000 2679.5632   13.5421
   -7.5000  -37.5000   30.0000 2821.7261   12.5644
    0.0000  -37.5000   30.0000 2829.5437   12.5736
    7.5000  -37.5000   30.0000 2788.6958   12.8290
   -7.5000  -30.0000   30.0000 2898.4658   12.0626
    0.0000  -30.0000   30.0000 2906.8113   12.0459
    7.5000  -30.0000   30.0000 2853.2151   12.3619
   -7.5000  -22.5000   30.0000 2933.7747   11.8604
    0.0000  -22.5000   30.0000 2942.1411   11.8708
    7.5000  -22.5000   30.0000 2884.3586   12.2113
   -7.5000  -15.0000   30.0000 2922.5122   12.0281
    0.0000  -15.0000   30.0000 2936.1030   12.0454
    7.5000  -15.0000   30.0000 2864.8271   12.3561
   -7.5000   -7.5000   30.0000 2854.4558   12.5231
    0.0000   -7.5000   30.0000 2863.1880   12.5301
    7.5000   -7.5000   30.0000 2805.5569   12.7704
   -7.5000    0.0000   30.0000 2745.8369   13.2022
    0.0000    0.0000   30.0000 2754.5332   13.1902
    7.5000    0.0000   30.0000 2719.5603   13.4148
   -7.5000    7.5000   30.0000 2639.3926   14.1238
    0.0000    7.5000   30.0000 2642.3716   14.1329
    7.5000    7.5000   30.0000 2611.3325   14.3677
   -7.5000   15.0000   30.0000 2518.2402   15.3478
    0.0000   15.0000   30.0000 2518.0161   15.3208
    7.5000   15.0000   30.0000 2485.0027   15.6316
   -7.5000   22.5000   30.0000 2374.0061   16.9682
    0.0000   22.5000   30.0000 2372.7378   16.9468
    7.5000   22.5000   30.0000 2344.4280   17.2895
   -7.5000   30.0000   30.0000 2209.2476   19.1053
    0.0000   30.0000   30.0000 2216.3767   19.0101
    7.5000   30.0000   30.0000 2190.6499   19.3996
   -7.5000  -60.0000   37.5000 2405.3655   16.1010
    0.0000  -60.0000   37.5000 2407.1841   16.1233
    7.5000  -60.0000   37.5000 2379.9167   16.5786
   -7.5000  -52.5000   37.5000 2523.5518   14.6757
    0.0000  -52.5000   37.5000 2531.6067   14.6484
    7.5000  -52.5000   37.5000 2499.2441   15.0809
   -7.5000  -45.0000   37.5000 2664.1746   13.7561
    0.0000  -45.0000   37.5000 2672.4180   13.7367
    7.5000  -45.0000   37.5000 2637.6919   14.1289
   -7.5000  -37.5000   37.5000 2763.2937   12.9994
    0.0000  -37.5000   37.5000 2773.5005   12.9572
    7.5000  -37.5000   37.5000 2737.3550   13.3518
   -7.5000  -30.0000   37.5000 2832.4385   12.4815
    0.0000  -30.0000   37.5000 2838.7363   12.4434
    7.5000  -30.0000   37.5000 2795.8069   12.8334
   -7.5000  -22.5000   37.5000 2857.9700   12.2938
    0.0000  -22.5000   37.5000 2861.5908   12.2953
    7.5000  -22.5000   37.5000 2819.0278   12.6636
   -7.5000  -15.0000   37.5000 2845.3372   12.4830
    0.0000  -15.0000   37.5000 2855.7935   12.4901
    7.5000  -15.0000   37.5000 2803.2927   12.8076
   -7.5000   -7.5000   37.5000 2785.8940   12.9951
    0.0000   -7.5000   37.5000 2794.4089   12.9785
    7.5000   -7.5000   37.5000 2746.0405   13.2478
   -7.5000    0.0000   37.5000 2691.8757   13.7134
    0.0000    0.0000   37.5000 2694.3645   13.6969
    7.5000    0.0000   37.5000 2662.3777   13.9220
   -7.5000    7.5000   37.5000 2586.8364   14.6536
    0.0000    7.5000   37.5000 2593.1194   14.6613
    7.5000    7.5000   37.5000 2562.4380   14.9299
   -7.5000   15.0000   37.5000 2463.4299   15.9347
    0.0000   15.0000   37.5000 2469.8005   15.9192
    7.5000   15.0000   37.5000 2438.4607   16.2093
   -7.5000   22.5000   37.5000 2315.1765   17.5765
    0.0000   22.5000   37.5000 2322.9153   17.4978
    7.5000   22.5000   37.5000 2295.2534   17.8064
   -7.5000   30.0000   37.5000 2153.3252   19.6132
    0.0000   30.0000   37.5000 2158.0217   19.5545
    7.5000   30.0000   37.5000 2131.6711   19.9236
   -7.5000  -60.0000   45.0000 2340.4612   16.8203
    0.0000  -60.0000   45.0000 2348.8257   16.8002
    7.5000  -60.0000   45.0000 2320.4939   17.3349
   -7.5000  -52.5000   45.0000 2458.4946   15.3551
    0.0000  -52.5000   45.0000 2467.2930   15.3220
    7.5000  -52.5000   45.0000 2431.2710   15.7843
   -7.5000  -45.0000   45.0000 2588.3188   14.4014
    0.0000  -45.0000   45.0000 2595.4644   14.3530
    7.5000  -45.0000   45.0000 2561.2385   14.7874
   -7.5000  -37.5000   45.0000 2676.2839   13.6081
    0.0000  -37.5000   45.0000 2685.9033   13.5538
    7.5000  -37.5000   45.0000 2648.5813   14.0157
   -7.5000  -30.0000   45.0000 2736.9495   13.0895
    0.0000  -30.0000   45.0000 2741.2566   13.0548
    7.5000  -30.0000   45.0000 2701.9060   13.4818
   -7.5000  -22.5000   45.0000 2750.7588   12.9054
    0.0000  -22.5000   45.0000 2754.9150   12.8844
    7.5000  -22.5000   45.0000 2718.8616   13.2892
   -7.5000  -15.0000   45.0000 2734.4543   13.0913
    0.0000  -15.0000   45.0000 2742.6628   13.0553
    7.5000  -15.0000   45.0000 2701.9053   13.3999
   -7.5000   -7.5000   45.0000 2673.3257   13.5852
    0.0000   -7.5000   45.0000 2681.5583   13.5596
    7.5000   -7.5000   45.0000 2648.5020   13.8435
   -7.5000    0.0000   45.0000 2592.5439   14.2858
    0.0000    0.0000   45.0000 2592.8191   14.2593
    7.5000    0.0000   45.0000 2568.1545   14.5114
   -7.5000    7.5000   45.0000 2499.6865   15.2123
    0.0000    7.5000   45.0000 2502.1543   15.2244
    7.5000    7.5000   45.0000 2472.2771   15.4682
   -7.5000   15.0000   45.0000 2381.2632   16.5453
    0.0000   15.0000   45.0000 2383.7419   16.5247
    7.5000   15.0000   45.0000 2357.2322   16.8171
   -7.5000   22.5000   45.0000 2230.4399   18.2213
    0.0000   22.5000   45.0000 2233.7957   18.1586
    7.5000   22.5000   45.0000 2210.4663   18.4869
   -7.5000   30.0000   45.0000 2078.3369   20.2777
    0.0000   30.0000   45.0000 2082.6853   20.2392
    7.5000   30.0000   45.0000 2054.9746   20.6130
   -7.5000  -60.0000   52.5000 2254.0718   17.4850
    0.0000  -60.0000   52.5000 2264.3940   17.4876
    7.5000  -60.0000   52.5000 2233.9275   18.0175
   -7.5000  -52.5000   52.5000 2363.5906   16.0416
    0.0000  -52.5000   52.5000 2375.4739   15.9803
    7.5000  -52.5000   52.5000 2340.2395   16.4639
   -7.5000  -45.0000   52.5000 2484.6348   15.0830
    0.0000  -45.0000   52.5000 2492.8335   15.0290
    7.5000  -45.0000   52.5000 2458.2922   15.4771
   -7.5000  -37.5000   52.5000 2561.8577   14.3056
    0.0000  -37.5000   52.5000 2569.7656   14.2517
    7.5000  -37.5000   52.5000 2534.0938   14.7148
   -7.5000  -30.0000   52.5000 2610.1533   13.7946
    0.0000  -30.0000   52.5000 2612.0608   13.7694
    7.5000  -30.0000   52.5000 2579.0271   14.2049
   -7.5000  -22.5000   52.5000 2617.5537   13.5983
    0.0000  -22.5000   52.5000 2619.8386   13.5818
    7.5000  -22.5000   52.5000 2590.2290   13.9864
   -7.5000  -15.0000   52.5000 2601.0710   13.7552
    0.0000  -15.0000   52.5000 2603.5764   13.7182
    7.5000  -15.0000   52.5000 2575.8315   14.0564
   -7.5000   -7.5000   52.5000 2548.3076   14.2081
    0.0000   -7.5000   52.5000 2555.8787   14.1734
    7.5000   -7.5000   52.5000 2529.3931   14.4693
   -7.5000    0.0000   52.5000 2474.0957   14.8981
    0.0000    0.0000   52.5000 2477.9487   14.8535
    7.5000    0.0000   52.5000 2451.9333   15.1345
   -7.5000    7.5000   52.5000 2384.5417   15.8161
    0.0000    7.5000   52.5000 2388.0669   15.8006
    7.5000    7.5000   52.5000 2355.8972   16.0553
   -7.5000   15.0000   52.5000 2270.1101   17.1612
    0.0000   15.0000   52.5000 2272.4785   17.1050
    7.5000   15.0000   52.5000 2244.2334   17.3999
   -7.5000   22.5000   52.5000 2129.2654   18.8599
    0.0000   22.5000   52.5000 2137.9353   18.7933
    7.5000   22.5000   52.5000 2109.0330   19.1177
   -7.5000   30.0000   52.5000 1982.6135   20.9728
    0.0000   30.0000   52.5000 1990.8049   20.9460
    7.5000   30.0000   52.5000 1968.0444   21.2946
   -7.5000  -60.0000   60.0000 2189.8015   18.7486
    0.0000  -60.0000   60.0000 2205.3386   18.7119
    7.5000  -60.0000   60.0000 2168.8052   19.2577
   -7.5000  -52.5000   60.0000 2292.3474   17.1835
    0.0000  -52.5000   60.0000 2308.2742   17.1607
    7.5000  -52.5000   60.0000 2273.0903   17.6325
   -7.5000  -45.0000   60.0000 2404.8687   16.2335
    0.0000  -45.0000   60.0000 2420.4685   16.1926
    7.5000  -45.0000   60.0000 2385.7668   16.6727
   -7.5000  -37.5000   60.0000 2473.2625   15.4645
    0.0000  -37.5000   60.0000 2486.2163   15.3979
    7.5000  -37.5000   60.0000 2450.2236   15.8645
   -7.5000  -30.0000   60.0000 2511.2373   14.9208
    0.0000  -30.0000   60.0000 2515.3296   14.9004
    7.5000  -30.0000   60.0000 2486.3904   15.3139
   -7.5000  -22.5000   60.0000 2520.4197   14.7667
    0.0000  -22.5000   60.0000 2521.8208   14.7342
    7.5000  -22.5000   60.0000 2495.3499   15.1368
   -7.5000  -15.0000   60.0000 2499.7947   14.8535
    0.0000  -15.0000   60.0000 2501.5063   14.8253
    7.5000  -15.0000   60.0000 2481.3076   15.1578
   -7.5000   -7.5000   60.0000 2454.0012   15.2734
    0.0000   -7.5000   60.0000 2463.6682   15.2470
    7.5000   -7.5000   60.0000 2437.3838   15.5509
   -7.5000    0.0000   60.0000 2391.6577   15.9648
    0.0000    0.0000   60.0000 2400.6484   15.8964
    7.5000    0.0000   60.0000 2371.3208   16.1757
   -7.5000    7.5000   60.0000 2299.7686   16.9351
    0.0000    7.5000   60.0000 2304.5002   16.8826
    7.5000    7.5000   60.0000 2277.4946   17.1287
   -7.5000   15.0000   60.0000 2187.8960   18.2743
    0.0000   15.0000   60.0000 2192.2439   18.2075
    7.5000   15.0000   60.0000 2164.9221   18.4526
   -7.5000   22.5000   60.0000 2055.0305   20.1103
    0.0000   22.5000   60.0000 2065.1599   20.0206
    7.5000   22.5000   60.0000 2035.8755   20.3085
   -7.5000   30.0000   60.0000 1916.4133   22.2843
    0.0000   30.0000   60.0000 1924.3555   22.2093
    7.5000   30.0000   60.0000 1904.0328   22.5173

---------------------------------------------------------------------
imgreg_4dfp /opt/freesurfer/average/711-2C_as_mni_average_305 /opt/freesurfer/average/711-2B_as_mni_average_305_mask talsrcimg_g11 none talsrcimg_to_711-2C_as_mni_average_305_t4 1283
---------------------------------------------------------------------

freesurfer imgreg_4dfp.c
/opt/freesurfer/average/711-2C_as_mni_average_305.4dfp.img
       256       256       256         1
  1.000000  1.000000  1.000000
orientation T byte_order littleendian
Reading image: /opt/freesurfer/average/711-2C_as_mni_average_305.4dfp.img
dimensions:      256       256       256
mmppix:       1.0000   -1.0000   -1.0000
center:     128.0000 -129.0000 -129.0000
/opt/freesurfer/average/711-2B_as_mni_average_305_mask.4dfp.img
       256       256       256         1
  1.000000  1.000000  1.000000
orientation T byte_order littleendian
Reading mask: /opt/freesurfer/average/711-2B_as_mni_average_305_mask.4dfp.img (2306576 pixels)
talsrcimg_g11.4dfp.img
       256       256       256         1
  0.898437  0.898437  0.898437
orientation T byte_order littleendian
Reading image: talsrcimg_g11.4dfp.img
dimensions:      256       256       256
mmppix:       0.8984   -0.8984   -0.8984
center:     114.9999 -115.8984 -115.8984
rotation matrix determinant  1.000000
fimgreg.f
image alignment mode   1283 decimal      503 hex
parameters
    0.0000  -22.5000   15.0000    0.0000    0.0000    0.0000
eta,q 0.95237 11.65529
niter,ni,del,rscale     5    3   12.0000    1.2000
parameter  1  0.554914 ->  0.500000 qaram    1.1500
parameter  3 -0.515185 -> -0.500000 qaram    1.1500
parameter  4  0.833722 ->  0.500000 qaram    1.1500
parameters
   -3.4500  -22.4902   18.4500   -3.4500   -0.0117    0.3545
eta,q 0.96104 11.77189
  0.0470  0.0570  0.0572  0.0386  0.0473  0.0470
  0.0445  0.0498  0.0513  0.0386  0.0423  0.0427
  0.0448  0.0460  0.0472  0.0398  0.0395  0.0397
  0.0481  0.0445  0.0444  0.0412  0.0389  0.0389
  0.0560  0.0455  0.0421  0.0428  0.0398  0.0395
  0.0666  0.0501  0.0413  0.0458  0.0426  0.0415
  0.0795  0.0569  0.0443  0.0501  0.0471  0.0452
niter,ni,del,rscale     7    3   12.0000    1.2000
parameters
   -2.9829  -21.3778   16.7661   -4.7933   -0.3421    0.2602
eta,q 0.96388 11.79154
  0.0653  0.0598  0.0475  0.0437  0.0449  0.0437
  0.0519  0.0496  0.0420  0.0377  0.0399  0.0396
  0.0425  0.0426  0.0379  0.0359  0.0370  0.0368
  0.0390  0.0388  0.0391  0.0376  0.0361  0.0361
  0.0404  0.0403  0.0444  0.0413  0.0377  0.0374
  0.0476  0.0442  0.0527  0.0439  0.0415  0.0400
  0.0591  0.0477  0.0604  0.0472  0.0469  0.0440
niter,ni,del,rscale     6    3   12.0000    1.2000
parameters
   -2.8583  -21.0413   16.4699   -4.9060   -0.4248    0.2520
eta,q 0.96381 11.79186
  0.0628  0.0557  0.0517  0.0479  0.0458  0.0438
  0.0496  0.0457  0.0455  0.0398  0.0405  0.0398
  0.0398  0.0388  0.0393  0.0364  0.0375  0.0370
  0.0361  0.0361  0.0363  0.0363  0.0362  0.0362
  0.0387  0.0397  0.0395  0.0396  0.0373  0.0374
  0.0483  0.0453  0.0469  0.0429  0.0410  0.0399
  0.0611  0.0501  0.0551  0.0459  0.0464  0.0437
niter,ni,del,rscale     5    3   12.0000    1.2000
parameters
   -2.8351  -20.9726   16.4109   -4.9696   -0.4431    0.2544
eta,q 0.96378 11.79127
  0.0622  0.0539  0.0525  0.0482  0.0460  0.0439
  0.0491  0.0446  0.0463  0.0400  0.0407  0.0398
  0.0395  0.0381  0.0401  0.0365  0.0376  0.0370
  0.0362  0.0362  0.0362  0.0363  0.0362  0.0362
  0.0390  0.0404  0.0388  0.0395  0.0373  0.0374
  0.0490  0.0459  0.0459  0.0429  0.0409  0.0399
  0.0619  0.0512  0.0540  0.0459  0.0462  0.0437
niter,ni,del,rscale     4    3   12.0000    1.2000
parameters
   -2.8281  -20.9489   16.3971   -4.9940   -0.4500    0.2563
eta,q 0.96376 11.79090
  0.0621  0.0537  0.0527  0.0484  0.0460  0.0439
  0.0491  0.0444  0.0464  0.0402  0.0407  0.0398
  0.0395  0.0380  0.0402  0.0366  0.0377  0.0370
  0.0362  0.0362  0.0362  0.0363  0.0362  0.0362
  0.0391  0.0405  0.0387  0.0394  0.0373  0.0375
  0.0491  0.0461  0.0457  0.0429  0.0408  0.0399
  0.0620  0.0514  0.0539  0.0458  0.0462  0.0437
registration optimization eta report
parameter search radius
    6.9000    6.0000    6.9000    6.9000    6.0000    6.0000
100000*second partial in parameter space
       54.       43.       34.       22.       27.       21.
  0.0621  0.0537  0.0527  0.0484  0.0460  0.0439
  0.0491  0.0444  0.0464  0.0402  0.0407  0.0398
  0.0395  0.0380  0.0402  0.0366  0.0377  0.0370
  0.0362  0.0362  0.0362  0.0363  0.0362  0.0362
  0.0391  0.0405  0.0387  0.0394  0.0373  0.0375
  0.0491  0.0461  0.0457  0.0429  0.0408  0.0399
  0.0620  0.0514  0.0539  0.0458  0.0462  0.0437
   -2.8281  -20.9489   16.3971   -4.9940   -0.4500    0.2563
eta,q 0.96376 11.79090

---------------------------------------------------------------------
imgreg_4dfp /opt/freesurfer/average/711-2C_as_mni_average_305 /opt/freesurfer/average/711-2B_as_mni_average_305_mask talsrcimg_g11 none talsrcimg_to_711-2C_as_mni_average_305_t4 3335
---------------------------------------------------------------------

freesurfer imgreg_4dfp.c
/opt/freesurfer/average/711-2C_as_mni_average_305.4dfp.img
       256       256       256         1
  1.000000  1.000000  1.000000
orientation T byte_order littleendian
Reading image: /opt/freesurfer/average/711-2C_as_mni_average_305.4dfp.img
dimensions:      256       256       256
mmppix:       1.0000   -1.0000   -1.0000
center:     128.0000 -129.0000 -129.0000
/opt/freesurfer/average/711-2B_as_mni_average_305_mask.4dfp.img
       256       256       256         1
  1.000000  1.000000  1.000000
orientation T byte_order littleendian
Reading mask: /opt/freesurfer/average/711-2B_as_mni_average_305_mask.4dfp.img (2306576 pixels)
talsrcimg_g11.4dfp.img
       256       256       256         1
  0.898437  0.898437  0.898437
orientation T byte_order littleendian
Reading image: talsrcimg_g11.4dfp.img
dimensions:      256       256       256
mmppix:       0.8984   -0.8984   -0.8984
center:     114.9999 -115.8984 -115.8984
fimgreg.f
image alignment mode   3335 decimal      D07 hex
parameters
   -2.8281  -20.9489   16.3971   -0.0041   -0.3809   -0.3827
   -0.5139    0.7435    0.4473    8.7085   -0.7854   -8.7048
eta,q 0.96349 11.72214
niter,ni,del,rscale     5    3    5.0000    1.2000
parameter  4  0.669013 ->  0.500000 qaram    1.1500
parameter  5  2.164901 ->  0.500000 qaram    1.1500
parameter  6  0.736942 ->  0.500000 qaram    1.1500
parameters
   -2.9035  -20.4905   16.6960   -4.1441   -4.5209   -4.5227
   -0.4814    1.5396    0.8299    5.8384   -1.5856  -10.4651
eta,q 0.97196 11.28001
  0.0403  0.0403  0.0390  0.0352  0.0291  0.0291  0.0321  0.0342  0.0314  0.0294  0.0291  0.0289
  0.0381  0.0385  0.0377  0.0350  0.0305  0.0288  0.0304  0.0317  0.0300  0.0283  0.0285  0.0283
  0.0369  0.0372  0.0368  0.0353  0.0326  0.0291  0.0292  0.0297  0.0290  0.0281  0.0282  0.0281
  0.0365  0.0365  0.0364  0.0364  0.0350  0.0310  0.0287  0.0287  0.0287  0.0287  0.0281  0.0281
  0.0370  0.0365  0.0364  0.0383  0.0379  0.0341  0.0292  0.0289  0.0289  0.0300  0.0284  0.0285
  0.0385  0.0371  0.0370  0.0410  0.0413  0.0378  0.0303  0.0301  0.0296  0.0320  0.0289  0.0293
  0.0407  0.0383  0.0380  0.0443  0.0446  0.0421  0.0321  0.0324  0.0309  0.0347  0.0296  0.0303
niter,ni,del,rscale     7    3    5.0000    1.2000
parameter  5  0.508653 ->  0.500000 qaram    1.3225
parameters
   -2.7441  -21.0549   15.7360   -3.9025   -9.2819   -6.7950
   -0.4763    1.7394    1.3907    6.8407   -1.2215   -8.5166
eta,q 0.97370 10.96252
  0.0327  0.0299  0.0283  0.0307  0.0274  0.0281  0.0299  0.0309  0.0290  0.0303  0.0276  0.0286
  0.0304  0.0284  0.0276  0.0290  0.0265  0.0271  0.0282  0.0288  0.0278  0.0284  0.0270  0.0276
  0.0287  0.0278  0.0274  0.0279  0.0263  0.0266  0.0270  0.0272  0.0269  0.0271  0.0266  0.0269
  0.0280  0.0280  0.0278  0.0274  0.0274  0.0263  0.0266  0.0266  0.0266  0.0265  0.0265  0.0265
  0.0283  0.0290  0.0286  0.0276  0.0298  0.0273  0.0270  0.0269  0.0266  0.0266  0.0265  0.0263
  0.0296  0.0307  0.0299  0.0287  0.0331  0.0300  0.0282  0.0283  0.0273  0.0272  0.0268  0.0265
  0.0317  0.0330  0.0316  0.0304  0.0372  0.0338  0.0299  0.0306  0.0284  0.0286  0.0274  0.0272
niter,ni,del,rscale     7    3    5.0000    1.2000
parameters
   -2.7003  -20.6814   16.1673   -3.3606   -9.7994   -6.8804
   -0.5844    1.7048    1.2928    6.6261   -1.3584   -8.9085
eta,q 0.97380 10.95346
  0.0304  0.0306  0.0287  0.0294  0.0309  0.0297  0.0295  0.0304  0.0283  0.0292  0.0272  0.0276
  0.0283  0.0285  0.0275  0.0278  0.0286  0.0279  0.0277  0.0282  0.0271  0.0275  0.0267  0.0268
  0.0268  0.0270  0.0266  0.0267  0.0269  0.0269  0.0266  0.0267  0.0264  0.0265  0.0263  0.0264
  0.0263  0.0263  0.0262  0.0261  0.0261  0.0262  0.0262  0.0262  0.0262  0.0262  0.0262  0.0262
  0.0267  0.0263  0.0262  0.0263  0.0268  0.0259  0.0266  0.0267  0.0264  0.0266  0.0263  0.0264
  0.0280  0.0271  0.0266  0.0272  0.0291  0.0274  0.0278  0.0282  0.0272  0.0277  0.0267  0.0270
  0.0302  0.0286  0.0274  0.0287  0.0324  0.0306  0.0296  0.0306  0.0284  0.0296  0.0273  0.0279
niter,ni,del,rscale     6    3    5.0000    1.2000
parameters
   -2.6749  -20.6078   16.2573   -3.3617   -9.9213   -6.7965
   -0.5962    1.7109    1.3026    6.6711   -1.4629   -9.0307
eta,q 0.97382 10.95151
  0.0303  0.0297  0.0281  0.0291  0.0312  0.0298  0.0295  0.0304  0.0283  0.0294  0.0272  0.0277
  0.0281  0.0278  0.0271  0.0276  0.0289  0.0280  0.0278  0.0283  0.0272  0.0276  0.0267  0.0269
  0.0267  0.0267  0.0265  0.0266  0.0271  0.0269  0.0266  0.0268  0.0265  0.0265  0.0263  0.0264
  0.0262  0.0262  0.0262  0.0262  0.0262  0.0262  0.0262  0.0262  0.0262  0.0262  0.0262  0.0262
  0.0266  0.0265  0.0263  0.0265  0.0266  0.0259  0.0266  0.0266  0.0264  0.0265  0.0263  0.0263
  0.0280  0.0275  0.0269  0.0276  0.0287  0.0272  0.0278  0.0281  0.0271  0.0276  0.0267  0.0269
  0.0301  0.0293  0.0279  0.0291  0.0319  0.0304  0.0296  0.0305  0.0284  0.0293  0.0273  0.0278
niter,ni,del,rscale     5    3    5.0000    1.2000
parameters
   -2.6697  -20.5913   16.2768   -3.3517   -9.9585   -6.7729
   -0.6069    1.7172    1.3197    6.6871   -1.4951   -9.0619
eta,q 0.97381 10.95138
  0.0302  0.0295  0.0280  0.0291  0.0313  0.0298  0.0295  0.0304  0.0283  0.0294  0.0272  0.0277
  0.0281  0.0277  0.0270  0.0276  0.0289  0.0279  0.0278  0.0283  0.0272  0.0276  0.0267  0.0269
  0.0267  0.0266  0.0264  0.0266  0.0272  0.0269  0.0266  0.0268  0.0265  0.0265  0.0263  0.0264
  0.0262  0.0262  0.0262  0.0262  0.0262  0.0262  0.0262  0.0262  0.0262  0.0262  0.0262  0.0262
  0.0266  0.0265  0.0264  0.0265  0.0266  0.0259  0.0266  0.0266  0.0264  0.0265  0.0263  0.0263
  0.0280  0.0276  0.0269  0.0275  0.0286  0.0273  0.0278  0.0281  0.0271  0.0276  0.0266  0.0269
  0.0302  0.0294  0.0280  0.0291  0.0318  0.0305  0.0296  0.0305  0.0284  0.0294  0.0272  0.0278
registration optimization eta report
parameter search radius
    2.4000    2.4000    2.4000    8.2800    9.5220    8.2800
    7.2000    7.2000    7.2000    7.2000    7.2000    7.2000
100000*second partial in parameter space
       69.       57.       31.        4.        6.        6.
        6.        8.        4.        6.        2.        3.
  0.0302  0.0295  0.0280  0.0291  0.0313  0.0298  0.0295  0.0304  0.0283  0.0294  0.0272  0.0277
  0.0281  0.0277  0.0270  0.0276  0.0289  0.0279  0.0278  0.0283  0.0272  0.0276  0.0267  0.0269
  0.0267  0.0266  0.0264  0.0266  0.0272  0.0269  0.0266  0.0268  0.0265  0.0265  0.0263  0.0264
  0.0262  0.0262  0.0262  0.0262  0.0262  0.0262  0.0262  0.0262  0.0262  0.0262  0.0262  0.0262
  0.0266  0.0265  0.0264  0.0265  0.0266  0.0259  0.0266  0.0266  0.0264  0.0265  0.0263  0.0263
  0.0280  0.0276  0.0269  0.0275  0.0286  0.0273  0.0278  0.0281  0.0271  0.0276  0.0266  0.0269
  0.0302  0.0294  0.0280  0.0291  0.0318  0.0305  0.0296  0.0305  0.0284  0.0294  0.0272  0.0278
   -2.6697  -20.5913   16.2768   -3.3517   -9.9585   -6.7729
   -0.6069    1.7172    1.3197    6.6871   -1.4951   -9.0619
eta,q 0.97381 10.95138

---------------------------------------------------------------------
imgreg_4dfp /opt/freesurfer/average/711-2C_as_mni_average_305 /opt/freesurfer/average/711-2B_as_mni_average_305_mask talsrcimg_g11 none talsrcimg_to_711-2C_as_mni_average_305_t4 2311
---------------------------------------------------------------------

freesurfer imgreg_4dfp.c
/opt/freesurfer/average/711-2C_as_mni_average_305.4dfp.img
       256       256       256         1
  1.000000  1.000000  1.000000
orientation T byte_order littleendian
Reading image: /opt/freesurfer/average/711-2C_as_mni_average_305.4dfp.img
dimensions:      256       256       256
mmppix:       1.0000   -1.0000   -1.0000
center:     128.0000 -129.0000 -129.0000
/opt/freesurfer/average/711-2B_as_mni_average_305_mask.4dfp.img
       256       256       256         1
  1.000000  1.000000  1.000000
orientation T byte_order littleendian
Reading mask: /opt/freesurfer/average/711-2B_as_mni_average_305_mask.4dfp.img (2306576 pixels)
talsrcimg_g11.4dfp.img
       256       256       256         1
  0.898437  0.898437  0.898437
orientation T byte_order littleendian
Reading image: talsrcimg_g11.4dfp.img
dimensions:      256       256       256
mmppix:       0.8984   -0.8984   -0.8984
center:     114.9999 -115.8984 -115.8984
fimgreg.f
image alignment mode   2311 decimal      907 hex
parameters
   -2.6697  -20.5913   16.2768   -3.3517   -9.9585   -6.7729
   -0.6069    1.7172    1.3197    6.6871   -1.4951   -9.0619
eta,q 0.97381 10.95137
niter,ni,del,rscale     5    3    5.0000    0.8000
parameters
   -2.6611  -20.5816   16.3067   -3.3111   -9.3979   -5.4027
   -0.6436    1.7855    1.3370    6.7873   -1.4993   -9.2683
eta,q 0.97412 11.05974
  0.0280  0.0277  0.0270  0.0273  0.0280  0.0276  0.0275  0.0280  0.0269  0.0275  0.0264  0.0266
  0.0270  0.0269  0.0266  0.0267  0.0272  0.0270  0.0266  0.0269  0.0264  0.0266  0.0261  0.0262
  0.0264  0.0264  0.0263  0.0263  0.0266  0.0265  0.0261  0.0261  0.0260  0.0261  0.0259  0.0260
  0.0262  0.0262  0.0262  0.0262  0.0262  0.0261  0.0259  0.0259  0.0259  0.0259  0.0259  0.0259
  0.0264  0.0263  0.0263  0.0263  0.0262  0.0259  0.0261  0.0261  0.0260  0.0260  0.0259  0.0259
  0.0270  0.0268  0.0265  0.0266  0.0266  0.0259  0.0267  0.0268  0.0263  0.0265  0.0261  0.0262
  0.0280  0.0277  0.0270  0.0272  0.0274  0.0267  0.0275  0.0279  0.0269  0.0273  0.0264  0.0267
niter,ni,del,rscale     4    3    5.0000    0.7000
parameters
   -2.6733  -20.7018   16.3024   -3.2112   -9.2821   -5.4253
   -0.6178    1.8084    1.3724    6.7945   -1.3880   -8.9844
eta,q 0.97415 11.06818
  0.0273  0.0269  0.0266  0.0267  0.0272  0.0269  0.0272  0.0275  0.0267  0.0270  0.0263  0.0265
  0.0265  0.0263  0.0262  0.0263  0.0266  0.0265  0.0265  0.0266  0.0262  0.0264  0.0261  0.0262
  0.0260  0.0260  0.0259  0.0260  0.0261  0.0261  0.0260  0.0261  0.0260  0.0260  0.0259  0.0260
  0.0259  0.0259  0.0259  0.0259  0.0259  0.0259  0.0259  0.0259  0.0259  0.0259  0.0259  0.0259
  0.0260  0.0261  0.0260  0.0259  0.0259  0.0258  0.0260  0.0260  0.0259  0.0260  0.0259  0.0259
  0.0265  0.0266  0.0262  0.0262  0.0264  0.0262  0.0264  0.0266  0.0262  0.0264  0.0260  0.0260
  0.0274  0.0273  0.0266  0.0267  0.0271  0.0272  0.0271  0.0275  0.0267  0.0270  0.0262  0.0264
niter,ni,del,rscale     3    3    5.0000    0.6000
parameters
   -2.6767  -20.7413   16.2773   -3.1758   -9.1776   -5.2302
   -0.6287    1.8131    1.3731    6.7863   -1.3315   -8.9112
eta,q 0.97418 11.08547
  0.0269  0.0267  0.0264  0.0265  0.0269  0.0267  0.0268  0.0270  0.0264  0.0267  0.0261  0.0263
  0.0263  0.0262  0.0261  0.0261  0.0264  0.0264  0.0262  0.0264  0.0261  0.0262  0.0260  0.0260
  0.0260  0.0259  0.0259  0.0259  0.0260  0.0261  0.0259  0.0260  0.0259  0.0259  0.0259  0.0259
  0.0259  0.0259  0.0259  0.0259  0.0258  0.0258  0.0258  0.0258  0.0258  0.0258  0.0258  0.0258
  0.0260  0.0260  0.0259  0.0259  0.0259  0.0258  0.0259  0.0259  0.0259  0.0259  0.0258  0.0258
  0.0263  0.0263  0.0261  0.0261  0.0262  0.0260  0.0263  0.0263  0.0261  0.0262  0.0259  0.0260
  0.0269  0.0268  0.0264  0.0265  0.0268  0.0267  0.0268  0.0270  0.0264  0.0267  0.0261  0.0263
niter,ni,del,rscale     2    3    5.0000    0.5000
parameters
   -2.6793  -20.7712   16.2777   -3.1429   -9.1034   -5.0215
   -0.6387    1.8180    1.3838    6.8053   -1.3314   -8.8709
eta,q 0.97421 11.10135
  0.0266  0.0264  0.0262  0.0263  0.0265  0.0265  0.0265  0.0266  0.0262  0.0264  0.0260  0.0261
  0.0261  0.0261  0.0260  0.0260  0.0262  0.0262  0.0261  0.0262  0.0260  0.0261  0.0259  0.0259
  0.0259  0.0259  0.0259  0.0259  0.0259  0.0260  0.0259  0.0259  0.0258  0.0259  0.0258  0.0258
  0.0258  0.0258  0.0258  0.0258  0.0258  0.0258  0.0258  0.0258  0.0258  0.0258  0.0258  0.0258
  0.0259  0.0259  0.0259  0.0259  0.0259  0.0258  0.0259  0.0259  0.0258  0.0259  0.0258  0.0258
  0.0262  0.0261  0.0260  0.0260  0.0261  0.0260  0.0261  0.0262  0.0260  0.0260  0.0259  0.0259
  0.0266  0.0265  0.0262  0.0263  0.0265  0.0264  0.0265  0.0266  0.0262  0.0264  0.0260  0.0261
niter,ni,del,rscale     1    3    5.0000    0.4000
parameters
   -2.6815  -20.7979   16.2895   -3.1158   -9.0548   -4.8245
   -0.6502    1.8104    1.3953    6.8067   -1.3399   -8.8549
eta,q 0.97423 11.11487
  0.0263  0.0262  0.0261  0.0261  0.0263  0.0263  0.0262  0.0263  0.0260  0.0262  0.0259  0.0260
  0.0260  0.0260  0.0259  0.0259  0.0260  0.0261  0.0260  0.0260  0.0259  0.0260  0.0258  0.0259
  0.0258  0.0258  0.0258  0.0258  0.0259  0.0259  0.0258  0.0258  0.0258  0.0258  0.0258  0.0258
  0.0258  0.0258  0.0258  0.0258  0.0258  0.0258  0.0258  0.0258  0.0258  0.0258  0.0258  0.0258
  0.0258  0.0258  0.0258  0.0258  0.0258  0.0258  0.0258  0.0258  0.0258  0.0258  0.0258  0.0258
  0.0260  0.0260  0.0259  0.0259  0.0260  0.0259  0.0260  0.0260  0.0259  0.0259  0.0258  0.0259
  0.0263  0.0262  0.0260  0.0261  0.0263  0.0262  0.0262  0.0263  0.0260  0.0262  0.0259  0.0260
registration optimization eta report
parameter search radius
    0.8000    0.8000    0.8000    2.4000    2.4000    2.4000
    2.4000    2.4000    2.4000    2.4000    2.4000    2.4000
100000*second partial in parameter space
       76.       66.       40.        5.        8.        8.
        8.       10.        5.        7.        2.        4.
  0.0263  0.0262  0.0261  0.0261  0.0263  0.0263  0.0262  0.0263  0.0260  0.0262  0.0259  0.0260
  0.0260  0.0260  0.0259  0.0259  0.0260  0.0261  0.0260  0.0260  0.0259  0.0260  0.0258  0.0259
  0.0258  0.0258  0.0258  0.0258  0.0259  0.0259  0.0258  0.0258  0.0258  0.0258  0.0258  0.0258
  0.0258  0.0258  0.0258  0.0258  0.0258  0.0258  0.0258  0.0258  0.0258  0.0258  0.0258  0.0258
  0.0258  0.0258  0.0258  0.0258  0.0258  0.0258  0.0258  0.0258  0.0258  0.0258  0.0258  0.0258
  0.0260  0.0260  0.0259  0.0259  0.0260  0.0259  0.0260  0.0260  0.0259  0.0259  0.0258  0.0259
  0.0263  0.0262  0.0260  0.0261  0.0263  0.0262  0.0262  0.0263  0.0260  0.0262  0.0259  0.0260
   -2.6815  -20.7979   16.2895   -3.1158   -9.0548   -4.8245
   -0.6502    1.8104    1.3953    6.8067   -1.3399   -8.8549
eta,q 0.97423 11.11487

---------------------------------------------------------------------
imgreg_4dfp /opt/freesurfer/average/711-2C_as_mni_average_305 /opt/freesurfer/average/711-2B_as_mni_average_305_mask talsrcimg_g11 none talsrcimg_to_711-2C_as_mni_average_305_t4 2311
---------------------------------------------------------------------

freesurfer imgreg_4dfp.c
/opt/freesurfer/average/711-2C_as_mni_average_305.4dfp.img
       256       256       256         1
  1.000000  1.000000  1.000000
orientation T byte_order littleendian
Reading image: /opt/freesurfer/average/711-2C_as_mni_average_305.4dfp.img
dimensions:      256       256       256
mmppix:       1.0000   -1.0000   -1.0000
center:     128.0000 -129.0000 -129.0000
/opt/freesurfer/average/711-2B_as_mni_average_305_mask.4dfp.img
       256       256       256         1
  1.000000  1.000000  1.000000
orientation T byte_order littleendian
Reading mask: /opt/freesurfer/average/711-2B_as_mni_average_305_mask.4dfp.img (2306576 pixels)
talsrcimg_g11.4dfp.img
       256       256       256         1
  0.898437  0.898437  0.898437
orientation T byte_order littleendian
Reading image: talsrcimg_g11.4dfp.img
dimensions:      256       256       256
mmppix:       0.8984   -0.8984   -0.8984
center:     114.9999 -115.8984 -115.8984
fimgreg.f
image alignment mode   2311 decimal      907 hex
parameters
   -2.6815  -20.7979   16.2895   -3.1158   -9.0548   -4.8245
   -0.6502    1.8104    1.3953    6.8067   -1.3399   -8.8549
eta,q 0.97423 11.11487
niter,ni,del,rscale     5    3    5.0000    0.8000
parameters
   -2.6890  -20.8213   16.3129   -3.1953   -9.3241   -5.5551
   -0.6017    1.7949    1.3462    6.6853   -1.3227   -8.7683
eta,q 0.97413 11.05842
  0.0277  0.0274  0.0268  0.0268  0.0273  0.0269  0.0276  0.0279  0.0269  0.0273  0.0264  0.0266
  0.0266  0.0265  0.0263  0.0263  0.0265  0.0264  0.0266  0.0268  0.0263  0.0265  0.0261  0.0263
  0.0260  0.0260  0.0259  0.0259  0.0260  0.0261  0.0261  0.0261  0.0260  0.0260  0.0260  0.0260
  0.0258  0.0258  0.0258  0.0258  0.0258  0.0258  0.0259  0.0259  0.0259  0.0259  0.0259  0.0259
  0.0260  0.0260  0.0259  0.0259  0.0260  0.0260  0.0261  0.0261  0.0260  0.0260  0.0259  0.0259
  0.0266  0.0265  0.0262  0.0263  0.0267  0.0268  0.0266  0.0268  0.0263  0.0266  0.0261  0.0262
  0.0277  0.0275  0.0268  0.0269  0.0278  0.0285  0.0275  0.0280  0.0269  0.0275  0.0264  0.0267
niter,ni,del,rscale     4    3    5.0000    0.7000
parameters
   -2.6777  -20.7518   16.2809   -3.1879   -9.2402   -5.4928
   -0.6146    1.8066    1.3622    6.7228   -1.3340   -8.8668
eta,q 0.97415 11.06728
  0.0273  0.0272  0.0266  0.0267  0.0272  0.0269  0.0271  0.0275  0.0267  0.0270  0.0263  0.0264
  0.0265  0.0265  0.0262  0.0263  0.0266  0.0265  0.0264  0.0266  0.0262  0.0264  0.0260  0.0261
  0.0260  0.0261  0.0259  0.0260  0.0261  0.0262  0.0260  0.0260  0.0260  0.0260  0.0259  0.0259
  0.0259  0.0259  0.0259  0.0259  0.0259  0.0259  0.0259  0.0259  0.0259  0.0259  0.0259  0.0259
  0.0260  0.0260  0.0260  0.0260  0.0259  0.0258  0.0260  0.0260  0.0259  0.0260  0.0259  0.0259
  0.0265  0.0263  0.0262  0.0262  0.0264  0.0262  0.0264  0.0266  0.0262  0.0263  0.0260  0.0261
  0.0273  0.0270  0.0266  0.0267  0.0272  0.0271  0.0271  0.0275  0.0267  0.0270  0.0263  0.0265
niter,ni,del,rscale     3    3    5.0000    0.6000
parameters
   -2.6758  -20.7514   16.2651   -3.1758   -9.1569   -5.2533
   -0.6250    1.8072    1.3778    6.7730   -1.3152   -8.8838
eta,q 0.97418 11.08526
  0.0269  0.0268  0.0264  0.0265  0.0269  0.0267  0.0268  0.0270  0.0264  0.0267  0.0261  0.0262
  0.0263  0.0263  0.0261  0.0261  0.0264  0.0264  0.0262  0.0264  0.0261  0.0262  0.0260  0.0260
  0.0260  0.0260  0.0259  0.0259  0.0260  0.0261  0.0259  0.0260  0.0259  0.0259  0.0259  0.0259
  0.0259  0.0259  0.0259  0.0259  0.0258  0.0259  0.0258  0.0258  0.0258  0.0258  0.0258  0.0258
  0.0260  0.0260  0.0259  0.0259  0.0259  0.0258  0.0259  0.0259  0.0259  0.0259  0.0258  0.0258
  0.0263  0.0263  0.0261  0.0261  0.0262  0.0260  0.0263  0.0263  0.0261  0.0262  0.0259  0.0260
  0.0269  0.0268  0.0264  0.0265  0.0268  0.0267  0.0268  0.0270  0.0264  0.0267  0.0261  0.0263
niter,ni,del,rscale     2    3    5.0000    0.5000
parameters
   -2.6790  -20.7721   16.2706   -3.1370   -9.0950   -5.0309
   -0.6386    1.8146    1.3839    6.7958   -1.3194   -8.8621
eta,q 0.97421 11.10159
  0.0266  0.0264  0.0262  0.0263  0.0265  0.0265  0.0265  0.0266  0.0262  0.0264  0.0260  0.0261
  0.0262  0.0261  0.0260  0.0260  0.0262  0.0262  0.0261  0.0262  0.0260  0.0261  0.0259  0.0259
  0.0259  0.0259  0.0259  0.0259  0.0259  0.0260  0.0259  0.0259  0.0258  0.0259  0.0258  0.0258
  0.0258  0.0258  0.0258  0.0258  0.0258  0.0258  0.0258  0.0258  0.0258  0.0258  0.0258  0.0258
  0.0259  0.0259  0.0259  0.0259  0.0259  0.0258  0.0259  0.0259  0.0258  0.0259  0.0258  0.0258
  0.0262  0.0261  0.0260  0.0260  0.0261  0.0260  0.0261  0.0262  0.0260  0.0260  0.0259  0.0259
  0.0266  0.0265  0.0262  0.0263  0.0265  0.0264  0.0265  0.0266  0.0262  0.0264  0.0260  0.0261
niter,ni,del,rscale     1    3    5.0000    0.4000
parameters
   -2.6828  -20.7952   16.2874   -3.1222   -9.0528   -4.8314
   -0.6502    1.8070    1.3909    6.8036   -1.3475   -8.8672
eta,q 0.97423 11.11444
  0.0263  0.0262  0.0261  0.0261  0.0263  0.0263  0.0262  0.0263  0.0260  0.0262  0.0259  0.0260
  0.0260  0.0260  0.0259  0.0259  0.0260  0.0261  0.0260  0.0260  0.0259  0.0260  0.0258  0.0259
  0.0258  0.0258  0.0258  0.0258  0.0259  0.0259  0.0258  0.0258  0.0258  0.0258  0.0258  0.0258
  0.0258  0.0258  0.0258  0.0258  0.0258  0.0258  0.0258  0.0258  0.0258  0.0258  0.0258  0.0258
  0.0258  0.0258  0.0258  0.0258  0.0258  0.0258  0.0258  0.0258  0.0258  0.0258  0.0258  0.0258
  0.0260  0.0260  0.0259  0.0259  0.0260  0.0259  0.0260  0.0260  0.0259  0.0259  0.0258  0.0259
  0.0263  0.0262  0.0260  0.0261  0.0263  0.0262  0.0262  0.0263  0.0260  0.0262  0.0259  0.0260
registration optimization eta report
parameter search radius
    0.8000    0.8000    0.8000    2.4000    2.4000    2.4000
    2.4000    2.4000    2.4000    2.4000    2.4000    2.4000
100000*second partial in parameter space
       76.       66.       41.        5.        8.        8.
        8.       10.        5.        7.        2.        4.
  0.0263  0.0262  0.0261  0.0261  0.0263  0.0263  0.0262  0.0263  0.0260  0.0262  0.0259  0.0260
  0.0260  0.0260  0.0259  0.0259  0.0260  0.0261  0.0260  0.0260  0.0259  0.0260  0.0258  0.0259
  0.0258  0.0258  0.0258  0.0258  0.0259  0.0259  0.0258  0.0258  0.0258  0.0258  0.0258  0.0258
  0.0258  0.0258  0.0258  0.0258  0.0258  0.0258  0.0258  0.0258  0.0258  0.0258  0.0258  0.0258
  0.0258  0.0258  0.0258  0.0258  0.0258  0.0258  0.0258  0.0258  0.0258  0.0258  0.0258  0.0258
  0.0260  0.0260  0.0259  0.0259  0.0260  0.0259  0.0260  0.0260  0.0259  0.0259  0.0258  0.0259
  0.0263  0.0262  0.0260  0.0261  0.0263  0.0262  0.0262  0.0263  0.0260  0.0262  0.0259  0.0260
   -2.6828  -20.7952   16.2874   -3.1222   -9.0528   -4.8314
   -0.6502    1.8070    1.3909    6.8036   -1.3475   -8.8672
eta,q 0.97423 11.11444

---------------------------------------------------------------------
compute_vox2vox talsrcimg talsrcimg_to_711-2C_as_mni_average_305_t4 /opt/freesurfer/average/711-2C_as_mni_average_305
---------------------------------------------------------------------

freesurfer compute_vox2vox.c
Reading: talsrcimg.4dfp.ifh
Reading: talsrcimg_to_711-2C_as_mni_average_305_t4
Reading: /opt/freesurfer/average/711-2C_as_mni_average_305.4dfp.ifh
Writing: talsrcimg_to_711-2C_as_mni_average_305_t4_vox2vox.txt

start time Wed Mar 11 03:42:22 CET 2026
end		time Wed Mar 11 03:43:48 CET 2026

mpr2mni305 success

avi2talxfm orig_nu.mgz /opt/freesurfer/average/mni305.cor.mgz talsrcimg_to_711-2C_as_mni_average_305_t4_vox2vox.txt transforms/talairach.auto.xfm
avi2talxfm done
mv -f /out/sourcedata/freesurfer/sub-v2s13x29108_ses-1/mri/talsrcimg_to_711-2C_as_mni_average_305_t4_vox2vox.txt /out/sourcedata/freesurfer/sub-v2s13x29108_ses-1/mri/transforms/talsrcimg_to_711-2C_as_mni_average_305_t4_vox2vox.txt
lta_convert --src orig_nu.mgz --trg /opt/freesurfer/average/mni305.cor.mgz --inxfm transforms/talairach.auto.xfm --outlta transforms/talairach.auto.xfm.lta --subject fsaverage
7.3.2

--src: orig_nu.mgz src image (geometry).
--trg: /opt/freesurfer/average/mni305.cor.mgz trg image (geometry).
--inmni: transforms/talairach.auto.xfm input MNI/XFM transform.
--outlta: transforms/talairach.auto.xfm.lta output LTA.
--s: fsaverage subject name
 LTA read, type : 1
 1.03187  -0.01998   0.00543  -0.13164;
 0.01305   1.04324   0.10181  -10.31022;
-0.01676  -0.07774   1.09184   3.27684;
 0.00000   0.00000   0.00000   1.00000;
setting subject to fsaverage
Writing  LTA to file transforms/talairach.auto.xfm.lta...
lta_convert successful.
 
 
Started at Wed Mar 11 03:42:22 CET 2026
Ended   at Wed Mar 11 03:43:49 CET 2026
talairach_avi done
