status file for recon-all
Wed Mar 11 06:28:53 CET 2026
#@# Tessellate lh Wed Mar 11 06:28:53 CET 2026
#@# Smooth1 lh Wed Mar 11 06:28:55 CET 2026
#@# Inflation1 lh Wed Mar 11 06:28:58 CET 2026
#@# QSphere lh Wed Mar 11 06:29:44 CET 2026
#@# Fix Topology lh Wed Mar 11 06:30:31 CET 2026
#@# Smooth2 lh Wed Mar 11 06:37:46 CET 2026
#@# Inflation2 lh Wed Mar 11 06:37:48 CET 2026
#@# Curv .H and .K lh Wed Mar 11 06:38:03 CET 2026
#@# Sphere lh Wed Mar 11 06:38:50 CET 2026
#@# Surf Reg lh Wed Mar 11 06:40:31 CET 2026
#@# Jacobian white lh Wed Mar 11 06:43:45 CET 2026
#@# AvgCurv lh Wed Mar 11 06:43:46 CET 2026
#@# Cortical Parc lh Wed Mar 11 06:43:46 CET 2026
#@# white curv lh Wed Mar 11 06:50:02 CET 2026
#@# white area lh Wed Mar 11 06:50:04 CET 2026
#@# pial curv lh Wed Mar 11 06:50:04 CET 2026
#@# pial area lh Wed Mar 11 06:50:06 CET 2026
#@# thickness lh Wed Mar 11 06:50:06 CET 2026
#@# area and vertex vol lh Wed Mar 11 06:50:32 CET 2026
#@# Curvature Stats lh Wed Mar 11 06:50:33 CET 2026
#@# Cortical Parc 2 lh Wed Mar 11 06:50:35 CET 2026
#@# Cortical Parc 3 lh Wed Mar 11 06:50:47 CET 2026
#@# WM/GM Contrast lh Wed Mar 11 06:50:56 CET 2026
recon-all -s sub-v2s13x29134_ses-1 finished without error at Wed Mar 11 06:50:58 CET 2026



#New# invocation of recon-all 



status file for recon-all
Wed Mar 11 07:16:31 CET 2026
#@# white curv lh Wed Mar 11 07:16:31 CET 2026
#@# white area lh Wed Mar 11 07:16:31 CET 2026
#@# pial curv lh Wed Mar 11 07:16:31 CET 2026
#@# pial area lh Wed Mar 11 07:16:31 CET 2026
#@# thickness lh Wed Mar 11 07:16:31 CET 2026
#@# area and vertex vol lh Wed Mar 11 07:16:31 CET 2026
#@# Parcellation Stats lh Wed Mar 11 07:16:31 CET 2026
#@# Parcellation Stats 2 lh Wed Mar 11 07:16:52 CET 2026
#@# Parcellation Stats 3 lh Wed Mar 11 07:17:02 CET 2026
#@# BA_exvivo Labels lh Wed Mar 11 07:17:13 CET 2026
recon-all -s sub-v2s13x29134_ses-1 finished without error at Wed Mar 11 07:19:29 CET 2026
