status file for recon-all
Wed Mar 11 05:07:19 CET 2026
#@# MotionCor Wed Mar 11 05:07:20 CET 2026
#@# Talairach Wed Mar 11 05:07:26 CET 2026
#@# Talairach Failure Detection Wed Mar 11 05:10:16 CET 2026
#@# Nu Intensity Correction Wed Mar 11 05:10:16 CET 2026
#@# Intensity Normalization Wed Mar 11 05:13:01 CET 2026
recon-all -s sub-v2s13x29134_ses-1 finished without error at Wed Mar 11 05:14:00 CET 2026



#New# invocation of recon-all 



status file for recon-all
Wed Mar 11 05:20:04 CET 2026
#@# EM Registration Wed Mar 11 05:20:04 CET 2026
recon-all -s sub-v2s13x29134_ses-1 finished without error at Wed Mar 11 05:21:25 CET 2026



#New# invocation of recon-all 



status file for recon-all
Wed Mar 11 05:21:27 CET 2026
#@# CA Normalize Wed Mar 11 05:21:27 CET 2026
#@# CA Reg Wed Mar 11 05:22:20 CET 2026
#@# SubCort Seg Wed Mar 11 05:55:54 CET 2026
#@# CC Seg Wed Mar 11 06:24:31 CET 2026
#@# Merge ASeg Wed Mar 11 06:24:54 CET 2026
#@# Intensity Normalization2 Wed Mar 11 06:24:54 CET 2026
#@# Mask BFS Wed Mar 11 06:26:28 CET 2026
#@# WM Segmentation Wed Mar 11 06:26:29 CET 2026
#@# Fill Wed Mar 11 06:28:11 CET 2026
recon-all -s sub-v2s13x29134_ses-1 finished without error at Wed Mar 11 06:28:50 CET 2026



#New# invocation of recon-all 



status file for recon-all
Wed Mar 11 07:12:09 CET 2026
#@# white curv lh Wed Mar 11 07:12:09 CET 2026
#@# white area lh Wed Mar 11 07:12:09 CET 2026
#@# pial curv lh Wed Mar 11 07:12:09 CET 2026
#@# pial area lh Wed Mar 11 07:12:09 CET 2026
#@# thickness lh Wed Mar 11 07:12:09 CET 2026
#@# area and vertex vol lh Wed Mar 11 07:12:09 CET 2026
#@# white curv rh Wed Mar 11 07:12:09 CET 2026
#@# white area rh Wed Mar 11 07:12:09 CET 2026
#@# pial curv rh Wed Mar 11 07:12:09 CET 2026
#@# pial area rh Wed Mar 11 07:12:09 CET 2026
#@# thickness rh Wed Mar 11 07:12:09 CET 2026
#@# area and vertex vol rh Wed Mar 11 07:12:09 CET 2026
#@# Cortical ribbon mask Wed Mar 11 07:12:09 CET 2026
recon-all -s sub-v2s13x29134_ses-1 finished without error at Wed Mar 11 07:16:27 CET 2026



#New# invocation of recon-all 



status file for recon-all
Wed Mar 11 07:22:33 CET 2026
#@# white curv lh Wed Mar 11 07:22:33 CET 2026
#@# white area lh Wed Mar 11 07:22:33 CET 2026
#@# pial curv lh Wed Mar 11 07:22:33 CET 2026
#@# pial area lh Wed Mar 11 07:22:33 CET 2026
#@# thickness lh Wed Mar 11 07:22:33 CET 2026
#@# area and vertex vol lh Wed Mar 11 07:22:33 CET 2026
#@# white curv rh Wed Mar 11 07:22:33 CET 2026
#@# white area rh Wed Mar 11 07:22:33 CET 2026
#@# pial curv rh Wed Mar 11 07:22:33 CET 2026
#@# pial area rh Wed Mar 11 07:22:33 CET 2026
#@# thickness rh Wed Mar 11 07:22:33 CET 2026
#@# area and vertex vol rh Wed Mar 11 07:22:33 CET 2026
#@# Curvature Stats lh Wed Mar 11 07:22:33 CET 2026
#@# Curvature Stats rh Wed Mar 11 07:22:35 CET 2026
#@# Relabel Hypointensities Wed Mar 11 07:22:37 CET 2026
#@# APas-to-ASeg Wed Mar 11 07:22:51 CET 2026
#@# AParc-to-ASeg aparc Wed Mar 11 07:22:59 CET 2026
#@# AParc-to-ASeg aparc.a2009s Wed Mar 11 07:23:41 CET 2026
#@# AParc-to-ASeg aparc.DKTatlas Wed Mar 11 07:24:22 CET 2026
#@# WMParc Wed Mar 11 07:25:03 CET 2026
#@# ASeg Stats Wed Mar 11 07:27:08 CET 2026
recon-all -s sub-v2s13x29134_ses-1 finished without error at Wed Mar 11 07:27:27 CET 2026
