status file for recon-all
Wed Mar 11 06:51:02 CET 2026
#@# Tessellate rh Wed Mar 11 06:51:02 CET 2026
#@# Smooth1 rh Wed Mar 11 06:51:05 CET 2026
#@# Inflation1 rh Wed Mar 11 06:51:08 CET 2026
#@# QSphere rh Wed Mar 11 06:51:54 CET 2026
#@# Fix Topology rh Wed Mar 11 06:52:40 CET 2026
#@# Smooth2 rh Wed Mar 11 06:58:02 CET 2026
#@# Inflation2 rh Wed Mar 11 06:58:04 CET 2026
#@# Curv .H and .K rh Wed Mar 11 06:58:20 CET 2026
#@# Sphere rh Wed Mar 11 06:59:07 CET 2026
#@# Surf Reg rh Wed Mar 11 07:01:00 CET 2026
#@# Jacobian white rh Wed Mar 11 07:04:55 CET 2026
#@# AvgCurv rh Wed Mar 11 07:04:56 CET 2026
#@# Cortical Parc rh Wed Mar 11 07:04:57 CET 2026
#@# white curv rh Wed Mar 11 07:11:07 CET 2026
#@# white area rh Wed Mar 11 07:11:09 CET 2026
#@# pial curv rh Wed Mar 11 07:11:09 CET 2026
#@# pial area rh Wed Mar 11 07:11:11 CET 2026
#@# thickness rh Wed Mar 11 07:11:12 CET 2026
#@# area and vertex vol rh Wed Mar 11 07:11:37 CET 2026
#@# Curvature Stats rh Wed Mar 11 07:11:39 CET 2026
#@# Cortical Parc 2 rh Wed Mar 11 07:11:41 CET 2026
#@# Cortical Parc 3 rh Wed Mar 11 07:11:53 CET 2026
#@# WM/GM Contrast rh Wed Mar 11 07:12:02 CET 2026
recon-all -s sub-v2s13x29134_ses-1 finished without error at Wed Mar 11 07:12:04 CET 2026



#New# invocation of recon-all 



status file for recon-all
Wed Mar 11 07:19:31 CET 2026
#@# white curv rh Wed Mar 11 07:19:31 CET 2026
#@# white area rh Wed Mar 11 07:19:31 CET 2026
#@# pial curv rh Wed Mar 11 07:19:31 CET 2026
#@# pial area rh Wed Mar 11 07:19:31 CET 2026
#@# thickness rh Wed Mar 11 07:19:31 CET 2026
#@# area and vertex vol rh Wed Mar 11 07:19:31 CET 2026
#@# Parcellation Stats rh Wed Mar 11 07:19:31 CET 2026
#@# Parcellation Stats 2 rh Wed Mar 11 07:19:53 CET 2026
#@# Parcellation Stats 3 rh Wed Mar 11 07:20:04 CET 2026
#@# BA_exvivo Labels rh Wed Mar 11 07:20:14 CET 2026
recon-all -s sub-v2s13x29134_ses-1 finished without error at Wed Mar 11 07:22:29 CET 2026
