/out/sourcedata/freesurfer/sub-v2s13x29107_ses-1/mri
/opt/freesurfer/bin/talairach_avi
--i orig_nu.mgz --xfm transforms/talairach.auto.xfm
talairach_avi 7.3.2
Linux dna012 5.14.0-427.37.1.el9_4.x86_64 #1 SMP PREEMPT_DYNAMIC Fri Sep 13 12:41:50 EDT 2024 x86_64 x86_64 x86_64 GNU/Linux
Wed Mar 11 03:35:40 CET 2026
mri_convert orig_nu.mgz talsrcimg.img 
reading from orig_nu.mgz...
TR=0.00, TE=0.00, TI=0.00, flip angle=0.00
i_ras = (-1, -4.53514e-10, 0)
j_ras = (-2.59151e-10, 0, -1)
k_ras = (-1.5549e-09, 1, 3.31713e-08)
writing to talsrcimg.img...
Analyze Output Matrix
-0.89844  -0.00000  -0.00000   119.24574;
-0.00000   0.00000   0.89844  -118.68267;
 0.00000  -0.89844   0.00000   140.15926;
 0.00000   0.00000   0.00000   1.00000;
--------------------
INFO: set hdr.hist.orient to -1
mpr2mni305 talsrcimg
Wed Mar 11 03:35:41 CET 2026
/opt/freesurfer/bin/mpr2mni305 talsrcimg
mpr2mni305 7.3.2
target=711-2C_as_mni_average_305

---------------------------------------------------------------------
analyzeto4dfp talsrcimg -O0 -y
---------------------------------------------------------------------

freesurfer ifh2hdr.c
Wed Mar 11 03:35:41 2026
Writing: talsrcimg.4dfp.hdr
freesurfer analyzeto4dfp.c
Reading: talsrcimg.hdr
header size 348 bytes
hdr.dime.datatype	offset=70	value=2
hdr.dime.bitpix		offset=72	value=8
hdr.hist.orient		offset=252	value=-1
dimensionality     4
dimensions       256       256       256         1
Reading: talsrcimg.img
Writing: talsrcimg.4dfp.img
Writing: talsrcimg.4dfp.ifh
ifh2hdr talsrcimg -r0to248
ori=2

---------------------------------------------------------------------
gauss_4dfp talsrcimg 1.1
---------------------------------------------------------------------

freesurfer gauss_4dfp.c
Reading: talsrcimg.4dfp.img
Writing: talsrcimg_g11.4dfp.img
image dimensions 256 256 256 padded to 288 288 288
processing volume 1freesurfer ifh2hdr.c
Wed Mar 11 03:35:43 2026
Writing: talsrcimg_g11.4dfp.hdr

Writing: talsrcimg_g11.4dfp.ifh
including: talsrcimg.4dfp.img.rec in talsrcimg_g11.4dfp.img.rec

---------------------------------------------------------------------
imgreg_4dfp /opt/freesurfer/average/711-2C_as_mni_average_305 none talsrcimg_g11 none talsrcimg_to_711-2C_as_mni_average_305_t4 4355
---------------------------------------------------------------------

freesurfer imgreg_4dfp.c
/opt/freesurfer/average/711-2C_as_mni_average_305.4dfp.img
       256       256       256         1
  1.000000  1.000000  1.000000
orientation T byte_order littleendian
Reading image: /opt/freesurfer/average/711-2C_as_mni_average_305.4dfp.img
dimensions:      256       256       256
mmppix:       1.0000   -1.0000   -1.0000
center:     128.0000 -129.0000 -129.0000
talsrcimg_g11.4dfp.img
       256       256       256         1
  0.898438  0.898438  0.898438
orientation T byte_order littleendian
Reading image: talsrcimg_g11.4dfp.img
dimensions:      256       256       256
mmppix:       0.8984   -0.8984   -0.8984
center:     115.0001 -115.8985 -115.8985
t4_read: open error in t4_sub.f l:  41 t4_file(1:l)talsrcimg_to_711-2C_as_mni_average_305_t4 
t4_read: transform initialized to I4
rotation matrix determinant  1.000000
image alignment mode   4355 decimal     1103 hex
   -7.5000  -45.0000  -45.0000 6269.1172   14.5217
    0.0000  -45.0000  -45.0000 6320.8979   14.5257
    7.5000  -45.0000  -45.0000 5976.5146   14.5527
   -7.5000  -37.5000  -45.0000 6631.1719   15.4432
    0.0000  -37.5000  -45.0000 6717.0693   15.4492
    7.5000  -37.5000  -45.0000 6324.9238   15.4779
   -7.5000  -30.0000  -45.0000 7028.5562   15.9324
    0.0000  -30.0000  -45.0000 7113.1357   15.9456
    7.5000  -30.0000  -45.0000 6700.3467   15.9728
   -7.5000  -22.5000  -45.0000 7573.1699   15.9246
    0.0000  -22.5000  -45.0000 7658.4233   15.9431
    7.5000  -22.5000  -45.0000 7197.8154   15.9682
   -7.5000  -15.0000  -45.0000 8082.2656   15.9130
    0.0000  -15.0000  -45.0000 8164.8066   15.9292
    7.5000  -15.0000  -45.0000 7684.7056   15.9543
   -7.5000   -7.5000  -45.0000 8108.5532   15.9101
    0.0000   -7.5000  -45.0000 8183.2256   15.9197
    7.5000   -7.5000  -45.0000 7698.9111   15.9467
   -7.5000    0.0000  -45.0000 8105.6226   15.9184
    0.0000    0.0000  -45.0000 8165.5630   15.9227
    7.5000    0.0000  -45.0000 7664.6860   15.9523
   -7.5000    7.5000  -45.0000 7654.3110   15.9300
    0.0000    7.5000  -45.0000 7700.1665   15.9362
    7.5000    7.5000  -45.0000 7225.1406   15.9658
   -7.5000   15.0000  -45.0000 7366.8804   15.9324
    0.0000   15.0000  -45.0000 7444.3999   15.9456
    7.5000   15.0000  -45.0000 6963.7437   15.9728
   -7.5000   22.5000  -45.0000 6746.8462   15.7285
    0.0000   22.5000  -45.0000 6829.2461   15.7469
    7.5000   22.5000  -45.0000 6378.2417   15.7716
   -7.5000   30.0000  -45.0000 6220.1958   15.4984
    0.0000   30.0000  -45.0000 6271.5605   15.5145
    7.5000   30.0000  -45.0000 5872.1899   15.5393
   -7.5000   37.5000  -45.0000 5767.1494   15.4065
    0.0000   37.5000  -45.0000 5809.2622   15.4162
    7.5000   37.5000  -45.0000 5441.3594   15.4455
   -7.5000   45.0000  -45.0000 5269.4790   15.4709
    0.0000   45.0000  -45.0000 5309.6289   15.4705
    7.5000   45.0000  -45.0000 4978.9292   15.4995
   -7.5000  -45.0000  -37.5000 6865.0830   15.2075
    0.0000  -45.0000  -37.5000 6904.7969   15.2084
    7.5000  -45.0000  -37.5000 6526.1948   15.2293
   -7.5000  -37.5000  -37.5000 7247.0571   16.1788
    0.0000  -37.5000  -37.5000 7300.5991   16.1803
    7.5000  -37.5000  -37.5000 6882.6641   16.2032
   -7.5000  -30.0000  -37.5000 7685.7598   16.6546
    0.0000  -30.0000  -37.5000 7739.8794   16.6635
    7.5000  -30.0000  -37.5000 7294.9121   16.6852
   -7.5000  -22.5000  -37.5000 8243.4336   16.6383
    0.0000  -22.5000  -37.5000 8307.8975   16.6540
    7.5000  -22.5000  -37.5000 7811.7495   16.6734
   -7.5000  -15.0000  -37.5000 8768.7295   16.6276
    0.0000  -15.0000  -37.5000 8837.2969   16.6424
    7.5000  -15.0000  -37.5000 8320.2197   16.6611
   -7.5000   -7.5000  -37.5000 8804.7139   16.6329
    0.0000   -7.5000  -37.5000 8848.7021   16.6408
    7.5000   -7.5000  -37.5000 8334.4492   16.6609
   -7.5000    0.0000  -37.5000 8791.4824   16.6488
    0.0000    0.0000  -37.5000 8844.7109   16.6499
    7.5000    0.0000  -37.5000 8318.8662   16.6727
   -7.5000    7.5000  -37.5000 8313.7227   16.6595
    0.0000    7.5000  -37.5000 8360.1250   16.6611
    7.5000    7.5000  -37.5000 7861.0532   16.6846
   -7.5000   15.0000  -37.5000 7980.3896   16.6539
    0.0000   15.0000  -37.5000 8024.7671   16.6627
    7.5000   15.0000  -37.5000 7544.9854   16.6844
   -7.5000   22.5000  -37.5000 7273.8169   16.4349
    0.0000   22.5000  -37.5000 7333.5933   16.4505
    7.5000   22.5000  -37.5000 6881.4229   16.4696
   -7.5000   30.0000  -37.5000 6682.1504   16.2018
    0.0000   30.0000  -37.5000 6721.5376   16.2158
    7.5000   30.0000  -37.5000 6306.3218   16.2342
   -7.5000   37.5000  -37.5000 6191.6147   16.1108
    0.0000   37.5000  -37.5000 6212.0454   16.1173
    7.5000   37.5000  -37.5000 5842.7930   16.1384
   -7.5000   45.0000  -37.5000 5644.9683   16.1600
    0.0000   45.0000  -37.5000 5671.4287   16.1554
    7.5000   45.0000  -37.5000 5314.5347   16.1790
   -7.5000  -45.0000  -30.0000 7472.9570   15.9054
    0.0000  -45.0000  -30.0000 7512.0112   15.9082
    7.5000  -45.0000  -30.0000 7109.8306   15.9209
   -7.5000  -37.5000  -30.0000 7882.7231   16.9218
    0.0000  -37.5000  -30.0000 7928.1167   16.9262
    7.5000  -37.5000  -30.0000 7490.0024   16.9422
   -7.5000  -30.0000  -30.0000 8359.6611   17.3849
    0.0000  -30.0000  -30.0000 8405.3789   17.3957
    7.5000  -30.0000  -30.0000 7917.4907   17.4150
   -7.5000  -22.5000  -30.0000 8943.9209   17.3635
    0.0000  -22.5000  -30.0000 8990.6025   17.3795
    7.5000  -22.5000  -30.0000 8461.0293   17.3998
   -7.5000  -15.0000  -30.0000 9488.9863   17.3590
    0.0000  -15.0000  -30.0000 9540.8740   17.3735
    7.5000  -15.0000  -30.0000 9005.7295   17.3911
   -7.5000   -7.5000  -30.0000 9494.6270   17.3742
    0.0000   -7.5000  -30.0000 9545.6533   17.3826
    7.5000   -7.5000  -30.0000 9019.1035   17.3968
   -7.5000    0.0000  -30.0000 9469.5742   17.3948
    0.0000    0.0000  -30.0000 9502.7939   17.3978
    7.5000    0.0000  -30.0000 8979.4727   17.4117
   -7.5000    7.5000  -30.0000 8948.9326   17.3982
    0.0000    7.5000  -30.0000 8975.8066   17.4027
    7.5000    7.5000  -30.0000 8491.8828   17.4192
   -7.5000   15.0000  -30.0000 8579.6279   17.3825
    0.0000   15.0000  -30.0000 8605.6738   17.3934
    7.5000   15.0000  -30.0000 8132.5493   17.4126
   -7.5000   22.5000  -30.0000 7801.4775   17.1514
    0.0000   22.5000  -30.0000 7828.4238   17.1673
    7.5000   22.5000  -30.0000 7395.1206   17.1874
   -7.5000   30.0000  -30.0000 7150.2646   16.9273
    0.0000   30.0000  -30.0000 7180.3794   16.9410
    7.5000   30.0000  -30.0000 6762.4375   16.9580
   -7.5000   37.5000  -30.0000 6604.8423   16.8555
    0.0000   37.5000  -30.0000 6642.3584   16.8619
    7.5000   37.5000  -30.0000 6234.9053   16.8762
   -7.5000   45.0000  -30.0000 6015.0435   16.9025
    0.0000   45.0000  -30.0000 6056.7705   16.8994
    7.5000   45.0000  -30.0000 5662.2217   16.9159
   -7.5000  -45.0000  -22.5000 8065.8833   16.5111
    0.0000  -45.0000  -22.5000 8096.7607   16.5187
    7.5000  -45.0000  -22.5000 7684.4155   16.5261
   -7.5000  -37.5000  -22.5000 8510.8857   17.5737
    0.0000  -37.5000  -22.5000 8537.3633   17.5861
    7.5000  -37.5000  -22.5000 8095.6392   17.5985
   -7.5000  -30.0000  -22.5000 9015.3340   18.0336
    0.0000  -30.0000  -22.5000 9043.2812   18.0511
    7.5000  -30.0000  -22.5000 8546.7979   18.0714
   -7.5000  -22.5000  -22.5000 9640.7754   18.0141
    0.0000  -22.5000  -22.5000 9669.4746   18.0325
    7.5000  -22.5000  -22.5000 9132.5547   18.0568
   -7.5000  -15.0000  -22.500010211.2324   18.0120
    0.0000  -15.0000  -22.500010244.9492   18.0264
    7.5000  -15.0000  -22.5000 9678.2568   18.0460
   -7.5000   -7.5000  -22.500010216.4248   18.0277
    0.0000   -7.5000  -22.500010251.5918   18.0372
    7.5000   -7.5000  -22.5000 9690.2246   18.0489
   -7.5000    0.0000  -22.500010148.9951   18.0470
    0.0000    0.0000  -22.500010163.6191   18.0552
    7.5000    0.0000  -22.5000 9609.3877   18.0633
   -7.5000    7.5000  -22.5000 9602.5791   18.0460
    0.0000    7.5000  -22.5000 9611.3779   18.0587
    7.5000    7.5000  -22.5000 9094.6084   18.0714
   -7.5000   15.0000  -22.5000 9202.8604   18.0293
    0.0000   15.0000  -22.5000 9219.2764   18.0468
    7.5000   15.0000  -22.5000 8717.3711   18.0671
   -7.5000   22.5000  -22.5000 8333.8965   17.7948
    0.0000   22.5000  -22.5000 8350.6191   17.8130
    7.5000   22.5000  -22.5000 7916.0073   17.8371
   -7.5000   30.0000  -22.5000 7636.6528   17.5791
    0.0000   30.0000  -22.5000 7648.4512   17.5933
    7.5000   30.0000  -22.5000 7238.0103   17.6121
   -7.5000   37.5000  -22.5000 7018.7065   17.5200
    0.0000   37.5000  -22.5000 7043.4521   17.5281
    7.5000   37.5000  -22.5000 6629.6309   17.5397
   -7.5000   45.0000  -22.5000 6363.4556   17.5769
    0.0000   45.0000  -22.5000 6402.3179   17.5788
    7.5000   45.0000  -22.5000 6005.5137   17.5902
   -7.5000  -45.0000  -15.0000 8671.0635   17.0816
    0.0000  -45.0000  -15.0000 8690.8096   17.0925
    7.5000  -45.0000  -15.0000 8248.8945   17.1059
   -7.5000  -37.5000  -15.0000 9143.1816   18.1813
    0.0000  -37.5000  -15.0000 9173.2393   18.1987
    7.5000  -37.5000  -15.0000 8687.9678   18.2175
   -7.5000  -30.0000  -15.0000 9660.9883   18.6482
    0.0000  -30.0000  -15.0000 9718.2246   18.6702
    7.5000  -30.0000  -15.0000 9158.3213   18.6959
   -7.5000  -22.5000  -15.000010334.5713   18.6354
    0.0000  -22.5000  -15.000010380.4600   18.6560
    7.5000  -22.5000  -15.0000 9764.9355   18.6842
   -7.5000  -15.0000  -15.000010976.6387   18.6312
    0.0000  -15.0000  -15.000010995.7188   18.6462
    7.5000  -15.0000  -15.000010355.8145   18.6696
   -7.5000   -7.5000  -15.000010987.8818   18.6390
    0.0000   -7.5000  -15.000010989.8057   18.6498
    7.5000   -7.5000  -15.000010373.2441   18.6665
   -7.5000    0.0000  -15.000010854.8613   18.6524
    0.0000    0.0000  -15.000010827.5674   18.6642
    7.5000    0.0000  -15.000010238.2070   18.6788
   -7.5000    7.5000  -15.000010223.7041   18.6517
    0.0000    7.5000  -15.000010210.5264   18.6696
    7.5000    7.5000  -15.0000 9672.2969   18.6889
   -7.5000   15.0000  -15.0000 9786.8848   18.6425
    0.0000   15.0000  -15.0000 9770.6836   18.6644
    7.5000   15.0000  -15.0000 9279.6221   18.6902
   -7.5000   22.5000  -15.0000 8885.4736   18.4111
    0.0000   22.5000  -15.0000 8845.7480   18.4315
    7.5000   22.5000  -15.0000 8415.4219   18.4594
   -7.5000   30.0000  -15.0000 8131.6260   18.1984
    0.0000   30.0000  -15.0000 8121.4829   18.2137
    7.5000   30.0000  -15.0000 7707.1533   18.2364
   -7.5000   37.5000  -15.0000 7437.4673   18.1421
    0.0000   37.5000  -15.0000 7440.8730   18.1529
    7.5000   37.5000  -15.0000 7033.8164   18.1708
   -7.5000   45.0000  -15.0000 6735.7324   18.2146
    0.0000   45.0000  -15.0000 6753.0029   18.2206
    7.5000   45.0000  -15.0000 6357.5361   18.2373
   -7.5000  -45.0000   -7.5000 8990.8242   17.0624
    0.0000  -45.0000   -7.5000 9013.0518   17.0699
    7.5000  -45.0000   -7.5000 8522.6641   17.0930
   -7.5000  -37.5000   -7.5000 9484.6064   18.1655
    0.0000  -37.5000   -7.5000 9529.6084   18.1785
    7.5000  -37.5000   -7.5000 8990.3340   18.2060
   -7.5000  -30.0000   -7.500010042.6133   18.6418
    0.0000  -30.0000   -7.500010091.8965   18.6606
    7.5000  -30.0000   -7.5000 9485.4062   18.6901
   -7.5000  -22.5000   -7.500010738.5215   18.6346
    0.0000  -22.5000   -7.500010778.8828   18.6542
    7.5000  -22.5000   -7.500010092.1123   18.6821
   -7.5000  -15.0000   -7.500011415.9688   18.6249
    0.0000  -15.0000   -7.500011435.8174   18.6394
    7.5000  -15.0000   -7.500010696.0420   18.6643
   -7.5000   -7.5000   -7.500011447.0420   18.6232
    0.0000   -7.5000   -7.500011451.1152   18.6322
    7.5000   -7.5000   -7.500010733.4043   18.6556
   -7.5000    0.0000   -7.500011273.6621   18.6314
    0.0000    0.0000   -7.500011264.7451   18.6396
    7.5000    0.0000   -7.500010576.4023   18.6648
   -7.5000    7.5000   -7.500010574.1035   18.6356
    0.0000    7.5000   -7.500010553.5635   18.6490
    7.5000    7.5000   -7.5000 9947.7314   18.6771
   -7.5000   15.0000   -7.500010121.8740   18.6361
    0.0000   15.0000   -7.500010098.2393   18.6548
    7.5000   15.0000   -7.5000 9559.8945   18.6843
   -7.5000   22.5000   -7.5000 9169.1309   18.4109
    0.0000   22.5000   -7.5000 9139.9463   18.4303
    7.5000   22.5000   -7.5000 8665.0430   18.4579
   -7.5000   30.0000   -7.5000 8396.3555   18.1903
    0.0000   30.0000   -7.5000 8376.7705   18.2053
    7.5000   30.0000   -7.5000 7932.7397   18.2298
   -7.5000   37.5000   -7.5000 7682.9009   18.1203
    0.0000   37.5000   -7.5000 7674.8384   18.1303
    7.5000   37.5000   -7.5000 7238.9497   18.1562
   -7.5000   45.0000   -7.5000 6938.7563   18.1935
    0.0000   45.0000   -7.5000 6954.9502   18.1965
    7.5000   45.0000   -7.5000 6532.8647   18.2218
   -7.5000  -45.0000    0.0000 9128.6875   17.4802
    0.0000  -45.0000    0.0000 9175.5762   17.4826
    7.5000  -45.0000    0.0000 8623.2402   17.5115
   -7.5000  -37.5000    0.0000 9649.3311   18.6078
    0.0000  -37.5000    0.0000 9713.0039   18.6127
    7.5000  -37.5000    0.0000 9105.2588   18.6438
   -7.5000  -30.0000    0.000010270.2520   19.0867
    0.0000  -30.0000    0.000010353.7188   19.0996
    7.5000  -30.0000    0.0000 9662.2441   19.1278
   -7.5000  -22.5000    0.000011004.1553   19.0771
    0.0000  -22.5000    0.000011084.9258   19.0957
    7.5000  -22.5000    0.000010302.3789   19.1200
   -7.5000  -15.0000    0.000011707.6611   19.0625
    0.0000  -15.0000    0.000011721.0820   19.0782
    7.5000  -15.0000    0.000010882.6182   19.1024
   -7.5000   -7.5000    0.000011728.6152   19.0586
    0.0000   -7.5000    0.000011707.4229   19.0668
    7.5000   -7.5000    0.000010889.0400   19.0940
   -7.5000    0.0000    0.000011466.9229   19.0687
    0.0000    0.0000    0.000011448.7061   19.0713
    7.5000    0.0000    0.000010692.7910   19.1028
   -7.5000    7.5000    0.000010720.3076   19.0767
    0.0000    7.5000    0.000010706.9893   19.0818
    7.5000    7.5000    0.000010036.7588   19.1137
   -7.5000   15.0000    0.000010270.2930   19.0800
    0.0000   15.0000    0.000010259.2852   19.0929
    7.5000   15.0000    0.0000 9664.7158   19.1211
   -7.5000   22.5000    0.0000 9346.8984   18.8515
    0.0000   22.5000    0.0000 9330.4326   18.8699
    7.5000   22.5000    0.0000 8806.2217   18.8940
   -7.5000   30.0000    0.0000 8531.3682   18.6254
    0.0000   30.0000    0.0000 8534.2227   18.6410
    7.5000   30.0000    0.0000 8045.7061   18.6649
   -7.5000   37.5000    0.0000 7787.9800   18.5590
    0.0000   37.5000    0.0000 7810.4346   18.5674
    7.5000   37.5000    0.0000 7337.5796   18.5974
   -7.5000   45.0000    0.0000 7018.2627   18.6514
    0.0000   45.0000    0.0000 7047.8335   18.6483
    7.5000   45.0000    0.0000 6592.1953   18.6792
   -7.5000  -45.0000    7.5000 8869.8232   17.4954
    0.0000  -45.0000    7.5000 8956.0742   17.4959
    7.5000  -45.0000    7.5000 8354.8877   17.5192
   -7.5000  -37.5000    7.5000 9375.0078   18.6212
    0.0000  -37.5000    7.5000 9490.2539   18.6219
    7.5000  -37.5000    7.5000 8838.2432   18.6473
   -7.5000  -30.0000    7.500010040.3438   19.0911
    0.0000  -30.0000    7.500010208.4365   19.1001
    7.5000  -30.0000    7.5000 9452.2109   19.1237
   -7.5000  -22.5000    7.500010928.1094   19.0740
    0.0000  -22.5000    7.500011111.0566   19.0911
    7.5000  -22.5000    7.500010166.0869   19.1119
   -7.5000  -15.0000    7.500011622.4834   19.0630
    0.0000  -15.0000    7.500011693.0996   19.0794
    7.5000  -15.0000    7.500010712.7910   19.0996
   -7.5000   -7.5000    7.500011530.6836   19.0688
    0.0000   -7.5000    7.500011537.4209   19.0773
    7.5000   -7.5000    7.500010632.3027   19.0994
   -7.5000    0.0000    7.500011208.1562   19.0854
    0.0000    0.0000    7.500011224.7031   19.0858
    7.5000    0.0000    7.500010392.1455   19.1112
   -7.5000    7.5000    7.500010454.3594   19.0904
    0.0000    7.5000    7.500010497.5039   19.0912
    7.5000    7.5000    7.5000 9744.8037   19.1172
   -7.5000   15.0000    7.500010026.0078   19.0843
    0.0000   15.0000    7.500010058.8301   19.0933
    7.5000   15.0000    7.5000 9389.0527   19.1169
   -7.5000   22.5000    7.5000 9147.4229   18.8487
    0.0000   22.5000    7.5000 9159.0957   18.8656
    7.5000   22.5000    7.5000 8570.2793   18.8862
   -7.5000   30.0000    7.5000 8352.5244   18.6243
    0.0000   30.0000    7.5000 8380.9873   18.6399
    7.5000   30.0000    7.5000 7861.3877   18.6598
   -7.5000   37.5000    7.5000 7624.8599   18.5682
    0.0000   37.5000    7.5000 7641.5835   18.5751
    7.5000   37.5000    7.5000 7165.9756   18.5986
   -7.5000   45.0000    7.5000 6846.9355   18.6628
    0.0000   45.0000    7.5000 6869.0122   18.6568
    7.5000   45.0000    7.5000 6421.2285   18.6833
   -7.5000  -45.0000   15.0000 8912.8994   17.5178
    0.0000  -45.0000   15.0000 9005.8350   17.5201
    7.5000  -45.0000   15.0000 8394.4580   17.5334
   -7.5000  -37.5000   15.0000 9390.6104   18.6395
    0.0000  -37.5000   15.0000 9543.7871   18.6434
    7.5000  -37.5000   15.0000 8875.8359   18.6606
   -7.5000  -30.0000   15.000010133.7676   19.0995
    0.0000  -30.0000   15.000010413.0928   19.1107
    7.5000  -30.0000   15.0000 9520.9150   19.1315
   -7.5000  -22.5000   15.000011212.7773   19.0771
    0.0000  -22.5000   15.000011585.9102   19.0941
    7.5000  -22.5000   15.000010363.3848   19.1160
   -7.5000  -15.0000   15.000011941.3359   19.0723
    0.0000  -15.0000   15.000012218.5391   19.0877
    7.5000  -15.0000   15.000010986.8213   19.1064
   -7.5000   -7.5000   15.000011749.4443   19.0881
    0.0000   -7.5000   15.000011877.2197   19.0967
    7.5000   -7.5000   15.000010841.1738   19.1116
   -7.5000    0.0000   15.000011394.5801   19.1097
    0.0000    0.0000   15.000011463.7637   19.1123
    7.5000    0.0000   15.000010526.4033   19.1268
   -7.5000    7.5000   15.000010540.7861   19.1092
    0.0000    7.5000   15.000010619.6201   19.1133
    7.5000    7.5000   15.0000 9804.1250   19.1309
   -7.5000   15.0000   15.000010088.1768   19.0928
    0.0000   15.0000   15.000010117.2852   19.1039
    7.5000   15.0000   15.0000 9402.0996   19.1248
   -7.5000   22.5000   15.0000 9173.2090   18.8513
    0.0000   22.5000   15.0000 9174.2197   18.8682
    7.5000   22.5000   15.0000 8564.0684   18.8898
   -7.5000   30.0000   15.0000 8407.6338   18.6356
    0.0000   30.0000   15.0000 8419.2520   18.6502
    7.5000   30.0000   15.0000 7868.7212   18.6683
   -7.5000   37.5000   15.0000 7648.2383   18.5934
    0.0000   37.5000   15.0000 7656.8853   18.5998
    7.5000   37.5000   15.0000 7154.1470   18.6148
   -7.5000   45.0000   15.0000 6850.2573   18.6875
    0.0000   45.0000   15.0000 6881.5410   18.6833
    7.5000   45.0000   15.0000 6411.1426   18.7008
   -7.5000  -45.0000   22.5000 8552.7021   17.5738
    0.0000  -45.0000   22.5000 8661.1729   17.5821
    7.5000  -45.0000   22.5000 8031.2871   17.5901
   -7.5000  -37.5000   22.5000 9004.8047   18.6969
    0.0000  -37.5000   22.5000 9122.7090   18.7103
    7.5000  -37.5000   22.5000 8469.5166   18.7235
   -7.5000  -30.0000   22.5000 9681.3594   19.1572
    0.0000  -30.0000   22.5000 9893.2070   19.1762
    7.5000  -30.0000   22.5000 9037.8584   19.1978
   -7.5000  -22.5000   22.500010594.9277   19.1362
    0.0000  -22.5000   22.500010951.2305   19.1561
    7.5000  -22.5000   22.5000 9811.6279   19.1821
   -7.5000  -15.0000   22.500011250.4736   19.1336
    0.0000  -15.0000   22.500011614.3496   19.1493
    7.5000  -15.0000   22.500010466.5967   19.1702
   -7.5000   -7.5000   22.500011173.3975   19.1501
    0.0000   -7.5000   22.500011417.8760   19.1606
    7.5000   -7.5000   22.500010399.2256   19.1731
   -7.5000    0.0000   22.500010890.2686   19.1709
    0.0000    0.0000   22.500011011.6416   19.1799
    7.5000    0.0000   22.500010082.9854   19.1885
   -7.5000    7.5000   22.500010028.4746   19.1680
    0.0000    7.5000   22.500010094.2607   19.1818
    7.5000    7.5000   22.5000 9324.0420   19.1953
   -7.5000   15.0000   22.5000 9560.0273   19.1504
    0.0000   15.0000   22.5000 9574.1201   19.1694
    7.5000   15.0000   22.5000 8907.8770   19.1910
   -7.5000   22.5000   22.5000 8697.3555   18.9089
    0.0000   22.5000   22.5000 8686.7598   18.9286
    7.5000   22.5000   22.5000 8109.1465   18.9543
   -7.5000   30.0000   22.5000 8017.5166   18.6998
    0.0000   30.0000   22.5000 8018.5098   18.7153
    7.5000   30.0000   22.5000 7482.0010   18.7354
   -7.5000   37.5000   22.5000 7270.7461   18.6637
    0.0000   37.5000   22.5000 7277.5117   18.6726
    7.5000   37.5000   22.5000 6811.3384   18.6851
   -7.5000   45.0000   22.5000 6494.5020   18.7573
    0.0000   45.0000   22.5000 6520.3384   18.7596
    7.5000   45.0000   22.5000 6096.1245   18.7719
   -7.5000  -45.0000   30.0000 8104.6851   17.6877
    0.0000  -45.0000   30.0000 8142.3125   17.6997
    7.5000  -45.0000   30.0000 7608.7114   17.7142
   -7.5000  -37.5000   30.0000 8528.8359   18.8283
    0.0000  -37.5000   30.0000 8527.0723   18.8473
    7.5000  -37.5000   30.0000 7996.4292   18.8674
   -7.5000  -30.0000   30.0000 9117.7930   19.3035
    0.0000  -30.0000   30.0000 9141.4805   19.3272
    7.5000  -30.0000   30.0000 8494.1025   19.3547
   -7.5000  -22.5000   30.0000 9833.4023   19.2896
    0.0000  -22.5000   30.0000 9899.6025   19.3120
    7.5000  -22.5000   30.0000 9140.3936   19.3422
   -7.5000  -15.0000   30.000010383.4932   19.2844
    0.0000  -15.0000   30.000010450.2129   19.3009
    7.5000  -15.0000   30.0000 9702.4297   19.3263
   -7.5000   -7.5000   30.000010391.8135   19.2924
    0.0000   -7.5000   30.000010444.4111   19.3044
    7.5000   -7.5000   30.0000 9713.9629   19.3226
   -7.5000    0.0000   30.000010216.3174   19.3069
    0.0000    0.0000   30.000010268.4365   19.3200
    7.5000    0.0000   30.0000 9532.2256   19.3358
   -7.5000    7.5000   30.0000 9436.1045   19.3061
    0.0000    7.5000   30.0000 9487.6992   19.3255
    7.5000    7.5000   30.0000 8830.2666   19.3461
   -7.5000   15.0000   30.0000 8993.1270   19.2966
    0.0000   15.0000   30.0000 9039.6240   19.3203
    7.5000   15.0000   30.0000 8425.1768   19.3478
   -7.5000   22.5000   30.0000 8183.9268   19.0580
    0.0000   22.5000   30.0000 8202.3516   19.0800
    7.5000   22.5000   30.0000 7644.2598   19.1099
   -7.5000   30.0000   30.0000 7534.1382   18.8587
    0.0000   30.0000   30.0000 7560.8916   18.8756
    7.5000   30.0000   30.0000 7029.0586   18.9001
   -7.5000   37.5000   30.0000 6807.9355   18.8267
    0.0000   37.5000   30.0000 6829.2065   18.8386
    7.5000   37.5000   30.0000 6388.7026   18.8580
   -7.5000   45.0000   30.0000 6080.1475   18.9319
    0.0000   45.0000   30.0000 6101.8745   18.9389
    7.5000   45.0000   30.0000 5706.2207   18.9569
   -7.5000  -45.0000   37.5000 7591.3564   17.7096
    0.0000  -45.0000   37.5000 7571.2280   17.7181
    7.5000  -45.0000   37.5000 7145.1450   17.7429
   -7.5000  -37.5000   37.5000 7999.3325   18.8633
    0.0000  -37.5000   37.5000 7973.0791   18.8782
    7.5000  -37.5000   37.5000 7522.4292   18.9078
   -7.5000  -30.0000   37.5000 8519.6953   19.3366
    0.0000  -30.0000   37.5000 8532.9248   19.3574
    7.5000  -30.0000   37.5000 7995.3955   19.3889
   -7.5000  -22.5000   37.5000 9118.6387   19.3245
    0.0000  -22.5000   37.5000 9150.6836   19.3457
    7.5000  -22.5000   37.5000 8570.4629   19.3753
   -7.5000  -15.0000   37.5000 9629.1836   19.3110
    0.0000  -15.0000   37.5000 9649.1689   19.3264
    7.5000  -15.0000   37.5000 9066.0527   19.3527
   -7.5000   -7.5000   37.5000 9670.7773   19.3107
    0.0000   -7.5000   37.5000 9689.5166   19.3204
    7.5000   -7.5000   37.5000 9097.1152   19.3452
   -7.5000    0.0000   37.5000 9547.6660   19.3234
    0.0000    0.0000   37.5000 9550.7441   19.3327
    7.5000    0.0000   37.5000 8942.5566   19.3597
   -7.5000    7.5000   37.5000 8857.9688   19.3300
    0.0000    7.5000   37.5000 8872.2754   19.3453
    7.5000    7.5000   37.5000 8309.9629   19.3756
   -7.5000   15.0000   37.5000 8473.1172   19.3296
    0.0000   15.0000   37.5000 8496.8662   19.3504
    7.5000   15.0000   37.5000 7954.5024   19.3818
   -7.5000   22.5000   37.5000 7732.2568   19.0776
    0.0000   22.5000   37.5000 7741.5020   19.0986
    7.5000   22.5000   37.5000 7232.1875   19.1277
   -7.5000   30.0000   37.5000 7069.9976   18.8501
    0.0000   30.0000   37.5000 7093.6484   18.8660
    7.5000   30.0000   37.5000 6621.9595   18.8918
   -7.5000   37.5000   37.5000 6347.8604   18.7846
    0.0000   37.5000   37.5000 6369.7617   18.7953
    7.5000   37.5000   37.5000 5971.5269   18.8226
   -7.5000   45.0000   37.5000 5654.9331   18.8737
    0.0000   45.0000   37.5000 5677.6162   18.8773
    7.5000   45.0000   37.5000 5325.5752   18.9041
   -7.5000  -45.0000   45.0000 7070.8584   17.7702
    0.0000  -45.0000   45.0000 7050.9814   17.7725
    7.5000  -45.0000   45.0000 6673.7061   17.8006
   -7.5000  -37.5000   45.0000 7452.2397   18.9372
    0.0000  -37.5000   45.0000 7452.7002   18.9426
    7.5000  -37.5000   45.0000 7045.4741   18.9726
   -7.5000  -30.0000   45.0000 7932.5811   19.3921
    0.0000  -30.0000   45.0000 7956.6870   19.4050
    7.5000  -30.0000   45.0000 7491.5698   19.4317
   -7.5000  -22.5000   45.0000 8470.9912   19.3703
    0.0000  -22.5000   45.0000 8485.6074   19.3877
    7.5000  -22.5000   45.0000 7999.1187   19.4107
   -7.5000  -15.0000   45.0000 8933.2285   19.3495
    0.0000  -15.0000   45.0000 8951.7275   19.3634
    7.5000  -15.0000   45.0000 8453.1357   19.3867
   -7.5000   -7.5000   45.0000 8997.4053   19.3513
    0.0000   -7.5000   45.0000 9012.4238   19.3582
    7.5000   -7.5000   45.0000 8488.5273   19.3847
   -7.5000    0.0000   45.0000 8890.5566   19.3728
    0.0000    0.0000   45.0000 8900.7451   19.3754
    7.5000    0.0000   45.0000 8358.3643   19.4060
   -7.5000    7.5000   45.0000 8237.4404   19.3871
    0.0000    7.5000   45.0000 8255.3379   19.3926
    7.5000    7.5000   45.0000 7748.1602   19.4234
   -7.5000   15.0000   45.0000 7900.4824   19.3849
    0.0000   15.0000   45.0000 7916.2393   19.3977
    7.5000   15.0000   45.0000 7420.8071   19.4244
   -7.5000   22.5000   45.0000 7210.4785   19.1153
    0.0000   22.5000   45.0000 7235.4810   19.1324
    7.5000   22.5000   45.0000 6772.6162   19.1551
   -7.5000   30.0000   45.0000 6588.4111   18.8609
    0.0000   30.0000   45.0000 6610.8413   18.8748
    7.5000   30.0000   45.0000 6190.8242   18.8976
   -7.5000   37.5000   45.0000 5894.1250   18.7741
    0.0000   37.5000   45.0000 5916.7749   18.7813
    7.5000   37.5000   45.0000 5562.8735   18.8101
   -7.5000   45.0000   45.0000 5238.0532   18.8526
    0.0000   45.0000   45.0000 5258.4922   18.8492
    7.5000   45.0000   45.0000 4948.8169   18.8784

---------------------------------------------------------------------
imgreg_4dfp /opt/freesurfer/average/711-2C_as_mni_average_305 /opt/freesurfer/average/711-2B_as_mni_average_305_mask talsrcimg_g11 none talsrcimg_to_711-2C_as_mni_average_305_t4 4355
---------------------------------------------------------------------

freesurfer imgreg_4dfp.c
/opt/freesurfer/average/711-2C_as_mni_average_305.4dfp.img
       256       256       256         1
  1.000000  1.000000  1.000000
orientation T byte_order littleendian
Reading image: /opt/freesurfer/average/711-2C_as_mni_average_305.4dfp.img
dimensions:      256       256       256
mmppix:       1.0000   -1.0000   -1.0000
center:     128.0000 -129.0000 -129.0000
/opt/freesurfer/average/711-2B_as_mni_average_305_mask.4dfp.img
       256       256       256         1
  1.000000  1.000000  1.000000
orientation T byte_order littleendian
Reading mask: /opt/freesurfer/average/711-2B_as_mni_average_305_mask.4dfp.img (2306576 pixels)
talsrcimg_g11.4dfp.img
       256       256       256         1
  0.898438  0.898438  0.898438
orientation T byte_order littleendian
Reading image: talsrcimg_g11.4dfp.img
dimensions:      256       256       256
mmppix:       0.8984   -0.8984   -0.8984
center:     115.0001 -115.8985 -115.8985
rotation matrix determinant  1.000000
image alignment mode   4355 decimal     1103 hex
   -7.5000  -60.0000  -30.0000 2162.9360   19.7749
    0.0000  -60.0000  -30.0000 2178.3796   19.6725
    7.5000  -60.0000  -30.0000 2163.3313   19.8363
   -7.5000  -52.5000  -30.0000 2256.3032   18.1235
    0.0000  -52.5000  -30.0000 2272.2539   18.0094
    7.5000  -52.5000  -30.0000 2252.5085   18.2010
   -7.5000  -45.0000  -30.0000 2343.8862   17.0938
    0.0000  -45.0000  -30.0000 2359.7671   16.9939
    7.5000  -45.0000  -30.0000 2339.7839   17.1771
   -7.5000  -37.5000  -30.0000 2379.1650   16.3137
    0.0000  -37.5000  -30.0000 2396.9470   16.2044
    7.5000  -37.5000  -30.0000 2374.4873   16.4019
   -7.5000  -30.0000  -30.0000 2404.1033   15.8640
    0.0000  -30.0000  -30.0000 2418.4885   15.7310
    7.5000  -30.0000  -30.0000 2389.4658   15.9818
   -7.5000  -22.5000  -30.0000 2398.4099   15.7027
    0.0000  -22.5000  -30.0000 2413.5229   15.5734
    7.5000  -22.5000  -30.0000 2386.8130   15.8175
   -7.5000  -15.0000  -30.0000 2399.7371   15.7483
    0.0000  -15.0000  -30.0000 2415.5623   15.6320
    7.5000  -15.0000  -30.0000 2393.2461   15.8676
   -7.5000   -7.5000  -30.0000 2383.6001   16.1209
    0.0000   -7.5000  -30.0000 2397.0015   16.0186
    7.5000   -7.5000  -30.0000 2374.6531   16.2547
   -7.5000    0.0000  -30.0000 2351.8809   16.6682
    0.0000    0.0000  -30.0000 2368.5229   16.6234
    7.5000    0.0000  -30.0000 2341.4553   16.8725
   -7.5000    7.5000  -30.0000 2303.7568   17.5320
    0.0000    7.5000  -30.0000 2318.5784   17.4738
    7.5000    7.5000  -30.0000 2289.3767   17.7591
   -7.5000   15.0000  -30.0000 2231.8840   18.6571
    0.0000   15.0000  -30.0000 2244.6616   18.6639
    7.5000   15.0000  -30.0000 2215.0923   18.9117
   -7.5000   22.5000  -30.0000 2145.8582   20.2248
    0.0000   22.5000  -30.0000 2155.0100   20.2532
    7.5000   22.5000  -30.0000 2125.1785   20.4984
   -7.5000   30.0000  -30.0000 2039.2574   22.3727
    0.0000   30.0000  -30.0000 2039.5525   22.3831
    7.5000   30.0000  -30.0000 2012.4946   22.6771
   -7.5000  -60.0000  -22.5000 2279.6660   19.1828
    0.0000  -60.0000  -22.5000 2296.6899   19.0164
    7.5000  -60.0000  -22.5000 2279.4719   19.2046
   -7.5000  -52.5000  -22.5000 2380.9460   17.5257
    0.0000  -52.5000  -22.5000 2398.9355   17.3966
    7.5000  -52.5000  -22.5000 2381.8596   17.5846
   -7.5000  -45.0000  -22.5000 2474.0645   16.4652
    0.0000  -45.0000  -22.5000 2487.5083   16.3528
    7.5000  -45.0000  -22.5000 2474.5576   16.5459
   -7.5000  -37.5000  -22.5000 2520.8525   15.6653
    0.0000  -37.5000  -22.5000 2529.7969   15.5671
    7.5000  -37.5000  -22.5000 2515.0132   15.7386
   -7.5000  -30.0000  -22.5000 2551.2666   15.1554
    0.0000  -30.0000  -22.5000 2558.8245   15.0246
    7.5000  -30.0000  -22.5000 2535.7937   15.2556
   -7.5000  -22.5000  -22.5000 2555.6294   14.9794
    0.0000  -22.5000  -22.5000 2566.5894   14.8720
    7.5000  -22.5000  -22.5000 2540.0432   15.1191
   -7.5000  -15.0000  -22.5000 2555.2612   15.0260
    0.0000  -15.0000  -22.5000 2562.6841   14.9229
    7.5000  -15.0000  -22.5000 2539.2461   15.1763
   -7.5000   -7.5000  -22.5000 2536.3994   15.3782
    0.0000   -7.5000  -22.5000 2547.6042   15.2818
    7.5000   -7.5000  -22.5000 2523.6387   15.5258
   -7.5000    0.0000  -22.5000 2503.0999   15.9463
    0.0000    0.0000  -22.5000 2515.0896   15.8330
    7.5000    0.0000  -22.5000 2486.8967   16.1231
   -7.5000    7.5000  -22.5000 2448.0591   16.7643
    0.0000    7.5000  -22.5000 2463.0522   16.6880
    7.5000    7.5000  -22.5000 2430.0090   16.9732
   -7.5000   15.0000  -22.5000 2369.9910   17.8810
    0.0000   15.0000  -22.5000 2384.3306   17.8129
    7.5000   15.0000  -22.5000 2352.7952   18.0688
   -7.5000   22.5000  -22.5000 2274.2029   19.3590
    0.0000   22.5000  -22.5000 2285.3784   19.3514
    7.5000   22.5000  -22.5000 2255.2205   19.6038
   -7.5000   30.0000  -22.5000 2164.7507   21.3801
    0.0000   30.0000  -22.5000 2170.6799   21.3764
    7.5000   30.0000  -22.5000 2139.9497   21.6106
   -7.5000  -60.0000  -15.0000 2361.8901   18.4680
    0.0000  -60.0000  -15.0000 2380.5303   18.2995
    7.5000  -60.0000  -15.0000 2361.1794   18.5256
   -7.5000  -52.5000  -15.0000 2466.6841   16.8040
    0.0000  -52.5000  -15.0000 2481.6245   16.6654
    7.5000  -52.5000  -15.0000 2463.6038   16.8661
   -7.5000  -45.0000  -15.0000 2566.0535   15.7331
    0.0000  -45.0000  -15.0000 2580.5828   15.6209
    7.5000  -45.0000  -15.0000 2568.3381   15.8181
   -7.5000  -37.5000  -15.0000 2614.7744   14.9276
    0.0000  -37.5000  -15.0000 2630.4214   14.8173
    7.5000  -37.5000  -15.0000 2618.3579   14.9886
   -7.5000  -30.0000  -15.0000 2648.3240   14.3941
    0.0000  -30.0000  -15.0000 2664.5229   14.3008
    7.5000  -30.0000  -15.0000 2641.1443   14.4691
   -7.5000  -22.5000  -15.0000 2671.7827   14.1614
    0.0000  -22.5000  -15.0000 2685.2051   14.0548
    7.5000  -22.5000  -15.0000 2653.0942   14.2549
   -7.5000  -15.0000  -15.0000 2680.2461   14.2044
    0.0000  -15.0000  -15.0000 2688.7468   14.1034
    7.5000  -15.0000  -15.0000 2655.9890   14.3436
   -7.5000   -7.5000  -15.0000 2667.8450   14.5295
    0.0000   -7.5000  -15.0000 2673.8577   14.4493
    7.5000   -7.5000  -15.0000 2647.2065   14.6831
   -7.5000    0.0000  -15.0000 2632.6719   15.0939
    0.0000    0.0000  -15.0000 2638.0491   14.9730
    7.5000    0.0000  -15.0000 2608.4338   15.2531
   -7.5000    7.5000  -15.0000 2571.9717   15.8812
    0.0000    7.5000  -15.0000 2583.7571   15.7633
    7.5000    7.5000  -15.0000 2550.1152   16.0504
   -7.5000   15.0000  -15.0000 2484.4309   16.9833
    0.0000   15.0000  -15.0000 2496.6777   16.8700
    7.5000   15.0000  -15.0000 2465.8826   17.1277
   -7.5000   22.5000  -15.0000 2378.8582   18.4311
    0.0000   22.5000  -15.0000 2384.8391   18.3286
    7.5000   22.5000  -15.0000 2357.7822   18.5847
   -7.5000   30.0000  -15.0000 2260.8005   20.3214
    0.0000   30.0000  -15.0000 2272.3030   20.2082
    7.5000   30.0000  -15.0000 2242.3589   20.4427
   -7.5000  -60.0000   -7.5000 2401.5967   17.6441
    0.0000  -60.0000   -7.5000 2414.9426   17.4724
    7.5000  -60.0000   -7.5000 2401.6543   17.7171
   -7.5000  -52.5000   -7.5000 2510.4158   16.0241
    0.0000  -52.5000   -7.5000 2521.5940   15.8706
    7.5000  -52.5000   -7.5000 2512.2625   16.0834
   -7.5000  -45.0000   -7.5000 2617.5886   14.9772
    0.0000  -45.0000   -7.5000 2632.8574   14.8529
    7.5000  -45.0000   -7.5000 2619.8357   15.0192
   -7.5000  -37.5000   -7.5000 2679.3130   14.1437
    0.0000  -37.5000   -7.5000 2693.8940   14.0336
    7.5000  -37.5000   -7.5000 2678.9966   14.1813
   -7.5000  -30.0000   -7.5000 2718.4026   13.6070
    0.0000  -30.0000   -7.5000 2733.5916   13.4948
    7.5000  -30.0000   -7.5000 2714.8486   13.6513
   -7.5000  -22.5000   -7.5000 2752.4648   13.3232
    0.0000  -22.5000   -7.5000 2767.6680   13.1869
    7.5000  -22.5000   -7.5000 2733.4937   13.3636
   -7.5000  -15.0000   -7.5000 2767.6665   13.3139
    0.0000  -15.0000   -7.5000 2779.0117   13.1966
    7.5000  -15.0000   -7.5000 2740.8003   13.4198
   -7.5000   -7.5000   -7.5000 2764.9387   13.6347
    0.0000   -7.5000   -7.5000 2772.8704   13.5268
    7.5000   -7.5000   -7.5000 2736.2188   13.7419
   -7.5000    0.0000   -7.5000 2725.9368   14.1455
    0.0000    0.0000   -7.5000 2732.7976   14.0401
    7.5000    0.0000   -7.5000 2698.6865   14.2837
   -7.5000    7.5000   -7.5000 2659.7278   14.9156
    0.0000    7.5000   -7.5000 2668.0439   14.7964
    7.5000    7.5000   -7.5000 2634.7100   15.0824
   -7.5000   15.0000   -7.5000 2565.4414   15.9498
    0.0000   15.0000   -7.5000 2572.4336   15.8510
    7.5000   15.0000   -7.5000 2545.3376   16.1174
   -7.5000   22.5000   -7.5000 2450.7236   17.3735
    0.0000   22.5000   -7.5000 2454.2231   17.2551
    7.5000   22.5000   -7.5000 2428.4456   17.5420
   -7.5000   30.0000   -7.5000 2325.2153   19.1820
    0.0000   30.0000   -7.5000 2330.9302   19.0581
    7.5000   30.0000   -7.5000 2303.7708   19.3668
   -7.5000  -60.0000    0.0000 2429.6379   17.2004
    0.0000  -60.0000    0.0000 2441.3411   17.0459
    7.5000  -60.0000    0.0000 2430.3655   17.2491
   -7.5000  -52.5000    0.0000 2544.9260   15.5905
    0.0000  -52.5000    0.0000 2557.6545   15.4606
    7.5000  -52.5000    0.0000 2545.9126   15.6120
   -7.5000  -45.0000    0.0000 2662.7356   14.5253
    0.0000  -45.0000    0.0000 2678.1897   14.4230
    7.5000  -45.0000    0.0000 2658.1936   14.5332
   -7.5000  -37.5000    0.0000 2738.1123   13.6501
    0.0000  -37.5000    0.0000 2754.2329   13.5680
    7.5000  -37.5000    0.0000 2733.4768   13.6983
   -7.5000  -30.0000    0.0000 2793.7556   13.0928
    0.0000  -30.0000    0.0000 2810.7200   12.9996
    7.5000  -30.0000    0.0000 2786.4932   13.1284
   -7.5000  -22.5000    0.0000 2834.8298   12.8090
    0.0000  -22.5000    0.0000 2853.5701   12.7240
    7.5000  -22.5000    0.0000 2814.8081   12.8590
   -7.5000  -15.0000    0.0000 2857.5889   12.7604
    0.0000  -15.0000    0.0000 2869.2437   12.6237
    7.5000  -15.0000    0.0000 2823.8213   12.8368
   -7.5000   -7.5000    0.0000 2854.3125   13.0022
    0.0000   -7.5000    0.0000 2858.6985   12.8647
    7.5000   -7.5000    0.0000 2815.8623   13.1063
   -7.5000    0.0000    0.0000 2803.5688   13.4760
    0.0000    0.0000    0.0000 2809.1633   13.3374
    7.5000    0.0000    0.0000 2775.1135   13.5802
   -7.5000    7.5000    0.0000 2731.2981   14.2238
    0.0000    7.5000    0.0000 2741.4661   14.0893
    7.5000    7.5000    0.0000 2704.5608   14.3985
   -7.5000   15.0000    0.0000 2637.1360   15.2727
    0.0000   15.0000    0.0000 2646.2498   15.1460
    7.5000   15.0000    0.0000 2610.1270   15.4936
   -7.5000   22.5000    0.0000 2517.3552   16.7181
    0.0000   22.5000    0.0000 2526.3938   16.5628
    7.5000   22.5000    0.0000 2490.2083   16.8998
   -7.5000   30.0000    0.0000 2379.4507   18.4726
    0.0000   30.0000    0.0000 2389.2607   18.3334
    7.5000   30.0000    0.0000 2353.6333   18.6744
   -7.5000  -60.0000    7.5000 2432.8484   16.8909
    0.0000  -60.0000    7.5000 2446.6455   16.7774
    7.5000  -60.0000    7.5000 2433.2927   16.9348
   -7.5000  -52.5000    7.5000 2554.1121   15.2481
    0.0000  -52.5000    7.5000 2563.5605   15.1690
    7.5000  -52.5000    7.5000 2546.8118   15.2720
   -7.5000  -45.0000    7.5000 2673.1240   14.1426
    0.0000  -45.0000    7.5000 2686.1604   14.1223
    7.5000  -45.0000    7.5000 2668.2920   14.1732
   -7.5000  -37.5000    7.5000 2767.5332   13.2703
    0.0000  -37.5000    7.5000 2782.6174   13.2745
    7.5000  -37.5000    7.5000 2760.6782   13.3177
   -7.5000  -30.0000    7.5000 2843.9990   12.7138
    0.0000  -30.0000    7.5000 2859.1934   12.7266
    7.5000  -30.0000    7.5000 2829.5359   12.7614
   -7.5000  -22.5000    7.5000 2901.2668   12.4902
    0.0000  -22.5000    7.5000 2922.8848   12.4901
    7.5000  -22.5000    7.5000 2877.0229   12.5316
   -7.5000  -15.0000    7.5000 2924.7893   12.4311
    0.0000  -15.0000    7.5000 2942.7742   12.3578
    7.5000  -15.0000    7.5000 2881.8032   12.4978
   -7.5000   -7.5000    7.5000 2913.4519   12.5607
    0.0000   -7.5000    7.5000 2920.6077   12.4347
    7.5000   -7.5000    7.5000 2861.6846   12.6632
   -7.5000    0.0000    7.5000 2854.3250   12.9350
    0.0000    0.0000    7.5000 2860.8491   12.8128
    7.5000    0.0000    7.5000 2814.9529   13.0849
   -7.5000    7.5000    7.5000 2779.7859   13.6731
    0.0000    7.5000    7.5000 2793.5923   13.5742
    7.5000    7.5000    7.5000 2748.3503   13.8533
   -7.5000   15.0000    7.5000 2677.5535   14.7908
    0.0000   15.0000    7.5000 2687.1787   14.7029
    7.5000   15.0000    7.5000 2650.1323   14.9678
   -7.5000   22.5000    7.5000 2553.3406   16.2480
    0.0000   22.5000    7.5000 2556.7236   16.1300
    7.5000   22.5000    7.5000 2523.2166   16.3928
   -7.5000   30.0000    7.5000 2415.5869   18.0029
    0.0000   30.0000    7.5000 2425.3528   17.8608
    7.5000   30.0000    7.5000 2392.1362   18.1594
   -7.5000  -60.0000   15.0000 2420.3330   16.7505
    0.0000  -60.0000   15.0000 2426.6045   16.7301
    7.5000  -60.0000   15.0000 2412.6052   16.8404
   -7.5000  -52.5000   15.0000 2543.4009   15.0857
    0.0000  -52.5000   15.0000 2545.8506   15.0852
    7.5000  -52.5000   15.0000 2532.1265   15.1904
   -7.5000  -45.0000   15.0000 2670.5764   13.9614
    0.0000  -45.0000   15.0000 2676.3477   13.9828
    7.5000  -45.0000   15.0000 2658.9280   14.0628
   -7.5000  -37.5000   15.0000 2777.0007   13.0943
    0.0000  -37.5000   15.0000 2788.4749   13.1640
    7.5000  -37.5000   15.0000 2763.2725   13.2090
   -7.5000  -30.0000   15.0000 2868.2585   12.5606
    0.0000  -30.0000   15.0000 2883.8625   12.6795
    7.5000  -30.0000   15.0000 2849.9409   12.6717
   -7.5000  -22.5000   15.0000 2947.5642   12.4157
    0.0000  -22.5000   15.0000 2971.4836   12.5743
    7.5000  -22.5000   15.0000 2918.7412   12.4597
   -7.5000  -15.0000   15.0000 2980.5059   12.4114
    0.0000  -15.0000   15.0000 3005.9934   12.5223
    7.5000  -15.0000   15.0000 2924.4792   12.4310
   -7.5000   -7.5000   15.0000 2955.0972   12.3633
    0.0000   -7.5000   15.0000 2957.7080   12.3657
    7.5000   -7.5000   15.0000 2892.6521   12.5392
   -7.5000    0.0000   15.0000 2886.8357   12.6965
    0.0000    0.0000   15.0000 2884.8748   12.6146
    7.5000    0.0000   15.0000 2831.0273   12.9035
   -7.5000    7.5000   15.0000 2793.9900   13.4322
    0.0000    7.5000   15.0000 2804.5227   13.3564
    7.5000    7.5000   15.0000 2762.2009   13.6069
   -7.5000   15.0000   15.0000 2690.2375   14.5477
    0.0000   15.0000   15.0000 2696.2615   14.4725
    7.5000   15.0000   15.0000 2662.2710   14.7108
   -7.5000   22.5000   15.0000 2565.4583   16.0023
    0.0000   22.5000   15.0000 2569.7812   15.9038
    7.5000   22.5000   15.0000 2539.7354   16.1356
   -7.5000   30.0000   15.0000 2427.7297   17.7779
    0.0000   30.0000   15.0000 2434.5830   17.6756
    7.5000   30.0000   15.0000 2399.9634   17.9073
   -7.5000  -60.0000   22.5000 2398.0969   16.8704
    0.0000  -60.0000   22.5000 2408.1255   16.9013
    7.5000  -60.0000   22.5000 2389.7910   17.0005
   -7.5000  -52.5000   22.5000 2517.2283   15.2073
    0.0000  -52.5000   22.5000 2523.6079   15.2504
    7.5000  -52.5000   22.5000 2504.7627   15.3359
   -7.5000  -45.0000   22.5000 2648.9004   14.0821
    0.0000  -45.0000   22.5000 2653.0708   14.1625
    7.5000  -45.0000   22.5000 2632.4592   14.2325
   -7.5000  -37.5000   22.5000 2762.8069   13.1873
    0.0000  -37.5000   22.5000 2767.4146   13.2928
    7.5000  -37.5000   22.5000 2744.0820   13.3720
   -7.5000  -30.0000   22.5000 2865.2937   12.6355
    0.0000  -30.0000   22.5000 2878.0757   12.7454
    7.5000  -30.0000   22.5000 2838.1799   12.7950
   -7.5000  -22.5000   22.5000 2958.5854   12.4695
    0.0000  -22.5000   22.5000 2979.6470   12.5897
    7.5000  -22.5000   22.5000 2916.1133   12.5413
   -7.5000  -15.0000   22.5000 2988.0693   12.3605
    0.0000  -15.0000   22.5000 3010.5820   12.5183
    7.5000  -15.0000   22.5000 2927.5205   12.5273
   -7.5000   -7.5000   22.5000 2959.3147   12.4211
    0.0000   -7.5000   22.5000 2967.6050   12.4864
    7.5000   -7.5000   22.5000 2893.5210   12.6944
   -7.5000    0.0000   22.5000 2885.9375   12.8398
    0.0000    0.0000   22.5000 2887.6895   12.8147
    7.5000    0.0000   22.5000 2826.4285   13.0527
   -7.5000    7.5000   22.5000 2781.8345   13.5478
    0.0000    7.5000   22.5000 2789.4187   13.4466
    7.5000    7.5000   22.5000 2747.8464   13.7021
   -7.5000   15.0000   22.5000 2671.7993   14.6072
    0.0000   15.0000   22.5000 2674.2068   14.4539
    7.5000   15.0000   22.5000 2647.1570   14.7256
   -7.5000   22.5000   22.5000 2553.7322   15.9967
    0.0000   22.5000   22.5000 2553.6477   15.8546
    7.5000   22.5000   22.5000 2523.9480   16.1072
   -7.5000   30.0000   22.5000 2421.5010   17.7524
    0.0000   30.0000   22.5000 2423.7422   17.5957
    7.5000   30.0000   22.5000 2385.7776   17.8843
   -7.5000  -60.0000   30.0000 2374.8936   17.2922
    0.0000  -60.0000   30.0000 2378.6294   17.3296
    7.5000  -60.0000   30.0000 2358.7358   17.4965
   -7.5000  -52.5000   30.0000 2486.4851   15.6103
    0.0000  -52.5000   30.0000 2486.7068   15.6520
    7.5000  -52.5000   30.0000 2469.9534   15.8461
   -7.5000  -45.0000   30.0000 2620.4529   14.4997
    0.0000  -45.0000   30.0000 2620.6040   14.5358
    7.5000  -45.0000   30.0000 2602.1770   14.7245
   -7.5000  -37.5000   30.0000 2731.2549   13.5613
    0.0000  -37.5000   30.0000 2730.2056   13.5582
    7.5000  -37.5000   30.0000 2704.5835   13.7686
   -7.5000  -30.0000   30.0000 2834.8506   12.9520
    0.0000  -30.0000   30.0000 2838.4260   12.9572
    7.5000  -30.0000   30.0000 2801.2698   13.1059
   -7.5000  -22.5000   30.0000 2918.9517   12.6695
    0.0000  -22.5000   30.0000 2932.2732   12.6792
    7.5000  -22.5000   30.0000 2879.0005   12.7810
   -7.5000  -15.0000   30.0000 2944.5098   12.4900
    0.0000  -15.0000   30.0000 2959.8071   12.4845
    7.5000  -15.0000   30.0000 2894.9233   12.7172
   -7.5000   -7.5000   30.0000 2918.5479   12.6993
    0.0000   -7.5000   30.0000 2925.7744   12.6482
    7.5000   -7.5000   30.0000 2863.9700   12.9243
   -7.5000    0.0000   30.0000 2851.8115   13.2575
    0.0000    0.0000   30.0000 2855.9700   13.1895
    7.5000    0.0000   30.0000 2800.3987   13.4246
   -7.5000    7.5000   30.0000 2746.3228   13.9827
    0.0000    7.5000   30.0000 2751.4614   13.9169
    7.5000    7.5000   30.0000 2713.2312   14.1581
   -7.5000   15.0000   30.0000 2634.4143   14.9632
    0.0000   15.0000   30.0000 2637.5471   14.8985
    7.5000   15.0000   30.0000 2610.6316   15.1515
   -7.5000   22.5000   30.0000 2517.3389   16.2826
    0.0000   22.5000   30.0000 2516.6760   16.2135
    7.5000   22.5000   30.0000 2482.2500   16.4444
   -7.5000   30.0000   30.0000 2391.9148   17.9706
    0.0000   30.0000   30.0000 2392.1023   17.8257
    7.5000   30.0000   30.0000 2350.6313   18.0686
   -7.5000  -60.0000   37.5000 2337.6184   17.9391
    0.0000  -60.0000   37.5000 2341.9346   17.9148
    7.5000  -60.0000   37.5000 2322.3008   18.2279
   -7.5000  -52.5000   37.5000 2450.7622   16.1778
    0.0000  -52.5000   37.5000 2451.1641   16.1569
    7.5000  -52.5000   37.5000 2428.2178   16.4605
   -7.5000  -45.0000   37.5000 2583.1580   15.0163
    0.0000  -45.0000   37.5000 2578.6577   14.9616
    7.5000  -45.0000   37.5000 2556.0781   15.2952
   -7.5000  -37.5000   37.5000 2690.8528   14.0498
    0.0000  -37.5000   37.5000 2688.1199   14.0106
    7.5000  -37.5000   37.5000 2662.8308   14.2729
   -7.5000  -30.0000   37.5000 2786.7163   13.4292
    0.0000  -30.0000   37.5000 2785.7266   13.4082
    7.5000  -30.0000   37.5000 2753.1099   13.5883
   -7.5000  -22.5000   37.5000 2847.1919   13.0370
    0.0000  -22.5000   37.5000 2853.4812   13.0315
    7.5000  -22.5000   37.5000 2809.9895   13.2547
   -7.5000  -15.0000   37.5000 2874.8237   12.8370
    0.0000  -15.0000   37.5000 2880.4988   12.8138
    7.5000  -15.0000   37.5000 2830.9202   13.0823
   -7.5000   -7.5000   37.5000 2849.2839   13.1063
    0.0000   -7.5000   37.5000 2855.3232   13.0453
    7.5000   -7.5000   37.5000 2807.7544   13.3223
   -7.5000    0.0000   37.5000 2790.1096   13.6986
    0.0000    0.0000   37.5000 2793.1099   13.6053
    7.5000    0.0000   37.5000 2744.6855   13.8583
   -7.5000    7.5000   37.5000 2696.5122   14.4845
    0.0000    7.5000   37.5000 2699.3118   14.3746
    7.5000    7.5000   37.5000 2661.8088   14.6292
   -7.5000   15.0000   37.5000 2588.5813   15.5178
    0.0000   15.0000   37.5000 2590.9910   15.4382
    7.5000   15.0000   37.5000 2560.7932   15.7042
   -7.5000   22.5000   37.5000 2471.4255   16.8337
    0.0000   22.5000   37.5000 2474.8008   16.7869
    7.5000   22.5000   37.5000 2439.2439   17.0547
   -7.5000   30.0000   37.5000 2339.1167   18.5103
    0.0000   30.0000   37.5000 2344.3843   18.3976
    7.5000   30.0000   37.5000 2309.5681   18.6608
   -7.5000  -60.0000   45.0000 2267.2068   18.6457
    0.0000  -60.0000   45.0000 2269.5906   18.5518
    7.5000  -60.0000   45.0000 2254.4561   18.9951
   -7.5000  -52.5000   45.0000 2381.0208   16.8250
    0.0000  -52.5000   45.0000 2379.6760   16.7597
    7.5000  -52.5000   45.0000 2360.6128   17.2083
   -7.5000  -45.0000   45.0000 2513.0483   15.6583
    0.0000  -45.0000   45.0000 2507.5129   15.5733
    7.5000  -45.0000   45.0000 2485.4404   15.9988
   -7.5000  -37.5000   45.0000 2616.0723   14.6554
    0.0000  -37.5000   45.0000 2611.7319   14.6249
    7.5000  -37.5000   45.0000 2584.9163   14.9520
   -7.5000  -30.0000   45.0000 2699.5364   13.9891
    0.0000  -30.0000   45.0000 2696.5752   13.9673
    7.5000  -30.0000   45.0000 2664.2915   14.2607
   -7.5000  -22.5000   45.0000 2748.7603   13.6109
    0.0000  -22.5000   45.0000 2749.3489   13.5578
    7.5000  -22.5000   45.0000 2708.7810   13.8494
   -7.5000  -15.0000   45.0000 2767.2197   13.4050
    0.0000  -15.0000   45.0000 2767.3535   13.3872
    7.5000  -15.0000   45.0000 2731.8521   13.6607
   -7.5000   -7.5000   45.0000 2742.9133   13.6944
    0.0000   -7.5000   45.0000 2741.7581   13.6318
    7.5000   -7.5000   45.0000 2704.8511   13.8982
   -7.5000    0.0000   45.0000 2686.0959   14.2283
    0.0000    0.0000   45.0000 2685.3042   14.1361
    7.5000    0.0000   45.0000 2644.2939   14.4036
   -7.5000    7.5000   45.0000 2599.9368   15.0358
    0.0000    7.5000   45.0000 2602.9685   14.9183
    7.5000    7.5000   45.0000 2565.4775   15.1921
   -7.5000   15.0000   45.0000 2508.0393   16.0639
    0.0000   15.0000   45.0000 2510.0283   15.9509
    7.5000   15.0000   45.0000 2478.9565   16.2483
   -7.5000   22.5000   45.0000 2397.4700   17.4237
    0.0000   22.5000   45.0000 2402.9919   17.3466
    7.5000   22.5000   45.0000 2372.0383   17.6166
   -7.5000   30.0000   45.0000 2270.1284   19.1467
    0.0000   30.0000   45.0000 2270.8469   19.0427
    7.5000   30.0000   45.0000 2238.0300   19.3068
   -7.5000  -60.0000   52.5000 2177.9565   19.3581
    0.0000  -60.0000   52.5000 2183.4351   19.2567
    7.5000  -60.0000   52.5000 2165.6394   19.8108
   -7.5000  -52.5000   52.5000 2286.1326   17.5027
    0.0000  -52.5000   52.5000 2290.0273   17.4254
    7.5000  -52.5000   52.5000 2266.8372   17.9480
   -7.5000  -45.0000   52.5000 2413.7268   16.3242
    0.0000  -45.0000   52.5000 2411.5076   16.2502
    7.5000  -45.0000   52.5000 2385.5952   16.7369
   -7.5000  -37.5000   52.5000 2504.7300   15.3247
    0.0000  -37.5000   52.5000 2502.4141   15.2915
    7.5000  -37.5000   52.5000 2474.6003   15.7105
   -7.5000  -30.0000   52.5000 2576.3462   14.6397
    0.0000  -30.0000   52.5000 2578.6421   14.6276
    7.5000  -30.0000   52.5000 2544.5183   14.9715
   -7.5000  -22.5000   52.5000 2621.2593   14.2421
    0.0000  -22.5000   52.5000 2625.1868   14.2041
    7.5000  -22.5000   52.5000 2584.4956   14.5275
   -7.5000  -15.0000   52.5000 2632.2024   14.0727
    0.0000  -15.0000   52.5000 2631.1372   14.0412
    7.5000  -15.0000   52.5000 2598.6755   14.3451
   -7.5000   -7.5000   52.5000 2602.8879   14.3575
    0.0000   -7.5000   52.5000 2604.7930   14.2980
    7.5000   -7.5000   52.5000 2570.8013   14.5967
   -7.5000    0.0000   52.5000 2555.3723   14.8714
    0.0000    0.0000   52.5000 2553.8115   14.7894
    7.5000    0.0000   52.5000 2523.8154   15.0786
   -7.5000    7.5000   52.5000 2482.1116   15.6055
    0.0000    7.5000   52.5000 2483.4546   15.5142
    7.5000    7.5000   52.5000 2449.6748   15.8011
   -7.5000   15.0000   52.5000 2392.7507   16.6087
    0.0000   15.0000   52.5000 2397.3118   16.5262
    7.5000   15.0000   52.5000 2365.0144   16.8446
   -7.5000   22.5000   52.5000 2293.8689   17.9215
    0.0000   22.5000   52.5000 2298.0869   17.8728
    7.5000   22.5000   52.5000 2262.3674   18.1520
   -7.5000   30.0000   52.5000 2173.4958   19.7372
    0.0000   30.0000   52.5000 2174.6580   19.6642
    7.5000   30.0000   52.5000 2138.2207   19.8975
   -7.5000  -60.0000   60.0000 2123.4395   20.6036
    0.0000  -60.0000   60.0000 2124.1458   20.5437
    7.5000  -60.0000   60.0000 2098.0312   21.2047
   -7.5000  -52.5000   60.0000 2230.6123   18.7174
    0.0000  -52.5000   60.0000 2230.0447   18.6345
    7.5000  -52.5000   60.0000 2197.3044   19.2244
   -7.5000  -45.0000   60.0000 2349.0125   17.5212
    0.0000  -45.0000   60.0000 2344.7058   17.4760
    7.5000  -45.0000   60.0000 2312.0410   17.9779
   -7.5000  -37.5000   60.0000 2428.9102   16.5176
    0.0000  -37.5000   60.0000 2424.0168   16.4816
    7.5000  -37.5000   60.0000 2394.0059   16.9114
   -7.5000  -30.0000   60.0000 2486.4595   15.7679
    0.0000  -30.0000   60.0000 2485.1553   15.7540
    7.5000  -30.0000   60.0000 2455.9578   16.1644
   -7.5000  -22.5000   60.0000 2526.5144   15.3098
    0.0000  -22.5000   60.0000 2527.8318   15.3136
    7.5000  -22.5000   60.0000 2494.7556   15.6658
   -7.5000  -15.0000   60.0000 2535.7803   15.1856
    0.0000  -15.0000   60.0000 2534.7361   15.2013
    7.5000  -15.0000   60.0000 2500.4714   15.5109
   -7.5000   -7.5000   60.0000 2505.7825   15.4992
    0.0000   -7.5000   60.0000 2505.8762   15.4674
    7.5000   -7.5000   60.0000 2472.4319   15.7624
   -7.5000    0.0000   60.0000 2461.6279   15.9875
    0.0000    0.0000   60.0000 2460.8015   15.9291
    7.5000    0.0000   60.0000 2430.4363   16.2195
   -7.5000    7.5000   60.0000 2397.6184   16.6556
    0.0000    7.5000   60.0000 2400.5127   16.5968
    7.5000    7.5000   60.0000 2366.6545   16.9117
   -7.5000   15.0000   60.0000 2314.6956   17.6780
    0.0000   15.0000   60.0000 2318.1672   17.6082
    7.5000   15.0000   60.0000 2283.3372   17.9055
   -7.5000   22.5000   60.0000 2211.6609   18.9733
    0.0000   22.5000   60.0000 2212.8848   18.9016
    7.5000   22.5000   60.0000 2180.8992   19.2169
   -7.5000   30.0000   60.0000 2092.3311   20.8616
    0.0000   30.0000   60.0000 2093.6318   20.7873
    7.5000   30.0000   60.0000 2062.1699   21.0744

---------------------------------------------------------------------
imgreg_4dfp /opt/freesurfer/average/711-2C_as_mni_average_305 /opt/freesurfer/average/711-2B_as_mni_average_305_mask talsrcimg_g11 none talsrcimg_to_711-2C_as_mni_average_305_t4 1283
---------------------------------------------------------------------

freesurfer imgreg_4dfp.c
/opt/freesurfer/average/711-2C_as_mni_average_305.4dfp.img
       256       256       256         1
  1.000000  1.000000  1.000000
orientation T byte_order littleendian
Reading image: /opt/freesurfer/average/711-2C_as_mni_average_305.4dfp.img
dimensions:      256       256       256
mmppix:       1.0000   -1.0000   -1.0000
center:     128.0000 -129.0000 -129.0000
/opt/freesurfer/average/711-2B_as_mni_average_305_mask.4dfp.img
       256       256       256         1
  1.000000  1.000000  1.000000
orientation T byte_order littleendian
Reading mask: /opt/freesurfer/average/711-2B_as_mni_average_305_mask.4dfp.img (2306576 pixels)
talsrcimg_g11.4dfp.img
       256       256       256         1
  0.898438  0.898438  0.898438
orientation T byte_order littleendian
Reading image: talsrcimg_g11.4dfp.img
dimensions:      256       256       256
mmppix:       0.8984   -0.8984   -0.8984
center:     115.0001 -115.8985 -115.8985
rotation matrix determinant  1.000000
fimgreg.f
image alignment mode   1283 decimal      503 hex
parameters
    0.0000  -15.0000   22.5000    0.0000    0.0000    0.0000
eta,q 0.94370 12.58267
niter,ni,del,rscale     5    3   12.0000    1.2000
parameter  4  1.393578 ->  0.500000 qaram    1.1500
parameter  5 -0.573429 -> -0.500000 qaram    1.1500
parameters
   -2.4708  -16.0379   19.6127   -3.4500    3.4500    0.3269
eta,q 0.95624 12.54355
  0.0598  0.0604  0.0551  0.0471  0.0599  0.0526
  0.0556  0.0568  0.0519  0.0460  0.0553  0.0483
  0.0545  0.0543  0.0517  0.0476  0.0503  0.0450
  0.0570  0.0544  0.0540  0.0513  0.0461  0.0438
  0.0624  0.0566  0.0587  0.0554  0.0440  0.0441
  0.0706  0.0612  0.0655  0.0583  0.0440  0.0466
  0.0794  0.0665  0.0718  0.0611  0.0459  0.0512
niter,ni,del,rscale     6    3   12.0000    1.2000
parameter  4  0.554889 ->  0.500000 qaram    1.3225
parameters
   -3.5318  -14.4804   18.2386   -7.4175    3.7345    0.3401
eta,q 0.96067 12.61928
  0.0563  0.0600  0.0503  0.0412  0.0545  0.0493
  0.0477  0.0538  0.0450  0.0397  0.0480  0.0437
  0.0429  0.0469  0.0417  0.0396  0.0423  0.0399
  0.0438  0.0426  0.0424  0.0414  0.0394  0.0393
  0.0493  0.0428  0.0471  0.0455  0.0407  0.0410
  0.0576  0.0451  0.0539  0.0510  0.0457  0.0440
  0.0669  0.0489  0.0608  0.0564  0.0530  0.0486
niter,ni,del,rscale     6    3   12.0000    1.2000
parameters
   -3.5645  -12.6476   17.1473   -8.8565    3.7388    0.0826
eta,q 0.96299 12.63814
  0.0617  0.0622  0.0461  0.0457  0.0517  0.0453
  0.0511  0.0532  0.0414  0.0385  0.0449  0.0406
  0.0425  0.0446  0.0385  0.0368  0.0394  0.0378
  0.0393  0.0393  0.0378  0.0377  0.0371  0.0371
  0.0432  0.0378  0.0413  0.0403  0.0385  0.0386
  0.0517  0.0396  0.0478  0.0458  0.0438  0.0419
  0.0618  0.0458  0.0547  0.0531  0.0527  0.0465
niter,ni,del,rscale     5    3   12.0000    1.2000
parameters
   -3.4509  -12.2159   16.8595   -9.1687    3.7622    0.0231
eta,q 0.96307 12.63234
  0.0622  0.0569  0.0483  0.0491  0.0515  0.0454
  0.0501  0.0465  0.0418  0.0408  0.0447  0.0407
  0.0404  0.0398  0.0383  0.0368  0.0391  0.0379
  0.0370  0.0371  0.0370  0.0371  0.0369  0.0369
  0.0410  0.0385  0.0388  0.0388  0.0382  0.0379
  0.0496  0.0433  0.0439  0.0432  0.0433  0.0411
  0.0596  0.0518  0.0504  0.0500  0.0524  0.0456
niter,ni,del,rscale     4    3   12.0000    1.2000
parameters
   -3.3908  -12.1000   16.8003   -9.2578    3.7551    0.0042
eta,q 0.96305 12.63086
  0.0616  0.0552  0.0493  0.0498  0.0513  0.0454
  0.0494  0.0450  0.0423  0.0415  0.0445  0.0406
  0.0398  0.0389  0.0384  0.0369  0.0390  0.0380
  0.0369  0.0370  0.0370  0.0370  0.0369  0.0369
  0.0410  0.0391  0.0385  0.0385  0.0382  0.0378
  0.0496  0.0445  0.0432  0.0427  0.0433  0.0409
  0.0596  0.0535  0.0494  0.0494  0.0525  0.0455
niter,ni,del,rscale     3    3   12.0000    1.2000
parameters
   -3.3692  -12.0683   16.7836   -9.2836    3.7499   -0.0025
eta,q 0.96304 12.63060
  0.0613  0.0547  0.0495  0.0501  0.0513  0.0454
  0.0490  0.0447  0.0423  0.0417  0.0445  0.0406
  0.0396  0.0387  0.0384  0.0370  0.0390  0.0380
  0.0370  0.0370  0.0370  0.0370  0.0370  0.0370
  0.0412  0.0392  0.0384  0.0385  0.0382  0.0378
  0.0498  0.0448  0.0430  0.0426  0.0432  0.0409
  0.0598  0.0539  0.0492  0.0492  0.0525  0.0454
registration optimization eta report
parameter search radius
    6.0000    6.0000    6.0000    7.9350    6.9000    6.0000
100000*second partial in parameter space
       64.       48.       34.       21.       31.       24.
  0.0613  0.0547  0.0495  0.0501  0.0513  0.0454
  0.0490  0.0447  0.0423  0.0417  0.0445  0.0406
  0.0396  0.0387  0.0384  0.0370  0.0390  0.0380
  0.0370  0.0370  0.0370  0.0370  0.0370  0.0370
  0.0412  0.0392  0.0384  0.0385  0.0382  0.0378
  0.0498  0.0448  0.0430  0.0426  0.0432  0.0409
  0.0598  0.0539  0.0492  0.0492  0.0525  0.0454
   -3.3692  -12.0683   16.7836   -9.2836    3.7499   -0.0025
eta,q 0.96304 12.63060

---------------------------------------------------------------------
imgreg_4dfp /opt/freesurfer/average/711-2C_as_mni_average_305 /opt/freesurfer/average/711-2B_as_mni_average_305_mask talsrcimg_g11 none talsrcimg_to_711-2C_as_mni_average_305_t4 3335
---------------------------------------------------------------------

freesurfer imgreg_4dfp.c
/opt/freesurfer/average/711-2C_as_mni_average_305.4dfp.img
       256       256       256         1
  1.000000  1.000000  1.000000
orientation T byte_order littleendian
Reading image: /opt/freesurfer/average/711-2C_as_mni_average_305.4dfp.img
dimensions:      256       256       256
mmppix:       1.0000   -1.0000   -1.0000
center:     128.0000 -129.0000 -129.0000
/opt/freesurfer/average/711-2B_as_mni_average_305_mask.4dfp.img
       256       256       256         1
  1.000000  1.000000  1.000000
orientation T byte_order littleendian
Reading mask: /opt/freesurfer/average/711-2B_as_mni_average_305_mask.4dfp.img (2306576 pixels)
talsrcimg_g11.4dfp.img
       256       256       256         1
  0.898438  0.898438  0.898438
orientation T byte_order littleendian
Reading image: talsrcimg_g11.4dfp.img
dimensions:      256       256       256
mmppix:       0.8984   -0.8984   -0.8984
center:     115.0001 -115.8985 -115.8985
fimgreg.f
image alignment mode   3335 decimal      D07 hex
parameters
   -3.3692  -12.0683   16.7836   -0.2141   -1.3099   -1.5211
    1.0594   -6.4538   -0.0043   16.1324    6.5402  -16.0976
eta,q 0.96148 12.64312
niter,ni,del,rscale     5    3    5.0000    1.2000
parameter  5  1.250838 ->  0.500000 qaram    1.1500
parameter  6  0.792613 ->  0.500000 qaram    1.1500
parameter 11  0.536132 ->  0.500000 qaram    1.1500
parameter 12 -0.541950 -> -0.500000 qaram    1.1500
parameters
   -3.2766  -11.7248   16.4911   -3.8051   -5.4499   -5.6611
   -0.2076   -5.2869    1.0660   14.9034    2.4002  -11.9576
eta,q 0.96865 12.08854
  0.0430  0.0427  0.0402  0.0384  0.0330  0.0318  0.0340  0.0370  0.0349  0.0343  0.0319  0.0347
  0.0407  0.0407  0.0391  0.0379  0.0339  0.0322  0.0329  0.0348  0.0335  0.0330  0.0318  0.0335
  0.0392  0.0393  0.0385  0.0377  0.0353  0.0329  0.0324  0.0332  0.0326  0.0322  0.0319  0.0325
  0.0385  0.0385  0.0384  0.0384  0.0377  0.0342  0.0324  0.0323  0.0321  0.0321  0.0320  0.0318
  0.0389  0.0386  0.0389  0.0402  0.0412  0.0366  0.0330  0.0322  0.0322  0.0328  0.0324  0.0314
  0.0402  0.0394  0.0399  0.0430  0.0454  0.0404  0.0341  0.0330  0.0327  0.0344  0.0331  0.0314
  0.0424  0.0409  0.0413  0.0465  0.0493  0.0447  0.0357  0.0349  0.0336  0.0368  0.0341  0.0318
niter,ni,del,rscale     7    3    5.0000    1.2000
parameter  5  0.699963 ->  0.500000 qaram    1.3225
parameter  6  0.529022 ->  0.500000 qaram    1.3225
parameters
   -3.2695  -11.6975   17.2935   -5.0494  -10.2109  -10.4221
   -0.7254   -5.2282    0.7684   13.5263    2.1895  -12.0694
eta,q 0.97183 11.32008
  0.0348  0.0346  0.0344  0.0318  0.0295  0.0291  0.0307  0.0326  0.0303  0.0304  0.0298  0.0308
  0.0329  0.0329  0.0330  0.0315  0.0293  0.0284  0.0294  0.0303  0.0292  0.0289  0.0289  0.0294
  0.0317  0.0318  0.0320  0.0313  0.0300  0.0285  0.0286  0.0289  0.0286  0.0282  0.0284  0.0285
  0.0313  0.0314  0.0314  0.0311  0.0312  0.0295  0.0284  0.0284  0.0284  0.0284  0.0282  0.0282
  0.0317  0.0317  0.0311  0.0311  0.0333  0.0309  0.0288  0.0288  0.0287  0.0292  0.0284  0.0286
  0.0329  0.0327  0.0313  0.0318  0.0365  0.0335  0.0299  0.0302  0.0295  0.0306  0.0291  0.0296
  0.0347  0.0345  0.0320  0.0333  0.0409  0.0372  0.0314  0.0324  0.0306  0.0326  0.0300  0.0309
niter,ni,del,rscale     7    3    5.0000    1.2000
parameters
   -3.2600  -11.7551   17.1670   -7.5668  -12.1413  -10.5614
   -0.7055   -5.2891    0.7271   13.4186    1.8726  -12.1921
eta,q 0.97223 11.01584
  0.0315  0.0311  0.0300  0.0285  0.0305  0.0326  0.0308  0.0322  0.0301  0.0311  0.0294  0.0303
  0.0297  0.0294  0.0290  0.0280  0.0289  0.0300  0.0292  0.0298  0.0289  0.0292  0.0285  0.0289
  0.0285  0.0284  0.0283  0.0280  0.0279  0.0282  0.0282  0.0282  0.0280  0.0280  0.0280  0.0280
  0.0282  0.0282  0.0282  0.0282  0.0280  0.0278  0.0278  0.0278  0.0278  0.0278  0.0278  0.0278
  0.0285  0.0286  0.0285  0.0285  0.0292  0.0285  0.0281  0.0284  0.0281  0.0283  0.0280  0.0282
  0.0296  0.0297  0.0292  0.0292  0.0311  0.0302  0.0292  0.0300  0.0289  0.0295  0.0287  0.0291
  0.0315  0.0313  0.0304  0.0304  0.0339  0.0328  0.0308  0.0323  0.0302  0.0311  0.0296  0.0304
niter,ni,del,rscale     6    3    5.0000    1.2000
parameters
   -3.3000  -11.7315   17.1225   -7.4539  -12.2288  -10.6233
   -0.6979   -5.2802    0.7950   13.4473    1.8216  -12.2481
eta,q 0.97222 11.01493
  0.0311  0.0309  0.0297  0.0293  0.0317  0.0327  0.0307  0.0323  0.0302  0.0312  0.0295  0.0304
  0.0293  0.0291  0.0286  0.0283  0.0298  0.0300  0.0292  0.0299  0.0289  0.0292  0.0286  0.0290
  0.0281  0.0281  0.0280  0.0278  0.0284  0.0282  0.0282  0.0283  0.0281  0.0281  0.0280  0.0281
  0.0278  0.0278  0.0278  0.0278  0.0278  0.0278  0.0278  0.0278  0.0278  0.0278  0.0278  0.0278
  0.0282  0.0281  0.0280  0.0280  0.0283  0.0285  0.0281  0.0284  0.0281  0.0283  0.0280  0.0282
  0.0294  0.0291  0.0287  0.0284  0.0298  0.0302  0.0292  0.0299  0.0289  0.0294  0.0286  0.0291
  0.0313  0.0307  0.0298  0.0291  0.0320  0.0327  0.0308  0.0322  0.0301  0.0309  0.0295  0.0303
niter,ni,del,rscale     5    3    5.0000    1.2000
parameters
   -3.3014  -11.7271   17.1113   -7.4675  -12.2268  -10.6275
   -0.6975   -5.2768    0.8068   13.4610    1.8099  -12.2669
eta,q 0.97222 11.01408
  0.0312  0.0308  0.0297  0.0293  0.0318  0.0328  0.0307  0.0323  0.0301  0.0312  0.0295  0.0304
  0.0293  0.0291  0.0287  0.0283  0.0298  0.0301  0.0292  0.0299  0.0289  0.0292  0.0286  0.0290
  0.0282  0.0281  0.0280  0.0278  0.0284  0.0283  0.0282  0.0283  0.0281  0.0281  0.0280  0.0281
  0.0278  0.0278  0.0278  0.0278  0.0278  0.0278  0.0278  0.0278  0.0278  0.0278  0.0278  0.0278
  0.0282  0.0282  0.0280  0.0280  0.0283  0.0285  0.0281  0.0284  0.0281  0.0283  0.0280  0.0282
  0.0293  0.0292  0.0287  0.0284  0.0297  0.0302  0.0292  0.0299  0.0289  0.0294  0.0286  0.0291
  0.0312  0.0307  0.0298  0.0291  0.0319  0.0326  0.0308  0.0322  0.0301  0.0309  0.0295  0.0303
registration optimization eta report
parameter search radius
    2.4000    2.4000    2.4000    7.2000    9.5220    9.5220
    7.2000    7.2000    7.2000    7.2000    8.2800    8.2800
100000*second partial in parameter space
       59.       51.       34.        3.        4.        5.
        6.        9.        4.        6.        2.        4.
  0.0312  0.0308  0.0297  0.0293  0.0318  0.0328  0.0307  0.0323  0.0301  0.0312  0.0295  0.0304
  0.0293  0.0291  0.0287  0.0283  0.0298  0.0301  0.0292  0.0299  0.0289  0.0292  0.0286  0.0290
  0.0282  0.0281  0.0280  0.0278  0.0284  0.0283  0.0282  0.0283  0.0281  0.0281  0.0280  0.0281
  0.0278  0.0278  0.0278  0.0278  0.0278  0.0278  0.0278  0.0278  0.0278  0.0278  0.0278  0.0278
  0.0282  0.0282  0.0280  0.0280  0.0283  0.0285  0.0281  0.0284  0.0281  0.0283  0.0280  0.0282
  0.0293  0.0292  0.0287  0.0284  0.0297  0.0302  0.0292  0.0299  0.0289  0.0294  0.0286  0.0291
  0.0312  0.0307  0.0298  0.0291  0.0319  0.0326  0.0308  0.0322  0.0301  0.0309  0.0295  0.0303
   -3.3014  -11.7271   17.1113   -7.4675  -12.2268  -10.6275
   -0.6975   -5.2768    0.8068   13.4610    1.8099  -12.2669
eta,q 0.97222 11.01408

---------------------------------------------------------------------
imgreg_4dfp /opt/freesurfer/average/711-2C_as_mni_average_305 /opt/freesurfer/average/711-2B_as_mni_average_305_mask talsrcimg_g11 none talsrcimg_to_711-2C_as_mni_average_305_t4 2311
---------------------------------------------------------------------

freesurfer imgreg_4dfp.c
/opt/freesurfer/average/711-2C_as_mni_average_305.4dfp.img
       256       256       256         1
  1.000000  1.000000  1.000000
orientation T byte_order littleendian
Reading image: /opt/freesurfer/average/711-2C_as_mni_average_305.4dfp.img
dimensions:      256       256       256
mmppix:       1.0000   -1.0000   -1.0000
center:     128.0000 -129.0000 -129.0000
/opt/freesurfer/average/711-2B_as_mni_average_305_mask.4dfp.img
       256       256       256         1
  1.000000  1.000000  1.000000
orientation T byte_order littleendian
Reading mask: /opt/freesurfer/average/711-2B_as_mni_average_305_mask.4dfp.img (2306576 pixels)
talsrcimg_g11.4dfp.img
       256       256       256         1
  0.898438  0.898438  0.898438
orientation T byte_order littleendian
Reading image: talsrcimg_g11.4dfp.img
dimensions:      256       256       256
mmppix:       0.8984   -0.8984   -0.8984
center:     115.0001 -115.8985 -115.8985
fimgreg.f
image alignment mode   2311 decimal      907 hex
parameters
   -3.3014  -11.7271   17.1113   -7.4675  -12.2268  -10.6275
   -0.6975   -5.2768    0.8068   13.4610    1.8099  -12.2669
eta,q 0.97222 11.01408
niter,ni,del,rscale     5    3    5.0000    0.8000
parameters
   -3.2997  -11.7593   17.1225   -7.9099  -12.0618  -10.8506
   -0.6628   -5.3105    0.7410   13.1284    1.7576  -12.3691
eta,q 0.97228 10.97860
  0.0293  0.0291  0.0287  0.0283  0.0291  0.0290  0.0292  0.0299  0.0288  0.0291  0.0283  0.0286
  0.0285  0.0283  0.0282  0.0279  0.0284  0.0283  0.0284  0.0287  0.0282  0.0283  0.0280  0.0281
  0.0280  0.0279  0.0279  0.0277  0.0280  0.0278  0.0280  0.0279  0.0279  0.0278  0.0278  0.0278
  0.0278  0.0278  0.0278  0.0278  0.0278  0.0278  0.0277  0.0277  0.0277  0.0277  0.0277  0.0277
  0.0280  0.0280  0.0279  0.0279  0.0279  0.0280  0.0279  0.0280  0.0279  0.0280  0.0278  0.0278
  0.0285  0.0284  0.0282  0.0281  0.0283  0.0285  0.0284  0.0287  0.0283  0.0286  0.0280  0.0282
  0.0293  0.0292  0.0287  0.0284  0.0289  0.0292  0.0292  0.0299  0.0289  0.0294  0.0284  0.0287
niter,ni,del,rscale     4    3    5.0000    0.7000
parameters
   -3.3037  -11.7689   17.0665   -8.0705  -12.0153  -11.0390
   -0.6445   -5.3255    0.7355   13.0441    1.7287  -12.4237
eta,q 0.97230 10.95868
  0.0289  0.0288  0.0284  0.0282  0.0287  0.0287  0.0288  0.0294  0.0286  0.0289  0.0282  0.0284
  0.0283  0.0282  0.0280  0.0279  0.0282  0.0281  0.0282  0.0284  0.0281  0.0282  0.0279  0.0280
  0.0279  0.0278  0.0278  0.0277  0.0279  0.0278  0.0279  0.0279  0.0278  0.0278  0.0278  0.0278
  0.0277  0.0277  0.0277  0.0277  0.0277  0.0277  0.0277  0.0277  0.0277  0.0277  0.0277  0.0277
  0.0279  0.0279  0.0278  0.0278  0.0278  0.0279  0.0278  0.0279  0.0278  0.0279  0.0278  0.0278
  0.0283  0.0282  0.0281  0.0280  0.0281  0.0283  0.0282  0.0285  0.0281  0.0283  0.0279  0.0280
  0.0289  0.0288  0.0285  0.0282  0.0287  0.0289  0.0288  0.0294  0.0286  0.0289  0.0282  0.0285
niter,ni,del,rscale     3    3    5.0000    0.6000
parameters
   -3.3045  -11.7692   17.0230   -8.2422  -11.9665  -11.1537
   -0.6282   -5.3394    0.7262   12.9867    1.7158  -12.4490
eta,q 0.97232 10.94305
  0.0286  0.0285  0.0282  0.0280  0.0284  0.0285  0.0285  0.0289  0.0283  0.0286  0.0280  0.0282
  0.0281  0.0280  0.0279  0.0278  0.0281  0.0280  0.0281  0.0282  0.0280  0.0281  0.0279  0.0279
  0.0278  0.0278  0.0277  0.0277  0.0278  0.0277  0.0278  0.0278  0.0277  0.0278  0.0277  0.0277
  0.0277  0.0277  0.0277  0.0277  0.0277  0.0277  0.0277  0.0277  0.0277  0.0277  0.0277  0.0277
  0.0278  0.0278  0.0278  0.0278  0.0278  0.0278  0.0278  0.0278  0.0278  0.0278  0.0277  0.0277
  0.0281  0.0281  0.0280  0.0279  0.0280  0.0281  0.0281  0.0283  0.0280  0.0281  0.0279  0.0279
  0.0286  0.0285  0.0283  0.0280  0.0284  0.0285  0.0285  0.0289  0.0283  0.0286  0.0281  0.0282
niter,ni,del,rscale     2    3    5.0000    0.5000
parameters
   -3.3077  -11.7667   16.9926   -8.4051  -11.9259  -11.2601
   -0.6084   -5.3564    0.7279   12.9252    1.7142  -12.4741
eta,q 0.97233 10.92836
  0.0283  0.0282  0.0280  0.0279  0.0282  0.0283  0.0283  0.0285  0.0281  0.0283  0.0279  0.0280
  0.0280  0.0279  0.0278  0.0278  0.0279  0.0279  0.0280  0.0280  0.0279  0.0279  0.0278  0.0278
  0.0277  0.0277  0.0277  0.0277  0.0278  0.0277  0.0278  0.0278  0.0277  0.0277  0.0277  0.0277
  0.0277  0.0277  0.0277  0.0277  0.0277  0.0277  0.0277  0.0277  0.0277  0.0277  0.0277  0.0277
  0.0278  0.0277  0.0277  0.0277  0.0277  0.0278  0.0277  0.0278  0.0277  0.0278  0.0277  0.0277
  0.0280  0.0279  0.0279  0.0278  0.0279  0.0280  0.0279  0.0281  0.0279  0.0280  0.0278  0.0278
  0.0283  0.0282  0.0281  0.0279  0.0282  0.0283  0.0283  0.0285  0.0281  0.0283  0.0279  0.0281
niter,ni,del,rscale     1    3    5.0000    0.4000
parameters
   -3.3104  -11.7698   16.9609   -8.5218  -11.8934  -11.3670
   -0.5904   -5.3739    0.7093   12.8757    1.7191  -12.4846
eta,q 0.97234 10.91608
  0.0281  0.0280  0.0279  0.0278  0.0280  0.0280  0.0281  0.0282  0.0279  0.0281  0.0278  0.0279
  0.0278  0.0278  0.0278  0.0277  0.0278  0.0278  0.0279  0.0279  0.0278  0.0278  0.0277  0.0278
  0.0277  0.0277  0.0277  0.0277  0.0277  0.0277  0.0277  0.0277  0.0277  0.0277  0.0277  0.0277
  0.0277  0.0277  0.0277  0.0277  0.0277  0.0277  0.0277  0.0277  0.0277  0.0277  0.0277  0.0277
  0.0277  0.0277  0.0277  0.0277  0.0277  0.0277  0.0277  0.0277  0.0277  0.0277  0.0277  0.0277
  0.0279  0.0278  0.0278  0.0278  0.0278  0.0279  0.0278  0.0279  0.0278  0.0279  0.0277  0.0278
  0.0281  0.0280  0.0279  0.0278  0.0280  0.0281  0.0281  0.0282  0.0280  0.0281  0.0278  0.0279
registration optimization eta report
parameter search radius
    0.8000    0.8000    0.8000    2.4000    2.4000    2.4000
    2.4000    2.4000    2.4000    2.4000    2.4000    2.4000
100000*second partial in parameter space
       64.       55.       37.        3.        6.        7.
        7.       10.        5.        7.        3.        4.
  0.0281  0.0280  0.0279  0.0278  0.0280  0.0280  0.0281  0.0282  0.0279  0.0281  0.0278  0.0279
  0.0278  0.0278  0.0278  0.0277  0.0278  0.0278  0.0279  0.0279  0.0278  0.0278  0.0277  0.0278
  0.0277  0.0277  0.0277  0.0277  0.0277  0.0277  0.0277  0.0277  0.0277  0.0277  0.0277  0.0277
  0.0277  0.0277  0.0277  0.0277  0.0277  0.0277  0.0277  0.0277  0.0277  0.0277  0.0277  0.0277
  0.0277  0.0277  0.0277  0.0277  0.0277  0.0277  0.0277  0.0277  0.0277  0.0277  0.0277  0.0277
  0.0279  0.0278  0.0278  0.0278  0.0278  0.0279  0.0278  0.0279  0.0278  0.0279  0.0277  0.0278
  0.0281  0.0280  0.0279  0.0278  0.0280  0.0281  0.0281  0.0282  0.0280  0.0281  0.0278  0.0279
   -3.3104  -11.7698   16.9609   -8.5218  -11.8934  -11.3670
   -0.5904   -5.3739    0.7093   12.8757    1.7191  -12.4846
eta,q 0.97234 10.91608

---------------------------------------------------------------------
imgreg_4dfp /opt/freesurfer/average/711-2C_as_mni_average_305 /opt/freesurfer/average/711-2B_as_mni_average_305_mask talsrcimg_g11 none talsrcimg_to_711-2C_as_mni_average_305_t4 2311
---------------------------------------------------------------------

freesurfer imgreg_4dfp.c
/opt/freesurfer/average/711-2C_as_mni_average_305.4dfp.img
       256       256       256         1
  1.000000  1.000000  1.000000
orientation T byte_order littleendian
Reading image: /opt/freesurfer/average/711-2C_as_mni_average_305.4dfp.img
dimensions:      256       256       256
mmppix:       1.0000   -1.0000   -1.0000
center:     128.0000 -129.0000 -129.0000
/opt/freesurfer/average/711-2B_as_mni_average_305_mask.4dfp.img
       256       256       256         1
  1.000000  1.000000  1.000000
orientation T byte_order littleendian
Reading mask: /opt/freesurfer/average/711-2B_as_mni_average_305_mask.4dfp.img (2306576 pixels)
talsrcimg_g11.4dfp.img
       256       256       256         1
  0.898438  0.898438  0.898438
orientation T byte_order littleendian
Reading image: talsrcimg_g11.4dfp.img
dimensions:      256       256       256
mmppix:       0.8984   -0.8984   -0.8984
center:     115.0001 -115.8985 -115.8985
fimgreg.f
image alignment mode   2311 decimal      907 hex
parameters
   -3.3104  -11.7698   16.9609   -8.5218  -11.8934  -11.3670
   -0.5904   -5.3739    0.7093   12.8757    1.7191  -12.4846
eta,q 0.97234 10.91608
niter,ni,del,rscale     5    3    5.0000    0.8000
parameters
   -3.3176  -11.7462   16.9252   -7.9713  -11.9661  -11.2469
   -0.6477   -5.2898    0.7805   13.0883    1.6482  -12.5199
eta,q 0.97231 10.95604
  0.0292  0.0291  0.0285  0.0286  0.0289  0.0293  0.0291  0.0300  0.0288  0.0294  0.0283  0.0286
  0.0284  0.0283  0.0281  0.0280  0.0283  0.0284  0.0284  0.0287  0.0282  0.0285  0.0280  0.0281
  0.0278  0.0278  0.0278  0.0277  0.0278  0.0278  0.0279  0.0279  0.0278  0.0279  0.0278  0.0278
  0.0277  0.0277  0.0277  0.0277  0.0277  0.0277  0.0277  0.0277  0.0277  0.0277  0.0277  0.0277
  0.0278  0.0278  0.0278  0.0278  0.0278  0.0279  0.0279  0.0279  0.0278  0.0279  0.0278  0.0278
  0.0284  0.0283  0.0281  0.0279  0.0283  0.0284  0.0284  0.0287  0.0282  0.0284  0.0280  0.0281
  0.0293  0.0290  0.0286  0.0281  0.0290  0.0291  0.0292  0.0298  0.0288  0.0291  0.0283  0.0286
niter,ni,del,rscale     4    3    5.0000    0.7000
parameters
   -3.3036  -11.7585   16.9631   -8.0666  -11.9622  -11.1779
   -0.6399   -5.3053    0.7605   13.0608    1.6769  -12.4960
eta,q 0.97231 10.95376
  0.0289  0.0287  0.0284  0.0282  0.0287  0.0289  0.0288  0.0294  0.0285  0.0289  0.0282  0.0284
  0.0283  0.0281  0.0280  0.0278  0.0282  0.0282  0.0282  0.0284  0.0281  0.0282  0.0279  0.0280
  0.0278  0.0278  0.0278  0.0277  0.0278  0.0278  0.0278  0.0279  0.0278  0.0278  0.0278  0.0278
  0.0277  0.0277  0.0277  0.0277  0.0277  0.0277  0.0277  0.0277  0.0277  0.0277  0.0277  0.0277
  0.0278  0.0278  0.0278  0.0278  0.0278  0.0279  0.0278  0.0279  0.0278  0.0279  0.0277  0.0278
  0.0282  0.0282  0.0280  0.0279  0.0281  0.0282  0.0282  0.0285  0.0281  0.0283  0.0279  0.0280
  0.0289  0.0287  0.0284  0.0281  0.0287  0.0288  0.0288  0.0294  0.0286  0.0289  0.0282  0.0284
niter,ni,del,rscale     3    3    5.0000    0.6000
parameters
   -3.3046  -11.7632   16.9804   -8.2422  -11.9465  -11.2023
   -0.6264   -5.3322    0.7399   12.9944    1.6983  -12.4804
eta,q 0.97233 10.94139
  0.0286  0.0285  0.0282  0.0280  0.0284  0.0285  0.0285  0.0289  0.0283  0.0286  0.0281  0.0282
  0.0281  0.0280  0.0279  0.0278  0.0280  0.0280  0.0281  0.0282  0.0280  0.0281  0.0278  0.0279
  0.0278  0.0278  0.0278  0.0277  0.0278  0.0277  0.0278  0.0278  0.0277  0.0278  0.0277  0.0277
  0.0277  0.0277  0.0277  0.0277  0.0277  0.0277  0.0277  0.0277  0.0277  0.0277  0.0277  0.0277
  0.0278  0.0278  0.0277  0.0278  0.0278  0.0278  0.0278  0.0278  0.0278  0.0278  0.0277  0.0277
  0.0281  0.0280  0.0279  0.0279  0.0280  0.0281  0.0281  0.0283  0.0280  0.0281  0.0278  0.0279
  0.0286  0.0285  0.0282  0.0280  0.0284  0.0285  0.0285  0.0289  0.0283  0.0286  0.0280  0.0282
niter,ni,del,rscale     2    3    5.0000    0.5000
parameters
   -3.3064  -11.7659   16.9768   -8.3937  -11.9251  -11.2707
   -0.6065   -5.3537    0.7289   12.9271    1.6984  -12.4857
eta,q 0.97233 10.92843
  0.0283  0.0282  0.0280  0.0279  0.0282  0.0283  0.0283  0.0285  0.0281  0.0283  0.0279  0.0280
  0.0280  0.0279  0.0278  0.0278  0.0279  0.0279  0.0280  0.0280  0.0279  0.0279  0.0278  0.0278
  0.0277  0.0277  0.0277  0.0277  0.0277  0.0277  0.0277  0.0278  0.0277  0.0277  0.0277  0.0277
  0.0277  0.0277  0.0277  0.0277  0.0277  0.0277  0.0277  0.0277  0.0277  0.0277  0.0277  0.0277
  0.0277  0.0277  0.0277  0.0277  0.0277  0.0278  0.0277  0.0278  0.0277  0.0278  0.0277  0.0277
  0.0280  0.0279  0.0278  0.0278  0.0279  0.0280  0.0279  0.0281  0.0279  0.0280  0.0278  0.0278
  0.0283  0.0282  0.0280  0.0279  0.0282  0.0283  0.0283  0.0285  0.0281  0.0283  0.0279  0.0280
niter,ni,del,rscale     1    3    5.0000    0.4000
parameters
   -3.3113  -11.7687   16.9626   -8.5231  -11.8935  -11.3667
   -0.5877   -5.3724    0.7059   12.8737    1.7087  -12.4847
eta,q 0.97234 10.91604
  0.0281  0.0280  0.0279  0.0278  0.0280  0.0280  0.0281  0.0282  0.0279  0.0281  0.0278  0.0279
  0.0278  0.0278  0.0278  0.0277  0.0278  0.0278  0.0279  0.0279  0.0278  0.0278  0.0277  0.0278
  0.0277  0.0277  0.0277  0.0277  0.0277  0.0277  0.0277  0.0277  0.0277  0.0277  0.0277  0.0277
  0.0277  0.0277  0.0277  0.0277  0.0277  0.0277  0.0277  0.0277  0.0277  0.0277  0.0277  0.0277
  0.0277  0.0277  0.0277  0.0277  0.0277  0.0277  0.0277  0.0277  0.0277  0.0277  0.0277  0.0277
  0.0279  0.0278  0.0278  0.0278  0.0278  0.0279  0.0278  0.0279  0.0278  0.0279  0.0277  0.0278
  0.0281  0.0280  0.0279  0.0279  0.0280  0.0281  0.0281  0.0282  0.0280  0.0281  0.0278  0.0279
registration optimization eta report
parameter search radius
    0.8000    0.8000    0.8000    2.4000    2.4000    2.4000
    2.4000    2.4000    2.4000    2.4000    2.4000    2.4000
100000*second partial in parameter space
       63.       54.       37.        3.        6.        7.
        7.       10.        5.        7.        3.        4.
  0.0281  0.0280  0.0279  0.0278  0.0280  0.0280  0.0281  0.0282  0.0279  0.0281  0.0278  0.0279
  0.0278  0.0278  0.0278  0.0277  0.0278  0.0278  0.0279  0.0279  0.0278  0.0278  0.0277  0.0278
  0.0277  0.0277  0.0277  0.0277  0.0277  0.0277  0.0277  0.0277  0.0277  0.0277  0.0277  0.0277
  0.0277  0.0277  0.0277  0.0277  0.0277  0.0277  0.0277  0.0277  0.0277  0.0277  0.0277  0.0277
  0.0277  0.0277  0.0277  0.0277  0.0277  0.0277  0.0277  0.0277  0.0277  0.0277  0.0277  0.0277
  0.0279  0.0278  0.0278  0.0278  0.0278  0.0279  0.0278  0.0279  0.0278  0.0279  0.0277  0.0278
  0.0281  0.0280  0.0279  0.0279  0.0280  0.0281  0.0281  0.0282  0.0280  0.0281  0.0278  0.0279
   -3.3113  -11.7687   16.9626   -8.5231  -11.8935  -11.3667
   -0.5877   -5.3724    0.7059   12.8737    1.7087  -12.4847
eta,q 0.97234 10.91604

---------------------------------------------------------------------
compute_vox2vox talsrcimg talsrcimg_to_711-2C_as_mni_average_305_t4 /opt/freesurfer/average/711-2C_as_mni_average_305
---------------------------------------------------------------------

freesurfer compute_vox2vox.c
Reading: talsrcimg.4dfp.ifh
Reading: talsrcimg_to_711-2C_as_mni_average_305_t4
Reading: /opt/freesurfer/average/711-2C_as_mni_average_305.4dfp.ifh
Writing: talsrcimg_to_711-2C_as_mni_average_305_t4_vox2vox.txt

start time Wed Mar 11 03:35:41 CET 2026
end		time Wed Mar 11 03:37:07 CET 2026

mpr2mni305 success

avi2talxfm orig_nu.mgz /opt/freesurfer/average/mni305.cor.mgz talsrcimg_to_711-2C_as_mni_average_305_t4_vox2vox.txt transforms/talairach.auto.xfm
avi2talxfm done
mv -f /out/sourcedata/freesurfer/sub-v2s13x29107_ses-1/mri/talsrcimg_to_711-2C_as_mni_average_305_t4_vox2vox.txt /out/sourcedata/freesurfer/sub-v2s13x29107_ses-1/mri/transforms/talsrcimg_to_711-2C_as_mni_average_305_t4_vox2vox.txt
lta_convert --src orig_nu.mgz --trg /opt/freesurfer/average/mni305.cor.mgz --inxfm transforms/talairach.auto.xfm --outlta transforms/talairach.auto.xfm.lta --subject fsaverage
7.3.2

--src: orig_nu.mgz src image (geometry).
--trg: /opt/freesurfer/average/mni305.cor.mgz trg image (geometry).
--inmni: transforms/talairach.auto.xfm input MNI/XFM transform.
--outlta: transforms/talairach.auto.xfm.lta output LTA.
--s: fsaverage subject name
 LTA read, type : 1
 1.09185   0.06381   0.01633  -1.09028;
-0.02183   1.10421   0.15632  -17.61620;
-0.00556  -0.16185   1.11202  -11.74149;
 0.00000   0.00000   0.00000   1.00000;
setting subject to fsaverage
Writing  LTA to file transforms/talairach.auto.xfm.lta...
lta_convert successful.
 
 
Started at Wed Mar 11 03:35:40 CET 2026
Ended   at Wed Mar 11 03:37:07 CET 2026
talairach_avi done
