/out/sourcedata/freesurfer/sub-v2s13x29126_ses-1/mri
/opt/freesurfer/bin/talairach_avi
--i orig_nu.mgz --xfm transforms/talairach.auto.xfm
talairach_avi 7.3.2
Linux dna059 5.14.0-427.37.1.el9_4.x86_64 #1 SMP PREEMPT_DYNAMIC Fri Sep 13 12:41:50 EDT 2024 x86_64 x86_64 x86_64 GNU/Linux
Wed Mar 11 04:42:56 CET 2026
mri_convert orig_nu.mgz talsrcimg.img 
reading from orig_nu.mgz...
TR=0.00, TE=0.00, TI=0.00, flip angle=0.00
i_ras = (-1, 4.08972e-10, -9.71815e-11)
j_ras = (-3.23938e-11, 8.29282e-09, -1)
k_ras = (6.07384e-10, 1, 8.29282e-09)
writing to talsrcimg.img...
Analyze Output Matrix
-0.89844  -0.00000   0.00000   117.69662;
 0.00000   0.00000   0.89844  -113.71306;
-0.00000  -0.89844   0.00000   147.50436;
 0.00000   0.00000   0.00000   1.00000;
--------------------
INFO: set hdr.hist.orient to -1
mpr2mni305 talsrcimg
Wed Mar 11 04:42:56 CET 2026
/opt/freesurfer/bin/mpr2mni305 talsrcimg
mpr2mni305 7.3.2
target=711-2C_as_mni_average_305

---------------------------------------------------------------------
analyzeto4dfp talsrcimg -O0 -y
---------------------------------------------------------------------

freesurfer ifh2hdr.c
Wed Mar 11 04:42:56 2026
Writing: talsrcimg.4dfp.hdr
freesurfer analyzeto4dfp.c
Reading: talsrcimg.hdr
header size 348 bytes
hdr.dime.datatype	offset=70	value=2
hdr.dime.bitpix		offset=72	value=8
hdr.hist.orient		offset=252	value=-1
dimensionality     4
dimensions       256       256       256         1
Reading: talsrcimg.img
Writing: talsrcimg.4dfp.img
Writing: talsrcimg.4dfp.ifh
ifh2hdr talsrcimg -r0to244
ori=2

---------------------------------------------------------------------
gauss_4dfp talsrcimg 1.1
---------------------------------------------------------------------

freesurfer gauss_4dfp.c
Reading: talsrcimg.4dfp.img
Writing: talsrcimg_g11.4dfp.img
image dimensions 256 256 256 padded to 288 288 288
processing volume 1freesurfer ifh2hdr.c
Wed Mar 11 04:42:58 2026
Writing: talsrcimg_g11.4dfp.hdr

Writing: talsrcimg_g11.4dfp.ifh
including: talsrcimg.4dfp.img.rec in talsrcimg_g11.4dfp.img.rec

---------------------------------------------------------------------
imgreg_4dfp /opt/freesurfer/average/711-2C_as_mni_average_305 none talsrcimg_g11 none talsrcimg_to_711-2C_as_mni_average_305_t4 4355
---------------------------------------------------------------------

freesurfer imgreg_4dfp.c
/opt/freesurfer/average/711-2C_as_mni_average_305.4dfp.img
       256       256       256         1
  1.000000  1.000000  1.000000
orientation T byte_order littleendian
Reading image: /opt/freesurfer/average/711-2C_as_mni_average_305.4dfp.img
dimensions:      256       256       256
mmppix:       1.0000   -1.0000   -1.0000
center:     128.0000 -129.0000 -129.0000
talsrcimg_g11.4dfp.img
       256       256       256         1
  0.898438  0.898438  0.898438
orientation T byte_order littleendian
Reading image: talsrcimg_g11.4dfp.img
dimensions:      256       256       256
mmppix:       0.8984   -0.8984   -0.8984
center:     115.0001 -115.8985 -115.8985
t4_read: open error in t4_sub.f l:  41 t4_file(1:l)talsrcimg_to_711-2C_as_mni_average_305_t4 
t4_read: transform initialized to I4
rotation matrix determinant  1.000000
image alignment mode   4355 decimal     1103 hex
   -7.5000  -45.0000  -45.0000 6155.6255   15.8063
    0.0000  -45.0000  -45.0000 6206.1025   15.7946
    7.5000  -45.0000  -45.0000 5886.1436   15.7914
   -7.5000  -37.5000  -45.0000 6585.9453   16.7756
    0.0000  -37.5000  -45.0000 6631.1670   16.7726
    7.5000  -37.5000  -45.0000 6286.9609   16.7706
   -7.5000  -30.0000  -45.0000 6966.4756   17.3137
    0.0000  -30.0000  -45.0000 7016.8438   17.3158
    7.5000  -30.0000  -45.0000 6654.8311   17.3113
   -7.5000  -22.5000  -45.0000 7431.1743   17.3432
    0.0000  -22.5000  -45.0000 7493.8018   17.3414
    7.5000  -22.5000  -45.0000 7094.5996   17.3330
   -7.5000  -15.0000  -45.0000 7848.9932   17.3655
    0.0000  -15.0000  -45.0000 7938.1304   17.3539
    7.5000  -15.0000  -45.0000 7514.6177   17.3434
   -7.5000   -7.5000  -45.0000 7958.9429   17.3578
    0.0000   -7.5000  -45.0000 8030.6958   17.3407
    7.5000   -7.5000  -45.0000 7617.6382   17.3329
   -7.5000    0.0000  -45.0000 8048.5513   17.3275
    0.0000    0.0000  -45.0000 8100.1899   17.3146
    7.5000    0.0000  -45.0000 7710.4946   17.3112
   -7.5000    7.5000  -45.0000 7704.9688   17.3045
    0.0000    7.5000  -45.0000 7746.7788   17.3014
    7.5000    7.5000  -45.0000 7370.6836   17.2993
   -7.5000   15.0000  -45.0000 7546.4287   17.3137
    0.0000   15.0000  -45.0000 7579.8423   17.3158
    7.5000   15.0000  -45.0000 7203.8364   17.3113
   -7.5000   22.5000  -45.0000 6940.1011   17.1099
    0.0000   22.5000  -45.0000 6968.5073   17.1081
    7.5000   22.5000  -45.0000 6609.7012   17.0998
   -7.5000   30.0000  -45.0000 6349.1123   16.6750
    0.0000   30.0000  -45.0000 6385.7686   16.6638
    7.5000   30.0000  -45.0000 6031.6523   16.6537
   -7.5000   37.5000  -45.0000 5775.6211   16.1550
    0.0000   37.5000  -45.0000 5796.8340   16.1392
    7.5000   37.5000  -45.0000 5462.1284   16.1323
   -7.5000   45.0000  -45.0000 5276.0571   16.0894
    0.0000   45.0000  -45.0000 5288.2104   16.0794
    7.5000   45.0000  -45.0000 5000.2412   16.0756
   -7.5000  -45.0000  -37.5000 6743.5435   16.6068
    0.0000  -45.0000  -37.5000 6811.9390   16.6067
    7.5000  -45.0000  -37.5000 6442.4619   16.6100
   -7.5000  -37.5000  -37.5000 7191.4272   17.6329
    0.0000  -37.5000  -37.5000 7249.9307   17.6426
    7.5000  -37.5000  -37.5000 6868.2163   17.6485
   -7.5000  -30.0000  -37.5000 7618.3467   18.1695
    0.0000  -30.0000  -37.5000 7685.4229   18.1820
    7.5000  -30.0000  -37.5000 7274.9360   18.1847
   -7.5000  -22.5000  -37.5000 8129.1914   18.2027
    0.0000  -22.5000  -37.5000 8195.1211   18.2081
    7.5000  -22.5000  -37.5000 7730.1489   18.2051
   -7.5000  -15.0000  -37.5000 8566.4629   18.2262
    0.0000  -15.0000  -37.5000 8661.7139   18.2211
    7.5000  -15.0000  -37.5000 8150.7461   18.2155
   -7.5000   -7.5000  -37.5000 8671.5811   18.2163
    0.0000   -7.5000  -37.5000 8733.6074   18.2087
    7.5000   -7.5000  -37.5000 8258.7021   18.2064
   -7.5000    0.0000  -37.5000 8747.4424   18.1818
    0.0000    0.0000  -37.5000 8777.1943   18.1817
    7.5000    0.0000  -37.5000 8335.5400   18.1853
   -7.5000    7.5000  -37.5000 8370.6094   18.1568
    0.0000    7.5000  -37.5000 8413.1309   18.1667
    7.5000    7.5000  -37.5000 7959.8931   18.1728
   -7.5000   15.0000  -37.5000 8215.4805   18.1686
    0.0000   15.0000  -37.5000 8245.2402   18.1812
    7.5000   15.0000  -37.5000 7797.8989   18.1838
   -7.5000   22.5000  -37.5000 7503.2075   17.9594
    0.0000   22.5000  -37.5000 7544.2363   17.9646
    7.5000   22.5000  -37.5000 7134.6025   17.9617
   -7.5000   30.0000  -37.5000 6827.1475   17.5139
    0.0000   30.0000  -37.5000 6861.1196   17.5090
    7.5000   30.0000  -37.5000 6483.4268   17.5036
   -7.5000   37.5000  -37.5000 6194.6362   16.9677
    0.0000   37.5000  -37.5000 6228.3501   16.9609
    7.5000   37.5000  -37.5000 5865.6792   16.9590
   -7.5000   45.0000  -37.5000 5644.6787   16.8698
    0.0000   45.0000  -37.5000 5667.7793   16.8711
    7.5000   45.0000  -37.5000 5357.9009   16.8741
   -7.5000  -45.0000  -30.0000 7320.6738   17.3755
    0.0000  -45.0000  -30.0000 7387.8345   17.3769
    7.5000  -45.0000  -30.0000 6985.8862   17.3837
   -7.5000  -37.5000  -30.0000 7796.1426   18.4544
    0.0000  -37.5000  -30.0000 7858.8501   18.4674
    7.5000  -37.5000  -30.0000 7442.0088   18.4786
   -7.5000  -30.0000  -30.0000 8241.8652   18.9894
    0.0000  -30.0000  -30.0000 8321.9336   19.0046
    7.5000  -30.0000  -30.0000 7878.4224   19.0127
   -7.5000  -22.5000  -30.0000 8787.7119   19.0270
    0.0000  -22.5000  -30.0000 8866.8242   19.0325
    7.5000  -22.5000  -30.0000 8370.0889   19.0335
   -7.5000  -15.0000  -30.0000 9286.1768   19.0541
    0.0000  -15.0000  -30.0000 9361.5186   19.0475
    7.5000  -15.0000  -30.0000 8812.9209   19.0442
   -7.5000   -7.5000  -30.0000 9370.1240   19.0426
    0.0000   -7.5000  -30.0000 9425.5215   19.0342
    7.5000   -7.5000  -30.0000 8900.4180   19.0340
   -7.5000    0.0000  -30.0000 9416.0996   19.0036
    0.0000    0.0000  -30.0000 9461.3096   19.0052
    7.5000    0.0000  -30.0000 8957.6299   19.0126
   -7.5000    7.5000  -30.0000 9001.1064   18.9740
    0.0000    7.5000  -30.0000 9033.2725   18.9873
    7.5000    7.5000  -30.0000 8538.3623   18.9989
   -7.5000   15.0000  -30.0000 8830.9336   18.9868
    0.0000   15.0000  -30.0000 8871.5234   19.0020
    7.5000   15.0000  -30.0000 8348.5264   19.0101
   -7.5000   22.5000  -30.0000 8059.3296   18.7734
    0.0000   22.5000  -30.0000 8095.1953   18.7789
    7.5000   22.5000  -30.0000 7635.4912   18.7798
   -7.5000   30.0000  -30.0000 7293.6899   18.3228
    0.0000   30.0000  -30.0000 7334.5923   18.3164
    7.5000   30.0000  -30.0000 6934.7046   18.3133
   -7.5000   37.5000  -30.0000 6606.1587   17.7645
    0.0000   37.5000  -30.0000 6642.6802   17.7568
    7.5000   37.5000  -30.0000 6268.3716   17.7566
   -7.5000   45.0000  -30.0000 5999.1670   17.6634
    0.0000   45.0000  -30.0000 6031.7974   17.6635
    7.5000   45.0000  -30.0000 5688.2183   17.6662
   -7.5000  -45.0000  -22.5000 7895.5073   18.1079
    0.0000  -45.0000  -22.5000 7958.6846   18.0988
    7.5000  -45.0000  -22.5000 7535.2598   18.1014
   -7.5000  -37.5000  -22.5000 8388.2080   19.2423
    0.0000  -37.5000  -22.5000 8456.0449   19.2449
    7.5000  -37.5000  -22.5000 8000.4482   19.2527
   -7.5000  -30.0000  -22.5000 8873.6826   19.7749
    0.0000  -30.0000  -22.5000 8951.6689   19.7813
    7.5000  -30.0000  -22.5000 8455.5938   19.7875
   -7.5000  -22.5000  -22.5000 9448.8242   19.8131
    0.0000  -22.5000  -22.5000 9537.5938   19.8112
    7.5000  -22.5000  -22.5000 8985.5400   19.8109
   -7.5000  -15.0000  -22.5000 9995.4482   19.8436
    0.0000  -15.0000  -22.500010089.6895   19.8287
    7.5000  -15.0000  -22.5000 9475.0537   19.8231
   -7.5000   -7.5000  -22.500010076.3857   19.8328
    0.0000   -7.5000  -22.500010161.0898   19.8141
    7.5000   -7.5000  -22.5000 9561.5928   19.8099
   -7.5000    0.0000  -22.500010113.6396   19.7934
    0.0000    0.0000  -22.500010199.6992   19.7834
    7.5000    0.0000  -22.5000 9605.1201   19.7863
   -7.5000    7.5000  -22.5000 9614.2344   19.7594
    0.0000    7.5000  -22.5000 9671.4473   19.7621
    7.5000    7.5000  -22.5000 9099.4238   19.7701
   -7.5000   15.0000  -22.5000 9406.0273   19.7701
    0.0000   15.0000  -22.5000 9460.0146   19.7765
    7.5000   15.0000  -22.5000 8895.9062   19.7827
   -7.5000   22.5000  -22.5000 8575.2559   19.5509
    0.0000   22.5000  -22.5000 8625.3398   19.5491
    7.5000   22.5000  -22.5000 8135.9131   19.5488
   -7.5000   30.0000  -22.5000 7758.5859   19.0960
    0.0000   30.0000  -22.5000 7808.2041   19.0817
    7.5000   30.0000  -22.5000 7372.7764   19.0763
   -7.5000   37.5000  -22.5000 6994.8716   18.5305
    0.0000   37.5000  -22.5000 7040.7485   18.5127
    7.5000   37.5000  -22.5000 6644.5566   18.5085
   -7.5000   45.0000  -22.5000 6348.9209   18.4572
    0.0000   45.0000  -22.5000 6371.9185   18.4443
    7.5000   45.0000  -22.5000 6012.2881   18.4384
   -7.5000  -45.0000  -15.0000 8436.0742   18.7392
    0.0000  -45.0000  -15.0000 8511.8975   18.7184
    7.5000  -45.0000  -15.0000 8059.3779   18.7136
   -7.5000  -37.5000  -15.0000 8962.4395   19.9130
    0.0000  -37.5000  -15.0000 9057.8447   19.9030
    7.5000  -37.5000  -15.0000 8553.3369   19.9018
   -7.5000  -30.0000  -15.0000 9486.7275   20.4430
    0.0000  -30.0000  -15.0000 9566.7783   20.4392
    7.5000  -30.0000  -15.0000 9035.2227   20.4372
   -7.5000  -22.5000  -15.000010096.4541   20.4785
    0.0000  -22.5000  -15.000010176.3848   20.4696
    7.5000  -22.5000  -15.0000 9590.7080   20.4633
   -7.5000  -15.0000  -15.000010677.9893   20.5088
    0.0000  -15.0000  -15.000010764.9814   20.4872
    7.5000  -15.0000  -15.000010106.9736   20.4762
   -7.5000   -7.5000  -15.000010771.2021   20.4998
    0.0000   -7.5000  -15.000010874.4053   20.4715
    7.5000   -7.5000  -15.000010193.2500   20.4610
   -7.5000    0.0000  -15.000010817.8818   20.4635
    0.0000    0.0000  -15.000010929.7324   20.4408
    7.5000    0.0000  -15.000010246.4648   20.4356
   -7.5000    7.5000  -15.000010234.5527   20.4283
    0.0000    7.5000  -15.000010302.8672   20.4180
    7.5000    7.5000  -15.0000 9666.2627   20.4167
   -7.5000   15.0000  -15.0000 9973.0576   20.4367
    0.0000   15.0000  -15.000010047.7402   20.4328
    7.5000   15.0000  -15.0000 9430.2510   20.4309
   -7.5000   22.5000  -15.0000 9087.3994   20.2106
    0.0000   22.5000  -15.0000 9157.2939   20.2018
    7.5000   22.5000  -15.0000 8628.3613   20.1956
   -7.5000   30.0000  -15.0000 8215.6797   19.7510
    0.0000   30.0000  -15.0000 8271.0332   19.7302
    7.5000   30.0000  -15.0000 7807.8115   19.7196
   -7.5000   37.5000  -15.0000 7388.0894   19.1829
    0.0000   37.5000  -15.0000 7417.1802   19.1558
    7.5000   37.5000  -15.0000 7001.4160   19.1458
   -7.5000   45.0000  -15.0000 6699.3154   19.1372
    0.0000   45.0000  -15.0000 6715.4326   19.1132
    7.5000   45.0000  -15.0000 6327.1938   19.0995
   -7.5000  -45.0000   -7.5000 8735.9150   18.7333
    0.0000  -45.0000   -7.5000 8813.4531   18.7120
    7.5000  -45.0000   -7.5000 8348.9629   18.7046
   -7.5000  -37.5000   -7.5000 9262.3896   19.9092
    0.0000  -37.5000   -7.5000 9373.1982   19.8982
    7.5000  -37.5000   -7.5000 8850.7764   19.8924
   -7.5000  -30.0000   -7.5000 9798.4883   20.4402
    0.0000  -30.0000   -7.5000 9886.1143   20.4357
    7.5000  -30.0000   -7.5000 9355.8340   20.4280
   -7.5000  -22.5000   -7.500010402.9639   20.4737
    0.0000  -22.5000   -7.500010487.5771   20.4650
    7.5000  -22.5000   -7.5000 9900.9600   20.4532
   -7.5000  -15.0000   -7.500010984.5791   20.5005
    0.0000  -15.0000   -7.500011081.5859   20.4798
    7.5000  -15.0000   -7.500010418.4727   20.4647
   -7.5000   -7.5000   -7.500011086.5283   20.4914
    0.0000   -7.5000   -7.500011186.1270   20.4635
    7.5000   -7.5000   -7.500010507.3896   20.4504
   -7.5000    0.0000   -7.500011148.2490   20.4571
    0.0000    0.0000   -7.500011266.2441   20.4339
    7.5000    0.0000   -7.500010570.0791   20.4258
   -7.5000    7.5000   -7.500010507.4473   20.4244
    0.0000    7.5000   -7.500010596.2549   20.4131
    7.5000    7.5000   -7.5000 9948.1855   20.4072
   -7.5000   15.0000   -7.500010202.0605   20.4339
    0.0000   15.0000   -7.500010295.2021   20.4294
    7.5000   15.0000   -7.5000 9656.9619   20.4217
   -7.5000   22.5000   -7.5000 9287.3887   20.2059
    0.0000   22.5000   -7.5000 9371.7070   20.1974
    7.5000   22.5000   -7.5000 8808.4072   20.1856
   -7.5000   30.0000   -7.5000 8416.6895   19.7430
    0.0000   30.0000   -7.5000 8483.7764   19.7231
    7.5000   30.0000   -7.5000 7974.9902   19.7085
   -7.5000   37.5000   -7.5000 7546.0142   19.1743
    0.0000   37.5000   -7.5000 7590.7969   19.1478
    7.5000   37.5000   -7.5000 7142.9814   19.1358
   -7.5000   45.0000   -7.5000 6830.7490   19.1240
    0.0000   45.0000   -7.5000 6852.9106   19.1025
    7.5000   45.0000   -7.5000 6465.1802   19.0899
   -7.5000  -45.0000    0.0000 8849.8320   19.2075
    0.0000  -45.0000    0.0000 8914.7451   19.1953
    7.5000  -45.0000    0.0000 8448.9932   19.1921
   -7.5000  -37.5000    0.0000 9365.8984   20.4061
    0.0000  -37.5000    0.0000 9452.4414   20.4044
    7.5000  -37.5000    0.0000 8941.6475   20.4025
   -7.5000  -30.0000    0.0000 9915.1055   20.9400
    0.0000  -30.0000    0.0000 9971.4131   20.9434
    7.5000  -30.0000    0.0000 9448.8799   20.9382
   -7.5000  -22.5000    0.000010557.9766   20.9754
    0.0000  -22.5000    0.000010614.4102   20.9733
    7.5000  -22.5000    0.000010034.6328   20.9628
   -7.5000  -15.0000    0.000011125.5566   21.0010
    0.0000  -15.0000    0.000011231.9893   20.9873
    7.5000  -15.0000    0.000010548.1992   20.9744
   -7.5000   -7.5000    0.000011207.3496   20.9907
    0.0000   -7.5000    0.000011326.1318   20.9714
    7.5000   -7.5000    0.000010632.4131   20.9621
   -7.5000    0.0000    0.000011227.4717   20.9542
    0.0000    0.0000    0.000011343.2646   20.9408
    7.5000    0.0000    0.000010673.8477   20.9373
   -7.5000    7.5000    0.000010538.1260   20.9203
    0.0000    7.5000    0.000010616.3672   20.9186
    7.5000    7.5000    0.000010005.3799   20.9167
   -7.5000   15.0000    0.000010207.3174   20.9326
    0.0000   15.0000    0.000010278.2861   20.9360
    7.5000   15.0000    0.0000 9672.2158   20.9308
   -7.5000   22.5000    0.0000 9301.7158   20.7039
    0.0000   22.5000    0.0000 9362.8467   20.7019
    7.5000   22.5000    0.0000 8805.7627   20.6915
   -7.5000   30.0000    0.0000 8448.3008   20.2373
    0.0000   30.0000    0.0000 8504.6914   20.2240
    7.5000   30.0000    0.0000 7988.3511   20.2116
   -7.5000   37.5000    0.0000 7570.6509   19.6644
    0.0000   37.5000    0.0000 7620.7134   19.6465
    7.5000   37.5000    0.0000 7170.6353   19.6383
   -7.5000   45.0000    0.0000 6839.8086   19.6102
    0.0000   45.0000    0.0000 6877.6396   19.6002
    7.5000   45.0000    0.0000 6480.5288   19.5963
   -7.5000  -45.0000    7.5000 8597.2705   19.2219
    0.0000  -45.0000    7.5000 8640.7744   19.2218
    7.5000  -45.0000    7.5000 8203.6934   19.2260
   -7.5000  -37.5000    7.5000 9080.9062   20.4203
    0.0000  -37.5000    7.5000 9115.7754   20.4313
    7.5000  -37.5000    7.5000 8666.6104   20.4384
   -7.5000  -30.0000    7.5000 9598.8496   20.9562
    0.0000  -30.0000    7.5000 9614.0781   20.9704
    7.5000  -30.0000    7.5000 9154.1211   20.9736
   -7.5000  -22.5000    7.500010274.0781   20.9947
    0.0000  -22.5000    7.500010329.0146   21.0005
    7.5000  -22.5000    7.5000 9748.7139   20.9972
   -7.5000  -15.0000    7.500010872.6455   21.0215
    0.0000  -15.0000    7.500010976.8682   21.0155
    7.5000  -15.0000    7.500010320.9619   21.0093
   -7.5000   -7.5000    7.500010951.1602   21.0099
    0.0000   -7.5000    7.500011047.7217   21.0010
    7.5000   -7.5000    7.500010401.3701   20.9987
   -7.5000    0.0000    7.500010914.6904   20.9699
    0.0000    0.0000    7.500010968.6025   20.9698
    7.5000    0.0000    7.500010398.1748   20.9744
   -7.5000    7.5000    7.500010174.3916   20.9349
    0.0000    7.5000    7.500010209.1963   20.9462
    7.5000    7.5000    7.5000 9674.6924   20.9534
   -7.5000   15.0000    7.5000 9835.3496   20.9488
    0.0000   15.0000    7.5000 9868.4629   20.9630
    7.5000   15.0000    7.5000 9334.8760   20.9661
   -7.5000   22.5000    7.5000 8984.9180   20.7230
    0.0000   22.5000    7.5000 9020.1328   20.7288
    7.5000   22.5000    7.5000 8497.5879   20.7255
   -7.5000   30.0000    7.5000 8166.7144   20.2570
    0.0000   30.0000    7.5000 8192.3037   20.2511
    7.5000   30.0000    7.5000 7706.1104   20.2452
   -7.5000   37.5000    7.5000 7308.7964   19.6825
    0.0000   37.5000    7.5000 7346.4272   19.6745
    7.5000   37.5000    7.5000 6911.2852   19.6728
   -7.5000   45.0000    7.5000 6576.4731   19.6164
    0.0000   45.0000    7.5000 6602.6201   19.6178
    7.5000   45.0000    7.5000 6235.7930   19.6217
   -7.5000  -45.0000   15.0000 8584.6797   19.2594
    0.0000  -45.0000   15.0000 8620.2100   19.2609
    7.5000  -45.0000   15.0000 8187.2407   19.2685
   -7.5000  -37.5000   15.0000 9057.8779   20.4580
    0.0000  -37.5000   15.0000 9055.9570   20.4722
    7.5000  -37.5000   15.0000 8640.5508   20.4848
   -7.5000  -30.0000   15.0000 9582.4678   20.9952
    0.0000  -30.0000   15.0000 9554.5469   21.0119
    7.5000  -30.0000   15.0000 9142.3145   21.0210
   -7.5000  -22.5000   15.000010227.5840   21.0368
    0.0000  -22.5000   15.000010237.3379   21.0429
    7.5000  -22.5000   15.0000 9730.4707   21.0441
   -7.5000  -15.0000   15.000010846.7217   21.0668
    0.0000  -15.0000   15.000010914.6260   21.0594
    7.5000  -15.0000   15.000010322.0664   21.0560
   -7.5000   -7.5000   15.000010995.9941   21.0539
    0.0000   -7.5000   15.000011078.5527   21.0446
    7.5000   -7.5000   15.000010424.5693   21.0445
   -7.5000    0.0000   15.000010969.3184   21.0108
    0.0000    0.0000   15.000011004.7383   21.0124
    7.5000    0.0000   15.000010411.9795   21.0207
   -7.5000    7.5000   15.000010165.3350   20.9735
    0.0000    7.5000   15.000010173.7744   20.9881
    7.5000    7.5000   15.0000 9659.7012   21.0010
   -7.5000   15.0000   15.0000 9786.4424   20.9877
    0.0000   15.0000   15.0000 9791.1123   21.0044
    7.5000   15.0000   15.0000 9294.8486   21.0136
   -7.5000   22.5000   15.0000 8936.5566   20.7645
    0.0000   22.5000   15.0000 8937.9971   20.7706
    7.5000   22.5000   15.0000 8480.4082   20.7717
   -7.5000   30.0000   15.0000 8122.0361   20.3006
    0.0000   30.0000   15.0000 8112.1079   20.2935
    7.5000   30.0000   15.0000 7686.3213   20.2902
   -7.5000   37.5000   15.0000 7276.7554   19.7244
    0.0000   37.5000   15.0000 7277.8267   19.7158
    7.5000   37.5000   15.0000 6883.0610   19.7157
   -7.5000   45.0000   15.0000 6523.3989   19.6628
    0.0000   45.0000   15.0000 6544.7451   19.6629
    7.5000   45.0000   15.0000 6198.9292   19.6659
   -7.5000  -45.0000   22.5000 8134.4917   19.3594
    0.0000  -45.0000   22.5000 8164.1724   19.3493
    7.5000  -45.0000   22.5000 7758.6011   19.3516
   -7.5000  -37.5000   22.5000 8607.1992   20.5624
    0.0000  -37.5000   22.5000 8613.3994   20.5648
    7.5000  -37.5000   22.5000 8203.3115   20.5728
   -7.5000  -30.0000   22.5000 9110.7061   21.0986
    0.0000  -30.0000   22.5000 9105.3535   21.1052
    7.5000  -30.0000   22.5000 8679.7959   21.1115
   -7.5000  -22.5000   22.5000 9708.1816   21.1393
    0.0000  -22.5000   22.5000 9704.3545   21.1368
    7.5000  -22.5000   22.5000 9248.7061   21.1360
   -7.5000  -15.0000   22.500010281.2939   21.1725
    0.0000  -15.0000   22.500010296.6016   21.1561
    7.5000  -15.0000   22.5000 9784.2295   21.1494
   -7.5000   -7.5000   22.500010423.8242   21.1618
    0.0000   -7.5000   22.500010448.6230   21.1412
    7.5000   -7.5000   22.5000 9892.5498   21.1361
   -7.5000    0.0000   22.500010439.3994   21.1199
    0.0000    0.0000   22.500010460.4502   21.1088
    7.5000    0.0000   22.5000 9907.3242   21.1114
   -7.5000    7.5000   22.5000 9669.9014   21.0806
    0.0000    7.5000   22.5000 9683.4385   21.0831
    7.5000    7.5000   22.5000 9190.0361   21.0913
   -7.5000   15.0000   22.5000 9274.7725   21.0912
    0.0000   15.0000   22.5000 9292.6689   21.0977
    7.5000   15.0000   22.5000 8820.8936   21.1040
   -7.5000   22.5000   22.5000 8454.2236   20.8657
    0.0000   22.5000   22.5000 8466.9688   20.8633
    7.5000   22.5000   22.5000 8029.2974   20.8624
   -7.5000   30.0000   22.5000 7668.9282   20.4025
    0.0000   30.0000   22.5000 7663.4419   20.3866
    7.5000   30.0000   22.5000 7271.2734   20.3802
   -7.5000   37.5000   22.5000 6844.9556   19.8263
    0.0000   37.5000   22.5000 6850.3735   19.8067
    7.5000   37.5000   22.5000 6494.2886   19.8016
   -7.5000   45.0000   22.5000 6123.1631   19.7855
    0.0000   45.0000   22.5000 6131.1709   19.7712
    7.5000   45.0000   22.5000 5822.0874   19.7644
   -7.5000  -45.0000   30.0000 7664.2773   19.4801
    0.0000  -45.0000   30.0000 7716.8716   19.4609
    7.5000  -45.0000   30.0000 7288.9922   19.4571
   -7.5000  -37.5000   30.0000 8120.7212   20.7005
    0.0000  -37.5000   30.0000 8158.4966   20.6921
    7.5000  -37.5000   30.0000 7720.8994   20.6916
   -7.5000  -30.0000   30.0000 8589.7607   21.2412
    0.0000  -30.0000   30.0000 8613.1270   21.2383
    7.5000  -30.0000   30.0000 8178.7041   21.2367
   -7.5000  -22.5000   30.0000 9135.8945   21.2783
    0.0000  -22.5000   30.0000 9132.6211   21.2698
    7.5000  -22.5000   30.0000 8707.9746   21.2638
   -7.5000  -15.0000   30.0000 9630.6445   21.3113
    0.0000  -15.0000   30.0000 9626.9609   21.2900
    7.5000  -15.0000   30.0000 9168.1367   21.2795
   -7.5000   -7.5000   30.0000 9735.2090   21.3027
    0.0000   -7.5000   30.0000 9738.2100   21.2754
    7.5000   -7.5000   30.0000 9247.7705   21.2658
   -7.5000    0.0000   30.0000 9789.2363   21.2646
    0.0000    0.0000   30.0000 9797.4619   21.2436
    7.5000    0.0000   30.0000 9297.7393   21.2395
   -7.5000    7.5000   30.0000 9096.0098   21.2258
    0.0000    7.5000   30.0000 9108.2979   21.2172
    7.5000    7.5000   30.0000 8651.6006   21.2166
   -7.5000   15.0000   30.0000 8718.7383   21.2336
    0.0000   15.0000   30.0000 8729.7490   21.2308
    7.5000   15.0000   30.0000 8286.2041   21.2291
   -7.5000   22.5000   30.0000 7946.3120   21.0011
    0.0000   22.5000   30.0000 7954.5640   20.9927
    7.5000   22.5000   30.0000 7526.9976   20.9867
   -7.5000   30.0000   30.0000 7195.8101   20.5456
    0.0000   30.0000   30.0000 7196.6279   20.5251
    7.5000   30.0000   30.0000 6806.0581   20.5150
   -7.5000   37.5000   30.0000 6388.7407   19.9775
    0.0000   37.5000   30.0000 6394.4448   19.9512
    7.5000   37.5000   30.0000 6060.5640   19.9421
   -7.5000   45.0000   30.0000 5707.6714   19.9683
    0.0000   45.0000   30.0000 5708.4590   19.9458
    7.5000   45.0000   30.0000 5416.4810   19.9326
   -7.5000  -45.0000   37.5000 7187.5034   19.5362
    0.0000  -45.0000   37.5000 7263.2241   19.5167
    7.5000  -45.0000   37.5000 6854.0918   19.5107
   -7.5000  -37.5000   37.5000 7616.5093   20.7682
    0.0000  -37.5000   37.5000 7681.7456   20.7591
    7.5000  -37.5000   37.5000 7254.2720   20.7543
   -7.5000  -30.0000   37.5000 8040.2329   21.3027
    0.0000  -30.0000   37.5000 8090.7871   21.2992
    7.5000  -30.0000   37.5000 7666.9927   21.2917
   -7.5000  -22.5000   37.5000 8529.0332   21.3411
    0.0000  -22.5000   37.5000 8555.1162   21.3324
    7.5000  -22.5000   37.5000 8139.0527   21.3206
   -7.5000  -15.0000   37.5000 8982.4805   21.3693
    0.0000  -15.0000   37.5000 9002.9297   21.3486
    7.5000  -15.0000   37.5000 8556.2148   21.3340
   -7.5000   -7.5000   37.5000 9060.7793   21.3568
    0.0000   -7.5000   37.5000 9083.9043   21.3299
    7.5000   -7.5000   37.5000 8631.3467   21.3180
   -7.5000    0.0000   37.5000 9124.4551   21.3177
    0.0000    0.0000   37.5000 9152.5762   21.2965
    7.5000    0.0000   37.5000 8685.2646   21.2899
   -7.5000    7.5000   37.5000 8487.5342   21.2821
    0.0000    7.5000   37.5000 8504.5566   21.2727
    7.5000    7.5000   37.5000 8094.3115   21.2678
   -7.5000   15.0000   37.5000 8157.6616   21.2949
    0.0000   15.0000   37.5000 8171.8115   21.2914
    7.5000   15.0000   37.5000 7765.1177   21.2840
   -7.5000   22.5000   37.5000 7421.7383   21.0593
    0.0000   22.5000   37.5000 7459.5161   21.0508
    7.5000   22.5000   37.5000 7058.9126   21.0392
   -7.5000   30.0000   37.5000 6710.8203   20.6014
    0.0000   30.0000   37.5000 6741.3716   20.5814
    7.5000   30.0000   37.5000 6370.5420   20.5674
   -7.5000   37.5000   37.5000 5948.8291   20.0273
    0.0000   37.5000   37.5000 5983.1289   20.0017
    7.5000   37.5000   37.5000 5669.8262   19.9908
   -7.5000   45.0000   37.5000 5306.0635   20.0112
    0.0000   45.0000   37.5000 5324.6792   19.9917
    7.5000   45.0000   37.5000 5053.9141   19.9803
   -7.5000  -45.0000   45.0000 6690.0723   19.7113
    0.0000  -45.0000   45.0000 6760.6499   19.6992
    7.5000  -45.0000   45.0000 6375.5542   19.7043
   -7.5000  -37.5000   45.0000 7075.4023   20.9597
    0.0000  -37.5000   45.0000 7142.8530   20.9599
    7.5000  -37.5000   45.0000 6747.0537   20.9661
   -7.5000  -30.0000   45.0000 7480.2578   21.4784
    0.0000  -30.0000   45.0000 7537.7720   21.4837
    7.5000  -30.0000   45.0000 7135.1831   21.4857
   -7.5000  -22.5000   45.0000 7948.9058   21.5118
    0.0000  -22.5000   45.0000 7978.2900   21.5098
    7.5000  -22.5000   45.0000 7580.4224   21.5064
   -7.5000  -15.0000   45.0000 8349.7637   21.5351
    0.0000  -15.0000   45.0000 8378.2334   21.5198
    7.5000  -15.0000   45.0000 7962.3306   21.5147
   -7.5000   -7.5000   45.0000 8408.5029   21.5246
    0.0000   -7.5000   45.0000 8430.9756   21.5037
    7.5000   -7.5000   45.0000 8029.1489   21.5033
   -7.5000    0.0000   45.0000 8459.6279   21.4903
    0.0000    0.0000   45.0000 8494.5713   21.4770
    7.5000    0.0000   45.0000 8085.2100   21.4827
   -7.5000    7.5000   45.0000 7886.5137   21.4577
    0.0000    7.5000   45.0000 7918.1313   21.4578
    7.5000    7.5000   45.0000 7540.7422   21.4642
   -7.5000   15.0000   45.0000 7579.8652   21.4704
    0.0000   15.0000   45.0000 7622.8960   21.4757
    7.5000   15.0000   45.0000 7224.2002   21.4776
   -7.5000   22.5000   45.0000 6904.9775   21.2250
    0.0000   22.5000   45.0000 6938.0928   21.2231
    7.5000   22.5000   45.0000 6578.2036   21.2197
   -7.5000   30.0000   45.0000 6248.2480   20.7592
    0.0000   30.0000   45.0000 6272.5723   20.7444
    7.5000   30.0000   45.0000 5931.7715   20.7396
   -7.5000   37.5000   45.0000 5552.0439   20.1756
    0.0000   37.5000   45.0000 5578.5625   20.1561
    7.5000   37.5000   45.0000 5280.1865   20.1560
   -7.5000   45.0000   45.0000 4942.7261   20.1355
    0.0000   45.0000   45.0000 4958.0566   20.1256
    7.5000   45.0000   45.0000 4704.0054   20.1295

---------------------------------------------------------------------
imgreg_4dfp /opt/freesurfer/average/711-2C_as_mni_average_305 /opt/freesurfer/average/711-2B_as_mni_average_305_mask talsrcimg_g11 none talsrcimg_to_711-2C_as_mni_average_305_t4 4355
---------------------------------------------------------------------

freesurfer imgreg_4dfp.c
/opt/freesurfer/average/711-2C_as_mni_average_305.4dfp.img
       256       256       256         1
  1.000000  1.000000  1.000000
orientation T byte_order littleendian
Reading image: /opt/freesurfer/average/711-2C_as_mni_average_305.4dfp.img
dimensions:      256       256       256
mmppix:       1.0000   -1.0000   -1.0000
center:     128.0000 -129.0000 -129.0000
/opt/freesurfer/average/711-2B_as_mni_average_305_mask.4dfp.img
       256       256       256         1
  1.000000  1.000000  1.000000
orientation T byte_order littleendian
Reading mask: /opt/freesurfer/average/711-2B_as_mni_average_305_mask.4dfp.img (2306576 pixels)
talsrcimg_g11.4dfp.img
       256       256       256         1
  0.898438  0.898438  0.898438
orientation T byte_order littleendian
Reading image: talsrcimg_g11.4dfp.img
dimensions:      256       256       256
mmppix:       0.8984   -0.8984   -0.8984
center:     115.0001 -115.8985 -115.8985
rotation matrix determinant  1.000000
image alignment mode   4355 decimal     1103 hex
   -7.5000  -45.0000  -45.0000 1950.2539   18.2217
    0.0000  -45.0000  -45.0000 1959.8439   18.1716
    7.5000  -45.0000  -45.0000 1939.1466   18.3426
   -7.5000  -37.5000  -45.0000 2018.1111   17.1155
    0.0000  -37.5000  -45.0000 2024.5431   17.0869
    7.5000  -37.5000  -45.0000 2007.6971   17.2221
   -7.5000  -30.0000  -45.0000 2051.0552   16.3805
    0.0000  -30.0000  -45.0000 2061.9509   16.3292
    7.5000  -30.0000  -45.0000 2039.8195   16.4814
   -7.5000  -22.5000  -45.0000 2062.7554   15.9596
    0.0000  -22.5000  -45.0000 2075.6572   15.9025
    7.5000  -22.5000  -45.0000 2050.3228   16.0879
   -7.5000  -15.0000  -45.0000 2064.2410   15.8698
    0.0000  -15.0000  -45.0000 2075.3147   15.7743
    7.5000  -15.0000  -45.0000 2050.4680   16.0037
   -7.5000   -7.5000  -45.0000 2058.8606   16.0747
    0.0000   -7.5000  -45.0000 2070.0190   15.9791
    7.5000   -7.5000  -45.0000 2041.6129   16.1999
   -7.5000    0.0000  -45.0000 2035.6208   16.5706
    0.0000    0.0000  -45.0000 2047.1752   16.4702
    7.5000    0.0000  -45.0000 2019.3656   16.7305
   -7.5000    7.5000  -45.0000 1990.5618   17.3616
    0.0000    7.5000  -45.0000 1999.4128   17.2651
    7.5000    7.5000  -45.0000 1977.1562   17.5376
   -7.5000   15.0000  -45.0000 1933.9972   18.4954
    0.0000   15.0000  -45.0000 1942.0663   18.4090
    7.5000   15.0000  -45.0000 1917.1385   18.6879
   -7.5000   22.5000  -45.0000 1857.5680   20.0722
    0.0000   22.5000  -45.0000 1864.7664   19.9585
    7.5000   22.5000  -45.0000 1836.1761   20.2412
   -7.5000   30.0000  -45.0000 1763.7098   22.1217
    0.0000   30.0000  -45.0000 1773.2070   21.9699
    7.5000   30.0000  -45.0000 1739.5509   22.3798
   -7.5000   37.5000  -45.0000 1636.7574   24.8342
    0.0000   37.5000  -45.0000 1639.4375   24.6957
    7.5000   37.5000  -45.0000 1605.9232   25.1111
   -7.5000   45.0000  -45.0000 1483.5415   28.1078
    0.0000   45.0000  -45.0000 1481.1891   27.9379
    7.5000   45.0000  -45.0000 1465.6997   28.4046
   -7.5000  -45.0000  -37.5000 2119.5557   17.8161
    0.0000  -45.0000  -37.5000 2131.3230   17.7912
    7.5000  -45.0000  -37.5000 2110.4573   17.9692
   -7.5000  -37.5000  -37.5000 2187.3552   16.7058
    0.0000  -37.5000  -37.5000 2194.4988   16.7154
    7.5000  -37.5000  -37.5000 2177.9480   16.8722
   -7.5000  -30.0000  -37.5000 2224.9102   15.9711
    0.0000  -30.0000  -37.5000 2238.8286   15.9493
    7.5000  -30.0000  -37.5000 2213.1306   16.1149
   -7.5000  -22.5000  -37.5000 2240.4180   15.5594
    0.0000  -22.5000  -37.5000 2253.1106   15.5192
    7.5000  -22.5000  -37.5000 2221.3020   15.7197
   -7.5000  -15.0000  -37.5000 2236.9021   15.4934
    0.0000  -15.0000  -37.5000 2250.1218   15.4138
    7.5000  -15.0000  -37.5000 2220.2390   15.6008
   -7.5000   -7.5000  -37.5000 2226.6025   15.7027
    0.0000   -7.5000  -37.5000 2237.9380   15.6114
    7.5000   -7.5000  -37.5000 2209.8484   15.8343
   -7.5000    0.0000  -37.5000 2202.5029   16.1656
    0.0000    0.0000  -37.5000 2210.5884   16.0627
    7.5000    0.0000  -37.5000 2179.2163   16.3149
   -7.5000    7.5000  -37.5000 2159.2993   16.9370
    0.0000    7.5000  -37.5000 2169.9131   16.8268
    7.5000    7.5000  -37.5000 2135.3250   17.1059
   -7.5000   15.0000  -37.5000 2099.0007   18.0652
    0.0000   15.0000  -37.5000 2107.6621   17.9844
    7.5000   15.0000  -37.5000 2075.0190   18.2511
   -7.5000   22.5000  -37.5000 2007.0144   19.5743
    0.0000   22.5000  -37.5000 2019.7870   19.4619
    7.5000   22.5000  -37.5000 1986.8187   19.7898
   -7.5000   30.0000  -37.5000 1908.7234   21.6230
    0.0000   30.0000  -37.5000 1913.5977   21.5153
    7.5000   30.0000  -37.5000 1881.7858   21.8650
   -7.5000   37.5000  -37.5000 1770.4526   24.1875
    0.0000   37.5000  -37.5000 1774.2214   24.0927
    7.5000   37.5000  -37.5000 1736.2750   24.4274
   -7.5000   45.0000  -37.5000 1603.0841   27.3217
    0.0000   45.0000  -37.5000 1607.4565   27.1492
    7.5000   45.0000  -37.5000 1582.2332   27.5284
   -7.5000  -45.0000  -30.0000 2259.5649   17.1990
    0.0000  -45.0000  -30.0000 2275.3079   17.2041
    7.5000  -45.0000  -30.0000 2249.7285   17.4132
   -7.5000  -37.5000  -30.0000 2337.9995   16.0872
    0.0000  -37.5000  -30.0000 2349.4426   16.0991
    7.5000  -37.5000  -30.0000 2325.7485   16.2781
   -7.5000  -30.0000  -30.0000 2381.4219   15.3679
    0.0000  -30.0000  -30.0000 2391.9622   15.3664
    7.5000  -30.0000  -30.0000 2368.4473   15.5480
   -7.5000  -22.5000  -30.0000 2403.5525   15.0102
    0.0000  -22.5000  -30.0000 2418.1135   14.9966
    7.5000  -22.5000  -30.0000 2382.4324   15.1841
   -7.5000  -15.0000  -30.0000 2407.1865   14.9203
    0.0000  -15.0000  -30.0000 2420.5574   14.8808
    7.5000  -15.0000  -30.0000 2387.4993   15.0581
   -7.5000   -7.5000  -30.0000 2396.2781   15.1872
    0.0000   -7.5000  -30.0000 2406.7185   15.0669
    7.5000   -7.5000  -30.0000 2375.6533   15.2794
   -7.5000    0.0000  -30.0000 2364.3296   15.6287
    0.0000    0.0000  -30.0000 2372.7163   15.5235
    7.5000    0.0000  -30.0000 2340.6892   15.7791
   -7.5000    7.5000  -30.0000 2315.0254   16.4244
    0.0000    7.5000  -30.0000 2326.8459   16.3088
    7.5000    7.5000  -30.0000 2288.5278   16.5827
   -7.5000   15.0000  -30.0000 2248.5044   17.5231
    0.0000   15.0000  -30.0000 2257.6609   17.4429
    7.5000   15.0000  -30.0000 2219.6768   17.7031
   -7.5000   22.5000  -30.0000 2154.0334   18.9918
    0.0000   22.5000  -30.0000 2162.7507   18.9088
    7.5000   22.5000  -30.0000 2127.4583   19.2031
   -7.5000   30.0000  -30.0000 2035.9451   20.9547
    0.0000   30.0000  -30.0000 2043.5155   20.8566
    7.5000   30.0000  -30.0000 2009.2672   21.1583
   -7.5000   37.5000  -30.0000 1889.8087   23.4196
    0.0000   37.5000  -30.0000 1895.7317   23.2621
    7.5000   37.5000  -30.0000 1860.1039   23.5496
   -7.5000   45.0000  -30.0000 1718.5471   26.3993
    0.0000   45.0000  -30.0000 1725.3196   26.2822
    7.5000   45.0000  -30.0000 1688.6399   26.6123
   -7.5000  -45.0000  -22.5000 2379.7500   16.4494
    0.0000  -45.0000  -22.5000 2392.9636   16.4605
    7.5000  -45.0000  -22.5000 2368.8083   16.6221
   -7.5000  -37.5000  -22.5000 2464.0576   15.3595
    0.0000  -37.5000  -22.5000 2474.5349   15.3501
    7.5000  -37.5000  -22.5000 2450.7205   15.4934
   -7.5000  -30.0000  -22.5000 2514.8333   14.6476
    0.0000  -30.0000  -22.5000 2524.9377   14.6324
    7.5000  -30.0000  -22.5000 2497.4294   14.7779
   -7.5000  -22.5000  -22.5000 2549.6865   14.2687
    0.0000  -22.5000  -22.5000 2565.3884   14.2274
    7.5000  -22.5000  -22.5000 2526.5974   14.4094
   -7.5000  -15.0000  -22.5000 2567.4368   14.2020
    0.0000  -15.0000  -22.5000 2580.6956   14.1088
    7.5000  -15.0000  -22.5000 2540.9958   14.3157
   -7.5000   -7.5000  -22.5000 2557.7820   14.4754
    0.0000   -7.5000  -22.5000 2569.0730   14.3667
    7.5000   -7.5000  -22.5000 2532.7896   14.5574
   -7.5000    0.0000  -22.5000 2521.8179   14.9847
    0.0000    0.0000  -22.5000 2537.8069   14.8603
    7.5000    0.0000  -22.5000 2492.5430   15.0827
   -7.5000    7.5000  -22.5000 2463.7830   15.7600
    0.0000    7.5000  -22.5000 2481.1953   15.6602
    7.5000    7.5000  -22.5000 2433.3298   15.8805
   -7.5000   15.0000  -22.5000 2384.0132   16.8119
    0.0000   15.0000  -22.5000 2399.0232   16.7212
    7.5000   15.0000  -22.5000 2353.4270   16.9684
   -7.5000   22.5000  -22.5000 2274.7324   18.2167
    0.0000   22.5000  -22.5000 2286.8730   18.1301
    7.5000   22.5000  -22.5000 2248.9370   18.3869
   -7.5000   30.0000  -22.5000 2147.8511   20.1335
    0.0000   30.0000  -22.5000 2162.3635   19.9887
    7.5000   30.0000  -22.5000 2123.9097   20.2914
   -7.5000   37.5000  -22.5000 1992.6245   22.4633
    0.0000   37.5000  -22.5000 2006.7445   22.2713
    7.5000   37.5000  -22.5000 1967.0939   22.5776
   -7.5000   45.0000  -22.5000 1811.7764   25.3291
    0.0000   45.0000  -22.5000 1816.9606   25.1871
    7.5000   45.0000  -22.5000 1781.7721   25.4807
   -7.5000  -45.0000  -15.0000 2460.7898   15.6777
    0.0000  -45.0000  -15.0000 2477.5601   15.6311
    7.5000  -45.0000  -15.0000 2453.5593   15.8240
   -7.5000  -37.5000  -15.0000 2557.6704   14.5698
    0.0000  -37.5000  -15.0000 2576.9526   14.5479
    7.5000  -37.5000  -15.0000 2546.8501   14.7159
   -7.5000  -30.0000  -15.0000 2623.5525   13.8444
    0.0000  -30.0000  -15.0000 2633.5178   13.8270
    7.5000  -30.0000  -15.0000 2607.3860   13.9751
   -7.5000  -22.5000  -15.0000 2668.7375   13.4779
    0.0000  -22.5000  -15.0000 2681.3149   13.4174
    7.5000  -22.5000  -15.0000 2646.4380   13.6079
   -7.5000  -15.0000  -15.0000 2699.9661   13.3972
    0.0000  -15.0000  -15.0000 2713.8499   13.2943
    7.5000  -15.0000  -15.0000 2670.4807   13.4898
   -7.5000   -7.5000  -15.0000 2695.9839   13.6614
    0.0000   -7.5000  -15.0000 2710.3184   13.5492
    7.5000   -7.5000  -15.0000 2664.0039   13.7149
   -7.5000    0.0000  -15.0000 2655.7068   14.1887
    0.0000    0.0000  -15.0000 2676.5203   14.0897
    7.5000    0.0000  -15.0000 2622.0396   14.2557
   -7.5000    7.5000  -15.0000 2592.8018   14.9574
    0.0000    7.5000  -15.0000 2609.8088   14.8605
    7.5000    7.5000  -15.0000 2555.7590   15.0789
   -7.5000   15.0000  -15.0000 2496.6211   15.9654
    0.0000   15.0000  -15.0000 2511.1101   15.8858
    7.5000   15.0000  -15.0000 2464.4705   16.1134
   -7.5000   22.5000  -15.0000 2375.7720   17.3459
    0.0000   22.5000  -15.0000 2387.2275   17.2469
    7.5000   22.5000  -15.0000 2350.9761   17.4797
   -7.5000   30.0000  -15.0000 2234.4436   19.2056
    0.0000   30.0000  -15.0000 2249.8835   19.0641
    7.5000   30.0000  -15.0000 2216.4414   19.3253
   -7.5000   37.5000  -15.0000 2072.6062   21.4403
    0.0000   37.5000  -15.0000 2082.3108   21.3120
    7.5000   37.5000  -15.0000 2050.5876   21.5509
   -7.5000   45.0000  -15.0000 1879.0304   24.1154
    0.0000   45.0000  -15.0000 1885.3413   23.9122
    7.5000   45.0000  -15.0000 1852.3171   24.2242
   -7.5000  -45.0000   -7.5000 2507.8728   14.9595
    0.0000  -45.0000   -7.5000 2522.9956   14.8661
    7.5000  -45.0000   -7.5000 2500.3909   15.0865
   -7.5000  -37.5000   -7.5000 2620.5168   13.8191
    0.0000  -37.5000   -7.5000 2641.0269   13.7773
    7.5000  -37.5000   -7.5000 2610.2993   13.9653
   -7.5000  -30.0000   -7.5000 2700.4292   13.0613
    0.0000  -30.0000   -7.5000 2712.1912   13.0159
    7.5000  -30.0000   -7.5000 2686.7000   13.2003
   -7.5000  -22.5000   -7.5000 2755.9700   12.6762
    0.0000  -22.5000   -7.5000 2772.1533   12.6101
    7.5000  -22.5000   -7.5000 2733.0562   12.8122
   -7.5000  -15.0000   -7.5000 2798.3569   12.5792
    0.0000  -15.0000   -7.5000 2819.3857   12.4849
    7.5000  -15.0000   -7.5000 2764.9475   12.6884
   -7.5000   -7.5000   -7.5000 2794.4656   12.8130
    0.0000   -7.5000   -7.5000 2814.9888   12.7245
    7.5000   -7.5000   -7.5000 2763.1892   12.8994
   -7.5000    0.0000   -7.5000 2756.7559   13.3374
    0.0000    0.0000   -7.5000 2773.1077   13.2440
    7.5000    0.0000   -7.5000 2719.8225   13.4322
   -7.5000    7.5000   -7.5000 2678.8423   14.0713
    0.0000    7.5000   -7.5000 2694.4736   13.9999
    7.5000    7.5000   -7.5000 2643.1050   14.2170
   -7.5000   15.0000   -7.5000 2569.4771   15.0631
    0.0000   15.0000   -7.5000 2583.5522   14.9838
    7.5000   15.0000   -7.5000 2538.8801   15.2083
   -7.5000   22.5000   -7.5000 2436.5894   16.4493
    0.0000   22.5000   -7.5000 2451.2231   16.3334
    7.5000   22.5000   -7.5000 2412.5571   16.5715
   -7.5000   30.0000   -7.5000 2294.3337   18.2942
    0.0000   30.0000   -7.5000 2307.9934   18.1304
    7.5000   30.0000   -7.5000 2267.5449   18.3812
   -7.5000   37.5000   -7.5000 2121.3542   20.3915
    0.0000   37.5000   -7.5000 2132.9805   20.2255
    7.5000   37.5000   -7.5000 2097.2263   20.4907
   -7.5000   45.0000   -7.5000 1918.9943   22.8639
    0.0000   45.0000   -7.5000 1925.1144   22.7100
    7.5000   45.0000   -7.5000 1893.6238   23.0481
   -7.5000  -45.0000    0.0000 2543.1545   14.5651
    0.0000  -45.0000    0.0000 2558.1382   14.4394
    7.5000  -45.0000    0.0000 2537.8477   14.7547
   -7.5000  -37.5000    0.0000 2666.5103   13.3944
    0.0000  -37.5000    0.0000 2685.4265   13.2944
    7.5000  -37.5000    0.0000 2655.3647   13.5570
   -7.5000  -30.0000    0.0000 2766.5286   12.6116
    0.0000  -30.0000    0.0000 2781.8945   12.5327
    7.5000  -30.0000    0.0000 2745.3767   12.7628
   -7.5000  -22.5000    0.0000 2845.6355   12.2127
    0.0000  -22.5000    0.0000 2865.7063   12.1254
    7.5000  -22.5000    0.0000 2814.8345   12.3430
   -7.5000  -15.0000    0.0000 2901.1091   12.0861
    0.0000  -15.0000    0.0000 2933.0571   11.9952
    7.5000  -15.0000    0.0000 2856.3579   12.2262
   -7.5000   -7.5000    0.0000 2901.7620   12.2980
    0.0000   -7.5000    0.0000 2930.7642   12.1897
    7.5000   -7.5000    0.0000 2853.9771   12.4221
   -7.5000    0.0000    0.0000 2846.3164   12.7626
    0.0000    0.0000    0.0000 2864.5337   12.6856
    7.5000    0.0000    0.0000 2804.9585   12.8987
   -7.5000    7.5000    0.0000 2753.5017   13.4748
    0.0000    7.5000    0.0000 2771.1584   13.3958
    7.5000    7.5000    0.0000 2718.9751   13.6443
   -7.5000   15.0000    0.0000 2631.9316   14.5152
    0.0000   15.0000    0.0000 2647.0022   14.4300
    7.5000   15.0000    0.0000 2597.6475   14.6938
   -7.5000   22.5000    0.0000 2486.7959   15.9336
    0.0000   22.5000    0.0000 2500.8401   15.8186
    7.5000   22.5000    0.0000 2458.5605   16.0881
   -7.5000   30.0000    0.0000 2339.4624   17.7380
    0.0000   30.0000    0.0000 2354.2537   17.6075
    7.5000   30.0000    0.0000 2305.3015   17.9060
   -7.5000   37.5000    0.0000 2159.2444   19.8168
    0.0000   37.5000    0.0000 2174.3723   19.6655
    7.5000   37.5000    0.0000 2129.8179   20.0181
   -7.5000   45.0000    0.0000 1953.7268   22.2118
    0.0000   45.0000    0.0000 1962.0175   22.1097
    7.5000   45.0000    0.0000 1923.6305   22.4926
   -7.5000  -45.0000    7.5000 2554.4070   14.2950
    0.0000  -45.0000    7.5000 2567.7646   14.1425
    7.5000  -45.0000    7.5000 2545.3064   14.4927
   -7.5000  -37.5000    7.5000 2685.5811   13.0939
    0.0000  -37.5000    7.5000 2701.7263   12.9678
    7.5000  -37.5000    7.5000 2671.1101   13.3106
   -7.5000  -30.0000    7.5000 2798.5293   12.2961
    0.0000  -30.0000    7.5000 2818.4778   12.1677
    7.5000  -30.0000    7.5000 2774.4026   12.4780
   -7.5000  -22.5000    7.5000 2899.1575   11.8650
    0.0000  -22.5000    7.5000 2927.7192   11.7419
    7.5000  -22.5000    7.5000 2862.6689   12.0216
   -7.5000  -15.0000    7.5000 2972.7119   11.7740
    0.0000  -15.0000    7.5000 3018.1394   11.6718
    7.5000  -15.0000    7.5000 2920.2292   11.9235
   -7.5000   -7.5000    7.5000 2983.7205   11.9527
    0.0000   -7.5000    7.5000 3027.0273   11.8337
    7.5000   -7.5000    7.5000 2917.4543   12.1204
   -7.5000    0.0000    7.5000 2902.7107   12.3984
    0.0000    0.0000    7.5000 2922.8203   12.2861
    7.5000    0.0000    7.5000 2851.4675   12.5570
   -7.5000    7.5000    7.5000 2790.4714   13.0868
    0.0000    7.5000    7.5000 2808.1511   13.0144
    7.5000    7.5000    7.5000 2749.8928   13.2677
   -7.5000   15.0000    7.5000 2659.8569   14.1264
    0.0000   15.0000    7.5000 2675.5776   14.0511
    7.5000   15.0000    7.5000 2626.1826   14.2970
   -7.5000   22.5000    7.5000 2511.7903   15.5661
    0.0000   22.5000    7.5000 2526.3257   15.4551
    7.5000   22.5000    7.5000 2481.0886   15.7113
   -7.5000   30.0000    7.5000 2360.1382   17.3691
    0.0000   30.0000    7.5000 2372.4500   17.2603
    7.5000   30.0000    7.5000 2328.7502   17.5345
   -7.5000   37.5000    7.5000 2171.7842   19.4293
    0.0000   37.5000    7.5000 2183.1211   19.3412
    7.5000   37.5000    7.5000 2143.8420   19.6777
   -7.5000   45.0000    7.5000 1962.5828   21.7505
    0.0000   45.0000    7.5000 1967.6350   21.6599
    7.5000   45.0000    7.5000 1937.3931   22.0574
   -7.5000  -45.0000   15.0000 2551.6750   14.2397
    0.0000  -45.0000   15.0000 2571.4680   14.0725
    7.5000  -45.0000   15.0000 2541.4172   14.4444
   -7.5000  -37.5000   15.0000 2686.5669   13.0372
    0.0000  -37.5000   15.0000 2702.6333   12.8646
    7.5000  -37.5000   15.0000 2665.7725   13.2422
   -7.5000  -30.0000   15.0000 2805.8416   12.2055
    0.0000  -30.0000   15.0000 2824.7539   12.0354
    7.5000  -30.0000   15.0000 2779.0659   12.4072
   -7.5000  -22.5000   15.0000 2909.2129   11.7710
    0.0000  -22.5000   15.0000 2941.4983   11.5979
    7.5000  -22.5000   15.0000 2872.3518   11.9495
   -7.5000  -15.0000   15.0000 2988.2400   11.6620
    0.0000  -15.0000   15.0000 3037.3350   11.5309
    7.5000  -15.0000   15.0000 2935.8350   11.8232
   -7.5000   -7.5000   15.0000 2995.0186   11.8803
    0.0000   -7.5000   15.0000 3044.9746   11.7542
    7.5000   -7.5000   15.0000 2929.1682   12.0272
   -7.5000    0.0000   15.0000 2909.1243   12.3306
    0.0000    0.0000   15.0000 2939.8411   12.2313
    7.5000    0.0000   15.0000 2861.8127   12.4757
   -7.5000    7.5000   15.0000 2794.2473   12.9946
    0.0000    7.5000   15.0000 2813.9355   12.8940
    7.5000    7.5000   15.0000 2756.6113   13.1535
   -7.5000   15.0000   15.0000 2657.8647   14.0244
    0.0000   15.0000   15.0000 2674.8689   13.9359
    7.5000   15.0000   15.0000 2631.4365   14.1634
   -7.5000   22.5000   15.0000 2510.6230   15.4179
    0.0000   22.5000   15.0000 2523.9768   15.3161
    7.5000   22.5000   15.0000 2489.6013   15.5485
   -7.5000   30.0000   15.0000 2360.1152   17.1866
    0.0000   30.0000   15.0000 2370.2207   17.0817
    7.5000   30.0000   15.0000 2334.6094   17.3553
   -7.5000   37.5000   15.0000 2169.9565   19.2797
    0.0000   37.5000   15.0000 2177.6624   19.1489
    7.5000   37.5000   15.0000 2145.8928   19.4712
   -7.5000   45.0000   15.0000 1952.8779   21.5898
    0.0000   45.0000   15.0000 1963.2046   21.4602
    7.5000   45.0000   15.0000 1936.3453   21.8595
   -7.5000  -45.0000   22.5000 2544.1570   14.4084
    0.0000  -45.0000   22.5000 2563.9358   14.2167
    7.5000  -45.0000   22.5000 2531.9539   14.6131
   -7.5000  -37.5000   22.5000 2675.6743   13.2427
    0.0000  -37.5000   22.5000 2689.0874   13.0475
    7.5000  -37.5000   22.5000 2653.9402   13.4264
   -7.5000  -30.0000   22.5000 2786.3022   12.4266
    0.0000  -30.0000   22.5000 2803.5720   12.2416
    7.5000  -30.0000   22.5000 2760.8140   12.6134
   -7.5000  -22.5000   22.5000 2881.1853   11.9981
    0.0000  -22.5000   22.5000 2902.9202   11.8335
    7.5000  -22.5000   22.5000 2847.3962   12.1366
   -7.5000  -15.0000   22.5000 2946.9990   11.8712
    0.0000  -15.0000   22.5000 2980.1443   11.7072
    7.5000  -15.0000   22.5000 2899.6204   12.0097
   -7.5000   -7.5000   22.5000 2947.9944   12.0521
    0.0000   -7.5000   22.5000 2981.2031   11.9072
    7.5000   -7.5000   22.5000 2897.4763   12.1854
   -7.5000    0.0000   22.5000 2872.0757   12.5340
    0.0000    0.0000   22.5000 2898.1184   12.4114
    7.5000    0.0000   22.5000 2832.3748   12.6259
   -7.5000    7.5000   22.5000 2760.2285   13.2378
    0.0000    7.5000   22.5000 2780.0959   13.1103
    7.5000    7.5000   22.5000 2731.0906   13.3383
   -7.5000   15.0000   22.5000 2629.0251   14.2218
    0.0000   15.0000   22.5000 2645.2114   14.1071
    7.5000   15.0000   22.5000 2609.9202   14.3352
   -7.5000   22.5000   22.5000 2489.7861   15.5415
    0.0000   22.5000   22.5000 2502.1750   15.4003
    7.5000   22.5000   22.5000 2471.9697   15.6497
   -7.5000   30.0000   22.5000 2338.5625   17.2267
    0.0000   30.0000   22.5000 2348.4722   17.1088
    7.5000   30.0000   22.5000 2320.0405   17.3691
   -7.5000   37.5000   22.5000 2149.3445   19.2787
    0.0000   37.5000   22.5000 2159.5364   19.1417
    7.5000   37.5000   22.5000 2131.8354   19.4290
   -7.5000   45.0000   22.5000 1932.0011   21.5825
    0.0000   45.0000   22.5000 1943.2570   21.4247
    7.5000   45.0000   22.5000 1920.5748   21.8163
   -7.5000  -45.0000   30.0000 2526.5540   14.8774
    0.0000  -45.0000   30.0000 2543.9583   14.6648
    7.5000  -45.0000   30.0000 2509.2026   15.0114
   -7.5000  -37.5000   30.0000 2650.8804   13.7352
    0.0000  -37.5000   30.0000 2666.0020   13.5408
    7.5000  -37.5000   30.0000 2625.4724   13.8607
   -7.5000  -30.0000   30.0000 2750.5037   12.9132
    0.0000  -30.0000   30.0000 2768.1426   12.7339
    7.5000  -30.0000   30.0000 2722.2551   13.0657
   -7.5000  -22.5000   30.0000 2829.5286   12.4505
    0.0000  -22.5000   30.0000 2845.0530   12.2758
    7.5000  -22.5000   30.0000 2797.4070   12.5933
   -7.5000  -15.0000   30.0000 2870.7517   12.2809
    0.0000  -15.0000   30.0000 2892.4431   12.1066
    7.5000  -15.0000   30.0000 2835.5667   12.4106
   -7.5000   -7.5000   30.0000 2860.2092   12.4883
    0.0000   -7.5000   30.0000 2883.6887   12.3152
    7.5000   -7.5000   30.0000 2824.3801   12.5783
   -7.5000    0.0000   30.0000 2797.7659   12.9907
    0.0000    0.0000   30.0000 2820.6165   12.8404
    7.5000    0.0000   30.0000 2767.8125   13.0499
   -7.5000    7.5000   30.0000 2698.3340   13.6791
    0.0000    7.5000   30.0000 2714.2002   13.5324
    7.5000    7.5000   30.0000 2674.0918   13.7621
   -7.5000   15.0000   30.0000 2575.1035   14.6352
    0.0000   15.0000   30.0000 2594.4006   14.4978
    7.5000   15.0000   30.0000 2560.9993   14.7312
   -7.5000   22.5000   30.0000 2445.6995   15.9221
    0.0000   22.5000   30.0000 2462.8562   15.7853
    7.5000   22.5000   30.0000 2429.9285   16.0032
   -7.5000   30.0000   30.0000 2300.6255   17.5632
    0.0000   30.0000   30.0000 2314.0830   17.4009
    7.5000   30.0000   30.0000 2284.6023   17.6547
   -7.5000   37.5000   30.0000 2115.2705   19.5500
    0.0000   37.5000   30.0000 2125.0718   19.3635
    7.5000   37.5000   30.0000 2101.0586   19.6691
   -7.5000   45.0000   30.0000 1904.1721   21.8244
    0.0000   45.0000   30.0000 1913.4738   21.6577
    7.5000   45.0000   30.0000 1893.2424   22.0000
   -7.5000  -45.0000   37.5000 2491.5188   15.5388
    0.0000  -45.0000   37.5000 2511.7131   15.3537
    7.5000  -45.0000   37.5000 2474.0862   15.6648
   -7.5000  -37.5000   37.5000 2608.1909   14.4013
    0.0000  -37.5000   37.5000 2629.3162   14.2374
    7.5000  -37.5000   37.5000 2583.8740   14.5208
   -7.5000  -30.0000   37.5000 2697.5874   13.5683
    0.0000  -30.0000   37.5000 2717.7786   13.4089
    7.5000  -30.0000   37.5000 2668.0681   13.7166
   -7.5000  -22.5000   37.5000 2759.8010   13.0898
    0.0000  -22.5000   37.5000 2779.5271   12.9085
    7.5000  -22.5000   37.5000 2731.4006   13.2325
   -7.5000  -15.0000   37.5000 2786.0808   12.9271
    0.0000  -15.0000   37.5000 2805.7861   12.7620
    7.5000  -15.0000   37.5000 2757.5715   13.0076
   -7.5000   -7.5000   37.5000 2763.7429   13.1150
    0.0000   -7.5000   37.5000 2785.3376   12.9345
    7.5000   -7.5000   37.5000 2740.6965   13.1679
   -7.5000    0.0000   37.5000 2701.2244   13.6080
    0.0000    0.0000   37.5000 2723.4648   13.4286
    7.5000    0.0000   37.5000 2678.3103   13.6481
   -7.5000    7.5000   37.5000 2610.6855   14.2994
    0.0000    7.5000   37.5000 2624.1157   14.1405
    7.5000    7.5000   37.5000 2592.9702   14.3602
   -7.5000   15.0000   37.5000 2506.9939   15.2410
    0.0000   15.0000   37.5000 2518.8796   15.1058
    7.5000   15.0000   37.5000 2491.2900   15.3239
   -7.5000   22.5000   37.5000 2383.0596   16.5085
    0.0000   22.5000   37.5000 2402.1890   16.3727
    7.5000   22.5000   37.5000 2373.2727   16.5914
   -7.5000   30.0000   37.5000 2243.0681   18.1306
    0.0000   30.0000   37.5000 2259.9001   17.9793
    7.5000   30.0000   37.5000 2233.0840   18.2371
   -7.5000   37.5000   37.5000 2064.5117   20.1087
    0.0000   37.5000   37.5000 2079.2278   19.9341
    7.5000   37.5000   37.5000 2057.1082   20.2535
   -7.5000   45.0000   37.5000 1862.5411   22.3309
    0.0000   45.0000   37.5000 1872.4819   22.1549
    7.5000   45.0000   37.5000 1852.4147   22.5409
   -7.5000  -45.0000   45.0000 2416.8074   16.2911
    0.0000  -45.0000   45.0000 2435.3335   16.1593
    7.5000  -45.0000   45.0000 2398.4609   16.4369
   -7.5000  -37.5000   45.0000 2524.6201   15.1451
    0.0000  -37.5000   45.0000 2542.1729   15.0382
    7.5000  -37.5000   45.0000 2501.0237   15.3070
   -7.5000  -30.0000   45.0000 2605.0774   14.3125
    0.0000  -30.0000   45.0000 2625.4375   14.1901
    7.5000  -30.0000   45.0000 2579.3062   14.4915
   -7.5000  -22.5000   45.0000 2656.4136   13.8508
    0.0000  -22.5000   45.0000 2672.9219   13.7042
    7.5000  -22.5000   45.0000 2630.5078   13.9977
   -7.5000  -15.0000   45.0000 2669.1365   13.6721
    0.0000  -15.0000   45.0000 2684.2078   13.5293
    7.5000  -15.0000   45.0000 2647.1697   13.7749
   -7.5000   -7.5000   45.0000 2643.7864   13.8320
    0.0000   -7.5000   45.0000 2661.0859   13.6664
    7.5000   -7.5000   45.0000 2628.4126   13.9150
   -7.5000    0.0000   45.0000 2583.9097   14.2893
    0.0000    0.0000   45.0000 2602.9722   14.1263
    7.5000    0.0000   45.0000 2572.1470   14.3576
   -7.5000    7.5000   45.0000 2497.3740   14.9859
    0.0000    7.5000   45.0000 2513.2283   14.8399
    7.5000    7.5000   45.0000 2489.7314   15.0544
   -7.5000   15.0000   45.0000 2405.3826   15.9302
    0.0000   15.0000   45.0000 2419.4810   15.8009
    7.5000   15.0000   45.0000 2390.0291   15.9893
   -7.5000   22.5000   45.0000 2293.0190   17.1879
    0.0000   22.5000   45.0000 2307.0156   17.0551
    7.5000   22.5000   45.0000 2283.1748   17.2674
   -7.5000   30.0000   45.0000 2164.2141   18.8489
    0.0000   30.0000   45.0000 2175.0393   18.6935
    7.5000   30.0000   45.0000 2147.8975   18.9543
   -7.5000   37.5000   45.0000 1995.1379   20.8616
    0.0000   37.5000   45.0000 2006.7897   20.7000
    7.5000   37.5000   45.0000 1980.7495   20.9565
   -7.5000   45.0000   45.0000 1797.5388   23.0520
    0.0000   45.0000   45.0000 1804.1534   22.8880
    7.5000   45.0000   45.0000 1786.4912   23.2765

---------------------------------------------------------------------
imgreg_4dfp /opt/freesurfer/average/711-2C_as_mni_average_305 /opt/freesurfer/average/711-2B_as_mni_average_305_mask talsrcimg_g11 none talsrcimg_to_711-2C_as_mni_average_305_t4 1283
---------------------------------------------------------------------

freesurfer imgreg_4dfp.c
/opt/freesurfer/average/711-2C_as_mni_average_305.4dfp.img
       256       256       256         1
  1.000000  1.000000  1.000000
orientation T byte_order littleendian
Reading image: /opt/freesurfer/average/711-2C_as_mni_average_305.4dfp.img
dimensions:      256       256       256
mmppix:       1.0000   -1.0000   -1.0000
center:     128.0000 -129.0000 -129.0000
/opt/freesurfer/average/711-2B_as_mni_average_305_mask.4dfp.img
       256       256       256         1
  1.000000  1.000000  1.000000
orientation T byte_order littleendian
Reading mask: /opt/freesurfer/average/711-2B_as_mni_average_305_mask.4dfp.img (2306576 pixels)
talsrcimg_g11.4dfp.img
       256       256       256         1
  0.898438  0.898438  0.898438
orientation T byte_order littleendian
Reading image: talsrcimg_g11.4dfp.img
dimensions:      256       256       256
mmppix:       0.8984   -0.8984   -0.8984
center:     115.0001 -115.8985 -115.8985
rotation matrix determinant  1.000000
fimgreg.f
image alignment mode   1283 decimal      503 hex
parameters
    0.0000   -7.5000   15.0000    0.0000    0.0000    0.0000
eta,q 0.95668 11.72979
niter,ni,del,rscale     5    3   12.0000    1.2000
parameter  2  0.578429 ->  0.500000 qaram    1.1500
parameters
   -1.9013  -10.9500   12.0768   -2.0176    0.8447    1.7854
eta,q 0.96712 11.49657
  0.0522  0.0425  0.0397  0.0390  0.0489  0.0451
  0.0457  0.0395  0.0369  0.0347  0.0420  0.0404
  0.0436  0.0398  0.0367  0.0344  0.0372  0.0367
  0.0453  0.0436  0.0393  0.0364  0.0344  0.0340
  0.0509  0.0504  0.0431  0.0388  0.0342  0.0329
  0.0620  0.0586  0.0485  0.0420  0.0375  0.0341
  0.0757  0.0684  0.0554  0.0461  0.0429  0.0373
niter,ni,del,rscale     5    3   12.0000    1.2000
parameters
   -2.0117   -9.9137   12.2080   -2.2903    1.0994    1.9118
eta,q 0.96712 11.51611
  0.0562  0.0620  0.0457  0.0413  0.0462  0.0407
  0.0445  0.0513  0.0398  0.0358  0.0400  0.0368
  0.0362  0.0381  0.0353  0.0327  0.0354  0.0341
  0.0329  0.0329  0.0332  0.0332  0.0330  0.0329
  0.0367  0.0348  0.0348  0.0352  0.0339  0.0335
  0.0462  0.0408  0.0388  0.0377  0.0383  0.0360
  0.0576  0.0494  0.0449  0.0416  0.0446  0.0403
niter,ni,del,rscale     4    3   12.0000    1.2000
parameters
   -2.0558   -9.6233   12.1941   -2.4238    1.1393    1.9433
eta,q 0.96694 11.52043
  0.0570  0.0588  0.0454  0.0412  0.0456  0.0404
  0.0450  0.0456  0.0396  0.0362  0.0395  0.0366
  0.0364  0.0345  0.0350  0.0331  0.0351  0.0341
  0.0329  0.0329  0.0332  0.0332  0.0331  0.0331
  0.0362  0.0369  0.0352  0.0350  0.0345  0.0338
  0.0458  0.0445  0.0394  0.0372  0.0391  0.0362
  0.0577  0.0527  0.0458  0.0410  0.0455  0.0406
niter,ni,del,rscale     3    3   12.0000    1.2000
parameters
   -2.0599   -9.5254   12.1841   -2.4709    1.1433    1.9555
eta,q 0.96686 11.52197
  0.0575  0.0577  0.0456  0.0413  0.0455  0.0404
  0.0454  0.0440  0.0397  0.0364  0.0395  0.0366
  0.0367  0.0338  0.0351  0.0332  0.0351  0.0341
  0.0331  0.0331  0.0332  0.0332  0.0331  0.0331
  0.0362  0.0376  0.0352  0.0349  0.0346  0.0338
  0.0457  0.0454  0.0394  0.0370  0.0393  0.0363
  0.0576  0.0536  0.0458  0.0407  0.0457  0.0406
niter,ni,del,rscale     2    3   12.0000    1.2000
parameters
   -2.0580   -9.4932   12.1804   -2.4864    1.1429    1.9610
eta,q 0.96683 11.52246
  0.0577  0.0574  0.0456  0.0413  0.0455  0.0404
  0.0455  0.0435  0.0398  0.0365  0.0395  0.0366
  0.0368  0.0336  0.0351  0.0333  0.0351  0.0341
  0.0331  0.0331  0.0332  0.0332  0.0332  0.0332
  0.0362  0.0379  0.0352  0.0349  0.0347  0.0339
  0.0457  0.0457  0.0394  0.0369  0.0393  0.0363
  0.0577  0.0538  0.0459  0.0406  0.0458  0.0406
registration optimization eta report
parameter search radius
    6.0000    6.9000    6.0000    6.0000    6.0000    6.0000
100000*second partial in parameter space
       67.       47.       34.       21.       34.       20.
  0.0577  0.0574  0.0456  0.0413  0.0455  0.0404
  0.0455  0.0435  0.0398  0.0365  0.0395  0.0366
  0.0368  0.0336  0.0351  0.0333  0.0351  0.0341
  0.0331  0.0331  0.0332  0.0332  0.0332  0.0332
  0.0362  0.0379  0.0352  0.0349  0.0347  0.0339
  0.0457  0.0457  0.0394  0.0369  0.0393  0.0363
  0.0577  0.0538  0.0459  0.0406  0.0458  0.0406
   -2.0580   -9.4932   12.1804   -2.4864    1.1429    1.9610
eta,q 0.96683 11.52246

---------------------------------------------------------------------
imgreg_4dfp /opt/freesurfer/average/711-2C_as_mni_average_305 /opt/freesurfer/average/711-2B_as_mni_average_305_mask talsrcimg_g11 none talsrcimg_to_711-2C_as_mni_average_305_t4 3335
---------------------------------------------------------------------

freesurfer imgreg_4dfp.c
/opt/freesurfer/average/711-2C_as_mni_average_305.4dfp.img
       256       256       256         1
  1.000000  1.000000  1.000000
orientation T byte_order littleendian
Reading image: /opt/freesurfer/average/711-2C_as_mni_average_305.4dfp.img
dimensions:      256       256       256
mmppix:       1.0000   -1.0000   -1.0000
center:     128.0000 -129.0000 -129.0000
/opt/freesurfer/average/711-2B_as_mni_average_305_mask.4dfp.img
       256       256       256         1
  1.000000  1.000000  1.000000
orientation T byte_order littleendian
Reading mask: /opt/freesurfer/average/711-2B_as_mni_average_305_mask.4dfp.img (2306576 pixels)
talsrcimg_g11.4dfp.img
       256       256       256         1
  0.898438  0.898438  0.898438
orientation T byte_order littleendian
Reading image: talsrcimg_g11.4dfp.img
dimensions:      256       256       256
mmppix:       0.8984   -0.8984   -0.8984
center:     115.0001 -115.8985 -115.8985
fimgreg.f
image alignment mode   3335 decimal      D07 hex
parameters
   -2.0580   -9.4932   12.1804   -0.0785   -0.1497   -0.1140
   -3.3323   -2.1400    3.4213    4.2675    1.9946   -4.3374
eta,q 0.96657 11.60989
niter,ni,del,rscale     5    3    5.0000    1.2000
parameter  4  1.014646 ->  0.500000 qaram    1.1500
parameter  5  1.344600 ->  0.500000 qaram    1.1500
parameter  6  0.655350 ->  0.500000 qaram    1.1500
parameters
   -2.0862   -9.2788   12.2280   -4.2185   -4.2897   -4.2540
   -3.1113   -1.5595    3.1016    1.2984    2.1594   -6.5229
eta,q 0.97647 10.92085
  0.0376  0.0368  0.0358  0.0289  0.0250  0.0247  0.0278  0.0304  0.0266  0.0252  0.0253  0.0244
  0.0353  0.0352  0.0345  0.0295  0.0258  0.0244  0.0260  0.0275  0.0254  0.0240  0.0245  0.0238
  0.0339  0.0340  0.0337  0.0310  0.0273  0.0249  0.0249  0.0255  0.0247  0.0237  0.0239  0.0235
  0.0334  0.0334  0.0334  0.0334  0.0298  0.0261  0.0245  0.0245  0.0244  0.0244  0.0237  0.0237
  0.0339  0.0335  0.0336  0.0368  0.0332  0.0285  0.0248  0.0248  0.0247  0.0259  0.0239  0.0243
  0.0354  0.0343  0.0344  0.0414  0.0368  0.0321  0.0258  0.0263  0.0257  0.0282  0.0244  0.0252
  0.0378  0.0359  0.0356  0.0467  0.0407  0.0366  0.0274  0.0289  0.0271  0.0309  0.0252  0.0263
niter,ni,del,rscale     7    3    5.0000    1.2000
parameters
   -2.0738   -9.2275   12.2555   -8.2629   -7.8920   -5.5656
   -3.2016   -1.3712    3.0296    1.7482    2.1969   -6.8010
eta,q 0.97835 10.42253
  0.0278  0.0271  0.0258  0.0234  0.0232  0.0245  0.0248  0.0269  0.0241  0.0258  0.0232  0.0233
  0.0255  0.0253  0.0246  0.0227  0.0221  0.0228  0.0231  0.0242  0.0228  0.0237  0.0223  0.0224
  0.0240  0.0240  0.0238  0.0227  0.0218  0.0218  0.0220  0.0224  0.0220  0.0223  0.0218  0.0218
  0.0235  0.0235  0.0235  0.0235  0.0226  0.0218  0.0217  0.0217  0.0217  0.0217  0.0217  0.0217
  0.0240  0.0238  0.0237  0.0253  0.0246  0.0226  0.0221  0.0222  0.0220  0.0220  0.0219  0.0219
  0.0254  0.0250  0.0245  0.0281  0.0276  0.0242  0.0232  0.0238  0.0229  0.0231  0.0224  0.0226
  0.0278  0.0269  0.0258  0.0324  0.0318  0.0273  0.0250  0.0264  0.0243  0.0249  0.0231  0.0235
niter,ni,del,rscale     6    3    5.0000    1.2000
parameters
   -2.0055   -9.1218   12.3729   -8.5457   -8.2955   -5.4499
   -3.2273   -1.3357    2.9810    1.9275    2.1321   -6.9308
eta,q 0.97834 10.39176
  0.0261  0.0254  0.0241  0.0249  0.0252  0.0255  0.0249  0.0266  0.0241  0.0254  0.0232  0.0234
  0.0237  0.0235  0.0228  0.0231  0.0235  0.0236  0.0231  0.0240  0.0228  0.0235  0.0223  0.0224
  0.0222  0.0222  0.0220  0.0220  0.0222  0.0222  0.0220  0.0223  0.0220  0.0222  0.0218  0.0218
  0.0216  0.0216  0.0216  0.0216  0.0216  0.0217  0.0217  0.0217  0.0217  0.0217  0.0217  0.0217
  0.0221  0.0220  0.0218  0.0221  0.0221  0.0220  0.0221  0.0222  0.0220  0.0221  0.0219  0.0219
  0.0234  0.0231  0.0225  0.0233  0.0238  0.0232  0.0232  0.0240  0.0229  0.0233  0.0224  0.0225
  0.0256  0.0248  0.0236  0.0254  0.0264  0.0255  0.0249  0.0266  0.0242  0.0251  0.0232  0.0235
niter,ni,del,rscale     5    3    5.0000    1.2000
parameters
   -1.9970   -9.0845   12.4051   -8.5687   -8.3504   -5.4071
   -3.2251   -1.3297    2.9820    1.9922    2.1085   -6.9649
eta,q 0.97833 10.39035
  0.0259  0.0251  0.0239  0.0251  0.0255  0.0255  0.0249  0.0266  0.0241  0.0253  0.0232  0.0234
  0.0236  0.0233  0.0227  0.0233  0.0237  0.0236  0.0231  0.0240  0.0229  0.0234  0.0223  0.0225
  0.0221  0.0221  0.0219  0.0221  0.0224  0.0222  0.0221  0.0223  0.0220  0.0222  0.0218  0.0219
  0.0217  0.0217  0.0217  0.0217  0.0217  0.0217  0.0217  0.0217  0.0217  0.0217  0.0217  0.0217
  0.0221  0.0221  0.0219  0.0220  0.0220  0.0220  0.0220  0.0223  0.0220  0.0221  0.0219  0.0219
  0.0235  0.0232  0.0226  0.0232  0.0235  0.0233  0.0232  0.0240  0.0228  0.0233  0.0224  0.0225
  0.0258  0.0249  0.0238  0.0252  0.0259  0.0256  0.0249  0.0266  0.0242  0.0251  0.0231  0.0234
niter,ni,del,rscale     4    3    5.0000    1.2000
parameters
   -1.9982   -9.0744   12.4110   -8.5688   -8.3614   -5.3987
   -3.2248   -1.3294    2.9853    2.0117    2.1066   -6.9760
eta,q 0.97833 10.39038
  0.0258  0.0251  0.0239  0.0251  0.0255  0.0254  0.0249  0.0266  0.0241  0.0252  0.0232  0.0234
  0.0235  0.0232  0.0226  0.0233  0.0237  0.0235  0.0231  0.0240  0.0229  0.0233  0.0223  0.0225
  0.0221  0.0220  0.0219  0.0221  0.0224  0.0222  0.0221  0.0223  0.0220  0.0221  0.0218  0.0219
  0.0217  0.0217  0.0217  0.0217  0.0217  0.0217  0.0217  0.0217  0.0217  0.0217  0.0217  0.0217
  0.0222  0.0221  0.0219  0.0220  0.0220  0.0220  0.0221  0.0223  0.0220  0.0221  0.0219  0.0219
  0.0236  0.0232  0.0226  0.0232  0.0234  0.0233  0.0232  0.0240  0.0228  0.0234  0.0224  0.0225
  0.0258  0.0249  0.0238  0.0252  0.0259  0.0256  0.0249  0.0266  0.0242  0.0252  0.0231  0.0234
registration optimization eta report
parameter search radius
    2.4000    2.4000    2.4000    8.2800    8.2800    8.2800
    7.2000    7.2000    7.2000    7.2000    7.2000    7.2000
100000*second partial in parameter space
       72.       58.       38.        5.        6.        6.
        6.        9.        5.        7.        3.        3.
  0.0258  0.0251  0.0239  0.0251  0.0255  0.0254  0.0249  0.0266  0.0241  0.0252  0.0232  0.0234
  0.0235  0.0232  0.0226  0.0233  0.0237  0.0235  0.0231  0.0240  0.0229  0.0233  0.0223  0.0225
  0.0221  0.0220  0.0219  0.0221  0.0224  0.0222  0.0221  0.0223  0.0220  0.0221  0.0218  0.0219
  0.0217  0.0217  0.0217  0.0217  0.0217  0.0217  0.0217  0.0217  0.0217  0.0217  0.0217  0.0217
  0.0222  0.0221  0.0219  0.0220  0.0220  0.0220  0.0221  0.0223  0.0220  0.0221  0.0219  0.0219
  0.0236  0.0232  0.0226  0.0232  0.0234  0.0233  0.0232  0.0240  0.0228  0.0234  0.0224  0.0225
  0.0258  0.0249  0.0238  0.0252  0.0259  0.0256  0.0249  0.0266  0.0242  0.0252  0.0231  0.0234
   -1.9982   -9.0744   12.4110   -8.5688   -8.3614   -5.3987
   -3.2248   -1.3294    2.9853    2.0117    2.1066   -6.9760
eta,q 0.97833 10.39038

---------------------------------------------------------------------
imgreg_4dfp /opt/freesurfer/average/711-2C_as_mni_average_305 /opt/freesurfer/average/711-2B_as_mni_average_305_mask talsrcimg_g11 none talsrcimg_to_711-2C_as_mni_average_305_t4 2311
---------------------------------------------------------------------

freesurfer imgreg_4dfp.c
/opt/freesurfer/average/711-2C_as_mni_average_305.4dfp.img
       256       256       256         1
  1.000000  1.000000  1.000000
orientation T byte_order littleendian
Reading image: /opt/freesurfer/average/711-2C_as_mni_average_305.4dfp.img
dimensions:      256       256       256
mmppix:       1.0000   -1.0000   -1.0000
center:     128.0000 -129.0000 -129.0000
/opt/freesurfer/average/711-2B_as_mni_average_305_mask.4dfp.img
       256       256       256         1
  1.000000  1.000000  1.000000
orientation T byte_order littleendian
Reading mask: /opt/freesurfer/average/711-2B_as_mni_average_305_mask.4dfp.img (2306576 pixels)
talsrcimg_g11.4dfp.img
       256       256       256         1
  0.898438  0.898438  0.898438
orientation T byte_order littleendian
Reading image: talsrcimg_g11.4dfp.img
dimensions:      256       256       256
mmppix:       0.8984   -0.8984   -0.8984
center:     115.0001 -115.8985 -115.8985
fimgreg.f
image alignment mode   2311 decimal      907 hex
parameters
   -1.9982   -9.0744   12.4110   -8.5688   -8.3614   -5.3987
   -3.2248   -1.3294    2.9853    2.0117    2.1066   -6.9760
eta,q 0.97833 10.39038
niter,ni,del,rscale     5    3    5.0000    0.8000
parameters
   -2.0037   -9.0905   12.4116   -8.4144   -7.9586   -5.1881
   -3.2321   -1.3254    3.0607    1.9751    1.9906   -6.9389
eta,q 0.97837 10.43134
  0.0235  0.0232  0.0226  0.0229  0.0233  0.0231  0.0231  0.0240  0.0228  0.0233  0.0223  0.0225
  0.0225  0.0223  0.0221  0.0223  0.0226  0.0223  0.0223  0.0227  0.0222  0.0224  0.0219  0.0220
  0.0219  0.0218  0.0218  0.0218  0.0220  0.0218  0.0218  0.0219  0.0218  0.0218  0.0217  0.0217
  0.0217  0.0217  0.0217  0.0217  0.0217  0.0216  0.0216  0.0216  0.0216  0.0216  0.0216  0.0216
  0.0219  0.0219  0.0218  0.0218  0.0217  0.0217  0.0218  0.0219  0.0217  0.0219  0.0217  0.0217
  0.0225  0.0224  0.0221  0.0221  0.0221  0.0222  0.0223  0.0227  0.0221  0.0225  0.0220  0.0220
  0.0235  0.0232  0.0226  0.0228  0.0230  0.0229  0.0231  0.0240  0.0228  0.0234  0.0223  0.0225
niter,ni,del,rscale     4    3    5.0000    0.7000
parameters
   -2.0086   -9.1052   12.4300   -8.3864   -7.8979   -5.1641
   -3.2469   -1.3237    3.0992    1.9404    1.9458   -6.9050
eta,q 0.97838 10.43707
  0.0231  0.0228  0.0224  0.0225  0.0228  0.0227  0.0228  0.0234  0.0226  0.0230  0.0222  0.0223
  0.0223  0.0222  0.0220  0.0220  0.0223  0.0221  0.0221  0.0224  0.0221  0.0223  0.0218  0.0219
  0.0218  0.0218  0.0217  0.0217  0.0218  0.0218  0.0218  0.0218  0.0217  0.0218  0.0217  0.0217
  0.0216  0.0216  0.0216  0.0216  0.0216  0.0216  0.0216  0.0216  0.0216  0.0216  0.0216  0.0216
  0.0218  0.0218  0.0217  0.0217  0.0217  0.0217  0.0218  0.0218  0.0217  0.0218  0.0217  0.0217
  0.0223  0.0222  0.0219  0.0220  0.0221  0.0221  0.0222  0.0224  0.0220  0.0223  0.0219  0.0219
  0.0231  0.0229  0.0224  0.0225  0.0228  0.0227  0.0228  0.0234  0.0225  0.0230  0.0222  0.0223
niter,ni,del,rscale     3    3    5.0000    0.6000
parameters
   -2.0115   -9.1168   12.4332   -8.3810   -7.8513   -5.1472
   -3.2478   -1.3244    3.1278    1.9205    1.9061   -6.8818
eta,q 0.97838 10.44051
  0.0227  0.0225  0.0222  0.0223  0.0225  0.0224  0.0225  0.0229  0.0223  0.0226  0.0220  0.0221
  0.0221  0.0220  0.0219  0.0219  0.0221  0.0220  0.0220  0.0222  0.0220  0.0221  0.0218  0.0218
  0.0217  0.0217  0.0217  0.0217  0.0218  0.0217  0.0217  0.0218  0.0217  0.0217  0.0217  0.0217
  0.0216  0.0216  0.0216  0.0216  0.0216  0.0216  0.0216  0.0216  0.0216  0.0216  0.0216  0.0216
  0.0217  0.0217  0.0217  0.0217  0.0217  0.0217  0.0217  0.0218  0.0217  0.0217  0.0217  0.0217
  0.0221  0.0221  0.0219  0.0219  0.0220  0.0220  0.0220  0.0222  0.0219  0.0221  0.0218  0.0218
  0.0227  0.0226  0.0222  0.0223  0.0225  0.0224  0.0225  0.0230  0.0223  0.0227  0.0220  0.0221
niter,ni,del,rscale     2    3    5.0000    0.5000
parameters
   -2.0143   -9.1212   12.4417   -8.3639   -7.7988   -5.1272
   -3.2508   -1.3210    3.1525    1.8995    1.8683   -6.8459
eta,q 0.97839 10.44524
  0.0224  0.0223  0.0220  0.0221  0.0223  0.0222  0.0222  0.0225  0.0221  0.0223  0.0219  0.0220
  0.0219  0.0219  0.0218  0.0218  0.0219  0.0219  0.0219  0.0220  0.0218  0.0220  0.0217  0.0218
  0.0217  0.0217  0.0217  0.0217  0.0217  0.0217  0.0217  0.0217  0.0217  0.0217  0.0216  0.0217
  0.0216  0.0216  0.0216  0.0216  0.0216  0.0216  0.0216  0.0216  0.0216  0.0216  0.0216  0.0216
  0.0217  0.0217  0.0217  0.0217  0.0217  0.0217  0.0217  0.0217  0.0217  0.0217  0.0217  0.0216
  0.0220  0.0219  0.0218  0.0218  0.0219  0.0219  0.0219  0.0220  0.0218  0.0220  0.0218  0.0218
  0.0224  0.0223  0.0220  0.0221  0.0223  0.0222  0.0222  0.0225  0.0221  0.0224  0.0219  0.0220
niter,ni,del,rscale     1    3    5.0000    0.4000
parameters
   -2.0165   -9.1288   12.4458   -8.3665   -7.7467   -5.1024
   -3.2468   -1.3156    3.1740    1.8834    1.8308   -6.8393
eta,q 0.97838 10.44893
  0.0221  0.0220  0.0219  0.0219  0.0220  0.0220  0.0220  0.0222  0.0219  0.0221  0.0218  0.0218
  0.0218  0.0218  0.0217  0.0218  0.0218  0.0218  0.0218  0.0219  0.0218  0.0218  0.0217  0.0217
  0.0217  0.0217  0.0216  0.0216  0.0217  0.0217  0.0217  0.0217  0.0217  0.0217  0.0216  0.0216
  0.0216  0.0216  0.0216  0.0216  0.0216  0.0216  0.0216  0.0216  0.0216  0.0216  0.0216  0.0216
  0.0217  0.0217  0.0216  0.0217  0.0216  0.0216  0.0217  0.0217  0.0217  0.0217  0.0216  0.0216
  0.0218  0.0218  0.0217  0.0217  0.0218  0.0218  0.0218  0.0219  0.0218  0.0218  0.0217  0.0217
  0.0221  0.0220  0.0219  0.0219  0.0220  0.0220  0.0220  0.0222  0.0219  0.0221  0.0218  0.0218
registration optimization eta report
parameter search radius
    0.8000    0.8000    0.8000    2.4000    2.4000    2.4000
    2.4000    2.4000    2.4000    2.4000    2.4000    2.4000
100000*second partial in parameter space
       75.       66.       40.        5.        7.        6.
        7.       10.        6.        8.        3.        4.
  0.0221  0.0220  0.0219  0.0219  0.0220  0.0220  0.0220  0.0222  0.0219  0.0221  0.0218  0.0218
  0.0218  0.0218  0.0217  0.0218  0.0218  0.0218  0.0218  0.0219  0.0218  0.0218  0.0217  0.0217
  0.0217  0.0217  0.0216  0.0216  0.0217  0.0217  0.0217  0.0217  0.0217  0.0217  0.0216  0.0216
  0.0216  0.0216  0.0216  0.0216  0.0216  0.0216  0.0216  0.0216  0.0216  0.0216  0.0216  0.0216
  0.0217  0.0217  0.0216  0.0217  0.0216  0.0216  0.0217  0.0217  0.0217  0.0217  0.0216  0.0216
  0.0218  0.0218  0.0217  0.0217  0.0218  0.0218  0.0218  0.0219  0.0218  0.0218  0.0217  0.0217
  0.0221  0.0220  0.0219  0.0219  0.0220  0.0220  0.0220  0.0222  0.0219  0.0221  0.0218  0.0218
   -2.0165   -9.1288   12.4458   -8.3665   -7.7467   -5.1024
   -3.2468   -1.3156    3.1740    1.8834    1.8308   -6.8393
eta,q 0.97838 10.44893

---------------------------------------------------------------------
imgreg_4dfp /opt/freesurfer/average/711-2C_as_mni_average_305 /opt/freesurfer/average/711-2B_as_mni_average_305_mask talsrcimg_g11 none talsrcimg_to_711-2C_as_mni_average_305_t4 2311
---------------------------------------------------------------------

freesurfer imgreg_4dfp.c
/opt/freesurfer/average/711-2C_as_mni_average_305.4dfp.img
       256       256       256         1
  1.000000  1.000000  1.000000
orientation T byte_order littleendian
Reading image: /opt/freesurfer/average/711-2C_as_mni_average_305.4dfp.img
dimensions:      256       256       256
mmppix:       1.0000   -1.0000   -1.0000
center:     128.0000 -129.0000 -129.0000
/opt/freesurfer/average/711-2B_as_mni_average_305_mask.4dfp.img
       256       256       256         1
  1.000000  1.000000  1.000000
orientation T byte_order littleendian
Reading mask: /opt/freesurfer/average/711-2B_as_mni_average_305_mask.4dfp.img (2306576 pixels)
talsrcimg_g11.4dfp.img
       256       256       256         1
  0.898438  0.898438  0.898438
orientation T byte_order littleendian
Reading image: talsrcimg_g11.4dfp.img
dimensions:      256       256       256
mmppix:       0.8984   -0.8984   -0.8984
center:     115.0001 -115.8985 -115.8985
fimgreg.f
image alignment mode   2311 decimal      907 hex
parameters
   -2.0165   -9.1288   12.4458   -8.3665   -7.7467   -5.1024
   -3.2468   -1.3156    3.1740    1.8834    1.8308   -6.8393
eta,q 0.97838 10.44893
niter,ni,del,rscale     5    3    5.0000    0.8000
parameters
   -2.0073   -9.1211   12.4440   -8.3952   -7.9430   -5.1633
   -3.2802   -1.3127    3.1229    1.9085    1.9549   -6.8696
eta,q 0.97838 10.43374
  0.0235  0.0233  0.0226  0.0228  0.0230  0.0229  0.0231  0.0240  0.0228  0.0234  0.0224  0.0225
  0.0225  0.0224  0.0221  0.0221  0.0223  0.0222  0.0223  0.0227  0.0222  0.0225  0.0219  0.0220
  0.0218  0.0218  0.0217  0.0217  0.0218  0.0218  0.0218  0.0219  0.0218  0.0218  0.0217  0.0217
  0.0216  0.0216  0.0216  0.0216  0.0216  0.0216  0.0216  0.0216  0.0216  0.0216  0.0216  0.0216
  0.0218  0.0218  0.0217  0.0218  0.0218  0.0218  0.0218  0.0219  0.0218  0.0218  0.0217  0.0217
  0.0225  0.0224  0.0221  0.0221  0.0224  0.0223  0.0223  0.0227  0.0222  0.0224  0.0219  0.0220
  0.0235  0.0232  0.0226  0.0228  0.0234  0.0230  0.0231  0.0240  0.0229  0.0234  0.0223  0.0225
niter,ni,del,rscale     4    3    5.0000    0.7000
parameters
   -2.0068   -9.1210   12.4422   -8.3825   -7.8978   -5.1576
   -3.2601   -1.3218    3.1141    1.9063    1.9465   -6.8716
eta,q 0.97838 10.43722
  0.0231  0.0229  0.0224  0.0225  0.0228  0.0227  0.0228  0.0234  0.0225  0.0230  0.0222  0.0223
  0.0223  0.0222  0.0220  0.0220  0.0222  0.0221  0.0222  0.0224  0.0221  0.0223  0.0218  0.0219
  0.0218  0.0218  0.0217  0.0217  0.0218  0.0218  0.0218  0.0218  0.0217  0.0218  0.0217  0.0217
  0.0216  0.0216  0.0216  0.0216  0.0216  0.0216  0.0216  0.0216  0.0216  0.0216  0.0216  0.0216
  0.0218  0.0218  0.0217  0.0217  0.0217  0.0217  0.0217  0.0218  0.0217  0.0218  0.0217  0.0217
  0.0223  0.0222  0.0220  0.0220  0.0221  0.0221  0.0221  0.0224  0.0221  0.0223  0.0219  0.0219
  0.0231  0.0229  0.0224  0.0225  0.0228  0.0227  0.0228  0.0234  0.0226  0.0230  0.0221  0.0223
niter,ni,del,rscale     3    3    5.0000    0.6000
parameters
   -2.0110   -9.1230   12.4419   -8.3792   -7.8385   -5.1439
   -3.2508   -1.3244    3.1267    1.9073    1.9055   -6.8621
eta,q 0.97839 10.44128
  0.0227  0.0225  0.0222  0.0223  0.0225  0.0224  0.0225  0.0229  0.0223  0.0227  0.0220  0.0221
  0.0221  0.0220  0.0219  0.0219  0.0221  0.0220  0.0220  0.0222  0.0219  0.0221  0.0218  0.0218
  0.0217  0.0217  0.0217  0.0217  0.0218  0.0217  0.0217  0.0218  0.0217  0.0217  0.0217  0.0217
  0.0216  0.0216  0.0216  0.0216  0.0216  0.0216  0.0216  0.0216  0.0216  0.0216  0.0216  0.0216
  0.0217  0.0217  0.0217  0.0217  0.0217  0.0217  0.0217  0.0218  0.0217  0.0217  0.0217  0.0217
  0.0221  0.0220  0.0219  0.0219  0.0220  0.0220  0.0220  0.0222  0.0219  0.0221  0.0218  0.0218
  0.0227  0.0225  0.0222  0.0223  0.0225  0.0224  0.0225  0.0230  0.0223  0.0227  0.0220  0.0221
niter,ni,del,rscale     2    3    5.0000    0.5000
parameters
   -2.0141   -9.1238   12.4438   -8.3660   -7.7923   -5.1364
   -3.2515   -1.3216    3.1517    1.8929    1.8789   -6.8477
eta,q 0.97838 10.44497
  0.0224  0.0223  0.0220  0.0221  0.0223  0.0222  0.0222  0.0225  0.0221  0.0224  0.0219  0.0220
  0.0219  0.0219  0.0218  0.0218  0.0219  0.0219  0.0219  0.0220  0.0218  0.0220  0.0217  0.0218
  0.0217  0.0217  0.0217  0.0217  0.0217  0.0217  0.0217  0.0217  0.0217  0.0217  0.0216  0.0217
  0.0216  0.0216  0.0216  0.0216  0.0216  0.0216  0.0216  0.0216  0.0216  0.0216  0.0216  0.0216
  0.0217  0.0217  0.0217  0.0217  0.0217  0.0217  0.0217  0.0217  0.0217  0.0217  0.0217  0.0216
  0.0220  0.0219  0.0218  0.0218  0.0219  0.0219  0.0219  0.0220  0.0218  0.0220  0.0217  0.0218
  0.0224  0.0223  0.0220  0.0221  0.0223  0.0222  0.0222  0.0225  0.0221  0.0224  0.0219  0.0220
niter,ni,del,rscale     1    3    5.0000    0.4000
parameters
   -2.0188   -9.1302   12.4458   -8.3614   -7.7492   -5.1064
   -3.2431   -1.3140    3.1787    1.8830    1.8436   -6.8333
eta,q 0.97838 10.44889
  0.0221  0.0220  0.0219  0.0219  0.0220  0.0220  0.0220  0.0222  0.0219  0.0221  0.0218  0.0218
  0.0218  0.0218  0.0217  0.0218  0.0218  0.0218  0.0218  0.0219  0.0218  0.0218  0.0217  0.0217
  0.0217  0.0217  0.0216  0.0216  0.0217  0.0217  0.0217  0.0217  0.0217  0.0217  0.0216  0.0216
  0.0216  0.0216  0.0216  0.0216  0.0216  0.0216  0.0216  0.0216  0.0216  0.0216  0.0216  0.0216
  0.0217  0.0217  0.0216  0.0217  0.0216  0.0216  0.0217  0.0217  0.0217  0.0217  0.0216  0.0216
  0.0218  0.0218  0.0217  0.0218  0.0218  0.0218  0.0218  0.0219  0.0218  0.0218  0.0217  0.0217
  0.0221  0.0220  0.0219  0.0219  0.0220  0.0220  0.0220  0.0222  0.0219  0.0221  0.0218  0.0218
registration optimization eta report
parameter search radius
    0.8000    0.8000    0.8000    2.4000    2.4000    2.4000
    2.4000    2.4000    2.4000    2.4000    2.4000    2.4000
100000*second partial in parameter space
       74.       66.       39.        5.        7.        6.
        7.       10.        6.        8.        3.        4.
  0.0221  0.0220  0.0219  0.0219  0.0220  0.0220  0.0220  0.0222  0.0219  0.0221  0.0218  0.0218
  0.0218  0.0218  0.0217  0.0218  0.0218  0.0218  0.0218  0.0219  0.0218  0.0218  0.0217  0.0217
  0.0217  0.0217  0.0216  0.0216  0.0217  0.0217  0.0217  0.0217  0.0217  0.0217  0.0216  0.0216
  0.0216  0.0216  0.0216  0.0216  0.0216  0.0216  0.0216  0.0216  0.0216  0.0216  0.0216  0.0216
  0.0217  0.0217  0.0216  0.0217  0.0216  0.0216  0.0217  0.0217  0.0217  0.0217  0.0216  0.0216
  0.0218  0.0218  0.0217  0.0218  0.0218  0.0218  0.0218  0.0219  0.0218  0.0218  0.0217  0.0217
  0.0221  0.0220  0.0219  0.0219  0.0220  0.0220  0.0220  0.0222  0.0219  0.0221  0.0218  0.0218
   -2.0188   -9.1302   12.4458   -8.3614   -7.7492   -5.1064
   -3.2431   -1.3140    3.1787    1.8830    1.8436   -6.8333
eta,q 0.97838 10.44889

---------------------------------------------------------------------
compute_vox2vox talsrcimg talsrcimg_to_711-2C_as_mni_average_305_t4 /opt/freesurfer/average/711-2C_as_mni_average_305
---------------------------------------------------------------------

freesurfer compute_vox2vox.c
Reading: talsrcimg.4dfp.ifh
Reading: talsrcimg_to_711-2C_as_mni_average_305_t4
Reading: /opt/freesurfer/average/711-2C_as_mni_average_305.4dfp.ifh
Writing: talsrcimg_to_711-2C_as_mni_average_305_t4_vox2vox.txt

start time Wed Mar 11 04:42:56 CET 2026
end		time Wed Mar 11 04:44:26 CET 2026

mpr2mni305 success

avi2talxfm orig_nu.mgz /opt/freesurfer/average/mni305.cor.mgz talsrcimg_to_711-2C_as_mni_average_305_t4_vox2vox.txt transforms/talairach.auto.xfm
avi2talxfm done
mv -f /out/sourcedata/freesurfer/sub-v2s13x29126_ses-1/mri/talsrcimg_to_711-2C_as_mni_average_305_t4_vox2vox.txt /out/sourcedata/freesurfer/sub-v2s13x29126_ses-1/mri/transforms/talsrcimg_to_711-2C_as_mni_average_305_t4_vox2vox.txt
lta_convert --src orig_nu.mgz --trg /opt/freesurfer/average/mni305.cor.mgz --inxfm transforms/talairach.auto.xfm --outlta transforms/talairach.auto.xfm.lta --subject fsaverage
7.3.2

--src: orig_nu.mgz src image (geometry).
--trg: /opt/freesurfer/average/mni305.cor.mgz trg image (geometry).
--inmni: transforms/talairach.auto.xfm input MNI/XFM transform.
--outlta: transforms/talairach.auto.xfm.lta output LTA.
--s: fsaverage subject name
 LTA read, type : 1
 1.08959   0.01431   0.03936  -0.84047;
-0.02384   1.05195   0.07708  -17.18428;
-0.03706  -0.02197   1.08107  -24.00409;
 0.00000   0.00000   0.00000   1.00000;
setting subject to fsaverage
Writing  LTA to file transforms/talairach.auto.xfm.lta...
lta_convert successful.
 
 
Started at Wed Mar 11 04:42:56 CET 2026
Ended   at Wed Mar 11 04:44:26 CET 2026
talairach_avi done
