status file for recon-all
Wed Mar 11 03:15:17 CET 2026
#@# MotionCor Wed Mar 11 03:15:19 CET 2026
#@# Talairach Wed Mar 11 03:15:28 CET 2026
#@# Talairach Failure Detection Wed Mar 11 03:19:50 CET 2026
#@# Nu Intensity Correction Wed Mar 11 03:19:50 CET 2026
#@# Intensity Normalization Wed Mar 11 03:23:04 CET 2026
recon-all -s sub-v2s13x29103_ses-1 finished without error at Wed Mar 11 03:24:34 CET 2026



#New# invocation of recon-all 



status file for recon-all
Wed Mar 11 03:32:02 CET 2026
#@# EM Registration Wed Mar 11 03:32:02 CET 2026
recon-all -s sub-v2s13x29103_ses-1 finished without error at Wed Mar 11 03:33:25 CET 2026



#New# invocation of recon-all 



status file for recon-all
Wed Mar 11 03:33:29 CET 2026
#@# CA Normalize Wed Mar 11 03:33:29 CET 2026
#@# CA Reg Wed Mar 11 03:34:47 CET 2026
#@# SubCort Seg Wed Mar 11 04:20:52 CET 2026
#@# CC Seg Wed Mar 11 04:57:07 CET 2026
#@# Merge ASeg Wed Mar 11 04:57:41 CET 2026
#@# Intensity Normalization2 Wed Mar 11 04:57:41 CET 2026
#@# Mask BFS Wed Mar 11 04:59:49 CET 2026
#@# WM Segmentation Wed Mar 11 04:59:50 CET 2026
#@# Fill Wed Mar 11 05:01:59 CET 2026
recon-all -s sub-v2s13x29103_ses-1 finished without error at Wed Mar 11 05:03:01 CET 2026



#New# invocation of recon-all 



status file for recon-all
Wed Mar 11 05:53:04 CET 2026
#@# white curv lh Wed Mar 11 05:53:04 CET 2026
#@# white area lh Wed Mar 11 05:53:04 CET 2026
#@# pial curv lh Wed Mar 11 05:53:04 CET 2026
#@# pial area lh Wed Mar 11 05:53:04 CET 2026
#@# thickness lh Wed Mar 11 05:53:04 CET 2026
#@# area and vertex vol lh Wed Mar 11 05:53:04 CET 2026
#@# white curv rh Wed Mar 11 05:53:04 CET 2026
#@# white area rh Wed Mar 11 05:53:04 CET 2026
#@# pial curv rh Wed Mar 11 05:53:04 CET 2026
#@# pial area rh Wed Mar 11 05:53:04 CET 2026
#@# thickness rh Wed Mar 11 05:53:04 CET 2026
#@# area and vertex vol rh Wed Mar 11 05:53:04 CET 2026
#@# Cortical ribbon mask Wed Mar 11 05:53:04 CET 2026
recon-all -s sub-v2s13x29103_ses-1 finished without error at Wed Mar 11 06:00:23 CET 2026



#New# invocation of recon-all 



status file for recon-all
Wed Mar 11 06:08:16 CET 2026
#@# white curv lh Wed Mar 11 06:08:16 CET 2026
#@# white area lh Wed Mar 11 06:08:16 CET 2026
#@# pial curv lh Wed Mar 11 06:08:16 CET 2026
#@# pial area lh Wed Mar 11 06:08:16 CET 2026
#@# thickness lh Wed Mar 11 06:08:16 CET 2026
#@# area and vertex vol lh Wed Mar 11 06:08:16 CET 2026
#@# white curv rh Wed Mar 11 06:08:16 CET 2026
#@# white area rh Wed Mar 11 06:08:16 CET 2026
#@# pial curv rh Wed Mar 11 06:08:16 CET 2026
#@# pial area rh Wed Mar 11 06:08:16 CET 2026
#@# thickness rh Wed Mar 11 06:08:16 CET 2026
#@# area and vertex vol rh Wed Mar 11 06:08:16 CET 2026
#@# Curvature Stats lh Wed Mar 11 06:08:16 CET 2026
#@# Curvature Stats rh Wed Mar 11 06:08:19 CET 2026
#@# Relabel Hypointensities Wed Mar 11 06:08:22 CET 2026
#@# APas-to-ASeg Wed Mar 11 06:08:41 CET 2026
#@# AParc-to-ASeg aparc Wed Mar 11 06:08:51 CET 2026
#@# AParc-to-ASeg aparc.a2009s Wed Mar 11 06:09:38 CET 2026
#@# AParc-to-ASeg aparc.DKTatlas Wed Mar 11 06:10:25 CET 2026
#@# WMParc Wed Mar 11 06:11:11 CET 2026
#@# ASeg Stats Wed Mar 11 06:14:55 CET 2026
recon-all -s sub-v2s13x29103_ses-1 finished without error at Wed Mar 11 06:15:28 CET 2026
