status file for recon-all
Wed Mar 11 05:28:26 CET 2026
#@# Tessellate rh Wed Mar 11 05:28:26 CET 2026
#@# Smooth1 rh Wed Mar 11 05:28:30 CET 2026
#@# Inflation1 rh Wed Mar 11 05:28:33 CET 2026
#@# QSphere rh Wed Mar 11 05:29:25 CET 2026
#@# Fix Topology rh Wed Mar 11 05:30:31 CET 2026
#@# Smooth2 rh Wed Mar 11 05:37:04 CET 2026
#@# Inflation2 rh Wed Mar 11 05:37:08 CET 2026
#@# Curv .H and .K rh Wed Mar 11 05:37:25 CET 2026
#@# Sphere rh Wed Mar 11 05:38:26 CET 2026
#@# Surf Reg rh Wed Mar 11 05:39:46 CET 2026
#@# Jacobian white rh Wed Mar 11 05:44:03 CET 2026
#@# AvgCurv rh Wed Mar 11 05:44:04 CET 2026
#@# Cortical Parc rh Wed Mar 11 05:44:05 CET 2026
#@# white curv rh Wed Mar 11 05:51:39 CET 2026
#@# white area rh Wed Mar 11 05:51:41 CET 2026
#@# pial curv rh Wed Mar 11 05:51:42 CET 2026
#@# pial area rh Wed Mar 11 05:51:44 CET 2026
#@# thickness rh Wed Mar 11 05:51:45 CET 2026
#@# area and vertex vol rh Wed Mar 11 05:52:23 CET 2026
#@# Curvature Stats rh Wed Mar 11 05:52:25 CET 2026
#@# Cortical Parc 2 rh Wed Mar 11 05:52:28 CET 2026
#@# Cortical Parc 3 rh Wed Mar 11 05:52:44 CET 2026
#@# WM/GM Contrast rh Wed Mar 11 05:52:55 CET 2026
recon-all -s sub-v2s13x29103_ses-1 finished without error at Wed Mar 11 05:53:00 CET 2026



#New# invocation of recon-all 



status file for recon-all
Wed Mar 11 06:04:20 CET 2026
#@# white curv rh Wed Mar 11 06:04:20 CET 2026
#@# white area rh Wed Mar 11 06:04:20 CET 2026
#@# pial curv rh Wed Mar 11 06:04:20 CET 2026
#@# pial area rh Wed Mar 11 06:04:20 CET 2026
#@# thickness rh Wed Mar 11 06:04:20 CET 2026
#@# area and vertex vol rh Wed Mar 11 06:04:20 CET 2026
#@# Parcellation Stats rh Wed Mar 11 06:04:20 CET 2026
#@# Parcellation Stats 2 rh Wed Mar 11 06:04:48 CET 2026
#@# Parcellation Stats 3 rh Wed Mar 11 06:05:02 CET 2026
#@# BA_exvivo Labels rh Wed Mar 11 06:05:15 CET 2026
recon-all -s sub-v2s13x29103_ses-1 finished without error at Wed Mar 11 06:08:13 CET 2026
