status file for recon-all
Wed Mar 11 05:03:07 CET 2026
#@# Tessellate lh Wed Mar 11 05:03:07 CET 2026
#@# Smooth1 lh Wed Mar 11 05:03:11 CET 2026
#@# Inflation1 lh Wed Mar 11 05:03:14 CET 2026
#@# QSphere lh Wed Mar 11 05:04:10 CET 2026
#@# Fix Topology lh Wed Mar 11 05:05:25 CET 2026
#@# Smooth2 lh Wed Mar 11 05:11:21 CET 2026
#@# Inflation2 lh Wed Mar 11 05:11:24 CET 2026
#@# Curv .H and .K lh Wed Mar 11 05:11:43 CET 2026
#@# Sphere lh Wed Mar 11 05:12:42 CET 2026
#@# Surf Reg lh Wed Mar 11 05:15:36 CET 2026
#@# Jacobian white lh Wed Mar 11 05:19:41 CET 2026
#@# AvgCurv lh Wed Mar 11 05:19:42 CET 2026
#@# Cortical Parc lh Wed Mar 11 05:19:43 CET 2026
#@# white curv lh Wed Mar 11 05:27:04 CET 2026
#@# white area lh Wed Mar 11 05:27:06 CET 2026
#@# pial curv lh Wed Mar 11 05:27:07 CET 2026
#@# pial area lh Wed Mar 11 05:27:09 CET 2026
#@# thickness lh Wed Mar 11 05:27:10 CET 2026
#@# area and vertex vol lh Wed Mar 11 05:27:48 CET 2026
#@# Curvature Stats lh Wed Mar 11 05:27:49 CET 2026
#@# Cortical Parc 2 lh Wed Mar 11 05:27:52 CET 2026
#@# Cortical Parc 3 lh Wed Mar 11 05:28:07 CET 2026
#@# WM/GM Contrast lh Wed Mar 11 05:28:19 CET 2026
recon-all -s sub-v2s13x29103_ses-1 finished without error at Wed Mar 11 05:28:24 CET 2026



#New# invocation of recon-all 



status file for recon-all
Wed Mar 11 06:00:30 CET 2026
#@# white curv lh Wed Mar 11 06:00:30 CET 2026
#@# white area lh Wed Mar 11 06:00:30 CET 2026
#@# pial curv lh Wed Mar 11 06:00:30 CET 2026
#@# pial area lh Wed Mar 11 06:00:30 CET 2026
#@# thickness lh Wed Mar 11 06:00:30 CET 2026
#@# area and vertex vol lh Wed Mar 11 06:00:30 CET 2026
#@# Parcellation Stats lh Wed Mar 11 06:00:30 CET 2026
#@# Parcellation Stats 2 lh Wed Mar 11 06:00:56 CET 2026
#@# Parcellation Stats 3 lh Wed Mar 11 06:01:10 CET 2026
#@# BA_exvivo Labels lh Wed Mar 11 06:01:23 CET 2026
recon-all -s sub-v2s13x29103_ses-1 finished without error at Wed Mar 11 06:04:18 CET 2026
