status file for recon-all
Wed Mar 11 06:35:42 CET 2026
#@# Tessellate lh Wed Mar 11 06:35:42 CET 2026
#@# Smooth1 lh Wed Mar 11 06:35:46 CET 2026
#@# Inflation1 lh Wed Mar 11 06:35:50 CET 2026
#@# QSphere lh Wed Mar 11 06:37:09 CET 2026
#@# Fix Topology lh Wed Mar 11 06:38:43 CET 2026
#@# Smooth2 lh Wed Mar 11 06:46:22 CET 2026
#@# Inflation2 lh Wed Mar 11 06:46:25 CET 2026
#@# Curv .H and .K lh Wed Mar 11 06:47:00 CET 2026
#@# Sphere lh Wed Mar 11 06:47:57 CET 2026
#@# Surf Reg lh Wed Mar 11 06:52:35 CET 2026
#@# Jacobian white lh Wed Mar 11 06:59:06 CET 2026
#@# AvgCurv lh Wed Mar 11 06:59:07 CET 2026
#@# Cortical Parc lh Wed Mar 11 06:59:08 CET 2026
#@# white curv lh Wed Mar 11 07:07:14 CET 2026
#@# white area lh Wed Mar 11 07:07:16 CET 2026
#@# pial curv lh Wed Mar 11 07:07:17 CET 2026
#@# pial area lh Wed Mar 11 07:07:19 CET 2026
#@# thickness lh Wed Mar 11 07:07:20 CET 2026
#@# area and vertex vol lh Wed Mar 11 07:07:57 CET 2026
#@# Curvature Stats lh Wed Mar 11 07:07:59 CET 2026
#@# Cortical Parc 2 lh Wed Mar 11 07:08:02 CET 2026
#@# Cortical Parc 3 lh Wed Mar 11 07:08:17 CET 2026
#@# WM/GM Contrast lh Wed Mar 11 07:08:29 CET 2026
recon-all -s sub-v2s13x29125_ses-1 finished without error at Wed Mar 11 07:08:34 CET 2026



#New# invocation of recon-all 



status file for recon-all
Wed Mar 11 07:47:12 CET 2026
#@# white curv lh Wed Mar 11 07:47:12 CET 2026
#@# white area lh Wed Mar 11 07:47:12 CET 2026
#@# pial curv lh Wed Mar 11 07:47:12 CET 2026
#@# pial area lh Wed Mar 11 07:47:12 CET 2026
#@# thickness lh Wed Mar 11 07:47:13 CET 2026
#@# area and vertex vol lh Wed Mar 11 07:47:13 CET 2026
#@# Parcellation Stats lh Wed Mar 11 07:47:13 CET 2026
#@# Parcellation Stats 2 lh Wed Mar 11 07:47:45 CET 2026
#@# Parcellation Stats 3 lh Wed Mar 11 07:47:59 CET 2026
#@# BA_exvivo Labels lh Wed Mar 11 07:48:16 CET 2026
recon-all -s sub-v2s13x29125_ses-1 finished without error at Wed Mar 11 07:51:40 CET 2026
