/out/sourcedata/freesurfer/sub-v2s13x29103_ses-1/mri
/opt/freesurfer/bin/talairach_avi
--i orig_nu.mgz --xfm transforms/talairach.auto.xfm
talairach_avi 7.3.2
Linux dna013 5.14.0-427.37.1.el9_4.x86_64 #1 SMP PREEMPT_DYNAMIC Fri Sep 13 12:41:50 EDT 2024 x86_64 x86_64 x86_64 GNU/Linux
Wed Mar 11 03:18:23 CET 2026
mri_convert orig_nu.mgz talsrcimg.img 
reading from orig_nu.mgz...
TR=0.00, TE=0.00, TI=0.00, flip angle=0.00
i_ras = (-1, -4.85907e-11, 3.23938e-11)
j_ras = (0, 0, -1)
k_ras = (-3.23938e-11, 1, -1.65856e-08)
writing to talsrcimg.img...
Analyze Output Matrix
-0.89844   0.00000  -0.00000   116.33617;
-0.00000   0.00000   0.89844  -113.58911;
 0.00000  -0.89844  -0.00000   128.22003;
 0.00000   0.00000   0.00000   1.00000;
--------------------
INFO: set hdr.hist.orient to -1
mpr2mni305 talsrcimg
Wed Mar 11 03:18:23 CET 2026
/opt/freesurfer/bin/mpr2mni305 talsrcimg
mpr2mni305 7.3.2
target=711-2C_as_mni_average_305

---------------------------------------------------------------------
analyzeto4dfp talsrcimg -O0 -y
---------------------------------------------------------------------

freesurfer ifh2hdr.c
Wed Mar 11 03:18:23 2026
Writing: talsrcimg.4dfp.hdr
freesurfer analyzeto4dfp.c
Reading: talsrcimg.hdr
header size 348 bytes
hdr.dime.datatype	offset=70	value=2
hdr.dime.bitpix		offset=72	value=8
hdr.hist.orient		offset=252	value=-1
dimensionality     4
dimensions       256       256       256         1
Reading: talsrcimg.img
Writing: talsrcimg.4dfp.img
Writing: talsrcimg.4dfp.ifh
ifh2hdr talsrcimg -r0to254
ori=2

---------------------------------------------------------------------
gauss_4dfp talsrcimg 1.1
---------------------------------------------------------------------

freesurfer gauss_4dfp.c
Reading: talsrcimg.4dfp.img
Writing: talsrcimg_g11.4dfp.img
image dimensions 256 256 256 padded to 288 288 288
processing volume 1freesurfer ifh2hdr.c
Wed Mar 11 03:18:25 2026
Writing: talsrcimg_g11.4dfp.hdr

Writing: talsrcimg_g11.4dfp.ifh
including: talsrcimg.4dfp.img.rec in talsrcimg_g11.4dfp.img.rec

---------------------------------------------------------------------
imgreg_4dfp /opt/freesurfer/average/711-2C_as_mni_average_305 none talsrcimg_g11 none talsrcimg_to_711-2C_as_mni_average_305_t4 4355
---------------------------------------------------------------------

freesurfer imgreg_4dfp.c
/opt/freesurfer/average/711-2C_as_mni_average_305.4dfp.img
       256       256       256         1
  1.000000  1.000000  1.000000
orientation T byte_order littleendian
Reading image: /opt/freesurfer/average/711-2C_as_mni_average_305.4dfp.img
dimensions:      256       256       256
mmppix:       1.0000   -1.0000   -1.0000
center:     128.0000 -129.0000 -129.0000
talsrcimg_g11.4dfp.img
       256       256       256         1
  0.898438  0.898438  0.898438
orientation T byte_order littleendian
Reading image: talsrcimg_g11.4dfp.img
dimensions:      256       256       256
mmppix:       0.8984   -0.8984   -0.8984
center:     115.0001 -115.8985 -115.8985
t4_read: open error in t4_sub.f l:  41 t4_file(1:l)talsrcimg_to_711-2C_as_mni_average_305_t4 
t4_read: transform initialized to I4
rotation matrix determinant  1.000000
image alignment mode   4355 decimal     1103 hex
   -7.5000  -45.0000  -45.0000 6514.9214   14.2908
    0.0000  -45.0000  -45.0000 6592.0483   14.2895
    7.5000  -45.0000  -45.0000 6231.8936   14.2805
   -7.5000  -37.5000  -45.0000 6878.1992   15.2066
    0.0000  -37.5000  -45.0000 6980.7021   15.2069
    7.5000  -37.5000  -45.0000 6585.1533   15.1954
   -7.5000  -30.0000  -45.0000 7240.8403   15.7138
    0.0000  -30.0000  -45.0000 7352.2930   15.7161
    7.5000  -30.0000  -45.0000 6931.6172   15.7098
   -7.5000  -22.5000  -45.0000 7734.7803   15.7266
    0.0000  -22.5000  -45.0000 7836.8159   15.7295
    7.5000  -22.5000  -45.0000 7384.9155   15.7302
   -7.5000  -15.0000  -45.0000 8187.3950   15.7086
    0.0000  -15.0000  -45.0000 8286.0430   15.7091
    7.5000  -15.0000  -45.0000 7835.4102   15.7098
   -7.5000   -7.5000  -45.0000 8313.2920   15.6773
    0.0000   -7.5000  -45.0000 8400.2686   15.6758
    7.5000   -7.5000  -45.0000 7944.3926   15.6719
   -7.5000    0.0000  -45.0000 8294.1719   15.6655
    0.0000    0.0000  -45.0000 8416.0029   15.6640
    7.5000    0.0000  -45.0000 7917.9175   15.6541
   -7.5000    7.5000  -45.0000 7858.3027   15.6860
    0.0000    7.5000  -45.0000 7965.8613   15.6863
    7.5000    7.5000  -45.0000 7491.9009   15.6744
   -7.5000   15.0000  -45.0000 7572.6543   15.7138
    0.0000   15.0000  -45.0000 7656.7275   15.7161
    7.5000   15.0000  -45.0000 7211.1919   15.7098
   -7.5000   22.5000  -45.0000 6910.0347   15.5151
    0.0000   22.5000  -45.0000 6992.7617   15.5179
    7.5000   22.5000  -45.0000 6567.0298   15.5186
   -7.5000   30.0000  -45.0000 6307.8911   15.0982
    0.0000   30.0000  -45.0000 6392.3203   15.0987
    7.5000   30.0000  -45.0000 5997.5786   15.0994
   -7.5000   37.5000  -45.0000 5790.5713   14.9804
    0.0000   37.5000  -45.0000 5857.6431   14.9838
    7.5000   37.5000  -45.0000 5508.6177   14.9794
   -7.5000   45.0000  -45.0000 5269.6963   14.9250
    0.0000   45.0000  -45.0000 5325.0391   14.9303
    7.5000   45.0000  -45.0000 5003.3901   14.9199
   -7.5000  -45.0000  -37.5000 7096.3418   15.0336
    0.0000  -45.0000  -37.5000 7180.5273   15.0187
    7.5000  -45.0000  -37.5000 6775.5977   15.0117
   -7.5000  -37.5000  -37.5000 7464.5562   15.9937
    0.0000  -37.5000  -37.5000 7574.1792   15.9805
    7.5000  -37.5000  -37.5000 7142.9087   15.9738
   -7.5000  -30.0000  -37.5000 7868.9800   16.4926
    0.0000  -30.0000  -37.5000 7998.3916   16.4818
    7.5000  -30.0000  -37.5000 7510.5874   16.4816
   -7.5000  -22.5000  -37.5000 8395.5361   16.5091
    0.0000  -22.5000  -37.5000 8507.3203   16.4989
    7.5000  -22.5000  -37.5000 8015.2100   16.5038
   -7.5000  -15.0000  -37.5000 8875.4512   16.5007
    0.0000  -15.0000  -37.5000 8968.7578   16.4874
    7.5000  -15.0000  -37.5000 8489.7314   16.4896
   -7.5000   -7.5000  -37.5000 8982.1172   16.4747
    0.0000   -7.5000  -37.5000 9056.0029   16.4585
    7.5000   -7.5000  -37.5000 8576.2256   16.4552
   -7.5000    0.0000  -37.5000 8953.5400   16.4586
    0.0000    0.0000  -37.5000 9047.4658   16.4423
    7.5000    0.0000  -37.5000 8527.4150   16.4347
   -7.5000    7.5000  -37.5000 8480.4570   16.4689
    0.0000    7.5000  -37.5000 8581.8330   16.4553
    7.5000    7.5000  -37.5000 8074.8252   16.4484
   -7.5000   15.0000  -37.5000 8153.2827   16.4918
    0.0000   15.0000  -37.5000 8253.1035   16.4810
    7.5000   15.0000  -37.5000 7757.7842   16.4808
   -7.5000   22.5000  -37.5000 7425.3901   16.2884
    0.0000   22.5000  -37.5000 7499.5693   16.2783
    7.5000   22.5000  -37.5000 7064.8667   16.2832
   -7.5000   30.0000  -37.5000 6779.1699   15.8713
    0.0000   30.0000  -37.5000 6857.4692   15.8586
    7.5000   30.0000  -37.5000 6434.0249   15.8607
   -7.5000   37.5000  -37.5000 6194.4419   15.7533
    0.0000   37.5000  -37.5000 6277.2617   15.7451
    7.5000   37.5000  -37.5000 5896.1396   15.7419
   -7.5000   45.0000  -37.5000 5624.2754   15.6732
    0.0000   45.0000  -37.5000 5679.3867   15.6676
    7.5000   45.0000  -37.5000 5337.6738   15.6607
   -7.5000  -45.0000  -30.0000 7684.9609   15.7170
    0.0000  -45.0000  -30.0000 7761.9009   15.6925
    7.5000  -45.0000  -30.0000 7321.1885   15.6813
   -7.5000  -37.5000  -30.0000 8076.5239   16.7269
    0.0000  -37.5000  -30.0000 8162.1118   16.7041
    7.5000  -37.5000  -30.0000 7706.9302   16.6935
   -7.5000  -30.0000  -30.0000 8504.6230   17.2297
    0.0000  -30.0000  -30.0000 8612.5537   17.2100
    7.5000  -30.0000  -30.0000 8122.2988   17.2056
   -7.5000  -22.5000  -30.0000 9057.4209   17.2528
    0.0000  -22.5000  -30.0000 9171.3662   17.2342
    7.5000  -22.5000  -30.0000 8638.0732   17.2342
   -7.5000  -15.0000  -30.0000 9569.4932   17.2442
    0.0000  -15.0000  -30.0000 9658.6426   17.2220
    7.5000  -15.0000  -30.0000 9128.5938   17.2191
   -7.5000   -7.5000  -30.0000 9649.2744   17.2117
    0.0000   -7.5000  -30.0000 9739.7412   17.1857
    7.5000   -7.5000  -30.0000 9206.5381   17.1775
   -7.5000    0.0000  -30.0000 9587.7607   17.1889
    0.0000    0.0000  -30.0000 9674.2012   17.1621
    7.5000    0.0000  -30.0000 9135.2705   17.1499
   -7.5000    7.5000  -30.0000 9071.9980   17.1978
    0.0000    7.5000  -30.0000 9168.6270   17.1744
    7.5000    7.5000  -30.0000 8620.4160   17.1635
   -7.5000   15.0000  -30.0000 8709.2314   17.2273
    0.0000   15.0000  -30.0000 8798.4355   17.2077
    7.5000   15.0000  -30.0000 8280.3809   17.2033
   -7.5000   22.5000  -30.0000 7926.1084   17.0229
    0.0000   22.5000  -30.0000 7983.2827   17.0046
    7.5000   22.5000  -30.0000 7532.1167   17.0045
   -7.5000   30.0000  -30.0000 7228.2451   16.5987
    0.0000   30.0000  -30.0000 7302.7017   16.5776
    7.5000   30.0000  -30.0000 6871.3716   16.5747
   -7.5000   37.5000  -30.0000 6594.3096   16.4806
    0.0000   37.5000  -30.0000 6660.1753   16.4644
    7.5000   37.5000  -30.0000 6271.0815   16.4563
   -7.5000   45.0000  -30.0000 5980.4214   16.3946
    0.0000   45.0000  -30.0000 6036.6045   16.3798
    7.5000   45.0000  -30.0000 5669.3647   16.3695
   -7.5000  -45.0000  -22.5000 8245.4336   16.3623
    0.0000  -45.0000  -22.5000 8346.9893   16.3427
    7.5000  -45.0000  -22.5000 7868.4424   16.3276
   -7.5000  -37.5000  -22.5000 8662.3281   17.4309
    0.0000  -37.5000  -22.5000 8764.5869   17.4132
    7.5000  -37.5000  -22.5000 8273.4609   17.3961
   -7.5000  -30.0000  -22.5000 9132.5244   17.9448
    0.0000  -30.0000  -22.5000 9224.0059   17.9305
    7.5000  -30.0000  -22.5000 8707.1582   17.9183
   -7.5000  -22.5000  -22.5000 9704.1777   17.9734
    0.0000  -22.5000  -22.5000 9827.9297   17.9601
    7.5000  -22.5000  -22.5000 9258.5566   17.9535
   -7.5000  -15.0000  -22.500010252.8740   17.9570
    0.0000  -15.0000  -22.500010371.9141   17.9404
    7.5000  -15.0000  -22.5000 9776.3789   17.9333
   -7.5000   -7.5000  -22.500010330.0332   17.9121
    0.0000   -7.5000  -22.500010455.2217   17.8917
    7.5000   -7.5000  -22.5000 9868.0186   17.8805
   -7.5000    0.0000  -22.500010241.4766   17.8844
    0.0000    0.0000  -22.500010346.6787   17.8630
    7.5000    0.0000  -22.5000 9756.3936   17.8466
   -7.5000    7.5000  -22.5000 9655.6211   17.8993
    0.0000    7.5000  -22.5000 9763.2451   17.8812
    7.5000    7.5000  -22.5000 9193.4492   17.8636
   -7.5000   15.0000  -22.5000 9249.2676   17.9405
    0.0000   15.0000  -22.5000 9337.9941   17.9262
    7.5000   15.0000  -22.5000 8831.7812   17.9140
   -7.5000   22.5000  -22.5000 8423.1729   17.7355
    0.0000   22.5000  -22.5000 8479.7188   17.7224
    7.5000   22.5000  -22.5000 8020.1738   17.7159
   -7.5000   30.0000  -22.5000 7667.9717   17.2973
    0.0000   30.0000  -22.5000 7705.5386   17.2814
    7.5000   30.0000  -22.5000 7290.1392   17.2744
   -7.5000   37.5000  -22.5000 6987.7349   17.1754
    0.0000   37.5000  -22.5000 7015.7373   17.1635
    7.5000   37.5000  -22.5000 6612.6538   17.1519
   -7.5000   45.0000  -22.5000 6329.9595   17.1050
    0.0000   45.0000  -22.5000 6374.5107   17.0932
    7.5000   45.0000  -22.5000 6002.2202   17.0785
   -7.5000  -45.0000  -15.0000 8763.9717   16.9180
    0.0000  -45.0000  -15.0000 8865.0596   16.9151
    7.5000  -45.0000  -15.0000 8375.2246   16.8989
   -7.5000  -37.5000  -15.0000 9231.3311   18.0307
    0.0000  -37.5000  -15.0000 9322.2598   18.0300
    7.5000  -37.5000  -15.0000 8809.8896   18.0092
   -7.5000  -30.0000  -15.0000 9726.9717   18.5506
    0.0000  -30.0000  -15.0000 9819.2734   18.5527
    7.5000  -30.0000  -15.0000 9284.6230   18.5363
   -7.5000  -22.5000  -15.000010320.3477   18.5773
    0.0000  -22.5000  -15.000010466.7588   18.5798
    7.5000  -22.5000  -15.0000 9848.5176   18.5715
   -7.5000  -15.0000  -15.000010891.6680   18.5512
    0.0000  -15.0000  -15.000011052.2725   18.5512
    7.5000  -15.0000  -15.000010382.3408   18.5446
   -7.5000   -7.5000  -15.000010978.9199   18.4988
    0.0000   -7.5000  -15.000011155.9883   18.4963
    7.5000   -7.5000  -15.000010499.6416   18.4858
   -7.5000    0.0000  -15.000010855.6465   18.4740
    0.0000    0.0000  -15.000010994.9014   18.4708
    7.5000    0.0000  -15.000010348.0967   18.4531
   -7.5000    7.5000  -15.000010222.5928   18.4973
    0.0000    7.5000  -15.000010334.9482   18.4966
    7.5000    7.5000  -15.0000 9728.9746   18.4752
   -7.5000   15.0000  -15.0000 9791.8506   18.5449
    0.0000   15.0000  -15.0000 9882.3818   18.5470
    7.5000   15.0000  -15.0000 9339.3984   18.5306
   -7.5000   22.5000  -15.0000 8905.4541   18.3343
    0.0000   22.5000  -15.0000 8964.5059   18.3368
    7.5000   22.5000  -15.0000 8485.0283   18.3286
   -7.5000   30.0000  -15.0000 8097.8428   17.8825
    0.0000   30.0000  -15.0000 8119.5137   17.8824
    7.5000   30.0000  -15.0000 7686.1084   17.8760
   -7.5000   37.5000  -15.0000 7349.6973   17.7630
    0.0000   37.5000  -15.0000 7379.8936   17.7659
    7.5000   37.5000  -15.0000 6957.3140   17.7543
   -7.5000   45.0000  -15.0000 6649.9805   17.7107
    0.0000   45.0000  -15.0000 6699.4287   17.7133
    7.5000   45.0000  -15.0000 6308.4771   17.6960
   -7.5000  -45.0000   -7.5000 9027.3789   16.9190
    0.0000  -45.0000   -7.5000 9107.6270   16.9257
    7.5000  -45.0000   -7.5000 8618.8906   16.9125
   -7.5000  -37.5000   -7.5000 9504.4629   18.0333
    0.0000  -37.5000   -7.5000 9604.3525   18.0420
    7.5000  -37.5000   -7.5000 9080.5176   18.0237
   -7.5000  -30.0000   -7.500010020.6738   18.5487
    0.0000  -30.0000   -7.500010132.4424   18.5596
    7.5000  -30.0000   -7.5000 9563.5244   18.5463
   -7.5000  -22.5000   -7.500010626.8828   18.5690
    0.0000  -22.5000   -7.500010787.2881   18.5805
    7.5000  -22.5000   -7.500010128.4980   18.5763
   -7.5000  -15.0000   -7.500011190.8984   18.5414
    0.0000  -15.0000   -7.500011375.0508   18.5508
    7.5000  -15.0000   -7.500010679.6816   18.5487
   -7.5000   -7.5000   -7.500011288.5293   18.4936
    0.0000   -7.5000   -7.500011456.9590   18.5013
    7.5000   -7.5000   -7.500010781.7773   18.4947
   -7.5000    0.0000   -7.500011095.9404   18.4751
    0.0000    0.0000   -7.500011254.7686   18.4824
    7.5000    0.0000   -7.500010593.1426   18.4680
   -7.5000    7.5000   -7.500010427.3584   18.4999
    0.0000    7.5000   -7.500010552.7393   18.5089
    7.5000    7.5000   -7.5000 9938.0420   18.4901
   -7.5000   15.0000   -7.5000 9990.4531   18.5430
    0.0000   15.0000   -7.500010103.7520   18.5539
    7.5000   15.0000   -7.5000 9535.0771   18.5406
   -7.5000   22.5000   -7.5000 9082.0371   18.3261
    0.0000   22.5000   -7.5000 9177.6084   18.3374
    7.5000   22.5000   -7.5000 8663.2471   18.3333
   -7.5000   30.0000   -7.5000 8257.6406   17.8726
    0.0000   30.0000   -7.5000 8318.2852   17.8816
    7.5000   30.0000   -7.5000 7846.4243   17.8796
   -7.5000   37.5000   -7.5000 7504.0513   17.7581
    0.0000   37.5000   -7.5000 7558.6089   17.7698
    7.5000   37.5000   -7.5000 7117.2275   17.7620
   -7.5000   45.0000   -7.5000 6764.4834   17.7054
    0.0000   45.0000   -7.5000 6815.4419   17.7176
    7.5000   45.0000   -7.5000 6415.3521   17.7025
   -7.5000  -45.0000    0.0000 9096.3857   17.3668
    0.0000  -45.0000    0.0000 9181.7686   17.3669
    7.5000  -45.0000    0.0000 8685.1562   17.3586
   -7.5000  -37.5000    0.0000 9550.9209   18.4952
    0.0000  -37.5000    0.0000 9632.8125   18.4972
    7.5000  -37.5000    0.0000 9132.3975   18.4861
   -7.5000  -30.0000    0.000010131.6455   19.0007
    0.0000  -30.0000    0.000010219.7363   19.0048
    7.5000  -30.0000    0.0000 9657.0078   19.0000
   -7.5000  -22.5000    0.000010818.2373   19.0172
    0.0000  -22.5000    0.000011008.7686   19.0219
    7.5000  -22.5000    0.000010282.5293   19.0253
   -7.5000  -15.0000    0.000011388.9990   18.9976
    0.0000  -15.0000    0.000011638.5928   18.9998
    7.5000  -15.0000    0.000010840.0674   19.0030
   -7.5000   -7.5000    0.000011425.1543   18.9606
    0.0000   -7.5000    0.000011624.3037   18.9607
    7.5000   -7.5000    0.000010883.5879   18.9585
   -7.5000    0.0000    0.000011151.3174   18.9453
    0.0000    0.0000    0.000011307.3330   18.9454
    7.5000    0.0000    0.000010627.2285   18.9363
   -7.5000    7.5000    0.000010437.3174   18.9613
    0.0000    7.5000    0.000010567.2861   18.9633
    7.5000    7.5000    0.0000 9926.0938   18.9519
   -7.5000   15.0000    0.000010018.8105   18.9940
    0.0000   15.0000    0.000010154.3887   18.9981
    7.5000   15.0000    0.0000 9529.0840   18.9933
   -7.5000   22.5000    0.0000 9118.8750   18.7711
    0.0000   22.5000    0.0000 9230.4785   18.7758
    7.5000   22.5000    0.0000 8663.9316   18.7791
   -7.5000   30.0000    0.0000 8300.7432   18.3237
    0.0000   30.0000    0.0000 8378.4395   18.3258
    7.5000   30.0000    0.0000 7868.5229   18.3289
   -7.5000   37.5000    0.0000 7544.9321   18.2302
    0.0000   37.5000    0.0000 7607.3853   18.2361
    7.5000   37.5000    0.0000 7160.1602   18.2333
   -7.5000   45.0000    0.0000 6763.1475   18.1853
    0.0000   45.0000    0.0000 6822.9941   18.1936
    7.5000   45.0000    0.0000 6419.0771   18.1838
   -7.5000  -45.0000    7.5000 8790.2344   17.3941
    0.0000  -45.0000    7.5000 8870.4385   17.3772
    7.5000  -45.0000    7.5000 8403.0820   17.3690
   -7.5000  -37.5000    7.5000 9212.3359   18.5146
    0.0000  -37.5000    7.5000 9264.0137   18.4997
    7.5000  -37.5000    7.5000 8814.7607   18.4919
   -7.5000  -30.0000    7.5000 9837.5127   19.0144
    0.0000  -30.0000    7.5000 9941.8203   19.0023
    7.5000  -30.0000    7.5000 9373.1611   19.0021
   -7.5000  -22.5000    7.500010623.2783   19.0332
    0.0000  -22.5000    7.500010889.3184   19.0218
    7.5000  -22.5000    7.500010071.9766   19.0275
   -7.5000  -15.0000    7.500011250.1992   19.0233
    0.0000  -15.0000    7.500011550.4678   19.0082
    7.5000  -15.0000    7.500010642.0303   19.0108
   -7.5000   -7.5000    7.500011197.9287   18.9933
    0.0000   -7.5000    7.500011393.8555   18.9749
    7.5000   -7.5000    7.500010614.9717   18.9711
   -7.5000    0.0000    7.500010854.3037   18.9750
    0.0000    0.0000    7.500010980.9893   18.9565
    7.5000    0.0000    7.500010299.9902   18.9476
   -7.5000    7.5000    7.500010100.6768   18.9812
    0.0000    7.5000    7.500010209.8389   18.9659
    7.5000    7.5000    7.5000 9577.6709   18.9579
   -7.5000   15.0000    7.5000 9684.7354   19.0076
    0.0000   15.0000    7.5000 9783.7158   18.9956
    7.5000   15.0000    7.5000 9172.3926   18.9954
   -7.5000   22.5000    7.5000 8815.2627   18.7869
    0.0000   22.5000    7.5000 8909.2695   18.7757
    7.5000   22.5000    7.5000 8355.2305   18.7813
   -7.5000   30.0000    7.5000 8009.3022   18.3492
    0.0000   30.0000    7.5000 8076.4697   18.3348
    7.5000   30.0000    7.5000 7583.9204   18.3373
   -7.5000   37.5000    7.5000 7269.2471   18.2636
    0.0000   37.5000    7.5000 7320.6152   18.2543
    7.5000   37.5000    7.5000 6866.1719   18.2505
   -7.5000   45.0000    7.5000 6512.2803   18.2147
    0.0000   45.0000    7.5000 6567.5562   18.2084
    7.5000   45.0000    7.5000 6164.4282   18.2003
   -7.5000  -45.0000   15.0000 8785.9580   17.4152
    0.0000  -45.0000   15.0000 8849.5205   17.3881
    7.5000  -45.0000   15.0000 8390.8154   17.3755
   -7.5000  -37.5000   15.0000 9202.1572   18.5367
    0.0000  -37.5000   15.0000 9240.2109   18.5115
    7.5000  -37.5000   15.0000 8790.9932   18.4994
   -7.5000  -30.0000   15.0000 9800.9805   19.0431
    0.0000  -30.0000   15.0000 9896.5635   19.0215
    7.5000  -30.0000   15.0000 9333.3955   19.0164
   -7.5000  -22.5000   15.000010599.4932   19.0686
    0.0000  -22.5000   15.000010793.3604   19.0481
    7.5000  -22.5000   15.000010017.1943   19.0478
   -7.5000  -15.0000   15.000011283.4736   19.0590
    0.0000  -15.0000   15.000011500.5107   19.0345
    7.5000  -15.0000   15.000010587.8848   19.0311
   -7.5000   -7.5000   15.000011274.2344   19.0231
    0.0000   -7.5000   15.000011401.6191   18.9944
    7.5000   -7.5000   15.000010589.7412   18.9851
   -7.5000    0.0000   15.000010883.0059   18.9980
    0.0000    0.0000   15.000010969.4004   18.9684
    7.5000    0.0000   15.000010275.0977   18.9547
   -7.5000    7.5000   15.000010062.6650   19.0038
    0.0000    7.5000   15.000010133.5430   18.9780
    7.5000    7.5000   15.0000 9524.1748   18.9656
   -7.5000   15.0000   15.0000 9626.5547   19.0364
    0.0000   15.0000   15.0000 9691.1904   19.0148
    7.5000   15.0000   15.0000 9115.8721   19.0096
   -7.5000   22.5000   15.0000 8786.7939   18.8218
    0.0000   22.5000   15.0000 8855.6484   18.8016
    7.5000   22.5000   15.0000 8339.5361   18.8013
   -7.5000   30.0000   15.0000 7976.7617   18.3840
    0.0000   30.0000   15.0000 8047.2314   18.3605
    7.5000   30.0000   15.0000 7580.7207   18.3572
   -7.5000   37.5000   15.0000 7219.7373   18.2932
    0.0000   37.5000   15.0000 7268.9365   18.2752
    7.5000   37.5000   15.0000 6848.5703   18.2660
   -7.5000   45.0000   15.0000 6478.2056   18.2447
    0.0000   45.0000   15.0000 6526.5718   18.2282
    7.5000   45.0000   15.0000 6128.8667   18.2165
   -7.5000  -45.0000   22.5000 8367.7207   17.5285
    0.0000  -45.0000   22.5000 8431.7324   17.5074
    7.5000  -45.0000   22.5000 7973.5371   17.4913
   -7.5000  -37.5000   22.5000 8795.3281   18.6653
    0.0000  -37.5000   22.5000 8840.3711   18.6461
    7.5000  -37.5000   22.5000 8356.3154   18.6276
   -7.5000  -30.0000   22.5000 9328.3994   19.1866
    0.0000  -30.0000   22.5000 9409.8037   19.1712
    7.5000  -30.0000   22.5000 8864.2188   19.1579
   -7.5000  -22.5000   22.5000 9957.4082   19.2171
    0.0000  -22.5000   22.500010062.7842   19.2028
    7.5000  -22.5000   22.5000 9453.7402   19.1957
   -7.5000  -15.0000   22.500010506.6895   19.1992
    0.0000  -15.0000   22.500010608.0830   19.1816
    7.5000  -15.0000   22.5000 9963.2939   19.1740
   -7.5000   -7.5000   22.500010587.6592   19.1510
    0.0000   -7.5000   22.500010671.3135   19.1293
    7.5000   -7.5000   22.500010029.6641   19.1174
   -7.5000    0.0000   22.500010315.3057   19.1216
    0.0000    0.0000   22.500010402.7773   19.0986
    7.5000    0.0000   22.5000 9787.2109   19.0810
   -7.5000    7.5000   22.5000 9557.0986   19.1357
    0.0000    7.5000   22.5000 9619.6826   19.1160
    7.5000    7.5000   22.5000 9048.9736   19.0971
   -7.5000   15.0000   22.5000 9140.9971   19.1798
    0.0000   15.0000   22.5000 9193.7520   19.1644
    7.5000   15.0000   22.5000 8651.9854   19.1511
   -7.5000   22.5000   22.5000 8336.8320   18.9684
    0.0000   22.5000   22.5000 8399.4541   18.9543
    7.5000   22.5000   22.5000 7906.1348   18.9472
   -7.5000   30.0000   22.5000 7548.2983   18.5192
    0.0000   30.0000   22.5000 7611.8706   18.5022
    7.5000   30.0000   22.5000 7180.9951   18.4948
   -7.5000   37.5000   22.5000 6799.8901   18.4182
    0.0000   37.5000   22.5000 6837.2559   18.4057
    7.5000   37.5000   22.5000 6451.1714   18.3932
   -7.5000   45.0000   22.5000 6083.5190   18.3790
    0.0000   45.0000   22.5000 6118.3804   18.3662
    7.5000   45.0000   22.5000 5756.7124   18.3504
   -7.5000  -45.0000   30.0000 7870.3779   17.6735
    0.0000  -45.0000   30.0000 7922.8545   17.6689
    7.5000  -45.0000   30.0000 7476.4312   17.6510
   -7.5000  -37.5000   30.0000 8264.7812   18.8372
    0.0000  -37.5000   30.0000 8317.5156   18.8357
    7.5000  -37.5000   30.0000 7865.6362   18.8122
   -7.5000  -30.0000   30.0000 8734.1270   19.3718
    0.0000  -30.0000   30.0000 8797.6182   19.3743
    7.5000  -30.0000   30.0000 8309.8018   19.3559
   -7.5000  -22.5000   30.0000 9279.6533   19.3996
    0.0000  -22.5000   30.0000 9313.8955   19.4030
    7.5000  -22.5000   30.0000 8816.3320   19.3939
   -7.5000  -15.0000   30.0000 9766.2988   19.3722
    0.0000  -15.0000   30.0000 9785.5000   19.3722
    7.5000  -15.0000   30.0000 9282.6309   19.3653
   -7.5000   -7.5000   30.0000 9866.5410   19.3175
    0.0000   -7.5000   30.0000 9895.8838   19.3137
    7.5000   -7.5000   30.0000 9375.1299   19.3024
   -7.5000    0.0000   30.0000 9650.5244   19.2916
    0.0000    0.0000   30.0000 9691.9814   19.2866
    7.5000    0.0000   30.0000 9178.0020   19.2670
   -7.5000    7.5000   30.0000 8966.6299   19.3152
    0.0000    7.5000   30.0000 8991.6699   19.3137
    7.5000    7.5000   30.0000 8513.9697   19.2896
   -7.5000   15.0000   30.0000 8596.8691   19.3649
    0.0000   15.0000   30.0000 8636.0557   19.3674
    7.5000   15.0000   30.0000 8142.4624   19.3490
   -7.5000   22.5000   30.0000 7821.9189   19.1468
    0.0000   22.5000   30.0000 7861.5991   19.1502
    7.5000   22.5000   30.0000 7395.9272   19.1412
   -7.5000   30.0000   30.0000 7047.4541   18.6932
    0.0000   30.0000   30.0000 7099.3335   18.6931
    7.5000   30.0000   30.0000 6684.5659   18.6864
   -7.5000   37.5000   30.0000 6322.7070   18.5932
    0.0000   37.5000   30.0000 6354.0698   18.5953
    7.5000   37.5000   30.0000 5987.1450   18.5829
   -7.5000   45.0000   30.0000 5656.9751   18.5639
    0.0000   45.0000   30.0000 5673.5161   18.5650
    7.5000   45.0000   30.0000 5340.3916   18.5458
   -7.5000  -45.0000   37.5000 7333.9253   17.7792
    0.0000  -45.0000   37.5000 7400.0117   17.7875
    7.5000  -45.0000   37.5000 6991.8320   17.7748
   -7.5000  -37.5000   37.5000 7717.0664   18.9615
    0.0000  -37.5000   37.5000 7783.8003   18.9725
    7.5000  -37.5000   37.5000 7356.0132   18.9538
   -7.5000  -30.0000   37.5000 8148.6948   19.4854
    0.0000  -30.0000   37.5000 8215.8838   19.4980
    7.5000  -30.0000   37.5000 7749.7563   19.4849
   -7.5000  -22.5000   37.5000 8637.1162   19.5030
    0.0000  -22.5000   37.5000 8680.0527   19.5149
    7.5000  -22.5000   37.5000 8218.2939   19.5124
   -7.5000  -15.0000   37.5000 9083.4238   19.4678
    0.0000  -15.0000   37.5000 9117.7666   19.4769
    7.5000  -15.0000   37.5000 8638.3066   19.4771
   -7.5000   -7.5000   37.5000 9174.2275   19.4156
    0.0000   -7.5000   37.5000 9202.1182   19.4236
    7.5000   -7.5000   37.5000 8720.6973   19.4190
   -7.5000    0.0000   37.5000 8993.7832   19.3997
    0.0000    0.0000   37.5000 9019.5596   19.4087
    7.5000    0.0000   37.5000 8554.5527   19.3948
   -7.5000    7.5000   37.5000 8358.8652   19.4306
    0.0000    7.5000   37.5000 8375.8096   19.4419
    7.5000    7.5000   37.5000 7954.6094   19.4227
   -7.5000   15.0000   37.5000 8016.8252   19.4783
    0.0000   15.0000   37.5000 8045.1660   19.4909
    7.5000   15.0000   37.5000 7617.9849   19.4778
   -7.5000   22.5000   37.5000 7310.4585   19.2456
    0.0000   22.5000   37.5000 7335.3433   19.2573
    7.5000   22.5000   37.5000 6926.9570   19.2548
   -7.5000   30.0000   37.5000 6581.2480   18.7817
    0.0000   30.0000   37.5000 6611.9302   18.7903
    7.5000   30.0000   37.5000 6241.3267   18.7906
   -7.5000   37.5000   37.5000 5881.0879   18.6774
    0.0000   37.5000   37.5000 5910.6729   18.6900
    7.5000   37.5000   37.5000 5567.3105   18.6838
   -7.5000   45.0000   37.5000 5248.9277   18.6342
    0.0000   45.0000   37.5000 5269.7939   18.6483
    7.5000   45.0000   37.5000 4966.7021   18.6328
   -7.5000  -45.0000   45.0000 6801.0273   17.9819
    0.0000  -45.0000   45.0000 6870.7676   17.9808
    7.5000  -45.0000   45.0000 6494.9326   17.9740
   -7.5000  -37.5000   45.0000 7150.4326   19.1758
    0.0000  -37.5000   45.0000 7226.8081   19.1769
    7.5000  -37.5000   45.0000 6832.9727   19.1666
   -7.5000  -30.0000   45.0000 7547.7798   19.6751
    0.0000  -30.0000   45.0000 7614.8999   19.6761
    7.5000  -30.0000   45.0000 7201.8428   19.6710
   -7.5000  -22.5000   45.0000 7982.7520   19.6831
    0.0000  -22.5000   45.0000 8025.0615   19.6816
    7.5000  -22.5000   45.0000 7614.4858   19.6841
   -7.5000  -15.0000   45.0000 8399.1523   19.6516
    0.0000  -15.0000   45.0000 8430.6885   19.6468
    7.5000  -15.0000   45.0000 8000.3950   19.6499
   -7.5000   -7.5000   45.0000 8493.5225   19.6117
    0.0000   -7.5000   45.0000 8512.0898   19.6072
    7.5000   -7.5000   45.0000 8073.1597   19.6061
   -7.5000    0.0000   45.0000 8353.1396   19.6039
    0.0000    0.0000   45.0000 8369.3818   19.6027
    7.5000    0.0000   45.0000 7934.7842   19.5952
   -7.5000    7.5000   45.0000 7754.9644   19.6313
    0.0000    7.5000   45.0000 7772.1797   19.6325
    7.5000    7.5000   45.0000 7367.3252   19.6220
   -7.5000   15.0000   45.0000 7436.0713   19.6678
    0.0000   15.0000   45.0000 7474.3179   19.6688
    7.5000   15.0000   45.0000 7068.0239   19.6637
   -7.5000   22.5000   45.0000 6774.3354   19.4207
    0.0000   22.5000   45.0000 6812.1133   19.4192
    7.5000   22.5000   45.0000 6431.6719   19.4217
   -7.5000   30.0000   45.0000 6111.8950   18.9532
    0.0000   30.0000   45.0000 6144.2920   18.9485
    7.5000   30.0000   45.0000 5787.9170   18.9516
   -7.5000   37.5000   45.0000 5468.5645   18.8451
    0.0000   37.5000   45.0000 5491.3037   18.8479
    7.5000   37.5000   45.0000 5175.8799   18.8459
   -7.5000   45.0000   45.0000 4883.6938   18.7811
    0.0000   45.0000   45.0000 4891.7656   18.7883
    7.5000   45.0000   45.0000 4620.6089   18.7803

---------------------------------------------------------------------
imgreg_4dfp /opt/freesurfer/average/711-2C_as_mni_average_305 /opt/freesurfer/average/711-2B_as_mni_average_305_mask talsrcimg_g11 none talsrcimg_to_711-2C_as_mni_average_305_t4 4355
---------------------------------------------------------------------

freesurfer imgreg_4dfp.c
/opt/freesurfer/average/711-2C_as_mni_average_305.4dfp.img
       256       256       256         1
  1.000000  1.000000  1.000000
orientation T byte_order littleendian
Reading image: /opt/freesurfer/average/711-2C_as_mni_average_305.4dfp.img
dimensions:      256       256       256
mmppix:       1.0000   -1.0000   -1.0000
center:     128.0000 -129.0000 -129.0000
/opt/freesurfer/average/711-2B_as_mni_average_305_mask.4dfp.img
       256       256       256         1
  1.000000  1.000000  1.000000
orientation T byte_order littleendian
Reading mask: /opt/freesurfer/average/711-2B_as_mni_average_305_mask.4dfp.img (2306576 pixels)
talsrcimg_g11.4dfp.img
       256       256       256         1
  0.898438  0.898438  0.898438
orientation T byte_order littleendian
Reading image: talsrcimg_g11.4dfp.img
dimensions:      256       256       256
mmppix:       0.8984   -0.8984   -0.8984
center:     115.0001 -115.8985 -115.8985
rotation matrix determinant  1.000000
image alignment mode   4355 decimal     1103 hex
   -7.5000  -60.0000  -45.0000 1836.5001   18.4591
    0.0000  -60.0000  -45.0000 1845.5793   18.4856
    7.5000  -60.0000  -45.0000 1826.9415   18.6665
   -7.5000  -52.5000  -45.0000 1936.8370   16.7853
    0.0000  -52.5000  -45.0000 1943.6130   16.7888
    7.5000  -52.5000  -45.0000 1922.5123   16.9395
   -7.5000  -45.0000  -45.0000 2021.6636   15.7813
    0.0000  -45.0000  -45.0000 2027.3907   15.8142
    7.5000  -45.0000  -45.0000 2005.9604   15.9078
   -7.5000  -37.5000  -45.0000 2066.2112   15.0542
    0.0000  -37.5000  -45.0000 2080.2710   15.0508
    7.5000  -37.5000  -45.0000 2051.9033   15.1689
   -7.5000  -30.0000  -45.0000 2081.5598   14.5926
    0.0000  -30.0000  -45.0000 2097.8430   14.5833
    7.5000  -30.0000  -45.0000 2071.9587   14.7288
   -7.5000  -22.5000  -45.0000 2084.8337   14.3406
    0.0000  -22.5000  -45.0000 2097.0801   14.3253
    7.5000  -22.5000  -45.0000 2072.4277   14.4775
   -7.5000  -15.0000  -45.0000 2079.5183   14.3789
    0.0000  -15.0000  -45.0000 2093.7554   14.3031
    7.5000  -15.0000  -45.0000 2070.6184   14.4269
   -7.5000   -7.5000  -45.0000 2070.6409   14.6894
    0.0000   -7.5000  -45.0000 2085.8301   14.6194
    7.5000   -7.5000  -45.0000 2055.2781   14.7714
   -7.5000    0.0000  -45.0000 2038.9669   15.2624
    0.0000    0.0000  -45.0000 2057.5991   15.2249
    7.5000    0.0000  -45.0000 2024.7147   15.3771
   -7.5000    7.5000  -45.0000 1993.3335   16.1553
    0.0000    7.5000  -45.0000 2007.2296   16.1198
    7.5000    7.5000  -45.0000 1974.6306   16.2795
   -7.5000   15.0000  -45.0000 1924.7336   17.3684
    0.0000   15.0000  -45.0000 1937.5897   17.3454
    7.5000   15.0000  -45.0000 1907.3107   17.5162
   -7.5000   22.5000  -45.0000 1841.6938   18.9661
    0.0000   22.5000  -45.0000 1854.2908   18.8880
    7.5000   22.5000  -45.0000 1822.3110   19.1853
   -7.5000   30.0000  -45.0000 1740.1749   21.1529
    0.0000   30.0000  -45.0000 1752.3849   21.1137
    7.5000   30.0000  -45.0000 1718.5657   21.4194
   -7.5000  -60.0000  -37.5000 1977.3700   18.1741
    0.0000  -60.0000  -37.5000 1988.7997   18.1727
    7.5000  -60.0000  -37.5000 1967.2910   18.3578
   -7.5000  -52.5000  -37.5000 2089.2776   16.5097
    0.0000  -52.5000  -37.5000 2096.2505   16.5031
    7.5000  -52.5000  -37.5000 2073.6414   16.5986
   -7.5000  -45.0000  -37.5000 2188.2676   15.4761
    0.0000  -45.0000  -37.5000 2198.1377   15.4621
    7.5000  -45.0000  -37.5000 2169.7556   15.5710
   -7.5000  -37.5000  -37.5000 2234.2583   14.7155
    0.0000  -37.5000  -37.5000 2251.2290   14.6657
    7.5000  -37.5000  -37.5000 2218.5957   14.8011
   -7.5000  -30.0000  -37.5000 2255.8313   14.2085
    0.0000  -30.0000  -37.5000 2275.8601   14.1882
    7.5000  -30.0000  -37.5000 2239.5508   14.3263
   -7.5000  -22.5000  -37.5000 2263.3169   14.0075
    0.0000  -22.5000  -37.5000 2275.1101   13.9778
    7.5000  -22.5000  -37.5000 2246.6113   14.1080
   -7.5000  -15.0000  -37.5000 2258.5742   14.0502
    0.0000  -15.0000  -37.5000 2267.2820   13.9699
    7.5000  -15.0000  -37.5000 2247.0935   14.1315
   -7.5000   -7.5000  -37.5000 2240.4070   14.3326
    0.0000   -7.5000  -37.5000 2255.0132   14.2574
    7.5000   -7.5000  -37.5000 2225.3315   14.4232
   -7.5000    0.0000  -37.5000 2208.3855   14.8970
    0.0000    0.0000  -37.5000 2227.1240   14.8238
    7.5000    0.0000  -37.5000 2191.3391   15.0040
   -7.5000    7.5000  -37.5000 2154.5103   15.7555
    0.0000    7.5000  -37.5000 2171.7122   15.7059
    7.5000    7.5000  -37.5000 2136.1357   15.8860
   -7.5000   15.0000  -37.5000 2083.1091   16.9625
    0.0000   15.0000  -37.5000 2097.0967   16.9290
    7.5000   15.0000  -37.5000 2060.6985   17.1222
   -7.5000   22.5000  -37.5000 1992.7871   18.5580
    0.0000   22.5000  -37.5000 2001.8403   18.5285
    7.5000   22.5000  -37.5000 1970.4463   18.7720
   -7.5000   30.0000  -37.5000 1884.1521   20.6861
    0.0000   30.0000  -37.5000 1895.7924   20.7079
    7.5000   30.0000  -37.5000 1859.2327   20.9402
   -7.5000  -60.0000  -30.0000 2103.2627   17.8242
    0.0000  -60.0000  -30.0000 2121.9927   17.7910
    7.5000  -60.0000  -30.0000 2097.4346   17.9373
   -7.5000  -52.5000  -30.0000 2221.2883   16.1196
    0.0000  -52.5000  -30.0000 2237.4036   16.0755
    7.5000  -52.5000  -30.0000 2210.6482   16.2326
   -7.5000  -45.0000  -30.0000 2331.9072   15.0712
    0.0000  -45.0000  -30.0000 2344.3416   15.0024
    7.5000  -45.0000  -30.0000 2312.3379   15.1168
   -7.5000  -37.5000  -30.0000 2383.2922   14.2661
    0.0000  -37.5000  -30.0000 2396.2876   14.1852
    7.5000  -37.5000  -30.0000 2366.8489   14.3338
   -7.5000  -30.0000  -30.0000 2413.2954   13.7733
    0.0000  -30.0000  -30.0000 2431.5593   13.6958
    7.5000  -30.0000  -30.0000 2395.0356   13.8651
   -7.5000  -22.5000  -30.0000 2428.2026   13.5451
    0.0000  -22.5000  -30.0000 2443.7161   13.4766
    7.5000  -22.5000  -30.0000 2410.7209   13.6401
   -7.5000  -15.0000  -30.0000 2432.2844   13.5929
    0.0000  -15.0000  -30.0000 2441.4092   13.4872
    7.5000  -15.0000  -30.0000 2417.7317   13.6687
   -7.5000   -7.5000  -30.0000 2409.7407   13.8904
    0.0000   -7.5000  -30.0000 2429.2830   13.7798
    7.5000   -7.5000  -30.0000 2394.1890   13.9578
   -7.5000    0.0000  -30.0000 2372.2866   14.4409
    0.0000    0.0000  -30.0000 2397.1460   14.3494
    7.5000    0.0000  -30.0000 2358.9365   14.5009
   -7.5000    7.5000  -30.0000 2313.8979   15.2564
    0.0000    7.5000  -30.0000 2333.9604   15.1879
    7.5000    7.5000  -30.0000 2291.1943   15.3539
   -7.5000   15.0000  -30.0000 2230.1353   16.4151
    0.0000   15.0000  -30.0000 2248.2769   16.3584
    7.5000   15.0000  -30.0000 2208.5183   16.5251
   -7.5000   22.5000  -30.0000 2127.4944   17.9701
    0.0000   22.5000  -30.0000 2140.7065   17.9259
    7.5000   22.5000  -30.0000 2106.0962   18.1288
   -7.5000   30.0000  -30.0000 2009.3015   20.0248
    0.0000   30.0000  -30.0000 2027.7620   19.9751
    7.5000   30.0000  -30.0000 1991.7446   20.1875
   -7.5000  -60.0000  -22.5000 2206.5415   17.2370
    0.0000  -60.0000  -22.5000 2227.3635   17.2101
    7.5000  -60.0000  -22.5000 2199.9226   17.3860
   -7.5000  -52.5000  -22.5000 2330.9028   15.5401
    0.0000  -52.5000  -22.5000 2347.6431   15.4845
    7.5000  -52.5000  -22.5000 2321.9458   15.6321
   -7.5000  -45.0000  -22.5000 2447.0054   14.4759
    0.0000  -45.0000  -22.5000 2465.1248   14.3930
    7.5000  -45.0000  -22.5000 2429.7036   14.5317
   -7.5000  -37.5000  -22.5000 2507.7527   13.6634
    0.0000  -37.5000  -22.5000 2525.3315   13.5998
    7.5000  -37.5000  -22.5000 2491.8384   13.7461
   -7.5000  -30.0000  -22.5000 2549.6125   13.1556
    0.0000  -30.0000  -22.5000 2563.8215   13.0547
    7.5000  -30.0000  -22.5000 2530.7087   13.2292
   -7.5000  -22.5000  -22.5000 2580.4006   12.9163
    0.0000  -22.5000  -22.5000 2596.9902   12.8344
    7.5000  -22.5000  -22.5000 2558.1753   12.9956
   -7.5000  -15.0000  -22.5000 2588.1370   12.9528
    0.0000  -15.0000  -22.5000 2605.0764   12.8725
    7.5000  -15.0000  -22.5000 2569.5281   13.0476
   -7.5000   -7.5000  -22.5000 2569.6218   13.2610
    0.0000   -7.5000  -22.5000 2596.9014   13.1648
    7.5000   -7.5000  -22.5000 2554.7434   13.3411
   -7.5000    0.0000  -22.5000 2528.7307   13.8307
    0.0000    0.0000  -22.5000 2559.6479   13.7280
    7.5000    0.0000  -22.5000 2510.9917   13.9023
   -7.5000    7.5000  -22.5000 2457.3333   14.6344
    0.0000    7.5000  -22.5000 2482.7090   14.5473
    7.5000    7.5000  -22.5000 2439.4309   14.6973
   -7.5000   15.0000  -22.5000 2362.6306   15.7468
    0.0000   15.0000  -22.5000 2384.9036   15.6632
    7.5000   15.0000  -22.5000 2346.7759   15.8307
   -7.5000   22.5000  -22.5000 2248.0840   17.2531
    0.0000   22.5000  -22.5000 2266.0930   17.1877
    7.5000   22.5000  -22.5000 2233.1665   17.4029
   -7.5000   30.0000  -22.5000 2123.9351   19.1764
    0.0000   30.0000  -22.5000 2139.4663   19.0900
    7.5000   30.0000  -22.5000 2108.6733   19.3106
   -7.5000  -60.0000  -15.0000 2271.2549   16.5497
    0.0000  -60.0000  -15.0000 2295.7026   16.4799
    7.5000  -60.0000  -15.0000 2272.6130   16.7069
   -7.5000  -52.5000  -15.0000 2399.6848   14.8652
    0.0000  -52.5000  -15.0000 2418.3765   14.7879
    7.5000  -52.5000  -15.0000 2398.1101   14.9772
   -7.5000  -45.0000  -15.0000 2528.7407   13.7859
    0.0000  -45.0000  -15.0000 2550.7493   13.7043
    7.5000  -45.0000  -15.0000 2518.8904   13.8791
   -7.5000  -37.5000  -15.0000 2607.4038   13.0107
    0.0000  -37.5000  -15.0000 2626.6812   12.9272
    7.5000  -37.5000  -15.0000 2592.4851   13.0914
   -7.5000  -30.0000  -15.0000 2660.7146   12.5039
    0.0000  -30.0000  -15.0000 2677.1829   12.4013
    7.5000  -30.0000  -15.0000 2646.6858   12.5757
   -7.5000  -22.5000  -15.0000 2699.7720   12.2242
    0.0000  -22.5000  -15.0000 2725.5439   12.1553
    7.5000  -22.5000  -15.0000 2680.8110   12.3301
   -7.5000  -15.0000  -15.0000 2720.9858   12.2583
    0.0000  -15.0000  -15.0000 2743.5723   12.1907
    7.5000  -15.0000  -15.0000 2693.0161   12.3682
   -7.5000   -7.5000  -15.0000 2702.8096   12.5542
    0.0000   -7.5000  -15.0000 2732.1924   12.4695
    7.5000   -7.5000  -15.0000 2682.4697   12.6633
   -7.5000    0.0000  -15.0000 2657.1804   13.1178
    0.0000    0.0000  -15.0000 2683.5962   13.0319
    7.5000    0.0000  -15.0000 2632.5955   13.2170
   -7.5000    7.5000  -15.0000 2578.4089   13.9322
    0.0000    7.5000  -15.0000 2599.7810   13.8453
    7.5000    7.5000  -15.0000 2555.0627   14.0091
   -7.5000   15.0000  -15.0000 2472.1116   15.0129
    0.0000   15.0000  -15.0000 2488.6267   14.9507
    7.5000   15.0000  -15.0000 2452.6360   15.1256
   -7.5000   22.5000  -15.0000 2345.9746   16.4812
    0.0000   22.5000  -15.0000 2359.4004   16.4128
    7.5000   22.5000  -15.0000 2327.9294   16.6103
   -7.5000   30.0000  -15.0000 2211.0496   18.3525
    0.0000   30.0000  -15.0000 2222.0596   18.2678
    7.5000   30.0000  -15.0000 2192.9705   18.4946
   -7.5000  -60.0000   -7.5000 2306.2275   15.8452
    0.0000  -60.0000   -7.5000 2322.5432   15.7704
    7.5000  -60.0000   -7.5000 2302.9641   15.9979
   -7.5000  -52.5000   -7.5000 2437.0586   14.1946
    0.0000  -52.5000   -7.5000 2453.0852   14.0935
    7.5000  -52.5000   -7.5000 2429.6484   14.2989
   -7.5000  -45.0000   -7.5000 2577.5503   13.1451
    0.0000  -45.0000   -7.5000 2591.8545   13.0534
    7.5000  -45.0000   -7.5000 2563.5005   13.2166
   -7.5000  -37.5000   -7.5000 2674.9097   12.3350
    0.0000  -37.5000   -7.5000 2694.1016   12.2762
    7.5000  -37.5000   -7.5000 2660.3821   12.4358
   -7.5000  -30.0000   -7.5000 2745.1553   11.8138
    0.0000  -30.0000   -7.5000 2764.3918   11.7656
    7.5000  -30.0000   -7.5000 2727.2864   11.9153
   -7.5000  -22.5000   -7.5000 2796.9800   11.5539
    0.0000  -22.5000   -7.5000 2826.0229   11.5036
    7.5000  -22.5000   -7.5000 2769.7170   11.6829
   -7.5000  -15.0000   -7.5000 2822.0740   11.5729
    0.0000  -15.0000   -7.5000 2844.6514   11.5091
    7.5000  -15.0000   -7.5000 2784.2930   11.7039
   -7.5000   -7.5000   -7.5000 2802.7078   11.8553
    0.0000   -7.5000   -7.5000 2825.0859   11.7632
    7.5000   -7.5000   -7.5000 2770.7920   11.9801
   -7.5000    0.0000   -7.5000 2736.6960   12.4016
    0.0000    0.0000   -7.5000 2763.6802   12.2967
    7.5000    0.0000   -7.5000 2712.9512   12.5002
   -7.5000    7.5000   -7.5000 2647.6685   13.1870
    0.0000    7.5000   -7.5000 2668.6790   13.1129
    7.5000    7.5000   -7.5000 2622.3608   13.3187
   -7.5000   15.0000   -7.5000 2532.4270   14.3104
    0.0000   15.0000   -7.5000 2550.2922   14.2154
    7.5000   15.0000   -7.5000 2509.5581   14.4341
   -7.5000   22.5000   -7.5000 2401.1199   15.7698
    0.0000   22.5000   -7.5000 2417.6926   15.6633
    7.5000   22.5000   -7.5000 2375.9299   15.9061
   -7.5000   30.0000   -7.5000 2256.6411   17.5666
    0.0000   30.0000   -7.5000 2272.6230   17.4581
    7.5000   30.0000   -7.5000 2235.2581   17.7126
   -7.5000  -60.0000    0.0000 2334.6663   15.5318
    0.0000  -60.0000    0.0000 2350.3491   15.4181
    7.5000  -60.0000    0.0000 2328.5920   15.7111
   -7.5000  -52.5000    0.0000 2465.5076   13.8751
    0.0000  -52.5000    0.0000 2479.3572   13.7209
    7.5000  -52.5000    0.0000 2454.5603   14.0046
   -7.5000  -45.0000    0.0000 2612.5022   12.8128
    0.0000  -45.0000    0.0000 2630.7126   12.6839
    7.5000  -45.0000    0.0000 2599.0344   12.8953
   -7.5000  -37.5000    0.0000 2721.3408   11.9706
    0.0000  -37.5000    0.0000 2747.2947   11.8817
    7.5000  -37.5000    0.0000 2713.0872   12.0710
   -7.5000  -30.0000    0.0000 2816.9441   11.4629
    0.0000  -30.0000    0.0000 2845.4321   11.3718
    7.5000  -30.0000    0.0000 2801.0444   11.5580
   -7.5000  -22.5000    0.0000 2889.0110   11.2502
    0.0000  -22.5000    0.0000 2928.8757   11.1581
    7.5000  -22.5000    0.0000 2855.0117   11.3520
   -7.5000  -15.0000    0.0000 2918.8936   11.2339
    0.0000  -15.0000    0.0000 2964.4026   11.1554
    7.5000  -15.0000    0.0000 2876.7117   11.3561
   -7.5000   -7.5000    0.0000 2886.6794   11.4879
    0.0000   -7.5000    0.0000 2915.1917   11.3986
    7.5000   -7.5000    0.0000 2844.7104   11.6098
   -7.5000    0.0000    0.0000 2803.4146   11.9780
    0.0000    0.0000    0.0000 2830.7319   11.8760
    7.5000    0.0000    0.0000 2773.9160   12.0919
   -7.5000    7.5000    0.0000 2705.9236   12.7885
    0.0000    7.5000    0.0000 2729.0215   12.6746
    7.5000    7.5000    0.0000 2676.1130   12.8898
   -7.5000   15.0000    0.0000 2578.1628   13.9360
    0.0000   15.0000    0.0000 2601.6987   13.8384
    7.5000   15.0000    0.0000 2552.3323   14.0478
   -7.5000   22.5000    0.0000 2441.9402   15.3849
    0.0000   22.5000    0.0000 2463.4338   15.2788
    7.5000   22.5000    0.0000 2413.8882   15.5312
   -7.5000   30.0000    0.0000 2294.8796   17.1225
    0.0000   30.0000    0.0000 2313.8296   17.0433
    7.5000   30.0000    0.0000 2266.9380   17.3272
   -7.5000  -60.0000    7.5000 2340.8955   15.3040
    0.0000  -60.0000    7.5000 2360.2141   15.1092
    7.5000  -60.0000    7.5000 2340.3745   15.4524
   -7.5000  -52.5000    7.5000 2471.2961   13.6808
    0.0000  -52.5000    7.5000 2486.8931   13.4826
    7.5000  -52.5000    7.5000 2462.3457   13.7810
   -7.5000  -45.0000    7.5000 2621.0393   12.5720
    0.0000  -45.0000    7.5000 2643.4751   12.4218
    7.5000  -45.0000    7.5000 2609.8354   12.6783
   -7.5000  -37.5000    7.5000 2743.1013   11.7237
    0.0000  -37.5000    7.5000 2768.9390   11.5866
    7.5000  -37.5000    7.5000 2730.8799   11.8437
   -7.5000  -30.0000    7.5000 2851.4780   11.2437
    0.0000  -30.0000    7.5000 2885.6946   11.1102
    7.5000  -30.0000    7.5000 2835.4807   11.3361
   -7.5000  -22.5000    7.5000 2939.5669   11.1059
    0.0000  -22.5000    7.5000 2991.6631   11.0094
    7.5000  -22.5000    7.5000 2907.5649   11.1669
   -7.5000  -15.0000    7.5000 2980.2893   11.1118
    0.0000  -15.0000    7.5000 3049.1670   11.0784
    7.5000  -15.0000    7.5000 2933.1067   11.1970
   -7.5000   -7.5000    7.5000 2931.3774   11.2863
    0.0000   -7.5000    7.5000 2973.2244   11.2166
    7.5000   -7.5000    7.5000 2886.5005   11.4038
   -7.5000    0.0000    7.5000 2833.7444   11.7269
    0.0000    0.0000    7.5000 2863.3706   11.5991
    7.5000    0.0000    7.5000 2802.7734   11.8078
   -7.5000    7.5000    7.5000 2722.2676   12.5142
    0.0000    7.5000    7.5000 2747.8601   12.3712
    7.5000    7.5000    7.5000 2698.0527   12.5715
   -7.5000   15.0000    7.5000 2597.0176   13.6483
    0.0000   15.0000    7.5000 2617.1270   13.5149
    7.5000   15.0000    7.5000 2570.0508   13.7297
   -7.5000   22.5000    7.5000 2451.9976   15.0830
    0.0000   22.5000    7.5000 2472.7180   14.9693
    7.5000   22.5000    7.5000 2429.3098   15.2026
   -7.5000   30.0000    7.5000 2306.1077   16.8261
    0.0000   30.0000    7.5000 2317.6418   16.7443
    7.5000   30.0000    7.5000 2279.7739   17.0004
   -7.5000  -60.0000   15.0000 2342.0547   15.3094
    0.0000  -60.0000   15.0000 2369.9221   15.0786
    7.5000  -60.0000   15.0000 2344.4746   15.4214
   -7.5000  -52.5000   15.0000 2469.6326   13.6697
    0.0000  -52.5000   15.0000 2494.8250   13.4726
    7.5000  -52.5000   15.0000 2467.1238   13.7611
   -7.5000  -45.0000   15.0000 2616.5840   12.5754
    0.0000  -45.0000   15.0000 2642.1304   12.3896
    7.5000  -45.0000   15.0000 2609.6047   12.6629
   -7.5000  -37.5000   15.0000 2742.2004   11.7361
    0.0000  -37.5000   15.0000 2765.5303   11.5730
    7.5000  -37.5000   15.0000 2730.2900   11.8331
   -7.5000  -30.0000   15.0000 2854.5332   11.2385
    0.0000  -30.0000   15.0000 2884.6431   11.1026
    7.5000  -30.0000   15.0000 2835.8882   11.3429
   -7.5000  -22.5000   15.0000 2940.0312   11.0764
    0.0000  -22.5000   15.0000 2983.2668   11.0233
    7.5000  -22.5000   15.0000 2910.8040   11.1557
   -7.5000  -15.0000   15.0000 2969.1536   11.1177
    0.0000  -15.0000   15.0000 3036.6892   11.0657
    7.5000  -15.0000   15.0000 2930.0339   11.1690
   -7.5000   -7.5000   15.0000 2920.6567   11.3116
    0.0000   -7.5000   15.0000 2965.1455   11.2091
    7.5000   -7.5000   15.0000 2888.4978   11.3708
   -7.5000    0.0000   15.0000 2829.7554   11.7048
    0.0000    0.0000   15.0000 2859.3723   11.5990
    7.5000    0.0000   15.0000 2807.8467   11.7899
   -7.5000    7.5000   15.0000 2716.8591   12.4210
    0.0000    7.5000   15.0000 2739.4905   12.3109
    7.5000    7.5000   15.0000 2697.4805   12.5151
   -7.5000   15.0000   15.0000 2588.2883   13.5446
    0.0000   15.0000   15.0000 2606.3657   13.4079
    7.5000   15.0000   15.0000 2570.5964   13.6193
   -7.5000   22.5000   15.0000 2445.7310   14.9226
    0.0000   22.5000   15.0000 2459.7603   14.8173
    7.5000   22.5000   15.0000 2428.1262   15.0668
   -7.5000   30.0000   15.0000 2295.8203   16.6445
    0.0000   30.0000   15.0000 2309.4182   16.5732
    7.5000   30.0000   15.0000 2274.8787   16.8206
   -7.5000  -60.0000   22.5000 2335.1853   15.5090
    0.0000  -60.0000   22.5000 2361.3254   15.2982
    7.5000  -60.0000   22.5000 2335.8486   15.6283
   -7.5000  -52.5000   22.5000 2451.9607   13.9319
    0.0000  -52.5000   22.5000 2482.5105   13.7158
    7.5000  -52.5000   22.5000 2455.8276   14.0058
   -7.5000  -45.0000   22.5000 2601.5496   12.8862
    0.0000  -45.0000   22.5000 2627.7710   12.6741
    7.5000  -45.0000   22.5000 2595.4932   12.9334
   -7.5000  -37.5000   22.5000 2721.0435   12.0440
    0.0000  -37.5000   22.5000 2743.0024   11.8723
    7.5000  -37.5000   22.5000 2708.5630   12.1030
   -7.5000  -30.0000   22.5000 2824.3987   11.5312
    0.0000  -30.0000   22.5000 2852.5825   11.3947
    7.5000  -30.0000   22.5000 2808.3269   11.5910
   -7.5000  -22.5000   22.5000 2891.9204   11.3042
    0.0000  -22.5000   22.5000 2926.7676   11.2073
    7.5000  -22.5000   22.5000 2869.2317   11.3767
   -7.5000  -15.0000   22.5000 2911.2954   11.2530
    0.0000  -15.0000   22.5000 2956.1567   11.1359
    7.5000  -15.0000   22.5000 2884.5081   11.3554
   -7.5000   -7.5000   22.5000 2874.1731   11.4947
    0.0000   -7.5000   22.5000 2906.9326   11.3911
    7.5000   -7.5000   22.5000 2849.1440   11.5765
   -7.5000    0.0000   22.5000 2785.0200   11.9675
    0.0000    0.0000   22.5000 2817.2483   11.8787
    7.5000    0.0000   22.5000 2771.6621   12.0570
   -7.5000    7.5000   22.5000 2676.4412   12.7009
    0.0000    7.5000   22.5000 2700.8547   12.5960
    7.5000    7.5000   22.5000 2661.3025   12.7749
   -7.5000   15.0000   22.5000 2552.9580   13.7285
    0.0000   15.0000   22.5000 2569.5115   13.6203
    7.5000   15.0000   22.5000 2540.0540   13.8184
   -7.5000   22.5000   22.5000 2419.1328   15.0403
    0.0000   22.5000   22.5000 2433.6340   14.9245
    7.5000   22.5000   22.5000 2402.4856   15.1468
   -7.5000   30.0000   22.5000 2269.5430   16.7088
    0.0000   30.0000   22.5000 2287.2019   16.5776
    7.5000   30.0000   22.5000 2257.3079   16.8140
   -7.5000  -60.0000   30.0000 2311.1460   16.0286
    0.0000  -60.0000   30.0000 2332.2947   15.8238
    7.5000  -60.0000   30.0000 2305.0596   16.1379
   -7.5000  -52.5000   30.0000 2428.4409   14.3973
    0.0000  -52.5000   30.0000 2454.4775   14.2003
    7.5000  -52.5000   30.0000 2425.2412   14.5024
   -7.5000  -45.0000   30.0000 2567.9756   13.3783
    0.0000  -45.0000   30.0000 2596.5710   13.1818
    7.5000  -45.0000   30.0000 2560.7202   13.4307
   -7.5000  -37.5000   30.0000 2677.7869   12.5596
    0.0000  -37.5000   30.0000 2706.3777   12.3754
    7.5000  -37.5000   30.0000 2674.1255   12.6020
   -7.5000  -30.0000   30.0000 2768.1047   12.0374
    0.0000  -30.0000   30.0000 2799.7629   11.8749
    7.5000  -30.0000   30.0000 2755.7429   12.0839
   -7.5000  -22.5000   30.0000 2823.4358   11.7438
    0.0000  -22.5000   30.0000 2853.3674   11.5705
    7.5000  -22.5000   30.0000 2805.7068   11.7963
   -7.5000  -15.0000   30.0000 2831.7698   11.6673
    0.0000  -15.0000   30.0000 2861.6326   11.5170
    7.5000  -15.0000   30.0000 2812.0056   11.7393
   -7.5000   -7.5000   30.0000 2797.5322   11.9071
    0.0000   -7.5000   30.0000 2827.0925   11.8093
    7.5000   -7.5000   30.0000 2777.3140   11.9985
   -7.5000    0.0000   30.0000 2718.3889   12.4137
    0.0000    0.0000   30.0000 2744.0073   12.3095
    7.5000    0.0000   30.0000 2702.6726   12.4992
   -7.5000    7.5000   30.0000 2615.9963   13.1512
    0.0000    7.5000   30.0000 2635.8794   13.0447
    7.5000    7.5000   30.0000 2607.0149   13.2432
   -7.5000   15.0000   30.0000 2500.9302   14.1481
    0.0000   15.0000   30.0000 2520.4690   14.0777
    7.5000   15.0000   30.0000 2492.2427   14.2730
   -7.5000   22.5000   30.0000 2370.0740   15.4495
    0.0000   22.5000   30.0000 2388.3633   15.3392
    7.5000   22.5000   30.0000 2362.0977   15.5412
   -7.5000   30.0000   30.0000 2225.0862   17.0192
    0.0000   30.0000   30.0000 2246.3745   16.9014
    7.5000   30.0000   30.0000 2219.2988   17.1562
   -7.5000  -60.0000   37.5000 2265.8171   16.7165
    0.0000  -60.0000   37.5000 2286.0452   16.5243
    7.5000  -60.0000   37.5000 2259.0508   16.7954
   -7.5000  -52.5000   37.5000 2383.4282   15.0736
    0.0000  -52.5000   37.5000 2412.3848   14.8751
    7.5000  -52.5000   37.5000 2379.1301   15.1551
   -7.5000  -45.0000   37.5000 2518.3948   14.0481
    0.0000  -45.0000   37.5000 2548.0232   13.8322
    7.5000  -45.0000   37.5000 2515.6462   14.1058
   -7.5000  -37.5000   37.5000 2620.8379   13.2360
    0.0000  -37.5000   37.5000 2655.8745   13.0440
    7.5000  -37.5000   37.5000 2620.2493   13.2833
   -7.5000  -30.0000   37.5000 2700.0610   12.7028
    0.0000  -30.0000   37.5000 2734.7134   12.5089
    7.5000  -30.0000   37.5000 2690.1926   12.7480
   -7.5000  -22.5000   37.5000 2739.6978   12.3540
    0.0000  -22.5000   37.5000 2773.5090   12.1705
    7.5000  -22.5000   37.5000 2728.5312   12.4359
   -7.5000  -15.0000   37.5000 2743.6394   12.2527
    0.0000  -15.0000   37.5000 2774.6265   12.1041
    7.5000  -15.0000   37.5000 2728.5256   12.3362
   -7.5000   -7.5000   37.5000 2704.1218   12.5176
    0.0000   -7.5000   37.5000 2734.6484   12.3816
    7.5000   -7.5000   37.5000 2689.1743   12.6029
   -7.5000    0.0000   37.5000 2626.8599   13.0304
    0.0000    0.0000   37.5000 2654.9133   12.8761
    7.5000    0.0000   37.5000 2622.2197   13.0717
   -7.5000    7.5000   37.5000 2535.0947   13.7729
    0.0000    7.5000   37.5000 2556.8420   13.6384
    7.5000    7.5000   37.5000 2535.6528   13.8244
   -7.5000   15.0000   37.5000 2431.3489   14.7066
    0.0000   15.0000   37.5000 2451.7424   14.6265
    7.5000   15.0000   37.5000 2426.9255   14.8214
   -7.5000   22.5000   37.5000 2309.8533   16.0429
    0.0000   22.5000   37.5000 2327.5574   15.9235
    7.5000   22.5000   37.5000 2305.5164   16.1424
   -7.5000   30.0000   37.5000 2166.5571   17.6352
    0.0000   30.0000   37.5000 2186.0508   17.5272
    7.5000   30.0000   37.5000 2163.4902   17.7782
   -7.5000  -60.0000   45.0000 2194.0647   17.5383
    0.0000  -60.0000   45.0000 2221.4980   17.3327
    7.5000  -60.0000   45.0000 2191.9641   17.5740
   -7.5000  -52.5000   45.0000 2310.5137   15.8701
    0.0000  -52.5000   45.0000 2339.9070   15.6739
    7.5000  -52.5000   45.0000 2307.5557   15.9294
   -7.5000  -45.0000   45.0000 2436.9814   14.8287
    0.0000  -45.0000   45.0000 2465.6729   14.6271
    7.5000  -45.0000   45.0000 2434.7581   14.8753
   -7.5000  -37.5000   45.0000 2529.5469   13.9881
    0.0000  -37.5000   45.0000 2567.0039   13.7925
    7.5000  -37.5000   45.0000 2527.9722   14.0505
   -7.5000  -30.0000   45.0000 2598.3499   13.4216
    0.0000  -30.0000   45.0000 2633.6575   13.2305
    7.5000  -30.0000   45.0000 2591.9067   13.4815
   -7.5000  -22.5000   45.0000 2628.3489   13.0721
    0.0000  -22.5000   45.0000 2659.7539   12.8819
    7.5000  -22.5000   45.0000 2618.4231   13.1574
   -7.5000  -15.0000   45.0000 2628.9951   12.9469
    0.0000  -15.0000   45.0000 2652.9490   12.8043
    7.5000  -15.0000   45.0000 2615.5989   13.0520
   -7.5000   -7.5000   45.0000 2589.8999   13.2238
    0.0000   -7.5000   45.0000 2617.3972   13.0773
    7.5000   -7.5000   45.0000 2579.1404   13.3028
   -7.5000    0.0000   45.0000 2524.7705   13.7104
    0.0000    0.0000   45.0000 2546.6001   13.5516
    7.5000    0.0000   45.0000 2513.5159   13.7682
   -7.5000    7.5000   45.0000 2437.8335   14.4228
    0.0000    7.5000   45.0000 2453.9446   14.2746
    7.5000    7.5000   45.0000 2428.4387   14.4930
   -7.5000   15.0000   45.0000 2337.1147   15.3635
    0.0000   15.0000   45.0000 2357.4927   15.2457
    7.5000   15.0000   45.0000 2334.3506   15.4699
   -7.5000   22.5000   45.0000 2218.5786   16.7010
    0.0000   22.5000   45.0000 2238.7773   16.5741
    7.5000   22.5000   45.0000 2216.9001   16.8311
   -7.5000   30.0000   45.0000 2079.8652   18.3496
    0.0000   30.0000   45.0000 2096.6604   18.2405
    7.5000   30.0000   45.0000 2071.0496   18.4738

---------------------------------------------------------------------
imgreg_4dfp /opt/freesurfer/average/711-2C_as_mni_average_305 /opt/freesurfer/average/711-2B_as_mni_average_305_mask talsrcimg_g11 none talsrcimg_to_711-2C_as_mni_average_305_t4 1283
---------------------------------------------------------------------

freesurfer imgreg_4dfp.c
/opt/freesurfer/average/711-2C_as_mni_average_305.4dfp.img
       256       256       256         1
  1.000000  1.000000  1.000000
orientation T byte_order littleendian
Reading image: /opt/freesurfer/average/711-2C_as_mni_average_305.4dfp.img
dimensions:      256       256       256
mmppix:       1.0000   -1.0000   -1.0000
center:     128.0000 -129.0000 -129.0000
/opt/freesurfer/average/711-2B_as_mni_average_305_mask.4dfp.img
       256       256       256         1
  1.000000  1.000000  1.000000
orientation T byte_order littleendian
Reading mask: /opt/freesurfer/average/711-2B_as_mni_average_305_mask.4dfp.img (2306576 pixels)
talsrcimg_g11.4dfp.img
       256       256       256         1
  0.898438  0.898438  0.898438
orientation T byte_order littleendian
Reading image: talsrcimg_g11.4dfp.img
dimensions:      256       256       256
mmppix:       0.8984   -0.8984   -0.8984
center:     115.0001 -115.8985 -115.8985
rotation matrix determinant  1.000000
fimgreg.f
image alignment mode   1283 decimal      503 hex
parameters
    0.0000  -15.0000    7.5000    0.0000    0.0000    0.0000
eta,q 0.95555 11.06257
niter,ni,del,rscale     5    3   12.0000    1.2000
parameter  3 -0.569398 -> -0.500000 qaram    1.1500
parameter  4  0.570802 ->  0.500000 qaram    1.1500
parameters
   -1.2916  -15.7303   10.9500   -3.4500    1.9236    0.3162
eta,q 0.96201 10.98632
  0.0582  0.0546  0.0624  0.0419  0.0563  0.0488
  0.0495  0.0487  0.0557  0.0403  0.0504  0.0440
  0.0454  0.0459  0.0499  0.0404  0.0448  0.0399
  0.0467  0.0453  0.0453  0.0420  0.0401  0.0380
  0.0530  0.0475  0.0426  0.0449  0.0380  0.0388
  0.0616  0.0530  0.0422  0.0485  0.0397  0.0421
  0.0714  0.0605  0.0447  0.0516  0.0449  0.0472
niter,ni,del,rscale     6    3   12.0000    1.2000
parameters
   -1.7179  -14.6761   10.2018   -2.9843    2.0923    0.3299
eta,q 0.96240 11.00767
  0.0595  0.0628  0.0516  0.0510  0.0511  0.0470
  0.0478  0.0510  0.0442  0.0440  0.0453  0.0426
  0.0398  0.0419  0.0390  0.0390  0.0404  0.0389
  0.0380  0.0378  0.0378  0.0377  0.0377  0.0376
  0.0435  0.0387  0.0415  0.0389  0.0388  0.0387
  0.0538  0.0430  0.0498  0.0425  0.0437  0.0423
  0.0647  0.0495  0.0585  0.0472  0.0504  0.0471
niter,ni,del,rscale     5    3   12.0000    1.2000
parameters
   -1.7542  -14.6335   10.1440   -2.9336    2.1212    0.3314
eta,q 0.96237 11.00817
  0.0625  0.0552  0.0543  0.0496  0.0507  0.0470
  0.0502  0.0451  0.0467  0.0426  0.0449  0.0425
  0.0410  0.0388  0.0404  0.0385  0.0401  0.0389
  0.0376  0.0376  0.0376  0.0376  0.0376  0.0376
  0.0420  0.0402  0.0396  0.0395  0.0392  0.0388
  0.0515  0.0458  0.0465  0.0435  0.0443  0.0424
  0.0622  0.0536  0.0556  0.0482  0.0510  0.0471
registration optimization eta report
parameter search radius
    6.0000    6.0000    6.9000    6.9000    6.0000    6.0000
100000*second partial in parameter space
       67.       47.       36.       24.       36.       26.
  0.0625  0.0552  0.0543  0.0496  0.0507  0.0470
  0.0502  0.0451  0.0467  0.0426  0.0449  0.0425
  0.0410  0.0388  0.0404  0.0385  0.0401  0.0389
  0.0376  0.0376  0.0376  0.0376  0.0376  0.0376
  0.0420  0.0402  0.0396  0.0395  0.0392  0.0388
  0.0515  0.0458  0.0465  0.0435  0.0443  0.0424
  0.0622  0.0536  0.0556  0.0482  0.0510  0.0471
   -1.7542  -14.6335   10.1440   -2.9336    2.1212    0.3314
eta,q 0.96237 11.00817

---------------------------------------------------------------------
imgreg_4dfp /opt/freesurfer/average/711-2C_as_mni_average_305 /opt/freesurfer/average/711-2B_as_mni_average_305_mask talsrcimg_g11 none talsrcimg_to_711-2C_as_mni_average_305_t4 3335
---------------------------------------------------------------------

freesurfer imgreg_4dfp.c
/opt/freesurfer/average/711-2C_as_mni_average_305.4dfp.img
       256       256       256         1
  1.000000  1.000000  1.000000
orientation T byte_order littleendian
Reading image: /opt/freesurfer/average/711-2C_as_mni_average_305.4dfp.img
dimensions:      256       256       256
mmppix:       1.0000   -1.0000   -1.0000
center:     128.0000 -129.0000 -129.0000
/opt/freesurfer/average/711-2B_as_mni_average_305_mask.4dfp.img
       256       256       256         1
  1.000000  1.000000  1.000000
orientation T byte_order littleendian
Reading mask: /opt/freesurfer/average/711-2B_as_mni_average_305_mask.4dfp.img (2306576 pixels)
talsrcimg_g11.4dfp.img
       256       256       256         1
  0.898438  0.898438  0.898438
orientation T byte_order littleendian
Reading image: talsrcimg_g11.4dfp.img
dimensions:      256       256       256
mmppix:       0.8984   -0.8984   -0.8984
center:     115.0001 -115.8985 -115.8985
fimgreg.f
image alignment mode   3335 decimal      D07 hex
parameters
   -1.7542  -14.6335   10.1440   -0.0702   -0.1316   -0.1995
   -0.3882   -3.7260    0.5780    5.0964    3.7013   -5.1143
eta,q 0.96254 11.08080
niter,ni,del,rscale     5    3    5.0000    1.2000
parameter  4  0.718242 ->  0.500000 qaram    1.1500
parameter  5  1.521081 ->  0.500000 qaram    1.1500
parameter  6  0.588983 ->  0.500000 qaram    1.1500
parameters
   -1.4916  -14.3599   10.0664   -4.2102   -4.2716   -4.3395
   -0.8977   -2.3320    0.7935    3.9120    6.4533   -4.2406
eta,q 0.96931 10.46527
  0.0428  0.0413  0.0399  0.0357  0.0310  0.0316  0.0339  0.0380  0.0335  0.0333  0.0333  0.0327
  0.0401  0.0394  0.0385  0.0359  0.0320  0.0313  0.0323  0.0349  0.0322  0.0319  0.0323  0.0318
  0.0383  0.0380  0.0376  0.0364  0.0337  0.0313  0.0314  0.0325  0.0313  0.0311  0.0315  0.0312
  0.0375  0.0374  0.0374  0.0374  0.0360  0.0324  0.0312  0.0312  0.0310  0.0310  0.0310  0.0308
  0.0377  0.0376  0.0378  0.0392  0.0389  0.0350  0.0317  0.0312  0.0312  0.0317  0.0308  0.0307
  0.0388  0.0384  0.0387  0.0422  0.0424  0.0386  0.0329  0.0323  0.0320  0.0333  0.0309  0.0312
  0.0409  0.0399  0.0402  0.0459  0.0461  0.0433  0.0348  0.0343  0.0333  0.0358  0.0313  0.0321
niter,ni,del,rscale     7    3    5.0000    1.2000
parameter  5  0.700019 ->  0.500000 qaram    1.3225
parameters
   -1.2585  -14.8776    9.5898   -7.4379   -9.0326   -7.3906
   -1.4914   -1.8181   -0.6474    3.0938    7.3239   -4.4470
eta,q 0.97234  9.75247
  0.0352  0.0326  0.0319  0.0306  0.0286  0.0289  0.0309  0.0335  0.0294  0.0305  0.0296  0.0296
  0.0329  0.0312  0.0309  0.0300  0.0282  0.0280  0.0292  0.0307  0.0283  0.0287  0.0286  0.0285
  0.0314  0.0305  0.0304  0.0300  0.0286  0.0280  0.0282  0.0288  0.0278  0.0278  0.0280  0.0278
  0.0307  0.0306  0.0305  0.0303  0.0300  0.0282  0.0280  0.0279  0.0279  0.0278  0.0277  0.0277
  0.0308  0.0315  0.0311  0.0309  0.0322  0.0291  0.0286  0.0283  0.0286  0.0285  0.0278  0.0280
  0.0318  0.0331  0.0321  0.0322  0.0351  0.0312  0.0300  0.0298  0.0297  0.0299  0.0282  0.0287
  0.0338  0.0354  0.0336  0.0347  0.0388  0.0349  0.0320  0.0321  0.0313  0.0319  0.0288  0.0297
niter,ni,del,rscale     7    3    5.0000    1.2000
parameters
   -1.2174  -14.7001    9.7861   -8.5660  -10.7085   -7.6260
   -1.4415   -1.8579   -1.0723    2.9640    7.2457   -4.6221
eta,q 0.97271  9.57128
  0.0319  0.0317  0.0300  0.0297  0.0306  0.0304  0.0310  0.0324  0.0296  0.0309  0.0289  0.0292
  0.0296  0.0296  0.0288  0.0281  0.0287  0.0285  0.0291  0.0298  0.0283  0.0288  0.0280  0.0281
  0.0282  0.0282  0.0280  0.0274  0.0275  0.0275  0.0278  0.0279  0.0275  0.0276  0.0274  0.0275
  0.0277  0.0277  0.0276  0.0276  0.0274  0.0274  0.0273  0.0273  0.0273  0.0273  0.0273  0.0273
  0.0281  0.0279  0.0278  0.0285  0.0286  0.0278  0.0277  0.0281  0.0278  0.0280  0.0275  0.0276
  0.0294  0.0289  0.0284  0.0294  0.0309  0.0288  0.0290  0.0299  0.0288  0.0292  0.0281  0.0283
  0.0316  0.0306  0.0293  0.0306  0.0341  0.0307  0.0309  0.0325  0.0302  0.0309  0.0289  0.0293
niter,ni,del,rscale     6    3    5.0000    1.2000
parameters
   -1.2282  -14.6005    9.8543   -8.6788  -10.8883   -7.6134
   -1.3989   -1.8773   -1.0856    3.0076    7.2125   -4.6641
eta,q 0.97271  9.55675
  0.0315  0.0309  0.0295  0.0304  0.0318  0.0306  0.0310  0.0325  0.0299  0.0311  0.0290  0.0293
  0.0292  0.0290  0.0283  0.0286  0.0295  0.0286  0.0290  0.0298  0.0285  0.0289  0.0280  0.0282
  0.0277  0.0277  0.0275  0.0274  0.0279  0.0275  0.0277  0.0279  0.0276  0.0276  0.0274  0.0275
  0.0273  0.0273  0.0273  0.0273  0.0273  0.0273  0.0273  0.0273  0.0273  0.0273  0.0273  0.0273
  0.0278  0.0276  0.0275  0.0280  0.0278  0.0277  0.0277  0.0280  0.0276  0.0279  0.0275  0.0276
  0.0292  0.0287  0.0281  0.0291  0.0295  0.0287  0.0289  0.0299  0.0285  0.0291  0.0281  0.0283
  0.0315  0.0303  0.0292  0.0301  0.0324  0.0304  0.0309  0.0325  0.0299  0.0307  0.0289  0.0293
niter,ni,del,rscale     5    3    5.0000    1.2000
parameters
   -1.2341  -14.5858    9.8554   -8.6939  -10.9041   -7.6111
   -1.3935   -1.8811   -1.0751    3.0228    7.2025   -4.6749
eta,q 0.97271  9.55535
  0.0315  0.0307  0.0293  0.0305  0.0319  0.0306  0.0309  0.0325  0.0299  0.0310  0.0290  0.0293
  0.0292  0.0288  0.0282  0.0287  0.0296  0.0286  0.0290  0.0298  0.0285  0.0289  0.0280  0.0282
  0.0277  0.0276  0.0275  0.0275  0.0280  0.0275  0.0277  0.0279  0.0276  0.0276  0.0274  0.0275
  0.0273  0.0273  0.0273  0.0273  0.0273  0.0273  0.0273  0.0273  0.0273  0.0273  0.0273  0.0273
  0.0278  0.0277  0.0275  0.0280  0.0277  0.0277  0.0277  0.0280  0.0276  0.0279  0.0275  0.0276
  0.0292  0.0288  0.0282  0.0290  0.0294  0.0287  0.0290  0.0298  0.0285  0.0291  0.0281  0.0283
  0.0315  0.0305  0.0293  0.0301  0.0322  0.0305  0.0309  0.0325  0.0298  0.0307  0.0289  0.0292
registration optimization eta report
parameter search radius
    2.4000    2.4000    2.4000    8.2800    9.5220    8.2800
    7.2000    7.2000    7.2000    7.2000    7.2000    7.2000
100000*second partial in parameter space
       73.       57.       35.        4.        5.        5.
        7.       10.        5.        7.        3.        4.
  0.0315  0.0307  0.0293  0.0305  0.0319  0.0306  0.0309  0.0325  0.0299  0.0310  0.0290  0.0293
  0.0292  0.0288  0.0282  0.0287  0.0296  0.0286  0.0290  0.0298  0.0285  0.0289  0.0280  0.0282
  0.0277  0.0276  0.0275  0.0275  0.0280  0.0275  0.0277  0.0279  0.0276  0.0276  0.0274  0.0275
  0.0273  0.0273  0.0273  0.0273  0.0273  0.0273  0.0273  0.0273  0.0273  0.0273  0.0273  0.0273
  0.0278  0.0277  0.0275  0.0280  0.0277  0.0277  0.0277  0.0280  0.0276  0.0279  0.0275  0.0276
  0.0292  0.0288  0.0282  0.0290  0.0294  0.0287  0.0290  0.0298  0.0285  0.0291  0.0281  0.0283
  0.0315  0.0305  0.0293  0.0301  0.0322  0.0305  0.0309  0.0325  0.0298  0.0307  0.0289  0.0292
   -1.2341  -14.5858    9.8554   -8.6939  -10.9041   -7.6111
   -1.3935   -1.8811   -1.0751    3.0228    7.2025   -4.6749
eta,q 0.97271  9.55535

---------------------------------------------------------------------
imgreg_4dfp /opt/freesurfer/average/711-2C_as_mni_average_305 /opt/freesurfer/average/711-2B_as_mni_average_305_mask talsrcimg_g11 none talsrcimg_to_711-2C_as_mni_average_305_t4 2311
---------------------------------------------------------------------

freesurfer imgreg_4dfp.c
/opt/freesurfer/average/711-2C_as_mni_average_305.4dfp.img
       256       256       256         1
  1.000000  1.000000  1.000000
orientation T byte_order littleendian
Reading image: /opt/freesurfer/average/711-2C_as_mni_average_305.4dfp.img
dimensions:      256       256       256
mmppix:       1.0000   -1.0000   -1.0000
center:     128.0000 -129.0000 -129.0000
/opt/freesurfer/average/711-2B_as_mni_average_305_mask.4dfp.img
       256       256       256         1
  1.000000  1.000000  1.000000
orientation T byte_order littleendian
Reading mask: /opt/freesurfer/average/711-2B_as_mni_average_305_mask.4dfp.img (2306576 pixels)
talsrcimg_g11.4dfp.img
       256       256       256         1
  0.898438  0.898438  0.898438
orientation T byte_order littleendian
Reading image: talsrcimg_g11.4dfp.img
dimensions:      256       256       256
mmppix:       0.8984   -0.8984   -0.8984
center:     115.0001 -115.8985 -115.8985
fimgreg.f
image alignment mode   2311 decimal      907 hex
parameters
   -1.2341  -14.5858    9.8554   -8.6939  -10.9041   -7.6111
   -1.3935   -1.8811   -1.0751    3.0228    7.2025   -4.6749
eta,q 0.97271  9.55536
niter,ni,del,rscale     5    3    5.0000    0.8000
parameters
   -1.2414  -14.6144    9.8248   -9.2939  -10.4871   -7.9592
   -1.3749   -1.9298   -1.1256    2.6900    7.0152   -4.7087
eta,q 0.97282  9.52237
  0.0292  0.0288  0.0282  0.0283  0.0287  0.0282  0.0289  0.0298  0.0284  0.0287  0.0279  0.0281
  0.0281  0.0279  0.0277  0.0276  0.0280  0.0275  0.0280  0.0284  0.0277  0.0278  0.0275  0.0276
  0.0275  0.0274  0.0274  0.0273  0.0275  0.0272  0.0274  0.0275  0.0273  0.0273  0.0272  0.0273
  0.0273  0.0273  0.0273  0.0273  0.0272  0.0272  0.0272  0.0272  0.0272  0.0272  0.0272  0.0272
  0.0275  0.0275  0.0274  0.0276  0.0273  0.0274  0.0274  0.0276  0.0274  0.0275  0.0273  0.0273
  0.0282  0.0280  0.0277  0.0282  0.0276  0.0278  0.0279  0.0285  0.0278  0.0282  0.0276  0.0276
  0.0292  0.0288  0.0282  0.0287  0.0283  0.0284  0.0289  0.0298  0.0284  0.0291  0.0280  0.0281
niter,ni,del,rscale     4    3    5.0000    0.7000
parameters
   -1.2530  -14.6317    9.7657   -9.4051  -10.4297   -8.1574
   -1.3615   -1.9369   -1.0920    2.6030    6.9410   -4.7276
eta,q 0.97285  9.50782
  0.0286  0.0283  0.0278  0.0282  0.0282  0.0280  0.0285  0.0292  0.0281  0.0285  0.0278  0.0279
  0.0278  0.0277  0.0274  0.0276  0.0277  0.0275  0.0277  0.0281  0.0276  0.0277  0.0274  0.0275
  0.0273  0.0273  0.0272  0.0273  0.0273  0.0272  0.0273  0.0274  0.0273  0.0273  0.0272  0.0272
  0.0272  0.0272  0.0272  0.0272  0.0272  0.0272  0.0272  0.0272  0.0272  0.0272  0.0272  0.0272
  0.0273  0.0273  0.0273  0.0274  0.0272  0.0273  0.0273  0.0274  0.0273  0.0274  0.0272  0.0273
  0.0278  0.0277  0.0275  0.0277  0.0276  0.0276  0.0277  0.0281  0.0276  0.0279  0.0274  0.0275
  0.0287  0.0284  0.0279  0.0282  0.0282  0.0281  0.0284  0.0292  0.0281  0.0285  0.0278  0.0279
niter,ni,del,rscale     3    3    5.0000    0.6000
parameters
   -1.2587  -14.6336    9.7272   -9.4812  -10.3746   -8.2797
   -1.3632   -1.9478   -1.0892    2.5617    6.8974   -4.7542
eta,q 0.97286  9.49985
  0.0282  0.0280  0.0276  0.0279  0.0279  0.0278  0.0281  0.0287  0.0279  0.0282  0.0276  0.0277
  0.0276  0.0275  0.0274  0.0275  0.0275  0.0274  0.0276  0.0278  0.0275  0.0276  0.0273  0.0274
  0.0273  0.0272  0.0272  0.0272  0.0273  0.0272  0.0272  0.0273  0.0272  0.0272  0.0272  0.0272
  0.0272  0.0271  0.0271  0.0271  0.0271  0.0271  0.0271  0.0271  0.0271  0.0271  0.0271  0.0271
  0.0273  0.0273  0.0272  0.0273  0.0272  0.0273  0.0272  0.0273  0.0272  0.0273  0.0272  0.0272
  0.0276  0.0275  0.0274  0.0276  0.0275  0.0275  0.0276  0.0278  0.0275  0.0277  0.0274  0.0274
  0.0282  0.0280  0.0277  0.0280  0.0279  0.0278  0.0281  0.0287  0.0278  0.0282  0.0276  0.0277
niter,ni,del,rscale     2    3    5.0000    0.5000
parameters
   -1.2623  -14.6377    9.6988   -9.5163  -10.3179   -8.4000
   -1.3613   -1.9653   -1.0876    2.5224    6.8535   -4.7665
eta,q 0.97287  9.49449
  0.0279  0.0277  0.0275  0.0277  0.0277  0.0276  0.0278  0.0282  0.0276  0.0279  0.0274  0.0275
  0.0275  0.0274  0.0273  0.0274  0.0274  0.0273  0.0274  0.0276  0.0274  0.0274  0.0273  0.0273
  0.0272  0.0272  0.0272  0.0272  0.0272  0.0272  0.0272  0.0272  0.0272  0.0272  0.0272  0.0272
  0.0271  0.0271  0.0271  0.0271  0.0271  0.0271  0.0271  0.0271  0.0271  0.0271  0.0271  0.0271
  0.0272  0.0272  0.0272  0.0272  0.0272  0.0272  0.0272  0.0273  0.0272  0.0272  0.0272  0.0272
  0.0275  0.0274  0.0273  0.0274  0.0274  0.0274  0.0274  0.0276  0.0274  0.0275  0.0273  0.0273
  0.0279  0.0277  0.0275  0.0277  0.0277  0.0276  0.0278  0.0282  0.0276  0.0279  0.0275  0.0275
niter,ni,del,rscale     1    3    5.0000    0.4000
parameters
   -1.2642  -14.6413    9.6644   -9.5542  -10.2809   -8.5071
   -1.3603   -1.9819   -1.0906    2.5036    6.8281   -4.7920
eta,q 0.97287  9.48876
  0.0276  0.0275  0.0273  0.0275  0.0275  0.0274  0.0275  0.0278  0.0275  0.0276  0.0273  0.0274
  0.0273  0.0273  0.0272  0.0273  0.0273  0.0273  0.0273  0.0274  0.0273  0.0273  0.0272  0.0272
  0.0272  0.0272  0.0272  0.0272  0.0272  0.0271  0.0272  0.0272  0.0272  0.0272  0.0271  0.0272
  0.0271  0.0271  0.0271  0.0271  0.0271  0.0271  0.0271  0.0271  0.0271  0.0271  0.0271  0.0271
  0.0272  0.0272  0.0272  0.0272  0.0272  0.0272  0.0272  0.0272  0.0272  0.0272  0.0272  0.0272
  0.0273  0.0273  0.0273  0.0273  0.0273  0.0273  0.0273  0.0274  0.0273  0.0274  0.0272  0.0272
  0.0276  0.0275  0.0274  0.0275  0.0275  0.0275  0.0275  0.0278  0.0275  0.0276  0.0273  0.0274
registration optimization eta report
parameter search radius
    0.8000    0.8000    0.8000    2.4000    2.4000    2.4000
    2.4000    2.4000    2.4000    2.4000    2.4000    2.4000
100000*second partial in parameter space
       75.       60.       36.        7.        6.        6.
        7.       12.        6.        8.        4.        4.
  0.0276  0.0275  0.0273  0.0275  0.0275  0.0274  0.0275  0.0278  0.0275  0.0276  0.0273  0.0274
  0.0273  0.0273  0.0272  0.0273  0.0273  0.0273  0.0273  0.0274  0.0273  0.0273  0.0272  0.0272
  0.0272  0.0272  0.0272  0.0272  0.0272  0.0271  0.0272  0.0272  0.0272  0.0272  0.0271  0.0272
  0.0271  0.0271  0.0271  0.0271  0.0271  0.0271  0.0271  0.0271  0.0271  0.0271  0.0271  0.0271
  0.0272  0.0272  0.0272  0.0272  0.0272  0.0272  0.0272  0.0272  0.0272  0.0272  0.0272  0.0272
  0.0273  0.0273  0.0273  0.0273  0.0273  0.0273  0.0273  0.0274  0.0273  0.0274  0.0272  0.0272
  0.0276  0.0275  0.0274  0.0275  0.0275  0.0275  0.0275  0.0278  0.0275  0.0276  0.0273  0.0274
   -1.2642  -14.6413    9.6644   -9.5542  -10.2809   -8.5071
   -1.3603   -1.9819   -1.0906    2.5036    6.8281   -4.7920
eta,q 0.97287  9.48876

---------------------------------------------------------------------
imgreg_4dfp /opt/freesurfer/average/711-2C_as_mni_average_305 /opt/freesurfer/average/711-2B_as_mni_average_305_mask talsrcimg_g11 none talsrcimg_to_711-2C_as_mni_average_305_t4 2311
---------------------------------------------------------------------

freesurfer imgreg_4dfp.c
/opt/freesurfer/average/711-2C_as_mni_average_305.4dfp.img
       256       256       256         1
  1.000000  1.000000  1.000000
orientation T byte_order littleendian
Reading image: /opt/freesurfer/average/711-2C_as_mni_average_305.4dfp.img
dimensions:      256       256       256
mmppix:       1.0000   -1.0000   -1.0000
center:     128.0000 -129.0000 -129.0000
/opt/freesurfer/average/711-2B_as_mni_average_305_mask.4dfp.img
       256       256       256         1
  1.000000  1.000000  1.000000
orientation T byte_order littleendian
Reading mask: /opt/freesurfer/average/711-2B_as_mni_average_305_mask.4dfp.img (2306576 pixels)
talsrcimg_g11.4dfp.img
       256       256       256         1
  0.898438  0.898438  0.898438
orientation T byte_order littleendian
Reading image: talsrcimg_g11.4dfp.img
dimensions:      256       256       256
mmppix:       0.8984   -0.8984   -0.8984
center:     115.0001 -115.8985 -115.8985
fimgreg.f
image alignment mode   2311 decimal      907 hex
parameters
   -1.2642  -14.6413    9.6644   -9.5542  -10.2809   -8.5071
   -1.3603   -1.9819   -1.0906    2.5036    6.8281   -4.7920
eta,q 0.97287  9.48876
niter,ni,del,rscale     5    3    5.0000    0.8000
parameters
   -1.2622  -14.6164    9.6706   -9.3923  -10.4219   -8.2541
   -1.3709   -1.9231   -1.0258    2.6779    6.9504   -4.7715
eta,q 0.97285  9.50422
  0.0291  0.0287  0.0281  0.0286  0.0284  0.0285  0.0288  0.0298  0.0284  0.0291  0.0280  0.0281
  0.0280  0.0278  0.0275  0.0278  0.0277  0.0278  0.0279  0.0284  0.0277  0.0280  0.0275  0.0276
  0.0273  0.0273  0.0272  0.0273  0.0273  0.0273  0.0273  0.0274  0.0273  0.0274  0.0272  0.0272
  0.0271  0.0271  0.0271  0.0271  0.0271  0.0271  0.0271  0.0271  0.0271  0.0271  0.0271  0.0271
  0.0273  0.0273  0.0272  0.0273  0.0273  0.0273  0.0273  0.0274  0.0273  0.0273  0.0272  0.0273
  0.0280  0.0278  0.0276  0.0278  0.0278  0.0276  0.0279  0.0283  0.0277  0.0279  0.0275  0.0276
  0.0290  0.0286  0.0280  0.0284  0.0286  0.0282  0.0288  0.0297  0.0283  0.0287  0.0279  0.0281
niter,ni,del,rscale     4    3    5.0000    0.7000
parameters
   -1.2561  -14.6137    9.7087   -9.4252  -10.3985   -8.2296
   -1.3690   -1.9349   -1.0711    2.6313    6.9342   -4.7695
eta,q 0.97286  9.50489
  0.0286  0.0283  0.0279  0.0282  0.0282  0.0281  0.0285  0.0292  0.0281  0.0285  0.0278  0.0279
  0.0278  0.0277  0.0275  0.0276  0.0276  0.0275  0.0277  0.0281  0.0276  0.0277  0.0274  0.0275
  0.0273  0.0273  0.0272  0.0272  0.0273  0.0272  0.0273  0.0274  0.0272  0.0273  0.0272  0.0272
  0.0271  0.0272  0.0271  0.0271  0.0271  0.0271  0.0271  0.0271  0.0271  0.0271  0.0271  0.0271
  0.0273  0.0273  0.0272  0.0273  0.0272  0.0273  0.0273  0.0274  0.0273  0.0273  0.0272  0.0272
  0.0278  0.0277  0.0274  0.0277  0.0276  0.0276  0.0277  0.0281  0.0276  0.0278  0.0274  0.0275
  0.0286  0.0283  0.0278  0.0282  0.0282  0.0280  0.0284  0.0292  0.0281  0.0285  0.0277  0.0279
niter,ni,del,rscale     3    3    5.0000    0.6000
parameters
   -1.2578  -14.6259    9.7023   -9.4822  -10.3603   -8.3027
   -1.3632   -1.9448   -1.0845    2.5802    6.8875   -4.7816
eta,q 0.97286  9.49951
  0.0282  0.0280  0.0277  0.0279  0.0279  0.0278  0.0281  0.0287  0.0278  0.0282  0.0276  0.0277
  0.0276  0.0275  0.0274  0.0275  0.0275  0.0274  0.0276  0.0278  0.0275  0.0276  0.0273  0.0274
  0.0273  0.0272  0.0272  0.0272  0.0272  0.0272  0.0272  0.0273  0.0272  0.0272  0.0272  0.0272
  0.0271  0.0271  0.0271  0.0271  0.0271  0.0271  0.0271  0.0271  0.0271  0.0271  0.0271  0.0271
  0.0273  0.0273  0.0272  0.0273  0.0272  0.0273  0.0272  0.0273  0.0272  0.0273  0.0272  0.0272
  0.0276  0.0275  0.0274  0.0276  0.0275  0.0275  0.0276  0.0278  0.0275  0.0277  0.0274  0.0274
  0.0282  0.0280  0.0277  0.0280  0.0279  0.0278  0.0281  0.0287  0.0278  0.0282  0.0276  0.0277
niter,ni,del,rscale     2    3    5.0000    0.5000
parameters
   -1.2619  -14.6326    9.6850   -9.5195  -10.3157   -8.4166
   -1.3660   -1.9621   -1.0847    2.5341    6.8513   -4.7883
eta,q 0.97287  9.49367
  0.0279  0.0277  0.0275  0.0277  0.0277  0.0276  0.0278  0.0282  0.0276  0.0278  0.0274  0.0275
  0.0275  0.0274  0.0273  0.0274  0.0274  0.0273  0.0274  0.0276  0.0274  0.0274  0.0273  0.0273
  0.0272  0.0272  0.0272  0.0272  0.0272  0.0272  0.0272  0.0272  0.0272  0.0272  0.0272  0.0272
  0.0271  0.0271  0.0271  0.0271  0.0271  0.0271  0.0271  0.0271  0.0271  0.0271  0.0271  0.0271
  0.0272  0.0272  0.0272  0.0272  0.0272  0.0272  0.0272  0.0273  0.0272  0.0272  0.0272  0.0272
  0.0275  0.0274  0.0273  0.0274  0.0274  0.0274  0.0274  0.0276  0.0274  0.0275  0.0273  0.0273
  0.0279  0.0277  0.0275  0.0277  0.0277  0.0276  0.0278  0.0282  0.0276  0.0279  0.0274  0.0275
niter,ni,del,rscale     1    3    5.0000    0.4000
parameters
   -1.2649  -14.6377    9.6638   -9.5509  -10.2759   -8.5083
   -1.3597   -1.9793   -1.0834    2.5073    6.8277   -4.7864
eta,q 0.97287  9.48924
  0.0276  0.0275  0.0274  0.0275  0.0275  0.0274  0.0275  0.0278  0.0275  0.0276  0.0273  0.0274
  0.0273  0.0273  0.0272  0.0273  0.0273  0.0273  0.0273  0.0274  0.0273  0.0273  0.0272  0.0272
  0.0272  0.0272  0.0272  0.0272  0.0272  0.0271  0.0272  0.0272  0.0272  0.0272  0.0271  0.0272
  0.0271  0.0271  0.0271  0.0271  0.0271  0.0271  0.0271  0.0271  0.0271  0.0271  0.0271  0.0271
  0.0272  0.0272  0.0272  0.0272  0.0272  0.0272  0.0272  0.0272  0.0272  0.0272  0.0272  0.0272
  0.0273  0.0273  0.0273  0.0273  0.0273  0.0273  0.0273  0.0274  0.0273  0.0274  0.0272  0.0272
  0.0276  0.0275  0.0274  0.0275  0.0275  0.0275  0.0275  0.0278  0.0274  0.0276  0.0273  0.0274
registration optimization eta report
parameter search radius
    0.8000    0.8000    0.8000    2.4000    2.4000    2.4000
    2.4000    2.4000    2.4000    2.4000    2.4000    2.4000
100000*second partial in parameter space
       75.       60.       37.        7.        6.        6.
        7.       12.        6.        8.        4.        4.
  0.0276  0.0275  0.0274  0.0275  0.0275  0.0274  0.0275  0.0278  0.0275  0.0276  0.0273  0.0274
  0.0273  0.0273  0.0272  0.0273  0.0273  0.0273  0.0273  0.0274  0.0273  0.0273  0.0272  0.0272
  0.0272  0.0272  0.0272  0.0272  0.0272  0.0271  0.0272  0.0272  0.0272  0.0272  0.0271  0.0272
  0.0271  0.0271  0.0271  0.0271  0.0271  0.0271  0.0271  0.0271  0.0271  0.0271  0.0271  0.0271
  0.0272  0.0272  0.0272  0.0272  0.0272  0.0272  0.0272  0.0272  0.0272  0.0272  0.0272  0.0272
  0.0273  0.0273  0.0273  0.0273  0.0273  0.0273  0.0273  0.0274  0.0273  0.0274  0.0272  0.0272
  0.0276  0.0275  0.0274  0.0275  0.0275  0.0275  0.0275  0.0278  0.0274  0.0276  0.0273  0.0274
   -1.2649  -14.6377    9.6638   -9.5509  -10.2759   -8.5083
   -1.3597   -1.9793   -1.0834    2.5073    6.8277   -4.7864
eta,q 0.97287  9.48924

---------------------------------------------------------------------
compute_vox2vox talsrcimg talsrcimg_to_711-2C_as_mni_average_305_t4 /opt/freesurfer/average/711-2C_as_mni_average_305
---------------------------------------------------------------------

freesurfer compute_vox2vox.c
Reading: talsrcimg.4dfp.ifh
Reading: talsrcimg_to_711-2C_as_mni_average_305_t4
Reading: /opt/freesurfer/average/711-2C_as_mni_average_305.4dfp.ifh
Writing: talsrcimg_to_711-2C_as_mni_average_305_t4_vox2vox.txt

start time Wed Mar 11 03:18:23 CET 2026
end		time Wed Mar 11 03:19:47 CET 2026

mpr2mni305 success

avi2talxfm orig_nu.mgz /opt/freesurfer/average/mni305.cor.mgz talsrcimg_to_711-2C_as_mni_average_305_t4_vox2vox.txt transforms/talairach.auto.xfm
avi2talxfm done
mv -f /out/sourcedata/freesurfer/sub-v2s13x29103_ses-1/mri/talsrcimg_to_711-2C_as_mni_average_305_t4_vox2vox.txt /out/sourcedata/freesurfer/sub-v2s13x29103_ses-1/mri/transforms/talsrcimg_to_711-2C_as_mni_average_305_t4_vox2vox.txt
lta_convert --src orig_nu.mgz --trg /opt/freesurfer/average/mni305.cor.mgz --inxfm transforms/talairach.auto.xfm --outlta transforms/talairach.auto.xfm.lta --subject fsaverage
7.3.2

--src: orig_nu.mgz src image (geometry).
--trg: /opt/freesurfer/average/mni305.cor.mgz trg image (geometry).
--inmni: transforms/talairach.auto.xfm input MNI/XFM transform.
--outlta: transforms/talairach.auto.xfm.lta output LTA.
--s: fsaverage subject name
 LTA read, type : 1
 1.10404   0.02339   0.01798   0.69604;
-0.08157   1.08967   0.05689  -13.00387;
 0.01561  -0.03017   1.11315   2.92566;
 0.00000   0.00000   0.00000   1.00000;
setting subject to fsaverage
Writing  LTA to file transforms/talairach.auto.xfm.lta...
lta_convert successful.
 
 
Started at Wed Mar 11 03:18:23 CET 2026
Ended   at Wed Mar 11 03:19:48 CET 2026
talairach_avi done
