/out/sourcedata/freesurfer/sub-v2s13x29114_ses-1/mri
/opt/freesurfer/bin/talairach_avi
--i orig_nu.mgz --xfm transforms/talairach.auto.xfm
talairach_avi 7.3.2
Linux dna058 5.14.0-427.37.1.el9_4.x86_64 #1 SMP PREEMPT_DYNAMIC Fri Sep 13 12:41:50 EDT 2024 x86_64 x86_64 x86_64 GNU/Linux
Wed Mar 11 03:56:00 CET 2026
mri_convert orig_nu.mgz talsrcimg.img 
reading from orig_nu.mgz...
TR=0.00, TE=0.00, TI=0.00, flip angle=0.00
i_ras = (-1, -4.77809e-10, 0)
j_ras = (-1.29575e-10, -8.29282e-09, -1)
k_ras = (-5.58794e-10, 1, 0)
writing to talsrcimg.img...
Analyze Output Matrix
-0.89844  -0.00000  -0.00000   117.21766;
-0.00000  -0.00000   0.89844  -121.11877;
 0.00000  -0.89844   0.00000   127.47780;
 0.00000   0.00000   0.00000   1.00000;
--------------------
INFO: set hdr.hist.orient to -1
mpr2mni305 talsrcimg
Wed Mar 11 03:56:01 CET 2026
/opt/freesurfer/bin/mpr2mni305 talsrcimg
mpr2mni305 7.3.2
target=711-2C_as_mni_average_305

---------------------------------------------------------------------
analyzeto4dfp talsrcimg -O0 -y
---------------------------------------------------------------------

freesurfer ifh2hdr.c
Wed Mar 11 03:56:01 2026
Writing: talsrcimg.4dfp.hdr
freesurfer analyzeto4dfp.c
Reading: talsrcimg.hdr
header size 348 bytes
hdr.dime.datatype	offset=70	value=2
hdr.dime.bitpix		offset=72	value=8
hdr.hist.orient		offset=252	value=-1
dimensionality     4
dimensions       256       256       256         1
Reading: talsrcimg.img
Writing: talsrcimg.4dfp.img
Writing: talsrcimg.4dfp.ifh
ifh2hdr talsrcimg -r0to250
ori=2

---------------------------------------------------------------------
gauss_4dfp talsrcimg 1.1
---------------------------------------------------------------------

freesurfer gauss_4dfp.c
Reading: talsrcimg.4dfp.img
Writing: talsrcimg_g11.4dfp.img
image dimensions 256 256 256 padded to 288 288 288
processing volume 1freesurfer ifh2hdr.c
Wed Mar 11 03:56:03 2026
Writing: talsrcimg_g11.4dfp.hdr

Writing: talsrcimg_g11.4dfp.ifh
including: talsrcimg.4dfp.img.rec in talsrcimg_g11.4dfp.img.rec

---------------------------------------------------------------------
imgreg_4dfp /opt/freesurfer/average/711-2C_as_mni_average_305 none talsrcimg_g11 none talsrcimg_to_711-2C_as_mni_average_305_t4 4355
---------------------------------------------------------------------

freesurfer imgreg_4dfp.c
/opt/freesurfer/average/711-2C_as_mni_average_305.4dfp.img
       256       256       256         1
  1.000000  1.000000  1.000000
orientation T byte_order littleendian
Reading image: /opt/freesurfer/average/711-2C_as_mni_average_305.4dfp.img
dimensions:      256       256       256
mmppix:       1.0000   -1.0000   -1.0000
center:     128.0000 -129.0000 -129.0000
talsrcimg_g11.4dfp.img
       256       256       256         1
  0.898438  0.898438  0.898438
orientation T byte_order littleendian
Reading image: talsrcimg_g11.4dfp.img
dimensions:      256       256       256
mmppix:       0.8984   -0.8984   -0.8984
center:     115.0001 -115.8985 -115.8985
t4_read: open error in t4_sub.f l:  41 t4_file(1:l)talsrcimg_to_711-2C_as_mni_average_305_t4 
t4_read: transform initialized to I4
rotation matrix determinant  1.000000
image alignment mode   4355 decimal     1103 hex
   -7.5000  -45.0000  -45.0000 5989.7266   12.0072
    0.0000  -45.0000  -45.0000 6072.3066   12.0179
    7.5000  -45.0000  -45.0000 5748.7749   12.0129
   -7.5000  -37.5000  -45.0000 6404.3853   12.7592
    0.0000  -37.5000  -45.0000 6502.9746   12.7660
    7.5000  -37.5000  -45.0000 6144.2119   12.7562
   -7.5000  -30.0000  -45.0000 6801.2295   13.1646
    0.0000  -30.0000  -45.0000 6906.8843   13.1695
    7.5000  -30.0000  -45.0000 6529.5840   13.1545
   -7.5000  -22.5000  -45.0000 7291.5825   13.1681
    0.0000  -22.5000  -45.0000 7409.9956   13.1751
    7.5000  -22.5000  -45.0000 7000.8564   13.1595
   -7.5000  -15.0000  -45.0000 7790.9019   13.1675
    0.0000  -15.0000  -45.0000 7918.6836   13.1801
    7.5000  -15.0000  -45.0000 7461.8145   13.1697
   -7.5000   -7.5000  -45.0000 7944.0205   13.1646
    0.0000   -7.5000  -45.0000 8045.9556   13.1796
    7.5000   -7.5000  -45.0000 7587.8999   13.1738
   -7.5000    0.0000  -45.0000 7960.1104   13.1614
    0.0000    0.0000  -45.0000 8060.0591   13.1731
    7.5000    0.0000  -45.0000 7614.8418   13.1675
   -7.5000    7.5000  -45.0000 7630.7891   13.1615
    0.0000    7.5000  -45.0000 7726.4492   13.1685
    7.5000    7.5000  -45.0000 7294.9814   13.1584
   -7.5000   15.0000  -45.0000 7475.5708   13.1646
    0.0000   15.0000  -45.0000 7579.0542   13.1695
    7.5000   15.0000  -45.0000 7138.5229   13.1545
   -7.5000   22.5000  -45.0000 6880.8418   12.9909
    0.0000   22.5000  -45.0000 6960.0728   12.9979
    7.5000   22.5000  -45.0000 6547.6094   12.9825
   -7.5000   30.0000  -45.0000 6311.6533   12.6508
    0.0000   30.0000  -45.0000 6384.5791   12.6629
    7.5000   30.0000  -45.0000 5982.4961   12.6530
   -7.5000   37.5000  -45.0000 5816.9678   12.3669
    0.0000   37.5000  -45.0000 5884.1953   12.3815
    7.5000   37.5000  -45.0000 5519.4692   12.3769
   -7.5000   45.0000  -45.0000 5345.2573   12.2202
    0.0000   45.0000  -45.0000 5396.8403   12.2358
    7.5000   45.0000  -45.0000 5079.0522   12.2352
   -7.5000  -45.0000  -37.5000 6568.3735   12.6228
    0.0000  -45.0000  -37.5000 6641.7695   12.6291
    7.5000  -45.0000  -37.5000 6291.1201   12.6184
   -7.5000  -37.5000  -37.5000 7014.1631   13.4137
    0.0000  -37.5000  -37.5000 7107.9810   13.4153
    7.5000  -37.5000  -37.5000 6708.4990   13.3985
   -7.5000  -30.0000  -37.5000 7437.9604   13.8108
    0.0000  -30.0000  -37.5000 7539.9937   13.8092
    7.5000  -30.0000  -37.5000 7122.6743   13.7855
   -7.5000  -22.5000  -37.5000 7949.2056   13.8147
    0.0000  -22.5000  -37.5000 8055.4717   13.8140
    7.5000  -22.5000  -37.5000 7608.1055   13.7892
   -7.5000  -15.0000  -37.5000 8465.2529   13.8199
    0.0000  -15.0000  -37.5000 8585.0283   13.8249
    7.5000  -15.0000  -37.5000 8088.8682   13.8064
   -7.5000   -7.5000  -37.5000 8610.5596   13.8221
    0.0000   -7.5000  -37.5000 8720.6191   13.8311
    7.5000   -7.5000  -37.5000 8226.5186   13.8185
   -7.5000    0.0000  -37.5000 8620.9863   13.8185
    0.0000    0.0000  -37.5000 8732.3779   13.8253
    7.5000    0.0000  -37.5000 8240.4658   13.8135
   -7.5000    7.5000  -37.5000 8281.1650   13.8122
    0.0000    7.5000  -37.5000 8390.0146   13.8138
    7.5000    7.5000  -37.5000 7892.8389   13.7966
   -7.5000   15.0000  -37.5000 8107.0464   13.8102
    0.0000   15.0000  -37.5000 8226.7393   13.8085
    7.5000   15.0000  -37.5000 7748.9531   13.7849
   -7.5000   22.5000  -37.5000 7417.4019   13.6300
    0.0000   22.5000  -37.5000 7507.0869   13.6293
    7.5000   22.5000  -37.5000 7090.0923   13.6049
   -7.5000   30.0000  -37.5000 6763.6318   13.2865
    0.0000   30.0000  -37.5000 6849.6602   13.2913
    7.5000   30.0000  -37.5000 6462.5513   13.2736
   -7.5000   37.5000  -37.5000 6236.0688   12.9926
    0.0000   37.5000  -37.5000 6300.3555   13.0011
    7.5000   37.5000  -37.5000 5931.3086   12.9901
   -7.5000   45.0000  -37.5000 5726.5840   12.8237
    0.0000   45.0000  -37.5000 5780.2246   12.8346
    7.5000   45.0000  -37.5000 5446.8940   12.8276
   -7.5000  -45.0000  -30.0000 7135.4429   13.2101
    0.0000  -45.0000  -30.0000 7227.1382   13.2112
    7.5000  -45.0000  -30.0000 6846.7715   13.1971
   -7.5000  -37.5000  -30.0000 7623.7319   14.0419
    0.0000  -37.5000  -30.0000 7706.0332   14.0370
    7.5000  -37.5000  -30.0000 7291.4404   14.0157
   -7.5000  -30.0000  -30.0000 8085.3213   14.4336
    0.0000  -30.0000  -30.0000 8174.4990   14.4237
    7.5000  -30.0000  -30.0000 7728.7119   14.3951
   -7.5000  -22.5000  -30.0000 8654.4453   14.4353
    0.0000  -22.5000  -30.0000 8746.1836   14.4255
    7.5000  -22.5000  -30.0000 8255.8652   14.3967
   -7.5000  -15.0000  -30.0000 9199.8867   14.4425
    0.0000  -15.0000  -30.0000 9291.8945   14.4390
    7.5000  -15.0000  -30.0000 8757.3223   14.4173
   -7.5000   -7.5000  -30.0000 9324.7422   14.4482
    0.0000   -7.5000  -30.0000 9415.6055   14.4504
    7.5000   -7.5000  -30.0000 8885.4336   14.4348
   -7.5000    0.0000  -30.0000 9308.0254   14.4464
    0.0000    0.0000  -30.0000 9404.6035   14.4475
    7.5000    0.0000  -30.0000 8881.6406   14.4320
   -7.5000    7.5000  -30.0000 8916.4951   14.4372
    0.0000    7.5000  -30.0000 9016.1230   14.4322
    7.5000    7.5000  -30.0000 8501.1689   14.4102
   -7.5000   15.0000  -30.0000 8750.0820   14.4316
    0.0000   15.0000  -30.0000 8849.8945   14.4218
    7.5000   15.0000  -30.0000 8356.8018   14.3931
   -7.5000   22.5000  -30.0000 7960.7310   14.2430
    0.0000   22.5000  -30.0000 8050.0698   14.2333
    7.5000   22.5000  -30.0000 7624.2651   14.2049
   -7.5000   30.0000  -30.0000 7245.6387   13.8951
    0.0000   30.0000  -30.0000 7318.8789   13.8916
    7.5000   30.0000  -30.0000 6924.1763   13.8707
   -7.5000   37.5000  -30.0000 6648.6045   13.5994
    0.0000   37.5000  -30.0000 6721.0786   13.6009
    7.5000   37.5000  -30.0000 6348.4697   13.5868
   -7.5000   45.0000  -30.0000 6090.9917   13.4199
    0.0000   45.0000  -30.0000 6149.7139   13.4250
    7.5000   45.0000  -30.0000 5805.0356   13.4137
   -7.5000  -45.0000  -22.5000 7709.1953   13.7616
    0.0000  -45.0000  -22.5000 7787.7114   13.7620
    7.5000  -45.0000  -22.5000 7376.0757   13.7498
   -7.5000  -37.5000  -22.5000 8226.2061   14.6465
    0.0000  -37.5000  -22.5000 8305.3926   14.6388
    7.5000  -37.5000  -22.5000 7871.4033   14.6182
   -7.5000  -30.0000  -22.5000 8733.4443   15.0448
    0.0000  -30.0000  -22.5000 8817.8398   15.0307
    7.5000  -30.0000  -22.5000 8351.0264   15.0035
   -7.5000  -22.5000  -22.5000 9332.4736   15.0448
    0.0000  -22.5000  -22.5000 9433.8496   15.0311
    7.5000  -22.5000  -22.5000 8912.7676   15.0055
   -7.5000  -15.0000  -22.5000 9905.8340   15.0431
    0.0000  -15.0000  -22.5000 9994.6758   15.0374
    7.5000  -15.0000  -22.5000 9446.9287   15.0201
   -7.5000   -7.5000  -22.500010025.7227   15.0412
    0.0000   -7.5000  -22.500010112.5449   15.0429
    7.5000   -7.5000  -22.5000 9558.4619   15.0312
   -7.5000    0.0000  -22.500010006.7354   15.0410
    0.0000    0.0000  -22.500010091.4307   15.0413
    7.5000    0.0000  -22.5000 9558.7891   15.0279
   -7.5000    7.5000  -22.5000 9560.4521   15.0401
    0.0000    7.5000  -22.5000 9649.2510   15.0322
    7.5000    7.5000  -22.5000 9124.3320   15.0111
   -7.5000   15.0000  -22.5000 9377.8623   15.0412
    0.0000   15.0000  -22.5000 9447.8408   15.0271
    7.5000   15.0000  -22.5000 8953.8350   14.9999
   -7.5000   22.5000  -22.5000 8535.2148   14.8457
    0.0000   22.5000  -22.5000 8594.7217   14.8322
    7.5000   22.5000  -22.5000 8139.4136   14.8070
   -7.5000   30.0000  -22.5000 7732.8799   14.4838
    0.0000   30.0000  -22.5000 7784.5386   14.4782
    7.5000   30.0000  -22.5000 7374.6230   14.4616
   -7.5000   37.5000  -22.5000 7072.1055   14.1791
    0.0000   37.5000  -22.5000 7133.1177   14.1797
    7.5000   37.5000  -22.5000 6747.8877   14.1692
   -7.5000   45.0000  -22.5000 6457.3745   14.0033
    0.0000   45.0000  -22.5000 6525.0791   14.0069
    7.5000   45.0000  -22.5000 6148.6558   13.9975
   -7.5000  -45.0000  -15.0000 8281.8447   14.2273
    0.0000  -45.0000  -15.0000 8366.4775   14.2331
    7.5000  -45.0000  -15.0000 7915.1592   14.2275
   -7.5000  -37.5000  -15.0000 8833.3604   15.1513
    0.0000  -37.5000  -15.0000 8910.6426   15.1486
    7.5000  -37.5000  -15.0000 8422.3926   15.1346
   -7.5000  -30.0000  -15.0000 9368.5420   15.5595
    0.0000  -30.0000  -15.0000 9441.7402   15.5509
    7.5000  -30.0000  -15.0000 8942.1611   15.5312
   -7.5000  -22.5000  -15.0000 9972.6074   15.5600
    0.0000  -22.5000  -15.000010068.2285   15.5533
    7.5000  -22.5000  -15.0000 9515.4150   15.5361
   -7.5000  -15.0000  -15.000010572.3691   15.5477
    0.0000  -15.0000  -15.000010668.4912   15.5504
    7.5000  -15.0000  -15.000010065.0479   15.5417
   -7.5000   -7.5000  -15.000010712.8564   15.5354
    0.0000   -7.5000  -15.000010817.4014   15.5449
    7.5000   -7.5000  -15.000010187.1631   15.5414
   -7.5000    0.0000  -15.000010711.4736   15.5348
    0.0000    0.0000  -15.000010809.2422   15.5411
    7.5000    0.0000  -15.000010198.2676   15.5350
   -7.5000    7.5000  -15.000010175.8379   15.5434
    0.0000    7.5000  -15.000010253.7109   15.5406
    7.5000    7.5000  -15.0000 9674.5625   15.5262
   -7.5000   15.0000  -15.0000 9924.7705   15.5547
    0.0000   15.0000  -15.0000 9987.5420   15.5461
    7.5000   15.0000  -15.0000 9466.7979   15.5264
   -7.5000   22.5000  -15.0000 9044.2510   15.3565
    0.0000   22.5000  -15.0000 9083.6865   15.3499
    7.5000   22.5000  -15.0000 8605.6143   15.3329
   -7.5000   30.0000  -15.0000 8183.0747   14.9814
    0.0000   30.0000  -15.0000 8214.5898   14.9841
    7.5000   30.0000  -15.0000 7771.2153   14.9757
   -7.5000   37.5000  -15.0000 7492.8213   14.6688
    0.0000   37.5000  -15.0000 7519.7383   14.6771
    7.5000   37.5000  -15.0000 7107.9868   14.6745
   -7.5000   45.0000  -15.0000 6825.3828   14.5012
    0.0000   45.0000  -15.0000 6879.5898   14.5107
    7.5000   45.0000  -15.0000 6488.9004   14.5089
   -7.5000  -45.0000   -7.5000 8580.8799   14.2152
    0.0000  -45.0000   -7.5000 8650.6787   14.2269
    7.5000  -45.0000   -7.5000 8203.0479   14.2254
   -7.5000  -37.5000   -7.5000 9117.9062   15.1384
    0.0000  -37.5000   -7.5000 9193.5889   15.1435
    7.5000  -37.5000   -7.5000 8715.0723   15.1348
   -7.5000  -30.0000   -7.5000 9663.0488   15.5490
    0.0000  -30.0000   -7.5000 9747.3076   15.5505
    7.5000  -30.0000   -7.5000 9227.4736   15.5363
   -7.5000  -22.5000   -7.500010270.8652   15.5523
    0.0000  -22.5000   -7.500010379.9170   15.5566
    7.5000  -22.5000   -7.5000 9787.1719   15.5440
   -7.5000  -15.0000   -7.500010862.7002   15.5393
    0.0000  -15.0000   -7.500010976.8418   15.5520
    7.5000  -15.0000   -7.500010331.1729   15.5471
   -7.5000   -7.5000   -7.500011022.0605   15.5246
    0.0000   -7.5000   -7.500011138.9775   15.5417
    7.5000   -7.5000   -7.500010465.9971   15.5418
   -7.5000    0.0000   -7.500011021.2871   15.5217
    0.0000    0.0000   -7.500011143.8311   15.5344
    7.5000    0.0000   -7.500010463.7451   15.5327
   -7.5000    7.5000   -7.500010426.6777   15.5301
    0.0000    7.5000   -7.500010528.3652   15.5353
    7.5000    7.5000   -7.5000 9887.2275   15.5264
   -7.5000   15.0000   -7.500010142.5781   15.5442
    0.0000   15.0000   -7.500010220.7334   15.5457
    7.5000   15.0000   -7.5000 9642.0225   15.5315
   -7.5000   22.5000   -7.5000 9241.1611   15.3489
    0.0000   22.5000   -7.5000 9304.0752   15.3531
    7.5000   22.5000   -7.5000 8799.4473   15.3407
   -7.5000   30.0000   -7.5000 8362.7588   14.9735
    0.0000   30.0000   -7.5000 8413.4219   14.9858
    7.5000   30.0000   -7.5000 7935.1450   14.9812
   -7.5000   37.5000   -7.5000 7663.1030   14.6601
    0.0000   37.5000   -7.5000 7697.0435   14.6763
    7.5000   37.5000   -7.5000 7248.1431   14.6773
   -7.5000   45.0000   -7.5000 6996.1465   14.4941
    0.0000   45.0000   -7.5000 7037.4146   14.5108
    7.5000   45.0000   -7.5000 6626.5591   14.5142
   -7.5000  -45.0000    0.0000 8690.2432   14.5838
    0.0000  -45.0000    0.0000 8773.7871   14.5963
    7.5000  -45.0000    0.0000 8326.9307   14.5917
   -7.5000  -37.5000    0.0000 9190.2051   15.5148
    0.0000  -37.5000    0.0000 9273.4199   15.5222
    7.5000  -37.5000    0.0000 8804.5801   15.5114
   -7.5000  -30.0000    0.0000 9752.6367   15.9182
    0.0000  -30.0000    0.0000 9862.5664   15.9234
    7.5000  -30.0000    0.0000 9331.3564   15.9061
   -7.5000  -22.5000    0.000010428.1689   15.9232
    0.0000  -22.5000    0.000010554.8398   15.9312
    7.5000  -22.5000    0.0000 9932.4736   15.9135
   -7.5000  -15.0000    0.000011062.7920   15.9197
    0.0000  -15.0000    0.000011197.4961   15.9346
    7.5000  -15.0000    0.000010483.6992   15.9238
   -7.5000   -7.5000    0.000011209.7412   15.9127
    0.0000   -7.5000    0.000011321.7295   15.9307
    7.5000   -7.5000    0.000010590.7334   15.9256
   -7.5000    0.0000    0.000011152.3262   15.9084
    0.0000    0.0000    0.000011284.2178   15.9219
    7.5000    0.0000    0.000010534.7764   15.9169
   -7.5000    7.5000    0.000010500.4395   15.9058
    0.0000    7.5000    0.000010596.1074   15.9134
    7.5000    7.5000    0.0000 9918.3027   15.9023
   -7.5000   15.0000    0.000010206.5020   15.9126
    0.0000   15.0000    0.000010273.9395   15.9178
    7.5000   15.0000    0.0000 9645.9570   15.9004
   -7.5000   22.5000    0.0000 9306.6582   15.7171
    0.0000   22.5000    0.0000 9375.8477   15.7250
    7.5000   22.5000    0.0000 8832.9971   15.7075
   -7.5000   30.0000    0.0000 8451.7080   15.3490
    0.0000   30.0000    0.0000 8521.0654   15.3634
    7.5000   30.0000    0.0000 7994.5776   15.3531
   -7.5000   37.5000    0.0000 7726.6929   15.0448
    0.0000   37.5000    0.0000 7784.3252   15.0622
    7.5000   37.5000    0.0000 7310.0566   15.0585
   -7.5000   45.0000    0.0000 7023.3354   14.8868
    0.0000   45.0000    0.0000 7079.5366   14.9052
    7.5000   45.0000    0.0000 6649.6226   14.9061
   -7.5000  -45.0000    7.5000 8464.3721   14.6068
    0.0000  -45.0000    7.5000 8542.3809   14.6135
    7.5000  -45.0000    7.5000 8091.0801   14.6017
   -7.5000  -37.5000    7.5000 8917.1230   15.5286
    0.0000  -37.5000    7.5000 8985.2451   15.5301
    7.5000  -37.5000    7.5000 8520.6543   15.5115
   -7.5000  -30.0000    7.5000 9484.8271   15.9219
    0.0000  -30.0000    7.5000 9592.6504   15.9200
    7.5000  -30.0000    7.5000 9072.7324   15.8937
   -7.5000  -22.5000    7.500010247.6299   15.9263
    0.0000  -22.5000    7.500010445.3760   15.9256
    7.5000  -22.5000    7.5000 9734.9492   15.8979
   -7.5000  -15.0000    7.500010907.8662   15.9334
    0.0000  -15.0000    7.500011088.0254   15.9392
    7.5000  -15.0000    7.500010291.5244   15.9186
   -7.5000   -7.5000    7.500010965.9580   15.9373
    0.0000   -7.5000    7.500011087.5977   15.9473
    7.5000   -7.5000    7.500010341.1807   15.9334
   -7.5000    0.0000    7.500010871.9980   15.9334
    0.0000    0.0000    7.500010975.7998   15.9407
    7.5000    0.0000    7.500010254.1670   15.9278
   -7.5000    7.5000    7.500010235.6670   15.9200
    0.0000    7.5000    7.500010325.7100   15.9215
    7.5000    7.5000    7.5000 9644.7773   15.9024
   -7.5000   15.0000    7.5000 9929.2637   15.9163
    0.0000   15.0000    7.500010019.9824   15.9144
    7.5000   15.0000    7.5000 9352.2910   15.8880
   -7.5000   22.5000    7.5000 9025.4922   15.7202
    0.0000   22.5000    7.5000 9111.8232   15.7195
    7.5000   22.5000    7.5000 8538.9658   15.6922
   -7.5000   30.0000    7.5000 8198.9404   15.3617
    0.0000   30.0000    7.5000 8265.9170   15.3672
    7.5000   30.0000    7.5000 7759.4341   15.3474
   -7.5000   37.5000    7.5000 7500.6743   15.0664
    0.0000   37.5000    7.5000 7552.1582   15.0760
    7.5000   37.5000    7.5000 7085.0488   15.0638
   -7.5000   45.0000    7.5000 6790.4170   14.9075
    0.0000   45.0000    7.5000 6855.7500   14.9196
    7.5000   45.0000    7.5000 6433.4219   14.9121
   -7.5000  -45.0000   15.0000 8504.4854   14.6162
    0.0000  -45.0000   15.0000 8600.0889   14.6174
    7.5000  -45.0000   15.0000 8109.9736   14.6018
   -7.5000  -37.5000   15.0000 8961.1768   15.5383
    0.0000  -37.5000   15.0000 9040.6377   15.5329
    7.5000  -37.5000   15.0000 8554.4570   15.5094
   -7.5000  -30.0000   15.0000 9497.9482   15.9294
    0.0000  -30.0000   15.0000 9657.9941   15.9186
    7.5000  -30.0000   15.0000 9084.9463   15.8872
   -7.5000  -22.5000   15.000010284.2080   15.9318
    0.0000  -22.5000   15.000010561.6631   15.9209
    7.5000  -22.5000   15.0000 9764.3428   15.8893
   -7.5000  -15.0000   15.000011005.0635   15.9399
    0.0000  -15.0000   15.000011298.6621   15.9361
    7.5000  -15.0000   15.000010383.7051   15.9121
   -7.5000   -7.5000   15.000011085.7432   15.9460
    0.0000   -7.5000   15.000011295.8047   15.9484
    7.5000   -7.5000   15.000010456.4639   15.9311
   -7.5000    0.0000   15.000010965.2070   15.9437
    0.0000    0.0000   15.000011104.9893   15.9449
    7.5000    0.0000   15.000010339.0518   15.9278
   -7.5000    7.5000   15.000010291.5537   15.9299
    0.0000    7.5000   15.000010392.5518   15.9244
    7.5000    7.5000   15.0000 9685.8213   15.9002
   -7.5000   15.0000   15.0000 9927.3018   15.9238
    0.0000   15.0000   15.0000 9996.8818   15.9129
    7.5000   15.0000   15.0000 9334.9619   15.8816
   -7.5000   22.5000   15.0000 9009.9346   15.7256
    0.0000   22.5000   15.0000 9087.2715   15.7149
    7.5000   22.5000   15.0000 8497.8564   15.6836
   -7.5000   30.0000   15.0000 8169.4043   15.3678
    0.0000   30.0000   15.0000 8237.0469   15.3640
    7.5000   30.0000   15.0000 7731.3535   15.3409
   -7.5000   37.5000   15.0000 7493.3818   15.0730
    0.0000   37.5000   15.0000 7552.3813   15.0747
    7.5000   37.5000   15.0000 7081.9692   15.0591
   -7.5000   45.0000   15.0000 6763.6572   14.9113
    0.0000   45.0000   15.0000 6834.1333   14.9169
    7.5000   45.0000   15.0000 6413.4883   14.9044
   -7.5000  -45.0000   22.5000 8130.1743   14.6290
    0.0000  -45.0000   22.5000 8220.2852   14.6294
    7.5000  -45.0000   22.5000 7734.6455   14.6165
   -7.5000  -37.5000   22.5000 8556.4854   15.5626
    0.0000  -37.5000   22.5000 8667.5547   15.5544
    7.5000  -37.5000   22.5000 8157.2363   15.5326
   -7.5000  -30.0000   22.5000 9073.7529   15.9615
    0.0000  -30.0000   22.5000 9266.8145   15.9466
    7.5000  -30.0000   22.5000 8674.4473   15.9178
   -7.5000  -22.5000   22.5000 9755.8232   15.9616
    0.0000  -22.5000   22.500010065.1504   15.9470
    7.5000  -22.5000   22.5000 9291.8252   15.9200
   -7.5000  -15.0000   22.500010430.1680   15.9599
    0.0000  -15.0000   22.500010749.1680   15.9538
    7.5000  -15.0000   22.5000 9895.9277   15.9355
   -7.5000   -7.5000   22.500010568.7637   15.9580
    0.0000   -7.5000   22.500010843.4219   15.9598
    7.5000   -7.5000   22.500010010.2480   15.9474
   -7.5000    0.0000   22.500010492.2148   15.9577
    0.0000    0.0000   22.500010702.7217   15.9579
    7.5000    0.0000   22.5000 9916.0361   15.9438
   -7.5000    7.5000   22.5000 9830.2363   15.9548
    0.0000    7.5000   22.5000 9966.0312   15.9464
    7.5000    7.5000   22.5000 9273.8525   15.9240
   -7.5000   15.0000   22.5000 9404.0352   15.9559
    0.0000   15.0000   22.5000 9489.2402   15.9409
    7.5000   15.0000   22.5000 8885.2324   15.9122
   -7.5000   22.5000   22.5000 8557.1074   15.7550
    0.0000   22.5000   22.5000 8612.9570   15.7406
    7.5000   22.5000   22.5000 8086.3809   15.7140
   -7.5000   30.0000   22.5000 7776.1255   15.3874
    0.0000   30.0000   22.5000 7813.5278   15.3814
    7.5000   30.0000   22.5000 7346.9980   15.3638
   -7.5000   37.5000   22.5000 7107.0776   15.0846
    0.0000   37.5000   22.5000 7147.8242   15.0852
    7.5000   37.5000   22.5000 6730.1001   15.0741
   -7.5000   45.0000   22.5000 6402.8848   14.9224
    0.0000   45.0000   22.5000 6461.9805   14.9262
    7.5000   45.0000   22.5000 6073.8477   14.9162
   -7.5000  -45.0000   30.0000 7689.4922   14.6709
    0.0000  -45.0000   30.0000 7776.1865   14.6767
    7.5000  -45.0000   30.0000 7307.0571   14.6711
   -7.5000  -37.5000   30.0000 8123.2080   15.6252
    0.0000  -37.5000   30.0000 8202.7676   15.6223
    7.5000  -37.5000   30.0000 7721.9248   15.6079
   -7.5000  -30.0000   30.0000 8629.9561   16.0396
    0.0000  -30.0000   30.0000 8761.8652   16.0305
    7.5000  -30.0000   30.0000 8209.9141   16.0101
   -7.5000  -22.5000   30.0000 9222.6934   16.0402
    0.0000  -22.5000   30.0000 9365.4531   16.0330
    7.5000  -22.5000   30.0000 8774.8818   16.0151
   -7.5000  -15.0000   30.0000 9767.5479   16.0270
    0.0000  -15.0000   30.0000 9887.3926   16.0294
    7.5000  -15.0000   30.0000 9289.1992   16.0204
   -7.5000   -7.5000   30.0000 9861.4580   16.0137
    0.0000   -7.5000   30.0000 9952.7080   16.0233
    7.5000   -7.5000   30.0000 9387.6455   16.0198
   -7.5000    0.0000   30.0000 9825.1016   16.0131
    0.0000    0.0000   30.0000 9924.5518   16.0194
    7.5000    0.0000   30.0000 9337.7275   16.0132
   -7.5000    7.5000   30.0000 9233.6289   16.0217
    0.0000    7.5000   30.0000 9322.0723   16.0187
    7.5000    7.5000   30.0000 8755.5840   16.0040
   -7.5000   15.0000   30.0000 8839.7314   16.0339
    0.0000   15.0000   30.0000 8909.8086   16.0248
    7.5000   15.0000   30.0000 8381.4639   16.0044
   -7.5000   22.5000   30.0000 8053.3315   15.8312
    0.0000   22.5000   30.0000 8105.7051   15.8241
    7.5000   22.5000   30.0000 7615.4229   15.8064
   -7.5000   30.0000   30.0000 7311.0112   15.4597
    0.0000   30.0000   30.0000 7357.3711   15.4621
    7.5000   30.0000   30.0000 6903.3315   15.4534
   -7.5000   37.5000   30.0000 6640.8887   15.1548
    0.0000   37.5000   30.0000 6706.3921   15.1631
    7.5000   37.5000   30.0000 6293.9150   15.1605
   -7.5000   45.0000   30.0000 5966.5176   15.0034
    0.0000   45.0000   30.0000 6031.1543   15.0131
    7.5000   45.0000   30.0000 5671.6880   15.0114
   -7.5000  -45.0000   37.5000 7209.9883   14.6051
    0.0000  -45.0000   37.5000 7272.8682   14.6165
    7.5000  -45.0000   37.5000 6864.5708   14.6138
   -7.5000  -37.5000   37.5000 7633.2871   15.5593
    0.0000  -37.5000   37.5000 7685.1860   15.5640
    7.5000  -37.5000   37.5000 7274.0229   15.5538
   -7.5000  -30.0000   37.5000 8119.4561   15.9659
    0.0000  -30.0000   37.5000 8211.9258   15.9669
    7.5000  -30.0000   37.5000 7743.5352   15.9511
   -7.5000  -22.5000   37.5000 8668.1328   15.9698
    0.0000  -22.5000   37.5000 8751.2529   15.9735
    7.5000  -22.5000   37.5000 8259.7178   15.9595
   -7.5000  -15.0000   37.5000 9140.0879   15.9554
    0.0000  -15.0000   37.5000 9202.3398   15.9675
    7.5000  -15.0000   37.5000 8716.8428   15.9616
   -7.5000   -7.5000   37.5000 9203.6514   15.9386
    0.0000   -7.5000   37.5000 9267.2100   15.9554
    7.5000   -7.5000   37.5000 8799.1846   15.9546
   -7.5000    0.0000   37.5000 9172.0312   15.9353
    0.0000    0.0000   37.5000 9238.6982   15.9477
    7.5000    0.0000   37.5000 8759.6865   15.9447
   -7.5000    7.5000   37.5000 8644.2148   15.9443
    0.0000    7.5000   37.5000 8681.1279   15.9490
    7.5000    7.5000   37.5000 8230.0488   15.9386
   -7.5000   15.0000   37.5000 8301.6758   15.9601
    0.0000   15.0000   37.5000 8331.2188   15.9611
    7.5000   15.0000   37.5000 7878.6440   15.9452
   -7.5000   22.5000   37.5000 7575.7139   15.7590
    0.0000   22.5000   37.5000 7613.4395   15.7626
    7.5000   22.5000   37.5000 7182.6733   15.7488
   -7.5000   30.0000   37.5000 6908.7676   15.3881
    0.0000   30.0000   37.5000 6933.0229   15.3998
    7.5000   30.0000   37.5000 6526.1787   15.3941
   -7.5000   37.5000   37.5000 6253.0317   15.0804
    0.0000   37.5000   37.5000 6279.9780   15.0963
    7.5000   37.5000   37.5000 5910.2812   15.0964
   -7.5000   45.0000   37.5000 5586.4639   14.9235
    0.0000   45.0000   37.5000 5624.6133   14.9402
    7.5000   45.0000   37.5000 5296.0239   14.9428
   -7.5000  -45.0000   45.0000 6688.0039   14.6634
    0.0000  -45.0000   45.0000 6759.5615   14.6786
    7.5000  -45.0000   45.0000 6385.1406   14.6721
   -7.5000  -37.5000   45.0000 7087.6147   15.6103
    0.0000  -37.5000   45.0000 7151.8042   15.6212
    7.5000  -37.5000   45.0000 6767.2036   15.6096
   -7.5000  -30.0000   45.0000 7545.0454   15.9930
    0.0000  -30.0000   45.0000 7636.0063   16.0019
    7.5000  -30.0000   45.0000 7211.9155   15.9853
   -7.5000  -22.5000   45.0000 8050.3638   15.9978
    0.0000  -22.5000   45.0000 8130.7954   16.0091
    7.5000  -22.5000   45.0000 7701.2788   15.9927
   -7.5000  -15.0000   45.0000 8468.6455   15.9953
    0.0000  -15.0000   45.0000 8524.8008   16.0129
    7.5000  -15.0000   45.0000 8090.3569   16.0021
   -7.5000   -7.5000   45.0000 8525.3760   15.9894
    0.0000   -7.5000   45.0000 8575.2432   16.0099
    7.5000   -7.5000   45.0000 8150.6104   16.0033
   -7.5000    0.0000   45.0000 8516.6289   15.9851
    0.0000    0.0000   45.0000 8573.4268   16.0015
    7.5000    0.0000   45.0000 8142.6509   15.9945
   -7.5000    7.5000   45.0000 8037.2656   15.9812
    0.0000    7.5000   45.0000 8081.9658   15.9923
    7.5000    7.5000   45.0000 7663.9541   15.9804
   -7.5000   15.0000   45.0000 7716.1846   15.9870
    0.0000   15.0000   45.0000 7743.7070   15.9959
    7.5000   15.0000   45.0000 7324.8452   15.9793
   -7.5000   22.5000   45.0000 7046.4634   15.7846
    0.0000   22.5000   45.0000 7074.2876   15.7957
    7.5000   22.5000   45.0000 6684.0186   15.7795
   -7.5000   30.0000   45.0000 6427.5142   15.4218
    0.0000   30.0000   45.0000 6468.5552   15.4388
    7.5000   30.0000   45.0000 6089.9014   15.4284
   -7.5000   37.5000   45.0000 5811.3169   15.1094
    0.0000   37.5000   45.0000 5847.6284   15.1291
    7.5000   37.5000   45.0000 5508.7593   15.1237
   -7.5000   45.0000   45.0000 5193.5049   14.9330
    0.0000   45.0000   45.0000 5228.6182   14.9541
    7.5000   45.0000   45.0000 4933.9131   14.9528

---------------------------------------------------------------------
imgreg_4dfp /opt/freesurfer/average/711-2C_as_mni_average_305 /opt/freesurfer/average/711-2B_as_mni_average_305_mask talsrcimg_g11 none talsrcimg_to_711-2C_as_mni_average_305_t4 4355
---------------------------------------------------------------------

freesurfer imgreg_4dfp.c
/opt/freesurfer/average/711-2C_as_mni_average_305.4dfp.img
       256       256       256         1
  1.000000  1.000000  1.000000
orientation T byte_order littleendian
Reading image: /opt/freesurfer/average/711-2C_as_mni_average_305.4dfp.img
dimensions:      256       256       256
mmppix:       1.0000   -1.0000   -1.0000
center:     128.0000 -129.0000 -129.0000
/opt/freesurfer/average/711-2B_as_mni_average_305_mask.4dfp.img
       256       256       256         1
  1.000000  1.000000  1.000000
orientation T byte_order littleendian
Reading mask: /opt/freesurfer/average/711-2B_as_mni_average_305_mask.4dfp.img (2306576 pixels)
talsrcimg_g11.4dfp.img
       256       256       256         1
  0.898438  0.898438  0.898438
orientation T byte_order littleendian
Reading image: talsrcimg_g11.4dfp.img
dimensions:      256       256       256
mmppix:       0.8984   -0.8984   -0.8984
center:     115.0001 -115.8985 -115.8985
rotation matrix determinant  1.000000
image alignment mode   4355 decimal     1103 hex
   -7.5000  -52.5000  -45.0000 1806.5557   15.6627
    0.0000  -52.5000  -45.0000 1818.2023   15.6376
    7.5000  -52.5000  -45.0000 1805.1484   15.6657
   -7.5000  -45.0000  -45.0000 1898.6123   14.5603
    0.0000  -45.0000  -45.0000 1915.6793   14.5194
    7.5000  -45.0000  -45.0000 1901.1962   14.6285
   -7.5000  -37.5000  -45.0000 1957.7897   13.6584
    0.0000  -37.5000  -45.0000 1977.3082   13.6548
    7.5000  -37.5000  -45.0000 1957.0291   13.7366
   -7.5000  -30.0000  -45.0000 1989.6173   12.9912
    0.0000  -30.0000  -45.0000 2009.1527   12.9695
    7.5000  -30.0000  -45.0000 1989.3618   13.0377
   -7.5000  -22.5000  -45.0000 2008.2557   12.5604
    0.0000  -22.5000  -45.0000 2025.4729   12.5037
    7.5000  -22.5000  -45.0000 2010.9675   12.5617
   -7.5000  -15.0000  -45.0000 2011.4696   12.4503
    0.0000  -15.0000  -45.0000 2033.4423   12.3633
    7.5000  -15.0000  -45.0000 2014.7196   12.4436
   -7.5000   -7.5000  -45.0000 2010.8118   12.6371
    0.0000   -7.5000  -45.0000 2031.9083   12.5608
    7.5000   -7.5000  -45.0000 2006.8369   12.6306
   -7.5000    0.0000  -45.0000 1987.6736   13.0585
    0.0000    0.0000  -45.0000 2006.7881   12.9957
    7.5000    0.0000  -45.0000 1982.9707   13.0971
   -7.5000    7.5000  -45.0000 1945.2603   13.7134
    0.0000    7.5000  -45.0000 1963.7158   13.6651
    7.5000    7.5000  -45.0000 1943.7269   13.7605
   -7.5000   15.0000  -45.0000 1887.9500   14.6323
    0.0000   15.0000  -45.0000 1903.9755   14.5718
    7.5000   15.0000  -45.0000 1879.9966   14.6402
   -7.5000   22.5000  -45.0000 1814.2030   15.9337
    0.0000   22.5000  -45.0000 1825.2874   15.8202
    7.5000   22.5000  -45.0000 1802.3724   15.9435
   -7.5000   30.0000  -45.0000 1718.5308   17.6545
    0.0000   30.0000  -45.0000 1729.9968   17.5317
    7.5000   30.0000  -45.0000 1701.7927   17.6956
   -7.5000   37.5000  -45.0000 1596.8944   19.8996
    0.0000   37.5000  -45.0000 1607.6602   19.7160
    7.5000   37.5000  -45.0000 1586.1575   19.9041
   -7.5000  -52.5000  -37.5000 1951.6838   15.2621
    0.0000  -52.5000  -37.5000 1966.5756   15.2499
    7.5000  -52.5000  -37.5000 1954.0476   15.3000
   -7.5000  -45.0000  -37.5000 2063.5540   14.2099
    0.0000  -45.0000  -37.5000 2075.5422   14.1980
    7.5000  -45.0000  -37.5000 2061.9583   14.2612
   -7.5000  -37.5000  -37.5000 2126.8589   13.3014
    0.0000  -37.5000  -37.5000 2143.0251   13.3040
    7.5000  -37.5000  -37.5000 2122.2522   13.3584
   -7.5000  -30.0000  -37.5000 2157.9658   12.6229
    0.0000  -30.0000  -37.5000 2179.2239   12.5975
    7.5000  -30.0000  -37.5000 2157.1899   12.6698
   -7.5000  -22.5000  -37.5000 2174.4700   12.1986
    0.0000  -22.5000  -37.5000 2197.5701   12.1551
    7.5000  -22.5000  -37.5000 2175.3599   12.2147
   -7.5000  -15.0000  -37.5000 2177.2219   12.0907
    0.0000  -15.0000  -37.5000 2197.5273   12.0086
    7.5000  -15.0000  -37.5000 2178.0625   12.0848
   -7.5000   -7.5000  -37.5000 2175.4194   12.2509
    0.0000   -7.5000  -37.5000 2195.5391   12.1733
    7.5000   -7.5000  -37.5000 2175.5959   12.2365
   -7.5000    0.0000  -37.5000 2152.9636   12.6672
    0.0000    0.0000  -37.5000 2171.6506   12.6201
    7.5000    0.0000  -37.5000 2148.5566   12.6710
   -7.5000    7.5000  -37.5000 2115.5212   13.3029
    0.0000    7.5000  -37.5000 2132.8132   13.2532
    7.5000    7.5000  -37.5000 2109.1355   13.3256
   -7.5000   15.0000  -37.5000 2043.2572   14.1801
    0.0000   15.0000  -37.5000 2062.4805   14.1329
    7.5000   15.0000  -37.5000 2040.2555   14.1875
   -7.5000   22.5000  -37.5000 1961.0579   15.4196
    0.0000   22.5000  -37.5000 1973.5098   15.3335
    7.5000   22.5000  -37.5000 1954.7257   15.3953
   -7.5000   30.0000  -37.5000 1859.9814   17.1032
    0.0000   30.0000  -37.5000 1868.7869   17.0112
    7.5000   30.0000  -37.5000 1847.0073   17.0919
   -7.5000   37.5000  -37.5000 1732.1118   19.2648
    0.0000   37.5000  -37.5000 1739.8387   19.1418
    7.5000   37.5000  -37.5000 1719.8496   19.2127
   -7.5000  -52.5000  -30.0000 2091.5522   14.8493
    0.0000  -52.5000  -30.0000 2110.2717   14.8205
    7.5000  -52.5000  -30.0000 2096.7107   14.8948
   -7.5000  -45.0000  -30.0000 2205.4460   13.7475
    0.0000  -45.0000  -30.0000 2226.7952   13.7388
    7.5000  -45.0000  -30.0000 2210.3855   13.8048
   -7.5000  -37.5000  -30.0000 2280.4985   12.8456
    0.0000  -37.5000  -30.0000 2297.1599   12.8171
    7.5000  -37.5000  -30.0000 2277.3640   12.8808
   -7.5000  -30.0000  -30.0000 2322.2927   12.2030
    0.0000  -30.0000  -30.0000 2337.5903   12.1285
    7.5000  -30.0000  -30.0000 2315.7678   12.2136
   -7.5000  -22.5000  -30.0000 2341.0430   11.8161
    0.0000  -22.5000  -30.0000 2365.3982   11.7306
    7.5000  -22.5000  -30.0000 2338.0283   11.8196
   -7.5000  -15.0000  -30.0000 2345.0659   11.7397
    0.0000  -15.0000  -30.0000 2366.7788   11.6456
    7.5000  -15.0000  -30.0000 2341.8115   11.7355
   -7.5000   -7.5000  -30.0000 2342.0415   11.8704
    0.0000   -7.5000  -30.0000 2362.4651   11.7925
    7.5000   -7.5000  -30.0000 2335.5918   11.8648
   -7.5000    0.0000  -30.0000 2314.4937   12.2447
    0.0000    0.0000  -30.0000 2334.5833   12.1514
    7.5000    0.0000  -30.0000 2309.1489   12.2414
   -7.5000    7.5000  -30.0000 2269.0247   12.8223
    0.0000    7.5000  -30.0000 2290.4849   12.7316
    7.5000    7.5000  -30.0000 2265.9619   12.8269
   -7.5000   15.0000  -30.0000 2196.9539   13.6746
    0.0000   15.0000  -30.0000 2217.1155   13.6127
    7.5000   15.0000  -30.0000 2190.1997   13.6787
   -7.5000   22.5000  -30.0000 2099.5437   14.8503
    0.0000   22.5000  -30.0000 2118.0186   14.7789
    7.5000   22.5000  -30.0000 2096.6797   14.8626
   -7.5000   30.0000  -30.0000 1993.1847   16.4647
    0.0000   30.0000  -30.0000 2005.5347   16.3763
    7.5000   30.0000  -30.0000 1982.2949   16.4249
   -7.5000   37.5000  -30.0000 1852.6139   18.5159
    0.0000   37.5000  -30.0000 1867.8826   18.4269
    7.5000   37.5000  -30.0000 1845.8496   18.4954
   -7.5000  -52.5000  -22.5000 2212.3167   14.2851
    0.0000  -52.5000  -22.5000 2234.8115   14.2552
    7.5000  -52.5000  -22.5000 2212.7590   14.3270
   -7.5000  -45.0000  -22.5000 2328.8003   13.2041
    0.0000  -45.0000  -22.5000 2346.6868   13.1537
    7.5000  -45.0000  -22.5000 2329.5000   13.2484
   -7.5000  -37.5000  -22.5000 2412.2903   12.2963
    0.0000  -37.5000  -22.5000 2428.9233   12.2358
    7.5000  -37.5000  -22.5000 2411.7703   12.3114
   -7.5000  -30.0000  -22.5000 2459.4373   11.6726
    0.0000  -30.0000  -22.5000 2477.2117   11.5936
    7.5000  -30.0000  -22.5000 2458.9033   11.6929
   -7.5000  -22.5000  -22.5000 2493.0081   11.3157
    0.0000  -22.5000  -22.5000 2516.9441   11.2032
    7.5000  -22.5000  -22.5000 2488.4185   11.3167
   -7.5000  -15.0000  -22.5000 2506.5452   11.2215
    0.0000  -15.0000  -22.5000 2523.0283   11.1263
    7.5000  -15.0000  -22.5000 2495.1980   11.2479
   -7.5000   -7.5000  -22.5000 2501.5032   11.3519
    0.0000   -7.5000  -22.5000 2519.3206   11.2609
    7.5000   -7.5000  -22.5000 2489.3611   11.3980
   -7.5000    0.0000  -22.5000 2467.8481   11.6993
    0.0000    0.0000  -22.5000 2491.1006   11.6113
    7.5000    0.0000  -22.5000 2461.2188   11.7205
   -7.5000    7.5000  -22.5000 2417.0251   12.2767
    0.0000    7.5000  -22.5000 2445.8704   12.1568
    7.5000    7.5000  -22.5000 2411.9756   12.2690
   -7.5000   15.0000  -22.5000 2337.6797   13.0996
    0.0000   15.0000  -22.5000 2358.6116   13.0071
    7.5000   15.0000  -22.5000 2331.1240   13.0547
   -7.5000   22.5000  -22.5000 2229.8198   14.2374
    0.0000   22.5000  -22.5000 2248.4729   14.1261
    7.5000   22.5000  -22.5000 2221.8555   14.1878
   -7.5000   30.0000  -22.5000 2113.1831   15.7262
    0.0000   30.0000  -22.5000 2128.9482   15.6223
    7.5000   30.0000  -22.5000 2103.9763   15.6912
   -7.5000   37.5000  -22.5000 1958.9680   17.6518
    0.0000   37.5000  -22.5000 1981.0406   17.5736
    7.5000   37.5000  -22.5000 1957.6763   17.6135
   -7.5000  -52.5000  -15.0000 2294.7725   13.6489
    0.0000  -52.5000  -15.0000 2317.4631   13.5914
    7.5000  -52.5000  -15.0000 2301.3408   13.7474
   -7.5000  -45.0000  -15.0000 2420.0479   12.5825
    0.0000  -45.0000  -15.0000 2444.6653   12.4949
    7.5000  -45.0000  -15.0000 2424.6775   12.6487
   -7.5000  -37.5000  -15.0000 2512.1382   11.7280
    0.0000  -37.5000  -15.0000 2535.4783   11.6297
    7.5000  -37.5000  -15.0000 2509.8450   11.7502
   -7.5000  -30.0000  -15.0000 2568.7385   11.1056
    0.0000  -30.0000  -15.0000 2586.5083   11.0137
    7.5000  -30.0000  -15.0000 2567.9590   11.1177
   -7.5000  -22.5000  -15.0000 2610.4470   10.7454
    0.0000  -22.5000  -15.0000 2631.4341   10.6443
    7.5000  -22.5000  -15.0000 2602.4324   10.7469
   -7.5000  -15.0000  -15.0000 2638.6511   10.5888
    0.0000  -15.0000  -15.0000 2656.3608   10.5073
    7.5000  -15.0000  -15.0000 2623.3899   10.6273
   -7.5000   -7.5000  -15.0000 2638.4312   10.7371
    0.0000   -7.5000  -15.0000 2659.3315   10.6558
    7.5000   -7.5000  -15.0000 2618.3652   10.7837
   -7.5000    0.0000  -15.0000 2606.9561   11.1158
    0.0000    0.0000  -15.0000 2629.0989   11.0183
    7.5000    0.0000  -15.0000 2592.9490   11.1427
   -7.5000    7.5000  -15.0000 2545.9807   11.6704
    0.0000    7.5000  -15.0000 2572.8726   11.5625
    7.5000    7.5000  -15.0000 2537.2688   11.6480
   -7.5000   15.0000  -15.0000 2453.8486   12.4578
    0.0000   15.0000  -15.0000 2479.8508   12.3521
    7.5000   15.0000  -15.0000 2448.6975   12.4183
   -7.5000   22.5000  -15.0000 2339.8501   13.5346
    0.0000   22.5000  -15.0000 2357.1992   13.4124
    7.5000   22.5000  -15.0000 2329.5674   13.4674
   -7.5000   30.0000  -15.0000 2206.6472   14.9692
    0.0000   30.0000  -15.0000 2223.4475   14.8356
    7.5000   30.0000  -15.0000 2195.2866   14.8780
   -7.5000   37.5000  -15.0000 2046.9786   16.7310
    0.0000   37.5000  -15.0000 2063.3567   16.6044
    7.5000   37.5000  -15.0000 2040.6807   16.6747
   -7.5000  -52.5000   -7.5000 2335.3181   13.0061
    0.0000  -52.5000   -7.5000 2358.9495   12.8979
    7.5000  -52.5000   -7.5000 2346.8259   13.0885
   -7.5000  -45.0000   -7.5000 2468.5195   11.9738
    0.0000  -45.0000   -7.5000 2496.1375   11.8700
    7.5000  -45.0000   -7.5000 2480.2461   12.0178
   -7.5000  -37.5000   -7.5000 2567.0593   11.1033
    0.0000  -37.5000   -7.5000 2596.3457   11.0069
    7.5000  -37.5000   -7.5000 2575.5457   11.1488
   -7.5000  -30.0000   -7.5000 2638.1223   10.4749
    0.0000  -30.0000   -7.5000 2661.6987   10.3978
    7.5000  -30.0000   -7.5000 2641.1526   10.5135
   -7.5000  -22.5000   -7.5000 2688.7202   10.1251
    0.0000  -22.5000   -7.5000 2712.6130   10.0497
    7.5000  -22.5000   -7.5000 2681.9622   10.1542
   -7.5000  -15.0000   -7.5000 2728.0657    9.9428
    0.0000  -15.0000   -7.5000 2752.7651    9.8761
    7.5000  -15.0000   -7.5000 2712.3770    9.9955
   -7.5000   -7.5000   -7.5000 2738.3440   10.0913
    0.0000   -7.5000   -7.5000 2760.8618   10.0203
    7.5000   -7.5000   -7.5000 2714.2712   10.1439
   -7.5000    0.0000   -7.5000 2702.1597   10.4784
    0.0000    0.0000   -7.5000 2729.2781   10.3952
    7.5000    0.0000   -7.5000 2687.2280   10.4954
   -7.5000    7.5000   -7.5000 2637.9688   11.0136
    0.0000    7.5000   -7.5000 2662.9543   10.9289
    7.5000    7.5000   -7.5000 2624.7366   11.0170
   -7.5000   15.0000   -7.5000 2536.3928   11.7542
    0.0000   15.0000   -7.5000 2560.2522   11.6506
    7.5000   15.0000   -7.5000 2531.1802   11.7423
   -7.5000   22.5000   -7.5000 2407.9246   12.7976
    0.0000   22.5000   -7.5000 2427.7581   12.6968
    7.5000   22.5000   -7.5000 2400.6938   12.7888
   -7.5000   30.0000   -7.5000 2267.2488   14.1909
    0.0000   30.0000   -7.5000 2287.8162   14.0448
    7.5000   30.0000   -7.5000 2259.5457   14.1301
   -7.5000   37.5000   -7.5000 2101.1785   15.8411
    0.0000   37.5000   -7.5000 2117.4490   15.7234
    7.5000   37.5000   -7.5000 2094.0007   15.7964
   -7.5000  -52.5000    0.0000 2365.6514   12.6417
    0.0000  -52.5000    0.0000 2385.4536   12.5235
    7.5000  -52.5000    0.0000 2375.3640   12.7013
   -7.5000  -45.0000    0.0000 2504.8022   11.6018
    0.0000  -45.0000    0.0000 2531.0195   11.4886
    7.5000  -45.0000    0.0000 2518.6628   11.6520
   -7.5000  -37.5000    0.0000 2612.4668   10.7213
    0.0000  -37.5000    0.0000 2639.5886   10.6190
    7.5000  -37.5000    0.0000 2624.8567   10.7489
   -7.5000  -30.0000    0.0000 2702.0627   10.0811
    0.0000  -30.0000    0.0000 2729.1692   10.0012
    7.5000  -30.0000    0.0000 2710.9185   10.1051
   -7.5000  -22.5000    0.0000 2770.9016    9.7531
    0.0000  -22.5000    0.0000 2800.4731    9.6714
    7.5000  -22.5000    0.0000 2770.1587    9.7451
   -7.5000  -15.0000    0.0000 2827.2173    9.5879
    0.0000  -15.0000    0.0000 2861.3577    9.5136
    7.5000  -15.0000    0.0000 2807.1658    9.6129
   -7.5000   -7.5000    0.0000 2838.2900    9.7189
    0.0000   -7.5000    0.0000 2863.0706    9.6334
    7.5000   -7.5000    0.0000 2808.7424    9.7625
   -7.5000    0.0000    0.0000 2792.6592   10.0730
    0.0000    0.0000    0.0000 2819.3904    9.9869
    7.5000    0.0000    0.0000 2771.6011   10.0863
   -7.5000    7.5000    0.0000 2715.1785   10.5820
    0.0000    7.5000    0.0000 2741.7151   10.4775
    7.5000    7.5000    0.0000 2702.7649   10.5761
   -7.5000   15.0000    0.0000 2604.2676   11.3142
    0.0000   15.0000    0.0000 2624.8191   11.1891
    7.5000   15.0000    0.0000 2596.6160   11.3048
   -7.5000   22.5000    0.0000 2464.4622   12.3644
    0.0000   22.5000    0.0000 2487.6072   12.2227
    7.5000   22.5000    0.0000 2461.1802   12.3432
   -7.5000   30.0000    0.0000 2320.6724   13.7061
    0.0000   30.0000    0.0000 2345.5613   13.5831
    7.5000   30.0000    0.0000 2311.3872   13.6906
   -7.5000   37.5000    0.0000 2148.7087   15.2832
    0.0000   37.5000    0.0000 2165.9905   15.1902
    7.5000   37.5000    0.0000 2143.9663   15.2973
   -7.5000  -52.5000    7.5000 2370.4705   12.3708
    0.0000  -52.5000    7.5000 2391.6257   12.2436
    7.5000  -52.5000    7.5000 2380.9902   12.4045
   -7.5000  -45.0000    7.5000 2518.2856   11.3243
    0.0000  -45.0000    7.5000 2541.4204   11.1976
    7.5000  -45.0000    7.5000 2527.2012   11.3557
   -7.5000  -37.5000    7.5000 2637.6887   10.4091
    0.0000  -37.5000    7.5000 2662.7485   10.3061
    7.5000  -37.5000    7.5000 2641.6973   10.4343
   -7.5000  -30.0000    7.5000 2749.0098    9.7669
    0.0000  -30.0000    7.5000 2775.0352    9.6858
    7.5000  -30.0000    7.5000 2750.2310    9.7813
   -7.5000  -22.5000    7.5000 2837.9026    9.4508
    0.0000  -22.5000    7.5000 2874.1292    9.3765
    7.5000  -22.5000    7.5000 2837.5513    9.4337
   -7.5000  -15.0000    7.5000 2901.5249    9.3558
    0.0000  -15.0000    7.5000 2944.2478    9.2840
    7.5000  -15.0000    7.5000 2884.2725    9.3420
   -7.5000   -7.5000    7.5000 2900.7278    9.4562
    0.0000   -7.5000    7.5000 2938.8491    9.3653
    7.5000   -7.5000    7.5000 2871.0974    9.4864
   -7.5000    0.0000    7.5000 2840.3599    9.7578
    0.0000    0.0000    7.5000 2870.5808    9.6561
    7.5000    0.0000    7.5000 2814.9216    9.7801
   -7.5000    7.5000    7.5000 2756.0049   10.2420
    0.0000    7.5000    7.5000 2782.7490   10.1030
    7.5000    7.5000    7.5000 2737.2471   10.2536
   -7.5000   15.0000    7.5000 2637.9812   10.9678
    0.0000   15.0000    7.5000 2664.0974   10.8286
    7.5000   15.0000    7.5000 2632.1868   10.9399
   -7.5000   22.5000    7.5000 2492.9504   11.9971
    0.0000   22.5000    7.5000 2516.9353   11.8451
    7.5000   22.5000    7.5000 2488.9634   11.9753
   -7.5000   30.0000    7.5000 2340.8123   13.3252
    0.0000   30.0000    7.5000 2365.5981   13.2108
    7.5000   30.0000    7.5000 2340.6265   13.3158
   -7.5000   37.5000    7.5000 2167.1416   14.8916
    0.0000   37.5000    7.5000 2184.2966   14.7716
    7.5000   37.5000    7.5000 2164.5361   14.8694
   -7.5000  -52.5000   15.0000 2368.2253   12.2179
    0.0000  -52.5000   15.0000 2386.3379   12.1033
    7.5000  -52.5000   15.0000 2369.1233   12.2847
   -7.5000  -45.0000   15.0000 2519.8120   11.1675
    0.0000  -45.0000   15.0000 2539.4641   11.0795
    7.5000  -45.0000   15.0000 2516.3274   11.2132
   -7.5000  -37.5000   15.0000 2647.9324   10.2660
    0.0000  -37.5000   15.0000 2666.8076   10.1900
    7.5000  -37.5000   15.0000 2643.1985   10.3114
   -7.5000  -30.0000   15.0000 2765.2388    9.6266
    0.0000  -30.0000   15.0000 2788.1707    9.5660
    7.5000  -30.0000   15.0000 2761.8442    9.6657
   -7.5000  -22.5000   15.0000 2868.0247    9.3123
    0.0000  -22.5000   15.0000 2904.5149    9.2794
    7.5000  -22.5000   15.0000 2864.4236    9.3023
   -7.5000  -15.0000   15.0000 2939.5205    9.2467
    0.0000  -15.0000   15.0000 2996.2546    9.2133
    7.5000  -15.0000   15.0000 2920.9568    9.2231
   -7.5000   -7.5000   15.0000 2934.8127    9.3142
    0.0000   -7.5000   15.0000 2982.3110    9.2681
    7.5000   -7.5000   15.0000 2904.5312    9.3499
   -7.5000    0.0000   15.0000 2864.3420    9.5862
    0.0000    0.0000   15.0000 2896.2302    9.4955
    7.5000    0.0000   15.0000 2838.1226    9.6325
   -7.5000    7.5000   15.0000 2768.7422   10.0406
    0.0000    7.5000   15.0000 2793.9358    9.9411
    7.5000    7.5000   15.0000 2750.5273   10.0781
   -7.5000   15.0000   15.0000 2638.8784   10.7770
    0.0000   15.0000   15.0000 2658.7554   10.6576
    7.5000   15.0000   15.0000 2633.0747   10.7622
   -7.5000   22.5000   15.0000 2494.1255   11.7957
    0.0000   22.5000   15.0000 2512.5449   11.6563
    7.5000   22.5000   15.0000 2485.8364   11.7538
   -7.5000   30.0000   15.0000 2343.0464   13.0912
    0.0000   30.0000   15.0000 2361.6853   12.9918
    7.5000   30.0000   15.0000 2339.0410   13.0743
   -7.5000   37.5000   15.0000 2170.4365   14.6118
    0.0000   37.5000   15.0000 2182.6748   14.5431
    7.5000   37.5000   15.0000 2163.3594   14.5929
   -7.5000  -52.5000   22.5000 2361.5413   12.2739
    0.0000  -52.5000   22.5000 2383.1130   12.1477
    7.5000  -52.5000   22.5000 2356.1877   12.3766
   -7.5000  -45.0000   22.5000 2504.2083   11.2185
    0.0000  -45.0000   22.5000 2524.1133   11.1148
    7.5000  -45.0000   22.5000 2498.6807   11.2906
   -7.5000  -37.5000   22.5000 2632.6887   10.3612
    0.0000  -37.5000   22.5000 2652.9282   10.2764
    7.5000  -37.5000   22.5000 2625.4688   10.3967
   -7.5000  -30.0000   22.5000 2750.7083    9.7234
    0.0000  -30.0000   22.5000 2770.3538    9.6791
    7.5000  -30.0000   22.5000 2744.4270    9.7633
   -7.5000  -22.5000   22.5000 2849.7019    9.3937
    0.0000  -22.5000   22.5000 2882.5457    9.3988
    7.5000  -22.5000   22.5000 2840.5542    9.4194
   -7.5000  -15.0000   22.5000 2926.6531    9.2701
    0.0000  -15.0000   22.5000 2973.4773    9.2826
    7.5000  -15.0000   22.5000 2901.3940    9.3182
   -7.5000   -7.5000   22.5000 2919.8643    9.3825
    0.0000   -7.5000   22.5000 2962.3760    9.3351
    7.5000   -7.5000   22.5000 2888.8088    9.4535
   -7.5000    0.0000   22.5000 2849.9041    9.6700
    0.0000    0.0000   22.5000 2881.1497    9.6078
    7.5000    0.0000   22.5000 2822.0815    9.7230
   -7.5000    7.5000   22.5000 2751.8691   10.1294
    0.0000    7.5000   22.5000 2776.7708   10.0385
    7.5000    7.5000   22.5000 2730.7307   10.1546
   -7.5000   15.0000   22.5000 2612.7397   10.8339
    0.0000   15.0000   22.5000 2634.3635   10.6985
    7.5000   15.0000   22.5000 2608.1917   10.8239
   -7.5000   22.5000   22.5000 2476.3037   11.7945
    0.0000   22.5000   22.5000 2489.6479   11.6292
    7.5000   22.5000   22.5000 2468.5354   11.7643
   -7.5000   30.0000   22.5000 2332.2920   13.0602
    0.0000   30.0000   22.5000 2342.8596   12.9131
    7.5000   30.0000   22.5000 2318.0264   13.0311
   -7.5000   37.5000   22.5000 2153.9731   14.5190
    0.0000   37.5000   22.5000 2165.3467   14.3932
    7.5000   37.5000   22.5000 2141.9141   14.4914
   -7.5000  -52.5000   30.0000 2343.2756   12.6257
    0.0000  -52.5000   30.0000 2359.5801   12.4893
    7.5000  -52.5000   30.0000 2329.7756   12.7317
   -7.5000  -45.0000   30.0000 2480.7397   11.5645
    0.0000  -45.0000   30.0000 2495.4951   11.4525
    7.5000  -45.0000   30.0000 2466.1335   11.6524
   -7.5000  -37.5000   30.0000 2606.4753   10.6782
    0.0000  -37.5000   30.0000 2619.3999   10.5978
    7.5000  -37.5000   30.0000 2588.8562   10.7487
   -7.5000  -30.0000   30.0000 2716.0569   10.0594
    0.0000  -30.0000   30.0000 2731.0481    9.9904
    7.5000  -30.0000   30.0000 2702.0916   10.1149
   -7.5000  -22.5000   30.0000 2805.1250    9.6803
    0.0000  -22.5000   30.0000 2829.2903    9.6261
    7.5000  -22.5000   30.0000 2791.1880    9.7220
   -7.5000  -15.0000   30.0000 2868.1611    9.5113
    0.0000  -15.0000   30.0000 2901.2461    9.4276
    7.5000  -15.0000   30.0000 2841.8003    9.5955
   -7.5000   -7.5000   30.0000 2855.5637    9.5985
    0.0000   -7.5000   30.0000 2883.8398    9.5012
    7.5000   -7.5000   30.0000 2830.6687    9.6973
   -7.5000    0.0000   30.0000 2792.3286    9.9084
    0.0000    0.0000   30.0000 2817.3181    9.8152
    7.5000    0.0000   30.0000 2768.7793    9.9907
   -7.5000    7.5000   30.0000 2697.9597   10.4264
    0.0000    7.5000   30.0000 2719.3918   10.3166
    7.5000    7.5000   30.0000 2677.4524   10.4561
   -7.5000   15.0000   30.0000 2571.4077   11.1175
    0.0000   15.0000   30.0000 2588.4214   10.9979
    7.5000   15.0000   30.0000 2563.3311   11.1138
   -7.5000   22.5000   30.0000 2433.5869   12.0476
    0.0000   22.5000   30.0000 2448.2708   11.9121
    7.5000   22.5000   30.0000 2426.8345   12.0465
   -7.5000   30.0000   30.0000 2293.5354   13.2431
    0.0000   30.0000   30.0000 2308.9861   13.1182
    7.5000   30.0000   30.0000 2283.1829   13.2276
   -7.5000   37.5000   30.0000 2114.6155   14.6400
    0.0000   37.5000   30.0000 2132.0728   14.5133
    7.5000   37.5000   30.0000 2112.0781   14.6027
   -7.5000  -52.5000   37.5000 2306.1030   13.1536
    0.0000  -52.5000   37.5000 2321.8921   13.0488
    7.5000  -52.5000   37.5000 2291.6499   13.2954
   -7.5000  -45.0000   37.5000 2440.6001   12.0794
    0.0000  -45.0000   37.5000 2455.4973   11.9496
    7.5000  -45.0000   37.5000 2425.3479   12.1885
   -7.5000  -37.5000   37.5000 2562.1560   11.1658
    0.0000  -37.5000   37.5000 2575.6494   11.0499
    7.5000  -37.5000   37.5000 2547.5349   11.2767
   -7.5000  -30.0000   37.5000 2669.3777   10.5175
    0.0000  -30.0000   37.5000 2680.7620   10.4356
    7.5000  -30.0000   37.5000 2651.9885   10.6037
   -7.5000  -22.5000   37.5000 2740.6133   10.1165
    0.0000  -22.5000   37.5000 2761.3386   10.0099
    7.5000  -22.5000   37.5000 2723.0310   10.1858
   -7.5000  -15.0000   37.5000 2780.0444    9.9271
    0.0000  -15.0000   37.5000 2802.1350    9.8123
    7.5000  -15.0000   37.5000 2754.7710   10.0199
   -7.5000   -7.5000   37.5000 2765.4978    9.9726
    0.0000   -7.5000   37.5000 2791.3457    9.8685
    7.5000   -7.5000   37.5000 2751.1057   10.0883
   -7.5000    0.0000   37.5000 2707.6799   10.2645
    0.0000    0.0000   37.5000 2731.8298   10.1787
    7.5000    0.0000   37.5000 2697.6440   10.3553
   -7.5000    7.5000   37.5000 2623.2944   10.7913
    0.0000    7.5000   37.5000 2641.8135   10.6754
    7.5000    7.5000   37.5000 2609.1941   10.8330
   -7.5000   15.0000   37.5000 2512.4155   11.4946
    0.0000   15.0000   37.5000 2528.2676   11.3546
    7.5000   15.0000   37.5000 2500.8064   11.5099
   -7.5000   22.5000   37.5000 2377.1438   12.4127
    0.0000   22.5000   37.5000 2396.1309   12.2831
    7.5000   22.5000   37.5000 2378.4050   12.4517
   -7.5000   30.0000   37.5000 2242.3101   13.6229
    0.0000   30.0000   37.5000 2259.0085   13.4823
    7.5000   30.0000   37.5000 2240.3547   13.6235
   -7.5000   37.5000   37.5000 2069.0881   15.0088
    0.0000   37.5000   37.5000 2083.5322   14.8840
    7.5000   37.5000   37.5000 2063.2297   15.0060
   -7.5000  -52.5000   45.0000 2233.3374   13.7990
    0.0000  -52.5000   45.0000 2248.5498   13.6905
    7.5000  -52.5000   45.0000 2219.0085   13.9686
   -7.5000  -45.0000   45.0000 2369.2732   12.6813
    0.0000  -45.0000   45.0000 2386.3774   12.5791
    7.5000  -45.0000   45.0000 2353.9421   12.8594
   -7.5000  -37.5000   45.0000 2482.0886   11.7612
    0.0000  -37.5000   45.0000 2501.1577   11.6505
    7.5000  -37.5000   45.0000 2470.0417   11.9047
   -7.5000  -30.0000   45.0000 2573.9980   11.0707
    0.0000  -30.0000   45.0000 2592.4900   10.9745
    7.5000  -30.0000   45.0000 2561.1367   11.1866
   -7.5000  -22.5000   45.0000 2633.2083   10.6609
    0.0000  -22.5000   45.0000 2657.0825   10.5558
    7.5000  -22.5000   45.0000 2618.2329   10.7783
   -7.5000  -15.0000   45.0000 2660.5920   10.4324
    0.0000  -15.0000   45.0000 2678.3696   10.3442
    7.5000  -15.0000   45.0000 2636.7375   10.5725
   -7.5000   -7.5000   45.0000 2644.5164   10.4821
    0.0000   -7.5000   45.0000 2664.2629   10.3815
    7.5000   -7.5000   45.0000 2631.5469   10.5974
   -7.5000    0.0000   45.0000 2586.8086   10.7876
    0.0000    0.0000   45.0000 2609.5732   10.6864
    7.5000    0.0000   45.0000 2580.8711   10.8558
   -7.5000    7.5000   45.0000 2515.1553   11.2675
    0.0000    7.5000   45.0000 2536.1799   11.1424
    7.5000    7.5000   45.0000 2507.6992   11.3250
   -7.5000   15.0000   45.0000 2414.8823   11.9355
    0.0000   15.0000   45.0000 2430.1458   11.7808
    7.5000   15.0000   45.0000 2404.8828   11.9691
   -7.5000   22.5000   45.0000 2298.2009   12.8411
    0.0000   22.5000   45.0000 2311.6174   12.7109
    7.5000   22.5000   45.0000 2290.5288   12.8772
   -7.5000   30.0000   45.0000 2168.6055   14.0492
    0.0000   30.0000   45.0000 2187.9377   13.9504
    7.5000   30.0000   45.0000 2161.8645   14.1057
   -7.5000   37.5000   45.0000 1998.1217   15.5107
    0.0000   37.5000   45.0000 2013.5029   15.4256
    7.5000   37.5000   45.0000 1993.5081   15.5658

---------------------------------------------------------------------
imgreg_4dfp /opt/freesurfer/average/711-2C_as_mni_average_305 /opt/freesurfer/average/711-2B_as_mni_average_305_mask talsrcimg_g11 none talsrcimg_to_711-2C_as_mni_average_305_t4 1283
---------------------------------------------------------------------

freesurfer imgreg_4dfp.c
/opt/freesurfer/average/711-2C_as_mni_average_305.4dfp.img
       256       256       256         1
  1.000000  1.000000  1.000000
orientation T byte_order littleendian
Reading image: /opt/freesurfer/average/711-2C_as_mni_average_305.4dfp.img
dimensions:      256       256       256
mmppix:       1.0000   -1.0000   -1.0000
center:     128.0000 -129.0000 -129.0000
/opt/freesurfer/average/711-2B_as_mni_average_305_mask.4dfp.img
       256       256       256         1
  1.000000  1.000000  1.000000
orientation T byte_order littleendian
Reading mask: /opt/freesurfer/average/711-2B_as_mni_average_305_mask.4dfp.img (2306576 pixels)
talsrcimg_g11.4dfp.img
       256       256       256         1
  0.898438  0.898438  0.898438
orientation T byte_order littleendian
Reading image: talsrcimg_g11.4dfp.img
dimensions:      256       256       256
mmppix:       0.8984   -0.8984   -0.8984
center:     115.0001 -115.8985 -115.8985
rotation matrix determinant  1.000000
fimgreg.f
image alignment mode   1283 decimal      503 hex
parameters
    0.0000  -15.0000   15.0000    0.0000    0.0000    0.0000
eta,q 0.94112  9.22429
niter,ni,del,rscale     5    3   12.0000    1.2000
parameters
   -0.6674  -13.0830   16.3282   -1.3708    1.9978    0.4206
eta,q 0.94845  9.10425
  0.0685  0.0776  0.0665  0.0569  0.0649  0.0600
  0.0611  0.0682  0.0611  0.0540  0.0600  0.0554
  0.0560  0.0599  0.0565  0.0523  0.0553  0.0524
  0.0545  0.0545  0.0533  0.0525  0.0522  0.0515
  0.0580  0.0534  0.0526  0.0548  0.0515  0.0521
  0.0664  0.0556  0.0545  0.0589  0.0527  0.0543
  0.0766  0.0602  0.0592  0.0639  0.0552  0.0576
niter,ni,del,rscale     4    3   12.0000    1.2000
parameters
   -1.5300  -12.5010   16.0386   -2.1099    3.0142   -0.1741
eta,q 0.94926  9.10176
  0.0653  0.0686  0.0605  0.0565  0.0621  0.0561
  0.0573  0.0592  0.0554  0.0529  0.0570  0.0525
  0.0522  0.0532  0.0520  0.0511  0.0530  0.0510
  0.0516  0.0512  0.0513  0.0513  0.0511  0.0508
  0.0565  0.0529  0.0525  0.0523  0.0509  0.0520
  0.0653  0.0570  0.0567  0.0552  0.0526  0.0547
  0.0744  0.0618  0.0625  0.0601  0.0568  0.0583
niter,ni,del,rscale     3    3   12.0000    1.2000
parameters
   -2.0387  -12.0793   15.7193   -2.7633    3.5943   -0.4870
eta,q 0.94960  9.10329
  0.0674  0.0656  0.0600  0.0557  0.0612  0.0561
  0.0582  0.0568  0.0552  0.0524  0.0562  0.0525
  0.0522  0.0517  0.0517  0.0505  0.0523  0.0508
  0.0507  0.0506  0.0509  0.0508  0.0505  0.0504
  0.0549  0.0528  0.0526  0.0521  0.0508  0.0513
  0.0638  0.0561  0.0566  0.0541  0.0531  0.0539
  0.0729  0.0603  0.0622  0.0583  0.0582  0.0571
niter,ni,del,rscale     2    3   12.0000    1.2000
parameters
   -2.3037  -11.6478   15.4459   -3.4855    3.9169   -0.5809
eta,q 0.94978  9.11265
  0.0694  0.0642  0.0602  0.0550  0.0607  0.0567
  0.0592  0.0558  0.0556  0.0519  0.0560  0.0529
  0.0522  0.0512  0.0520  0.0503  0.0519  0.0508
  0.0504  0.0504  0.0506  0.0506  0.0502  0.0502
  0.0539  0.0523  0.0526  0.0522  0.0510  0.0509
  0.0626  0.0551  0.0566  0.0539  0.0541  0.0536
  0.0721  0.0593  0.0622  0.0572  0.0591  0.0569
niter,ni,del,rscale     1    3   12.0000    1.2000
parameters
   -2.4519  -11.1306   15.1924   -4.3781    4.1626   -0.5632
eta,q 0.95011  9.12409
  0.0705  0.0638  0.0603  0.0544  0.0605  0.0576
  0.0598  0.0557  0.0558  0.0515  0.0559  0.0533
  0.0521  0.0512  0.0522  0.0499  0.0517  0.0507
  0.0502  0.0502  0.0503  0.0504  0.0499  0.0499
  0.0537  0.0516  0.0523  0.0523  0.0510  0.0507
  0.0622  0.0543  0.0567  0.0540  0.0545  0.0537
  0.0716  0.0587  0.0625  0.0566  0.0592  0.0572
registration optimization eta report
parameter search radius
    6.0000    6.0000    6.0000    6.0000    6.0000    6.0000
100000*second partial in parameter space
       57.       31.       30.       14.       27.       21.
  0.0705  0.0638  0.0603  0.0544  0.0605  0.0576
  0.0598  0.0557  0.0558  0.0515  0.0559  0.0533
  0.0521  0.0512  0.0522  0.0499  0.0517  0.0507
  0.0502  0.0502  0.0503  0.0504  0.0499  0.0499
  0.0537  0.0516  0.0523  0.0523  0.0510  0.0507
  0.0622  0.0543  0.0567  0.0540  0.0545  0.0537
  0.0716  0.0587  0.0625  0.0566  0.0592  0.0572
   -2.4519  -11.1306   15.1924   -4.3781    4.1626   -0.5632
eta,q 0.95011  9.12409

---------------------------------------------------------------------
imgreg_4dfp /opt/freesurfer/average/711-2C_as_mni_average_305 /opt/freesurfer/average/711-2B_as_mni_average_305_mask talsrcimg_g11 none talsrcimg_to_711-2C_as_mni_average_305_t4 3335
---------------------------------------------------------------------

freesurfer imgreg_4dfp.c
/opt/freesurfer/average/711-2C_as_mni_average_305.4dfp.img
       256       256       256         1
  1.000000  1.000000  1.000000
orientation T byte_order littleendian
Reading image: /opt/freesurfer/average/711-2C_as_mni_average_305.4dfp.img
dimensions:      256       256       256
mmppix:       1.0000   -1.0000   -1.0000
center:     128.0000 -129.0000 -129.0000
/opt/freesurfer/average/711-2B_as_mni_average_305_mask.4dfp.img
       256       256       256         1
  1.000000  1.000000  1.000000
orientation T byte_order littleendian
Reading mask: /opt/freesurfer/average/711-2B_as_mni_average_305_mask.4dfp.img (2306576 pixels)
talsrcimg_g11.4dfp.img
       256       256       256         1
  0.898438  0.898438  0.898438
orientation T byte_order littleendian
Reading image: talsrcimg_g11.4dfp.img
dimensions:      256       256       256
mmppix:       0.8984   -0.8984   -0.8984
center:     115.0001 -115.8985 -115.8985
fimgreg.f
image alignment mode   3335 decimal      D07 hex
parameters
   -2.4519  -11.1306   15.1924   -0.2686   -0.3021   -0.5548
    1.5341   -7.1622   -0.9803    7.7045    7.2588   -7.6136
eta,q 0.94802  9.23982
niter,ni,del,rscale     5    3    5.0000    1.2000
parameter  2 -0.538566 -> -0.500000 qaram    1.1500
parameter  4  0.636756 ->  0.500000 qaram    1.1500
parameter  5  1.510806 ->  0.500000 qaram    1.1500
parameter  6  1.308025 ->  0.500000 qaram    1.1500
parameters
   -2.5012   -9.7506   15.1714   -4.4086   -4.4421   -4.6948
    1.9182   -5.6702   -0.1053    7.1637    4.6149   -9.5748
eta,q 0.95808  8.76930
  0.0552  0.0561  0.0530  0.0504  0.0447  0.0406  0.0452  0.0475  0.0445  0.0440  0.0423  0.0424
  0.0534  0.0544  0.0521  0.0501  0.0459  0.0418  0.0437  0.0450  0.0433  0.0429  0.0420  0.0421
  0.0523  0.0530  0.0515  0.0502  0.0476  0.0436  0.0427  0.0432  0.0425  0.0423  0.0419  0.0419
  0.0520  0.0520  0.0513  0.0513  0.0500  0.0463  0.0422  0.0422  0.0421  0.0420  0.0421  0.0419
  0.0524  0.0514  0.0514  0.0533  0.0532  0.0499  0.0424  0.0421  0.0421  0.0423  0.0424  0.0422
  0.0536  0.0513  0.0520  0.0561  0.0569  0.0543  0.0433  0.0428  0.0427  0.0432  0.0429  0.0429
  0.0555  0.0519  0.0531  0.0592  0.0609  0.0591  0.0447  0.0444  0.0436  0.0449  0.0436  0.0438
niter,ni,del,rscale     7    3    5.0000    1.2000
parameter  5  1.002671 ->  0.500000 qaram    1.3225
parameter  6  1.037188 ->  0.500000 qaram    1.3225
parameters
   -2.1808   -9.3366   14.1089   -5.3644   -9.2031   -9.4558
    1.5800   -5.0449    0.4657    9.8712    5.2092   -9.7381
eta,q 0.96419  8.29421
  0.0459  0.0458  0.0420  0.0433  0.0384  0.0350  0.0385  0.0404  0.0383  0.0407  0.0366  0.0370
  0.0439  0.0438  0.0415  0.0424  0.0389  0.0358  0.0372  0.0382  0.0372  0.0387  0.0362  0.0364
  0.0426  0.0425  0.0415  0.0419  0.0400  0.0370  0.0364  0.0368  0.0364  0.0371  0.0359  0.0360
  0.0419  0.0419  0.0418  0.0415  0.0416  0.0391  0.0361  0.0361  0.0361  0.0361  0.0358  0.0358
  0.0420  0.0419  0.0424  0.0415  0.0438  0.0422  0.0365  0.0363  0.0362  0.0358  0.0358  0.0360
  0.0428  0.0426  0.0433  0.0427  0.0468  0.0462  0.0375  0.0374  0.0368  0.0360  0.0361  0.0364
  0.0443  0.0439  0.0445  0.0452  0.0508  0.0511  0.0390  0.0392  0.0377  0.0368  0.0364  0.0371
niter,ni,del,rscale     7    3    5.0000    1.2000
parameter  2 -0.506228 -> -0.500000 qaram    1.3225
parameter  5  0.711113 ->  0.500000 qaram    1.5209
parameter  6  0.597292 ->  0.500000 qaram    1.5209
parameters
   -2.0891   -7.7496   13.2710   -6.6176  -14.6783  -14.9310
    1.1292   -4.7368   -0.3671   12.2985    5.3294  -11.6280
eta,q 0.96939  7.73737
  0.0390  0.0421  0.0354  0.0358  0.0333  0.0320  0.0333  0.0358  0.0326  0.0362  0.0317  0.0311
  0.0373  0.0394  0.0349  0.0350  0.0330  0.0311  0.0321  0.0334  0.0317  0.0340  0.0311  0.0308
  0.0362  0.0373  0.0348  0.0348  0.0335  0.0316  0.0313  0.0317  0.0311  0.0322  0.0307  0.0306
  0.0358  0.0358  0.0350  0.0348  0.0348  0.0331  0.0311  0.0311  0.0311  0.0310  0.0306  0.0306
  0.0361  0.0350  0.0355  0.0348  0.0369  0.0355  0.0315  0.0315  0.0315  0.0306  0.0307  0.0309
  0.0370  0.0350  0.0363  0.0354  0.0396  0.0394  0.0325  0.0329  0.0323  0.0310  0.0311  0.0314
  0.0385  0.0358  0.0375  0.0372  0.0432  0.0445  0.0340  0.0351  0.0335  0.0321  0.0316  0.0321
niter,ni,del,rscale     7    3    5.0000    1.2000
parameters
   -1.8458   -7.0716   12.1185   -7.7107  -16.2849  -15.9061
    0.9065   -4.4422   -0.6273   13.2141    5.3195  -12.5386
eta,q 0.97043  7.57285
  0.0344  0.0376  0.0305  0.0314  0.0333  0.0352  0.0323  0.0348  0.0317  0.0338  0.0307  0.0303
  0.0325  0.0341  0.0301  0.0302  0.0312  0.0322  0.0308  0.0322  0.0305  0.0317  0.0301  0.0299
  0.0312  0.0317  0.0301  0.0298  0.0300  0.0301  0.0299  0.0304  0.0298  0.0303  0.0297  0.0296
  0.0306  0.0306  0.0304  0.0300  0.0299  0.0298  0.0297  0.0297  0.0297  0.0297  0.0296  0.0296
  0.0307  0.0305  0.0311  0.0305  0.0309  0.0310  0.0301  0.0302  0.0300  0.0297  0.0297  0.0298
  0.0315  0.0315  0.0320  0.0310  0.0331  0.0335  0.0311  0.0317  0.0308  0.0306  0.0301  0.0302
  0.0331  0.0333  0.0333  0.0321  0.0362  0.0378  0.0326  0.0340  0.0320  0.0321  0.0307  0.0309
niter,ni,del,rscale     6    3    5.0000    1.2000
parameters
   -1.7968   -6.8100   11.8205   -7.6561  -16.5037  -16.0774
    0.9540   -4.3977   -0.6295   13.6222    5.2682  -12.9027
eta,q 0.97052  7.56285
  0.0331  0.0351  0.0308  0.0317  0.0341  0.0359  0.0323  0.0343  0.0317  0.0332  0.0307  0.0304
  0.0312  0.0322  0.0300  0.0302  0.0318  0.0327  0.0308  0.0318  0.0305  0.0313  0.0300  0.0299
  0.0300  0.0303  0.0296  0.0294  0.0301  0.0303  0.0299  0.0301  0.0298  0.0300  0.0296  0.0296
  0.0296  0.0296  0.0295  0.0295  0.0295  0.0295  0.0295  0.0295  0.0295  0.0295  0.0295  0.0295
  0.0299  0.0299  0.0299  0.0300  0.0302  0.0305  0.0298  0.0301  0.0298  0.0297  0.0297  0.0296
  0.0310  0.0313  0.0306  0.0305  0.0319  0.0326  0.0307  0.0318  0.0305  0.0308  0.0301  0.0300
  0.0328  0.0334  0.0315  0.0313  0.0346  0.0365  0.0322  0.0342  0.0317  0.0325  0.0307  0.0306
niter,ni,del,rscale     5    3    5.0000    1.2000
parameters
   -1.7943   -6.7216   11.7444   -7.6450  -16.5659  -16.1036
    0.9714   -4.3877   -0.6163   13.7754    5.2459  -13.0079
eta,q 0.97052  7.56133
  0.0328  0.0345  0.0310  0.0317  0.0342  0.0360  0.0322  0.0343  0.0317  0.0329  0.0307  0.0305
  0.0310  0.0317  0.0301  0.0302  0.0318  0.0328  0.0308  0.0318  0.0305  0.0311  0.0300  0.0300
  0.0299  0.0300  0.0296  0.0294  0.0302  0.0304  0.0298  0.0300  0.0298  0.0299  0.0296  0.0296
  0.0295  0.0295  0.0295  0.0295  0.0295  0.0295  0.0295  0.0295  0.0295  0.0295  0.0295  0.0295
  0.0298  0.0300  0.0297  0.0300  0.0301  0.0304  0.0298  0.0301  0.0297  0.0298  0.0296  0.0296
  0.0310  0.0315  0.0303  0.0305  0.0317  0.0325  0.0307  0.0318  0.0305  0.0309  0.0301  0.0300
  0.0329  0.0338  0.0312  0.0313  0.0345  0.0362  0.0322  0.0342  0.0317  0.0327  0.0307  0.0306
niter,ni,del,rscale     4    3    5.0000    1.2000
parameters
   -1.7948   -6.6921   11.7248   -7.6389  -16.5909  -16.1071
    0.9784   -4.3873   -0.6093   13.8244    5.2338  -13.0354
eta,q 0.97052  7.56100
  0.0328  0.0343  0.0311  0.0317  0.0342  0.0360  0.0322  0.0343  0.0317  0.0328  0.0307  0.0305
  0.0310  0.0316  0.0302  0.0302  0.0319  0.0328  0.0308  0.0317  0.0305  0.0310  0.0300  0.0300
  0.0299  0.0300  0.0296  0.0294  0.0302  0.0304  0.0298  0.0300  0.0297  0.0299  0.0296  0.0296
  0.0295  0.0295  0.0295  0.0295  0.0295  0.0295  0.0295  0.0295  0.0295  0.0295  0.0295  0.0295
  0.0298  0.0301  0.0297  0.0300  0.0301  0.0304  0.0298  0.0301  0.0297  0.0298  0.0296  0.0296
  0.0310  0.0316  0.0303  0.0305  0.0317  0.0325  0.0307  0.0318  0.0305  0.0310  0.0301  0.0299
  0.0329  0.0340  0.0311  0.0313  0.0345  0.0362  0.0323  0.0342  0.0317  0.0327  0.0307  0.0305
registration optimization eta report
parameter search radius
    2.4000    3.1740    2.4000    8.2800   10.9503   10.9503
    7.2000    7.2000    7.2000    7.2000    7.2000    7.2000
100000*second partial in parameter space
       58.       46.       28.        3.        4.        5.
        5.        9.        4.        6.        2.        2.
  0.0328  0.0343  0.0311  0.0317  0.0342  0.0360  0.0322  0.0343  0.0317  0.0328  0.0307  0.0305
  0.0310  0.0316  0.0302  0.0302  0.0319  0.0328  0.0308  0.0317  0.0305  0.0310  0.0300  0.0300
  0.0299  0.0300  0.0296  0.0294  0.0302  0.0304  0.0298  0.0300  0.0297  0.0299  0.0296  0.0296
  0.0295  0.0295  0.0295  0.0295  0.0295  0.0295  0.0295  0.0295  0.0295  0.0295  0.0295  0.0295
  0.0298  0.0301  0.0297  0.0300  0.0301  0.0304  0.0298  0.0301  0.0297  0.0298  0.0296  0.0296
  0.0310  0.0316  0.0303  0.0305  0.0317  0.0325  0.0307  0.0318  0.0305  0.0310  0.0301  0.0299
  0.0329  0.0340  0.0311  0.0313  0.0345  0.0362  0.0323  0.0342  0.0317  0.0327  0.0307  0.0305
   -1.7948   -6.6921   11.7248   -7.6389  -16.5909  -16.1071
    0.9784   -4.3873   -0.6093   13.8244    5.2338  -13.0354
eta,q 0.97052  7.56100

---------------------------------------------------------------------
imgreg_4dfp /opt/freesurfer/average/711-2C_as_mni_average_305 /opt/freesurfer/average/711-2B_as_mni_average_305_mask talsrcimg_g11 none talsrcimg_to_711-2C_as_mni_average_305_t4 2311
---------------------------------------------------------------------

freesurfer imgreg_4dfp.c
/opt/freesurfer/average/711-2C_as_mni_average_305.4dfp.img
       256       256       256         1
  1.000000  1.000000  1.000000
orientation T byte_order littleendian
Reading image: /opt/freesurfer/average/711-2C_as_mni_average_305.4dfp.img
dimensions:      256       256       256
mmppix:       1.0000   -1.0000   -1.0000
center:     128.0000 -129.0000 -129.0000
/opt/freesurfer/average/711-2B_as_mni_average_305_mask.4dfp.img
       256       256       256         1
  1.000000  1.000000  1.000000
orientation T byte_order littleendian
Reading mask: /opt/freesurfer/average/711-2B_as_mni_average_305_mask.4dfp.img (2306576 pixels)
talsrcimg_g11.4dfp.img
       256       256       256         1
  0.898438  0.898438  0.898438
orientation T byte_order littleendian
Reading image: talsrcimg_g11.4dfp.img
dimensions:      256       256       256
mmppix:       0.8984   -0.8984   -0.8984
center:     115.0001 -115.8985 -115.8985
fimgreg.f
image alignment mode   2311 decimal      907 hex
parameters
   -1.7948   -6.6921   11.7248   -7.6389  -16.5909  -16.1071
    0.9784   -4.3873   -0.6093   13.8244    5.2338  -13.0354
eta,q 0.97052  7.56100
niter,ni,del,rscale     5    3    5.0000    0.8000
parameters
   -1.7794   -6.7511   11.6867   -8.7752  -16.3819  -16.0539
    0.8564   -4.3615   -0.7431   13.7682    5.0706  -13.0837
eta,q 0.97066  7.51756
  0.0310  0.0306  0.0302  0.0299  0.0305  0.0309  0.0306  0.0318  0.0303  0.0308  0.0299  0.0298
  0.0302  0.0300  0.0298  0.0295  0.0299  0.0301  0.0299  0.0304  0.0298  0.0300  0.0296  0.0296
  0.0297  0.0296  0.0295  0.0293  0.0295  0.0295  0.0295  0.0296  0.0294  0.0295  0.0294  0.0294
  0.0295  0.0295  0.0295  0.0295  0.0293  0.0293  0.0293  0.0293  0.0293  0.0293  0.0293  0.0293
  0.0296  0.0297  0.0296  0.0297  0.0295  0.0295  0.0295  0.0297  0.0295  0.0295  0.0294  0.0294
  0.0301  0.0301  0.0298  0.0300  0.0298  0.0301  0.0300  0.0304  0.0298  0.0301  0.0297  0.0296
  0.0310  0.0308  0.0302  0.0303  0.0303  0.0308  0.0308  0.0317  0.0304  0.0309  0.0300  0.0298
niter,ni,del,rscale     4    3    5.0000    0.7000
parameters
   -1.7955   -6.7577   11.6812   -8.8697  -16.3899  -16.0858
    0.8685   -4.3560   -0.7218   13.7664    5.0421  -13.0865
eta,q 0.97066  7.51153
  0.0305  0.0303  0.0299  0.0301  0.0302  0.0306  0.0304  0.0312  0.0301  0.0305  0.0298  0.0297
  0.0299  0.0298  0.0296  0.0296  0.0297  0.0299  0.0298  0.0302  0.0297  0.0299  0.0296  0.0295
  0.0295  0.0294  0.0294  0.0294  0.0294  0.0295  0.0295  0.0295  0.0294  0.0295  0.0294  0.0294
  0.0293  0.0293  0.0293  0.0293  0.0293  0.0293  0.0293  0.0293  0.0293  0.0293  0.0293  0.0293
  0.0295  0.0295  0.0294  0.0295  0.0294  0.0295  0.0295  0.0296  0.0294  0.0295  0.0294  0.0294
  0.0299  0.0298  0.0296  0.0298  0.0297  0.0299  0.0298  0.0302  0.0297  0.0299  0.0296  0.0295
  0.0306  0.0303  0.0299  0.0300  0.0302  0.0306  0.0304  0.0311  0.0301  0.0305  0.0298  0.0297
niter,ni,del,rscale     3    3    5.0000    0.6000
parameters
   -1.7972   -6.7571   11.6681   -9.0344  -16.3884  -16.1153
    0.8458   -4.3664   -0.7187   13.7709    5.0159  -13.1426
eta,q 0.97067  7.50316
  0.0302  0.0300  0.0298  0.0299  0.0300  0.0302  0.0301  0.0307  0.0299  0.0302  0.0297  0.0296
  0.0297  0.0296  0.0295  0.0295  0.0296  0.0297  0.0297  0.0299  0.0296  0.0297  0.0295  0.0295
  0.0294  0.0294  0.0294  0.0293  0.0294  0.0294  0.0294  0.0295  0.0294  0.0294  0.0294  0.0294
  0.0293  0.0293  0.0293  0.0293  0.0293  0.0293  0.0293  0.0293  0.0293  0.0293  0.0293  0.0293
  0.0294  0.0294  0.0294  0.0295  0.0294  0.0295  0.0294  0.0295  0.0294  0.0294  0.0294  0.0294
  0.0297  0.0297  0.0295  0.0297  0.0296  0.0298  0.0297  0.0300  0.0296  0.0297  0.0295  0.0295
  0.0303  0.0300  0.0298  0.0299  0.0300  0.0303  0.0301  0.0307  0.0299  0.0302  0.0297  0.0296
niter,ni,del,rscale     2    3    5.0000    0.5000
parameters
   -1.7991   -6.7536   11.6552   -9.1539  -16.4008  -16.1445
    0.8192   -4.3857   -0.7238   13.7932    5.0258  -13.2003
eta,q 0.97067  7.49658
  0.0300  0.0298  0.0296  0.0297  0.0298  0.0300  0.0299  0.0303  0.0297  0.0299  0.0296  0.0295
  0.0296  0.0295  0.0295  0.0295  0.0295  0.0296  0.0296  0.0297  0.0295  0.0296  0.0294  0.0294
  0.0294  0.0294  0.0294  0.0293  0.0294  0.0294  0.0294  0.0294  0.0294  0.0294  0.0294  0.0293
  0.0293  0.0293  0.0293  0.0293  0.0293  0.0293  0.0293  0.0293  0.0293  0.0293  0.0293  0.0293
  0.0294  0.0294  0.0294  0.0294  0.0294  0.0294  0.0294  0.0295  0.0294  0.0294  0.0293  0.0294
  0.0296  0.0295  0.0295  0.0296  0.0295  0.0296  0.0296  0.0298  0.0295  0.0296  0.0294  0.0294
  0.0300  0.0298  0.0296  0.0298  0.0298  0.0300  0.0299  0.0303  0.0297  0.0299  0.0296  0.0295
niter,ni,del,rscale     1    3    5.0000    0.4000
parameters
   -1.8051   -6.7455   11.6325   -9.2566  -16.4062  -16.1699
    0.8208   -4.4221   -0.7197   13.8340    5.0617  -13.2740
eta,q 0.97068  7.49154
  0.0297  0.0296  0.0295  0.0296  0.0296  0.0297  0.0297  0.0299  0.0296  0.0297  0.0295  0.0295
  0.0295  0.0295  0.0294  0.0294  0.0294  0.0295  0.0295  0.0296  0.0294  0.0295  0.0294  0.0294
  0.0294  0.0294  0.0293  0.0293  0.0294  0.0294  0.0294  0.0294  0.0294  0.0294  0.0293  0.0293
  0.0293  0.0293  0.0293  0.0293  0.0293  0.0293  0.0293  0.0293  0.0293  0.0293  0.0293  0.0293
  0.0294  0.0294  0.0294  0.0294  0.0294  0.0294  0.0294  0.0294  0.0293  0.0294  0.0293  0.0293
  0.0295  0.0295  0.0294  0.0295  0.0295  0.0295  0.0295  0.0296  0.0294  0.0295  0.0294  0.0294
  0.0297  0.0296  0.0295  0.0296  0.0296  0.0298  0.0297  0.0300  0.0296  0.0297  0.0295  0.0295
registration optimization eta report
parameter search radius
    0.8000    0.8000    0.8000    2.4000    2.4000    2.4000
    2.4000    2.4000    2.4000    2.4000    2.4000    2.4000
100000*second partial in parameter space
       64.       48.       31.        5.        5.        7.
        6.       11.        4.        7.        3.        2.
  0.0297  0.0296  0.0295  0.0296  0.0296  0.0297  0.0297  0.0299  0.0296  0.0297  0.0295  0.0295
  0.0295  0.0295  0.0294  0.0294  0.0294  0.0295  0.0295  0.0296  0.0294  0.0295  0.0294  0.0294
  0.0294  0.0294  0.0293  0.0293  0.0294  0.0294  0.0294  0.0294  0.0294  0.0294  0.0293  0.0293
  0.0293  0.0293  0.0293  0.0293  0.0293  0.0293  0.0293  0.0293  0.0293  0.0293  0.0293  0.0293
  0.0294  0.0294  0.0294  0.0294  0.0294  0.0294  0.0294  0.0294  0.0293  0.0294  0.0293  0.0293
  0.0295  0.0295  0.0294  0.0295  0.0295  0.0295  0.0295  0.0296  0.0294  0.0295  0.0294  0.0294
  0.0297  0.0296  0.0295  0.0296  0.0296  0.0298  0.0297  0.0300  0.0296  0.0297  0.0295  0.0295
   -1.8051   -6.7455   11.6325   -9.2566  -16.4062  -16.1699
    0.8208   -4.4221   -0.7197   13.8340    5.0617  -13.2740
eta,q 0.97068  7.49154

---------------------------------------------------------------------
imgreg_4dfp /opt/freesurfer/average/711-2C_as_mni_average_305 /opt/freesurfer/average/711-2B_as_mni_average_305_mask talsrcimg_g11 none talsrcimg_to_711-2C_as_mni_average_305_t4 2311
---------------------------------------------------------------------

freesurfer imgreg_4dfp.c
/opt/freesurfer/average/711-2C_as_mni_average_305.4dfp.img
       256       256       256         1
  1.000000  1.000000  1.000000
orientation T byte_order littleendian
Reading image: /opt/freesurfer/average/711-2C_as_mni_average_305.4dfp.img
dimensions:      256       256       256
mmppix:       1.0000   -1.0000   -1.0000
center:     128.0000 -129.0000 -129.0000
/opt/freesurfer/average/711-2B_as_mni_average_305_mask.4dfp.img
       256       256       256         1
  1.000000  1.000000  1.000000
orientation T byte_order littleendian
Reading mask: /opt/freesurfer/average/711-2B_as_mni_average_305_mask.4dfp.img (2306576 pixels)
talsrcimg_g11.4dfp.img
       256       256       256         1
  0.898438  0.898438  0.898438
orientation T byte_order littleendian
Reading image: talsrcimg_g11.4dfp.img
dimensions:      256       256       256
mmppix:       0.8984   -0.8984   -0.8984
center:     115.0001 -115.8985 -115.8985
fimgreg.f
image alignment mode   2311 decimal      907 hex
parameters
   -1.8051   -6.7455   11.6325   -9.2566  -16.4062  -16.1699
    0.8208   -4.4221   -0.7197   13.8340    5.0617  -13.2740
eta,q 0.97068  7.49154
niter,ni,del,rscale     5    3    5.0000    0.8000
parameters
   -1.8175   -6.7223   11.6554   -8.7641  -16.3904  -16.0868
    0.8893   -4.3607   -0.6970   13.8256    5.0520  -13.1411
eta,q 0.97066  7.51722
  0.0309  0.0306  0.0301  0.0306  0.0304  0.0310  0.0307  0.0318  0.0304  0.0309  0.0300  0.0299
  0.0300  0.0299  0.0297  0.0299  0.0298  0.0301  0.0300  0.0305  0.0298  0.0300  0.0296  0.0296
  0.0295  0.0295  0.0294  0.0294  0.0295  0.0295  0.0295  0.0296  0.0295  0.0295  0.0294  0.0294
  0.0293  0.0293  0.0293  0.0293  0.0293  0.0293  0.0293  0.0293  0.0293  0.0293  0.0293  0.0293
  0.0295  0.0295  0.0294  0.0295  0.0295  0.0295  0.0295  0.0296  0.0294  0.0295  0.0294  0.0294
  0.0301  0.0299  0.0297  0.0298  0.0298  0.0301  0.0299  0.0304  0.0298  0.0300  0.0296  0.0296
  0.0310  0.0305  0.0301  0.0300  0.0304  0.0308  0.0307  0.0316  0.0304  0.0309  0.0300  0.0298
niter,ni,del,rscale     4    3    5.0000    0.7000
parameters
   -1.7990   -6.7456   11.6726   -8.8542  -16.3852  -16.0955
    0.8680   -4.3566   -0.7090   13.7852    5.0427  -13.1059
eta,q 0.97066  7.51238
  0.0306  0.0303  0.0300  0.0301  0.0302  0.0306  0.0304  0.0312  0.0301  0.0305  0.0298  0.0297
  0.0299  0.0297  0.0296  0.0296  0.0297  0.0299  0.0298  0.0302  0.0297  0.0299  0.0296  0.0295
  0.0295  0.0294  0.0294  0.0294  0.0294  0.0295  0.0295  0.0295  0.0294  0.0295  0.0294  0.0294
  0.0293  0.0293  0.0293  0.0293  0.0293  0.0293  0.0293  0.0293  0.0293  0.0293  0.0293  0.0293
  0.0295  0.0295  0.0294  0.0295  0.0294  0.0295  0.0295  0.0296  0.0294  0.0295  0.0294  0.0294
  0.0299  0.0298  0.0296  0.0298  0.0297  0.0299  0.0298  0.0302  0.0297  0.0299  0.0296  0.0295
  0.0305  0.0303  0.0299  0.0300  0.0302  0.0305  0.0304  0.0311  0.0301  0.0305  0.0298  0.0297
niter,ni,del,rscale     3    3    5.0000    0.6000
parameters
   -1.7967   -6.7548   11.6616   -9.0203  -16.3996  -16.1237
    0.8454   -4.3683   -0.7136   13.7764    5.0308  -13.1406
eta,q 0.97067  7.50303
  0.0302  0.0300  0.0298  0.0299  0.0300  0.0302  0.0301  0.0307  0.0299  0.0302  0.0297  0.0296
  0.0298  0.0296  0.0295  0.0295  0.0296  0.0297  0.0297  0.0299  0.0296  0.0297  0.0295  0.0295
  0.0294  0.0294  0.0294  0.0294  0.0294  0.0294  0.0294  0.0295  0.0294  0.0294  0.0294  0.0294
  0.0293  0.0293  0.0293  0.0293  0.0293  0.0293  0.0293  0.0293  0.0293  0.0293  0.0293  0.0293
  0.0294  0.0294  0.0294  0.0295  0.0294  0.0295  0.0294  0.0295  0.0294  0.0294  0.0294  0.0294
  0.0297  0.0297  0.0295  0.0297  0.0296  0.0298  0.0297  0.0300  0.0296  0.0297  0.0295  0.0295
  0.0303  0.0300  0.0298  0.0299  0.0300  0.0303  0.0301  0.0307  0.0299  0.0302  0.0297  0.0296
niter,ni,del,rscale     2    3    5.0000    0.5000
parameters
   -1.7992   -6.7516   11.6532   -9.1452  -16.4008  -16.1443
    0.8261   -4.3863   -0.7224   13.7924    5.0293  -13.2221
eta,q 0.97068  7.49708
  0.0300  0.0298  0.0296  0.0297  0.0298  0.0300  0.0299  0.0303  0.0297  0.0299  0.0296  0.0295
  0.0296  0.0295  0.0295  0.0295  0.0295  0.0296  0.0296  0.0297  0.0295  0.0296  0.0294  0.0294
  0.0294  0.0294  0.0294  0.0293  0.0294  0.0294  0.0294  0.0294  0.0294  0.0294  0.0294  0.0293
  0.0293  0.0293  0.0293  0.0293  0.0293  0.0293  0.0293  0.0293  0.0293  0.0293  0.0293  0.0293
  0.0294  0.0294  0.0294  0.0294  0.0294  0.0294  0.0294  0.0295  0.0294  0.0294  0.0294  0.0294
  0.0296  0.0295  0.0295  0.0296  0.0295  0.0296  0.0296  0.0298  0.0295  0.0296  0.0294  0.0294
  0.0300  0.0298  0.0296  0.0298  0.0298  0.0300  0.0299  0.0303  0.0297  0.0299  0.0296  0.0295
niter,ni,del,rscale     1    3    5.0000    0.4000
parameters
   -1.8025   -6.7418   11.6381   -9.2594  -16.4107  -16.1671
    0.8193   -4.4131   -0.7162   13.8420    5.0417  -13.2757
eta,q 0.97068  7.49140
  0.0297  0.0296  0.0295  0.0296  0.0296  0.0297  0.0297  0.0299  0.0296  0.0297  0.0295  0.0295
  0.0295  0.0295  0.0294  0.0294  0.0294  0.0295  0.0295  0.0296  0.0294  0.0295  0.0294  0.0294
  0.0294  0.0294  0.0293  0.0293  0.0294  0.0294  0.0294  0.0294  0.0294  0.0294  0.0293  0.0293
  0.0293  0.0293  0.0293  0.0293  0.0293  0.0293  0.0293  0.0293  0.0293  0.0293  0.0293  0.0293
  0.0294  0.0294  0.0293  0.0294  0.0294  0.0294  0.0294  0.0294  0.0293  0.0294  0.0293  0.0293
  0.0295  0.0295  0.0294  0.0295  0.0295  0.0295  0.0295  0.0296  0.0294  0.0295  0.0294  0.0294
  0.0297  0.0296  0.0295  0.0296  0.0296  0.0298  0.0297  0.0300  0.0296  0.0297  0.0295  0.0295
registration optimization eta report
parameter search radius
    0.8000    0.8000    0.8000    2.4000    2.4000    2.4000
    2.4000    2.4000    2.4000    2.4000    2.4000    2.4000
100000*second partial in parameter space
       64.       49.       31.        5.        5.        7.
        6.       11.        4.        7.        3.        2.
  0.0297  0.0296  0.0295  0.0296  0.0296  0.0297  0.0297  0.0299  0.0296  0.0297  0.0295  0.0295
  0.0295  0.0295  0.0294  0.0294  0.0294  0.0295  0.0295  0.0296  0.0294  0.0295  0.0294  0.0294
  0.0294  0.0294  0.0293  0.0293  0.0294  0.0294  0.0294  0.0294  0.0294  0.0294  0.0293  0.0293
  0.0293  0.0293  0.0293  0.0293  0.0293  0.0293  0.0293  0.0293  0.0293  0.0293  0.0293  0.0293
  0.0294  0.0294  0.0293  0.0294  0.0294  0.0294  0.0294  0.0294  0.0293  0.0294  0.0293  0.0293
  0.0295  0.0295  0.0294  0.0295  0.0295  0.0295  0.0295  0.0296  0.0294  0.0295  0.0294  0.0294
  0.0297  0.0296  0.0295  0.0296  0.0296  0.0298  0.0297  0.0300  0.0296  0.0297  0.0295  0.0295
   -1.8025   -6.7418   11.6381   -9.2594  -16.4107  -16.1671
    0.8193   -4.4131   -0.7162   13.8420    5.0417  -13.2757
eta,q 0.97068  7.49140

---------------------------------------------------------------------
compute_vox2vox talsrcimg talsrcimg_to_711-2C_as_mni_average_305_t4 /opt/freesurfer/average/711-2C_as_mni_average_305
---------------------------------------------------------------------

freesurfer compute_vox2vox.c
Reading: talsrcimg.4dfp.ifh
Reading: talsrcimg_to_711-2C_as_mni_average_305_t4
Reading: /opt/freesurfer/average/711-2C_as_mni_average_305.4dfp.ifh
Writing: talsrcimg_to_711-2C_as_mni_average_305_t4_vox2vox.txt

start time Wed Mar 11 03:56:01 CET 2026
end		time Wed Mar 11 03:57:32 CET 2026

mpr2mni305 success

avi2talxfm orig_nu.mgz /opt/freesurfer/average/mni305.cor.mgz talsrcimg_to_711-2C_as_mni_average_305_t4_vox2vox.txt transforms/talairach.auto.xfm
avi2talxfm done
mv -f /out/sourcedata/freesurfer/sub-v2s13x29114_ses-1/mri/talsrcimg_to_711-2C_as_mni_average_305_t4_vox2vox.txt /out/sourcedata/freesurfer/sub-v2s13x29114_ses-1/mri/transforms/talsrcimg_to_711-2C_as_mni_average_305_t4_vox2vox.txt
lta_convert --src orig_nu.mgz --trg /opt/freesurfer/average/mni305.cor.mgz --inxfm transforms/talairach.auto.xfm --outlta transforms/talairach.auto.xfm.lta --subject fsaverage
7.3.2

--src: orig_nu.mgz src image (geometry).
--trg: /opt/freesurfer/average/mni305.cor.mgz trg image (geometry).
--inmni: transforms/talairach.auto.xfm input MNI/XFM transform.
--outlta: transforms/talairach.auto.xfm.lta output LTA.
--s: fsaverage subject name
 LTA read, type : 1
 1.09880   0.05810  -0.00154   0.21815;
-0.06294   1.15904   0.18470  -8.32138;
 0.01984  -0.19143   1.16572  -4.57260;
 0.00000   0.00000   0.00000   1.00000;
setting subject to fsaverage
Writing  LTA to file transforms/talairach.auto.xfm.lta...
lta_convert successful.
 
 
Started at Wed Mar 11 03:56:00 CET 2026
Ended   at Wed Mar 11 03:57:32 CET 2026
talairach_avi done
