status file for recon-all
Wed Mar 11 07:40:21 CET 2026
#@# Tessellate rh Wed Mar 11 07:40:21 CET 2026
#@# Smooth1 rh Wed Mar 11 07:40:26 CET 2026
#@# Inflation1 rh Wed Mar 11 07:40:30 CET 2026
#@# QSphere rh Wed Mar 11 07:41:48 CET 2026
#@# Fix Topology rh Wed Mar 11 07:43:27 CET 2026
#@# Smooth2 rh Wed Mar 11 07:50:01 CET 2026
#@# Inflation2 rh Wed Mar 11 07:50:05 CET 2026
#@# Curv .H and .K rh Wed Mar 11 07:50:31 CET 2026
#@# Sphere rh Wed Mar 11 07:51:33 CET 2026
#@# Surf Reg rh Wed Mar 11 07:54:44 CET 2026
#@# Jacobian white rh Wed Mar 11 08:00:29 CET 2026
#@# AvgCurv rh Wed Mar 11 08:00:31 CET 2026
#@# Cortical Parc rh Wed Mar 11 08:00:32 CET 2026
#@# white curv rh Wed Mar 11 08:08:46 CET 2026
#@# white area rh Wed Mar 11 08:08:48 CET 2026
#@# pial curv rh Wed Mar 11 08:08:49 CET 2026
#@# pial area rh Wed Mar 11 08:08:52 CET 2026
#@# thickness rh Wed Mar 11 08:08:53 CET 2026
#@# area and vertex vol rh Wed Mar 11 08:09:32 CET 2026
#@# Curvature Stats rh Wed Mar 11 08:09:34 CET 2026
#@# Cortical Parc 2 rh Wed Mar 11 08:09:37 CET 2026
#@# Cortical Parc 3 rh Wed Mar 11 08:09:54 CET 2026
#@# WM/GM Contrast rh Wed Mar 11 08:10:07 CET 2026
recon-all -s sub-v2s13x29135_ses-1 finished without error at Wed Mar 11 08:10:12 CET 2026



#New# invocation of recon-all 



status file for recon-all
Wed Mar 11 08:20:38 CET 2026
#@# white curv rh Wed Mar 11 08:20:38 CET 2026
#@# white area rh Wed Mar 11 08:20:38 CET 2026
#@# pial curv rh Wed Mar 11 08:20:38 CET 2026
#@# pial area rh Wed Mar 11 08:20:38 CET 2026
#@# thickness rh Wed Mar 11 08:20:38 CET 2026
#@# area and vertex vol rh Wed Mar 11 08:20:38 CET 2026
#@# Parcellation Stats rh Wed Mar 11 08:20:38 CET 2026
#@# Parcellation Stats 2 rh Wed Mar 11 08:21:08 CET 2026
#@# Parcellation Stats 3 rh Wed Mar 11 08:21:23 CET 2026
#@# BA_exvivo Labels rh Wed Mar 11 08:21:38 CET 2026
recon-all -s sub-v2s13x29135_ses-1 finished without error at Wed Mar 11 08:25:05 CET 2026
