status file for recon-all
Wed Mar 11 07:02:00 CET 2026
#@# Tessellate lh Wed Mar 11 07:02:00 CET 2026
#@# Smooth1 lh Wed Mar 11 07:02:04 CET 2026
#@# Inflation1 lh Wed Mar 11 07:02:07 CET 2026
#@# QSphere lh Wed Mar 11 07:03:26 CET 2026
#@# Fix Topology lh Wed Mar 11 07:04:58 CET 2026
#@# Smooth2 lh Wed Mar 11 07:13:09 CET 2026
#@# Inflation2 lh Wed Mar 11 07:13:12 CET 2026
#@# Curv .H and .K lh Wed Mar 11 07:13:39 CET 2026
#@# Sphere lh Wed Mar 11 07:14:39 CET 2026
#@# Surf Reg lh Wed Mar 11 07:21:34 CET 2026
#@# Jacobian white lh Wed Mar 11 07:30:16 CET 2026
#@# AvgCurv lh Wed Mar 11 07:30:18 CET 2026
#@# Cortical Parc lh Wed Mar 11 07:30:19 CET 2026
#@# white curv lh Wed Mar 11 07:38:51 CET 2026
#@# white area lh Wed Mar 11 07:38:54 CET 2026
#@# pial curv lh Wed Mar 11 07:38:55 CET 2026
#@# pial area lh Wed Mar 11 07:38:57 CET 2026
#@# thickness lh Wed Mar 11 07:38:58 CET 2026
#@# area and vertex vol lh Wed Mar 11 07:39:36 CET 2026
#@# Curvature Stats lh Wed Mar 11 07:39:39 CET 2026
#@# Cortical Parc 2 lh Wed Mar 11 07:39:42 CET 2026
#@# Cortical Parc 3 lh Wed Mar 11 07:39:58 CET 2026
#@# WM/GM Contrast lh Wed Mar 11 07:40:11 CET 2026
recon-all -s sub-v2s13x29135_ses-1 finished without error at Wed Mar 11 07:40:17 CET 2026



#New# invocation of recon-all 



status file for recon-all
Wed Mar 11 08:16:14 CET 2026
#@# white curv lh Wed Mar 11 08:16:14 CET 2026
#@# white area lh Wed Mar 11 08:16:14 CET 2026
#@# pial curv lh Wed Mar 11 08:16:14 CET 2026
#@# pial area lh Wed Mar 11 08:16:14 CET 2026
#@# thickness lh Wed Mar 11 08:16:14 CET 2026
#@# area and vertex vol lh Wed Mar 11 08:16:14 CET 2026
#@# Parcellation Stats lh Wed Mar 11 08:16:14 CET 2026
#@# Parcellation Stats 2 lh Wed Mar 11 08:16:42 CET 2026
#@# Parcellation Stats 3 lh Wed Mar 11 08:16:57 CET 2026
#@# BA_exvivo Labels lh Wed Mar 11 08:17:11 CET 2026
recon-all -s sub-v2s13x29135_ses-1 finished without error at Wed Mar 11 08:20:35 CET 2026
