status file for recon-all
Wed Mar 11 05:08:44 CET 2026
#@# MotionCor Wed Mar 11 05:08:46 CET 2026
#@# Talairach Wed Mar 11 05:08:56 CET 2026
#@# Talairach Failure Detection Wed Mar 11 05:13:21 CET 2026
#@# Nu Intensity Correction Wed Mar 11 05:13:21 CET 2026
#@# Intensity Normalization Wed Mar 11 05:16:37 CET 2026
recon-all -s sub-v2s13x29135_ses-1 finished without error at Wed Mar 11 05:18:12 CET 2026



#New# invocation of recon-all 



status file for recon-all
Wed Mar 11 05:25:51 CET 2026
#@# EM Registration Wed Mar 11 05:25:51 CET 2026
recon-all -s sub-v2s13x29135_ses-1 finished without error at Wed Mar 11 05:27:35 CET 2026



#New# invocation of recon-all 



status file for recon-all
Wed Mar 11 05:27:39 CET 2026
#@# CA Normalize Wed Mar 11 05:27:39 CET 2026
#@# CA Reg Wed Mar 11 05:28:56 CET 2026
#@# SubCort Seg Wed Mar 11 06:20:15 CET 2026
#@# CC Seg Wed Mar 11 06:55:36 CET 2026
#@# Merge ASeg Wed Mar 11 06:56:17 CET 2026
#@# Intensity Normalization2 Wed Mar 11 06:56:17 CET 2026
#@# Mask BFS Wed Mar 11 06:58:39 CET 2026
#@# WM Segmentation Wed Mar 11 06:58:39 CET 2026
#@# Fill Wed Mar 11 07:00:52 CET 2026
recon-all -s sub-v2s13x29135_ses-1 finished without error at Wed Mar 11 07:01:56 CET 2026



#New# invocation of recon-all 



status file for recon-all
Wed Mar 11 08:10:16 CET 2026
#@# white curv lh Wed Mar 11 08:10:16 CET 2026
#@# white area lh Wed Mar 11 08:10:16 CET 2026
#@# pial curv lh Wed Mar 11 08:10:16 CET 2026
#@# pial area lh Wed Mar 11 08:10:16 CET 2026
#@# thickness lh Wed Mar 11 08:10:16 CET 2026
#@# area and vertex vol lh Wed Mar 11 08:10:16 CET 2026
#@# white curv rh Wed Mar 11 08:10:16 CET 2026
#@# white area rh Wed Mar 11 08:10:16 CET 2026
#@# pial curv rh Wed Mar 11 08:10:16 CET 2026
#@# pial area rh Wed Mar 11 08:10:16 CET 2026
#@# thickness rh Wed Mar 11 08:10:16 CET 2026
#@# area and vertex vol rh Wed Mar 11 08:10:16 CET 2026
#@# Cortical ribbon mask Wed Mar 11 08:10:16 CET 2026
recon-all -s sub-v2s13x29135_ses-1 finished without error at Wed Mar 11 08:16:10 CET 2026



#New# invocation of recon-all 



status file for recon-all
Wed Mar 11 08:25:08 CET 2026
#@# white curv lh Wed Mar 11 08:25:08 CET 2026
#@# white area lh Wed Mar 11 08:25:08 CET 2026
#@# pial curv lh Wed Mar 11 08:25:08 CET 2026
#@# pial area lh Wed Mar 11 08:25:08 CET 2026
#@# thickness lh Wed Mar 11 08:25:08 CET 2026
#@# area and vertex vol lh Wed Mar 11 08:25:08 CET 2026
#@# white curv rh Wed Mar 11 08:25:08 CET 2026
#@# white area rh Wed Mar 11 08:25:08 CET 2026
#@# pial curv rh Wed Mar 11 08:25:08 CET 2026
#@# pial area rh Wed Mar 11 08:25:08 CET 2026
#@# thickness rh Wed Mar 11 08:25:08 CET 2026
#@# area and vertex vol rh Wed Mar 11 08:25:08 CET 2026
#@# Curvature Stats lh Wed Mar 11 08:25:08 CET 2026
#@# Curvature Stats rh Wed Mar 11 08:25:11 CET 2026
#@# Relabel Hypointensities Wed Mar 11 08:25:15 CET 2026
#@# APas-to-ASeg Wed Mar 11 08:25:35 CET 2026
#@# AParc-to-ASeg aparc Wed Mar 11 08:25:46 CET 2026
#@# AParc-to-ASeg aparc.a2009s Wed Mar 11 08:26:50 CET 2026
#@# AParc-to-ASeg aparc.DKTatlas Wed Mar 11 08:27:54 CET 2026
#@# WMParc Wed Mar 11 08:28:58 CET 2026
#@# ASeg Stats Wed Mar 11 08:33:23 CET 2026
recon-all -s sub-v2s13x29135_ses-1 finished without error at Wed Mar 11 08:34:06 CET 2026
