/out/sourcedata/freesurfer/sub-v2s13x29123_ses-1/mri
/opt/freesurfer/bin/talairach_avi
--i orig_nu.mgz --xfm transforms/talairach.auto.xfm
talairach_avi 7.3.2
Linux dna030 5.14.0-427.37.1.el9_4.x86_64 #1 SMP PREEMPT_DYNAMIC Fri Sep 13 12:41:50 EDT 2024 x86_64 x86_64 x86_64 GNU/Linux
Wed Mar 11 04:33:01 CET 2026
mri_convert orig_nu.mgz talsrcimg.img 
reading from orig_nu.mgz...
TR=0.00, TE=0.00, TI=0.00, flip angle=0.00
i_ras = (-1, 4.37317e-10, 6.47877e-11)
j_ras = (3.23938e-11, 0, -1)
k_ras = (6.47877e-11, 1, -1.65856e-08)
writing to talsrcimg.img...
Analyze Output Matrix
-0.89844   0.00000   0.00000   117.16681;
 0.00000   0.00000   0.89844  -115.88452;
 0.00000  -0.89844  -0.00000   132.27234;
 0.00000   0.00000   0.00000   1.00000;
--------------------
INFO: set hdr.hist.orient to -1
mpr2mni305 talsrcimg
Wed Mar 11 04:33:01 CET 2026
/opt/freesurfer/bin/mpr2mni305 talsrcimg
mpr2mni305 7.3.2
target=711-2C_as_mni_average_305

---------------------------------------------------------------------
analyzeto4dfp talsrcimg -O0 -y
---------------------------------------------------------------------

freesurfer ifh2hdr.c
Wed Mar 11 04:33:01 2026
Writing: talsrcimg.4dfp.hdr
freesurfer analyzeto4dfp.c
Reading: talsrcimg.hdr
header size 348 bytes
hdr.dime.datatype	offset=70	value=2
hdr.dime.bitpix		offset=72	value=8
hdr.hist.orient		offset=252	value=-1
dimensionality     4
dimensions       256       256       256         1
Reading: talsrcimg.img
Writing: talsrcimg.4dfp.img
Writing: talsrcimg.4dfp.ifh
ifh2hdr talsrcimg -r0to244
ori=2

---------------------------------------------------------------------
gauss_4dfp talsrcimg 1.1
---------------------------------------------------------------------

freesurfer gauss_4dfp.c
Reading: talsrcimg.4dfp.img
Writing: talsrcimg_g11.4dfp.img
image dimensions 256 256 256 padded to 288 288 288
processing volume 1freesurfer ifh2hdr.c
Wed Mar 11 04:33:03 2026
Writing: talsrcimg_g11.4dfp.hdr

Writing: talsrcimg_g11.4dfp.ifh
including: talsrcimg.4dfp.img.rec in talsrcimg_g11.4dfp.img.rec

---------------------------------------------------------------------
imgreg_4dfp /opt/freesurfer/average/711-2C_as_mni_average_305 none talsrcimg_g11 none talsrcimg_to_711-2C_as_mni_average_305_t4 4355
---------------------------------------------------------------------

freesurfer imgreg_4dfp.c
/opt/freesurfer/average/711-2C_as_mni_average_305.4dfp.img
       256       256       256         1
  1.000000  1.000000  1.000000
orientation T byte_order littleendian
Reading image: /opt/freesurfer/average/711-2C_as_mni_average_305.4dfp.img
dimensions:      256       256       256
mmppix:       1.0000   -1.0000   -1.0000
center:     128.0000 -129.0000 -129.0000
talsrcimg_g11.4dfp.img
       256       256       256         1
  0.898438  0.898438  0.898438
orientation T byte_order littleendian
Reading image: talsrcimg_g11.4dfp.img
dimensions:      256       256       256
mmppix:       0.8984   -0.8984   -0.8984
center:     115.0001 -115.8985 -115.8985
t4_read: open error in t4_sub.f l:  41 t4_file(1:l)talsrcimg_to_711-2C_as_mni_average_305_t4 
t4_read: transform initialized to I4
rotation matrix determinant  1.000000
image alignment mode   4355 decimal     1103 hex
   -7.5000  -45.0000  -45.0000 6532.4082   16.8124
    0.0000  -45.0000  -45.0000 6578.2886   16.8376
    7.5000  -45.0000  -45.0000 6245.1855   16.8312
   -7.5000  -37.5000  -45.0000 6890.2095   17.8712
    0.0000  -37.5000  -45.0000 6942.9092   17.9042
    7.5000  -37.5000  -45.0000 6607.4395   17.9029
   -7.5000  -30.0000  -45.0000 7274.9209   18.4329
    0.0000  -30.0000  -45.0000 7340.3940   18.4662
    7.5000  -30.0000  -45.0000 6978.3301   18.4643
   -7.5000  -22.5000  -45.0000 7790.7734   18.4263
    0.0000  -22.5000  -45.0000 7840.6528   18.4530
    7.5000  -22.5000  -45.0000 7440.8096   18.4451
   -7.5000  -15.0000  -45.0000 8260.3398   18.4231
    0.0000  -15.0000  -45.0000 8306.9297   18.4439
    7.5000  -15.0000  -45.0000 7859.6665   18.4286
   -7.5000   -7.5000  -45.0000 8266.7471   18.4259
    0.0000   -7.5000  -45.0000 8314.3164   18.4468
    7.5000   -7.5000  -45.0000 7863.8721   18.4319
   -7.5000    0.0000  -45.0000 8259.2939   18.4308
    0.0000    0.0000  -45.0000 8295.5625   18.4584
    7.5000    0.0000  -45.0000 7830.8198   18.4513
   -7.5000    7.5000  -45.0000 7820.5874   18.4347
    0.0000    7.5000  -45.0000 7855.1475   18.4687
    7.5000    7.5000  -45.0000 7402.0518   18.4673
   -7.5000   15.0000  -45.0000 7566.6250   18.4330
    0.0000   15.0000  -45.0000 7600.8135   18.4662
    7.5000   15.0000  -45.0000 7183.8066   18.4643
   -7.5000   22.5000  -45.0000 6903.9629   18.2203
    0.0000   22.5000  -45.0000 6937.2461   18.2471
    7.5000   22.5000  -45.0000 6559.0854   18.2393
   -7.5000   30.0000  -45.0000 6319.7622   17.9250
    0.0000   30.0000  -45.0000 6351.3252   17.9474
    7.5000   30.0000  -45.0000 5982.1030   17.9331
   -7.5000   37.5000  -45.0000 5777.8906   17.6987
    0.0000   37.5000  -45.0000 5796.4258   17.7200
    7.5000   37.5000  -45.0000 5467.0908   17.7036
   -7.5000   45.0000  -45.0000 5233.3770   17.6578
    0.0000   45.0000  -45.0000 5245.5879   17.6826
    7.5000   45.0000  -45.0000 4952.2515   17.6711
   -7.5000  -45.0000  -37.5000 7116.6450   17.6497
    0.0000  -45.0000  -37.5000 7171.0586   17.6837
    7.5000  -45.0000  -37.5000 6798.7256   17.6760
   -7.5000  -37.5000  -37.5000 7490.9580   18.7734
    0.0000  -37.5000  -37.5000 7547.9424   18.8131
    7.5000  -37.5000  -37.5000 7161.5952   18.8060
   -7.5000  -30.0000  -37.5000 7909.6104   19.3355
    0.0000  -30.0000  -37.5000 7980.7021   19.3768
    7.5000  -30.0000  -37.5000 7558.9746   19.3684
   -7.5000  -22.5000  -37.5000 8439.5322   19.3308
    0.0000  -22.5000  -37.5000 8493.5078   19.3693
    7.5000  -22.5000  -37.5000 8050.8462   19.3582
   -7.5000  -15.0000  -37.5000 8927.6875   19.3237
    0.0000  -15.0000  -37.5000 8996.4707   19.3590
    7.5000  -15.0000  -37.5000 8528.5068   19.3452
   -7.5000   -7.5000  -37.5000 8922.0244   19.3210
    0.0000   -7.5000  -37.5000 8995.5791   19.3554
    7.5000   -7.5000  -37.5000 8522.6367   19.3430
   -7.5000    0.0000  -37.5000 8898.0244   19.3240
    0.0000    0.0000  -37.5000 8971.2188   19.3612
    7.5000    0.0000  -37.5000 8482.4102   19.3528
   -7.5000    7.5000  -37.5000 8446.2227   19.3312
    0.0000    7.5000  -37.5000 8486.4922   19.3720
    7.5000    7.5000  -37.5000 8024.7954   19.3647
   -7.5000   15.0000  -37.5000 8154.7427   19.3346
    0.0000   15.0000  -37.5000 8188.9810   19.3760
    7.5000   15.0000  -37.5000 7751.6973   19.3676
   -7.5000   22.5000  -37.5000 7418.6089   19.1186
    0.0000   22.5000  -37.5000 7444.8057   19.1567
    7.5000   22.5000  -37.5000 7055.9497   19.1456
   -7.5000   30.0000  -37.5000 6775.2227   18.8169
    0.0000   30.0000  -37.5000 6787.6685   18.8536
    7.5000   30.0000  -37.5000 6419.3867   18.8410
   -7.5000   37.5000  -37.5000 6177.3013   18.5693
    0.0000   37.5000  -37.5000 6178.9004   18.6035
    7.5000   37.5000  -37.5000 5849.7549   18.5919
   -7.5000   45.0000  -37.5000 5593.9287   18.5107
    0.0000   45.0000  -37.5000 5585.1060   18.5454
    7.5000   45.0000  -37.5000 5283.0005   18.5371
   -7.5000  -45.0000  -30.0000 7703.0239   18.4512
    0.0000  -45.0000  -30.0000 7763.9932   18.4992
    7.5000  -45.0000  -30.0000 7361.7285   18.4944
   -7.5000  -37.5000  -30.0000 8112.2593   19.6389
    0.0000  -37.5000  -30.0000 8177.7158   19.6896
    7.5000  -37.5000  -30.0000 7758.8403   19.6796
   -7.5000  -30.0000  -30.0000 8561.3564   20.2051
    0.0000  -30.0000  -30.0000 8632.4990   20.2571
    7.5000  -30.0000  -30.0000 8185.6030   20.2476
   -7.5000  -22.5000  -30.0000 9105.2178   20.2030
    0.0000  -22.5000  -30.0000 9174.3291   20.2549
    7.5000  -22.5000  -30.0000 8700.6025   20.2505
   -7.5000  -15.0000  -30.0000 9618.0625   20.1905
    0.0000  -15.0000  -30.0000 9694.8252   20.2435
    7.5000  -15.0000  -30.0000 9200.5205   20.2430
   -7.5000   -7.5000  -30.0000 9588.2559   20.1797
    0.0000   -7.5000  -30.0000 9680.0479   20.2328
    7.5000   -7.5000  -30.0000 9179.6172   20.2323
   -7.5000    0.0000  -30.0000 9536.5146   20.1805
    0.0000    0.0000  -30.0000 9607.3066   20.2330
    7.5000    0.0000  -30.0000 9100.0430   20.2278
   -7.5000    7.5000  -30.0000 9058.0742   20.1918
    0.0000    7.5000  -30.0000 9085.6357   20.2439
    7.5000    7.5000  -30.0000 8611.7510   20.2336
   -7.5000   15.0000  -30.0000 8746.1621   20.2024
    0.0000   15.0000  -30.0000 8757.3027   20.2544
    7.5000   15.0000  -30.0000 8321.9707   20.2448
   -7.5000   22.5000  -30.0000 7923.1362   19.9811
    0.0000   22.5000  -30.0000 7934.8042   20.0323
    7.5000   22.5000  -30.0000 7547.0562   20.0278
   -7.5000   30.0000  -30.0000 7213.1006   19.6763
    0.0000   30.0000  -30.0000 7214.9077   19.7305
    7.5000   30.0000  -30.0000 6846.8398   19.7313
   -7.5000   37.5000  -30.0000 6553.7593   19.4260
    0.0000   37.5000  -30.0000 6556.9824   19.4775
    7.5000   37.5000  -30.0000 6215.5190   19.4762
   -7.5000   45.0000  -30.0000 5922.8794   19.3647
    0.0000   45.0000  -30.0000 5917.9390   19.4140
    7.5000   45.0000  -30.0000 5614.6836   19.4102
   -7.5000  -45.0000  -22.5000 8266.9023   19.1992
    0.0000  -45.0000  -22.5000 8332.8828   19.2551
    7.5000  -45.0000  -22.5000 7918.0151   19.2556
   -7.5000  -37.5000  -22.5000 8702.4170   20.4535
    0.0000  -37.5000  -22.5000 8779.2549   20.5106
    7.5000  -37.5000  -22.5000 8344.7305   20.5034
   -7.5000  -30.0000  -22.5000 9175.3623   21.0245
    0.0000  -30.0000  -22.5000 9241.2783   21.0807
    7.5000  -30.0000  -22.5000 8780.7773   21.0754
   -7.5000  -22.5000  -22.5000 9743.0508   21.0218
    0.0000  -22.5000  -22.5000 9832.0684   21.0772
    7.5000  -22.5000  -22.5000 9322.2705   21.0814
   -7.5000  -15.0000  -22.500010283.7373   21.0027
    0.0000  -15.0000  -22.500010369.4414   21.0611
    7.5000  -15.0000  -22.5000 9840.7529   21.0724
   -7.5000   -7.5000  -22.500010263.9346   20.9852
    0.0000   -7.5000  -22.500010362.6533   21.0465
    7.5000   -7.5000  -22.5000 9821.5850   21.0562
   -7.5000    0.0000  -22.500010171.3125   20.9866
    0.0000    0.0000  -22.500010249.5068   21.0478
    7.5000    0.0000  -22.5000 9703.0420   21.0483
   -7.5000    7.5000  -22.5000 9629.6006   21.0031
    0.0000    7.5000  -22.5000 9674.9307   21.0618
    7.5000    7.5000  -22.5000 9188.0264   21.0544
   -7.5000   15.0000  -22.5000 9311.3438   21.0195
    0.0000   15.0000  -22.5000 9306.4346   21.0757
    7.5000   15.0000  -22.5000 8867.2783   21.0704
   -7.5000   22.5000  -22.5000 8444.0361   20.7890
    0.0000   22.5000  -22.5000 8441.0615   20.8438
    7.5000   22.5000  -22.5000 8049.7412   20.8480
   -7.5000   30.0000  -22.5000 7658.2773   20.4800
    0.0000   30.0000  -22.5000 7655.0415   20.5397
    7.5000   30.0000  -22.5000 7292.6782   20.5522
   -7.5000   37.5000  -22.5000 6945.6177   20.2362
    0.0000   37.5000  -22.5000 6939.9663   20.2946
    7.5000   37.5000  -22.5000 6600.5464   20.2993
   -7.5000   45.0000  -22.5000 6255.4473   20.1872
    0.0000   45.0000  -22.5000 6246.8198   20.2438
    7.5000   45.0000  -22.5000 5940.4614   20.2421
   -7.5000  -45.0000  -15.0000 8799.1211   19.8834
    0.0000  -45.0000  -15.0000 8879.4443   19.9319
    7.5000  -45.0000  -15.0000 8438.7939   19.9346
   -7.5000  -37.5000  -15.0000 9259.2676   21.1798
    0.0000  -37.5000  -15.0000 9348.8262   21.2319
    7.5000  -37.5000  -15.0000 8894.6123   21.2313
   -7.5000  -30.0000  -15.0000 9754.7715   21.7459
    0.0000  -30.0000  -15.0000 9838.4766   21.7957
    7.5000  -30.0000  -15.0000 9338.4912   21.7973
   -7.5000  -22.5000  -15.000010365.4297   21.7377
    0.0000  -22.5000  -15.000010471.4482   21.7829
    7.5000  -22.5000  -15.0000 9901.0430   21.7902
   -7.5000  -15.0000  -15.000010952.5205   21.7188
    0.0000  -15.0000  -15.000011070.8379   21.7640
    7.5000  -15.0000  -15.000010467.1240   21.7740
   -7.5000   -7.5000  -15.000010959.3193   21.7067
    0.0000   -7.5000  -15.000011072.5410   21.7555
    7.5000   -7.5000  -15.000010468.0762   21.7635
   -7.5000    0.0000  -15.000010806.1621   21.7134
    0.0000    0.0000  -15.000010906.7070   21.7664
    7.5000    0.0000  -15.000010318.4824   21.7694
   -7.5000    7.5000  -15.000010180.6885   21.7278
    0.0000    7.5000  -15.000010241.5830   21.7813
    7.5000    7.5000  -15.0000 9717.2998   21.7807
   -7.5000   15.0000  -15.0000 9840.3994   21.7392
    0.0000   15.0000  -15.0000 9844.4492   21.7890
    7.5000   15.0000  -15.0000 9369.7041   21.7906
   -7.5000   22.5000  -15.0000 8925.8906   21.4972
    0.0000   22.5000  -15.0000 8928.2256   21.5423
    7.5000   22.5000  -15.0000 8499.5381   21.5499
   -7.5000   30.0000  -15.0000 8103.3228   21.1895
    0.0000   30.0000  -15.0000 8091.0762   21.2363
    7.5000   30.0000  -15.0000 7712.4468   21.2473
   -7.5000   37.5000  -15.0000 7337.4058   20.9635
    0.0000   37.5000  -15.0000 7329.8799   21.0098
    7.5000   37.5000  -15.0000 6981.1406   21.0100
   -7.5000   45.0000  -15.0000 6581.3286   20.9286
    0.0000   45.0000  -15.0000 6575.2632   20.9760
    7.5000   45.0000  -15.0000 6250.5156   20.9715
   -7.5000  -45.0000   -7.5000 9061.6318   19.8908
    0.0000  -45.0000   -7.5000 9151.1592   19.9263
    7.5000  -45.0000   -7.5000 8698.1377   19.9246
   -7.5000  -37.5000   -7.5000 9548.1543   21.1798
    0.0000  -37.5000   -7.5000 9644.5859   21.2222
    7.5000  -37.5000   -7.5000 9156.4023   21.2239
   -7.5000  -30.0000   -7.500010061.5410   21.7378
    0.0000  -30.0000   -7.500010188.1221   21.7785
    7.5000  -30.0000   -7.5000 9635.5205   21.7811
   -7.5000  -22.5000   -7.500010676.1055   21.7276
    0.0000  -22.5000   -7.500010815.4414   21.7609
    7.5000  -22.5000   -7.500010189.9766   21.7614
   -7.5000  -15.0000   -7.500011265.8213   21.7159
    0.0000  -15.0000   -7.500011418.6621   21.7448
    7.5000  -15.0000   -7.500010736.9688   21.7404
   -7.5000   -7.5000   -7.500011273.6143   21.7133
    0.0000   -7.5000   -7.500011424.3574   21.7445
    7.5000   -7.5000   -7.500010745.0771   21.7389
   -7.5000    0.0000   -7.500011083.2324   21.7215
    0.0000    0.0000   -7.500011222.0400   21.7603
    7.5000    0.0000   -7.500010586.5957   21.7584
   -7.5000    7.5000   -7.500010413.0137   21.7279
    0.0000    7.5000   -7.500010510.2637   21.7714
    7.5000    7.5000   -7.5000 9935.7471   21.7731
   -7.5000   15.0000   -7.500010069.4590   21.7312
    0.0000   15.0000   -7.500010113.6846   21.7718
    7.5000   15.0000   -7.5000 9597.2646   21.7744
   -7.5000   22.5000   -7.5000 9162.0732   21.4883
    0.0000   22.5000   -7.5000 9195.3496   21.5217
    7.5000   22.5000   -7.5000 8715.3271   21.5226
   -7.5000   30.0000   -7.5000 8299.3145   21.1844
    0.0000   30.0000   -7.5000 8317.3848   21.2153
    7.5000   30.0000   -7.5000 7891.9688   21.2117
   -7.5000   37.5000   -7.5000 7517.7026   20.9639
    0.0000   37.5000   -7.5000 7520.6626   20.9945
    7.5000   37.5000   -7.5000 7144.9453   20.9826
   -7.5000   45.0000   -7.5000 6711.9131   20.9254
    0.0000   45.0000   -7.5000 6722.9429   20.9594
    7.5000   45.0000   -7.5000 6378.0532   20.9488
   -7.5000  -45.0000    0.0000 9167.4082   20.3956
    0.0000  -45.0000    0.0000 9255.5176   20.4268
    7.5000  -45.0000    0.0000 8787.4023   20.4187
   -7.5000  -37.5000    0.0000 9656.8018   21.7032
    0.0000  -37.5000    0.0000 9765.8018   21.7429
    7.5000  -37.5000    0.0000 9242.1162   21.7401
   -7.5000  -30.0000    0.000010203.6182   22.2583
    0.0000  -30.0000    0.000010391.9229   22.2984
    7.5000  -30.0000    0.0000 9758.5352   22.2942
   -7.5000  -22.5000    0.000010882.3994   22.2503
    0.0000  -22.5000    0.000011086.0303   22.2834
    7.5000  -22.5000    0.000010357.8281   22.2725
   -7.5000  -15.0000    0.000011445.6875   22.2439
    0.0000  -15.0000    0.000011634.0273   22.2708
    7.5000  -15.0000    0.000010882.3086   22.2519
   -7.5000   -7.5000    0.000011380.7686   22.2451
    0.0000   -7.5000    0.000011563.0996   22.2719
    7.5000   -7.5000    0.000010844.7979   22.2541
   -7.5000    0.0000    0.000011171.5957   22.2507
    0.0000    0.0000    0.000011341.1152   22.2848
    7.5000    0.0000    0.000010657.7471   22.2760
   -7.5000    7.5000    0.000010482.6904   22.2501
    0.0000    7.5000    0.000010620.2285   22.2909
    7.5000    7.5000    0.0000 9971.0859   22.2879
   -7.5000   15.0000    0.000010111.2109   22.2505
    0.0000   15.0000    0.000010223.8438   22.2905
    7.5000   15.0000    0.0000 9621.5752   22.2864
   -7.5000   22.5000    0.0000 9214.5352   22.0122
    0.0000   22.5000    0.0000 9276.0889   22.0454
    7.5000   22.5000    0.0000 8744.7803   22.0347
   -7.5000   30.0000    0.0000 8366.0996   21.7146
    0.0000   30.0000    0.0000 8394.7256   21.7435
    7.5000   30.0000    0.0000 7924.2842   21.7258
   -7.5000   37.5000    0.0000 7559.7290   21.4968
    0.0000   37.5000    0.0000 7582.6826   21.5244
    7.5000   37.5000    0.0000 7169.5854   21.5046
   -7.5000   45.0000    0.0000 6731.3174   21.4733
    0.0000   45.0000    0.0000 6767.7534   21.5043
    7.5000   45.0000    0.0000 6386.1553   21.4900
   -7.5000  -45.0000    7.5000 8891.5488   20.3936
    0.0000  -45.0000    7.5000 8962.0088   20.4329
    7.5000  -45.0000    7.5000 8498.2793   20.4240
   -7.5000  -37.5000    7.5000 9349.1709   21.7027
    0.0000  -37.5000    7.5000 9457.9502   21.7485
    7.5000  -37.5000    7.5000 8932.1553   21.7399
   -7.5000  -30.0000    7.5000 9946.3174   22.2617
    0.0000  -30.0000    7.500010195.3301   22.3096
    7.5000  -30.0000    7.5000 9496.2217   22.2996
   -7.5000  -22.5000    7.500010677.8594   22.2569
    0.0000  -22.5000    7.500010968.5391   22.3019
    7.5000  -22.5000    7.500010156.8174   22.2893
   -7.5000  -15.0000    7.500011238.9102   22.2492
    0.0000  -15.0000    7.500011491.9541   22.2905
    7.5000  -15.0000    7.500010664.7383   22.2750
   -7.5000   -7.5000    7.500011122.8389   22.2459
    0.0000   -7.5000    7.500011322.1299   22.2857
    7.5000   -7.5000    7.500010562.6914   22.2719
   -7.5000    0.0000    7.500010903.1973   22.2486
    0.0000    0.0000    7.500011099.7920   22.2914
    7.5000    0.0000    7.500010352.5312   22.2817
   -7.5000    7.5000    7.500010159.8232   22.2496
    0.0000    7.5000    7.500010344.4404   22.2966
    7.5000    7.5000    7.5000 9646.3232   22.2878
   -7.5000   15.0000    7.5000 9782.8047   22.2539
    0.0000   15.0000    7.5000 9928.8018   22.3018
    7.5000   15.0000    7.5000 9271.4922   22.2918
   -7.5000   22.5000    7.5000 8912.1152   22.0219
    0.0000   22.5000    7.5000 8998.7480   22.0664
    7.5000   22.5000    7.5000 8426.1543   22.0537
   -7.5000   30.0000    7.5000 8081.4614   21.7247
    0.0000   30.0000    7.5000 8133.3960   21.7678
    7.5000   30.0000    7.5000 7644.0303   21.7537
   -7.5000   37.5000    7.5000 7312.1050   21.4986
    0.0000   37.5000    7.5000 7352.0762   21.5386
    7.5000   37.5000    7.5000 6919.7031   21.5257
   -7.5000   45.0000    7.5000 6532.2217   21.4807
    0.0000   45.0000    7.5000 6576.9639   21.5210
    7.5000   45.0000    7.5000 6177.4346   21.5113
   -7.5000  -45.0000   15.0000 8901.0410   20.3848
    0.0000  -45.0000   15.0000 8942.0303   20.4379
    7.5000  -45.0000   15.0000 8508.3018   20.4327
   -7.5000  -37.5000   15.0000 9380.4199   21.6999
    0.0000  -37.5000   15.0000 9463.5088   21.7559
    7.5000  -37.5000   15.0000 8966.3613   21.7449
   -7.5000  -30.0000   15.000010007.4268   22.2671
    0.0000  -30.0000   15.000010239.3604   22.3244
    7.5000  -30.0000   15.0000 9555.8604   22.3138
   -7.5000  -22.5000   15.000010741.6982   22.2654
    0.0000  -22.5000   15.000011067.7100   22.3226
    7.5000  -22.5000   15.000010245.0947   22.3177
   -7.5000  -15.0000   15.000011336.1875   22.2516
    0.0000  -15.0000   15.000011680.1748   22.3099
    7.5000  -15.0000   15.000010773.4434   22.3093
   -7.5000   -7.5000   15.000011227.0615   22.2388
    0.0000   -7.5000   15.000011512.6543   22.2974
    7.5000   -7.5000   15.000010667.9316   22.2968
   -7.5000    0.0000   15.000010991.7666   22.2389
    0.0000    0.0000   15.000011232.2031   22.2968
    7.5000    0.0000   15.000010423.8838   22.2912
   -7.5000    7.5000   15.000010175.3750   22.2467
    0.0000    7.5000   15.000010347.6113   22.3042
    7.5000    7.5000   15.0000 9664.5918   22.2929
   -7.5000   15.0000   15.0000 9772.0283   22.2592
    0.0000   15.0000   15.0000 9876.1396   22.3165
    7.5000   15.0000   15.0000 9271.0352   22.3059
   -7.5000   22.5000   15.0000 8902.5312   22.0293
    0.0000   22.5000   15.0000 8956.7480   22.0858
    7.5000   22.5000   15.0000 8416.4561   22.0807
   -7.5000   30.0000   15.0000 8080.8193   21.7297
    0.0000   30.0000   15.0000 8101.8335   21.7896
    7.5000   30.0000   15.0000 7635.6929   21.7904
   -7.5000   37.5000   15.0000 7293.8691   21.4981
    0.0000   37.5000   15.0000 7320.0020   21.5551
    7.5000   37.5000   15.0000 6904.6162   21.5536
   -7.5000   45.0000   15.0000 6512.6646   21.4824
    0.0000   45.0000   15.0000 6539.7920   21.5371
    7.5000   45.0000   15.0000 6151.6406   21.5330
   -7.5000  -45.0000   22.5000 8468.6270   20.4866
    0.0000  -45.0000   22.5000 8514.9346   20.5468
    7.5000  -45.0000   22.5000 8086.8433   20.5470
   -7.5000  -37.5000   22.5000 8925.9531   21.8153
    0.0000  -37.5000   22.5000 9039.0771   21.8769
    7.5000  -37.5000   22.5000 8520.8506   21.8689
   -7.5000  -30.0000   22.5000 9492.3682   22.3902
    0.0000  -30.0000   22.5000 9671.9639   22.4507
    7.5000  -30.0000   22.5000 9069.5781   22.4449
   -7.5000  -22.5000   22.500010117.3740   22.3871
    0.0000  -22.5000   22.500010322.4229   22.4467
    7.5000  -22.5000   22.5000 9668.9189   22.4511
   -7.5000  -15.0000   22.500010683.8877   22.3666
    0.0000  -15.0000   22.500010905.1865   22.4295
    7.5000  -15.0000   22.500010215.5186   22.4415
   -7.5000   -7.5000   22.500010652.2246   22.3482
    0.0000   -7.5000   22.500010891.8750   22.4140
    7.5000   -7.5000   22.500010178.6650   22.4243
   -7.5000    0.0000   22.500010480.5342   22.3500
    0.0000    0.0000   22.500010704.8643   22.4156
    7.5000    0.0000   22.5000 9988.3008   22.4159
   -7.5000    7.5000   22.5000 9678.6289   22.3651
    0.0000    7.5000   22.5000 9846.6230   22.4282
    7.5000    7.5000   22.5000 9226.5908   22.4200
   -7.5000   15.0000   22.5000 9244.0557   22.3823
    0.0000   15.0000   22.5000 9355.1240   22.4428
    7.5000   15.0000   22.5000 8787.2578   22.4370
   -7.5000   22.5000   22.5000 8411.3887   22.1459
    0.0000   22.5000   22.5000 8475.5576   22.2050
    7.5000   22.5000   22.5000 7969.9639   22.2094
   -7.5000   30.0000   22.5000 7622.8823   21.8411
    0.0000   30.0000   22.5000 7665.5186   21.9055
    7.5000   30.0000   22.5000 7229.8823   21.9188
   -7.5000   37.5000   22.5000 6876.4487   21.6132
    0.0000   37.5000   22.5000 6915.8906   21.6761
    7.5000   37.5000   22.5000 6526.6890   21.6809
   -7.5000   45.0000   22.5000 6134.3818   21.6005
    0.0000   45.0000   22.5000 6156.3643   21.6616
    7.5000   45.0000   22.5000 5805.8398   21.6596
   -7.5000  -45.0000   30.0000 7951.2241   20.6185
    0.0000  -45.0000   30.0000 8005.8081   20.6709
    7.5000  -45.0000   30.0000 7607.8945   20.6756
   -7.5000  -37.5000   30.0000 8392.7637   21.9665
    0.0000  -37.5000   30.0000 8478.2607   22.0226
    7.5000  -37.5000   30.0000 8032.6904   22.0239
   -7.5000  -30.0000   30.0000 8881.6875   22.5452
    0.0000  -30.0000   30.0000 8966.0293   22.5989
    7.5000  -30.0000   30.0000 8511.4609   22.6031
   -7.5000  -22.5000   30.0000 9434.1992   22.5361
    0.0000  -22.5000   30.0000 9510.7236   22.5850
    7.5000  -22.5000   30.0000 9034.8682   22.5957
   -7.5000  -15.0000   30.0000 9959.1162   22.5142
    0.0000  -15.0000   30.000010042.9189   22.5634
    7.5000  -15.0000   30.0000 9529.3467   22.5768
   -7.5000   -7.5000   30.0000 9951.3457   22.5001
    0.0000   -7.5000   30.000010052.9062   22.5530
    7.5000   -7.5000   30.0000 9519.7588   22.5640
   -7.5000    0.0000   30.0000 9819.1172   22.5077
    0.0000    0.0000   30.0000 9914.8115   22.5648
    7.5000    0.0000   30.0000 9374.7773   22.5700
   -7.5000    7.5000   30.0000 9106.6377   22.5239
    0.0000    7.5000   30.0000 9202.9805   22.5814
    7.5000    7.5000   30.0000 8693.5430   22.5828
   -7.5000   15.0000   30.0000 8684.0977   22.5372
    0.0000   15.0000   30.0000 8774.3037   22.5909
    7.5000   15.0000   30.0000 8267.8105   22.5950
   -7.5000   22.5000   30.0000 7873.3623   22.2887
    0.0000   22.5000   30.0000 7950.0430   22.3375
    7.5000   22.5000   30.0000 7488.8462   22.3486
   -7.5000   30.0000   30.0000 7125.0869   21.9942
    0.0000   30.0000   30.0000 7171.2993   22.0452
    7.5000   30.0000   30.0000 6764.9512   22.0597
   -7.5000   37.5000   30.0000 6400.9907   21.7882
    0.0000   37.5000   30.0000 6437.5645   21.8387
    7.5000   37.5000   30.0000 6083.7109   21.8413
   -7.5000   45.0000   30.0000 5690.7271   21.7864
    0.0000   45.0000   30.0000 5711.3677   21.8380
    7.5000   45.0000   30.0000 5397.9702   21.8354
   -7.5000  -45.0000   37.5000 7421.7402   20.7358
    0.0000  -45.0000   37.5000 7469.1641   20.7806
    7.5000  -45.0000   37.5000 7108.0674   20.7819
   -7.5000  -37.5000   37.5000 7824.5879   22.0892
    0.0000  -37.5000   37.5000 7897.4004   22.1412
    7.5000  -37.5000   37.5000 7506.9941   22.1470
   -7.5000  -30.0000   37.5000 8276.6309   22.6468
    0.0000  -30.0000   37.5000 8328.4150   22.6967
    7.5000  -30.0000   37.5000 7933.4785   22.7044
   -7.5000  -22.5000   37.5000 8779.0283   22.6324
    0.0000  -22.5000   37.5000 8823.4053   22.6746
    7.5000  -22.5000   37.5000 8402.1934   22.6801
   -7.5000  -15.0000   37.5000 9257.0586   22.6170
    0.0000  -15.0000   37.5000 9291.6807   22.6553
    7.5000  -15.0000   37.5000 8836.3633   22.6546
   -7.5000   -7.5000   37.5000 9253.0459   22.6149
    0.0000   -7.5000   37.5000 9315.1396   22.6560
    7.5000   -7.5000   37.5000 8836.4062   22.6532
   -7.5000    0.0000   37.5000 9150.5713   22.6271
    0.0000    0.0000   37.5000 9214.0293   22.6760
    7.5000    0.0000   37.5000 8740.6680   22.6774
   -7.5000    7.5000   37.5000 8506.4229   22.6357
    0.0000    7.5000   37.5000 8573.9971   22.6890
    7.5000    7.5000   37.5000 8120.1509   22.6949
   -7.5000   15.0000   37.5000 8126.5845   22.6386
    0.0000   15.0000   37.5000 8189.7690   22.6884
    7.5000   15.0000   37.5000 7738.8823   22.6962
   -7.5000   22.5000   37.5000 7376.8628   22.3785
    0.0000   22.5000   37.5000 7427.1025   22.4207
    7.5000   22.5000   37.5000 7013.6973   22.4266
   -7.5000   30.0000   37.5000 6655.6470   22.0711
    0.0000   30.0000   37.5000 6690.9321   22.1112
    7.5000   30.0000   37.5000 6320.2266   22.1113
   -7.5000   37.5000   37.5000 5952.1831   21.8522
    0.0000   37.5000   37.5000 5977.9360   21.8928
    7.5000   37.5000   37.5000 5649.4170   21.8832
   -7.5000   45.0000   37.5000 5278.7319   21.8381
    0.0000   45.0000   37.5000 5289.8208   21.8821
    7.5000   45.0000   37.5000 5007.1665   21.8745
   -7.5000  -45.0000   45.0000 6893.1797   21.0045
    0.0000  -45.0000   45.0000 6935.2378   21.0510
    7.5000  -45.0000   45.0000 6587.1577   21.0431
   -7.5000  -37.5000   45.0000 7270.3813   22.3783
    0.0000  -37.5000   45.0000 7316.4546   22.4338
    7.5000  -37.5000   45.0000 6955.7544   22.4344
   -7.5000  -30.0000   45.0000 7675.9697   22.9236
    0.0000  -30.0000   45.0000 7715.3096   22.9785
    7.5000  -30.0000   45.0000 7350.2988   22.9808
   -7.5000  -22.5000   45.0000 8130.7324   22.9096
    0.0000  -22.5000   45.0000 8157.1040   22.9570
    7.5000  -22.5000   45.0000 7777.8081   22.9523
   -7.5000  -15.0000   45.0000 8548.6523   22.8926
    0.0000  -15.0000   45.0000 8565.4297   22.9344
    7.5000  -15.0000   45.0000 8173.9517   22.9182
   -7.5000   -7.5000   45.0000 8552.0098   22.8893
    0.0000   -7.5000   45.0000 8593.7061   22.9324
    7.5000   -7.5000   45.0000 8178.0552   22.9142
   -7.5000    0.0000   45.0000 8477.9375   22.9006
    0.0000    0.0000   45.0000 8521.2139   22.9514
    7.5000    0.0000   45.0000 8099.6201   22.9427
   -7.5000    7.5000   45.0000 7902.7197   22.9100
    0.0000    7.5000   45.0000 7950.8672   22.9667
    7.5000    7.5000   45.0000 7538.0059   22.9673
   -7.5000   15.0000   45.0000 7545.9038   22.9150
    0.0000   15.0000   45.0000 7583.1265   22.9699
    7.5000   15.0000   45.0000 7184.8926   22.9722
   -7.5000   22.5000   45.0000 6833.5176   22.6277
    0.0000   22.5000   45.0000 6865.3721   22.6749
    7.5000   22.5000   45.0000 6498.1670   22.6705
   -7.5000   30.0000   45.0000 6160.4307   22.2972
    0.0000   30.0000   45.0000 6193.1577   22.3405
    7.5000   30.0000   45.0000 5848.9683   22.3248
   -7.5000   37.5000   45.0000 5502.6816   22.0392
    0.0000   37.5000   45.0000 5535.7925   22.0824
    7.5000   37.5000   45.0000 5225.8003   22.0613
   -7.5000   45.0000   45.0000 4885.0269   22.0103
    0.0000   45.0000   45.0000 4908.8730   22.0574
    7.5000   45.0000   45.0000 4643.5947   22.0431

---------------------------------------------------------------------
imgreg_4dfp /opt/freesurfer/average/711-2C_as_mni_average_305 /opt/freesurfer/average/711-2B_as_mni_average_305_mask talsrcimg_g11 none talsrcimg_to_711-2C_as_mni_average_305_t4 4355
---------------------------------------------------------------------

freesurfer imgreg_4dfp.c
/opt/freesurfer/average/711-2C_as_mni_average_305.4dfp.img
       256       256       256         1
  1.000000  1.000000  1.000000
orientation T byte_order littleendian
Reading image: /opt/freesurfer/average/711-2C_as_mni_average_305.4dfp.img
dimensions:      256       256       256
mmppix:       1.0000   -1.0000   -1.0000
center:     128.0000 -129.0000 -129.0000
/opt/freesurfer/average/711-2B_as_mni_average_305_mask.4dfp.img
       256       256       256         1
  1.000000  1.000000  1.000000
orientation T byte_order littleendian
Reading mask: /opt/freesurfer/average/711-2B_as_mni_average_305_mask.4dfp.img (2306576 pixels)
talsrcimg_g11.4dfp.img
       256       256       256         1
  0.898438  0.898438  0.898438
orientation T byte_order littleendian
Reading image: talsrcimg_g11.4dfp.img
dimensions:      256       256       256
mmppix:       0.8984   -0.8984   -0.8984
center:     115.0001 -115.8985 -115.8985
rotation matrix determinant  1.000000
image alignment mode   4355 decimal     1103 hex
   -7.5000  -60.0000  -30.0000 2163.5515   20.8815
    0.0000  -60.0000  -30.0000 2181.7771   20.8920
    7.5000  -60.0000  -30.0000 2161.0586   21.0573
   -7.5000  -52.5000  -30.0000 2260.2092   19.0286
    0.0000  -52.5000  -30.0000 2275.6362   19.0297
    7.5000  -52.5000  -30.0000 2253.3445   19.2507
   -7.5000  -45.0000  -30.0000 2356.4856   17.8343
    0.0000  -45.0000  -30.0000 2369.8774   17.8240
    7.5000  -45.0000  -30.0000 2345.8650   17.9935
   -7.5000  -37.5000  -30.0000 2405.7349   16.9965
    0.0000  -37.5000  -30.0000 2420.4829   16.8774
    7.5000  -37.5000  -30.0000 2393.9990   17.0557
   -7.5000  -30.0000  -30.0000 2437.9241   16.4910
    0.0000  -30.0000  -30.0000 2452.0698   16.3398
    7.5000  -30.0000  -30.0000 2424.7000   16.5537
   -7.5000  -22.5000  -30.0000 2445.6208   16.3390
    0.0000  -22.5000  -30.0000 2457.1091   16.2141
    7.5000  -22.5000  -30.0000 2430.8091   16.4271
   -7.5000  -15.0000  -30.0000 2444.7788   16.5114
    0.0000  -15.0000  -30.0000 2456.1782   16.3664
    7.5000  -15.0000  -30.0000 2430.1431   16.6194
   -7.5000   -7.5000  -30.0000 2421.9412   16.9722
    0.0000   -7.5000  -30.0000 2438.8579   16.8295
    7.5000   -7.5000  -30.0000 2411.0264   17.0967
   -7.5000    0.0000  -30.0000 2383.8264   17.7335
    0.0000    0.0000  -30.0000 2403.7661   17.5900
    7.5000    0.0000  -30.0000 2372.1570   17.8769
   -7.5000    7.5000  -30.0000 2323.5740   18.7856
    0.0000    7.5000  -30.0000 2337.7219   18.6701
    7.5000    7.5000  -30.0000 2305.3579   18.9389
   -7.5000   15.0000  -30.0000 2230.3438   20.2546
    0.0000   15.0000  -30.0000 2244.3318   20.1380
    7.5000   15.0000  -30.0000 2216.0071   20.3807
   -7.5000   22.5000  -30.0000 2121.4592   22.2854
    0.0000   22.5000  -30.0000 2135.2263   22.1407
    7.5000   22.5000  -30.0000 2105.6128   22.4202
   -7.5000   30.0000  -30.0000 2008.7518   24.9728
    0.0000   30.0000  -30.0000 2016.9515   24.8133
    7.5000   30.0000  -30.0000 1984.2148   25.0501
   -7.5000  -60.0000  -22.5000 2276.0039   20.2860
    0.0000  -60.0000  -22.5000 2293.9360   20.3413
    7.5000  -60.0000  -22.5000 2270.8054   20.5565
   -7.5000  -52.5000  -22.5000 2373.2007   18.4316
    0.0000  -52.5000  -22.5000 2390.3738   18.4441
    7.5000  -52.5000  -22.5000 2370.7043   18.6738
   -7.5000  -45.0000  -22.5000 2477.8792   17.2454
    0.0000  -45.0000  -22.5000 2491.9221   17.1926
    7.5000  -45.0000  -22.5000 2469.9141   17.3999
   -7.5000  -37.5000  -22.5000 2540.8958   16.3442
    0.0000  -37.5000  -22.5000 2555.7285   16.2415
    7.5000  -37.5000  -22.5000 2532.7217   16.4308
   -7.5000  -30.0000  -22.5000 2584.6040   15.8214
    0.0000  -30.0000  -22.5000 2592.9375   15.6930
    7.5000  -30.0000  -22.5000 2567.5676   15.8926
   -7.5000  -22.5000  -22.5000 2602.9399   15.6628
    0.0000  -22.5000  -22.5000 2612.3862   15.5493
    7.5000  -22.5000  -22.5000 2580.9597   15.7542
   -7.5000  -15.0000  -22.5000 2600.8992   15.8215
    0.0000  -15.0000  -22.5000 2614.0203   15.6998
    7.5000  -15.0000  -22.5000 2581.4141   15.9489
   -7.5000   -7.5000  -22.5000 2579.3318   16.2961
    0.0000   -7.5000  -22.5000 2597.6675   16.1630
    7.5000   -7.5000  -22.5000 2564.9353   16.4060
   -7.5000    0.0000  -22.5000 2532.6040   16.9979
    0.0000    0.0000  -22.5000 2554.6074   16.9084
    7.5000    0.0000  -22.5000 2517.5869   17.1469
   -7.5000    7.5000  -22.5000 2465.3479   18.0329
    0.0000    7.5000  -22.5000 2479.8438   17.9255
    7.5000    7.5000  -22.5000 2446.8457   18.1450
   -7.5000   15.0000  -22.5000 2363.7598   19.4618
    0.0000   15.0000  -22.5000 2374.9551   19.3042
    7.5000   15.0000  -22.5000 2348.1953   19.5636
   -7.5000   22.5000  -22.5000 2249.4844   21.4149
    0.0000   22.5000  -22.5000 2261.2136   21.1983
    7.5000   22.5000  -22.5000 2234.0234   21.4622
   -7.5000   30.0000  -22.5000 2120.1331   23.8712
    0.0000   30.0000  -22.5000 2131.2803   23.6895
    7.5000   30.0000  -22.5000 2106.3486   23.9427
   -7.5000  -60.0000  -15.0000 2348.3157   19.6064
    0.0000  -60.0000  -15.0000 2365.8459   19.5862
    7.5000  -60.0000  -15.0000 2342.3345   19.8440
   -7.5000  -52.5000  -15.0000 2454.9441   17.7485
    0.0000  -52.5000  -15.0000 2468.8425   17.7108
    7.5000  -52.5000  -15.0000 2447.3198   17.9260
   -7.5000  -45.0000  -15.0000 2565.3884   16.5662
    0.0000  -45.0000  -15.0000 2581.9585   16.4786
    7.5000  -45.0000  -15.0000 2556.4854   16.6856
   -7.5000  -37.5000  -15.0000 2638.7114   15.6272
    0.0000  -37.5000  -15.0000 2655.1702   15.5311
    7.5000  -37.5000  -15.0000 2633.5173   15.6880
   -7.5000  -30.0000  -15.0000 2691.6226   15.0666
    0.0000  -30.0000  -15.0000 2698.4031   14.9724
    7.5000  -30.0000  -15.0000 2675.1208   15.1042
   -7.5000  -22.5000  -15.0000 2721.9612   14.8228
    0.0000  -22.5000  -15.0000 2732.1548   14.7450
    7.5000  -22.5000  -15.0000 2695.4211   14.8909
   -7.5000  -15.0000  -15.0000 2729.6975   15.0025
    0.0000  -15.0000  -15.0000 2745.0012   14.8865
    7.5000  -15.0000  -15.0000 2705.1729   15.0761
   -7.5000   -7.5000  -15.0000 2709.7573   15.5104
    0.0000   -7.5000  -15.0000 2731.3557   15.3738
    7.5000   -7.5000  -15.0000 2691.6506   15.5782
   -7.5000    0.0000  -15.0000 2656.5293   16.2118
    0.0000    0.0000  -15.0000 2678.5901   16.0721
    7.5000    0.0000  -15.0000 2641.9553   16.3000
   -7.5000    7.5000  -15.0000 2579.7556   17.1674
    0.0000    7.5000  -15.0000 2595.5955   17.0529
    7.5000    7.5000  -15.0000 2564.4839   17.2655
   -7.5000   15.0000  -15.0000 2473.4172   18.5557
    0.0000   15.0000  -15.0000 2481.7969   18.3852
    7.5000   15.0000  -15.0000 2459.1985   18.5848
   -7.5000   22.5000  -15.0000 2348.2568   20.4162
    0.0000   22.5000  -15.0000 2358.8242   20.1768
    7.5000   22.5000  -15.0000 2333.7378   20.4159
   -7.5000   30.0000  -15.0000 2210.4900   22.7731
    0.0000   30.0000  -15.0000 2221.8120   22.5259
    7.5000   30.0000  -15.0000 2196.7976   22.7432
   -7.5000  -60.0000   -7.5000 2377.2810   18.8228
    0.0000  -60.0000   -7.5000 2393.8840   18.7201
    7.5000  -60.0000   -7.5000 2372.5181   18.9613
   -7.5000  -52.5000   -7.5000 2485.1655   17.0105
    0.0000  -52.5000   -7.5000 2502.3777   16.9373
    7.5000  -52.5000   -7.5000 2487.7380   17.1549
   -7.5000  -45.0000   -7.5000 2610.9590   15.8401
    0.0000  -45.0000   -7.5000 2629.0913   15.7673
    7.5000  -45.0000   -7.5000 2607.1050   15.9585
   -7.5000  -37.5000   -7.5000 2701.8059   14.8816
    0.0000  -37.5000   -7.5000 2715.9011   14.7961
    7.5000  -37.5000   -7.5000 2694.3101   14.9289
   -7.5000  -30.0000   -7.5000 2764.5427   14.2830
    0.0000  -30.0000   -7.5000 2776.9812   14.2145
    7.5000  -30.0000   -7.5000 2749.3831   14.3169
   -7.5000  -22.5000   -7.5000 2806.6169   14.0108
    0.0000  -22.5000   -7.5000 2819.6704   13.9257
    7.5000  -22.5000   -7.5000 2779.2329   14.0495
   -7.5000  -15.0000   -7.5000 2820.1992   14.1280
    0.0000  -15.0000   -7.5000 2840.5557   14.0001
    7.5000  -15.0000   -7.5000 2790.3496   14.1823
   -7.5000   -7.5000   -7.5000 2797.0386   14.6085
    0.0000   -7.5000   -7.5000 2819.2727   14.4534
    7.5000   -7.5000   -7.5000 2773.0623   14.6241
   -7.5000    0.0000   -7.5000 2736.3850   15.2834
    0.0000    0.0000   -7.5000 2760.6875   15.1769
    7.5000    0.0000   -7.5000 2721.2378   15.3479
   -7.5000    7.5000   -7.5000 2647.9880   16.2397
    0.0000    7.5000   -7.5000 2670.5449   16.1294
    7.5000    7.5000   -7.5000 2638.6804   16.3333
   -7.5000   15.0000   -7.5000 2540.8796   17.5376
    0.0000   15.0000   -7.5000 2558.4077   17.3803
    7.5000   15.0000   -7.5000 2530.1731   17.6258
   -7.5000   22.5000   -7.5000 2414.2661   19.3735
    0.0000   22.5000   -7.5000 2431.1367   19.1212
    7.5000   22.5000   -7.5000 2396.9167   19.3667
   -7.5000   30.0000   -7.5000 2269.4131   21.6128
    0.0000   30.0000   -7.5000 2281.2222   21.3374
    7.5000   30.0000   -7.5000 2250.7197   21.6096
   -7.5000  -60.0000    0.0000 2401.1438   18.4337
    0.0000  -60.0000    0.0000 2415.3735   18.3071
    7.5000  -60.0000    0.0000 2396.8406   18.5314
   -7.5000  -52.5000    0.0000 2518.1589   16.6519
    0.0000  -52.5000    0.0000 2534.7729   16.5528
    7.5000  -52.5000    0.0000 2515.7581   16.7214
   -7.5000  -45.0000    0.0000 2649.0015   15.4591
    0.0000  -45.0000    0.0000 2666.8027   15.3538
    7.5000  -45.0000    0.0000 2644.7612   15.5183
   -7.5000  -37.5000    0.0000 2755.3774   14.4572
    0.0000  -37.5000    0.0000 2773.7180   14.3517
    7.5000  -37.5000    0.0000 2746.1702   14.4961
   -7.5000  -30.0000    0.0000 2837.0771   13.8215
    0.0000  -30.0000    0.0000 2855.7039   13.7515
    7.5000  -30.0000    0.0000 2822.4756   13.8470
   -7.5000  -22.5000    0.0000 2896.5151   13.5506
    0.0000  -22.5000    0.0000 2919.5171   13.4716
    7.5000  -22.5000    0.0000 2869.1775   13.5696
   -7.5000  -15.0000    0.0000 2907.6787   13.6373
    0.0000  -15.0000    0.0000 2942.0657   13.4819
    7.5000  -15.0000    0.0000 2877.4685   13.6501
   -7.5000   -7.5000    0.0000 2875.0146   14.0378
    0.0000   -7.5000    0.0000 2901.0806   13.8774
    7.5000   -7.5000    0.0000 2846.1511   14.0530
   -7.5000    0.0000    0.0000 2805.6250   14.7035
    0.0000    0.0000    0.0000 2832.3599   14.5324
    7.5000    0.0000    0.0000 2787.6523   14.7531
   -7.5000    7.5000    0.0000 2716.6672   15.6593
    0.0000    7.5000    0.0000 2741.3367   15.5059
    7.5000    7.5000    0.0000 2701.1555   15.7369
   -7.5000   15.0000    0.0000 2594.0789   16.9501
    0.0000   15.0000    0.0000 2620.2615   16.7674
    7.5000   15.0000    0.0000 2582.0618   17.0429
   -7.5000   22.5000    0.0000 2457.7034   18.7393
    0.0000   22.5000    0.0000 2481.6365   18.4769
    7.5000   22.5000    0.0000 2443.1797   18.7739
   -7.5000   30.0000    0.0000 2315.7747   20.9302
    0.0000   30.0000    0.0000 2335.3525   20.6667
    7.5000   30.0000    0.0000 2300.5452   20.9748
   -7.5000  -60.0000    7.5000 2398.2029   18.1902
    0.0000  -60.0000    7.5000 2411.0957   18.0581
    7.5000  -60.0000    7.5000 2394.1045   18.2500
   -7.5000  -52.5000    7.5000 2520.2927   16.3983
    0.0000  -52.5000    7.5000 2535.1758   16.2754
    7.5000  -52.5000    7.5000 2516.1855   16.4387
   -7.5000  -45.0000    7.5000 2658.7812   15.1479
    0.0000  -45.0000    7.5000 2671.6050   15.0550
    7.5000  -45.0000    7.5000 2647.1301   15.1906
   -7.5000  -37.5000    7.5000 2776.7075   14.1290
    0.0000  -37.5000    7.5000 2793.9304   14.0454
    7.5000  -37.5000    7.5000 2764.0413   14.1767
   -7.5000  -30.0000    7.5000 2875.6819   13.5271
    0.0000  -30.0000    7.5000 2898.0071   13.4733
    7.5000  -30.0000    7.5000 2861.2520   13.5420
   -7.5000  -22.5000    7.5000 2946.6204   13.2667
    0.0000  -22.5000    7.5000 2978.2053   13.2426
    7.5000  -22.5000    7.5000 2923.8145   13.2756
   -7.5000  -15.0000    7.5000 2965.3457   13.3199
    0.0000  -15.0000    7.5000 3010.7449   13.2319
    7.5000  -15.0000    7.5000 2933.6138   13.3372
   -7.5000   -7.5000    7.5000 2922.4294   13.6427
    0.0000   -7.5000    7.5000 2956.0283   13.5045
    7.5000   -7.5000    7.5000 2889.1755   13.6759
   -7.5000    0.0000    7.5000 2845.5898   14.2481
    0.0000    0.0000    7.5000 2871.3298   14.0948
    7.5000    0.0000    7.5000 2817.0820   14.2989
   -7.5000    7.5000    7.5000 2742.1309   15.2305
    0.0000    7.5000    7.5000 2768.2866   15.1018
    7.5000    7.5000    7.5000 2726.7988   15.2943
   -7.5000   15.0000    7.5000 2614.3232   16.5577
    0.0000   15.0000    7.5000 2639.8306   16.4119
    7.5000   15.0000    7.5000 2603.4646   16.6147
   -7.5000   22.5000    7.5000 2479.6775   18.3212
    0.0000   22.5000    7.5000 2497.8655   18.1515
    7.5000   22.5000    7.5000 2465.0923   18.3529
   -7.5000   30.0000    7.5000 2331.6501   20.5002
    0.0000   30.0000    7.5000 2346.2383   20.3277
    7.5000   30.0000    7.5000 2318.4248   20.5401
   -7.5000  -60.0000   15.0000 2380.2483   18.2517
    0.0000  -60.0000   15.0000 2395.3882   18.0399
    7.5000  -60.0000   15.0000 2375.2751   18.2715
   -7.5000  -52.5000   15.0000 2502.0259   16.3798
    0.0000  -52.5000   15.0000 2517.2327   16.1926
    7.5000  -52.5000   15.0000 2493.7073   16.4063
   -7.5000  -45.0000   15.0000 2644.9968   15.1073
    0.0000  -45.0000   15.0000 2655.6121   14.9339
    7.5000  -45.0000   15.0000 2634.2976   15.1368
   -7.5000  -37.5000   15.0000 2770.2444   14.1192
    0.0000  -37.5000   15.0000 2780.4043   13.9855
    7.5000  -37.5000   15.0000 2760.3589   14.1531
   -7.5000  -30.0000   15.0000 2879.2466   13.5242
    0.0000  -30.0000   15.0000 2897.5901   13.4702
    7.5000  -30.0000   15.0000 2862.1768   13.5503
   -7.5000  -22.5000   15.0000 2955.5227   13.2488
    0.0000  -22.5000   15.0000 3000.4529   13.2648
    7.5000  -22.5000   15.0000 2935.8879   13.2704
   -7.5000  -15.0000   15.0000 2980.5784   13.2532
    0.0000  -15.0000   15.0000 3032.7578   13.2201
    7.5000  -15.0000   15.0000 2950.1553   13.2877
   -7.5000   -7.5000   15.0000 2936.5779   13.5306
    0.0000   -7.5000   15.0000 2972.2681   13.4216
    7.5000   -7.5000   15.0000 2912.9871   13.5500
   -7.5000    0.0000   15.0000 2856.4968   14.1340
    0.0000    0.0000   15.0000 2879.9128   14.0064
    7.5000    0.0000   15.0000 2826.6060   14.1893
   -7.5000    7.5000   15.0000 2741.0127   15.1349
    0.0000    7.5000   15.0000 2760.6428   15.0139
    7.5000    7.5000   15.0000 2728.8015   15.1946
   -7.5000   15.0000   15.0000 2615.1562   16.4921
    0.0000   15.0000   15.0000 2630.3257   16.3258
    7.5000   15.0000   15.0000 2605.6895   16.5365
   -7.5000   22.5000   15.0000 2475.7129   18.2326
    0.0000   22.5000   15.0000 2490.9846   18.0530
    7.5000   22.5000   15.0000 2465.9319   18.3146
   -7.5000   30.0000   15.0000 2324.0510   20.3773
    0.0000   30.0000   15.0000 2333.3955   20.1866
    7.5000   30.0000   15.0000 2316.6240   20.4747
   -7.5000  -60.0000   22.5000 2356.1113   18.5669
    0.0000  -60.0000   22.5000 2370.6177   18.2937
    7.5000  -60.0000   22.5000 2349.9548   18.5997
   -7.5000  -52.5000   22.5000 2470.3047   16.6962
    0.0000  -52.5000   22.5000 2483.3499   16.4660
    7.5000  -52.5000   22.5000 2461.3176   16.7152
   -7.5000  -45.0000   22.5000 2614.5386   15.4422
    0.0000  -45.0000   22.5000 2621.1519   15.2477
    7.5000  -45.0000   22.5000 2600.5342   15.4701
   -7.5000  -37.5000   22.5000 2735.5962   14.4344
    0.0000  -37.5000   22.5000 2743.9399   14.3186
    7.5000  -37.5000   22.5000 2715.9592   14.4889
   -7.5000  -30.0000   22.5000 2845.2834   13.7988
    0.0000  -30.0000   22.5000 2860.1426   13.7523
    7.5000  -30.0000   22.5000 2822.2981   13.8496
   -7.5000  -22.5000   22.5000 2917.9468   13.4450
    0.0000  -22.5000   22.5000 2954.9788   13.4022
    7.5000  -22.5000   22.5000 2893.1921   13.5366
   -7.5000  -15.0000   22.5000 2945.8479   13.4371
    0.0000  -15.0000   22.5000 2983.0791   13.3162
    7.5000  -15.0000   22.5000 2924.0383   13.4983
   -7.5000   -7.5000   22.5000 2903.8933   13.7602
    0.0000   -7.5000   22.5000 2942.2932   13.6450
    7.5000   -7.5000   22.5000 2889.2202   13.7942
   -7.5000    0.0000   22.5000 2826.2183   14.4686
    0.0000    0.0000   22.5000 2856.0718   14.3374
    7.5000    0.0000   22.5000 2806.8733   14.4942
   -7.5000    7.5000   22.5000 2709.7263   15.4454
    0.0000    7.5000   22.5000 2728.6438   15.3052
    7.5000    7.5000   22.5000 2702.4766   15.4702
   -7.5000   15.0000   22.5000 2588.7688   16.7261
    0.0000   15.0000   22.5000 2595.0164   16.5778
    7.5000   15.0000   22.5000 2576.0842   16.7455
   -7.5000   22.5000   22.5000 2451.5125   18.3597
    0.0000   22.5000   22.5000 2462.3066   18.1785
    7.5000   22.5000   22.5000 2443.0024   18.4227
   -7.5000   30.0000   22.5000 2299.1123   20.4449
    0.0000   30.0000   22.5000 2309.4661   20.2671
    7.5000   30.0000   22.5000 2293.9573   20.5091
   -7.5000  -60.0000   30.0000 2324.5527   19.2461
    0.0000  -60.0000   30.0000 2341.7070   18.9871
    7.5000  -60.0000   30.0000 2321.2456   19.3248
   -7.5000  -52.5000   30.0000 2434.1145   17.3294
    0.0000  -52.5000   30.0000 2444.4329   17.0995
    7.5000  -52.5000   30.0000 2423.0081   17.3751
   -7.5000  -45.0000   30.0000 2572.8538   16.0544
    0.0000  -45.0000   30.0000 2579.2402   15.8614
    7.5000  -45.0000   30.0000 2555.7642   16.1158
   -7.5000  -37.5000   30.0000 2689.1396   15.0520
    0.0000  -37.5000   30.0000 2695.0698   14.8951
    7.5000  -37.5000   30.0000 2667.7241   15.1317
   -7.5000  -30.0000   30.0000 2788.3237   14.3447
    0.0000  -30.0000   30.0000 2799.3452   14.2193
    7.5000  -30.0000   30.0000 2763.2893   14.4355
   -7.5000  -22.5000   30.0000 2854.9031   13.9527
    0.0000  -22.5000   30.0000 2877.0688   13.7757
    7.5000  -22.5000   30.0000 2827.4326   14.0442
   -7.5000  -15.0000   30.0000 2879.5215   13.9125
    0.0000  -15.0000   30.0000 2901.0352   13.7563
    7.5000  -15.0000   30.0000 2858.5933   13.9783
   -7.5000   -7.5000   30.0000 2839.3252   14.2430
    0.0000   -7.5000   30.0000 2865.5481   14.1175
    7.5000   -7.5000   30.0000 2830.9902   14.2693
   -7.5000    0.0000   30.0000 2766.9465   14.9808
    0.0000    0.0000   30.0000 2789.3472   14.8179
    7.5000    0.0000   30.0000 2754.7153   14.9871
   -7.5000    7.5000   30.0000 2657.7439   15.9824
    0.0000    7.5000   30.0000 2678.9124   15.8139
    7.5000    7.5000   30.0000 2651.9434   15.9861
   -7.5000   15.0000   30.0000 2534.4165   17.2373
    0.0000   15.0000   30.0000 2554.1807   17.0879
    7.5000   15.0000   30.0000 2528.7292   17.2864
   -7.5000   22.5000   30.0000 2400.0410   18.8200
    0.0000   22.5000   30.0000 2416.3228   18.6697
    7.5000   22.5000   30.0000 2398.2358   18.9118
   -7.5000   30.0000   30.0000 2254.7573   20.8919
    0.0000   30.0000   30.0000 2264.2329   20.6687
    7.5000   30.0000   30.0000 2247.6155   20.9060
   -7.5000  -60.0000   37.5000 2280.9641   20.1802
    0.0000  -60.0000   37.5000 2296.3376   19.8987
    7.5000  -60.0000   37.5000 2273.8970   20.2931
   -7.5000  -52.5000   37.5000 2394.3083   18.2167
    0.0000  -52.5000   37.5000 2405.9827   17.9193
    7.5000  -52.5000   37.5000 2379.6233   18.2730
   -7.5000  -45.0000   37.5000 2524.6743   16.8974
    0.0000  -45.0000   37.5000 2532.1162   16.6630
    7.5000  -45.0000   37.5000 2506.0381   17.0038
   -7.5000  -37.5000   37.5000 2633.5613   15.8448
    0.0000  -37.5000   37.5000 2643.7461   15.6678
    7.5000  -37.5000   37.5000 2612.8350   15.9468
   -7.5000  -30.0000   37.5000 2723.8706   15.1178
    0.0000  -30.0000   37.5000 2735.5425   14.9260
    7.5000  -30.0000   37.5000 2701.8555   15.2162
   -7.5000  -22.5000   37.5000 2777.4810   14.6827
    0.0000  -22.5000   37.5000 2794.4927   14.4897
    7.5000  -22.5000   37.5000 2753.7336   14.7541
   -7.5000  -15.0000   37.5000 2790.2136   14.6239
    0.0000  -15.0000   37.5000 2800.8955   14.4520
    7.5000  -15.0000   37.5000 2766.0234   14.6676
   -7.5000   -7.5000   37.5000 2751.4155   14.9998
    0.0000   -7.5000   37.5000 2768.7104   14.8592
    7.5000   -7.5000   37.5000 2736.4910   14.9838
   -7.5000    0.0000   37.5000 2681.3486   15.6817
    0.0000    0.0000   37.5000 2699.1396   15.5511
    7.5000    0.0000   37.5000 2674.8201   15.7120
   -7.5000    7.5000   37.5000 2585.3159   16.6800
    0.0000    7.5000   37.5000 2603.7454   16.5076
    7.5000    7.5000   37.5000 2576.4419   16.7133
   -7.5000   15.0000   37.5000 2475.2112   17.9341
    0.0000   15.0000   37.5000 2493.3760   17.7629
    7.5000   15.0000   37.5000 2469.2153   18.0130
   -7.5000   22.5000   37.5000 2346.7881   19.5330
    0.0000   22.5000   37.5000 2361.1199   19.3541
    7.5000   22.5000   37.5000 2345.7642   19.6137
   -7.5000   30.0000   37.5000 2197.9402   21.6509
    0.0000   30.0000   37.5000 2208.0938   21.4283
    7.5000   30.0000   37.5000 2194.5610   21.6469
   -7.5000  -60.0000   45.0000 2208.4937   21.2789
    0.0000  -60.0000   45.0000 2218.2212   20.9358
    7.5000  -60.0000   45.0000 2196.7207   21.3166
   -7.5000  -52.5000   45.0000 2321.2007   19.2249
    0.0000  -52.5000   45.0000 2330.1011   18.9065
    7.5000  -52.5000   45.0000 2304.7368   19.2765
   -7.5000  -45.0000   45.0000 2447.3862   17.8957
    0.0000  -45.0000   45.0000 2456.3757   17.6524
    7.5000  -45.0000   45.0000 2426.0242   17.9538
   -7.5000  -37.5000   45.0000 2548.5239   16.8228
    0.0000  -37.5000   45.0000 2559.5986   16.5971
    7.5000  -37.5000   45.0000 2526.9277   16.8987
   -7.5000  -30.0000   45.0000 2624.9717   16.0324
    0.0000  -30.0000   45.0000 2642.5159   15.8020
    7.5000  -30.0000   45.0000 2604.6643   16.1364
   -7.5000  -22.5000   45.0000 2669.8855   15.5785
    0.0000  -22.5000   45.0000 2682.9658   15.3862
    7.5000  -22.5000   45.0000 2649.7563   15.6709
   -7.5000  -15.0000   45.0000 2671.2302   15.5312
    0.0000  -15.0000   45.0000 2681.1731   15.3429
    7.5000  -15.0000   45.0000 2654.6899   15.5593
   -7.5000   -7.5000   45.0000 2630.2129   15.8841
    0.0000   -7.5000   45.0000 2646.3223   15.7094
    7.5000   -7.5000   45.0000 2621.9487   15.8689
   -7.5000    0.0000   45.0000 2568.6526   16.5532
    0.0000    0.0000   45.0000 2584.2278   16.3706
    7.5000    0.0000   45.0000 2557.4729   16.5328
   -7.5000    7.5000   45.0000 2482.2451   17.5177
    0.0000    7.5000   45.0000 2498.8176   17.3526
    7.5000    7.5000   45.0000 2470.0007   17.5557
   -7.5000   15.0000   45.0000 2381.6697   18.7690
    0.0000   15.0000   45.0000 2395.6570   18.5839
    7.5000   15.0000   45.0000 2373.4202   18.8427
   -7.5000   22.5000   45.0000 2260.7048   20.3788
    0.0000   22.5000   45.0000 2274.1438   20.2026
    7.5000   22.5000   45.0000 2256.9280   20.4891
   -7.5000   30.0000   45.0000 2119.7251   22.5381
    0.0000   30.0000   45.0000 2131.2275   22.3522
    7.5000   30.0000   45.0000 2112.3103   22.5672
   -7.5000  -60.0000   52.5000 2111.1677   22.3523
    0.0000  -60.0000   52.5000 2123.8887   22.0133
    7.5000  -60.0000   52.5000 2101.0684   22.4077
   -7.5000  -52.5000   52.5000 2225.1431   20.2781
    0.0000  -52.5000   52.5000 2237.3975   19.9782
    7.5000  -52.5000   52.5000 2208.4829   20.3113
   -7.5000  -45.0000   52.5000 2344.0771   18.9471
    0.0000  -45.0000   52.5000 2357.6648   18.6829
    7.5000  -45.0000   52.5000 2318.9038   18.9844
   -7.5000  -37.5000   52.5000 2434.6409   17.8395
    0.0000  -37.5000   52.5000 2454.4224   17.5745
    7.5000  -37.5000   52.5000 2415.4917   17.9140
   -7.5000  -30.0000   52.5000 2502.7612   16.9931
    0.0000  -30.0000   52.5000 2517.3047   16.7767
    7.5000  -30.0000   52.5000 2480.7605   17.1083
   -7.5000  -22.5000   52.5000 2536.7529   16.5184
    0.0000  -22.5000   52.5000 2545.1719   16.3459
    7.5000  -22.5000   52.5000 2515.2849   16.6529
   -7.5000  -15.0000   52.5000 2534.5730   16.4348
    0.0000  -15.0000   52.5000 2542.4441   16.2661
    7.5000  -15.0000   52.5000 2520.6921   16.5470
   -7.5000   -7.5000   52.5000 2495.7871   16.7691
    0.0000   -7.5000   52.5000 2504.7424   16.6292
    7.5000   -7.5000   52.5000 2490.5867   16.8292
   -7.5000    0.0000   52.5000 2441.3298   17.4017
    0.0000    0.0000   52.5000 2451.9248   17.2619
    7.5000    0.0000   52.5000 2432.4065   17.4524
   -7.5000    7.5000   52.5000 2366.3416   18.3528
    0.0000    7.5000   52.5000 2386.3674   18.2024
    7.5000    7.5000   52.5000 2358.5850   18.4603
   -7.5000   15.0000   52.5000 2271.3176   19.6218
    0.0000   15.0000   52.5000 2283.9412   19.4290
    7.5000   15.0000   52.5000 2260.8992   19.6860
   -7.5000   22.5000   52.5000 2152.0039   21.2361
    0.0000   22.5000   52.5000 2162.0083   21.0880
    7.5000   22.5000   52.5000 2139.7834   21.3053
   -7.5000   30.0000   52.5000 2019.6891   23.4068
    0.0000   30.0000   52.5000 2031.2662   23.2849
    7.5000   30.0000   52.5000 2010.3169   23.4482
   -7.5000  -60.0000   60.0000 2042.8142   24.1271
    0.0000  -60.0000   60.0000 2059.4189   23.8400
    7.5000  -60.0000   60.0000 2030.0116   24.2495
   -7.5000  -52.5000   60.0000 2151.7231   21.9248
    0.0000  -52.5000   60.0000 2169.0840   21.6739
    7.5000  -52.5000   60.0000 2135.4495   22.0239
   -7.5000  -45.0000   60.0000 2270.0547   20.5253
    0.0000  -45.0000   60.0000 2291.1702   20.2742
    7.5000  -45.0000   60.0000 2251.9160   20.6068
   -7.5000  -37.5000   60.0000 2353.8313   19.4060
    0.0000  -37.5000   60.0000 2375.1042   19.1431
    7.5000  -37.5000   60.0000 2337.9365   19.4504
   -7.5000  -30.0000   60.0000 2411.7922   18.5074
    0.0000  -30.0000   60.0000 2421.7241   18.3329
    7.5000  -30.0000   60.0000 2391.8923   18.6295
   -7.5000  -22.5000   60.0000 2436.0679   17.9994
    0.0000  -22.5000   60.0000 2441.5974   17.8617
    7.5000  -22.5000   60.0000 2413.2249   18.1371
   -7.5000  -15.0000   60.0000 2431.0659   17.8667
    0.0000  -15.0000   60.0000 2437.0295   17.7683
    7.5000  -15.0000   60.0000 2417.1831   18.0262
   -7.5000   -7.5000   60.0000 2399.0010   18.1482
    0.0000   -7.5000   60.0000 2407.8650   18.0705
    7.5000   -7.5000   60.0000 2390.3174   18.2746
   -7.5000    0.0000   60.0000 2348.1348   18.8167
    0.0000    0.0000   60.0000 2359.9373   18.7146
    7.5000    0.0000   60.0000 2339.6250   18.9011
   -7.5000    7.5000   60.0000 2283.9700   19.7539
    0.0000    7.5000   60.0000 2298.9712   19.6498
    7.5000    7.5000   60.0000 2272.8936   19.8588
   -7.5000   15.0000   60.0000 2193.5081   21.0774
    0.0000   15.0000   60.0000 2206.5886   20.9124
    7.5000   15.0000   60.0000 2182.9116   21.1696
   -7.5000   22.5000   60.0000 2077.8882   22.7429
    0.0000   22.5000   60.0000 2085.5312   22.6030
    7.5000   22.5000   60.0000 2065.3323   22.8181
   -7.5000   30.0000   60.0000 1951.4835   24.9479
    0.0000   30.0000   60.0000 1960.2977   24.8400
    7.5000   30.0000   60.0000 1942.1644   25.0464

---------------------------------------------------------------------
imgreg_4dfp /opt/freesurfer/average/711-2C_as_mni_average_305 /opt/freesurfer/average/711-2B_as_mni_average_305_mask talsrcimg_g11 none talsrcimg_to_711-2C_as_mni_average_305_t4 1283
---------------------------------------------------------------------

freesurfer imgreg_4dfp.c
/opt/freesurfer/average/711-2C_as_mni_average_305.4dfp.img
       256       256       256         1
  1.000000  1.000000  1.000000
orientation T byte_order littleendian
Reading image: /opt/freesurfer/average/711-2C_as_mni_average_305.4dfp.img
dimensions:      256       256       256
mmppix:       1.0000   -1.0000   -1.0000
center:     128.0000 -129.0000 -129.0000
/opt/freesurfer/average/711-2B_as_mni_average_305_mask.4dfp.img
       256       256       256         1
  1.000000  1.000000  1.000000
orientation T byte_order littleendian
Reading mask: /opt/freesurfer/average/711-2B_as_mni_average_305_mask.4dfp.img (2306576 pixels)
talsrcimg_g11.4dfp.img
       256       256       256         1
  0.898438  0.898438  0.898438
orientation T byte_order littleendian
Reading image: talsrcimg_g11.4dfp.img
dimensions:      256       256       256
mmppix:       0.8984   -0.8984   -0.8984
center:     115.0001 -115.8985 -115.8985
rotation matrix determinant  1.000000
fimgreg.f
image alignment mode   1283 decimal      503 hex
parameters
    0.0000  -15.0000   15.0000    0.0000    0.0000    0.0000
eta,q 0.95075 13.17021
niter,ni,del,rscale     5    3   12.0000    1.2000
parameter  4  1.068410 ->  0.500000 qaram    1.1500
parameter  6 -1.013176 -> -0.500000 qaram    1.1500
parameters
   -0.9350  -16.9711   12.7533   -3.4500    1.4359    3.4500
eta,q 0.95956 13.20387
  0.0578  0.0533  0.0513  0.0435  0.0549  0.0514
  0.0523  0.0498  0.0483  0.0445  0.0498  0.0480
  0.0500  0.0483  0.0474  0.0461  0.0469  0.0460
  0.0494  0.0495  0.0483  0.0474  0.0449  0.0443
  0.0510  0.0534  0.0525  0.0496  0.0443  0.0417
  0.0572  0.0586  0.0572  0.0533  0.0460  0.0403
  0.0670  0.0644  0.0618  0.0578  0.0483  0.0415
niter,ni,del,rscale     6    3   12.0000    1.2000
parameter  4  0.500711 ->  0.500000 qaram    1.3225
parameters
   -1.1371  -15.8739   12.6951   -7.4175    1.6480    3.3659
eta,q 0.96220 13.14225
  0.0596  0.0566  0.0514  0.0405  0.0478  0.0461
  0.0495  0.0489  0.0456  0.0382  0.0430  0.0429
  0.0426  0.0434  0.0420  0.0379  0.0398  0.0393
  0.0404  0.0404  0.0401  0.0401  0.0379  0.0378
  0.0443  0.0404  0.0410  0.0435  0.0388  0.0390
  0.0522  0.0428  0.0458  0.0485  0.0421  0.0426
  0.0613  0.0481  0.0523  0.0533  0.0467  0.0471
niter,ni,del,rscale     6    3   12.0000    1.2000
parameters
   -1.4153  -13.8080   11.6554   -9.7003    1.4288    2.9124
eta,q 0.96530 13.15302
  0.0570  0.0574  0.0451  0.0410  0.0451  0.0430
  0.0465  0.0479  0.0402  0.0357  0.0398  0.0387
  0.0394  0.0408  0.0369  0.0348  0.0360  0.0354
  0.0378  0.0377  0.0367  0.0362  0.0349  0.0349
  0.0416  0.0368  0.0413  0.0397  0.0370  0.0364
  0.0499  0.0375  0.0464  0.0448  0.0412  0.0401
  0.0599  0.0409  0.0510  0.0520  0.0462  0.0457
niter,ni,del,rscale     5    3   12.0000    1.2000
parameters
   -1.3067  -12.5948   11.3986  -11.2335    0.9797    2.8702
eta,q 0.96736 13.18242
  0.0583  0.0522  0.0461  0.0413  0.0422  0.0436
  0.0470  0.0436  0.0398  0.0356  0.0372  0.0379
  0.0382  0.0380  0.0347  0.0325  0.0338  0.0342
  0.0347  0.0347  0.0339  0.0338  0.0326  0.0326
  0.0386  0.0340  0.0366  0.0372  0.0348  0.0341
  0.0465  0.0370  0.0415  0.0426  0.0396  0.0379
  0.0560  0.0422  0.0476  0.0488  0.0453  0.0441
niter,ni,del,rscale     4    3   12.0000    1.2000
parameters
   -1.1653  -12.0056   11.1731  -11.7802    0.7911    2.9629
eta,q 0.96761 13.18299
  0.0574  0.0505  0.0448  0.0439  0.0425  0.0438
  0.0452  0.0427  0.0385  0.0372  0.0375  0.0379
  0.0357  0.0361  0.0332  0.0328  0.0339  0.0341
  0.0326  0.0328  0.0328  0.0326  0.0323  0.0324
  0.0372  0.0343  0.0353  0.0352  0.0339  0.0334
  0.0450  0.0386  0.0397  0.0403  0.0383  0.0372
  0.0538  0.0449  0.0462  0.0464  0.0441  0.0436
niter,ni,del,rscale     3    3   12.0000    1.2000
parameters
   -1.1042  -11.7743   11.0825  -11.9900    0.7305    3.0107
eta,q 0.96763 13.17991
  0.0564  0.0493  0.0448  0.0451  0.0428  0.0435
  0.0442  0.0414  0.0386  0.0380  0.0378  0.0377
  0.0349  0.0347  0.0333  0.0331  0.0341  0.0341
  0.0324  0.0324  0.0325  0.0325  0.0324  0.0324
  0.0371  0.0349  0.0348  0.0347  0.0336  0.0332
  0.0450  0.0397  0.0389  0.0395  0.0379  0.0372
  0.0538  0.0468  0.0452  0.0457  0.0436  0.0437
niter,ni,del,rscale     2    3   12.0000    1.2000
parameters
   -1.0849  -11.6776   11.0543  -12.0794    0.7121    3.0328
eta,q 0.96762 13.17847
  0.0560  0.0489  0.0449  0.0454  0.0430  0.0434
  0.0439  0.0409  0.0387  0.0383  0.0379  0.0377
  0.0347  0.0342  0.0334  0.0333  0.0342  0.0341
  0.0324  0.0324  0.0324  0.0324  0.0324  0.0324
  0.0372  0.0352  0.0347  0.0345  0.0335  0.0332
  0.0452  0.0401  0.0387  0.0392  0.0377  0.0373
  0.0539  0.0475  0.0448  0.0454  0.0435  0.0437
niter,ni,del,rscale     1    3   12.0000    1.2000
parameters
   -1.0791  -11.6347   11.0456  -12.1187    0.7069    3.0424
eta,q 0.96761 13.17783
  0.0559  0.0487  0.0449  0.0456  0.0430  0.0433
  0.0438  0.0406  0.0387  0.0385  0.0380  0.0376
  0.0346  0.0340  0.0334  0.0333  0.0342  0.0341
  0.0324  0.0324  0.0324  0.0324  0.0324  0.0324
  0.0373  0.0353  0.0346  0.0344  0.0335  0.0332
  0.0452  0.0403  0.0386  0.0391  0.0377  0.0373
  0.0539  0.0478  0.0447  0.0453  0.0435  0.0438
registration optimization eta report
parameter search radius
    6.0000    6.0000    6.0000    7.9350    6.0000    6.9000
100000*second partial in parameter space
       61.       43.       34.       21.       30.       23.
  0.0559  0.0487  0.0449  0.0456  0.0430  0.0433
  0.0438  0.0406  0.0387  0.0385  0.0380  0.0376
  0.0346  0.0340  0.0334  0.0333  0.0342  0.0341
  0.0324  0.0324  0.0324  0.0324  0.0324  0.0324
  0.0373  0.0353  0.0346  0.0344  0.0335  0.0332
  0.0452  0.0403  0.0386  0.0391  0.0377  0.0373
  0.0539  0.0478  0.0447  0.0453  0.0435  0.0438
   -1.0791  -11.6347   11.0456  -12.1187    0.7069    3.0424
eta,q 0.96761 13.17783

---------------------------------------------------------------------
imgreg_4dfp /opt/freesurfer/average/711-2C_as_mni_average_305 /opt/freesurfer/average/711-2B_as_mni_average_305_mask talsrcimg_g11 none talsrcimg_to_711-2C_as_mni_average_305_t4 3335
---------------------------------------------------------------------

freesurfer imgreg_4dfp.c
/opt/freesurfer/average/711-2C_as_mni_average_305.4dfp.img
       256       256       256         1
  1.000000  1.000000  1.000000
orientation T byte_order littleendian
Reading image: /opt/freesurfer/average/711-2C_as_mni_average_305.4dfp.img
dimensions:      256       256       256
mmppix:       1.0000   -1.0000   -1.0000
center:     128.0000 -129.0000 -129.0000
/opt/freesurfer/average/711-2B_as_mni_average_305_mask.4dfp.img
       256       256       256         1
  1.000000  1.000000  1.000000
orientation T byte_order littleendian
Reading mask: /opt/freesurfer/average/711-2B_as_mni_average_305_mask.4dfp.img (2306576 pixels)
talsrcimg_g11.4dfp.img
       256       256       256         1
  0.898438  0.898438  0.898438
orientation T byte_order littleendian
Reading image: talsrcimg_g11.4dfp.img
dimensions:      256       256       256
mmppix:       0.8984   -0.8984   -0.8984
center:     115.0001 -115.8985 -115.8985
fimgreg.f
image alignment mode   3335 decimal      D07 hex
parameters
   -1.0791  -11.6347   11.0456   -0.1485   -2.3526   -2.2360
   -4.9306   -2.3187    5.3071   20.9001    1.2337  -20.9921
eta,q 0.96802 13.17351
niter,ni,del,rscale     5    3    5.0000    1.2000
parameter  5  2.051044 ->  0.500000 qaram    1.1500
parameters
   -1.2217  -11.3364   11.2083   -3.3171   -6.4926   -5.5655
   -4.3478   -2.3463    6.5294   17.5699    1.2957  -22.5383
eta,q 0.97454 12.67045
  0.0357  0.0348  0.0348  0.0323  0.0252  0.0275  0.0298  0.0312  0.0296  0.0266  0.0267  0.0264
  0.0336  0.0335  0.0333  0.0316  0.0266  0.0267  0.0280  0.0286  0.0280  0.0257  0.0261  0.0258
  0.0323  0.0325  0.0323  0.0314  0.0286  0.0263  0.0268  0.0269  0.0269  0.0256  0.0256  0.0255
  0.0320  0.0320  0.0319  0.0319  0.0314  0.0270  0.0263  0.0263  0.0263  0.0262  0.0255  0.0255
  0.0326  0.0319  0.0320  0.0334  0.0346  0.0296  0.0265  0.0268  0.0263  0.0278  0.0257  0.0259
  0.0342  0.0325  0.0328  0.0358  0.0378  0.0333  0.0274  0.0286  0.0269  0.0302  0.0261  0.0266
  0.0367  0.0338  0.0342  0.0389  0.0416  0.0381  0.0289  0.0313  0.0280  0.0331  0.0267  0.0277
niter,ni,del,rscale     5    3    5.0000    1.2000
parameter  5  0.835831 ->  0.500000 qaram    1.3225
parameters
   -1.1393  -11.5362   10.6911   -2.2372  -11.2536   -6.9784
   -4.6517   -2.4087    6.6286   17.6729    0.8972  -23.9412
eta,q 0.97730 12.42475
  0.0298  0.0280  0.0266  0.0284  0.0227  0.0247  0.0258  0.0275  0.0254  0.0263  0.0238  0.0238
  0.0275  0.0265  0.0258  0.0270  0.0225  0.0237  0.0241  0.0249  0.0241  0.0243  0.0232  0.0231
  0.0260  0.0256  0.0253  0.0260  0.0234  0.0230  0.0231  0.0233  0.0232  0.0232  0.0228  0.0227
  0.0255  0.0255  0.0254  0.0253  0.0251  0.0227  0.0228  0.0228  0.0228  0.0228  0.0228  0.0228
  0.0258  0.0260  0.0260  0.0251  0.0276  0.0232  0.0233  0.0233  0.0231  0.0232  0.0230  0.0232
  0.0271  0.0272  0.0270  0.0257  0.0310  0.0251  0.0245  0.0250  0.0239  0.0243  0.0234  0.0240
  0.0292  0.0291  0.0284  0.0272  0.0349  0.0285  0.0263  0.0276  0.0253  0.0260  0.0240  0.0251
niter,ni,del,rscale     5    3    5.0000    1.2000
parameters
   -1.0921  -11.4591   10.5750   -1.9439  -13.3147   -7.0440
   -4.6992   -2.3975    6.6239   18.0585    0.6181  -24.6432
eta,q 0.97755 12.33659
  0.0271  0.0266  0.0247  0.0252  0.0257  0.0253  0.0258  0.0273  0.0250  0.0262  0.0235  0.0238
  0.0247  0.0245  0.0235  0.0240  0.0237  0.0239  0.0240  0.0247  0.0237  0.0242  0.0229  0.0230
  0.0232  0.0232  0.0228  0.0232  0.0226  0.0231  0.0228  0.0230  0.0228  0.0229  0.0226  0.0226
  0.0227  0.0227  0.0227  0.0227  0.0226  0.0225  0.0225  0.0225  0.0225  0.0225  0.0225  0.0225
  0.0231  0.0231  0.0230  0.0227  0.0241  0.0224  0.0229  0.0230  0.0228  0.0227  0.0226  0.0228
  0.0245  0.0242  0.0238  0.0235  0.0266  0.0234  0.0241  0.0246  0.0237  0.0238  0.0231  0.0235
  0.0268  0.0261  0.0250  0.0251  0.0303  0.0260  0.0258  0.0272  0.0250  0.0254  0.0237  0.0245
niter,ni,del,rscale     4    3    5.0000    1.2000
parameters
   -1.0841  -11.4102   10.6109   -1.8400  -13.5422   -6.8633
   -4.6998   -2.4059    6.6480   18.2032    0.4741  -24.7544
eta,q 0.97759 12.34312
  0.0267  0.0262  0.0247  0.0248  0.0272  0.0254  0.0258  0.0272  0.0250  0.0259  0.0236  0.0241
  0.0244  0.0241  0.0235  0.0237  0.0248  0.0240  0.0239  0.0246  0.0236  0.0240  0.0229  0.0232
  0.0230  0.0229  0.0227  0.0230  0.0231  0.0232  0.0228  0.0230  0.0227  0.0228  0.0225  0.0226
  0.0225  0.0224  0.0225  0.0225  0.0224  0.0225  0.0224  0.0224  0.0224  0.0224  0.0224  0.0224
  0.0229  0.0228  0.0227  0.0225  0.0230  0.0223  0.0228  0.0230  0.0227  0.0227  0.0226  0.0226
  0.0243  0.0240  0.0234  0.0234  0.0249  0.0232  0.0240  0.0246  0.0236  0.0238  0.0230  0.0232
  0.0267  0.0259  0.0245  0.0250  0.0279  0.0258  0.0257  0.0272  0.0250  0.0256  0.0236  0.0242
niter,ni,del,rscale     3    3    5.0000    1.2000
parameters
   -1.0862  -11.3914   10.6407   -1.8210  -13.5720   -6.8163
   -4.7039   -2.4119    6.6633   18.2330    0.4446  -24.7530
eta,q 0.97760 12.34565
  0.0267  0.0261  0.0246  0.0248  0.0274  0.0254  0.0257  0.0272  0.0250  0.0258  0.0236  0.0241
  0.0243  0.0240  0.0234  0.0237  0.0249  0.0240  0.0239  0.0246  0.0236  0.0239  0.0229  0.0232
  0.0229  0.0228  0.0227  0.0229  0.0232  0.0232  0.0228  0.0229  0.0227  0.0228  0.0225  0.0226
  0.0224  0.0224  0.0224  0.0224  0.0224  0.0224  0.0224  0.0224  0.0224  0.0224  0.0224  0.0224
  0.0229  0.0228  0.0227  0.0225  0.0229  0.0223  0.0228  0.0230  0.0227  0.0228  0.0226  0.0226
  0.0243  0.0240  0.0234  0.0234  0.0247  0.0233  0.0239  0.0246  0.0236  0.0239  0.0230  0.0232
  0.0267  0.0259  0.0245  0.0251  0.0276  0.0260  0.0257  0.0272  0.0250  0.0257  0.0236  0.0241
niter,ni,del,rscale     2    3    5.0000    1.2000
parameters
   -1.0878  -11.3879   10.6503   -1.8136  -13.5796   -6.8037
   -4.7049   -2.4131    6.6687   18.2402    0.4360  -24.7479
eta,q 0.97760 12.34641
  0.0267  0.0260  0.0246  0.0248  0.0274  0.0253  0.0257  0.0272  0.0250  0.0257  0.0236  0.0241
  0.0243  0.0240  0.0234  0.0237  0.0249  0.0240  0.0239  0.0246  0.0236  0.0239  0.0229  0.0232
  0.0229  0.0228  0.0226  0.0229  0.0232  0.0231  0.0228  0.0229  0.0227  0.0227  0.0225  0.0226
  0.0224  0.0224  0.0224  0.0224  0.0224  0.0224  0.0224  0.0224  0.0224  0.0224  0.0224  0.0224
  0.0229  0.0228  0.0227  0.0225  0.0229  0.0223  0.0228  0.0230  0.0227  0.0228  0.0226  0.0226
  0.0243  0.0241  0.0234  0.0234  0.0247  0.0233  0.0239  0.0246  0.0236  0.0239  0.0230  0.0232
  0.0267  0.0259  0.0245  0.0251  0.0276  0.0260  0.0257  0.0272  0.0250  0.0257  0.0236  0.0241
registration optimization eta report
parameter search radius
    2.4000    2.4000    2.4000    7.2000    9.5220    7.2000
    7.2000    7.2000    7.2000    7.2000    7.2000    7.2000
100000*second partial in parameter space
       74.       62.       38.        5.        6.        6.
        6.        9.        5.        6.        2.        3.
  0.0267  0.0260  0.0246  0.0248  0.0274  0.0253  0.0257  0.0272  0.0250  0.0257  0.0236  0.0241
  0.0243  0.0240  0.0234  0.0237  0.0249  0.0240  0.0239  0.0246  0.0236  0.0239  0.0229  0.0232
  0.0229  0.0228  0.0226  0.0229  0.0232  0.0231  0.0228  0.0229  0.0227  0.0227  0.0225  0.0226
  0.0224  0.0224  0.0224  0.0224  0.0224  0.0224  0.0224  0.0224  0.0224  0.0224  0.0224  0.0224
  0.0229  0.0228  0.0227  0.0225  0.0229  0.0223  0.0228  0.0230  0.0227  0.0228  0.0226  0.0226
  0.0243  0.0241  0.0234  0.0234  0.0247  0.0233  0.0239  0.0246  0.0236  0.0239  0.0230  0.0232
  0.0267  0.0259  0.0245  0.0251  0.0276  0.0260  0.0257  0.0272  0.0250  0.0257  0.0236  0.0241
   -1.0878  -11.3879   10.6503   -1.8136  -13.5796   -6.8037
   -4.7049   -2.4131    6.6687   18.2402    0.4360  -24.7479
eta,q 0.97760 12.34641

---------------------------------------------------------------------
imgreg_4dfp /opt/freesurfer/average/711-2C_as_mni_average_305 /opt/freesurfer/average/711-2B_as_mni_average_305_mask talsrcimg_g11 none talsrcimg_to_711-2C_as_mni_average_305_t4 2311
---------------------------------------------------------------------

freesurfer imgreg_4dfp.c
/opt/freesurfer/average/711-2C_as_mni_average_305.4dfp.img
       256       256       256         1
  1.000000  1.000000  1.000000
orientation T byte_order littleendian
Reading image: /opt/freesurfer/average/711-2C_as_mni_average_305.4dfp.img
dimensions:      256       256       256
mmppix:       1.0000   -1.0000   -1.0000
center:     128.0000 -129.0000 -129.0000
/opt/freesurfer/average/711-2B_as_mni_average_305_mask.4dfp.img
       256       256       256         1
  1.000000  1.000000  1.000000
orientation T byte_order littleendian
Reading mask: /opt/freesurfer/average/711-2B_as_mni_average_305_mask.4dfp.img (2306576 pixels)
talsrcimg_g11.4dfp.img
       256       256       256         1
  0.898438  0.898438  0.898438
orientation T byte_order littleendian
Reading image: talsrcimg_g11.4dfp.img
dimensions:      256       256       256
mmppix:       0.8984   -0.8984   -0.8984
center:     115.0001 -115.8985 -115.8985
fimgreg.f
image alignment mode   2311 decimal      907 hex
parameters
   -1.0878  -11.3879   10.6503   -1.8136  -13.5796   -6.8038
   -4.7049   -2.4131    6.6687   18.2402    0.4360  -24.7479
eta,q 0.97760 12.34641
niter,ni,del,rscale     5    3    5.0000    0.8000
parameters
   -1.0830  -11.4104   10.6398   -1.3219  -13.3135   -5.8903
   -4.7166   -2.3810    6.7096   18.3441    0.3419  -24.8405
eta,q 0.97783 12.43507
  0.0243  0.0240  0.0234  0.0237  0.0239  0.0240  0.0237  0.0246  0.0234  0.0238  0.0228  0.0230
  0.0233  0.0231  0.0228  0.0231  0.0231  0.0234  0.0229  0.0233  0.0228  0.0229  0.0224  0.0226
  0.0226  0.0225  0.0225  0.0227  0.0226  0.0228  0.0223  0.0225  0.0223  0.0224  0.0222  0.0223
  0.0224  0.0224  0.0224  0.0224  0.0223  0.0223  0.0222  0.0222  0.0222  0.0222  0.0222  0.0222
  0.0226  0.0226  0.0225  0.0224  0.0224  0.0221  0.0223  0.0224  0.0223  0.0223  0.0223  0.0223
  0.0233  0.0232  0.0229  0.0227  0.0229  0.0224  0.0229  0.0232  0.0227  0.0228  0.0225  0.0226
  0.0243  0.0240  0.0234  0.0234  0.0237  0.0233  0.0238  0.0245  0.0234  0.0237  0.0228  0.0231
niter,ni,del,rscale     4    3    5.0000    0.7000
parameters
   -1.1137  -11.4153   10.7571   -1.2152  -13.3178   -5.6682
   -4.7136   -2.4013    6.7268   18.3643    0.2991  -24.7517
eta,q 0.97787 12.45055
  0.0236  0.0234  0.0231  0.0232  0.0233  0.0235  0.0233  0.0240  0.0231  0.0234  0.0226  0.0228
  0.0228  0.0227  0.0226  0.0227  0.0227  0.0230  0.0227  0.0230  0.0226  0.0227  0.0223  0.0225
  0.0223  0.0223  0.0223  0.0224  0.0223  0.0225  0.0223  0.0223  0.0222  0.0223  0.0222  0.0222
  0.0222  0.0222  0.0222  0.0222  0.0222  0.0222  0.0221  0.0221  0.0221  0.0221  0.0221  0.0221
  0.0224  0.0223  0.0222  0.0222  0.0223  0.0221  0.0223  0.0223  0.0222  0.0222  0.0222  0.0222
  0.0229  0.0228  0.0224  0.0226  0.0227  0.0225  0.0227  0.0230  0.0226  0.0227  0.0224  0.0224
  0.0238  0.0234  0.0229  0.0232  0.0233  0.0234  0.0233  0.0240  0.0231  0.0233  0.0226  0.0228
niter,ni,del,rscale     3    3    5.0000    0.6000
parameters
   -1.1215  -11.4199   10.8087   -1.1226  -13.3005   -5.4519
   -4.7057   -2.3971    6.7334   18.3777    0.3224  -24.7099
eta,q 0.97789 12.46636
  0.0233  0.0231  0.0228  0.0229  0.0230  0.0232  0.0230  0.0235  0.0228  0.0230  0.0225  0.0226
  0.0226  0.0225  0.0224  0.0226  0.0225  0.0227  0.0225  0.0227  0.0224  0.0225  0.0223  0.0224
  0.0223  0.0222  0.0222  0.0223  0.0222  0.0224  0.0222  0.0223  0.0222  0.0222  0.0222  0.0222
  0.0221  0.0221  0.0221  0.0221  0.0221  0.0221  0.0221  0.0221  0.0221  0.0221  0.0221  0.0221
  0.0223  0.0222  0.0222  0.0222  0.0222  0.0221  0.0222  0.0223  0.0222  0.0222  0.0221  0.0222
  0.0226  0.0226  0.0224  0.0224  0.0225  0.0224  0.0225  0.0227  0.0224  0.0225  0.0223  0.0223
  0.0233  0.0231  0.0227  0.0229  0.0230  0.0231  0.0230  0.0235  0.0228  0.0230  0.0225  0.0226
niter,ni,del,rscale     2    3    5.0000    0.5000
parameters
   -1.1269  -11.4262   10.8485   -1.0341  -13.2889   -5.2795
   -4.7007   -2.3937    6.7407   18.3867    0.3434  -24.6839
eta,q 0.97791 12.47950
  0.0229  0.0228  0.0226  0.0227  0.0227  0.0229  0.0227  0.0231  0.0226  0.0227  0.0224  0.0225
  0.0225  0.0224  0.0223  0.0224  0.0224  0.0225  0.0224  0.0225  0.0223  0.0224  0.0222  0.0223
  0.0222  0.0222  0.0222  0.0222  0.0222  0.0222  0.0222  0.0222  0.0222  0.0222  0.0221  0.0221
  0.0221  0.0221  0.0221  0.0221  0.0221  0.0221  0.0221  0.0221  0.0221  0.0221  0.0221  0.0221
  0.0222  0.0222  0.0221  0.0221  0.0222  0.0221  0.0222  0.0222  0.0221  0.0221  0.0221  0.0221
  0.0225  0.0224  0.0223  0.0223  0.0224  0.0223  0.0224  0.0225  0.0223  0.0224  0.0222  0.0223
  0.0229  0.0228  0.0225  0.0227  0.0227  0.0228  0.0227  0.0231  0.0226  0.0227  0.0224  0.0225
niter,ni,del,rscale     1    3    5.0000    0.4000
parameters
   -1.1333  -11.4297   10.8824   -0.9736  -13.2720   -5.1417
   -4.6887   -2.3810    6.7418   18.4080    0.3590  -24.6664
eta,q 0.97792 12.49011
  0.0226  0.0225  0.0224  0.0225  0.0225  0.0226  0.0225  0.0227  0.0224  0.0225  0.0223  0.0223
  0.0223  0.0223  0.0222  0.0223  0.0223  0.0224  0.0223  0.0224  0.0222  0.0223  0.0222  0.0222
  0.0221  0.0221  0.0221  0.0222  0.0221  0.0222  0.0221  0.0222  0.0221  0.0221  0.0221  0.0221
  0.0221  0.0221  0.0221  0.0221  0.0221  0.0221  0.0221  0.0221  0.0221  0.0221  0.0221  0.0221
  0.0222  0.0221  0.0221  0.0221  0.0221  0.0221  0.0221  0.0222  0.0221  0.0221  0.0221  0.0221
  0.0223  0.0223  0.0222  0.0222  0.0223  0.0223  0.0223  0.0224  0.0222  0.0223  0.0222  0.0222
  0.0226  0.0225  0.0224  0.0225  0.0225  0.0225  0.0225  0.0227  0.0224  0.0225  0.0223  0.0223
registration optimization eta report
parameter search radius
    0.8000    0.8000    0.8000    2.4000    2.4000    2.4000
    2.4000    2.4000    2.4000    2.4000    2.4000    2.4000
100000*second partial in parameter space
       81.       66.       44.        7.        7.        9.
        7.       11.        6.        7.        3.        4.
  0.0226  0.0225  0.0224  0.0225  0.0225  0.0226  0.0225  0.0227  0.0224  0.0225  0.0223  0.0223
  0.0223  0.0223  0.0222  0.0223  0.0223  0.0224  0.0223  0.0224  0.0222  0.0223  0.0222  0.0222
  0.0221  0.0221  0.0221  0.0222  0.0221  0.0222  0.0221  0.0222  0.0221  0.0221  0.0221  0.0221
  0.0221  0.0221  0.0221  0.0221  0.0221  0.0221  0.0221  0.0221  0.0221  0.0221  0.0221  0.0221
  0.0222  0.0221  0.0221  0.0221  0.0221  0.0221  0.0221  0.0222  0.0221  0.0221  0.0221  0.0221
  0.0223  0.0223  0.0222  0.0222  0.0223  0.0223  0.0223  0.0224  0.0222  0.0223  0.0222  0.0222
  0.0226  0.0225  0.0224  0.0225  0.0225  0.0225  0.0225  0.0227  0.0224  0.0225  0.0223  0.0223
   -1.1333  -11.4297   10.8824   -0.9736  -13.2720   -5.1417
   -4.6887   -2.3810    6.7418   18.4080    0.3590  -24.6664
eta,q 0.97792 12.49011

---------------------------------------------------------------------
imgreg_4dfp /opt/freesurfer/average/711-2C_as_mni_average_305 /opt/freesurfer/average/711-2B_as_mni_average_305_mask talsrcimg_g11 none talsrcimg_to_711-2C_as_mni_average_305_t4 2311
---------------------------------------------------------------------

freesurfer imgreg_4dfp.c
/opt/freesurfer/average/711-2C_as_mni_average_305.4dfp.img
       256       256       256         1
  1.000000  1.000000  1.000000
orientation T byte_order littleendian
Reading image: /opt/freesurfer/average/711-2C_as_mni_average_305.4dfp.img
dimensions:      256       256       256
mmppix:       1.0000   -1.0000   -1.0000
center:     128.0000 -129.0000 -129.0000
/opt/freesurfer/average/711-2B_as_mni_average_305_mask.4dfp.img
       256       256       256         1
  1.000000  1.000000  1.000000
orientation T byte_order littleendian
Reading mask: /opt/freesurfer/average/711-2B_as_mni_average_305_mask.4dfp.img (2306576 pixels)
talsrcimg_g11.4dfp.img
       256       256       256         1
  0.898438  0.898438  0.898438
orientation T byte_order littleendian
Reading image: talsrcimg_g11.4dfp.img
dimensions:      256       256       256
mmppix:       0.8984   -0.8984   -0.8984
center:     115.0001 -115.8985 -115.8985
fimgreg.f
image alignment mode   2311 decimal      907 hex
parameters
   -1.1333  -11.4297   10.8824   -0.9736  -13.2720   -5.1417
   -4.6887   -2.3810    6.7418   18.4080    0.3590  -24.6664
eta,q 0.97792 12.49010
niter,ni,del,rscale     5    3    5.0000    0.8000
parameters
   -1.1380  -11.4164   10.9050   -1.3313  -13.4142   -5.6829
   -4.6992   -2.4438    6.7022   18.3229    0.2906  -24.6051
eta,q 0.97785 12.43631
  0.0241  0.0238  0.0232  0.0232  0.0235  0.0235  0.0237  0.0245  0.0234  0.0237  0.0228  0.0230
  0.0230  0.0228  0.0226  0.0227  0.0228  0.0229  0.0228  0.0232  0.0227  0.0228  0.0224  0.0226
  0.0223  0.0223  0.0222  0.0223  0.0223  0.0224  0.0223  0.0224  0.0223  0.0223  0.0222  0.0223
  0.0221  0.0221  0.0221  0.0221  0.0221  0.0221  0.0221  0.0221  0.0221  0.0221  0.0221  0.0221
  0.0223  0.0223  0.0222  0.0223  0.0223  0.0223  0.0223  0.0224  0.0223  0.0223  0.0222  0.0222
  0.0230  0.0228  0.0226  0.0228  0.0228  0.0231  0.0228  0.0233  0.0227  0.0229  0.0225  0.0225
  0.0242  0.0237  0.0232  0.0238  0.0237  0.0247  0.0237  0.0246  0.0234  0.0238  0.0228  0.0230
niter,ni,del,rscale     4    3    5.0000    0.7000
parameters
   -1.1174  -11.4209   10.8331   -1.2294  -13.3424   -5.6200
   -4.7105   -2.4096    6.7204   18.3361    0.3071  -24.6622
eta,q 0.97788 12.44934
  0.0237  0.0234  0.0229  0.0232  0.0233  0.0234  0.0233  0.0240  0.0231  0.0233  0.0226  0.0228
  0.0229  0.0227  0.0225  0.0227  0.0227  0.0229  0.0227  0.0230  0.0226  0.0227  0.0224  0.0224
  0.0223  0.0223  0.0222  0.0224  0.0223  0.0224  0.0223  0.0223  0.0222  0.0223  0.0222  0.0222
  0.0221  0.0221  0.0221  0.0221  0.0221  0.0221  0.0221  0.0221  0.0221  0.0221  0.0221  0.0221
  0.0223  0.0223  0.0223  0.0222  0.0222  0.0222  0.0223  0.0223  0.0222  0.0222  0.0222  0.0222
  0.0228  0.0227  0.0226  0.0225  0.0226  0.0226  0.0227  0.0229  0.0226  0.0227  0.0223  0.0225
  0.0237  0.0234  0.0231  0.0232  0.0233  0.0236  0.0234  0.0240  0.0231  0.0233  0.0226  0.0228
niter,ni,del,rscale     3    3    5.0000    0.6000
parameters
   -1.1202  -11.4252   10.8260   -1.1227  -13.3024   -5.4440
   -4.7089   -2.3991    6.7296   18.3686    0.3359  -24.6857
eta,q 0.97790 12.46623
  0.0233  0.0231  0.0227  0.0229  0.0230  0.0232  0.0230  0.0235  0.0228  0.0230  0.0225  0.0226
  0.0226  0.0225  0.0224  0.0226  0.0225  0.0227  0.0225  0.0227  0.0224  0.0225  0.0223  0.0224
  0.0223  0.0222  0.0222  0.0223  0.0222  0.0223  0.0222  0.0223  0.0222  0.0222  0.0222  0.0222
  0.0221  0.0221  0.0221  0.0221  0.0221  0.0221  0.0221  0.0221  0.0221  0.0221  0.0221  0.0221
  0.0223  0.0222  0.0222  0.0222  0.0222  0.0221  0.0222  0.0223  0.0222  0.0222  0.0221  0.0222
  0.0226  0.0225  0.0224  0.0224  0.0225  0.0224  0.0225  0.0227  0.0224  0.0225  0.0223  0.0224
  0.0233  0.0231  0.0228  0.0229  0.0230  0.0231  0.0230  0.0235  0.0228  0.0230  0.0225  0.0226
niter,ni,del,rscale     2    3    5.0000    0.5000
parameters
   -1.1275  -11.4271   10.8516   -1.0374  -13.2894   -5.2758
   -4.7009   -2.3934    6.7420   18.3915    0.3491  -24.6785
eta,q 0.97791 12.47953
  0.0229  0.0228  0.0226  0.0227  0.0227  0.0229  0.0227  0.0231  0.0226  0.0227  0.0224  0.0225
  0.0225  0.0224  0.0223  0.0224  0.0224  0.0225  0.0224  0.0225  0.0223  0.0224  0.0222  0.0223
  0.0222  0.0222  0.0222  0.0222  0.0222  0.0222  0.0222  0.0222  0.0222  0.0222  0.0221  0.0221
  0.0221  0.0221  0.0221  0.0221  0.0221  0.0221  0.0221  0.0221  0.0221  0.0221  0.0221  0.0221
  0.0222  0.0222  0.0221  0.0221  0.0222  0.0221  0.0222  0.0222  0.0221  0.0221  0.0221  0.0221
  0.0225  0.0224  0.0223  0.0223  0.0224  0.0223  0.0224  0.0225  0.0223  0.0224  0.0222  0.0223
  0.0229  0.0228  0.0225  0.0227  0.0227  0.0228  0.0227  0.0231  0.0226  0.0227  0.0224  0.0225
niter,ni,del,rscale     1    3    5.0000    0.4000
parameters
   -1.1347  -11.4288   10.8816   -0.9669  -13.2688   -5.1419
   -4.6912   -2.3830    6.7480   18.4113    0.3529  -24.6717
eta,q 0.97792 12.49072
  0.0226  0.0225  0.0224  0.0225  0.0225  0.0226  0.0225  0.0227  0.0224  0.0225  0.0223  0.0223
  0.0223  0.0223  0.0222  0.0223  0.0223  0.0224  0.0223  0.0224  0.0222  0.0223  0.0222  0.0222
  0.0221  0.0221  0.0221  0.0222  0.0221  0.0222  0.0221  0.0222  0.0221  0.0221  0.0221  0.0221
  0.0221  0.0221  0.0221  0.0221  0.0221  0.0221  0.0221  0.0221  0.0221  0.0221  0.0221  0.0221
  0.0222  0.0221  0.0221  0.0221  0.0221  0.0221  0.0221  0.0222  0.0221  0.0221  0.0221  0.0221
  0.0223  0.0223  0.0222  0.0222  0.0223  0.0223  0.0223  0.0224  0.0222  0.0222  0.0222  0.0222
  0.0226  0.0225  0.0223  0.0225  0.0225  0.0225  0.0225  0.0227  0.0224  0.0225  0.0223  0.0223
registration optimization eta report
parameter search radius
    0.8000    0.8000    0.8000    2.4000    2.4000    2.4000
    2.4000    2.4000    2.4000    2.4000    2.4000    2.4000
100000*second partial in parameter space
       82.       66.       44.        7.        7.        9.
        7.       11.        6.        7.        3.        4.
  0.0226  0.0225  0.0224  0.0225  0.0225  0.0226  0.0225  0.0227  0.0224  0.0225  0.0223  0.0223
  0.0223  0.0223  0.0222  0.0223  0.0223  0.0224  0.0223  0.0224  0.0222  0.0223  0.0222  0.0222
  0.0221  0.0221  0.0221  0.0222  0.0221  0.0222  0.0221  0.0222  0.0221  0.0221  0.0221  0.0221
  0.0221  0.0221  0.0221  0.0221  0.0221  0.0221  0.0221  0.0221  0.0221  0.0221  0.0221  0.0221
  0.0222  0.0221  0.0221  0.0221  0.0221  0.0221  0.0221  0.0222  0.0221  0.0221  0.0221  0.0221
  0.0223  0.0223  0.0222  0.0222  0.0223  0.0223  0.0223  0.0224  0.0222  0.0222  0.0222  0.0222
  0.0226  0.0225  0.0223  0.0225  0.0225  0.0225  0.0225  0.0227  0.0224  0.0225  0.0223  0.0223
   -1.1347  -11.4288   10.8816   -0.9669  -13.2688   -5.1419
   -4.6912   -2.3830    6.7480   18.4113    0.3529  -24.6717
eta,q 0.97792 12.49072

---------------------------------------------------------------------
compute_vox2vox talsrcimg talsrcimg_to_711-2C_as_mni_average_305_t4 /opt/freesurfer/average/711-2C_as_mni_average_305
---------------------------------------------------------------------

freesurfer compute_vox2vox.c
Reading: talsrcimg.4dfp.ifh
Reading: talsrcimg_to_711-2C_as_mni_average_305_t4
Reading: /opt/freesurfer/average/711-2C_as_mni_average_305.4dfp.ifh
Writing: talsrcimg_to_711-2C_as_mni_average_305_t4_vox2vox.txt

start time Wed Mar 11 04:33:01 CET 2026
end		time Wed Mar 11 04:34:31 CET 2026

mpr2mni305 success

avi2talxfm orig_nu.mgz /opt/freesurfer/average/mni305.cor.mgz talsrcimg_to_711-2C_as_mni_average_305_t4_vox2vox.txt transforms/talairach.auto.xfm
avi2talxfm done
mv -f /out/sourcedata/freesurfer/sub-v2s13x29123_ses-1/mri/talsrcimg_to_711-2C_as_mni_average_305_t4_vox2vox.txt /out/sourcedata/freesurfer/sub-v2s13x29123_ses-1/mri/transforms/talsrcimg_to_711-2C_as_mni_average_305_t4_vox2vox.txt
lta_convert --src orig_nu.mgz --trg /opt/freesurfer/average/mni305.cor.mgz --inxfm transforms/talairach.auto.xfm --outlta transforms/talairach.auto.xfm.lta --subject fsaverage
7.3.2

--src: orig_nu.mgz src image (geometry).
--trg: /opt/freesurfer/average/mni305.cor.mgz trg image (geometry).
--inmni: transforms/talairach.auto.xfm input MNI/XFM transform.
--outlta: transforms/talairach.auto.xfm.lta output LTA.
--s: fsaverage subject name
 LTA read, type : 1
 1.00573   0.01394   0.05836  -0.56205;
-0.02283   0.99873   0.28286  -12.38040;
-0.07340  -0.21309   1.08840  -3.24178;
 0.00000   0.00000   0.00000   1.00000;
setting subject to fsaverage
Writing  LTA to file transforms/talairach.auto.xfm.lta...
lta_convert successful.
 
 
Started at Wed Mar 11 04:33:01 CET 2026
Ended   at Wed Mar 11 04:34:31 CET 2026
talairach_avi done
