status file for recon-all
Wed Mar 11 05:48:22 CET 2026
#@# Tessellate rh Wed Mar 11 05:48:22 CET 2026
#@# Smooth1 rh Wed Mar 11 05:48:26 CET 2026
#@# Inflation1 rh Wed Mar 11 05:48:28 CET 2026
#@# QSphere rh Wed Mar 11 05:49:16 CET 2026
#@# Fix Topology rh Wed Mar 11 05:50:13 CET 2026
#@# Smooth2 rh Wed Mar 11 05:55:11 CET 2026
#@# Inflation2 rh Wed Mar 11 05:55:14 CET 2026
#@# Curv .H and .K rh Wed Mar 11 05:55:33 CET 2026
#@# Sphere rh Wed Mar 11 05:56:24 CET 2026
#@# Surf Reg rh Wed Mar 11 05:58:16 CET 2026
#@# Jacobian white rh Wed Mar 11 06:01:39 CET 2026
#@# AvgCurv rh Wed Mar 11 06:01:39 CET 2026
#@# Cortical Parc rh Wed Mar 11 06:01:40 CET 2026
#@# white curv rh Wed Mar 11 06:07:21 CET 2026
#@# white area rh Wed Mar 11 06:07:23 CET 2026
#@# pial curv rh Wed Mar 11 06:07:24 CET 2026
#@# pial area rh Wed Mar 11 06:07:26 CET 2026
#@# thickness rh Wed Mar 11 06:07:26 CET 2026
#@# area and vertex vol rh Wed Mar 11 06:07:58 CET 2026
#@# Curvature Stats rh Wed Mar 11 06:07:59 CET 2026
#@# Cortical Parc 2 rh Wed Mar 11 06:08:01 CET 2026
#@# Cortical Parc 3 rh Wed Mar 11 06:08:15 CET 2026
#@# WM/GM Contrast rh Wed Mar 11 06:08:25 CET 2026
recon-all -s sub-v2s13x29110_ses-1 finished without error at Wed Mar 11 06:08:29 CET 2026



#New# invocation of recon-all 



status file for recon-all
Wed Mar 11 06:18:10 CET 2026
#@# white curv rh Wed Mar 11 06:18:10 CET 2026
#@# white area rh Wed Mar 11 06:18:10 CET 2026
#@# pial curv rh Wed Mar 11 06:18:10 CET 2026
#@# pial area rh Wed Mar 11 06:18:10 CET 2026
#@# thickness rh Wed Mar 11 06:18:10 CET 2026
#@# area and vertex vol rh Wed Mar 11 06:18:10 CET 2026
#@# Parcellation Stats rh Wed Mar 11 06:18:10 CET 2026
#@# Parcellation Stats 2 rh Wed Mar 11 06:18:30 CET 2026
#@# Parcellation Stats 3 rh Wed Mar 11 06:18:41 CET 2026
#@# BA_exvivo Labels rh Wed Mar 11 06:18:51 CET 2026
recon-all -s sub-v2s13x29110_ses-1 finished without error at Wed Mar 11 06:21:16 CET 2026
