status file for recon-all
Wed Mar 11 03:44:54 CET 2026
#@# MotionCor Wed Mar 11 03:44:56 CET 2026
#@# Talairach Wed Mar 11 03:45:06 CET 2026
#@# Talairach Failure Detection Wed Mar 11 03:49:28 CET 2026
#@# Nu Intensity Correction Wed Mar 11 03:49:28 CET 2026
#@# Intensity Normalization Wed Mar 11 03:52:42 CET 2026
recon-all -s sub-v2s13x29110_ses-1 finished without error at Wed Mar 11 03:54:05 CET 2026



#New# invocation of recon-all 



status file for recon-all
Wed Mar 11 04:01:28 CET 2026
#@# EM Registration Wed Mar 11 04:01:28 CET 2026
recon-all -s sub-v2s13x29110_ses-1 finished without error at Wed Mar 11 04:03:08 CET 2026



#New# invocation of recon-all 



status file for recon-all
Wed Mar 11 04:03:11 CET 2026
#@# CA Normalize Wed Mar 11 04:03:11 CET 2026
#@# CA Reg Wed Mar 11 04:04:31 CET 2026
#@# SubCort Seg Wed Mar 11 04:49:47 CET 2026
#@# CC Seg Wed Mar 11 05:22:32 CET 2026
#@# Merge ASeg Wed Mar 11 05:23:03 CET 2026
#@# Intensity Normalization2 Wed Mar 11 05:23:03 CET 2026
#@# Mask BFS Wed Mar 11 05:25:11 CET 2026
#@# WM Segmentation Wed Mar 11 05:25:12 CET 2026
#@# Fill Wed Mar 11 05:27:14 CET 2026
recon-all -s sub-v2s13x29110_ses-1 finished without error at Wed Mar 11 05:28:16 CET 2026



#New# invocation of recon-all 



status file for recon-all
Wed Mar 11 06:08:34 CET 2026
#@# white curv lh Wed Mar 11 06:08:34 CET 2026
#@# white area lh Wed Mar 11 06:08:34 CET 2026
#@# pial curv lh Wed Mar 11 06:08:34 CET 2026
#@# pial area lh Wed Mar 11 06:08:34 CET 2026
#@# thickness lh Wed Mar 11 06:08:34 CET 2026
#@# area and vertex vol lh Wed Mar 11 06:08:34 CET 2026
#@# white curv rh Wed Mar 11 06:08:34 CET 2026
#@# white area rh Wed Mar 11 06:08:34 CET 2026
#@# pial curv rh Wed Mar 11 06:08:34 CET 2026
#@# pial area rh Wed Mar 11 06:08:34 CET 2026
#@# thickness rh Wed Mar 11 06:08:34 CET 2026
#@# area and vertex vol rh Wed Mar 11 06:08:35 CET 2026
#@# Cortical ribbon mask Wed Mar 11 06:08:35 CET 2026
recon-all -s sub-v2s13x29110_ses-1 finished without error at Wed Mar 11 06:14:58 CET 2026



#New# invocation of recon-all 



status file for recon-all
Wed Mar 11 06:21:20 CET 2026
#@# white curv lh Wed Mar 11 06:21:20 CET 2026
#@# white area lh Wed Mar 11 06:21:21 CET 2026
#@# pial curv lh Wed Mar 11 06:21:21 CET 2026
#@# pial area lh Wed Mar 11 06:21:21 CET 2026
#@# thickness lh Wed Mar 11 06:21:21 CET 2026
#@# area and vertex vol lh Wed Mar 11 06:21:21 CET 2026
#@# white curv rh Wed Mar 11 06:21:21 CET 2026
#@# white area rh Wed Mar 11 06:21:21 CET 2026
#@# pial curv rh Wed Mar 11 06:21:21 CET 2026
#@# pial area rh Wed Mar 11 06:21:21 CET 2026
#@# thickness rh Wed Mar 11 06:21:21 CET 2026
#@# area and vertex vol rh Wed Mar 11 06:21:21 CET 2026
#@# Curvature Stats lh Wed Mar 11 06:21:21 CET 2026
#@# Curvature Stats rh Wed Mar 11 06:21:23 CET 2026
#@# Relabel Hypointensities Wed Mar 11 06:21:25 CET 2026
#@# APas-to-ASeg Wed Mar 11 06:21:42 CET 2026
#@# AParc-to-ASeg aparc Wed Mar 11 06:21:50 CET 2026
#@# AParc-to-ASeg aparc.a2009s Wed Mar 11 06:22:33 CET 2026
#@# AParc-to-ASeg aparc.DKTatlas Wed Mar 11 06:23:18 CET 2026
#@# WMParc Wed Mar 11 06:24:04 CET 2026
#@# ASeg Stats Wed Mar 11 06:27:36 CET 2026
recon-all -s sub-v2s13x29110_ses-1 finished without error at Wed Mar 11 06:28:07 CET 2026
