status file for recon-all
Wed Mar 11 05:28:22 CET 2026
#@# Tessellate lh Wed Mar 11 05:28:22 CET 2026
#@# Smooth1 lh Wed Mar 11 05:28:26 CET 2026
#@# Inflation1 lh Wed Mar 11 05:28:28 CET 2026
#@# QSphere lh Wed Mar 11 05:29:15 CET 2026
#@# Fix Topology lh Wed Mar 11 05:30:11 CET 2026
#@# Smooth2 lh Wed Mar 11 05:35:52 CET 2026
#@# Inflation2 lh Wed Mar 11 05:35:55 CET 2026
#@# Curv .H and .K lh Wed Mar 11 05:36:11 CET 2026
#@# Sphere lh Wed Mar 11 05:37:02 CET 2026
#@# Surf Reg lh Wed Mar 11 05:38:11 CET 2026
#@# Jacobian white lh Wed Mar 11 05:41:20 CET 2026
#@# AvgCurv lh Wed Mar 11 05:41:21 CET 2026
#@# Cortical Parc lh Wed Mar 11 05:41:21 CET 2026
#@# white curv lh Wed Mar 11 05:47:11 CET 2026
#@# white area lh Wed Mar 11 05:47:13 CET 2026
#@# pial curv lh Wed Mar 11 05:47:13 CET 2026
#@# pial area lh Wed Mar 11 05:47:15 CET 2026
#@# thickness lh Wed Mar 11 05:47:15 CET 2026
#@# area and vertex vol lh Wed Mar 11 05:47:47 CET 2026
#@# Curvature Stats lh Wed Mar 11 05:47:49 CET 2026
#@# Cortical Parc 2 lh Wed Mar 11 05:47:51 CET 2026
#@# Cortical Parc 3 lh Wed Mar 11 05:48:05 CET 2026
#@# WM/GM Contrast lh Wed Mar 11 05:48:15 CET 2026
recon-all -s sub-v2s13x29110_ses-1 finished without error at Wed Mar 11 05:48:19 CET 2026



#New# invocation of recon-all 



status file for recon-all
Wed Mar 11 06:15:02 CET 2026
#@# white curv lh Wed Mar 11 06:15:03 CET 2026
#@# white area lh Wed Mar 11 06:15:03 CET 2026
#@# pial curv lh Wed Mar 11 06:15:03 CET 2026
#@# pial area lh Wed Mar 11 06:15:03 CET 2026
#@# thickness lh Wed Mar 11 06:15:03 CET 2026
#@# area and vertex vol lh Wed Mar 11 06:15:03 CET 2026
#@# Parcellation Stats lh Wed Mar 11 06:15:03 CET 2026
#@# Parcellation Stats 2 lh Wed Mar 11 06:15:23 CET 2026
#@# Parcellation Stats 3 lh Wed Mar 11 06:15:33 CET 2026
#@# BA_exvivo Labels lh Wed Mar 11 06:15:43 CET 2026
recon-all -s sub-v2s13x29110_ses-1 finished without error at Wed Mar 11 06:18:08 CET 2026
