/out/sourcedata/freesurfer/sub-v2s13x29124_ses-1/mri
/opt/freesurfer/bin/talairach_avi
--i orig_nu.mgz --xfm transforms/talairach.auto.xfm
talairach_avi 7.3.2
Linux dna059 5.14.0-427.37.1.el9_4.x86_64 #1 SMP PREEMPT_DYNAMIC Fri Sep 13 12:41:50 EDT 2024 x86_64 x86_64 x86_64 GNU/Linux
Wed Mar 11 04:38:37 CET 2026
mri_convert orig_nu.mgz talsrcimg.img 
reading from orig_nu.mgz...
TR=0.00, TE=0.00, TI=0.00, flip angle=0.00
i_ras = (-1, 1.0366e-09, -2.0732e-09)
j_ras = (0, 1.65856e-08, -1)
k_ras = (-5.18301e-10, 1, 1.65856e-08)
writing to talsrcimg.img...
Analyze Output Matrix
-0.89844   0.00000  -0.00000   115.02462;
 0.00000   0.00000   0.89844  -114.95580;
-0.00000  -0.89844   0.00000   135.53589;
 0.00000   0.00000   0.00000   1.00000;
--------------------
INFO: set hdr.hist.orient to -1
mpr2mni305 talsrcimg
Wed Mar 11 04:38:38 CET 2026
/opt/freesurfer/bin/mpr2mni305 talsrcimg
mpr2mni305 7.3.2
target=711-2C_as_mni_average_305

---------------------------------------------------------------------
analyzeto4dfp talsrcimg -O0 -y
---------------------------------------------------------------------

freesurfer ifh2hdr.c
Wed Mar 11 04:38:38 2026
Writing: talsrcimg.4dfp.hdr
freesurfer analyzeto4dfp.c
Reading: talsrcimg.hdr
header size 348 bytes
hdr.dime.datatype	offset=70	value=2
hdr.dime.bitpix		offset=72	value=8
hdr.hist.orient		offset=252	value=-1
dimensionality     4
dimensions       256       256       256         1
Reading: talsrcimg.img
Writing: talsrcimg.4dfp.img
Writing: talsrcimg.4dfp.ifh
ifh2hdr talsrcimg -r0to255
ori=2

---------------------------------------------------------------------
gauss_4dfp talsrcimg 1.1
---------------------------------------------------------------------

freesurfer gauss_4dfp.c
Reading: talsrcimg.4dfp.img
Writing: talsrcimg_g11.4dfp.img
image dimensions 256 256 256 padded to 288 288 288
processing volume 1freesurfer ifh2hdr.c
Wed Mar 11 04:38:40 2026
Writing: talsrcimg_g11.4dfp.hdr

Writing: talsrcimg_g11.4dfp.ifh
including: talsrcimg.4dfp.img.rec in talsrcimg_g11.4dfp.img.rec

---------------------------------------------------------------------
imgreg_4dfp /opt/freesurfer/average/711-2C_as_mni_average_305 none talsrcimg_g11 none talsrcimg_to_711-2C_as_mni_average_305_t4 4355
---------------------------------------------------------------------

freesurfer imgreg_4dfp.c
/opt/freesurfer/average/711-2C_as_mni_average_305.4dfp.img
       256       256       256         1
  1.000000  1.000000  1.000000
orientation T byte_order littleendian
Reading image: /opt/freesurfer/average/711-2C_as_mni_average_305.4dfp.img
dimensions:      256       256       256
mmppix:       1.0000   -1.0000   -1.0000
center:     128.0000 -129.0000 -129.0000
talsrcimg_g11.4dfp.img
       256       256       256         1
  0.898438  0.898438  0.898438
orientation T byte_order littleendian
Reading image: talsrcimg_g11.4dfp.img
dimensions:      256       256       256
mmppix:       0.8984   -0.8984   -0.8984
center:     115.0001 -115.8985 -115.8985
t4_read: open error in t4_sub.f l:  41 t4_file(1:l)talsrcimg_to_711-2C_as_mni_average_305_t4 
t4_read: transform initialized to I4
rotation matrix determinant  1.000000
image alignment mode   4355 decimal     1103 hex
   -7.5000  -45.0000  -45.0000 6433.0825   16.0782
    0.0000  -45.0000  -45.0000 6499.6187   16.0455
    7.5000  -45.0000  -45.0000 6162.2007   16.0309
   -7.5000  -37.5000  -45.0000 6830.1982   17.0846
    0.0000  -37.5000  -45.0000 6898.1260   17.0484
    7.5000  -37.5000  -45.0000 6526.9668   17.0349
   -7.5000  -30.0000  -45.0000 7229.2144   17.6141
    0.0000  -30.0000  -45.0000 7308.5918   17.5877
    7.5000  -30.0000  -45.0000 6905.2427   17.5829
   -7.5000  -22.5000  -45.0000 7712.5796   17.6033
    0.0000  -22.5000  -45.0000 7810.9683   17.5898
    7.5000  -22.5000  -45.0000 7374.5054   17.5929
   -7.5000  -15.0000  -45.0000 8150.1367   17.6037
    0.0000  -15.0000  -45.0000 8250.4443   17.5917
    7.5000  -15.0000  -45.0000 7813.4712   17.5924
   -7.5000   -7.5000  -45.0000 8198.2412   17.6140
    0.0000   -7.5000  -45.0000 8291.4336   17.5915
    7.5000   -7.5000  -45.0000 7858.4185   17.5830
   -7.5000    0.0000  -45.0000 8199.7227   17.6238
    0.0000    0.0000  -45.0000 8280.4014   17.5881
    7.5000    0.0000  -45.0000 7866.3452   17.5720
   -7.5000    7.5000  -45.0000 7767.8965   17.6232
    0.0000    7.5000  -45.0000 7876.5649   17.5859
    7.5000    7.5000  -45.0000 7466.6479   17.5720
   -7.5000   15.0000  -45.0000 7543.5303   17.6143
    0.0000   15.0000  -45.0000 7669.4990   17.5880
    7.5000   15.0000  -45.0000 7245.9556   17.5832
   -7.5000   22.5000  -45.0000 6930.3398   17.4160
    0.0000   22.5000  -45.0000 7033.3188   17.4023
    7.5000   22.5000  -45.0000 6643.8486   17.4050
   -7.5000   30.0000  -45.0000 6345.1206   17.1305
    0.0000   30.0000  -45.0000 6430.8066   17.1174
    7.5000   30.0000  -45.0000 6076.8677   17.1165
   -7.5000   37.5000  -45.0000 5778.1855   16.8597
    0.0000   37.5000  -45.0000 5862.5571   16.8387
    7.5000   37.5000  -45.0000 5549.3784   16.8352
   -7.5000   45.0000  -45.0000 5315.6558   16.7714
    0.0000   45.0000  -45.0000 5390.0742   16.7397
    7.5000   45.0000  -45.0000 5088.5176   16.7274
   -7.5000  -45.0000  -37.5000 7003.5210   16.8603
    0.0000  -45.0000  -37.5000 7073.3096   16.8304
    7.5000  -45.0000  -37.5000 6678.5522   16.8173
   -7.5000  -37.5000  -37.5000 7412.3457   17.9252
    0.0000  -37.5000  -37.5000 7486.9785   17.8948
    7.5000  -37.5000  -37.5000 7064.5938   17.8846
   -7.5000  -30.0000  -37.5000 7834.2920   18.4504
    0.0000  -30.0000  -37.5000 7928.5312   18.4314
    7.5000  -30.0000  -37.5000 7465.7378   18.4288
   -7.5000  -22.5000  -37.5000 8369.0820   18.4402
    0.0000  -22.5000  -37.5000 8451.5859   18.4328
    7.5000  -22.5000  -37.5000 7985.0044   18.4352
   -7.5000  -15.0000  -37.5000 8857.6289   18.4415
    0.0000  -15.0000  -37.5000 8947.6211   18.4324
    7.5000  -15.0000  -37.5000 8470.8535   18.4302
   -7.5000   -7.5000  -37.5000 8887.6582   18.4496
    0.0000   -7.5000  -37.5000 8975.1738   18.4287
    7.5000   -7.5000  -37.5000 8500.9561   18.4184
   -7.5000    0.0000  -37.5000 8867.4688   18.4575
    0.0000    0.0000  -37.5000 8945.9277   18.4249
    7.5000    0.0000  -37.5000 8472.0684   18.4105
   -7.5000    7.5000  -37.5000 8414.7002   18.4577
    0.0000    7.5000  -37.5000 8508.0479   18.4265
    7.5000    7.5000  -37.5000 8042.2222   18.4159
   -7.5000   15.0000  -37.5000 8153.3740   18.4499
    0.0000   15.0000  -37.5000 8269.2549   18.4308
    7.5000   15.0000  -37.5000 7816.3442   18.4283
   -7.5000   22.5000  -37.5000 7453.4233   18.2440
    0.0000   22.5000  -37.5000 7554.1924   18.2360
    7.5000   22.5000  -37.5000 7130.8457   18.2374
   -7.5000   30.0000  -37.5000 6781.9243   17.9526
    0.0000   30.0000  -37.5000 6875.8027   17.9430
    7.5000   30.0000  -37.5000 6522.8140   17.9397
   -7.5000   37.5000  -37.5000 6184.5752   17.6682
    0.0000   37.5000  -37.5000 6281.1387   17.6479
    7.5000   37.5000  -37.5000 5959.4136   17.6414
   -7.5000   45.0000  -37.5000 5675.2134   17.5519
    0.0000   45.0000  -37.5000 5745.0332   17.5205
    7.5000   45.0000  -37.5000 5455.7256   17.5056
   -7.5000  -45.0000  -30.0000 7539.4473   17.6019
    0.0000  -45.0000  -30.0000 7612.7197   17.5736
    7.5000  -45.0000  -30.0000 7205.5205   17.5649
   -7.5000  -37.5000  -30.0000 7986.9263   18.7162
    0.0000  -37.5000  -30.0000 8060.1206   18.6889
    7.5000  -37.5000  -30.0000 7615.0059   18.6807
   -7.5000  -30.0000  -30.0000 8464.6904   19.2354
    0.0000  -30.0000  -30.0000 8548.8516   19.2187
    7.5000  -30.0000  -30.0000 8059.2817   19.2147
   -7.5000  -22.5000  -30.0000 9041.5293   19.2273
    0.0000  -22.5000  -30.0000 9120.6172   19.2201
    7.5000  -22.5000  -30.0000 8621.2324   19.2200
   -7.5000  -15.0000  -30.0000 9580.3994   19.2345
    0.0000  -15.0000  -30.0000 9659.9150   19.2244
    7.5000  -15.0000  -30.0000 9121.5879   19.2219
   -7.5000   -7.5000  -30.0000 9600.6836   19.2451
    0.0000   -7.5000  -30.0000 9674.0410   19.2239
    7.5000   -7.5000  -30.0000 9134.3301   19.2168
   -7.5000    0.0000  -30.0000 9543.7178   19.2493
    0.0000    0.0000  -30.0000 9605.7090   19.2185
    7.5000    0.0000  -30.0000 9103.1602   19.2090
   -7.5000    7.5000  -30.0000 9037.2207   19.2431
    0.0000    7.5000  -30.0000 9108.7988   19.2150
    7.5000    7.5000  -30.0000 8637.0479   19.2066
   -7.5000   15.0000  -30.0000 8759.9365   19.2332
    0.0000   15.0000  -30.0000 8847.3271   19.2166
    7.5000   15.0000  -30.0000 8392.0850   19.2125
   -7.5000   22.5000  -30.0000 7981.5366   19.0249
    0.0000   22.5000  -30.0000 8057.9272   19.0174
    7.5000   22.5000  -30.0000 7644.3521   19.0164
   -7.5000   30.0000  -30.0000 7241.1641   18.7317
    0.0000   30.0000  -30.0000 7308.5176   18.7218
    7.5000   30.0000  -30.0000 6966.1738   18.7191
   -7.5000   37.5000  -30.0000 6590.0352   18.4591
    0.0000   37.5000  -30.0000 6671.0078   18.4373
    7.5000   37.5000  -30.0000 6353.9863   18.4314
   -7.5000   45.0000  -30.0000 6027.6787   18.3202
    0.0000   45.0000  -30.0000 6093.8130   18.2900
    7.5000   45.0000  -30.0000 5794.0034   18.2783
   -7.5000  -45.0000  -22.5000 8096.1548   18.2949
    0.0000  -45.0000  -22.5000 8156.2656   18.2659
    7.5000  -45.0000  -22.5000 7711.3306   18.2599
   -7.5000  -37.5000  -22.5000 8558.8438   19.4605
    0.0000  -37.5000  -22.5000 8616.3320   19.4294
    7.5000  -37.5000  -22.5000 8139.3647   19.4204
   -7.5000  -30.0000  -22.5000 9070.5273   19.9763
    0.0000  -30.0000  -22.5000 9147.3047   19.9531
    7.5000  -30.0000  -22.5000 8625.4033   19.9458
   -7.5000  -22.5000  -22.5000 9688.4268   19.9692
    0.0000  -22.5000  -22.5000 9761.5156   19.9551
    7.5000  -22.5000  -22.5000 9226.7285   19.9528
   -7.5000  -15.0000  -22.500010232.0303   19.9796
    0.0000  -15.0000  -22.500010316.1318   19.9655
    7.5000  -15.0000  -22.5000 9746.6738   19.9646
   -7.5000   -7.5000  -22.500010254.9971   19.9932
    0.0000   -7.5000  -22.500010343.5732   19.9709
    7.5000   -7.5000  -22.5000 9772.5293   19.9680
   -7.5000    0.0000  -22.500010195.8037   19.9959
    0.0000    0.0000  -22.500010282.9668   19.9642
    7.5000    0.0000  -22.5000 9713.2119   19.9578
   -7.5000    7.5000  -22.5000 9639.0557   19.9835
    0.0000    7.5000  -22.5000 9721.5117   19.9515
    7.5000    7.5000  -22.5000 9179.3428   19.9423
   -7.5000   15.0000  -22.5000 9337.0537   19.9721
    0.0000   15.0000  -22.5000 9415.3008   19.9489
    7.5000   15.0000  -22.5000 8942.0127   19.9416
   -7.5000   22.5000  -22.5000 8522.3369   19.7638
    0.0000   22.5000  -22.5000 8572.2959   19.7498
    7.5000   22.5000  -22.5000 8160.9961   19.7476
   -7.5000   30.0000  -22.5000 7716.0239   19.4696
    0.0000   30.0000  -22.5000 7746.5220   19.4558
    7.5000   30.0000  -22.5000 7408.4692   19.4550
   -7.5000   37.5000  -22.5000 7010.9624   19.2097
    0.0000   37.5000  -22.5000 7061.2930   19.1863
    7.5000   37.5000  -22.5000 6746.2671   19.1831
   -7.5000   45.0000  -22.5000 6384.3770   19.0688
    0.0000   45.0000  -22.5000 6444.8711   19.0399
    7.5000   45.0000  -22.5000 6137.9741   19.0337
   -7.5000  -45.0000  -15.0000 8624.7324   18.9672
    0.0000  -45.0000  -15.0000 8696.8096   18.9339
    7.5000  -45.0000  -15.0000 8205.9570   18.9233
   -7.5000  -37.5000  -15.0000 9119.3779   20.1757
    0.0000  -37.5000  -15.0000 9193.4023   20.1356
    7.5000  -37.5000  -15.0000 8668.6621   20.1205
   -7.5000  -30.0000  -15.0000 9643.2109   20.6906
    0.0000  -30.0000  -15.0000 9737.2432   20.6573
    7.5000  -30.0000  -15.0000 9182.8975   20.6463
   -7.5000  -22.5000  -15.000010270.5801   20.6794
    0.0000  -22.5000  -15.000010364.3037   20.6584
    7.5000  -22.5000  -15.0000 9772.4141   20.6560
   -7.5000  -15.0000  -15.000010840.3848   20.6864
    0.0000  -15.0000  -15.000010944.0068   20.6695
    7.5000  -15.0000  -15.000010308.7324   20.6705
   -7.5000   -7.5000  -15.000010876.8877   20.7026
    0.0000   -7.5000  -15.000011011.9707   20.6789
    7.5000   -7.5000  -15.000010379.8750   20.6754
   -7.5000    0.0000  -15.000010790.3389   20.7106
    0.0000    0.0000  -15.000010928.5830   20.6743
    7.5000    0.0000  -15.000010296.7080   20.6628
   -7.5000    7.5000  -15.000010176.7324   20.6978
    0.0000    7.5000  -15.000010296.4385   20.6567
    7.5000    7.5000  -15.0000 9708.8887   20.6412
   -7.5000   15.0000  -15.0000 9849.5723   20.6847
    0.0000   15.0000  -15.0000 9934.6592   20.6515
    7.5000   15.0000  -15.0000 9409.2461   20.6404
   -7.5000   22.5000  -15.0000 8999.8135   20.4712
    0.0000   22.5000  -15.0000 9039.2441   20.4507
    7.5000   22.5000  -15.0000 8600.4854   20.4491
   -7.5000   30.0000  -15.0000 8145.5757   20.1774
    0.0000   30.0000  -15.0000 8192.8652   20.1604
    7.5000   30.0000  -15.0000 7831.3735   20.1609
   -7.5000   37.5000  -15.0000 7392.4214   19.9224
    0.0000   37.5000  -15.0000 7436.1128   19.8985
    7.5000   37.5000  -15.0000 7112.6274   19.8962
   -7.5000   45.0000  -15.0000 6731.6675   19.8020
    0.0000   45.0000  -15.0000 6795.3662   19.7715
    7.5000   45.0000  -15.0000 6466.4907   19.7648
   -7.5000  -45.0000   -7.5000 8875.1475   19.0069
    0.0000  -45.0000   -7.5000 8944.9404   18.9698
    7.5000  -45.0000   -7.5000 8475.9541   18.9529
   -7.5000  -37.5000   -7.5000 9358.3906   20.2204
    0.0000  -37.5000   -7.5000 9453.4414   20.1754
    7.5000  -37.5000   -7.5000 8950.3682   20.1560
   -7.5000  -30.0000   -7.5000 9888.5576   20.7364
    0.0000  -30.0000   -7.5000 9998.6855   20.7000
    7.5000  -30.0000   -7.5000 9445.6914   20.6886
   -7.5000  -22.5000   -7.500010527.0312   20.7227
    0.0000  -22.5000   -7.500010636.5283   20.7013
    7.5000  -22.5000   -7.500010021.5781   20.7007
   -7.5000  -15.0000   -7.500011109.4678   20.7256
    0.0000  -15.0000   -7.500011232.2109   20.7094
    7.5000  -15.0000   -7.500010566.1709   20.7101
   -7.5000   -7.5000   -7.500011184.3145   20.7417
    0.0000   -7.5000   -7.500011336.0557   20.7169
    7.5000   -7.5000   -7.500010642.3896   20.7090
   -7.5000    0.0000   -7.500011099.1475   20.7539
    0.0000    0.0000   -7.500011251.1064   20.7135
    7.5000    0.0000   -7.500010537.6963   20.6951
   -7.5000    7.5000   -7.500010388.5195   20.7436
    0.0000    7.5000   -7.500010539.7725   20.6975
    7.5000    7.5000   -7.5000 9879.9180   20.6776
   -7.5000   15.0000   -7.500010053.0869   20.7304
    0.0000   15.0000   -7.500010173.8916   20.6940
    7.5000   15.0000   -7.5000 9574.0693   20.6826
   -7.5000   22.5000   -7.5000 9186.8213   20.5122
    0.0000   22.5000   -7.5000 9274.3154   20.4911
    7.5000   22.5000   -7.5000 8767.6494   20.4910
   -7.5000   30.0000   -7.5000 8335.3291   20.2212
    0.0000   30.0000   -7.5000 8426.6523   20.2041
    7.5000   30.0000   -7.5000 7976.8115   20.2033
   -7.5000   37.5000   -7.5000 7574.4951   19.9562
    0.0000   37.5000   -7.5000 7652.8154   19.9324
    7.5000   37.5000   -7.5000 7255.6494   19.9287
   -7.5000   45.0000   -7.5000 6878.9204   19.8526
    0.0000   45.0000   -7.5000 6967.9976   19.8188
    7.5000   45.0000   -7.5000 6590.3057   19.8073
   -7.5000  -45.0000    0.0000 8974.9072   19.5005
    0.0000  -45.0000    0.0000 9040.4805   19.4622
    7.5000  -45.0000    0.0000 8595.0635   19.4430
   -7.5000  -37.5000    0.0000 9447.2344   20.7410
    0.0000  -37.5000    0.0000 9548.7188   20.6979
    7.5000  -37.5000    0.0000 9051.0381   20.6803
   -7.5000  -30.0000    0.000010014.6299   21.2587
    0.0000  -30.0000    0.000010127.0225   21.2277
    7.5000  -30.0000    0.0000 9542.0664   21.2212
   -7.5000  -22.5000    0.000010657.3037   21.2445
    0.0000  -22.5000    0.000010780.1152   21.2293
    7.5000  -22.5000    0.000010134.0156   21.2322
   -7.5000  -15.0000    0.000011240.8789   21.2450
    0.0000  -15.0000    0.000011395.2383   21.2321
    7.5000  -15.0000    0.000010701.3877   21.2318
   -7.5000   -7.5000    0.000011313.4580   21.2585
    0.0000   -7.5000    0.000011462.7285   21.2332
    7.5000   -7.5000    0.000010738.2168   21.2215
   -7.5000    0.0000    0.000011204.9229   21.2718
    0.0000    0.0000    0.000011376.5771   21.2301
    7.5000    0.0000    0.000010611.6797   21.2092
   -7.5000    7.5000    0.000010482.0957   21.2636
    0.0000    7.5000    0.000010648.7314   21.2195
    7.5000    7.5000    0.0000 9941.0889   21.2015
   -7.5000   15.0000    0.000010141.9238   21.2515
    0.0000   15.0000    0.000010277.1660   21.2205
    7.5000   15.0000    0.0000 9592.9902   21.2140
   -7.5000   22.5000    0.0000 9267.2773   21.0284
    0.0000   22.5000    0.0000 9375.6455   21.0130
    7.5000   22.5000    0.0000 8792.1436   21.0154
   -7.5000   30.0000    0.0000 8421.8760   20.7426
    0.0000   30.0000    0.0000 8538.8896   20.7284
    7.5000   30.0000    0.0000 8046.6108   20.7262
   -7.5000   37.5000    0.0000 7641.5781   20.4726
    0.0000   37.5000    0.0000 7736.6230   20.4489
    7.5000   37.5000    0.0000 7303.7739   20.4432
   -7.5000   45.0000    0.0000 6933.8418   20.3929
    0.0000   45.0000    0.0000 7033.5747   20.3557
    7.5000   45.0000    0.0000 6618.7583   20.3391
   -7.5000  -45.0000    7.5000 8712.0117   19.4774
    0.0000  -45.0000    7.5000 8798.6162   19.4427
    7.5000  -45.0000    7.5000 8347.7803   19.4272
   -7.5000  -37.5000    7.5000 9160.6465   20.7175
    0.0000  -37.5000    7.5000 9251.6982   20.6825
    7.5000  -37.5000    7.5000 8772.5498   20.6703
   -7.5000  -30.0000    7.5000 9712.5049   21.2356
    0.0000  -30.0000    7.5000 9838.5088   21.2142
    7.5000  -30.0000    7.5000 9281.2305   21.2113
   -7.5000  -22.5000    7.500010402.2705   21.2224
    0.0000  -22.5000    7.500010604.9102   21.2146
    7.5000  -22.5000    7.5000 9922.0586   21.2178
   -7.5000  -15.0000    7.500011022.4062   21.2245
    0.0000  -15.0000    7.500011254.3604   21.2145
    7.5000  -15.0000    7.500010476.7334   21.2126
   -7.5000   -7.5000    7.500011065.3809   21.2358
    0.0000   -7.5000    7.500011246.0146   21.2119
    7.5000   -7.5000    7.500010471.5156   21.2001
   -7.5000    0.0000    7.500010913.8135   21.2465
    0.0000    0.0000    7.500011089.4062   21.2088
    7.5000    0.0000    7.500010320.4473   21.1919
   -7.5000    7.5000    7.500010209.9912   21.2395
    0.0000    7.5000    7.500010391.2295   21.2037
    7.5000    7.5000    7.5000 9653.8984   21.1912
   -7.5000   15.0000    7.5000 9846.1846   21.2285
    0.0000   15.0000    7.5000 9987.3477   21.2071
    7.5000   15.0000    7.5000 9295.3916   21.2042
   -7.5000   22.5000    7.5000 8976.3838   21.0052
    0.0000   22.5000    7.5000 9090.9609   20.9967
    7.5000   22.5000    7.5000 8508.8516   20.9989
   -7.5000   30.0000    7.5000 8155.7300   20.7181
    0.0000   30.0000    7.5000 8272.2832   20.7075
    7.5000   30.0000    7.5000 7767.8442   20.7043
   -7.5000   37.5000    7.5000 7404.9629   20.4493
    0.0000   37.5000    7.5000 7503.2686   20.4260
    7.5000   37.5000    7.5000 7070.7085   20.4185
   -7.5000   45.0000    7.5000 6699.0972   20.3645
    0.0000   45.0000    7.5000 6807.2217   20.3281
    7.5000   45.0000    7.5000 6400.0854   20.3104
   -7.5000  -45.0000   15.0000 8722.2539   19.4425
    0.0000  -45.0000   15.0000 8809.1416   19.4112
    7.5000  -45.0000   15.0000 8365.7939   19.4015
   -7.5000  -37.5000   15.0000 9175.9893   20.6759
    0.0000  -37.5000   15.0000 9273.6143   20.6458
    7.5000  -37.5000   15.0000 8801.0957   20.6367
   -7.5000  -30.0000   15.0000 9742.5713   21.1929
    0.0000  -30.0000   15.0000 9887.8896   21.1747
    7.5000  -30.0000   15.0000 9326.2139   21.1702
   -7.5000  -22.5000   15.000010462.1152   21.1839
    0.0000  -22.5000   15.000010776.1631   21.1761
    7.5000  -22.5000   15.0000 9997.7949   21.1758
   -7.5000  -15.0000   15.000011126.5625   21.1918
    0.0000  -15.0000   15.000011468.4795   21.1807
    7.5000  -15.0000   15.000010603.2871   21.1778
   -7.5000   -7.5000   15.000011117.7773   21.2036
    0.0000   -7.5000   15.000011371.4883   21.1802
    7.5000   -7.5000   15.000010569.5361   21.1722
   -7.5000    0.0000   15.000010948.8828   21.2084
    0.0000    0.0000   15.000011149.3555   21.1744
    7.5000    0.0000   15.000010385.5283   21.1639
   -7.5000    7.5000   15.000010253.0166   21.1970
    0.0000    7.5000   15.000010426.1807   21.1661
    7.5000    7.5000   15.0000 9709.9443   21.1568
   -7.5000   15.0000   15.0000 9860.5918   21.1860
    0.0000   15.0000   15.0000 9981.7959   21.1677
    7.5000   15.0000   15.0000 9334.0938   21.1632
   -7.5000   22.5000   15.0000 8980.9629   20.9690
    0.0000   22.5000   15.0000 9062.1885   20.9607
    7.5000   22.5000   15.0000 8521.5049   20.9596
   -7.5000   30.0000   15.0000 8131.7427   20.6805
    0.0000   30.0000   15.0000 8219.0166   20.6695
    7.5000   30.0000   15.0000 7756.3447   20.6665
   -7.5000   37.5000   15.0000 7393.0093   20.4229
    0.0000   37.5000   15.0000 7466.4609   20.3988
    7.5000   37.5000   15.0000 7056.9507   20.3922
   -7.5000   45.0000   15.0000 6676.9146   20.3194
    0.0000   45.0000   15.0000 6760.5615   20.2860
    7.5000   45.0000   15.0000 6383.3438   20.2729
   -7.5000  -45.0000   22.5000 8283.0186   19.5985
    0.0000  -45.0000   22.5000 8379.1104   19.5671
    7.5000  -45.0000   22.5000 7941.9800   19.5609
   -7.5000  -37.5000   22.5000 8739.7314   20.8384
    0.0000  -37.5000   22.5000 8845.6309   20.8050
    7.5000  -37.5000   22.5000 8368.8838   20.7955
   -7.5000  -30.0000   22.5000 9290.8691   21.3587
    0.0000  -30.0000   22.5000 9419.2871   21.3337
    7.5000  -30.0000   22.5000 8894.4590   21.3263
   -7.5000  -22.5000   22.5000 9953.3223   21.3508
    0.0000  -22.5000   22.500010159.8594   21.3355
    7.5000  -22.5000   22.5000 9513.4004   21.3336
   -7.5000  -15.0000   22.500010527.6250   21.3613
    0.0000  -15.0000   22.500010701.6367   21.3458
    7.5000  -15.0000   22.500010050.2988   21.3453
   -7.5000   -7.5000   22.500010542.0605   21.3755
    0.0000   -7.5000   22.500010671.9609   21.3512
    7.5000   -7.5000   22.500010064.7471   21.3485
   -7.5000    0.0000   22.500010415.3408   21.3786
    0.0000    0.0000   22.500010547.6025   21.3444
    7.5000    0.0000   22.5000 9950.5371   21.3377
   -7.5000    7.5000   22.5000 9732.1484   21.3636
    0.0000    7.5000   22.5000 9860.8291   21.3293
    7.5000    7.5000   22.5000 9273.9570   21.3196
   -7.5000   15.0000   22.5000 9318.8320   21.3517
    0.0000   15.0000   22.5000 9419.1689   21.3268
    7.5000   15.0000   22.5000 8867.3682   21.3194
   -7.5000   22.5000   22.5000 8456.2715   21.1380
    0.0000   22.5000   22.5000 8537.2002   21.1228
    7.5000   22.5000   22.5000 8054.7344   21.1210
   -7.5000   30.0000   22.5000 7679.5039   20.8467
    0.0000   30.0000   22.5000 7750.1230   20.8315
    7.5000   30.0000   22.5000 7331.4946   20.8312
   -7.5000   37.5000   22.5000 6976.4971   20.5995
    0.0000   37.5000   22.5000 7043.6748   20.5741
    7.5000   37.5000   22.5000 6664.4976   20.5709
   -7.5000   45.0000   22.5000 6287.7754   20.4880
    0.0000   45.0000   22.5000 6359.5347   20.4567
    7.5000   45.0000   22.5000 6018.9297   20.4502
   -7.5000  -45.0000   30.0000 7800.1709   19.7373
    0.0000  -45.0000   30.0000 7882.2959   19.7039
    7.5000  -45.0000   30.0000 7465.2354   19.6935
   -7.5000  -37.5000   30.0000 8230.2637   20.9955
    0.0000  -37.5000   30.0000 8302.9375   20.9545
    7.5000  -37.5000   30.0000 7889.1558   20.9393
   -7.5000  -30.0000   30.0000 8735.3389   21.5225
    0.0000  -30.0000   30.0000 8858.6729   21.4884
    7.5000  -30.0000   30.0000 8399.9580   21.4771
   -7.5000  -22.5000   30.0000 9362.2031   21.5123
    0.0000  -22.5000   30.0000 9511.1377   21.4910
    7.5000  -22.5000   30.0000 9000.6123   21.4888
   -7.5000  -15.0000   30.0000 9852.0107   21.5203
    0.0000  -15.0000   30.0000 9963.1230   21.5040
    7.5000  -15.0000   30.0000 9472.1328   21.5054
   -7.5000   -7.5000   30.0000 9861.0176   21.5365
    0.0000   -7.5000   30.0000 9937.1621   21.5134
    7.5000   -7.5000   30.0000 9474.5234   21.5105
   -7.5000    0.0000   30.0000 9791.9658   21.5432
    0.0000    0.0000   30.0000 9864.1143   21.5069
    7.5000    0.0000   30.0000 9401.4502   21.4956
   -7.5000    7.5000   30.0000 9147.2090   21.5282
    0.0000    7.5000   30.0000 9216.9746   21.4862
    7.5000    7.5000   30.0000 8752.4355   21.4706
   -7.5000   15.0000   30.0000 8761.7422   21.5154
    0.0000   15.0000   30.0000 8827.1748   21.4813
    7.5000   15.0000   30.0000 8366.7119   21.4701
   -7.5000   22.5000   30.0000 7961.2573   21.2983
    0.0000   22.5000   30.0000 8006.5181   21.2776
    7.5000   22.5000   30.0000 7590.5669   21.2762
   -7.5000   30.0000   30.0000 7217.0142   21.0193
    0.0000   30.0000   30.0000 7270.0366   21.0027
    7.5000   30.0000   30.0000 6894.3540   21.0036
   -7.5000   37.5000   30.0000 6537.2852   20.7834
    0.0000   37.5000   30.0000 6600.2173   20.7600
    7.5000   37.5000   30.0000 6252.1411   20.7582
   -7.5000   45.0000   30.0000 5869.4102   20.6936
    0.0000   45.0000   30.0000 5940.0161   20.6633
    7.5000   45.0000   30.0000 5619.5459   20.6572
   -7.5000  -45.0000   37.5000 7271.8096   19.8492
    0.0000  -45.0000   37.5000 7358.0312   19.8135
    7.5000  -45.0000   37.5000 6974.6987   19.7956
   -7.5000  -37.5000   37.5000 7679.2495   21.1292
    0.0000  -37.5000   37.5000 7772.6631   21.0849
    7.5000  -37.5000   37.5000 7379.6797   21.0645
   -7.5000  -30.0000   37.5000 8163.1455   21.6465
    0.0000  -30.0000   37.5000 8281.4492   21.6112
    7.5000  -30.0000   37.5000 7861.5728   21.5999
   -7.5000  -22.5000   37.5000 8747.7129   21.6262
    0.0000  -22.5000   37.5000 8862.7744   21.6072
    7.5000  -22.5000   37.5000 8418.8496   21.6075
   -7.5000  -15.0000   37.5000 9200.0273   21.6221
    0.0000  -15.0000   37.5000 9274.3486   21.6091
    7.5000  -15.0000   37.5000 8848.4053   21.6107
   -7.5000   -7.5000   37.5000 9187.9336   21.6383
    0.0000   -7.5000   37.5000 9244.9971   21.6163
    7.5000   -7.5000   37.5000 8844.2949   21.6083
   -7.5000    0.0000   37.5000 9129.7695   21.6571
    0.0000    0.0000   37.5000 9176.9541   21.6183
    7.5000    0.0000   37.5000 8767.5859   21.5988
   -7.5000    7.5000   37.5000 8554.6191   21.6520
    0.0000    7.5000   37.5000 8601.3486   21.6066
    7.5000    7.5000   37.5000 8194.8604   21.5857
   -7.5000   15.0000   37.5000 8200.9746   21.6390
    0.0000   15.0000   37.5000 8239.7305   21.6037
    7.5000   15.0000   37.5000 7838.4062   21.5924
   -7.5000   22.5000   37.5000 7457.3066   21.4069
    0.0000   22.5000   37.5000 7490.9336   21.3883
    7.5000   22.5000   37.5000 7118.2437   21.3891
   -7.5000   30.0000   37.5000 6769.6001   21.1314
    0.0000   30.0000   37.5000 6818.5679   21.1173
    7.5000   30.0000   37.5000 6467.8770   21.1172
   -7.5000   37.5000   37.5000 6114.7627   20.8818
    0.0000   37.5000   37.5000 6170.2300   20.8609
    7.5000   37.5000   37.5000 5858.3682   20.8574
   -7.5000   45.0000   37.5000 5463.3389   20.7946
    0.0000   45.0000   37.5000 5519.0938   20.7631
    7.5000   45.0000   37.5000 5237.9082   20.7513
   -7.5000  -45.0000   45.0000 6736.0303   20.0857
    0.0000  -45.0000   45.0000 6817.1655   20.0418
    7.5000  -45.0000   45.0000 6455.8950   20.0188
   -7.5000  -37.5000   45.0000 7137.7974   21.3855
    0.0000  -37.5000   45.0000 7226.8330   21.3365
    7.5000  -37.5000   45.0000 6853.9819   21.3143
   -7.5000  -30.0000   45.0000 7594.9902   21.8928
    0.0000  -30.0000   45.0000 7700.1768   21.8575
    7.5000  -30.0000   45.0000 7302.7935   21.8464
   -7.5000  -22.5000   45.0000 8115.8032   21.8760
    0.0000  -22.5000   45.0000 8202.4004   21.8585
    7.5000  -22.5000   45.0000 7805.0986   21.8574
   -7.5000  -15.0000   45.0000 8537.7344   21.8700
    0.0000  -15.0000   45.0000 8591.1201   21.8546
    7.5000  -15.0000   45.0000 8200.5557   21.8511
   -7.5000   -7.5000   45.0000 8518.2695   21.8803
    0.0000   -7.5000   45.0000 8570.1123   21.8507
    7.5000   -7.5000   45.0000 8214.2598   21.8356
   -7.5000    0.0000   45.0000 8467.8506   21.8962
    0.0000    0.0000   45.0000 8525.3105   21.8484
    7.5000    0.0000   45.0000 8165.5327   21.8234
   -7.5000    7.5000   45.0000 7949.8291   21.8935
    0.0000    7.5000   45.0000 7997.3755   21.8434
    7.5000    7.5000   45.0000 7633.0234   21.8207
   -7.5000   15.0000   45.0000 7626.5815   21.8848
    0.0000   15.0000   45.0000 7655.2969   21.8496
    7.5000   15.0000   45.0000 7291.8350   21.8384
   -7.5000   22.5000   45.0000 6926.5718   21.6434
    0.0000   22.5000   45.0000 6952.0688   21.6256
    7.5000   22.5000   45.0000 6626.0098   21.6241
   -7.5000   30.0000   45.0000 6296.2544   21.3486
    0.0000   30.0000   45.0000 6340.5889   21.3319
    7.5000   30.0000   45.0000 6036.9888   21.3263
   -7.5000   37.5000   45.0000 5687.3174   21.0642
    0.0000   37.5000   45.0000 5749.1079   21.0360
    7.5000   37.5000   45.0000 5460.6934   21.0271
   -7.5000   45.0000   45.0000 5085.9590   20.9568
    0.0000   45.0000   45.0000 5149.4355   20.9143
    7.5000   45.0000   45.0000 4888.1450   20.8942

---------------------------------------------------------------------
imgreg_4dfp /opt/freesurfer/average/711-2C_as_mni_average_305 /opt/freesurfer/average/711-2B_as_mni_average_305_mask talsrcimg_g11 none talsrcimg_to_711-2C_as_mni_average_305_t4 4355
---------------------------------------------------------------------

freesurfer imgreg_4dfp.c
/opt/freesurfer/average/711-2C_as_mni_average_305.4dfp.img
       256       256       256         1
  1.000000  1.000000  1.000000
orientation T byte_order littleendian
Reading image: /opt/freesurfer/average/711-2C_as_mni_average_305.4dfp.img
dimensions:      256       256       256
mmppix:       1.0000   -1.0000   -1.0000
center:     128.0000 -129.0000 -129.0000
/opt/freesurfer/average/711-2B_as_mni_average_305_mask.4dfp.img
       256       256       256         1
  1.000000  1.000000  1.000000
orientation T byte_order littleendian
Reading mask: /opt/freesurfer/average/711-2B_as_mni_average_305_mask.4dfp.img (2306576 pixels)
talsrcimg_g11.4dfp.img
       256       256       256         1
  0.898438  0.898438  0.898438
orientation T byte_order littleendian
Reading image: talsrcimg_g11.4dfp.img
dimensions:      256       256       256
mmppix:       0.8984   -0.8984   -0.8984
center:     115.0001 -115.8985 -115.8985
rotation matrix determinant  1.000000
image alignment mode   4355 decimal     1103 hex
   -7.5000  -60.0000  -30.0000 2133.9478   20.1762
    0.0000  -60.0000  -30.0000 2147.1860   20.1282
    7.5000  -60.0000  -30.0000 2125.5364   20.3086
   -7.5000  -52.5000  -30.0000 2236.9988   18.3883
    0.0000  -52.5000  -30.0000 2251.2537   18.3177
    7.5000  -52.5000  -30.0000 2223.2993   18.4416
   -7.5000  -45.0000  -30.0000 2339.0283   17.2218
    0.0000  -45.0000  -30.0000 2355.5962   17.1005
    7.5000  -45.0000  -30.0000 2331.9553   17.2949
   -7.5000  -37.5000  -30.0000 2396.9695   16.3344
    0.0000  -37.5000  -30.0000 2412.2717   16.1961
    7.5000  -37.5000  -30.0000 2384.4761   16.3528
   -7.5000  -30.0000  -30.0000 2427.3604   15.8357
    0.0000  -30.0000  -30.0000 2446.0691   15.6727
    7.5000  -30.0000  -30.0000 2415.9326   15.8452
   -7.5000  -22.5000  -30.0000 2433.4231   15.6115
    0.0000  -22.5000  -30.0000 2456.9495   15.4354
    7.5000  -22.5000  -30.0000 2427.3306   15.6407
   -7.5000  -15.0000  -30.0000 2427.8645   15.6545
    0.0000  -15.0000  -30.0000 2453.0654   15.5107
    7.5000  -15.0000  -30.0000 2424.1155   15.7022
   -7.5000   -7.5000  -30.0000 2409.2175   16.0168
    0.0000   -7.5000  -30.0000 2435.5789   15.8349
    7.5000   -7.5000  -30.0000 2409.0525   16.0156
   -7.5000    0.0000  -30.0000 2370.0547   16.6547
    0.0000    0.0000  -30.0000 2393.6360   16.4428
    7.5000    0.0000  -30.0000 2372.6650   16.6326
   -7.5000    7.5000  -30.0000 2311.0098   17.4516
    0.0000    7.5000  -30.0000 2335.7456   17.2372
    7.5000    7.5000  -30.0000 2314.6458   17.4527
   -7.5000   15.0000  -30.0000 2223.6567   18.5316
    0.0000   15.0000  -30.0000 2251.4878   18.3176
    7.5000   15.0000  -30.0000 2228.1616   18.5068
   -7.5000   22.5000  -30.0000 2116.3223   20.0447
    0.0000   22.5000  -30.0000 2139.7097   19.8477
    7.5000   22.5000  -30.0000 2119.5542   20.0458
   -7.5000   30.0000  -30.0000 1998.8970   22.3024
    0.0000   30.0000  -30.0000 2018.0979   22.0540
    7.5000   30.0000  -30.0000 1998.6572   22.2312
   -7.5000  -60.0000  -22.5000 2242.6851   19.7423
    0.0000  -60.0000  -22.5000 2254.2104   19.6684
    7.5000  -60.0000  -22.5000 2230.6050   19.8219
   -7.5000  -52.5000  -22.5000 2351.6824   17.9062
    0.0000  -52.5000  -22.5000 2363.1406   17.7890
    7.5000  -52.5000  -22.5000 2336.2949   17.9425
   -7.5000  -45.0000  -22.5000 2459.2395   16.7316
    0.0000  -45.0000  -22.5000 2475.1196   16.5644
    7.5000  -45.0000  -22.5000 2448.3025   16.6858
   -7.5000  -37.5000  -22.5000 2525.4336   15.7877
    0.0000  -37.5000  -22.5000 2541.9453   15.5820
    7.5000  -37.5000  -22.5000 2515.7249   15.7141
   -7.5000  -30.0000  -22.5000 2569.6304   15.1961
    0.0000  -30.0000  -22.5000 2589.9719   14.9718
    7.5000  -30.0000  -22.5000 2562.8469   15.1155
   -7.5000  -22.5000  -22.5000 2580.0481   14.9819
    0.0000  -22.5000  -22.5000 2604.4443   14.7718
    7.5000  -22.5000  -22.5000 2578.7239   14.9303
   -7.5000  -15.0000  -22.5000 2575.6748   15.0349
    0.0000  -15.0000  -22.5000 2601.0779   14.8747
    7.5000  -15.0000  -22.5000 2572.3577   15.0504
   -7.5000   -7.5000  -22.5000 2559.9329   15.3812
    0.0000   -7.5000  -22.5000 2589.4431   15.2178
    7.5000   -7.5000  -22.5000 2557.5627   15.4082
   -7.5000    0.0000  -22.5000 2519.6343   15.9375
    0.0000    0.0000  -22.5000 2552.7847   15.7628
    7.5000    0.0000  -22.5000 2525.4602   15.9484
   -7.5000    7.5000  -22.5000 2456.4358   16.7095
    0.0000    7.5000  -22.5000 2487.8328   16.4760
    7.5000    7.5000  -22.5000 2463.7073   16.6892
   -7.5000   15.0000  -22.5000 2362.9153   17.7183
    0.0000   15.0000  -22.5000 2394.3445   17.4919
    7.5000   15.0000  -22.5000 2371.7166   17.6836
   -7.5000   22.5000  -22.5000 2247.9023   19.1735
    0.0000   22.5000  -22.5000 2271.4646   18.9592
    7.5000   22.5000  -22.5000 2255.2874   19.1495
   -7.5000   30.0000  -22.5000 2118.5828   21.2710
    0.0000   30.0000  -22.5000 2137.7549   21.0392
    7.5000   30.0000  -22.5000 2122.4014   21.2233
   -7.5000  -60.0000  -15.0000 2307.1648   19.2263
    0.0000  -60.0000  -15.0000 2324.5374   19.0863
    7.5000  -60.0000  -15.0000 2307.1995   19.2548
   -7.5000  -52.5000  -15.0000 2421.5505   17.3609
    0.0000  -52.5000  -15.0000 2437.4563   17.2022
    7.5000  -52.5000  -15.0000 2416.7278   17.3597
   -7.5000  -45.0000  -15.0000 2538.9678   16.1455
    0.0000  -45.0000  -15.0000 2559.4946   15.9530
    7.5000  -45.0000  -15.0000 2534.5110   16.0888
   -7.5000  -37.5000  -15.0000 2623.4512   15.1223
    0.0000  -37.5000  -15.0000 2644.3325   14.9134
    7.5000  -37.5000  -15.0000 2620.7446   15.0554
   -7.5000  -30.0000  -15.0000 2674.1179   14.5087
    0.0000  -30.0000  -15.0000 2697.8628   14.3222
    7.5000  -30.0000  -15.0000 2679.6084   14.4170
   -7.5000  -22.5000  -15.0000 2691.0916   14.2787
    0.0000  -22.5000  -15.0000 2721.1248   14.0871
    7.5000  -22.5000  -15.0000 2695.8660   14.1825
   -7.5000  -15.0000  -15.0000 2696.3936   14.2834
    0.0000  -15.0000  -15.0000 2721.9016   14.1454
    7.5000  -15.0000  -15.0000 2693.5974   14.2631
   -7.5000   -7.5000  -15.0000 2681.2739   14.6457
    0.0000   -7.5000  -15.0000 2714.0083   14.4893
    7.5000   -7.5000  -15.0000 2684.7297   14.6295
   -7.5000    0.0000  -15.0000 2641.1958   15.1982
    0.0000    0.0000  -15.0000 2677.0164   15.0251
    7.5000    0.0000  -15.0000 2647.4719   15.1675
   -7.5000    7.5000  -15.0000 2575.4480   15.9392
    0.0000    7.5000  -15.0000 2612.6482   15.6999
    7.5000    7.5000  -15.0000 2585.7720   15.8790
   -7.5000   15.0000  -15.0000 2477.7908   16.9028
    0.0000   15.0000  -15.0000 2508.8870   16.6760
    7.5000   15.0000  -15.0000 2485.0857   16.8554
   -7.5000   22.5000  -15.0000 2351.0120   18.3142
    0.0000   22.5000  -15.0000 2375.7263   18.0838
    7.5000   22.5000  -15.0000 2356.3772   18.2798
   -7.5000   30.0000  -15.0000 2211.0872   20.3152
    0.0000   30.0000  -15.0000 2237.5029   20.0603
    7.5000   30.0000  -15.0000 2222.9241   20.2782
   -7.5000  -60.0000   -7.5000 2335.5586   18.5869
    0.0000  -60.0000   -7.5000 2351.5510   18.4189
    7.5000  -60.0000   -7.5000 2332.6475   18.6575
   -7.5000  -52.5000   -7.5000 2455.0510   16.7409
    0.0000  -52.5000   -7.5000 2471.3582   16.5586
    7.5000  -52.5000   -7.5000 2449.8279   16.7730
   -7.5000  -45.0000   -7.5000 2575.9800   15.4990
    0.0000  -45.0000   -7.5000 2597.9717   15.3088
    7.5000  -45.0000   -7.5000 2576.0408   15.4647
   -7.5000  -37.5000   -7.5000 2666.5010   14.4779
    0.0000  -37.5000   -7.5000 2694.9607   14.2794
    7.5000  -37.5000   -7.5000 2674.2559   14.4298
   -7.5000  -30.0000   -7.5000 2726.2656   13.7871
    0.0000  -30.0000   -7.5000 2756.2283   13.6399
    7.5000  -30.0000   -7.5000 2740.0925   13.7488
   -7.5000  -22.5000   -7.5000 2762.5828   13.4801
    0.0000  -22.5000   -7.5000 2798.7983   13.3255
    7.5000  -22.5000   -7.5000 2774.6101   13.4346
   -7.5000  -15.0000   -7.5000 2773.7307   13.4947
    0.0000  -15.0000   -7.5000 2808.9185   13.3606
    7.5000  -15.0000   -7.5000 2779.1616   13.4718
   -7.5000   -7.5000   -7.5000 2769.8286   13.8419
    0.0000   -7.5000   -7.5000 2806.7019   13.6707
    7.5000   -7.5000   -7.5000 2776.0696   13.7982
   -7.5000    0.0000   -7.5000 2727.5935   14.4044
    0.0000    0.0000   -7.5000 2766.4734   14.2110
    7.5000    0.0000   -7.5000 2731.2114   14.3169
   -7.5000    7.5000   -7.5000 2651.9810   15.1184
    0.0000    7.5000   -7.5000 2690.0752   14.9021
    7.5000    7.5000   -7.5000 2660.7524   15.0150
   -7.5000   15.0000   -7.5000 2550.6760   16.0558
    0.0000   15.0000   -7.5000 2584.1238   15.8489
    7.5000   15.0000   -7.5000 2558.4265   16.0153
   -7.5000   22.5000   -7.5000 2420.4512   17.4206
    0.0000   22.5000   -7.5000 2450.1570   17.1983
    7.5000   22.5000   -7.5000 2425.8120   17.4200
   -7.5000   30.0000   -7.5000 2269.9116   19.3414
    0.0000   30.0000   -7.5000 2304.2566   19.0968
    7.5000   30.0000   -7.5000 2281.6262   19.3379
   -7.5000  -60.0000    0.0000 2357.0415   18.3217
    0.0000  -60.0000    0.0000 2372.0076   18.1153
    7.5000  -60.0000    0.0000 2352.2236   18.4118
   -7.5000  -52.5000    0.0000 2480.2361   16.4513
    0.0000  -52.5000    0.0000 2495.2114   16.2576
    7.5000  -52.5000    0.0000 2476.1367   16.5314
   -7.5000  -45.0000    0.0000 2606.2407   15.1895
    0.0000  -45.0000    0.0000 2625.0737   15.0011
    7.5000  -45.0000    0.0000 2606.6731   15.1867
   -7.5000  -37.5000    0.0000 2698.8459   14.1409
    0.0000  -37.5000    0.0000 2731.2466   13.9352
    7.5000  -37.5000    0.0000 2711.6089   14.0951
   -7.5000  -30.0000    0.0000 2779.9104   13.3827
    0.0000  -30.0000    0.0000 2813.7510   13.2198
    7.5000  -30.0000    0.0000 2789.4778   13.3485
   -7.5000  -22.5000    0.0000 2834.8926   13.0127
    0.0000  -22.5000    0.0000 2876.9722   12.8573
    7.5000  -22.5000    0.0000 2847.1787   12.9651
   -7.5000  -15.0000    0.0000 2857.9983   12.9703
    0.0000  -15.0000    0.0000 2910.2800   12.8022
    7.5000  -15.0000    0.0000 2868.4963   12.9581
   -7.5000   -7.5000    0.0000 2851.9688   13.3073
    0.0000   -7.5000    0.0000 2896.3850   13.1394
    7.5000   -7.5000    0.0000 2854.2402   13.2685
   -7.5000    0.0000    0.0000 2803.9651   13.8512
    0.0000    0.0000    0.0000 2850.2073   13.6805
    7.5000    0.0000    0.0000 2805.4971   13.7733
   -7.5000    7.5000    0.0000 2726.7039   14.5565
    0.0000    7.5000    0.0000 2770.1375   14.3664
    7.5000    7.5000    0.0000 2730.6343   14.4912
   -7.5000   15.0000    0.0000 2620.2009   15.5004
    0.0000   15.0000    0.0000 2653.5032   15.2996
    7.5000   15.0000    0.0000 2621.2654   15.4713
   -7.5000   22.5000    0.0000 2477.7642   16.8743
    0.0000   22.5000    0.0000 2509.8787   16.6280
    7.5000   22.5000    0.0000 2481.0017   16.9040
   -7.5000   30.0000    0.0000 2328.3325   18.8056
    0.0000   30.0000    0.0000 2360.6323   18.5446
    7.5000   30.0000    0.0000 2335.2695   18.8026
   -7.5000  -60.0000    7.5000 2347.6509   18.1576
    0.0000  -60.0000    7.5000 2361.1411   17.9645
    7.5000  -60.0000    7.5000 2344.9834   18.2627
   -7.5000  -52.5000    7.5000 2474.4504   16.2558
    0.0000  -52.5000    7.5000 2488.5664   16.0692
    7.5000  -52.5000    7.5000 2466.7180   16.3171
   -7.5000  -45.0000    7.5000 2605.2351   14.9396
    0.0000  -45.0000    7.5000 2624.1333   14.7806
    7.5000  -45.0000    7.5000 2603.9246   14.9751
   -7.5000  -37.5000    7.5000 2708.9387   13.8405
    0.0000  -37.5000    7.5000 2737.5322   13.6528
    7.5000  -37.5000    7.5000 2715.9634   13.8324
   -7.5000  -30.0000    7.5000 2805.3079   13.0447
    0.0000  -30.0000    7.5000 2837.5935   12.8719
    7.5000  -30.0000    7.5000 2809.3816   13.0276
   -7.5000  -22.5000    7.5000 2874.9060   12.6868
    0.0000  -22.5000    7.5000 2919.5044   12.5626
    7.5000  -22.5000    7.5000 2883.5691   12.6481
   -7.5000  -15.0000    7.5000 2914.7422   12.6227
    0.0000  -15.0000    7.5000 2970.9749   12.5240
    7.5000  -15.0000    7.5000 2917.0500   12.6003
   -7.5000   -7.5000    7.5000 2907.3918   12.8811
    0.0000   -7.5000    7.5000 2960.4250   12.7633
    7.5000   -7.5000    7.5000 2900.1138   12.8547
   -7.5000    0.0000    7.5000 2850.8550   13.3541
    0.0000    0.0000    7.5000 2898.2485   13.2463
    7.5000    0.0000    7.5000 2849.0288   13.3125
   -7.5000    7.5000    7.5000 2767.3364   14.0920
    0.0000    7.5000    7.5000 2811.6506   13.9433
    7.5000    7.5000    7.5000 2766.7310   14.0634
   -7.5000   15.0000    7.5000 2654.7383   15.0625
    0.0000   15.0000    7.5000 2685.3684   14.9299
    7.5000   15.0000    7.5000 2654.0620   15.0557
   -7.5000   22.5000    7.5000 2509.5950   16.4579
    0.0000   22.5000    7.5000 2538.0198   16.2833
    7.5000   22.5000    7.5000 2512.4653   16.4574
   -7.5000   30.0000    7.5000 2354.5938   18.2846
    0.0000   30.0000    7.5000 2385.5325   18.0962
    7.5000   30.0000    7.5000 2362.4771   18.2912
   -7.5000  -60.0000   15.0000 2325.1431   18.2598
    0.0000  -60.0000   15.0000 2340.9016   18.0596
    7.5000  -60.0000   15.0000 2316.4155   18.3583
   -7.5000  -52.5000   15.0000 2448.7000   16.2919
    0.0000  -52.5000   15.0000 2463.7253   16.0851
    7.5000  -52.5000   15.0000 2437.6592   16.3872
   -7.5000  -45.0000   15.0000 2584.6479   14.9030
    0.0000  -45.0000   15.0000 2600.2927   14.6973
    7.5000  -45.0000   15.0000 2579.4553   14.9686
   -7.5000  -37.5000   15.0000 2697.1077   13.7588
    0.0000  -37.5000   15.0000 2722.3032   13.5790
    7.5000  -37.5000   15.0000 2695.8977   13.7990
   -7.5000  -30.0000   15.0000 2802.5989   12.9796
    0.0000  -30.0000   15.0000 2833.4792   12.8248
    7.5000  -30.0000   15.0000 2805.9443   12.9989
   -7.5000  -22.5000   15.0000 2880.9084   12.6045
    0.0000  -22.5000   15.0000 2922.6282   12.5154
    7.5000  -22.5000   15.0000 2882.0688   12.6001
   -7.5000  -15.0000   15.0000 2929.7668   12.5315
    0.0000  -15.0000   15.0000 2985.4783   12.5033
    7.5000  -15.0000   15.0000 2929.5688   12.5089
   -7.5000   -7.5000   15.0000 2929.5076   12.6737
    0.0000   -7.5000   15.0000 2981.1213   12.5886
    7.5000   -7.5000   15.0000 2923.0122   12.6648
   -7.5000    0.0000   15.0000 2868.0376   13.1430
    0.0000    0.0000   15.0000 2911.0364   12.9962
    7.5000    0.0000   15.0000 2862.2974   13.1558
   -7.5000    7.5000   15.0000 2781.9617   13.9300
    0.0000    7.5000   15.0000 2822.6577   13.7728
    7.5000    7.5000   15.0000 2779.9788   13.9199
   -7.5000   15.0000   15.0000 2659.3579   14.9749
    0.0000   15.0000   15.0000 2688.2351   14.8313
    7.5000   15.0000   15.0000 2663.2087   14.9519
   -7.5000   22.5000   15.0000 2519.3164   16.3388
    0.0000   22.5000   15.0000 2542.3179   16.1697
    7.5000   22.5000   15.0000 2521.3464   16.3269
   -7.5000   30.0000   15.0000 2356.8899   18.1059
    0.0000   30.0000   15.0000 2383.8044   17.8920
    7.5000   30.0000   15.0000 2364.6118   18.1069
   -7.5000  -60.0000   22.5000 2295.0134   18.5644
    0.0000  -60.0000   22.5000 2312.7439   18.3696
    7.5000  -60.0000   22.5000 2285.6797   18.7361
   -7.5000  -52.5000   22.5000 2409.6663   16.5472
    0.0000  -52.5000   22.5000 2426.6562   16.3527
    7.5000  -52.5000   22.5000 2399.9333   16.7027
   -7.5000  -45.0000   22.5000 2542.6245   15.1608
    0.0000  -45.0000   22.5000 2560.4360   14.9429
    7.5000  -45.0000   22.5000 2533.7507   15.2863
   -7.5000  -37.5000   22.5000 2659.8306   14.0198
    0.0000  -37.5000   22.5000 2683.6035   13.8394
    7.5000  -37.5000   22.5000 2651.2581   14.0782
   -7.5000  -30.0000   22.5000 2767.9341   13.2421
    0.0000  -30.0000   22.5000 2794.4792   13.0677
    7.5000  -30.0000   22.5000 2765.4675   13.2962
   -7.5000  -22.5000   22.5000 2857.9622   12.8076
    0.0000  -22.5000   22.5000 2891.4487   12.6801
    7.5000  -22.5000   22.5000 2850.8523   12.8156
   -7.5000  -15.0000   22.5000 2910.2019   12.6503
    0.0000  -15.0000   22.5000 2956.5129   12.5396
    7.5000  -15.0000   22.5000 2902.8796   12.6737
   -7.5000   -7.5000   22.5000 2911.0903   12.8328
    0.0000   -7.5000   22.5000 2955.2534   12.6038
    7.5000   -7.5000   22.5000 2894.9351   12.8634
   -7.5000    0.0000   22.5000 2847.1770   13.3511
    0.0000    0.0000   22.5000 2883.8335   13.1376
    7.5000    0.0000   22.5000 2838.8462   13.3565
   -7.5000    7.5000   22.5000 2759.0803   14.1076
    0.0000    7.5000   22.5000 2793.6038   13.9073
    7.5000    7.5000   22.5000 2753.0940   14.1208
   -7.5000   15.0000   22.5000 2638.6765   15.1619
    0.0000   15.0000   22.5000 2663.1121   14.9732
    7.5000   15.0000   22.5000 2637.9761   15.1474
   -7.5000   22.5000   22.5000 2497.2090   16.4782
    0.0000   22.5000   22.5000 2519.0735   16.3134
    7.5000   22.5000   22.5000 2500.9395   16.4809
   -7.5000   30.0000   22.5000 2343.0510   18.2166
    0.0000   30.0000   22.5000 2362.1604   18.0139
    7.5000   30.0000   22.5000 2350.4795   18.1966
   -7.5000  -60.0000   30.0000 2257.9224   19.2596
    0.0000  -60.0000   30.0000 2275.2979   19.0677
    7.5000  -60.0000   30.0000 2247.2676   19.4871
   -7.5000  -52.5000   30.0000 2363.7815   17.1845
    0.0000  -52.5000   30.0000 2381.4851   16.9931
    7.5000  -52.5000   30.0000 2353.8635   17.3780
   -7.5000  -45.0000   30.0000 2496.0720   15.7806
    0.0000  -45.0000   30.0000 2513.9929   15.5436
    7.5000  -45.0000   30.0000 2486.3723   15.8640
   -7.5000  -37.5000   30.0000 2611.7385   14.5841
    0.0000  -37.5000   30.0000 2631.9766   14.3572
    7.5000  -37.5000   30.0000 2603.7581   14.6405
   -7.5000  -30.0000   30.0000 2717.3760   13.7556
    0.0000  -30.0000   30.0000 2742.9243   13.5485
    7.5000  -30.0000   30.0000 2713.9255   13.8065
   -7.5000  -22.5000   30.0000 2810.9421   13.2591
    0.0000  -22.5000   30.0000 2840.0522   13.1181
    7.5000  -22.5000   30.0000 2806.1042   13.3069
   -7.5000  -15.0000   30.0000 2851.9060   13.0921
    0.0000  -15.0000   30.0000 2892.7429   12.8952
    7.5000  -15.0000   30.0000 2851.0220   13.1249
   -7.5000   -7.5000   30.0000 2850.8735   13.2653
    0.0000   -7.5000   30.0000 2886.1929   13.0268
    7.5000   -7.5000   30.0000 2846.4082   13.2947
   -7.5000    0.0000   30.0000 2798.4668   13.8134
    0.0000    0.0000   30.0000 2827.2947   13.5823
    7.5000    0.0000   30.0000 2798.7036   13.7982
   -7.5000    7.5000   30.0000 2711.4844   14.5675
    0.0000    7.5000   30.0000 2738.7615   14.3295
    7.5000    7.5000   30.0000 2707.6843   14.5465
   -7.5000   15.0000   30.0000 2599.8542   15.5778
    0.0000   15.0000   30.0000 2623.0999   15.3474
    7.5000   15.0000   30.0000 2599.5435   15.5437
   -7.5000   22.5000   30.0000 2463.3562   16.8803
    0.0000   22.5000   30.0000 2481.4395   16.6726
    7.5000   22.5000   30.0000 2462.9617   16.8850
   -7.5000   30.0000   30.0000 2313.2832   18.5904
    0.0000   30.0000   30.0000 2333.7820   18.3763
    7.5000   30.0000   30.0000 2316.0586   18.6092
   -7.5000  -60.0000   37.5000 2204.3740   20.2606
    0.0000  -60.0000   37.5000 2221.6936   20.1438
    7.5000  -60.0000   37.5000 2192.2761   20.5527
   -7.5000  -52.5000   37.5000 2317.3816   18.1097
    0.0000  -52.5000   37.5000 2332.3459   17.9076
    7.5000  -52.5000   37.5000 2302.8105   18.2795
   -7.5000  -45.0000   37.5000 2443.6375   16.6085
    0.0000  -45.0000   37.5000 2462.2334   16.3762
    7.5000  -45.0000   37.5000 2430.0786   16.7148
   -7.5000  -37.5000   37.5000 2555.0254   15.3779
    0.0000  -37.5000   37.5000 2577.3420   15.1487
    7.5000  -37.5000   37.5000 2546.0530   15.4884
   -7.5000  -30.0000   37.5000 2659.7546   14.5070
    0.0000  -30.0000   37.5000 2684.2966   14.2960
    7.5000  -30.0000   37.5000 2655.1572   14.5649
   -7.5000  -22.5000   37.5000 2744.7363   13.9795
    0.0000  -22.5000   37.5000 2771.6536   13.7862
    7.5000  -22.5000   37.5000 2742.2122   14.0283
   -7.5000  -15.0000   37.5000 2776.6533   13.7894
    0.0000  -15.0000   37.5000 2808.1343   13.5512
    7.5000  -15.0000   37.5000 2776.4722   13.8148
   -7.5000   -7.5000   37.5000 2765.0527   13.9718
    0.0000   -7.5000   37.5000 2790.1038   13.7341
    7.5000   -7.5000   37.5000 2767.9875   14.0015
   -7.5000    0.0000   37.5000 2718.6470   14.5123
    0.0000    0.0000   37.5000 2742.2058   14.2605
    7.5000    0.0000   37.5000 2720.0530   14.4820
   -7.5000    7.5000   37.5000 2638.6807   15.2558
    0.0000    7.5000   37.5000 2662.7366   14.9973
    7.5000    7.5000   37.5000 2638.1299   15.2201
   -7.5000   15.0000   37.5000 2541.4197   16.2145
    0.0000   15.0000   37.5000 2562.8704   15.9600
    7.5000   15.0000   37.5000 2537.3828   16.1798
   -7.5000   22.5000   37.5000 2415.7632   17.4609
    0.0000   22.5000   37.5000 2431.4790   17.2602
    7.5000   22.5000   37.5000 2414.8435   17.4884
   -7.5000   30.0000   37.5000 2272.2898   19.2036
    0.0000   30.0000   37.5000 2291.1995   18.9684
    7.5000   30.0000   37.5000 2273.9204   19.1868
   -7.5000  -60.0000   45.0000 2120.8796   21.4512
    0.0000  -60.0000   45.0000 2142.1909   21.2889
    7.5000  -60.0000   45.0000 2117.2400   21.7351
   -7.5000  -52.5000   45.0000 2232.8708   19.1371
    0.0000  -52.5000   45.0000 2252.4800   18.9301
    7.5000  -52.5000   45.0000 2223.3159   19.2916
   -7.5000  -45.0000   45.0000 2365.0054   17.5941
    0.0000  -45.0000   45.0000 2384.2598   17.3295
    7.5000  -45.0000   45.0000 2349.4568   17.6770
   -7.5000  -37.5000   45.0000 2470.7456   16.3218
    0.0000  -37.5000   45.0000 2497.4302   16.0815
    7.5000  -37.5000   45.0000 2463.4839   16.4024
   -7.5000  -30.0000   45.0000 2570.4751   15.3682
    0.0000  -30.0000   45.0000 2598.5598   15.1610
    7.5000  -30.0000   45.0000 2562.8105   15.4704
   -7.5000  -22.5000   45.0000 2638.2935   14.8417
    0.0000  -22.5000   45.0000 2667.1406   14.6203
    7.5000  -22.5000   45.0000 2636.1299   14.8880
   -7.5000  -15.0000   45.0000 2667.5581   14.5995
    0.0000  -15.0000   45.0000 2692.5132   14.3791
    7.5000  -15.0000   45.0000 2664.3320   14.6261
   -7.5000   -7.5000   45.0000 2645.8984   14.7785
    0.0000   -7.5000   45.0000 2671.7993   14.5374
    7.5000   -7.5000   45.0000 2653.5950   14.7947
   -7.5000    0.0000   45.0000 2599.0378   15.2743
    0.0000    0.0000   45.0000 2624.5903   15.0333
    7.5000    0.0000   45.0000 2610.7212   15.2750
   -7.5000    7.5000   45.0000 2532.5913   15.9770
    0.0000    7.5000   45.0000 2556.3735   15.7086
    7.5000    7.5000   45.0000 2535.4204   15.9630
   -7.5000   15.0000   45.0000 2444.3828   16.9608
    0.0000   15.0000   45.0000 2462.2590   16.6701
    7.5000   15.0000   45.0000 2440.2798   16.9036
   -7.5000   22.5000   45.0000 2332.1128   18.1729
    0.0000   22.5000   45.0000 2343.4290   17.9626
    7.5000   22.5000   45.0000 2332.6035   18.1700
   -7.5000   30.0000   45.0000 2197.9441   19.8412
    0.0000   30.0000   45.0000 2215.1804   19.6257
    7.5000   30.0000   45.0000 2203.6196   19.8408
   -7.5000  -60.0000   52.5000 2026.5175   22.5871
    0.0000  -60.0000   52.5000 2040.9933   22.4470
    7.5000  -60.0000   52.5000 2021.0870   22.8418
   -7.5000  -52.5000   52.5000 2131.2935   20.1350
    0.0000  -52.5000   52.5000 2152.1340   19.9673
    7.5000  -52.5000   52.5000 2126.3328   20.3399
   -7.5000  -45.0000   52.5000 2261.6792   18.5749
    0.0000  -45.0000   52.5000 2281.1406   18.3227
    7.5000  -45.0000   52.5000 2248.2192   18.6975
   -7.5000  -37.5000   52.5000 2362.3069   17.2674
    0.0000  -37.5000   52.5000 2389.6448   17.0269
    7.5000  -37.5000   52.5000 2353.9282   17.3599
   -7.5000  -30.0000   52.5000 2448.1448   16.3106
    0.0000  -30.0000   52.5000 2474.8396   16.0984
    7.5000  -30.0000   52.5000 2440.7490   16.3992
   -7.5000  -22.5000   52.5000 2504.3594   15.7090
    0.0000  -22.5000   52.5000 2532.8357   15.5126
    7.5000  -22.5000   52.5000 2500.1179   15.7980
   -7.5000  -15.0000   52.5000 2534.5137   15.4214
    0.0000  -15.0000   52.5000 2556.3645   15.2534
    7.5000  -15.0000   52.5000 2528.9099   15.4863
   -7.5000   -7.5000   52.5000 2518.2324   15.5900
    0.0000   -7.5000   52.5000 2538.1528   15.3844
    7.5000   -7.5000   52.5000 2521.8372   15.6087
   -7.5000    0.0000   52.5000 2466.6404   16.0539
    0.0000    0.0000   52.5000 2488.5432   15.8387
    7.5000    0.0000   52.5000 2475.9690   16.0762
   -7.5000    7.5000   52.5000 2405.9619   16.7106
    0.0000    7.5000   52.5000 2426.7632   16.4769
    7.5000    7.5000   52.5000 2415.1404   16.7275
   -7.5000   15.0000   52.5000 2331.2427   17.5903
    0.0000   15.0000   52.5000 2354.9790   17.3314
    7.5000   15.0000   52.5000 2333.8481   17.5880
   -7.5000   22.5000   52.5000 2230.5125   18.7774
    0.0000   22.5000   52.5000 2248.8325   18.5561
    7.5000   22.5000   52.5000 2228.7991   18.8036
   -7.5000   30.0000   52.5000 2099.4863   20.4920
    0.0000   30.0000   52.5000 2120.0854   20.2846
    7.5000   30.0000   52.5000 2106.8977   20.4710
   -7.5000  -60.0000   60.0000 1959.3848   24.3959
    0.0000  -60.0000   60.0000 1966.2781   24.2416
    7.5000  -60.0000   60.0000 1940.6587   24.7244
   -7.5000  -52.5000   60.0000 2064.6167   21.8135
    0.0000  -52.5000   60.0000 2078.0017   21.6256
    7.5000  -52.5000   60.0000 2047.6357   21.9950
   -7.5000  -45.0000   60.0000 2184.1309   20.1539
    0.0000  -45.0000   60.0000 2205.3318   19.9713
    7.5000  -45.0000   60.0000 2168.4551   20.2563
   -7.5000  -37.5000   60.0000 2282.4810   18.7469
    0.0000  -37.5000   60.0000 2310.3982   18.5707
    7.5000  -37.5000   60.0000 2273.2505   18.8977
   -7.5000  -30.0000   60.0000 2358.9412   17.7194
    0.0000  -30.0000   60.0000 2385.7344   17.5580
    7.5000  -30.0000   60.0000 2356.3374   17.8510
   -7.5000  -22.5000   60.0000 2407.4832   17.0640
    0.0000  -22.5000   60.0000 2433.2080   16.8959
    7.5000  -22.5000   60.0000 2404.3484   17.1572
   -7.5000  -15.0000   60.0000 2429.0781   16.7443
    0.0000  -15.0000   60.0000 2452.5864   16.6154
    7.5000  -15.0000   60.0000 2424.9268   16.8086
   -7.5000   -7.5000   60.0000 2416.2603   16.8606
    0.0000   -7.5000   60.0000 2436.1501   16.7125
    7.5000   -7.5000   60.0000 2417.7847   16.9106
   -7.5000    0.0000   60.0000 2371.3342   17.3111
    0.0000    0.0000   60.0000 2391.3694   17.1351
    7.5000    0.0000   60.0000 2376.5132   17.3639
   -7.5000    7.5000   60.0000 2315.9834   17.9674
    0.0000    7.5000   60.0000 2336.4187   17.7840
    7.5000    7.5000   60.0000 2324.6030   18.0109
   -7.5000   15.0000   60.0000 2247.0684   18.7855
    0.0000   15.0000   60.0000 2271.4075   18.5667
    7.5000   15.0000   60.0000 2252.7842   18.8232
   -7.5000   22.5000   60.0000 2152.8440   19.9867
    0.0000   22.5000   60.0000 2178.1001   19.7261
    7.5000   22.5000   60.0000 2158.5383   19.9724
   -7.5000   30.0000   60.0000 2030.0999   21.6844
    0.0000   30.0000   60.0000 2052.5481   21.5032
    7.5000   30.0000   60.0000 2036.3656   21.6202

---------------------------------------------------------------------
imgreg_4dfp /opt/freesurfer/average/711-2C_as_mni_average_305 /opt/freesurfer/average/711-2B_as_mni_average_305_mask talsrcimg_g11 none talsrcimg_to_711-2C_as_mni_average_305_t4 1283
---------------------------------------------------------------------

freesurfer imgreg_4dfp.c
/opt/freesurfer/average/711-2C_as_mni_average_305.4dfp.img
       256       256       256         1
  1.000000  1.000000  1.000000
orientation T byte_order littleendian
Reading image: /opt/freesurfer/average/711-2C_as_mni_average_305.4dfp.img
dimensions:      256       256       256
mmppix:       1.0000   -1.0000   -1.0000
center:     128.0000 -129.0000 -129.0000
/opt/freesurfer/average/711-2B_as_mni_average_305_mask.4dfp.img
       256       256       256         1
  1.000000  1.000000  1.000000
orientation T byte_order littleendian
Reading mask: /opt/freesurfer/average/711-2B_as_mni_average_305_mask.4dfp.img (2306576 pixels)
talsrcimg_g11.4dfp.img
       256       256       256         1
  0.898438  0.898438  0.898438
orientation T byte_order littleendian
Reading image: talsrcimg_g11.4dfp.img
dimensions:      256       256       256
mmppix:       0.8984   -0.8984   -0.8984
center:     115.0001 -115.8985 -115.8985
rotation matrix determinant  1.000000
fimgreg.f
image alignment mode   1283 decimal      503 hex
parameters
    0.0000  -15.0000   15.0000    0.0000    0.0000    0.0000
eta,q 0.93752 12.54167
niter,ni,del,rscale     5    3   12.0000    1.2000
parameter  2 -0.502072 -> -0.500000 qaram    1.1500
parameter  4  1.496490 ->  0.500000 qaram    1.1500
parameters
   -0.3231  -11.5500   14.7627   -3.4500   -0.9644   -1.7387
eta,q 0.94711 12.51180
  0.0699  0.0787  0.0635  0.0522  0.0580  0.0557
  0.0662  0.0718  0.0603  0.0533  0.0551  0.0538
  0.0628  0.0656  0.0587  0.0559  0.0534  0.0530
  0.0607  0.0608  0.0587  0.0586  0.0538  0.0533
  0.0624  0.0587  0.0595  0.0612  0.0550  0.0553
  0.0660  0.0590  0.0608  0.0649  0.0579  0.0578
  0.0737  0.0614  0.0643  0.0706  0.0619  0.0607
niter,ni,del,rscale     6    3   12.0000    1.2000
parameter  4  1.550551 ->  0.500000 qaram    1.3225
parameters
   -0.4277  -11.6324   13.7382   -7.4175   -0.5792   -2.4888
eta,q 0.94985 12.45287
  0.0655  0.0671  0.0579  0.0488  0.0561  0.0531
  0.0581  0.0574  0.0548  0.0499  0.0529  0.0520
  0.0544  0.0524  0.0535  0.0509  0.0506  0.0507
  0.0529  0.0529  0.0528  0.0529  0.0501  0.0501
  0.0549  0.0567  0.0549  0.0565  0.0499  0.0509
  0.0594  0.0607  0.0583  0.0587  0.0513  0.0526
  0.0657  0.0645  0.0625  0.0621  0.0550  0.0560
niter,ni,del,rscale     6    3   12.0000    1.2000
parameter  4  2.908973 ->  0.500000 qaram    1.5209
parameters
   -0.4660   -9.5819   12.6530  -11.9801   -0.3246   -2.7619
eta,q 0.95725 12.54189
  0.0614  0.0653  0.0530  0.0418  0.0522  0.0481
  0.0545  0.0568  0.0505  0.0420  0.0486  0.0453
  0.0515  0.0528  0.0493  0.0453  0.0448  0.0436
  0.0501  0.0502  0.0492  0.0491  0.0427  0.0427
  0.0514  0.0492  0.0503  0.0541  0.0435  0.0432
  0.0553  0.0498  0.0528  0.0586  0.0467  0.0460
  0.0613  0.0537  0.0586  0.0605  0.0516  0.0495
niter,ni,del,rscale     6    3   12.0000    1.2000
parameters
   -0.6012   -7.4805   11.5767  -16.1832   -0.0797   -2.9274
eta,q 0.96376 12.58195
  0.0602  0.0640  0.0488  0.0424  0.0480  0.0437
  0.0499  0.0550  0.0431  0.0373  0.0424  0.0396
  0.0441  0.0480  0.0402  0.0365  0.0382  0.0371
  0.0428  0.0427  0.0410  0.0402  0.0363  0.0362
  0.0463  0.0410  0.0439  0.0463  0.0370  0.0369
  0.0529  0.0431  0.0495  0.0546  0.0408  0.0404
  0.0598  0.0487  0.0565  0.0613  0.0467  0.0446
niter,ni,del,rscale     5    3   12.0000    1.2000
parameters
   -0.7281   -6.4728   10.7011  -16.4663   -0.1078   -2.6989
eta,q 0.96495 12.58254
  0.0570  0.0621  0.0469  0.0519  0.0460  0.0439
  0.0457  0.0512  0.0398  0.0433  0.0406  0.0396
  0.0381  0.0415  0.0358  0.0366  0.0365  0.0364
  0.0362  0.0362  0.0357  0.0352  0.0351  0.0351
  0.0401  0.0367  0.0402  0.0384  0.0364  0.0357
  0.0484  0.0419  0.0467  0.0445  0.0405  0.0386
  0.0572  0.0516  0.0536  0.0540  0.0464  0.0428
niter,ni,del,rscale     4    3   12.0000    1.2000
parameters
   -0.7804   -6.3436   10.5799  -16.5824   -0.1752   -2.6203
eta,q 0.96502 12.57929
  0.0572  0.0579  0.0502  0.0523  0.0457  0.0435
  0.0453  0.0463  0.0423  0.0440  0.0404  0.0392
  0.0372  0.0378  0.0368  0.0368  0.0364  0.0361
  0.0350  0.0350  0.0350  0.0350  0.0350  0.0350
  0.0391  0.0379  0.0378  0.0379  0.0364  0.0358
  0.0474  0.0452  0.0439  0.0439  0.0405  0.0389
  0.0564  0.0560  0.0506  0.0534  0.0465  0.0431
niter,ni,del,rscale     3    3   12.0000    1.2000
parameters
   -0.7760   -6.3046   10.5412  -16.6253   -0.2146   -2.5991
eta,q 0.96502 12.57807
  0.0576  0.0575  0.0505  0.0525  0.0458  0.0433
  0.0456  0.0458  0.0426  0.0442  0.0405  0.0390
  0.0373  0.0374  0.0369  0.0369  0.0365  0.0360
  0.0350  0.0350  0.0350  0.0350  0.0350  0.0350
  0.0389  0.0382  0.0376  0.0377  0.0363  0.0359
  0.0471  0.0457  0.0435  0.0437  0.0404  0.0390
  0.0560  0.0565  0.0503  0.0531  0.0463  0.0432
registration optimization eta report
parameter search radius
    6.0000    6.9000    6.0000    9.1253    6.0000    6.0000
100000*second partial in parameter space
       59.       46.       42.       21.       30.       23.
  0.0576  0.0575  0.0505  0.0525  0.0458  0.0433
  0.0456  0.0458  0.0426  0.0442  0.0405  0.0390
  0.0373  0.0374  0.0369  0.0369  0.0365  0.0360
  0.0350  0.0350  0.0350  0.0350  0.0350  0.0350
  0.0389  0.0382  0.0376  0.0377  0.0363  0.0359
  0.0471  0.0457  0.0435  0.0437  0.0404  0.0390
  0.0560  0.0565  0.0503  0.0531  0.0463  0.0432
   -0.7760   -6.3046   10.5412  -16.6253   -0.2146   -2.5991
eta,q 0.96502 12.57807

---------------------------------------------------------------------
imgreg_4dfp /opt/freesurfer/average/711-2C_as_mni_average_305 /opt/freesurfer/average/711-2B_as_mni_average_305_mask talsrcimg_g11 none talsrcimg_to_711-2C_as_mni_average_305_t4 3335
---------------------------------------------------------------------

freesurfer imgreg_4dfp.c
/opt/freesurfer/average/711-2C_as_mni_average_305.4dfp.img
       256       256       256         1
  1.000000  1.000000  1.000000
orientation T byte_order littleendian
Reading image: /opt/freesurfer/average/711-2C_as_mni_average_305.4dfp.img
dimensions:      256       256       256
mmppix:       1.0000   -1.0000   -1.0000
center:     128.0000 -129.0000 -129.0000
/opt/freesurfer/average/711-2B_as_mni_average_305_mask.4dfp.img
       256       256       256         1
  1.000000  1.000000  1.000000
orientation T byte_order littleendian
Reading mask: /opt/freesurfer/average/711-2B_as_mni_average_305_mask.4dfp.img (2306576 pixels)
talsrcimg_g11.4dfp.img
       256       256       256         1
  0.898438  0.898438  0.898438
orientation T byte_order littleendian
Reading image: talsrcimg_g11.4dfp.img
dimensions:      256       256       256
mmppix:       0.8984   -0.8984   -0.8984
center:     115.0001 -115.8985 -115.8985
fimgreg.f
image alignment mode   3335 decimal      D07 hex
parameters
   -0.7760   -6.3046   10.5412   -0.1036   -4.2741   -4.1811
    4.2381    1.6560   -4.5347   28.5655   -0.3746  -28.6110
eta,q 0.96472 12.61845
niter,ni,del,rscale     5    3    5.0000    1.2000
parameter  4  0.615564 ->  0.500000 qaram    1.1500
parameter  5  1.246967 ->  0.500000 qaram    1.1500
parameter 11  0.575453 ->  0.500000 qaram    1.1500
parameters
   -0.8164   -6.0655   10.3824   -4.2436   -8.4141   -7.0795
    5.7954    1.0738   -2.4144   25.9220   -4.5146  -26.3715
eta,q 0.97026 11.94272
  0.0394  0.0388  0.0375  0.0343  0.0301  0.0317  0.0348  0.0343  0.0343  0.0314  0.0301  0.0329
  0.0370  0.0371  0.0361  0.0342  0.0309  0.0312  0.0331  0.0323  0.0327  0.0304  0.0299  0.0315
  0.0356  0.0358  0.0354  0.0344  0.0322  0.0310  0.0318  0.0312  0.0316  0.0302  0.0300  0.0305
  0.0353  0.0353  0.0352  0.0352  0.0342  0.0312  0.0310  0.0309  0.0309  0.0306  0.0302  0.0299
  0.0359  0.0354  0.0357  0.0370  0.0372  0.0324  0.0309  0.0314  0.0306  0.0316  0.0307  0.0297
  0.0373  0.0362  0.0367  0.0400  0.0406  0.0352  0.0314  0.0331  0.0309  0.0333  0.0314  0.0300
  0.0395  0.0377  0.0382  0.0436  0.0443  0.0391  0.0326  0.0359  0.0318  0.0356  0.0324  0.0306
niter,ni,del,rscale     7    3    5.0000    1.2000
parameter  5  0.678246 ->  0.500000 qaram    1.3225
parameters
   -0.8614   -6.2812   10.4322   -6.7749  -13.1751   -9.4044
    5.1071    1.1889   -2.2834   25.0758   -3.8459  -26.5820
eta,q 0.97232 11.29635
  0.0334  0.0322  0.0318  0.0305  0.0283  0.0287  0.0303  0.0325  0.0304  0.0303  0.0293  0.0294
  0.0314  0.0307  0.0306  0.0297  0.0280  0.0279  0.0289  0.0302  0.0291  0.0286  0.0285  0.0285
  0.0301  0.0299  0.0299  0.0295  0.0284  0.0278  0.0280  0.0286  0.0281  0.0278  0.0280  0.0279
  0.0297  0.0297  0.0297  0.0297  0.0295  0.0280  0.0278  0.0278  0.0278  0.0278  0.0277  0.0277
  0.0302  0.0303  0.0299  0.0303  0.0313  0.0286  0.0284  0.0283  0.0281  0.0285  0.0277  0.0279
  0.0315  0.0315  0.0306  0.0315  0.0339  0.0298  0.0297  0.0299  0.0289  0.0298  0.0282  0.0286
  0.0336  0.0333  0.0316  0.0338  0.0374  0.0322  0.0315  0.0324  0.0303  0.0314  0.0289  0.0297
niter,ni,del,rscale     7    3    5.0000    1.2000
parameters
   -1.0218   -6.2810   10.6300   -7.4731  -14.3762   -9.2593
    5.0031    1.0986   -2.3444   25.1791   -3.6304  -26.4916
eta,q 0.97249 11.18046
  0.0311  0.0308  0.0298  0.0298  0.0308  0.0301  0.0305  0.0321  0.0301  0.0310  0.0290  0.0294
  0.0291  0.0291  0.0287  0.0283  0.0288  0.0284  0.0290  0.0299  0.0287  0.0291  0.0282  0.0284
  0.0279  0.0280  0.0280  0.0276  0.0277  0.0275  0.0279  0.0282  0.0278  0.0279  0.0278  0.0277
  0.0277  0.0276  0.0276  0.0276  0.0276  0.0275  0.0275  0.0275  0.0275  0.0275  0.0275  0.0275
  0.0284  0.0280  0.0277  0.0282  0.0284  0.0278  0.0279  0.0281  0.0279  0.0280  0.0276  0.0277
  0.0299  0.0291  0.0282  0.0291  0.0303  0.0285  0.0290  0.0299  0.0288  0.0291  0.0281  0.0283
  0.0320  0.0308  0.0292  0.0304  0.0331  0.0297  0.0307  0.0325  0.0302  0.0306  0.0289  0.0293
niter,ni,del,rscale     6    3    5.0000    1.2000
parameters
   -1.0703   -6.2473   10.7142   -7.5080  -14.4655   -9.1698
    5.0056    1.0703   -2.3637   25.2198   -3.6002  -26.4356
eta,q 0.97248 11.17791
  0.0314  0.0308  0.0294  0.0302  0.0317  0.0301  0.0306  0.0322  0.0301  0.0309  0.0289  0.0294
  0.0292  0.0290  0.0284  0.0286  0.0295  0.0284  0.0290  0.0299  0.0288  0.0290  0.0282  0.0284
  0.0279  0.0279  0.0278  0.0277  0.0280  0.0275  0.0279  0.0282  0.0278  0.0278  0.0277  0.0277
  0.0275  0.0275  0.0275  0.0275  0.0275  0.0275  0.0275  0.0275  0.0275  0.0275  0.0275  0.0275
  0.0281  0.0279  0.0276  0.0280  0.0280  0.0278  0.0279  0.0281  0.0278  0.0280  0.0276  0.0277
  0.0295  0.0289  0.0282  0.0288  0.0295  0.0285  0.0290  0.0298  0.0287  0.0291  0.0282  0.0283
  0.0316  0.0305  0.0292  0.0300  0.0319  0.0298  0.0307  0.0324  0.0302  0.0307  0.0290  0.0293
niter,ni,del,rscale     5    3    5.0000    1.2000
parameters
   -1.0749   -6.2373   10.7347   -7.5055  -14.4737   -9.1469
    5.0045    1.0679   -2.3716   25.2269   -3.5988  -26.4252
eta,q 0.97249 11.17902
  0.0315  0.0307  0.0293  0.0302  0.0318  0.0300  0.0306  0.0322  0.0302  0.0309  0.0289  0.0293
  0.0293  0.0289  0.0283  0.0286  0.0295  0.0284  0.0290  0.0299  0.0288  0.0290  0.0282  0.0284
  0.0279  0.0279  0.0277  0.0277  0.0280  0.0275  0.0279  0.0282  0.0278  0.0278  0.0277  0.0277
  0.0275  0.0275  0.0275  0.0275  0.0275  0.0275  0.0275  0.0275  0.0275  0.0275  0.0275  0.0275
  0.0281  0.0279  0.0277  0.0280  0.0280  0.0278  0.0279  0.0281  0.0278  0.0280  0.0276  0.0277
  0.0294  0.0290  0.0283  0.0288  0.0295  0.0285  0.0290  0.0298  0.0288  0.0291  0.0282  0.0283
  0.0315  0.0306  0.0293  0.0300  0.0318  0.0298  0.0307  0.0324  0.0302  0.0307  0.0290  0.0293
registration optimization eta report
parameter search radius
    2.4000    2.4000    2.4000    8.2800    9.5220    7.2000
    7.2000    7.2000    7.2000    7.2000    8.2800    7.2000
100000*second partial in parameter space
       69.       54.       31.        4.        5.        5.
        6.        9.        5.        6.        2.        4.
  0.0315  0.0307  0.0293  0.0302  0.0318  0.0300  0.0306  0.0322  0.0302  0.0309  0.0289  0.0293
  0.0293  0.0289  0.0283  0.0286  0.0295  0.0284  0.0290  0.0299  0.0288  0.0290  0.0282  0.0284
  0.0279  0.0279  0.0277  0.0277  0.0280  0.0275  0.0279  0.0282  0.0278  0.0278  0.0277  0.0277
  0.0275  0.0275  0.0275  0.0275  0.0275  0.0275  0.0275  0.0275  0.0275  0.0275  0.0275  0.0275
  0.0281  0.0279  0.0277  0.0280  0.0280  0.0278  0.0279  0.0281  0.0278  0.0280  0.0276  0.0277
  0.0294  0.0290  0.0283  0.0288  0.0295  0.0285  0.0290  0.0298  0.0288  0.0291  0.0282  0.0283
  0.0315  0.0306  0.0293  0.0300  0.0318  0.0298  0.0307  0.0324  0.0302  0.0307  0.0290  0.0293
   -1.0749   -6.2373   10.7347   -7.5055  -14.4737   -9.1469
    5.0045    1.0679   -2.3716   25.2269   -3.5988  -26.4252
eta,q 0.97249 11.17902

---------------------------------------------------------------------
imgreg_4dfp /opt/freesurfer/average/711-2C_as_mni_average_305 /opt/freesurfer/average/711-2B_as_mni_average_305_mask talsrcimg_g11 none talsrcimg_to_711-2C_as_mni_average_305_t4 2311
---------------------------------------------------------------------

freesurfer imgreg_4dfp.c
/opt/freesurfer/average/711-2C_as_mni_average_305.4dfp.img
       256       256       256         1
  1.000000  1.000000  1.000000
orientation T byte_order littleendian
Reading image: /opt/freesurfer/average/711-2C_as_mni_average_305.4dfp.img
dimensions:      256       256       256
mmppix:       1.0000   -1.0000   -1.0000
center:     128.0000 -129.0000 -129.0000
/opt/freesurfer/average/711-2B_as_mni_average_305_mask.4dfp.img
       256       256       256         1
  1.000000  1.000000  1.000000
orientation T byte_order littleendian
Reading mask: /opt/freesurfer/average/711-2B_as_mni_average_305_mask.4dfp.img (2306576 pixels)
talsrcimg_g11.4dfp.img
       256       256       256         1
  0.898438  0.898438  0.898438
orientation T byte_order littleendian
Reading image: talsrcimg_g11.4dfp.img
dimensions:      256       256       256
mmppix:       0.8984   -0.8984   -0.8984
center:     115.0001 -115.8985 -115.8985
fimgreg.f
image alignment mode   2311 decimal      907 hex
parameters
   -1.0749   -6.2373   10.7347   -7.5055  -14.4737   -9.1469
    5.0045    1.0679   -2.3716   25.2269   -3.5988  -26.4252
eta,q 0.97249 11.17902
niter,ni,del,rscale     5    3    5.0000    0.8000
parameters
   -1.1070   -6.2586   10.7477   -7.9609  -14.3906   -9.5331
    5.0372    1.1396   -2.4102   24.8826   -3.4261  -26.2446
eta,q 0.97258 11.12157
  0.0293  0.0289  0.0283  0.0283  0.0287  0.0283  0.0289  0.0299  0.0287  0.0288  0.0280  0.0283
  0.0283  0.0281  0.0279  0.0278  0.0280  0.0276  0.0282  0.0286  0.0280  0.0280  0.0277  0.0278
  0.0277  0.0277  0.0276  0.0275  0.0276  0.0274  0.0276  0.0278  0.0276  0.0275  0.0275  0.0275
  0.0275  0.0275  0.0275  0.0275  0.0275  0.0275  0.0274  0.0274  0.0274  0.0274  0.0274  0.0274
  0.0278  0.0277  0.0276  0.0277  0.0276  0.0277  0.0276  0.0277  0.0276  0.0277  0.0274  0.0275
  0.0284  0.0282  0.0278  0.0281  0.0280  0.0280  0.0281  0.0285  0.0280  0.0283  0.0276  0.0277
  0.0294  0.0290  0.0283  0.0286  0.0286  0.0285  0.0289  0.0298  0.0287  0.0292  0.0279  0.0282
niter,ni,del,rscale     4    3    5.0000    0.7000
parameters
   -1.1136   -6.2788   10.7120   -8.1036  -14.3230   -9.8018
    5.0619    1.1199   -2.4638   24.7200   -3.3943  -26.2192
eta,q 0.97262 11.09747
  0.0289  0.0285  0.0280  0.0282  0.0283  0.0281  0.0285  0.0293  0.0283  0.0286  0.0278  0.0281
  0.0281  0.0279  0.0277  0.0277  0.0278  0.0276  0.0279  0.0283  0.0278  0.0279  0.0276  0.0277
  0.0276  0.0275  0.0275  0.0275  0.0275  0.0273  0.0275  0.0276  0.0275  0.0275  0.0274  0.0274
  0.0274  0.0274  0.0274  0.0274  0.0274  0.0274  0.0274  0.0274  0.0274  0.0274  0.0274  0.0274
  0.0276  0.0276  0.0275  0.0276  0.0275  0.0276  0.0275  0.0276  0.0275  0.0276  0.0274  0.0275
  0.0281  0.0279  0.0277  0.0278  0.0278  0.0278  0.0279  0.0283  0.0279  0.0280  0.0276  0.0277
  0.0289  0.0286  0.0281  0.0282  0.0283  0.0282  0.0285  0.0293  0.0284  0.0287  0.0278  0.0280
niter,ni,del,rscale     3    3    5.0000    0.6000
parameters
   -1.1211   -6.2917   10.6737   -8.2048  -14.2877  -10.0729
    5.0742    1.1038   -2.5017   24.5952   -3.3537  -26.2447
eta,q 0.97265 11.07606
  0.0285  0.0282  0.0278  0.0280  0.0280  0.0279  0.0282  0.0288  0.0281  0.0283  0.0277  0.0278
  0.0279  0.0277  0.0276  0.0276  0.0277  0.0275  0.0277  0.0280  0.0277  0.0277  0.0275  0.0276
  0.0275  0.0275  0.0274  0.0274  0.0275  0.0273  0.0275  0.0275  0.0274  0.0274  0.0274  0.0274
  0.0274  0.0274  0.0274  0.0274  0.0274  0.0274  0.0274  0.0273  0.0274  0.0274  0.0274  0.0274
  0.0275  0.0275  0.0274  0.0275  0.0274  0.0275  0.0274  0.0275  0.0274  0.0275  0.0274  0.0274
  0.0279  0.0278  0.0276  0.0277  0.0277  0.0277  0.0277  0.0280  0.0277  0.0278  0.0275  0.0276
  0.0285  0.0282  0.0279  0.0280  0.0280  0.0280  0.0282  0.0288  0.0281  0.0284  0.0277  0.0278
niter,ni,del,rscale     2    3    5.0000    0.5000
parameters
   -1.1251   -6.2995   10.6263   -8.2833  -14.2505  -10.3411
    5.0811    1.0926   -2.5296   24.4987   -3.3374  -26.2928
eta,q 0.97268 11.05760
  0.0281  0.0279  0.0277  0.0278  0.0278  0.0278  0.0279  0.0283  0.0278  0.0280  0.0275  0.0277
  0.0277  0.0276  0.0275  0.0275  0.0276  0.0274  0.0276  0.0278  0.0275  0.0276  0.0274  0.0275
  0.0274  0.0274  0.0274  0.0274  0.0274  0.0273  0.0274  0.0275  0.0274  0.0274  0.0274  0.0274
  0.0274  0.0274  0.0273  0.0274  0.0273  0.0273  0.0273  0.0273  0.0273  0.0273  0.0273  0.0273
  0.0274  0.0274  0.0274  0.0274  0.0274  0.0275  0.0274  0.0274  0.0274  0.0274  0.0273  0.0274
  0.0277  0.0276  0.0275  0.0276  0.0275  0.0276  0.0276  0.0278  0.0276  0.0277  0.0274  0.0275
  0.0281  0.0279  0.0277  0.0278  0.0278  0.0278  0.0279  0.0284  0.0278  0.0280  0.0276  0.0277
niter,ni,del,rscale     1    3    5.0000    0.4000
parameters
   -1.1322   -6.3034   10.5701   -8.3522  -14.2128  -10.6098
    5.0867    1.0781   -2.5562   24.4195   -3.3087  -26.3655
eta,q 0.97270 11.04081
  0.0278  0.0277  0.0275  0.0276  0.0276  0.0276  0.0277  0.0280  0.0276  0.0277  0.0275  0.0275
  0.0275  0.0275  0.0274  0.0274  0.0275  0.0274  0.0275  0.0276  0.0274  0.0275  0.0274  0.0274
  0.0274  0.0274  0.0273  0.0273  0.0274  0.0273  0.0274  0.0274  0.0273  0.0273  0.0273  0.0273
  0.0273  0.0273  0.0273  0.0273  0.0273  0.0273  0.0273  0.0273  0.0273  0.0273  0.0273  0.0273
  0.0274  0.0274  0.0274  0.0274  0.0273  0.0274  0.0274  0.0274  0.0273  0.0274  0.0273  0.0273
  0.0276  0.0275  0.0274  0.0275  0.0274  0.0275  0.0275  0.0276  0.0275  0.0275  0.0274  0.0274
  0.0278  0.0277  0.0276  0.0276  0.0276  0.0277  0.0277  0.0280  0.0276  0.0278  0.0275  0.0275
registration optimization eta report
parameter search radius
    0.8000    0.8000    0.8000    2.4000    2.4000    2.4000
    2.4000    2.4000    2.4000    2.4000    2.4000    2.4000
100000*second partial in parameter space
       76.       57.       34.        5.        5.        5.
        7.       11.        6.        8.        3.        4.
  0.0278  0.0277  0.0275  0.0276  0.0276  0.0276  0.0277  0.0280  0.0276  0.0277  0.0275  0.0275
  0.0275  0.0275  0.0274  0.0274  0.0275  0.0274  0.0275  0.0276  0.0274  0.0275  0.0274  0.0274
  0.0274  0.0274  0.0273  0.0273  0.0274  0.0273  0.0274  0.0274  0.0273  0.0273  0.0273  0.0273
  0.0273  0.0273  0.0273  0.0273  0.0273  0.0273  0.0273  0.0273  0.0273  0.0273  0.0273  0.0273
  0.0274  0.0274  0.0274  0.0274  0.0273  0.0274  0.0274  0.0274  0.0273  0.0274  0.0273  0.0273
  0.0276  0.0275  0.0274  0.0275  0.0274  0.0275  0.0275  0.0276  0.0275  0.0275  0.0274  0.0274
  0.0278  0.0277  0.0276  0.0276  0.0276  0.0277  0.0277  0.0280  0.0276  0.0278  0.0275  0.0275
   -1.1322   -6.3034   10.5701   -8.3522  -14.2128  -10.6098
    5.0867    1.0781   -2.5562   24.4195   -3.3087  -26.3655
eta,q 0.97270 11.04081

---------------------------------------------------------------------
imgreg_4dfp /opt/freesurfer/average/711-2C_as_mni_average_305 /opt/freesurfer/average/711-2B_as_mni_average_305_mask talsrcimg_g11 none talsrcimg_to_711-2C_as_mni_average_305_t4 2311
---------------------------------------------------------------------

freesurfer imgreg_4dfp.c
/opt/freesurfer/average/711-2C_as_mni_average_305.4dfp.img
       256       256       256         1
  1.000000  1.000000  1.000000
orientation T byte_order littleendian
Reading image: /opt/freesurfer/average/711-2C_as_mni_average_305.4dfp.img
dimensions:      256       256       256
mmppix:       1.0000   -1.0000   -1.0000
center:     128.0000 -129.0000 -129.0000
/opt/freesurfer/average/711-2B_as_mni_average_305_mask.4dfp.img
       256       256       256         1
  1.000000  1.000000  1.000000
orientation T byte_order littleendian
Reading mask: /opt/freesurfer/average/711-2B_as_mni_average_305_mask.4dfp.img (2306576 pixels)
talsrcimg_g11.4dfp.img
       256       256       256         1
  0.898438  0.898438  0.898438
orientation T byte_order littleendian
Reading image: talsrcimg_g11.4dfp.img
dimensions:      256       256       256
mmppix:       0.8984   -0.8984   -0.8984
center:     115.0001 -115.8985 -115.8985
fimgreg.f
image alignment mode   2311 decimal      907 hex
parameters
   -1.1322   -6.3034   10.5701   -8.3522  -14.2128  -10.6098
    5.0867    1.0781   -2.5562   24.4195   -3.3087  -26.3655
eta,q 0.97270 11.04081
niter,ni,del,rscale     5    3    5.0000    0.8000
parameters
   -1.1139   -6.2956   10.5007   -8.1514  -14.2135  -10.0565
    5.0625    1.0669   -2.4490   24.7145   -3.4537  -26.3851
eta,q 0.97264 11.08900
  0.0292  0.0288  0.0281  0.0284  0.0285  0.0290  0.0288  0.0298  0.0287  0.0293  0.0279  0.0282
  0.0282  0.0280  0.0277  0.0278  0.0278  0.0280  0.0280  0.0285  0.0280  0.0282  0.0276  0.0277
  0.0275  0.0275  0.0274  0.0274  0.0274  0.0274  0.0275  0.0277  0.0275  0.0276  0.0274  0.0274
  0.0273  0.0273  0.0273  0.0273  0.0273  0.0273  0.0274  0.0274  0.0273  0.0274  0.0274  0.0274
  0.0275  0.0275  0.0274  0.0274  0.0274  0.0275  0.0275  0.0276  0.0275  0.0275  0.0274  0.0275
  0.0281  0.0279  0.0278  0.0278  0.0278  0.0278  0.0280  0.0285  0.0279  0.0280  0.0276  0.0277
  0.0291  0.0287  0.0283  0.0282  0.0285  0.0282  0.0289  0.0298  0.0285  0.0288  0.0280  0.0282
niter,ni,del,rscale     4    3    5.0000    0.7000
parameters
   -1.1215   -6.2939   10.6044   -8.1564  -14.2735   -9.9619
    5.0641    1.0947   -2.4511   24.6976   -3.3930  -26.3003
eta,q 0.97264 11.08866
  0.0288  0.0285  0.0281  0.0282  0.0282  0.0283  0.0285  0.0293  0.0283  0.0287  0.0278  0.0281
  0.0280  0.0279  0.0277  0.0277  0.0277  0.0277  0.0279  0.0283  0.0278  0.0279  0.0276  0.0277
  0.0275  0.0275  0.0275  0.0274  0.0274  0.0273  0.0275  0.0276  0.0275  0.0275  0.0274  0.0274
  0.0274  0.0274  0.0274  0.0274  0.0274  0.0273  0.0274  0.0274  0.0274  0.0274  0.0274  0.0274
  0.0276  0.0275  0.0274  0.0275  0.0275  0.0275  0.0275  0.0276  0.0275  0.0275  0.0274  0.0274
  0.0280  0.0279  0.0276  0.0278  0.0278  0.0278  0.0279  0.0282  0.0278  0.0280  0.0275  0.0276
  0.0288  0.0285  0.0279  0.0281  0.0283  0.0281  0.0285  0.0293  0.0283  0.0286  0.0278  0.0280
niter,ni,del,rscale     3    3    5.0000    0.6000
parameters
   -1.1249   -6.2956   10.6340   -8.2173  -14.2705  -10.1071
    5.0725    1.0930   -2.4867   24.6026   -3.3567  -26.2729
eta,q 0.97265 11.07482
  0.0284  0.0282  0.0279  0.0280  0.0280  0.0280  0.0282  0.0288  0.0281  0.0283  0.0277  0.0278
  0.0278  0.0277  0.0276  0.0276  0.0277  0.0275  0.0277  0.0280  0.0277  0.0277  0.0275  0.0276
  0.0275  0.0274  0.0274  0.0274  0.0274  0.0273  0.0275  0.0275  0.0274  0.0274  0.0274  0.0274
  0.0274  0.0274  0.0274  0.0274  0.0274  0.0274  0.0273  0.0273  0.0273  0.0273  0.0273  0.0273
  0.0275  0.0275  0.0274  0.0275  0.0274  0.0275  0.0274  0.0275  0.0274  0.0275  0.0274  0.0274
  0.0279  0.0277  0.0276  0.0277  0.0277  0.0277  0.0277  0.0280  0.0277  0.0278  0.0275  0.0276
  0.0284  0.0282  0.0278  0.0280  0.0280  0.0280  0.0282  0.0288  0.0281  0.0283  0.0277  0.0278
niter,ni,del,rscale     2    3    5.0000    0.5000
parameters
   -1.1275   -6.2996   10.6180   -8.2851  -14.2435  -10.3469
    5.0802    1.0896   -2.5218   24.4999   -3.3314  -26.3011
eta,q 0.97268 11.05773
  0.0281  0.0279  0.0277  0.0278  0.0278  0.0278  0.0279  0.0283  0.0278  0.0280  0.0275  0.0277
  0.0277  0.0276  0.0275  0.0275  0.0276  0.0274  0.0276  0.0278  0.0275  0.0276  0.0274  0.0275
  0.0274  0.0274  0.0274  0.0274  0.0274  0.0273  0.0274  0.0275  0.0274  0.0274  0.0274  0.0273
  0.0273  0.0273  0.0273  0.0273  0.0273  0.0273  0.0273  0.0273  0.0273  0.0273  0.0273  0.0273
  0.0274  0.0274  0.0274  0.0274  0.0274  0.0275  0.0274  0.0274  0.0274  0.0274  0.0273  0.0274
  0.0277  0.0276  0.0275  0.0276  0.0275  0.0276  0.0276  0.0278  0.0276  0.0277  0.0274  0.0275
  0.0281  0.0279  0.0277  0.0278  0.0278  0.0278  0.0279  0.0284  0.0278  0.0280  0.0276  0.0277
niter,ni,del,rscale     1    3    5.0000    0.4000
parameters
   -1.1330   -6.3024   10.5675   -8.3622  -14.2144  -10.6199
    5.0854    1.0802   -2.5557   24.4227   -3.3243  -26.3756
eta,q 0.97270 11.03982
  0.0278  0.0277  0.0275  0.0276  0.0276  0.0276  0.0277  0.0280  0.0276  0.0277  0.0275  0.0275
  0.0275  0.0275  0.0274  0.0274  0.0275  0.0274  0.0275  0.0276  0.0274  0.0275  0.0274  0.0274
  0.0274  0.0274  0.0273  0.0273  0.0274  0.0273  0.0274  0.0274  0.0273  0.0273  0.0273  0.0273
  0.0273  0.0273  0.0273  0.0273  0.0273  0.0273  0.0273  0.0273  0.0273  0.0273  0.0273  0.0273
  0.0274  0.0274  0.0274  0.0274  0.0273  0.0274  0.0273  0.0274  0.0273  0.0274  0.0273  0.0273
  0.0275  0.0275  0.0274  0.0275  0.0274  0.0275  0.0275  0.0276  0.0275  0.0275  0.0274  0.0274
  0.0278  0.0277  0.0276  0.0276  0.0276  0.0277  0.0277  0.0280  0.0276  0.0278  0.0275  0.0275
registration optimization eta report
parameter search radius
    0.8000    0.8000    0.8000    2.4000    2.4000    2.4000
    2.4000    2.4000    2.4000    2.4000    2.4000    2.4000
100000*second partial in parameter space
       76.       57.       35.        5.        5.        5.
        7.       12.        6.        8.        3.        4.
  0.0278  0.0277  0.0275  0.0276  0.0276  0.0276  0.0277  0.0280  0.0276  0.0277  0.0275  0.0275
  0.0275  0.0275  0.0274  0.0274  0.0275  0.0274  0.0275  0.0276  0.0274  0.0275  0.0274  0.0274
  0.0274  0.0274  0.0273  0.0273  0.0274  0.0273  0.0274  0.0274  0.0273  0.0273  0.0273  0.0273
  0.0273  0.0273  0.0273  0.0273  0.0273  0.0273  0.0273  0.0273  0.0273  0.0273  0.0273  0.0273
  0.0274  0.0274  0.0274  0.0274  0.0273  0.0274  0.0273  0.0274  0.0273  0.0274  0.0273  0.0273
  0.0275  0.0275  0.0274  0.0275  0.0274  0.0275  0.0275  0.0276  0.0275  0.0275  0.0274  0.0274
  0.0278  0.0277  0.0276  0.0276  0.0276  0.0277  0.0277  0.0280  0.0276  0.0278  0.0275  0.0275
   -1.1330   -6.3024   10.5675   -8.3622  -14.2144  -10.6199
    5.0854    1.0802   -2.5557   24.4227   -3.3243  -26.3756
eta,q 0.97270 11.03982

---------------------------------------------------------------------
compute_vox2vox talsrcimg talsrcimg_to_711-2C_as_mni_average_305_t4 /opt/freesurfer/average/711-2C_as_mni_average_305
---------------------------------------------------------------------

freesurfer compute_vox2vox.c
Reading: talsrcimg.4dfp.ifh
Reading: talsrcimg_to_711-2C_as_mni_average_305_t4
Reading: /opt/freesurfer/average/711-2C_as_mni_average_305.4dfp.ifh
Writing: talsrcimg_to_711-2C_as_mni_average_305_t4_vox2vox.txt

start time Wed Mar 11 04:38:38 CET 2026
end		time Wed Mar 11 04:40:05 CET 2026

mpr2mni305 success

avi2talxfm orig_nu.mgz /opt/freesurfer/average/mni305.cor.mgz talsrcimg_to_711-2C_as_mni_average_305_t4_vox2vox.txt transforms/talairach.auto.xfm
avi2talxfm done
mv -f /out/sourcedata/freesurfer/sub-v2s13x29124_ses-1/mri/talsrcimg_to_711-2C_as_mni_average_305_t4_vox2vox.txt /out/sourcedata/freesurfer/sub-v2s13x29124_ses-1/mri/transforms/talsrcimg_to_711-2C_as_mni_average_305_t4_vox2vox.txt
lta_convert --src orig_nu.mgz --trg /opt/freesurfer/average/mni305.cor.mgz --inxfm transforms/talairach.auto.xfm --outlta transforms/talairach.auto.xfm.lta --subject fsaverage
7.3.2

--src: orig_nu.mgz src image (geometry).
--trg: /opt/freesurfer/average/mni305.cor.mgz trg image (geometry).
--inmni: transforms/talairach.auto.xfm input MNI/XFM transform.
--outlta: transforms/talairach.auto.xfm.lta output LTA.
--s: fsaverage subject name
 LTA read, type : 1
 1.08963   0.00413  -0.06332   2.98764;
 0.04622   1.03228   0.31464  -16.05765;
 0.01930  -0.29376   1.07423  -11.16843;
 0.00000   0.00000   0.00000   1.00000;
setting subject to fsaverage
Writing  LTA to file transforms/talairach.auto.xfm.lta...
lta_convert successful.
 
 
Started at Wed Mar 11 04:38:37 CET 2026
Ended   at Wed Mar 11 04:40:05 CET 2026
talairach_avi done
