status file for recon-all
Wed Mar 11 06:42:29 CET 2026
#@# Tessellate lh Wed Mar 11 06:42:29 CET 2026
#@# Smooth1 lh Wed Mar 11 06:42:34 CET 2026
#@# Inflation1 lh Wed Mar 11 06:42:37 CET 2026
#@# QSphere lh Wed Mar 11 06:44:05 CET 2026
#@# Fix Topology lh Wed Mar 11 06:45:30 CET 2026
#@# Smooth2 lh Wed Mar 11 06:53:17 CET 2026
#@# Inflation2 lh Wed Mar 11 06:53:21 CET 2026
#@# Curv .H and .K lh Wed Mar 11 06:53:50 CET 2026
#@# Sphere lh Wed Mar 11 06:54:52 CET 2026
#@# Surf Reg lh Wed Mar 11 06:59:09 CET 2026
#@# Jacobian white lh Wed Mar 11 07:05:09 CET 2026
#@# AvgCurv lh Wed Mar 11 07:05:10 CET 2026
#@# Cortical Parc lh Wed Mar 11 07:05:12 CET 2026
#@# white curv lh Wed Mar 11 07:13:40 CET 2026
#@# white area lh Wed Mar 11 07:13:43 CET 2026
#@# pial curv lh Wed Mar 11 07:13:45 CET 2026
#@# pial area lh Wed Mar 11 07:13:47 CET 2026
#@# thickness lh Wed Mar 11 07:13:48 CET 2026
#@# area and vertex vol lh Wed Mar 11 07:14:28 CET 2026
#@# Curvature Stats lh Wed Mar 11 07:14:30 CET 2026
#@# Cortical Parc 2 lh Wed Mar 11 07:14:33 CET 2026
#@# Cortical Parc 3 lh Wed Mar 11 07:14:50 CET 2026
#@# WM/GM Contrast lh Wed Mar 11 07:15:04 CET 2026
recon-all -s sub-v2s13x29126_ses-1 finished without error at Wed Mar 11 07:15:10 CET 2026



#New# invocation of recon-all 



status file for recon-all
Wed Mar 11 07:58:45 CET 2026
#@# white curv lh Wed Mar 11 07:58:45 CET 2026
#@# white area lh Wed Mar 11 07:58:45 CET 2026
#@# pial curv lh Wed Mar 11 07:58:45 CET 2026
#@# pial area lh Wed Mar 11 07:58:45 CET 2026
#@# thickness lh Wed Mar 11 07:58:45 CET 2026
#@# area and vertex vol lh Wed Mar 11 07:58:45 CET 2026
#@# Parcellation Stats lh Wed Mar 11 07:58:45 CET 2026
#@# Parcellation Stats 2 lh Wed Mar 11 07:59:14 CET 2026
#@# Parcellation Stats 3 lh Wed Mar 11 07:59:30 CET 2026
#@# BA_exvivo Labels lh Wed Mar 11 07:59:44 CET 2026
recon-all -s sub-v2s13x29126_ses-1 finished without error at Wed Mar 11 08:03:08 CET 2026
