status file for recon-all
Wed Mar 11 04:39:48 CET 2026
#@# MotionCor Wed Mar 11 04:39:50 CET 2026
#@# Talairach Wed Mar 11 04:40:01 CET 2026
#@# Talairach Failure Detection Wed Mar 11 04:44:28 CET 2026
#@# Nu Intensity Correction Wed Mar 11 04:44:28 CET 2026
#@# Intensity Normalization Wed Mar 11 04:47:45 CET 2026
recon-all -s sub-v2s13x29126_ses-1 finished without error at Wed Mar 11 04:49:16 CET 2026



#New# invocation of recon-all 



status file for recon-all
Wed Mar 11 04:57:02 CET 2026
#@# EM Registration Wed Mar 11 04:57:02 CET 2026
recon-all -s sub-v2s13x29126_ses-1 finished without error at Wed Mar 11 04:58:46 CET 2026



#New# invocation of recon-all 



status file for recon-all
Wed Mar 11 04:58:50 CET 2026
#@# CA Normalize Wed Mar 11 04:58:50 CET 2026
#@# CA Reg Wed Mar 11 05:00:10 CET 2026
#@# SubCort Seg Wed Mar 11 05:58:09 CET 2026
#@# CC Seg Wed Mar 11 06:36:16 CET 2026
#@# Merge ASeg Wed Mar 11 06:36:51 CET 2026
#@# Intensity Normalization2 Wed Mar 11 06:36:51 CET 2026
#@# Mask BFS Wed Mar 11 06:39:07 CET 2026
#@# WM Segmentation Wed Mar 11 06:39:08 CET 2026
#@# Fill Wed Mar 11 06:41:22 CET 2026
recon-all -s sub-v2s13x29126_ses-1 finished without error at Wed Mar 11 06:42:24 CET 2026



#New# invocation of recon-all 



status file for recon-all
Wed Mar 11 07:51:04 CET 2026
#@# white curv lh Wed Mar 11 07:51:04 CET 2026
#@# white area lh Wed Mar 11 07:51:04 CET 2026
#@# pial curv lh Wed Mar 11 07:51:05 CET 2026
#@# pial area lh Wed Mar 11 07:51:05 CET 2026
#@# thickness lh Wed Mar 11 07:51:05 CET 2026
#@# area and vertex vol lh Wed Mar 11 07:51:05 CET 2026
#@# white curv rh Wed Mar 11 07:51:05 CET 2026
#@# white area rh Wed Mar 11 07:51:05 CET 2026
#@# pial curv rh Wed Mar 11 07:51:05 CET 2026
#@# pial area rh Wed Mar 11 07:51:05 CET 2026
#@# thickness rh Wed Mar 11 07:51:05 CET 2026
#@# area and vertex vol rh Wed Mar 11 07:51:05 CET 2026
#@# Cortical ribbon mask Wed Mar 11 07:51:05 CET 2026
recon-all -s sub-v2s13x29126_ses-1 finished without error at Wed Mar 11 07:58:41 CET 2026



#New# invocation of recon-all 



status file for recon-all
Wed Mar 11 08:07:41 CET 2026
#@# white curv lh Wed Mar 11 08:07:41 CET 2026
#@# white area lh Wed Mar 11 08:07:41 CET 2026
#@# pial curv lh Wed Mar 11 08:07:41 CET 2026
#@# pial area lh Wed Mar 11 08:07:41 CET 2026
#@# thickness lh Wed Mar 11 08:07:41 CET 2026
#@# area and vertex vol lh Wed Mar 11 08:07:41 CET 2026
#@# white curv rh Wed Mar 11 08:07:41 CET 2026
#@# white area rh Wed Mar 11 08:07:41 CET 2026
#@# pial curv rh Wed Mar 11 08:07:41 CET 2026
#@# pial area rh Wed Mar 11 08:07:41 CET 2026
#@# thickness rh Wed Mar 11 08:07:41 CET 2026
#@# area and vertex vol rh Wed Mar 11 08:07:41 CET 2026
#@# Curvature Stats lh Wed Mar 11 08:07:41 CET 2026
#@# Curvature Stats rh Wed Mar 11 08:07:45 CET 2026
#@# Relabel Hypointensities Wed Mar 11 08:07:48 CET 2026
#@# APas-to-ASeg Wed Mar 11 08:08:09 CET 2026
#@# AParc-to-ASeg aparc Wed Mar 11 08:08:20 CET 2026
#@# AParc-to-ASeg aparc.a2009s Wed Mar 11 08:09:37 CET 2026
#@# AParc-to-ASeg aparc.DKTatlas Wed Mar 11 08:10:57 CET 2026
#@# WMParc Wed Mar 11 08:12:13 CET 2026
#@# ASeg Stats Wed Mar 11 08:16:35 CET 2026
recon-all -s sub-v2s13x29126_ses-1 finished without error at Wed Mar 11 08:17:19 CET 2026
