status file for recon-all
Wed Mar 11 07:15:13 CET 2026
#@# Tessellate rh Wed Mar 11 07:15:13 CET 2026
#@# Smooth1 rh Wed Mar 11 07:15:17 CET 2026
#@# Inflation1 rh Wed Mar 11 07:15:22 CET 2026
#@# QSphere rh Wed Mar 11 07:16:43 CET 2026
#@# Fix Topology rh Wed Mar 11 07:18:22 CET 2026
#@# Smooth2 rh Wed Mar 11 07:26:13 CET 2026
#@# Inflation2 rh Wed Mar 11 07:26:17 CET 2026
#@# Curv .H and .K rh Wed Mar 11 07:26:51 CET 2026
#@# Sphere rh Wed Mar 11 07:27:56 CET 2026
#@# Surf Reg rh Wed Mar 11 07:33:26 CET 2026
#@# Jacobian white rh Wed Mar 11 07:40:59 CET 2026
#@# AvgCurv rh Wed Mar 11 07:41:01 CET 2026
#@# Cortical Parc rh Wed Mar 11 07:41:02 CET 2026
#@# white curv rh Wed Mar 11 07:49:30 CET 2026
#@# white area rh Wed Mar 11 07:49:33 CET 2026
#@# pial curv rh Wed Mar 11 07:49:34 CET 2026
#@# pial area rh Wed Mar 11 07:49:36 CET 2026
#@# thickness rh Wed Mar 11 07:49:37 CET 2026
#@# area and vertex vol rh Wed Mar 11 07:50:17 CET 2026
#@# Curvature Stats rh Wed Mar 11 07:50:19 CET 2026
#@# Cortical Parc 2 rh Wed Mar 11 07:50:22 CET 2026
#@# Cortical Parc 3 rh Wed Mar 11 07:50:40 CET 2026
#@# WM/GM Contrast rh Wed Mar 11 07:50:53 CET 2026
recon-all -s sub-v2s13x29126_ses-1 finished without error at Wed Mar 11 07:50:59 CET 2026



#New# invocation of recon-all 



status file for recon-all
Wed Mar 11 08:03:11 CET 2026
#@# white curv rh Wed Mar 11 08:03:11 CET 2026
#@# white area rh Wed Mar 11 08:03:11 CET 2026
#@# pial curv rh Wed Mar 11 08:03:11 CET 2026
#@# pial area rh Wed Mar 11 08:03:11 CET 2026
#@# thickness rh Wed Mar 11 08:03:11 CET 2026
#@# area and vertex vol rh Wed Mar 11 08:03:11 CET 2026
#@# Parcellation Stats rh Wed Mar 11 08:03:11 CET 2026
#@# Parcellation Stats 2 rh Wed Mar 11 08:03:43 CET 2026
#@# Parcellation Stats 3 rh Wed Mar 11 08:03:58 CET 2026
#@# BA_exvivo Labels rh Wed Mar 11 08:04:13 CET 2026
recon-all -s sub-v2s13x29126_ses-1 finished without error at Wed Mar 11 08:07:38 CET 2026
