/out/sourcedata/freesurfer/sub-v2s13x29098_ses-1/mri
/opt/freesurfer/bin/talairach_avi
--i orig_nu.mgz --xfm transforms/talairach.auto.xfm
talairach_avi 7.3.2
Linux dna038 5.14.0-427.37.1.el9_4.x86_64 #1 SMP PREEMPT_DYNAMIC Fri Sep 13 12:41:50 EDT 2024 x86_64 x86_64 x86_64 GNU/Linux
Wed Mar 11 03:08:30 CET 2026
mri_convert orig_nu.mgz talsrcimg.img 
reading from orig_nu.mgz...
TR=0.00, TE=0.00, TI=0.00, flip angle=0.00
i_ras = (-1, 6.54204e-11, 4.04923e-12)
j_ras = (2.42954e-11, -4.14641e-09, -1)
k_ras = (-6.47877e-11, 1, 2.07321e-09)
writing to talsrcimg.img...
Analyze Output Matrix
-0.89844   0.00000  -0.00000   120.26488;
 0.00000  -0.00000   0.89844  -117.85669;
 0.00000  -0.89844   0.00000   150.73119;
 0.00000   0.00000   0.00000   1.00000;
--------------------
INFO: set hdr.hist.orient to -1
mpr2mni305 talsrcimg
Wed Mar 11 03:08:30 CET 2026
/opt/freesurfer/bin/mpr2mni305 talsrcimg
mpr2mni305 7.3.2
target=711-2C_as_mni_average_305

---------------------------------------------------------------------
analyzeto4dfp talsrcimg -O0 -y
---------------------------------------------------------------------

freesurfer ifh2hdr.c
Wed Mar 11 03:08:31 2026
Writing: talsrcimg.4dfp.hdr
freesurfer analyzeto4dfp.c
Reading: talsrcimg.hdr
header size 348 bytes
hdr.dime.datatype	offset=70	value=2
hdr.dime.bitpix		offset=72	value=8
hdr.hist.orient		offset=252	value=-1
dimensionality     4
dimensions       256       256       256         1
Reading: talsrcimg.img
Writing: talsrcimg.4dfp.img
Writing: talsrcimg.4dfp.ifh
ifh2hdr talsrcimg -r0to241
ori=2

---------------------------------------------------------------------
gauss_4dfp talsrcimg 1.1
---------------------------------------------------------------------

freesurfer gauss_4dfp.c
Reading: talsrcimg.4dfp.img
Writing: talsrcimg_g11.4dfp.img
image dimensions 256 256 256 padded to 288 288 288
processing volume 1freesurfer ifh2hdr.c
Wed Mar 11 03:08:32 2026
Writing: talsrcimg_g11.4dfp.hdr

Writing: talsrcimg_g11.4dfp.ifh
including: talsrcimg.4dfp.img.rec in talsrcimg_g11.4dfp.img.rec

---------------------------------------------------------------------
imgreg_4dfp /opt/freesurfer/average/711-2C_as_mni_average_305 none talsrcimg_g11 none talsrcimg_to_711-2C_as_mni_average_305_t4 4355
---------------------------------------------------------------------

freesurfer imgreg_4dfp.c
/opt/freesurfer/average/711-2C_as_mni_average_305.4dfp.img
       256       256       256         1
  1.000000  1.000000  1.000000
orientation T byte_order littleendian
Reading image: /opt/freesurfer/average/711-2C_as_mni_average_305.4dfp.img
dimensions:      256       256       256
mmppix:       1.0000   -1.0000   -1.0000
center:     128.0000 -129.0000 -129.0000
talsrcimg_g11.4dfp.img
       256       256       256         1
  0.898437  0.898437  0.898437
orientation T byte_order littleendian
Reading image: talsrcimg_g11.4dfp.img
dimensions:      256       256       256
mmppix:       0.8984   -0.8984   -0.8984
center:     114.9999 -115.8984 -115.8984
t4_read: open error in t4_sub.f l:  41 t4_file(1:l)talsrcimg_to_711-2C_as_mni_average_305_t4 
t4_read: transform initialized to I4
rotation matrix determinant  1.000000
image alignment mode   4355 decimal     1103 hex
   -7.5000  -45.0000  -45.0000 5665.2866   16.5281
    0.0000  -45.0000  -45.0000 5701.9961   16.5384
    7.5000  -45.0000  -45.0000 5443.1074   16.5520
   -7.5000  -37.5000  -45.0000 6135.8413   17.5057
    0.0000  -37.5000  -45.0000 6185.0386   17.5152
    7.5000  -37.5000  -45.0000 5900.9521   17.5327
   -7.5000  -30.0000  -45.0000 6577.7134   17.9435
    0.0000  -30.0000  -45.0000 6653.2559   17.9542
    7.5000  -30.0000  -45.0000 6345.0513   17.9710
   -7.5000  -22.5000  -45.0000 7085.3828   17.8703
    0.0000  -22.5000  -45.0000 7174.8740   17.8828
    7.5000  -22.5000  -45.0000 6836.2271   17.8955
   -7.5000  -15.0000  -45.0000 7525.8242   17.9168
    0.0000  -15.0000  -45.0000 7632.0161   17.9306
    7.5000  -15.0000  -45.0000 7283.0640   17.9401
   -7.5000   -7.5000  -45.0000 7624.9082   18.0375
    0.0000   -7.5000  -45.0000 7732.2842   18.0511
    7.5000   -7.5000  -45.0000 7382.9673   18.0619
   -7.5000    0.0000  -45.0000 7678.6631   18.1111
    0.0000    0.0000  -45.0000 7790.9775   18.1224
    7.5000    0.0000  -45.0000 7436.2729   18.1372
   -7.5000    7.5000  -45.0000 7441.7900   18.0576
    0.0000    7.5000  -45.0000 7525.8516   18.0674
    7.5000    7.5000  -45.0000 7200.8940   18.0854
   -7.5000   15.0000  -45.0000 7445.5576   17.9435
    0.0000   15.0000  -45.0000 7521.0098   17.9542
    7.5000   15.0000  -45.0000 7192.4736   17.9710
   -7.5000   22.5000  -45.0000 6856.5410   17.6299
    0.0000   22.5000  -45.0000 6920.4102   17.6423
    7.5000   22.5000  -45.0000 6582.6621   17.6548
   -7.5000   30.0000  -45.0000 6310.7168   17.2044
    0.0000   30.0000  -45.0000 6360.4214   17.2176
    7.5000   30.0000  -45.0000 6041.5444   17.2267
   -7.5000   37.5000  -45.0000 5760.3047   16.7625
    0.0000   37.5000  -45.0000 5825.6440   16.7751
    7.5000   37.5000  -45.0000 5534.1123   16.7852
   -7.5000   45.0000  -45.0000 5236.1001   16.3202
    0.0000   45.0000  -45.0000 5289.5200   16.3315
    7.5000   45.0000  -45.0000 5042.5752   16.3478
   -7.5000  -45.0000  -37.5000 6195.1172   17.2618
    0.0000  -45.0000  -37.5000 6262.5825   17.2779
    7.5000  -45.0000  -37.5000 5963.4365   17.2939
   -7.5000  -37.5000  -37.5000 6701.5049   18.2922
    0.0000  -37.5000  -37.5000 6786.2363   18.3079
    7.5000  -37.5000  -37.5000 6464.5605   18.3277
   -7.5000  -30.0000  -37.5000 7202.2891   18.7105
    0.0000  -30.0000  -37.5000 7308.1353   18.7254
    7.5000  -30.0000  -37.5000 6957.9634   18.7463
   -7.5000  -22.5000  -37.5000 7742.4976   18.6262
    0.0000  -22.5000  -37.5000 7839.9785   18.6410
    7.5000  -22.5000  -37.5000 7477.2705   18.6595
   -7.5000  -15.0000  -37.5000 8197.9150   18.6725
    0.0000  -15.0000  -37.5000 8328.0684   18.6887
    7.5000  -15.0000  -37.5000 7925.6196   18.7047
   -7.5000   -7.5000  -37.5000 8276.0273   18.8050
    0.0000   -7.5000  -37.5000 8398.5078   18.8229
    7.5000   -7.5000  -37.5000 7992.6343   18.8386
   -7.5000    0.0000  -37.5000 8319.9551   18.8912
    0.0000    0.0000  -37.5000 8444.4199   18.9088
    7.5000    0.0000  -37.5000 8044.9043   18.9263
   -7.5000    7.5000  -37.5000 8076.2041   18.8356
    0.0000    7.5000  -37.5000 8182.3730   18.8518
    7.5000    7.5000  -37.5000 7807.4976   18.8722
   -7.5000   15.0000  -37.5000 8066.1699   18.7096
    0.0000   15.0000  -37.5000 8160.0356   18.7246
    7.5000   15.0000  -37.5000 7766.3970   18.7454
   -7.5000   22.5000  -37.5000 7415.0132   18.3772
    0.0000   22.5000  -37.5000 7494.3208   18.3917
    7.5000   22.5000  -37.5000 7108.8984   18.4100
   -7.5000   30.0000  -37.5000 6787.3691   17.9428
    0.0000   30.0000  -37.5000 6867.4497   17.9583
    7.5000   30.0000  -37.5000 6506.4180   17.9737
   -7.5000   37.5000  -37.5000 6180.3286   17.4900
    0.0000   37.5000  -37.5000 6275.6006   17.5066
    7.5000   37.5000  -37.5000 5945.0933   17.5213
   -7.5000   45.0000  -37.5000 5613.9136   17.0244
    0.0000   45.0000  -37.5000 5680.9858   17.0414
    7.5000   45.0000  -37.5000 5405.2441   17.0595
   -7.5000  -45.0000  -30.0000 6768.6914   18.0090
    0.0000  -45.0000  -30.0000 6862.3911   18.0226
    7.5000  -45.0000  -30.0000 6536.4795   18.0324
   -7.5000  -37.5000  -30.0000 7298.7319   19.0924
    0.0000  -37.5000  -30.0000 7415.2979   19.1113
    7.5000  -37.5000  -30.0000 7058.6211   19.1248
   -7.5000  -30.0000  -30.0000 7842.3940   19.4963
    0.0000  -30.0000  -30.0000 7956.8730   19.5182
    7.5000  -30.0000  -30.0000 7566.8555   19.5356
   -7.5000  -22.5000  -30.0000 8396.9336   19.4024
    0.0000  -22.5000  -30.0000 8539.6436   19.4225
    7.5000  -22.5000  -30.0000 8110.6353   19.4403
   -7.5000  -15.0000  -30.0000 8894.6309   19.4482
    0.0000  -15.0000  -30.0000 9058.9453   19.4642
    7.5000  -15.0000  -30.0000 8615.4346   19.4795
   -7.5000   -7.5000  -30.0000 8962.9717   19.5914
    0.0000   -7.5000  -30.0000 9124.5605   19.6048
    7.5000   -7.5000  -30.0000 8691.0439   19.6170
   -7.5000    0.0000  -30.0000 8996.4531   19.6886
    0.0000    0.0000  -30.0000 9148.0371   19.7035
    7.5000    0.0000  -30.0000 8705.5596   19.7142
   -7.5000    7.5000  -30.0000 8727.4639   19.6299
    0.0000    7.5000  -30.0000 8872.0508   19.6493
    7.5000    7.5000  -30.0000 8439.9990   19.6632
   -7.5000   15.0000  -30.0000 8692.8330   19.4936
    0.0000   15.0000  -30.0000 8815.2148   19.5155
    7.5000   15.0000  -30.0000 8364.1562   19.5329
   -7.5000   22.5000  -30.0000 7971.3105   19.1438
    0.0000   22.5000  -30.0000 8082.5718   19.1637
    7.5000   22.5000  -30.0000 7650.2437   19.1812
   -7.5000   30.0000  -30.0000 7287.4712   18.7018
    0.0000   30.0000  -30.0000 7376.1948   18.7171
    7.5000   30.0000  -30.0000 6982.5781   18.7318
   -7.5000   37.5000  -30.0000 6627.1426   18.2489
    0.0000   37.5000  -30.0000 6732.2739   18.2614
    7.5000   37.5000  -30.0000 6355.2881   18.2727
   -7.5000   45.0000  -30.0000 5990.2842   17.7722
    0.0000   45.0000  -30.0000 6071.1821   17.7864
    7.5000   45.0000  -30.0000 5755.4663   17.7975
   -7.5000  -45.0000  -22.5000 7321.7749   18.6896
    0.0000  -45.0000  -22.5000 7440.1777   18.6940
    7.5000  -45.0000  -22.5000 7086.5171   18.6980
   -7.5000  -37.5000  -22.5000 7885.5645   19.8231
    0.0000  -37.5000  -22.5000 8017.1680   19.8365
    7.5000  -37.5000  -22.5000 7628.8799   19.8433
   -7.5000  -30.0000  -22.5000 8452.3789   20.2232
    0.0000  -30.0000  -22.5000 8588.0254   20.2459
    7.5000  -30.0000  -22.5000 8164.3555   20.2574
   -7.5000  -22.5000  -22.5000 9055.5762   20.1324
    0.0000  -22.5000  -22.5000 9214.1152   20.1559
    7.5000  -22.5000  -22.5000 8746.1982   20.1691
   -7.5000  -15.0000  -22.5000 9616.0059   20.1824
    0.0000  -15.0000  -22.5000 9785.9824   20.1974
    7.5000  -15.0000  -22.5000 9320.8408   20.2085
   -7.5000   -7.5000  -22.5000 9685.2256   20.3268
    0.0000   -7.5000  -22.5000 9881.7793   20.3328
    7.5000   -7.5000  -22.5000 9401.4668   20.3399
   -7.5000    0.0000  -22.5000 9703.1064   20.4210
    0.0000    0.0000  -22.5000 9894.8428   20.4258
    7.5000    0.0000  -22.5000 9394.2578   20.4302
   -7.5000    7.5000  -22.5000 9367.2354   20.3558
    0.0000    7.5000  -22.5000 9548.1611   20.3695
    7.5000    7.5000  -22.5000 9074.6924   20.3766
   -7.5000   15.0000  -22.5000 9285.5059   20.2184
    0.0000   15.0000  -22.5000 9458.5537   20.2410
    7.5000   15.0000  -22.5000 8940.7676   20.2525
   -7.5000   22.5000  -22.5000 8516.2959   19.8660
    0.0000   22.5000  -22.5000 8652.1758   19.8892
    7.5000   22.5000  -22.5000 8186.4805   19.9022
   -7.5000   30.0000  -22.5000 7785.2310   19.4221
    0.0000   30.0000  -22.5000 7896.4487   19.4365
    7.5000   30.0000  -22.5000 7472.0337   19.4472
   -7.5000   37.5000  -22.5000 7071.7539   18.9627
    0.0000   37.5000  -22.5000 7163.2290   18.9683
    7.5000   37.5000  -22.5000 6780.8228   18.9749
   -7.5000   45.0000  -22.5000 6363.8691   18.4764
    0.0000   45.0000  -22.5000 6439.9072   18.4813
    7.5000   45.0000  -22.5000 6110.8867   18.4862
   -7.5000  -45.0000  -15.0000 7872.7510   19.3202
    0.0000  -45.0000  -15.0000 7995.3652   19.3190
    7.5000  -45.0000  -15.0000 7619.9375   19.3228
   -7.5000  -37.5000  -15.0000 8452.9385   20.4890
    0.0000  -37.5000  -15.0000 8593.6240   20.4955
    7.5000  -37.5000  -15.0000 8188.2139   20.5030
   -7.5000  -30.0000  -15.0000 9059.3125   20.8953
    0.0000  -30.0000  -15.0000 9210.7139   20.9126
    7.5000  -30.0000  -15.0000 8766.1729   20.9223
   -7.5000  -22.5000  -15.0000 9707.7705   20.8144
    0.0000  -22.5000  -15.0000 9872.4053   20.8355
    7.5000  -22.5000  -15.0000 9396.6221   20.8438
   -7.5000  -15.0000  -15.000010316.2178   20.8693
    0.0000  -15.0000  -15.000010481.2959   20.8824
    7.5000  -15.0000  -15.0000 9984.0693   20.8873
   -7.5000   -7.5000  -15.000010386.1074   21.0069
    0.0000   -7.5000  -15.000010589.8389   21.0094
    7.5000   -7.5000  -15.000010073.1572   21.0127
   -7.5000    0.0000  -15.000010426.0566   21.0893
    0.0000    0.0000  -15.000010623.5781   21.0881
    7.5000    0.0000  -15.000010102.6113   21.0922
   -7.5000    7.5000  -15.000010055.6230   21.0192
    0.0000    7.5000  -15.000010254.3379   21.0259
    7.5000    7.5000  -15.0000 9738.3428   21.0335
   -7.5000   15.0000  -15.0000 9922.5439   20.8888
    0.0000   15.0000  -15.000010101.5830   20.9062
    7.5000   15.0000  -15.0000 9550.0811   20.9159
   -7.5000   22.5000  -15.0000 9068.6562   20.5422
    0.0000   22.5000  -15.0000 9224.6357   20.5630
    7.5000   22.5000  -15.0000 8731.7705   20.5712
   -7.5000   30.0000  -15.0000 8286.0566   20.0982
    0.0000   30.0000  -15.0000 8413.0127   20.1108
    7.5000   30.0000  -15.0000 7963.4175   20.1155
   -7.5000   37.5000  -15.0000 7517.8755   19.6272
    0.0000   37.5000  -15.0000 7599.1323   19.6295
    7.5000   37.5000  -15.0000 7202.8174   19.6326
   -7.5000   45.0000  -15.0000 6752.9536   19.1241
    0.0000   45.0000  -15.0000 6815.4561   19.1237
    7.5000   45.0000  -15.0000 6451.4893   19.1291
   -7.5000  -45.0000   -7.5000 8180.4600   19.3117
    0.0000  -45.0000   -7.5000 8305.6172   19.3151
    7.5000  -45.0000   -7.5000 7924.5034   19.3253
   -7.5000  -37.5000   -7.5000 8765.7559   20.4825
    0.0000  -37.5000   -7.5000 8920.4736   20.4879
    7.5000  -37.5000   -7.5000 8512.1064   20.5021
   -7.5000  -30.0000   -7.5000 9390.8662   20.8957
    0.0000  -30.0000   -7.5000 9568.3809   20.9071
    7.5000  -30.0000   -7.5000 9120.7793   20.9202
   -7.5000  -22.5000   -7.500010065.3867   20.8192
    0.0000  -22.5000   -7.500010245.0947   20.8349
    7.5000  -22.5000   -7.5000 9764.4346   20.8431
   -7.5000  -15.0000   -7.500010677.1904   20.8728
    0.0000  -15.0000   -7.500010880.4863   20.8864
    7.5000  -15.0000   -7.500010363.8350   20.8907
   -7.5000   -7.5000   -7.500010755.3076   21.0037
    0.0000   -7.5000   -7.500010977.1172   21.0118
    7.5000   -7.5000   -7.500010452.0420   21.0179
   -7.5000    0.0000   -7.500010810.2656   21.0800
    0.0000    0.0000   -7.500011022.4961   21.0837
    7.5000    0.0000   -7.500010511.8418   21.0948
   -7.5000    7.5000   -7.500010415.4414   21.0126
    0.0000    7.5000   -7.500010618.7305   21.0181
    7.5000    7.5000   -7.500010121.3955   21.0326
   -7.5000   15.0000   -7.500010221.5244   20.8892
    0.0000   15.0000   -7.500010396.3643   20.9007
    7.5000   15.0000   -7.5000 9864.4512   20.9137
   -7.5000   22.5000   -7.5000 9334.0879   20.5469
    0.0000   22.5000   -7.5000 9510.9209   20.5624
    7.5000   22.5000   -7.5000 9014.5537   20.5705
   -7.5000   30.0000   -7.5000 8524.3057   20.1015
    0.0000   30.0000   -7.5000 8663.3174   20.1146
    7.5000   30.0000   -7.5000 8214.8096   20.1188
   -7.5000   37.5000   -7.5000 7731.3452   19.6242
    0.0000   37.5000   -7.5000 7826.8662   19.6317
    7.5000   37.5000   -7.5000 7441.8657   19.6375
   -7.5000   45.0000   -7.5000 6926.9771   19.1137
    0.0000   45.0000   -7.5000 6990.2271   19.1182
    7.5000   45.0000   -7.5000 6639.6460   19.1310
   -7.5000  -45.0000    0.0000 8357.3799   19.8133
    0.0000  -45.0000    0.0000 8473.9082   19.8255
    7.5000  -45.0000    0.0000 8102.1094   19.8419
   -7.5000  -37.5000    0.0000 8927.3965   21.0092
    0.0000  -37.5000    0.0000 9071.5391   21.0187
    7.5000  -37.5000    0.0000 8674.0547   21.0393
   -7.5000  -30.0000    0.0000 9556.0527   21.4146
    0.0000  -30.0000    0.0000 9716.2168   21.4245
    7.5000  -30.0000    0.0000 9275.7158   21.4433
   -7.5000  -22.5000    0.000010288.7646   21.3283
    0.0000  -22.5000    0.000010440.1309   21.3413
    7.5000  -22.5000    0.0000 9961.6006   21.3550
   -7.5000  -15.0000    0.000010899.2422   21.3805
    0.0000  -15.0000    0.000011109.8799   21.3967
    7.5000  -15.0000    0.000010593.0098   21.4070
   -7.5000   -7.5000    0.000010938.1982   21.5197
    0.0000   -7.5000    0.000011186.5508   21.5365
    7.5000   -7.5000    0.000010669.2891   21.5492
   -7.5000    0.0000    0.000010974.7695   21.6061
    0.0000    0.0000    0.000011189.2686   21.6195
    7.5000    0.0000    0.000010709.6396   21.6373
   -7.5000    7.5000    0.000010556.6104   21.5387
    0.0000    7.5000    0.000010745.1084   21.5484
    7.5000    7.5000    0.000010286.6074   21.5695
   -7.5000   15.0000    0.000010306.7031   21.4071
    0.0000   15.0000    0.000010476.9248   21.4169
    7.5000   15.0000    0.0000 9978.7520   21.4357
   -7.5000   22.5000    0.0000 9424.4609   21.0522
    0.0000   22.5000    0.0000 9602.7441   21.0651
    7.5000   22.5000    0.0000 9125.0234   21.0786
   -7.5000   30.0000    0.0000 8623.5215   20.6029
    0.0000   30.0000    0.0000 8776.3887   20.6185
    7.5000   30.0000    0.0000 8334.8037   20.6285
   -7.5000   37.5000    0.0000 7820.7769   20.1304
    0.0000   37.5000    0.0000 7943.5732   20.1461
    7.5000   37.5000    0.0000 7559.1035   20.1579
   -7.5000   45.0000    0.0000 6999.6885   19.6296
    0.0000   45.0000    0.0000 7088.7871   19.6431
    7.5000   45.0000    0.0000 6749.8535   19.6627
   -7.5000  -45.0000    7.5000 8198.7900   19.8383
    0.0000  -45.0000    7.5000 8299.6045   19.8559
    7.5000  -45.0000    7.5000 7939.1812   19.8728
   -7.5000  -37.5000    7.5000 8724.1689   21.0357
    0.0000  -37.5000    7.5000 8834.9541   21.0529
    7.5000  -37.5000    7.5000 8456.1572   21.0744
   -7.5000  -30.0000    7.5000 9327.3105   21.4300
    0.0000  -30.0000    7.5000 9419.7568   21.4462
    7.5000  -30.0000    7.5000 9008.2598   21.4687
   -7.5000  -22.5000    7.500010084.1680   21.3322
    0.0000  -22.5000    7.500010194.1338   21.3480
    7.5000  -22.5000    7.5000 9703.4736   21.3676
   -7.5000  -15.0000    7.500010696.7373   21.3831
    0.0000  -15.0000    7.500010946.2891   21.4002
    7.5000  -15.0000    7.500010419.1953   21.4166
   -7.5000   -7.5000    7.500010743.8867   21.5338
    0.0000   -7.5000    7.500011026.1230   21.5528
    7.5000   -7.5000    7.500010552.5771   21.5690
   -7.5000    0.0000    7.500010722.3936   21.6336
    0.0000    0.0000    7.500010960.3955   21.6527
    7.5000    0.0000    7.500010537.0449   21.6711
   -7.5000    7.5000    7.500010288.9336   21.5658
    0.0000    7.5000    7.500010463.3633   21.5834
    7.5000    7.5000    7.500010048.7041   21.6055
   -7.5000   15.0000    7.5000 9988.0938   21.4224
    0.0000   15.0000    7.500010135.2354   21.4386
    7.5000   15.0000    7.5000 9680.1104   21.4612
   -7.5000   22.5000    7.5000 9143.5645   21.0562
    0.0000   22.5000    7.5000 9307.7666   21.0717
    7.5000   22.5000    7.5000 8847.0322   21.0911
   -7.5000   30.0000    7.5000 8367.7051   20.6054
    0.0000   30.0000    7.5000 8536.7090   20.6219
    7.5000   30.0000    7.5000 8099.9155   20.6377
   -7.5000   37.5000    7.5000 7602.9570   20.1436
    0.0000   37.5000    7.5000 7747.0210   20.1613
    7.5000   37.5000    7.5000 7347.4199   20.1765
   -7.5000   45.0000    7.5000 6822.2485   19.6579
    0.0000   45.0000    7.5000 6920.8955   19.6765
    7.5000   45.0000    7.5000 6589.3984   19.6959
   -7.5000  -45.0000   15.0000 8270.4883   19.8534
    0.0000  -45.0000   15.0000 8375.3447   19.8683
    7.5000  -45.0000   15.0000 7999.8188   19.8796
   -7.5000  -37.5000   15.0000 8787.0957   21.0506
    0.0000  -37.5000   15.0000 8869.8652   21.0713
    7.5000  -37.5000   15.0000 8476.6270   21.0866
   -7.5000  -30.0000   15.0000 9395.1484   21.4393
    0.0000  -30.0000   15.0000 9433.8496   21.4632
    7.5000  -30.0000   15.0000 9033.2451   21.4826
   -7.5000  -22.5000   15.000010121.6270   21.3364
    0.0000  -22.5000   15.000010219.6973   21.3584
    7.5000  -22.5000   15.0000 9785.6172   21.3782
   -7.5000  -15.0000   15.000010811.1504   21.3868
    0.0000  -15.0000   15.000011013.6035   21.4043
    7.5000  -15.0000   15.000010510.3760   21.4213
   -7.5000   -7.5000   15.000010948.4824   21.5437
    0.0000   -7.5000   15.000011215.3057   21.5585
    7.5000   -7.5000   15.000010697.4717   21.5722
   -7.5000    0.0000   15.000010937.7305   21.6501
    0.0000    0.0000   15.000011161.5811   21.6664
    7.5000    0.0000   15.000010676.6455   21.6787
   -7.5000    7.5000   15.000010445.7881   21.5810
    0.0000    7.5000   15.000010578.1729   21.6023
    7.5000    7.5000   15.000010133.8857   21.6180
   -7.5000   15.0000   15.000010036.1592   21.4317
    0.0000   15.0000   15.000010165.6436   21.4556
    7.5000   15.0000   15.0000 9686.3916   21.4750
   -7.5000   22.5000   15.0000 9170.4805   21.0603
    0.0000   22.5000   15.0000 9294.6504   21.0820
    7.5000   22.5000   15.0000 8829.2080   21.1015
   -7.5000   30.0000   15.0000 8413.2812   20.6090
    0.0000   30.0000   15.0000 8561.1582   20.6258
    7.5000   30.0000   15.0000 8115.5972   20.6422
   -7.5000   37.5000   15.0000 7643.9380   20.1528
    0.0000   37.5000   15.0000 7776.1714   20.1667
    7.5000   37.5000   15.0000 7372.4194   20.1794
   -7.5000   45.0000   15.0000 6843.7314   19.6751
    0.0000   45.0000   15.0000 6943.7407   19.6907
    7.5000   45.0000   15.0000 6599.7041   19.7034
   -7.5000  -45.0000   22.5000 7892.2715   19.9220
    0.0000  -45.0000   22.5000 7992.7905   19.9271
    7.5000  -45.0000   22.5000 7636.1919   19.9312
   -7.5000  -37.5000   22.5000 8406.6699   21.1206
    0.0000  -37.5000   22.5000 8468.0420   21.1353
    7.5000  -37.5000   22.5000 8090.3740   21.1423
   -7.5000  -30.0000   22.5000 9006.5010   21.5137
    0.0000  -30.0000   22.5000 9023.1504   21.5383
    7.5000  -30.0000   22.5000 8637.0527   21.5503
   -7.5000  -22.5000   22.5000 9696.7168   21.4167
    0.0000  -22.5000   22.5000 9742.3242   21.4423
    7.5000  -22.5000   22.5000 9329.8604   21.4563
   -7.5000  -15.0000   22.500010317.6777   21.4702
    0.0000  -15.0000   22.500010401.4707   21.4867
    7.5000  -15.0000   22.5000 9937.7578   21.4985
   -7.5000   -7.5000   22.500010472.9131   21.6243
    0.0000   -7.5000   22.500010586.5254   21.6312
    7.5000   -7.5000   22.500010062.1318   21.6386
   -7.5000    0.0000   22.500010511.5010   21.7249
    0.0000    0.0000   22.500010620.3291   21.7305
    7.5000    0.0000   22.500010100.9678   21.7348
   -7.5000    7.5000   22.500010019.1250   21.6529
    0.0000    7.5000   22.500010107.8584   21.6679
    7.5000    7.5000   22.5000 9623.9395   21.6751
   -7.5000   15.0000   22.5000 9583.7959   21.5061
    0.0000   15.0000   22.5000 9658.5518   21.5307
    7.5000   15.0000   22.5000 9189.1025   21.5426
   -7.5000   22.5000   22.5000 8746.6387   21.1395
    0.0000   22.5000   22.5000 8821.3906   21.1648
    7.5000   22.5000   22.5000 8378.0400   21.1786
   -7.5000   30.0000   22.5000 8041.9238   20.6893
    0.0000   30.0000   22.5000 8115.4019   20.7053
    7.5000   30.0000   22.5000 7709.9458   20.7166
   -7.5000   37.5000   22.5000 7301.9434   20.2282
    0.0000   37.5000   22.5000 7388.2090   20.2347
    7.5000   37.5000   22.5000 7000.1685   20.2416
   -7.5000   45.0000   22.5000 6502.4736   19.7425
    0.0000   45.0000   22.5000 6570.3130   19.7481
    7.5000   45.0000   22.5000 6240.9414   19.7530
   -7.5000  -45.0000   30.0000 7467.6719   19.9772
    0.0000  -45.0000   30.0000 7572.2739   19.9757
    7.5000  -45.0000   30.0000 7205.7734   19.9787
   -7.5000  -37.5000   30.0000 7971.2134   21.1856
    0.0000  -37.5000   30.0000 8041.3682   21.1919
    7.5000  -37.5000   30.0000 7651.7451   21.1986
   -7.5000  -30.0000   30.0000 8542.1934   21.5950
    0.0000  -30.0000   30.0000 8588.8125   21.6125
    7.5000  -30.0000   30.0000 8180.9751   21.6216
   -7.5000  -22.5000   30.0000 9175.5801   21.5117
    0.0000  -22.5000   30.0000 9230.4160   21.5331
    7.5000  -22.5000   30.0000 8795.6611   21.5408
   -7.5000  -15.0000   30.0000 9764.5088   21.5698
    0.0000  -15.0000   30.0000 9793.5771   21.5832
    7.5000  -15.0000   30.0000 9319.4873   21.5873
   -7.5000   -7.5000   30.0000 9855.7314   21.7133
    0.0000   -7.5000   30.0000 9882.1934   21.7157
    7.5000   -7.5000   30.0000 9396.1807   21.7180
   -7.5000    0.0000   30.0000 9887.5361   21.7981
    0.0000    0.0000   30.0000 9934.1025   21.7965
    7.5000    0.0000   30.0000 9448.0713   21.7998
   -7.5000    7.5000   30.0000 9471.5957   21.7232
    0.0000    7.5000   30.0000 9521.9443   21.7296
    7.5000    7.5000   30.0000 9059.6709   21.7365
   -7.5000   15.0000   30.0000 9065.7324   21.5873
    0.0000   15.0000   30.0000 9107.4785   21.6048
    7.5000   15.0000   30.0000 8645.3418   21.6139
   -7.5000   22.5000   30.0000 8262.5244   21.2314
    0.0000   22.5000   30.0000 8337.7217   21.2525
    7.5000   22.5000   30.0000 7890.1099   21.2601
   -7.5000   30.0000   30.0000 7597.9707   20.7948
    0.0000   30.0000   30.0000 7656.1465   20.8077
    7.5000   30.0000   30.0000 7245.1807   20.8117
   -7.5000   37.5000   30.0000 6877.2085   20.3305
    0.0000   37.5000   30.0000 6939.9731   20.3328
    7.5000   37.5000   30.0000 6559.3740   20.3350
   -7.5000   45.0000   30.0000 6110.6313   19.8342
    0.0000   45.0000   30.0000 6156.9277   19.8334
    7.5000   45.0000   30.0000 5829.3003   19.8381
   -7.5000  -45.0000   37.5000 7006.3237   19.9823
    0.0000  -45.0000   37.5000 7125.2949   19.9898
    7.5000  -45.0000   37.5000 6777.7773   20.0052
   -7.5000  -37.5000   37.5000 7477.5210   21.1951
    0.0000  -37.5000   37.5000 7575.7026   21.2040
    7.5000  -37.5000   37.5000 7209.7500   21.2233
   -7.5000  -30.0000   37.5000 8017.4868   21.5977
    0.0000  -30.0000   37.5000 8090.0830   21.6127
    7.5000  -30.0000   37.5000 7711.3501   21.6295
   -7.5000  -22.5000   37.5000 8596.8594   21.5206
    0.0000  -22.5000   37.5000 8666.7988   21.5405
    7.5000  -22.5000   37.5000 8242.6611   21.5512
   -7.5000  -15.0000   37.5000 9142.0654   21.5804
    0.0000  -15.0000   37.5000 9190.1240   21.5989
    7.5000  -15.0000   37.5000 8738.1875   21.6060
   -7.5000   -7.5000   37.5000 9232.2285   21.7183
    0.0000   -7.5000   37.5000 9248.6836   21.7316
    7.5000   -7.5000   37.5000 8802.2031   21.7420
   -7.5000    0.0000   37.5000 9257.5264   21.7951
    0.0000    0.0000   37.5000 9283.8408   21.8033
    7.5000    0.0000   37.5000 8844.6904   21.8200
   -7.5000    7.5000   37.5000 8883.9502   21.7195
    0.0000    7.5000   37.5000 8916.0205   21.7287
    7.5000    7.5000   37.5000 8502.0898   21.7484
   -7.5000   15.0000   37.5000 8512.3750   21.5898
    0.0000   15.0000   37.5000 8534.0498   21.6048
    7.5000   15.0000   37.5000 8128.4937   21.6217
   -7.5000   22.5000   37.5000 7796.0156   21.2365
    0.0000   22.5000   37.5000 7844.4355   21.2561
    7.5000   22.5000   37.5000 7436.9346   21.2667
   -7.5000   30.0000   37.5000 7163.3970   20.8049
    0.0000   30.0000   37.5000 7204.9517   20.8228
    7.5000   30.0000   37.5000 6822.9751   20.8296
   -7.5000   37.5000   37.5000 6474.4629   20.3355
    0.0000   37.5000   37.5000 6509.9556   20.3479
    7.5000   37.5000   37.5000 6153.5918   20.3577
   -7.5000   45.0000   37.5000 5723.5308   19.8262
    0.0000   45.0000   37.5000 5761.0610   19.8349
    7.5000   45.0000   37.5000 5448.4370   19.8531
   -7.5000  -45.0000   45.0000 6534.8188   20.0996
    0.0000  -45.0000   45.0000 6648.0825   20.1176
    7.5000  -45.0000   45.0000 6339.3755   20.1389
   -7.5000  -37.5000   45.0000 6960.5288   21.3208
    0.0000  -37.5000   45.0000 7065.1685   21.3359
    7.5000  -37.5000   45.0000 6739.8867   21.3622
   -7.5000  -30.0000   45.0000 7459.2856   21.6959
    0.0000  -30.0000   45.0000 7565.4961   21.7105
    7.5000  -30.0000   45.0000 7208.9175   21.7344
   -7.5000  -22.5000   45.0000 8003.3013   21.6087
    0.0000  -22.5000   45.0000 8102.1846   21.6261
    7.5000  -22.5000   45.0000 7698.4214   21.6432
   -7.5000  -15.0000   45.0000 8500.2158   21.6693
    0.0000  -15.0000   45.0000 8565.4229   21.6903
    7.5000  -15.0000   45.0000 8160.0493   21.7036
   -7.5000   -7.5000   45.0000 8581.3838   21.8171
    0.0000   -7.5000   45.0000 8611.4824   21.8398
    7.5000   -7.5000   45.0000 8209.9844   21.8564
   -7.5000    0.0000   45.0000 8600.9365   21.9039
    0.0000    0.0000   45.0000 8634.6875   21.9235
    7.5000    0.0000   45.0000 8227.6904   21.9467
   -7.5000    7.5000   45.0000 8267.8467   21.8274
    0.0000    7.5000   45.0000 8300.9160   21.8428
    7.5000    7.5000   45.0000 7919.7358   21.8697
   -7.5000   15.0000   45.0000 7914.7632   21.6878
    0.0000   15.0000   45.0000 7950.3179   21.7024
    7.5000   15.0000   45.0000 7568.1685   21.7263
   -7.5000   22.5000   45.0000 7266.9785   21.3206
    0.0000   22.5000   45.0000 7304.6064   21.3378
    7.5000   22.5000   45.0000 6939.9956   21.3546
   -7.5000   30.0000   45.0000 6671.1982   20.8885
    0.0000   30.0000   45.0000 6714.4761   20.9088
    7.5000   30.0000   45.0000 6359.2354   20.9216
   -7.5000   37.5000   45.0000 6031.4829   20.4226
    0.0000   37.5000   45.0000 6068.6924   20.4438
    7.5000   37.5000   45.0000 5747.1436   20.4594
   -7.5000   45.0000   45.0000 5331.1855   19.9097
    0.0000   45.0000   45.0000 5364.0176   19.9293
    7.5000   45.0000   45.0000 5095.4692   19.9541

---------------------------------------------------------------------
imgreg_4dfp /opt/freesurfer/average/711-2C_as_mni_average_305 /opt/freesurfer/average/711-2B_as_mni_average_305_mask talsrcimg_g11 none talsrcimg_to_711-2C_as_mni_average_305_t4 4355
---------------------------------------------------------------------

freesurfer imgreg_4dfp.c
/opt/freesurfer/average/711-2C_as_mni_average_305.4dfp.img
       256       256       256         1
  1.000000  1.000000  1.000000
orientation T byte_order littleendian
Reading image: /opt/freesurfer/average/711-2C_as_mni_average_305.4dfp.img
dimensions:      256       256       256
mmppix:       1.0000   -1.0000   -1.0000
center:     128.0000 -129.0000 -129.0000
/opt/freesurfer/average/711-2B_as_mni_average_305_mask.4dfp.img
       256       256       256         1
  1.000000  1.000000  1.000000
orientation T byte_order littleendian
Reading mask: /opt/freesurfer/average/711-2B_as_mni_average_305_mask.4dfp.img (2306576 pixels)
talsrcimg_g11.4dfp.img
       256       256       256         1
  0.898437  0.898437  0.898437
orientation T byte_order littleendian
Reading image: talsrcimg_g11.4dfp.img
dimensions:      256       256       256
mmppix:       0.8984   -0.8984   -0.8984
center:     114.9999 -115.8984 -115.8984
rotation matrix determinant  1.000000
image alignment mode   4355 decimal     1103 hex
   -7.5000  -52.5000  -30.0000 2047.3209   21.1664
    0.0000  -52.5000  -30.0000 2064.6948   21.0876
    7.5000  -52.5000  -30.0000 2046.7104   21.2853
   -7.5000  -45.0000  -30.0000 2166.7444   19.6599
    0.0000  -45.0000  -30.0000 2182.3923   19.6052
    7.5000  -45.0000  -30.0000 2167.9282   19.7256
   -7.5000  -37.5000  -30.0000 2259.8655   18.1228
    0.0000  -37.5000  -30.0000 2280.7869   18.1146
    7.5000  -37.5000  -30.0000 2265.0728   18.2253
   -7.5000  -30.0000  -30.0000 2323.0264   16.9784
    0.0000  -30.0000  -30.0000 2338.3271   16.9199
    7.5000  -30.0000  -30.0000 2323.5605   17.0221
   -7.5000  -22.5000  -30.0000 2353.9368   16.3022
    0.0000  -22.5000  -30.0000 2379.5769   16.1852
    7.5000  -22.5000  -30.0000 2361.5876   16.3095
   -7.5000  -15.0000  -30.0000 2364.9883   16.0853
    0.0000  -15.0000  -30.0000 2393.5254   15.9630
    7.5000  -15.0000  -30.0000 2369.4436   16.0227
   -7.5000   -7.5000  -30.0000 2360.4065   16.1848
    0.0000   -7.5000  -30.0000 2383.1687   16.0316
    7.5000   -7.5000  -30.0000 2363.3794   16.1265
   -7.5000    0.0000  -30.0000 2337.7058   16.5414
    0.0000    0.0000  -30.0000 2360.5974   16.3863
    7.5000    0.0000  -30.0000 2338.1919   16.5055
   -7.5000    7.5000  -30.0000 2303.7305   17.2594
    0.0000    7.5000  -30.0000 2331.5125   17.0647
    7.5000    7.5000  -30.0000 2307.1025   17.1914
   -7.5000   15.0000  -30.0000 2246.6057   18.2517
    0.0000   15.0000  -30.0000 2271.3564   18.0596
    7.5000   15.0000  -30.0000 2248.2212   18.2041
   -7.5000   22.5000  -30.0000 2166.8623   19.6594
    0.0000   22.5000  -30.0000 2192.3508   19.5039
    7.5000   22.5000  -30.0000 2166.3933   19.6379
   -7.5000   30.0000  -30.0000 2066.0190   21.5579
    0.0000   30.0000  -30.0000 2091.8201   21.3681
    7.5000   30.0000  -30.0000 2070.4814   21.4921
   -7.5000   37.5000  -30.0000 1928.9749   23.8198
    0.0000   37.5000  -30.0000 1956.9847   23.6317
    7.5000   37.5000  -30.0000 1929.9415   23.7769
   -7.5000  -52.5000  -22.5000 2160.2000   20.3538
    0.0000  -52.5000  -22.5000 2178.8643   20.2971
    7.5000  -52.5000  -22.5000 2160.8223   20.4247
   -7.5000  -45.0000  -22.5000 2283.5488   18.8123
    0.0000  -45.0000  -22.5000 2305.7214   18.7541
    7.5000  -45.0000  -22.5000 2287.4639   18.8692
   -7.5000  -37.5000  -22.5000 2384.6667   17.3511
    0.0000  -37.5000  -22.5000 2408.9343   17.2999
    7.5000  -37.5000  -22.5000 2389.4084   17.3761
   -7.5000  -30.0000  -22.5000 2450.9578   16.2301
    0.0000  -30.0000  -22.5000 2467.5188   16.1689
    7.5000  -30.0000  -22.5000 2451.2537   16.2383
   -7.5000  -22.5000  -22.5000 2494.8403   15.5575
    0.0000  -22.5000  -22.5000 2518.6077   15.4321
    7.5000  -22.5000  -22.5000 2495.3479   15.4919
   -7.5000  -15.0000  -22.5000 2517.8152   15.3233
    0.0000  -15.0000  -22.5000 2547.6416   15.1579
    7.5000  -15.0000  -22.5000 2523.6777   15.2573
   -7.5000   -7.5000  -22.5000 2519.4492   15.4108
    0.0000   -7.5000  -22.5000 2545.9326   15.2341
    7.5000   -7.5000  -22.5000 2523.4788   15.3206
   -7.5000    0.0000  -22.5000 2496.2524   15.7932
    0.0000    0.0000  -22.5000 2526.0129   15.5982
    7.5000    0.0000  -22.5000 2498.3403   15.6720
   -7.5000    7.5000  -22.5000 2453.7996   16.4967
    0.0000    7.5000  -22.5000 2489.1479   16.2980
    7.5000    7.5000  -22.5000 2462.5586   16.3960
   -7.5000   15.0000  -22.5000 2388.1685   17.4548
    0.0000   15.0000  -22.5000 2421.6536   17.3030
    7.5000   15.0000  -22.5000 2394.4966   17.3662
   -7.5000   22.5000  -22.5000 2298.8274   18.7888
    0.0000   22.5000  -22.5000 2326.9675   18.6374
    7.5000   22.5000  -22.5000 2304.2688   18.7465
   -7.5000   30.0000  -22.5000 2185.4009   20.5665
    0.0000   30.0000  -22.5000 2215.4861   20.4097
    7.5000   30.0000  -22.5000 2193.5242   20.5362
   -7.5000   37.5000  -22.5000 2041.8536   22.7895
    0.0000   37.5000  -22.5000 2068.6665   22.5984
    7.5000   37.5000  -22.5000 2043.7039   22.7427
   -7.5000  -52.5000  -15.0000 2242.9253   19.5073
    0.0000  -52.5000  -15.0000 2259.8408   19.3602
    7.5000  -52.5000  -15.0000 2245.4412   19.5113
   -7.5000  -45.0000  -15.0000 2368.6619   17.9461
    0.0000  -45.0000  -15.0000 2390.4053   17.8656
    7.5000  -45.0000  -15.0000 2371.2034   17.9444
   -7.5000  -37.5000  -15.0000 2475.3940   16.4720
    0.0000  -37.5000  -15.0000 2499.4636   16.3849
    7.5000  -37.5000  -15.0000 2478.3989   16.4608
   -7.5000  -30.0000  -15.0000 2548.3870   15.3537
    0.0000  -30.0000  -15.0000 2572.9094   15.2865
    7.5000  -30.0000  -15.0000 2550.6760   15.3509
   -7.5000  -22.5000  -15.0000 2603.1919   14.7012
    0.0000  -22.5000  -15.0000 2626.7798   14.5961
    7.5000  -22.5000  -15.0000 2607.2483   14.6635
   -7.5000  -15.0000  -15.0000 2640.4094   14.4584
    0.0000  -15.0000  -15.0000 2668.5667   14.2994
    7.5000  -15.0000  -15.0000 2644.2085   14.3674
   -7.5000   -7.5000  -15.0000 2649.4458   14.5198
    0.0000   -7.5000  -15.0000 2679.1118   14.3560
    7.5000   -7.5000  -15.0000 2652.5161   14.4030
   -7.5000    0.0000  -15.0000 2630.8193   14.9169
    0.0000    0.0000  -15.0000 2665.3008   14.7130
    7.5000    0.0000  -15.0000 2637.0215   14.7803
   -7.5000    7.5000  -15.0000 2584.6033   15.6356
    0.0000    7.5000  -15.0000 2623.4490   15.4175
    7.5000    7.5000  -15.0000 2596.3540   15.4849
   -7.5000   15.0000  -15.0000 2511.5525   16.5995
    0.0000   15.0000  -15.0000 2546.6479   16.4133
    7.5000   15.0000  -15.0000 2519.4268   16.4859
   -7.5000   22.5000  -15.0000 2408.3435   17.8710
    0.0000   22.5000  -15.0000 2435.6084   17.6854
    7.5000   22.5000  -15.0000 2414.0432   17.7782
   -7.5000   30.0000  -15.0000 2283.6653   19.5858
    0.0000   30.0000  -15.0000 2313.2344   19.4006
    7.5000   30.0000  -15.0000 2292.1384   19.5236
   -7.5000   37.5000  -15.0000 2130.5698   21.7019
    0.0000   37.5000  -15.0000 2155.4709   21.4694
    7.5000   37.5000  -15.0000 2136.5530   21.5952
   -7.5000  -52.5000   -7.5000 2284.1277   18.5769
    0.0000  -52.5000   -7.5000 2301.9751   18.4085
    7.5000  -52.5000   -7.5000 2286.6316   18.5586
   -7.5000  -45.0000   -7.5000 2411.4993   17.0137
    0.0000  -45.0000   -7.5000 2427.7898   16.8878
    7.5000  -45.0000   -7.5000 2413.4678   16.9965
   -7.5000  -37.5000   -7.5000 2527.9136   15.5537
    0.0000  -37.5000   -7.5000 2549.9294   15.4572
    7.5000  -37.5000   -7.5000 2531.6697   15.5448
   -7.5000  -30.0000   -7.5000 2616.3879   14.4534
    0.0000  -30.0000   -7.5000 2646.4900   14.3464
    7.5000  -30.0000   -7.5000 2621.4929   14.4190
   -7.5000  -22.5000   -7.5000 2682.4170   13.8089
    0.0000  -22.5000   -7.5000 2710.0850   13.6912
    7.5000  -22.5000   -7.5000 2684.6294   13.7655
   -7.5000  -15.0000   -7.5000 2730.4590   13.5792
    0.0000  -15.0000   -7.5000 2766.5522   13.4125
    7.5000  -15.0000   -7.5000 2733.8845   13.4906
   -7.5000   -7.5000   -7.5000 2747.1750   13.6191
    0.0000   -7.5000   -7.5000 2784.5210   13.4312
    7.5000   -7.5000   -7.5000 2751.3596   13.4971
   -7.5000    0.0000   -7.5000 2729.5730   13.9991
    0.0000    0.0000   -7.5000 2768.7358   13.7875
    7.5000    0.0000   -7.5000 2741.7544   13.8432
   -7.5000    7.5000   -7.5000 2677.4326   14.6671
    0.0000    7.5000   -7.5000 2718.4712   14.4554
    7.5000    7.5000   -7.5000 2693.1611   14.5482
   -7.5000   15.0000   -7.5000 2589.3955   15.6141
    0.0000   15.0000   -7.5000 2625.1628   15.4184
    7.5000   15.0000   -7.5000 2598.9941   15.5129
   -7.5000   22.5000   -7.5000 2474.1152   16.8761
    0.0000   22.5000   -7.5000 2507.8396   16.6752
    7.5000   22.5000   -7.5000 2484.3684   16.7745
   -7.5000   30.0000   -7.5000 2341.1506   18.6044
    0.0000   30.0000   -7.5000 2370.4988   18.3836
    7.5000   30.0000   -7.5000 2351.8625   18.4591
   -7.5000   37.5000   -7.5000 2185.3459   20.6222
    0.0000   37.5000   -7.5000 2210.3115   20.3747
    7.5000   37.5000   -7.5000 2194.3083   20.4619
   -7.5000  -52.5000    0.0000 2322.5859   18.0502
    0.0000  -52.5000    0.0000 2343.5396   17.8391
    7.5000  -52.5000    0.0000 2328.5144   18.0629
   -7.5000  -45.0000    0.0000 2448.5769   16.4750
    0.0000  -45.0000    0.0000 2467.2302   16.2785
    7.5000  -45.0000    0.0000 2450.7014   16.4366
   -7.5000  -37.5000    0.0000 2571.4128   15.0084
    0.0000  -37.5000    0.0000 2595.2039   14.8180
    7.5000  -37.5000    0.0000 2578.3728   14.9631
   -7.5000  -30.0000    0.0000 2677.0793   13.8706
    0.0000  -30.0000    0.0000 2709.3044   13.7097
    7.5000  -30.0000    0.0000 2682.8809   13.8203
   -7.5000  -22.5000    0.0000 2769.2139   13.2114
    0.0000  -22.5000    0.0000 2798.8936   13.0651
    7.5000  -22.5000    0.0000 2767.7024   13.1495
   -7.5000  -15.0000    0.0000 2826.4834   12.9844
    0.0000  -15.0000    0.0000 2867.7524   12.8164
    7.5000  -15.0000    0.0000 2828.2026   12.9184
   -7.5000   -7.5000    0.0000 2843.9163   12.9998
    0.0000   -7.5000    0.0000 2899.1201   12.7984
    7.5000   -7.5000    0.0000 2851.9563   12.9289
   -7.5000    0.0000    0.0000 2825.6338   13.3487
    0.0000    0.0000    0.0000 2868.8335   13.1248
    7.5000    0.0000    0.0000 2838.0940   13.2444
   -7.5000    7.5000    0.0000 2761.3582   13.9967
    0.0000    7.5000    0.0000 2797.4531   13.7745
    7.5000    7.5000    0.0000 2775.7214   13.8805
   -7.5000   15.0000    0.0000 2660.1448   14.9579
    0.0000   15.0000    0.0000 2697.3540   14.7347
    7.5000   15.0000    0.0000 2673.0969   14.8523
   -7.5000   22.5000    0.0000 2535.3550   16.2457
    0.0000   22.5000    0.0000 2567.3716   16.0045
    7.5000   22.5000    0.0000 2544.7502   16.1444
   -7.5000   30.0000    0.0000 2400.1704   17.9171
    0.0000   30.0000    0.0000 2427.8464   17.6968
    7.5000   30.0000    0.0000 2408.3489   17.8183
   -7.5000   37.5000    0.0000 2230.7568   19.9169
    0.0000   37.5000    0.0000 2260.0518   19.6807
    7.5000   37.5000    0.0000 2241.4460   19.8087
   -7.5000  -52.5000    7.5000 2337.2944   17.6351
    0.0000  -52.5000    7.5000 2360.6350   17.3476
    7.5000  -52.5000    7.5000 2346.7944   17.6068
   -7.5000  -45.0000    7.5000 2466.3452   16.0735
    0.0000  -45.0000    7.5000 2487.3186   15.7526
    7.5000  -45.0000    7.5000 2472.6943   15.9935
   -7.5000  -37.5000    7.5000 2593.1531   14.5752
    0.0000  -37.5000    7.5000 2619.8806   14.2972
    7.5000  -37.5000    7.5000 2601.9858   14.4871
   -7.5000  -30.0000    7.5000 2708.0911   13.4380
    0.0000  -30.0000    7.5000 2743.9509   13.1791
    7.5000  -30.0000    7.5000 2718.0337   13.3379
   -7.5000  -22.5000    7.5000 2815.4819   12.7541
    0.0000  -22.5000    7.5000 2855.7024   12.5196
    7.5000  -22.5000    7.5000 2822.8538   12.6503
   -7.5000  -15.0000    7.5000 2887.0132   12.5309
    0.0000  -15.0000    7.5000 2949.6443   12.3394
    7.5000  -15.0000    7.5000 2904.1182   12.4295
   -7.5000   -7.5000    7.5000 2917.4858   12.5289
    0.0000   -7.5000    7.5000 2999.7520   12.3435
    7.5000   -7.5000    7.5000 2942.1912   12.5099
   -7.5000    0.0000    7.5000 2887.8779   12.8472
    0.0000    0.0000    7.5000 2949.7778   12.6236
    7.5000    0.0000    7.5000 2909.5005   12.8455
   -7.5000    7.5000    7.5000 2808.3386   13.4743
    0.0000    7.5000    7.5000 2854.2922   13.2266
    7.5000    7.5000    7.5000 2823.7822   13.4015
   -7.5000   15.0000    7.5000 2700.9043   14.4158
    0.0000   15.0000    7.5000 2739.3936   14.1662
    7.5000   15.0000    7.5000 2714.0969   14.3124
   -7.5000   22.5000    7.5000 2567.9731   15.6845
    0.0000   22.5000    7.5000 2603.7546   15.4595
    7.5000   22.5000    7.5000 2580.5576   15.5990
   -7.5000   30.0000    7.5000 2427.3530   17.3911
    0.0000   30.0000    7.5000 2459.8276   17.1392
    7.5000   30.0000    7.5000 2435.5422   17.2692
   -7.5000   37.5000    7.5000 2255.9075   19.3546
    0.0000   37.5000    7.5000 2291.4443   19.1032
    7.5000   37.5000    7.5000 2264.4861   19.2620
   -7.5000  -52.5000   15.0000 2340.3440   17.5228
    0.0000  -52.5000   15.0000 2370.0291   17.1455
    7.5000  -52.5000   15.0000 2359.5889   17.3776
   -7.5000  -45.0000   15.0000 2468.2275   15.9759
    0.0000  -45.0000   15.0000 2497.8091   15.6027
    7.5000  -45.0000   15.0000 2481.0981   15.7841
   -7.5000  -37.5000   15.0000 2592.0505   14.4513
    0.0000  -37.5000   15.0000 2624.0181   14.1035
    7.5000  -37.5000   15.0000 2604.8806   14.2866
   -7.5000  -30.0000   15.0000 2714.8757   13.2330
    0.0000  -30.0000   15.0000 2756.7520   12.9166
    7.5000  -30.0000   15.0000 2735.8235   13.1155
   -7.5000  -22.5000   15.0000 2831.4565   12.5225
    0.0000  -22.5000   15.0000 2888.4316   12.2220
    7.5000  -22.5000   15.0000 2853.2693   12.4300
   -7.5000  -15.0000   15.0000 2912.9849   12.2992
    0.0000  -15.0000   15.0000 2993.7056   12.0727
    7.5000  -15.0000   15.0000 2949.3354   12.2402
   -7.5000   -7.5000   15.0000 2947.3159   12.3974
    0.0000   -7.5000   15.0000 3061.9712   12.1656
    7.5000   -7.5000   15.0000 3000.5503   12.3539
   -7.5000    0.0000   15.0000 2916.6086   12.7281
    0.0000    0.0000   15.0000 3005.5042   12.4887
    7.5000    0.0000   15.0000 2952.1963   12.6876
   -7.5000    7.5000   15.0000 2831.9995   13.2416
    0.0000    7.5000   15.0000 2881.2864   13.0176
    7.5000    7.5000   15.0000 2849.0417   13.1862
   -7.5000   15.0000   15.0000 2713.5149   14.1319
    0.0000   15.0000   15.0000 2756.8174   13.8725
    7.5000   15.0000   15.0000 2731.8647   14.0531
   -7.5000   22.5000   15.0000 2578.1160   15.3597
    0.0000   22.5000   15.0000 2615.2393   15.1347
    7.5000   22.5000   15.0000 2591.4062   15.2808
   -7.5000   30.0000   15.0000 2437.8479   17.0651
    0.0000   30.0000   15.0000 2472.0674   16.8346
    7.5000   30.0000   15.0000 2443.7058   16.9803
   -7.5000   37.5000   15.0000 2261.5930   19.0238
    0.0000   37.5000   15.0000 2293.4331   18.7890
    7.5000   37.5000   15.0000 2269.4722   18.9655
   -7.5000  -52.5000   22.5000 2337.5007   17.6637
    0.0000  -52.5000   22.5000 2369.6746   17.1810
    7.5000  -52.5000   22.5000 2360.0842   17.3309
   -7.5000  -45.0000   22.5000 2458.6782   16.0843
    0.0000  -45.0000   22.5000 2498.7827   15.6184
    7.5000  -45.0000   22.5000 2487.6743   15.7747
   -7.5000  -37.5000   22.5000 2578.9600   14.5742
    0.0000  -37.5000   22.5000 2621.9036   14.1266
    7.5000  -37.5000   22.5000 2611.4783   14.3108
   -7.5000  -30.0000   22.5000 2702.8999   13.3956
    0.0000  -30.0000   22.5000 2749.6758   12.9930
    7.5000  -30.0000   22.5000 2736.5127   13.1628
   -7.5000  -22.5000   22.5000 2819.5557   12.6662
    0.0000  -22.5000   22.5000 2879.0864   12.3268
    7.5000  -22.5000   22.5000 2856.8679   12.4956
   -7.5000  -15.0000   22.5000 2893.9746   12.3764
    0.0000  -15.0000   22.5000 2971.0239   12.1072
    7.5000  -15.0000   22.5000 2940.4211   12.2885
   -7.5000   -7.5000   22.5000 2922.6145   12.4184
    0.0000   -7.5000   22.5000 3021.6206   12.1553
    7.5000   -7.5000   22.5000 2974.6353   12.3182
   -7.5000    0.0000   22.5000 2890.3816   12.7853
    0.0000    0.0000   22.5000 2978.2007   12.5493
    7.5000    0.0000   22.5000 2939.7417   12.6781
   -7.5000    7.5000   22.5000 2809.8440   13.3622
    0.0000    7.5000   22.5000 2869.7329   13.1404
    7.5000    7.5000   22.5000 2840.9075   13.2549
   -7.5000   15.0000   22.5000 2699.8889   14.2177
    0.0000   15.0000   22.5000 2745.0056   13.9779
    7.5000   15.0000   22.5000 2723.4102   14.1244
   -7.5000   22.5000   22.5000 2567.0286   15.4219
    0.0000   22.5000   22.5000 2602.0222   15.1637
    7.5000   22.5000   22.5000 2583.3230   15.3400
   -7.5000   30.0000   22.5000 2423.7561   17.0036
    0.0000   30.0000   22.5000 2458.1450   16.7438
    7.5000   30.0000   22.5000 2440.5198   16.9183
   -7.5000   37.5000   22.5000 2252.3354   18.9144
    0.0000   37.5000   22.5000 2285.3115   18.6396
    7.5000   37.5000   22.5000 2261.3958   18.8282
   -7.5000  -52.5000   30.0000 2322.9060   18.0351
    0.0000  -52.5000   30.0000 2357.8079   17.4645
    7.5000  -52.5000   30.0000 2349.2363   17.5782
   -7.5000  -45.0000   30.0000 2443.4795   16.4223
    0.0000  -45.0000   30.0000 2488.1631   15.9478
    7.5000  -45.0000   30.0000 2478.2302   16.0631
   -7.5000  -37.5000   30.0000 2564.7771   14.9605
    0.0000  -37.5000   30.0000 2609.3113   14.5084
    7.5000  -37.5000   30.0000 2599.2002   14.6163
   -7.5000  -30.0000   30.0000 2682.9392   13.8130
    0.0000  -30.0000   30.0000 2733.0032   13.3923
    7.5000  -30.0000   30.0000 2722.3826   13.4894
   -7.5000  -22.5000   30.0000 2784.3264   13.0478
    0.0000  -22.5000   30.0000 2845.2310   12.6987
    7.5000  -22.5000   30.0000 2832.0859   12.8429
   -7.5000  -15.0000   30.0000 2853.8398   12.7224
    0.0000  -15.0000   30.0000 2922.0195   12.3992
    7.5000  -15.0000   30.0000 2899.9766   12.5170
   -7.5000   -7.5000   30.0000 2872.4590   12.7476
    0.0000   -7.5000   30.0000 2944.0208   12.4551
    7.5000   -7.5000   30.0000 2916.6243   12.5773
   -7.5000    0.0000   30.0000 2836.2939   13.0762
    0.0000    0.0000   30.0000 2909.4309   12.8201
    7.5000    0.0000   30.0000 2886.0808   12.9519
   -7.5000    7.5000   30.0000 2758.5898   13.6743
    0.0000    7.5000   30.0000 2817.2327   13.4788
    7.5000    7.5000   30.0000 2797.8770   13.5904
   -7.5000   15.0000   30.0000 2656.1770   14.5400
    0.0000   15.0000   30.0000 2702.1875   14.3434
    7.5000   15.0000   30.0000 2684.9587   14.4642
   -7.5000   22.5000   30.0000 2524.1777   15.7153
    0.0000   22.5000   30.0000 2569.4583   15.4715
    7.5000   22.5000   30.0000 2553.6899   15.6190
   -7.5000   30.0000   30.0000 2393.1130   17.2241
    0.0000   30.0000   30.0000 2430.1394   16.9441
    7.5000   30.0000   30.0000 2416.8467   17.1163
   -7.5000   37.5000   30.0000 2219.8811   19.0417
    0.0000   37.5000   30.0000 2258.6011   18.7467
    7.5000   37.5000   30.0000 2237.8350   18.9120
   -7.5000  -52.5000   37.5000 2290.8662   18.6073
    0.0000  -52.5000   37.5000 2325.2649   18.1130
    7.5000  -52.5000   37.5000 2318.0278   18.1406
   -7.5000  -45.0000   37.5000 2416.4172   17.0030
    0.0000  -45.0000   37.5000 2460.7732   16.5244
    7.5000  -45.0000   37.5000 2451.4172   16.5946
   -7.5000  -37.5000   37.5000 2532.0730   15.5504
    0.0000  -37.5000   37.5000 2583.8398   15.0719
    7.5000  -37.5000   37.5000 2573.5767   15.1535
   -7.5000  -30.0000   37.5000 2645.5017   14.3845
    0.0000  -30.0000   37.5000 2699.0637   13.9602
    7.5000  -30.0000   37.5000 2690.0845   14.0545
   -7.5000  -22.5000   37.5000 2734.1113   13.6322
    0.0000  -22.5000   37.5000 2792.9729   13.2301
    7.5000  -22.5000   37.5000 2780.7661   13.3459
   -7.5000  -15.0000   37.5000 2791.7290   13.3036
    0.0000  -15.0000   37.5000 2857.3367   12.9574
    7.5000  -15.0000   37.5000 2840.7693   13.0402
   -7.5000   -7.5000   37.5000 2799.0557   13.3215
    0.0000   -7.5000   37.5000 2859.2249   12.9998
    7.5000   -7.5000   37.5000 2843.8943   13.0871
   -7.5000    0.0000   37.5000 2759.0295   13.6310
    0.0000    0.0000   37.5000 2822.9634   13.3286
    7.5000    0.0000   37.5000 2808.1455   13.4318
   -7.5000    7.5000   37.5000 2684.9001   14.2062
    0.0000    7.5000   37.5000 2738.4758   13.9829
    7.5000    7.5000   37.5000 2727.1826   14.0834
   -7.5000   15.0000   37.5000 2589.9333   15.0728
    0.0000   15.0000   37.5000 2632.1155   14.8601
    7.5000   15.0000   37.5000 2623.9724   14.9845
   -7.5000   22.5000   37.5000 2476.1824   16.1952
    0.0000   22.5000   37.5000 2518.3750   15.9755
    7.5000   22.5000   37.5000 2506.9954   16.0903
   -7.5000   30.0000   37.5000 2349.5188   17.6990
    0.0000   30.0000   37.5000 2384.3005   17.4354
    7.5000   30.0000   37.5000 2378.6553   17.5360
   -7.5000   37.5000   37.5000 2180.7249   19.4935
    0.0000   37.5000   37.5000 2212.5481   19.1831
    7.5000   37.5000   37.5000 2201.3755   19.2741
   -7.5000  -52.5000   45.0000 2225.3840   19.2707
    0.0000  -52.5000   45.0000 2259.8125   18.8056
    7.5000  -52.5000   45.0000 2253.4434   18.8244
   -7.5000  -45.0000   45.0000 2351.4814   17.7064
    0.0000  -45.0000   45.0000 2393.7166   17.2311
    7.5000  -45.0000   45.0000 2388.1929   17.2779
   -7.5000  -37.5000   45.0000 2465.2263   16.2271
    0.0000  -37.5000   45.0000 2514.2498   15.7812
    7.5000  -37.5000   45.0000 2508.1379   15.8585
   -7.5000  -30.0000   45.0000 2569.0288   15.0654
    0.0000  -30.0000   45.0000 2627.1514   14.6446
    7.5000  -30.0000   45.0000 2617.9973   14.7291
   -7.5000  -22.5000   45.0000 2645.1255   14.3117
    0.0000  -22.5000   45.0000 2706.5723   13.9086
    7.5000  -22.5000   45.0000 2694.1294   14.0068
   -7.5000  -15.0000   45.0000 2688.8147   13.9867
    0.0000  -15.0000   45.0000 2750.5234   13.6304
    7.5000  -15.0000   45.0000 2739.3396   13.7128
   -7.5000   -7.5000   45.0000 2692.0928   14.0018
    0.0000   -7.5000   45.0000 2745.9355   13.6696
    7.5000   -7.5000   45.0000 2736.6326   13.7438
   -7.5000    0.0000   45.0000 2649.1890   14.2750
    0.0000    0.0000   45.0000 2703.6584   13.9763
    7.5000    0.0000   45.0000 2693.7244   14.0495
   -7.5000    7.5000   45.0000 2578.8979   14.8602
    0.0000    7.5000   45.0000 2624.5129   14.6207
    7.5000    7.5000   45.0000 2617.7317   14.6918
   -7.5000   15.0000   45.0000 2491.6367   15.7336
    0.0000   15.0000   45.0000 2529.1438   15.4867
    7.5000   15.0000   45.0000 2524.8428   15.5807
   -7.5000   22.5000   45.0000 2389.4661   16.7871
    0.0000   22.5000   45.0000 2424.5564   16.5538
    7.5000   22.5000   45.0000 2421.2153   16.6667
   -7.5000   30.0000   45.0000 2270.8118   18.2657
    0.0000   30.0000   45.0000 2304.7417   18.0034
    7.5000   30.0000   45.0000 2295.4351   18.1118
   -7.5000   37.5000   45.0000 2105.3545   20.0578
    0.0000   37.5000   45.0000 2138.6272   19.7370
    7.5000   37.5000   45.0000 2125.9155   19.8812
   -7.5000  -52.5000   52.5000 2135.0981   19.9609
    0.0000  -52.5000   52.5000 2177.8762   19.5512
    7.5000  -52.5000   52.5000 2173.9338   19.5639
   -7.5000  -45.0000   52.5000 2261.2727   18.3808
    0.0000  -45.0000   52.5000 2308.8577   17.9646
    7.5000  -45.0000   52.5000 2301.5278   17.9884
   -7.5000  -37.5000   52.5000 2367.3918   16.9340
    0.0000  -37.5000   52.5000 2421.0935   16.5443
    7.5000  -37.5000   52.5000 2412.4827   16.5754
   -7.5000  -30.0000   52.5000 2464.5256   15.7843
    0.0000  -30.0000   52.5000 2520.0310   15.3764
    7.5000  -30.0000   52.5000 2511.5686   15.4619
   -7.5000  -22.5000   52.5000 2531.5886   15.0215
    0.0000  -22.5000   52.5000 2587.2354   14.6483
    7.5000  -22.5000   52.5000 2579.0608   14.7329
   -7.5000  -15.0000   52.5000 2560.7380   14.6907
    0.0000  -15.0000   52.5000 2613.4446   14.3471
    7.5000  -15.0000   52.5000 2607.8699   14.4611
   -7.5000   -7.5000   52.5000 2554.8989   14.7097
    0.0000   -7.5000   52.5000 2605.0603   14.4035
    7.5000   -7.5000   52.5000 2599.4822   14.4944
   -7.5000    0.0000   52.5000 2519.5537   15.0054
    0.0000    0.0000   52.5000 2566.5669   14.6968
    7.5000    0.0000   52.5000 2561.8264   14.7735
   -7.5000    7.5000   52.5000 2461.8005   15.5751
    0.0000    7.5000   52.5000 2499.5376   15.3361
    7.5000    7.5000   52.5000 2494.1675   15.3663
   -7.5000   15.0000   52.5000 2379.0999   16.4206
    0.0000   15.0000   52.5000 2412.5242   16.1726
    7.5000   15.0000   52.5000 2411.0884   16.2263
   -7.5000   22.5000   52.5000 2281.2654   17.4543
    0.0000   22.5000   52.5000 2313.1248   17.2162
    7.5000   22.5000   52.5000 2308.8015   17.2525
   -7.5000   30.0000   52.5000 2165.2761   18.9063
    0.0000   30.0000   52.5000 2195.7722   18.5935
    7.5000   30.0000   52.5000 2189.2534   18.6666
   -7.5000   37.5000   52.5000 2002.7354   20.7021
    0.0000   37.5000   52.5000 2038.1240   20.3755
    7.5000   37.5000   52.5000 2034.3740   20.4369
   -7.5000  -52.5000   60.0000 2077.2429   21.2901
    0.0000  -52.5000   60.0000 2120.8718   20.8891
    7.5000  -52.5000   60.0000 2120.2397   20.9324
   -7.5000  -45.0000   60.0000 2195.8333   19.6764
    0.0000  -45.0000   60.0000 2248.0896   19.2857
    7.5000  -45.0000   60.0000 2242.7168   19.2773
   -7.5000  -37.5000   60.0000 2297.1484   18.1497
    0.0000  -37.5000   60.0000 2351.1167   17.7584
    7.5000  -37.5000   60.0000 2345.5168   17.7882
   -7.5000  -30.0000   60.0000 2387.0598   16.9795
    0.0000  -30.0000   60.0000 2436.1135   16.5644
    7.5000  -30.0000   60.0000 2432.3552   16.6082
   -7.5000  -22.5000   60.0000 2447.0906   16.2079
    0.0000  -22.5000   60.0000 2490.4661   15.8087
    7.5000  -22.5000   60.0000 2489.7964   15.8700
   -7.5000  -15.0000   60.0000 2463.6934   15.8916
    0.0000  -15.0000   60.0000 2509.8208   15.5099
    7.5000  -15.0000   60.0000 2508.2402   15.6056
   -7.5000   -7.5000   60.0000 2449.6116   15.9088
    0.0000   -7.5000   60.0000 2496.8933   15.5720
    7.5000   -7.5000   60.0000 2493.0024   15.6662
   -7.5000    0.0000   60.0000 2420.8000   16.1901
    0.0000    0.0000   60.0000 2463.9099   15.8739
    7.5000    0.0000   60.0000 2463.2573   15.9325
   -7.5000    7.5000   60.0000 2374.6697   16.7391
    0.0000    7.5000   60.0000 2411.0532   16.4772
    7.5000    7.5000   60.0000 2411.3262   16.5104
   -7.5000   15.0000   60.0000 2295.6191   17.5879
    0.0000   15.0000   60.0000 2329.2422   17.3047
    7.5000   15.0000   60.0000 2331.9509   17.3366
   -7.5000   22.5000   60.0000 2200.5745   18.6756
    0.0000   22.5000   60.0000 2234.1875   18.3917
    7.5000   22.5000   60.0000 2231.1001   18.4283
   -7.5000   30.0000   60.0000 2084.8328   20.1689
    0.0000   30.0000   60.0000 2116.3350   19.8354
    7.5000   30.0000   60.0000 2112.5315   19.8390
   -7.5000   37.5000   60.0000 1929.5417   22.0754
    0.0000   37.5000   60.0000 1961.8788   21.6812
    7.5000   37.5000   60.0000 1961.6187   21.7117

---------------------------------------------------------------------
imgreg_4dfp /opt/freesurfer/average/711-2C_as_mni_average_305 /opt/freesurfer/average/711-2B_as_mni_average_305_mask talsrcimg_g11 none talsrcimg_to_711-2C_as_mni_average_305_t4 1283
---------------------------------------------------------------------

freesurfer imgreg_4dfp.c
/opt/freesurfer/average/711-2C_as_mni_average_305.4dfp.img
       256       256       256         1
  1.000000  1.000000  1.000000
orientation T byte_order littleendian
Reading image: /opt/freesurfer/average/711-2C_as_mni_average_305.4dfp.img
dimensions:      256       256       256
mmppix:       1.0000   -1.0000   -1.0000
center:     128.0000 -129.0000 -129.0000
/opt/freesurfer/average/711-2B_as_mni_average_305_mask.4dfp.img
       256       256       256         1
  1.000000  1.000000  1.000000
orientation T byte_order littleendian
Reading mask: /opt/freesurfer/average/711-2B_as_mni_average_305_mask.4dfp.img (2306576 pixels)
talsrcimg_g11.4dfp.img
       256       256       256         1
  0.898437  0.898437  0.898437
orientation T byte_order littleendian
Reading image: talsrcimg_g11.4dfp.img
dimensions:      256       256       256
mmppix:       0.8984   -0.8984   -0.8984
center:     114.9999 -115.8984 -115.8984
rotation matrix determinant  1.000000
fimgreg.f
image alignment mode   1283 decimal      503 hex
parameters
    0.0000   -7.5000   15.0000    0.0000    0.0000    0.0000
eta,q 0.95879 12.09550
niter,ni,del,rscale     5    3   12.0000    1.2000
parameters
    1.1944   -6.8188   15.7522   -0.6171   -0.0970    0.9269
eta,q 0.95984 12.05683
  0.0669  0.0590  0.0526  0.0461  0.0501  0.0481
  0.0568  0.0515  0.0462  0.0416  0.0445  0.0448
  0.0477  0.0436  0.0415  0.0400  0.0409  0.0418
  0.0415  0.0403  0.0404  0.0407  0.0403  0.0403
  0.0407  0.0418  0.0416  0.0425  0.0418  0.0404
  0.0459  0.0464  0.0435  0.0444  0.0451  0.0419
  0.0537  0.0524  0.0471  0.0473  0.0504  0.0447
niter,ni,del,rscale     4    3   12.0000    1.2000
parameters
    1.5104   -6.4750   15.7021   -0.7170   -0.1938    1.0979
eta,q 0.95969 12.07253
  0.0620  0.0573  0.0502  0.0473  0.0497  0.0466
  0.0520  0.0490  0.0442  0.0426  0.0447  0.0432
  0.0436  0.0416  0.0403  0.0401  0.0413  0.0409
  0.0402  0.0402  0.0404  0.0403  0.0403  0.0403
  0.0428  0.0425  0.0421  0.0418  0.0416  0.0410
  0.0497  0.0468  0.0450  0.0440  0.0450  0.0430
  0.0575  0.0532  0.0496  0.0465  0.0503  0.0457
niter,ni,del,rscale     3    3   12.0000    1.2000
parameters
    1.5844   -6.3992   15.6846   -0.7521   -0.2288    1.1297
eta,q 0.95963 12.07598
  0.0606  0.0563  0.0504  0.0475  0.0498  0.0463
  0.0506  0.0476  0.0444  0.0428  0.0449  0.0429
  0.0428  0.0409  0.0404  0.0402  0.0415  0.0408
  0.0403  0.0403  0.0404  0.0404  0.0404  0.0404
  0.0437  0.0430  0.0421  0.0417  0.0416  0.0411
  0.0507  0.0477  0.0450  0.0439  0.0449  0.0432
  0.0588  0.0544  0.0496  0.0465  0.0501  0.0458
niter,ni,del,rscale     2    3   12.0000    1.2000
parameters
    1.6025   -6.3773   15.6789   -0.7673   -0.2405    1.1355
eta,q 0.95961 12.07690
  0.0602  0.0561  0.0505  0.0475  0.0498  0.0463
  0.0503  0.0474  0.0444  0.0429  0.0450  0.0429
  0.0427  0.0408  0.0405  0.0402  0.0416  0.0408
  0.0404  0.0404  0.0404  0.0404  0.0404  0.0404
  0.0439  0.0432  0.0420  0.0417  0.0416  0.0412
  0.0509  0.0479  0.0450  0.0439  0.0448  0.0433
  0.0591  0.0546  0.0496  0.0464  0.0501  0.0458
registration optimization eta report
parameter search radius
    6.0000    6.0000    6.0000    6.0000    6.0000    6.0000
100000*second partial in parameter space
       52.       42.       27.       19.       26.       16.
  0.0602  0.0561  0.0505  0.0475  0.0498  0.0463
  0.0503  0.0474  0.0444  0.0429  0.0450  0.0429
  0.0427  0.0408  0.0405  0.0402  0.0416  0.0408
  0.0404  0.0404  0.0404  0.0404  0.0404  0.0404
  0.0439  0.0432  0.0420  0.0417  0.0416  0.0412
  0.0509  0.0479  0.0450  0.0439  0.0448  0.0433
  0.0591  0.0546  0.0496  0.0464  0.0501  0.0458
    1.6025   -6.3773   15.6789   -0.7673   -0.2405    1.1355
eta,q 0.95961 12.07690

---------------------------------------------------------------------
imgreg_4dfp /opt/freesurfer/average/711-2C_as_mni_average_305 /opt/freesurfer/average/711-2B_as_mni_average_305_mask talsrcimg_g11 none talsrcimg_to_711-2C_as_mni_average_305_t4 3335
---------------------------------------------------------------------

freesurfer imgreg_4dfp.c
/opt/freesurfer/average/711-2C_as_mni_average_305.4dfp.img
       256       256       256         1
  1.000000  1.000000  1.000000
orientation T byte_order littleendian
Reading image: /opt/freesurfer/average/711-2C_as_mni_average_305.4dfp.img
dimensions:      256       256       256
mmppix:       1.0000   -1.0000   -1.0000
center:     128.0000 -129.0000 -129.0000
/opt/freesurfer/average/711-2B_as_mni_average_305_mask.4dfp.img
       256       256       256         1
  1.000000  1.000000  1.000000
orientation T byte_order littleendian
Reading mask: /opt/freesurfer/average/711-2B_as_mni_average_305_mask.4dfp.img (2306576 pixels)
talsrcimg_g11.4dfp.img
       256       256       256         1
  0.898437  0.898437  0.898437
orientation T byte_order littleendian
Reading image: talsrcimg_g11.4dfp.img
dimensions:      256       256       256
mmppix:       0.8984   -0.8984   -0.8984
center:     114.9999 -115.8984 -115.8984
fimgreg.f
image alignment mode   3335 decimal      D07 hex
parameters
    1.6025   -6.3773   15.6789   -0.0205   -0.0287   -0.0099
   -1.9871    0.3932    1.9816    1.3472   -0.4198   -1.3392
eta,q 0.96140 12.12565
niter,ni,del,rscale     5    3    5.0000    1.2000
parameter  4  0.994257 ->  0.500000 qaram    1.1500
parameter  5  1.861380 ->  0.500000 qaram    1.1500
parameter  6  0.622656 ->  0.500000 qaram    1.1500
parameter 11 -0.718433 -> -0.500000 qaram    1.1500
parameters
    1.5658   -6.1590   15.9126   -4.1605   -4.1687   -4.1499
   -0.9565    1.8519    3.0333   -0.4130    3.7202   -1.7517
eta,q 0.97183 11.48015
  0.0423  0.0410  0.0410  0.0348  0.0288  0.0296  0.0329  0.0363  0.0320  0.0311  0.0317  0.0294
  0.0402  0.0398  0.0398  0.0353  0.0302  0.0293  0.0312  0.0330  0.0306  0.0296  0.0305  0.0287
  0.0390  0.0390  0.0389  0.0366  0.0324  0.0296  0.0300  0.0305  0.0296  0.0289  0.0295  0.0283
  0.0386  0.0386  0.0386  0.0385  0.0356  0.0307  0.0293  0.0292  0.0290  0.0290  0.0288  0.0282
  0.0391  0.0386  0.0387  0.0414  0.0389  0.0332  0.0293  0.0292  0.0291  0.0302  0.0283  0.0283
  0.0404  0.0392  0.0393  0.0453  0.0425  0.0367  0.0300  0.0302  0.0296  0.0323  0.0281  0.0289
  0.0425  0.0404  0.0402  0.0499  0.0470  0.0411  0.0314  0.0323  0.0307  0.0349  0.0283  0.0298
niter,ni,del,rscale     7    3    5.0000    1.2000
parameter  5  0.758137 ->  0.500000 qaram    1.3225
parameters
    1.9480   -6.1196   15.6495   -6.8323   -8.9297   -5.2954
   -1.3321    1.8104    1.7978    0.1025    6.0846   -0.9400
eta,q 0.97484 11.00625
  0.0331  0.0313  0.0294  0.0294  0.0256  0.0277  0.0281  0.0302  0.0269  0.0297  0.0276  0.0270
  0.0308  0.0295  0.0286  0.0283  0.0254  0.0264  0.0267  0.0277  0.0259  0.0276  0.0266  0.0261
  0.0291  0.0284  0.0281  0.0277  0.0261  0.0256  0.0257  0.0260  0.0254  0.0261  0.0259  0.0255
  0.0282  0.0281  0.0281  0.0280  0.0277  0.0255  0.0255  0.0255  0.0255  0.0254  0.0254  0.0252
  0.0282  0.0284  0.0284  0.0293  0.0301  0.0257  0.0260  0.0261  0.0260  0.0256  0.0252  0.0252
  0.0291  0.0294  0.0291  0.0315  0.0339  0.0271  0.0271  0.0278  0.0269  0.0268  0.0255  0.0256
  0.0308  0.0310  0.0302  0.0349  0.0379  0.0303  0.0288  0.0303  0.0283  0.0287  0.0260  0.0264
niter,ni,del,rscale     7    3    5.0000    1.2000
parameters
    2.0223   -6.0263   15.7997   -6.7373  -11.0266   -5.1263
   -1.3294    1.7820    1.1882    0.2911    6.5086   -0.9996
eta,q 0.97501 10.90018
  0.0293  0.0286  0.0272  0.0286  0.0279  0.0283  0.0280  0.0298  0.0268  0.0288  0.0267  0.0264
  0.0272  0.0268  0.0262  0.0268  0.0261  0.0266  0.0265  0.0273  0.0257  0.0268  0.0259  0.0257
  0.0257  0.0256  0.0254  0.0257  0.0252  0.0255  0.0254  0.0256  0.0251  0.0255  0.0252  0.0252
  0.0252  0.0252  0.0251  0.0251  0.0251  0.0250  0.0250  0.0250  0.0250  0.0250  0.0250  0.0250
  0.0255  0.0254  0.0253  0.0255  0.0264  0.0252  0.0254  0.0256  0.0254  0.0253  0.0251  0.0251
  0.0268  0.0265  0.0259  0.0267  0.0287  0.0259  0.0265  0.0273  0.0262  0.0265  0.0256  0.0257
  0.0289  0.0281  0.0268  0.0285  0.0327  0.0284  0.0281  0.0299  0.0274  0.0285  0.0264  0.0265
niter,ni,del,rscale     6    3    5.0000    1.2000
parameters
    2.0167   -6.0514   15.9258   -6.6928  -11.1751   -4.9728
   -1.2573    1.7335    1.0859    0.2689    6.5183   -0.9227
eta,q 0.97501 10.90242
  0.0289  0.0281  0.0270  0.0285  0.0294  0.0283  0.0281  0.0298  0.0271  0.0286  0.0265  0.0265
  0.0268  0.0263  0.0260  0.0267  0.0272  0.0266  0.0265  0.0273  0.0259  0.0267  0.0257  0.0257
  0.0255  0.0253  0.0253  0.0255  0.0257  0.0255  0.0254  0.0256  0.0252  0.0254  0.0252  0.0252
  0.0250  0.0250  0.0250  0.0250  0.0250  0.0250  0.0250  0.0250  0.0250  0.0250  0.0250  0.0250
  0.0254  0.0254  0.0251  0.0254  0.0254  0.0252  0.0253  0.0256  0.0253  0.0254  0.0252  0.0251
  0.0268  0.0265  0.0257  0.0266  0.0271  0.0259  0.0264  0.0273  0.0260  0.0267  0.0257  0.0257
  0.0290  0.0281  0.0266  0.0284  0.0299  0.0285  0.0280  0.0299  0.0271  0.0287  0.0266  0.0265
niter,ni,del,rscale     5    3    5.0000    1.2000
parameters
    2.0108   -6.0672   15.9727   -6.6888  -11.1813   -4.9485
   -1.2439    1.7201    1.0827    0.2387    6.4950   -0.8744
eta,q 0.97502 10.90368
  0.0289  0.0281  0.0269  0.0284  0.0295  0.0282  0.0280  0.0298  0.0271  0.0286  0.0265  0.0265
  0.0268  0.0263  0.0259  0.0266  0.0272  0.0266  0.0264  0.0273  0.0259  0.0267  0.0257  0.0257
  0.0255  0.0253  0.0252  0.0255  0.0257  0.0255  0.0254  0.0256  0.0252  0.0254  0.0252  0.0252
  0.0250  0.0250  0.0250  0.0250  0.0250  0.0250  0.0250  0.0250  0.0250  0.0250  0.0250  0.0250
  0.0254  0.0254  0.0252  0.0254  0.0254  0.0252  0.0254  0.0256  0.0253  0.0254  0.0252  0.0251
  0.0268  0.0265  0.0258  0.0266  0.0270  0.0260  0.0264  0.0273  0.0260  0.0267  0.0257  0.0257
  0.0290  0.0281  0.0267  0.0285  0.0298  0.0286  0.0280  0.0299  0.0271  0.0287  0.0266  0.0265
niter,ni,del,rscale     4    3    5.0000    1.2000
parameters
    2.0092   -6.0752   15.9851   -6.6924  -11.1805   -4.9420
   -1.2428    1.7188    1.0889    0.2207    6.4946   -0.8562
eta,q 0.97501 10.90380
  0.0289  0.0281  0.0268  0.0284  0.0295  0.0282  0.0280  0.0298  0.0271  0.0286  0.0265  0.0265
  0.0269  0.0264  0.0258  0.0266  0.0272  0.0266  0.0264  0.0273  0.0259  0.0267  0.0257  0.0257
  0.0255  0.0253  0.0252  0.0255  0.0257  0.0255  0.0254  0.0256  0.0252  0.0254  0.0252  0.0252
  0.0250  0.0250  0.0250  0.0250  0.0250  0.0250  0.0250  0.0250  0.0250  0.0250  0.0250  0.0250
  0.0254  0.0254  0.0252  0.0254  0.0254  0.0252  0.0254  0.0256  0.0253  0.0254  0.0252  0.0251
  0.0268  0.0265  0.0258  0.0266  0.0270  0.0260  0.0264  0.0273  0.0260  0.0267  0.0257  0.0257
  0.0290  0.0281  0.0268  0.0285  0.0298  0.0286  0.0280  0.0299  0.0271  0.0287  0.0266  0.0265
registration optimization eta report
parameter search radius
    2.4000    2.4000    2.4000    8.2800    9.5220    8.2800
    7.2000    7.2000    7.2000    7.2000    8.2800    7.2000
100000*second partial in parameter space
       69.       54.       31.        5.        5.        5.
        6.        9.        4.        7.        2.        3.
  0.0289  0.0281  0.0268  0.0284  0.0295  0.0282  0.0280  0.0298  0.0271  0.0286  0.0265  0.0265
  0.0269  0.0264  0.0258  0.0266  0.0272  0.0266  0.0264  0.0273  0.0259  0.0267  0.0257  0.0257
  0.0255  0.0253  0.0252  0.0255  0.0257  0.0255  0.0254  0.0256  0.0252  0.0254  0.0252  0.0252
  0.0250  0.0250  0.0250  0.0250  0.0250  0.0250  0.0250  0.0250  0.0250  0.0250  0.0250  0.0250
  0.0254  0.0254  0.0252  0.0254  0.0254  0.0252  0.0254  0.0256  0.0253  0.0254  0.0252  0.0251
  0.0268  0.0265  0.0258  0.0266  0.0270  0.0260  0.0264  0.0273  0.0260  0.0267  0.0257  0.0257
  0.0290  0.0281  0.0268  0.0285  0.0298  0.0286  0.0280  0.0299  0.0271  0.0287  0.0266  0.0265
    2.0092   -6.0752   15.9851   -6.6924  -11.1805   -4.9420
   -1.2428    1.7188    1.0889    0.2207    6.4946   -0.8562
eta,q 0.97501 10.90380

---------------------------------------------------------------------
imgreg_4dfp /opt/freesurfer/average/711-2C_as_mni_average_305 /opt/freesurfer/average/711-2B_as_mni_average_305_mask talsrcimg_g11 none talsrcimg_to_711-2C_as_mni_average_305_t4 2311
---------------------------------------------------------------------

freesurfer imgreg_4dfp.c
/opt/freesurfer/average/711-2C_as_mni_average_305.4dfp.img
       256       256       256         1
  1.000000  1.000000  1.000000
orientation T byte_order littleendian
Reading image: /opt/freesurfer/average/711-2C_as_mni_average_305.4dfp.img
dimensions:      256       256       256
mmppix:       1.0000   -1.0000   -1.0000
center:     128.0000 -129.0000 -129.0000
/opt/freesurfer/average/711-2B_as_mni_average_305_mask.4dfp.img
       256       256       256         1
  1.000000  1.000000  1.000000
orientation T byte_order littleendian
Reading mask: /opt/freesurfer/average/711-2B_as_mni_average_305_mask.4dfp.img (2306576 pixels)
talsrcimg_g11.4dfp.img
       256       256       256         1
  0.898437  0.898437  0.898437
orientation T byte_order littleendian
Reading image: talsrcimg_g11.4dfp.img
dimensions:      256       256       256
mmppix:       0.8984   -0.8984   -0.8984
center:     114.9999 -115.8984 -115.8984
fimgreg.f
image alignment mode   2311 decimal      907 hex
parameters
    2.0092   -6.0752   15.9851   -6.6924  -11.1805   -4.9420
   -1.2428    1.7188    1.0889    0.2207    6.4946   -0.8562
eta,q 0.97501 10.90380
niter,ni,del,rscale     5    3    5.0000    0.8000
parameters
    2.0201   -6.1097   15.9834   -6.6214  -10.8085   -4.1739
   -1.2456    1.7393    1.0217    0.3570    6.4524   -0.6777
eta,q 0.97504 10.96906
  0.0269  0.0264  0.0258  0.0263  0.0264  0.0262  0.0264  0.0273  0.0259  0.0268  0.0255  0.0257
  0.0258  0.0256  0.0253  0.0256  0.0257  0.0256  0.0256  0.0260  0.0254  0.0259  0.0252  0.0253
  0.0252  0.0251  0.0251  0.0252  0.0253  0.0251  0.0251  0.0252  0.0251  0.0252  0.0250  0.0251
  0.0250  0.0250  0.0250  0.0250  0.0250  0.0250  0.0250  0.0250  0.0250  0.0250  0.0250  0.0250
  0.0252  0.0252  0.0251  0.0251  0.0250  0.0250  0.0251  0.0252  0.0251  0.0251  0.0250  0.0250
  0.0258  0.0257  0.0254  0.0256  0.0254  0.0252  0.0256  0.0260  0.0254  0.0257  0.0252  0.0252
  0.0268  0.0265  0.0258  0.0262  0.0261  0.0256  0.0264  0.0273  0.0260  0.0267  0.0255  0.0256
niter,ni,del,rscale     4    3    5.0000    0.7000
parameters
    2.0220   -6.1189   16.1118   -6.6127  -10.7680   -4.0075
   -1.2374    1.7235    1.0186    0.3459    6.3703   -0.5410
eta,q 0.97505 10.98112
  0.0264  0.0261  0.0257  0.0260  0.0260  0.0258  0.0261  0.0268  0.0257  0.0263  0.0253  0.0255
  0.0256  0.0255  0.0253  0.0255  0.0255  0.0253  0.0255  0.0258  0.0253  0.0256  0.0251  0.0252
  0.0251  0.0251  0.0251  0.0251  0.0251  0.0250  0.0251  0.0252  0.0250  0.0251  0.0250  0.0251
  0.0250  0.0250  0.0250  0.0250  0.0250  0.0250  0.0250  0.0250  0.0250  0.0250  0.0250  0.0250
  0.0251  0.0251  0.0250  0.0251  0.0250  0.0250  0.0251  0.0252  0.0250  0.0251  0.0250  0.0250
  0.0256  0.0255  0.0251  0.0254  0.0254  0.0252  0.0255  0.0258  0.0253  0.0256  0.0251  0.0252
  0.0264  0.0261  0.0255  0.0260  0.0260  0.0256  0.0261  0.0268  0.0257  0.0264  0.0254  0.0255
niter,ni,del,rscale     3    3    5.0000    0.6000
parameters
    2.0240   -6.1357   16.1505   -6.5923  -10.7110   -3.9369
   -1.2348    1.7240    1.0298    0.3402    6.3062   -0.4517
eta,q 0.97505 10.98924
  0.0260  0.0258  0.0254  0.0257  0.0257  0.0255  0.0258  0.0263  0.0255  0.0260  0.0252  0.0254
  0.0254  0.0253  0.0252  0.0253  0.0254  0.0252  0.0253  0.0256  0.0252  0.0254  0.0251  0.0252
  0.0251  0.0250  0.0250  0.0251  0.0251  0.0250  0.0250  0.0251  0.0250  0.0251  0.0250  0.0250
  0.0250  0.0250  0.0250  0.0250  0.0250  0.0250  0.0249  0.0250  0.0250  0.0250  0.0250  0.0250
  0.0251  0.0251  0.0250  0.0250  0.0250  0.0250  0.0250  0.0251  0.0250  0.0251  0.0250  0.0250
  0.0254  0.0254  0.0251  0.0253  0.0253  0.0251  0.0253  0.0256  0.0252  0.0254  0.0251  0.0251
  0.0260  0.0258  0.0254  0.0257  0.0258  0.0254  0.0258  0.0263  0.0255  0.0260  0.0253  0.0254
niter,ni,del,rscale     2    3    5.0000    0.5000
parameters
    2.0264   -6.1489   16.1744   -6.5489  -10.6529   -3.9220
   -1.2218    1.7221    1.0344    0.3428    6.2804   -0.3587
eta,q 0.97505 10.99594
  0.0257  0.0255  0.0253  0.0255  0.0255  0.0253  0.0256  0.0259  0.0253  0.0257  0.0251  0.0253
  0.0253  0.0252  0.0251  0.0252  0.0252  0.0251  0.0252  0.0254  0.0251  0.0253  0.0250  0.0251
  0.0250  0.0250  0.0250  0.0250  0.0250  0.0250  0.0250  0.0251  0.0250  0.0250  0.0250  0.0250
  0.0249  0.0249  0.0250  0.0250  0.0249  0.0249  0.0249  0.0250  0.0249  0.0250  0.0250  0.0249
  0.0250  0.0250  0.0250  0.0250  0.0250  0.0250  0.0250  0.0250  0.0250  0.0250  0.0250  0.0250
  0.0253  0.0252  0.0251  0.0252  0.0252  0.0251  0.0252  0.0254  0.0251  0.0253  0.0250  0.0251
  0.0257  0.0256  0.0252  0.0255  0.0255  0.0253  0.0255  0.0259  0.0253  0.0257  0.0252  0.0252
niter,ni,del,rscale     1    3    5.0000    0.4000
parameters
    2.0287   -6.1546   16.1755   -6.5081  -10.5883   -3.9867
   -1.2205    1.7251    1.0573    0.3438    6.2777   -0.2974
eta,q 0.97506 10.99872
  0.0254  0.0253  0.0251  0.0253  0.0253  0.0252  0.0253  0.0255  0.0252  0.0254  0.0251  0.0251
  0.0252  0.0251  0.0250  0.0251  0.0251  0.0250  0.0251  0.0252  0.0251  0.0252  0.0250  0.0250
  0.0250  0.0250  0.0250  0.0250  0.0250  0.0249  0.0250  0.0250  0.0250  0.0250  0.0250  0.0250
  0.0249  0.0249  0.0249  0.0249  0.0249  0.0249  0.0249  0.0249  0.0249  0.0249  0.0249  0.0249
  0.0250  0.0250  0.0250  0.0250  0.0250  0.0250  0.0250  0.0250  0.0250  0.0250  0.0250  0.0249
  0.0252  0.0251  0.0250  0.0251  0.0251  0.0251  0.0251  0.0252  0.0251  0.0252  0.0250  0.0250
  0.0254  0.0253  0.0251  0.0253  0.0253  0.0252  0.0253  0.0256  0.0252  0.0254  0.0251  0.0251
registration optimization eta report
parameter search radius
    0.8000    0.8000    0.8000    2.4000    2.4000    2.4000
    2.4000    2.4000    2.4000    2.4000    2.4000    2.4000
100000*second partial in parameter space
       75.       60.       31.        6.        7.        4.
        7.       11.        4.        8.        2.        3.
  0.0254  0.0253  0.0251  0.0253  0.0253  0.0252  0.0253  0.0255  0.0252  0.0254  0.0251  0.0251
  0.0252  0.0251  0.0250  0.0251  0.0251  0.0250  0.0251  0.0252  0.0251  0.0252  0.0250  0.0250
  0.0250  0.0250  0.0250  0.0250  0.0250  0.0249  0.0250  0.0250  0.0250  0.0250  0.0250  0.0250
  0.0249  0.0249  0.0249  0.0249  0.0249  0.0249  0.0249  0.0249  0.0249  0.0249  0.0249  0.0249
  0.0250  0.0250  0.0250  0.0250  0.0250  0.0250  0.0250  0.0250  0.0250  0.0250  0.0250  0.0249
  0.0252  0.0251  0.0250  0.0251  0.0251  0.0251  0.0251  0.0252  0.0251  0.0252  0.0250  0.0250
  0.0254  0.0253  0.0251  0.0253  0.0253  0.0252  0.0253  0.0256  0.0252  0.0254  0.0251  0.0251
    2.0287   -6.1546   16.1755   -6.5081  -10.5883   -3.9867
   -1.2205    1.7251    1.0573    0.3438    6.2777   -0.2974
eta,q 0.97506 10.99872

---------------------------------------------------------------------
imgreg_4dfp /opt/freesurfer/average/711-2C_as_mni_average_305 /opt/freesurfer/average/711-2B_as_mni_average_305_mask talsrcimg_g11 none talsrcimg_to_711-2C_as_mni_average_305_t4 2311
---------------------------------------------------------------------

freesurfer imgreg_4dfp.c
/opt/freesurfer/average/711-2C_as_mni_average_305.4dfp.img
       256       256       256         1
  1.000000  1.000000  1.000000
orientation T byte_order littleendian
Reading image: /opt/freesurfer/average/711-2C_as_mni_average_305.4dfp.img
dimensions:      256       256       256
mmppix:       1.0000   -1.0000   -1.0000
center:     128.0000 -129.0000 -129.0000
/opt/freesurfer/average/711-2B_as_mni_average_305_mask.4dfp.img
       256       256       256         1
  1.000000  1.000000  1.000000
orientation T byte_order littleendian
Reading mask: /opt/freesurfer/average/711-2B_as_mni_average_305_mask.4dfp.img (2306576 pixels)
talsrcimg_g11.4dfp.img
       256       256       256         1
  0.898437  0.898437  0.898437
orientation T byte_order littleendian
Reading image: talsrcimg_g11.4dfp.img
dimensions:      256       256       256
mmppix:       0.8984   -0.8984   -0.8984
center:     114.9999 -115.8984 -115.8984
fimgreg.f
image alignment mode   2311 decimal      907 hex
parameters
    2.0287   -6.1546   16.1755   -6.5081  -10.5883   -3.9867
   -1.2205    1.7251    1.0573    0.3438    6.2777   -0.2974
eta,q 0.97506 10.99871
niter,ni,del,rscale     5    3    5.0000    0.8000
parameters
    2.0192   -6.1406   16.1566   -6.6168  -10.8075   -4.0891
   -1.2390    1.7343    1.0545    0.2460    6.3785   -0.5507
eta,q 0.97505 10.97395
  0.0268  0.0265  0.0257  0.0262  0.0262  0.0259  0.0264  0.0273  0.0259  0.0267  0.0255  0.0256
  0.0258  0.0256  0.0253  0.0255  0.0255  0.0254  0.0256  0.0260  0.0254  0.0258  0.0252  0.0253
  0.0251  0.0251  0.0250  0.0251  0.0251  0.0250  0.0251  0.0252  0.0251  0.0252  0.0250  0.0250
  0.0249  0.0249  0.0249  0.0249  0.0249  0.0249  0.0249  0.0249  0.0249  0.0249  0.0249  0.0249
  0.0252  0.0251  0.0250  0.0251  0.0251  0.0251  0.0251  0.0252  0.0251  0.0252  0.0250  0.0250
  0.0258  0.0256  0.0253  0.0256  0.0257  0.0253  0.0256  0.0260  0.0254  0.0258  0.0252  0.0253
  0.0268  0.0264  0.0258  0.0263  0.0265  0.0261  0.0264  0.0273  0.0259  0.0269  0.0255  0.0258
niter,ni,del,rscale     4    3    5.0000    0.7000
parameters
    2.0208   -6.1488   16.1470   -6.6055  -10.7729   -3.9949
   -1.2363    1.7233    1.0438    0.3030    6.3380   -0.5026
eta,q 0.97505 10.98153
  0.0264  0.0261  0.0255  0.0260  0.0260  0.0257  0.0261  0.0268  0.0257  0.0264  0.0254  0.0255
  0.0256  0.0254  0.0252  0.0255  0.0255  0.0253  0.0255  0.0258  0.0253  0.0256  0.0251  0.0252
  0.0251  0.0251  0.0250  0.0251  0.0251  0.0250  0.0251  0.0252  0.0250  0.0252  0.0250  0.0250
  0.0250  0.0250  0.0250  0.0250  0.0250  0.0250  0.0250  0.0250  0.0250  0.0250  0.0250  0.0250
  0.0251  0.0251  0.0250  0.0251  0.0250  0.0250  0.0251  0.0252  0.0250  0.0251  0.0250  0.0250
  0.0256  0.0255  0.0252  0.0254  0.0254  0.0252  0.0255  0.0258  0.0253  0.0255  0.0251  0.0252
  0.0264  0.0261  0.0256  0.0260  0.0260  0.0257  0.0261  0.0268  0.0257  0.0263  0.0254  0.0255
niter,ni,del,rscale     3    3    5.0000    0.6000
parameters
    2.0226   -6.1469   16.1610   -6.5907  -10.7201   -3.9303
   -1.2352    1.7193    1.0358    0.3284    6.3272   -0.4354
eta,q 0.97505 10.98896
  0.0260  0.0258  0.0254  0.0257  0.0257  0.0255  0.0258  0.0263  0.0255  0.0260  0.0252  0.0254
  0.0254  0.0253  0.0252  0.0253  0.0254  0.0252  0.0253  0.0256  0.0252  0.0255  0.0251  0.0252
  0.0251  0.0251  0.0250  0.0251  0.0251  0.0250  0.0250  0.0251  0.0250  0.0251  0.0250  0.0250
  0.0249  0.0249  0.0250  0.0250  0.0249  0.0249  0.0250  0.0250  0.0249  0.0249  0.0250  0.0250
  0.0251  0.0251  0.0250  0.0250  0.0250  0.0250  0.0250  0.0251  0.0250  0.0251  0.0250  0.0250
  0.0254  0.0253  0.0251  0.0253  0.0253  0.0251  0.0253  0.0256  0.0252  0.0254  0.0251  0.0251
  0.0260  0.0258  0.0254  0.0257  0.0258  0.0254  0.0258  0.0263  0.0255  0.0260  0.0252  0.0254
niter,ni,del,rscale     2    3    5.0000    0.5000
parameters
    2.0253   -6.1514   16.1757   -6.5385  -10.6540   -3.9244
   -1.2215    1.7227    1.0422    0.3365    6.2879   -0.3583
eta,q 0.97505 10.99629
  0.0257  0.0255  0.0253  0.0255  0.0255  0.0253  0.0256  0.0259  0.0253  0.0257  0.0251  0.0253
  0.0253  0.0252  0.0251  0.0252  0.0252  0.0251  0.0252  0.0254  0.0251  0.0253  0.0250  0.0251
  0.0250  0.0250  0.0250  0.0250  0.0250  0.0250  0.0250  0.0251  0.0250  0.0250  0.0250  0.0250
  0.0250  0.0250  0.0250  0.0250  0.0249  0.0249  0.0249  0.0249  0.0249  0.0249  0.0249  0.0250
  0.0250  0.0250  0.0250  0.0250  0.0250  0.0250  0.0250  0.0250  0.0250  0.0250  0.0250  0.0250
  0.0253  0.0252  0.0251  0.0252  0.0252  0.0251  0.0252  0.0254  0.0251  0.0253  0.0250  0.0251
  0.0257  0.0255  0.0253  0.0255  0.0255  0.0253  0.0255  0.0259  0.0253  0.0257  0.0252  0.0252
niter,ni,del,rscale     1    3    5.0000    0.4000
parameters
    2.0266   -6.1555   16.1744   -6.5097  -10.5915   -3.9984
   -1.2290    1.7186    1.0499    0.3395    6.2578   -0.2792
eta,q 0.97506 10.99792
  0.0254  0.0253  0.0251  0.0253  0.0253  0.0252  0.0253  0.0255  0.0252  0.0254  0.0251  0.0251
  0.0252  0.0251  0.0250  0.0251  0.0251  0.0250  0.0251  0.0252  0.0251  0.0252  0.0250  0.0250
  0.0250  0.0250  0.0250  0.0250  0.0250  0.0249  0.0250  0.0250  0.0250  0.0250  0.0250  0.0250
  0.0249  0.0249  0.0249  0.0249  0.0249  0.0249  0.0249  0.0249  0.0249  0.0249  0.0249  0.0249
  0.0250  0.0250  0.0250  0.0250  0.0250  0.0250  0.0250  0.0250  0.0250  0.0250  0.0250  0.0250
  0.0252  0.0251  0.0250  0.0251  0.0251  0.0251  0.0251  0.0252  0.0251  0.0252  0.0250  0.0250
  0.0254  0.0253  0.0251  0.0253  0.0253  0.0252  0.0253  0.0256  0.0252  0.0254  0.0251  0.0251
registration optimization eta report
parameter search radius
    0.8000    0.8000    0.8000    2.4000    2.4000    2.4000
    2.4000    2.4000    2.4000    2.4000    2.4000    2.4000
100000*second partial in parameter space
       76.       60.       31.        6.        6.        4.
        7.       11.        4.        8.        2.        3.
  0.0254  0.0253  0.0251  0.0253  0.0253  0.0252  0.0253  0.0255  0.0252  0.0254  0.0251  0.0251
  0.0252  0.0251  0.0250  0.0251  0.0251  0.0250  0.0251  0.0252  0.0251  0.0252  0.0250  0.0250
  0.0250  0.0250  0.0250  0.0250  0.0250  0.0249  0.0250  0.0250  0.0250  0.0250  0.0250  0.0250
  0.0249  0.0249  0.0249  0.0249  0.0249  0.0249  0.0249  0.0249  0.0249  0.0249  0.0249  0.0249
  0.0250  0.0250  0.0250  0.0250  0.0250  0.0250  0.0250  0.0250  0.0250  0.0250  0.0250  0.0250
  0.0252  0.0251  0.0250  0.0251  0.0251  0.0251  0.0251  0.0252  0.0251  0.0252  0.0250  0.0250
  0.0254  0.0253  0.0251  0.0253  0.0253  0.0252  0.0253  0.0256  0.0252  0.0254  0.0251  0.0251
    2.0266   -6.1555   16.1744   -6.5097  -10.5915   -3.9984
   -1.2290    1.7186    1.0499    0.3395    6.2578   -0.2792
eta,q 0.97506 10.99792

---------------------------------------------------------------------
compute_vox2vox talsrcimg talsrcimg_to_711-2C_as_mni_average_305_t4 /opt/freesurfer/average/711-2C_as_mni_average_305
---------------------------------------------------------------------

freesurfer compute_vox2vox.c
Reading: talsrcimg.4dfp.ifh
Reading: talsrcimg_to_711-2C_as_mni_average_305_t4
Reading: /opt/freesurfer/average/711-2C_as_mni_average_305.4dfp.ifh
Writing: talsrcimg_to_711-2C_as_mni_average_305_t4_vox2vox.txt

start time Wed Mar 11 03:08:30 CET 2026
end		time Wed Mar 11 03:09:56 CET 2026

mpr2mni305 success

avi2talxfm orig_nu.mgz /opt/freesurfer/average/mni305.cor.mgz talsrcimg_to_711-2C_as_mni_average_305_t4_vox2vox.txt transforms/talairach.auto.xfm
avi2talxfm done
mv -f /out/sourcedata/freesurfer/sub-v2s13x29098_ses-1/mri/talsrcimg_to_711-2C_as_mni_average_305_t4_vox2vox.txt /out/sourcedata/freesurfer/sub-v2s13x29098_ses-1/mri/transforms/talsrcimg_to_711-2C_as_mni_average_305_t4_vox2vox.txt
lta_convert --src orig_nu.mgz --trg /opt/freesurfer/average/mni305.cor.mgz --inxfm transforms/talairach.auto.xfm --outlta transforms/talairach.auto.xfm.lta --subject fsaverage
7.3.2

--src: orig_nu.mgz src image (geometry).
--trg: /opt/freesurfer/average/mni305.cor.mgz trg image (geometry).
--inmni: transforms/talairach.auto.xfm input MNI/XFM transform.
--outlta: transforms/talairach.auto.xfm.lta output LTA.
--s: fsaverage subject name
 LTA read, type : 1
 1.07075  -0.01922   0.01466  -7.00943;
-0.06983   1.04289   0.00230  -14.50876;
-0.01231  -0.00374   1.11828  -31.94032;
 0.00000   0.00000   0.00000   1.00000;
setting subject to fsaverage
Writing  LTA to file transforms/talairach.auto.xfm.lta...
lta_convert successful.
 
 
Started at Wed Mar 11 03:08:30 CET 2026
Ended   at Wed Mar 11 03:09:56 CET 2026
talairach_avi done
