/out/sourcedata/freesurfer/sub-v2s13x29135_ses-1/mri
/opt/freesurfer/bin/talairach_avi
--i orig_nu.mgz --xfm transforms/talairach.auto.xfm
talairach_avi 7.3.2
Linux dna029 5.14.0-427.37.1.el9_4.x86_64 #1 SMP PREEMPT_DYNAMIC Fri Sep 13 12:41:50 EDT 2024 x86_64 x86_64 x86_64 GNU/Linux
Wed Mar 11 05:11:53 CET 2026
mri_convert orig_nu.mgz talsrcimg.img 
reading from orig_nu.mgz...
TR=0.00, TE=0.00, TI=0.00, flip angle=0.00
i_ras = (-1, 9.55618e-10, 0)
j_ras = (-6.47877e-11, -1.65856e-08, -1)
k_ras = (1.78166e-10, 1, 3.31713e-08)
writing to talsrcimg.img...
Analyze Output Matrix
-0.89844  -0.00000   0.00000   111.71179;
 0.00000  -0.00000   0.89844  -116.84445;
 0.00000  -0.89844   0.00000   131.30298;
 0.00000   0.00000   0.00000   1.00000;
--------------------
INFO: set hdr.hist.orient to -1
mpr2mni305 talsrcimg
Wed Mar 11 05:11:53 CET 2026
/opt/freesurfer/bin/mpr2mni305 talsrcimg
mpr2mni305 7.3.2
target=711-2C_as_mni_average_305

---------------------------------------------------------------------
analyzeto4dfp talsrcimg -O0 -y
---------------------------------------------------------------------

freesurfer ifh2hdr.c
Wed Mar 11 05:11:54 2026
Writing: talsrcimg.4dfp.hdr
freesurfer analyzeto4dfp.c
Reading: talsrcimg.hdr
header size 348 bytes
hdr.dime.datatype	offset=70	value=2
hdr.dime.bitpix		offset=72	value=8
hdr.hist.orient		offset=252	value=-1
dimensionality     4
dimensions       256       256       256         1
Reading: talsrcimg.img
Writing: talsrcimg.4dfp.img
Writing: talsrcimg.4dfp.ifh
ifh2hdr talsrcimg -r0to244
ori=2

---------------------------------------------------------------------
gauss_4dfp talsrcimg 1.1
---------------------------------------------------------------------

freesurfer gauss_4dfp.c
Reading: talsrcimg.4dfp.img
Writing: talsrcimg_g11.4dfp.img
image dimensions 256 256 256 padded to 288 288 288
processing volume 1freesurfer ifh2hdr.c
Wed Mar 11 05:11:55 2026
Writing: talsrcimg_g11.4dfp.hdr

Writing: talsrcimg_g11.4dfp.ifh
including: talsrcimg.4dfp.img.rec in talsrcimg_g11.4dfp.img.rec

---------------------------------------------------------------------
imgreg_4dfp /opt/freesurfer/average/711-2C_as_mni_average_305 none talsrcimg_g11 none talsrcimg_to_711-2C_as_mni_average_305_t4 4355
---------------------------------------------------------------------

freesurfer imgreg_4dfp.c
/opt/freesurfer/average/711-2C_as_mni_average_305.4dfp.img
       256       256       256         1
  1.000000  1.000000  1.000000
orientation T byte_order littleendian
Reading image: /opt/freesurfer/average/711-2C_as_mni_average_305.4dfp.img
dimensions:      256       256       256
mmppix:       1.0000   -1.0000   -1.0000
center:     128.0000 -129.0000 -129.0000
talsrcimg_g11.4dfp.img
       256       256       256         1
  0.898437  0.898437  0.898437
orientation T byte_order littleendian
Reading image: talsrcimg_g11.4dfp.img
dimensions:      256       256       256
mmppix:       0.8984   -0.8984   -0.8984
center:     114.9999 -115.8984 -115.8984
t4_read: open error in t4_sub.f l:  41 t4_file(1:l)talsrcimg_to_711-2C_as_mni_average_305_t4 
t4_read: transform initialized to I4
rotation matrix determinant  1.000000
image alignment mode   4355 decimal     1103 hex
   -7.5000  -45.0000  -45.0000 6380.2891   13.4170
    0.0000  -45.0000  -45.0000 6464.7495   13.4137
    7.5000  -45.0000  -45.0000 6191.0986   13.3934
   -7.5000  -37.5000  -45.0000 6730.2900   14.2478
    0.0000  -37.5000  -45.0000 6824.1558   14.2420
    7.5000  -37.5000  -45.0000 6535.7461   14.2213
   -7.5000  -30.0000  -45.0000 7114.9219   14.6774
    0.0000  -30.0000  -45.0000 7215.5503   14.6719
    7.5000  -30.0000  -45.0000 6889.7881   14.6476
   -7.5000  -22.5000  -45.0000 7611.2964   14.6670
    0.0000  -22.5000  -45.0000 7719.1030   14.6651
    7.5000  -22.5000  -45.0000 7367.1411   14.6371
   -7.5000  -15.0000  -45.0000 8061.7739   14.6770
    0.0000  -15.0000  -45.0000 8162.5801   14.6778
    7.5000  -15.0000  -45.0000 7801.9922   14.6488
   -7.5000   -7.5000  -45.0000 8104.1660   14.6964
    0.0000   -7.5000  -45.0000 8177.8828   14.6961
    7.5000   -7.5000  -45.0000 7803.6841   14.6700
   -7.5000    0.0000  -45.0000 8051.3755   14.7071
    0.0000    0.0000  -45.0000 8125.2227   14.7034
    7.5000    0.0000  -45.0000 7742.9937   14.6810
   -7.5000    7.5000  -45.0000 7594.9619   14.6970
    0.0000    7.5000  -45.0000 7672.8774   14.6910
    7.5000    7.5000  -45.0000 7302.0005   14.6696
   -7.5000   15.0000  -45.0000 7319.5176   14.6774
    0.0000   15.0000  -45.0000 7391.8418   14.6720
    7.5000   15.0000  -45.0000 7036.5967   14.6477
   -7.5000   22.5000  -45.0000 6704.0073   14.5134
    0.0000   22.5000  -45.0000 6772.9141   14.5114
    7.5000   22.5000  -45.0000 6431.9004   14.4834
   -7.5000   30.0000  -45.0000 6171.7642   14.3176
    0.0000   30.0000  -45.0000 6256.0967   14.3187
    7.5000   30.0000  -45.0000 5918.1577   14.2899
   -7.5000   37.5000  -45.0000 5679.0010   14.1978
    0.0000   37.5000  -45.0000 5745.6260   14.1973
    7.5000   37.5000  -45.0000 5443.4033   14.1698
   -7.5000   45.0000  -45.0000 5146.1675   14.2010
    0.0000   45.0000  -45.0000 5205.2007   14.1976
    7.5000   45.0000  -45.0000 4932.0688   14.1716
   -7.5000  -45.0000  -37.5000 6932.2520   14.0223
    0.0000  -45.0000  -37.5000 7052.4424   14.0350
    7.5000  -45.0000  -37.5000 6736.9692   14.0249
   -7.5000  -37.5000  -37.5000 7295.6665   14.8986
    0.0000  -37.5000  -37.5000 7427.0493   14.9104
    7.5000  -37.5000  -37.5000 7080.2563   14.8977
   -7.5000  -30.0000  -37.5000 7702.9712   15.3198
    0.0000  -30.0000  -37.5000 7839.6797   15.3318
    7.5000  -30.0000  -37.5000 7474.8501   15.3147
   -7.5000  -22.5000  -37.5000 8238.6670   15.3063
    0.0000  -22.5000  -37.5000 8373.4160   15.3206
    7.5000  -22.5000  -37.5000 7977.5034   15.3016
   -7.5000  -15.0000  -37.5000 8725.7100   15.3156
    0.0000  -15.0000  -37.5000 8863.2764   15.3320
    7.5000  -15.0000  -37.5000 8432.3047   15.3147
   -7.5000   -7.5000  -37.5000 8743.3135   15.3370
    0.0000   -7.5000  -37.5000 8867.9922   15.3528
    7.5000   -7.5000  -37.5000 8435.1016   15.3393
   -7.5000    0.0000  -37.5000 8680.4141   15.3510
    0.0000    0.0000  -37.5000 8819.8164   15.3648
    7.5000    0.0000  -37.5000 8377.9990   15.3537
   -7.5000    7.5000  -37.5000 8204.7676   15.3413
    0.0000    7.5000  -37.5000 8325.7686   15.3535
    7.5000    7.5000  -37.5000 7909.2573   15.3403
   -7.5000   15.0000  -37.5000 7900.8579   15.3192
    0.0000   15.0000  -37.5000 8003.2837   15.3312
    7.5000   15.0000  -37.5000 7592.9771   15.3141
   -7.5000   22.5000  -37.5000 7208.4551   15.1480
    0.0000   22.5000  -37.5000 7295.4561   15.1621
    7.5000   22.5000  -37.5000 6916.1235   15.1428
   -7.5000   30.0000  -37.5000 6634.0913   14.9475
    0.0000   30.0000  -37.5000 6695.0508   14.9633
    7.5000   30.0000  -37.5000 6349.6807   14.9455
   -7.5000   37.5000  -37.5000 6094.6831   14.8235
    0.0000   37.5000  -37.5000 6137.3887   14.8376
    7.5000   37.5000  -37.5000 5821.7925   14.8208
   -7.5000   45.0000  -37.5000 5515.7500   14.8057
    0.0000   45.0000  -37.5000 5556.8999   14.8185
    7.5000   45.0000  -37.5000 5270.5708   14.8022
   -7.5000  -45.0000  -30.0000 7531.6167   14.5976
    0.0000  -45.0000  -30.0000 7655.4170   14.6071
    7.5000  -45.0000  -30.0000 7288.1074   14.5932
   -7.5000  -37.5000  -30.0000 7910.5337   15.5196
    0.0000  -37.5000  -30.0000 8038.1484   15.5297
    7.5000  -37.5000  -30.0000 7652.0962   15.5117
   -7.5000  -30.0000  -30.0000 8336.6973   15.9409
    0.0000  -30.0000  -30.0000 8487.6777   15.9497
    7.5000  -30.0000  -30.0000 8074.2480   15.9273
   -7.5000  -22.5000  -30.0000 8890.1699   15.9289
    0.0000  -22.5000  -30.0000 9054.1846   15.9368
    7.5000  -22.5000  -30.0000 8605.0645   15.9133
   -7.5000  -15.0000  -30.0000 9406.8369   15.9349
    0.0000  -15.0000  -30.0000 9577.9912   15.9428
    7.5000  -15.0000  -30.0000 9089.4326   15.9218
   -7.5000   -7.5000  -30.0000 9409.2383   15.9515
    0.0000   -7.5000  -30.0000 9564.7041   15.9606
    7.5000   -7.5000  -30.0000 9081.0654   15.9436
   -7.5000    0.0000  -30.0000 9342.5176   15.9642
    0.0000    0.0000  -30.0000 9503.9414   15.9746
    7.5000    0.0000  -30.0000 9024.3369   15.9593
   -7.5000    7.5000  -30.0000 8813.5098   15.9565
    0.0000    7.5000  -30.0000 8958.6074   15.9669
    7.5000    7.5000  -30.0000 8505.3662   15.9484
   -7.5000   15.0000  -30.0000 8471.3359   15.9388
    0.0000   15.0000  -30.0000 8607.1367   15.9476
    7.5000   15.0000  -30.0000 8158.6250   15.9252
   -7.5000   22.5000  -30.0000 7712.0332   15.7663
    0.0000   22.5000  -30.0000 7807.6606   15.7741
    7.5000   22.5000  -30.0000 7426.9712   15.7503
   -7.5000   30.0000  -30.0000 7057.2725   15.5621
    0.0000   30.0000  -30.0000 7138.7969   15.5696
    7.5000   30.0000  -30.0000 6786.5137   15.5480
   -7.5000   37.5000  -30.0000 6481.1592   15.4390
    0.0000   37.5000  -30.0000 6537.8052   15.4460
    7.5000   37.5000  -30.0000 6218.8750   15.4244
   -7.5000   45.0000  -30.0000 5862.9365   15.4129
    0.0000   45.0000  -30.0000 5908.1562   15.4224
    7.5000   45.0000  -30.0000 5605.6392   15.4017
   -7.5000  -45.0000  -22.5000 8136.9658   15.1046
    0.0000  -45.0000  -22.5000 8254.1670   15.0973
    7.5000  -45.0000  -22.5000 7856.1748   15.0682
   -7.5000  -37.5000  -22.5000 8537.8779   16.0694
    0.0000  -37.5000  -22.5000 8676.2510   16.0621
    7.5000  -37.5000  -22.5000 8243.6016   16.0301
   -7.5000  -30.0000  -22.5000 8987.1865   16.4903
    0.0000  -30.0000  -22.5000 9148.4863   16.4808
    7.5000  -30.0000  -22.5000 8686.2480   16.4450
   -7.5000  -22.5000  -22.5000 9550.1572   16.4798
    0.0000  -22.5000  -22.5000 9739.4229   16.4682
    7.5000  -22.5000  -22.5000 9231.5596   16.4302
   -7.5000  -15.0000  -22.500010111.3750   16.4840
    0.0000  -15.0000  -22.500010292.0400   16.4717
    7.5000  -15.0000  -22.5000 9743.8701   16.4342
   -7.5000   -7.5000  -22.500010092.0117   16.4981
    0.0000   -7.5000  -22.500010258.3672   16.4875
    7.5000   -7.5000  -22.5000 9730.2031   16.4531
   -7.5000    0.0000  -22.500010019.1123   16.5092
    0.0000    0.0000  -22.500010184.3418   16.5013
    7.5000    0.0000  -22.5000 9671.0684   16.4693
   -7.5000    7.5000  -22.5000 9435.0742   16.5012
    0.0000    7.5000  -22.5000 9585.8467   16.4937
    7.5000    7.5000  -22.5000 9099.9648   16.4609
   -7.5000   15.0000  -22.5000 9052.9541   16.4864
    0.0000   15.0000  -22.5000 9196.8730   16.4769
    7.5000   15.0000  -22.5000 8718.3779   16.4412
   -7.5000   22.5000  -22.5000 8216.7471   16.3132
    0.0000   22.5000  -22.5000 8313.8887   16.3018
    7.5000   22.5000  -22.5000 7909.3696   16.2640
   -7.5000   30.0000  -22.5000 7526.0918   16.1108
    0.0000   30.0000  -22.5000 7597.3809   16.0986
    7.5000   30.0000  -22.5000 7230.1641   16.0613
   -7.5000   37.5000  -22.5000 6876.9077   15.9896
    0.0000   37.5000  -22.5000 6937.6426   15.9782
    7.5000   37.5000  -22.5000 6604.8242   15.9395
   -7.5000   45.0000  -22.5000 6203.9194   15.9731
    0.0000   45.0000  -22.5000 6246.5674   15.9661
    7.5000   45.0000  -22.5000 5939.3154   15.9298
   -7.5000  -45.0000  -15.0000 8702.6777   15.6233
    0.0000  -45.0000  -15.0000 8845.5479   15.6015
    7.5000  -45.0000  -15.0000 8399.2188   15.5610
   -7.5000  -37.5000  -15.0000 9143.6396   16.6189
    0.0000  -37.5000  -15.0000 9293.3174   16.5955
    7.5000  -37.5000  -15.0000 8829.8545   16.5550
   -7.5000  -30.0000  -15.0000 9616.2764   17.0396
    0.0000  -30.0000  -15.0000 9793.6670   17.0150
    7.5000  -30.0000  -15.0000 9303.1318   16.9722
   -7.5000  -22.5000  -15.000010212.5908   17.0303
    0.0000  -22.5000  -15.000010426.6133   17.0053
    7.5000  -22.5000  -15.0000 9875.7412   16.9585
   -7.5000  -15.0000  -15.000010803.4141   17.0354
    0.0000  -15.0000  -15.000011019.7568   17.0101
    7.5000  -15.0000  -15.000010415.3555   16.9605
   -7.5000   -7.5000  -15.000010782.3643   17.0499
    0.0000   -7.5000  -15.000010987.8828   17.0251
    7.5000   -7.5000  -15.000010394.9971   16.9769
   -7.5000    0.0000  -15.000010669.3516   17.0596
    0.0000    0.0000  -15.000010879.9160   17.0357
    7.5000    0.0000  -15.000010298.7979   16.9915
   -7.5000    7.5000  -15.000010027.2764   17.0489
    0.0000    7.5000  -15.000010190.1602   17.0249
    7.5000    7.5000  -15.0000 9643.6260   16.9834
   -7.5000   15.0000  -15.0000 9618.4443   17.0345
    0.0000   15.0000  -15.0000 9752.8213   17.0099
    7.5000   15.0000  -15.0000 9237.4307   16.9671
   -7.5000   22.5000  -15.0000 8728.1758   16.8594
    0.0000   22.5000  -15.0000 8817.0361   16.8346
    7.5000   22.5000  -15.0000 8366.4600   16.7883
   -7.5000   30.0000  -15.0000 8000.3457   16.6627
    0.0000   30.0000  -15.0000 8069.2227   16.6384
    7.5000   30.0000  -15.0000 7668.9399   16.5898
   -7.5000   37.5000  -15.0000 7289.4951   16.5458
    0.0000   37.5000  -15.0000 7365.7080   16.5220
    7.5000   37.5000  -15.0000 6977.8677   16.4715
   -7.5000   45.0000  -15.0000 6546.7441   16.5459
    0.0000   45.0000  -15.0000 6596.4727   16.5245
    7.5000   45.0000  -15.0000 6267.5083   16.4770
   -7.5000  -45.0000   -7.5000 8992.4795   15.6505
    0.0000  -45.0000   -7.5000 9120.2559   15.6312
    7.5000  -45.0000   -7.5000 8669.8867   15.5947
   -7.5000  -37.5000   -7.5000 9465.9043   16.6452
    0.0000  -37.5000   -7.5000 9622.1094   16.6237
    7.5000  -37.5000   -7.5000 9138.0254   16.5888
   -7.5000  -30.0000   -7.5000 9952.3320   17.0624
    0.0000  -30.0000   -7.500010131.3164   17.0417
    7.5000  -30.0000   -7.5000 9621.6055   17.0056
   -7.5000  -22.5000   -7.500010588.7178   17.0506
    0.0000  -22.5000   -7.500010781.5293   17.0327
    7.5000  -22.5000   -7.500010205.5400   16.9924
   -7.5000  -15.0000   -7.500011188.0332   17.0581
    0.0000  -15.0000   -7.500011376.3398   17.0411
    7.5000  -15.0000   -7.500010767.2617   16.9969
   -7.5000   -7.5000   -7.500011147.9941   17.0772
    0.0000   -7.5000   -7.500011366.8730   17.0586
    7.5000   -7.5000   -7.500010744.1982   17.0146
   -7.5000    0.0000   -7.500010986.7471   17.0893
    0.0000    0.0000   -7.500011194.4111   17.0681
    7.5000    0.0000   -7.500010588.9287   17.0282
   -7.5000    7.5000   -7.500010295.7822   17.0759
    0.0000    7.5000   -7.500010460.7734   17.0539
    7.5000    7.5000   -7.5000 9899.7910   17.0181
   -7.5000   15.0000   -7.5000 9904.7686   17.0572
    0.0000   15.0000   -7.500010029.2432   17.0365
    7.5000   15.0000   -7.5000 9510.2158   17.0004
   -7.5000   22.5000   -7.5000 8989.4727   16.8776
    0.0000   22.5000   -7.5000 9092.9336   16.8598
    7.5000   22.5000   -7.5000 8616.7334   16.8199
   -7.5000   30.0000   -7.5000 8255.5576   16.6834
    0.0000   30.0000   -7.5000 8343.2549   16.6675
    7.5000   30.0000   -7.5000 7895.4644   16.6242
   -7.5000   37.5000   -7.5000 7504.4663   16.5690
    0.0000   37.5000   -7.5000 7582.2891   16.5516
    7.5000   37.5000   -7.5000 7172.0361   16.5067
   -7.5000   45.0000   -7.5000 6709.1851   16.5740
    0.0000   45.0000   -7.5000 6773.9365   16.5551
    7.5000   45.0000   -7.5000 6422.3350   16.5122
   -7.5000  -45.0000    0.0000 9098.4834   16.0620
    0.0000  -45.0000    0.0000 9219.5254   16.0606
    7.5000  -45.0000    0.0000 8769.1943   16.0386
   -7.5000  -37.5000    0.0000 9599.5283   17.0748
    0.0000  -37.5000    0.0000 9754.0908   17.0715
    7.5000  -37.5000    0.0000 9262.4805   17.0502
   -7.5000  -30.0000    0.000010127.6533   17.4881
    0.0000  -30.0000    0.000010311.4570   17.4865
    7.5000  -30.0000    0.0000 9785.6855   17.4626
   -7.5000  -22.5000    0.000010789.5635   17.4738
    0.0000  -22.5000    0.000010961.4082   17.4764
    7.5000  -22.5000    0.000010384.5361   17.4489
   -7.5000  -15.0000    0.000011375.8955   17.4834
    0.0000  -15.0000    0.000011527.4980   17.4884
    7.5000  -15.0000    0.000010911.9180   17.4589
   -7.5000   -7.5000    0.000011332.5996   17.5065
    0.0000   -7.5000    0.000011503.8320   17.5091
    7.5000   -7.5000    0.000010889.5732   17.4813
   -7.5000    0.0000    0.000011137.2871   17.5213
    0.0000    0.0000    0.000011311.4219   17.5196
    7.5000    0.0000    0.000010707.3604   17.4956
   -7.5000    7.5000    0.000010413.7793   17.5051
    0.0000    7.5000    0.000010582.1816   17.5017
    7.5000    7.5000    0.000010012.1406   17.4799
   -7.5000   15.0000    0.000010023.6914   17.4820
    0.0000   15.0000    0.000010158.4014   17.4804
    7.5000   15.0000    0.0000 9617.1660   17.4565
   -7.5000   22.5000    0.0000 9098.3252   17.2982
    0.0000   22.5000    0.0000 9247.7158   17.3007
    7.5000   22.5000    0.0000 8735.7266   17.2732
   -7.5000   30.0000    0.0000 8334.7764   17.1079
    0.0000   30.0000    0.0000 8462.4531   17.1131
    7.5000   30.0000    0.0000 7976.2231   17.0837
   -7.5000   37.5000    0.0000 7572.3018   17.0048
    0.0000   37.5000    0.0000 7677.8345   17.0072
    7.5000   37.5000    0.0000 7233.8735   16.9777
   -7.5000   45.0000    0.0000 6763.6147   17.0224
    0.0000   45.0000    0.0000 6847.8086   17.0212
    7.5000   45.0000    0.0000 6478.8257   16.9929
   -7.5000  -45.0000    7.5000 8867.3213   16.0549
    0.0000  -45.0000    7.5000 8970.5381   16.0687
    7.5000  -45.0000    7.5000 8519.6768   16.0584
   -7.5000  -37.5000    7.5000 9338.4824   17.0687
    0.0000  -37.5000    7.5000 9464.7959   17.0819
    7.5000  -37.5000    7.5000 8999.1436   17.0690
   -7.5000  -30.0000    7.5000 9904.4854   17.4814
    0.0000  -30.0000    7.500010082.3125   17.4949
    7.5000  -30.0000    7.5000 9569.7949   17.4773
   -7.5000  -22.5000    7.500010640.0635   17.4659
    0.0000  -22.5000    7.500010837.8555   17.4818
    7.5000  -22.5000    7.500010255.8594   17.4620
   -7.5000  -15.0000    7.500011244.9736   17.4750
    0.0000  -15.0000    7.500011390.7920   17.4926
    7.5000  -15.0000    7.500010767.8857   17.4743
   -7.5000   -7.5000    7.500011152.7344   17.4977
    0.0000   -7.5000    7.500011323.2588   17.5146
    7.5000   -7.5000    7.500010681.3584   17.5005
   -7.5000    0.0000    7.500010892.2725   17.5136
    0.0000    0.0000    7.500011067.9961   17.5285
    7.5000    0.0000    7.500010445.8047   17.5172
   -7.5000    7.5000    7.500010130.6104   17.4988
    0.0000    7.5000    7.500010322.6719   17.5124
    7.5000    7.5000    7.5000 9729.1670   17.4991
   -7.5000   15.0000    7.5000 9716.3330   17.4753
    0.0000   15.0000    7.5000 9883.8887   17.4888
    7.5000   15.0000    7.5000 9319.4727   17.4712
   -7.5000   22.5000    7.5000 8839.8193   17.2920
    0.0000   22.5000    7.5000 9012.3477   17.3076
    7.5000   22.5000    7.5000 8498.5186   17.2874
   -7.5000   30.0000    7.5000 8095.6304   17.0988
    0.0000   30.0000    7.5000 8248.7412   17.1159
    7.5000   30.0000    7.5000 7782.0854   17.0970
   -7.5000   37.5000    7.5000 7352.7476   16.9989
    0.0000   37.5000    7.5000 7473.4614   17.0138
    7.5000   37.5000    7.5000 7049.8506   16.9959
   -7.5000   45.0000    7.5000 6581.2788   17.0123
    0.0000   45.0000    7.5000 6673.6265   17.0260
    7.5000   45.0000    7.5000 6300.3276   17.0089
   -7.5000  -45.0000   15.0000 8910.4336   16.0381
    0.0000  -45.0000   15.0000 8986.5889   16.0484
    7.5000  -45.0000   15.0000 8576.2461   16.0336
   -7.5000  -37.5000   15.0000 9368.0127   17.0534
    0.0000  -37.5000   15.0000 9465.1904   17.0643
    7.5000  -37.5000   15.0000 9046.1377   17.0452
   -7.5000  -30.0000   15.0000 9961.1367   17.4688
    0.0000  -30.0000   15.000010202.6162   17.4784
    7.5000  -30.0000   15.0000 9669.3428   17.4545
   -7.5000  -22.5000   15.000010772.8994   17.4548
    0.0000  -22.5000   15.000011154.0732   17.4631
    7.5000  -22.5000   15.000010478.0977   17.4380
   -7.5000  -15.0000   15.000011420.9834   17.4612
    0.0000  -15.0000   15.000011808.3955   17.4696
    7.5000  -15.0000   15.000011058.3779   17.4470
   -7.5000   -7.5000   15.000011316.2881   17.4804
    0.0000   -7.5000   15.000011623.1221   17.4899
    7.5000   -7.5000   15.000010887.0029   17.4718
   -7.5000    0.0000   15.000011018.9404   17.4952
    0.0000    0.0000   15.000011268.0303   17.5064
    7.5000    0.0000   15.000010566.3701   17.4902
   -7.5000    7.5000   15.000010200.3281   17.4831
    0.0000    7.5000   15.000010385.0625   17.4943
    7.5000    7.5000   15.0000 9781.5547   17.4748
   -7.5000   15.0000   15.0000 9745.9688   17.4628
    0.0000   15.0000   15.0000 9913.0195   17.4723
    7.5000   15.0000   15.0000 9337.8135   17.4485
   -7.5000   22.5000   15.0000 8885.0146   17.2828
    0.0000   22.5000   15.0000 9034.8223   17.2911
    7.5000   22.5000   15.0000 8523.1514   17.2657
   -7.5000   30.0000   15.0000 8139.5879   17.0865
    0.0000   30.0000   15.0000 8274.7422   17.0943
    7.5000   30.0000   15.0000 7816.6328   17.0711
   -7.5000   37.5000   15.0000 7377.3789   16.9858
    0.0000   37.5000   15.0000 7496.1621   16.9933
    7.5000   37.5000   15.0000 7078.9766   16.9699
   -7.5000   45.0000   15.0000 6596.4375   16.9964
    0.0000   45.0000   15.0000 6695.4917   17.0066
    7.5000   45.0000   15.0000 6328.3740   16.9843
   -7.5000  -45.0000   22.5000 8497.4062   16.1703
    0.0000  -45.0000   22.5000 8618.5293   16.1626
    7.5000  -45.0000   22.5000 8209.0938   16.1315
   -7.5000  -37.5000   22.5000 8916.3848   17.1950
    0.0000  -37.5000   22.5000 9057.3125   17.1874
    7.5000  -37.5000   22.5000 8621.2148   17.1533
   -7.5000  -30.0000   22.5000 9481.9209   17.6183
    0.0000  -30.0000   22.5000 9722.7783   17.6083
    7.5000  -30.0000   22.5000 9170.8887   17.5703
   -7.5000  -22.5000   22.500010218.7471   17.6074
    0.0000  -22.5000   22.500010511.4570   17.5950
    7.5000  -22.5000   22.5000 9887.5986   17.5545
   -7.5000  -15.0000   22.500010773.7354   17.6124
    0.0000  -15.0000   22.500011105.3154   17.5991
    7.5000  -15.0000   22.500010445.4131   17.5590
   -7.5000   -7.5000   22.500010718.7412   17.6277
    0.0000   -7.5000   22.500010990.6943   17.6163
    7.5000   -7.5000   22.500010342.3320   17.5795
   -7.5000    0.0000   22.500010489.8193   17.6394
    0.0000    0.0000   22.500010723.2197   17.6310
    7.5000    0.0000   22.500010080.3047   17.5969
   -7.5000    7.5000   22.5000 9686.8096   17.6283
    0.0000    7.5000   22.5000 9857.1094   17.6205
    7.5000    7.5000   22.5000 9309.5068   17.5855
   -7.5000   15.0000   22.5000 9246.8750   17.6122
    0.0000   15.0000   22.5000 9377.3955   17.6022
    7.5000   15.0000   22.5000 8864.2812   17.5642
   -7.5000   22.5000   22.5000 8408.4072   17.4350
    0.0000   22.5000   22.5000 8525.1377   17.4228
    7.5000   22.5000   22.5000 8074.7314   17.3824
   -7.5000   30.0000   22.5000 7714.8394   17.2393
    0.0000   30.0000   22.5000 7823.4805   17.2262
    7.5000   30.0000   22.5000 7411.2710   17.1862
   -7.5000   37.5000   22.5000 6999.5405   17.1367
    0.0000   37.5000   22.5000 7087.4243   17.1245
    7.5000   37.5000   22.5000 6716.2803   17.0829
   -7.5000   45.0000   22.5000 6264.4946   17.1522
    0.0000   45.0000   22.5000 6328.3604   17.1448
    7.5000   45.0000   22.5000 6001.1343   17.1059
   -7.5000  -45.0000   30.0000 8024.8516   16.3055
    0.0000  -45.0000   30.0000 8141.5918   16.2842
    7.5000  -45.0000   30.0000 7751.6328   16.2411
   -7.5000  -37.5000   30.0000 8435.2959   17.3448
    0.0000  -37.5000   30.0000 8549.3750   17.3221
    7.5000  -37.5000   30.0000 8143.6865   17.2793
   -7.5000  -30.0000   30.0000 8956.5225   17.7747
    0.0000  -30.0000   30.0000 9099.2500   17.7506
    7.5000  -30.0000   30.0000 8646.2949   17.7050
   -7.5000  -22.5000   30.0000 9583.3018   17.7642
    0.0000  -22.5000   30.0000 9729.8906   17.7395
    7.5000  -22.5000   30.0000 9252.6582   17.6892
   -7.5000  -15.0000   30.000010088.9971   17.7703
    0.0000  -15.0000   30.000010218.5752   17.7453
    7.5000  -15.0000   30.0000 9746.4619   17.6917
   -7.5000   -7.5000   30.000010047.7910   17.7868
    0.0000   -7.5000   30.000010164.3564   17.7624
    7.5000   -7.5000   30.0000 9675.0137   17.7106
   -7.5000    0.0000   30.0000 9879.5967   17.7977
    0.0000    0.0000   30.0000 9996.3613   17.7744
    7.5000    0.0000   30.0000 9488.3242   17.7274
   -7.5000    7.5000   30.0000 9152.8125   17.7849
    0.0000    7.5000   30.0000 9255.2139   17.7617
    7.5000    7.5000   30.0000 8789.2383   17.7178
   -7.5000   15.0000   30.0000 8750.4287   17.7685
    0.0000   15.0000   30.0000 8838.2832   17.7444
    7.5000   15.0000   30.0000 8383.3838   17.6988
   -7.5000   22.5000   30.0000 7952.5078   17.5883
    0.0000   22.5000   30.0000 8036.9751   17.5638
    7.5000   22.5000   30.0000 7624.5469   17.5140
   -7.5000   30.0000   30.0000 7260.9370   17.4067
    0.0000   30.0000   30.0000 7365.7666   17.3826
    7.5000   30.0000   30.0000 6979.0122   17.3299
   -7.5000   37.5000   30.0000 6562.2954   17.3106
    0.0000   37.5000   30.0000 6653.8257   17.2872
    7.5000   37.5000   30.0000 6304.3081   17.2327
   -7.5000   45.0000   30.0000 5861.5718   17.3310
    0.0000   45.0000   30.0000 5923.8647   17.3104
    7.5000   45.0000   30.0000 5607.8374   17.2597
   -7.5000  -45.0000   37.5000 7516.3901   16.3990
    0.0000  -45.0000   37.5000 7620.4932   16.3804
    7.5000  -45.0000   37.5000 7270.9238   16.3408
   -7.5000  -37.5000   37.5000 7927.0112   17.4494
    0.0000  -37.5000   37.5000 8030.9771   17.4280
    7.5000  -37.5000   37.5000 7652.3486   17.3896
   -7.5000  -30.0000   37.5000 8398.4014   17.8693
    0.0000  -30.0000   37.5000 8511.3037   17.8481
    7.5000  -30.0000   37.5000 8099.5654   17.8088
   -7.5000  -22.5000   37.5000 8943.7812   17.8553
    0.0000  -22.5000   37.5000 9039.0234   17.8369
    7.5000  -22.5000   37.5000 8624.0137   17.7940
   -7.5000  -15.0000   37.5000 9425.2578   17.8601
    0.0000  -15.0000   37.5000 9506.3203   17.8434
    7.5000  -15.0000   37.5000 9081.4004   17.7968
   -7.5000   -7.5000   37.5000 9402.7051   17.8787
    0.0000   -7.5000   37.5000 9480.1904   17.8609
    7.5000   -7.5000   37.5000 9049.2949   17.8142
   -7.5000    0.0000   37.5000 9270.5303   17.8930
    0.0000    0.0000   37.5000 9336.6289   17.8725
    7.5000    0.0000   37.5000 8901.4678   17.8293
   -7.5000    7.5000   37.5000 8611.8145   17.8811
    0.0000    7.5000   37.5000 8675.7305   17.8592
    7.5000    7.5000   37.5000 8263.9004   17.8198
   -7.5000   15.0000   37.5000 8246.0352   17.8628
    0.0000   15.0000   37.5000 8293.1885   17.8417
    7.5000   15.0000   37.5000 7894.8647   17.8023
   -7.5000   22.5000   37.5000 7502.0420   17.6649
    0.0000   22.5000   37.5000 7570.6533   17.6465
    7.5000   22.5000   37.5000 7176.0742   17.6041
   -7.5000   30.0000   37.5000 6838.7222   17.4706
    0.0000   30.0000   37.5000 6917.3281   17.4550
    7.5000   30.0000   37.5000 6549.3081   17.4094
   -7.5000   37.5000   37.5000 6150.1338   17.3674
    0.0000   37.5000   37.5000 6220.0132   17.3509
    7.5000   37.5000   37.5000 5883.7173   17.3034
   -7.5000   45.0000   37.5000 5469.1445   17.3890
    0.0000   45.0000   37.5000 5517.6450   17.3711
    7.5000   45.0000   37.5000 5241.8125   17.3249
   -7.5000  -45.0000   45.0000 6998.4043   16.5571
    0.0000  -45.0000   45.0000 7107.4092   16.5569
    7.5000  -45.0000   45.0000 6769.2593   16.5332
   -7.5000  -37.5000   45.0000 7389.6836   17.6212
    0.0000  -37.5000   45.0000 7500.0723   17.6203
    7.5000  -37.5000   45.0000 7133.3584   17.5970
   -7.5000  -30.0000   45.0000 7822.9819   18.0264
    0.0000  -30.0000   45.0000 7938.7568   18.0272
    7.5000  -30.0000   45.0000 7550.6060   18.0023
   -7.5000  -22.5000   45.0000 8321.7354   18.0086
    0.0000  -22.5000   45.0000 8396.0977   18.0129
    7.5000  -22.5000   45.0000 8010.6309   17.9858
   -7.5000  -15.0000   45.0000 8758.2510   18.0117
    0.0000  -15.0000   45.0000 8830.9658   18.0171
    7.5000  -15.0000   45.0000 8430.9531   17.9884
   -7.5000   -7.5000   45.0000 8751.8203   18.0316
    0.0000   -7.5000   45.0000 8827.5234   18.0345
    7.5000   -7.5000   45.0000 8424.0615   18.0064
   -7.5000    0.0000   45.0000 8644.9023   18.0498
    0.0000    0.0000   45.0000 8713.4355   18.0495
    7.5000    0.0000   45.0000 8303.4688   18.0236
   -7.5000    7.5000   45.0000 8028.5942   18.0399
    0.0000    7.5000   45.0000 8111.3276   18.0389
    7.5000    7.5000   45.0000 7726.9790   18.0150
   -7.5000   15.0000   45.0000 7694.9844   18.0197
    0.0000   15.0000   45.0000 7764.5815   18.0205
    7.5000   15.0000   45.0000 7369.8096   17.9956
   -7.5000   22.5000   45.0000 7021.0410   17.7995
    0.0000   22.5000   45.0000 7081.9414   17.8035
    7.5000   22.5000   45.0000 6706.0586   17.7764
   -7.5000   30.0000   45.0000 6393.1548   17.5859
    0.0000   30.0000   45.0000 6448.9697   17.5915
    7.5000   30.0000   45.0000 6111.6895   17.5632
   -7.5000   37.5000   45.0000 5719.6143   17.4622
    0.0000   37.5000   45.0000 5771.9761   17.4643
    7.5000   37.5000   45.0000 5473.9956   17.4349
   -7.5000   45.0000   45.0000 5073.1230   17.4709
    0.0000   45.0000   45.0000 5103.0542   17.4711
    7.5000   45.0000   45.0000 4865.4746   17.4420

---------------------------------------------------------------------
imgreg_4dfp /opt/freesurfer/average/711-2C_as_mni_average_305 /opt/freesurfer/average/711-2B_as_mni_average_305_mask talsrcimg_g11 none talsrcimg_to_711-2C_as_mni_average_305_t4 4355
---------------------------------------------------------------------

freesurfer imgreg_4dfp.c
/opt/freesurfer/average/711-2C_as_mni_average_305.4dfp.img
       256       256       256         1
  1.000000  1.000000  1.000000
orientation T byte_order littleendian
Reading image: /opt/freesurfer/average/711-2C_as_mni_average_305.4dfp.img
dimensions:      256       256       256
mmppix:       1.0000   -1.0000   -1.0000
center:     128.0000 -129.0000 -129.0000
/opt/freesurfer/average/711-2B_as_mni_average_305_mask.4dfp.img
       256       256       256         1
  1.000000  1.000000  1.000000
orientation T byte_order littleendian
Reading mask: /opt/freesurfer/average/711-2B_as_mni_average_305_mask.4dfp.img (2306576 pixels)
talsrcimg_g11.4dfp.img
       256       256       256         1
  0.898437  0.898437  0.898437
orientation T byte_order littleendian
Reading image: talsrcimg_g11.4dfp.img
dimensions:      256       256       256
mmppix:       0.8984   -0.8984   -0.8984
center:     114.9999 -115.8984 -115.8984
rotation matrix determinant  1.000000
image alignment mode   4355 decimal     1103 hex
   -7.5000  -60.0000  -30.0000 2161.1023   16.8018
    0.0000  -60.0000  -30.0000 2183.8904   16.6457
    7.5000  -60.0000  -30.0000 2175.1982   16.6505
   -7.5000  -52.5000  -30.0000 2257.9321   15.3883
    0.0000  -52.5000  -30.0000 2280.1370   15.2919
    7.5000  -52.5000  -30.0000 2274.1709   15.3172
   -7.5000  -45.0000  -30.0000 2344.6367   14.5449
    0.0000  -45.0000  -30.0000 2370.0071   14.4385
    7.5000  -45.0000  -30.0000 2362.6660   14.4555
   -7.5000  -37.5000  -30.0000 2386.0300   13.8827
    0.0000  -37.5000  -30.0000 2413.8701   13.7563
    7.5000  -37.5000  -30.0000 2401.7520   13.7740
   -7.5000  -30.0000  -30.0000 2404.0247   13.5056
    0.0000  -30.0000  -30.0000 2438.5054   13.3329
    7.5000  -30.0000  -30.0000 2425.9663   13.3576
   -7.5000  -22.5000  -30.0000 2408.8040   13.3666
    0.0000  -22.5000  -30.0000 2438.3196   13.2102
    7.5000  -22.5000  -30.0000 2429.6069   13.2381
   -7.5000  -15.0000  -30.0000 2406.0859   13.4423
    0.0000  -15.0000  -30.0000 2440.6829   13.2700
    7.5000  -15.0000  -30.0000 2429.1682   13.2964
   -7.5000   -7.5000  -30.0000 2388.0210   13.7834
    0.0000   -7.5000  -30.0000 2422.8064   13.6160
    7.5000   -7.5000  -30.0000 2408.3228   13.6271
   -7.5000    0.0000  -30.0000 2343.0540   14.3707
    0.0000    0.0000  -30.0000 2384.4275   14.1905
    7.5000    0.0000  -30.0000 2368.5122   14.2177
   -7.5000    7.5000  -30.0000 2277.9187   15.1789
    0.0000    7.5000  -30.0000 2313.7969   15.0124
    7.5000    7.5000  -30.0000 2300.2546   15.0534
   -7.5000   15.0000  -30.0000 2196.5286   16.2694
    0.0000   15.0000  -30.0000 2230.1897   16.0539
    7.5000   15.0000  -30.0000 2213.0017   16.1296
   -7.5000   22.5000  -30.0000 2099.1587   17.7804
    0.0000   22.5000  -30.0000 2125.9170   17.5653
    7.5000   22.5000  -30.0000 2114.0090   17.6677
   -7.5000   30.0000  -30.0000 1983.9939   19.9414
    0.0000   30.0000  -30.0000 2009.9856   19.6931
    7.5000   30.0000  -30.0000 1992.0707   19.7715
   -7.5000  -60.0000  -22.5000 2277.4685   16.3040
    0.0000  -60.0000  -22.5000 2305.8123   16.1338
    7.5000  -60.0000  -22.5000 2295.2231   16.0936
   -7.5000  -52.5000  -22.5000 2377.3196   14.8853
    0.0000  -52.5000  -22.5000 2403.4968   14.7492
    7.5000  -52.5000  -22.5000 2396.8831   14.7610
   -7.5000  -45.0000  -22.5000 2475.2407   14.0066
    0.0000  -45.0000  -22.5000 2498.8811   13.8641
    7.5000  -45.0000  -22.5000 2490.3391   13.8691
   -7.5000  -37.5000  -22.5000 2521.7864   13.3135
    0.0000  -37.5000  -22.5000 2551.5068   13.1756
    7.5000  -37.5000  -22.5000 2541.5076   13.1643
   -7.5000  -30.0000  -22.5000 2552.2751   12.8759
    0.0000  -30.0000  -22.5000 2586.6670   12.7259
    7.5000  -30.0000  -22.5000 2572.0688   12.7278
   -7.5000  -22.5000  -22.5000 2555.1599   12.7663
    0.0000  -22.5000  -22.5000 2592.1553   12.6366
    7.5000  -22.5000  -22.5000 2578.2305   12.6345
   -7.5000  -15.0000  -22.5000 2556.9812   12.8526
    0.0000  -15.0000  -22.5000 2592.2349   12.6822
    7.5000  -15.0000  -22.5000 2577.3235   12.7071
   -7.5000   -7.5000  -22.5000 2531.2209   13.1592
    0.0000   -7.5000  -22.5000 2570.9907   12.9825
    7.5000   -7.5000  -22.5000 2558.3501   13.0157
   -7.5000    0.0000  -22.5000 2492.2817   13.6934
    0.0000    0.0000  -22.5000 2533.9614   13.4983
    7.5000    0.0000  -22.5000 2519.7566   13.5580
   -7.5000    7.5000  -22.5000 2423.0271   14.4614
    0.0000    7.5000  -22.5000 2462.5505   14.2791
    7.5000    7.5000  -22.5000 2446.6089   14.3290
   -7.5000   15.0000  -22.5000 2329.8708   15.5228
    0.0000   15.0000  -22.5000 2364.3921   15.3113
    7.5000   15.0000  -22.5000 2349.1194   15.3577
   -7.5000   22.5000  -22.5000 2220.4138   16.9861
    0.0000   22.5000  -22.5000 2249.3462   16.7270
    7.5000   22.5000  -22.5000 2237.4241   16.8033
   -7.5000   30.0000  -22.5000 2099.5144   18.9858
    0.0000   30.0000  -22.5000 2123.9705   18.7161
    7.5000   30.0000  -22.5000 2110.4751   18.7292
   -7.5000  -60.0000  -15.0000 2355.6069   15.7742
    0.0000  -60.0000  -15.0000 2387.5186   15.5436
    7.5000  -60.0000  -15.0000 2377.7756   15.5131
   -7.5000  -52.5000  -15.0000 2456.8391   14.3289
    0.0000  -52.5000  -15.0000 2487.6550   14.1286
    7.5000  -52.5000  -15.0000 2479.9827   14.1470
   -7.5000  -45.0000  -15.0000 2561.6831   13.4106
    0.0000  -45.0000  -15.0000 2592.4114   13.2328
    7.5000  -45.0000  -15.0000 2583.4380   13.2237
   -7.5000  -37.5000  -15.0000 2620.8928   12.6702
    0.0000  -37.5000  -15.0000 2652.3066   12.5217
    7.5000  -37.5000  -15.0000 2646.7959   12.5017
   -7.5000  -30.0000  -15.0000 2660.3545   12.2170
    0.0000  -30.0000  -15.0000 2697.8687   12.0654
    7.5000  -30.0000  -15.0000 2687.6958   12.0625
   -7.5000  -22.5000  -15.0000 2676.6365   12.0695
    0.0000  -22.5000  -15.0000 2720.4756   11.9460
    7.5000  -22.5000  -15.0000 2706.0447   11.9446
   -7.5000  -15.0000  -15.0000 2680.1729   12.1776
    0.0000  -15.0000  -15.0000 2722.9829   12.0356
    7.5000  -15.0000  -15.0000 2703.7766   12.0444
   -7.5000   -7.5000  -15.0000 2659.3604   12.4997
    0.0000   -7.5000  -15.0000 2704.2004   12.3385
    7.5000   -7.5000  -15.0000 2688.0781   12.3821
   -7.5000    0.0000  -15.0000 2615.3208   13.0050
    0.0000    0.0000  -15.0000 2664.9922   12.8277
    7.5000    0.0000  -15.0000 2648.1899   12.8550
   -7.5000    7.5000  -15.0000 2541.3738   13.7374
    0.0000    7.5000  -15.0000 2585.3794   13.5523
    7.5000    7.5000  -15.0000 2567.9258   13.5784
   -7.5000   15.0000  -15.0000 2443.0715   14.7737
    0.0000   15.0000  -15.0000 2477.5259   14.5598
    7.5000   15.0000  -15.0000 2459.2783   14.5881
   -7.5000   22.5000  -15.0000 2317.2124   16.1721
    0.0000   22.5000  -15.0000 2346.7791   15.9419
    7.5000   22.5000  -15.0000 2334.5864   15.9754
   -7.5000   30.0000  -15.0000 2186.4514   18.0210
    0.0000   30.0000  -15.0000 2212.9404   17.8062
    7.5000   30.0000  -15.0000 2202.7732   17.8380
   -7.5000  -60.0000   -7.5000 2387.7537   15.1765
    0.0000  -60.0000   -7.5000 2416.7268   14.9238
    7.5000  -60.0000   -7.5000 2411.5034   14.9342
   -7.5000  -52.5000   -7.5000 2489.0361   13.7222
    0.0000  -52.5000   -7.5000 2524.9814   13.5169
    7.5000  -52.5000   -7.5000 2519.7515   13.5405
   -7.5000  -45.0000   -7.5000 2604.9233   12.8082
    0.0000  -45.0000   -7.5000 2637.2385   12.6076
    7.5000  -45.0000   -7.5000 2630.1213   12.6277
   -7.5000  -37.5000   -7.5000 2678.3933   12.0420
    0.0000  -37.5000   -7.5000 2716.0962   11.8790
    7.5000  -37.5000   -7.5000 2709.6189   11.8793
   -7.5000  -30.0000   -7.5000 2728.9824   11.5737
    0.0000  -30.0000   -7.5000 2771.1455   11.4247
    7.5000  -30.0000   -7.5000 2760.1167   11.4336
   -7.5000  -22.5000   -7.5000 2761.5820   11.3891
    0.0000  -22.5000   -7.5000 2804.2480   11.2433
    7.5000  -22.5000   -7.5000 2787.5798   11.2503
   -7.5000  -15.0000   -7.5000 2771.3472   11.4658
    0.0000  -15.0000   -7.5000 2816.5962   11.3257
    7.5000  -15.0000   -7.5000 2794.9651   11.3309
   -7.5000   -7.5000   -7.5000 2750.4756   11.8091
    0.0000   -7.5000   -7.5000 2801.1824   11.6551
    7.5000   -7.5000   -7.5000 2778.7891   11.6775
   -7.5000    0.0000   -7.5000 2698.6416   12.3084
    0.0000    0.0000   -7.5000 2747.8076   12.1309
    7.5000    0.0000   -7.5000 2727.2654   12.1705
   -7.5000    7.5000   -7.5000 2620.4368   13.0003
    0.0000    7.5000   -7.5000 2663.0452   12.8347
    7.5000    7.5000   -7.5000 2644.1934   12.8582
   -7.5000   15.0000   -7.5000 2514.1807   14.0256
    0.0000   15.0000   -7.5000 2548.1250   13.8141
    7.5000   15.0000   -7.5000 2534.7896   13.8498
   -7.5000   22.5000   -7.5000 2383.6323   15.3820
    0.0000   22.5000   -7.5000 2414.5181   15.1449
    7.5000   22.5000   -7.5000 2400.0847   15.1775
   -7.5000   30.0000   -7.5000 2250.5117   17.1620
    0.0000   30.0000   -7.5000 2279.3108   16.9385
    7.5000   30.0000   -7.5000 2262.2297   16.9382
   -7.5000  -60.0000    0.0000 2408.4395   14.8785
    0.0000  -60.0000    0.0000 2443.5540   14.6281
    7.5000  -60.0000    0.0000 2438.8618   14.6704
   -7.5000  -52.5000    0.0000 2517.0881   13.4353
    0.0000  -52.5000    0.0000 2552.7295   13.1952
    7.5000  -52.5000    0.0000 2550.1189   13.2504
   -7.5000  -45.0000    0.0000 2639.8831   12.4749
    0.0000  -45.0000    0.0000 2677.9575   12.2608
    7.5000  -45.0000    0.0000 2670.5654   12.2911
   -7.5000  -37.5000    0.0000 2732.1211   11.6868
    0.0000  -37.5000    0.0000 2772.6682   11.5196
    7.5000  -37.5000    0.0000 2764.5388   11.5349
   -7.5000  -30.0000    0.0000 2796.2295   11.1869
    0.0000  -30.0000    0.0000 2839.2134   11.0491
    7.5000  -30.0000    0.0000 2829.1338   11.0708
   -7.5000  -22.5000    0.0000 2840.1570   10.9785
    0.0000  -22.5000    0.0000 2889.5857   10.8117
    7.5000  -22.5000    0.0000 2867.2634   10.8509
   -7.5000  -15.0000    0.0000 2854.2563   11.0407
    0.0000  -15.0000    0.0000 2905.8491   10.8338
    7.5000  -15.0000    0.0000 2873.9890   10.9022
   -7.5000   -7.5000    0.0000 2832.6716   11.3586
    0.0000   -7.5000    0.0000 2883.9202   11.1748
    7.5000   -7.5000    0.0000 2857.3738   11.2145
   -7.5000    0.0000    0.0000 2773.6472   11.8556
    0.0000    0.0000    0.0000 2821.8970   11.6652
    7.5000    0.0000    0.0000 2799.8088   11.7161
   -7.5000    7.5000    0.0000 2684.2317   12.5465
    0.0000    7.5000    0.0000 2729.4697   12.3481
    7.5000    7.5000    0.0000 2710.5518   12.4061
   -7.5000   15.0000    0.0000 2574.8015   13.5540
    0.0000   15.0000    0.0000 2610.4551   13.3363
    7.5000   15.0000    0.0000 2595.4370   13.4129
   -7.5000   22.5000    0.0000 2438.9104   14.9023
    0.0000   22.5000    0.0000 2477.9907   14.6718
    7.5000   22.5000    0.0000 2456.7593   14.7282
   -7.5000   30.0000    0.0000 2301.5759   16.6451
    0.0000   30.0000    0.0000 2336.1094   16.3712
    7.5000   30.0000    0.0000 2310.6643   16.4585
   -7.5000  -60.0000    7.5000 2403.8276   14.6102
    0.0000  -60.0000    7.5000 2435.3992   14.3659
    7.5000  -60.0000    7.5000 2433.6362   14.4305
   -7.5000  -52.5000    7.5000 2517.6538   13.1893
    0.0000  -52.5000    7.5000 2550.9814   12.9502
    7.5000  -52.5000    7.5000 2546.4629   13.0125
   -7.5000  -45.0000    7.5000 2648.8418   12.2141
    0.0000  -45.0000    7.5000 2686.7100   11.9916
    7.5000  -45.0000    7.5000 2675.3347   12.0411
   -7.5000  -37.5000    7.5000 2756.8950   11.4130
    0.0000  -37.5000    7.5000 2798.1494   11.2119
    7.5000  -37.5000    7.5000 2787.7441   11.2634
   -7.5000  -30.0000    7.5000 2835.0908   10.9069
    0.0000  -30.0000    7.5000 2876.3801   10.7559
    7.5000  -30.0000    7.5000 2866.3867   10.7903
   -7.5000  -22.5000    7.5000 2893.3721   10.7187
    0.0000  -22.5000    7.5000 2954.1470   10.5631
    7.5000  -22.5000    7.5000 2925.4089   10.6016
   -7.5000  -15.0000    7.5000 2914.3916   10.7772
    0.0000  -15.0000    7.5000 2980.9219   10.5651
    7.5000  -15.0000    7.5000 2934.6472   10.6488
   -7.5000   -7.5000    7.5000 2889.9756   11.0138
    0.0000   -7.5000    7.5000 2952.8335   10.8046
    7.5000   -7.5000    7.5000 2905.9512   10.8787
   -7.5000    0.0000    7.5000 2820.9319   11.4620
    0.0000    0.0000    7.5000 2865.9124   11.2858
    7.5000    0.0000    7.5000 2839.1980   11.3303
   -7.5000    7.5000    7.5000 2722.5906   12.1424
    0.0000    7.5000    7.5000 2765.0383   11.9735
    7.5000    7.5000    7.5000 2745.8271   12.0073
   -7.5000   15.0000    7.5000 2604.3071   13.1564
    0.0000   15.0000    7.5000 2639.1997   12.9816
    7.5000   15.0000    7.5000 2620.7314   13.0204
   -7.5000   22.5000    7.5000 2467.9060   14.5272
    0.0000   22.5000    7.5000 2503.9951   14.3259
    7.5000   22.5000    7.5000 2483.2239   14.3482
   -7.5000   30.0000    7.5000 2326.5232   16.2143
    0.0000   30.0000    7.5000 2361.0044   16.0036
    7.5000   30.0000    7.5000 2338.9495   16.0483
   -7.5000  -60.0000   15.0000 2385.4221   14.5960
    0.0000  -60.0000   15.0000 2415.9458   14.2980
    7.5000  -60.0000   15.0000 2410.5288   14.3860
   -7.5000  -52.5000   15.0000 2501.7715   13.1235
    0.0000  -52.5000   15.0000 2534.5093   12.8219
    7.5000  -52.5000   15.0000 2526.0911   12.9077
   -7.5000  -45.0000   15.0000 2635.7502   12.0959
    0.0000  -45.0000   15.0000 2667.5320   11.8401
    7.5000  -45.0000   15.0000 2660.9036   11.9374
   -7.5000  -37.5000   15.0000 2750.4329   11.2796
    0.0000  -37.5000   15.0000 2787.7881   11.0618
    7.5000  -37.5000   15.0000 2779.5603   11.1520
   -7.5000  -30.0000   15.0000 2845.2109   10.7852
    0.0000  -30.0000   15.0000 2894.0854   10.6306
    7.5000  -30.0000   15.0000 2877.5403   10.6743
   -7.5000  -22.5000   15.0000 2920.1707   10.5983
    0.0000  -22.5000   15.0000 2990.6582   10.4880
    7.5000  -22.5000   15.0000 2957.4583   10.5098
   -7.5000  -15.0000   15.0000 2946.1372   10.6564
    0.0000  -15.0000   15.0000 3032.6111   10.5273
    7.5000  -15.0000   15.0000 2975.6580   10.5646
   -7.5000   -7.5000   15.0000 2919.5591   10.8446
    0.0000   -7.5000   15.0000 2986.0115   10.6825
    7.5000   -7.5000   15.0000 2931.7761   10.7317
   -7.5000    0.0000   15.0000 2844.0132   11.2742
    0.0000    0.0000   15.0000 2893.2605   11.0906
    7.5000    0.0000   15.0000 2851.8044   11.1486
   -7.5000    7.5000   15.0000 2736.4534   11.9802
    0.0000    7.5000   15.0000 2775.5396   11.7977
    7.5000    7.5000   15.0000 2755.2529   11.8086
   -7.5000   15.0000   15.0000 2607.7068   12.9863
    0.0000   15.0000   15.0000 2647.7173   12.7942
    7.5000   15.0000   15.0000 2628.4060   12.8072
   -7.5000   22.5000   15.0000 2474.1116   14.3218
    0.0000   22.5000   15.0000 2508.6128   14.1298
    7.5000   22.5000   15.0000 2491.5591   14.1311
   -7.5000   30.0000   15.0000 2330.9390   16.0063
    0.0000   30.0000   15.0000 2359.2224   15.8037
    7.5000   30.0000   15.0000 2342.9136   15.8407
   -7.5000  -60.0000   22.5000 2361.9136   14.7851
    0.0000  -60.0000   22.5000 2389.7629   14.4432
    7.5000  -60.0000   22.5000 2379.5962   14.5496
   -7.5000  -52.5000   22.5000 2474.2981   13.2883
    0.0000  -52.5000   22.5000 2502.3159   12.9966
    7.5000  -52.5000   22.5000 2492.0977   13.0804
   -7.5000  -45.0000   22.5000 2606.9431   12.2365
    0.0000  -45.0000   22.5000 2635.0947   11.9794
    7.5000  -45.0000   22.5000 2626.6182   12.0933
   -7.5000  -37.5000   22.5000 2723.0491   11.3583
    0.0000  -37.5000   22.5000 2760.0386   11.1653
    7.5000  -37.5000   22.5000 2744.0818   11.2654
   -7.5000  -30.0000   22.5000 2829.6143   10.8423
    0.0000  -30.0000   22.5000 2879.6121   10.6708
    7.5000  -30.0000   22.5000 2853.7388   10.7259
   -7.5000  -22.5000   22.5000 2917.9033   10.6354
    0.0000  -22.5000   22.5000 2985.4146   10.4915
    7.5000  -22.5000   22.5000 2940.3313   10.5232
   -7.5000  -15.0000   22.5000 2941.9331   10.6340
    0.0000  -15.0000   22.5000 3026.5601   10.4775
    7.5000  -15.0000   22.5000 2966.3916   10.5528
   -7.5000   -7.5000   22.5000 2907.9856   10.8610
    0.0000   -7.5000   22.5000 2974.1697   10.6746
    7.5000   -7.5000   22.5000 2923.6663   10.7753
   -7.5000    0.0000   22.5000 2831.8013   11.3462
    0.0000    0.0000   22.5000 2879.1885   11.1737
    7.5000    0.0000   22.5000 2841.3918   11.2293
   -7.5000    7.5000   22.5000 2719.1829   12.0791
    0.0000    7.5000   22.5000 2752.4985   11.9079
    7.5000    7.5000   22.5000 2735.3154   11.9103
   -7.5000   15.0000   22.5000 2596.0488   13.0529
    0.0000   15.0000   22.5000 2624.4856   12.8654
    7.5000   15.0000   22.5000 2611.7141   12.8517
   -7.5000   22.5000   22.5000 2459.9089   14.3167
    0.0000   22.5000   22.5000 2490.7888   14.1091
    7.5000   22.5000   22.5000 2474.0103   14.1181
   -7.5000   30.0000   22.5000 2314.7729   15.9591
    0.0000   30.0000   22.5000 2338.0620   15.7329
    7.5000   30.0000   22.5000 2325.8291   15.7528
   -7.5000  -60.0000   30.0000 2336.5303   15.2027
    0.0000  -60.0000   30.0000 2365.4314   14.9072
    7.5000  -60.0000   30.0000 2350.6846   14.9962
   -7.5000  -52.5000   30.0000 2442.1396   13.6383
    0.0000  -52.5000   30.0000 2471.2607   13.3809
    7.5000  -52.5000   30.0000 2457.7932   13.4765
   -7.5000  -45.0000   30.0000 2577.3005   12.5845
    0.0000  -45.0000   30.0000 2603.8096   12.3229
    7.5000  -45.0000   30.0000 2594.4797   12.4418
   -7.5000  -37.5000   30.0000 2694.7493   11.7000
    0.0000  -37.5000   30.0000 2726.9077   11.4609
    7.5000  -37.5000   30.0000 2709.0645   11.5839
   -7.5000  -30.0000   30.0000 2799.2625   11.1368
    0.0000  -30.0000   30.0000 2841.2688   10.8941
    7.5000  -30.0000   30.0000 2818.8604   11.0170
   -7.5000  -22.5000   30.0000 2883.4915   10.8736
    0.0000  -22.5000   30.0000 2940.8435   10.6689
    7.5000  -22.5000   30.0000 2897.0586   10.7667
   -7.5000  -15.0000   30.0000 2904.1743   10.8437
    0.0000  -15.0000   30.0000 2966.6902   10.5939
    7.5000  -15.0000   30.0000 2919.4382   10.7566
   -7.5000   -7.5000   30.0000 2868.6086   11.0876
    0.0000   -7.5000   30.0000 2918.2542   10.8552
    7.5000   -7.5000   30.0000 2878.7241   10.9721
   -7.5000    0.0000   30.0000 2793.4478   11.6320
    0.0000    0.0000   30.0000 2838.9922   11.4136
    7.5000    0.0000   30.0000 2806.6218   11.4652
   -7.5000    7.5000   30.0000 2685.1184   12.4024
    0.0000    7.5000   30.0000 2720.1638   12.1744
    7.5000    7.5000   30.0000 2699.1736   12.2183
   -7.5000   15.0000   30.0000 2563.6292   13.3749
    0.0000   15.0000   30.0000 2594.2883   13.1539
    7.5000   15.0000   30.0000 2577.6194   13.1775
   -7.5000   22.5000   30.0000 2431.6057   14.5836
    0.0000   22.5000   30.0000 2458.7297   14.3883
    7.5000   22.5000   30.0000 2441.6187   14.4093
   -7.5000   30.0000   30.0000 2282.2629   16.1384
    0.0000   30.0000   30.0000 2306.2686   15.9246
    7.5000   30.0000   30.0000 2291.4409   15.9476
   -7.5000  -60.0000   37.5000 2301.9353   15.7666
    0.0000  -60.0000   37.5000 2329.8572   15.5218
    7.5000  -60.0000   37.5000 2313.6025   15.6356
   -7.5000  -52.5000   37.5000 2407.9375   14.1780
    0.0000  -52.5000   37.5000 2436.8782   13.9255
    7.5000  -52.5000   37.5000 2422.3750   14.0679
   -7.5000  -45.0000   37.5000 2538.9700   13.1213
    0.0000  -45.0000   37.5000 2571.2485   12.8500
    7.5000  -45.0000   37.5000 2555.0962   12.9977
   -7.5000  -37.5000   37.5000 2656.3997   12.2441
    0.0000  -37.5000   37.5000 2691.0918   11.9822
    7.5000  -37.5000   37.5000 2667.9214   12.1405
   -7.5000  -30.0000   37.5000 2756.8479   11.6654
    0.0000  -30.0000   37.5000 2796.7039   11.4222
    7.5000  -30.0000   37.5000 2765.3279   11.5367
   -7.5000  -22.5000   37.5000 2820.1301   11.3390
    0.0000  -22.5000   37.5000 2865.8940   11.1066
    7.5000  -22.5000   37.5000 2825.4810   11.2533
   -7.5000  -15.0000   37.5000 2837.8142   11.2936
    0.0000  -15.0000   37.5000 2884.1597   11.0426
    7.5000  -15.0000   37.5000 2846.0227   11.1979
   -7.5000   -7.5000   37.5000 2799.1936   11.5429
    0.0000   -7.5000   37.5000 2841.5532   11.3190
    7.5000   -7.5000   37.5000 2812.5542   11.4190
   -7.5000    0.0000   37.5000 2730.0996   12.0673
    0.0000    0.0000   37.5000 2768.8005   11.8456
    7.5000    0.0000   37.5000 2743.0442   11.9051
   -7.5000    7.5000   37.5000 2633.4583   12.8330
    0.0000    7.5000   37.5000 2667.6448   12.6009
    7.5000    7.5000   37.5000 2647.7952   12.6565
   -7.5000   15.0000   37.5000 2516.6387   13.8113
    0.0000   15.0000   37.5000 2544.4187   13.5920
    7.5000   15.0000   37.5000 2531.3406   13.6385
   -7.5000   22.5000   37.5000 2386.0315   15.0155
    0.0000   22.5000   37.5000 2414.8967   14.8383
    7.5000   22.5000   37.5000 2394.3770   14.8769
   -7.5000   30.0000   37.5000 2237.3252   16.6076
    0.0000   30.0000   37.5000 2265.8948   16.4164
    7.5000   30.0000   37.5000 2249.1997   16.4372
   -7.5000  -60.0000   45.0000 2237.7991   16.3978
    0.0000  -60.0000   45.0000 2262.9041   16.1840
    7.5000  -60.0000   45.0000 2248.2568   16.3549
   -7.5000  -52.5000   45.0000 2344.7898   14.7859
    0.0000  -52.5000   45.0000 2374.3950   14.5384
    7.5000  -52.5000   45.0000 2355.1162   14.6988
   -7.5000  -45.0000   45.0000 2475.0579   13.7459
    0.0000  -45.0000   45.0000 2510.4863   13.4886
    7.5000  -45.0000   45.0000 2485.6516   13.6638
   -7.5000  -37.5000   45.0000 2584.3716   12.8921
    0.0000  -37.5000   45.0000 2620.8906   12.6328
    7.5000  -37.5000   45.0000 2591.3672   12.7830
   -7.5000  -30.0000   45.0000 2670.4653   12.2774
    0.0000  -30.0000   45.0000 2714.3318   12.0353
    7.5000  -30.0000   45.0000 2679.4338   12.1636
   -7.5000  -22.5000   45.0000 2721.1575   11.9446
    0.0000  -22.5000   45.0000 2761.4856   11.6910
    7.5000  -22.5000   45.0000 2723.5366   11.8519
   -7.5000  -15.0000   45.0000 2734.9753   11.8834
    0.0000  -15.0000   45.0000 2770.5271   11.6455
    7.5000  -15.0000   45.0000 2738.5159   11.7671
   -7.5000   -7.5000   45.0000 2693.9727   12.1235
    0.0000   -7.5000   45.0000 2732.9302   11.9240
    7.5000   -7.5000   45.0000 2706.9946   12.0039
   -7.5000    0.0000   45.0000 2627.6584   12.6214
    0.0000    0.0000   45.0000 2661.4478   12.4226
    7.5000    0.0000   45.0000 2636.9670   12.4990
   -7.5000    7.5000   45.0000 2537.4622   13.3380
    0.0000    7.5000   45.0000 2573.2600   13.1351
    7.5000    7.5000   45.0000 2553.9595   13.1972
   -7.5000   15.0000   45.0000 2435.6843   14.3031
    0.0000   15.0000   45.0000 2464.2610   14.0983
    7.5000   15.0000   45.0000 2446.2595   14.1482
   -7.5000   22.5000   45.0000 2313.2920   15.5034
    0.0000   22.5000   45.0000 2341.6887   15.3281
    7.5000   22.5000   45.0000 2323.1047   15.3667
   -7.5000   30.0000   45.0000 2166.3447   17.1314
    0.0000   30.0000   45.0000 2191.4614   16.9773
    7.5000   30.0000   45.0000 2178.9456   16.9773
   -7.5000  -60.0000   52.5000 2146.8506   17.0670
    0.0000  -60.0000   52.5000 2174.6096   16.8324
    7.5000  -60.0000   52.5000 2157.3281   17.0261
   -7.5000  -52.5000   52.5000 2256.5132   15.4365
    0.0000  -52.5000   52.5000 2288.4773   15.1973
    7.5000  -52.5000   52.5000 2265.3879   15.3758
   -7.5000  -45.0000   52.5000 2380.2505   14.3802
    0.0000  -45.0000   52.5000 2417.2869   14.1581
    7.5000  -45.0000   52.5000 2391.1482   14.3217
   -7.5000  -37.5000   52.5000 2480.6140   13.4949
    0.0000  -37.5000   52.5000 2517.1304   13.2656
    7.5000  -37.5000   52.5000 2485.8315   13.4128
   -7.5000  -30.0000   52.5000 2557.6167   12.8820
    0.0000  -30.0000   52.5000 2596.0989   12.6505
    7.5000  -30.0000   52.5000 2561.4473   12.7880
   -7.5000  -22.5000   52.5000 2599.6436   12.5236
    0.0000  -22.5000   52.5000 2635.6929   12.3243
    7.5000  -22.5000   52.5000 2601.1333   12.4566
   -7.5000  -15.0000   52.5000 2600.7363   12.4647
    0.0000  -15.0000   52.5000 2632.4146   12.2573
    7.5000  -15.0000   52.5000 2605.5508   12.3793
   -7.5000   -7.5000   52.5000 2565.6260   12.7272
    0.0000   -7.5000   52.5000 2597.3955   12.5345
    7.5000   -7.5000   52.5000 2578.1873   12.6171
   -7.5000    0.0000   52.5000 2507.6895   13.1897
    0.0000    0.0000   52.5000 2538.0520   13.0091
    7.5000    0.0000   52.5000 2513.1392   13.0735
   -7.5000    7.5000   52.5000 2425.4553   13.8448
    0.0000    7.5000   52.5000 2458.6533   13.6495
    7.5000    7.5000   52.5000 2436.8625   13.7151
   -7.5000   15.0000   52.5000 2331.4836   14.7596
    0.0000   15.0000   52.5000 2354.1235   14.6036
    7.5000   15.0000   52.5000 2334.1858   14.6589
   -7.5000   22.5000   52.5000 2213.8276   15.9578
    0.0000   22.5000   52.5000 2236.4766   15.7984
    7.5000   22.5000   52.5000 2219.6926   15.8579
   -7.5000   30.0000   52.5000 2070.4346   17.6214
    0.0000   30.0000   52.5000 2104.6558   17.4839
    7.5000   30.0000   52.5000 2084.9055   17.5003
   -7.5000  -60.0000   60.0000 2086.4539   18.2019
    0.0000  -60.0000   60.0000 2115.0044   18.0000
    7.5000  -60.0000   60.0000 2095.4185   18.1856
   -7.5000  -52.5000   60.0000 2198.6450   16.5619
    0.0000  -52.5000   60.0000 2229.2341   16.3150
    7.5000  -52.5000   60.0000 2202.9246   16.4706
   -7.5000  -45.0000   60.0000 2316.7991   15.4747
    0.0000  -45.0000   60.0000 2351.1367   15.2290
    7.5000  -45.0000   60.0000 2319.8962   15.3864
   -7.5000  -37.5000   60.0000 2408.1255   14.5080
    0.0000  -37.5000   60.0000 2443.7271   14.2976
    7.5000  -37.5000   60.0000 2412.7085   14.4380
   -7.5000  -30.0000   60.0000 2471.9561   13.8330
    0.0000  -30.0000   60.0000 2506.5474   13.6288
    7.5000  -30.0000   60.0000 2473.5520   13.7762
   -7.5000  -22.5000   60.0000 2509.4822   13.4664
    0.0000  -22.5000   60.0000 2536.0210   13.2983
    7.5000  -22.5000   60.0000 2507.2085   13.3940
   -7.5000  -15.0000   60.0000 2505.4617   13.4083
    0.0000  -15.0000   60.0000 2530.3594   13.2232
    7.5000  -15.0000   60.0000 2508.0134   13.3421
   -7.5000   -7.5000   60.0000 2471.4111   13.6619
    0.0000   -7.5000   60.0000 2496.4885   13.4869
    7.5000   -7.5000   60.0000 2483.6416   13.5830
   -7.5000    0.0000   60.0000 2424.6345   14.0965
    0.0000    0.0000   60.0000 2446.8625   13.9232
    7.5000    0.0000   60.0000 2431.7185   14.0194
   -7.5000    7.5000   60.0000 2352.3096   14.7036
    0.0000    7.5000   60.0000 2382.8071   14.5162
    7.5000    7.5000   60.0000 2358.6270   14.6114
   -7.5000   15.0000   60.0000 2255.8950   15.6614
    0.0000   15.0000   60.0000 2281.8987   15.4707
    7.5000   15.0000   60.0000 2259.1016   15.5444
   -7.5000   22.5000   60.0000 2140.3789   16.9083
    0.0000   22.5000   60.0000 2163.8035   16.7291
    7.5000   22.5000   60.0000 2143.1594   16.7492
   -7.5000   30.0000   60.0000 2008.3510   18.5732
    0.0000   30.0000   60.0000 2031.1093   18.4210
    7.5000   30.0000   60.0000 2012.4872   18.4518

---------------------------------------------------------------------
imgreg_4dfp /opt/freesurfer/average/711-2C_as_mni_average_305 /opt/freesurfer/average/711-2B_as_mni_average_305_mask talsrcimg_g11 none talsrcimg_to_711-2C_as_mni_average_305_t4 1283
---------------------------------------------------------------------

freesurfer imgreg_4dfp.c
/opt/freesurfer/average/711-2C_as_mni_average_305.4dfp.img
       256       256       256         1
  1.000000  1.000000  1.000000
orientation T byte_order littleendian
Reading image: /opt/freesurfer/average/711-2C_as_mni_average_305.4dfp.img
dimensions:      256       256       256
mmppix:       1.0000   -1.0000   -1.0000
center:     128.0000 -129.0000 -129.0000
/opt/freesurfer/average/711-2B_as_mni_average_305_mask.4dfp.img
       256       256       256         1
  1.000000  1.000000  1.000000
orientation T byte_order littleendian
Reading mask: /opt/freesurfer/average/711-2B_as_mni_average_305_mask.4dfp.img (2306576 pixels)
talsrcimg_g11.4dfp.img
       256       256       256         1
  0.898437  0.898437  0.898437
orientation T byte_order littleendian
Reading image: talsrcimg_g11.4dfp.img
dimensions:      256       256       256
mmppix:       0.8984   -0.8984   -0.8984
center:     114.9999 -115.8984 -115.8984
rotation matrix determinant  1.000000
fimgreg.f
image alignment mode   1283 decimal      503 hex
parameters
    0.0000  -15.0000   15.0000    0.0000    0.0000    0.0000
eta,q 0.95002 10.51068
niter,ni,del,rscale     5    3   12.0000    1.2000
parameter  4  3.340374 ->  0.500000 qaram    1.1500
parameters
    1.4104  -16.0992   17.1009   -3.4500    1.3373    0.0269
eta,q 0.95616 10.48358
  0.0707  0.0552  0.0626  0.0435  0.0577  0.0499
  0.0634  0.0517  0.0566  0.0440  0.0526  0.0474
  0.0568  0.0496  0.0517  0.0457  0.0475  0.0448
  0.0517  0.0496  0.0494  0.0496  0.0443  0.0438
  0.0493  0.0517  0.0495  0.0534  0.0441  0.0446
  0.0521  0.0559  0.0503  0.0559  0.0463  0.0467
  0.0603  0.0616  0.0514  0.0578  0.0501  0.0503
niter,ni,del,rscale     5    3   12.0000    1.2000
parameter  4  1.204583 ->  0.500000 qaram    1.3225
parameters
    0.7948  -14.5569   16.7973   -7.4175    1.9828   -0.4961
eta,q 0.96204 10.47768
  0.0600  0.0591  0.0496  0.0383  0.0511  0.0429
  0.0513  0.0527  0.0453  0.0384  0.0457  0.0399
  0.0449  0.0473  0.0431  0.0396  0.0415  0.0383
  0.0438  0.0436  0.0431  0.0429  0.0385  0.0380
  0.0480  0.0433  0.0449  0.0480  0.0382  0.0392
  0.0572  0.0456  0.0469  0.0524  0.0419  0.0413
  0.0677  0.0490  0.0500  0.0560  0.0475  0.0448
niter,ni,del,rscale     5    3   12.0000    1.2000
parameters
    0.2882  -12.8192   16.4750  -10.2870    2.5806   -1.0529
eta,q 0.96563 10.53361
  0.0570  0.0563  0.0453  0.0402  0.0484  0.0403
  0.0468  0.0482  0.0400  0.0351  0.0421  0.0368
  0.0389  0.0419  0.0374  0.0348  0.0375  0.0346
  0.0380  0.0375  0.0365  0.0365  0.0348  0.0345
  0.0431  0.0365  0.0377  0.0405  0.0353  0.0357
  0.0524  0.0385  0.0418  0.0469  0.0389  0.0385
  0.0635  0.0430  0.0473  0.0531  0.0442  0.0429
niter,ni,del,rscale     4    3   12.0000    1.2000
parameters
    0.0759  -11.8410   16.0829  -10.3966    2.7854   -1.0447
eta,q 0.96618 10.57190
  0.0570  0.0539  0.0430  0.0473  0.0471  0.0409
  0.0450  0.0439  0.0377  0.0383  0.0405  0.0372
  0.0363  0.0374  0.0345  0.0343  0.0358  0.0344
  0.0344  0.0343  0.0339  0.0338  0.0338  0.0338
  0.0385  0.0344  0.0356  0.0360  0.0356  0.0348
  0.0477  0.0381  0.0396  0.0403  0.0396  0.0371
  0.0598  0.0439  0.0456  0.0466  0.0452  0.0408
niter,ni,del,rscale     3    3   12.0000    1.2000
parameters
    0.0391  -11.8510   16.0357  -10.3953    2.8232   -1.0453
eta,q 0.96620 10.57300
  0.0580  0.0483  0.0439  0.0477  0.0464  0.0409
  0.0459  0.0401  0.0384  0.0387  0.0400  0.0372
  0.0366  0.0354  0.0349  0.0344  0.0354  0.0344
  0.0338  0.0338  0.0338  0.0338  0.0338  0.0338
  0.0374  0.0358  0.0351  0.0358  0.0359  0.0348
  0.0463  0.0407  0.0386  0.0401  0.0400  0.0370
  0.0584  0.0479  0.0442  0.0463  0.0458  0.0408
registration optimization eta report
parameter search radius
    6.0000    6.0000    6.0000    7.9350    6.0000    6.0000
100000*second partial in parameter space
       67.       39.       28.       21.       33.       20.
  0.0580  0.0483  0.0439  0.0477  0.0464  0.0409
  0.0459  0.0401  0.0384  0.0387  0.0400  0.0372
  0.0366  0.0354  0.0349  0.0344  0.0354  0.0344
  0.0338  0.0338  0.0338  0.0338  0.0338  0.0338
  0.0374  0.0358  0.0351  0.0358  0.0359  0.0348
  0.0463  0.0407  0.0386  0.0401  0.0400  0.0370
  0.0584  0.0479  0.0442  0.0463  0.0458  0.0408
    0.0391  -11.8510   16.0357  -10.3953    2.8232   -1.0453
eta,q 0.96620 10.57300

---------------------------------------------------------------------
imgreg_4dfp /opt/freesurfer/average/711-2C_as_mni_average_305 /opt/freesurfer/average/711-2B_as_mni_average_305_mask talsrcimg_g11 none talsrcimg_to_711-2C_as_mni_average_305_t4 3335
---------------------------------------------------------------------

freesurfer imgreg_4dfp.c
/opt/freesurfer/average/711-2C_as_mni_average_305.4dfp.img
       256       256       256         1
  1.000000  1.000000  1.000000
orientation T byte_order littleendian
Reading image: /opt/freesurfer/average/711-2C_as_mni_average_305.4dfp.img
dimensions:      256       256       256
mmppix:       1.0000   -1.0000   -1.0000
center:     128.0000 -129.0000 -129.0000
/opt/freesurfer/average/711-2B_as_mni_average_305_mask.4dfp.img
       256       256       256         1
  1.000000  1.000000  1.000000
orientation T byte_order littleendian
Reading mask: /opt/freesurfer/average/711-2B_as_mni_average_305_mask.4dfp.img (2306576 pixels)
talsrcimg_g11.4dfp.img
       256       256       256         1
  0.898437  0.898437  0.898437
orientation T byte_order littleendian
Reading image: talsrcimg_g11.4dfp.img
dimensions:      256       256       256
mmppix:       0.8984   -0.8984   -0.8984
center:     114.9999 -115.8984 -115.8984
fimgreg.f
image alignment mode   3335 decimal      D07 hex
parameters
    0.0391  -11.8510   16.0357   -0.1380   -1.6739   -1.7607
    2.6829   -4.5145   -1.8220   18.1292    4.9254  -18.0219
eta,q 0.96781 10.53429
niter,ni,del,rscale     5    3    5.0000    1.2000
parameter  4  0.987902 ->  0.500000 qaram    1.1500
parameter  5  1.140668 ->  0.500000 qaram    1.1500
parameter  6  0.566312 ->  0.500000 qaram    1.1500
parameters
   -0.0176  -11.7062   15.7543   -4.2780   -5.8139   -5.9007
    0.9346   -3.9315   -2.6242   16.5537    5.4271  -15.8676
eta,q 0.97449  9.94815
  0.0360  0.0356  0.0337  0.0292  0.0261  0.0262  0.0278  0.0315  0.0277  0.0276  0.0267  0.0282
  0.0338  0.0338  0.0327  0.0293  0.0266  0.0260  0.0265  0.0288  0.0265  0.0264  0.0262  0.0270
  0.0325  0.0326  0.0322  0.0303  0.0278  0.0264  0.0259  0.0268  0.0259  0.0258  0.0259  0.0262
  0.0322  0.0322  0.0322  0.0321  0.0295  0.0269  0.0261  0.0259  0.0258  0.0258  0.0257  0.0257
  0.0327  0.0324  0.0326  0.0345  0.0319  0.0277  0.0270  0.0261  0.0263  0.0266  0.0257  0.0255
  0.0341  0.0333  0.0334  0.0373  0.0349  0.0294  0.0287  0.0275  0.0272  0.0282  0.0260  0.0257
  0.0364  0.0348  0.0345  0.0410  0.0383  0.0325  0.0308  0.0301  0.0286  0.0307  0.0265  0.0263
niter,ni,del,rscale     7    3    5.0000    1.2000
parameters
    0.1509  -11.8712   15.8986   -8.2864   -9.6911   -6.7837
    1.1405   -3.9124   -2.5473   15.8524    5.0041  -16.4833
eta,q 0.97621  9.50285
  0.0307  0.0283  0.0278  0.0256  0.0251  0.0271  0.0274  0.0292  0.0263  0.0266  0.0249  0.0255
  0.0280  0.0267  0.0266  0.0250  0.0242  0.0251  0.0256  0.0264  0.0250  0.0249  0.0243  0.0245
  0.0262  0.0257  0.0258  0.0249  0.0241  0.0240  0.0244  0.0245  0.0242  0.0240  0.0239  0.0239
  0.0255  0.0255  0.0255  0.0255  0.0249  0.0240  0.0239  0.0239  0.0239  0.0239  0.0238  0.0238
  0.0258  0.0260  0.0256  0.0270  0.0264  0.0251  0.0242  0.0245  0.0241  0.0245  0.0240  0.0242
  0.0271  0.0273  0.0262  0.0294  0.0285  0.0265  0.0253  0.0263  0.0249  0.0259  0.0245  0.0250
  0.0294  0.0292  0.0273  0.0322  0.0315  0.0282  0.0270  0.0291  0.0262  0.0279  0.0252  0.0261
niter,ni,del,rscale     6    3    5.0000    1.2000
parameters
    0.1680  -11.8504   16.1200   -8.4412   -9.6825   -6.7684
    1.0946   -3.9158   -2.4724   15.8867    5.0168  -16.3876
eta,q 0.97623  9.49471
  0.0283  0.0273  0.0265  0.0269  0.0275  0.0279  0.0271  0.0291  0.0262  0.0273  0.0250  0.0258
  0.0258  0.0253  0.0252  0.0251  0.0255  0.0257  0.0253  0.0264  0.0250  0.0253  0.0243  0.0248
  0.0243  0.0242  0.0242  0.0241  0.0242  0.0242  0.0242  0.0245  0.0241  0.0241  0.0239  0.0240
  0.0238  0.0238  0.0238  0.0238  0.0238  0.0238  0.0238  0.0238  0.0238  0.0238  0.0238  0.0238
  0.0243  0.0242  0.0239  0.0241  0.0243  0.0246  0.0242  0.0244  0.0240  0.0242  0.0239  0.0240
  0.0258  0.0253  0.0245  0.0251  0.0255  0.0260  0.0254  0.0263  0.0248  0.0253  0.0243  0.0247
  0.0281  0.0271  0.0257  0.0272  0.0274  0.0275  0.0272  0.0292  0.0262  0.0271  0.0250  0.0257
niter,ni,del,rscale     5    3    5.0000    1.2000
parameters
    0.1701  -11.8428   16.1331   -8.4377   -9.6825   -6.7570
    1.0818   -3.9148   -2.4708   15.8785    5.0173  -16.3676
eta,q 0.97623  9.49532
  0.0282  0.0272  0.0261  0.0270  0.0275  0.0279  0.0271  0.0291  0.0262  0.0272  0.0250  0.0258
  0.0258  0.0253  0.0249  0.0252  0.0255  0.0257  0.0254  0.0264  0.0249  0.0253  0.0243  0.0247
  0.0243  0.0241  0.0241  0.0241  0.0242  0.0242  0.0242  0.0245  0.0241  0.0241  0.0239  0.0240
  0.0238  0.0238  0.0238  0.0238  0.0238  0.0238  0.0238  0.0238  0.0238  0.0238  0.0238  0.0238
  0.0243  0.0242  0.0240  0.0240  0.0243  0.0246  0.0242  0.0244  0.0240  0.0242  0.0239  0.0240
  0.0258  0.0253  0.0248  0.0251  0.0255  0.0260  0.0253  0.0263  0.0249  0.0254  0.0244  0.0247
  0.0282  0.0271  0.0261  0.0271  0.0274  0.0275  0.0272  0.0291  0.0262  0.0272  0.0250  0.0257
registration optimization eta report
parameter search radius
    2.4000    2.4000    2.4000    8.2800    8.2800    8.2800
    7.2000    7.2000    7.2000    7.2000    7.2000    7.2000
100000*second partial in parameter space
       77.       59.       41.        5.        5.        6.
        6.       10.        5.        7.        2.        4.
  0.0282  0.0272  0.0261  0.0270  0.0275  0.0279  0.0271  0.0291  0.0262  0.0272  0.0250  0.0258
  0.0258  0.0253  0.0249  0.0252  0.0255  0.0257  0.0254  0.0264  0.0249  0.0253  0.0243  0.0247
  0.0243  0.0241  0.0241  0.0241  0.0242  0.0242  0.0242  0.0245  0.0241  0.0241  0.0239  0.0240
  0.0238  0.0238  0.0238  0.0238  0.0238  0.0238  0.0238  0.0238  0.0238  0.0238  0.0238  0.0238
  0.0243  0.0242  0.0240  0.0240  0.0243  0.0246  0.0242  0.0244  0.0240  0.0242  0.0239  0.0240
  0.0258  0.0253  0.0248  0.0251  0.0255  0.0260  0.0253  0.0263  0.0249  0.0254  0.0244  0.0247
  0.0282  0.0271  0.0261  0.0271  0.0274  0.0275  0.0272  0.0291  0.0262  0.0272  0.0250  0.0257
    0.1701  -11.8428   16.1331   -8.4377   -9.6825   -6.7570
    1.0818   -3.9148   -2.4708   15.8785    5.0173  -16.3676
eta,q 0.97623  9.49532

---------------------------------------------------------------------
imgreg_4dfp /opt/freesurfer/average/711-2C_as_mni_average_305 /opt/freesurfer/average/711-2B_as_mni_average_305_mask talsrcimg_g11 none talsrcimg_to_711-2C_as_mni_average_305_t4 2311
---------------------------------------------------------------------

freesurfer imgreg_4dfp.c
/opt/freesurfer/average/711-2C_as_mni_average_305.4dfp.img
       256       256       256         1
  1.000000  1.000000  1.000000
orientation T byte_order littleendian
Reading image: /opt/freesurfer/average/711-2C_as_mni_average_305.4dfp.img
dimensions:      256       256       256
mmppix:       1.0000   -1.0000   -1.0000
center:     128.0000 -129.0000 -129.0000
/opt/freesurfer/average/711-2B_as_mni_average_305_mask.4dfp.img
       256       256       256         1
  1.000000  1.000000  1.000000
orientation T byte_order littleendian
Reading mask: /opt/freesurfer/average/711-2B_as_mni_average_305_mask.4dfp.img (2306576 pixels)
talsrcimg_g11.4dfp.img
       256       256       256         1
  0.898437  0.898437  0.898437
orientation T byte_order littleendian
Reading image: talsrcimg_g11.4dfp.img
dimensions:      256       256       256
mmppix:       0.8984   -0.8984   -0.8984
center:     114.9999 -115.8984 -115.8984
fimgreg.f
image alignment mode   2311 decimal      907 hex
parameters
    0.1701  -11.8428   16.1331   -8.4377   -9.6825   -6.7570
    1.0818   -3.9148   -2.4708   15.8785    5.0173  -16.3676
eta,q 0.97623  9.49531
niter,ni,del,rscale     5    3    5.0000    0.8000
parameters
    0.1574  -11.8714   16.1571   -8.2944   -9.7924   -7.1085
    1.1267   -3.8993   -2.4091   15.6716    4.9429  -16.3151
eta,q 0.97627  9.47764
  0.0258  0.0253  0.0249  0.0248  0.0251  0.0252  0.0253  0.0263  0.0249  0.0252  0.0243  0.0247
  0.0246  0.0244  0.0243  0.0242  0.0243  0.0244  0.0245  0.0249  0.0243  0.0243  0.0240  0.0242
  0.0240  0.0239  0.0239  0.0239  0.0239  0.0239  0.0239  0.0240  0.0239  0.0239  0.0238  0.0239
  0.0238  0.0238  0.0238  0.0238  0.0238  0.0238  0.0237  0.0237  0.0237  0.0237  0.0237  0.0237
  0.0240  0.0240  0.0239  0.0239  0.0240  0.0241  0.0239  0.0240  0.0238  0.0240  0.0238  0.0238
  0.0247  0.0245  0.0242  0.0241  0.0244  0.0248  0.0244  0.0249  0.0242  0.0246  0.0240  0.0242
  0.0258  0.0254  0.0248  0.0247  0.0251  0.0256  0.0253  0.0263  0.0249  0.0254  0.0244  0.0247
niter,ni,del,rscale     4    3    5.0000    0.7000
parameters
    0.1526  -11.8788   16.1001   -8.3087   -9.7629   -7.2700
    1.1329   -3.8994   -2.3660   15.6081    4.8973  -16.3287
eta,q 0.97627  9.47030
  0.0253  0.0249  0.0245  0.0245  0.0248  0.0250  0.0250  0.0258  0.0246  0.0249  0.0242  0.0245
  0.0244  0.0243  0.0241  0.0240  0.0242  0.0243  0.0243  0.0247  0.0241  0.0242  0.0239  0.0241
  0.0239  0.0239  0.0238  0.0238  0.0238  0.0238  0.0239  0.0240  0.0238  0.0238  0.0238  0.0238
  0.0237  0.0237  0.0237  0.0237  0.0237  0.0237  0.0237  0.0237  0.0237  0.0237  0.0237  0.0237
  0.0239  0.0239  0.0239  0.0238  0.0239  0.0240  0.0239  0.0240  0.0238  0.0239  0.0238  0.0238
  0.0245  0.0243  0.0242  0.0241  0.0242  0.0245  0.0243  0.0246  0.0241  0.0243  0.0240  0.0241
  0.0253  0.0249  0.0247  0.0245  0.0247  0.0252  0.0250  0.0258  0.0246  0.0250  0.0242  0.0245
niter,ni,del,rscale     3    3    5.0000    0.6000
parameters
    0.1500  -11.8853   16.0664   -8.3110   -9.7622   -7.3514
    1.1436   -3.8941   -2.3264   15.5765    4.8798  -16.3379
eta,q 0.97627  9.46619
  0.0249  0.0246  0.0243  0.0243  0.0245  0.0248  0.0246  0.0252  0.0244  0.0246  0.0241  0.0243
  0.0242  0.0241  0.0240  0.0239  0.0241  0.0242  0.0241  0.0244  0.0240  0.0241  0.0239  0.0240
  0.0238  0.0238  0.0238  0.0238  0.0238  0.0238  0.0238  0.0239  0.0238  0.0238  0.0238  0.0238
  0.0237  0.0237  0.0237  0.0237  0.0237  0.0237  0.0237  0.0237  0.0237  0.0237  0.0237  0.0237
  0.0239  0.0238  0.0238  0.0238  0.0238  0.0239  0.0238  0.0239  0.0238  0.0238  0.0238  0.0238
  0.0243  0.0241  0.0240  0.0240  0.0241  0.0243  0.0241  0.0244  0.0240  0.0241  0.0239  0.0240
  0.0249  0.0246  0.0244  0.0243  0.0245  0.0248  0.0246  0.0252  0.0244  0.0246  0.0241  0.0243
niter,ni,del,rscale     2    3    5.0000    0.5000
parameters
    0.1471  -11.8863   16.0501   -8.3429   -9.7741   -7.3896
    1.1486   -3.8992   -2.3215   15.5584    4.8803  -16.3486
eta,q 0.97627  9.46203
  0.0245  0.0243  0.0241  0.0241  0.0243  0.0245  0.0244  0.0248  0.0242  0.0243  0.0240  0.0241
  0.0241  0.0240  0.0239  0.0239  0.0240  0.0241  0.0240  0.0242  0.0239  0.0240  0.0238  0.0239
  0.0238  0.0238  0.0238  0.0238  0.0238  0.0238  0.0238  0.0238  0.0238  0.0238  0.0238  0.0238
  0.0237  0.0237  0.0237  0.0237  0.0237  0.0237  0.0237  0.0237  0.0237  0.0237  0.0237  0.0237
  0.0238  0.0238  0.0238  0.0238  0.0238  0.0238  0.0238  0.0238  0.0238  0.0238  0.0238  0.0238
  0.0241  0.0240  0.0239  0.0239  0.0240  0.0241  0.0240  0.0242  0.0239  0.0240  0.0238  0.0239
  0.0245  0.0243  0.0242  0.0241  0.0243  0.0245  0.0244  0.0248  0.0242  0.0244  0.0240  0.0241
niter,ni,del,rscale     1    3    5.0000    0.4000
parameters
    0.1467  -11.8902   16.0420   -8.3913   -9.7896   -7.4160
    1.1607   -3.8983   -2.2823   15.5489    4.8452  -16.3375
eta,q 0.97628  9.45716
  0.0242  0.0241  0.0240  0.0240  0.0241  0.0242  0.0241  0.0244  0.0240  0.0241  0.0239  0.0240
  0.0240  0.0239  0.0238  0.0238  0.0239  0.0239  0.0239  0.0240  0.0239  0.0239  0.0238  0.0238
  0.0238  0.0238  0.0238  0.0237  0.0238  0.0238  0.0238  0.0238  0.0238  0.0238  0.0237  0.0238
  0.0237  0.0237  0.0237  0.0237  0.0237  0.0237  0.0237  0.0237  0.0237  0.0237  0.0237  0.0237
  0.0238  0.0238  0.0238  0.0238  0.0238  0.0238  0.0238  0.0238  0.0238  0.0238  0.0237  0.0238
  0.0240  0.0239  0.0239  0.0238  0.0239  0.0240  0.0239  0.0240  0.0238  0.0239  0.0238  0.0238
  0.0242  0.0241  0.0240  0.0240  0.0241  0.0242  0.0241  0.0244  0.0240  0.0241  0.0239  0.0240
registration optimization eta report
parameter search radius
    0.8000    0.8000    0.8000    2.4000    2.4000    2.4000
    2.4000    2.4000    2.4000    2.4000    2.4000    2.4000
100000*second partial in parameter space
       80.       62.       43.        4.        6.        9.
        7.       12.        5.        7.        3.        5.
  0.0242  0.0241  0.0240  0.0240  0.0241  0.0242  0.0241  0.0244  0.0240  0.0241  0.0239  0.0240
  0.0240  0.0239  0.0238  0.0238  0.0239  0.0239  0.0239  0.0240  0.0239  0.0239  0.0238  0.0238
  0.0238  0.0238  0.0238  0.0237  0.0238  0.0238  0.0238  0.0238  0.0238  0.0238  0.0237  0.0238
  0.0237  0.0237  0.0237  0.0237  0.0237  0.0237  0.0237  0.0237  0.0237  0.0237  0.0237  0.0237
  0.0238  0.0238  0.0238  0.0238  0.0238  0.0238  0.0238  0.0238  0.0238  0.0238  0.0237  0.0238
  0.0240  0.0239  0.0239  0.0238  0.0239  0.0240  0.0239  0.0240  0.0238  0.0239  0.0238  0.0238
  0.0242  0.0241  0.0240  0.0240  0.0241  0.0242  0.0241  0.0244  0.0240  0.0241  0.0239  0.0240
    0.1467  -11.8902   16.0420   -8.3913   -9.7896   -7.4160
    1.1607   -3.8983   -2.2823   15.5489    4.8452  -16.3375
eta,q 0.97628  9.45716

---------------------------------------------------------------------
imgreg_4dfp /opt/freesurfer/average/711-2C_as_mni_average_305 /opt/freesurfer/average/711-2B_as_mni_average_305_mask talsrcimg_g11 none talsrcimg_to_711-2C_as_mni_average_305_t4 2311
---------------------------------------------------------------------

freesurfer imgreg_4dfp.c
/opt/freesurfer/average/711-2C_as_mni_average_305.4dfp.img
       256       256       256         1
  1.000000  1.000000  1.000000
orientation T byte_order littleendian
Reading image: /opt/freesurfer/average/711-2C_as_mni_average_305.4dfp.img
dimensions:      256       256       256
mmppix:       1.0000   -1.0000   -1.0000
center:     128.0000 -129.0000 -129.0000
/opt/freesurfer/average/711-2B_as_mni_average_305_mask.4dfp.img
       256       256       256         1
  1.000000  1.000000  1.000000
orientation T byte_order littleendian
Reading mask: /opt/freesurfer/average/711-2B_as_mni_average_305_mask.4dfp.img (2306576 pixels)
talsrcimg_g11.4dfp.img
       256       256       256         1
  0.898437  0.898437  0.898437
orientation T byte_order littleendian
Reading image: talsrcimg_g11.4dfp.img
dimensions:      256       256       256
mmppix:       0.8984   -0.8984   -0.8984
center:     114.9999 -115.8984 -115.8984
fimgreg.f
image alignment mode   2311 decimal      907 hex
parameters
    0.1467  -11.8902   16.0420   -8.3913   -9.7896   -7.4160
    1.1607   -3.8983   -2.2823   15.5489    4.8452  -16.3375
eta,q 0.97628  9.45716
niter,ni,del,rscale     5    3    5.0000    0.8000
parameters
    0.1574  -11.8752   16.0263   -8.2841   -9.6936   -7.3470
    1.1002   -3.9001   -2.3450   15.6482    4.8668  -16.3878
eta,q 0.97627  9.47263
  0.0258  0.0253  0.0248  0.0248  0.0252  0.0255  0.0253  0.0263  0.0248  0.0254  0.0243  0.0247
  0.0246  0.0244  0.0242  0.0242  0.0244  0.0246  0.0244  0.0249  0.0242  0.0245  0.0240  0.0242
  0.0240  0.0239  0.0238  0.0238  0.0239  0.0239  0.0239  0.0240  0.0239  0.0239  0.0238  0.0238
  0.0237  0.0237  0.0237  0.0237  0.0237  0.0237  0.0237  0.0237  0.0237  0.0237  0.0237  0.0237
  0.0240  0.0239  0.0238  0.0238  0.0239  0.0240  0.0239  0.0240  0.0239  0.0239  0.0238  0.0239
  0.0246  0.0244  0.0242  0.0241  0.0243  0.0246  0.0245  0.0249  0.0243  0.0244  0.0240  0.0242
  0.0257  0.0252  0.0248  0.0247  0.0250  0.0254  0.0254  0.0263  0.0249  0.0252  0.0243  0.0247
niter,ni,del,rscale     4    3    5.0000    0.7000
parameters
    0.1537  -11.8739   16.0346   -8.2978   -9.7223   -7.3527
    1.1217   -3.8959   -2.3417   15.6267    4.8659  -16.3824
eta,q 0.97627  9.46990
  0.0253  0.0249  0.0246  0.0245  0.0248  0.0251  0.0250  0.0258  0.0246  0.0249  0.0242  0.0245
  0.0244  0.0243  0.0241  0.0240  0.0242  0.0244  0.0243  0.0247  0.0241  0.0243  0.0239  0.0241
  0.0239  0.0239  0.0238  0.0238  0.0238  0.0239  0.0239  0.0240  0.0238  0.0239  0.0238  0.0238
  0.0237  0.0237  0.0237  0.0237  0.0237  0.0237  0.0237  0.0237  0.0237  0.0237  0.0237  0.0237
  0.0239  0.0239  0.0238  0.0238  0.0239  0.0239  0.0239  0.0240  0.0238  0.0239  0.0238  0.0238
  0.0244  0.0243  0.0241  0.0241  0.0242  0.0244  0.0243  0.0246  0.0241  0.0243  0.0239  0.0241
  0.0253  0.0249  0.0246  0.0245  0.0248  0.0251  0.0250  0.0258  0.0246  0.0249  0.0242  0.0245
registration optimization eta report
parameter search radius
    1.4000    1.4000    1.4000    4.2000    4.2000    4.2000
    4.2000    4.2000    4.2000    4.2000    4.2000    4.2000
100000*second partial in parameter space
       79.       61.       43.        4.        6.        8.
        7.       11.        5.        7.        3.        4.
  0.0253  0.0249  0.0246  0.0245  0.0248  0.0251  0.0250  0.0258  0.0246  0.0249  0.0242  0.0245
  0.0244  0.0243  0.0241  0.0240  0.0242  0.0244  0.0243  0.0247  0.0241  0.0243  0.0239  0.0241
  0.0239  0.0239  0.0238  0.0238  0.0238  0.0239  0.0239  0.0240  0.0238  0.0239  0.0238  0.0238
  0.0237  0.0237  0.0237  0.0237  0.0237  0.0237  0.0237  0.0237  0.0237  0.0237  0.0237  0.0237
  0.0239  0.0239  0.0238  0.0238  0.0239  0.0239  0.0239  0.0240  0.0238  0.0239  0.0238  0.0238
  0.0244  0.0243  0.0241  0.0241  0.0242  0.0244  0.0243  0.0246  0.0241  0.0243  0.0239  0.0241
  0.0253  0.0249  0.0246  0.0245  0.0248  0.0251  0.0250  0.0258  0.0246  0.0249  0.0242  0.0245
    0.1537  -11.8739   16.0346   -8.2978   -9.7223   -7.3527
    1.1217   -3.8959   -2.3417   15.6267    4.8659  -16.3824
eta,q 0.97627  9.46990

---------------------------------------------------------------------
compute_vox2vox talsrcimg talsrcimg_to_711-2C_as_mni_average_305_t4 /opt/freesurfer/average/711-2C_as_mni_average_305
---------------------------------------------------------------------

freesurfer compute_vox2vox.c
Reading: talsrcimg.4dfp.ifh
Reading: talsrcimg_to_711-2C_as_mni_average_305_t4
Reading: /opt/freesurfer/average/711-2C_as_mni_average_305.4dfp.ifh
Writing: talsrcimg_to_711-2C_as_mni_average_305_t4_vox2vox.txt

start time Wed Mar 11 05:11:53 CET 2026
end		time Wed Mar 11 05:13:19 CET 2026

mpr2mni305 success

avi2talxfm orig_nu.mgz /opt/freesurfer/average/mni305.cor.mgz talsrcimg_to_711-2C_as_mni_average_305_t4_vox2vox.txt transforms/talairach.auto.xfm
avi2talxfm done
mv -f /out/sourcedata/freesurfer/sub-v2s13x29135_ses-1/mri/talsrcimg_to_711-2C_as_mni_average_305_t4_vox2vox.txt /out/sourcedata/freesurfer/sub-v2s13x29135_ses-1/mri/transforms/talsrcimg_to_711-2C_as_mni_average_305_t4_vox2vox.txt
lta_convert --src orig_nu.mgz --trg /opt/freesurfer/average/mni305.cor.mgz --inxfm transforms/talairach.auto.xfm --outlta transforms/talairach.auto.xfm.lta --subject fsaverage
7.3.2

--src: orig_nu.mgz src image (geometry).
--trg: /opt/freesurfer/average/mni305.cor.mgz trg image (geometry).
--inmni: transforms/talairach.auto.xfm input MNI/XFM transform.
--outlta: transforms/talairach.auto.xfm.lta output LTA.
--s: fsaverage subject name
 LTA read, type : 1
 1.08788   0.04660  -0.00506   3.74429;
-0.05060   1.04514   0.19029  -16.70671;
 0.03698  -0.17970   1.07462  -1.09453;
 0.00000   0.00000   0.00000   1.00000;
setting subject to fsaverage
Writing  LTA to file transforms/talairach.auto.xfm.lta...
lta_convert successful.
 
 
Started at Wed Mar 11 05:11:53 CET 2026
Ended   at Wed Mar 11 05:13:19 CET 2026
talairach_avi done
