status file for recon-all
Wed Mar 11 05:35:38 CET 2026
#@# Tessellate lh Wed Mar 11 05:35:38 CET 2026
#@# Smooth1 lh Wed Mar 11 05:35:42 CET 2026
#@# Inflation1 lh Wed Mar 11 05:35:46 CET 2026
#@# QSphere lh Wed Mar 11 05:36:47 CET 2026
#@# Fix Topology lh Wed Mar 11 05:38:02 CET 2026
#@# Smooth2 lh Wed Mar 11 05:47:22 CET 2026
#@# Inflation2 lh Wed Mar 11 05:47:25 CET 2026
#@# Curv .H and .K lh Wed Mar 11 05:47:58 CET 2026
#@# Sphere lh Wed Mar 11 05:48:59 CET 2026
#@# Surf Reg lh Wed Mar 11 05:54:35 CET 2026
#@# Jacobian white lh Wed Mar 11 06:01:40 CET 2026
#@# AvgCurv lh Wed Mar 11 06:01:41 CET 2026
#@# Cortical Parc lh Wed Mar 11 06:01:42 CET 2026
#@# white curv lh Wed Mar 11 06:12:52 CET 2026
#@# white area lh Wed Mar 11 06:12:54 CET 2026
#@# pial curv lh Wed Mar 11 06:12:55 CET 2026
#@# pial area lh Wed Mar 11 06:12:57 CET 2026
#@# thickness lh Wed Mar 11 06:12:58 CET 2026
#@# area and vertex vol lh Wed Mar 11 06:13:38 CET 2026
#@# Curvature Stats lh Wed Mar 11 06:13:40 CET 2026
#@# Cortical Parc 2 lh Wed Mar 11 06:13:43 CET 2026
#@# Cortical Parc 3 lh Wed Mar 11 06:13:59 CET 2026
#@# WM/GM Contrast lh Wed Mar 11 06:14:11 CET 2026
recon-all -s sub-v2s13x29112_ses-1 finished without error at Wed Mar 11 06:14:16 CET 2026



#New# invocation of recon-all 



status file for recon-all
Wed Mar 11 06:50:25 CET 2026
#@# white curv lh Wed Mar 11 06:50:25 CET 2026
#@# white area lh Wed Mar 11 06:50:25 CET 2026
#@# pial curv lh Wed Mar 11 06:50:25 CET 2026
#@# pial area lh Wed Mar 11 06:50:25 CET 2026
#@# thickness lh Wed Mar 11 06:50:25 CET 2026
#@# area and vertex vol lh Wed Mar 11 06:50:25 CET 2026
#@# Parcellation Stats lh Wed Mar 11 06:50:25 CET 2026
#@# Parcellation Stats 2 lh Wed Mar 11 06:50:54 CET 2026
#@# Parcellation Stats 3 lh Wed Mar 11 06:51:09 CET 2026
#@# BA_exvivo Labels lh Wed Mar 11 06:51:23 CET 2026
recon-all -s sub-v2s13x29112_ses-1 finished without error at Wed Mar 11 06:54:34 CET 2026
