status file for recon-all
Wed Mar 11 06:14:19 CET 2026
#@# Tessellate rh Wed Mar 11 06:14:19 CET 2026
#@# Smooth1 rh Wed Mar 11 06:14:23 CET 2026
#@# Inflation1 rh Wed Mar 11 06:14:26 CET 2026
#@# QSphere rh Wed Mar 11 06:15:28 CET 2026
#@# Fix Topology rh Wed Mar 11 06:16:45 CET 2026
#@# Smooth2 rh Wed Mar 11 06:23:10 CET 2026
#@# Inflation2 rh Wed Mar 11 06:23:14 CET 2026
#@# Curv .H and .K rh Wed Mar 11 06:23:39 CET 2026
#@# Sphere rh Wed Mar 11 06:24:42 CET 2026
#@# Surf Reg rh Wed Mar 11 06:27:12 CET 2026
#@# Jacobian white rh Wed Mar 11 06:32:24 CET 2026
#@# AvgCurv rh Wed Mar 11 06:32:25 CET 2026
#@# Cortical Parc rh Wed Mar 11 06:32:26 CET 2026
#@# white curv rh Wed Mar 11 06:40:07 CET 2026
#@# white area rh Wed Mar 11 06:40:09 CET 2026
#@# pial curv rh Wed Mar 11 06:40:10 CET 2026
#@# pial area rh Wed Mar 11 06:40:12 CET 2026
#@# thickness rh Wed Mar 11 06:40:13 CET 2026
#@# area and vertex vol rh Wed Mar 11 06:40:54 CET 2026
#@# Curvature Stats rh Wed Mar 11 06:40:56 CET 2026
#@# Cortical Parc 2 rh Wed Mar 11 06:40:59 CET 2026
#@# Cortical Parc 3 rh Wed Mar 11 06:41:16 CET 2026
#@# WM/GM Contrast rh Wed Mar 11 06:41:29 CET 2026
recon-all -s sub-v2s13x29112_ses-1 finished without error at Wed Mar 11 06:41:34 CET 2026



#New# invocation of recon-all 



status file for recon-all
Wed Mar 11 06:54:37 CET 2026
#@# white curv rh Wed Mar 11 06:54:37 CET 2026
#@# white area rh Wed Mar 11 06:54:37 CET 2026
#@# pial curv rh Wed Mar 11 06:54:37 CET 2026
#@# pial area rh Wed Mar 11 06:54:37 CET 2026
#@# thickness rh Wed Mar 11 06:54:37 CET 2026
#@# area and vertex vol rh Wed Mar 11 06:54:37 CET 2026
#@# Parcellation Stats rh Wed Mar 11 06:54:37 CET 2026
#@# Parcellation Stats 2 rh Wed Mar 11 06:55:05 CET 2026
#@# Parcellation Stats 3 rh Wed Mar 11 06:55:19 CET 2026
#@# BA_exvivo Labels rh Wed Mar 11 06:55:34 CET 2026
recon-all -s sub-v2s13x29112_ses-1 finished without error at Wed Mar 11 06:58:45 CET 2026
