status file for recon-all
Wed Mar 11 03:13:46 CET 2026
#@# MotionCor Wed Mar 11 03:13:47 CET 2026
#@# Talairach Wed Mar 11 03:13:58 CET 2026
#@# Talairach Failure Detection Wed Mar 11 03:18:23 CET 2026
#@# Nu Intensity Correction Wed Mar 11 03:18:23 CET 2026
#@# Intensity Normalization Wed Mar 11 03:21:39 CET 2026
recon-all -s sub-v2s13x29102_ses-1 finished without error at Wed Mar 11 03:23:05 CET 2026



#New# invocation of recon-all 



status file for recon-all
Wed Mar 11 03:30:40 CET 2026
#@# EM Registration Wed Mar 11 03:30:40 CET 2026
recon-all -s sub-v2s13x29102_ses-1 finished without error at Wed Mar 11 03:32:51 CET 2026



#New# invocation of recon-all 



status file for recon-all
Wed Mar 11 03:32:54 CET 2026
#@# CA Normalize Wed Mar 11 03:32:54 CET 2026
#@# CA Reg Wed Mar 11 03:34:16 CET 2026
#@# SubCort Seg Wed Mar 11 04:30:46 CET 2026
#@# CC Seg Wed Mar 11 05:05:29 CET 2026
#@# Merge ASeg Wed Mar 11 05:06:01 CET 2026
#@# Intensity Normalization2 Wed Mar 11 05:06:01 CET 2026
#@# Mask BFS Wed Mar 11 05:08:13 CET 2026
#@# WM Segmentation Wed Mar 11 05:08:14 CET 2026
#@# Fill Wed Mar 11 05:10:25 CET 2026
recon-all -s sub-v2s13x29102_ses-1 finished without error at Wed Mar 11 05:11:29 CET 2026



#New# invocation of recon-all 



status file for recon-all
Wed Mar 11 06:34:27 CET 2026
#@# white curv lh Wed Mar 11 06:34:27 CET 2026
#@# white area lh Wed Mar 11 06:34:27 CET 2026
#@# pial curv lh Wed Mar 11 06:34:27 CET 2026
#@# pial area lh Wed Mar 11 06:34:27 CET 2026
#@# thickness lh Wed Mar 11 06:34:27 CET 2026
#@# area and vertex vol lh Wed Mar 11 06:34:27 CET 2026
#@# white curv rh Wed Mar 11 06:34:27 CET 2026
#@# white area rh Wed Mar 11 06:34:27 CET 2026
#@# pial curv rh Wed Mar 11 06:34:27 CET 2026
#@# pial area rh Wed Mar 11 06:34:28 CET 2026
#@# thickness rh Wed Mar 11 06:34:28 CET 2026
#@# area and vertex vol rh Wed Mar 11 06:34:28 CET 2026
#@# Cortical ribbon mask Wed Mar 11 06:34:28 CET 2026
recon-all -s sub-v2s13x29102_ses-1 finished without error at Wed Mar 11 06:38:42 CET 2026



#New# invocation of recon-all 



status file for recon-all
Wed Mar 11 06:44:38 CET 2026
#@# white curv lh Wed Mar 11 06:44:38 CET 2026
#@# white area lh Wed Mar 11 06:44:38 CET 2026
#@# pial curv lh Wed Mar 11 06:44:38 CET 2026
#@# pial area lh Wed Mar 11 06:44:38 CET 2026
#@# thickness lh Wed Mar 11 06:44:38 CET 2026
#@# area and vertex vol lh Wed Mar 11 06:44:38 CET 2026
#@# white curv rh Wed Mar 11 06:44:38 CET 2026
#@# white area rh Wed Mar 11 06:44:38 CET 2026
#@# pial curv rh Wed Mar 11 06:44:38 CET 2026
#@# pial area rh Wed Mar 11 06:44:38 CET 2026
#@# thickness rh Wed Mar 11 06:44:38 CET 2026
#@# area and vertex vol rh Wed Mar 11 06:44:38 CET 2026
#@# Curvature Stats lh Wed Mar 11 06:44:38 CET 2026
#@# Curvature Stats rh Wed Mar 11 06:44:40 CET 2026
#@# Relabel Hypointensities Wed Mar 11 06:44:42 CET 2026
#@# APas-to-ASeg Wed Mar 11 06:44:59 CET 2026
#@# AParc-to-ASeg aparc Wed Mar 11 06:45:06 CET 2026
#@# AParc-to-ASeg aparc.a2009s Wed Mar 11 06:45:32 CET 2026
#@# AParc-to-ASeg aparc.DKTatlas Wed Mar 11 06:46:02 CET 2026
#@# WMParc Wed Mar 11 06:46:30 CET 2026
#@# ASeg Stats Wed Mar 11 06:50:35 CET 2026
recon-all -s sub-v2s13x29102_ses-1 finished without error at Wed Mar 11 06:51:16 CET 2026
