status file for recon-all
Wed Mar 11 05:11:35 CET 2026
#@# Tessellate lh Wed Mar 11 05:11:35 CET 2026
#@# Smooth1 lh Wed Mar 11 05:11:39 CET 2026
#@# Inflation1 lh Wed Mar 11 05:11:41 CET 2026
#@# QSphere lh Wed Mar 11 05:12:42 CET 2026
#@# Fix Topology lh Wed Mar 11 05:13:45 CET 2026
#@# Smooth2 lh Wed Mar 11 05:45:56 CET 2026
#@# Inflation2 lh Wed Mar 11 05:45:58 CET 2026
#@# Curv .H and .K lh Wed Mar 11 05:46:55 CET 2026
#@# Sphere lh Wed Mar 11 05:47:34 CET 2026
#@# Surf Reg lh Wed Mar 11 05:52:04 CET 2026
#@# Jacobian white lh Wed Mar 11 05:56:20 CET 2026
#@# AvgCurv lh Wed Mar 11 05:56:21 CET 2026
#@# Cortical Parc lh Wed Mar 11 05:56:22 CET 2026
#@# white curv lh Wed Mar 11 06:02:02 CET 2026
#@# white area lh Wed Mar 11 06:02:04 CET 2026
#@# pial curv lh Wed Mar 11 06:02:04 CET 2026
#@# pial area lh Wed Mar 11 06:02:06 CET 2026
#@# thickness lh Wed Mar 11 06:02:07 CET 2026
#@# area and vertex vol lh Wed Mar 11 06:02:33 CET 2026
#@# Curvature Stats lh Wed Mar 11 06:02:35 CET 2026
#@# Cortical Parc 2 lh Wed Mar 11 06:02:37 CET 2026
#@# Cortical Parc 3 lh Wed Mar 11 06:02:49 CET 2026
#@# WM/GM Contrast lh Wed Mar 11 06:02:59 CET 2026
recon-all -s sub-v2s13x29102_ses-1 finished without error at Wed Mar 11 06:03:03 CET 2026



#New# invocation of recon-all 



status file for recon-all
Wed Mar 11 06:38:46 CET 2026
#@# white curv lh Wed Mar 11 06:38:46 CET 2026
#@# white area lh Wed Mar 11 06:38:46 CET 2026
#@# pial curv lh Wed Mar 11 06:38:46 CET 2026
#@# pial area lh Wed Mar 11 06:38:46 CET 2026
#@# thickness lh Wed Mar 11 06:38:46 CET 2026
#@# area and vertex vol lh Wed Mar 11 06:38:46 CET 2026
#@# Parcellation Stats lh Wed Mar 11 06:38:46 CET 2026
#@# Parcellation Stats 2 lh Wed Mar 11 06:39:00 CET 2026
#@# Parcellation Stats 3 lh Wed Mar 11 06:39:07 CET 2026
#@# BA_exvivo Labels lh Wed Mar 11 06:39:15 CET 2026
recon-all -s sub-v2s13x29102_ses-1 finished without error at Wed Mar 11 06:41:36 CET 2026
