status file for recon-all
Wed Mar 11 05:30:54 CET 2026
#@# Tessellate lh Wed Mar 11 05:30:54 CET 2026
#@# Smooth1 lh Wed Mar 11 05:30:58 CET 2026
#@# Inflation1 lh Wed Mar 11 05:31:01 CET 2026
#@# QSphere lh Wed Mar 11 05:31:56 CET 2026
#@# Fix Topology lh Wed Mar 11 05:33:01 CET 2026
#@# Smooth2 lh Wed Mar 11 05:42:35 CET 2026
#@# Inflation2 lh Wed Mar 11 05:42:38 CET 2026
#@# Curv .H and .K lh Wed Mar 11 05:43:10 CET 2026
#@# Sphere lh Wed Mar 11 05:44:07 CET 2026
#@# Surf Reg lh Wed Mar 11 05:49:15 CET 2026
#@# Jacobian white lh Wed Mar 11 05:55:45 CET 2026
#@# AvgCurv lh Wed Mar 11 05:55:46 CET 2026
#@# Cortical Parc lh Wed Mar 11 05:55:47 CET 2026
#@# white curv lh Wed Mar 11 06:02:34 CET 2026
#@# white area lh Wed Mar 11 06:02:36 CET 2026
#@# pial curv lh Wed Mar 11 06:02:37 CET 2026
#@# pial area lh Wed Mar 11 06:02:39 CET 2026
#@# thickness lh Wed Mar 11 06:02:40 CET 2026
#@# area and vertex vol lh Wed Mar 11 06:03:17 CET 2026
#@# Curvature Stats lh Wed Mar 11 06:03:19 CET 2026
#@# Cortical Parc 2 lh Wed Mar 11 06:03:22 CET 2026
#@# Cortical Parc 3 lh Wed Mar 11 06:03:37 CET 2026
#@# WM/GM Contrast lh Wed Mar 11 06:03:49 CET 2026
recon-all -s sub-v2s13x29113_ses-1 finished without error at Wed Mar 11 06:03:54 CET 2026



#New# invocation of recon-all 



status file for recon-all
Wed Mar 11 06:49:46 CET 2026
#@# white curv lh Wed Mar 11 06:49:46 CET 2026
#@# white area lh Wed Mar 11 06:49:46 CET 2026
#@# pial curv lh Wed Mar 11 06:49:46 CET 2026
#@# pial area lh Wed Mar 11 06:49:46 CET 2026
#@# thickness lh Wed Mar 11 06:49:46 CET 2026
#@# area and vertex vol lh Wed Mar 11 06:49:46 CET 2026
#@# Parcellation Stats lh Wed Mar 11 06:49:46 CET 2026
#@# Parcellation Stats 2 lh Wed Mar 11 06:50:12 CET 2026
#@# Parcellation Stats 3 lh Wed Mar 11 06:50:27 CET 2026
#@# BA_exvivo Labels lh Wed Mar 11 06:50:39 CET 2026
recon-all -s sub-v2s13x29113_ses-1 finished without error at Wed Mar 11 06:53:34 CET 2026
