status file for recon-all
Wed Mar 11 03:47:56 CET 2026
#@# MotionCor Wed Mar 11 03:47:58 CET 2026
#@# Talairach Wed Mar 11 03:48:07 CET 2026
#@# Talairach Failure Detection Wed Mar 11 03:52:28 CET 2026
#@# Nu Intensity Correction Wed Mar 11 03:52:28 CET 2026
#@# Intensity Normalization Wed Mar 11 03:55:41 CET 2026
recon-all -s sub-v2s13x29113_ses-1 finished without error at Wed Mar 11 03:57:17 CET 2026



#New# invocation of recon-all 



status file for recon-all
Wed Mar 11 04:04:17 CET 2026
#@# EM Registration Wed Mar 11 04:04:17 CET 2026
recon-all -s sub-v2s13x29113_ses-1 finished without error at Wed Mar 11 04:06:21 CET 2026



#New# invocation of recon-all 



status file for recon-all
Wed Mar 11 04:06:26 CET 2026
#@# CA Normalize Wed Mar 11 04:06:26 CET 2026
#@# CA Reg Wed Mar 11 04:07:44 CET 2026
#@# SubCort Seg Wed Mar 11 04:47:27 CET 2026
#@# CC Seg Wed Mar 11 05:24:45 CET 2026
#@# Merge ASeg Wed Mar 11 05:25:27 CET 2026
#@# Intensity Normalization2 Wed Mar 11 05:25:27 CET 2026
#@# Mask BFS Wed Mar 11 05:27:35 CET 2026
#@# WM Segmentation Wed Mar 11 05:27:36 CET 2026
#@# Fill Wed Mar 11 05:29:44 CET 2026
recon-all -s sub-v2s13x29113_ses-1 finished without error at Wed Mar 11 05:30:47 CET 2026



#New# invocation of recon-all 



status file for recon-all
Wed Mar 11 06:37:57 CET 2026
#@# white curv lh Wed Mar 11 06:37:57 CET 2026
#@# white area lh Wed Mar 11 06:37:57 CET 2026
#@# pial curv lh Wed Mar 11 06:37:57 CET 2026
#@# pial area lh Wed Mar 11 06:37:57 CET 2026
#@# thickness lh Wed Mar 11 06:37:57 CET 2026
#@# area and vertex vol lh Wed Mar 11 06:37:57 CET 2026
#@# white curv rh Wed Mar 11 06:37:57 CET 2026
#@# white area rh Wed Mar 11 06:37:57 CET 2026
#@# pial curv rh Wed Mar 11 06:37:57 CET 2026
#@# pial area rh Wed Mar 11 06:37:57 CET 2026
#@# thickness rh Wed Mar 11 06:37:57 CET 2026
#@# area and vertex vol rh Wed Mar 11 06:37:57 CET 2026
#@# Cortical ribbon mask Wed Mar 11 06:37:57 CET 2026
recon-all -s sub-v2s13x29113_ses-1 finished without error at Wed Mar 11 06:49:40 CET 2026



#New# invocation of recon-all 



status file for recon-all
Wed Mar 11 06:57:27 CET 2026
#@# white curv lh Wed Mar 11 06:57:27 CET 2026
#@# white area lh Wed Mar 11 06:57:27 CET 2026
#@# pial curv lh Wed Mar 11 06:57:27 CET 2026
#@# pial area lh Wed Mar 11 06:57:27 CET 2026
#@# thickness lh Wed Mar 11 06:57:27 CET 2026
#@# area and vertex vol lh Wed Mar 11 06:57:27 CET 2026
#@# white curv rh Wed Mar 11 06:57:27 CET 2026
#@# white area rh Wed Mar 11 06:57:27 CET 2026
#@# pial curv rh Wed Mar 11 06:57:27 CET 2026
#@# pial area rh Wed Mar 11 06:57:27 CET 2026
#@# thickness rh Wed Mar 11 06:57:27 CET 2026
#@# area and vertex vol rh Wed Mar 11 06:57:27 CET 2026
#@# Curvature Stats lh Wed Mar 11 06:57:27 CET 2026
#@# Curvature Stats rh Wed Mar 11 06:57:30 CET 2026
#@# Relabel Hypointensities Wed Mar 11 06:57:32 CET 2026
#@# APas-to-ASeg Wed Mar 11 06:57:51 CET 2026
#@# AParc-to-ASeg aparc Wed Mar 11 06:58:00 CET 2026
#@# AParc-to-ASeg aparc.a2009s Wed Mar 11 06:58:49 CET 2026
#@# AParc-to-ASeg aparc.DKTatlas Wed Mar 11 06:59:37 CET 2026
#@# WMParc Wed Mar 11 07:00:23 CET 2026
#@# ASeg Stats Wed Mar 11 07:04:07 CET 2026
recon-all -s sub-v2s13x29113_ses-1 finished without error at Wed Mar 11 07:04:40 CET 2026
