status file for recon-all
Wed Mar 11 06:03:56 CET 2026
#@# Tessellate rh Wed Mar 11 06:03:56 CET 2026
#@# Smooth1 rh Wed Mar 11 06:04:00 CET 2026
#@# Inflation1 rh Wed Mar 11 06:04:03 CET 2026
#@# QSphere rh Wed Mar 11 06:05:04 CET 2026
#@# Fix Topology rh Wed Mar 11 06:06:12 CET 2026
#@# Smooth2 rh Wed Mar 11 06:14:21 CET 2026
#@# Inflation2 rh Wed Mar 11 06:14:24 CET 2026
#@# Curv .H and .K rh Wed Mar 11 06:15:27 CET 2026
#@# Sphere rh Wed Mar 11 06:16:26 CET 2026
#@# Surf Reg rh Wed Mar 11 06:21:42 CET 2026
#@# Jacobian white rh Wed Mar 11 06:28:56 CET 2026
#@# AvgCurv rh Wed Mar 11 06:28:57 CET 2026
#@# Cortical Parc rh Wed Mar 11 06:28:58 CET 2026
#@# white curv rh Wed Mar 11 06:36:31 CET 2026
#@# white area rh Wed Mar 11 06:36:33 CET 2026
#@# pial curv rh Wed Mar 11 06:36:33 CET 2026
#@# pial area rh Wed Mar 11 06:36:35 CET 2026
#@# thickness rh Wed Mar 11 06:36:36 CET 2026
#@# area and vertex vol rh Wed Mar 11 06:37:13 CET 2026
#@# Curvature Stats rh Wed Mar 11 06:37:15 CET 2026
#@# Cortical Parc 2 rh Wed Mar 11 06:37:18 CET 2026
#@# Cortical Parc 3 rh Wed Mar 11 06:37:35 CET 2026
#@# WM/GM Contrast rh Wed Mar 11 06:37:47 CET 2026
recon-all -s sub-v2s13x29113_ses-1 finished without error at Wed Mar 11 06:37:52 CET 2026



#New# invocation of recon-all 



status file for recon-all
Wed Mar 11 06:53:37 CET 2026
#@# white curv rh Wed Mar 11 06:53:37 CET 2026
#@# white area rh Wed Mar 11 06:53:37 CET 2026
#@# pial curv rh Wed Mar 11 06:53:37 CET 2026
#@# pial area rh Wed Mar 11 06:53:37 CET 2026
#@# thickness rh Wed Mar 11 06:53:37 CET 2026
#@# area and vertex vol rh Wed Mar 11 06:53:37 CET 2026
#@# Parcellation Stats rh Wed Mar 11 06:53:37 CET 2026
#@# Parcellation Stats 2 rh Wed Mar 11 06:54:03 CET 2026
#@# Parcellation Stats 3 rh Wed Mar 11 06:54:16 CET 2026
#@# BA_exvivo Labels rh Wed Mar 11 06:54:29 CET 2026
recon-all -s sub-v2s13x29113_ses-1 finished without error at Wed Mar 11 06:57:22 CET 2026
