status file for recon-all
Wed Mar 11 07:20:31 CET 2026
#@# Tessellate rh Wed Mar 11 07:20:31 CET 2026
#@# Smooth1 rh Wed Mar 11 07:20:35 CET 2026
#@# Inflation1 rh Wed Mar 11 07:20:38 CET 2026
#@# QSphere rh Wed Mar 11 07:21:44 CET 2026
#@# Fix Topology rh Wed Mar 11 07:23:07 CET 2026
#@# Smooth2 rh Wed Mar 11 07:29:34 CET 2026
#@# Inflation2 rh Wed Mar 11 07:29:38 CET 2026
#@# Curv .H and .K rh Wed Mar 11 07:30:04 CET 2026
#@# Sphere rh Wed Mar 11 07:30:58 CET 2026
#@# Surf Reg rh Wed Mar 11 07:33:45 CET 2026
#@# Jacobian white rh Wed Mar 11 07:38:38 CET 2026
#@# AvgCurv rh Wed Mar 11 07:38:39 CET 2026
#@# Cortical Parc rh Wed Mar 11 07:38:39 CET 2026
#@# white curv rh Wed Mar 11 07:46:18 CET 2026
#@# white area rh Wed Mar 11 07:46:20 CET 2026
#@# pial curv rh Wed Mar 11 07:46:21 CET 2026
#@# pial area rh Wed Mar 11 07:46:23 CET 2026
#@# thickness rh Wed Mar 11 07:46:24 CET 2026
#@# area and vertex vol rh Wed Mar 11 07:46:58 CET 2026
#@# Curvature Stats rh Wed Mar 11 07:47:00 CET 2026
#@# Cortical Parc 2 rh Wed Mar 11 07:47:03 CET 2026
#@# Cortical Parc 3 rh Wed Mar 11 07:47:18 CET 2026
#@# WM/GM Contrast rh Wed Mar 11 07:47:30 CET 2026
recon-all -s sub-v2s13x29133_ses-1 finished without error at Wed Mar 11 07:47:36 CET 2026



#New# invocation of recon-all 



status file for recon-all
Wed Mar 11 07:56:21 CET 2026
#@# white curv rh Wed Mar 11 07:56:21 CET 2026
#@# white area rh Wed Mar 11 07:56:21 CET 2026
#@# pial curv rh Wed Mar 11 07:56:21 CET 2026
#@# pial area rh Wed Mar 11 07:56:21 CET 2026
#@# thickness rh Wed Mar 11 07:56:21 CET 2026
#@# area and vertex vol rh Wed Mar 11 07:56:21 CET 2026
#@# Parcellation Stats rh Wed Mar 11 07:56:21 CET 2026
#@# Parcellation Stats 2 rh Wed Mar 11 07:56:44 CET 2026
#@# Parcellation Stats 3 rh Wed Mar 11 07:56:57 CET 2026
#@# BA_exvivo Labels rh Wed Mar 11 07:57:08 CET 2026
recon-all -s sub-v2s13x29133_ses-1 finished without error at Wed Mar 11 08:00:15 CET 2026
