status file for recon-all
Wed Mar 11 07:40:29 CET 2026
#@# Tessellate rh Wed Mar 11 07:40:29 CET 2026
#@# Smooth1 rh Wed Mar 11 07:40:34 CET 2026
#@# Inflation1 rh Wed Mar 11 07:40:37 CET 2026
#@# QSphere rh Wed Mar 11 07:41:56 CET 2026
#@# Fix Topology rh Wed Mar 11 07:44:11 CET 2026
#@# Smooth2 rh Wed Mar 11 07:51:14 CET 2026
#@# Inflation2 rh Wed Mar 11 07:51:18 CET 2026
#@# Curv .H and .K rh Wed Mar 11 07:51:51 CET 2026
#@# Sphere rh Wed Mar 11 07:52:51 CET 2026
#@# Surf Reg rh Wed Mar 11 07:55:48 CET 2026
#@# Jacobian white rh Wed Mar 11 08:01:34 CET 2026
#@# AvgCurv rh Wed Mar 11 08:01:36 CET 2026
#@# Cortical Parc rh Wed Mar 11 08:01:37 CET 2026
#@# white curv rh Wed Mar 11 08:10:01 CET 2026
#@# white area rh Wed Mar 11 08:10:04 CET 2026
#@# pial curv rh Wed Mar 11 08:10:04 CET 2026
#@# pial area rh Wed Mar 11 08:10:07 CET 2026
#@# thickness rh Wed Mar 11 08:10:08 CET 2026
#@# area and vertex vol rh Wed Mar 11 08:10:49 CET 2026
#@# Curvature Stats rh Wed Mar 11 08:10:51 CET 2026
#@# Cortical Parc 2 rh Wed Mar 11 08:10:54 CET 2026
#@# Cortical Parc 3 rh Wed Mar 11 08:11:12 CET 2026
#@# WM/GM Contrast rh Wed Mar 11 08:11:25 CET 2026
recon-all -s sub-v2s13x29136_ses-1 finished without error at Wed Mar 11 08:11:31 CET 2026



#New# invocation of recon-all 



status file for recon-all
Wed Mar 11 08:23:00 CET 2026
#@# white curv rh Wed Mar 11 08:23:00 CET 2026
#@# white area rh Wed Mar 11 08:23:00 CET 2026
#@# pial curv rh Wed Mar 11 08:23:00 CET 2026
#@# pial area rh Wed Mar 11 08:23:00 CET 2026
#@# thickness rh Wed Mar 11 08:23:00 CET 2026
#@# area and vertex vol rh Wed Mar 11 08:23:00 CET 2026
#@# Parcellation Stats rh Wed Mar 11 08:23:00 CET 2026
#@# Parcellation Stats 2 rh Wed Mar 11 08:23:38 CET 2026
#@# Parcellation Stats 3 rh Wed Mar 11 08:23:52 CET 2026
#@# BA_exvivo Labels rh Wed Mar 11 08:24:14 CET 2026
recon-all -s sub-v2s13x29136_ses-1 finished without error at Wed Mar 11 08:27:40 CET 2026
