status file for recon-all
Wed Mar 11 07:10:35 CET 2026
#@# Tessellate lh Wed Mar 11 07:10:35 CET 2026
#@# Smooth1 lh Wed Mar 11 07:10:39 CET 2026
#@# Inflation1 lh Wed Mar 11 07:10:42 CET 2026
#@# QSphere lh Wed Mar 11 07:11:56 CET 2026
#@# Fix Topology lh Wed Mar 11 07:14:00 CET 2026
#@# Smooth2 lh Wed Mar 11 07:20:44 CET 2026
#@# Inflation2 lh Wed Mar 11 07:20:48 CET 2026
#@# Curv .H and .K lh Wed Mar 11 07:21:13 CET 2026
#@# Sphere lh Wed Mar 11 07:22:13 CET 2026
#@# Surf Reg lh Wed Mar 11 07:25:18 CET 2026
#@# Jacobian white lh Wed Mar 11 07:30:52 CET 2026
#@# AvgCurv lh Wed Mar 11 07:30:53 CET 2026
#@# Cortical Parc lh Wed Mar 11 07:30:54 CET 2026
#@# white curv lh Wed Mar 11 07:39:02 CET 2026
#@# white area lh Wed Mar 11 07:39:05 CET 2026
#@# pial curv lh Wed Mar 11 07:39:05 CET 2026
#@# pial area lh Wed Mar 11 07:39:08 CET 2026
#@# thickness lh Wed Mar 11 07:39:09 CET 2026
#@# area and vertex vol lh Wed Mar 11 07:39:47 CET 2026
#@# Curvature Stats lh Wed Mar 11 07:39:49 CET 2026
#@# Cortical Parc 2 lh Wed Mar 11 07:39:52 CET 2026
#@# Cortical Parc 3 lh Wed Mar 11 07:40:09 CET 2026
#@# WM/GM Contrast lh Wed Mar 11 07:40:22 CET 2026
recon-all -s sub-v2s13x29136_ses-1 finished without error at Wed Mar 11 07:40:28 CET 2026



#New# invocation of recon-all 



status file for recon-all
Wed Mar 11 08:18:20 CET 2026
#@# white curv lh Wed Mar 11 08:18:20 CET 2026
#@# white area lh Wed Mar 11 08:18:20 CET 2026
#@# pial curv lh Wed Mar 11 08:18:20 CET 2026
#@# pial area lh Wed Mar 11 08:18:20 CET 2026
#@# thickness lh Wed Mar 11 08:18:20 CET 2026
#@# area and vertex vol lh Wed Mar 11 08:18:20 CET 2026
#@# Parcellation Stats lh Wed Mar 11 08:18:20 CET 2026
#@# Parcellation Stats 2 lh Wed Mar 11 08:18:51 CET 2026
#@# Parcellation Stats 3 lh Wed Mar 11 08:19:13 CET 2026
#@# BA_exvivo Labels lh Wed Mar 11 08:19:28 CET 2026
recon-all -s sub-v2s13x29136_ses-1 finished without error at Wed Mar 11 08:22:58 CET 2026
