status file for recon-all
Wed Mar 11 05:16:51 CET 2026
#@# MotionCor Wed Mar 11 05:16:53 CET 2026
#@# Talairach Wed Mar 11 05:17:04 CET 2026
#@# Talairach Failure Detection Wed Mar 11 05:21:32 CET 2026
#@# Nu Intensity Correction Wed Mar 11 05:21:32 CET 2026
#@# Intensity Normalization Wed Mar 11 05:24:48 CET 2026
recon-all -s sub-v2s13x29136_ses-1 finished without error at Wed Mar 11 05:26:18 CET 2026



#New# invocation of recon-all 



status file for recon-all
Wed Mar 11 05:33:59 CET 2026
#@# EM Registration Wed Mar 11 05:33:59 CET 2026
recon-all -s sub-v2s13x29136_ses-1 finished without error at Wed Mar 11 05:35:49 CET 2026



#New# invocation of recon-all 



status file for recon-all
Wed Mar 11 05:35:52 CET 2026
#@# CA Normalize Wed Mar 11 05:35:52 CET 2026
#@# CA Reg Wed Mar 11 05:37:12 CET 2026
#@# SubCort Seg Wed Mar 11 06:29:47 CET 2026
#@# CC Seg Wed Mar 11 07:04:33 CET 2026
#@# Merge ASeg Wed Mar 11 07:05:09 CET 2026
#@# Intensity Normalization2 Wed Mar 11 07:05:09 CET 2026
#@# Mask BFS Wed Mar 11 07:07:20 CET 2026
#@# WM Segmentation Wed Mar 11 07:07:20 CET 2026
#@# Fill Wed Mar 11 07:09:27 CET 2026
recon-all -s sub-v2s13x29136_ses-1 finished without error at Wed Mar 11 07:10:29 CET 2026



#New# invocation of recon-all 



status file for recon-all
Wed Mar 11 08:11:35 CET 2026
#@# white curv lh Wed Mar 11 08:11:35 CET 2026
#@# white area lh Wed Mar 11 08:11:35 CET 2026
#@# pial curv lh Wed Mar 11 08:11:35 CET 2026
#@# pial area lh Wed Mar 11 08:11:36 CET 2026
#@# thickness lh Wed Mar 11 08:11:36 CET 2026
#@# area and vertex vol lh Wed Mar 11 08:11:36 CET 2026
#@# white curv rh Wed Mar 11 08:11:36 CET 2026
#@# white area rh Wed Mar 11 08:11:36 CET 2026
#@# pial curv rh Wed Mar 11 08:11:36 CET 2026
#@# pial area rh Wed Mar 11 08:11:36 CET 2026
#@# thickness rh Wed Mar 11 08:11:36 CET 2026
#@# area and vertex vol rh Wed Mar 11 08:11:36 CET 2026
#@# Cortical ribbon mask Wed Mar 11 08:11:36 CET 2026
recon-all -s sub-v2s13x29136_ses-1 finished without error at Wed Mar 11 08:18:15 CET 2026



#New# invocation of recon-all 



status file for recon-all
Wed Mar 11 08:27:45 CET 2026
#@# white curv lh Wed Mar 11 08:27:45 CET 2026
#@# white area lh Wed Mar 11 08:27:45 CET 2026
#@# pial curv lh Wed Mar 11 08:27:45 CET 2026
#@# pial area lh Wed Mar 11 08:27:45 CET 2026
#@# thickness lh Wed Mar 11 08:27:45 CET 2026
#@# area and vertex vol lh Wed Mar 11 08:27:45 CET 2026
#@# white curv rh Wed Mar 11 08:27:45 CET 2026
#@# white area rh Wed Mar 11 08:27:45 CET 2026
#@# pial curv rh Wed Mar 11 08:27:45 CET 2026
#@# pial area rh Wed Mar 11 08:27:45 CET 2026
#@# thickness rh Wed Mar 11 08:27:45 CET 2026
#@# area and vertex vol rh Wed Mar 11 08:27:45 CET 2026
#@# Curvature Stats lh Wed Mar 11 08:27:46 CET 2026
#@# Curvature Stats rh Wed Mar 11 08:27:49 CET 2026
#@# Relabel Hypointensities Wed Mar 11 08:27:52 CET 2026
#@# APas-to-ASeg Wed Mar 11 08:28:11 CET 2026
#@# AParc-to-ASeg aparc Wed Mar 11 08:28:23 CET 2026
#@# AParc-to-ASeg aparc.a2009s Wed Mar 11 08:29:14 CET 2026
#@# AParc-to-ASeg aparc.DKTatlas Wed Mar 11 08:30:07 CET 2026
#@# WMParc Wed Mar 11 08:30:59 CET 2026
#@# ASeg Stats Wed Mar 11 08:34:52 CET 2026
recon-all -s sub-v2s13x29136_ses-1 finished without error at Wed Mar 11 08:35:34 CET 2026
