Log file for defect2seg
Wed Mar 11 07:27:21 CET 2026

setenv SUBJECTS_DIR /out/sourcedata/freesurfer
cd /out/sourcedata/freesurfer/sub-v2s13x29131_ses-1/scripts
/opt/freesurfer/bin/defect2seg --s sub-v2s13x29131_ses-1 --rh-only --cortex

freesurfer-linux-ubuntu22_x86_64-7.3.2-20220804-6354275
defect2seg 7.3.2
Linux dna003 5.14.0-427.37.1.el9_4.x86_64 #1 SMP PREEMPT_DYNAMIC Fri Sep 13 12:41:50 EDT 2024 x86_64 x86_64 x86_64 GNU/Linux
pid 2507455
mri_label2label --label-cortex /out/sourcedata/freesurfer/sub-v2s13x29131_ses-1/surf/rh.orig.nofix /out/sourcedata/freesurfer/sub-v2s13x29131_ses-1/mri/aseg.presurf.mgz 0 /out/sourcedata/freesurfer/sub-v2s13x29131_ses-1/label/rh.nofix.cortex.label

 Generating cortex label... RemoveHipAmgy=0
 NucAccIsMedialWall=0
 mris->useRealRAS=0
28 non-cortical segments detected
only using segment with 9401 vertices
erasing segment 1 (vno[0] = 73995)
erasing segment 2 (vno[0] = 78004)
erasing segment 3 (vno[0] = 79461)
erasing segment 4 (vno[0] = 87671)
erasing segment 5 (vno[0] = 92785)
erasing segment 6 (vno[0] = 110111)
erasing segment 7 (vno[0] = 110129)
erasing segment 8 (vno[0] = 112630)
erasing segment 9 (vno[0] = 126860)
erasing segment 10 (vno[0] = 128101)
erasing segment 11 (vno[0] = 128183)
erasing segment 12 (vno[0] = 129339)
erasing segment 13 (vno[0] = 129340)
erasing segment 14 (vno[0] = 129355)
erasing segment 15 (vno[0] = 130442)
erasing segment 16 (vno[0] = 131428)
erasing segment 17 (vno[0] = 132624)
erasing segment 18 (vno[0] = 132634)
erasing segment 19 (vno[0] = 132668)
erasing segment 20 (vno[0] = 133713)
erasing segment 21 (vno[0] = 135700)
erasing segment 22 (vno[0] = 135777)
erasing segment 23 (vno[0] = 135814)
erasing segment 24 (vno[0] = 138916)
erasing segment 25 (vno[0] = 146644)
erasing segment 26 (vno[0] = 161123)
erasing segment 27 (vno[0] = 163255)
mri_label2vol --defects /out/sourcedata/freesurfer/sub-v2s13x29131_ses-1/surf/rh.orig.nofix /out/sourcedata/freesurfer/sub-v2s13x29131_ses-1/surf/rh.defect_labels /out/sourcedata/freesurfer/sub-v2s13x29131_ses-1/mri/orig.mgz 2000 0 /out/sourcedata/freesurfer/sub-v2s13x29131_ses-1/mri/rh.surface.defects.mgz /out/sourcedata/freesurfer/sub-v2s13x29131_ses-1/label/rh.nofix.cortex.label
mri_label2vol supposed to be reproducible but seed not set
Contraining to label /out/sourcedata/freesurfer/sub-v2s13x29131_ses-1/label/rh.nofix.cortex.label
Changing input type 0 to MRI_INT
Converting defects to volume: offset=2000, merge=0
Writing to /out/sourcedata/freesurfer/sub-v2s13x29131_ses-1/mri/rh.surface.defects.mgz
mris_defects_pointset -s /out/sourcedata/freesurfer/sub-v2s13x29131_ses-1/surf/rh.orig.nofix -d /out/sourcedata/freesurfer/sub-v2s13x29131_ses-1/surf/rh.defect_labels -o /out/sourcedata/freesurfer/sub-v2s13x29131_ses-1/surf/rh.defects.pointset --label /out/sourcedata/freesurfer/sub-v2s13x29131_ses-1/label/rh.nofix.cortex.label
Reading in surface /out/sourcedata/freesurfer/sub-v2s13x29131_ses-1/surf/rh.orig.nofix
Reading in defect segmentation /out/sourcedata/freesurfer/sub-v2s13x29131_ses-1/surf/rh.defect_labels
Reading in label /out/sourcedata/freesurfer/sub-v2s13x29131_ses-1/label/rh.nofix.cortex.label
#VMPC# mris_defects_pointset 2204232
mris_defects_pointset done
 
Started at Wed Mar 11 07:27:21 CET 2026 
Ended   at Wed Mar 11 07:27:43 CET 2026
Defect2seg-Run-Time-Sec 22
Defect2seg-Run-Time-Min 0.44
Defect2seg-Run-Time-Hours 0.01
 
defect2seg Done
