status file for recon-all
Wed Mar 11 07:22:52 CET 2026
#@# Tessellate rh Wed Mar 11 07:22:52 CET 2026
#@# Smooth1 rh Wed Mar 11 07:22:56 CET 2026
#@# Inflation1 rh Wed Mar 11 07:23:00 CET 2026
#@# QSphere rh Wed Mar 11 07:24:17 CET 2026
#@# Fix Topology rh Wed Mar 11 07:25:40 CET 2026
#@# Smooth2 rh Wed Mar 11 07:33:52 CET 2026
#@# Inflation2 rh Wed Mar 11 07:33:56 CET 2026
#@# Curv .H and .K rh Wed Mar 11 07:34:23 CET 2026
#@# Sphere rh Wed Mar 11 07:35:26 CET 2026
#@# Surf Reg rh Wed Mar 11 07:38:18 CET 2026
#@# Jacobian white rh Wed Mar 11 07:43:37 CET 2026
#@# AvgCurv rh Wed Mar 11 07:43:38 CET 2026
#@# Cortical Parc rh Wed Mar 11 07:43:39 CET 2026
#@# white curv rh Wed Mar 11 07:52:06 CET 2026
#@# white area rh Wed Mar 11 07:52:08 CET 2026
#@# pial curv rh Wed Mar 11 07:52:09 CET 2026
#@# pial area rh Wed Mar 11 07:52:11 CET 2026
#@# thickness rh Wed Mar 11 07:52:12 CET 2026
#@# area and vertex vol rh Wed Mar 11 07:52:52 CET 2026
#@# Curvature Stats rh Wed Mar 11 07:52:54 CET 2026
#@# Cortical Parc 2 rh Wed Mar 11 07:52:58 CET 2026
#@# Cortical Parc 3 rh Wed Mar 11 07:53:16 CET 2026
#@# WM/GM Contrast rh Wed Mar 11 07:53:29 CET 2026
recon-all -s sub-v2s13x29131_ses-1 finished without error at Wed Mar 11 07:53:34 CET 2026



#New# invocation of recon-all 



status file for recon-all
Wed Mar 11 08:08:11 CET 2026
#@# white curv rh Wed Mar 11 08:08:11 CET 2026
#@# white area rh Wed Mar 11 08:08:11 CET 2026
#@# pial curv rh Wed Mar 11 08:08:11 CET 2026
#@# pial area rh Wed Mar 11 08:08:11 CET 2026
#@# thickness rh Wed Mar 11 08:08:11 CET 2026
#@# area and vertex vol rh Wed Mar 11 08:08:11 CET 2026
#@# Parcellation Stats rh Wed Mar 11 08:08:11 CET 2026
#@# Parcellation Stats 2 rh Wed Mar 11 08:08:41 CET 2026
#@# Parcellation Stats 3 rh Wed Mar 11 08:08:56 CET 2026
#@# BA_exvivo Labels rh Wed Mar 11 08:09:11 CET 2026
recon-all -s sub-v2s13x29131_ses-1 finished without error at Wed Mar 11 08:12:26 CET 2026
