status file for recon-all
Wed Mar 11 06:50:56 CET 2026
#@# Tessellate lh Wed Mar 11 06:50:56 CET 2026
#@# Smooth1 lh Wed Mar 11 06:51:01 CET 2026
#@# Inflation1 lh Wed Mar 11 06:51:04 CET 2026
#@# QSphere lh Wed Mar 11 06:52:22 CET 2026
#@# Fix Topology lh Wed Mar 11 06:53:43 CET 2026
#@# Smooth2 lh Wed Mar 11 07:01:25 CET 2026
#@# Inflation2 lh Wed Mar 11 07:01:29 CET 2026
#@# Curv .H and .K lh Wed Mar 11 07:01:56 CET 2026
#@# Sphere lh Wed Mar 11 07:03:00 CET 2026
#@# Surf Reg lh Wed Mar 11 07:07:08 CET 2026
#@# Jacobian white lh Wed Mar 11 07:12:47 CET 2026
#@# AvgCurv lh Wed Mar 11 07:12:48 CET 2026
#@# Cortical Parc lh Wed Mar 11 07:12:49 CET 2026
#@# white curv lh Wed Mar 11 07:21:22 CET 2026
#@# white area lh Wed Mar 11 07:21:25 CET 2026
#@# pial curv lh Wed Mar 11 07:21:25 CET 2026
#@# pial area lh Wed Mar 11 07:21:28 CET 2026
#@# thickness lh Wed Mar 11 07:21:28 CET 2026
#@# area and vertex vol lh Wed Mar 11 07:22:09 CET 2026
#@# Curvature Stats lh Wed Mar 11 07:22:11 CET 2026
#@# Cortical Parc 2 lh Wed Mar 11 07:22:14 CET 2026
#@# Cortical Parc 3 lh Wed Mar 11 07:22:31 CET 2026
#@# WM/GM Contrast lh Wed Mar 11 07:22:44 CET 2026
recon-all -s sub-v2s13x29131_ses-1 finished without error at Wed Mar 11 07:22:49 CET 2026



#New# invocation of recon-all 



status file for recon-all
Wed Mar 11 08:03:44 CET 2026
#@# white curv lh Wed Mar 11 08:03:44 CET 2026
#@# white area lh Wed Mar 11 08:03:44 CET 2026
#@# pial curv lh Wed Mar 11 08:03:44 CET 2026
#@# pial area lh Wed Mar 11 08:03:44 CET 2026
#@# thickness lh Wed Mar 11 08:03:44 CET 2026
#@# area and vertex vol lh Wed Mar 11 08:03:44 CET 2026
#@# Parcellation Stats lh Wed Mar 11 08:03:44 CET 2026
#@# Parcellation Stats 2 lh Wed Mar 11 08:04:15 CET 2026
#@# Parcellation Stats 3 lh Wed Mar 11 08:04:30 CET 2026
#@# BA_exvivo Labels lh Wed Mar 11 08:04:46 CET 2026
recon-all -s sub-v2s13x29131_ses-1 finished without error at Wed Mar 11 08:08:09 CET 2026
