status file for recon-all
Wed Mar 11 04:55:01 CET 2026
#@# MotionCor Wed Mar 11 04:55:03 CET 2026
#@# Talairach Wed Mar 11 04:55:14 CET 2026
#@# Talairach Failure Detection Wed Mar 11 04:59:37 CET 2026
#@# Nu Intensity Correction Wed Mar 11 04:59:37 CET 2026
#@# Intensity Normalization Wed Mar 11 05:02:54 CET 2026
recon-all -s sub-v2s13x29131_ses-1 finished without error at Wed Mar 11 05:04:32 CET 2026



#New# invocation of recon-all 



status file for recon-all
Wed Mar 11 05:12:13 CET 2026
#@# EM Registration Wed Mar 11 05:12:13 CET 2026
recon-all -s sub-v2s13x29131_ses-1 finished without error at Wed Mar 11 05:14:25 CET 2026



#New# invocation of recon-all 



status file for recon-all
Wed Mar 11 05:14:26 CET 2026
#@# CA Normalize Wed Mar 11 05:14:26 CET 2026
#@# CA Reg Wed Mar 11 05:15:43 CET 2026
#@# SubCort Seg Wed Mar 11 06:08:24 CET 2026
#@# CC Seg Wed Mar 11 06:44:32 CET 2026
#@# Merge ASeg Wed Mar 11 06:45:11 CET 2026
#@# Intensity Normalization2 Wed Mar 11 06:45:11 CET 2026
#@# Mask BFS Wed Mar 11 06:47:29 CET 2026
#@# WM Segmentation Wed Mar 11 06:47:29 CET 2026
#@# Fill Wed Mar 11 06:49:48 CET 2026
recon-all -s sub-v2s13x29131_ses-1 finished without error at Wed Mar 11 06:50:52 CET 2026



#New# invocation of recon-all 



status file for recon-all
Wed Mar 11 07:53:40 CET 2026
#@# white curv lh Wed Mar 11 07:53:40 CET 2026
#@# white area lh Wed Mar 11 07:53:40 CET 2026
#@# pial curv lh Wed Mar 11 07:53:40 CET 2026
#@# pial area lh Wed Mar 11 07:53:40 CET 2026
#@# thickness lh Wed Mar 11 07:53:40 CET 2026
#@# area and vertex vol lh Wed Mar 11 07:53:40 CET 2026
#@# white curv rh Wed Mar 11 07:53:40 CET 2026
#@# white area rh Wed Mar 11 07:53:40 CET 2026
#@# pial curv rh Wed Mar 11 07:53:40 CET 2026
#@# pial area rh Wed Mar 11 07:53:40 CET 2026
#@# thickness rh Wed Mar 11 07:53:40 CET 2026
#@# area and vertex vol rh Wed Mar 11 07:53:40 CET 2026
#@# Cortical ribbon mask Wed Mar 11 07:53:40 CET 2026
recon-all -s sub-v2s13x29131_ses-1 finished without error at Wed Mar 11 08:03:39 CET 2026



#New# invocation of recon-all 



status file for recon-all
Wed Mar 11 08:12:31 CET 2026
#@# white curv lh Wed Mar 11 08:12:31 CET 2026
#@# white area lh Wed Mar 11 08:12:31 CET 2026
#@# pial curv lh Wed Mar 11 08:12:31 CET 2026
#@# pial area lh Wed Mar 11 08:12:31 CET 2026
#@# thickness lh Wed Mar 11 08:12:31 CET 2026
#@# area and vertex vol lh Wed Mar 11 08:12:31 CET 2026
#@# white curv rh Wed Mar 11 08:12:31 CET 2026
#@# white area rh Wed Mar 11 08:12:31 CET 2026
#@# pial curv rh Wed Mar 11 08:12:31 CET 2026
#@# pial area rh Wed Mar 11 08:12:31 CET 2026
#@# thickness rh Wed Mar 11 08:12:31 CET 2026
#@# area and vertex vol rh Wed Mar 11 08:12:31 CET 2026
#@# Curvature Stats lh Wed Mar 11 08:12:31 CET 2026
#@# Curvature Stats rh Wed Mar 11 08:12:34 CET 2026
#@# Relabel Hypointensities Wed Mar 11 08:12:38 CET 2026
#@# APas-to-ASeg Wed Mar 11 08:12:58 CET 2026
#@# AParc-to-ASeg aparc Wed Mar 11 08:13:09 CET 2026
#@# AParc-to-ASeg aparc.a2009s Wed Mar 11 08:14:20 CET 2026
#@# AParc-to-ASeg aparc.DKTatlas Wed Mar 11 08:15:30 CET 2026
#@# WMParc Wed Mar 11 08:16:42 CET 2026
#@# ASeg Stats Wed Mar 11 08:20:47 CET 2026
recon-all -s sub-v2s13x29131_ses-1 finished without error at Wed Mar 11 08:21:31 CET 2026
