/out/sourcedata/freesurfer/sub-v2s13x29121_ses-1/mri
/opt/freesurfer/bin/talairach_avi
--i orig_nu.mgz --xfm transforms/talairach.auto.xfm
talairach_avi 7.3.2
Linux dna030 5.14.0-427.37.1.el9_4.x86_64 #1 SMP PREEMPT_DYNAMIC Fri Sep 13 12:41:50 EDT 2024 x86_64 x86_64 x86_64 GNU/Linux
Wed Mar 11 04:27:34 CET 2026
mri_convert orig_nu.mgz talsrcimg.img 
reading from orig_nu.mgz...
TR=0.00, TE=0.00, TI=0.00, flip angle=0.00
i_ras = (-1, -1.33625e-10, -2.26757e-10)
j_ras = (-4.85907e-11, 1.65856e-08, -1)
k_ras = (-3.96824e-10, 1, 1.65856e-08)
writing to talsrcimg.img...
Analyze Output Matrix
-0.89844  -0.00000  -0.00000   118.00490;
-0.00000   0.00000   0.89844  -110.34549;
-0.00000  -0.89844   0.00000   136.81885;
 0.00000   0.00000   0.00000   1.00000;
--------------------
INFO: set hdr.hist.orient to -1
mpr2mni305 talsrcimg
Wed Mar 11 04:27:34 CET 2026
/opt/freesurfer/bin/mpr2mni305 talsrcimg
mpr2mni305 7.3.2
target=711-2C_as_mni_average_305

---------------------------------------------------------------------
analyzeto4dfp talsrcimg -O0 -y
---------------------------------------------------------------------

freesurfer ifh2hdr.c
Wed Mar 11 04:27:35 2026
Writing: talsrcimg.4dfp.hdr
freesurfer analyzeto4dfp.c
Reading: talsrcimg.hdr
header size 348 bytes
hdr.dime.datatype	offset=70	value=2
hdr.dime.bitpix		offset=72	value=8
hdr.hist.orient		offset=252	value=-1
dimensionality     4
dimensions       256       256       256         1
Reading: talsrcimg.img
Writing: talsrcimg.4dfp.img
Writing: talsrcimg.4dfp.ifh
ifh2hdr talsrcimg -r0to244
ori=2

---------------------------------------------------------------------
gauss_4dfp talsrcimg 1.1
---------------------------------------------------------------------

freesurfer gauss_4dfp.c
Reading: talsrcimg.4dfp.img
Writing: talsrcimg_g11.4dfp.img
image dimensions 256 256 256 padded to 288 288 288
processing volume 1freesurfer ifh2hdr.c
Wed Mar 11 04:27:36 2026
Writing: talsrcimg_g11.4dfp.hdr

Writing: talsrcimg_g11.4dfp.ifh
including: talsrcimg.4dfp.img.rec in talsrcimg_g11.4dfp.img.rec

---------------------------------------------------------------------
imgreg_4dfp /opt/freesurfer/average/711-2C_as_mni_average_305 none talsrcimg_g11 none talsrcimg_to_711-2C_as_mni_average_305_t4 4355
---------------------------------------------------------------------

freesurfer imgreg_4dfp.c
/opt/freesurfer/average/711-2C_as_mni_average_305.4dfp.img
       256       256       256         1
  1.000000  1.000000  1.000000
orientation T byte_order littleendian
Reading image: /opt/freesurfer/average/711-2C_as_mni_average_305.4dfp.img
dimensions:      256       256       256
mmppix:       1.0000   -1.0000   -1.0000
center:     128.0000 -129.0000 -129.0000
talsrcimg_g11.4dfp.img
       256       256       256         1
  0.898437  0.898437  0.898437
orientation T byte_order littleendian
Reading image: talsrcimg_g11.4dfp.img
dimensions:      256       256       256
mmppix:       0.8984   -0.8984   -0.8984
center:     114.9999 -115.8984 -115.8984
t4_read: open error in t4_sub.f l:  41 t4_file(1:l)talsrcimg_to_711-2C_as_mni_average_305_t4 
t4_read: transform initialized to I4
rotation matrix determinant  1.000000
image alignment mode   4355 decimal     1103 hex
   -7.5000  -45.0000  -45.0000 6693.8936   15.3615
    0.0000  -45.0000  -45.0000 6741.5078   15.3820
    7.5000  -45.0000  -45.0000 6391.0947   15.4111
   -7.5000  -37.5000  -45.0000 7064.3550   16.3147
    0.0000  -37.5000  -45.0000 7108.4648   16.3427
    7.5000  -37.5000  -45.0000 6740.5044   16.3732
   -7.5000  -30.0000  -45.0000 7445.3252   16.8433
    0.0000  -30.0000  -45.0000 7488.5908   16.8771
    7.5000  -30.0000  -45.0000 7097.1489   16.9051
   -7.5000  -22.5000  -45.0000 7918.5454   16.8641
    0.0000  -22.5000  -45.0000 7974.8066   16.8973
    7.5000  -22.5000  -45.0000 7548.2114   16.9208
   -7.5000  -15.0000  -45.0000 8333.2598   16.8713
    0.0000  -15.0000  -45.0000 8395.0693   16.8980
    7.5000  -15.0000  -45.0000 7954.0776   16.9220
   -7.5000   -7.5000  -45.0000 8350.8584   16.8590
    0.0000   -7.5000  -45.0000 8392.2490   16.8802
    7.5000   -7.5000  -45.0000 7938.3184   16.9087
   -7.5000    0.0000  -45.0000 8290.8135   16.8376
    0.0000    0.0000  -45.0000 8324.1221   16.8599
    7.5000    0.0000  -45.0000 7865.9321   16.8917
   -7.5000    7.5000  -45.0000 7762.8862   16.8290
    0.0000    7.5000  -45.0000 7818.2012   16.8579
    7.5000    7.5000  -45.0000 7381.8022   16.8894
   -7.5000   15.0000  -45.0000 7507.1392   16.8651
    0.0000   15.0000  -45.0000 7567.5811   16.8991
    7.5000   15.0000  -45.0000 7141.3672   16.9272
   -7.5000   22.5000  -45.0000 6878.5747   16.7699
    0.0000   22.5000  -45.0000 6944.3203   16.8029
    7.5000   22.5000  -45.0000 6561.7627   16.8267
   -7.5000   30.0000  -45.0000 6292.0420   16.5726
    0.0000   30.0000  -45.0000 6344.5962   16.5989
    7.5000   30.0000  -45.0000 5998.6128   16.6243
   -7.5000   37.5000  -45.0000 5746.2241   16.3577
    0.0000   37.5000  -45.0000 5795.2329   16.3768
    7.5000   37.5000  -45.0000 5457.1699   16.4049
   -7.5000   45.0000  -45.0000 5188.2329   16.2800
    0.0000   45.0000  -45.0000 5235.9814   16.2983
    7.5000   45.0000  -45.0000 4949.1133   16.3307
   -7.5000  -45.0000  -37.5000 7221.4316   16.1090
    0.0000  -45.0000  -37.5000 7268.2871   16.1290
    7.5000  -45.0000  -37.5000 6882.6367   16.1622
   -7.5000  -37.5000  -37.5000 7613.3955   17.1199
    0.0000  -37.5000  -37.5000 7654.7500   17.1470
    7.5000  -37.5000  -37.5000 7248.0747   17.1788
   -7.5000  -30.0000  -37.5000 8030.7368   17.6481
    0.0000  -30.0000  -37.5000 8071.8618   17.6820
    7.5000  -30.0000  -37.5000 7654.2480   17.7082
   -7.5000  -22.5000  -37.5000 8524.3574   17.6700
    0.0000  -22.5000  -37.5000 8583.6182   17.7048
    7.5000  -22.5000  -37.5000 8139.5859   17.7261
   -7.5000  -15.0000  -37.5000 8957.1201   17.6738
    0.0000  -15.0000  -37.5000 9027.8418   17.7022
    7.5000  -15.0000  -37.5000 8557.2422   17.7276
   -7.5000   -7.5000  -37.5000 8968.5830   17.6572
    0.0000   -7.5000  -37.5000 9015.1543   17.6792
    7.5000   -7.5000  -37.5000 8507.1279   17.7123
   -7.5000    0.0000  -37.5000 8888.9912   17.6344
    0.0000    0.0000  -37.5000 8924.4805   17.6562
    7.5000    0.0000  -37.5000 8418.1328   17.6924
   -7.5000    7.5000  -37.5000 8348.3262   17.6285
    0.0000    7.5000  -37.5000 8401.6211   17.6565
    7.5000    7.5000  -37.5000 7931.8545   17.6892
   -7.5000   15.0000  -37.5000 8070.5566   17.6702
    0.0000   15.0000  -37.5000 8139.7891   17.7043
    7.5000   15.0000  -37.5000 7694.9072   17.7305
   -7.5000   22.5000  -37.5000 7377.4097   17.5734
    0.0000   22.5000  -37.5000 7455.5576   17.6086
    7.5000   22.5000  -37.5000 7049.2627   17.6308
   -7.5000   30.0000  -37.5000 6725.5840   17.3681
    0.0000   30.0000  -37.5000 6794.2134   17.3957
    7.5000   30.0000  -37.5000 6428.5259   17.4226
   -7.5000   37.5000  -37.5000 6130.5195   17.1405
    0.0000   37.5000  -37.5000 6191.2227   17.1613
    7.5000   37.5000  -37.5000 5842.7627   17.1947
   -7.5000   45.0000  -37.5000 5535.6826   17.0408
    0.0000   45.0000  -37.5000 5589.7461   17.0594
    7.5000   45.0000  -37.5000 5291.5020   17.0961
   -7.5000  -45.0000  -30.0000 7775.4346   16.8362
    0.0000  -45.0000  -30.0000 7815.0571   16.8655
    7.5000  -45.0000  -30.0000 7387.2900   16.9043
   -7.5000  -37.5000  -30.0000 8192.2451   17.9040
    0.0000  -37.5000  -30.0000 8239.8945   17.9407
    7.5000  -37.5000  -30.0000 7780.1040   17.9774
   -7.5000  -30.0000  -30.0000 8645.5029   18.4266
    0.0000  -30.0000  -30.0000 8688.8496   18.4725
    7.5000  -30.0000  -30.0000 8222.7852   18.5037
   -7.5000  -22.5000  -30.0000 9180.1924   18.4409
    0.0000  -22.5000  -30.0000 9237.6973   18.4902
    7.5000  -22.5000  -30.0000 8752.2910   18.5183
   -7.5000  -15.0000  -30.0000 9643.8389   18.4403
    0.0000  -15.0000  -30.0000 9716.8564   18.4836
    7.5000  -15.0000  -30.0000 9178.7002   18.5173
   -7.5000   -7.5000  -30.0000 9614.7617   18.4268
    0.0000   -7.5000  -30.0000 9685.1523   18.4617
    7.5000   -7.5000  -30.0000 9124.6328   18.5025
   -7.5000    0.0000  -30.0000 9495.1992   18.4112
    0.0000    0.0000  -30.0000 9568.4932   18.4431
    7.5000    0.0000  -30.0000 9020.0791   18.4855
   -7.5000    7.5000  -30.0000 8930.1689   18.4081
    0.0000    7.5000  -30.0000 8994.9766   18.4458
    7.5000    7.5000  -30.0000 8489.2041   18.4835
   -7.5000   15.0000  -30.0000 8643.6992   18.4477
    0.0000   15.0000  -30.0000 8709.1846   18.4939
    7.5000   15.0000  -30.0000 8235.0508   18.5251
   -7.5000   22.5000  -30.0000 7881.6338   18.3417
    0.0000   22.5000  -30.0000 7960.4077   18.3919
    7.5000   22.5000  -30.0000 7531.5566   18.4210
   -7.5000   30.0000  -30.0000 7145.3296   18.1318
    0.0000   30.0000  -30.0000 7219.1553   18.1744
    7.5000   30.0000  -30.0000 6844.1333   18.2100
   -7.5000   37.5000  -30.0000 6512.1362   17.9137
    0.0000   37.5000  -30.0000 6577.2656   17.9487
    7.5000   37.5000  -30.0000 6223.6875   17.9910
   -7.5000   45.0000  -30.0000 5884.7148   17.8156
    0.0000   45.0000  -30.0000 5932.7104   17.8465
    7.5000   45.0000  -30.0000 5613.0918   17.8899
   -7.5000  -45.0000  -22.5000 8322.5107   17.4769
    0.0000  -45.0000  -22.5000 8356.9463   17.5144
    7.5000  -45.0000  -22.5000 7920.2417   17.5571
   -7.5000  -37.5000  -22.5000 8769.3193   18.6005
    0.0000  -37.5000  -22.5000 8802.9102   18.6454
    7.5000  -37.5000  -22.5000 8326.6436   18.6889
   -7.5000  -30.0000  -22.5000 9261.5918   19.1224
    0.0000  -30.0000  -22.5000 9296.6865   19.1767
    7.5000  -30.0000  -22.5000 8795.9512   19.2182
   -7.5000  -22.5000  -22.5000 9841.1533   19.1339
    0.0000  -22.5000  -22.5000 9888.0176   19.1917
    7.5000  -22.5000  -22.5000 9352.0996   19.2316
   -7.5000  -15.0000  -22.500010321.7471   19.1284
    0.0000  -15.0000  -22.500010384.0703   19.1808
    7.5000  -15.0000  -22.5000 9805.6895   19.2237
   -7.5000   -7.5000  -22.500010270.4404   19.1137
    0.0000   -7.5000  -22.500010356.7598   19.1581
    7.5000   -7.5000  -22.5000 9751.4766   19.2041
   -7.5000    0.0000  -22.500010139.5537   19.1009
    0.0000    0.0000  -22.500010215.6123   19.1418
    7.5000    0.0000  -22.5000 9639.8262   19.1884
   -7.5000    7.5000  -22.5000 9519.2939   19.1004
    0.0000    7.5000  -22.5000 9583.1123   19.1465
    7.5000    7.5000  -22.5000 9050.8721   19.1911
   -7.5000   15.0000  -22.5000 9197.0371   19.1419
    0.0000   15.0000  -22.5000 9269.4658   19.1963
    7.5000   15.0000  -22.5000 8765.4756   19.2378
   -7.5000   22.5000  -22.5000 8377.8193   19.0320
    0.0000   22.5000  -22.5000 8450.6904   19.0907
    7.5000   22.5000  -22.5000 8013.4805   19.1312
   -7.5000   30.0000  -22.5000 7581.9536   18.8215
    0.0000   30.0000  -22.5000 7649.9409   18.8740
    7.5000   30.0000  -22.5000 7258.7705   18.9192
   -7.5000   37.5000  -22.5000 6871.2983   18.6091
    0.0000   37.5000  -22.5000 6935.3242   18.6537
    7.5000   37.5000  -22.5000 6580.8560   18.7015
   -7.5000   45.0000  -22.5000 6207.5288   18.5223
    0.0000   45.0000  -22.5000 6259.1206   18.5627
    7.5000   45.0000  -22.5000 5923.8691   18.6108
   -7.5000  -45.0000  -15.0000 8876.3887   18.0688
    0.0000  -45.0000  -15.0000 8936.0693   18.1046
    7.5000  -45.0000  -15.0000 8451.5029   18.1468
   -7.5000  -37.5000  -15.0000 9358.3926   19.2288
    0.0000  -37.5000  -15.0000 9422.3633   19.2715
    7.5000  -37.5000  -15.0000 8884.6113   19.3169
   -7.5000  -30.0000  -15.0000 9850.7656   19.7507
    0.0000  -30.0000  -15.0000 9918.3965   19.8012
    7.5000  -30.0000  -15.0000 9353.9678   19.8469
   -7.5000  -22.5000  -15.000010446.5625   19.7635
    0.0000  -22.5000  -15.000010514.8848   19.8166
    7.5000  -22.5000  -15.0000 9933.0068   19.8609
   -7.5000  -15.0000  -15.000010967.2217   19.7581
    0.0000  -15.0000  -15.000011043.0576   19.8064
    7.5000  -15.0000  -15.000010425.9463   19.8509
   -7.5000   -7.5000  -15.000010920.4736   19.7425
    0.0000   -7.5000  -15.000011024.1846   19.7839
    7.5000   -7.5000  -15.000010388.3838   19.8291
   -7.5000    0.0000  -15.000010790.1338   19.7286
    0.0000    0.0000  -15.000010885.5059   19.7677
    7.5000    0.0000  -15.000010267.0098   19.8136
   -7.5000    7.5000  -15.000010094.9180   19.7264
    0.0000    7.5000  -15.000010180.7373   19.7702
    7.5000    7.5000  -15.0000 9608.0518   19.8168
   -7.5000   15.0000  -15.0000 9763.0068   19.7691
    0.0000   15.0000  -15.0000 9828.6201   19.8197
    7.5000   15.0000  -15.0000 9280.4482   19.8655
   -7.5000   22.5000  -15.0000 8883.7969   19.6591
    0.0000   22.5000  -15.0000 8955.8936   19.7122
    7.5000   22.5000  -15.0000 8476.4746   19.7564
   -7.5000   30.0000  -15.0000 8058.5688   19.4564
    0.0000   30.0000  -15.0000 8098.3164   19.5050
    7.5000   30.0000  -15.0000 7667.9595   19.5517
   -7.5000   37.5000  -15.0000 7271.3564   19.2479
    0.0000   37.5000  -15.0000 7335.3335   19.2882
    7.5000   37.5000  -15.0000 6940.1973   19.3343
   -7.5000   45.0000  -15.0000 6550.3540   19.1710
    0.0000   45.0000  -15.0000 6613.9502   19.2074
    7.5000   45.0000  -15.0000 6248.4585   19.2551
   -7.5000  -45.0000   -7.5000 9164.3691   18.0712
    0.0000  -45.0000   -7.5000 9241.1641   18.0968
    7.5000  -45.0000   -7.5000 8717.0850   18.1341
   -7.5000  -37.5000   -7.5000 9660.1816   19.2277
    0.0000  -37.5000   -7.5000 9745.9395   19.2606
    7.5000  -37.5000   -7.5000 9174.7422   19.3010
   -7.5000  -30.0000   -7.500010152.8711   19.7522
    0.0000  -30.0000   -7.500010253.2627   19.7917
    7.5000  -30.0000   -7.5000 9656.9863   19.8313
   -7.5000  -22.5000   -7.500010748.6885   19.7716
    0.0000  -22.5000   -7.500010838.6582   19.8117
    7.5000  -22.5000   -7.500010220.8994   19.8479
   -7.5000  -15.0000   -7.500011285.1016   19.7701
    0.0000  -15.0000   -7.500011401.3398   19.8042
    7.5000  -15.0000   -7.500010733.3193   19.8399
   -7.5000   -7.5000   -7.500011269.3232   19.7516
    0.0000   -7.5000   -7.500011395.1436   19.7796
    7.5000   -7.5000   -7.500010705.9873   19.8177
   -7.5000    0.0000   -7.500011089.2451   19.7313
    0.0000    0.0000   -7.500011231.5889   19.7592
    7.5000    0.0000   -7.500010560.2900   19.7999
   -7.5000    7.5000   -7.500010330.4590   19.7253
    0.0000    7.5000   -7.500010459.8789   19.7591
    7.5000    7.5000   -7.5000 9844.9668   19.8005
   -7.5000   15.0000   -7.500010011.2158   19.7709
    0.0000   15.0000   -7.500010107.7188   19.8104
    7.5000   15.0000   -7.5000 9499.3115   19.8501
   -7.5000   22.5000   -7.5000 9149.1953   19.6653
    0.0000   22.5000   -7.5000 9221.9883   19.7049
    7.5000   22.5000   -7.5000 8669.6572   19.7408
   -7.5000   30.0000   -7.5000 8308.4336   19.4685
    0.0000   30.0000   -7.5000 8367.4326   19.5028
    7.5000   30.0000   -7.5000 7868.6304   19.5405
   -7.5000   37.5000   -7.5000 7491.3745   19.2524
    0.0000   37.5000   -7.5000 7570.0430   19.2781
    7.5000   37.5000   -7.5000 7117.9897   19.3161
   -7.5000   45.0000   -7.5000 6734.6816   19.1691
    0.0000   45.0000   -7.5000 6792.4209   19.1926
    7.5000   45.0000   -7.5000 6397.6079   19.2347
   -7.5000  -45.0000    0.0000 9245.5566   18.5269
    0.0000  -45.0000    0.0000 9297.0098   18.5457
    7.5000  -45.0000    0.0000 8793.4746   18.5804
   -7.5000  -37.5000    0.0000 9747.7197   19.7005
    0.0000  -37.5000    0.0000 9837.5635   19.7272
    7.5000  -37.5000    0.0000 9269.0781   19.7628
   -7.5000  -30.0000    0.000010276.6572   20.2264
    0.0000  -30.0000    0.000010410.8369   20.2598
    7.5000  -30.0000    0.0000 9773.5459   20.2914
   -7.5000  -22.5000    0.000010875.6387   20.2515
    0.0000  -22.5000    0.000011007.7842   20.2851
    7.5000  -22.5000    0.000010343.2324   20.3114
   -7.5000  -15.0000    0.000011418.4482   20.2549
    0.0000  -15.0000    0.000011570.1514   20.2814
    7.5000  -15.0000    0.000010847.2285   20.3091
   -7.5000   -7.5000    0.000011423.4414   20.2350
    0.0000   -7.5000    0.000011575.7900   20.2549
    7.5000   -7.5000    0.000010840.0879   20.2887
   -7.5000    0.0000    0.000011235.5244   20.2090
    0.0000    0.0000    0.000011397.1094   20.2293
    7.5000    0.0000    0.000010666.3525   20.2671
   -7.5000    7.5000    0.000010491.9102   20.1970
    0.0000    7.5000    0.000010618.6826   20.2244
    7.5000    7.5000    0.0000 9929.4238   20.2609
   -7.5000   15.0000    0.000010141.5625   20.2449
    0.0000   15.0000    0.000010249.8506   20.2785
    7.5000   15.0000    0.0000 9575.8193   20.3102
   -7.5000   22.5000    0.0000 9263.2900   20.1455
    0.0000   22.5000    0.0000 9362.1885   20.1789
    7.5000   22.5000    0.0000 8765.7988   20.2055
   -7.5000   30.0000    0.0000 8464.9990   19.9570
    0.0000   30.0000    0.0000 8525.4971   19.9831
    7.5000   30.0000    0.0000 7967.8530   20.0126
   -7.5000   37.5000    0.0000 7624.0591   19.7444
    0.0000   37.5000    0.0000 7693.1265   19.7618
    7.5000   37.5000    0.0000 7199.1899   19.7953
   -7.5000   45.0000    0.0000 6830.6128   19.6704
    0.0000   45.0000    0.0000 6894.9683   19.6858
    7.5000   45.0000    0.0000 6456.3618   19.7246
   -7.5000  -45.0000    7.5000 8948.4668   18.5272
    0.0000  -45.0000    7.5000 9023.1826   18.5496
    7.5000  -45.0000    7.5000 8544.0146   18.5870
   -7.5000  -37.5000    7.5000 9411.9434   19.7021
    0.0000  -37.5000    7.5000 9497.4434   19.7327
    7.5000  -37.5000    7.5000 8965.0088   19.7682
   -7.5000  -30.0000    7.500010006.2734   20.2278
    0.0000  -30.0000    7.500010150.0156   20.2666
    7.5000  -30.0000    7.5000 9472.8525   20.2956
   -7.5000  -22.5000    7.500010713.3516   20.2511
    0.0000  -22.5000    7.500010891.7363   20.2917
    7.5000  -22.5000    7.500010105.0098   20.3155
   -7.5000  -15.0000    7.500011286.9346   20.2533
    0.0000  -15.0000    7.500011441.5771   20.2867
    7.5000  -15.0000    7.500010610.6279   20.3153
   -7.5000   -7.5000    7.500011250.5889   20.2338
    0.0000   -7.5000    7.500011384.2354   20.2592
    7.5000   -7.5000    7.500010546.1562   20.2965
   -7.5000    0.0000    7.500011034.6787   20.2093
    0.0000    0.0000    7.500011155.9209   20.2336
    7.5000    0.0000    7.500010339.2861   20.2742
   -7.5000    7.5000    7.500010266.5488   20.1986
    0.0000    7.5000    7.500010368.2930   20.2300
    7.5000    7.5000    7.5000 9636.9688   20.2664
   -7.5000   15.0000    7.5000 9878.8711   20.2466
    0.0000   15.0000    7.5000 9987.7891   20.2856
    7.5000   15.0000    7.5000 9302.5332   20.3147
   -7.5000   22.5000    7.5000 9025.2412   20.1473
    0.0000   22.5000    7.5000 9142.0986   20.1884
    7.5000   22.5000    7.5000 8532.4688   20.2132
   -7.5000   30.0000    7.5000 8228.7920   19.9539
    0.0000   30.0000    7.5000 8309.1982   19.9864
    7.5000   30.0000    7.5000 7754.8022   20.0169
   -7.5000   37.5000    7.5000 7399.9004   19.7451
    0.0000   37.5000    7.5000 7471.8750   19.7691
    7.5000   37.5000    7.5000 6987.1675   19.8070
   -7.5000   45.0000    7.5000 6628.7012   19.6749
    0.0000   45.0000    7.5000 6693.1865   19.6957
    7.5000   45.0000    7.5000 6248.6919   19.7373
   -7.5000  -45.0000   15.0000 8980.3369   18.5903
    0.0000  -45.0000   15.0000 9044.8262   18.6229
    7.5000  -45.0000   15.0000 8566.9863   18.6660
   -7.5000  -37.5000   15.0000 9428.9170   19.7738
    0.0000  -37.5000   15.0000 9477.9160   19.8146
    7.5000  -37.5000   15.0000 8980.4463   19.8553
   -7.5000  -30.0000   15.000010050.6621   20.2997
    0.0000  -30.0000   15.000010156.0215   20.3504
    7.5000  -30.0000   15.0000 9492.8389   20.3849
   -7.5000  -22.5000   15.000010859.1953   20.3165
    0.0000  -22.5000   15.000011037.3555   20.3706
    7.5000  -22.5000   15.000010178.0684   20.4015
   -7.5000  -15.0000   15.000011481.0752   20.3139
    0.0000  -15.0000   15.000011646.2451   20.3614
    7.5000  -15.0000   15.000010725.8613   20.3985
   -7.5000   -7.5000   15.000011385.5771   20.2964
    0.0000   -7.5000   15.000011525.5488   20.3349
    7.5000   -7.5000   15.000010644.1250   20.3798
   -7.5000    0.0000   15.000011128.1592   20.2780
    0.0000    0.0000   15.000011253.0674   20.3135
    7.5000    0.0000   15.000010422.9072   20.3604
   -7.5000    7.5000   15.000010330.8975   20.2721
    0.0000    7.5000   15.000010439.8350   20.3140
    7.5000    7.5000   15.0000 9700.3154   20.3557
   -7.5000   15.0000   15.0000 9895.2900   20.3185
    0.0000   15.0000   15.0000 9996.7363   20.3695
    7.5000   15.0000   15.0000 9331.5723   20.4040
   -7.5000   22.5000   15.0000 9034.9990   20.2147
    0.0000   22.5000   15.0000 9133.1826   20.2699
    7.5000   22.5000   15.0000 8548.6904   20.3019
   -7.5000   30.0000   15.0000 8207.4668   20.0148
    0.0000   30.0000   15.0000 8293.8193   20.0618
    7.5000   30.0000   15.0000 7761.3979   20.1010
   -7.5000   37.5000   15.0000 7393.7534   19.8132
    0.0000   37.5000   15.0000 7464.9927   19.8520
    7.5000   37.5000   15.0000 6984.7822   19.8987
   -7.5000   45.0000   15.0000 6601.0557   19.7518
    0.0000   45.0000   15.0000 6666.0459   19.7863
    7.5000   45.0000   15.0000 6241.8667   19.8347
   -7.5000  -45.0000   22.5000 8591.0752   18.7421
    0.0000  -45.0000   22.5000 8653.5322   18.7833
    7.5000  -45.0000   22.5000 8163.7412   18.8299
   -7.5000  -37.5000   22.5000 9048.6865   19.9370
    0.0000  -37.5000   22.5000 9102.4111   19.9860
    7.5000  -37.5000   22.5000 8571.6973   20.0334
   -7.5000  -30.0000   22.5000 9607.6182   20.4643
    0.0000  -30.0000   22.5000 9735.2969   20.5231
    7.5000  -30.0000   22.5000 9071.8242   20.5682
   -7.5000  -22.5000   22.500010304.4434   20.4765
    0.0000  -22.5000   22.500010448.3564   20.5392
    7.5000  -22.5000   22.5000 9745.3896   20.5823
   -7.5000  -15.0000   22.500010812.4971   20.4719
    0.0000  -15.0000   22.500010935.5527   20.5290
    7.5000  -15.0000   22.500010251.5918   20.5754
   -7.5000   -7.5000   22.500010734.8164   20.4572
    0.0000   -7.5000   22.500010850.5469   20.5057
    7.5000   -7.5000   22.500010180.2197   20.5558
   -7.5000    0.0000   22.500010556.7197   20.4434
    0.0000    0.0000   22.500010678.4092   20.4883
    7.5000    0.0000   22.5000 9970.2754   20.5391
   -7.5000    7.5000   22.5000 9841.3271   20.4394
    0.0000    7.5000   22.5000 9936.7979   20.4897
    7.5000    7.5000   22.5000 9270.7588   20.5383
   -7.5000   15.0000   22.5000 9401.9092   20.4830
    0.0000   15.0000   22.5000 9468.5312   20.5420
    7.5000   15.0000   22.5000 8863.1973   20.5871
   -7.5000   22.5000   22.5000 8568.0186   20.3752
    0.0000   22.5000   22.5000 8625.0771   20.4388
    7.5000   22.5000   22.5000 8090.8848   20.4826
   -7.5000   30.0000   22.5000 7769.8433   20.1754
    0.0000   30.0000   22.5000 7809.5859   20.2327
    7.5000   30.0000   22.5000 7346.7773   20.2817
   -7.5000   37.5000   22.5000 6990.7461   19.9804
    0.0000   37.5000   22.5000 7029.5371   20.0295
    7.5000   37.5000   22.5000 6618.1323   20.0817
   -7.5000   45.0000   22.5000 6224.1753   19.9261
    0.0000   45.0000   22.5000 6266.4302   19.9707
    7.5000   45.0000   22.5000 5898.0454   20.0235
   -7.5000  -45.0000   30.0000 8096.5513   18.9560
    0.0000  -45.0000   30.0000 8167.0625   18.9957
    7.5000  -45.0000   30.0000 7677.2549   19.0384
   -7.5000  -37.5000   30.0000 8510.5693   20.1697
    0.0000  -37.5000   30.0000 8577.8457   20.2166
    7.5000  -37.5000   30.0000 8063.6201   20.2636
   -7.5000  -30.0000   30.0000 9021.7129   20.7035
    0.0000  -30.0000   30.0000 9123.7959   20.7580
    7.5000  -30.0000   30.0000 8548.7842   20.8065
   -7.5000  -22.5000   30.0000 9622.5342   20.7166
    0.0000  -22.5000   30.0000 9716.7031   20.7733
    7.5000  -22.5000   30.0000 9153.8721   20.8205
   -7.5000  -15.0000   30.000010084.5264   20.7155
    0.0000  -15.0000   30.000010141.2246   20.7671
    7.5000  -15.0000   30.0000 9609.7627   20.8136
   -7.5000   -7.5000   30.000010034.2617   20.7037
    0.0000   -7.5000   30.000010087.6758   20.7488
    7.5000   -7.5000   30.0000 9567.7275   20.7948
   -7.5000    0.0000   30.0000 9900.9658   20.6894
    0.0000    0.0000   30.0000 9966.2314   20.7326
    7.5000    0.0000   30.0000 9405.6074   20.7792
   -7.5000    7.5000   30.0000 9235.6064   20.6815
    0.0000    7.5000   30.0000 9288.1748   20.7296
    7.5000    7.5000   30.0000 8748.6436   20.7778
   -7.5000   15.0000   30.0000 8814.7744   20.7226
    0.0000   15.0000   30.0000 8868.3262   20.7772
    7.5000   15.0000   30.0000 8352.7617   20.8257
   -7.5000   22.5000   30.0000 8029.0435   20.6132
    0.0000   22.5000   30.0000 8081.1060   20.6699
    7.5000   22.5000   30.0000 7594.2827   20.7171
   -7.5000   30.0000   30.0000 7288.8691   20.4350
    0.0000   30.0000   30.0000 7323.1104   20.4871
    7.5000   30.0000   30.0000 6898.4873   20.5362
   -7.5000   37.5000   30.0000 6533.9136   20.2552
    0.0000   37.5000   30.0000 6574.3018   20.2993
    7.5000   37.5000   30.0000 6205.1655   20.3466
   -7.5000   45.0000   30.0000 5799.6318   20.1864
    0.0000   45.0000   30.0000 5842.8320   20.2270
    7.5000   45.0000   30.0000 5514.4458   20.2755
   -7.5000  -45.0000   37.5000 7538.2729   19.0961
    0.0000  -45.0000   37.5000 7592.7910   19.1246
    7.5000  -45.0000   37.5000 7157.3647   19.1660
   -7.5000  -37.5000   37.5000 7922.5269   20.3239
    0.0000  -37.5000   37.5000 7981.6626   20.3611
    7.5000  -37.5000   37.5000 7536.0684   20.4069
   -7.5000  -30.0000   37.5000 8391.6006   20.8566
    0.0000  -30.0000   37.5000 8460.9736   20.9029
    7.5000  -30.0000   37.5000 7999.6284   20.9516
   -7.5000  -22.5000   37.5000 8955.7197   20.8766
    0.0000  -22.5000   37.5000 9002.7451   20.9250
    7.5000  -22.5000   37.5000 8540.7852   20.9734
   -7.5000  -15.0000   37.5000 9391.8486   20.8747
    0.0000  -15.0000   37.5000 9429.0059   20.9158
    7.5000  -15.0000   37.5000 8951.8174   20.9627
   -7.5000   -7.5000   37.5000 9349.6689   20.8553
    0.0000   -7.5000   37.5000 9391.4033   20.8879
    7.5000   -7.5000   37.5000 8920.3857   20.9335
   -7.5000    0.0000   37.5000 9237.0713   20.8343
    0.0000    0.0000   37.5000 9279.9131   20.8654
    7.5000    0.0000   37.5000 8796.8682   20.9105
   -7.5000    7.5000   37.5000 8631.0430   20.8268
    0.0000    7.5000   37.5000 8675.2520   20.8649
    7.5000    7.5000   37.5000 8208.0967   20.9118
   -7.5000   15.0000   37.5000 8239.6875   20.8767
    0.0000   15.0000   37.5000 8288.9160   20.9231
    7.5000   15.0000   37.5000 7833.3247   20.9719
   -7.5000   22.5000   37.5000 7506.9258   20.7717
    0.0000   22.5000   37.5000 7559.5527   20.8195
    7.5000   22.5000   37.5000 7127.5156   20.8676
   -7.5000   30.0000   37.5000 6827.5000   20.6053
    0.0000   30.0000   37.5000 6885.5493   20.6467
    7.5000   30.0000   37.5000 6478.7520   20.6961
   -7.5000   37.5000   37.5000 6113.3452   20.4015
    0.0000   37.5000   37.5000 6167.6572   20.4315
    7.5000   37.5000   37.5000 5808.9907   20.4772
   -7.5000   45.0000   37.5000 5406.4229   20.3024
    0.0000   45.0000   37.5000 5459.0210   20.3287
    7.5000   45.0000   37.5000 5147.6348   20.3755
   -7.5000  -45.0000   45.0000 6967.2769   19.3675
    0.0000  -45.0000   45.0000 7014.4990   19.3908
    7.5000  -45.0000   45.0000 6627.6382   19.4308
   -7.5000  -37.5000   45.0000 7332.3872   20.6198
    0.0000  -37.5000   45.0000 7386.3423   20.6514
    7.5000  -37.5000   45.0000 6987.7207   20.6919
   -7.5000  -30.0000   45.0000 7768.2305   21.1370
    0.0000  -30.0000   45.0000 7835.9443   21.1754
    7.5000  -30.0000   45.0000 7425.1699   21.2136
   -7.5000  -22.5000   45.0000 8283.0215   21.1487
    0.0000  -22.5000   45.0000 8342.8174   21.1871
    7.5000  -22.5000   45.0000 7919.5044   21.2226
   -7.5000  -15.0000   45.0000 8698.4131   21.1421
    0.0000  -15.0000   45.0000 8744.8643   21.1732
    7.5000  -15.0000   45.0000 8297.3516   21.2109
   -7.5000   -7.5000   45.0000 8666.6523   21.1252
    0.0000   -7.5000   45.0000 8705.7520   21.1499
    7.5000   -7.5000   45.0000 8262.1973   21.1920
   -7.5000    0.0000   45.0000 8566.2607   21.1122
    0.0000    0.0000   45.0000 8604.6533   21.1375
    7.5000    0.0000   45.0000 8169.7104   21.1810
   -7.5000    7.5000   45.0000 8032.6504   21.1096
    0.0000    7.5000   45.0000 8076.6147   21.1421
    7.5000    7.5000   45.0000 7644.9717   21.1835
   -7.5000   15.0000   45.0000 7676.9863   21.1528
    0.0000   15.0000   45.0000 7716.9072   21.1913
    7.5000   15.0000   45.0000 7307.6455   21.2296
   -7.5000   22.5000   45.0000 6989.0430   21.0272
    0.0000   22.5000   45.0000 7024.8228   21.0653
    7.5000   22.5000   45.0000 6637.5381   21.1011
   -7.5000   30.0000   45.0000 6369.9341   20.8323
    0.0000   30.0000   45.0000 6410.3159   20.8633
    7.5000   30.0000   45.0000 6038.1641   20.9032
   -7.5000   37.5000   45.0000 5697.2998   20.6054
    0.0000   37.5000   45.0000 5741.9429   20.6276
    7.5000   37.5000   45.0000 5409.0205   20.6691
   -7.5000   45.0000   45.0000 5038.7578   20.4795
    0.0000   45.0000   45.0000 5079.3560   20.4999
    7.5000   45.0000   45.0000 4785.1245   20.5443

---------------------------------------------------------------------
imgreg_4dfp /opt/freesurfer/average/711-2C_as_mni_average_305 /opt/freesurfer/average/711-2B_as_mni_average_305_mask talsrcimg_g11 none talsrcimg_to_711-2C_as_mni_average_305_t4 4355
---------------------------------------------------------------------

freesurfer imgreg_4dfp.c
/opt/freesurfer/average/711-2C_as_mni_average_305.4dfp.img
       256       256       256         1
  1.000000  1.000000  1.000000
orientation T byte_order littleendian
Reading image: /opt/freesurfer/average/711-2C_as_mni_average_305.4dfp.img
dimensions:      256       256       256
mmppix:       1.0000   -1.0000   -1.0000
center:     128.0000 -129.0000 -129.0000
/opt/freesurfer/average/711-2B_as_mni_average_305_mask.4dfp.img
       256       256       256         1
  1.000000  1.000000  1.000000
orientation T byte_order littleendian
Reading mask: /opt/freesurfer/average/711-2B_as_mni_average_305_mask.4dfp.img (2306576 pixels)
talsrcimg_g11.4dfp.img
       256       256       256         1
  0.898437  0.898437  0.898437
orientation T byte_order littleendian
Reading image: talsrcimg_g11.4dfp.img
dimensions:      256       256       256
mmppix:       0.8984   -0.8984   -0.8984
center:     114.9999 -115.8984 -115.8984
rotation matrix determinant  1.000000
image alignment mode   4355 decimal     1103 hex
   -7.5000  -60.0000  -30.0000 2230.3657   18.6687
    0.0000  -60.0000  -30.0000 2229.9338   18.7002
    7.5000  -60.0000  -30.0000 2196.1826   19.0140
   -7.5000  -52.5000  -30.0000 2318.8601   17.1389
    0.0000  -52.5000  -30.0000 2323.7412   17.1520
    7.5000  -52.5000  -30.0000 2287.3149   17.4484
   -7.5000  -45.0000  -30.0000 2416.2256   16.1755
    0.0000  -45.0000  -30.0000 2420.9639   16.1543
    7.5000  -45.0000  -30.0000 2385.8254   16.4767
   -7.5000  -37.5000  -30.0000 2464.8574   15.4577
    0.0000  -37.5000  -30.0000 2470.4119   15.4370
    7.5000  -37.5000  -30.0000 2432.4739   15.7119
   -7.5000  -30.0000  -30.0000 2490.7239   15.0845
    0.0000  -30.0000  -30.0000 2493.3479   15.0698
    7.5000  -30.0000  -30.0000 2458.8694   15.3342
   -7.5000  -22.5000  -30.0000 2494.9624   14.9791
    0.0000  -22.5000  -30.0000 2501.9766   14.9245
    7.5000  -22.5000  -30.0000 2467.8394   15.2057
   -7.5000  -15.0000  -30.0000 2486.7024   15.1170
    0.0000  -15.0000  -30.0000 2494.6206   15.0524
    7.5000  -15.0000  -30.0000 2456.2493   15.3227
   -7.5000   -7.5000  -30.0000 2466.7070   15.5260
    0.0000   -7.5000  -30.0000 2474.4536   15.4716
    7.5000   -7.5000  -30.0000 2432.9729   15.7312
   -7.5000    0.0000  -30.0000 2414.3997   16.3091
    0.0000    0.0000  -30.0000 2422.6562   16.2145
    7.5000    0.0000  -30.0000 2380.1353   16.4689
   -7.5000    7.5000  -30.0000 2338.0352   17.2507
    0.0000    7.5000  -30.0000 2347.1875   17.1814
    7.5000    7.5000  -30.0000 2310.0928   17.4835
   -7.5000   15.0000  -30.0000 2250.0417   18.4603
    0.0000   15.0000  -30.0000 2257.5264   18.4118
    7.5000   15.0000  -30.0000 2221.8840   18.7537
   -7.5000   22.5000  -30.0000 2135.9182   20.2087
    0.0000   22.5000  -30.0000 2148.1387   20.1468
    7.5000   22.5000  -30.0000 2113.4985   20.5206
   -7.5000   30.0000  -30.0000 2014.1488   22.6124
    0.0000   30.0000  -30.0000 2023.6150   22.5172
    7.5000   30.0000  -30.0000 1991.0413   22.8769
   -7.5000  -60.0000  -22.5000 2339.3333   18.2848
    0.0000  -60.0000  -22.5000 2341.7717   18.3296
    7.5000  -60.0000  -22.5000 2301.1021   18.6619
   -7.5000  -52.5000  -22.5000 2431.7300   16.7356
    0.0000  -52.5000  -22.5000 2440.2991   16.7193
    7.5000  -52.5000  -22.5000 2399.0356   17.0761
   -7.5000  -45.0000  -22.5000 2538.3914   15.7130
    0.0000  -45.0000  -22.5000 2545.3936   15.6871
    7.5000  -45.0000  -22.5000 2509.1838   16.0123
   -7.5000  -37.5000  -22.5000 2600.3850   14.9603
    0.0000  -37.5000  -22.5000 2604.3826   14.9459
    7.5000  -37.5000  -22.5000 2568.0603   15.2169
   -7.5000  -30.0000  -22.5000 2634.9326   14.5457
    0.0000  -30.0000  -22.5000 2636.9812   14.5246
    7.5000  -30.0000  -22.5000 2601.7646   14.7806
   -7.5000  -22.5000  -22.5000 2638.2236   14.4167
    0.0000  -22.5000  -22.5000 2645.5833   14.3951
    7.5000  -22.5000  -22.5000 2608.9778   14.6456
   -7.5000  -15.0000  -22.5000 2629.3950   14.5447
    0.0000  -15.0000  -22.5000 2636.9656   14.5125
    7.5000  -15.0000  -22.5000 2599.2896   14.7579
   -7.5000   -7.5000  -22.5000 2610.7861   14.9388
    0.0000   -7.5000  -22.5000 2620.9744   14.9081
    7.5000   -7.5000  -22.5000 2575.3169   15.1550
   -7.5000    0.0000  -22.5000 2558.8567   15.6319
    0.0000    0.0000  -22.5000 2568.6746   15.5715
    7.5000    0.0000  -22.5000 2527.7522   15.8365
   -7.5000    7.5000  -22.5000 2480.3733   16.5035
    0.0000    7.5000  -22.5000 2489.9680   16.4439
    7.5000    7.5000  -22.5000 2454.2092   16.7500
   -7.5000   15.0000  -22.5000 2384.3245   17.6865
    0.0000   15.0000  -22.5000 2391.3074   17.6378
    7.5000   15.0000  -22.5000 2357.1172   17.9614
   -7.5000   22.5000  -22.5000 2262.4778   19.3560
    0.0000   22.5000  -22.5000 2272.8201   19.2873
    7.5000   22.5000  -22.5000 2243.5896   19.6493
   -7.5000   30.0000  -22.5000 2131.1428   21.5939
    0.0000   30.0000  -22.5000 2138.8252   21.5289
    7.5000   30.0000  -22.5000 2110.2737   21.8726
   -7.5000  -60.0000  -15.0000 2410.2659   17.8345
    0.0000  -60.0000  -15.0000 2411.3579   17.8700
    7.5000  -60.0000  -15.0000 2372.3201   18.1953
   -7.5000  -52.5000  -15.0000 2509.2285   16.2173
    0.0000  -52.5000  -15.0000 2517.8665   16.2480
    7.5000  -52.5000  -15.0000 2478.4226   16.5688
   -7.5000  -45.0000  -15.0000 2624.7200   15.1521
    0.0000  -45.0000  -15.0000 2628.2444   15.1680
    7.5000  -45.0000  -15.0000 2591.7644   15.4660
   -7.5000  -37.5000  -15.0000 2701.9485   14.3542
    0.0000  -37.5000  -15.0000 2708.6531   14.3534
    7.5000  -37.5000  -15.0000 2666.3396   14.5978
   -7.5000  -30.0000  -15.0000 2742.2134   13.9066
    0.0000  -30.0000  -15.0000 2746.5068   13.9086
    7.5000  -30.0000  -15.0000 2706.3137   14.1025
   -7.5000  -22.5000  -15.0000 2753.0737   13.7412
    0.0000  -22.5000  -15.0000 2760.7148   13.7230
    7.5000  -22.5000  -15.0000 2720.5439   13.9427
   -7.5000  -15.0000  -15.0000 2749.7173   13.8354
    0.0000  -15.0000  -15.0000 2755.3970   13.8365
    7.5000  -15.0000  -15.0000 2719.2493   14.0839
   -7.5000   -7.5000  -15.0000 2729.6887   14.2594
    0.0000   -7.5000  -15.0000 2741.9062   14.2371
    7.5000   -7.5000  -15.0000 2697.1860   14.4913
   -7.5000    0.0000  -15.0000 2677.5356   14.9101
    0.0000    0.0000  -15.0000 2691.4126   14.8748
    7.5000    0.0000  -15.0000 2648.9353   15.1177
   -7.5000    7.5000  -15.0000 2596.4070   15.7394
    0.0000    7.5000  -15.0000 2607.9336   15.6937
    7.5000    7.5000  -15.0000 2568.9075   15.9519
   -7.5000   15.0000  -15.0000 2491.1785   16.8874
    0.0000   15.0000  -15.0000 2500.8579   16.8565
    7.5000   15.0000  -15.0000 2461.1013   17.1489
   -7.5000   22.5000  -15.0000 2359.7231   18.4953
    0.0000   22.5000  -15.0000 2371.1355   18.4277
    7.5000   22.5000  -15.0000 2340.5696   18.7637
   -7.5000   30.0000  -15.0000 2226.0110   20.6340
    0.0000   30.0000  -15.0000 2231.2368   20.5539
    7.5000   30.0000  -15.0000 2200.2327   20.8987
   -7.5000  -60.0000   -7.5000 2434.8896   17.2732
    0.0000  -60.0000   -7.5000 2433.9700   17.2796
    7.5000  -60.0000   -7.5000 2397.1943   17.6078
   -7.5000  -52.5000   -7.5000 2540.0259   15.6584
    0.0000  -52.5000   -7.5000 2543.3435   15.6284
    7.5000  -52.5000   -7.5000 2506.6641   15.9519
   -7.5000  -45.0000   -7.5000 2658.5300   14.5539
    0.0000  -45.0000   -7.5000 2666.7080   14.5539
    7.5000  -45.0000   -7.5000 2629.1995   14.8394
   -7.5000  -37.5000   -7.5000 2755.3718   13.6929
    0.0000  -37.5000   -7.5000 2763.8181   13.6847
    7.5000  -37.5000   -7.5000 2719.7307   13.9158
   -7.5000  -30.0000   -7.5000 2802.8386   13.2052
    0.0000  -30.0000   -7.5000 2808.5122   13.2041
    7.5000  -30.0000   -7.5000 2770.4329   13.4113
   -7.5000  -22.5000   -7.5000 2826.5735   12.9935
    0.0000  -22.5000   -7.5000 2836.8105   12.9723
    7.5000  -22.5000   -7.5000 2790.0884   13.2188
   -7.5000  -15.0000   -7.5000 2832.1379   13.1023
    0.0000  -15.0000   -7.5000 2844.7830   13.0684
    7.5000  -15.0000   -7.5000 2795.0393   13.3140
   -7.5000   -7.5000   -7.5000 2815.0264   13.5374
    0.0000   -7.5000   -7.5000 2829.7136   13.4842
    7.5000   -7.5000   -7.5000 2777.2107   13.7346
   -7.5000    0.0000   -7.5000 2755.1741   14.1587
    0.0000    0.0000   -7.5000 2776.4333   14.1049
    7.5000    0.0000   -7.5000 2726.5286   14.3396
   -7.5000    7.5000   -7.5000 2667.5427   14.9348
    0.0000    7.5000   -7.5000 2684.8030   14.8916
    7.5000    7.5000   -7.5000 2638.9365   15.1396
   -7.5000   15.0000   -7.5000 2559.7646   16.0383
    0.0000   15.0000   -7.5000 2573.4524   15.9936
    7.5000   15.0000   -7.5000 2529.3645   16.2747
   -7.5000   22.5000   -7.5000 2425.8652   17.5742
    0.0000   22.5000   -7.5000 2437.5320   17.5350
    7.5000   22.5000   -7.5000 2398.3469   17.8504
   -7.5000   30.0000   -7.5000 2284.1206   19.6641
    0.0000   30.0000   -7.5000 2290.7473   19.5888
    7.5000   30.0000   -7.5000 2253.9949   19.9126
   -7.5000  -60.0000    0.0000 2440.0835   17.0170
    0.0000  -60.0000    0.0000 2449.6687   16.9759
    7.5000  -60.0000    0.0000 2412.4895   17.3352
   -7.5000  -52.5000    0.0000 2552.0107   15.3575
    0.0000  -52.5000    0.0000 2562.3826   15.3032
    7.5000  -52.5000    0.0000 2529.2170   15.6457
   -7.5000  -45.0000    0.0000 2683.1450   14.2465
    0.0000  -45.0000    0.0000 2690.1560   14.2067
    7.5000  -45.0000    0.0000 2657.9834   14.5123
   -7.5000  -37.5000    0.0000 2787.3062   13.3512
    0.0000  -37.5000    0.0000 2793.3726   13.3120
    7.5000  -37.5000    0.0000 2755.6890   13.5690
   -7.5000  -30.0000    0.0000 2847.8525   12.8224
    0.0000  -30.0000    0.0000 2858.5349   12.8057
    7.5000  -30.0000    0.0000 2820.4543   13.0337
   -7.5000  -22.5000    0.0000 2888.2546   12.5764
    0.0000  -22.5000    0.0000 2903.2795   12.5694
    7.5000  -22.5000    0.0000 2850.3521   12.7927
   -7.5000  -15.0000    0.0000 2906.0349   12.6763
    0.0000  -15.0000    0.0000 2920.5491   12.6329
    7.5000  -15.0000    0.0000 2857.3545   12.8662
   -7.5000   -7.5000    0.0000 2887.9844   13.1011
    0.0000   -7.5000    0.0000 2905.8445   13.0513
    7.5000   -7.5000    0.0000 2845.4324   13.2467
   -7.5000    0.0000    0.0000 2824.4558   13.6987
    0.0000    0.0000    0.0000 2844.4746   13.6440
    7.5000    0.0000    0.0000 2788.7239   13.8203
   -7.5000    7.5000    0.0000 2735.8853   14.4323
    0.0000    7.5000    0.0000 2753.7529   14.4126
    7.5000    7.5000    0.0000 2705.9602   14.6070
   -7.5000   15.0000    0.0000 2614.9883   15.5545
    0.0000   15.0000    0.0000 2633.0203   15.4915
    7.5000   15.0000    0.0000 2587.8545   15.7466
   -7.5000   22.5000    0.0000 2477.5986   17.1133
    0.0000   22.5000    0.0000 2491.3135   17.0421
    7.5000   22.5000    0.0000 2450.5435   17.3252
   -7.5000   30.0000    0.0000 2335.1465   19.1905
    0.0000   30.0000    0.0000 2344.8567   19.0980
    7.5000   30.0000    0.0000 2305.0347   19.3978
   -7.5000  -60.0000    7.5000 2424.9272   16.8499
    0.0000  -60.0000    7.5000 2437.0415   16.7912
    7.5000  -60.0000    7.5000 2408.3953   17.2186
   -7.5000  -52.5000    7.5000 2547.9487   15.1627
    0.0000  -52.5000    7.5000 2553.4983   15.1189
    7.5000  -52.5000    7.5000 2529.2888   15.4894
   -7.5000  -45.0000    7.5000 2683.4021   14.0273
    0.0000  -45.0000    7.5000 2688.3503   13.9834
    7.5000  -45.0000    7.5000 2658.2517   14.3051
   -7.5000  -37.5000    7.5000 2785.9321   13.1053
    0.0000  -37.5000    7.5000 2792.2917   13.0808
    7.5000  -37.5000    7.5000 2757.4189   13.3599
   -7.5000  -30.0000    7.5000 2863.0510   12.5911
    0.0000  -30.0000    7.5000 2876.2209   12.5653
    7.5000  -30.0000    7.5000 2836.5364   12.7621
   -7.5000  -22.5000    7.5000 2914.0920   12.4452
    0.0000  -22.5000    7.5000 2931.0076   12.4497
    7.5000  -22.5000    7.5000 2880.5964   12.5783
   -7.5000  -15.0000    7.5000 2943.2781   12.5019
    0.0000  -15.0000    7.5000 2964.3040   12.4855
    7.5000  -15.0000    7.5000 2899.9868   12.6247
   -7.5000   -7.5000    7.5000 2927.4062   12.8105
    0.0000   -7.5000    7.5000 2951.6394   12.7674
    7.5000   -7.5000    7.5000 2879.9304   12.9178
   -7.5000    0.0000    7.5000 2863.9624   13.3176
    0.0000    0.0000    7.5000 2883.0859   13.2926
    7.5000    0.0000    7.5000 2821.8474   13.4472
   -7.5000    7.5000    7.5000 2768.2888   14.0887
    0.0000    7.5000    7.5000 2782.7786   14.0611
    7.5000    7.5000    7.5000 2735.6187   14.2731
   -7.5000   15.0000    7.5000 2642.5112   15.2030
    0.0000   15.0000    7.5000 2657.3821   15.1530
    7.5000   15.0000    7.5000 2616.1079   15.4009
   -7.5000   22.5000    7.5000 2499.5322   16.7446
    0.0000   22.5000    7.5000 2515.7698   16.6940
    7.5000   22.5000    7.5000 2475.6558   16.9572
   -7.5000   30.0000    7.5000 2352.6687   18.7658
    0.0000   30.0000    7.5000 2364.4351   18.7328
    7.5000   30.0000    7.5000 2327.8850   18.9590
   -7.5000  -60.0000   15.0000 2398.0938   16.9164
    0.0000  -60.0000   15.0000 2407.0063   16.8656
    7.5000  -60.0000   15.0000 2383.9873   17.3393
   -7.5000  -52.5000   15.0000 2519.0386   15.1959
    0.0000  -52.5000   15.0000 2522.2776   15.1278
    7.5000  -52.5000   15.0000 2507.0815   15.5549
   -7.5000  -45.0000   15.0000 2659.6523   14.0731
    0.0000  -45.0000   15.0000 2659.9624   14.0000
    7.5000  -45.0000   15.0000 2638.9934   14.3432
   -7.5000  -37.5000   15.0000 2766.8484   13.1707
    0.0000  -37.5000   15.0000 2769.4172   13.1163
    7.5000  -37.5000   15.0000 2742.3022   13.4050
   -7.5000  -30.0000   15.0000 2859.6038   12.6067
    0.0000  -30.0000   15.0000 2864.9141   12.5856
    7.5000  -30.0000   15.0000 2828.3293   12.8020
   -7.5000  -22.5000   15.0000 2918.7861   12.4843
    0.0000  -22.5000   15.0000 2934.3298   12.4811
    7.5000  -22.5000   15.0000 2885.0112   12.5882
   -7.5000  -15.0000   15.0000 2950.0605   12.5441
    0.0000  -15.0000   15.0000 2976.6750   12.5193
    7.5000  -15.0000   15.0000 2912.3572   12.6324
   -7.5000   -7.5000   15.0000 2936.2720   12.7538
    0.0000   -7.5000   15.0000 2961.7351   12.7033
    7.5000   -7.5000   15.0000 2892.2410   12.8497
   -7.5000    0.0000   15.0000 2875.7534   13.2126
    0.0000    0.0000   15.0000 2893.1072   13.1641
    7.5000    0.0000   15.0000 2830.7388   13.3753
   -7.5000    7.5000   15.0000 2775.4976   14.0097
    0.0000    7.5000   15.0000 2788.9746   13.9594
    7.5000    7.5000   15.0000 2740.8140   14.2040
   -7.5000   15.0000   15.0000 2648.0833   15.1138
    0.0000   15.0000   15.0000 2659.8811   15.0602
    7.5000   15.0000   15.0000 2626.1252   15.3090
   -7.5000   22.5000   15.0000 2506.1223   16.6162
    0.0000   22.5000   15.0000 2518.0601   16.5566
    7.5000   22.5000   15.0000 2486.5056   16.8221
   -7.5000   30.0000   15.0000 2354.4443   18.5590
    0.0000   30.0000   15.0000 2365.4185   18.5156
    7.5000   30.0000   15.0000 2335.0676   18.7871
   -7.5000  -60.0000   22.5000 2354.0315   17.3135
    0.0000  -60.0000   22.5000 2363.4519   17.2606
    7.5000  -60.0000   22.5000 2344.7373   17.7496
   -7.5000  -52.5000   22.5000 2475.3545   15.5324
    0.0000  -52.5000   22.5000 2476.4482   15.4639
    7.5000  -52.5000   22.5000 2464.2488   15.9110
   -7.5000  -45.0000   22.5000 2616.6921   14.4287
    0.0000  -45.0000   22.5000 2619.3132   14.3546
    7.5000  -45.0000   22.5000 2597.7458   14.7004
   -7.5000  -37.5000   22.5000 2730.5010   13.4765
    0.0000  -37.5000   22.5000 2734.6472   13.4088
    7.5000  -37.5000   22.5000 2707.5400   13.6986
   -7.5000  -30.0000   22.5000 2831.8945   12.8534
    0.0000  -30.0000   22.5000 2843.0383   12.8011
    7.5000  -30.0000   22.5000 2803.1040   13.0703
   -7.5000  -22.5000   22.5000 2901.8589   12.6175
    0.0000  -22.5000   22.5000 2923.3828   12.5962
    7.5000  -22.5000   22.5000 2872.3430   12.7945
   -7.5000  -15.0000   22.5000 2937.7729   12.5753
    0.0000  -15.0000   22.5000 2968.5474   12.5146
    7.5000  -15.0000   22.5000 2903.5798   12.7727
   -7.5000   -7.5000   22.5000 2924.4644   12.7642
    0.0000   -7.5000   22.5000 2949.1650   12.6524
    7.5000   -7.5000   22.5000 2886.5000   12.9594
   -7.5000    0.0000   22.5000 2855.2617   13.3358
    0.0000    0.0000   22.5000 2877.9231   13.2472
    7.5000    0.0000   22.5000 2815.7844   13.5071
   -7.5000    7.5000   22.5000 2758.2107   14.1928
    0.0000    7.5000   22.5000 2773.6228   14.1372
    7.5000    7.5000   22.5000 2727.2407   14.3728
   -7.5000   15.0000   22.5000 2626.4050   15.3571
    0.0000   15.0000   22.5000 2634.6814   15.3007
    7.5000   15.0000   22.5000 2605.9048   15.5434
   -7.5000   22.5000   22.5000 2488.1460   16.8077
    0.0000   22.5000   22.5000 2497.2954   16.7565
    7.5000   22.5000   22.5000 2471.3872   17.0192
   -7.5000   30.0000   22.5000 2339.6287   18.6813
    0.0000   30.0000   22.5000 2348.4866   18.6365
    7.5000   30.0000   22.5000 2325.6125   18.8914
   -7.5000  -60.0000   30.0000 2304.9265   18.0532
    0.0000  -60.0000   30.0000 2311.0781   18.0103
    7.5000  -60.0000   30.0000 2291.4731   18.4271
   -7.5000  -52.5000   30.0000 2422.6006   16.2026
    0.0000  -52.5000   30.0000 2432.0884   16.1507
    7.5000  -52.5000   30.0000 2407.1418   16.5747
   -7.5000  -45.0000   30.0000 2564.5330   14.9958
    0.0000  -45.0000   30.0000 2573.9602   14.9212
    7.5000  -45.0000   30.0000 2545.5730   15.2952
   -7.5000  -37.5000   30.0000 2683.1555   13.9671
    0.0000  -37.5000   30.0000 2695.0645   13.8870
    7.5000  -37.5000   30.0000 2659.9036   14.2350
   -7.5000  -30.0000   30.0000 2785.2615   13.3347
    0.0000  -30.0000   30.0000 2801.0532   13.2379
    7.5000  -30.0000   30.0000 2757.7151   13.5544
   -7.5000  -22.5000   30.0000 2860.2561   12.9842
    0.0000  -22.5000   30.0000 2884.9919   12.9197
    7.5000  -22.5000   30.0000 2833.9453   13.2080
   -7.5000  -15.0000   30.0000 2897.5566   12.8943
    0.0000  -15.0000   30.0000 2923.0322   12.7677
    7.5000  -15.0000   30.0000 2866.5144   13.1387
   -7.5000   -7.5000   30.0000 2887.4126   13.0781
    0.0000   -7.5000   30.0000 2907.0007   12.9541
    7.5000   -7.5000   30.0000 2855.3110   13.3013
   -7.5000    0.0000   30.0000 2818.7612   13.6508
    0.0000    0.0000   30.0000 2837.1509   13.5604
    7.5000    0.0000   30.0000 2785.8694   13.8471
   -7.5000    7.5000   30.0000 2715.5198   14.5217
    0.0000    7.5000   30.0000 2732.7046   14.4492
    7.5000    7.5000   30.0000 2692.4512   14.7091
   -7.5000   15.0000   30.0000 2587.8823   15.7693
    0.0000   15.0000   30.0000 2601.0925   15.6835
    7.5000   15.0000   30.0000 2570.8931   15.9333
   -7.5000   22.5000   30.0000 2455.2070   17.2281
    0.0000   22.5000   30.0000 2464.7598   17.1635
    7.5000   22.5000   30.0000 2438.6177   17.4511
   -7.5000   30.0000   30.0000 2313.7715   19.0611
    0.0000   30.0000   30.0000 2319.6865   19.0311
    7.5000   30.0000   30.0000 2295.2720   19.2999
   -7.5000  -60.0000   37.5000 2251.9243   19.0361
    0.0000  -60.0000   37.5000 2261.6201   18.9551
    7.5000  -60.0000   37.5000 2238.4468   19.4210
   -7.5000  -52.5000   37.5000 2366.1714   17.0619
    0.0000  -52.5000   37.5000 2380.4858   16.9580
    7.5000  -52.5000   37.5000 2348.9016   17.4062
   -7.5000  -45.0000   37.5000 2508.2146   15.7214
    0.0000  -45.0000   37.5000 2522.1460   15.6279
    7.5000  -45.0000   37.5000 2486.4543   16.0464
   -7.5000  -37.5000   37.5000 2627.1118   14.6642
    0.0000  -37.5000   37.5000 2640.1047   14.5479
    7.5000  -37.5000   37.5000 2599.8994   14.9432
   -7.5000  -30.0000   37.5000 2721.5820   13.9947
    0.0000  -30.0000   37.5000 2737.3914   13.8730
    7.5000  -30.0000   37.5000 2698.0833   14.2523
   -7.5000  -22.5000   37.5000 2799.1648   13.5989
    0.0000  -22.5000   37.5000 2819.4255   13.4730
    7.5000  -22.5000   37.5000 2775.0945   13.8563
   -7.5000  -15.0000   37.5000 2831.7241   13.4895
    0.0000  -15.0000   37.5000 2850.6833   13.3412
    7.5000  -15.0000   37.5000 2803.5234   13.7161
   -7.5000   -7.5000   37.5000 2815.6948   13.6884
    0.0000   -7.5000   37.5000 2832.8840   13.5705
    7.5000   -7.5000   37.5000 2794.6599   13.8937
   -7.5000    0.0000   37.5000 2747.7422   14.2473
    0.0000    0.0000   37.5000 2766.3093   14.1413
    7.5000    0.0000   37.5000 2729.8450   14.4454
   -7.5000    7.5000   37.5000 2654.1638   15.0870
    0.0000    7.5000   37.5000 2671.4729   14.9960
    7.5000    7.5000   37.5000 2638.6094   15.2839
   -7.5000   15.0000   37.5000 2539.1431   16.2609
    0.0000   15.0000   37.5000 2554.4058   16.1798
    7.5000   15.0000   37.5000 2522.0935   16.4464
   -7.5000   22.5000   37.5000 2409.0691   17.7357
    0.0000   22.5000   37.5000 2422.7700   17.7072
    7.5000   22.5000   37.5000 2394.2600   17.9616
   -7.5000   30.0000   37.5000 2268.0671   19.5794
    0.0000   30.0000   37.5000 2282.3494   19.5712
    7.5000   30.0000   37.5000 2255.9124   19.8626
   -7.5000  -60.0000   45.0000 2177.7703   20.1074
    0.0000  -60.0000   45.0000 2188.6729   19.9590
    7.5000  -60.0000   45.0000 2162.6018   20.4808
   -7.5000  -52.5000   45.0000 2290.7744   17.9854
    0.0000  -52.5000   45.0000 2306.8154   17.8533
    7.5000  -52.5000   45.0000 2276.2888   18.3430
   -7.5000  -45.0000   45.0000 2431.2742   16.5806
    0.0000  -45.0000   45.0000 2444.7769   16.4279
    7.5000  -45.0000   45.0000 2405.3601   16.8837
   -7.5000  -37.5000   45.0000 2540.7744   15.4835
    0.0000  -37.5000   45.0000 2556.4382   15.3684
    7.5000  -37.5000   45.0000 2515.2144   15.7932
   -7.5000  -30.0000   45.0000 2630.2837   14.7660
    0.0000  -30.0000   45.0000 2648.3284   14.6396
    7.5000  -30.0000   45.0000 2608.5405   15.0209
   -7.5000  -22.5000   45.0000 2696.9937   14.3386
    0.0000  -22.5000   45.0000 2719.1648   14.2146
    7.5000  -22.5000   45.0000 2677.2080   14.5849
   -7.5000  -15.0000   45.0000 2722.4880   14.2102
    0.0000  -15.0000   45.0000 2739.3879   14.0969
    7.5000  -15.0000   45.0000 2699.3450   14.4160
   -7.5000   -7.5000   45.0000 2698.6257   14.4389
    0.0000   -7.5000   45.0000 2714.0159   14.3214
    7.5000   -7.5000   45.0000 2679.2786   14.6415
   -7.5000    0.0000   45.0000 2637.9187   14.9704
    0.0000    0.0000   45.0000 2655.0645   14.8658
    7.5000    0.0000   45.0000 2626.3025   15.1553
   -7.5000    7.5000   45.0000 2553.8379   15.7865
    0.0000    7.5000   45.0000 2573.3796   15.6969
    7.5000    7.5000   45.0000 2538.9441   15.9725
   -7.5000   15.0000   45.0000 2449.0269   16.8968
    0.0000   15.0000   45.0000 2465.3008   16.8008
    7.5000   15.0000   45.0000 2437.6768   17.0634
   -7.5000   22.5000   45.0000 2333.1213   18.3026
    0.0000   22.5000   45.0000 2345.4651   18.2695
    7.5000   22.5000   45.0000 2320.1860   18.5262
   -7.5000   30.0000   45.0000 2196.9360   20.1687
    0.0000   30.0000   45.0000 2211.8164   20.1413
    7.5000   30.0000   45.0000 2188.6323   20.3702
   -7.5000  -60.0000   52.5000 2079.3342   21.0927
    0.0000  -60.0000   52.5000 2095.4094   20.9306
    7.5000  -60.0000   52.5000 2072.4673   21.4889
   -7.5000  -52.5000   52.5000 2193.0906   18.8973
    0.0000  -52.5000   52.5000 2213.7559   18.7581
    7.5000  -52.5000   52.5000 2182.8118   19.2500
   -7.5000  -45.0000   52.5000 2329.2463   17.4372
    0.0000  -45.0000   52.5000 2350.2292   17.3066
    7.5000  -45.0000   52.5000 2310.9375   17.7817
   -7.5000  -37.5000   52.5000 2432.3494   16.3224
    0.0000  -37.5000   52.5000 2452.5598   16.2166
    7.5000  -37.5000   52.5000 2412.0615   16.6237
   -7.5000  -30.0000   52.5000 2512.9578   15.5773
    0.0000  -30.0000   52.5000 2536.5793   15.4520
    7.5000  -30.0000   52.5000 2494.2476   15.8342
   -7.5000  -22.5000   52.5000 2567.0188   15.1094
    0.0000  -22.5000   52.5000 2590.2456   15.0272
    7.5000  -22.5000   52.5000 2548.9529   15.3815
   -7.5000  -15.0000   52.5000 2586.4138   14.9316
    0.0000  -15.0000   52.5000 2604.7744   14.8491
    7.5000  -15.0000   52.5000 2569.0938   15.1597
   -7.5000   -7.5000   52.5000 2556.2346   15.1672
    0.0000   -7.5000   52.5000 2574.5454   15.0997
    7.5000   -7.5000   52.5000 2544.8926   15.3707
   -7.5000    0.0000   52.5000 2502.0806   15.6688
    0.0000    0.0000   52.5000 2523.1282   15.5912
    7.5000    0.0000   52.5000 2495.4236   15.8530
   -7.5000    7.5000   52.5000 2431.2935   16.4517
    0.0000    7.5000   52.5000 2452.2212   16.3759
    7.5000    7.5000   52.5000 2420.1990   16.6502
   -7.5000   15.0000   52.5000 2341.3452   17.5510
    0.0000   15.0000   52.5000 2357.0618   17.4431
    7.5000   15.0000   52.5000 2328.1533   17.6955
   -7.5000   22.5000   52.5000 2230.2180   18.9113
    0.0000   22.5000   52.5000 2239.2856   18.9194
    7.5000   22.5000   52.5000 2223.3210   19.1554
   -7.5000   30.0000   52.5000 2102.1814   20.6987
    0.0000   30.0000   52.5000 2114.4092   20.7152
    7.5000   30.0000   52.5000 2092.7317   20.9542
   -7.5000  -60.0000   60.0000 2012.8057   22.6315
    0.0000  -60.0000   60.0000 2028.9492   22.5058
    7.5000  -60.0000   60.0000 2009.1289   23.0932
   -7.5000  -52.5000   60.0000 2129.1777   20.3434
    0.0000  -52.5000   60.0000 2150.9775   20.1845
    7.5000  -52.5000   60.0000 2120.2380   20.7426
   -7.5000  -45.0000   60.0000 2257.4565   18.8450
    0.0000  -45.0000   60.0000 2281.3818   18.7074
    7.5000  -45.0000   60.0000 2244.2168   19.2006
   -7.5000  -37.5000   60.0000 2361.1638   17.6923
    0.0000  -37.5000   60.0000 2382.6445   17.6077
    7.5000  -37.5000   60.0000 2340.0962   17.9998
   -7.5000  -30.0000   60.0000 2427.8865   16.8585
    0.0000  -30.0000   60.0000 2453.7549   16.7804
    7.5000  -30.0000   60.0000 2409.3892   17.1547
   -7.5000  -22.5000   60.0000 2468.8828   16.3300
    0.0000  -22.5000   60.0000 2491.0286   16.3069
    7.5000  -22.5000   60.0000 2453.8486   16.6299
   -7.5000  -15.0000   60.0000 2488.0134   16.1014
    0.0000  -15.0000   60.0000 2506.4143   16.0810
    7.5000  -15.0000   60.0000 2472.9158   16.3941
   -7.5000   -7.5000   60.0000 2459.1682   16.3268
    0.0000   -7.5000   60.0000 2475.9172   16.2886
    7.5000   -7.5000   60.0000 2449.6016   16.5817
   -7.5000    0.0000   60.0000 2411.6582   16.8296
    0.0000    0.0000   60.0000 2430.6619   16.7768
    7.5000    0.0000   60.0000 2402.1860   17.0587
   -7.5000    7.5000   60.0000 2347.6108   17.6445
    0.0000    7.5000   60.0000 2370.1123   17.5723
    7.5000    7.5000   60.0000 2339.0171   17.8455
   -7.5000   15.0000   60.0000 2269.4646   18.7023
    0.0000   15.0000   60.0000 2286.6572   18.6184
    7.5000   15.0000   60.0000 2251.4817   18.8748
   -7.5000   22.5000   60.0000 2162.2041   20.0689
    0.0000   22.5000   60.0000 2178.7766   20.0737
    7.5000   22.5000   60.0000 2151.9619   20.3372
   -7.5000   30.0000   60.0000 2036.8373   21.9315
    0.0000   30.0000   60.0000 2050.2424   21.9494
    7.5000   30.0000   60.0000 2025.9418   22.1682

---------------------------------------------------------------------
imgreg_4dfp /opt/freesurfer/average/711-2C_as_mni_average_305 /opt/freesurfer/average/711-2B_as_mni_average_305_mask talsrcimg_g11 none talsrcimg_to_711-2C_as_mni_average_305_t4 1283
---------------------------------------------------------------------

freesurfer imgreg_4dfp.c
/opt/freesurfer/average/711-2C_as_mni_average_305.4dfp.img
       256       256       256         1
  1.000000  1.000000  1.000000
orientation T byte_order littleendian
Reading image: /opt/freesurfer/average/711-2C_as_mni_average_305.4dfp.img
dimensions:      256       256       256
mmppix:       1.0000   -1.0000   -1.0000
center:     128.0000 -129.0000 -129.0000
/opt/freesurfer/average/711-2B_as_mni_average_305_mask.4dfp.img
       256       256       256         1
  1.000000  1.000000  1.000000
orientation T byte_order littleendian
Reading mask: /opt/freesurfer/average/711-2B_as_mni_average_305_mask.4dfp.img (2306576 pixels)
talsrcimg_g11.4dfp.img
       256       256       256         1
  0.898437  0.898437  0.898437
orientation T byte_order littleendian
Reading image: talsrcimg_g11.4dfp.img
dimensions:      256       256       256
mmppix:       0.8984   -0.8984   -0.8984
center:     114.9999 -115.8984 -115.8984
rotation matrix determinant  1.000000
fimgreg.f
image alignment mode   1283 decimal      503 hex
parameters
    0.0000  -15.0000   15.0000    0.0000    0.0000    0.0000
eta,q 0.93431 12.53480
niter,ni,del,rscale     5    3   12.0000    1.2000
parameter  4  1.540576 ->  0.500000 qaram    1.1500
parameters
   -2.1391  -14.0931   15.3293   -3.4500    0.3925    0.7317
eta,q 0.94122 12.46868
  0.0675  0.0757  0.0669  0.0569  0.0638  0.0634
  0.0631  0.0713  0.0638  0.0586  0.0609  0.0609
  0.0626  0.0661  0.0624  0.0601  0.0597  0.0591
  0.0644  0.0626  0.0624  0.0624  0.0588  0.0586
  0.0680  0.0632  0.0631  0.0656  0.0588  0.0593
  0.0728  0.0664  0.0647  0.0689  0.0606  0.0603
  0.0793  0.0706  0.0649  0.0733  0.0625  0.0611
niter,ni,del,rscale     5    3   12.0000    1.2000
parameter  4 -4.810779 ->  0.500000 qaram    1.3225
parameters
   -1.7776  -13.4917   17.2864   -7.4175    0.0063    1.3183
eta,q 0.94735 12.35623
  0.0714  0.0694  0.0599  0.0480  0.0594  0.0571
  0.0645  0.0637  0.0585  0.0515  0.0555  0.0546
  0.0599  0.0600  0.0592  0.0555  0.0528  0.0530
  0.0588  0.0589  0.0589  0.0586  0.0526  0.0525
  0.0602  0.0592  0.0586  0.0619  0.0544  0.0532
  0.0634  0.0613  0.0585  0.0646  0.0572  0.0538
  0.0680  0.0657  0.0589  0.0674  0.0607  0.0553
niter,ni,del,rscale     5    3   12.0000    1.2000
parameter  4  5.138629 ->  0.500000 qaram    1.5209
parameters
   -1.7137  -11.5261   16.1154  -11.9801    0.0723    1.7802
eta,q 0.95630 12.36544
  0.0671  0.0659  0.0537  0.0424  0.0537  0.0506
  0.0578  0.0592  0.0537  0.0429  0.0487  0.0468
  0.0529  0.0551  0.0536  0.0473  0.0453  0.0447
  0.0526  0.0527  0.0519  0.0531  0.0438  0.0437
  0.0549  0.0519  0.0511  0.0570  0.0446  0.0442
  0.0592  0.0525  0.0546  0.0615  0.0486  0.0459
  0.0646  0.0553  0.0601  0.0649  0.0534  0.0486
niter,ni,del,rscale     5    3   12.0000    1.2000
parameter  4  0.518839 ->  0.500000 qaram    1.7490
parameters
   -1.6898  -10.0063   15.1477  -17.2272   -0.3805    1.1325
eta,q 0.96060 12.46753
  0.0614  0.0590  0.0485  0.0454  0.0482  0.0436
  0.0513  0.0524  0.0468  0.0400  0.0435  0.0405
  0.0453  0.0469  0.0449  0.0396  0.0401  0.0395
  0.0437  0.0437  0.0437  0.0439  0.0396  0.0395
  0.0457  0.0439  0.0456  0.0508  0.0417  0.0403
  0.0521  0.0455  0.0491  0.0564  0.0458  0.0422
  0.0602  0.0490  0.0539  0.0621  0.0507  0.0458
niter,ni,del,rscale     5    3   12.0000    1.2000
parameters
   -1.8512   -8.8155   14.2558  -17.4869   -0.0800    1.0475
eta,q 0.96194 12.48487
  0.0572  0.0576  0.0448  0.0541  0.0497  0.0444
  0.0470  0.0498  0.0411  0.0486  0.0447  0.0406
  0.0407  0.0429  0.0386  0.0405  0.0403  0.0386
  0.0394  0.0393  0.0383  0.0381  0.0382  0.0381
  0.0426  0.0382  0.0399  0.0414  0.0391  0.0392
  0.0496  0.0414  0.0443  0.0488  0.0430  0.0410
  0.0579  0.0480  0.0514  0.0562  0.0479  0.0444
niter,ni,del,rscale     4    3   12.0000    1.2000
parameters
   -1.9896   -8.7655   14.0995  -17.6712    0.0577    0.9968
eta,q 0.96204 12.48923
  0.0581  0.0522  0.0465  0.0540  0.0494  0.0446
  0.0474  0.0443  0.0424  0.0486  0.0442  0.0406
  0.0399  0.0397  0.0392  0.0406  0.0400  0.0386
  0.0381  0.0380  0.0380  0.0380  0.0380  0.0380
  0.0419  0.0392  0.0390  0.0408  0.0394  0.0391
  0.0497  0.0447  0.0420  0.0484  0.0435  0.0411
  0.0588  0.0514  0.0484  0.0559  0.0485  0.0444
niter,ni,del,rscale     3    3   12.0000    1.2000
parameters
   -2.0481   -8.7279   14.0380  -17.7686    0.1157    0.9742
eta,q 0.96206 12.49126
  0.0588  0.0519  0.0468  0.0541  0.0492  0.0448
  0.0481  0.0441  0.0425  0.0487  0.0440  0.0407
  0.0402  0.0396  0.0392  0.0407  0.0399  0.0386
  0.0380  0.0379  0.0379  0.0379  0.0379  0.0379
  0.0417  0.0392  0.0389  0.0404  0.0396  0.0391
  0.0495  0.0446  0.0418  0.0480  0.0438  0.0411
  0.0586  0.0512  0.0480  0.0556  0.0488  0.0445
niter,ni,del,rscale     2    3   12.0000    1.2000
parameters
   -2.0732   -8.7001   14.0085  -17.8214    0.1412    0.9651
eta,q 0.96207 12.49259
  0.0591  0.0518  0.0469  0.0541  0.0491  0.0448
  0.0483  0.0440  0.0426  0.0487  0.0439  0.0407
  0.0403  0.0395  0.0393  0.0408  0.0398  0.0386
  0.0379  0.0379  0.0379  0.0379  0.0379  0.0379
  0.0416  0.0392  0.0388  0.0402  0.0396  0.0391
  0.0494  0.0446  0.0417  0.0478  0.0439  0.0411
  0.0585  0.0511  0.0479  0.0554  0.0489  0.0445
registration optimization eta report
parameter search radius
    6.0000    6.0000    6.0000   10.4940    6.0000    6.0000
100000*second partial in parameter space
       57.       38.       26.       15.       30.       18.
  0.0591  0.0518  0.0469  0.0541  0.0491  0.0448
  0.0483  0.0440  0.0426  0.0487  0.0439  0.0407
  0.0403  0.0395  0.0393  0.0408  0.0398  0.0386
  0.0379  0.0379  0.0379  0.0379  0.0379  0.0379
  0.0416  0.0392  0.0388  0.0402  0.0396  0.0391
  0.0494  0.0446  0.0417  0.0478  0.0439  0.0411
  0.0585  0.0511  0.0479  0.0554  0.0489  0.0445
   -2.0732   -8.7001   14.0085  -17.8214    0.1412    0.9651
eta,q 0.96207 12.49259

---------------------------------------------------------------------
imgreg_4dfp /opt/freesurfer/average/711-2C_as_mni_average_305 /opt/freesurfer/average/711-2B_as_mni_average_305_mask talsrcimg_g11 none talsrcimg_to_711-2C_as_mni_average_305_t4 3335
---------------------------------------------------------------------

freesurfer imgreg_4dfp.c
/opt/freesurfer/average/711-2C_as_mni_average_305.4dfp.img
       256       256       256         1
  1.000000  1.000000  1.000000
orientation T byte_order littleendian
Reading image: /opt/freesurfer/average/711-2C_as_mni_average_305.4dfp.img
dimensions:      256       256       256
mmppix:       1.0000   -1.0000   -1.0000
center:     128.0000 -129.0000 -129.0000
/opt/freesurfer/average/711-2B_as_mni_average_305_mask.4dfp.img
       256       256       256         1
  1.000000  1.000000  1.000000
orientation T byte_order littleendian
Reading mask: /opt/freesurfer/average/711-2B_as_mni_average_305_mask.4dfp.img (2306576 pixels)
talsrcimg_g11.4dfp.img
       256       256       256         1
  0.898437  0.898437  0.898437
orientation T byte_order littleendian
Reading image: talsrcimg_g11.4dfp.img
dimensions:      256       256       256
mmppix:       0.8984   -0.8984   -0.8984
center:     114.9999 -115.8984 -115.8984
fimgreg.f
image alignment mode   3335 decimal      D07 hex
parameters
   -2.0732   -8.7001   14.0085   -0.0145   -4.8107   -4.7988
   -1.5281   -0.7501    1.6844   30.5968    0.2465  -30.6050
eta,q 0.96070 12.50743
niter,ni,del,rscale     5    3    5.0000    1.2000
parameter  4  0.846674 ->  0.500000 qaram    1.1500
parameter  5  2.221267 ->  0.500000 qaram    1.1500
parameter 10  0.729492 ->  0.500000 qaram    1.1500
parameter 12  0.605448 ->  0.500000 qaram    1.1500
parameters
   -2.1360   -8.5113   13.5878   -4.1545   -8.9507   -8.3209
   -0.8083    0.1013    3.9442   26.4568    2.3526  -34.7450
eta,q 0.96887 11.86180
  0.0424  0.0413  0.0402  0.0374  0.0323  0.0340  0.0364  0.0377  0.0357  0.0320  0.0330  0.0314
  0.0407  0.0403  0.0396  0.0376  0.0335  0.0334  0.0349  0.0356  0.0346  0.0317  0.0324  0.0311
  0.0396  0.0396  0.0392  0.0382  0.0353  0.0334  0.0338  0.0341  0.0338  0.0321  0.0320  0.0312
  0.0393  0.0393  0.0393  0.0392  0.0378  0.0340  0.0333  0.0333  0.0333  0.0331  0.0317  0.0316
  0.0397  0.0393  0.0396  0.0408  0.0405  0.0348  0.0335  0.0334  0.0331  0.0347  0.0316  0.0324
  0.0409  0.0398  0.0402  0.0431  0.0432  0.0361  0.0342  0.0344  0.0333  0.0370  0.0318  0.0334
  0.0428  0.0408  0.0411  0.0460  0.0464  0.0380  0.0354  0.0361  0.0339  0.0395  0.0321  0.0346
niter,ni,del,rscale     7    3    5.0000    1.2000
parameter  5  0.959353 ->  0.500000 qaram    1.3225
parameters
   -2.2016   -8.3669   13.3234   -7.4144  -13.7117   -9.6349
   -0.8977   -0.1571    4.0691   26.8132    2.1830  -36.4103
eta,q 0.97199 11.35308
  0.0344  0.0341  0.0325  0.0316  0.0278  0.0299  0.0310  0.0320  0.0303  0.0319  0.0291  0.0294
  0.0326  0.0325  0.0316  0.0307  0.0280  0.0288  0.0295  0.0298  0.0291  0.0299  0.0285  0.0286
  0.0315  0.0315  0.0312  0.0306  0.0289  0.0282  0.0284  0.0285  0.0284  0.0286  0.0282  0.0281
  0.0311  0.0311  0.0311  0.0311  0.0306  0.0281  0.0281  0.0281  0.0281  0.0281  0.0281  0.0281
  0.0316  0.0314  0.0315  0.0320  0.0329  0.0289  0.0285  0.0287  0.0283  0.0283  0.0282  0.0286
  0.0328  0.0322  0.0322  0.0335  0.0361  0.0302  0.0295  0.0303  0.0290  0.0294  0.0286  0.0297
  0.0347  0.0335  0.0333  0.0357  0.0396  0.0317  0.0312  0.0325  0.0302  0.0314  0.0292  0.0312
niter,ni,del,rscale     7    3    5.0000    1.2000
parameters
   -2.2459   -8.1386   12.9894   -7.6006  -16.9740  -10.1130
   -0.9378   -0.2733    3.9673   28.2028    1.6165  -37.7901
eta,q 0.97284 11.17269
  0.0316  0.0313  0.0293  0.0308  0.0293  0.0297  0.0305  0.0314  0.0296  0.0316  0.0281  0.0287
  0.0296  0.0296  0.0285  0.0291  0.0279  0.0285  0.0289  0.0293  0.0284  0.0297  0.0276  0.0277
  0.0284  0.0285  0.0280  0.0282  0.0274  0.0277  0.0278  0.0279  0.0277  0.0282  0.0273  0.0272
  0.0280  0.0280  0.0280  0.0279  0.0279  0.0274  0.0274  0.0274  0.0274  0.0274  0.0272  0.0272
  0.0285  0.0282  0.0284  0.0284  0.0294  0.0278  0.0278  0.0280  0.0277  0.0272  0.0274  0.0277
  0.0298  0.0289  0.0292  0.0294  0.0318  0.0290  0.0289  0.0295  0.0285  0.0280  0.0278  0.0287
  0.0318  0.0303  0.0303  0.0309  0.0353  0.0305  0.0306  0.0317  0.0297  0.0297  0.0285  0.0302
niter,ni,del,rscale     6    3    5.0000    1.2000
parameters
   -2.2594   -7.8668   12.7004   -8.1739  -17.7970  -10.3728
   -1.0036   -0.2341    3.8702   29.0830    0.9984  -38.5900
eta,q 0.97313 11.11043
  0.0308  0.0307  0.0285  0.0297  0.0305  0.0295  0.0301  0.0312  0.0292  0.0309  0.0278  0.0287
  0.0288  0.0290  0.0276  0.0281  0.0287  0.0282  0.0285  0.0290  0.0281  0.0292  0.0273  0.0277
  0.0276  0.0277  0.0271  0.0272  0.0274  0.0273  0.0274  0.0276  0.0273  0.0278  0.0270  0.0270
  0.0272  0.0272  0.0271  0.0271  0.0270  0.0270  0.0270  0.0270  0.0270  0.0270  0.0269  0.0269
  0.0276  0.0273  0.0275  0.0277  0.0278  0.0274  0.0275  0.0275  0.0273  0.0270  0.0271  0.0273
  0.0289  0.0281  0.0282  0.0288  0.0295  0.0285  0.0286  0.0290  0.0281  0.0279  0.0275  0.0282
  0.0309  0.0294  0.0293  0.0303  0.0321  0.0300  0.0302  0.0312  0.0294  0.0298  0.0282  0.0296
niter,ni,del,rscale     5    3    5.0000    1.2000
parameters
   -2.2656   -7.6907   12.4940   -8.4619  -18.2664  -10.5776
   -1.0767   -0.1705    3.8622   29.6558    0.7095  -39.0761
eta,q 0.97325 11.07763
  0.0306  0.0303  0.0284  0.0297  0.0305  0.0294  0.0299  0.0311  0.0291  0.0306  0.0278  0.0287
  0.0286  0.0285  0.0275  0.0281  0.0288  0.0281  0.0283  0.0289  0.0279  0.0289  0.0272  0.0277
  0.0273  0.0274  0.0269  0.0270  0.0274  0.0272  0.0272  0.0274  0.0271  0.0276  0.0268  0.0270
  0.0269  0.0269  0.0269  0.0268  0.0268  0.0268  0.0268  0.0268  0.0268  0.0268  0.0268  0.0268
  0.0273  0.0271  0.0272  0.0274  0.0275  0.0272  0.0273  0.0273  0.0271  0.0269  0.0270  0.0271
  0.0286  0.0280  0.0279  0.0285  0.0291  0.0283  0.0284  0.0288  0.0279  0.0280  0.0273  0.0280
  0.0306  0.0294  0.0290  0.0300  0.0316  0.0297  0.0300  0.0310  0.0291  0.0300  0.0279  0.0293
niter,ni,del,rscale     4    3    5.0000    1.2000
parameters
   -2.2606   -7.5666   12.3654   -8.6391  -18.5801  -10.7371
   -1.1229   -0.1277    3.8603   30.0523    0.5709  -39.3693
eta,q 0.97329 11.05599
  0.0305  0.0301  0.0284  0.0297  0.0305  0.0294  0.0299  0.0310  0.0290  0.0305  0.0278  0.0288
  0.0285  0.0283  0.0274  0.0281  0.0288  0.0280  0.0282  0.0288  0.0278  0.0287  0.0272  0.0277
  0.0272  0.0272  0.0269  0.0270  0.0274  0.0271  0.0271  0.0273  0.0270  0.0274  0.0268  0.0270
  0.0268  0.0268  0.0268  0.0267  0.0267  0.0267  0.0267  0.0267  0.0267  0.0267  0.0267  0.0267
  0.0272  0.0270  0.0270  0.0273  0.0273  0.0271  0.0272  0.0272  0.0270  0.0269  0.0269  0.0271
  0.0285  0.0280  0.0277  0.0284  0.0289  0.0282  0.0283  0.0287  0.0278  0.0281  0.0273  0.0279
  0.0305  0.0294  0.0288  0.0298  0.0314  0.0296  0.0299  0.0310  0.0291  0.0300  0.0278  0.0291
niter,ni,del,rscale     3    3    5.0000    1.2000
parameters
   -2.2570   -7.4757   12.2715   -8.7562  -18.8006  -10.8646
   -1.1569   -0.1004    3.8486   30.3451    0.4891  -39.5688
eta,q 0.97331 11.04089
  0.0305  0.0299  0.0284  0.0297  0.0305  0.0293  0.0298  0.0310  0.0290  0.0304  0.0278  0.0288
  0.0284  0.0282  0.0274  0.0281  0.0288  0.0280  0.0282  0.0288  0.0278  0.0287  0.0272  0.0277
  0.0271  0.0271  0.0269  0.0270  0.0274  0.0271  0.0271  0.0273  0.0270  0.0274  0.0268  0.0270
  0.0267  0.0267  0.0267  0.0267  0.0267  0.0267  0.0267  0.0267  0.0267  0.0267  0.0267  0.0267
  0.0271  0.0270  0.0270  0.0272  0.0272  0.0271  0.0271  0.0272  0.0270  0.0269  0.0269  0.0270
  0.0284  0.0280  0.0277  0.0283  0.0288  0.0281  0.0282  0.0287  0.0278  0.0281  0.0272  0.0278
  0.0305  0.0294  0.0287  0.0298  0.0312  0.0295  0.0299  0.0310  0.0290  0.0301  0.0278  0.0290
niter,ni,del,rscale     2    3    5.0000    1.2000
parameters
   -2.2539   -7.4068   12.1999   -8.8430  -18.9716  -10.9831
   -1.1767   -0.0849    3.8465   30.5671    0.4418  -39.7125
eta,q 0.97332 11.02828
  0.0305  0.0298  0.0284  0.0298  0.0305  0.0293  0.0298  0.0310  0.0290  0.0303  0.0278  0.0288
  0.0284  0.0281  0.0274  0.0281  0.0288  0.0280  0.0282  0.0288  0.0278  0.0286  0.0272  0.0277
  0.0271  0.0271  0.0269  0.0270  0.0274  0.0270  0.0271  0.0273  0.0270  0.0273  0.0268  0.0270
  0.0267  0.0267  0.0267  0.0267  0.0267  0.0267  0.0267  0.0267  0.0267  0.0267  0.0267  0.0267
  0.0271  0.0270  0.0269  0.0272  0.0271  0.0270  0.0271  0.0272  0.0270  0.0269  0.0268  0.0270
  0.0284  0.0280  0.0276  0.0283  0.0287  0.0281  0.0282  0.0287  0.0278  0.0281  0.0272  0.0278
  0.0304  0.0294  0.0286  0.0297  0.0311  0.0295  0.0298  0.0310  0.0290  0.0302  0.0278  0.0290
niter,ni,del,rscale     1    3    5.0000    1.2000
parameters
   -2.2529   -7.3535   12.1379   -8.9082  -19.1037  -11.0860
   -1.1896   -0.0746    3.8323   30.7466    0.4035  -39.8175
eta,q 0.97332 11.01836
  0.0304  0.0298  0.0284  0.0298  0.0305  0.0293  0.0298  0.0309  0.0289  0.0303  0.0278  0.0288
  0.0284  0.0281  0.0274  0.0281  0.0288  0.0280  0.0282  0.0288  0.0278  0.0286  0.0272  0.0277
  0.0271  0.0270  0.0269  0.0270  0.0274  0.0270  0.0271  0.0273  0.0270  0.0273  0.0268  0.0270
  0.0267  0.0267  0.0267  0.0267  0.0267  0.0267  0.0267  0.0267  0.0267  0.0267  0.0267  0.0267
  0.0271  0.0270  0.0269  0.0272  0.0271  0.0270  0.0271  0.0272  0.0270  0.0269  0.0268  0.0269
  0.0284  0.0280  0.0276  0.0283  0.0286  0.0281  0.0282  0.0287  0.0277  0.0282  0.0272  0.0278
  0.0304  0.0294  0.0286  0.0297  0.0310  0.0295  0.0298  0.0310  0.0290  0.0302  0.0278  0.0289
registration optimization eta report
parameter search radius
    2.4000    2.4000    2.4000    8.2800    9.5220    7.2000
    7.2000    7.2000    7.2000    8.2800    7.2000    8.2800
100000*second partial in parameter space
       65.       50.       32.        4.        4.        5.
        6.        8.        4.        5.        2.        3.
  0.0304  0.0298  0.0284  0.0298  0.0305  0.0293  0.0298  0.0309  0.0289  0.0303  0.0278  0.0288
  0.0284  0.0281  0.0274  0.0281  0.0288  0.0280  0.0282  0.0288  0.0278  0.0286  0.0272  0.0277
  0.0271  0.0270  0.0269  0.0270  0.0274  0.0270  0.0271  0.0273  0.0270  0.0273  0.0268  0.0270
  0.0267  0.0267  0.0267  0.0267  0.0267  0.0267  0.0267  0.0267  0.0267  0.0267  0.0267  0.0267
  0.0271  0.0270  0.0269  0.0272  0.0271  0.0270  0.0271  0.0272  0.0270  0.0269  0.0268  0.0269
  0.0284  0.0280  0.0276  0.0283  0.0286  0.0281  0.0282  0.0287  0.0277  0.0282  0.0272  0.0278
  0.0304  0.0294  0.0286  0.0297  0.0310  0.0295  0.0298  0.0310  0.0290  0.0302  0.0278  0.0289
   -2.2529   -7.3535   12.1379   -8.9082  -19.1037  -11.0860
   -1.1896   -0.0746    3.8323   30.7466    0.4035  -39.8175
eta,q 0.97332 11.01836

---------------------------------------------------------------------
imgreg_4dfp /opt/freesurfer/average/711-2C_as_mni_average_305 /opt/freesurfer/average/711-2B_as_mni_average_305_mask talsrcimg_g11 none talsrcimg_to_711-2C_as_mni_average_305_t4 2311
---------------------------------------------------------------------

freesurfer imgreg_4dfp.c
/opt/freesurfer/average/711-2C_as_mni_average_305.4dfp.img
       256       256       256         1
  1.000000  1.000000  1.000000
orientation T byte_order littleendian
Reading image: /opt/freesurfer/average/711-2C_as_mni_average_305.4dfp.img
dimensions:      256       256       256
mmppix:       1.0000   -1.0000   -1.0000
center:     128.0000 -129.0000 -129.0000
/opt/freesurfer/average/711-2B_as_mni_average_305_mask.4dfp.img
       256       256       256         1
  1.000000  1.000000  1.000000
orientation T byte_order littleendian
Reading mask: /opt/freesurfer/average/711-2B_as_mni_average_305_mask.4dfp.img (2306576 pixels)
talsrcimg_g11.4dfp.img
       256       256       256         1
  0.898437  0.898437  0.898437
orientation T byte_order littleendian
Reading image: talsrcimg_g11.4dfp.img
dimensions:      256       256       256
mmppix:       0.8984   -0.8984   -0.8984
center:     114.9999 -115.8984 -115.8984
fimgreg.f
image alignment mode   2311 decimal      907 hex
parameters
   -2.2529   -7.3535   12.1379   -8.9082  -19.1037  -11.0860
   -1.1896   -0.0746    3.8323   30.7466    0.4035  -39.8175
eta,q 0.97332 11.01835
niter,ni,del,rscale     5    3    5.0000    0.8000
parameters
   -2.2539   -7.3386   12.0926   -9.1468  -18.7321  -11.0994
   -1.1930   -0.0267    3.8563   30.9670    0.2249  -39.7465
eta,q 0.97336 11.03007
  0.0284  0.0281  0.0274  0.0278  0.0281  0.0280  0.0282  0.0287  0.0277  0.0281  0.0271  0.0275
  0.0274  0.0273  0.0270  0.0271  0.0274  0.0273  0.0273  0.0276  0.0271  0.0274  0.0268  0.0271
  0.0269  0.0268  0.0268  0.0268  0.0269  0.0268  0.0268  0.0269  0.0268  0.0269  0.0267  0.0268
  0.0267  0.0267  0.0267  0.0267  0.0267  0.0267  0.0267  0.0267  0.0267  0.0266  0.0266  0.0266
  0.0269  0.0268  0.0268  0.0269  0.0267  0.0268  0.0268  0.0269  0.0268  0.0267  0.0267  0.0267
  0.0275  0.0273  0.0271  0.0273  0.0271  0.0273  0.0274  0.0276  0.0271  0.0271  0.0269  0.0270
  0.0284  0.0280  0.0275  0.0279  0.0278  0.0280  0.0281  0.0287  0.0277  0.0279  0.0272  0.0275
niter,ni,del,rscale     4    3    5.0000    0.7000
parameters
   -2.2502   -7.3220   12.0622   -9.1900  -18.7528  -11.1407
   -1.2107    0.0126    3.8700   31.0448    0.1542  -39.7630
eta,q 0.97336 11.02665
  0.0280  0.0277  0.0272  0.0276  0.0276  0.0277  0.0278  0.0283  0.0275  0.0277  0.0270  0.0273
  0.0272  0.0271  0.0269  0.0271  0.0271  0.0271  0.0272  0.0274  0.0270  0.0271  0.0268  0.0269
  0.0268  0.0268  0.0267  0.0267  0.0268  0.0268  0.0268  0.0268  0.0267  0.0268  0.0267  0.0267
  0.0266  0.0266  0.0266  0.0266  0.0266  0.0266  0.0266  0.0266  0.0266  0.0266  0.0266  0.0266
  0.0268  0.0268  0.0267  0.0268  0.0267  0.0268  0.0268  0.0268  0.0267  0.0267  0.0267  0.0267
  0.0272  0.0271  0.0269  0.0271  0.0271  0.0271  0.0272  0.0273  0.0270  0.0271  0.0268  0.0269
  0.0280  0.0277  0.0273  0.0276  0.0277  0.0277  0.0278  0.0282  0.0275  0.0276  0.0270  0.0273
niter,ni,del,rscale     3    3    5.0000    0.6000
parameters
   -2.2440   -7.3097   12.0456   -9.2230  -18.7498  -11.1453
   -1.2309    0.0398    3.8610   31.1026    0.0981  -39.7519
eta,q 0.97336 11.02594
  0.0276  0.0274  0.0271  0.0273  0.0274  0.0274  0.0275  0.0278  0.0273  0.0274  0.0269  0.0271
  0.0271  0.0270  0.0268  0.0269  0.0270  0.0270  0.0270  0.0272  0.0269  0.0270  0.0268  0.0269
  0.0268  0.0267  0.0267  0.0267  0.0268  0.0267  0.0267  0.0268  0.0267  0.0268  0.0267  0.0267
  0.0266  0.0266  0.0266  0.0266  0.0266  0.0266  0.0266  0.0266  0.0266  0.0266  0.0266  0.0266
  0.0268  0.0267  0.0267  0.0267  0.0267  0.0267  0.0268  0.0268  0.0267  0.0267  0.0267  0.0267
  0.0271  0.0270  0.0269  0.0270  0.0270  0.0270  0.0271  0.0272  0.0269  0.0270  0.0268  0.0268
  0.0276  0.0274  0.0271  0.0273  0.0274  0.0274  0.0275  0.0278  0.0272  0.0274  0.0269  0.0271
niter,ni,del,rscale     2    3    5.0000    0.5000
parameters
   -2.2383   -7.3012   12.0405   -9.2704  -18.7424  -11.1441
   -1.2469    0.0636    3.8440   31.1460    0.0300  -39.7513
eta,q 0.97336 11.02477
  0.0273  0.0272  0.0270  0.0271  0.0272  0.0272  0.0273  0.0275  0.0271  0.0272  0.0268  0.0270
  0.0269  0.0269  0.0268  0.0269  0.0269  0.0269  0.0269  0.0270  0.0268  0.0269  0.0267  0.0268
  0.0267  0.0267  0.0267  0.0267  0.0267  0.0267  0.0267  0.0267  0.0267  0.0267  0.0267  0.0267
  0.0266  0.0266  0.0266  0.0266  0.0266  0.0266  0.0266  0.0266  0.0266  0.0266  0.0266  0.0266
  0.0267  0.0267  0.0267  0.0267  0.0267  0.0267  0.0267  0.0267  0.0267  0.0267  0.0267  0.0267
  0.0269  0.0269  0.0268  0.0269  0.0269  0.0269  0.0269  0.0270  0.0268  0.0269  0.0267  0.0268
  0.0273  0.0272  0.0270  0.0271  0.0272  0.0272  0.0273  0.0275  0.0271  0.0272  0.0268  0.0270
niter,ni,del,rscale     1    3    5.0000    0.4000
parameters
   -2.2339   -7.2960   12.0353   -9.2764  -18.7264  -11.1277
   -1.2651    0.0910    3.8486   31.1766   -0.0236  -39.7199
eta,q 0.97336 11.02637
  0.0271  0.0270  0.0268  0.0270  0.0270  0.0270  0.0270  0.0272  0.0269  0.0270  0.0268  0.0269
  0.0268  0.0268  0.0267  0.0268  0.0268  0.0268  0.0268  0.0269  0.0268  0.0268  0.0267  0.0267
  0.0267  0.0267  0.0267  0.0267  0.0267  0.0267  0.0267  0.0267  0.0267  0.0267  0.0266  0.0267
  0.0266  0.0266  0.0266  0.0266  0.0266  0.0266  0.0266  0.0266  0.0266  0.0266  0.0266  0.0266
  0.0267  0.0267  0.0267  0.0267  0.0267  0.0267  0.0267  0.0267  0.0267  0.0267  0.0267  0.0267
  0.0268  0.0268  0.0267  0.0268  0.0268  0.0268  0.0268  0.0269  0.0268  0.0268  0.0267  0.0267
  0.0271  0.0270  0.0269  0.0270  0.0270  0.0270  0.0270  0.0272  0.0269  0.0270  0.0268  0.0268
registration optimization eta report
parameter search radius
    0.8000    0.8000    0.8000    2.4000    2.4000    2.4000
    2.4000    2.4000    2.4000    2.4000    2.4000    2.4000
100000*second partial in parameter space
       69.       54.       33.        6.        6.        6.
        7.        9.        5.        6.        2.        4.
  0.0271  0.0270  0.0268  0.0270  0.0270  0.0270  0.0270  0.0272  0.0269  0.0270  0.0268  0.0269
  0.0268  0.0268  0.0267  0.0268  0.0268  0.0268  0.0268  0.0269  0.0268  0.0268  0.0267  0.0267
  0.0267  0.0267  0.0267  0.0267  0.0267  0.0267  0.0267  0.0267  0.0267  0.0267  0.0266  0.0267
  0.0266  0.0266  0.0266  0.0266  0.0266  0.0266  0.0266  0.0266  0.0266  0.0266  0.0266  0.0266
  0.0267  0.0267  0.0267  0.0267  0.0267  0.0267  0.0267  0.0267  0.0267  0.0267  0.0267  0.0267
  0.0268  0.0268  0.0267  0.0268  0.0268  0.0268  0.0268  0.0269  0.0268  0.0268  0.0267  0.0267
  0.0271  0.0270  0.0269  0.0270  0.0270  0.0270  0.0270  0.0272  0.0269  0.0270  0.0268  0.0268
   -2.2339   -7.2960   12.0353   -9.2764  -18.7264  -11.1277
   -1.2651    0.0910    3.8486   31.1766   -0.0236  -39.7199
eta,q 0.97336 11.02637

---------------------------------------------------------------------
imgreg_4dfp /opt/freesurfer/average/711-2C_as_mni_average_305 /opt/freesurfer/average/711-2B_as_mni_average_305_mask talsrcimg_g11 none talsrcimg_to_711-2C_as_mni_average_305_t4 2311
---------------------------------------------------------------------

freesurfer imgreg_4dfp.c
/opt/freesurfer/average/711-2C_as_mni_average_305.4dfp.img
       256       256       256         1
  1.000000  1.000000  1.000000
orientation T byte_order littleendian
Reading image: /opt/freesurfer/average/711-2C_as_mni_average_305.4dfp.img
dimensions:      256       256       256
mmppix:       1.0000   -1.0000   -1.0000
center:     128.0000 -129.0000 -129.0000
/opt/freesurfer/average/711-2B_as_mni_average_305_mask.4dfp.img
       256       256       256         1
  1.000000  1.000000  1.000000
orientation T byte_order littleendian
Reading mask: /opt/freesurfer/average/711-2B_as_mni_average_305_mask.4dfp.img (2306576 pixels)
talsrcimg_g11.4dfp.img
       256       256       256         1
  0.898437  0.898437  0.898437
orientation T byte_order littleendian
Reading image: talsrcimg_g11.4dfp.img
dimensions:      256       256       256
mmppix:       0.8984   -0.8984   -0.8984
center:     114.9999 -115.8984 -115.8984
fimgreg.f
image alignment mode   2311 decimal      907 hex
parameters
   -2.2339   -7.2960   12.0353   -9.2764  -18.7264  -11.1277
   -1.2651    0.0910    3.8486   31.1766   -0.0236  -39.7199
eta,q 0.97336 11.02638
niter,ni,del,rscale     5    3    5.0000    0.8000
parameters
   -2.2292   -7.2766   12.0309   -9.2025  -18.8812  -11.2416
   -1.2467    0.0534    3.8768   31.1346    0.1588  -39.8327
eta,q 0.97336 11.01765
  0.0284  0.0280  0.0275  0.0279  0.0278  0.0279  0.0282  0.0287  0.0277  0.0279  0.0272  0.0274
  0.0274  0.0273  0.0270  0.0272  0.0272  0.0272  0.0273  0.0276  0.0271  0.0272  0.0269  0.0270
  0.0268  0.0268  0.0267  0.0268  0.0268  0.0268  0.0268  0.0269  0.0268  0.0268  0.0267  0.0267
  0.0266  0.0266  0.0266  0.0266  0.0266  0.0266  0.0266  0.0266  0.0266  0.0266  0.0266  0.0266
  0.0268  0.0268  0.0267  0.0268  0.0268  0.0268  0.0268  0.0269  0.0268  0.0268  0.0267  0.0267
  0.0274  0.0272  0.0270  0.0272  0.0273  0.0273  0.0273  0.0276  0.0271  0.0272  0.0269  0.0270
  0.0283  0.0279  0.0275  0.0278  0.0280  0.0281  0.0281  0.0287  0.0277  0.0280  0.0271  0.0275
niter,ni,del,rscale     4    3    5.0000    0.7000
parameters
   -2.2351   -7.2757   12.0121   -9.2240  -18.8487  -11.2258
   -1.2337    0.0353    3.8555   31.1912    0.1306  -39.8352
eta,q 0.97336 11.02033
  0.0280  0.0277  0.0273  0.0276  0.0276  0.0277  0.0278  0.0282  0.0275  0.0277  0.0270  0.0273
  0.0272  0.0271  0.0269  0.0271  0.0272  0.0271  0.0272  0.0274  0.0270  0.0271  0.0268  0.0269
  0.0268  0.0268  0.0267  0.0267  0.0268  0.0268  0.0268  0.0268  0.0267  0.0268  0.0267  0.0267
  0.0266  0.0266  0.0266  0.0266  0.0266  0.0266  0.0266  0.0266  0.0266  0.0266  0.0266  0.0266
  0.0268  0.0268  0.0267  0.0268  0.0267  0.0267  0.0268  0.0268  0.0268  0.0267  0.0267  0.0267
  0.0272  0.0271  0.0269  0.0271  0.0271  0.0271  0.0272  0.0274  0.0270  0.0271  0.0268  0.0269
  0.0280  0.0277  0.0273  0.0276  0.0277  0.0277  0.0278  0.0283  0.0275  0.0276  0.0270  0.0273
niter,ni,del,rscale     3    3    5.0000    0.6000
parameters
   -2.2401   -7.2725   12.0047   -9.2581  -18.8313  -11.2248
   -1.2352    0.0459    3.8511   31.2231    0.0775  -39.8141
eta,q 0.97336 11.01973
  0.0276  0.0274  0.0271  0.0273  0.0274  0.0274  0.0275  0.0278  0.0272  0.0274  0.0269  0.0271
  0.0271  0.0270  0.0268  0.0270  0.0270  0.0270  0.0270  0.0272  0.0269  0.0270  0.0268  0.0269
  0.0267  0.0267  0.0267  0.0267  0.0268  0.0267  0.0267  0.0268  0.0267  0.0267  0.0267  0.0267
  0.0266  0.0266  0.0266  0.0266  0.0266  0.0266  0.0266  0.0266  0.0266  0.0266  0.0266  0.0266
  0.0268  0.0267  0.0267  0.0267  0.0267  0.0267  0.0268  0.0268  0.0267  0.0267  0.0267  0.0267
  0.0271  0.0270  0.0269  0.0270  0.0270  0.0270  0.0270  0.0272  0.0269  0.0270  0.0268  0.0268
  0.0276  0.0274  0.0271  0.0274  0.0274  0.0274  0.0275  0.0278  0.0272  0.0274  0.0269  0.0271
niter,ni,del,rscale     2    3    5.0000    0.5000
parameters
   -2.2385   -7.2746   12.0097   -9.2882  -18.8062  -11.1925
   -1.2517    0.0655    3.8354   31.2285    0.0196  -39.7806
eta,q 0.97336 11.02042
  0.0273  0.0272  0.0270  0.0271  0.0272  0.0272  0.0273  0.0275  0.0271  0.0272  0.0268  0.0270
  0.0269  0.0269  0.0268  0.0269  0.0269  0.0269  0.0269  0.0270  0.0268  0.0269  0.0267  0.0268
  0.0267  0.0267  0.0267  0.0267  0.0267  0.0267  0.0267  0.0267  0.0267  0.0267  0.0267  0.0267
  0.0266  0.0266  0.0266  0.0266  0.0266  0.0266  0.0266  0.0266  0.0266  0.0266  0.0266  0.0266
  0.0267  0.0267  0.0267  0.0267  0.0267  0.0267  0.0267  0.0267  0.0267  0.0267  0.0267  0.0267
  0.0269  0.0269  0.0268  0.0269  0.0269  0.0269  0.0269  0.0270  0.0268  0.0269  0.0267  0.0268
  0.0273  0.0272  0.0270  0.0271  0.0272  0.0272  0.0273  0.0275  0.0271  0.0272  0.0268  0.0270
niter,ni,del,rscale     1    3    5.0000    0.4000
parameters
   -2.2333   -7.2760   12.0173   -9.2996  -18.7713  -11.1676
   -1.2598    0.0871    3.8308   31.2355   -0.0273  -39.7582
eta,q 0.97336 11.02278
  0.0271  0.0270  0.0269  0.0270  0.0270  0.0270  0.0270  0.0272  0.0269  0.0270  0.0268  0.0269
  0.0268  0.0268  0.0267  0.0268  0.0268  0.0268  0.0268  0.0269  0.0268  0.0268  0.0267  0.0267
  0.0267  0.0267  0.0267  0.0267  0.0267  0.0267  0.0267  0.0267  0.0267  0.0267  0.0267  0.0267
  0.0266  0.0266  0.0266  0.0266  0.0266  0.0266  0.0266  0.0266  0.0266  0.0266  0.0266  0.0266
  0.0267  0.0267  0.0267  0.0267  0.0267  0.0267  0.0267  0.0267  0.0267  0.0267  0.0267  0.0267
  0.0268  0.0268  0.0267  0.0268  0.0268  0.0268  0.0268  0.0269  0.0268  0.0268  0.0267  0.0267
  0.0271  0.0270  0.0268  0.0270  0.0270  0.0270  0.0270  0.0272  0.0269  0.0270  0.0268  0.0268
registration optimization eta report
parameter search radius
    0.8000    0.8000    0.8000    2.4000    2.4000    2.4000
    2.4000    2.4000    2.4000    2.4000    2.4000    2.4000
100000*second partial in parameter space
       69.       54.       33.        6.        6.        6.
        7.        9.        5.        6.        2.        4.
  0.0271  0.0270  0.0269  0.0270  0.0270  0.0270  0.0270  0.0272  0.0269  0.0270  0.0268  0.0269
  0.0268  0.0268  0.0267  0.0268  0.0268  0.0268  0.0268  0.0269  0.0268  0.0268  0.0267  0.0267
  0.0267  0.0267  0.0267  0.0267  0.0267  0.0267  0.0267  0.0267  0.0267  0.0267  0.0267  0.0267
  0.0266  0.0266  0.0266  0.0266  0.0266  0.0266  0.0266  0.0266  0.0266  0.0266  0.0266  0.0266
  0.0267  0.0267  0.0267  0.0267  0.0267  0.0267  0.0267  0.0267  0.0267  0.0267  0.0267  0.0267
  0.0268  0.0268  0.0267  0.0268  0.0268  0.0268  0.0268  0.0269  0.0268  0.0268  0.0267  0.0267
  0.0271  0.0270  0.0268  0.0270  0.0270  0.0270  0.0270  0.0272  0.0269  0.0270  0.0268  0.0268
   -2.2333   -7.2760   12.0173   -9.2996  -18.7713  -11.1676
   -1.2598    0.0871    3.8308   31.2355   -0.0273  -39.7582
eta,q 0.97336 11.02278

---------------------------------------------------------------------
compute_vox2vox talsrcimg talsrcimg_to_711-2C_as_mni_average_305_t4 /opt/freesurfer/average/711-2C_as_mni_average_305
---------------------------------------------------------------------

freesurfer compute_vox2vox.c
Reading: talsrcimg.4dfp.ifh
Reading: talsrcimg_to_711-2C_as_mni_average_305_t4
Reading: /opt/freesurfer/average/711-2C_as_mni_average_305.4dfp.ifh
Writing: talsrcimg_to_711-2C_as_mni_average_305_t4_vox2vox.txt

start time Wed Mar 11 04:27:34 CET 2026
end		time Wed Mar 11 04:29:00 CET 2026

mpr2mni305 success

avi2talxfm orig_nu.mgz /opt/freesurfer/average/mni305.cor.mgz talsrcimg_to_711-2C_as_mni_average_305_t4_vox2vox.txt transforms/talairach.auto.xfm
avi2talxfm done
mv -f /out/sourcedata/freesurfer/sub-v2s13x29121_ses-1/mri/talsrcimg_to_711-2C_as_mni_average_305_t4_vox2vox.txt /out/sourcedata/freesurfer/sub-v2s13x29121_ses-1/mri/transforms/talsrcimg_to_711-2C_as_mni_average_305_t4_vox2vox.txt
lta_convert --src orig_nu.mgz --trg /opt/freesurfer/average/mni305.cor.mgz --inxfm transforms/talairach.auto.xfm --outlta transforms/talairach.auto.xfm.lta --subject fsaverage
7.3.2

--src: orig_nu.mgz src image (geometry).
--trg: /opt/freesurfer/average/mni305.cor.mgz trg image (geometry).
--inmni: transforms/talairach.auto.xfm input MNI/XFM transform.
--outlta: transforms/talairach.auto.xfm.lta output LTA.
--s: fsaverage subject name
 LTA read, type : 1
 1.10193  -0.00605   0.01413   0.04820;
-0.01955   0.96053   0.46984  -23.42705;
-0.04445  -0.36907   1.04975  -8.17539;
 0.00000   0.00000   0.00000   1.00000;
setting subject to fsaverage
Writing  LTA to file transforms/talairach.auto.xfm.lta...
lta_convert successful.
 
 
Started at Wed Mar 11 04:27:34 CET 2026
Ended   at Wed Mar 11 04:29:00 CET 2026
talairach_avi done
