/out/sourcedata/freesurfer/sub-v2s13x29115_ses-1/mri
/opt/freesurfer/bin/talairach_avi
--i orig_nu.mgz --xfm transforms/talairach.auto.xfm
talairach_avi 7.3.2
Linux dna052 5.14.0-427.37.1.el9_4.x86_64 #1 SMP PREEMPT_DYNAMIC Fri Sep 13 12:41:50 EDT 2024 x86_64 x86_64 x86_64 GNU/Linux
Wed Mar 11 04:06:24 CET 2026
mri_convert orig_nu.mgz talsrcimg.img 
reading from orig_nu.mgz...
TR=0.00, TE=0.00, TI=0.00, flip angle=0.00
i_ras = (-1, 0, 8.09846e-12)
j_ras = (0, 0, -1)
k_ras = (-1.30588e-10, 1, 8.29282e-09)
writing to talsrcimg.img...
Analyze Output Matrix
-0.89844   0.00000  -0.00000   116.75323;
 0.00000   0.00000   0.89844  -112.61131;
 0.00000  -0.89844   0.00000   149.71152;
 0.00000   0.00000   0.00000   1.00000;
--------------------
INFO: set hdr.hist.orient to -1
mpr2mni305 talsrcimg
Wed Mar 11 04:06:25 CET 2026
/opt/freesurfer/bin/mpr2mni305 talsrcimg
mpr2mni305 7.3.2
target=711-2C_as_mni_average_305

---------------------------------------------------------------------
analyzeto4dfp talsrcimg -O0 -y
---------------------------------------------------------------------

freesurfer ifh2hdr.c
Wed Mar 11 04:06:25 2026
Writing: talsrcimg.4dfp.hdr
freesurfer analyzeto4dfp.c
Reading: talsrcimg.hdr
header size 348 bytes
hdr.dime.datatype	offset=70	value=2
hdr.dime.bitpix		offset=72	value=8
hdr.hist.orient		offset=252	value=-1
dimensionality     4
dimensions       256       256       256         1
Reading: talsrcimg.img
Writing: talsrcimg.4dfp.img
Writing: talsrcimg.4dfp.ifh
ifh2hdr talsrcimg -r0to255
ori=2

---------------------------------------------------------------------
gauss_4dfp talsrcimg 1.1
---------------------------------------------------------------------

freesurfer gauss_4dfp.c
Reading: talsrcimg.4dfp.img
Writing: talsrcimg_g11.4dfp.img
image dimensions 256 256 256 padded to 288 288 288
processing volume 1freesurfer ifh2hdr.c
Wed Mar 11 04:06:27 2026
Writing: talsrcimg_g11.4dfp.hdr

Writing: talsrcimg_g11.4dfp.ifh
including: talsrcimg.4dfp.img.rec in talsrcimg_g11.4dfp.img.rec

---------------------------------------------------------------------
imgreg_4dfp /opt/freesurfer/average/711-2C_as_mni_average_305 none talsrcimg_g11 none talsrcimg_to_711-2C_as_mni_average_305_t4 4355
---------------------------------------------------------------------

freesurfer imgreg_4dfp.c
/opt/freesurfer/average/711-2C_as_mni_average_305.4dfp.img
       256       256       256         1
  1.000000  1.000000  1.000000
orientation T byte_order littleendian
Reading image: /opt/freesurfer/average/711-2C_as_mni_average_305.4dfp.img
dimensions:      256       256       256
mmppix:       1.0000   -1.0000   -1.0000
center:     128.0000 -129.0000 -129.0000
talsrcimg_g11.4dfp.img
       256       256       256         1
  0.898438  0.898438  0.898438
orientation T byte_order littleendian
Reading image: talsrcimg_g11.4dfp.img
dimensions:      256       256       256
mmppix:       0.8984   -0.8984   -0.8984
center:     115.0001 -115.8985 -115.8985
t4_read: open error in t4_sub.f l:  41 t4_file(1:l)talsrcimg_to_711-2C_as_mni_average_305_t4 
t4_read: transform initialized to I4
rotation matrix determinant  1.000000
image alignment mode   4355 decimal     1103 hex
   -7.5000  -45.0000  -45.0000 6458.8838   12.5180
    0.0000  -45.0000  -45.0000 6512.9541   12.5376
    7.5000  -45.0000  -45.0000 6161.5869   12.5315
   -7.5000  -37.5000  -45.0000 6868.7642   13.2978
    0.0000  -37.5000  -45.0000 6933.8369   13.3271
    7.5000  -37.5000  -45.0000 6526.2593   13.3277
   -7.5000  -30.0000  -45.0000 7247.9316   13.6945
    0.0000  -30.0000  -45.0000 7328.3452   13.7315
    7.5000  -30.0000  -45.0000 6887.3877   13.7372
   -7.5000  -22.5000  -45.0000 7708.6826   13.6761
    0.0000  -22.5000  -45.0000 7794.9570   13.7113
    7.5000  -22.5000  -45.0000 7341.6382   13.7158
   -7.5000  -15.0000  -45.0000 8200.8789   13.6812
    0.0000  -15.0000  -45.0000 8279.1748   13.7081
    7.5000  -15.0000  -45.0000 7801.4121   13.7051
   -7.5000   -7.5000  -45.0000 8343.1387   13.7030
    0.0000   -7.5000  -45.0000 8410.1162   13.7230
    7.5000   -7.5000  -45.0000 7927.3853   13.7148
   -7.5000    0.0000  -45.0000 8338.7715   13.7218
    0.0000    0.0000  -45.0000 8399.2744   13.7433
    7.5000    0.0000  -45.0000 7918.6108   13.7366
   -7.5000    7.5000  -45.0000 7951.5303   13.7170
    0.0000    7.5000  -45.0000 8033.4922   13.7473
    7.5000    7.5000  -45.0000 7562.1221   13.7479
   -7.5000   15.0000  -45.0000 7773.7222   13.6945
    0.0000   15.0000  -45.0000 7824.9839   13.7315
    7.5000   15.0000  -45.0000 7378.2104   13.7372
   -7.5000   22.5000  -45.0000 7077.3516   13.4921
    0.0000   22.5000  -45.0000 7110.0884   13.5269
    7.5000   22.5000  -45.0000 6707.0522   13.5313
   -7.5000   30.0000  -45.0000 6429.9619   13.1439
    0.0000   30.0000  -45.0000 6445.9844   13.1696
    7.5000   30.0000  -45.0000 6089.8403   13.1668
   -7.5000   37.5000  -45.0000 5876.0522   12.9046
    0.0000   37.5000  -45.0000 5897.4502   12.9237
    7.5000   37.5000  -45.0000 5577.2642   12.9159
   -7.5000   45.0000  -45.0000 5361.1221   12.8019
    0.0000   45.0000  -45.0000 5370.0210   12.8272
    7.5000   45.0000  -45.0000 5097.4062   12.8248
   -7.5000  -45.0000  -37.5000 7022.4209   13.1568
    0.0000  -45.0000  -37.5000 7085.9160   13.1774
    7.5000  -45.0000  -37.5000 6682.6880   13.1720
   -7.5000  -37.5000  -37.5000 7446.6113   13.9870
    0.0000  -37.5000  -37.5000 7520.5073   14.0161
    7.5000  -37.5000  -37.5000 7076.1763   14.0168
   -7.5000  -30.0000  -37.5000 7851.1108   14.3865
    0.0000  -30.0000  -37.5000 7941.7881   14.4226
    7.5000  -30.0000  -37.5000 7461.7046   14.4298
   -7.5000  -22.5000  -37.5000 8367.6807   14.3700
    0.0000  -22.5000  -37.5000 8456.9326   14.4060
    7.5000  -22.5000  -37.5000 7941.5454   14.4137
   -7.5000  -15.0000  -37.5000 8870.9121   14.3712
    0.0000  -15.0000  -37.5000 8976.0254   14.4000
    7.5000  -15.0000  -37.5000 8412.2695   14.4012
   -7.5000   -7.5000  -37.5000 8986.5010   14.3870
    0.0000   -7.5000  -37.5000 9087.2051   14.4089
    7.5000   -7.5000  -37.5000 8533.6689   14.4035
   -7.5000    0.0000  -37.5000 8946.3467   14.4036
    0.0000    0.0000  -37.5000 9041.9141   14.4261
    7.5000    0.0000  -37.5000 8498.2725   14.4203
   -7.5000    7.5000  -37.5000 8555.4258   14.4026
    0.0000    7.5000  -37.5000 8636.4209   14.4325
    7.5000    7.5000  -37.5000 8114.8799   14.4333
   -7.5000   15.0000  -37.5000 8348.9609   14.3858
    0.0000   15.0000  -37.5000 8412.1143   14.4220
    7.5000   15.0000  -37.5000 7905.9814   14.4291
   -7.5000   22.5000  -37.5000 7568.6289   14.1778
    0.0000   22.5000  -37.5000 7611.9434   14.2134
    7.5000   22.5000  -37.5000 7151.9829   14.2210
   -7.5000   30.0000  -37.5000 6844.7974   13.8165
    0.0000   30.0000  -37.5000 6872.1909   13.8441
    7.5000   30.0000  -37.5000 6483.0493   13.8451
   -7.5000   37.5000  -37.5000 6251.9082   13.5588
    0.0000   37.5000  -37.5000 6296.5127   13.5785
    7.5000   37.5000  -37.5000 5939.4492   13.5725
   -7.5000   45.0000  -37.5000 5700.8398   13.4370
    0.0000   45.0000  -37.5000 5723.7671   13.4622
    7.5000   45.0000  -37.5000 5413.7188   13.4587
   -7.5000  -45.0000  -30.0000 7559.7783   13.7681
    0.0000  -45.0000  -30.0000 7628.9922   13.7853
    7.5000  -45.0000  -30.0000 7179.3921   13.7724
   -7.5000  -37.5000  -30.0000 8020.9741   14.6413
    0.0000  -37.5000  -30.0000 8087.9668   14.6674
    7.5000  -37.5000  -30.0000 7606.0542   14.6589
   -7.5000  -30.0000  -30.0000 8441.2275   15.0438
    0.0000  -30.0000  -30.0000 8521.3213   15.0781
    7.5000  -30.0000  -30.0000 8021.1646   15.0772
   -7.5000  -22.5000  -30.0000 8996.7607   15.0344
    0.0000  -22.5000  -30.0000 9087.1992   15.0698
    7.5000  -22.5000  -30.0000 8525.4482   15.0725
   -7.5000  -15.0000  -30.0000 9535.7549   15.0374
    0.0000  -15.0000  -30.0000 9646.1338   15.0654
    7.5000  -15.0000  -30.0000 9020.2588   15.0625
   -7.5000   -7.5000  -30.0000 9639.8623   15.0476
    0.0000   -7.5000  -30.0000 9741.2412   15.0671
    7.5000   -7.5000  -30.0000 9120.3750   15.0561
   -7.5000    0.0000  -30.0000 9576.5479   15.0572
    0.0000    0.0000  -30.0000 9686.4648   15.0760
    7.5000    0.0000  -30.0000 9063.0420   15.0619
   -7.5000    7.5000  -30.0000 9113.2256   15.0535
    0.0000    7.5000  -30.0000 9213.1318   15.0803
    7.5000    7.5000  -30.0000 8623.9307   15.0716
   -7.5000   15.0000  -30.0000 8890.1670   15.0417
    0.0000   15.0000  -30.0000 8968.5156   15.0760
    7.5000   15.0000  -30.0000 8413.0381   15.0752
   -7.5000   22.5000  -30.0000 8054.2798   14.8341
    0.0000   22.5000  -30.0000 8115.8599   14.8690
    7.5000   22.5000  -30.0000 7621.9839   14.8716
   -7.5000   30.0000  -30.0000 7267.1396   14.4680
    0.0000   30.0000  -30.0000 7321.8940   14.4951
    7.5000   30.0000  -30.0000 6887.0874   14.4922
   -7.5000   37.5000  -30.0000 6648.0791   14.2030
    0.0000   37.5000  -30.0000 6688.9731   14.2198
    7.5000   37.5000  -30.0000 6303.4209   14.2080
   -7.5000   45.0000  -30.0000 6034.7852   14.0703
    0.0000   45.0000  -30.0000 6062.9595   14.0909
    7.5000   45.0000  -30.0000 5720.7910   14.0781
   -7.5000  -45.0000  -22.5000 8072.3677   14.3704
    0.0000  -45.0000  -22.5000 8155.9521   14.3828
    7.5000  -45.0000  -22.5000 7678.6924   14.3595
   -7.5000  -37.5000  -22.5000 8544.6064   15.2828
    0.0000  -37.5000  -22.5000 8630.4170   15.3069
    7.5000  -37.5000  -22.5000 8121.7168   15.2878
   -7.5000  -30.0000  -22.5000 9004.4707   15.6847
    0.0000  -30.0000  -22.5000 9085.9795   15.7197
    7.5000  -30.0000  -22.5000 8551.7158   15.7092
   -7.5000  -22.5000  -22.5000 9574.9639   15.6830
    0.0000  -22.5000  -22.5000 9674.4102   15.7188
    7.5000  -22.5000  -22.5000 9079.1514   15.7124
   -7.5000  -15.0000  -22.500010171.0752   15.6943
    0.0000  -15.0000  -22.500010278.8994   15.7199
    7.5000  -15.0000  -22.5000 9611.6797   15.7074
   -7.5000   -7.5000  -22.500010280.1729   15.7051
    0.0000   -7.5000  -22.500010382.4473   15.7195
    7.5000   -7.5000  -22.5000 9701.4365   15.6979
   -7.5000    0.0000  -22.500010215.6631   15.7069
    0.0000    0.0000  -22.500010319.4346   15.7205
    7.5000    0.0000  -22.5000 9647.3486   15.6951
   -7.5000    7.5000  -22.5000 9668.7793   15.6935
    0.0000    7.5000  -22.5000 9773.6562   15.7182
    7.5000    7.5000  -22.5000 9142.8682   15.6987
   -7.5000   15.0000  -22.5000 9402.5713   15.6810
    0.0000   15.0000  -22.5000 9495.9873   15.7160
    7.5000   15.0000  -22.5000 8900.3486   15.7054
   -7.5000   22.5000  -22.5000 8523.6553   15.4755
    0.0000   22.5000  -22.5000 8606.9229   15.5108
    7.5000   22.5000  -22.5000 8071.8931   15.5045
   -7.5000   30.0000  -22.5000 7705.3091   15.1120
    0.0000   30.0000  -22.5000 7772.2969   15.1367
    7.5000   30.0000  -22.5000 7288.2520   15.1247
   -7.5000   37.5000  -22.5000 7035.3472   14.8475
    0.0000   37.5000  -22.5000 7076.8574   14.8601
    7.5000   37.5000  -22.5000 6658.8569   14.8387
   -7.5000   45.0000  -22.5000 6373.0171   14.7149
    0.0000   45.0000  -22.5000 6418.8394   14.7307
    7.5000   45.0000  -22.5000 6041.1504   14.7076
   -7.5000  -45.0000  -15.0000 8544.5615   14.8720
    0.0000  -45.0000  -15.0000 8625.1055   14.8834
    7.5000  -45.0000  -15.0000 8147.7617   14.8578
   -7.5000  -37.5000  -15.0000 9020.4785   15.8090
    0.0000  -37.5000  -15.0000 9105.7295   15.8342
    7.5000  -37.5000  -15.0000 8609.4297   15.8140
   -7.5000  -30.0000  -15.0000 9536.5596   16.2031
    0.0000  -30.0000  -15.0000 9617.6172   16.2403
    7.5000  -30.0000  -15.0000 9079.3408   16.2275
   -7.5000  -22.5000  -15.000010133.6758   16.1997
    0.0000  -22.5000  -15.000010238.8311   16.2363
    7.5000  -22.5000  -15.0000 9631.2852   16.2251
   -7.5000  -15.0000  -15.000010723.6924   16.2175
    0.0000  -15.0000  -15.000010829.3076   16.2419
    7.5000  -15.0000  -15.000010163.8135   16.2230
   -7.5000   -7.5000  -15.000010868.1455   16.2359
    0.0000   -7.5000  -15.000010971.2002   16.2484
    7.5000   -7.5000  -15.000010259.2139   16.2215
   -7.5000    0.0000  -15.000010827.6689   16.2394
    0.0000    0.0000  -15.000010924.3525   16.2518
    7.5000    0.0000  -15.000010203.7490   16.2239
   -7.5000    7.5000  -15.000010223.1807   16.2181
    0.0000    7.5000  -15.000010300.0859   16.2439
    7.5000    7.5000  -15.0000 9640.5557   16.2232
   -7.5000   15.0000  -15.0000 9918.3584   16.1981
    0.0000   15.0000  -15.0000 9995.0303   16.2353
    7.5000   15.0000  -15.0000 9366.6650   16.2225
   -7.5000   22.5000  -15.0000 8996.7461   15.9878
    0.0000   22.5000  -15.0000 9076.6934   16.0240
    7.5000   22.5000  -15.0000 8505.9619   16.0129
   -7.5000   30.0000  -15.0000 8148.1587   15.6275
    0.0000   30.0000  -15.0000 8209.5098   15.6511
    7.5000   30.0000  -15.0000 7694.8330   15.6330
   -7.5000   37.5000  -15.0000 7436.4956   15.3724
    0.0000   37.5000  -15.0000 7481.0698   15.3844
    7.5000   37.5000  -15.0000 6997.8208   15.3589
   -7.5000   45.0000  -15.0000 6725.9932   15.2469
    0.0000   45.0000  -15.0000 6758.9326   15.2631
    7.5000   45.0000  -15.0000 6336.0059   15.2395
   -7.5000  -45.0000   -7.5000 8775.8213   14.8468
    0.0000  -45.0000   -7.5000 8845.3564   14.8634
    7.5000  -45.0000   -7.5000 8383.8057   14.8462
   -7.5000  -37.5000   -7.5000 9253.4902   15.7849
    0.0000  -37.5000   -7.5000 9321.7686   15.8149
    7.5000  -37.5000   -7.5000 8835.8369   15.8047
   -7.5000  -30.0000   -7.5000 9805.4102   16.1727
    0.0000  -30.0000   -7.5000 9893.8281   16.2132
    7.5000  -30.0000   -7.5000 9353.1670   16.2091
   -7.5000  -22.5000   -7.500010424.0996   16.1601
    0.0000  -22.5000   -7.500010515.6641   16.1985
    7.5000  -22.5000   -7.5000 9930.1562   16.1931
   -7.5000  -15.0000   -7.500010990.6289   16.1747
    0.0000  -15.0000   -7.500011064.0283   16.2011
    7.5000  -15.0000   -7.500010425.2598   16.1869
   -7.5000   -7.5000   -7.500011127.5088   16.1991
    0.0000   -7.5000   -7.500011178.6279   16.2157
    7.5000   -7.5000   -7.500010513.4766   16.1952
   -7.5000    0.0000   -7.500011058.0234   16.2119
    0.0000    0.0000   -7.500011112.5518   16.2301
    7.5000    0.0000   -7.500010424.8623   16.2113
   -7.5000    7.5000   -7.500010419.1406   16.1934
    0.0000    7.5000   -7.500010469.0029   16.2242
    7.5000    7.5000   -7.5000 9819.5469   16.2137
   -7.5000   15.0000   -7.500010121.1230   16.1677
    0.0000   15.0000   -7.500010165.5674   16.2082
    7.5000   15.0000   -7.5000 9520.2461   16.2041
   -7.5000   22.5000   -7.5000 9192.8652   15.9487
    0.0000   22.5000   -7.5000 9262.8438   15.9866
    7.5000   22.5000   -7.5000 8659.7471   15.9813
   -7.5000   30.0000   -7.5000 8346.9355   15.5856
    0.0000   30.0000   -7.5000 8409.3896   15.6111
    7.5000   30.0000   -7.5000 7871.5332   15.5975
   -7.5000   37.5000   -7.5000 7608.6328   15.3357
    0.0000   37.5000   -7.5000 7641.9990   15.3521
    7.5000   37.5000   -7.5000 7156.8940   15.3332
   -7.5000   45.0000   -7.5000 6844.3447   15.2155
    0.0000   45.0000   -7.5000 6875.9912   15.2385
    7.5000   45.0000   -7.5000 6437.9976   15.2252
   -7.5000  -45.0000    0.0000 8840.1338   15.2024
    0.0000  -45.0000    0.0000 8884.3350   15.2258
    7.5000  -45.0000    0.0000 8422.3037   15.2186
   -7.5000  -37.5000    0.0000 9296.3975   16.1655
    0.0000  -37.5000    0.0000 9341.3789   16.2011
    7.5000  -37.5000    0.0000 8879.7217   16.2022
   -7.5000  -30.0000    0.0000 9885.9717   16.5524
    0.0000  -30.0000    0.0000 9962.3105   16.5971
    7.5000  -30.0000    0.0000 9431.9961   16.6044
   -7.5000  -22.5000    0.000010589.2432   16.5305
    0.0000  -22.5000    0.000010696.0264   16.5729
    7.5000  -22.5000    0.000010073.1191   16.5784
   -7.5000  -15.0000    0.000011233.7646   16.5361
    0.0000  -15.0000    0.000011264.0547   16.5680
    7.5000  -15.0000    0.000010617.6455   16.5644
   -7.5000   -7.5000    0.000011318.7559   16.5614
    0.0000   -7.5000    0.000011299.7842   16.5849
    7.5000   -7.5000    0.000010660.9648   16.5749
   -7.5000    0.0000    0.000011189.0068   16.5838
    0.0000    0.0000    0.000011180.8271   16.6093
    7.5000    0.0000    0.000010539.5107   16.6015
   -7.5000    7.5000    0.000010506.9785   16.5728
    0.0000    7.5000    0.000010513.2412   16.6094
    7.5000    7.5000    0.0000 9873.4189   16.6105
   -7.5000   15.0000    0.000010178.5283   16.5466
    0.0000   15.0000    0.000010193.9980   16.5913
    7.5000   15.0000    0.0000 9553.7471   16.5986
   -7.5000   22.5000    0.0000 9229.0488   16.3165
    0.0000   22.5000    0.0000 9266.6836   16.3584
    7.5000   22.5000    0.0000 8682.1426   16.3638
   -7.5000   30.0000    0.0000 8372.2266   15.9428
    0.0000   30.0000    0.0000 8419.6934   15.9734
    7.5000   30.0000    0.0000 7904.6406   15.9699
   -7.5000   37.5000    0.0000 7621.8228   15.6963
    0.0000   37.5000    0.0000 7658.1294   15.7187
    7.5000   37.5000    0.0000 7181.3442   15.7093
   -7.5000   45.0000    0.0000 6845.6904   15.5925
    0.0000   45.0000    0.0000 6866.8052   15.6228
    7.5000   45.0000    0.0000 6429.4727   15.6200
   -7.5000  -45.0000    7.5000 8545.7881   15.2130
    0.0000  -45.0000    7.5000 8592.9961   15.2368
    7.5000  -45.0000    7.5000 8143.3525   15.2309
   -7.5000  -37.5000    7.5000 9004.9375   16.1827
    0.0000  -37.5000    7.5000 9044.2217   16.2164
    7.5000  -37.5000    7.5000 8590.8789   16.2174
   -7.5000  -30.0000    7.5000 9641.8730   16.5769
    0.0000  -30.0000    7.5000 9739.6123   16.6187
    7.5000  -30.0000    7.5000 9163.5957   16.6270
   -7.5000  -22.5000    7.500010453.0527   16.5563
    0.0000  -22.5000    7.500010578.8135   16.5982
    7.5000  -22.5000    7.5000 9888.2227   16.6070
   -7.5000  -15.0000    7.500011130.9131   16.5563
    0.0000  -15.0000    7.500011137.9951   16.5898
    7.5000  -15.0000    7.500010476.9023   16.5912
   -7.5000   -7.5000    7.500011146.8291   16.5745
    0.0000   -7.5000    7.500011109.7695   16.5999
    7.5000   -7.5000    7.500010467.7734   16.5939
   -7.5000    0.0000    7.500010937.8486   16.5953
    0.0000    0.0000    7.500010897.6328   16.6213
    7.5000    0.0000    7.500010251.6846   16.6148
   -7.5000    7.5000    7.500010196.8691   16.5905
    0.0000    7.5000    7.500010173.2305   16.6251
    7.5000    7.5000    7.5000 9546.7539   16.6261
   -7.5000   15.0000    7.5000 9774.0039   16.5711
    0.0000   15.0000    7.5000 9785.8145   16.6128
    7.5000   15.0000    7.5000 9175.5205   16.6211
   -7.5000   22.5000    7.5000 8843.5566   16.3421
    0.0000   22.5000    7.5000 8875.8320   16.3833
    7.5000   22.5000    7.5000 8340.2090   16.3921
   -7.5000   30.0000    7.5000 8023.3330   15.9621
    0.0000   30.0000    7.5000 8072.7876   15.9944
    7.5000   30.0000    7.5000 7582.7437   15.9955
   -7.5000   37.5000    7.5000 7326.7993   15.7092
    0.0000   37.5000    7.5000 7360.2271   15.7322
    7.5000   37.5000    7.5000 6905.7666   15.7254
   -7.5000   45.0000    7.5000 6552.2983   15.6075
    0.0000   45.0000    7.5000 6575.7500   15.6368
    7.5000   45.0000    7.5000 6170.3135   15.6330
   -7.5000  -45.0000   15.0000 8528.7051   15.3049
    0.0000  -45.0000   15.0000 8593.8613   15.3243
    7.5000  -45.0000   15.0000 8098.7148   15.3096
   -7.5000  -37.5000   15.0000 8969.0898   16.2777
    0.0000  -37.5000   15.0000 9065.0908   16.3069
    7.5000  -37.5000   15.0000 8521.8311   16.2972
   -7.5000  -30.0000   15.0000 9557.2744   16.6805
    0.0000  -30.0000   15.0000 9739.5459   16.7187
    7.5000  -30.0000   15.0000 9071.9971   16.7176
   -7.5000  -22.5000   15.000010323.7520   16.6700
    0.0000  -22.5000   15.000010536.1689   16.7095
    7.5000  -22.5000   15.0000 9782.9766   16.7121
   -7.5000  -15.0000   15.000010990.7295   16.6733
    0.0000  -15.0000   15.000011131.3633   16.7046
    7.5000  -15.0000   15.000010398.2715   16.7011
   -7.5000   -7.5000   15.000011035.4316   16.6847
    0.0000   -7.5000   15.000011114.4541   16.7066
    7.5000   -7.5000   15.000010416.8799   16.6941
   -7.5000    0.0000   15.000010895.3457   16.6955
    0.0000    0.0000   15.000010916.2363   16.7166
    7.5000    0.0000   15.000010233.4141   16.7007
   -7.5000    7.5000   15.000010098.3828   16.6879
    0.0000    7.5000   15.000010111.6875   16.7178
    7.5000    7.5000   15.0000 9514.0840   16.7079
   -7.5000   15.0000   15.0000 9630.9268   16.6746
    0.0000   15.0000   15.0000 9646.9219   16.7128
    7.5000   15.0000   15.0000 9105.0186   16.7117
   -7.5000   22.5000   15.0000 8740.5273   16.4543
    0.0000   22.5000   15.0000 8763.5664   16.4933
    7.5000   22.5000   15.0000 8285.3447   16.4958
   -7.5000   30.0000   15.0000 7964.3330   16.0756
    0.0000   30.0000   15.0000 7995.3301   16.1059
    7.5000   30.0000   15.0000 7543.4219   16.1023
   -7.5000   37.5000   15.0000 7263.8862   15.8162
    0.0000   37.5000   15.0000 7293.7109   15.8352
    7.5000   37.5000   15.0000 6871.2437   15.8217
   -7.5000   45.0000   15.0000 6491.7246   15.7102
    0.0000   45.0000   15.0000 6507.4941   15.7335
    7.5000   45.0000   15.0000 6128.9331   15.7189
   -7.5000  -45.0000   22.5000 8054.8662   15.5194
    0.0000  -45.0000   22.5000 8145.2280   15.5331
    7.5000  -45.0000   22.5000 7655.3193   15.5071
   -7.5000  -37.5000   22.5000 8470.4639   16.4982
    0.0000  -37.5000   22.5000 8577.5068   16.5248
    7.5000  -37.5000   22.5000 8074.7178   16.5036
   -7.5000  -30.0000   22.5000 8996.3379   16.9067
    0.0000  -30.0000   22.5000 9133.3594   16.9453
    7.5000  -30.0000   22.5000 8591.6797   16.9335
   -7.5000  -22.5000   22.5000 9608.9971   16.9043
    0.0000  -22.5000   22.5000 9747.4121   16.9438
    7.5000  -22.5000   22.5000 9192.1123   16.9365
   -7.5000  -15.0000   22.500010158.1621   16.9157
    0.0000  -15.0000   22.500010274.4180   16.9439
    7.5000  -15.0000   22.5000 9712.0371   16.9298
   -7.5000   -7.5000   22.500010237.7783   16.9270
    0.0000   -7.5000   22.500010345.8379   16.9429
    7.5000   -7.5000   22.5000 9767.4502   16.9187
   -7.5000    0.0000   22.500010168.2803   16.9295
    0.0000    0.0000   22.500010263.9658   16.9445
    7.5000    0.0000   22.5000 9655.7178   16.9161
   -7.5000    7.5000   22.5000 9498.5361   16.9140
    0.0000    7.5000   22.5000 9580.2334   16.9413
    7.5000    7.5000   22.5000 9024.1445   16.9195
   -7.5000   15.0000   22.5000 9085.8223   16.9007
    0.0000   15.0000   22.5000 9133.7217   16.9393
    7.5000   15.0000   22.5000 8625.1650   16.9275
   -7.5000   22.5000   22.5000 8265.7373   16.6856
    0.0000   22.5000   22.5000 8307.6572   16.7245
    7.5000   22.5000   22.5000 7859.1450   16.7173
   -7.5000   30.0000   22.5000 7515.3936   16.3101
    0.0000   30.0000   22.5000 7545.4316   16.3375
    7.5000   30.0000   22.5000 7143.5581   16.3238
   -7.5000   37.5000   22.5000 6827.2339   16.0494
    0.0000   37.5000   22.5000 6852.8511   16.0634
    7.5000   37.5000   22.5000 6486.6577   16.0393
   -7.5000   45.0000   22.5000 6106.0220   15.9362
    0.0000   45.0000   22.5000 6112.0347   15.9537
    7.5000   45.0000   22.5000 5794.2192   15.9278
   -7.5000  -45.0000   30.0000 7521.5293   15.7444
    0.0000  -45.0000   30.0000 7611.0552   15.7603
    7.5000  -45.0000   30.0000 7174.1616   15.7317
   -7.5000  -37.5000   30.0000 7927.9785   16.7371
    0.0000  -37.5000   30.0000 8034.7144   16.7682
    7.5000  -37.5000   30.0000 7574.0571   16.7455
   -7.5000  -30.0000   30.0000 8419.5596   17.1461
    0.0000  -30.0000   30.0000 8519.8486   17.1906
    7.5000  -30.0000   30.0000 8059.4961   17.1762
   -7.5000  -22.5000   30.0000 8956.6143   17.1421
    0.0000  -22.5000   30.0000 9027.5254   17.1863
    7.5000  -22.5000   30.0000 8575.9893   17.1737
   -7.5000  -15.0000   30.0000 9423.3838   17.1609
    0.0000  -15.0000   30.0000 9492.3135   17.1919
    7.5000  -15.0000   30.0000 9044.9814   17.1707
   -7.5000   -7.5000   30.0000 9503.1396   17.1812
    0.0000   -7.5000   30.0000 9567.3555   17.1990
    7.5000   -7.5000   30.0000 9111.6904   17.1689
   -7.5000    0.0000   30.0000 9453.5771   17.1854
    0.0000    0.0000   30.0000 9522.0068   17.2029
    7.5000    0.0000   30.0000 9040.5527   17.1716
   -7.5000    7.5000   30.0000 8864.9580   17.1618
    0.0000    7.5000   30.0000 8936.8203   17.1936
    7.5000    7.5000   30.0000 8472.7832   17.1704
   -7.5000   15.0000   30.0000 8511.7334   17.1400
    0.0000   15.0000   30.0000 8570.8242   17.1845
    7.5000   15.0000   30.0000 8112.5059   17.1701
   -7.5000   22.5000   30.0000 7774.7798   16.9188
    0.0000   22.5000   30.0000 7829.2598   16.9623
    7.5000   22.5000   30.0000 7404.8994   16.9499
   -7.5000   30.0000   30.0000 7061.0029   16.5501
    0.0000   30.0000   30.0000 7101.1992   16.5800
    7.5000   30.0000   30.0000 6724.2417   16.5598
   -7.5000   37.5000   30.0000 6354.7300   16.2889
    0.0000   37.5000   30.0000 6391.9150   16.3058
    7.5000   37.5000   30.0000 6064.6133   16.2773
   -7.5000   45.0000   30.0000 5672.4951   16.1701
    0.0000   45.0000   30.0000 5692.6465   16.1917
    7.5000   45.0000   30.0000 5412.4180   16.1653
   -7.5000  -45.0000   37.5000 7016.1392   15.8824
    0.0000  -45.0000   37.5000 7111.3081   15.9003
    7.5000  -45.0000   37.5000 6686.9019   15.8843
   -7.5000  -37.5000   37.5000 7400.6929   16.8902
    0.0000  -37.5000   37.5000 7504.4590   16.9220
    7.5000  -37.5000   37.5000 7074.0771   16.9121
   -7.5000  -30.0000   37.5000 7858.6338   17.2817
    0.0000  -30.0000   37.5000 7957.4351   17.3250
    7.5000  -30.0000   37.5000 7512.9697   17.3201
   -7.5000  -22.5000   37.5000 8359.4023   17.2633
    0.0000  -22.5000   37.5000 8438.2412   17.3050
    7.5000  -22.5000   37.5000 7989.5483   17.2987
   -7.5000  -15.0000   37.5000 8783.1299   17.2796
    0.0000  -15.0000   37.5000 8861.8242   17.3090
    7.5000  -15.0000   37.5000 8417.7969   17.2947
   -7.5000   -7.5000   37.5000 8832.5986   17.3112
    0.0000   -7.5000   37.5000 8904.9531   17.3298
    7.5000   -7.5000   37.5000 8474.7832   17.3102
   -7.5000    0.0000   37.5000 8810.0527   17.3295
    0.0000    0.0000   37.5000 8875.7910   17.3491
    7.5000    0.0000   37.5000 8454.5693   17.3315
   -7.5000    7.5000   37.5000 8276.0820   17.3081
    0.0000    7.5000   37.5000 8340.1582   17.3407
    7.5000    7.5000   37.5000 7934.8926   17.3306
   -7.5000   15.0000   37.5000 7927.0015   17.2754
    0.0000   15.0000   37.5000 7986.4790   17.3187
    7.5000   15.0000   37.5000 7588.2812   17.3138
   -7.5000   22.5000   37.5000 7260.8560   17.0354
    0.0000   22.5000   37.5000 7311.3750   17.0765
    7.5000   22.5000   37.5000 6943.2085   17.0703
   -7.5000   30.0000   37.5000 6615.7104   16.6615
    0.0000   30.0000   37.5000 6653.0283   16.6897
    7.5000   30.0000   37.5000 6319.1494   16.6760
   -7.5000   37.5000   37.5000 5931.9473   16.3849
    0.0000   37.5000   37.5000 5964.8721   16.4032
    7.5000   37.5000   37.5000 5675.3677   16.3854
   -7.5000   45.0000   37.5000 5289.3223   16.2469
    0.0000   45.0000   37.5000 5300.8101   16.2727
    7.5000   45.0000   37.5000 5060.4722   16.2618
   -7.5000  -45.0000   45.0000 6517.9917   16.1079
    0.0000  -45.0000   45.0000 6576.2939   16.1235
    7.5000  -45.0000   45.0000 6195.7354   16.1150
   -7.5000  -37.5000   45.0000 6868.7910   17.1420
    0.0000  -37.5000   45.0000 6953.6045   17.1688
    7.5000  -37.5000   45.0000 6556.6973   17.1670
   -7.5000  -30.0000   45.0000 7298.1484   17.5176
    0.0000  -30.0000   45.0000 7385.1011   17.5528
    7.5000  -30.0000   45.0000 6960.9658   17.5567
   -7.5000  -22.5000   45.0000 7748.0679   17.4830
    0.0000  -22.5000   45.0000 7828.7603   17.5166
    7.5000  -22.5000   45.0000 7390.4541   17.5193
   -7.5000  -15.0000   45.0000 8135.2832   17.4889
    0.0000  -15.0000   45.0000 8215.8086   17.5126
    7.5000  -15.0000   45.0000 7781.4712   17.5076
   -7.5000   -7.5000   45.0000 8176.2656   17.5257
    0.0000   -7.5000   45.0000 8252.0840   17.5412
    7.5000   -7.5000   45.0000 7825.4712   17.5304
   -7.5000    0.0000   45.0000 8170.3716   17.5604
    0.0000    0.0000   45.0000 8235.4297   17.5773
    7.5000    0.0000   45.0000 7840.0176   17.5681
   -7.5000    7.5000   45.0000 7698.4561   17.5492
    0.0000    7.5000   45.0000 7762.0024   17.5766
    7.5000    7.5000   45.0000 7384.1406   17.5748
   -7.5000   15.0000   45.0000 7376.9531   17.5110
    0.0000   15.0000   45.0000 7432.8066   17.5463
    7.5000   15.0000   45.0000 7060.3281   17.5501
   -7.5000   22.5000   45.0000 6749.7222   17.2499
    0.0000   22.5000   45.0000 6794.7222   17.2831
    7.5000   22.5000   45.0000 6454.8071   17.2858
   -7.5000   30.0000   45.0000 6158.4868   16.8598
    0.0000   30.0000   45.0000 6183.0962   16.8827
    7.5000   30.0000   45.0000 5873.2305   16.8778
   -7.5000   37.5000   45.0000 5540.2773   16.5540
    0.0000   37.5000   45.0000 5555.6382   16.5682
    7.5000   37.5000   45.0000 5287.7104   16.5576
   -7.5000   45.0000   45.0000 4929.4185   16.4008
    0.0000   45.0000   45.0000 4937.9893   16.4249
    7.5000   45.0000   45.0000 4715.3062   16.4220

---------------------------------------------------------------------
imgreg_4dfp /opt/freesurfer/average/711-2C_as_mni_average_305 /opt/freesurfer/average/711-2B_as_mni_average_305_mask talsrcimg_g11 none talsrcimg_to_711-2C_as_mni_average_305_t4 4355
---------------------------------------------------------------------

freesurfer imgreg_4dfp.c
/opt/freesurfer/average/711-2C_as_mni_average_305.4dfp.img
       256       256       256         1
  1.000000  1.000000  1.000000
orientation T byte_order littleendian
Reading image: /opt/freesurfer/average/711-2C_as_mni_average_305.4dfp.img
dimensions:      256       256       256
mmppix:       1.0000   -1.0000   -1.0000
center:     128.0000 -129.0000 -129.0000
/opt/freesurfer/average/711-2B_as_mni_average_305_mask.4dfp.img
       256       256       256         1
  1.000000  1.000000  1.000000
orientation T byte_order littleendian
Reading mask: /opt/freesurfer/average/711-2B_as_mni_average_305_mask.4dfp.img (2306576 pixels)
talsrcimg_g11.4dfp.img
       256       256       256         1
  0.898438  0.898438  0.898438
orientation T byte_order littleendian
Reading image: talsrcimg_g11.4dfp.img
dimensions:      256       256       256
mmppix:       0.8984   -0.8984   -0.8984
center:     115.0001 -115.8985 -115.8985
rotation matrix determinant  1.000000
image alignment mode   4355 decimal     1103 hex
  -15.0000  -52.5000  -45.0000 1891.0367   14.7368
   -7.5000  -52.5000  -45.0000 1925.6239   14.4737
    0.0000  -52.5000  -45.0000 1936.0200   14.4593
  -15.0000  -45.0000  -45.0000 1987.6512   13.7800
   -7.5000  -45.0000  -45.0000 2021.5488   13.5571
    0.0000  -45.0000  -45.0000 2029.9982   13.5597
  -15.0000  -37.5000  -45.0000 2037.3518   13.0051
   -7.5000  -37.5000  -45.0000 2071.0903   12.7749
    0.0000  -37.5000  -45.0000 2082.4253   12.7845
  -15.0000  -30.0000  -45.0000 2063.2336   12.4379
   -7.5000  -30.0000  -45.0000 2098.2048   12.2188
    0.0000  -30.0000  -45.0000 2113.4258   12.2228
  -15.0000  -22.5000  -45.0000 2072.5620   12.1452
   -7.5000  -22.5000  -45.0000 2103.1104   11.8852
    0.0000  -22.5000  -45.0000 2120.8298   11.8441
  -15.0000  -15.0000  -45.0000 2067.3081   12.1262
   -7.5000  -15.0000  -45.0000 2101.8401   11.8393
    0.0000  -15.0000  -45.0000 2120.6421   11.7656
  -15.0000   -7.5000  -45.0000 2055.8489   12.3447
   -7.5000   -7.5000  -45.0000 2092.4114   12.0323
    0.0000   -7.5000  -45.0000 2109.4727   11.9884
  -15.0000    0.0000  -45.0000 2018.4791   12.8395
   -7.5000    0.0000  -45.0000 2059.8608   12.5456
    0.0000    0.0000  -45.0000 2077.7927   12.4754
  -15.0000    7.5000  -45.0000 1968.3286   13.5739
   -7.5000    7.5000  -45.0000 2006.9290   13.2855
    0.0000    7.5000  -45.0000 2030.9126   13.1972
  -15.0000   15.0000  -45.0000 1901.0709   14.5727
   -7.5000   15.0000  -45.0000 1940.5114   14.2286
    0.0000   15.0000  -45.0000 1957.2178   14.1577
  -15.0000   22.5000  -45.0000 1818.0177   15.9380
   -7.5000   22.5000  -45.0000 1855.4161   15.5355
    0.0000   22.5000  -45.0000 1872.5942   15.4252
  -15.0000   30.0000  -45.0000 1719.1588   17.7734
   -7.5000   30.0000  -45.0000 1751.3602   17.3738
    0.0000   30.0000  -45.0000 1765.0095   17.2195
  -15.0000   37.5000  -45.0000 1590.3350   20.1389
   -7.5000   37.5000  -45.0000 1620.9438   19.7292
    0.0000   37.5000  -45.0000 1642.2310   19.5283
  -15.0000  -52.5000  -37.5000 2038.8993   14.5392
   -7.5000  -52.5000  -37.5000 2078.3792   14.2795
    0.0000  -52.5000  -37.5000 2091.3796   14.2606
  -15.0000  -45.0000  -37.5000 2143.0100   13.5898
   -7.5000  -45.0000  -37.5000 2184.2424   13.3181
    0.0000  -45.0000  -37.5000 2194.7930   13.3202
  -15.0000  -37.5000  -37.5000 2199.0789   12.7941
   -7.5000  -37.5000  -37.5000 2238.7271   12.5425
    0.0000  -37.5000  -37.5000 2254.1895   12.5496
  -15.0000  -30.0000  -37.5000 2230.7585   12.2352
   -7.5000  -30.0000  -37.5000 2266.5183   11.9947
    0.0000  -30.0000  -37.5000 2285.8372   11.9988
  -15.0000  -22.5000  -37.5000 2240.4888   11.9550
   -7.5000  -22.5000  -37.5000 2278.9885   11.6981
    0.0000  -22.5000  -37.5000 2297.3862   11.6710
  -15.0000  -15.0000  -37.5000 2234.8545   11.9223
   -7.5000  -15.0000  -37.5000 2274.9121   11.6520
    0.0000  -15.0000  -37.5000 2295.5381   11.6306
  -15.0000   -7.5000  -37.5000 2219.3621   12.1118
   -7.5000   -7.5000  -37.5000 2258.1921   11.8336
    0.0000   -7.5000  -37.5000 2283.0195   11.8279
  -15.0000    0.0000  -37.5000 2180.3508   12.5813
   -7.5000    0.0000  -37.5000 2221.1294   12.3002
    0.0000    0.0000  -37.5000 2244.6406   12.2596
  -15.0000    7.5000  -37.5000 2127.9617   13.2566
   -7.5000    7.5000  -37.5000 2174.1592   12.9739
    0.0000    7.5000  -37.5000 2195.4392   12.9279
  -15.0000   15.0000  -37.5000 2050.6804   14.2193
   -7.5000   15.0000  -37.5000 2096.7932   13.9057
    0.0000   15.0000  -37.5000 2116.8745   13.8538
  -15.0000   22.5000  -37.5000 1959.8766   15.5602
   -7.5000   22.5000  -37.5000 2001.0353   15.1915
    0.0000   22.5000  -37.5000 2018.9307   15.1294
  -15.0000   30.0000  -37.5000 1855.5710   17.3321
   -7.5000   30.0000  -37.5000 1888.9644   16.9526
    0.0000   30.0000  -37.5000 1905.6798   16.8453
  -15.0000   37.5000  -37.5000 1720.7352   19.5363
   -7.5000   37.5000  -37.5000 1752.1873   19.1771
    0.0000   37.5000  -37.5000 1776.6615   19.0548
  -15.0000  -52.5000  -30.0000 2166.1726   14.2943
   -7.5000  -52.5000  -30.0000 2209.7380   14.0058
    0.0000  -52.5000  -30.0000 2228.4885   14.0092
  -15.0000  -45.0000  -30.0000 2271.4387   13.2911
   -7.5000  -45.0000  -30.0000 2317.9973   13.0084
    0.0000  -45.0000  -30.0000 2335.7871   12.9942
  -15.0000  -37.5000  -30.0000 2336.9468   12.4718
   -7.5000  -37.5000  -30.0000 2385.0698   12.2170
    0.0000  -37.5000  -30.0000 2401.2351   12.1820
  -15.0000  -30.0000  -30.0000 2378.0176   11.9437
   -7.5000  -30.0000  -30.0000 2414.5999   11.6664
    0.0000  -30.0000  -30.0000 2437.8354   11.6463
  -15.0000  -22.5000  -30.0000 2393.8821   11.6349
   -7.5000  -22.5000  -30.0000 2437.8965   11.3989
    0.0000  -22.5000  -30.0000 2462.5530   11.3649
  -15.0000  -15.0000  -30.0000 2392.4429   11.5917
   -7.5000  -15.0000  -30.0000 2440.6331   11.3670
    0.0000  -15.0000  -30.0000 2465.7947   11.3547
  -15.0000   -7.5000  -30.0000 2372.7429   11.7973
   -7.5000   -7.5000  -30.0000 2422.3325   11.5689
    0.0000   -7.5000  -30.0000 2447.8591   11.5547
  -15.0000    0.0000  -30.0000 2330.9480   12.2683
   -7.5000    0.0000  -30.0000 2385.5532   11.9908
    0.0000    0.0000  -30.0000 2414.1760   11.9451
  -15.0000    7.5000  -30.0000 2280.7297   12.9034
   -7.5000    7.5000  -30.0000 2331.5520   12.6302
    0.0000    7.5000  -30.0000 2358.4270   12.5829
  -15.0000   15.0000  -30.0000 2195.4272   13.8313
   -7.5000   15.0000  -30.0000 2248.0469   13.5083
    0.0000   15.0000  -30.0000 2270.4783   13.4519
  -15.0000   22.5000  -30.0000 2088.5015   15.0958
   -7.5000   22.5000  -30.0000 2142.7744   14.7401
    0.0000   22.5000  -30.0000 2160.9155   14.6720
  -15.0000   30.0000  -30.0000 1978.7416   16.7677
   -7.5000   30.0000  -30.0000 2019.5437   16.4069
    0.0000   30.0000  -30.0000 2039.7933   16.2938
  -15.0000   37.5000  -30.0000 1836.5236   18.9222
   -7.5000   37.5000  -30.0000 1877.2673   18.5197
    0.0000   37.5000  -30.0000 1896.6978   18.3660
  -15.0000  -52.5000  -22.5000 2263.5601   13.9298
   -7.5000  -52.5000  -22.5000 2307.0100   13.6238
    0.0000  -52.5000  -22.5000 2329.8594   13.5737
  -15.0000  -45.0000  -22.5000 2373.4204   12.8917
   -7.5000  -45.0000  -22.5000 2423.5054   12.5977
    0.0000  -45.0000  -22.5000 2446.5623   12.5614
  -15.0000  -37.5000  -22.5000 2449.1975   12.0565
   -7.5000  -37.5000  -22.5000 2497.7192   11.7861
    0.0000  -37.5000  -22.5000 2518.4797   11.7549
  -15.0000  -30.0000  -22.5000 2494.9580   11.4867
   -7.5000  -30.0000  -22.5000 2538.1558   11.2288
    0.0000  -30.0000  -22.5000 2563.2175   11.1874
  -15.0000  -22.5000  -22.5000 2523.5410   11.1795
   -7.5000  -22.5000  -22.5000 2570.1780   10.9359
    0.0000  -22.5000  -22.5000 2599.5234   10.9172
  -15.0000  -15.0000  -22.5000 2533.2720   11.1276
   -7.5000  -15.0000  -22.5000 2590.6462   10.8993
    0.0000  -15.0000  -22.5000 2617.5322   10.8921
  -15.0000   -7.5000  -22.5000 2515.0679   11.3692
   -7.5000   -7.5000  -22.5000 2573.7393   11.1359
    0.0000   -7.5000  -22.5000 2604.0723   11.1114
  -15.0000    0.0000  -22.5000 2476.1243   11.8242
   -7.5000    0.0000  -22.5000 2534.9451   11.5626
    0.0000    0.0000  -22.5000 2568.2290   11.4966
  -15.0000    7.5000  -22.5000 2419.1514   12.4169
   -7.5000    7.5000  -22.5000 2471.8108   12.1522
    0.0000    7.5000  -22.5000 2504.2227   12.1100
  -15.0000   15.0000  -22.5000 2327.9944   13.2922
   -7.5000   15.0000  -22.5000 2382.4580   12.9889
    0.0000   15.0000  -22.5000 2409.9180   12.9582
  -15.0000   22.5000  -22.5000 2209.4214   14.5102
   -7.5000   22.5000  -22.5000 2268.2209   14.1924
    0.0000   22.5000  -22.5000 2288.8003   14.1131
  -15.0000   30.0000  -22.5000 2087.4368   16.1409
   -7.5000   30.0000  -22.5000 2134.7097   15.7740
    0.0000   30.0000  -22.5000 2156.6072   15.6569
  -15.0000   37.5000  -22.5000 1936.9956   18.1687
   -7.5000   37.5000  -22.5000 1980.5325   17.7685
    0.0000   37.5000  -22.5000 1996.0472   17.6649
  -15.0000  -52.5000  -15.0000 2324.6965   13.5012
   -7.5000  -52.5000  -15.0000 2370.7546   13.1437
    0.0000  -52.5000  -15.0000 2392.6096   13.0749
  -15.0000  -45.0000  -15.0000 2443.8833   12.4507
   -7.5000  -45.0000  -15.0000 2492.4048   12.1377
    0.0000  -45.0000  -15.0000 2518.5134   12.0666
  -15.0000  -37.5000  -15.0000 2530.1230   11.5755
   -7.5000  -37.5000  -15.0000 2576.8523   11.3017
    0.0000  -37.5000  -15.0000 2602.8367   11.2362
  -15.0000  -30.0000  -15.0000 2583.6438   11.0070
   -7.5000  -30.0000  -15.0000 2635.2019   10.7333
    0.0000  -30.0000  -15.0000 2662.7969   10.6875
  -15.0000  -22.5000  -15.0000 2618.8496   10.6755
   -7.5000  -22.5000  -15.0000 2677.7671   10.4129
    0.0000  -22.5000  -15.0000 2710.4583   10.3981
  -15.0000  -15.0000  -15.0000 2643.9944   10.6045
   -7.5000  -15.0000  -15.0000 2702.3765   10.3439
    0.0000  -15.0000  -15.0000 2735.4885   10.3150
  -15.0000   -7.5000  -15.0000 2629.6833   10.8518
   -7.5000   -7.5000  -15.0000 2695.7302   10.5943
    0.0000   -7.5000  -15.0000 2730.0767   10.5562
  -15.0000    0.0000  -15.0000 2588.8740   11.2725
   -7.5000    0.0000  -15.0000 2656.8889   11.0283
    0.0000    0.0000  -15.0000 2688.0259   10.9757
  -15.0000    7.5000  -15.0000 2528.3357   11.8620
   -7.5000    7.5000  -15.0000 2589.4038   11.6030
    0.0000    7.5000  -15.0000 2617.3357   11.5842
  -15.0000   15.0000  -15.0000 2431.4470   12.6947
   -7.5000   15.0000  -15.0000 2487.8108   12.3984
    0.0000   15.0000  -15.0000 2515.1418   12.3862
  -15.0000   22.5000  -15.0000 2307.3577   13.8611
   -7.5000   22.5000  -15.0000 2360.2227   13.5650
    0.0000   22.5000  -15.0000 2382.8511   13.5059
  -15.0000   30.0000  -15.0000 2176.8452   15.4575
   -7.5000   30.0000  -15.0000 2227.1895   15.1100
    0.0000   30.0000  -15.0000 2241.9170   15.0237
  -15.0000   37.5000  -15.0000 2015.6448   17.4150
   -7.5000   37.5000  -15.0000 2059.0669   17.0139
    0.0000   37.5000  -15.0000 2070.9976   16.9042
  -15.0000  -52.5000   -7.5000 2345.6897   13.0381
   -7.5000  -52.5000   -7.5000 2396.5652   12.6492
    0.0000  -52.5000   -7.5000 2412.3916   12.5539
  -15.0000  -45.0000   -7.5000 2470.0925   12.0141
   -7.5000  -45.0000   -7.5000 2524.6604   11.6487
    0.0000  -45.0000   -7.5000 2548.0591   11.5765
  -15.0000  -37.5000   -7.5000 2569.9678   11.1356
   -7.5000  -37.5000   -7.5000 2622.2412   10.8068
    0.0000  -37.5000   -7.5000 2649.4644   10.7448
  -15.0000  -30.0000   -7.5000 2643.9216   10.5218
   -7.5000  -30.0000   -7.5000 2703.3337   10.2465
    0.0000  -30.0000   -7.5000 2736.2266   10.1778
  -15.0000  -22.5000   -7.5000 2690.4126   10.2066
   -7.5000  -22.5000   -7.5000 2757.1438    9.9292
    0.0000  -22.5000   -7.5000 2794.6384    9.8787
  -15.0000  -15.0000   -7.5000 2725.0701   10.1137
   -7.5000  -15.0000   -7.5000 2792.9348    9.8186
    0.0000  -15.0000   -7.5000 2829.6836    9.7570
  -15.0000   -7.5000   -7.5000 2712.2847   10.3472
   -7.5000   -7.5000   -7.5000 2784.9951   10.0606
    0.0000   -7.5000   -7.5000 2814.7327    9.9950
  -15.0000    0.0000   -7.5000 2664.5149   10.7385
   -7.5000    0.0000   -7.5000 2734.6082   10.4616
    0.0000    0.0000   -7.5000 2761.6707   10.4077
  -15.0000    7.5000   -7.5000 2591.6597   11.3145
   -7.5000    7.5000   -7.5000 2654.7439   11.0279
    0.0000    7.5000   -7.5000 2681.6438   10.9865
  -15.0000   15.0000   -7.5000 2488.4553   12.1239
   -7.5000   15.0000   -7.5000 2547.9946   11.8002
    0.0000   15.0000   -7.5000 2572.5020   11.7821
  -15.0000   22.5000   -7.5000 2365.2603   13.2704
   -7.5000   22.5000   -7.5000 2413.2405   12.9390
    0.0000   22.5000   -7.5000 2438.3586   12.9038
  -15.0000   30.0000   -7.5000 2224.4626   14.8022
   -7.5000   30.0000   -7.5000 2277.7156   14.4321
    0.0000   30.0000   -7.5000 2299.7607   14.3732
  -15.0000   37.5000   -7.5000 2053.3142   16.6798
   -7.5000   37.5000   -7.5000 2102.4927   16.2607
    0.0000   37.5000   -7.5000 2115.7280   16.1520
  -15.0000  -52.5000    0.0000 2354.7502   12.8134
   -7.5000  -52.5000    0.0000 2408.3838   12.4159
    0.0000  -52.5000    0.0000 2428.4314   12.3200
  -15.0000  -45.0000    0.0000 2486.2542   11.7959
   -7.5000  -45.0000    0.0000 2546.4453   11.4284
    0.0000  -45.0000    0.0000 2568.1248   11.3273
  -15.0000  -37.5000    0.0000 2596.4189   10.9280
   -7.5000  -37.5000    0.0000 2657.2087   10.5796
    0.0000  -37.5000    0.0000 2684.5740   10.4796
  -15.0000  -30.0000    0.0000 2685.7375   10.3103
   -7.5000  -30.0000    0.0000 2759.6125    9.9961
    0.0000  -30.0000    0.0000 2793.2524    9.9101
  -15.0000  -22.5000    0.0000 2756.0984    9.9835
   -7.5000  -22.5000    0.0000 2832.1404    9.6941
    0.0000  -22.5000    0.0000 2880.2986    9.6156
  -15.0000  -15.0000    0.0000 2797.8831    9.9130
   -7.5000  -15.0000    0.0000 2885.8633    9.6088
    0.0000  -15.0000    0.0000 2927.4553    9.5000
  -15.0000   -7.5000    0.0000 2786.7092   10.1330
   -7.5000   -7.5000    0.0000 2869.2297    9.8225
    0.0000   -7.5000    0.0000 2899.9575    9.7082
  -15.0000    0.0000    0.0000 2725.3254   10.5003
   -7.5000    0.0000    0.0000 2801.1365   10.1926
    0.0000    0.0000    0.0000 2828.1516   10.0992
  -15.0000    7.5000    0.0000 2644.9282   11.0406
   -7.5000    7.5000    0.0000 2710.7324   10.7280
    0.0000    7.5000    0.0000 2737.6387   10.6494
  -15.0000   15.0000    0.0000 2535.3464   11.8603
   -7.5000   15.0000    0.0000 2593.1460   11.5352
    0.0000   15.0000    0.0000 2622.5928   11.4721
  -15.0000   22.5000    0.0000 2404.2778   13.0066
   -7.5000   22.5000    0.0000 2451.6533   12.6882
    0.0000   22.5000    0.0000 2477.4802   12.6324
  -15.0000   30.0000    0.0000 2258.3455   14.5057
   -7.5000   30.0000    0.0000 2312.6960   14.1503
    0.0000   30.0000    0.0000 2338.9170   14.0916
  -15.0000   37.5000    0.0000 2082.5627   16.3171
   -7.5000   37.5000    0.0000 2130.8755   15.9027
    0.0000   37.5000    0.0000 2156.0964   15.7979
  -15.0000  -52.5000    7.5000 2343.3540   12.7148
   -7.5000  -52.5000    7.5000 2396.1719   12.2729
    0.0000  -52.5000    7.5000 2416.3591   12.1841
  -15.0000  -45.0000    7.5000 2484.2070   11.6942
   -7.5000  -45.0000    7.5000 2541.9568   11.2797
    0.0000  -45.0000    7.5000 2563.8264   11.1768
  -15.0000  -37.5000    7.5000 2601.8530   10.8206
   -7.5000  -37.5000    7.5000 2666.2456   10.4609
    0.0000  -37.5000    7.5000 2691.8176   10.3556
  -15.0000  -30.0000    7.5000 2699.0918   10.2259
   -7.5000  -30.0000    7.5000 2775.3889    9.9188
    0.0000  -30.0000    7.5000 2809.4260    9.8255
  -15.0000  -22.5000    7.5000 2783.1479    9.9034
   -7.5000  -22.5000    7.5000 2867.9927    9.6611
    0.0000  -22.5000    7.5000 2921.6560    9.5727
  -15.0000  -15.0000    7.5000 2834.2590    9.8380
   -7.5000  -15.0000    7.5000 2944.2209    9.5826
    0.0000  -15.0000    7.5000 2990.5393    9.4674
  -15.0000   -7.5000    7.5000 2816.7078   10.0108
   -7.5000   -7.5000    7.5000 2925.4150    9.7013
    0.0000   -7.5000    7.5000 2961.3799    9.5817
  -15.0000    0.0000    7.5000 2750.8240   10.3431
   -7.5000    0.0000    7.5000 2837.2190    9.9959
    0.0000    0.0000    7.5000 2860.9482    9.8923
  -15.0000    7.5000    7.5000 2666.1602   10.8521
   -7.5000    7.5000    7.5000 2733.1790   10.5358
    0.0000    7.5000    7.5000 2753.2944   10.4553
  -15.0000   15.0000    7.5000 2549.2451   11.6696
   -7.5000   15.0000    7.5000 2603.4167   11.3549
    0.0000   15.0000    7.5000 2632.4297   11.2702
  -15.0000   22.5000    7.5000 2416.8540   12.8024
   -7.5000   22.5000    7.5000 2463.5259   12.5036
    0.0000   22.5000    7.5000 2486.9509   12.4528
  -15.0000   30.0000    7.5000 2265.6716   14.2784
   -7.5000   30.0000    7.5000 2315.4683   13.9629
    0.0000   30.0000    7.5000 2343.8574   13.9146
  -15.0000   37.5000    7.5000 2095.5493   16.0268
   -7.5000   37.5000    7.5000 2142.4106   15.6503
    0.0000   37.5000    7.5000 2166.4827   15.5966
  -15.0000  -52.5000   15.0000 2322.0864   12.8150
   -7.5000  -52.5000   15.0000 2379.5122   12.3394
    0.0000  -52.5000   15.0000 2401.1130   12.2870
  -15.0000  -45.0000   15.0000 2465.2588   11.7900
   -7.5000  -45.0000   15.0000 2526.0625   11.3726
    0.0000  -45.0000   15.0000 2544.5796   11.3051
  -15.0000  -37.5000   15.0000 2582.4363   10.9215
   -7.5000  -37.5000   15.0000 2645.9849   10.5459
    0.0000  -37.5000   15.0000 2672.5481   10.4997
  -15.0000  -30.0000   15.0000 2689.3167   10.2931
   -7.5000  -30.0000   15.0000 2758.0007   10.0036
    0.0000  -30.0000   15.0000 2790.0217    9.9615
  -15.0000  -22.5000   15.0000 2781.2153    9.9287
   -7.5000  -22.5000   15.0000 2864.2722    9.7075
    0.0000  -22.5000   15.0000 2909.2148    9.6924
  -15.0000  -15.0000   15.0000 2832.9128    9.8701
   -7.5000  -15.0000   15.0000 2939.7859    9.6149
    0.0000  -15.0000   15.0000 2979.8711    9.5666
  -15.0000   -7.5000   15.0000 2810.9243   10.0353
   -7.5000   -7.5000   15.0000 2915.4902    9.7273
    0.0000   -7.5000   15.0000 2948.4995    9.6610
  -15.0000    0.0000   15.0000 2748.7874   10.3706
   -7.5000    0.0000   15.0000 2843.1743   10.0431
    0.0000    0.0000   15.0000 2862.6199    9.9746
  -15.0000    7.5000   15.0000 2658.9954   10.8832
   -7.5000    7.5000   15.0000 2727.8162   10.5645
    0.0000    7.5000   15.0000 2747.1306   10.4968
  -15.0000   15.0000   15.0000 2539.0933   11.6940
   -7.5000   15.0000   15.0000 2592.9487   11.3569
    0.0000   15.0000   15.0000 2615.1714   11.2757
  -15.0000   22.5000   15.0000 2405.7798   12.8069
   -7.5000   22.5000   15.0000 2458.7493   12.4563
    0.0000   22.5000   15.0000 2476.9487   12.3959
  -15.0000   30.0000   15.0000 2255.9734   14.2473
   -7.5000   30.0000   15.0000 2307.9019   13.8731
    0.0000   30.0000   15.0000 2329.3921   13.8230
  -15.0000   37.5000   15.0000 2089.3428   15.9157
   -7.5000   37.5000   15.0000 2132.1233   15.5262
    0.0000   37.5000   15.0000 2153.2375   15.4954
  -15.0000  -52.5000   22.5000 2295.5991   13.1722
   -7.5000  -52.5000   22.5000 2352.6277   12.7149
    0.0000  -52.5000   22.5000 2372.0984   12.6674
  -15.0000  -45.0000   22.5000 2435.1726   12.1154
   -7.5000  -45.0000   22.5000 2490.2476   11.7128
    0.0000  -45.0000   22.5000 2514.2166   11.6715
  -15.0000  -37.5000   22.5000 2549.9238   11.2289
   -7.5000  -37.5000   22.5000 2611.2026   10.8552
    0.0000  -37.5000   22.5000 2636.5188   10.8126
  -15.0000  -30.0000   22.5000 2654.6223   10.5735
   -7.5000  -30.0000   22.5000 2722.6663   10.2599
    0.0000  -30.0000   22.5000 2750.7168   10.2317
  -15.0000  -22.5000   22.5000 2744.8206   10.1913
   -7.5000  -22.5000   22.5000 2820.4700    9.9055
    0.0000  -22.5000   22.5000 2856.6602    9.8766
  -15.0000  -15.0000   22.5000 2792.5364   10.0998
   -7.5000  -15.0000   22.5000 2878.5471    9.7822
    0.0000  -15.0000   22.5000 2912.4717    9.7243
  -15.0000   -7.5000   22.5000 2777.2065   10.2385
   -7.5000   -7.5000   22.5000 2854.7131    9.9336
    0.0000   -7.5000   22.5000 2885.1985    9.8776
  -15.0000    0.0000   22.5000 2713.5432   10.5785
   -7.5000    0.0000   22.5000 2791.0027   10.2903
    0.0000    0.0000   22.5000 2814.8071   10.2556
  -15.0000    7.5000   22.5000 2622.4624   11.1338
   -7.5000    7.5000   22.5000 2687.6394   10.8498
    0.0000    7.5000   22.5000 2709.1089   10.8164
  -15.0000   15.0000   22.5000 2508.4597   11.8961
   -7.5000   15.0000   22.5000 2562.5947   11.5965
    0.0000   15.0000   22.5000 2581.0405   11.5551
  -15.0000   22.5000   22.5000 2375.9258   12.9826
   -7.5000   22.5000   22.5000 2431.1504   12.6261
    0.0000   22.5000   22.5000 2448.1899   12.5617
  -15.0000   30.0000   22.5000 2234.3047   14.3546
   -7.5000   30.0000   22.5000 2282.9578   13.9580
    0.0000   30.0000   22.5000 2301.5586   13.8643
  -15.0000   37.5000   22.5000 2067.2563   15.9451
   -7.5000   37.5000   22.5000 2104.0491   15.5312
    0.0000   37.5000   22.5000 2123.3843   15.4337
  -15.0000  -52.5000   30.0000 2264.4978   13.6887
   -7.5000  -52.5000   30.0000 2318.6575   13.2495
    0.0000  -52.5000   30.0000 2336.1411   13.2159
  -15.0000  -45.0000   30.0000 2397.1194   12.6171
   -7.5000  -45.0000   30.0000 2448.8098   12.1998
    0.0000  -45.0000   30.0000 2475.4636   12.1621
  -15.0000  -37.5000   30.0000 2510.7104   11.7254
   -7.5000  -37.5000   30.0000 2570.1079   11.3241
    0.0000  -37.5000   30.0000 2599.6975   11.2755
  -15.0000  -30.0000   30.0000 2610.9333   11.0442
   -7.5000  -30.0000   30.0000 2679.1262   10.6919
    0.0000  -30.0000   30.0000 2708.2898   10.6418
  -15.0000  -22.5000   30.0000 2685.3550   10.6346
   -7.5000  -22.5000   30.0000 2762.3977   10.2805
    0.0000  -22.5000   30.0000 2792.2693   10.2043
  -15.0000  -15.0000   30.0000 2722.6689   10.5062
   -7.5000  -15.0000   30.0000 2797.3350   10.1477
    0.0000  -15.0000   30.0000 2827.0701   10.0700
  -15.0000   -7.5000   30.0000 2713.1016   10.6238
   -7.5000   -7.5000   30.0000 2780.6262   10.3042
    0.0000   -7.5000   30.0000 2809.3958   10.2222
  -15.0000    0.0000   30.0000 2655.4978   10.9603
   -7.5000    0.0000   30.0000 2720.0310   10.6596
    0.0000    0.0000   30.0000 2746.9370   10.5974
  -15.0000    7.5000   30.0000 2567.4294   11.5082
   -7.5000    7.5000   30.0000 2623.8965   11.2228
    0.0000    7.5000   30.0000 2648.8584   11.1812
  -15.0000   15.0000   30.0000 2455.9834   12.2482
   -7.5000   15.0000   30.0000 2509.3311   11.9585
    0.0000   15.0000   30.0000 2529.7769   11.9478
  -15.0000   22.5000   30.0000 2333.3376   13.2949
   -7.5000   22.5000   30.0000 2384.5667   12.9380
    0.0000   22.5000   30.0000 2405.6670   12.9276
  -15.0000   30.0000   30.0000 2202.5115   14.6317
   -7.5000   30.0000   30.0000 2241.5520   14.2479
    0.0000   30.0000   30.0000 2261.7776   14.1941
  -15.0000   37.5000   30.0000 2029.3186   16.2096
   -7.5000   37.5000   30.0000 2057.8767   15.8102
    0.0000   37.5000   30.0000 2076.9507   15.6974
  -15.0000  -52.5000   37.5000 2221.9011   14.3937
   -7.5000  -52.5000   37.5000 2275.5293   13.9239
    0.0000  -52.5000   37.5000 2294.3684   13.8810
  -15.0000  -45.0000   37.5000 2351.5703   13.3031
   -7.5000  -45.0000   37.5000 2406.7520   12.8361
    0.0000  -45.0000   37.5000 2432.4348   12.8013
  -15.0000  -37.5000   37.5000 2461.5293   12.3474
   -7.5000  -37.5000   37.5000 2524.5798   11.9293
    0.0000  -37.5000   37.5000 2550.0657   11.8809
  -15.0000  -30.0000   37.5000 2552.5391   11.6276
   -7.5000  -30.0000   37.5000 2621.3386   11.2606
    0.0000  -30.0000   37.5000 2649.1655   11.1963
  -15.0000  -22.5000   37.5000 2613.7495   11.2245
   -7.5000  -22.5000   37.5000 2686.5183   10.8367
    0.0000  -22.5000   37.5000 2714.9832   10.7650
  -15.0000  -15.0000   37.5000 2649.2622   11.0650
   -7.5000  -15.0000   37.5000 2712.9766   10.6872
    0.0000  -15.0000   37.5000 2736.5698   10.6276
  -15.0000   -7.5000   37.5000 2633.2092   11.1499
   -7.5000   -7.5000   37.5000 2692.8765   10.8013
    0.0000   -7.5000   37.5000 2717.7056   10.7343
  -15.0000    0.0000   37.5000 2580.6248   11.4980
   -7.5000    0.0000   37.5000 2632.6606   11.1561
    0.0000    0.0000   37.5000 2655.8091   11.0934
  -15.0000    7.5000   37.5000 2496.2839   12.0610
   -7.5000    7.5000   37.5000 2543.0244   11.7164
    0.0000    7.5000   37.5000 2569.2183   11.6508
  -15.0000   15.0000   37.5000 2387.5469   12.7505
   -7.5000   15.0000   37.5000 2434.8582   12.4160
    0.0000   15.0000   37.5000 2459.8269   12.3806
  -15.0000   22.5000   37.5000 2281.7715   13.7676
   -7.5000   22.5000   37.5000 2321.5647   13.4072
    0.0000   22.5000   37.5000 2344.4604   13.3699
  -15.0000   30.0000   37.5000 2150.7500   15.0948
   -7.5000   30.0000   37.5000 2184.4690   14.7286
    0.0000   30.0000   37.5000 2206.4890   14.6997
  -15.0000   37.5000   37.5000 1981.8849   16.6951
   -7.5000   37.5000   37.5000 2002.0242   16.3090
    0.0000   37.5000   37.5000 2023.8611   16.2483
  -15.0000  -52.5000   45.0000 2155.6887   15.1968
   -7.5000  -52.5000   45.0000 2207.7578   14.7009
    0.0000  -52.5000   45.0000 2220.7837   14.6619
  -15.0000  -45.0000   45.0000 2279.2908   14.0305
   -7.5000  -45.0000   45.0000 2340.2927   13.5882
    0.0000  -45.0000   45.0000 2354.4336   13.5188
  -15.0000  -37.5000   45.0000 2382.7075   13.0553
   -7.5000  -37.5000   45.0000 2443.1885   12.6506
    0.0000  -37.5000   45.0000 2465.4995   12.5876
  -15.0000  -30.0000   45.0000 2464.4746   12.3334
   -7.5000  -30.0000   45.0000 2529.4709   11.9449
    0.0000  -30.0000   45.0000 2555.7866   11.8963
  -15.0000  -22.5000   45.0000 2517.1743   11.9021
   -7.5000  -22.5000   45.0000 2579.0786   11.5107
    0.0000  -22.5000   45.0000 2603.4089   11.4627
  -15.0000  -15.0000   45.0000 2540.6851   11.6983
   -7.5000  -15.0000   45.0000 2596.9900   11.3341
    0.0000  -15.0000   45.0000 2617.1787   11.2813
  -15.0000   -7.5000   45.0000 2521.9436   11.7516
   -7.5000   -7.5000   45.0000 2579.1548   11.4137
    0.0000   -7.5000   45.0000 2597.8635   11.3561
  -15.0000    0.0000   45.0000 2479.4880   12.0966
   -7.5000    0.0000   45.0000 2523.9500   11.7504
    0.0000    0.0000   45.0000 2542.0461   11.7071
  -15.0000    7.5000   45.0000 2404.5518   12.6396
   -7.5000    7.5000   45.0000 2443.5676   12.2632
    0.0000    7.5000   45.0000 2464.8599   12.2336
  -15.0000   15.0000   45.0000 2306.1160   13.3531
   -7.5000   15.0000   45.0000 2344.9705   12.9778
    0.0000   15.0000   45.0000 2366.3987   12.9316
  -15.0000   22.5000   45.0000 2198.1223   14.2922
   -7.5000   22.5000   45.0000 2235.0493   13.9386
    0.0000   22.5000   45.0000 2255.2349   13.8829
  -15.0000   30.0000   45.0000 2071.5691   15.6444
   -7.5000   30.0000   45.0000 2104.0986   15.2939
    0.0000   30.0000   45.0000 2122.2310   15.2357
  -15.0000   37.5000   45.0000 1910.2437   17.3066
   -7.5000   37.5000   45.0000 1930.0065   16.9290
    0.0000   37.5000   45.0000 1947.8467   16.8514

---------------------------------------------------------------------
imgreg_4dfp /opt/freesurfer/average/711-2C_as_mni_average_305 /opt/freesurfer/average/711-2B_as_mni_average_305_mask talsrcimg_g11 none talsrcimg_to_711-2C_as_mni_average_305_t4 1283
---------------------------------------------------------------------

freesurfer imgreg_4dfp.c
/opt/freesurfer/average/711-2C_as_mni_average_305.4dfp.img
       256       256       256         1
  1.000000  1.000000  1.000000
orientation T byte_order littleendian
Reading image: /opt/freesurfer/average/711-2C_as_mni_average_305.4dfp.img
dimensions:      256       256       256
mmppix:       1.0000   -1.0000   -1.0000
center:     128.0000 -129.0000 -129.0000
/opt/freesurfer/average/711-2B_as_mni_average_305_mask.4dfp.img
       256       256       256         1
  1.000000  1.000000  1.000000
orientation T byte_order littleendian
Reading mask: /opt/freesurfer/average/711-2B_as_mni_average_305_mask.4dfp.img (2306576 pixels)
talsrcimg_g11.4dfp.img
       256       256       256         1
  0.898438  0.898438  0.898438
orientation T byte_order littleendian
Reading image: talsrcimg_g11.4dfp.img
dimensions:      256       256       256
mmppix:       0.8984   -0.8984   -0.8984
center:     115.0001 -115.8985 -115.8985
rotation matrix determinant  1.000000
fimgreg.f
image alignment mode   1283 decimal      503 hex
parameters
    0.0000  -15.0000    7.5000    0.0000    0.0000    0.0000
eta,q 0.93761  9.46721
niter,ni,del,rscale     5    3   12.0000    1.2000
parameters
   -0.9201  -13.6904   10.3113   -2.2542    0.6648   -1.3578
eta,q 0.94183  9.49446
  0.0712  0.0742  0.0736  0.0604  0.0660  0.0616
  0.0662  0.0677  0.0696  0.0580  0.0628  0.0594
  0.0627  0.0639  0.0655  0.0580  0.0595  0.0583
  0.0614  0.0615  0.0612  0.0592  0.0580  0.0580
  0.0648  0.0614  0.0594  0.0608  0.0588  0.0595
  0.0711  0.0631  0.0597  0.0626  0.0606  0.0632
  0.0804  0.0663  0.0628  0.0660  0.0633  0.0682
niter,ni,del,rscale     4    3   12.0000    1.2000
parameters
   -1.3005  -12.1463    9.6815   -3.7067    1.3217   -2.0963
eta,q 0.94421  9.52038
  0.0698  0.0732  0.0655  0.0605  0.0647  0.0610
  0.0638  0.0666  0.0607  0.0571  0.0609  0.0579
  0.0592  0.0613  0.0577  0.0558  0.0578  0.0561
  0.0582  0.0581  0.0574  0.0573  0.0560  0.0558
  0.0600  0.0574  0.0594  0.0596  0.0564  0.0569
  0.0655  0.0591  0.0636  0.0614  0.0586  0.0602
  0.0738  0.0634  0.0696  0.0642  0.0619  0.0646
niter,ni,del,rscale     3    3   12.0000    1.2000
parameters
   -1.8249  -11.0239    9.2350   -5.2455    1.9078   -2.6762
eta,q 0.94522  9.51814
  0.0684  0.0715  0.0651  0.0587  0.0641  0.0602
  0.0618  0.0648  0.0598  0.0564  0.0601  0.0569
  0.0565  0.0588  0.0565  0.0551  0.0568  0.0550
  0.0558  0.0555  0.0554  0.0554  0.0549  0.0548
  0.0588  0.0560  0.0577  0.0580  0.0554  0.0557
  0.0650  0.0587  0.0625  0.0607  0.0577  0.0587
  0.0737  0.0632  0.0679  0.0634  0.0615  0.0628
niter,ni,del,rscale     2    3   12.0000    1.2000
parameters
   -2.1582  -10.1105    8.5965   -6.7873    2.1472   -2.8561
eta,q 0.94590  9.49738
  0.0688  0.0711  0.0641  0.0575  0.0624  0.0602
  0.0613  0.0637  0.0586  0.0552  0.0582  0.0568
  0.0561  0.0574  0.0553  0.0542  0.0552  0.0547
  0.0548  0.0547  0.0545  0.0544  0.0541  0.0541
  0.0574  0.0550  0.0570  0.0564  0.0548  0.0549
  0.0636  0.0579  0.0624  0.0595  0.0572  0.0572
  0.0722  0.0638  0.0686  0.0630  0.0613  0.0611
niter,ni,del,rscale     1    3   12.0000    1.2000
parameters
   -2.1917   -9.5503    8.0736   -7.5715    2.1220   -2.7414
eta,q 0.94625  9.48082
  0.0693  0.0700  0.0628  0.0584  0.0613  0.0605
  0.0608  0.0629  0.0584  0.0557  0.0569  0.0573
  0.0556  0.0572  0.0546  0.0542  0.0543  0.0550
  0.0541  0.0541  0.0538  0.0537  0.0538  0.0538
  0.0562  0.0545  0.0559  0.0552  0.0548  0.0541
  0.0615  0.0587  0.0605  0.0580  0.0573  0.0565
  0.0692  0.0658  0.0669  0.0615  0.0610  0.0605
registration optimization eta report
parameter search radius
    6.0000    6.0000    6.0000    6.0000    6.0000    6.0000
100000*second partial in parameter space
       42.       38.       30.       17.       21.       19.
  0.0693  0.0700  0.0628  0.0584  0.0613  0.0605
  0.0608  0.0629  0.0584  0.0557  0.0569  0.0573
  0.0556  0.0572  0.0546  0.0542  0.0543  0.0550
  0.0541  0.0541  0.0538  0.0537  0.0538  0.0538
  0.0562  0.0545  0.0559  0.0552  0.0548  0.0541
  0.0615  0.0587  0.0605  0.0580  0.0573  0.0565
  0.0692  0.0658  0.0669  0.0615  0.0610  0.0605
   -2.1917   -9.5503    8.0736   -7.5715    2.1220   -2.7414
eta,q 0.94625  9.48082

---------------------------------------------------------------------
imgreg_4dfp /opt/freesurfer/average/711-2C_as_mni_average_305 /opt/freesurfer/average/711-2B_as_mni_average_305_mask talsrcimg_g11 none talsrcimg_to_711-2C_as_mni_average_305_t4 3335
---------------------------------------------------------------------

freesurfer imgreg_4dfp.c
/opt/freesurfer/average/711-2C_as_mni_average_305.4dfp.img
       256       256       256         1
  1.000000  1.000000  1.000000
orientation T byte_order littleendian
Reading image: /opt/freesurfer/average/711-2C_as_mni_average_305.4dfp.img
dimensions:      256       256       256
mmppix:       1.0000   -1.0000   -1.0000
center:     128.0000 -129.0000 -129.0000
/opt/freesurfer/average/711-2B_as_mni_average_305_mask.4dfp.img
       256       256       256         1
  1.000000  1.000000  1.000000
orientation T byte_order littleendian
Reading mask: /opt/freesurfer/average/711-2B_as_mni_average_305_mask.4dfp.img (2306576 pixels)
talsrcimg_g11.4dfp.img
       256       256       256         1
  0.898438  0.898438  0.898438
orientation T byte_order littleendian
Reading image: talsrcimg_g11.4dfp.img
dimensions:      256       256       256
mmppix:       0.8984   -0.8984   -0.8984
center:     115.0001 -115.8985 -115.8985
fimgreg.f
image alignment mode   3335 decimal      D07 hex
parameters
   -2.1917   -9.5503    8.0736   -0.1829   -1.0087   -0.9399
    5.2284   -3.0360   -4.7795   13.3368    3.7027  -13.1673
eta,q 0.94727  9.48900
niter,ni,del,rscale     5    3    5.0000    1.2000
parameter  4  2.407197 ->  0.500000 qaram    1.1500
parameter  5  3.203780 ->  0.500000 qaram    1.1500
parameter  6  0.776389 ->  0.500000 qaram    1.1500
parameter 12 -0.935109 -> -0.500000 qaram    1.1500
parameters
   -2.1189   -9.0925    7.8443   -4.3229   -5.1487   -5.0799
    4.2725   -2.4611   -3.1938   12.9042    0.9444   -9.0273
eta,q 0.96229  9.06805
  0.0559  0.0553  0.0542  0.0448  0.0384  0.0391  0.0417  0.0450  0.0424  0.0423  0.0393  0.0427
  0.0542  0.0541  0.0532  0.0469  0.0408  0.0392  0.0402  0.0423  0.0409  0.0406  0.0389  0.0412
  0.0531  0.0532  0.0527  0.0496  0.0439  0.0399  0.0394  0.0402  0.0398  0.0394  0.0388  0.0399
  0.0527  0.0527  0.0526  0.0526  0.0476  0.0416  0.0393  0.0392  0.0392  0.0390  0.0390  0.0388
  0.0530  0.0526  0.0530  0.0559  0.0514  0.0445  0.0400  0.0395  0.0391  0.0396  0.0395  0.0380
  0.0539  0.0530  0.0538  0.0599  0.0556  0.0485  0.0414  0.0410  0.0395  0.0411  0.0402  0.0377
  0.0555  0.0540  0.0549  0.0644  0.0601  0.0533  0.0433  0.0436  0.0405  0.0432  0.0412  0.0377
niter,ni,del,rscale     7    3    5.0000    1.2000
parameter  4  1.002991 ->  0.500000 qaram    1.3225
parameter  5  1.179347 ->  0.500000 qaram    1.3225
parameter  6  0.511965 ->  0.500000 qaram    1.3225
parameters
   -1.9674   -9.0142    7.8913   -9.0839   -9.9097   -9.8409
    4.3868   -2.2340   -3.0806   11.4081    0.1337   -7.9838
eta,q 0.97008  8.46999
  0.0425  0.0412  0.0401  0.0344  0.0300  0.0305  0.0340  0.0358  0.0328  0.0324  0.0310  0.0326
  0.0400  0.0394  0.0388  0.0344  0.0306  0.0302  0.0321  0.0330  0.0315  0.0308  0.0303  0.0313
  0.0384  0.0382  0.0380  0.0354  0.0321  0.0304  0.0308  0.0310  0.0306  0.0300  0.0300  0.0304
  0.0377  0.0377  0.0377  0.0377  0.0345  0.0309  0.0302  0.0302  0.0302  0.0302  0.0300  0.0300
  0.0380  0.0380  0.0379  0.0409  0.0378  0.0324  0.0307  0.0308  0.0305  0.0312  0.0302  0.0300
  0.0393  0.0390  0.0387  0.0443  0.0418  0.0350  0.0319  0.0325  0.0313  0.0329  0.0308  0.0306
  0.0414  0.0408  0.0399  0.0483  0.0461  0.0391  0.0338  0.0352  0.0327  0.0353  0.0315  0.0316
niter,ni,del,rscale     7    3    5.0000    1.2000
parameter  5  0.526150 ->  0.500000 qaram    1.5209
parameters
   -1.8404   -8.9946    8.0293  -13.2640  -15.3849  -10.7285
    4.0615   -2.1275   -3.4541   11.4912    1.1219   -7.6603
eta,q 0.97205  7.96089
  0.0353  0.0336  0.0322  0.0304  0.0292  0.0320  0.0313  0.0338  0.0302  0.0318  0.0296  0.0304
  0.0325  0.0316  0.0310  0.0296  0.0282  0.0296  0.0294  0.0309  0.0289  0.0298  0.0288  0.0291
  0.0306  0.0303  0.0302  0.0294  0.0282  0.0281  0.0283  0.0288  0.0282  0.0285  0.0282  0.0283
  0.0299  0.0299  0.0299  0.0299  0.0294  0.0281  0.0280  0.0280  0.0280  0.0280  0.0280  0.0280
  0.0303  0.0303  0.0301  0.0316  0.0317  0.0290  0.0286  0.0286  0.0284  0.0284  0.0280  0.0282
  0.0318  0.0316  0.0307  0.0349  0.0349  0.0307  0.0299  0.0306  0.0293  0.0297  0.0283  0.0289
  0.0343  0.0335  0.0317  0.0386  0.0390  0.0336  0.0319  0.0336  0.0306  0.0316  0.0289  0.0300
niter,ni,del,rscale     7    3    5.0000    1.2000
parameters
   -1.7972   -8.8782    8.2731  -13.9091  -15.4605  -10.6725
    3.9559   -2.1011   -3.8227   11.5155    1.4332   -7.4417
eta,q 0.97209  7.92738
  0.0327  0.0317  0.0304  0.0313  0.0336  0.0328  0.0315  0.0337  0.0301  0.0316  0.0293  0.0302
  0.0302  0.0297  0.0291  0.0291  0.0307  0.0302  0.0295  0.0308  0.0288  0.0296  0.0285  0.0290
  0.0286  0.0284  0.0283  0.0281  0.0287  0.0284  0.0283  0.0287  0.0281  0.0284  0.0281  0.0282
  0.0280  0.0279  0.0279  0.0279  0.0279  0.0279  0.0279  0.0279  0.0279  0.0279  0.0279  0.0279
  0.0284  0.0283  0.0281  0.0284  0.0285  0.0286  0.0284  0.0286  0.0283  0.0284  0.0280  0.0282
  0.0299  0.0293  0.0286  0.0298  0.0306  0.0300  0.0297  0.0306  0.0292  0.0296  0.0284  0.0289
  0.0324  0.0310  0.0295  0.0325  0.0340  0.0327  0.0316  0.0337  0.0305  0.0316  0.0290  0.0300
niter,ni,del,rscale     6    3    5.0000    1.2000
parameters
   -1.7900   -8.8642    8.2882  -13.9448  -15.5064  -10.7139
    3.9572   -2.1033   -3.9230   11.4994    1.5159   -7.4149
eta,q 0.97209  7.92172
  0.0325  0.0314  0.0300  0.0318  0.0336  0.0327  0.0316  0.0337  0.0303  0.0316  0.0292  0.0301
  0.0300  0.0294  0.0288  0.0295  0.0307  0.0302  0.0296  0.0308  0.0290  0.0296  0.0285  0.0289
  0.0285  0.0283  0.0281  0.0282  0.0287  0.0284  0.0283  0.0287  0.0281  0.0283  0.0280  0.0281
  0.0279  0.0279  0.0279  0.0279  0.0279  0.0279  0.0279  0.0279  0.0279  0.0279  0.0279  0.0279
  0.0284  0.0283  0.0282  0.0283  0.0285  0.0286  0.0284  0.0286  0.0282  0.0284  0.0281  0.0282
  0.0300  0.0295  0.0288  0.0295  0.0305  0.0301  0.0297  0.0307  0.0291  0.0297  0.0285  0.0289
  0.0325  0.0312  0.0298  0.0319  0.0339  0.0328  0.0315  0.0337  0.0304  0.0316  0.0291  0.0300
niter,ni,del,rscale     5    3    5.0000    1.2000
parameters
   -1.7880   -8.8605    8.2834  -13.9543  -15.5152  -10.7332
    3.9580   -2.1051   -3.9552   11.4992    1.5316   -7.4142
eta,q 0.97209  7.92006
  0.0325  0.0313  0.0299  0.0318  0.0336  0.0327  0.0316  0.0337  0.0303  0.0316  0.0292  0.0301
  0.0300  0.0294  0.0288  0.0295  0.0308  0.0302  0.0296  0.0308  0.0290  0.0296  0.0285  0.0289
  0.0284  0.0283  0.0281  0.0282  0.0287  0.0284  0.0283  0.0287  0.0282  0.0283  0.0280  0.0281
  0.0279  0.0279  0.0279  0.0279  0.0279  0.0279  0.0279  0.0279  0.0279  0.0279  0.0279  0.0279
  0.0284  0.0283  0.0282  0.0283  0.0285  0.0286  0.0284  0.0286  0.0282  0.0284  0.0281  0.0282
  0.0300  0.0295  0.0288  0.0295  0.0305  0.0301  0.0297  0.0307  0.0291  0.0296  0.0285  0.0289
  0.0325  0.0312  0.0299  0.0318  0.0339  0.0328  0.0315  0.0337  0.0303  0.0316  0.0291  0.0301
registration optimization eta report
parameter search radius
    2.4000    2.4000    2.4000    9.5220   10.9503    9.5220
    7.2000    7.2000    7.2000    7.2000    7.2000    8.2800
100000*second partial in parameter space
       79.       58.       34.        4.        5.        5.
        7.       11.        5.        7.        2.        3.
  0.0325  0.0313  0.0299  0.0318  0.0336  0.0327  0.0316  0.0337  0.0303  0.0316  0.0292  0.0301
  0.0300  0.0294  0.0288  0.0295  0.0308  0.0302  0.0296  0.0308  0.0290  0.0296  0.0285  0.0289
  0.0284  0.0283  0.0281  0.0282  0.0287  0.0284  0.0283  0.0287  0.0282  0.0283  0.0280  0.0281
  0.0279  0.0279  0.0279  0.0279  0.0279  0.0279  0.0279  0.0279  0.0279  0.0279  0.0279  0.0279
  0.0284  0.0283  0.0282  0.0283  0.0285  0.0286  0.0284  0.0286  0.0282  0.0284  0.0281  0.0282
  0.0300  0.0295  0.0288  0.0295  0.0305  0.0301  0.0297  0.0307  0.0291  0.0296  0.0285  0.0289
  0.0325  0.0312  0.0299  0.0318  0.0339  0.0328  0.0315  0.0337  0.0303  0.0316  0.0291  0.0301
   -1.7880   -8.8605    8.2834  -13.9543  -15.5152  -10.7332
    3.9580   -2.1051   -3.9552   11.4992    1.5316   -7.4142
eta,q 0.97209  7.92006

---------------------------------------------------------------------
imgreg_4dfp /opt/freesurfer/average/711-2C_as_mni_average_305 /opt/freesurfer/average/711-2B_as_mni_average_305_mask talsrcimg_g11 none talsrcimg_to_711-2C_as_mni_average_305_t4 2311
---------------------------------------------------------------------

freesurfer imgreg_4dfp.c
/opt/freesurfer/average/711-2C_as_mni_average_305.4dfp.img
       256       256       256         1
  1.000000  1.000000  1.000000
orientation T byte_order littleendian
Reading image: /opt/freesurfer/average/711-2C_as_mni_average_305.4dfp.img
dimensions:      256       256       256
mmppix:       1.0000   -1.0000   -1.0000
center:     128.0000 -129.0000 -129.0000
/opt/freesurfer/average/711-2B_as_mni_average_305_mask.4dfp.img
       256       256       256         1
  1.000000  1.000000  1.000000
orientation T byte_order littleendian
Reading mask: /opt/freesurfer/average/711-2B_as_mni_average_305_mask.4dfp.img (2306576 pixels)
talsrcimg_g11.4dfp.img
       256       256       256         1
  0.898438  0.898438  0.898438
orientation T byte_order littleendian
Reading image: talsrcimg_g11.4dfp.img
dimensions:      256       256       256
mmppix:       0.8984   -0.8984   -0.8984
center:     115.0001 -115.8985 -115.8985
fimgreg.f
image alignment mode   2311 decimal      907 hex
parameters
   -1.7880   -8.8605    8.2834  -13.9543  -15.5152  -10.7332
    3.9580   -2.1051   -3.9552   11.4992    1.5316   -7.4142
eta,q 0.97209  7.92006
niter,ni,del,rscale     5    3    5.0000    0.8000
parameters
   -1.7795   -8.8912    8.2427  -14.1607  -15.2010  -10.9478
    3.9068   -2.0542   -4.0212   11.3934    1.4909   -7.4834
eta,q 0.97213  7.91437
  0.0300  0.0294  0.0288  0.0287  0.0293  0.0291  0.0296  0.0308  0.0290  0.0295  0.0284  0.0286
  0.0289  0.0285  0.0283  0.0282  0.0286  0.0284  0.0286  0.0292  0.0284  0.0286  0.0281  0.0282
  0.0281  0.0280  0.0280  0.0279  0.0281  0.0279  0.0281  0.0282  0.0280  0.0281  0.0279  0.0279
  0.0279  0.0279  0.0279  0.0279  0.0279  0.0279  0.0279  0.0279  0.0279  0.0279  0.0279  0.0279
  0.0281  0.0281  0.0280  0.0280  0.0280  0.0281  0.0281  0.0282  0.0280  0.0281  0.0279  0.0280
  0.0288  0.0287  0.0283  0.0283  0.0283  0.0286  0.0287  0.0291  0.0284  0.0287  0.0281  0.0282
  0.0300  0.0295  0.0288  0.0288  0.0290  0.0293  0.0296  0.0307  0.0290  0.0297  0.0284  0.0287
niter,ni,del,rscale     4    3    5.0000    0.7000
parameters
   -1.7721   -8.9070    8.1695  -14.1809  -15.1545  -11.1242
    3.9044   -2.0366   -4.0266   11.3634    1.4943   -7.5287
eta,q 0.97214  7.90771
  0.0295  0.0290  0.0285  0.0285  0.0288  0.0289  0.0292  0.0301  0.0287  0.0292  0.0283  0.0285
  0.0286  0.0284  0.0281  0.0281  0.0283  0.0282  0.0285  0.0289  0.0282  0.0285  0.0280  0.0281
  0.0281  0.0280  0.0279  0.0279  0.0280  0.0279  0.0280  0.0281  0.0280  0.0280  0.0279  0.0279
  0.0279  0.0279  0.0279  0.0279  0.0279  0.0279  0.0279  0.0279  0.0279  0.0279  0.0279  0.0279
  0.0280  0.0280  0.0280  0.0280  0.0280  0.0281  0.0280  0.0281  0.0280  0.0280  0.0279  0.0279
  0.0286  0.0284  0.0282  0.0281  0.0283  0.0284  0.0285  0.0289  0.0283  0.0285  0.0281  0.0281
  0.0295  0.0291  0.0286  0.0285  0.0288  0.0290  0.0292  0.0301  0.0287  0.0292  0.0283  0.0285
niter,ni,del,rscale     3    3    5.0000    0.6000
parameters
   -1.7676   -8.9080    8.1175  -14.2440  -15.1289  -11.2598
    3.8943   -2.0197   -4.0489   11.3515    1.4857   -7.5653
eta,q 0.97215  7.89990
  0.0290  0.0287  0.0283  0.0283  0.0286  0.0286  0.0288  0.0295  0.0285  0.0288  0.0282  0.0283
  0.0284  0.0282  0.0281  0.0280  0.0282  0.0281  0.0283  0.0286  0.0281  0.0283  0.0280  0.0280
  0.0280  0.0280  0.0279  0.0279  0.0279  0.0279  0.0280  0.0280  0.0279  0.0280  0.0279  0.0279
  0.0279  0.0279  0.0279  0.0279  0.0279  0.0279  0.0279  0.0279  0.0278  0.0279  0.0279  0.0279
  0.0280  0.0280  0.0279  0.0279  0.0279  0.0280  0.0280  0.0280  0.0279  0.0280  0.0279  0.0279
  0.0284  0.0283  0.0281  0.0281  0.0282  0.0283  0.0283  0.0286  0.0281  0.0283  0.0280  0.0281
  0.0290  0.0287  0.0284  0.0283  0.0285  0.0287  0.0288  0.0295  0.0285  0.0289  0.0282  0.0283
niter,ni,del,rscale     2    3    5.0000    0.5000
parameters
   -1.7624   -8.9048    8.0762  -14.3026  -15.1165  -11.3789
    3.8897   -2.0135   -4.0631   11.3523    1.5109   -7.6053
eta,q 0.97216  7.89265
  0.0287  0.0285  0.0282  0.0281  0.0283  0.0284  0.0285  0.0290  0.0283  0.0285  0.0281  0.0282
  0.0282  0.0281  0.0280  0.0280  0.0281  0.0281  0.0282  0.0284  0.0280  0.0282  0.0279  0.0280
  0.0279  0.0279  0.0279  0.0279  0.0279  0.0279  0.0279  0.0280  0.0279  0.0279  0.0279  0.0279
  0.0278  0.0279  0.0279  0.0278  0.0278  0.0278  0.0278  0.0278  0.0278  0.0278  0.0278  0.0278
  0.0279  0.0279  0.0279  0.0279  0.0279  0.0279  0.0279  0.0280  0.0279  0.0279  0.0279  0.0279
  0.0282  0.0281  0.0280  0.0280  0.0281  0.0281  0.0282  0.0284  0.0280  0.0282  0.0279  0.0280
  0.0287  0.0285  0.0282  0.0281  0.0283  0.0284  0.0285  0.0290  0.0283  0.0285  0.0281  0.0282
niter,ni,del,rscale     1    3    5.0000    0.4000
parameters
   -1.7620   -8.9001    8.0378  -14.3751  -15.1103  -11.4738
    3.8792   -2.0131   -4.0824   11.3562    1.5237   -7.6248
eta,q 0.97216  7.88532
  0.0284  0.0282  0.0281  0.0280  0.0282  0.0282  0.0283  0.0286  0.0281  0.0283  0.0280  0.0280
  0.0281  0.0280  0.0279  0.0279  0.0280  0.0280  0.0280  0.0282  0.0280  0.0280  0.0279  0.0279
  0.0279  0.0279  0.0279  0.0279  0.0279  0.0279  0.0279  0.0279  0.0279  0.0279  0.0279  0.0279
  0.0278  0.0278  0.0278  0.0278  0.0278  0.0278  0.0278  0.0278  0.0278  0.0278  0.0278  0.0278
  0.0279  0.0279  0.0279  0.0279  0.0279  0.0279  0.0279  0.0279  0.0279  0.0279  0.0279  0.0279
  0.0281  0.0280  0.0280  0.0279  0.0280  0.0280  0.0280  0.0282  0.0280  0.0280  0.0279  0.0279
  0.0284  0.0282  0.0281  0.0280  0.0282  0.0282  0.0283  0.0286  0.0281  0.0283  0.0280  0.0280
registration optimization eta report
parameter search radius
    0.8000    0.8000    0.8000    2.4000    2.4000    2.4000
    2.4000    2.4000    2.4000    2.4000    2.4000    2.4000
100000*second partial in parameter space
       83.       61.       35.        3.        5.        6.
        8.       13.        5.        8.        3.        4.
  0.0284  0.0282  0.0281  0.0280  0.0282  0.0282  0.0283  0.0286  0.0281  0.0283  0.0280  0.0280
  0.0281  0.0280  0.0279  0.0279  0.0280  0.0280  0.0280  0.0282  0.0280  0.0280  0.0279  0.0279
  0.0279  0.0279  0.0279  0.0279  0.0279  0.0279  0.0279  0.0279  0.0279  0.0279  0.0279  0.0279
  0.0278  0.0278  0.0278  0.0278  0.0278  0.0278  0.0278  0.0278  0.0278  0.0278  0.0278  0.0278
  0.0279  0.0279  0.0279  0.0279  0.0279  0.0279  0.0279  0.0279  0.0279  0.0279  0.0279  0.0279
  0.0281  0.0280  0.0280  0.0279  0.0280  0.0280  0.0280  0.0282  0.0280  0.0280  0.0279  0.0279
  0.0284  0.0282  0.0281  0.0280  0.0282  0.0282  0.0283  0.0286  0.0281  0.0283  0.0280  0.0280
   -1.7620   -8.9001    8.0378  -14.3751  -15.1103  -11.4738
    3.8792   -2.0131   -4.0824   11.3562    1.5237   -7.6248
eta,q 0.97216  7.88532

---------------------------------------------------------------------
imgreg_4dfp /opt/freesurfer/average/711-2C_as_mni_average_305 /opt/freesurfer/average/711-2B_as_mni_average_305_mask talsrcimg_g11 none talsrcimg_to_711-2C_as_mni_average_305_t4 2311
---------------------------------------------------------------------

freesurfer imgreg_4dfp.c
/opt/freesurfer/average/711-2C_as_mni_average_305.4dfp.img
       256       256       256         1
  1.000000  1.000000  1.000000
orientation T byte_order littleendian
Reading image: /opt/freesurfer/average/711-2C_as_mni_average_305.4dfp.img
dimensions:      256       256       256
mmppix:       1.0000   -1.0000   -1.0000
center:     128.0000 -129.0000 -129.0000
/opt/freesurfer/average/711-2B_as_mni_average_305_mask.4dfp.img
       256       256       256         1
  1.000000  1.000000  1.000000
orientation T byte_order littleendian
Reading mask: /opt/freesurfer/average/711-2B_as_mni_average_305_mask.4dfp.img (2306576 pixels)
talsrcimg_g11.4dfp.img
       256       256       256         1
  0.898438  0.898438  0.898438
orientation T byte_order littleendian
Reading image: talsrcimg_g11.4dfp.img
dimensions:      256       256       256
mmppix:       0.8984   -0.8984   -0.8984
center:     115.0001 -115.8985 -115.8985
fimgreg.f
image alignment mode   2311 decimal      907 hex
parameters
   -1.7620   -8.9001    8.0378  -14.3751  -15.1103  -11.4738
    3.8792   -2.0131   -4.0824   11.3562    1.5237   -7.6248
eta,q 0.97216  7.88532
niter,ni,del,rscale     5    3    5.0000    0.8000
parameters
   -1.7593   -8.8718    8.0379  -14.1250  -15.1364  -11.2463
    3.9253   -2.0311   -4.0131   11.4415    1.5351   -7.6407
eta,q 0.97215  7.90747
  0.0299  0.0294  0.0288  0.0288  0.0290  0.0294  0.0296  0.0307  0.0290  0.0296  0.0284  0.0287
  0.0288  0.0285  0.0282  0.0282  0.0284  0.0285  0.0287  0.0292  0.0284  0.0287  0.0281  0.0282
  0.0281  0.0280  0.0279  0.0279  0.0280  0.0280  0.0281  0.0282  0.0280  0.0281  0.0279  0.0279
  0.0278  0.0278  0.0278  0.0278  0.0278  0.0278  0.0279  0.0279  0.0279  0.0279  0.0279  0.0279
  0.0281  0.0280  0.0280  0.0279  0.0280  0.0280  0.0280  0.0282  0.0280  0.0280  0.0279  0.0280
  0.0288  0.0285  0.0283  0.0282  0.0284  0.0285  0.0286  0.0292  0.0283  0.0286  0.0281  0.0282
  0.0299  0.0293  0.0288  0.0286  0.0291  0.0291  0.0296  0.0307  0.0289  0.0295  0.0284  0.0286
niter,ni,del,rscale     4    3    5.0000    0.7000
parameters
   -1.7607   -8.8871    8.0819  -14.1866  -15.1468  -11.2195
    3.8961   -2.0244   -4.0371   11.4119    1.5302   -7.6072
eta,q 0.97215  7.90445
  0.0294  0.0290  0.0286  0.0285  0.0288  0.0290  0.0292  0.0301  0.0287  0.0292  0.0283  0.0285
  0.0286  0.0284  0.0282  0.0281  0.0283  0.0283  0.0284  0.0289  0.0282  0.0285  0.0280  0.0281
  0.0280  0.0280  0.0279  0.0279  0.0280  0.0279  0.0280  0.0281  0.0279  0.0280  0.0279  0.0279
  0.0279  0.0279  0.0279  0.0279  0.0279  0.0279  0.0279  0.0279  0.0279  0.0279  0.0279  0.0279
  0.0280  0.0280  0.0279  0.0279  0.0280  0.0280  0.0280  0.0281  0.0280  0.0280  0.0279  0.0279
  0.0286  0.0284  0.0281  0.0281  0.0283  0.0284  0.0285  0.0289  0.0282  0.0285  0.0281  0.0281
  0.0295  0.0291  0.0285  0.0285  0.0288  0.0289  0.0292  0.0301  0.0287  0.0292  0.0283  0.0284
niter,ni,del,rscale     3    3    5.0000    0.6000
parameters
   -1.7618   -8.8955    8.0844  -14.2503  -15.1325  -11.2897
    3.8878   -2.0165   -4.0477   11.3858    1.5162   -7.6047
eta,q 0.97215  7.89860
  0.0290  0.0287  0.0284  0.0283  0.0285  0.0286  0.0288  0.0295  0.0285  0.0288  0.0282  0.0283
  0.0284  0.0282  0.0281  0.0280  0.0282  0.0282  0.0283  0.0286  0.0281  0.0283  0.0280  0.0280
  0.0280  0.0279  0.0279  0.0279  0.0279  0.0279  0.0280  0.0280  0.0279  0.0280  0.0279  0.0279
  0.0279  0.0279  0.0279  0.0279  0.0279  0.0278  0.0278  0.0278  0.0279  0.0279  0.0278  0.0278
  0.0280  0.0280  0.0279  0.0279  0.0279  0.0280  0.0280  0.0280  0.0279  0.0280  0.0279  0.0279
  0.0284  0.0283  0.0281  0.0281  0.0282  0.0283  0.0283  0.0286  0.0281  0.0283  0.0280  0.0281
  0.0290  0.0287  0.0284  0.0283  0.0285  0.0287  0.0288  0.0295  0.0285  0.0289  0.0282  0.0283
niter,ni,del,rscale     2    3    5.0000    0.5000
parameters
   -1.7606   -8.8976    8.0621  -14.3141  -15.1252  -11.3804
    3.8818   -2.0119   -4.0764   11.3707    1.5210   -7.6220
eta,q 0.97216  7.89181
  0.0287  0.0285  0.0282  0.0281  0.0283  0.0284  0.0285  0.0290  0.0283  0.0285  0.0281  0.0282
  0.0282  0.0281  0.0280  0.0280  0.0281  0.0281  0.0282  0.0284  0.0280  0.0282  0.0279  0.0280
  0.0279  0.0279  0.0279  0.0279  0.0279  0.0279  0.0279  0.0280  0.0279  0.0279  0.0279  0.0279
  0.0278  0.0278  0.0278  0.0279  0.0278  0.0278  0.0278  0.0278  0.0278  0.0278  0.0278  0.0278
  0.0279  0.0279  0.0279  0.0279  0.0279  0.0279  0.0279  0.0280  0.0279  0.0279  0.0279  0.0279
  0.0282  0.0281  0.0280  0.0280  0.0281  0.0281  0.0282  0.0284  0.0280  0.0282  0.0279  0.0280
  0.0287  0.0285  0.0282  0.0282  0.0283  0.0284  0.0285  0.0290  0.0283  0.0286  0.0281  0.0282
niter,ni,del,rscale     1    3    5.0000    0.4000
parameters
   -1.7592   -8.8955    8.0382  -14.3997  -15.1271  -11.4738
    3.8699   -2.0074   -4.0970   11.3639    1.5380   -7.6252
eta,q 0.97216  7.88336
  0.0284  0.0282  0.0281  0.0280  0.0282  0.0282  0.0283  0.0286  0.0281  0.0283  0.0280  0.0280
  0.0281  0.0280  0.0279  0.0279  0.0280  0.0280  0.0280  0.0282  0.0280  0.0280  0.0279  0.0279
  0.0279  0.0279  0.0279  0.0279  0.0279  0.0279  0.0279  0.0279  0.0279  0.0279  0.0279  0.0279
  0.0278  0.0278  0.0278  0.0278  0.0278  0.0278  0.0278  0.0278  0.0278  0.0278  0.0278  0.0278
  0.0279  0.0279  0.0279  0.0279  0.0279  0.0279  0.0279  0.0279  0.0279  0.0279  0.0279  0.0279
  0.0281  0.0280  0.0280  0.0279  0.0280  0.0280  0.0280  0.0282  0.0280  0.0280  0.0279  0.0279
  0.0284  0.0282  0.0281  0.0280  0.0282  0.0282  0.0283  0.0286  0.0281  0.0283  0.0280  0.0280
registration optimization eta report
parameter search radius
    0.8000    0.8000    0.8000    2.4000    2.4000    2.4000
    2.4000    2.4000    2.4000    2.4000    2.4000    2.4000
100000*second partial in parameter space
       83.       61.       36.        3.        5.        6.
        8.       13.        5.        8.        3.        4.
  0.0284  0.0282  0.0281  0.0280  0.0282  0.0282  0.0283  0.0286  0.0281  0.0283  0.0280  0.0280
  0.0281  0.0280  0.0279  0.0279  0.0280  0.0280  0.0280  0.0282  0.0280  0.0280  0.0279  0.0279
  0.0279  0.0279  0.0279  0.0279  0.0279  0.0279  0.0279  0.0279  0.0279  0.0279  0.0279  0.0279
  0.0278  0.0278  0.0278  0.0278  0.0278  0.0278  0.0278  0.0278  0.0278  0.0278  0.0278  0.0278
  0.0279  0.0279  0.0279  0.0279  0.0279  0.0279  0.0279  0.0279  0.0279  0.0279  0.0279  0.0279
  0.0281  0.0280  0.0280  0.0279  0.0280  0.0280  0.0280  0.0282  0.0280  0.0280  0.0279  0.0279
  0.0284  0.0282  0.0281  0.0280  0.0282  0.0282  0.0283  0.0286  0.0281  0.0283  0.0280  0.0280
   -1.7592   -8.8955    8.0382  -14.3997  -15.1271  -11.4738
    3.8699   -2.0074   -4.0970   11.3639    1.5380   -7.6252
eta,q 0.97216  7.88336

---------------------------------------------------------------------
compute_vox2vox talsrcimg talsrcimg_to_711-2C_as_mni_average_305_t4 /opt/freesurfer/average/711-2C_as_mni_average_305
---------------------------------------------------------------------

freesurfer compute_vox2vox.c
Reading: talsrcimg.4dfp.ifh
Reading: talsrcimg_to_711-2C_as_mni_average_305_t4
Reading: /opt/freesurfer/average/711-2C_as_mni_average_305.4dfp.ifh
Writing: talsrcimg_to_711-2C_as_mni_average_305_t4_vox2vox.txt

start time Wed Mar 11 04:06:25 CET 2026
end		time Wed Mar 11 04:07:51 CET 2026

mpr2mni305 success

avi2talxfm orig_nu.mgz /opt/freesurfer/average/mni305.cor.mgz talsrcimg_to_711-2C_as_mni_average_305_t4_vox2vox.txt transforms/talairach.auto.xfm
avi2talxfm done
mv -f /out/sourcedata/freesurfer/sub-v2s13x29115_ses-1/mri/talsrcimg_to_711-2C_as_mni_average_305_t4_vox2vox.txt /out/sourcedata/freesurfer/sub-v2s13x29115_ses-1/mri/transforms/talsrcimg_to_711-2C_as_mni_average_305_t4_vox2vox.txt
lta_convert --src orig_nu.mgz --trg /opt/freesurfer/average/mni305.cor.mgz --inxfm transforms/talairach.auto.xfm --outlta transforms/talairach.auto.xfm.lta --subject fsaverage
7.3.2

--src: orig_nu.mgz src image (geometry).
--trg: /opt/freesurfer/average/mni305.cor.mgz trg image (geometry).
--inmni: transforms/talairach.auto.xfm input MNI/XFM transform.
--outlta: transforms/talairach.auto.xfm.lta output LTA.
--s: fsaverage subject name
 LTA read, type : 1
 1.16523   0.03286  -0.05018   1.96189;
-0.01522   1.11630   0.10098  -15.16998;
 0.05829  -0.14788   1.16229  -27.36617;
 0.00000   0.00000   0.00000   1.00000;
setting subject to fsaverage
Writing  LTA to file transforms/talairach.auto.xfm.lta...
lta_convert successful.
 
 
Started at Wed Mar 11 04:06:24 CET 2026
Ended   at Wed Mar 11 04:07:51 CET 2026
talairach_avi done
