/out/sourcedata/freesurfer/sub-v2s13x29120_ses-1/mri
/opt/freesurfer/bin/talairach_avi
--i orig_nu.mgz --xfm transforms/talairach.auto.xfm
talairach_avi 7.3.2
Linux dna087 5.14.0-427.37.1.el9_4.x86_64 #1 SMP PREEMPT_DYNAMIC Fri Sep 13 12:41:50 EDT 2024 x86_64 x86_64 x86_64 GNU/Linux
Wed Mar 11 04:25:38 CET 2026
mri_convert orig_nu.mgz talsrcimg.img 
reading from orig_nu.mgz...
TR=0.00, TE=0.00, TI=0.00, flip angle=0.00
i_ras = (-1, 0, -2.59151e-10)
j_ras = (0, 3.31713e-08, -1)
k_ras = (0, 1, 1.65856e-08)
writing to talsrcimg.img...
Analyze Output Matrix
-0.89844   0.00000   0.00000   115.48221;
 0.00000   0.00000   0.89844  -117.39256;
-0.00000  -0.89844   0.00000   139.64447;
 0.00000   0.00000   0.00000   1.00000;
--------------------
INFO: set hdr.hist.orient to -1
mpr2mni305 talsrcimg
Wed Mar 11 04:25:38 CET 2026
/opt/freesurfer/bin/mpr2mni305 talsrcimg
mpr2mni305 7.3.2
target=711-2C_as_mni_average_305

---------------------------------------------------------------------
analyzeto4dfp talsrcimg -O0 -y
---------------------------------------------------------------------

freesurfer ifh2hdr.c
Wed Mar 11 04:25:39 2026
Writing: talsrcimg.4dfp.hdr
freesurfer analyzeto4dfp.c
Reading: talsrcimg.hdr
header size 348 bytes
hdr.dime.datatype	offset=70	value=2
hdr.dime.bitpix		offset=72	value=8
hdr.hist.orient		offset=252	value=-1
dimensionality     4
dimensions       256       256       256         1
Reading: talsrcimg.img
Writing: talsrcimg.4dfp.img
Writing: talsrcimg.4dfp.ifh
ifh2hdr talsrcimg -r0to255
ori=2

---------------------------------------------------------------------
gauss_4dfp talsrcimg 1.1
---------------------------------------------------------------------

freesurfer gauss_4dfp.c
Reading: talsrcimg.4dfp.img
Writing: talsrcimg_g11.4dfp.img
image dimensions 256 256 256 padded to 288 288 288
processing volume 1freesurfer ifh2hdr.c
Wed Mar 11 04:25:40 2026
Writing: talsrcimg_g11.4dfp.hdr

Writing: talsrcimg_g11.4dfp.ifh
including: talsrcimg.4dfp.img.rec in talsrcimg_g11.4dfp.img.rec

---------------------------------------------------------------------
imgreg_4dfp /opt/freesurfer/average/711-2C_as_mni_average_305 none talsrcimg_g11 none talsrcimg_to_711-2C_as_mni_average_305_t4 4355
---------------------------------------------------------------------

freesurfer imgreg_4dfp.c
/opt/freesurfer/average/711-2C_as_mni_average_305.4dfp.img
       256       256       256         1
  1.000000  1.000000  1.000000
orientation T byte_order littleendian
Reading image: /opt/freesurfer/average/711-2C_as_mni_average_305.4dfp.img
dimensions:      256       256       256
mmppix:       1.0000   -1.0000   -1.0000
center:     128.0000 -129.0000 -129.0000
talsrcimg_g11.4dfp.img
       256       256       256         1
  0.898438  0.898438  0.898438
orientation T byte_order littleendian
Reading image: talsrcimg_g11.4dfp.img
dimensions:      256       256       256
mmppix:       0.8984   -0.8984   -0.8984
center:     115.0001 -115.8985 -115.8985
t4_read: open error in t4_sub.f l:  41 t4_file(1:l)talsrcimg_to_711-2C_as_mni_average_305_t4 
t4_read: transform initialized to I4
rotation matrix determinant  1.000000
image alignment mode   4355 decimal     1103 hex
   -7.5000  -45.0000  -45.0000 6198.2690   13.6887
    0.0000  -45.0000  -45.0000 6273.8442   13.7179
    7.5000  -45.0000  -45.0000 5960.2388   13.7272
   -7.5000  -37.5000  -45.0000 6554.0854   14.5430
    0.0000  -37.5000  -45.0000 6624.9277   14.5748
    7.5000  -37.5000  -45.0000 6288.5850   14.5858
   -7.5000  -30.0000  -45.0000 6958.2656   15.0026
    0.0000  -30.0000  -45.0000 7020.8623   15.0344
    7.5000  -30.0000  -45.0000 6654.9507   15.0435
   -7.5000  -22.5000  -45.0000 7473.7520   15.0097
    0.0000  -22.5000  -45.0000 7537.6650   15.0401
    7.5000  -22.5000  -45.0000 7141.0498   15.0450
   -7.5000  -15.0000  -45.0000 7958.6777   15.0145
    0.0000  -15.0000  -45.0000 7996.5415   15.0444
    7.5000  -15.0000  -45.0000 7578.6284   15.0477
   -7.5000   -7.5000  -45.0000 8028.2329   15.0114
    0.0000   -7.5000  -45.0000 8051.5952   15.0419
    7.5000   -7.5000  -45.0000 7637.4004   15.0482
   -7.5000    0.0000  -45.0000 8043.7666   15.0051
    0.0000    0.0000  -45.0000 8051.8433   15.0371
    7.5000    0.0000  -45.0000 7613.0786   15.0473
   -7.5000    7.5000  -45.0000 7593.1982   15.0015
    0.0000    7.5000  -45.0000 7620.0605   15.0343
    7.5000    7.5000  -45.0000 7189.7471   15.0456
   -7.5000   15.0000  -45.0000 7346.1108   15.0026
    0.0000   15.0000  -45.0000 7373.0771   15.0344
    7.5000   15.0000  -45.0000 6956.4048   15.0435
   -7.5000   22.5000  -45.0000 6768.4414   14.8232
    0.0000   22.5000  -45.0000 6784.3164   14.8534
    7.5000   22.5000  -45.0000 6387.4717   14.8585
   -7.5000   30.0000  -45.0000 6251.7271   14.5690
    0.0000   30.0000  -45.0000 6258.3594   14.5991
    7.5000   30.0000  -45.0000 5854.3369   14.6027
   -7.5000   37.5000  -45.0000 5744.8545   14.4162
    0.0000   37.5000  -45.0000 5749.0454   14.4492
    7.5000   37.5000  -45.0000 5384.5244   14.4566
   -7.5000   45.0000  -45.0000 5220.0806   14.4071
    0.0000   45.0000  -45.0000 5221.0151   14.4446
    7.5000   45.0000  -45.0000 4905.2241   14.4600
   -7.5000  -45.0000  -37.5000 6785.9478   14.2963
    0.0000  -45.0000  -37.5000 6857.6948   14.3271
    7.5000  -45.0000  -37.5000 6514.6841   14.3456
   -7.5000  -37.5000  -37.5000 7160.8823   15.1915
    0.0000  -37.5000  -37.5000 7230.6123   15.2235
    7.5000  -37.5000  -37.5000 6861.9702   15.2427
   -7.5000  -30.0000  -37.5000 7578.4868   15.6402
    0.0000  -30.0000  -37.5000 7669.8052   15.6694
    7.5000  -30.0000  -37.5000 7253.6768   15.6847
   -7.5000  -22.5000  -37.5000 8130.5562   15.6462
    0.0000  -22.5000  -37.5000 8206.1992   15.6729
    7.5000  -22.5000  -37.5000 7756.7026   15.6834
   -7.5000  -15.0000  -37.5000 8655.5742   15.6557
    0.0000  -15.0000  -37.5000 8723.7188   15.6836
    7.5000  -15.0000  -37.5000 8243.8164   15.6936
   -7.5000   -7.5000  -37.5000 8717.5547   15.6574
    0.0000   -7.5000  -37.5000 8754.1484   15.6885
    7.5000   -7.5000  -37.5000 8291.8271   15.7035
   -7.5000    0.0000  -37.5000 8727.2305   15.6510
    0.0000    0.0000  -37.5000 8763.1455   15.6847
    7.5000    0.0000  -37.5000 8291.9258   15.7049
   -7.5000    7.5000  -37.5000 8248.8965   15.6428
    0.0000    7.5000  -37.5000 8290.9502   15.6757
    7.5000    7.5000  -37.5000 7839.2183   15.6954
   -7.5000   15.0000  -37.5000 7952.6274   15.6395
    0.0000   15.0000  -37.5000 7966.1631   15.6687
    7.5000   15.0000  -37.5000 7533.4204   15.6839
   -7.5000   22.5000  -37.5000 7295.2163   15.4539
    0.0000   22.5000  -37.5000 7314.9346   15.4805
    7.5000   22.5000  -37.5000 6902.8003   15.4911
   -7.5000   30.0000  -37.5000 6748.3779   15.2006
    0.0000   30.0000  -37.5000 6730.5483   15.2286
    7.5000   30.0000  -37.5000 6330.4995   15.2392
   -7.5000   37.5000  -37.5000 6181.9214   15.0409
    0.0000   37.5000  -37.5000 6166.3145   15.0758
    7.5000   37.5000  -37.5000 5809.2007   15.0926
   -7.5000   45.0000  -37.5000 5600.1807   15.0081
    0.0000   45.0000  -37.5000 5586.3887   15.0502
    7.5000   45.0000  -37.5000 5253.5381   15.0779
   -7.5000  -45.0000  -30.0000 7390.0098   14.9240
    0.0000  -45.0000  -30.0000 7453.1299   14.9482
    7.5000  -45.0000  -30.0000 7085.0396   14.9620
   -7.5000  -37.5000  -30.0000 7795.0991   15.8639
    0.0000  -37.5000  -30.0000 7864.3481   15.8884
    7.5000  -37.5000  -30.0000 7452.4458   15.9028
   -7.5000  -30.0000  -30.0000 8261.8330   16.3105
    0.0000  -30.0000  -30.0000 8331.7959   16.3322
    7.5000  -30.0000  -30.0000 7880.1001   16.3416
   -7.5000  -22.5000  -30.0000 8841.6543   16.3186
    0.0000  -22.5000  -30.0000 8912.3350   16.3380
    7.5000  -22.5000  -30.0000 8427.5820   16.3416
   -7.5000  -15.0000  -30.0000 9392.2148   16.3299
    0.0000  -15.0000  -30.0000 9455.5801   16.3506
    7.5000  -15.0000  -30.0000 8950.4541   16.3533
   -7.5000   -7.5000  -30.0000 9427.2344   16.3308
    0.0000   -7.5000  -30.0000 9463.1260   16.3548
    7.5000   -7.5000  -30.0000 8963.7305   16.3633
   -7.5000    0.0000  -30.0000 9432.3203   16.3211
    0.0000    0.0000  -30.0000 9457.6982   16.3475
    7.5000    0.0000  -30.0000 8936.0557   16.3626
   -7.5000    7.5000  -30.0000 8930.4609   16.3104
    0.0000    7.5000  -30.0000 8949.3760   16.3356
    7.5000    7.5000  -30.0000 8456.4512   16.3503
   -7.5000   15.0000  -30.0000 8600.6152   16.3083
    0.0000   15.0000  -30.0000 8593.3740   16.3299
    7.5000   15.0000  -30.0000 8133.3838   16.3393
   -7.5000   22.5000  -30.0000 7834.5044   16.1199
    0.0000   22.5000  -30.0000 7830.4360   16.1392
    7.5000   22.5000  -30.0000 7409.9229   16.1428
   -7.5000   30.0000  -30.0000 7213.6401   15.8695
    0.0000   30.0000  -30.0000 7199.6792   15.8898
    7.5000   30.0000  -30.0000 6775.3086   15.8931
   -7.5000   37.5000  -30.0000 6607.6182   15.7139
    0.0000   37.5000  -30.0000 6595.1475   15.7418
    7.5000   37.5000  -30.0000 6216.8662   15.7530
   -7.5000   45.0000  -30.0000 5972.4907   15.6674
    0.0000   45.0000  -30.0000 5953.1792   15.7044
    7.5000   45.0000  -30.0000 5608.1499   15.7307
   -7.5000  -45.0000  -22.5000 7995.7456   15.5416
    0.0000  -45.0000  -22.5000 8052.0781   15.5582
    7.5000  -45.0000  -22.5000 7639.9902   15.5607
   -7.5000  -37.5000  -22.5000 8431.3535   16.5336
    0.0000  -37.5000  -22.5000 8490.1582   16.5516
    7.5000  -37.5000  -22.5000 8053.8472   16.5561
   -7.5000  -30.0000  -22.5000 8925.9785   16.9865
    0.0000  -30.0000  -22.5000 9000.4893   17.0041
    7.5000  -30.0000  -22.5000 8506.1328   17.0051
   -7.5000  -22.5000  -22.5000 9545.7090   16.9987
    0.0000  -22.5000  -22.5000 9611.3691   17.0149
    7.5000  -22.5000  -22.5000 9079.5645   17.0097
   -7.5000  -15.0000  -22.500010114.8281   17.0064
    0.0000  -15.0000  -22.500010183.5781   17.0223
    7.5000  -15.0000  -22.5000 9622.0166   17.0137
   -7.5000   -7.5000  -22.500010127.1904   17.0003
    0.0000   -7.5000  -22.500010182.1562   17.0172
    7.5000   -7.5000  -22.5000 9637.9385   17.0129
   -7.5000    0.0000  -22.500010102.1299   16.9868
    0.0000    0.0000  -22.500010144.3760   17.0049
    7.5000    0.0000  -22.5000 9589.0303   17.0076
   -7.5000    7.5000  -22.5000 9611.3252   16.9777
    0.0000    7.5000  -22.5000 9607.6006   16.9963
    7.5000    7.5000  -22.5000 9079.4639   17.0009
   -7.5000   15.0000  -22.5000 9230.3057   16.9824
    0.0000   15.0000  -22.5000 9226.4268   17.0000
    7.5000   15.0000  -22.5000 8728.2725   17.0010
   -7.5000   22.5000  -22.5000 8379.2666   16.7934
    0.0000   22.5000  -22.5000 8366.8604   16.8094
    7.5000   22.5000  -22.5000 7936.1299   16.8042
   -7.5000   30.0000  -22.5000 7672.4624   16.5423
    0.0000   30.0000  -22.5000 7656.4956   16.5572
    7.5000   30.0000  -22.5000 7236.3530   16.5489
   -7.5000   37.5000  -22.5000 7023.6260   16.3900
    0.0000   37.5000  -22.5000 7001.9321   16.4100
    7.5000   37.5000  -22.5000 6602.7808   16.4083
   -7.5000   45.0000  -22.5000 6336.5757   16.3482
    0.0000   45.0000  -22.5000 6310.9810   16.3773
    7.5000   45.0000  -22.5000 5957.4053   16.3932
   -7.5000  -45.0000  -15.0000 8567.2959   16.1021
    0.0000  -45.0000  -15.0000 8638.6699   16.1200
    7.5000  -45.0000  -15.0000 8182.6909   16.1162
   -7.5000  -37.5000  -15.0000 9058.8643   17.1328
    0.0000  -37.5000  -15.0000 9123.4639   17.1537
    7.5000  -37.5000  -15.0000 8634.9980   17.1535
   -7.5000  -30.0000  -15.0000 9591.3252   17.5895
    0.0000  -30.0000  -15.0000 9656.4688   17.6128
    7.5000  -30.0000  -15.0000 9114.3105   17.6122
   -7.5000  -22.5000  -15.000010234.3760   17.6021
    0.0000  -22.5000  -15.000010307.4463   17.6250
    7.5000  -22.5000  -15.0000 9709.5908   17.6193
   -7.5000  -15.0000  -15.000010851.2773   17.6053
    0.0000  -15.0000  -15.000010911.7861   17.6261
    7.5000  -15.0000  -15.000010295.8545   17.6152
   -7.5000   -7.5000  -15.000010878.7295   17.5949
    0.0000   -7.5000  -15.000010930.4697   17.6142
    7.5000   -7.5000  -15.000010321.1104   17.6046
   -7.5000    0.0000  -15.000010794.1484   17.5823
    0.0000    0.0000  -15.000010856.6748   17.6017
    7.5000    0.0000  -15.000010233.6641   17.5976
   -7.5000    7.5000  -15.000010223.3291   17.5760
    0.0000    7.5000  -15.000010232.6162   17.5975
    7.5000    7.5000  -15.0000 9648.2305   17.5972
   -7.5000   15.0000  -15.0000 9807.0225   17.5841
    0.0000   15.0000  -15.0000 9795.3223   17.6073
    7.5000   15.0000  -15.0000 9260.3086   17.6067
   -7.5000   22.5000  -15.0000 8892.8809   17.3911
    0.0000   22.5000  -15.0000 8875.8965   17.4136
    7.5000   22.5000  -15.0000 8410.3965   17.4080
   -7.5000   30.0000  -15.0000 8127.3828   17.1371
    0.0000   30.0000  -15.0000 8104.9375   17.1570
    7.5000   30.0000  -15.0000 7688.7725   17.1458
   -7.5000   37.5000  -15.0000 7426.5259   16.9907
    0.0000   37.5000  -15.0000 7398.4824   17.0119
    7.5000   37.5000  -15.0000 6991.5146   17.0040
   -7.5000   45.0000  -15.0000 6680.4668   16.9676
    0.0000   45.0000  -15.0000 6654.7178   16.9954
    7.5000   45.0000  -15.0000 6281.7866   17.0027
   -7.5000  -45.0000   -7.5000 8914.6670   16.1115
    0.0000  -45.0000   -7.5000 8966.4912   16.1378
    7.5000  -45.0000   -7.5000 8497.2363   16.1388
   -7.5000  -37.5000   -7.5000 9413.0107   17.1432
    0.0000  -37.5000   -7.5000 9483.7510   17.1733
    7.5000  -37.5000   -7.5000 8958.4004   17.1780
   -7.5000  -30.0000   -7.5000 9943.6689   17.5978
    0.0000  -30.0000   -7.500010022.3594   17.6298
    7.5000  -30.0000   -7.5000 9450.9033   17.6350
   -7.5000  -22.5000   -7.500010596.7031   17.6075
    0.0000  -22.5000   -7.500010684.8135   17.6390
    7.5000  -22.5000   -7.500010039.7324   17.6397
   -7.5000  -15.0000   -7.500011250.4062   17.6095
    0.0000  -15.0000   -7.500011316.7637   17.6390
    7.5000  -15.0000   -7.500010632.7031   17.6350
   -7.5000   -7.5000   -7.500011291.4365   17.6011
    0.0000   -7.5000   -7.500011357.8867   17.6294
    7.5000   -7.5000   -7.500010671.0430   17.6262
   -7.5000    0.0000   -7.500011186.7871   17.5925
    0.0000    0.0000   -7.500011236.3877   17.6212
    7.5000    0.0000   -7.500010547.6377   17.6223
   -7.5000    7.5000   -7.500010530.5234   17.5867
    0.0000    7.5000   -7.500010551.0342   17.6175
    7.5000    7.5000   -7.5000 9912.1680   17.6223
   -7.5000   15.0000   -7.500010113.1270   17.5924
    0.0000   15.0000   -7.500010118.7480   17.6244
    7.5000   15.0000   -7.5000 9545.0674   17.6295
   -7.5000   22.5000   -7.5000 9165.3340   17.3951
    0.0000   22.5000   -7.5000 9156.0879   17.4262
    7.5000   22.5000   -7.5000 8659.2930   17.4271
   -7.5000   30.0000   -7.5000 8358.2715   17.1369
    0.0000   30.0000   -7.5000 8333.5186   17.1661
    7.5000   30.0000   -7.5000 7888.8389   17.1619
   -7.5000   37.5000   -7.5000 7623.7871   16.9904
    0.0000   37.5000   -7.5000 7597.7554   17.0203
    7.5000   37.5000   -7.5000 7185.3735   17.0182
   -7.5000   45.0000   -7.5000 6860.1787   16.9788
    0.0000   45.0000   -7.5000 6831.4761   17.0133
    7.5000   45.0000   -7.5000 6441.1089   17.0222
   -7.5000  -45.0000    0.0000 9096.2764   16.5144
    0.0000  -45.0000    0.0000 9153.6846   16.5500
    7.5000  -45.0000    0.0000 8642.9111   16.5641
   -7.5000  -37.5000    0.0000 9587.0684   17.5619
    0.0000  -37.5000    0.0000 9665.8701   17.6004
    7.5000  -37.5000    0.0000 9111.7676   17.6170
   -7.5000  -30.0000    0.000010122.3545   18.0116
    0.0000  -30.0000    0.000010223.8320   18.0492
    7.5000  -30.0000    0.0000 9634.6924   18.0640
   -7.5000  -22.5000    0.000010810.5332   18.0197
    0.0000  -22.5000    0.000010908.7510   18.0551
    7.5000  -22.5000    0.000010217.7617   18.0651
   -7.5000  -15.0000    0.000011470.3643   18.0254
    0.0000  -15.0000    0.000011541.2490   18.0605
    7.5000  -15.0000    0.000010782.9736   18.0681
   -7.5000   -7.5000    0.000011499.6338   18.0219
    0.0000   -7.5000    0.000011557.2744   18.0585
    7.5000   -7.5000    0.000010798.1582   18.0693
   -7.5000    0.0000    0.000011332.6309   18.0148
    0.0000    0.0000    0.000011373.5801   18.0535
    7.5000    0.0000    0.000010633.1445   18.0688
   -7.5000    7.5000    0.000010649.0215   18.0043
    0.0000    7.5000    0.000010668.4932   18.0437
    7.5000    7.5000    0.0000 9979.8496   18.0608
   -7.5000   15.0000    0.000010215.8896   18.0053
    0.0000   15.0000    0.000010227.9873   18.0428
    7.5000   15.0000    0.0000 9615.3564   18.0576
   -7.5000   22.5000    0.0000 9287.9629   17.8047
    0.0000   22.5000    0.0000 9287.1094   17.8399
    7.5000   22.5000    0.0000 8743.9277   17.8499
   -7.5000   30.0000    0.0000 8469.0537   17.5486
    0.0000   30.0000    0.0000 8454.7441   17.5840
    7.5000   30.0000    0.0000 7971.3608   17.5918
   -7.5000   37.5000    0.0000 7713.3013   17.4093
    0.0000   37.5000    0.0000 7697.4761   17.4489
    7.5000   37.5000    0.0000 7258.2480   17.4610
   -7.5000   45.0000    0.0000 6931.6060   17.4157
    0.0000   45.0000    0.0000 6898.8516   17.4612
    7.5000   45.0000    0.0000 6492.5151   17.4829
   -7.5000  -45.0000    7.5000 8887.5322   16.5038
    0.0000  -45.0000    7.5000 8956.2891   16.5388
    7.5000  -45.0000    7.5000 8440.2822   16.5602
   -7.5000  -37.5000    7.5000 9344.2070   17.5459
    0.0000  -37.5000    7.5000 9417.2275   17.5822
    7.5000  -37.5000    7.5000 8875.9922   17.6045
   -7.5000  -30.0000    7.5000 9882.0967   17.9905
    0.0000  -30.0000    7.5000 9976.2598   18.0235
    7.5000  -30.0000    7.5000 9391.7588   18.0413
   -7.5000  -22.5000    7.500010629.7568   17.9977
    0.0000  -22.5000    7.500010771.2764   18.0279
    7.5000  -22.5000    7.500010030.1064   18.0402
   -7.5000  -15.0000    7.500011285.4092   18.0090
    0.0000  -15.0000    7.500011392.2246   18.0405
    7.5000  -15.0000    7.500010554.7197   18.0522
   -7.5000   -7.5000    7.500011259.9346   18.0109
    0.0000   -7.5000    7.500011323.6016   18.0460
    7.5000   -7.5000    7.500010504.6602   18.0635
   -7.5000    0.0000    7.500011030.5566   18.0032
    0.0000    0.0000    7.500011078.1650   18.0413
    7.5000    0.0000    7.500010326.1592   18.0646
   -7.5000    7.5000    7.500010332.3184   17.9879
    0.0000    7.5000    7.500010374.1084   18.0251
    7.5000    7.5000    7.5000 9672.1904   18.0479
   -7.5000   15.0000    7.5000 9922.4473   17.9841
    0.0000   15.0000    7.5000 9946.9111   18.0172
    7.5000   15.0000    7.5000 9296.5234   18.0349
   -7.5000   22.5000    7.5000 9032.2637   17.7841
    0.0000   22.5000    7.5000 9027.7031   17.8142
    7.5000   22.5000    7.5000 8467.9922   17.8266
   -7.5000   30.0000    7.5000 8251.3369   17.5334
    0.0000   30.0000    7.5000 8249.6738   17.5652
    7.5000   30.0000    7.5000 7737.1841   17.5776
   -7.5000   37.5000    7.5000 7504.2446   17.3971
    0.0000   37.5000    7.5000 7495.9292   17.4367
    7.5000   37.5000    7.5000 7034.2437   17.4564
   -7.5000   45.0000    7.5000 6738.5146   17.3990
    0.0000   45.0000    7.5000 6729.3003   17.4469
    7.5000   45.0000    7.5000 6315.4287   17.4791
   -7.5000  -45.0000   15.0000 8949.2559   16.4966
    0.0000  -45.0000   15.0000 8994.7148   16.5233
    7.5000  -45.0000   15.0000 8495.0195   16.5384
   -7.5000  -37.5000   15.0000 9392.6699   17.5377
    0.0000  -37.5000   15.0000 9441.0498   17.5648
    7.5000  -37.5000   15.0000 8924.5762   17.5806
   -7.5000  -30.0000   15.0000 9968.6602   17.9836
    0.0000  -30.0000   15.000010044.3037   18.0075
    7.5000  -30.0000   15.0000 9456.4355   18.0178
   -7.5000  -22.5000   15.000010771.2832   17.9927
    0.0000  -22.5000   15.000010959.2285   18.0141
    7.5000  -22.5000   15.000010142.0801   18.0180
   -7.5000  -15.0000   15.000011440.2197   18.0052
    0.0000  -15.0000   15.000011665.7500   18.0280
    7.5000  -15.0000   15.000010715.5137   18.0308
   -7.5000   -7.5000   15.000011364.7324   18.0061
    0.0000   -7.5000   15.000011531.7461   18.0324
    7.5000   -7.5000   15.000010644.7490   18.0418
   -7.5000    0.0000   15.000011110.7773   17.9953
    0.0000    0.0000   15.000011220.0098   18.0244
    7.5000    0.0000   15.000010413.8662   18.0409
   -7.5000    7.5000   15.000010344.3584   17.9795
    0.0000    7.5000   15.000010411.9102   18.0073
    7.5000    7.5000   15.0000 9699.7803   18.0234
   -7.5000   15.0000   15.0000 9929.3320   17.9773
    0.0000   15.0000   15.0000 9957.8291   18.0012
    7.5000   15.0000   15.0000 9296.1191   18.0114
   -7.5000   22.5000   15.0000 9041.1729   17.7805
    0.0000   22.5000   15.0000 9037.9346   17.8017
    7.5000   22.5000   15.0000 8475.6943   17.8057
   -7.5000   30.0000   15.0000 8243.8525   17.5339
    0.0000   30.0000   15.0000 8252.3838   17.5563
    7.5000   30.0000   15.0000 7747.6753   17.5598
   -7.5000   37.5000   15.0000 7487.7891   17.3989
    0.0000   37.5000   15.0000 7487.9512   17.4298
    7.5000   37.5000   15.0000 7028.7764   17.4421
   -7.5000   45.0000   15.0000 6730.2573   17.3904
    0.0000   45.0000   15.0000 6737.9478   17.4314
    7.5000   45.0000   15.0000 6315.7676   17.4604
   -7.5000  -45.0000   22.5000 8550.7822   16.5256
    0.0000  -45.0000   22.5000 8606.6611   16.5433
    7.5000  -45.0000   22.5000 8138.8735   16.5459
   -7.5000  -37.5000   22.5000 8980.7754   17.5725
    0.0000  -37.5000   22.5000 9043.5859   17.5916
    7.5000  -37.5000   22.5000 8565.3271   17.5964
   -7.5000  -30.0000   22.5000 9544.6455   18.0268
    0.0000  -30.0000   22.5000 9630.6914   18.0454
    7.5000  -30.0000   22.5000 9083.5996   18.0464
   -7.5000  -22.5000   22.500010267.8184   18.0400
    0.0000  -22.5000   22.500010469.8320   18.0572
    7.5000  -22.5000   22.5000 9733.6016   18.0516
   -7.5000  -15.0000   22.500010872.4814   18.0483
    0.0000  -15.0000   22.500011153.6924   18.0651
    7.5000  -15.0000   22.500010299.2852   18.0560
   -7.5000   -7.5000   22.500010824.0527   18.0415
    0.0000   -7.5000   22.500011080.2627   18.0595
    7.5000   -7.5000   22.500010256.1904   18.0549
   -7.5000    0.0000   22.500010615.5879   18.0269
    0.0000    0.0000   22.500010785.4443   18.0461
    7.5000    0.0000   22.500010031.2490   18.0490
   -7.5000    7.5000   22.5000 9847.7988   18.0152
    0.0000    7.5000   22.5000 9937.4062   18.0348
    7.5000    7.5000   22.5000 9292.5635   18.0397
   -7.5000   15.0000   22.5000 9443.5146   18.0204
    0.0000   15.0000   22.5000 9476.0762   18.0390
    7.5000   15.0000   22.5000 8878.6250   18.0400
   -7.5000   22.5000   22.5000 8578.7715   17.8275
    0.0000   22.5000   22.5000 8578.8262   17.8445
    7.5000   22.5000   22.5000 8083.2734   17.8389
   -7.5000   30.0000   22.5000 7841.9341   17.5799
    0.0000   30.0000   22.5000 7839.7593   17.5957
    7.5000   30.0000   22.5000 7394.2876   17.5869
   -7.5000   37.5000   22.5000 7117.5078   17.4424
    0.0000   37.5000   22.5000 7105.8828   17.4636
    7.5000   37.5000   22.5000 6698.4238   17.4618
   -7.5000   45.0000   22.5000 6372.8618   17.4271
    0.0000   45.0000   22.5000 6377.3960   17.4581
    7.5000   45.0000   22.5000 6001.6240   17.4752
   -7.5000  -45.0000   30.0000 8066.9043   16.5550
    0.0000  -45.0000   30.0000 8155.5293   16.5738
    7.5000  -45.0000   30.0000 7734.7476   16.5702
   -7.5000  -37.5000   30.0000 8499.1855   17.6154
    0.0000  -37.5000   30.0000 8578.7539   17.6375
    7.5000  -37.5000   30.0000 8131.3091   17.6378
   -7.5000  -30.0000   30.0000 9017.9697   18.0769
    0.0000  -30.0000   30.0000 9112.7480   18.1014
    7.5000  -30.0000   30.0000 8593.4473   18.1017
   -7.5000  -22.5000   30.0000 9668.0586   18.0901
    0.0000  -22.5000   30.0000 9795.0107   18.1144
    7.5000  -22.5000   30.0000 9167.4990   18.1095
   -7.5000  -15.0000   30.000010227.6748   18.0938
    0.0000  -15.0000   30.000010340.3828   18.1158
    7.5000  -15.0000   30.0000 9708.1152   18.1053
   -7.5000   -7.5000   30.000010228.6494   18.0832
    0.0000   -7.5000   30.000010317.4883   18.1036
    7.5000   -7.5000   30.0000 9690.7490   18.0941
   -7.5000    0.0000   30.000010064.5322   18.0699
    0.0000    0.0000   30.000010134.6221   18.0904
    7.5000    0.0000   30.0000 9527.3779   18.0865
   -7.5000    7.5000   30.0000 9318.3701   18.0622
    0.0000    7.5000   30.0000 9373.0850   18.0848
    7.5000    7.5000   30.0000 8824.2598   18.0852
   -7.5000   15.0000   30.0000 8911.2686   18.0705
    0.0000   15.0000   30.0000 8961.1670   18.0950
    7.5000   15.0000   30.0000 8428.6240   18.0953
   -7.5000   22.5000   30.0000 8081.8501   17.8744
    0.0000   22.5000   30.0000 8122.5933   17.8982
    7.5000   22.5000   30.0000 7643.9419   17.8933
   -7.5000   30.0000   30.0000 7359.0996   17.6333
    0.0000   30.0000   30.0000 7397.4473   17.6543
    7.5000   30.0000   30.0000 6971.6191   17.6435
   -7.5000   37.5000   30.0000 6660.7593   17.5056
    0.0000   37.5000   30.0000 6685.0991   17.5279
    7.5000   37.5000   30.0000 6308.6030   17.5201
   -7.5000   45.0000   30.0000 5946.8413   17.5079
    0.0000   45.0000   30.0000 5966.1372   17.5371
    7.5000   45.0000   30.0000 5626.6250   17.5451
   -7.5000  -45.0000   37.5000 7585.8477   16.5444
    0.0000  -45.0000   37.5000 7647.6948   16.5724
    7.5000  -45.0000   37.5000 7252.6665   16.5761
   -7.5000  -37.5000   37.5000 7987.8940   17.6112
    0.0000  -37.5000   37.5000 8056.9243   17.6439
    7.5000  -37.5000   37.5000 7637.2964   17.6513
   -7.5000  -30.0000   37.5000 8463.0918   18.0611
    0.0000  -30.0000   37.5000 8540.6631   18.0963
    7.5000  -30.0000   37.5000 8076.9087   18.1041
   -7.5000  -22.5000   37.5000 9023.1689   18.0707
    0.0000  -22.5000   37.5000 9103.0869   18.1053
    7.5000  -22.5000   37.5000 8601.8682   18.1087
   -7.5000  -15.0000   37.5000 9545.8438   18.0705
    0.0000  -15.0000   37.5000 9606.6914   18.1023
    7.5000  -15.0000   37.5000 9118.3994   18.1011
   -7.5000   -7.5000   37.5000 9569.3164   18.0601
    0.0000   -7.5000   37.5000 9618.7305   18.0900
    7.5000   -7.5000   37.5000 9124.7314   18.0897
   -7.5000    0.0000   37.5000 9434.7275   18.0515
    0.0000    0.0000   37.5000 9471.2451   18.0820
    7.5000    0.0000   37.5000 8977.1621   18.0860
   -7.5000    7.5000   37.5000 8745.8291   18.0468
    0.0000    7.5000   37.5000 8769.7646   18.0803
    7.5000    7.5000   37.5000 8309.3438   18.0878
   -7.5000   15.0000   37.5000 8370.8076   18.0545
    0.0000   15.0000   37.5000 8389.0527   18.0897
    7.5000   15.0000   37.5000 7934.0713   18.0975
   -7.5000   22.5000   37.5000 7599.5459   17.8493
    0.0000   22.5000   37.5000 7623.8369   17.8835
    7.5000   22.5000   37.5000 7187.0898   17.8870
   -7.5000   30.0000   37.5000 6905.4502   17.6012
    0.0000   30.0000   37.5000 6937.3281   17.6327
    7.5000   30.0000   37.5000 6539.4082   17.6312
   -7.5000   37.5000   37.5000 6213.9561   17.4650
    0.0000   37.5000   37.5000 6247.5586   17.4967
    7.5000   37.5000   37.5000 5897.1167   17.4976
   -7.5000   45.0000   37.5000 5527.8335   17.4695
    0.0000   45.0000   37.5000 5557.7363   17.5062
    7.5000   45.0000   37.5000 5244.9873   17.5183
   -7.5000  -45.0000   45.0000 7072.7603   16.6113
    0.0000  -45.0000   45.0000 7118.4189   16.6520
    7.5000  -45.0000   45.0000 6747.5161   16.6747
   -7.5000  -37.5000   45.0000 7446.5283   17.6825
    0.0000  -37.5000   45.0000 7497.6890   17.7260
    7.5000  -37.5000   45.0000 7098.4922   17.7505
   -7.5000  -30.0000   45.0000 7881.0444   18.1132
    0.0000  -30.0000   45.0000 7946.2324   18.1556
    7.5000  -30.0000   45.0000 7521.3872   18.1774
   -7.5000  -22.5000   45.0000 8381.4688   18.1200
    0.0000  -22.5000   45.0000 8442.7139   18.1607
    7.5000  -22.5000   45.0000 8002.0625   18.1780
   -7.5000  -15.0000   45.0000 8852.6807   18.1213
    0.0000  -15.0000   45.0000 8895.0117   18.1622
    7.5000  -15.0000   45.0000 8460.3857   18.1783
   -7.5000   -7.5000   45.0000 8896.3564   18.1150
    0.0000   -7.5000   45.0000 8933.5742   18.1574
    7.5000   -7.5000   45.0000 8489.5840   18.1778
   -7.5000    0.0000   45.0000 8762.7334   18.1090
    0.0000    0.0000   45.0000 8800.5547   18.1533
    7.5000    0.0000   45.0000 8363.0508   18.1780
   -7.5000    7.5000   45.0000 8124.7095   18.1024
    0.0000    7.5000   45.0000 8151.8535   18.1469
    7.5000    7.5000   45.0000 7751.8218   18.1720
   -7.5000   15.0000   45.0000 7774.3120   18.1064
    0.0000   15.0000   45.0000 7799.7158   18.1488
    7.5000   15.0000   45.0000 7403.0752   18.1706
   -7.5000   22.5000   45.0000 7072.9287   17.8880
    0.0000   22.5000   45.0000 7088.9043   17.9282
    7.5000   22.5000   45.0000 6715.2881   17.9454
   -7.5000   30.0000   45.0000 6428.2031   17.6272
    0.0000   30.0000   45.0000 6446.5879   17.6680
    7.5000   30.0000   45.0000 6097.6016   17.6841
   -7.5000   37.5000   45.0000 5763.0811   17.4747
    0.0000   37.5000   45.0000 5793.4282   17.5202
    7.5000   37.5000   45.0000 5479.9595   17.5417
   -7.5000   45.0000   45.0000 5126.8765   17.4661
    0.0000   45.0000   45.0000 5152.5996   17.5164
    7.5000   45.0000   45.0000 4866.2598   17.5470

---------------------------------------------------------------------
imgreg_4dfp /opt/freesurfer/average/711-2C_as_mni_average_305 /opt/freesurfer/average/711-2B_as_mni_average_305_mask talsrcimg_g11 none talsrcimg_to_711-2C_as_mni_average_305_t4 4355
---------------------------------------------------------------------

freesurfer imgreg_4dfp.c
/opt/freesurfer/average/711-2C_as_mni_average_305.4dfp.img
       256       256       256         1
  1.000000  1.000000  1.000000
orientation T byte_order littleendian
Reading image: /opt/freesurfer/average/711-2C_as_mni_average_305.4dfp.img
dimensions:      256       256       256
mmppix:       1.0000   -1.0000   -1.0000
center:     128.0000 -129.0000 -129.0000
/opt/freesurfer/average/711-2B_as_mni_average_305_mask.4dfp.img
       256       256       256         1
  1.000000  1.000000  1.000000
orientation T byte_order littleendian
Reading mask: /opt/freesurfer/average/711-2B_as_mni_average_305_mask.4dfp.img (2306576 pixels)
talsrcimg_g11.4dfp.img
       256       256       256         1
  0.898438  0.898438  0.898438
orientation T byte_order littleendian
Reading image: talsrcimg_g11.4dfp.img
dimensions:      256       256       256
mmppix:       0.8984   -0.8984   -0.8984
center:     115.0001 -115.8985 -115.8985
rotation matrix determinant  1.000000
image alignment mode   4355 decimal     1103 hex
   -7.5000  -60.0000  -30.0000 2099.9749   18.0947
    0.0000  -60.0000  -30.0000 2126.8928   17.9999
    7.5000  -60.0000  -30.0000 2116.5308   18.0827
   -7.5000  -52.5000  -30.0000 2199.5063   16.5636
    0.0000  -52.5000  -30.0000 2217.2808   16.4676
    7.5000  -52.5000  -30.0000 2208.7051   16.5692
   -7.5000  -45.0000  -30.0000 2286.4087   15.5780
    0.0000  -45.0000  -30.0000 2303.5400   15.5213
    7.5000  -45.0000  -30.0000 2299.5386   15.6524
   -7.5000  -37.5000  -30.0000 2328.5991   14.8027
    0.0000  -37.5000  -30.0000 2349.4045   14.7233
    7.5000  -37.5000  -30.0000 2337.5789   14.8594
   -7.5000  -30.0000  -30.0000 2356.3213   14.2648
    0.0000  -30.0000  -30.0000 2378.9075   14.1524
    7.5000  -30.0000  -30.0000 2358.5120   14.3192
   -7.5000  -22.5000  -30.0000 2357.8904   14.0781
    0.0000  -22.5000  -30.0000 2380.8030   13.9809
    7.5000  -22.5000  -30.0000 2361.3657   14.1385
   -7.5000  -15.0000  -30.0000 2364.3630   14.1358
    0.0000  -15.0000  -30.0000 2379.3052   14.0370
    7.5000  -15.0000  -30.0000 2360.0107   14.2308
   -7.5000   -7.5000  -30.0000 2346.0696   14.4924
    0.0000   -7.5000  -30.0000 2359.1685   14.3373
    7.5000   -7.5000  -30.0000 2340.3245   14.5748
   -7.5000    0.0000  -30.0000 2312.9263   14.9764
    0.0000    0.0000  -30.0000 2325.9417   14.8928
    7.5000    0.0000  -30.0000 2301.3762   15.1447
   -7.5000    7.5000  -30.0000 2254.9011   15.7819
    0.0000    7.5000  -30.0000 2269.5400   15.6893
    7.5000    7.5000  -30.0000 2241.6406   15.9710
   -7.5000   15.0000  -30.0000 2178.5503   16.9238
    0.0000   15.0000  -30.0000 2192.6992   16.8049
    7.5000   15.0000  -30.0000 2167.4353   17.0573
   -7.5000   22.5000  -30.0000 2076.8770   18.5274
    0.0000   22.5000  -30.0000 2090.2986   18.3775
    7.5000   22.5000  -30.0000 2065.7910   18.6386
   -7.5000   30.0000  -30.0000 1976.5260   20.7297
    0.0000   30.0000  -30.0000 1982.7961   20.5838
    7.5000   30.0000  -30.0000 1950.0883   20.8164
   -7.5000  -60.0000  -22.5000 2220.8699   17.5072
    0.0000  -60.0000  -22.5000 2248.9817   17.4043
    7.5000  -60.0000  -22.5000 2233.5481   17.4790
   -7.5000  -52.5000  -22.5000 2322.6223   15.9529
    0.0000  -52.5000  -22.5000 2347.9148   15.8408
    7.5000  -52.5000  -22.5000 2332.8511   15.9708
   -7.5000  -45.0000  -22.5000 2420.8867   14.9511
    0.0000  -45.0000  -22.5000 2442.7788   14.8380
    7.5000  -45.0000  -22.5000 2430.0464   14.9946
   -7.5000  -37.5000  -22.5000 2471.0198   14.1560
    0.0000  -37.5000  -22.5000 2490.3052   14.0696
    7.5000  -37.5000  -22.5000 2478.3079   14.1898
   -7.5000  -30.0000  -22.5000 2504.4277   13.6162
    0.0000  -30.0000  -22.5000 2526.4980   13.5080
    7.5000  -30.0000  -22.5000 2507.5042   13.6384
   -7.5000  -22.5000  -22.5000 2516.2778   13.4261
    0.0000  -22.5000  -22.5000 2536.3132   13.3342
    7.5000  -22.5000  -22.5000 2514.4604   13.4938
   -7.5000  -15.0000  -22.5000 2517.8027   13.4870
    0.0000  -15.0000  -22.5000 2534.8679   13.4112
    7.5000  -15.0000  -22.5000 2510.1609   13.6024
   -7.5000   -7.5000  -22.5000 2496.6135   13.7943
    0.0000   -7.5000  -22.5000 2513.7852   13.6876
    7.5000   -7.5000  -22.5000 2490.9392   13.9143
   -7.5000    0.0000  -22.5000 2465.4609   14.2611
    0.0000    0.0000  -22.5000 2483.0659   14.2003
    7.5000    0.0000  -22.5000 2450.7122   14.4369
   -7.5000    7.5000  -22.5000 2408.2908   15.0461
    0.0000    7.5000  -22.5000 2422.2917   14.9620
    7.5000    7.5000  -22.5000 2388.7827   15.2363
   -7.5000   15.0000  -22.5000 2318.6968   16.1385
    0.0000   15.0000  -22.5000 2334.1501   16.0153
    7.5000   15.0000  -22.5000 2303.6479   16.2668
   -7.5000   22.5000  -22.5000 2202.4385   17.6310
    0.0000   22.5000  -22.5000 2219.1079   17.5058
    7.5000   22.5000  -22.5000 2193.7646   17.7620
   -7.5000   30.0000  -22.5000 2088.0093   19.7017
    0.0000   30.0000  -22.5000 2097.5093   19.5651
    7.5000   30.0000  -22.5000 2071.7593   19.8092
   -7.5000  -60.0000  -15.0000 2307.8464   16.8223
    0.0000  -60.0000  -15.0000 2332.5945   16.7050
    7.5000  -60.0000  -15.0000 2320.0063   16.7981
   -7.5000  -52.5000  -15.0000 2413.4807   15.2456
    0.0000  -52.5000  -15.0000 2435.8052   15.1472
    7.5000  -52.5000  -15.0000 2426.9546   15.2722
   -7.5000  -45.0000  -15.0000 2516.3018   14.2224
    0.0000  -45.0000  -15.0000 2541.5701   14.1211
    7.5000  -45.0000  -15.0000 2526.1582   14.2622
   -7.5000  -37.5000  -15.0000 2577.3340   13.4210
    0.0000  -37.5000  -15.0000 2601.4304   13.3432
    7.5000  -37.5000  -15.0000 2587.2075   13.4630
   -7.5000  -30.0000  -15.0000 2620.7925   12.9021
    0.0000  -30.0000  -15.0000 2639.3157   12.8300
    7.5000  -30.0000  -15.0000 2623.0842   12.9422
   -7.5000  -22.5000  -15.0000 2644.6643   12.6713
    0.0000  -22.5000  -15.0000 2666.2988   12.6039
    7.5000  -22.5000  -15.0000 2639.4778   12.7349
   -7.5000  -15.0000  -15.0000 2649.5547   12.7457
    0.0000  -15.0000  -15.0000 2667.1838   12.6694
    7.5000  -15.0000  -15.0000 2640.4512   12.8510
   -7.5000   -7.5000  -15.0000 2635.2671   13.0267
    0.0000   -7.5000  -15.0000 2651.7046   12.9657
    7.5000   -7.5000  -15.0000 2625.4675   13.1526
   -7.5000    0.0000  -15.0000 2596.4099   13.5131
    0.0000    0.0000  -15.0000 2618.2000   13.4472
    7.5000    0.0000  -15.0000 2584.1946   13.6569
   -7.5000    7.5000  -15.0000 2535.2229   14.2419
    0.0000    7.5000  -15.0000 2554.0469   14.1807
    7.5000    7.5000  -15.0000 2513.3262   14.4042
   -7.5000   15.0000  -15.0000 2434.0884   15.2725
    0.0000   15.0000  -15.0000 2451.5110   15.1586
    7.5000   15.0000  -15.0000 2418.9136   15.4159
   -7.5000   22.5000  -15.0000 2311.2515   16.6716
    0.0000   22.5000  -15.0000 2325.8748   16.5669
    7.5000   22.5000  -15.0000 2301.3291   16.8143
   -7.5000   30.0000  -15.0000 2179.6731   18.6131
    0.0000   30.0000  -15.0000 2194.1289   18.4926
    7.5000   30.0000  -15.0000 2171.4072   18.7735
   -7.5000  -60.0000   -7.5000 2354.1685   16.0556
    0.0000  -60.0000   -7.5000 2377.3464   15.9166
    7.5000  -60.0000   -7.5000 2364.7874   16.0495
   -7.5000  -52.5000   -7.5000 2460.8430   14.4928
    0.0000  -52.5000   -7.5000 2485.2385   14.3767
    7.5000  -52.5000   -7.5000 2478.2625   14.5211
   -7.5000  -45.0000   -7.5000 2576.2939   13.4767
    0.0000  -45.0000   -7.5000 2599.1382   13.3865
    7.5000  -45.0000   -7.5000 2584.6960   13.5288
   -7.5000  -37.5000   -7.5000 2647.2290   12.6437
    0.0000  -37.5000   -7.5000 2674.1868   12.5953
    7.5000  -37.5000   -7.5000 2658.5928   12.7264
   -7.5000  -30.0000   -7.5000 2694.8298   12.1230
    0.0000  -30.0000   -7.5000 2721.1582   12.0620
    7.5000  -30.0000   -7.5000 2701.3286   12.1821
   -7.5000  -22.5000   -7.5000 2729.5847   11.8610
    0.0000  -22.5000   -7.5000 2753.5798   11.7943
    7.5000  -22.5000   -7.5000 2729.8984   11.9343
   -7.5000  -15.0000   -7.5000 2744.9880   11.9291
    0.0000  -15.0000   -7.5000 2770.6182   11.8431
    7.5000  -15.0000   -7.5000 2738.6272   12.0008
   -7.5000   -7.5000   -7.5000 2737.7029   12.1977
    0.0000   -7.5000   -7.5000 2762.2571   12.1392
    7.5000   -7.5000   -7.5000 2727.2639   12.3082
   -7.5000    0.0000   -7.5000 2693.9619   12.6592
    0.0000    0.0000   -7.5000 2719.2617   12.6043
    7.5000    0.0000   -7.5000 2681.2705   12.7973
   -7.5000    7.5000   -7.5000 2621.7524   13.3545
    0.0000    7.5000   -7.5000 2643.7051   13.2999
    7.5000    7.5000   -7.5000 2604.2512   13.5060
   -7.5000   15.0000   -7.5000 2519.6138   14.3523
    0.0000   15.0000   -7.5000 2537.1543   14.2775
    7.5000   15.0000   -7.5000 2504.0034   14.4878
   -7.5000   22.5000   -7.5000 2388.7786   15.7288
    0.0000   22.5000   -7.5000 2406.1582   15.6100
    7.5000   22.5000   -7.5000 2377.0398   15.8439
   -7.5000   30.0000   -7.5000 2243.4680   17.5484
    0.0000   30.0000   -7.5000 2260.9749   17.4182
    7.5000   30.0000   -7.5000 2237.2402   17.7028
   -7.5000  -60.0000    0.0000 2389.0354   15.5944
    0.0000  -60.0000    0.0000 2408.2827   15.4494
    7.5000  -60.0000    0.0000 2399.3127   15.6049
   -7.5000  -52.5000    0.0000 2501.9065   14.0586
    0.0000  -52.5000    0.0000 2523.5813   13.9185
    7.5000  -52.5000    0.0000 2515.2251   14.0883
   -7.5000  -45.0000    0.0000 2624.3616   13.0202
    0.0000  -45.0000    0.0000 2651.0613   12.9150
    7.5000  -45.0000    0.0000 2635.3958   13.0566
   -7.5000  -37.5000    0.0000 2709.7803   12.1491
    0.0000  -37.5000    0.0000 2740.3220   12.0953
    7.5000  -37.5000    0.0000 2722.7773   12.2176
   -7.5000  -30.0000    0.0000 2771.2805   11.5774
    0.0000  -30.0000    0.0000 2800.9783   11.5066
    7.5000  -30.0000    0.0000 2787.8767   11.6412
   -7.5000  -22.5000    0.0000 2818.6914   11.3138
    0.0000  -22.5000    0.0000 2850.7769   11.2453
    7.5000  -22.5000    0.0000 2824.9792   11.3657
   -7.5000  -15.0000    0.0000 2843.0505   11.3461
    0.0000  -15.0000    0.0000 2876.7607   11.2382
    7.5000  -15.0000    0.0000 2836.3687   11.3971
   -7.5000   -7.5000    0.0000 2838.6047   11.5838
    0.0000   -7.5000    0.0000 2864.0203   11.4956
    7.5000   -7.5000    0.0000 2819.9607   11.6821
   -7.5000    0.0000    0.0000 2782.8577   12.0353
    0.0000    0.0000    0.0000 2808.3711   11.9682
    7.5000    0.0000    0.0000 2768.6846   12.1588
   -7.5000    7.5000    0.0000 2702.4312   12.7418
    0.0000    7.5000    0.0000 2725.8442   12.6731
    7.5000    7.5000    0.0000 2682.8555   12.8722
   -7.5000   15.0000    0.0000 2588.3965   13.7303
    0.0000   15.0000    0.0000 2611.2183   13.6440
    7.5000   15.0000    0.0000 2575.4751   13.8705
   -7.5000   22.5000    0.0000 2455.0562   15.1006
    0.0000   22.5000    0.0000 2476.8787   14.9618
    7.5000   22.5000    0.0000 2440.6912   15.2203
   -7.5000   30.0000    0.0000 2306.6919   16.8918
    0.0000   30.0000    0.0000 2327.9849   16.7318
    7.5000   30.0000    0.0000 2294.3540   17.0214
   -7.5000  -60.0000    7.5000 2394.9688   15.2435
    0.0000  -60.0000    7.5000 2414.7517   15.0774
    7.5000  -60.0000    7.5000 2407.9106   15.2402
   -7.5000  -52.5000    7.5000 2512.2957   13.6801
    0.0000  -52.5000    7.5000 2535.5444   13.5678
    7.5000  -52.5000    7.5000 2525.3149   13.7399
   -7.5000  -45.0000    7.5000 2638.6709   12.6144
    0.0000  -45.0000    7.5000 2665.1433   12.5237
    7.5000  -45.0000    7.5000 2649.2949   12.6654
   -7.5000  -37.5000    7.5000 2740.8525   11.7140
    0.0000  -37.5000    7.5000 2771.3477   11.6280
    7.5000  -37.5000    7.5000 2755.6355   11.7701
   -7.5000  -30.0000    7.5000 2825.1138   11.1032
    0.0000  -30.0000    7.5000 2857.6191   11.0229
    7.5000  -30.0000    7.5000 2836.7500   11.1583
   -7.5000  -22.5000    7.5000 2895.6255   10.8571
    0.0000  -22.5000    7.5000 2929.2161   10.7835
    7.5000  -22.5000    7.5000 2894.0571   10.8993
   -7.5000  -15.0000    7.5000 2922.9229   10.9134
    0.0000  -15.0000    7.5000 2964.2456   10.8316
    7.5000  -15.0000    7.5000 2906.0581   10.9606
   -7.5000   -7.5000    7.5000 2911.8386   11.0976
    0.0000   -7.5000    7.5000 2946.3430   10.9978
    7.5000   -7.5000    7.5000 2877.7432   11.1964
   -7.5000    0.0000    7.5000 2842.2344   11.5132
    0.0000    0.0000    7.5000 2869.2046   11.4294
    7.5000    0.0000    7.5000 2817.0425   11.6497
   -7.5000    7.5000    7.5000 2752.7930   12.2252
    0.0000    7.5000    7.5000 2778.0166   12.1532
    7.5000    7.5000    7.5000 2729.5356   12.3764
   -7.5000   15.0000    7.5000 2629.7903   13.2585
    0.0000   15.0000    7.5000 2656.4761   13.1719
    7.5000   15.0000    7.5000 2614.8306   13.3860
   -7.5000   22.5000    7.5000 2488.9048   14.6401
    0.0000   22.5000    7.5000 2507.8010   14.5221
    7.5000   22.5000    7.5000 2476.0229   14.7361
   -7.5000   30.0000    7.5000 2339.8723   16.3551
    0.0000   30.0000    7.5000 2357.5144   16.2625
    7.5000   30.0000    7.5000 2323.0205   16.5149
   -7.5000  -60.0000   15.0000 2386.6509   15.1175
    0.0000  -60.0000   15.0000 2412.2036   14.9240
    7.5000  -60.0000   15.0000 2399.0286   15.1344
   -7.5000  -52.5000   15.0000 2504.2222   13.5353
    0.0000  -52.5000   15.0000 2527.8394   13.3760
    7.5000  -52.5000   15.0000 2513.1499   13.5712
   -7.5000  -45.0000   15.0000 2635.5474   12.4272
    0.0000  -45.0000   15.0000 2656.5283   12.2839
    7.5000  -45.0000   15.0000 2641.4365   12.4795
   -7.5000  -37.5000   15.0000 2747.6865   11.5107
    0.0000  -37.5000   15.0000 2772.9241   11.3861
    7.5000  -37.5000   15.0000 2754.7424   11.5712
   -7.5000  -30.0000   15.0000 2851.2722   10.9033
    0.0000  -30.0000   15.0000 2884.6030   10.7979
    7.5000  -30.0000   15.0000 2851.3303   10.9590
   -7.5000  -22.5000   15.0000 2940.9988   10.6601
    0.0000  -22.5000   15.0000 2982.5813   10.5762
    7.5000  -22.5000   15.0000 2930.0718   10.6945
   -7.5000  -15.0000   15.0000 2982.8630   10.6961
    0.0000  -15.0000   15.0000 3029.8064   10.6550
    7.5000  -15.0000   15.0000 2945.6719   10.7461
   -7.5000   -7.5000   15.0000 2956.2124   10.8571
    0.0000   -7.5000   15.0000 2993.1799   10.7931
    7.5000   -7.5000   15.0000 2910.5798   10.9520
   -7.5000    0.0000   15.0000 2878.4648   11.2691
    0.0000    0.0000   15.0000 2901.8210   11.1959
    7.5000    0.0000   15.0000 2841.6860   11.4022
   -7.5000    7.5000   15.0000 2775.6946   11.9910
    0.0000    7.5000   15.0000 2792.9763   11.9220
    7.5000    7.5000   15.0000 2749.2495   12.1098
   -7.5000   15.0000   15.0000 2646.3560   13.0545
    0.0000   15.0000   15.0000 2664.1448   12.9600
    7.5000   15.0000   15.0000 2626.7634   13.1341
   -7.5000   22.5000   15.0000 2499.0227   14.4137
    0.0000   22.5000   15.0000 2517.9934   14.2942
    7.5000   22.5000   15.0000 2487.4258   14.5096
   -7.5000   30.0000   15.0000 2343.0720   16.0877
    0.0000   30.0000   15.0000 2360.3083   15.9709
    7.5000   30.0000   15.0000 2331.1621   16.2286
   -7.5000  -60.0000   22.5000 2370.6926   15.2191
    0.0000  -60.0000   22.5000 2397.9724   14.9985
    7.5000  -60.0000   22.5000 2372.8540   15.2362
   -7.5000  -52.5000   22.5000 2484.1582   13.5964
    0.0000  -52.5000   22.5000 2502.7200   13.4065
    7.5000  -52.5000   22.5000 2484.1895   13.6801
   -7.5000  -45.0000   22.5000 2619.2366   12.4867
    0.0000  -45.0000   22.5000 2635.4031   12.3398
    7.5000  -45.0000   22.5000 2613.4060   12.5741
   -7.5000  -37.5000   22.5000 2735.1768   11.5714
    0.0000  -37.5000   22.5000 2752.8469   11.4696
    7.5000  -37.5000   22.5000 2726.1223   11.6668
   -7.5000  -30.0000   22.5000 2844.8223   10.9569
    0.0000  -30.0000   22.5000 2870.3894   10.8764
    7.5000  -30.0000   22.5000 2831.4641   11.0700
   -7.5000  -22.5000   22.5000 2943.2473   10.7231
    0.0000  -22.5000   22.5000 2979.1265   10.6426
    7.5000  -22.5000   22.5000 2918.7861   10.7843
   -7.5000  -15.0000   22.5000 2985.8286   10.6878
    0.0000  -15.0000   22.5000 3027.8818   10.6564
    7.5000  -15.0000   22.5000 2938.3865   10.7826
   -7.5000   -7.5000   22.5000 2955.4810   10.8639
    0.0000   -7.5000   22.5000 2984.4199   10.8338
    7.5000   -7.5000   22.5000 2900.7605   11.0108
   -7.5000    0.0000   22.5000 2879.3730   11.3249
    0.0000    0.0000   22.5000 2892.5789   11.2688
    7.5000    0.0000   22.5000 2832.0901   11.4416
   -7.5000    7.5000   22.5000 2766.6250   12.0609
    0.0000    7.5000   22.5000 2779.3628   11.9616
    7.5000    7.5000   22.5000 2737.4988   12.1447
   -7.5000   15.0000   22.5000 2638.4131   13.0712
    0.0000   15.0000   22.5000 2646.2766   12.9488
    7.5000   15.0000   22.5000 2613.7444   13.1255
   -7.5000   22.5000   22.5000 2490.9695   14.4079
    0.0000   22.5000   22.5000 2499.4258   14.2718
    7.5000   22.5000   22.5000 2476.2422   14.4542
   -7.5000   30.0000   22.5000 2335.5791   16.0223
    0.0000   30.0000   22.5000 2344.6279   15.8808
    7.5000   30.0000   22.5000 2324.0623   16.1260
   -7.5000  -60.0000   30.0000 2348.2681   15.6093
    0.0000  -60.0000   30.0000 2369.8015   15.4161
    7.5000  -60.0000   30.0000 2341.3696   15.6802
   -7.5000  -52.5000   30.0000 2453.0315   13.8995
    0.0000  -52.5000   30.0000 2470.4863   13.7938
    7.5000  -52.5000   30.0000 2447.9387   14.0822
   -7.5000  -45.0000   30.0000 2591.7488   12.7959
    0.0000  -45.0000   30.0000 2601.1331   12.7037
    7.5000  -45.0000   30.0000 2579.3777   12.9706
   -7.5000  -37.5000   30.0000 2709.5469   11.8783
    0.0000  -37.5000   30.0000 2715.4246   11.8257
    7.5000  -37.5000   30.0000 2686.9045   12.0579
   -7.5000  -30.0000   30.0000 2817.4778   11.2863
    0.0000  -30.0000   30.0000 2827.8889   11.2126
    7.5000  -30.0000   30.0000 2787.9480   11.3965
   -7.5000  -22.5000   30.0000 2907.9077   11.0034
    0.0000  -22.5000   30.0000 2927.0168   10.9361
    7.5000  -22.5000   30.0000 2870.0613   11.0713
   -7.5000  -15.0000   30.0000 2942.0417   10.9447
    0.0000  -15.0000   30.0000 2960.0718   10.8741
    7.5000  -15.0000   30.0000 2894.6665   11.0501
   -7.5000   -7.5000   30.0000 2911.8044   11.1781
    0.0000   -7.5000   30.0000 2925.2756   11.0885
    7.5000   -7.5000   30.0000 2860.8774   11.2853
   -7.5000    0.0000   30.0000 2841.9395   11.6627
    0.0000    0.0000   30.0000 2850.3840   11.5803
    7.5000    0.0000   30.0000 2795.4563   11.7473
   -7.5000    7.5000   30.0000 2730.8452   12.3617
    0.0000    7.5000   30.0000 2740.0164   12.2522
    7.5000    7.5000   30.0000 2696.6587   12.4540
   -7.5000   15.0000   30.0000 2605.0598   13.3336
    0.0000   15.0000   30.0000 2611.8398   13.2164
    7.5000   15.0000   30.0000 2573.7322   13.4170
   -7.5000   22.5000   30.0000 2463.5898   14.6111
    0.0000   22.5000   30.0000 2468.7888   14.5156
    7.5000   22.5000   30.0000 2440.0073   14.7174
   -7.5000   30.0000   30.0000 2312.7493   16.1941
    0.0000   30.0000   30.0000 2316.3040   16.0758
    7.5000   30.0000   30.0000 2293.4590   16.3268
   -7.5000  -60.0000   37.5000 2307.5256   16.1954
    0.0000  -60.0000   37.5000 2326.7107   16.1142
    7.5000  -60.0000   37.5000 2298.7051   16.4299
   -7.5000  -52.5000   37.5000 2422.3093   14.4720
    0.0000  -52.5000   37.5000 2430.6978   14.3949
    7.5000  -52.5000   37.5000 2407.0193   14.7001
   -7.5000  -45.0000   37.5000 2555.6599   13.3365
    0.0000  -45.0000   37.5000 2559.7297   13.2644
    7.5000  -45.0000   37.5000 2532.2454   13.5656
   -7.5000  -37.5000   37.5000 2669.3286   12.4101
    0.0000  -37.5000   37.5000 2675.1892   12.3492
    7.5000  -37.5000   37.5000 2641.3232   12.6376
   -7.5000  -30.0000   37.5000 2768.6582   11.8032
    0.0000  -30.0000   37.5000 2775.8022   11.7381
    7.5000  -30.0000   37.5000 2734.2117   11.9592
   -7.5000  -22.5000   37.5000 2840.3008   11.4719
    0.0000  -22.5000   37.5000 2847.9597   11.4119
    7.5000  -22.5000   37.5000 2794.1685   11.6086
   -7.5000  -15.0000   37.5000 2866.4353   11.4172
    0.0000  -15.0000   37.5000 2875.8997   11.3414
    7.5000  -15.0000   37.5000 2823.7893   11.5392
   -7.5000   -7.5000   37.5000 2833.3152   11.6715
    0.0000   -7.5000   37.5000 2840.7993   11.6049
    7.5000   -7.5000   37.5000 2792.0818   11.8011
   -7.5000    0.0000   37.5000 2769.2310   12.1452
    0.0000    0.0000   37.5000 2775.4290   12.0848
    7.5000    0.0000   37.5000 2728.7351   12.2737
   -7.5000    7.5000   37.5000 2667.4954   12.8311
    0.0000    7.5000   37.5000 2675.8462   12.7377
    7.5000    7.5000   37.5000 2636.3904   12.9438
   -7.5000   15.0000   37.5000 2552.8833   13.7672
    0.0000   15.0000   37.5000 2556.8069   13.6782
    7.5000   15.0000   37.5000 2524.2898   13.8723
   -7.5000   22.5000   37.5000 2418.1824   14.9970
    0.0000   22.5000   37.5000 2420.8413   14.9253
    7.5000   22.5000   37.5000 2389.8105   15.1658
   -7.5000   30.0000   37.5000 2271.1174   16.5606
    0.0000   30.0000   37.5000 2279.0044   16.4941
    7.5000   30.0000   37.5000 2251.9851   16.7374
   -7.5000  -60.0000   45.0000 2241.0857   16.9701
    0.0000  -60.0000   45.0000 2252.4241   16.8485
    7.5000  -60.0000   45.0000 2231.7444   17.2502
   -7.5000  -52.5000   45.0000 2354.2407   15.1891
    0.0000  -52.5000   45.0000 2363.5823   15.0911
    7.5000  -52.5000   45.0000 2338.8440   15.4537
   -7.5000  -45.0000   45.0000 2488.5815   14.0006
    0.0000  -45.0000   45.0000 2492.7146   13.9115
    7.5000  -45.0000   45.0000 2460.7190   14.2881
   -7.5000  -37.5000   45.0000 2596.4619   13.0489
    0.0000  -37.5000   45.0000 2599.9185   12.9893
    7.5000  -37.5000   45.0000 2557.3845   13.3054
   -7.5000  -30.0000   45.0000 2683.6191   12.4054
    0.0000  -30.0000   45.0000 2689.9153   12.3577
    7.5000  -30.0000   45.0000 2641.6411   12.6296
   -7.5000  -22.5000   45.0000 2736.6453   12.0629
    0.0000  -22.5000   45.0000 2743.3789   11.9994
    7.5000  -22.5000   45.0000 2690.7769   12.2562
   -7.5000  -15.0000   45.0000 2756.3723   11.9888
    0.0000  -15.0000   45.0000 2757.9546   11.9258
    7.5000  -15.0000   45.0000 2708.5454   12.1774
   -7.5000   -7.5000   45.0000 2722.8521   12.2628
    0.0000   -7.5000   45.0000 2728.2153   12.1935
    7.5000   -7.5000   45.0000 2680.8950   12.4463
   -7.5000    0.0000   45.0000 2652.0247   12.7277
    0.0000    0.0000   45.0000 2658.3281   12.6531
    7.5000    0.0000   45.0000 2616.4194   12.8873
   -7.5000    7.5000   45.0000 2564.8247   13.3750
    0.0000    7.5000   45.0000 2568.9978   13.2950
    7.5000    7.5000   45.0000 2536.3870   13.5498
   -7.5000   15.0000   45.0000 2460.7478   14.2991
    0.0000   15.0000   45.0000 2461.8416   14.2494
    7.5000   15.0000   45.0000 2433.6838   14.4812
   -7.5000   22.5000   45.0000 2340.1382   15.4973
    0.0000   22.5000   45.0000 2341.6167   15.4411
    7.5000   22.5000   45.0000 2316.2231   15.6943
   -7.5000   30.0000   45.0000 2200.8901   17.0608
    0.0000   30.0000   45.0000 2201.8469   17.0076
    7.5000   30.0000   45.0000 2178.4177   17.2639
   -7.5000  -60.0000   52.5000 2152.4531   17.7317
    0.0000  -60.0000   52.5000 2165.7612   17.5701
    7.5000  -60.0000   52.5000 2138.0676   18.0089
   -7.5000  -52.5000   52.5000 2259.5037   15.9261
    0.0000  -52.5000   52.5000 2271.6250   15.7939
    7.5000  -52.5000   52.5000 2243.5059   16.2099
   -7.5000  -45.0000   52.5000 2391.2073   14.7197
    0.0000  -45.0000   52.5000 2396.0322   14.6182
    7.5000  -45.0000   52.5000 2358.8464   15.0045
   -7.5000  -37.5000   52.5000 2489.4243   13.7367
    0.0000  -37.5000   52.5000 2493.2720   13.6560
    7.5000  -37.5000   52.5000 2447.4099   13.9788
   -7.5000  -30.0000   52.5000 2566.3271   13.0552
    0.0000  -30.0000   52.5000 2571.3994   13.0067
    7.5000  -30.0000   52.5000 2522.2473   13.3052
   -7.5000  -22.5000   52.5000 2608.4648   12.7006
    0.0000  -22.5000   52.5000 2613.8911   12.6437
    7.5000  -22.5000   52.5000 2561.7068   12.9240
   -7.5000  -15.0000   52.5000 2613.7173   12.6142
    0.0000  -15.0000   52.5000 2614.4341   12.5844
    7.5000  -15.0000   52.5000 2572.6035   12.8418
   -7.5000   -7.5000   52.5000 2579.3767   12.8596
    0.0000   -7.5000   52.5000 2579.0642   12.8114
    7.5000   -7.5000   52.5000 2540.6887   13.0982
   -7.5000    0.0000   52.5000 2519.6714   13.2902
    0.0000    0.0000   52.5000 2520.3215   13.2183
    7.5000    0.0000   52.5000 2486.3467   13.5277
   -7.5000    7.5000   52.5000 2445.5886   13.9041
    0.0000    7.5000   52.5000 2449.5667   13.8205
    7.5000    7.5000   52.5000 2413.9939   14.1148
   -7.5000   15.0000   52.5000 2347.1875   14.8088
    0.0000   15.0000   52.5000 2349.5745   14.7382
    7.5000   15.0000   52.5000 2324.2266   15.0206
   -7.5000   22.5000   52.5000 2232.9800   16.0047
    0.0000   22.5000   52.5000 2234.8081   15.9453
    7.5000   22.5000   52.5000 2212.6199   16.1801
   -7.5000   30.0000   52.5000 2102.4883   17.5704
    0.0000   30.0000   52.5000 2107.8818   17.5339
    7.5000   30.0000   52.5000 2076.7256   17.7726
   -7.5000  -60.0000   60.0000 2090.6133   18.9425
    0.0000  -60.0000   60.0000 2105.8591   18.8220
    7.5000  -60.0000   60.0000 2071.6116   19.2650
   -7.5000  -52.5000   60.0000 2200.1289   17.0752
    0.0000  -52.5000   60.0000 2215.1260   17.0061
    7.5000  -52.5000   60.0000 2177.2952   17.3869
   -7.5000  -45.0000   60.0000 2321.9736   15.8474
    0.0000  -45.0000   60.0000 2333.0737   15.7539
    7.5000  -45.0000   60.0000 2290.7595   16.1572
   -7.5000  -37.5000   60.0000 2411.8213   14.8348
    0.0000  -37.5000   60.0000 2418.4963   14.7578
    7.5000  -37.5000   60.0000 2375.1433   15.1036
   -7.5000  -30.0000   60.0000 2477.1262   14.1444
    0.0000  -30.0000   60.0000 2481.0554   14.0736
    7.5000  -30.0000   60.0000 2436.4509   14.4041
   -7.5000  -22.5000   60.0000 2510.1104   13.7708
    0.0000  -22.5000   60.0000 2511.6138   13.7109
    7.5000  -22.5000   60.0000 2469.0833   13.9954
   -7.5000  -15.0000   60.0000 2513.0596   13.6874
    0.0000  -15.0000   60.0000 2512.1499   13.6465
    7.5000  -15.0000   60.0000 2473.7300   13.8931
   -7.5000   -7.5000   60.0000 2475.0417   13.8950
    0.0000   -7.5000   60.0000 2475.8101   13.8641
    7.5000   -7.5000   60.0000 2441.1602   14.1522
   -7.5000    0.0000   60.0000 2422.8032   14.2705
    0.0000    0.0000   60.0000 2425.1899   14.2529
    7.5000    0.0000   60.0000 2391.9590   14.5406
   -7.5000    7.5000   60.0000 2355.0447   14.8463
    0.0000    7.5000   60.0000 2363.3721   14.8031
    7.5000    7.5000   60.0000 2328.0530   15.0963
   -7.5000   15.0000   60.0000 2265.9307   15.7712
    0.0000   15.0000   60.0000 2276.7825   15.7001
    7.5000   15.0000   60.0000 2246.0129   15.9849
   -7.5000   22.5000   60.0000 2160.3977   16.9887
    0.0000   22.5000   60.0000 2165.4397   16.8940
    7.5000   22.5000   60.0000 2135.6958   17.1789
   -7.5000   30.0000   60.0000 2032.9344   18.6085
    0.0000   30.0000   60.0000 2038.7428   18.5143
    7.5000   30.0000   60.0000 2008.8306   18.7923

---------------------------------------------------------------------
imgreg_4dfp /opt/freesurfer/average/711-2C_as_mni_average_305 /opt/freesurfer/average/711-2B_as_mni_average_305_mask talsrcimg_g11 none talsrcimg_to_711-2C_as_mni_average_305_t4 1283
---------------------------------------------------------------------

freesurfer imgreg_4dfp.c
/opt/freesurfer/average/711-2C_as_mni_average_305.4dfp.img
       256       256       256         1
  1.000000  1.000000  1.000000
orientation T byte_order littleendian
Reading image: /opt/freesurfer/average/711-2C_as_mni_average_305.4dfp.img
dimensions:      256       256       256
mmppix:       1.0000   -1.0000   -1.0000
center:     128.0000 -129.0000 -129.0000
/opt/freesurfer/average/711-2B_as_mni_average_305_mask.4dfp.img
       256       256       256         1
  1.000000  1.000000  1.000000
orientation T byte_order littleendian
Reading mask: /opt/freesurfer/average/711-2B_as_mni_average_305_mask.4dfp.img (2306576 pixels)
talsrcimg_g11.4dfp.img
       256       256       256         1
  0.898438  0.898438  0.898438
orientation T byte_order littleendian
Reading image: talsrcimg_g11.4dfp.img
dimensions:      256       256       256
mmppix:       0.8984   -0.8984   -0.8984
center:     115.0001 -115.8985 -115.8985
rotation matrix determinant  1.000000
fimgreg.f
image alignment mode   1283 decimal      503 hex
parameters
    0.0000  -15.0000   15.0000    0.0000    0.0000    0.0000
eta,q 0.94905 10.65342
niter,ni,del,rscale     5    3   12.0000    1.2000
parameter  3 -0.639356 -> -0.500000 qaram    1.1500
parameter  4  3.228799 ->  0.500000 qaram    1.1500
parameters
   -1.6154  -14.9640   18.4500   -3.4500    1.4005    1.7929
eta,q 0.95941 10.59621
  0.0562  0.0581  0.0665  0.0397  0.0528  0.0502
  0.0526  0.0552  0.0617  0.0411  0.0484  0.0458
  0.0510  0.0525  0.0560  0.0432  0.0445  0.0425
  0.0508  0.0508  0.0508  0.0470  0.0416  0.0408
  0.0541  0.0509  0.0475  0.0515  0.0408  0.0406
  0.0606  0.0537  0.0473  0.0551  0.0425  0.0416
  0.0691  0.0593  0.0499  0.0575  0.0464  0.0429
niter,ni,del,rscale     6    3   12.0000    1.2000
parameter  4  1.183210 ->  0.500000 qaram    1.3225
parameters
   -1.9380  -13.2179   17.7874   -7.4175    1.0930    1.9324
eta,q 0.96504 10.67818
  0.0555  0.0560  0.0514  0.0345  0.0440  0.0430
  0.0462  0.0497  0.0443  0.0347  0.0392  0.0382
  0.0405  0.0439  0.0402  0.0362  0.0361  0.0357
  0.0406  0.0403  0.0399  0.0397  0.0350  0.0350
  0.0432  0.0399  0.0427  0.0442  0.0365  0.0356
  0.0491  0.0410  0.0484  0.0488  0.0407  0.0381
  0.0582  0.0451  0.0561  0.0534  0.0459  0.0420
niter,ni,del,rscale     6    3   12.0000    1.2000
parameters
   -1.8947  -12.0144   16.6132   -9.4070    1.0660    2.0494
eta,q 0.96748 10.71394
  0.0546  0.0533  0.0446  0.0395  0.0423  0.0411
  0.0433  0.0452  0.0373  0.0344  0.0368  0.0361
  0.0361  0.0387  0.0335  0.0325  0.0335  0.0333
  0.0350  0.0350  0.0340  0.0332  0.0325  0.0325
  0.0375  0.0341  0.0387  0.0373  0.0337  0.0333
  0.0437  0.0369  0.0454  0.0430  0.0369  0.0358
  0.0530  0.0436  0.0527  0.0490  0.0424  0.0403
niter,ni,del,rscale     5    3   12.0000    1.2000
parameters
   -1.8035  -11.5401   16.2815   -9.8148    1.0292    2.0824
eta,q 0.96774 10.73044
  0.0529  0.0516  0.0471  0.0430  0.0422  0.0407
  0.0413  0.0415  0.0378  0.0371  0.0366  0.0357
  0.0341  0.0350  0.0327  0.0332  0.0332  0.0330
  0.0325  0.0325  0.0324  0.0322  0.0323  0.0323
  0.0344  0.0333  0.0354  0.0340  0.0336  0.0331
  0.0410  0.0382  0.0414  0.0388  0.0368  0.0357
  0.0511  0.0462  0.0484  0.0454  0.0423  0.0404
niter,ni,del,rscale     4    3   12.0000    1.2000
parameters
   -1.7341  -11.3935   16.2269   -9.9679    0.9851    2.0940
eta,q 0.96776 10.73428
  0.0528  0.0497  0.0484  0.0435  0.0422  0.0407
  0.0411  0.0400  0.0386  0.0377  0.0366  0.0357
  0.0339  0.0341  0.0329  0.0335  0.0332  0.0330
  0.0323  0.0323  0.0323  0.0322  0.0322  0.0322
  0.0340  0.0339  0.0349  0.0334  0.0336  0.0331
  0.0409  0.0394  0.0405  0.0381  0.0369  0.0357
  0.0514  0.0477  0.0473  0.0447  0.0423  0.0405
niter,ni,del,rscale     3    3   12.0000    1.2000
parameters
   -1.7081  -11.3418   16.2161  -10.0205    0.9662    2.0994
eta,q 0.96776 10.73551
  0.0525  0.0492  0.0486  0.0437  0.0423  0.0406
  0.0409  0.0395  0.0387  0.0379  0.0367  0.0357
  0.0338  0.0338  0.0330  0.0337  0.0332  0.0330
  0.0322  0.0322  0.0322  0.0322  0.0322  0.0322
  0.0341  0.0341  0.0348  0.0333  0.0336  0.0331
  0.0412  0.0398  0.0403  0.0378  0.0369  0.0358
  0.0518  0.0481  0.0471  0.0444  0.0423  0.0405
registration optimization eta report
parameter search radius
    6.0000    6.0000    6.9000    7.9350    6.0000    6.0000
100000*second partial in parameter space
       56.       46.       33.       19.       28.       23.
  0.0525  0.0492  0.0486  0.0437  0.0423  0.0406
  0.0409  0.0395  0.0387  0.0379  0.0367  0.0357
  0.0338  0.0338  0.0330  0.0337  0.0332  0.0330
  0.0322  0.0322  0.0322  0.0322  0.0322  0.0322
  0.0341  0.0341  0.0348  0.0333  0.0336  0.0331
  0.0412  0.0398  0.0403  0.0378  0.0369  0.0358
  0.0518  0.0481  0.0471  0.0444  0.0423  0.0405
   -1.7081  -11.3418   16.2161  -10.0205    0.9662    2.0994
eta,q 0.96776 10.73551

---------------------------------------------------------------------
imgreg_4dfp /opt/freesurfer/average/711-2C_as_mni_average_305 /opt/freesurfer/average/711-2B_as_mni_average_305_mask talsrcimg_g11 none talsrcimg_to_711-2C_as_mni_average_305_t4 3335
---------------------------------------------------------------------

freesurfer imgreg_4dfp.c
/opt/freesurfer/average/711-2C_as_mni_average_305.4dfp.img
       256       256       256         1
  1.000000  1.000000  1.000000
orientation T byte_order littleendian
Reading image: /opt/freesurfer/average/711-2C_as_mni_average_305.4dfp.img
dimensions:      256       256       256
mmppix:       1.0000   -1.0000   -1.0000
center:     128.0000 -129.0000 -129.0000
/opt/freesurfer/average/711-2B_as_mni_average_305_mask.4dfp.img
       256       256       256         1
  1.000000  1.000000  1.000000
orientation T byte_order littleendian
Reading mask: /opt/freesurfer/average/711-2B_as_mni_average_305_mask.4dfp.img (2306576 pixels)
talsrcimg_g11.4dfp.img
       256       256       256         1
  0.898438  0.898438  0.898438
orientation T byte_order littleendian
Reading image: talsrcimg_g11.4dfp.img
dimensions:      256       256       256
mmppix:       0.8984   -0.8984   -0.8984
center:     115.0001 -115.8985 -115.8985
fimgreg.f
image alignment mode   3335 decimal      D07 hex
parameters
   -1.7081  -11.3418   16.2161   -0.0813   -1.5808   -1.5395
   -3.3142   -2.2968    3.6628   17.3276    1.6862  -17.3976
eta,q 0.96904 10.68395
niter,ni,del,rscale     5    3    5.0000    1.2000
parameter  5  1.002986 ->  0.500000 qaram    1.1500
parameter  6  0.512837 ->  0.500000 qaram    1.1500
parameter 11  0.991038 ->  0.500000 qaram    1.1500
parameters
   -1.7518  -11.0983   16.1323   -1.1784   -5.7208   -5.6795
   -2.9692   -3.2570    3.5738   17.0992   -2.4538  -14.5450
eta,q 0.97362 10.16961
  0.0348  0.0350  0.0330  0.0325  0.0280  0.0284  0.0309  0.0314  0.0299  0.0309  0.0266  0.0294
  0.0327  0.0330  0.0318  0.0316  0.0284  0.0279  0.0293  0.0293  0.0287  0.0291  0.0267  0.0283
  0.0314  0.0316  0.0311  0.0310  0.0294  0.0278  0.0282  0.0280  0.0280  0.0280  0.0270  0.0274
  0.0310  0.0310  0.0309  0.0309  0.0309  0.0286  0.0278  0.0278  0.0277  0.0277  0.0277  0.0267
  0.0315  0.0312  0.0313  0.0314  0.0331  0.0305  0.0280  0.0288  0.0280  0.0282  0.0287  0.0264
  0.0329  0.0321  0.0321  0.0324  0.0361  0.0337  0.0289  0.0310  0.0288  0.0294  0.0298  0.0266
  0.0352  0.0336  0.0333  0.0342  0.0396  0.0378  0.0304  0.0341  0.0300  0.0313  0.0312  0.0272
niter,ni,del,rscale     7    3    5.0000    1.2000
parameters
   -1.8900  -11.1301   15.9864   -0.1900   -8.5408   -6.0792
   -3.1393   -3.1998    4.2600   17.2859   -5.2596  -15.4868
eta,q 0.97431 10.05416
  0.0299  0.0296  0.0284  0.0287  0.0274  0.0297  0.0288  0.0307  0.0285  0.0293  0.0264  0.0271
  0.0279  0.0278  0.0272  0.0276  0.0263  0.0277  0.0272  0.0283  0.0272  0.0274  0.0259  0.0264
  0.0267  0.0267  0.0265  0.0268  0.0258  0.0264  0.0262  0.0266  0.0263  0.0263  0.0257  0.0258
  0.0264  0.0264  0.0264  0.0264  0.0263  0.0258  0.0259  0.0259  0.0259  0.0259  0.0259  0.0257
  0.0270  0.0268  0.0268  0.0263  0.0275  0.0260  0.0263  0.0264  0.0260  0.0262  0.0265  0.0261
  0.0285  0.0279  0.0276  0.0267  0.0295  0.0277  0.0274  0.0280  0.0266  0.0272  0.0275  0.0270
  0.0308  0.0297  0.0288  0.0278  0.0325  0.0313  0.0290  0.0307  0.0278  0.0290  0.0288  0.0282
niter,ni,del,rscale     6    3    5.0000    1.2000
parameters
   -1.8649  -11.0576   16.0631   -0.1384   -8.7292   -5.8187
   -3.2037   -3.0726    4.6491   17.5809   -5.7859  -15.6651
eta,q 0.97438 10.06656
  0.0297  0.0292  0.0280  0.0276  0.0290  0.0299  0.0286  0.0305  0.0281  0.0291  0.0270  0.0273
  0.0275  0.0273  0.0267  0.0267  0.0272  0.0278  0.0270  0.0280  0.0269  0.0273  0.0263  0.0265
  0.0262  0.0261  0.0260  0.0261  0.0261  0.0264  0.0260  0.0263  0.0260  0.0261  0.0258  0.0259
  0.0257  0.0257  0.0257  0.0257  0.0257  0.0257  0.0256  0.0256  0.0256  0.0256  0.0256  0.0256
  0.0261  0.0260  0.0259  0.0257  0.0261  0.0255  0.0260  0.0261  0.0258  0.0259  0.0258  0.0258
  0.0274  0.0271  0.0266  0.0264  0.0274  0.0267  0.0271  0.0277  0.0265  0.0269  0.0265  0.0265
  0.0296  0.0288  0.0277  0.0278  0.0294  0.0300  0.0287  0.0302  0.0277  0.0286  0.0275  0.0276
niter,ni,del,rscale     5    3    5.0000    1.2000
parameters
   -1.8486  -11.0111   16.1041   -0.0818   -8.7950   -5.7560
   -3.2285   -3.0448    4.7161   17.6721   -5.8869  -15.7040
eta,q 0.97440 10.07114
  0.0296  0.0291  0.0279  0.0276  0.0291  0.0297  0.0286  0.0303  0.0279  0.0289  0.0272  0.0274
  0.0275  0.0272  0.0266  0.0266  0.0273  0.0276  0.0270  0.0279  0.0267  0.0271  0.0263  0.0266
  0.0261  0.0260  0.0259  0.0260  0.0261  0.0263  0.0260  0.0262  0.0259  0.0260  0.0258  0.0259
  0.0256  0.0256  0.0256  0.0256  0.0256  0.0256  0.0256  0.0256  0.0256  0.0256  0.0256  0.0256
  0.0260  0.0260  0.0259  0.0257  0.0260  0.0255  0.0260  0.0261  0.0258  0.0259  0.0257  0.0258
  0.0274  0.0271  0.0266  0.0264  0.0273  0.0269  0.0271  0.0278  0.0266  0.0270  0.0263  0.0265
  0.0296  0.0288  0.0277  0.0278  0.0293  0.0303  0.0287  0.0303  0.0279  0.0288  0.0273  0.0275
niter,ni,del,rscale     4    3    5.0000    1.2000
parameters
   -1.8457  -10.9956   16.1130   -0.0754   -8.8177   -5.7448
   -3.2345   -3.0386    4.7254   17.6994   -5.9097  -15.7203
eta,q 0.97440 10.07150
  0.0296  0.0290  0.0278  0.0275  0.0291  0.0297  0.0286  0.0303  0.0278  0.0288  0.0272  0.0274
  0.0274  0.0271  0.0266  0.0266  0.0273  0.0276  0.0270  0.0279  0.0267  0.0271  0.0264  0.0266
  0.0261  0.0260  0.0258  0.0260  0.0261  0.0263  0.0260  0.0262  0.0259  0.0260  0.0258  0.0259
  0.0256  0.0256  0.0256  0.0256  0.0256  0.0256  0.0256  0.0256  0.0256  0.0256  0.0256  0.0256
  0.0260  0.0260  0.0259  0.0257  0.0260  0.0255  0.0260  0.0261  0.0258  0.0259  0.0257  0.0258
  0.0274  0.0271  0.0266  0.0264  0.0272  0.0269  0.0270  0.0278  0.0266  0.0270  0.0263  0.0264
  0.0296  0.0288  0.0277  0.0278  0.0292  0.0304  0.0286  0.0304  0.0279  0.0288  0.0273  0.0275
registration optimization eta report
parameter search radius
    2.4000    2.4000    2.4000    7.2000    8.2800    8.2800
    7.2000    7.2000    7.2000    7.2000    8.2800    7.2000
100000*second partial in parameter space
       69.       57.       38.        4.        5.        7.
        6.        9.        4.        6.        2.        4.
  0.0296  0.0290  0.0278  0.0275  0.0291  0.0297  0.0286  0.0303  0.0278  0.0288  0.0272  0.0274
  0.0274  0.0271  0.0266  0.0266  0.0273  0.0276  0.0270  0.0279  0.0267  0.0271  0.0264  0.0266
  0.0261  0.0260  0.0258  0.0260  0.0261  0.0263  0.0260  0.0262  0.0259  0.0260  0.0258  0.0259
  0.0256  0.0256  0.0256  0.0256  0.0256  0.0256  0.0256  0.0256  0.0256  0.0256  0.0256  0.0256
  0.0260  0.0260  0.0259  0.0257  0.0260  0.0255  0.0260  0.0261  0.0258  0.0259  0.0257  0.0258
  0.0274  0.0271  0.0266  0.0264  0.0272  0.0269  0.0270  0.0278  0.0266  0.0270  0.0263  0.0264
  0.0296  0.0288  0.0277  0.0278  0.0292  0.0304  0.0286  0.0304  0.0279  0.0288  0.0273  0.0275
   -1.8457  -10.9956   16.1130   -0.0754   -8.8177   -5.7448
   -3.2345   -3.0386    4.7254   17.6994   -5.9097  -15.7203
eta,q 0.97440 10.07150

---------------------------------------------------------------------
imgreg_4dfp /opt/freesurfer/average/711-2C_as_mni_average_305 /opt/freesurfer/average/711-2B_as_mni_average_305_mask talsrcimg_g11 none talsrcimg_to_711-2C_as_mni_average_305_t4 2311
---------------------------------------------------------------------

freesurfer imgreg_4dfp.c
/opt/freesurfer/average/711-2C_as_mni_average_305.4dfp.img
       256       256       256         1
  1.000000  1.000000  1.000000
orientation T byte_order littleendian
Reading image: /opt/freesurfer/average/711-2C_as_mni_average_305.4dfp.img
dimensions:      256       256       256
mmppix:       1.0000   -1.0000   -1.0000
center:     128.0000 -129.0000 -129.0000
/opt/freesurfer/average/711-2B_as_mni_average_305_mask.4dfp.img
       256       256       256         1
  1.000000  1.000000  1.000000
orientation T byte_order littleendian
Reading mask: /opt/freesurfer/average/711-2B_as_mni_average_305_mask.4dfp.img (2306576 pixels)
talsrcimg_g11.4dfp.img
       256       256       256         1
  0.898438  0.898438  0.898438
orientation T byte_order littleendian
Reading image: talsrcimg_g11.4dfp.img
dimensions:      256       256       256
mmppix:       0.8984   -0.8984   -0.8984
center:     115.0001 -115.8985 -115.8985
fimgreg.f
image alignment mode   2311 decimal      907 hex
parameters
   -1.8457  -10.9956   16.1130   -0.0754   -8.8177   -5.7448
   -3.2345   -3.0386    4.7254   17.6994   -5.9097  -15.7203
eta,q 0.97440 10.07151
niter,ni,del,rscale     5    3    5.0000    0.8000
parameters
   -1.8313  -11.0084   16.0969    0.3946   -8.6911   -4.7478
   -3.1768   -3.1179    4.8250   17.8762   -5.9552  -15.6002
eta,q 0.97459 10.15502
  0.0274  0.0271  0.0266  0.0266  0.0269  0.0272  0.0269  0.0277  0.0265  0.0270  0.0260  0.0263
  0.0264  0.0262  0.0260  0.0262  0.0262  0.0264  0.0261  0.0265  0.0259  0.0261  0.0257  0.0259
  0.0258  0.0258  0.0257  0.0258  0.0257  0.0260  0.0256  0.0257  0.0256  0.0256  0.0255  0.0256
  0.0256  0.0256  0.0256  0.0256  0.0256  0.0256  0.0254  0.0254  0.0254  0.0254  0.0254  0.0254
  0.0258  0.0258  0.0257  0.0256  0.0257  0.0254  0.0256  0.0257  0.0255  0.0255  0.0255  0.0255
  0.0264  0.0263  0.0261  0.0258  0.0261  0.0256  0.0261  0.0266  0.0258  0.0260  0.0257  0.0258
  0.0274  0.0271  0.0266  0.0264  0.0268  0.0264  0.0268  0.0279  0.0264  0.0268  0.0260  0.0263
niter,ni,del,rscale     4    3    5.0000    0.7000
parameters
   -1.8107  -11.0312   16.2820    0.5395   -8.7308   -4.4712
   -3.1906   -3.1081    4.8470   17.8123   -6.0113  -15.3976
eta,q 0.97465 10.17022
  0.0269  0.0265  0.0265  0.0262  0.0263  0.0266  0.0265  0.0273  0.0262  0.0265  0.0258  0.0261
  0.0261  0.0259  0.0259  0.0258  0.0258  0.0261  0.0259  0.0262  0.0257  0.0258  0.0256  0.0258
  0.0256  0.0255  0.0256  0.0256  0.0255  0.0257  0.0255  0.0256  0.0255  0.0255  0.0254  0.0255
  0.0254  0.0254  0.0254  0.0254  0.0254  0.0254  0.0254  0.0254  0.0254  0.0254  0.0254  0.0254
  0.0255  0.0256  0.0254  0.0254  0.0255  0.0254  0.0255  0.0256  0.0254  0.0255  0.0254  0.0254
  0.0260  0.0260  0.0256  0.0257  0.0258  0.0257  0.0259  0.0262  0.0257  0.0259  0.0256  0.0256
  0.0268  0.0266  0.0260  0.0262  0.0264  0.0265  0.0265  0.0273  0.0262  0.0265  0.0259  0.0260
niter,ni,del,rscale     3    3    5.0000    0.6000
parameters
   -1.8122  -11.0515   16.3549    0.6309   -8.7082   -4.2538
   -3.2156   -3.1090    4.8588   17.7615   -5.9844  -15.3035
eta,q 0.97467 10.18515
  0.0264  0.0262  0.0261  0.0260  0.0261  0.0263  0.0262  0.0268  0.0259  0.0261  0.0257  0.0259
  0.0258  0.0257  0.0257  0.0257  0.0257  0.0259  0.0257  0.0260  0.0256  0.0257  0.0255  0.0256
  0.0255  0.0254  0.0255  0.0255  0.0254  0.0256  0.0254  0.0255  0.0254  0.0254  0.0254  0.0254
  0.0253  0.0253  0.0254  0.0254  0.0253  0.0253  0.0253  0.0253  0.0253  0.0253  0.0253  0.0253
  0.0255  0.0255  0.0254  0.0254  0.0254  0.0254  0.0254  0.0255  0.0254  0.0254  0.0254  0.0254
  0.0258  0.0258  0.0256  0.0256  0.0257  0.0256  0.0257  0.0260  0.0256  0.0257  0.0255  0.0256
  0.0264  0.0262  0.0259  0.0260  0.0261  0.0262  0.0262  0.0268  0.0259  0.0262  0.0257  0.0259
niter,ni,del,rscale     2    3    5.0000    0.5000
parameters
   -1.8107  -11.0689   16.4073    0.6961   -8.7077   -4.0953
   -3.2283   -3.1198    4.8783   17.7211   -5.9771  -15.2422
eta,q 0.97469 10.19496
  0.0261  0.0259  0.0258  0.0258  0.0258  0.0260  0.0259  0.0263  0.0257  0.0259  0.0256  0.0257
  0.0257  0.0256  0.0256  0.0256  0.0256  0.0257  0.0256  0.0258  0.0255  0.0256  0.0254  0.0255
  0.0254  0.0254  0.0254  0.0254  0.0254  0.0255  0.0254  0.0254  0.0254  0.0254  0.0253  0.0254
  0.0253  0.0253  0.0253  0.0253  0.0253  0.0253  0.0253  0.0253  0.0253  0.0253  0.0253  0.0253
  0.0254  0.0254  0.0254  0.0254  0.0254  0.0253  0.0254  0.0254  0.0254  0.0254  0.0253  0.0254
  0.0257  0.0256  0.0255  0.0255  0.0255  0.0256  0.0256  0.0258  0.0255  0.0256  0.0254  0.0255
  0.0261  0.0260  0.0257  0.0258  0.0258  0.0260  0.0259  0.0263  0.0257  0.0259  0.0256  0.0257
niter,ni,del,rscale     1    3    5.0000    0.4000
parameters
   -1.8094  -11.0797   16.4382    0.7500   -8.6898   -3.9759
   -3.2303   -3.1209    4.8905   17.6884   -5.9514  -15.1921
eta,q 0.97470 10.20357
  0.0258  0.0257  0.0256  0.0256  0.0256  0.0258  0.0257  0.0260  0.0256  0.0257  0.0255  0.0256
  0.0255  0.0255  0.0255  0.0255  0.0255  0.0256  0.0255  0.0256  0.0254  0.0255  0.0254  0.0254
  0.0254  0.0254  0.0254  0.0254  0.0253  0.0254  0.0254  0.0254  0.0253  0.0253  0.0253  0.0253
  0.0253  0.0253  0.0253  0.0253  0.0253  0.0253  0.0253  0.0253  0.0253  0.0253  0.0253  0.0253
  0.0254  0.0254  0.0253  0.0253  0.0253  0.0253  0.0254  0.0254  0.0253  0.0254  0.0253  0.0253
  0.0255  0.0255  0.0254  0.0254  0.0255  0.0255  0.0255  0.0256  0.0254  0.0255  0.0254  0.0254
  0.0258  0.0257  0.0256  0.0256  0.0256  0.0257  0.0257  0.0260  0.0256  0.0257  0.0255  0.0256
registration optimization eta report
parameter search radius
    0.8000    0.8000    0.8000    2.4000    2.4000    2.4000
    2.4000    2.4000    2.4000    2.4000    2.4000    2.4000
100000*second partial in parameter space
       75.       61.       47.        5.        6.        8.
        7.       11.        5.        6.        3.        5.
  0.0258  0.0257  0.0256  0.0256  0.0256  0.0258  0.0257  0.0260  0.0256  0.0257  0.0255  0.0256
  0.0255  0.0255  0.0255  0.0255  0.0255  0.0256  0.0255  0.0256  0.0254  0.0255  0.0254  0.0254
  0.0254  0.0254  0.0254  0.0254  0.0253  0.0254  0.0254  0.0254  0.0253  0.0253  0.0253  0.0253
  0.0253  0.0253  0.0253  0.0253  0.0253  0.0253  0.0253  0.0253  0.0253  0.0253  0.0253  0.0253
  0.0254  0.0254  0.0253  0.0253  0.0253  0.0253  0.0254  0.0254  0.0253  0.0254  0.0253  0.0253
  0.0255  0.0255  0.0254  0.0254  0.0255  0.0255  0.0255  0.0256  0.0254  0.0255  0.0254  0.0254
  0.0258  0.0257  0.0256  0.0256  0.0256  0.0257  0.0257  0.0260  0.0256  0.0257  0.0255  0.0256
   -1.8094  -11.0797   16.4382    0.7500   -8.6898   -3.9759
   -3.2303   -3.1209    4.8905   17.6884   -5.9514  -15.1921
eta,q 0.97470 10.20357

---------------------------------------------------------------------
imgreg_4dfp /opt/freesurfer/average/711-2C_as_mni_average_305 /opt/freesurfer/average/711-2B_as_mni_average_305_mask talsrcimg_g11 none talsrcimg_to_711-2C_as_mni_average_305_t4 2311
---------------------------------------------------------------------

freesurfer imgreg_4dfp.c
/opt/freesurfer/average/711-2C_as_mni_average_305.4dfp.img
       256       256       256         1
  1.000000  1.000000  1.000000
orientation T byte_order littleendian
Reading image: /opt/freesurfer/average/711-2C_as_mni_average_305.4dfp.img
dimensions:      256       256       256
mmppix:       1.0000   -1.0000   -1.0000
center:     128.0000 -129.0000 -129.0000
/opt/freesurfer/average/711-2B_as_mni_average_305_mask.4dfp.img
       256       256       256         1
  1.000000  1.000000  1.000000
orientation T byte_order littleendian
Reading mask: /opt/freesurfer/average/711-2B_as_mni_average_305_mask.4dfp.img (2306576 pixels)
talsrcimg_g11.4dfp.img
       256       256       256         1
  0.898438  0.898438  0.898438
orientation T byte_order littleendian
Reading image: talsrcimg_g11.4dfp.img
dimensions:      256       256       256
mmppix:       0.8984   -0.8984   -0.8984
center:     115.0001 -115.8985 -115.8985
fimgreg.f
image alignment mode   2311 decimal      907 hex
parameters
   -1.8094  -11.0797   16.4382    0.7500   -8.6898   -3.9759
   -3.2303   -3.1209    4.8905   17.6884   -5.9514  -15.1921
eta,q 0.97470 10.20357
niter,ni,del,rscale     5    3    5.0000    0.8000
parameters
   -1.8196  -11.0829   16.4507    0.4370   -8.7457   -4.4877
   -3.2441   -3.0784    4.8137   17.6435   -5.9367  -15.2295
eta,q 0.97465 10.15872
  0.0272  0.0268  0.0265  0.0262  0.0266  0.0266  0.0268  0.0278  0.0264  0.0268  0.0260  0.0263
  0.0262  0.0260  0.0259  0.0258  0.0259  0.0260  0.0260  0.0265  0.0258  0.0260  0.0257  0.0258
  0.0255  0.0255  0.0255  0.0255  0.0255  0.0256  0.0255  0.0257  0.0255  0.0255  0.0254  0.0255
  0.0253  0.0253  0.0253  0.0253  0.0253  0.0253  0.0253  0.0253  0.0253  0.0253  0.0254  0.0254
  0.0255  0.0255  0.0254  0.0254  0.0255  0.0255  0.0255  0.0256  0.0255  0.0255  0.0254  0.0255
  0.0262  0.0260  0.0258  0.0259  0.0259  0.0262  0.0260  0.0264  0.0258  0.0260  0.0256  0.0258
  0.0272  0.0268  0.0265  0.0266  0.0266  0.0277  0.0268  0.0277  0.0265  0.0269  0.0260  0.0264
niter,ni,del,rscale     4    3    5.0000    0.7000
parameters
   -1.8260  -11.0736   16.3752    0.5338   -8.7107   -4.4281
   -3.2253   -3.1000    4.8407   17.6977   -5.9295  -15.2586
eta,q 0.97466 10.16991
  0.0268  0.0266  0.0261  0.0262  0.0263  0.0265  0.0265  0.0272  0.0262  0.0265  0.0258  0.0261
  0.0260  0.0259  0.0257  0.0258  0.0258  0.0260  0.0259  0.0262  0.0257  0.0259  0.0256  0.0257
  0.0255  0.0255  0.0254  0.0255  0.0255  0.0256  0.0255  0.0256  0.0254  0.0255  0.0254  0.0254
  0.0253  0.0253  0.0254  0.0253  0.0253  0.0253  0.0253  0.0253  0.0253  0.0253  0.0253  0.0253
  0.0255  0.0255  0.0255  0.0254  0.0254  0.0254  0.0255  0.0256  0.0254  0.0255  0.0254  0.0254
  0.0260  0.0259  0.0258  0.0257  0.0258  0.0258  0.0259  0.0262  0.0257  0.0258  0.0255  0.0257
  0.0268  0.0265  0.0263  0.0262  0.0263  0.0266  0.0265  0.0273  0.0262  0.0265  0.0259  0.0261
niter,ni,del,rscale     3    3    5.0000    0.6000
parameters
   -1.8175  -11.0713   16.3748    0.6311   -8.6970   -4.2585
   -3.2228   -3.1116    4.8469   17.7203   -5.9438  -15.2497
eta,q 0.97468 10.18431
  0.0264  0.0262  0.0260  0.0260  0.0261  0.0263  0.0262  0.0268  0.0259  0.0262  0.0257  0.0259
  0.0258  0.0257  0.0256  0.0257  0.0257  0.0259  0.0257  0.0260  0.0256  0.0257  0.0255  0.0256
  0.0255  0.0254  0.0254  0.0255  0.0254  0.0255  0.0254  0.0255  0.0254  0.0254  0.0254  0.0254
  0.0253  0.0253  0.0253  0.0253  0.0253  0.0253  0.0253  0.0253  0.0253  0.0253  0.0253  0.0253
  0.0254  0.0254  0.0254  0.0254  0.0254  0.0254  0.0254  0.0255  0.0254  0.0254  0.0254  0.0254
  0.0258  0.0257  0.0256  0.0256  0.0257  0.0256  0.0257  0.0260  0.0256  0.0257  0.0255  0.0256
  0.0264  0.0262  0.0260  0.0260  0.0261  0.0262  0.0262  0.0268  0.0259  0.0262  0.0257  0.0259
niter,ni,del,rscale     2    3    5.0000    0.5000
parameters
   -1.8112  -11.0762   16.4094    0.6936   -8.6968   -4.1007
   -3.2274   -3.1216    4.8721   17.7007   -5.9627  -15.2241
eta,q 0.97469 10.19468
  0.0261  0.0259  0.0258  0.0258  0.0258  0.0260  0.0259  0.0263  0.0257  0.0259  0.0256  0.0257
  0.0257  0.0256  0.0256  0.0256  0.0256  0.0257  0.0256  0.0258  0.0255  0.0256  0.0254  0.0255
  0.0254  0.0254  0.0254  0.0254  0.0254  0.0255  0.0254  0.0254  0.0254  0.0254  0.0253  0.0254
  0.0253  0.0253  0.0253  0.0253  0.0253  0.0253  0.0253  0.0253  0.0253  0.0253  0.0253  0.0253
  0.0254  0.0254  0.0254  0.0254  0.0254  0.0253  0.0254  0.0254  0.0254  0.0254  0.0253  0.0254
  0.0256  0.0256  0.0255  0.0255  0.0255  0.0256  0.0256  0.0258  0.0255  0.0256  0.0254  0.0255
  0.0261  0.0259  0.0258  0.0258  0.0258  0.0260  0.0259  0.0263  0.0257  0.0259  0.0256  0.0257
niter,ni,del,rscale     1    3    5.0000    0.4000
parameters
   -1.8075  -11.0824   16.4405    0.7439   -8.6920   -3.9739
   -3.2373   -3.1205    4.8887   17.6867   -5.9577  -15.1845
eta,q 0.97470 10.20315
  0.0258  0.0257  0.0256  0.0256  0.0256  0.0258  0.0257  0.0260  0.0256  0.0257  0.0255  0.0256
  0.0255  0.0255  0.0255  0.0255  0.0255  0.0256  0.0255  0.0256  0.0254  0.0255  0.0254  0.0254
  0.0254  0.0254  0.0254  0.0254  0.0253  0.0254  0.0253  0.0254  0.0253  0.0253  0.0253  0.0253
  0.0253  0.0253  0.0253  0.0253  0.0253  0.0253  0.0253  0.0253  0.0253  0.0253  0.0253  0.0253
  0.0254  0.0254  0.0253  0.0253  0.0253  0.0253  0.0254  0.0254  0.0253  0.0254  0.0253  0.0253
  0.0255  0.0255  0.0254  0.0254  0.0255  0.0255  0.0255  0.0256  0.0254  0.0255  0.0254  0.0254
  0.0258  0.0257  0.0256  0.0256  0.0256  0.0257  0.0257  0.0260  0.0256  0.0257  0.0255  0.0256
registration optimization eta report
parameter search radius
    0.8000    0.8000    0.8000    2.4000    2.4000    2.4000
    2.4000    2.4000    2.4000    2.4000    2.4000    2.4000
100000*second partial in parameter space
       75.       62.       48.        5.        6.        8.
        7.       12.        5.        6.        3.        5.
  0.0258  0.0257  0.0256  0.0256  0.0256  0.0258  0.0257  0.0260  0.0256  0.0257  0.0255  0.0256
  0.0255  0.0255  0.0255  0.0255  0.0255  0.0256  0.0255  0.0256  0.0254  0.0255  0.0254  0.0254
  0.0254  0.0254  0.0254  0.0254  0.0253  0.0254  0.0253  0.0254  0.0253  0.0253  0.0253  0.0253
  0.0253  0.0253  0.0253  0.0253  0.0253  0.0253  0.0253  0.0253  0.0253  0.0253  0.0253  0.0253
  0.0254  0.0254  0.0253  0.0253  0.0253  0.0253  0.0254  0.0254  0.0253  0.0254  0.0253  0.0253
  0.0255  0.0255  0.0254  0.0254  0.0255  0.0255  0.0255  0.0256  0.0254  0.0255  0.0254  0.0254
  0.0258  0.0257  0.0256  0.0256  0.0256  0.0257  0.0257  0.0260  0.0256  0.0257  0.0255  0.0256
   -1.8075  -11.0824   16.4405    0.7439   -8.6920   -3.9739
   -3.2373   -3.1205    4.8887   17.6867   -5.9577  -15.1845
eta,q 0.97470 10.20315

---------------------------------------------------------------------
compute_vox2vox talsrcimg talsrcimg_to_711-2C_as_mni_average_305_t4 /opt/freesurfer/average/711-2C_as_mni_average_305
---------------------------------------------------------------------

freesurfer compute_vox2vox.c
Reading: talsrcimg.4dfp.ifh
Reading: talsrcimg_to_711-2C_as_mni_average_305_t4
Reading: /opt/freesurfer/average/711-2C_as_mni_average_305.4dfp.ifh
Writing: talsrcimg_to_711-2C_as_mni_average_305_t4_vox2vox.txt

start time Wed Mar 11 04:25:38 CET 2026
end		time Wed Mar 11 04:25:52 CET 2026

mpr2mni305 success

avi2talxfm orig_nu.mgz /opt/freesurfer/average/mni305.cor.mgz talsrcimg_to_711-2C_as_mni_average_305_t4_vox2vox.txt transforms/talairach.auto.xfm
avi2talxfm done
mv -f /out/sourcedata/freesurfer/sub-v2s13x29120_ses-1/mri/talsrcimg_to_711-2C_as_mni_average_305_t4_vox2vox.txt /out/sourcedata/freesurfer/sub-v2s13x29120_ses-1/mri/transforms/talsrcimg_to_711-2C_as_mni_average_305_t4_vox2vox.txt
lta_convert --src orig_nu.mgz --trg /opt/freesurfer/average/mni305.cor.mgz --inxfm transforms/talairach.auto.xfm --outlta transforms/talairach.auto.xfm.lta --subject fsaverage
7.3.2

--src: orig_nu.mgz src image (geometry).
--trg: /opt/freesurfer/average/mni305.cor.mgz trg image (geometry).
--inmni: transforms/talairach.auto.xfm input MNI/XFM transform.
--outlta: transforms/talairach.auto.xfm.lta output LTA.
--s: fsaverage subject name
 LTA read, type : 1
 0.99218   0.02500   0.03934   1.35737;
 0.05158   1.01173   0.17008  -17.25223;
-0.06311  -0.19732   1.06014  -10.79344;
 0.00000   0.00000   0.00000   1.00000;
setting subject to fsaverage
Writing  LTA to file transforms/talairach.auto.xfm.lta...
lta_convert successful.
 
 
Started at Wed Mar 11 04:25:38 CET 2026
Ended   at Wed Mar 11 04:25:52 CET 2026
talairach_avi done
