/out/sourcedata/freesurfer/sub-v2s13x29097_ses-1/mri
/opt/freesurfer/bin/talairach_avi
--i orig_nu.mgz --xfm transforms/talairach.auto.xfm
talairach_avi 7.3.2
Linux dna060 5.14.0-427.37.1.el9_4.x86_64 #1 SMP PREEMPT_DYNAMIC Fri Sep 13 12:41:50 EDT 2024 x86_64 x86_64 x86_64 GNU/Linux
Wed Mar 11 03:06:26 CET 2026
mri_convert orig_nu.mgz talsrcimg.img 
reading from orig_nu.mgz...
TR=0.00, TE=0.00, TI=0.00, flip angle=0.00
i_ras = (-1, -5.18301e-10, 4.14641e-09)
j_ras = (0, 8.29282e-09, -1)
k_ras = (5.18301e-10, 1, 0)
writing to talsrcimg.img...
Analyze Output Matrix
-0.89844   0.00000   0.00000   123.11379;
-0.00000   0.00000   0.89844  -114.27902;
 0.00000  -0.89844   0.00000   150.67636;
 0.00000   0.00000   0.00000   1.00000;
--------------------
INFO: set hdr.hist.orient to -1
mpr2mni305 talsrcimg
Wed Mar 11 03:06:27 CET 2026
/opt/freesurfer/bin/mpr2mni305 talsrcimg
mpr2mni305 7.3.2
target=711-2C_as_mni_average_305

---------------------------------------------------------------------
analyzeto4dfp talsrcimg -O0 -y
---------------------------------------------------------------------

freesurfer ifh2hdr.c
Wed Mar 11 03:06:27 2026
Writing: talsrcimg.4dfp.hdr
freesurfer analyzeto4dfp.c
Reading: talsrcimg.hdr
header size 348 bytes
hdr.dime.datatype	offset=70	value=2
hdr.dime.bitpix		offset=72	value=8
hdr.hist.orient		offset=252	value=-1
dimensionality     4
dimensions       256       256       256         1
Reading: talsrcimg.img
Writing: talsrcimg.4dfp.img
Writing: talsrcimg.4dfp.ifh
ifh2hdr talsrcimg -r0to244
ori=2

---------------------------------------------------------------------
gauss_4dfp talsrcimg 1.1
---------------------------------------------------------------------

freesurfer gauss_4dfp.c
Reading: talsrcimg.4dfp.img
Writing: talsrcimg_g11.4dfp.img
image dimensions 256 256 256 padded to 288 288 288
processing volume 1freesurfer ifh2hdr.c
Wed Mar 11 03:06:28 2026
Writing: talsrcimg_g11.4dfp.hdr

Writing: talsrcimg_g11.4dfp.ifh
including: talsrcimg.4dfp.img.rec in talsrcimg_g11.4dfp.img.rec

---------------------------------------------------------------------
imgreg_4dfp /opt/freesurfer/average/711-2C_as_mni_average_305 none talsrcimg_g11 none talsrcimg_to_711-2C_as_mni_average_305_t4 4355
---------------------------------------------------------------------

freesurfer imgreg_4dfp.c
/opt/freesurfer/average/711-2C_as_mni_average_305.4dfp.img
       256       256       256         1
  1.000000  1.000000  1.000000
orientation T byte_order littleendian
Reading image: /opt/freesurfer/average/711-2C_as_mni_average_305.4dfp.img
dimensions:      256       256       256
mmppix:       1.0000   -1.0000   -1.0000
center:     128.0000 -129.0000 -129.0000
talsrcimg_g11.4dfp.img
       256       256       256         1
  0.898438  0.898438  0.898438
orientation T byte_order littleendian
Reading image: talsrcimg_g11.4dfp.img
dimensions:      256       256       256
mmppix:       0.8984   -0.8984   -0.8984
center:     115.0001 -115.8985 -115.8985
t4_read: open error in t4_sub.f l:  41 t4_file(1:l)talsrcimg_to_711-2C_as_mni_average_305_t4 
t4_read: transform initialized to I4
rotation matrix determinant  1.000000
image alignment mode   4355 decimal     1103 hex
   -7.5000  -45.0000  -45.0000 6272.5503   12.6478
    0.0000  -45.0000  -45.0000 6285.0801   12.6524
    7.5000  -45.0000  -45.0000 5919.0889   12.6496
   -7.5000  -37.5000  -45.0000 6681.5596   13.4340
    0.0000  -37.5000  -45.0000 6692.6187   13.4389
    7.5000  -37.5000  -45.0000 6304.5225   13.4380
   -7.5000  -30.0000  -45.0000 7098.7793   13.8513
    0.0000  -30.0000  -45.0000 7101.8906   13.8537
    7.5000  -30.0000  -45.0000 6690.2979   13.8543
   -7.5000  -22.5000  -45.0000 7620.9551   13.8485
    0.0000  -22.5000  -45.0000 7626.1138   13.8476
    7.5000  -22.5000  -45.0000 7189.7539   13.8471
   -7.5000  -15.0000  -45.0000 8158.9487   13.8512
    0.0000  -15.0000  -45.0000 8152.8716   13.8502
    7.5000  -15.0000  -45.0000 7671.3359   13.8482
   -7.5000   -7.5000  -45.0000 8319.6943   13.8566
    0.0000   -7.5000  -45.0000 8314.6484   13.8585
    7.5000   -7.5000  -45.0000 7827.6265   13.8556
   -7.5000    0.0000  -45.0000 8363.8984   13.8611
    0.0000    0.0000  -45.0000 8379.4033   13.8661
    7.5000    0.0000  -45.0000 7895.6006   13.8630
   -7.5000    7.5000  -45.0000 7975.8550   13.8575
    0.0000    7.5000  -45.0000 7979.4756   13.8626
    7.5000    7.5000  -45.0000 7500.2734   13.8617
   -7.5000   15.0000  -45.0000 7793.8149   13.8513
    0.0000   15.0000  -45.0000 7775.0771   13.8537
    7.5000   15.0000  -45.0000 7298.3447   13.8543
   -7.5000   22.5000  -45.0000 7186.6191   13.6622
    0.0000   22.5000  -45.0000 7150.4932   13.6613
    7.5000   22.5000  -45.0000 6695.0293   13.6608
   -7.5000   30.0000  -45.0000 6580.6255   13.3131
    0.0000   30.0000  -45.0000 6544.1240   13.3123
    7.5000   30.0000  -45.0000 6119.0435   13.3106
   -7.5000   37.5000  -45.0000 6040.3223   13.0844
    0.0000   37.5000  -45.0000 5988.8828   13.0843
    7.5000   37.5000  -45.0000 5607.9219   13.0817
   -7.5000   45.0000  -45.0000 5546.0967   13.0320
    0.0000   45.0000  -45.0000 5493.3125   13.0373
    7.5000   45.0000  -45.0000 5140.5054   13.0392
   -7.5000  -45.0000  -37.5000 6854.4097   13.2266
    0.0000  -45.0000  -37.5000 6849.7881   13.2287
    7.5000  -45.0000  -37.5000 6465.9873   13.2236
   -7.5000  -37.5000  -37.5000 7292.0820   14.0522
    0.0000  -37.5000  -37.5000 7281.3721   14.0541
    7.5000  -37.5000  -37.5000 6865.8779   14.0513
   -7.5000  -30.0000  -37.5000 7744.6763   14.4582
    0.0000  -30.0000  -37.5000 7729.5210   14.4550
    7.5000  -30.0000  -37.5000 7286.4697   14.4533
   -7.5000  -22.5000  -37.5000 8314.9668   14.4520
    0.0000  -22.5000  -37.5000 8283.5703   14.4433
    7.5000  -22.5000  -37.5000 7807.8765   14.4400
   -7.5000  -15.0000  -37.5000 8867.7217   14.4576
    0.0000  -15.0000  -37.5000 8846.1934   14.4491
    7.5000  -15.0000  -37.5000 8317.3486   14.4437
   -7.5000   -7.5000  -37.5000 9029.7314   14.4691
    0.0000   -7.5000  -37.5000 9013.1113   14.4659
    7.5000   -7.5000  -37.5000 8492.1387   14.4594
   -7.5000    0.0000  -37.5000 9077.3652   14.4770
    0.0000    0.0000  -37.5000 9080.6621   14.4792
    7.5000    0.0000  -37.5000 8544.3643   14.4735
   -7.5000    7.5000  -37.5000 8655.2402   14.4696
    0.0000    7.5000  -37.5000 8642.8779   14.4716
    7.5000    7.5000  -37.5000 8107.8706   14.4687
   -7.5000   15.0000  -37.5000 8447.1445   14.4576
    0.0000   15.0000  -37.5000 8407.4883   14.4544
    7.5000   15.0000  -37.5000 7880.5117   14.4527
   -7.5000   22.5000  -37.5000 7754.3677   14.2588
    0.0000   22.5000  -37.5000 7709.8008   14.2501
    7.5000   22.5000  -37.5000 7221.7222   14.2469
   -7.5000   30.0000  -37.5000 7076.5913   13.9058
    0.0000   30.0000  -37.5000 7032.6094   13.8977
    7.5000   30.0000  -37.5000 6592.9688   13.8926
   -7.5000   37.5000  -37.5000 6463.2266   13.6720
    0.0000   37.5000  -37.5000 6411.6187   13.6662
    7.5000   37.5000  -37.5000 6019.9531   13.6599
   -7.5000   45.0000  -37.5000 5917.5220   13.5984
    0.0000   45.0000  -37.5000 5860.3833   13.5995
    7.5000   45.0000  -37.5000 5513.2329   13.5988
   -7.5000  -45.0000  -30.0000 7463.7510   13.7976
    0.0000  -45.0000  -30.0000 7449.5200   13.8019
    7.5000  -45.0000  -30.0000 7023.3950   13.7967
   -7.5000  -37.5000  -30.0000 7930.5293   14.6639
    0.0000  -37.5000  -30.0000 7901.8481   14.6648
    7.5000  -37.5000  -30.0000 7450.9990   14.6597
   -7.5000  -30.0000  -30.0000 8412.8320   15.0670
    0.0000  -30.0000  -30.0000 8393.3701   15.0587
    7.5000  -30.0000  -30.0000 7909.4658   15.0517
   -7.5000  -22.5000  -30.0000 9025.8779   15.0615
    0.0000  -22.5000  -30.0000 8994.5703   15.0468
    7.5000  -22.5000  -30.0000 8460.9385   15.0378
   -7.5000  -15.0000  -30.0000 9599.9375   15.0673
    0.0000  -15.0000  -30.0000 9568.0898   15.0568
    7.5000  -15.0000  -30.0000 9000.9326   15.0483
   -7.5000   -7.5000  -30.0000 9746.2236   15.0790
    0.0000   -7.5000  -30.0000 9720.9971   15.0777
    7.5000   -7.5000  -30.0000 9155.9629   15.0708
   -7.5000    0.0000  -30.0000 9772.0840   15.0862
    0.0000    0.0000  -30.0000 9750.2354   15.0909
    7.5000    0.0000  -30.0000 9174.4414   15.0852
   -7.5000    7.5000  -30.0000 9306.2354   15.0767
    0.0000    7.5000  -30.0000 9275.0645   15.0776
    7.5000    7.5000  -30.0000 8725.4980   15.0723
   -7.5000   15.0000  -30.0000 9067.8330   15.0650
    0.0000   15.0000  -30.0000 9033.5596   15.0566
    7.5000   15.0000  -30.0000 8490.1514   15.0496
   -7.5000   22.5000  -30.0000 8306.6797   14.8608
    0.0000   22.5000  -30.0000 8267.0273   14.8463
    7.5000   22.5000  -30.0000 7761.8999   14.8375
   -7.5000   30.0000  -30.0000 7571.4917   14.5028
    0.0000   30.0000  -30.0000 7520.0098   14.4927
    7.5000   30.0000  -30.0000 7073.4512   14.4846
   -7.5000   37.5000  -30.0000 6900.9800   14.2689
    0.0000   37.5000  -30.0000 6857.3306   14.2654
    7.5000   37.5000  -30.0000 6460.5171   14.2585
   -7.5000   45.0000  -30.0000 6304.8232   14.1920
    0.0000   45.0000  -30.0000 6250.3301   14.1948
    7.5000   45.0000  -30.0000 5902.4814   14.1926
   -7.5000  -45.0000  -22.5000 8031.2944   14.2575
    0.0000  -45.0000  -22.5000 8005.3618   14.2673
    7.5000  -45.0000  -22.5000 7540.8442   14.2646
   -7.5000  -37.5000  -22.5000 8509.2998   15.1634
    0.0000  -37.5000  -22.5000 8492.1123   15.1663
    7.5000  -37.5000  -22.5000 8011.7476   15.1614
   -7.5000  -30.0000  -22.5000 9045.1250   15.5722
    0.0000  -30.0000  -22.5000 9040.3662   15.5643
    7.5000  -30.0000  -22.5000 8517.7969   15.5553
   -7.5000  -22.5000  -22.5000 9705.0957   15.5747
    0.0000  -22.5000  -22.5000 9686.2529   15.5628
    7.5000  -22.5000  -22.5000 9110.2031   15.5516
   -7.5000  -15.0000  -22.500010301.9365   15.5781
    0.0000  -15.0000  -22.500010290.2295   15.5745
    7.5000  -15.0000  -22.5000 9677.3291   15.5667
   -7.5000   -7.5000  -22.500010420.0957   15.5809
    0.0000   -7.5000  -22.500010398.4219   15.5882
    7.5000   -7.5000  -22.5000 9813.2568   15.5841
   -7.5000    0.0000  -22.500010407.3789   15.5802
    0.0000    0.0000  -22.500010396.3838   15.5910
    7.5000    0.0000  -22.5000 9804.9287   15.5879
   -7.5000    7.5000  -22.5000 9903.7217   15.5708
    0.0000    7.5000  -22.5000 9896.5811   15.5738
    7.5000    7.5000  -22.5000 9319.9756   15.5688
   -7.5000   15.0000  -22.5000 9639.0000   15.5685
    0.0000   15.0000  -22.5000 9624.7207   15.5606
    7.5000   15.0000  -22.5000 9071.9766   15.5515
   -7.5000   22.5000  -22.5000 8830.5762   15.3686
    0.0000   22.5000  -22.5000 8790.8906   15.3569
    7.5000   22.5000  -22.5000 8295.4316   15.3459
   -7.5000   30.0000  -22.5000 8033.8901   15.0054
    0.0000   30.0000  -22.5000 8000.4902   15.0020
    7.5000   30.0000  -22.5000 7548.0928   14.9945
   -7.5000   37.5000  -22.5000 7316.9458   14.7640
    0.0000   37.5000  -22.5000 7280.7407   14.7701
    7.5000   37.5000  -22.5000 6870.9780   14.7661
   -7.5000   45.0000  -22.5000 6655.9717   14.6948
    0.0000   45.0000  -22.5000 6606.2944   14.7044
    7.5000   45.0000  -22.5000 6246.0576   14.7037
   -7.5000  -45.0000  -15.0000 8602.1621   14.7380
    0.0000  -45.0000  -15.0000 8573.7422   14.7510
    7.5000  -45.0000  -15.0000 8056.9995   14.7494
   -7.5000  -37.5000  -15.0000 9122.7051   15.6748
    0.0000  -37.5000  -15.0000 9104.9756   15.6808
    7.5000  -37.5000  -15.0000 8568.4824   15.6771
   -7.5000  -30.0000  -15.0000 9718.3232   16.0877
    0.0000  -30.0000  -15.0000 9710.0186   16.0854
    7.5000  -30.0000  -15.0000 9124.4590   16.0782
   -7.5000  -22.5000  -15.000010423.5352   16.0941
    0.0000  -22.5000  -15.000010409.5273   16.0901
    7.5000  -22.5000  -15.0000 9761.9990   16.0812
   -7.5000  -15.0000  -15.000011049.9922   16.0962
    0.0000  -15.0000  -15.000011043.2998   16.1005
    7.5000  -15.0000  -15.000010361.9775   16.0950
   -7.5000   -7.5000  -15.000011153.7334   16.0942
    0.0000   -7.5000  -15.000011149.9639   16.1074
    7.5000   -7.5000  -15.000010482.3271   16.1053
   -7.5000    0.0000  -15.000011123.8086   16.0897
    0.0000    0.0000  -15.000011142.6006   16.1039
    7.5000    0.0000  -15.000010478.1660   16.1021
   -7.5000    7.5000  -15.000010554.6807   16.0803
    0.0000    7.5000  -15.000010553.5576   16.0865
    7.5000    7.5000  -15.0000 9937.6455   16.0827
   -7.5000   15.0000  -15.000010213.1631   16.0827
    0.0000   15.0000  -15.000010231.0469   16.0804
    7.5000   15.0000  -15.0000 9660.7217   16.0732
   -7.5000   22.5000  -15.0000 9326.6592   15.8836
    0.0000   22.5000  -15.0000 9316.2197   15.8797
    7.5000   22.5000  -15.0000 8826.5186   15.8708
   -7.5000   30.0000  -15.0000 8500.1416   15.5161
    0.0000   30.0000  -15.0000 8466.4971   15.5204
    7.5000   30.0000  -15.0000 8018.5454   15.5152
   -7.5000   37.5000  -15.0000 7745.1318   15.2726
    0.0000   37.5000  -15.0000 7703.8682   15.2850
    7.5000   37.5000  -15.0000 7293.7944   15.2832
   -7.5000   45.0000  -15.0000 7036.6860   15.2153
    0.0000   45.0000  -15.0000 6980.5996   15.2301
    7.5000   45.0000  -15.0000 6607.8638   15.2311
   -7.5000  -45.0000   -7.5000 8905.1680   14.7292
    0.0000  -45.0000   -7.5000 8864.2246   14.7401
    7.5000  -45.0000   -7.5000 8338.1797   14.7384
   -7.5000  -37.5000   -7.5000 9449.1133   15.6670
    0.0000  -37.5000   -7.5000 9417.0186   15.6744
    7.5000  -37.5000   -7.5000 8849.1025   15.6730
   -7.5000  -30.0000   -7.500010096.4365   16.0782
    0.0000  -30.0000   -7.500010058.1348   16.0808
    7.5000  -30.0000   -7.5000 9431.7930   16.0788
   -7.5000  -22.5000   -7.500010818.5957   16.0818
    0.0000  -22.5000   -7.500010790.1445   16.0829
    7.5000  -22.5000   -7.500010089.8672   16.0796
   -7.5000  -15.0000   -7.500011455.1729   16.0831
    0.0000  -15.0000   -7.500011439.4395   16.0885
    7.5000  -15.0000   -7.500010709.2949   16.0860
   -7.5000   -7.5000   -7.500011567.2227   16.0819
    0.0000   -7.5000   -7.500011579.3633   16.0927
    7.5000   -7.5000   -7.500010838.7021   16.0911
   -7.5000    0.0000   -7.500011519.4795   16.0801
    0.0000    0.0000   -7.500011581.3008   16.0921
    7.5000    0.0000   -7.500010837.5537   16.0902
   -7.5000    7.5000   -7.500010901.0547   16.0724
    0.0000    7.5000   -7.500010949.8711   16.0800
    7.5000    7.5000   -7.500010260.6182   16.0785
   -7.5000   15.0000   -7.500010524.8828   16.0733
    0.0000   15.0000   -7.500010552.9463   16.0758
    7.5000   15.0000   -7.5000 9933.8516   16.0739
   -7.5000   22.5000   -7.5000 9606.0254   15.8715
    0.0000   22.5000   -7.5000 9607.8193   15.8725
    7.5000   22.5000   -7.5000 9074.9189   15.8693
   -7.5000   30.0000   -7.5000 8747.4336   15.5033
    0.0000   30.0000   -7.5000 8709.7959   15.5087
    7.5000   30.0000   -7.5000 8243.3740   15.5065
   -7.5000   37.5000   -7.5000 7976.5483   15.2600
    0.0000   37.5000   -7.5000 7925.0806   15.2696
    7.5000   37.5000   -7.5000 7491.1377   15.2684
   -7.5000   45.0000   -7.5000 7221.6802   15.2011
    0.0000   45.0000   -7.5000 7171.0796   15.2143
    7.5000   45.0000   -7.5000 6783.2432   15.2168
   -7.5000  -45.0000    0.0000 9050.8203   15.1066
    0.0000  -45.0000    0.0000 8996.5762   15.1119
    7.5000  -45.0000    0.0000 8434.0645   15.1083
   -7.5000  -37.5000    0.0000 9603.3467   16.0613
    0.0000  -37.5000    0.0000 9561.1406   16.0664
    7.5000  -37.5000    0.0000 8933.7441   16.0655
   -7.5000  -30.0000    0.000010281.4258   16.4650
    0.0000  -30.0000    0.000010225.9629   16.4666
    7.5000  -30.0000    0.0000 9551.9648   16.4675
   -7.5000  -22.5000    0.000011058.6191   16.4619
    0.0000  -22.5000    0.000010995.1367   16.4596
    7.5000  -22.5000    0.000010233.6328   16.4592
   -7.5000  -15.0000    0.000011729.0010   16.4649
    0.0000  -15.0000    0.000011693.3145   16.4630
    7.5000  -15.0000    0.000010853.3555   16.4604
   -7.5000   -7.5000    0.000011831.1387   16.4710
    0.0000   -7.5000    0.000011838.4902   16.4730
    7.5000   -7.5000    0.000010967.6523   16.4690
   -7.5000    0.0000    0.000011748.6416   16.4759
    0.0000    0.0000    0.000011810.0752   16.4816
    7.5000    0.0000    0.000010952.1846   16.4775
   -7.5000    7.5000    0.000011093.7822   16.4660
    0.0000    7.5000    0.000011141.4609   16.4712
    7.5000    7.5000    0.000010369.0654   16.4703
   -7.5000   15.0000    0.000010708.2393   16.4592
    0.0000   15.0000    0.000010722.1406   16.4608
    7.5000   15.0000    0.000010014.1914   16.4617
   -7.5000   22.5000    0.0000 9798.6445   16.2489
    0.0000   22.5000    0.0000 9778.0508   16.2466
    7.5000   22.5000    0.0000 9163.0234   16.2462
   -7.5000   30.0000    0.0000 8901.2139   15.8809
    0.0000   30.0000    0.0000 8871.1357   15.8792
    7.5000   30.0000    0.0000 8320.6445   15.8769
   -7.5000   37.5000    0.0000 8080.3203   15.6478
    0.0000   37.5000    0.0000 8043.9429   15.6475
    7.5000   37.5000    0.0000 7556.7275   15.6439
   -7.5000   45.0000    0.0000 7295.7798   15.5963
    0.0000   45.0000    0.0000 7246.8130   15.6024
    7.5000   45.0000    0.0000 6826.2998   15.6042
   -7.5000  -45.0000    7.5000 8826.4521   15.1270
    0.0000  -45.0000    7.5000 8766.9629   15.1288
    7.5000  -45.0000    7.5000 8202.8096   15.1228
   -7.5000  -37.5000    7.5000 9359.0137   16.0802
    0.0000  -37.5000    7.5000 9300.4053   16.0817
    7.5000  -37.5000    7.5000 8687.0762   16.0781
   -7.5000  -30.0000    7.500010036.8496   16.4776
    0.0000  -30.0000    7.5000 9940.8242   16.4730
    7.5000  -30.0000    7.5000 9300.0723   16.4709
   -7.5000  -22.5000    7.500010942.5000   16.4698
    0.0000  -22.5000    7.500010832.3281   16.4589
    7.5000  -22.5000    7.500010043.1455   16.4552
   -7.5000  -15.0000    7.500011715.9121   16.4755
    0.0000  -15.0000    7.500011700.1162   16.4651
    7.5000  -15.0000    7.500010664.5947   16.4591
   -7.5000   -7.5000    7.500011753.7041   16.4885
    0.0000   -7.5000    7.500011792.7529   16.4842
    7.5000   -7.5000    7.500010719.7744   16.4770
   -7.5000    0.0000    7.500011602.9473   16.4980
    0.0000    0.0000    7.500011635.0674   16.5000
    7.5000    0.0000    7.500010633.4805   16.4933
   -7.5000    7.5000    7.500010925.2969   16.4853
    0.0000    7.5000    7.500010905.8623   16.4869
    7.5000    7.5000    7.500010024.8320   16.4832
   -7.5000   15.0000    7.500010543.4482   16.4718
    0.0000   15.0000    7.500010480.1797   16.4672
    7.5000   15.0000    7.5000 9682.2197   16.4650
   -7.5000   22.5000    7.5000 9618.1982   16.2566
    0.0000   22.5000    7.5000 9549.7119   16.2459
    7.5000   22.5000    7.5000 8886.1562   16.2422
   -7.5000   30.0000    7.5000 8725.0117   15.8911
    0.0000   30.0000    7.5000 8653.8379   15.8812
    7.5000   30.0000    7.5000 8072.0928   15.8756
   -7.5000   37.5000    7.5000 7898.0234   15.6658
    0.0000   37.5000    7.5000 7839.1787   15.6586
    7.5000   37.5000    7.5000 7333.1118   15.6516
   -7.5000   45.0000    7.5000 7108.4702   15.6137
    0.0000   45.0000    7.5000 7045.4873   15.6144
    7.5000   45.0000    7.5000 6617.0547   15.6134
   -7.5000  -45.0000   15.0000 8889.2266   15.1403
    0.0000  -45.0000   15.0000 8862.9395   15.1450
    7.5000  -45.0000   15.0000 8269.1152   15.1393
   -7.5000  -37.5000   15.0000 9435.1035   16.0938
    0.0000  -37.5000   15.0000 9400.9346   16.0947
    7.5000  -37.5000   15.0000 8772.7725   16.0893
   -7.5000  -30.0000   15.000010161.6260   16.4936
    0.0000  -30.0000   15.000010096.7939   16.4846
    7.5000  -30.0000   15.0000 9433.6123   16.4774
   -7.5000  -22.5000   15.000011214.3496   16.4882
    0.0000  -22.5000   15.000011166.5684   16.4724
    7.5000  -22.5000   15.000010193.6523   16.4632
   -7.5000  -15.0000   15.000012184.2979   16.4938
    0.0000  -15.0000   15.000012095.6523   16.4825
    7.5000  -15.0000   15.000010805.2764   16.4737
   -7.5000   -7.5000   15.000012280.6406   16.5053
    0.0000   -7.5000   15.000012120.8242   16.5039
    7.5000   -7.5000   15.000010827.0654   16.4966
   -7.5000    0.0000   15.000012006.6592   16.5125
    0.0000    0.0000   15.000011812.5518   16.5176
    7.5000    0.0000   15.000010678.5596   16.5114
   -7.5000    7.5000   15.000011153.6777   16.4993
    0.0000    7.5000   15.000010985.0537   16.5002
    7.5000    7.5000   15.000010034.9219   16.4947
   -7.5000   15.0000   15.000010640.9570   16.4878
    0.0000   15.0000   15.000010526.6836   16.4788
    7.5000   15.0000   15.0000 9659.7773   16.4716
   -7.5000   22.5000   15.0000 9656.9297   16.2748
    0.0000   22.5000   15.0000 9603.0020   16.2593
    7.5000   22.5000   15.0000 8875.9580   16.2501
   -7.5000   30.0000   15.0000 8732.3682   15.9089
    0.0000   30.0000   15.0000 8713.3877   15.8981
    7.5000   30.0000   15.0000 8087.8950   15.8897
   -7.5000   37.5000   15.0000 7902.6733   15.6829
    0.0000   37.5000   15.0000 7895.0952   15.6792
    7.5000   37.5000   15.0000 7357.9243   15.6718
   -7.5000   45.0000   15.0000 7127.1729   15.6327
    0.0000   45.0000   15.0000 7109.2334   15.6358
    7.5000   45.0000   15.0000 6635.0322   15.6334
   -7.5000  -45.0000   22.5000 8524.4482   15.2727
    0.0000  -45.0000   22.5000 8449.1689   15.2835
    7.5000  -45.0000   22.5000 7863.0078   15.2802
   -7.5000  -37.5000   22.5000 9099.9307   16.2360
    0.0000  -37.5000   22.5000 8963.5527   16.2393
    7.5000  -37.5000   22.5000 8335.3418   16.2339
   -7.5000  -30.0000   22.5000 9813.5557   16.6482
    0.0000  -30.0000   22.5000 9659.1377   16.6399
    7.5000  -30.0000   22.5000 8979.2334   16.6303
   -7.5000  -22.5000   22.500010663.3271   16.6504
    0.0000  -22.5000   22.500010564.6934   16.6378
    7.5000  -22.5000   22.5000 9654.9160   16.6260
   -7.5000  -15.0000   22.500011416.1143   16.6538
    0.0000  -15.0000   22.500011309.8066   16.6501
    7.5000  -15.0000   22.500010204.6074   16.6418
   -7.5000   -7.5000   22.500011537.8145   16.6571
    0.0000   -7.5000   22.500011389.6123   16.6650
    7.5000   -7.5000   22.500010263.5215   16.6606
   -7.5000    0.0000   22.500011364.3096   16.6569
    0.0000    0.0000   22.500011221.4756   16.6686
    7.5000    0.0000   22.500010178.0732   16.6650
   -7.5000    7.5000   22.500010534.7939   16.6451
    0.0000    7.5000   22.500010428.7773   16.6485
    7.5000    7.5000   22.5000 9519.6748   16.6430
   -7.5000   15.0000   22.500010032.9121   16.6423
    0.0000   15.0000   22.5000 9963.2168   16.6341
    7.5000   15.0000   22.5000 9147.5176   16.6244
   -7.5000   22.5000   22.5000 9122.2334   16.4349
    0.0000   22.5000   22.5000 9091.2275   16.4225
    7.5000   22.5000   22.5000 8408.1729   16.4108
   -7.5000   30.0000   22.5000 8288.3926   16.0635
    0.0000   30.0000   22.5000 8275.1201   16.0600
    7.5000   30.0000   22.5000 7686.3530   16.0520
   -7.5000   37.5000   22.5000 7507.2764   15.8292
    0.0000   37.5000   22.5000 7499.7417   15.8359
    7.5000   37.5000   22.5000 6994.1372   15.8314
   -7.5000   45.0000   22.5000 6766.0625   15.7860
    0.0000   45.0000   22.5000 6747.1567   15.7965
    7.5000   45.0000   22.5000 6310.3643   15.7954
   -7.5000  -45.0000   30.0000 8057.3296   15.3686
    0.0000  -45.0000   30.0000 7962.1104   15.3823
    7.5000  -45.0000   30.0000 7421.0210   15.3807
   -7.5000  -37.5000   30.0000 8567.6494   16.3468
    0.0000  -37.5000   30.0000 8456.2422   16.3532
    7.5000  -37.5000   30.0000 7870.0000   16.3497
   -7.5000  -30.0000   30.0000 9184.8809   16.7707
    0.0000  -30.0000   30.0000 9095.1953   16.7684
    7.5000  -30.0000   30.0000 8444.0391   16.7616
   -7.5000  -22.5000   30.0000 9884.8066   16.7775
    0.0000  -22.5000   30.0000 9832.2256   16.7737
    7.5000  -22.5000   30.0000 9053.1523   16.7652
   -7.5000  -15.0000   30.000010457.8877   16.7792
    0.0000  -15.0000   30.000010412.3311   16.7841
    7.5000  -15.0000   30.0000 9580.6230   16.7790
   -7.5000   -7.5000   30.000010533.6113   16.7765
    0.0000   -7.5000   30.000010506.1377   16.7905
    7.5000   -7.5000   30.0000 9694.2090   16.7887
   -7.5000    0.0000   30.000010472.5342   16.7717
    0.0000    0.0000   30.000010439.9375   16.7866
    7.5000    0.0000   30.0000 9650.9902   16.7848
   -7.5000    7.5000   30.0000 9811.1885   16.7616
    0.0000    7.5000   30.0000 9787.7432   16.7681
    7.5000    7.5000   30.0000 9047.8887   16.7645
   -7.5000   15.0000   30.0000 9405.4756   16.7647
    0.0000   15.0000   30.0000 9375.7598   16.7624
    7.5000   15.0000   30.0000 8677.1035   16.7557
   -7.5000   22.5000   30.0000 8598.4111   16.5589
    0.0000   22.5000   30.0000 8567.5156   16.5551
    7.5000   22.5000   30.0000 7941.8677   16.5468
   -7.5000   30.0000   30.0000 7824.8228   16.1920
    0.0000   30.0000   30.0000 7804.6030   16.1968
    7.5000   30.0000   30.0000 7256.1699   16.1920
   -7.5000   37.5000   30.0000 7062.5005   15.9588
    0.0000   37.5000   30.0000 7053.2202   15.9720
    7.5000   37.5000   30.0000 6569.3892   15.9705
   -7.5000   45.0000   30.0000 6357.3745   15.9260
    0.0000   45.0000   30.0000 6342.9600   15.9417
    7.5000   45.0000   30.0000 5918.4668   15.9430
   -7.5000  -45.0000   37.5000 7485.3174   15.4194
    0.0000  -45.0000   37.5000 7474.3877   15.4318
    7.5000  -45.0000   37.5000 6998.6733   15.4333
   -7.5000  -37.5000   37.5000 7965.8687   16.4067
    0.0000  -37.5000   37.5000 7952.1172   16.4150
    7.5000  -37.5000   37.5000 7445.8652   16.4166
   -7.5000  -30.0000   37.5000 8527.3545   16.8195
    0.0000  -30.0000   37.5000 8513.0371   16.8221
    7.5000  -30.0000   37.5000 7945.5239   16.8229
   -7.5000  -22.5000   37.5000 9130.6094   16.8224
    0.0000  -22.5000   37.5000 9114.8486   16.8233
    7.5000  -22.5000   37.5000 8489.3828   16.8225
   -7.5000  -15.0000   37.5000 9667.9346   16.8227
    0.0000  -15.0000   37.5000 9613.8584   16.8286
    7.5000  -15.0000   37.5000 8979.2988   16.8292
   -7.5000   -7.5000   37.5000 9780.2188   16.8216
    0.0000   -7.5000   37.5000 9721.8262   16.8338
    7.5000   -7.5000   37.5000 9104.5381   16.8356
   -7.5000    0.0000   37.5000 9763.0547   16.8207
    0.0000    0.0000   37.5000 9696.5547   16.8342
    7.5000    0.0000   37.5000 9082.0010   16.8357
   -7.5000    7.5000   37.5000 9173.5596   16.8126
    0.0000    7.5000   37.5000 9118.7734   16.8210
    7.5000    7.5000   37.5000 8526.3975   16.8227
   -7.5000   15.0000   37.5000 8837.5449   16.8134
    0.0000   15.0000   37.5000 8775.3994   16.8160
    7.5000   15.0000   37.5000 8200.9336   16.8168
   -7.5000   22.5000   37.5000 8094.5396   16.6004
    0.0000   22.5000   37.5000 8051.4946   16.6012
    7.5000   22.5000   37.5000 7496.9683   16.6005
   -7.5000   30.0000   37.5000 7353.2246   16.2315
    0.0000   30.0000   37.5000 7335.5557   16.2374
    7.5000   30.0000   37.5000 6838.2979   16.2381
   -7.5000   37.5000   37.5000 6596.0508   15.9778
    0.0000   37.5000   37.5000 6585.1699   15.9886
    7.5000   37.5000   37.5000 6153.3896   15.9907
   -7.5000   45.0000   37.5000 5925.7314   15.9209
    0.0000   45.0000   37.5000 5913.4087   15.9354
    7.5000   45.0000   37.5000 5539.8276   15.9417
   -7.5000  -45.0000   45.0000 6951.1338   15.5452
    0.0000  -45.0000   45.0000 6979.0898   15.5512
    7.5000  -45.0000   45.0000 6577.1523   15.5476
   -7.5000  -37.5000   45.0000 7392.2373   16.5394
    0.0000  -37.5000   45.0000 7413.9438   16.5436
    7.5000  -37.5000   45.0000 6995.4336   16.5419
   -7.5000  -30.0000   45.0000 7905.6338   16.9315
    0.0000  -30.0000   45.0000 7918.6855   16.9311
    7.5000  -30.0000   45.0000 7446.7422   16.9309
   -7.5000  -22.5000   45.0000 8453.1143   16.9285
    0.0000  -22.5000   45.0000 8446.3584   16.9246
    7.5000  -22.5000   45.0000 7939.4521   16.9233
   -7.5000  -15.0000   45.0000 8951.0889   16.9317
    0.0000  -15.0000   45.0000 8912.8027   16.9297
    7.5000  -15.0000   45.0000 8389.1309   16.9273
   -7.5000   -7.5000   45.0000 9066.2969   16.9382
    0.0000   -7.5000   45.0000 9019.3740   16.9413
    7.5000   -7.5000   45.0000 8501.4766   16.9379
   -7.5000    0.0000   45.0000 9065.8213   16.9432
    0.0000    0.0000   45.0000 9014.1514   16.9496
    7.5000    0.0000   45.0000 8476.2930   16.9456
   -7.5000    7.5000   45.0000 8532.9590   16.9323
    0.0000    7.5000   45.0000 8477.5029   16.9366
    7.5000    7.5000   45.0000 7969.6191   16.9348
   -7.5000   15.0000   45.0000 8211.8330   16.9251
    0.0000   15.0000   45.0000 8155.8003   16.9248
    7.5000   15.0000   45.0000 7660.1079   16.9245
   -7.5000   22.5000   45.0000 7526.4150   16.7028
    0.0000   22.5000   45.0000 7482.5933   16.6989
    7.5000   22.5000   45.0000 7014.0288   16.6977
   -7.5000   30.0000   45.0000 6832.8799   16.3324
    0.0000   30.0000   45.0000 6813.3931   16.3306
    7.5000   30.0000   45.0000 6397.2729   16.3284
   -7.5000   37.5000   45.0000 6114.9873   16.0661
    0.0000   37.5000   45.0000 6100.5142   16.0664
    7.5000   37.5000   45.0000 5743.8281   16.0632
   -7.5000   45.0000   45.0000 5472.9438   15.9856
    0.0000   45.0000   45.0000 5465.2021   15.9922
    7.5000   45.0000   45.0000 5150.5132   15.9945

---------------------------------------------------------------------
imgreg_4dfp /opt/freesurfer/average/711-2C_as_mni_average_305 /opt/freesurfer/average/711-2B_as_mni_average_305_mask talsrcimg_g11 none talsrcimg_to_711-2C_as_mni_average_305_t4 4355
---------------------------------------------------------------------

freesurfer imgreg_4dfp.c
/opt/freesurfer/average/711-2C_as_mni_average_305.4dfp.img
       256       256       256         1
  1.000000  1.000000  1.000000
orientation T byte_order littleendian
Reading image: /opt/freesurfer/average/711-2C_as_mni_average_305.4dfp.img
dimensions:      256       256       256
mmppix:       1.0000   -1.0000   -1.0000
center:     128.0000 -129.0000 -129.0000
/opt/freesurfer/average/711-2B_as_mni_average_305_mask.4dfp.img
       256       256       256         1
  1.000000  1.000000  1.000000
orientation T byte_order littleendian
Reading mask: /opt/freesurfer/average/711-2B_as_mni_average_305_mask.4dfp.img (2306576 pixels)
talsrcimg_g11.4dfp.img
       256       256       256         1
  0.898438  0.898438  0.898438
orientation T byte_order littleendian
Reading image: talsrcimg_g11.4dfp.img
dimensions:      256       256       256
mmppix:       0.8984   -0.8984   -0.8984
center:     115.0001 -115.8985 -115.8985
rotation matrix determinant  1.000000
image alignment mode   4355 decimal     1103 hex
  -15.0000  -52.5000  -30.0000 2221.8513   16.3377
   -7.5000  -52.5000  -30.0000 2237.3914   16.2187
    0.0000  -52.5000  -30.0000 2233.4585   16.2120
  -15.0000  -45.0000  -30.0000 2333.6572   15.3049
   -7.5000  -45.0000  -30.0000 2352.7043   15.1565
    0.0000  -45.0000  -30.0000 2347.8235   15.1833
  -15.0000  -37.5000  -30.0000 2395.6731   14.4552
   -7.5000  -37.5000  -30.0000 2414.8296   14.2542
    0.0000  -37.5000  -30.0000 2407.2988   14.2722
  -15.0000  -30.0000  -30.0000 2431.9641   13.8092
   -7.5000  -30.0000  -30.0000 2449.2288   13.6428
    0.0000  -30.0000  -30.0000 2444.1416   13.6603
  -15.0000  -22.5000  -30.0000 2438.4653   13.4507
   -7.5000  -22.5000  -30.0000 2463.4939   13.2871
    0.0000  -22.5000  -30.0000 2462.6794   13.3294
  -15.0000  -15.0000  -30.0000 2446.8069   13.3168
   -7.5000  -15.0000  -30.0000 2467.6650   13.1607
    0.0000  -15.0000  -30.0000 2465.4238   13.2314
  -15.0000   -7.5000  -30.0000 2436.1443   13.5311
   -7.5000   -7.5000  -30.0000 2453.3682   13.3348
    0.0000   -7.5000  -30.0000 2461.3459   13.3986
  -15.0000    0.0000  -30.0000 2404.6953   13.9898
   -7.5000    0.0000  -30.0000 2429.6472   13.7851
    0.0000    0.0000  -30.0000 2435.7568   13.8307
  -15.0000    7.5000  -30.0000 2362.7285   14.7028
   -7.5000    7.5000  -30.0000 2389.5879   14.5034
    0.0000    7.5000  -30.0000 2392.3652   14.5240
  -15.0000   15.0000  -30.0000 2294.7285   15.6380
   -7.5000   15.0000  -30.0000 2325.0815   15.4015
    0.0000   15.0000  -30.0000 2328.8240   15.4207
  -15.0000   22.5000  -30.0000 2209.1680   16.8491
   -7.5000   22.5000  -30.0000 2239.1504   16.6090
    0.0000   22.5000  -30.0000 2244.6440   16.6606
  -15.0000   30.0000  -30.0000 2100.4077   18.5169
   -7.5000   30.0000  -30.0000 2135.3525   18.2938
    0.0000   30.0000  -30.0000 2136.4756   18.3321
  -15.0000   37.5000  -30.0000 1964.9507   20.6215
   -7.5000   37.5000  -30.0000 1992.2039   20.3748
    0.0000   37.5000  -30.0000 1992.8478   20.4618
  -15.0000  -52.5000  -22.5000 2339.8127   15.8366
   -7.5000  -52.5000  -22.5000 2364.2205   15.6882
    0.0000  -52.5000  -22.5000 2354.0139   15.7242
  -15.0000  -45.0000  -22.5000 2460.6340   14.7833
   -7.5000  -45.0000  -22.5000 2480.4883   14.5892
    0.0000  -45.0000  -22.5000 2470.0042   14.6381
  -15.0000  -37.5000  -22.5000 2525.8464   13.9417
   -7.5000  -37.5000  -22.5000 2547.7065   13.7396
    0.0000  -37.5000  -22.5000 2540.2927   13.7574
  -15.0000  -30.0000  -22.5000 2567.0515   13.2986
   -7.5000  -30.0000  -22.5000 2587.8525   13.1007
    0.0000  -30.0000  -22.5000 2587.6099   13.1108
  -15.0000  -22.5000  -22.5000 2591.0166   12.9045
   -7.5000  -22.5000  -22.5000 2614.6465   12.7535
    0.0000  -22.5000  -22.5000 2616.1936   12.7570
  -15.0000  -15.0000  -22.5000 2600.6772   12.7432
   -7.5000  -15.0000  -22.5000 2622.7546   12.5996
    0.0000  -15.0000  -22.5000 2625.0322   12.6608
  -15.0000   -7.5000  -22.5000 2588.2766   12.9334
   -7.5000   -7.5000  -22.5000 2612.0017   12.7572
    0.0000   -7.5000  -22.5000 2618.2219   12.8071
  -15.0000    0.0000  -22.5000 2552.9324   13.3759
   -7.5000    0.0000  -22.5000 2583.3047   13.1718
    0.0000    0.0000  -22.5000 2587.3696   13.1995
  -15.0000    7.5000  -22.5000 2505.4766   14.0619
   -7.5000    7.5000  -22.5000 2539.4026   13.8386
    0.0000    7.5000  -22.5000 2546.1311   13.8441
  -15.0000   15.0000  -22.5000 2436.1948   14.9543
   -7.5000   15.0000  -22.5000 2470.4573   14.7250
    0.0000   15.0000  -22.5000 2475.9976   14.7218
  -15.0000   22.5000  -22.5000 2340.2961   16.0995
   -7.5000   22.5000  -22.5000 2375.1892   15.8557
    0.0000   22.5000  -22.5000 2379.8638   15.9365
  -15.0000   30.0000  -22.5000 2226.7827   17.7023
   -7.5000   30.0000  -22.5000 2261.1099   17.4227
    0.0000   30.0000  -22.5000 2267.2942   17.5247
  -15.0000   37.5000  -22.5000 2079.5093   19.7064
   -7.5000   37.5000  -22.5000 2106.7673   19.4225
    0.0000   37.5000  -22.5000 2117.0010   19.5286
  -15.0000  -52.5000  -15.0000 2415.8494   15.2717
   -7.5000  -52.5000  -15.0000 2443.3582   15.1101
    0.0000  -52.5000  -15.0000 2434.5867   15.1223
  -15.0000  -45.0000  -15.0000 2536.3992   14.1840
   -7.5000  -45.0000  -15.0000 2563.6780   13.9878
    0.0000  -45.0000  -15.0000 2554.1326   14.0298
  -15.0000  -37.5000  -15.0000 2614.9531   13.3063
   -7.5000  -37.5000  -15.0000 2636.9824   13.1070
    0.0000  -37.5000  -15.0000 2632.2200   13.1544
  -15.0000  -30.0000  -15.0000 2667.1082   12.6721
   -7.5000  -30.0000  -15.0000 2690.2500   12.5100
    0.0000  -30.0000  -15.0000 2690.8184   12.5156
  -15.0000  -22.5000  -15.0000 2704.2903   12.2441
   -7.5000  -22.5000  -15.0000 2730.0725   12.1131
    0.0000  -22.5000  -15.0000 2729.8435   12.1240
  -15.0000  -15.0000  -15.0000 2719.8699   12.0859
   -7.5000  -15.0000  -15.0000 2751.8782   11.9318
    0.0000  -15.0000  -15.0000 2754.6531   11.9831
  -15.0000   -7.5000  -15.0000 2709.3013   12.2537
   -7.5000   -7.5000  -15.0000 2743.1631   12.0704
    0.0000   -7.5000  -15.0000 2750.1396   12.1208
  -15.0000    0.0000  -15.0000 2675.9604   12.6983
   -7.5000    0.0000  -15.0000 2713.1414   12.4731
    0.0000    0.0000  -15.0000 2725.0088   12.5322
  -15.0000    7.5000  -15.0000 2626.6135   13.3587
   -7.5000    7.5000  -15.0000 2666.2156   13.1063
    0.0000    7.5000  -15.0000 2678.9165   13.1442
  -15.0000   15.0000  -15.0000 2546.4980   14.2223
   -7.5000   15.0000  -15.0000 2583.8406   13.9750
    0.0000   15.0000  -15.0000 2598.0540   14.0145
  -15.0000   22.5000  -15.0000 2441.8987   15.3497
   -7.5000   22.5000  -15.0000 2477.7747   15.0788
    0.0000   22.5000  -15.0000 2487.2268   15.1521
  -15.0000   30.0000  -15.0000 2321.4138   16.8632
   -7.5000   30.0000  -15.0000 2357.0776   16.5833
    0.0000   30.0000  -15.0000 2365.3665   16.6574
  -15.0000   37.5000  -15.0000 2172.8201   18.7583
   -7.5000   37.5000  -15.0000 2200.3564   18.4581
    0.0000   37.5000  -15.0000 2208.5886   18.5455
  -15.0000  -52.5000   -7.5000 2445.4253   14.6142
   -7.5000  -52.5000   -7.5000 2469.0981   14.4653
    0.0000  -52.5000   -7.5000 2468.7808   14.4536
  -15.0000  -45.0000   -7.5000 2571.3025   13.5348
   -7.5000  -45.0000   -7.5000 2598.2075   13.3498
    0.0000  -45.0000   -7.5000 2593.2007   13.3769
  -15.0000  -37.5000   -7.5000 2654.6038   12.6283
   -7.5000  -37.5000   -7.5000 2683.6165   12.4460
    0.0000  -37.5000   -7.5000 2682.4456   12.4818
  -15.0000  -30.0000   -7.5000 2722.7390   11.9616
   -7.5000  -30.0000   -7.5000 2750.6382   11.8055
    0.0000  -30.0000   -7.5000 2750.1423   11.8565
  -15.0000  -22.5000   -7.5000 2767.4404   11.5736
   -7.5000  -22.5000   -7.5000 2797.7170   11.4067
    0.0000  -22.5000   -7.5000 2798.5044   11.4568
  -15.0000  -15.0000   -7.5000 2796.0833   11.4042
   -7.5000  -15.0000   -7.5000 2833.1221   11.2038
    0.0000  -15.0000   -7.5000 2835.2854   11.2585
  -15.0000   -7.5000   -7.5000 2797.1414   11.5431
   -7.5000   -7.5000   -7.5000 2833.2537   11.3206
    0.0000   -7.5000   -7.5000 2841.6506   11.4004
  -15.0000    0.0000   -7.5000 2761.7634   11.9712
   -7.5000    0.0000   -7.5000 2802.7305   11.7125
    0.0000    0.0000   -7.5000 2821.1726   11.7874
  -15.0000    7.5000   -7.5000 2704.6555   12.6043
   -7.5000    7.5000   -7.5000 2751.1140   12.3411
    0.0000    7.5000   -7.5000 2765.3948   12.4194
  -15.0000   15.0000   -7.5000 2620.0701   13.4419
   -7.5000   15.0000   -7.5000 2657.2380   13.1923
    0.0000   15.0000   -7.5000 2671.6357   13.2708
  -15.0000   22.5000   -7.5000 2506.5806   14.5475
   -7.5000   22.5000   -7.5000 2543.6167   14.2686
    0.0000   22.5000   -7.5000 2551.2500   14.3722
  -15.0000   30.0000   -7.5000 2382.7131   16.0512
   -7.5000   30.0000   -7.5000 2416.8438   15.7379
    0.0000   30.0000   -7.5000 2423.8584   15.8310
  -15.0000   37.5000   -7.5000 2224.6729   17.8120
   -7.5000   37.5000   -7.5000 2256.5022   17.5174
    0.0000   37.5000   -7.5000 2261.7212   17.5802
  -15.0000  -52.5000    0.0000 2467.1553   14.2616
   -7.5000  -52.5000    0.0000 2497.5784   14.1000
    0.0000  -52.5000    0.0000 2495.4980   14.0945
  -15.0000  -45.0000    0.0000 2596.7383   13.1668
   -7.5000  -45.0000    0.0000 2628.3640   12.9670
    0.0000  -45.0000    0.0000 2626.6951   13.0150
  -15.0000  -37.5000    0.0000 2694.4805   12.2514
   -7.5000  -37.5000    0.0000 2724.7981   12.0591
    0.0000  -37.5000    0.0000 2726.6511   12.1109
  -15.0000  -30.0000    0.0000 2773.9058   11.5507
   -7.5000  -30.0000    0.0000 2809.6748   11.3532
    0.0000  -30.0000    0.0000 2811.2749   11.4452
  -15.0000  -22.5000    0.0000 2834.4136   11.1584
   -7.5000  -22.5000    0.0000 2868.9680   10.9752
    0.0000  -22.5000    0.0000 2869.6284   11.0570
  -15.0000  -15.0000    0.0000 2870.1921   10.9719
   -7.5000  -15.0000    0.0000 2910.4502   10.7854
    0.0000  -15.0000    0.0000 2916.5093   10.8693
  -15.0000   -7.5000    0.0000 2869.9543   11.1024
   -7.5000   -7.5000    0.0000 2917.0540   10.8613
    0.0000   -7.5000    0.0000 2924.2532   10.9701
  -15.0000    0.0000    0.0000 2832.9409   11.4754
   -7.5000    0.0000    0.0000 2881.3938   11.2286
    0.0000    0.0000    0.0000 2894.9087   11.3544
  -15.0000    7.5000    0.0000 2771.8267   12.0839
   -7.5000    7.5000    0.0000 2819.2886   11.8394
    0.0000    7.5000    0.0000 2832.2839   11.9502
  -15.0000   15.0000    0.0000 2679.1086   12.9476
   -7.5000   15.0000    0.0000 2722.6484   12.6799
    0.0000   15.0000    0.0000 2735.3767   12.7881
  -15.0000   22.5000    0.0000 2562.3225   14.0565
   -7.5000   22.5000    0.0000 2602.7402   13.7775
    0.0000   22.5000    0.0000 2611.4175   13.9025
  -15.0000   30.0000    0.0000 2434.2534   15.5409
   -7.5000   30.0000    0.0000 2472.1865   15.2205
    0.0000   30.0000    0.0000 2479.1479   15.3015
  -15.0000   37.5000    0.0000 2264.8513   17.2889
   -7.5000   37.5000    0.0000 2302.1089   16.9222
    0.0000   37.5000    0.0000 2307.1643   17.0072
  -15.0000  -52.5000    7.5000 2463.6245   13.9920
   -7.5000  -52.5000    7.5000 2494.2163   13.8282
    0.0000  -52.5000    7.5000 2496.8999   13.8517
  -15.0000  -45.0000    7.5000 2597.3137   12.8987
   -7.5000  -45.0000    7.5000 2629.9573   12.7167
    0.0000  -45.0000    7.5000 2635.8516   12.7705
  -15.0000  -37.5000    7.5000 2703.5190   11.9426
   -7.5000  -37.5000    7.5000 2738.6987   11.7923
    0.0000  -37.5000    7.5000 2745.4058   11.8513
  -15.0000  -30.0000    7.5000 2797.4663   11.2513
   -7.5000  -30.0000    7.5000 2839.7561   11.0734
    0.0000  -30.0000    7.5000 2843.6814   11.1534
  -15.0000  -22.5000    7.5000 2870.7632   10.8866
   -7.5000  -22.5000    7.5000 2912.6233   10.7287
    0.0000  -22.5000    7.5000 2920.6187   10.7974
  -15.0000  -15.0000    7.5000 2916.5867   10.7313
   -7.5000  -15.0000    7.5000 2969.7363   10.6274
    0.0000  -15.0000    7.5000 2985.7153   10.7007
  -15.0000   -7.5000    7.5000 2912.6145   10.8170
   -7.5000   -7.5000    7.5000 2974.6848   10.6556
    0.0000   -7.5000    7.5000 2989.8406   10.7858
  -15.0000    0.0000    7.5000 2869.2817   11.1384
   -7.5000    0.0000    7.5000 2925.4036   10.9257
    0.0000    0.0000    7.5000 2935.3066   11.0678
  -15.0000    7.5000    7.5000 2802.3765   11.7360
   -7.5000    7.5000    7.5000 2854.1077   11.4919
    0.0000    7.5000    7.5000 2861.6462   11.5573
  -15.0000   15.0000    7.5000 2713.1855   12.5822
   -7.5000   15.0000    7.5000 2762.9998   12.3333
    0.0000   15.0000    7.5000 2768.9570   12.3626
  -15.0000   22.5000    7.5000 2590.5269   13.6902
   -7.5000   22.5000    7.5000 2632.6909   13.4358
    0.0000   22.5000    7.5000 2643.0337   13.4514
  -15.0000   30.0000    7.5000 2457.0173   15.1615
   -7.5000   30.0000    7.5000 2497.0305   14.8875
    0.0000   30.0000    7.5000 2506.1245   14.8545
  -15.0000   37.5000    7.5000 2285.4421   16.8976
   -7.5000   37.5000    7.5000 2323.9778   16.5824
    0.0000   37.5000    7.5000 2332.0657   16.5576
  -15.0000  -52.5000   15.0000 2446.5317   13.9855
   -7.5000  -52.5000   15.0000 2480.2295   13.7889
    0.0000  -52.5000   15.0000 2485.8523   13.8441
  -15.0000  -45.0000   15.0000 2580.6465   12.8611
   -7.5000  -45.0000   15.0000 2619.8762   12.6652
    0.0000  -45.0000   15.0000 2631.3696   12.7342
  -15.0000  -37.5000   15.0000 2695.2197   11.8890
   -7.5000  -37.5000   15.0000 2732.3049   11.7169
    0.0000  -37.5000   15.0000 2748.5061   11.8155
  -15.0000  -30.0000   15.0000 2797.7102   11.2196
   -7.5000  -30.0000   15.0000 2840.8447   11.0498
    0.0000  -30.0000   15.0000 2859.1858   11.1372
  -15.0000  -22.5000   15.0000 2886.2563   10.8737
   -7.5000  -22.5000   15.0000 2941.9436   10.7402
    0.0000  -22.5000   15.0000 2959.2119   10.8130
  -15.0000  -15.0000   15.0000 2938.6265   10.7487
   -7.5000  -15.0000   15.0000 3015.1599   10.6960
    0.0000  -15.0000   15.0000 3039.9541   10.7647
  -15.0000   -7.5000   15.0000 2931.4841   10.8486
   -7.5000   -7.5000   15.0000 3013.4500   10.7484
    0.0000   -7.5000   15.0000 3034.6790   10.7961
  -15.0000    0.0000   15.0000 2882.3040   11.1304
   -7.5000    0.0000   15.0000 2946.8716   10.9089
    0.0000    0.0000   15.0000 2958.1182   10.9613
  -15.0000    7.5000   15.0000 2816.6147   11.6137
   -7.5000    7.5000   15.0000 2868.4912   11.3451
    0.0000    7.5000   15.0000 2873.6272   11.3907
  -15.0000   15.0000   15.0000 2722.0740   12.4379
   -7.5000   15.0000   15.0000 2767.9429   12.1558
    0.0000   15.0000   15.0000 2777.0046   12.1821
  -15.0000   22.5000   15.0000 2599.5457   13.5421
   -7.5000   22.5000   15.0000 2636.8552   13.2433
    0.0000   22.5000   15.0000 2651.7603   13.2948
  -15.0000   30.0000   15.0000 2460.3240   14.9895
   -7.5000   30.0000   15.0000 2498.0649   14.6832
    0.0000   30.0000   15.0000 2511.4148   14.7179
  -15.0000   37.5000   15.0000 2289.4133   16.7339
   -7.5000   37.5000   15.0000 2324.5728   16.4117
    0.0000   37.5000   15.0000 2334.4375   16.4391
  -15.0000  -52.5000   22.5000 2422.0220   14.2300
   -7.5000  -52.5000   22.5000 2456.4087   13.9855
    0.0000  -52.5000   22.5000 2470.8779   14.0176
  -15.0000  -45.0000   22.5000 2553.8765   13.0971
   -7.5000  -45.0000   22.5000 2592.4480   12.8964
    0.0000  -45.0000   22.5000 2610.2373   12.8933
  -15.0000  -37.5000   22.5000 2669.1526   12.1481
   -7.5000  -37.5000   22.5000 2714.4170   11.9949
    0.0000  -37.5000   22.5000 2731.2397   11.9523
  -15.0000  -30.0000   22.5000 2779.2324   11.4481
   -7.5000  -30.0000   22.5000 2830.9531   11.3197
    0.0000  -30.0000   22.5000 2847.1206   11.2866
  -15.0000  -22.5000   22.5000 2872.0740   11.0217
   -7.5000  -22.5000   22.5000 2931.9236   10.9305
    0.0000  -22.5000   22.5000 2948.7686   10.9317
  -15.0000  -15.0000   22.5000 2919.8896   10.8270
   -7.5000  -15.0000   22.5000 3001.6543   10.7201
    0.0000  -15.0000   22.5000 3019.8079   10.7944
  -15.0000   -7.5000   22.5000 2919.8777   10.9463
   -7.5000   -7.5000   22.5000 2996.7534   10.7644
    0.0000   -7.5000   22.5000 3009.6057   10.8338
  -15.0000    0.0000   22.5000 2866.2334   11.2804
   -7.5000    0.0000   22.5000 2933.1973   11.0182
    0.0000    0.0000   22.5000 2945.7043   11.0657
  -15.0000    7.5000   22.5000 2793.4634   11.8083
   -7.5000    7.5000   22.5000 2846.2075   11.5037
    0.0000    7.5000   22.5000 2856.9204   11.5440
  -15.0000   15.0000   22.5000 2702.9919   12.5916
   -7.5000   15.0000   22.5000 2741.4297   12.2757
    0.0000   15.0000   22.5000 2751.6294   12.2962
  -15.0000   22.5000   22.5000 2580.7231   13.6502
   -7.5000   22.5000   22.5000 2617.6262   13.3392
    0.0000   22.5000   22.5000 2630.1846   13.3648
  -15.0000   30.0000   22.5000 2443.2261   15.0364
   -7.5000   30.0000   22.5000 2479.7561   14.7275
    0.0000   30.0000   22.5000 2496.7126   14.7658
  -15.0000   37.5000   22.5000 2273.0581   16.7245
   -7.5000   37.5000   22.5000 2307.4880   16.4073
    0.0000   37.5000   22.5000 2320.2034   16.4370
  -15.0000  -52.5000   30.0000 2399.5061   14.6991
   -7.5000  -52.5000   30.0000 2439.8425   14.4580
    0.0000  -52.5000   30.0000 2451.3789   14.3904
  -15.0000  -45.0000   30.0000 2530.8296   13.5525
   -7.5000  -45.0000   30.0000 2567.9160   13.3017
    0.0000  -45.0000   30.0000 2582.3186   13.2323
  -15.0000  -37.5000   30.0000 2645.8123   12.5466
   -7.5000  -37.5000   30.0000 2688.2803   12.3023
    0.0000  -37.5000   30.0000 2703.9048   12.2654
  -15.0000  -30.0000   30.0000 2751.5339   11.8140
   -7.5000  -30.0000   30.0000 2802.4834   11.6036
    0.0000  -30.0000   30.0000 2822.8604   11.5794
  -15.0000  -22.5000   30.0000 2837.6450   11.3075
   -7.5000  -22.5000   30.0000 2894.5247   11.1503
    0.0000  -22.5000   30.0000 2914.4817   11.1902
  -15.0000  -15.0000   30.0000 2885.3030   11.0874
   -7.5000  -15.0000   30.0000 2944.7617   10.8813
    0.0000  -15.0000   30.0000 2968.0796   10.9378
  -15.0000   -7.5000   30.0000 2881.0740   11.1637
   -7.5000   -7.5000   30.0000 2941.7974   10.9103
    0.0000   -7.5000   30.0000 2961.0710   10.9751
  -15.0000    0.0000   30.0000 2833.0452   11.5050
   -7.5000    0.0000   30.0000 2897.4036   11.2358
    0.0000    0.0000   30.0000 2907.2888   11.3070
  -15.0000    7.5000   30.0000 2756.9604   12.0872
   -7.5000    7.5000   30.0000 2808.6121   11.8016
    0.0000    7.5000   30.0000 2822.2312   11.8549
  -15.0000   15.0000   30.0000 2659.6841   12.9221
   -7.5000   15.0000   30.0000 2700.5481   12.6081
    0.0000   15.0000   30.0000 2713.4941   12.6436
  -15.0000   22.5000   30.0000 2538.1792   13.9882
   -7.5000   22.5000   30.0000 2578.0371   13.6746
    0.0000   22.5000   30.0000 2591.3984   13.6771
  -15.0000   30.0000   30.0000 2407.7983   15.3508
   -7.5000   30.0000   30.0000 2448.7063   15.0287
    0.0000   30.0000   30.0000 2460.4895   15.0281
  -15.0000   37.5000   30.0000 2242.6475   16.9767
   -7.5000   37.5000   30.0000 2269.6218   16.6352
    0.0000   37.5000   30.0000 2286.7852   16.6448
  -15.0000  -52.5000   37.5000 2373.2427   15.2677
   -7.5000  -52.5000   37.5000 2407.8533   14.9048
    0.0000  -52.5000   37.5000 2421.4629   14.9321
  -15.0000  -45.0000   37.5000 2502.0588   14.0717
   -7.5000  -45.0000   37.5000 2537.5938   13.7099
    0.0000  -45.0000   37.5000 2557.2629   13.7257
  -15.0000  -37.5000   37.5000 2610.2983   13.0444
   -7.5000  -37.5000   37.5000 2658.4241   12.7445
    0.0000  -37.5000   37.5000 2677.4607   12.7267
  -15.0000  -30.0000   37.5000 2708.2161   12.2536
   -7.5000  -30.0000   37.5000 2763.5698   12.0110
    0.0000  -30.0000   37.5000 2782.0991   11.9977
  -15.0000  -22.5000   37.5000 2781.8889   11.7659
   -7.5000  -22.5000   37.5000 2835.8621   11.5225
    0.0000  -22.5000   37.5000 2856.4104   11.5162
  -15.0000  -15.0000   37.5000 2825.4956   11.5579
   -7.5000  -15.0000   37.5000 2876.6277   11.2752
    0.0000  -15.0000   37.5000 2898.0850   11.2373
  -15.0000   -7.5000   37.5000 2815.0952   11.6172
   -7.5000   -7.5000   37.5000 2872.2910   11.3421
    0.0000   -7.5000   37.5000 2889.5349   11.3524
  -15.0000    0.0000   37.5000 2771.0073   11.9494
   -7.5000    0.0000   37.5000 2828.6013   11.6867
    0.0000    0.0000   37.5000 2839.6692   11.7091
  -15.0000    7.5000   37.5000 2696.0198   12.5448
   -7.5000    7.5000   37.5000 2745.5793   12.2713
    0.0000    7.5000   37.5000 2760.0576   12.2885
  -15.0000   15.0000   37.5000 2607.0916   13.3788
   -7.5000   15.0000   37.5000 2649.5237   13.0781
    0.0000   15.0000   37.5000 2661.1140   13.1030
  -15.0000   22.5000   37.5000 2492.5859   14.4809
   -7.5000   22.5000   37.5000 2532.2476   14.1690
    0.0000   22.5000   37.5000 2549.0881   14.1850
  -15.0000   30.0000   37.5000 2358.5156   15.8412
   -7.5000   30.0000   37.5000 2397.3542   15.5240
    0.0000   30.0000   37.5000 2418.2534   15.5129
  -15.0000   37.5000   37.5000 2192.7561   17.4420
   -7.5000   37.5000   37.5000 2217.8237   17.1359
    0.0000   37.5000   37.5000 2238.5242   17.1106
  -15.0000  -52.5000   45.0000 2313.4556   15.8919
   -7.5000  -52.5000   45.0000 2343.6907   15.4370
    0.0000  -52.5000   45.0000 2360.7449   15.4795
  -15.0000  -45.0000   45.0000 2443.0955   14.6895
   -7.5000  -45.0000   45.0000 2476.2209   14.2600
    0.0000  -45.0000   45.0000 2495.4893   14.2557
  -15.0000  -37.5000   45.0000 2545.8674   13.6301
   -7.5000  -37.5000   45.0000 2590.3672   13.2535
    0.0000  -37.5000   45.0000 2611.6201   13.2470
  -15.0000  -30.0000   45.0000 2631.8660   12.8373
   -7.5000  -30.0000   45.0000 2688.8999   12.5230
    0.0000  -30.0000   45.0000 2706.8865   12.4929
  -15.0000  -22.5000   45.0000 2691.8430   12.3395
   -7.5000  -22.5000   45.0000 2744.0229   12.0273
    0.0000  -22.5000   45.0000 2766.6082   11.9843
  -15.0000  -15.0000   45.0000 2722.9292   12.0985
   -7.5000  -15.0000   45.0000 2774.0667   11.8057
    0.0000  -15.0000   45.0000 2799.1951   11.7502
  -15.0000   -7.5000   45.0000 2714.1721   12.1684
   -7.5000   -7.5000   45.0000 2768.3196   11.8898
    0.0000   -7.5000   45.0000 2784.0398   11.8746
  -15.0000    0.0000   45.0000 2670.9990   12.5173
   -7.5000    0.0000   45.0000 2721.2170   12.2488
    0.0000    0.0000   45.0000 2735.2793   12.2237
  -15.0000    7.5000   45.0000 2602.6321   13.1208
   -7.5000    7.5000   45.0000 2642.9692   12.8487
    0.0000    7.5000   45.0000 2655.7429   12.8313
  -15.0000   15.0000   45.0000 2518.6548   13.9397
   -7.5000   15.0000   45.0000 2551.4058   13.6452
    0.0000   15.0000   45.0000 2565.1235   13.6400
  -15.0000   22.5000   45.0000 2409.4160   15.0156
   -7.5000   22.5000   45.0000 2448.4717   14.7166
    0.0000   22.5000   45.0000 2460.9065   14.7195
  -15.0000   30.0000   45.0000 2280.3467   16.3856
   -7.5000   30.0000   45.0000 2316.1780   16.0871
    0.0000   30.0000   45.0000 2337.1946   16.0966
  -15.0000   37.5000   45.0000 2113.2673   18.0247
   -7.5000   37.5000   45.0000 2140.1692   17.7444
    0.0000   37.5000   45.0000 2160.4807   17.7234
  -15.0000  -52.5000   52.5000 2225.0044   16.5628
   -7.5000  -52.5000   52.5000 2254.2007   16.0408
    0.0000  -52.5000   52.5000 2270.1777   16.1036
  -15.0000  -45.0000   52.5000 2350.9661   15.3235
   -7.5000  -45.0000   52.5000 2382.9592   14.8450
    0.0000  -45.0000   52.5000 2403.0181   14.8533
  -15.0000  -37.5000   52.5000 2449.2883   14.2701
   -7.5000  -37.5000   52.5000 2490.5110   13.8699
    0.0000  -37.5000   52.5000 2512.4675   13.8385
  -15.0000  -30.0000   52.5000 2521.5979   13.4981
   -7.5000  -30.0000   52.5000 2572.6033   13.1272
    0.0000  -30.0000   52.5000 2591.7083   13.0705
  -15.0000  -22.5000   52.5000 2572.3589   12.9680
   -7.5000  -22.5000   52.5000 2622.4819   12.6415
    0.0000  -22.5000   52.5000 2644.8672   12.5479
  -15.0000  -15.0000   52.5000 2596.7056   12.7213
   -7.5000  -15.0000   52.5000 2641.5608   12.4290
    0.0000  -15.0000   52.5000 2663.0430   12.3392
  -15.0000   -7.5000   52.5000 2587.7417   12.7809
   -7.5000   -7.5000   52.5000 2633.8445   12.5017
    0.0000   -7.5000   52.5000 2653.9905   12.4418
  -15.0000    0.0000   52.5000 2547.7437   13.1457
   -7.5000    0.0000   52.5000 2590.8406   12.8418
    0.0000    0.0000   52.5000 2605.0474   12.7905
  -15.0000    7.5000   52.5000 2487.7603   13.7238
   -7.5000    7.5000   52.5000 2527.4006   13.4375
    0.0000    7.5000   52.5000 2536.0107   13.3831
  -15.0000   15.0000   52.5000 2405.0984   14.5230
   -7.5000   15.0000   52.5000 2444.0400   14.2121
    0.0000   15.0000   52.5000 2448.3452   14.1545
  -15.0000   22.5000   52.5000 2299.5854   15.5761
   -7.5000   22.5000   52.5000 2338.1179   15.2790
    0.0000   22.5000   52.5000 2348.9670   15.2254
  -15.0000   30.0000   52.5000 2173.0461   16.9573
   -7.5000   30.0000   52.5000 2207.3525   16.6544
    0.0000   30.0000   52.5000 2227.0562   16.6334
  -15.0000   37.5000   52.5000 2015.6449   18.6265
   -7.5000   37.5000   52.5000 2040.5972   18.3436
    0.0000   37.5000   52.5000 2060.0571   18.2560
  -15.0000  -52.5000   60.0000 2162.2058   17.6992
   -7.5000  -52.5000   60.0000 2196.8760   17.1384
    0.0000  -52.5000   60.0000 2210.9844   17.2110
  -15.0000  -45.0000   60.0000 2285.6238   16.4265
   -7.5000  -45.0000   60.0000 2321.1816   15.9030
    0.0000  -45.0000   60.0000 2337.8997   15.9073
  -15.0000  -37.5000   60.0000 2378.8535   15.3527
   -7.5000  -37.5000   60.0000 2419.5007   14.9135
    0.0000  -37.5000   60.0000 2437.5879   14.8643
  -15.0000  -30.0000   60.0000 2446.2161   14.5556
   -7.5000  -30.0000   60.0000 2492.0249   14.1504
    0.0000  -30.0000   60.0000 2509.1621   14.0556
  -15.0000  -22.5000   60.0000 2486.6707   14.0014
   -7.5000  -22.5000   60.0000 2532.8865   13.6526
    0.0000  -22.5000   60.0000 2555.3657   13.5376
  -15.0000  -15.0000   60.0000 2502.1042   13.7425
   -7.5000  -15.0000   60.0000 2548.1484   13.4373
    0.0000  -15.0000   60.0000 2569.7461   13.3479
  -15.0000   -7.5000   60.0000 2493.7400   13.7861
   -7.5000   -7.5000   60.0000 2539.7112   13.5135
    0.0000   -7.5000   60.0000 2560.6125   13.4420
  -15.0000    0.0000   60.0000 2460.2434   14.1772
   -7.5000    0.0000   60.0000 2502.1570   13.8640
    0.0000    0.0000   60.0000 2519.1951   13.7995
  -15.0000    7.5000   60.0000 2406.0366   14.7610
   -7.5000    7.5000   60.0000 2443.8950   14.4425
    0.0000    7.5000   60.0000 2454.4688   14.3573
  -15.0000   15.0000   60.0000 2327.8406   15.5743
   -7.5000   15.0000   60.0000 2364.8435   15.2526
    0.0000   15.0000   60.0000 2370.0051   15.1029
  -15.0000   22.5000   60.0000 2223.3501   16.6475
   -7.5000   22.5000   60.0000 2258.2527   16.3016
    0.0000   22.5000   60.0000 2266.2505   16.1716
  -15.0000   30.0000   60.0000 2102.2776   18.0654
   -7.5000   30.0000   60.0000 2127.1079   17.7247
    0.0000   30.0000   60.0000 2143.1479   17.6283
  -15.0000   37.5000   60.0000 1949.3745   19.8009
   -7.5000   37.5000   60.0000 1969.2162   19.5192
    0.0000   37.5000   60.0000 1986.6130   19.3612

---------------------------------------------------------------------
imgreg_4dfp /opt/freesurfer/average/711-2C_as_mni_average_305 /opt/freesurfer/average/711-2B_as_mni_average_305_mask talsrcimg_g11 none talsrcimg_to_711-2C_as_mni_average_305_t4 1283
---------------------------------------------------------------------

freesurfer imgreg_4dfp.c
/opt/freesurfer/average/711-2C_as_mni_average_305.4dfp.img
       256       256       256         1
  1.000000  1.000000  1.000000
orientation T byte_order littleendian
Reading image: /opt/freesurfer/average/711-2C_as_mni_average_305.4dfp.img
dimensions:      256       256       256
mmppix:       1.0000   -1.0000   -1.0000
center:     128.0000 -129.0000 -129.0000
/opt/freesurfer/average/711-2B_as_mni_average_305_mask.4dfp.img
       256       256       256         1
  1.000000  1.000000  1.000000
orientation T byte_order littleendian
Reading mask: /opt/freesurfer/average/711-2B_as_mni_average_305_mask.4dfp.img (2306576 pixels)
talsrcimg_g11.4dfp.img
       256       256       256         1
  0.898438  0.898438  0.898438
orientation T byte_order littleendian
Reading image: talsrcimg_g11.4dfp.img
dimensions:      256       256       256
mmppix:       0.8984   -0.8984   -0.8984
center:     115.0001 -115.8985 -115.8985
rotation matrix determinant  1.000000
fimgreg.f
image alignment mode   1283 decimal      503 hex
parameters
    0.0000  -15.0000   15.0000    0.0000    0.0000    0.0000
eta,q 0.95232 10.75802
niter,ni,del,rscale     5    3   12.0000    1.2000
parameter  2 -0.536594 -> -0.500000 qaram    1.1500
parameter  4  0.813567 ->  0.500000 qaram    1.1500
parameter  6  0.751334 ->  0.500000 qaram    1.1500
parameters
   -1.8037  -11.5500   17.1612   -3.4500   -1.5928   -3.4500
eta,q 0.96415 10.81315
  0.0521  0.0640  0.0544  0.0398  0.0418  0.0359
  0.0483  0.0573  0.0501  0.0389  0.0396  0.0357
  0.0463  0.0510  0.0466  0.0397  0.0387  0.0366
  0.0478  0.0463  0.0436  0.0422  0.0390  0.0387
  0.0513  0.0440  0.0422  0.0462  0.0406  0.0424
  0.0569  0.0439  0.0427  0.0508  0.0440  0.0477
  0.0661  0.0462  0.0461  0.0546  0.0487  0.0535
niter,ni,del,rscale     7    3   12.0000    1.2000
parameters
   -2.3204  -10.5238   16.3863   -5.8357   -0.3415   -5.2933
eta,q 0.96831 10.79335
  0.0484  0.0577  0.0435  0.0382  0.0439  0.0372
  0.0400  0.0471  0.0386  0.0342  0.0396  0.0337
  0.0358  0.0393  0.0358  0.0332  0.0358  0.0318
  0.0358  0.0355  0.0352  0.0351  0.0331  0.0324
  0.0384  0.0358  0.0374  0.0384  0.0324  0.0355
  0.0441  0.0402  0.0427  0.0430  0.0344  0.0410
  0.0529  0.0477  0.0490  0.0477  0.0383  0.0478
niter,ni,del,rscale     6    3   12.0000    1.2000
parameters
   -2.6702   -9.6595   15.9379   -6.0238    0.0948   -5.3564
eta,q 0.96849 10.75855
  0.0464  0.0577  0.0426  0.0421  0.0423  0.0411
  0.0386  0.0456  0.0367  0.0362  0.0377  0.0364
  0.0333  0.0354  0.0330  0.0322  0.0338  0.0331
  0.0317  0.0316  0.0318  0.0318  0.0317  0.0315
  0.0348  0.0334  0.0342  0.0334  0.0323  0.0327
  0.0413  0.0390  0.0394  0.0372  0.0354  0.0361
  0.0499  0.0469  0.0460  0.0429  0.0401  0.0420
niter,ni,del,rscale     5    3   12.0000    1.2000
parameters
   -2.6918   -9.4556   15.8756   -6.0846    0.1340   -5.3391
eta,q 0.96840 10.75142
  0.0483  0.0538  0.0441  0.0422  0.0413  0.0413
  0.0400  0.0413  0.0375  0.0365  0.0367  0.0367
  0.0341  0.0331  0.0334  0.0324  0.0333  0.0333
  0.0315  0.0315  0.0316  0.0316  0.0316  0.0316
  0.0341  0.0347  0.0333  0.0332  0.0329  0.0327
  0.0401  0.0414  0.0380  0.0367  0.0364  0.0361
  0.0486  0.0495  0.0446  0.0423  0.0413  0.0418
niter,ni,del,rscale     4    3   12.0000    1.2000
parameters
   -2.6846   -9.4095   15.8591   -6.1116    0.1291   -5.3339
eta,q 0.96838 10.75022
  0.0486  0.0528  0.0443  0.0423  0.0412  0.0413
  0.0402  0.0404  0.0377  0.0366  0.0366  0.0367
  0.0343  0.0328  0.0335  0.0325  0.0333  0.0333
  0.0316  0.0316  0.0316  0.0316  0.0316  0.0316
  0.0341  0.0351  0.0333  0.0332  0.0330  0.0328
  0.0401  0.0420  0.0379  0.0367  0.0365  0.0361
  0.0486  0.0502  0.0444  0.0422  0.0414  0.0418
registration optimization eta report
parameter search radius
    6.0000    6.9000    6.0000    6.9000    6.0000    6.9000
100000*second partial in parameter space
       46.       42.       35.       22.       26.       20.
  0.0486  0.0528  0.0443  0.0423  0.0412  0.0413
  0.0402  0.0404  0.0377  0.0366  0.0366  0.0367
  0.0343  0.0328  0.0335  0.0325  0.0333  0.0333
  0.0316  0.0316  0.0316  0.0316  0.0316  0.0316
  0.0341  0.0351  0.0333  0.0332  0.0330  0.0328
  0.0401  0.0420  0.0379  0.0367  0.0365  0.0361
  0.0486  0.0502  0.0444  0.0422  0.0414  0.0418
   -2.6846   -9.4095   15.8591   -6.1116    0.1291   -5.3339
eta,q 0.96838 10.75022

---------------------------------------------------------------------
imgreg_4dfp /opt/freesurfer/average/711-2C_as_mni_average_305 /opt/freesurfer/average/711-2B_as_mni_average_305_mask talsrcimg_g11 none talsrcimg_to_711-2C_as_mni_average_305_t4 3335
---------------------------------------------------------------------

freesurfer imgreg_4dfp.c
/opt/freesurfer/average/711-2C_as_mni_average_305.4dfp.img
       256       256       256         1
  1.000000  1.000000  1.000000
orientation T byte_order littleendian
Reading image: /opt/freesurfer/average/711-2C_as_mni_average_305.4dfp.img
dimensions:      256       256       256
mmppix:       1.0000   -1.0000   -1.0000
center:     128.0000 -129.0000 -129.0000
/opt/freesurfer/average/711-2B_as_mni_average_305_mask.4dfp.img
       256       256       256         1
  1.000000  1.000000  1.000000
orientation T byte_order littleendian
Reading mask: /opt/freesurfer/average/711-2B_as_mni_average_305_mask.4dfp.img (2306576 pixels)
talsrcimg_g11.4dfp.img
       256       256       256         1
  0.898438  0.898438  0.898438
orientation T byte_order littleendian
Reading image: talsrcimg_g11.4dfp.img
dimensions:      256       256       256
mmppix:       0.8984   -0.8984   -0.8984
center:     115.0001 -115.8985 -115.8985
fimgreg.f
image alignment mode   3335 decimal      D07 hex
parameters
   -2.6846   -9.4095   15.8591   -0.4333   -1.0011   -0.5686
    9.2670    0.7667   -9.2959   10.6213    0.2253  -10.6465
eta,q 0.96818 10.79788
niter,ni,del,rscale     5    3    5.0000    1.2000
parameter  5  1.407094 ->  0.500000 qaram    1.1500
parameter  6  0.660746 ->  0.500000 qaram    1.1500
parameter 11 -0.683769 -> -0.500000 qaram    1.1500
parameters
   -2.5574   -9.5011   15.9273   -0.5001   -5.1411   -4.7086
    8.0280    2.6129   -8.7968    8.7678    4.3653  -10.2347
eta,q 0.97377 10.48545
  0.0356  0.0344  0.0341  0.0339  0.0279  0.0275  0.0292  0.0335  0.0295  0.0289  0.0293  0.0281
  0.0336  0.0329  0.0329  0.0328  0.0286  0.0274  0.0280  0.0308  0.0283  0.0274  0.0283  0.0272
  0.0323  0.0321  0.0321  0.0321  0.0298  0.0277  0.0274  0.0286  0.0274  0.0268  0.0275  0.0265
  0.0318  0.0318  0.0318  0.0318  0.0318  0.0288  0.0275  0.0274  0.0271  0.0271  0.0268  0.0262
  0.0321  0.0322  0.0320  0.0319  0.0345  0.0311  0.0281  0.0271  0.0272  0.0281  0.0263  0.0264
  0.0331  0.0333  0.0327  0.0327  0.0373  0.0345  0.0293  0.0278  0.0279  0.0300  0.0262  0.0269
  0.0349  0.0348  0.0339  0.0341  0.0404  0.0384  0.0309  0.0295  0.0289  0.0323  0.0264  0.0278
niter,ni,del,rscale     7    3    5.0000    1.2000
parameters
   -2.3857   -9.7900   15.9935    0.1165   -9.0872   -6.2527
    7.7513    2.4279   -9.8702    9.2020    5.1077   -9.7858
eta,q 0.97484 10.23769
  0.0304  0.0286  0.0283  0.0285  0.0262  0.0275  0.0280  0.0295  0.0268  0.0292  0.0273  0.0272
  0.0283  0.0271  0.0272  0.0273  0.0255  0.0261  0.0264  0.0272  0.0258  0.0272  0.0263  0.0262
  0.0268  0.0263  0.0264  0.0265  0.0254  0.0254  0.0255  0.0257  0.0253  0.0258  0.0255  0.0254
  0.0262  0.0262  0.0261  0.0261  0.0261  0.0253  0.0252  0.0252  0.0252  0.0252  0.0252  0.0252
  0.0265  0.0269  0.0263  0.0262  0.0277  0.0258  0.0257  0.0258  0.0257  0.0255  0.0253  0.0253
  0.0275  0.0282  0.0270  0.0268  0.0303  0.0276  0.0268  0.0275  0.0267  0.0266  0.0258  0.0259
  0.0294  0.0301  0.0281  0.0278  0.0337  0.0312  0.0283  0.0300  0.0280  0.0283  0.0267  0.0267
niter,ni,del,rscale     6    3    5.0000    1.2000
parameters
   -2.3868   -9.8860   16.0682   -0.0858   -9.4968   -6.2528
    7.8579    2.3847  -10.1442    9.1440    5.2567   -9.6400
eta,q 0.97484 10.20475
  0.0289  0.0281  0.0274  0.0271  0.0281  0.0286  0.0282  0.0297  0.0272  0.0287  0.0270  0.0271
  0.0269  0.0264  0.0262  0.0260  0.0266  0.0268  0.0266  0.0273  0.0261  0.0268  0.0261  0.0260
  0.0256  0.0254  0.0255  0.0254  0.0256  0.0256  0.0255  0.0257  0.0254  0.0256  0.0254  0.0254
  0.0252  0.0252  0.0251  0.0251  0.0252  0.0252  0.0252  0.0252  0.0252  0.0252  0.0252  0.0252
  0.0256  0.0257  0.0253  0.0254  0.0256  0.0254  0.0255  0.0257  0.0255  0.0257  0.0254  0.0254
  0.0269  0.0268  0.0260  0.0262  0.0268  0.0263  0.0265  0.0274  0.0263  0.0269  0.0260  0.0260
  0.0289  0.0285  0.0271  0.0273  0.0290  0.0290  0.0280  0.0298  0.0275  0.0288  0.0269  0.0269
niter,ni,del,rscale     5    3    5.0000    1.2000
parameters
   -2.3959   -9.9158   16.1037   -0.1264   -9.5071   -6.2454
    7.9019    2.3649  -10.1959    9.0995    5.2789   -9.5691
eta,q 0.97484 10.20210
  0.0289  0.0282  0.0273  0.0272  0.0284  0.0286  0.0282  0.0297  0.0273  0.0287  0.0270  0.0270
  0.0268  0.0265  0.0262  0.0261  0.0268  0.0268  0.0266  0.0273  0.0262  0.0268  0.0261  0.0260
  0.0256  0.0254  0.0254  0.0254  0.0257  0.0256  0.0255  0.0257  0.0254  0.0256  0.0254  0.0253
  0.0252  0.0252  0.0252  0.0252  0.0252  0.0252  0.0252  0.0252  0.0252  0.0252  0.0252  0.0252
  0.0256  0.0256  0.0254  0.0254  0.0255  0.0254  0.0256  0.0257  0.0254  0.0257  0.0254  0.0254
  0.0269  0.0267  0.0261  0.0261  0.0266  0.0263  0.0265  0.0273  0.0262  0.0269  0.0260  0.0260
  0.0289  0.0283  0.0272  0.0273  0.0286  0.0290  0.0281  0.0298  0.0274  0.0288  0.0270  0.0269
niter,ni,del,rscale     4    3    5.0000    1.2000
parameters
   -2.3994   -9.9258   16.1142   -0.1313   -9.5050   -6.2512
    7.9133    2.3574  -10.2099    9.0767    5.2866   -9.5433
eta,q 0.97484 10.20137
  0.0289  0.0283  0.0272  0.0272  0.0284  0.0286  0.0281  0.0297  0.0273  0.0288  0.0270  0.0270
  0.0268  0.0265  0.0261  0.0261  0.0268  0.0268  0.0265  0.0273  0.0262  0.0268  0.0260  0.0260
  0.0256  0.0254  0.0254  0.0254  0.0257  0.0256  0.0255  0.0257  0.0254  0.0256  0.0254  0.0253
  0.0252  0.0252  0.0252  0.0252  0.0252  0.0252  0.0252  0.0252  0.0252  0.0252  0.0252  0.0252
  0.0256  0.0256  0.0254  0.0254  0.0255  0.0254  0.0256  0.0257  0.0254  0.0257  0.0254  0.0254
  0.0268  0.0266  0.0261  0.0261  0.0265  0.0264  0.0266  0.0273  0.0262  0.0269  0.0260  0.0260
  0.0289  0.0282  0.0272  0.0272  0.0286  0.0290  0.0281  0.0298  0.0274  0.0287  0.0270  0.0269
registration optimization eta report
parameter search radius
    2.4000    2.4000    2.4000    7.2000    8.2800    8.2800
    7.2000    7.2000    7.2000    7.2000    8.2800    7.2000
100000*second partial in parameter space
       65.       54.       36.        4.        5.        5.
        6.        9.        4.        7.        3.        3.
  0.0289  0.0283  0.0272  0.0272  0.0284  0.0286  0.0281  0.0297  0.0273  0.0288  0.0270  0.0270
  0.0268  0.0265  0.0261  0.0261  0.0268  0.0268  0.0265  0.0273  0.0262  0.0268  0.0260  0.0260
  0.0256  0.0254  0.0254  0.0254  0.0257  0.0256  0.0255  0.0257  0.0254  0.0256  0.0254  0.0253
  0.0252  0.0252  0.0252  0.0252  0.0252  0.0252  0.0252  0.0252  0.0252  0.0252  0.0252  0.0252
  0.0256  0.0256  0.0254  0.0254  0.0255  0.0254  0.0256  0.0257  0.0254  0.0257  0.0254  0.0254
  0.0268  0.0266  0.0261  0.0261  0.0265  0.0264  0.0266  0.0273  0.0262  0.0269  0.0260  0.0260
  0.0289  0.0282  0.0272  0.0272  0.0286  0.0290  0.0281  0.0298  0.0274  0.0287  0.0270  0.0269
   -2.3994   -9.9258   16.1142   -0.1313   -9.5050   -6.2512
    7.9133    2.3574  -10.2099    9.0767    5.2866   -9.5433
eta,q 0.97484 10.20137

---------------------------------------------------------------------
imgreg_4dfp /opt/freesurfer/average/711-2C_as_mni_average_305 /opt/freesurfer/average/711-2B_as_mni_average_305_mask talsrcimg_g11 none talsrcimg_to_711-2C_as_mni_average_305_t4 2311
---------------------------------------------------------------------

freesurfer imgreg_4dfp.c
/opt/freesurfer/average/711-2C_as_mni_average_305.4dfp.img
       256       256       256         1
  1.000000  1.000000  1.000000
orientation T byte_order littleendian
Reading image: /opt/freesurfer/average/711-2C_as_mni_average_305.4dfp.img
dimensions:      256       256       256
mmppix:       1.0000   -1.0000   -1.0000
center:     128.0000 -129.0000 -129.0000
/opt/freesurfer/average/711-2B_as_mni_average_305_mask.4dfp.img
       256       256       256         1
  1.000000  1.000000  1.000000
orientation T byte_order littleendian
Reading mask: /opt/freesurfer/average/711-2B_as_mni_average_305_mask.4dfp.img (2306576 pixels)
talsrcimg_g11.4dfp.img
       256       256       256         1
  0.898438  0.898438  0.898438
orientation T byte_order littleendian
Reading image: talsrcimg_g11.4dfp.img
dimensions:      256       256       256
mmppix:       0.8984   -0.8984   -0.8984
center:     115.0001 -115.8985 -115.8985
fimgreg.f
image alignment mode   2311 decimal      907 hex
parameters
   -2.3994   -9.9258   16.1142   -0.1313   -9.5050   -6.2512
    7.9133    2.3574  -10.2099    9.0767    5.2866   -9.5433
eta,q 0.97484 10.20137
niter,ni,del,rscale     5    3    5.0000    0.8000
parameters
   -2.3986   -9.9759   16.1258   -0.0933   -9.2033   -5.7295
    7.8552    2.3831  -10.1614    9.0135    5.3202   -9.7016
eta,q 0.97487 10.24333
  0.0269  0.0265  0.0261  0.0261  0.0264  0.0264  0.0265  0.0273  0.0262  0.0268  0.0258  0.0259
  0.0259  0.0257  0.0256  0.0256  0.0258  0.0258  0.0257  0.0261  0.0256  0.0259  0.0254  0.0255
  0.0253  0.0253  0.0253  0.0253  0.0254  0.0253  0.0253  0.0254  0.0253  0.0253  0.0252  0.0252
  0.0252  0.0252  0.0252  0.0252  0.0252  0.0252  0.0251  0.0251  0.0251  0.0251  0.0251  0.0251
  0.0254  0.0254  0.0253  0.0252  0.0252  0.0252  0.0253  0.0253  0.0252  0.0254  0.0252  0.0253
  0.0259  0.0259  0.0256  0.0256  0.0256  0.0255  0.0258  0.0261  0.0256  0.0260  0.0254  0.0256
  0.0268  0.0266  0.0261  0.0261  0.0262  0.0260  0.0265  0.0273  0.0261  0.0269  0.0258  0.0260
niter,ni,del,rscale     4    3    5.0000    0.7000
parameters
   -2.4160   -9.9847   16.1731   -0.0759   -9.2124   -5.6398
    7.8349    2.3672  -10.1443    9.0170    5.2787   -9.6997
eta,q 0.97487 10.24801
  0.0264  0.0262  0.0259  0.0259  0.0260  0.0260  0.0262  0.0268  0.0259  0.0265  0.0256  0.0258
  0.0257  0.0256  0.0255  0.0255  0.0256  0.0255  0.0256  0.0259  0.0255  0.0257  0.0254  0.0254
  0.0253  0.0252  0.0252  0.0252  0.0253  0.0252  0.0252  0.0253  0.0252  0.0253  0.0252  0.0252
  0.0251  0.0251  0.0251  0.0251  0.0251  0.0251  0.0251  0.0251  0.0251  0.0251  0.0251  0.0251
  0.0253  0.0253  0.0252  0.0252  0.0252  0.0252  0.0253  0.0253  0.0252  0.0253  0.0252  0.0252
  0.0257  0.0257  0.0254  0.0255  0.0256  0.0255  0.0257  0.0259  0.0255  0.0258  0.0254  0.0255
  0.0265  0.0262  0.0258  0.0259  0.0261  0.0259  0.0262  0.0268  0.0259  0.0265  0.0257  0.0258
niter,ni,del,rscale     3    3    5.0000    0.6000
parameters
   -2.4215   -9.9942   16.1901   -0.0522   -9.2060   -5.6181
    7.8082    2.3734  -10.1278    8.9920    5.2407   -9.7224
eta,q 0.97487 10.25017
  0.0261  0.0260  0.0257  0.0257  0.0258  0.0257  0.0259  0.0264  0.0257  0.0261  0.0255  0.0256
  0.0256  0.0255  0.0254  0.0254  0.0255  0.0254  0.0255  0.0257  0.0254  0.0256  0.0253  0.0253
  0.0252  0.0252  0.0252  0.0252  0.0252  0.0252  0.0252  0.0253  0.0252  0.0252  0.0252  0.0252
  0.0251  0.0251  0.0251  0.0251  0.0251  0.0251  0.0251  0.0251  0.0251  0.0251  0.0251  0.0251
  0.0252  0.0252  0.0252  0.0252  0.0252  0.0252  0.0252  0.0252  0.0252  0.0253  0.0252  0.0252
  0.0256  0.0255  0.0254  0.0254  0.0254  0.0254  0.0255  0.0257  0.0254  0.0256  0.0253  0.0254
  0.0261  0.0260  0.0257  0.0257  0.0258  0.0257  0.0259  0.0264  0.0257  0.0262  0.0255  0.0256
niter,ni,del,rscale     2    3    5.0000    0.5000
parameters
   -2.4206  -10.0014   16.1960   -0.0197   -9.1833   -5.6323
    7.7899    2.3865  -10.1070    8.9626    5.2036   -9.7398
eta,q 0.97487 10.25196
  0.0258  0.0257  0.0255  0.0255  0.0256  0.0255  0.0257  0.0260  0.0255  0.0258  0.0254  0.0255
  0.0254  0.0254  0.0253  0.0253  0.0254  0.0253  0.0254  0.0255  0.0253  0.0254  0.0252  0.0253
  0.0252  0.0252  0.0252  0.0252  0.0252  0.0252  0.0252  0.0252  0.0252  0.0252  0.0252  0.0252
  0.0251  0.0251  0.0251  0.0251  0.0251  0.0251  0.0251  0.0251  0.0251  0.0251  0.0251  0.0251
  0.0252  0.0252  0.0252  0.0252  0.0252  0.0252  0.0252  0.0252  0.0252  0.0252  0.0252  0.0252
  0.0254  0.0254  0.0253  0.0253  0.0253  0.0253  0.0254  0.0255  0.0253  0.0255  0.0253  0.0253
  0.0258  0.0257  0.0255  0.0255  0.0256  0.0255  0.0257  0.0260  0.0255  0.0259  0.0254  0.0255
niter,ni,del,rscale     1    3    5.0000    0.4000
parameters
   -2.4204  -10.0100   16.1896    0.0076   -9.1511   -5.6840
    7.7766    2.4118  -10.0947    8.9304    5.1820   -9.7558
eta,q 0.97487 10.25199
  0.0256  0.0255  0.0254  0.0254  0.0255  0.0254  0.0255  0.0257  0.0254  0.0256  0.0253  0.0254
  0.0253  0.0253  0.0252  0.0252  0.0253  0.0252  0.0253  0.0254  0.0252  0.0253  0.0252  0.0252
  0.0252  0.0252  0.0252  0.0252  0.0252  0.0252  0.0252  0.0252  0.0252  0.0252  0.0251  0.0251
  0.0251  0.0251  0.0251  0.0251  0.0251  0.0251  0.0251  0.0251  0.0251  0.0251  0.0251  0.0251
  0.0252  0.0252  0.0252  0.0252  0.0252  0.0252  0.0252  0.0252  0.0252  0.0252  0.0251  0.0252
  0.0253  0.0253  0.0252  0.0252  0.0253  0.0253  0.0253  0.0254  0.0252  0.0254  0.0252  0.0252
  0.0256  0.0255  0.0254  0.0254  0.0254  0.0254  0.0255  0.0257  0.0254  0.0256  0.0253  0.0253
registration optimization eta report
parameter search radius
    0.8000    0.8000    0.8000    2.4000    2.4000    2.4000
    2.4000    2.4000    2.4000    2.4000    2.4000    2.4000
100000*second partial in parameter space
       67.       58.       38.        4.        5.        5.
        6.        9.        5.        8.        3.        4.
  0.0256  0.0255  0.0254  0.0254  0.0255  0.0254  0.0255  0.0257  0.0254  0.0256  0.0253  0.0254
  0.0253  0.0253  0.0252  0.0252  0.0253  0.0252  0.0253  0.0254  0.0252  0.0253  0.0252  0.0252
  0.0252  0.0252  0.0252  0.0252  0.0252  0.0252  0.0252  0.0252  0.0252  0.0252  0.0251  0.0251
  0.0251  0.0251  0.0251  0.0251  0.0251  0.0251  0.0251  0.0251  0.0251  0.0251  0.0251  0.0251
  0.0252  0.0252  0.0252  0.0252  0.0252  0.0252  0.0252  0.0252  0.0252  0.0252  0.0251  0.0252
  0.0253  0.0253  0.0252  0.0252  0.0253  0.0253  0.0253  0.0254  0.0252  0.0254  0.0252  0.0252
  0.0256  0.0255  0.0254  0.0254  0.0254  0.0254  0.0255  0.0257  0.0254  0.0256  0.0253  0.0253
   -2.4204  -10.0100   16.1896    0.0076   -9.1511   -5.6840
    7.7766    2.4118  -10.0947    8.9304    5.1820   -9.7558
eta,q 0.97487 10.25199

---------------------------------------------------------------------
imgreg_4dfp /opt/freesurfer/average/711-2C_as_mni_average_305 /opt/freesurfer/average/711-2B_as_mni_average_305_mask talsrcimg_g11 none talsrcimg_to_711-2C_as_mni_average_305_t4 2311
---------------------------------------------------------------------

freesurfer imgreg_4dfp.c
/opt/freesurfer/average/711-2C_as_mni_average_305.4dfp.img
       256       256       256         1
  1.000000  1.000000  1.000000
orientation T byte_order littleendian
Reading image: /opt/freesurfer/average/711-2C_as_mni_average_305.4dfp.img
dimensions:      256       256       256
mmppix:       1.0000   -1.0000   -1.0000
center:     128.0000 -129.0000 -129.0000
/opt/freesurfer/average/711-2B_as_mni_average_305_mask.4dfp.img
       256       256       256         1
  1.000000  1.000000  1.000000
orientation T byte_order littleendian
Reading mask: /opt/freesurfer/average/711-2B_as_mni_average_305_mask.4dfp.img (2306576 pixels)
talsrcimg_g11.4dfp.img
       256       256       256         1
  0.898438  0.898438  0.898438
orientation T byte_order littleendian
Reading image: talsrcimg_g11.4dfp.img
dimensions:      256       256       256
mmppix:       0.8984   -0.8984   -0.8984
center:     115.0001 -115.8985 -115.8985
fimgreg.f
image alignment mode   2311 decimal      907 hex
parameters
   -2.4204  -10.0100   16.1896    0.0076   -9.1511   -5.6840
    7.7766    2.4118  -10.0947    8.9304    5.1820   -9.7558
eta,q 0.97487 10.25199
niter,ni,del,rscale     5    3    5.0000    0.8000
parameters
   -2.4125   -9.9832   16.1811   -0.1078   -9.2354   -5.6594
    7.8384    2.3740  -10.1285    9.0284    5.2710   -9.6565
eta,q 0.97487 10.24416
  0.0268  0.0266  0.0261  0.0260  0.0263  0.0262  0.0266  0.0273  0.0261  0.0270  0.0258  0.0260
  0.0259  0.0258  0.0256  0.0256  0.0257  0.0256  0.0258  0.0261  0.0256  0.0260  0.0254  0.0255
  0.0253  0.0253  0.0252  0.0252  0.0253  0.0253  0.0253  0.0254  0.0253  0.0254  0.0252  0.0252
  0.0251  0.0251  0.0251  0.0251  0.0251  0.0251  0.0251  0.0251  0.0251  0.0251  0.0251  0.0251
  0.0253  0.0253  0.0252  0.0252  0.0253  0.0253  0.0253  0.0254  0.0252  0.0253  0.0252  0.0252
  0.0259  0.0258  0.0256  0.0256  0.0257  0.0256  0.0258  0.0261  0.0256  0.0259  0.0254  0.0255
  0.0268  0.0265  0.0261  0.0262  0.0264  0.0262  0.0265  0.0273  0.0262  0.0268  0.0258  0.0259
niter,ni,del,rscale     4    3    5.0000    0.7000
parameters
   -2.4185   -9.9870   16.1942   -0.0815   -9.2248   -5.6169
    7.8330    2.3635  -10.1436    9.0080    5.2646   -9.6771
eta,q 0.97487 10.24806
  0.0264  0.0263  0.0259  0.0259  0.0260  0.0260  0.0262  0.0268  0.0259  0.0265  0.0257  0.0258
  0.0257  0.0256  0.0255  0.0255  0.0256  0.0255  0.0256  0.0259  0.0255  0.0257  0.0254  0.0254
  0.0253  0.0252  0.0252  0.0252  0.0253  0.0252  0.0253  0.0253  0.0252  0.0253  0.0252  0.0252
  0.0251  0.0251  0.0251  0.0251  0.0251  0.0251  0.0251  0.0251  0.0251  0.0251  0.0251  0.0251
  0.0253  0.0253  0.0252  0.0252  0.0252  0.0252  0.0253  0.0253  0.0252  0.0253  0.0252  0.0252
  0.0257  0.0257  0.0255  0.0255  0.0255  0.0255  0.0257  0.0259  0.0255  0.0258  0.0254  0.0255
  0.0264  0.0262  0.0259  0.0259  0.0261  0.0259  0.0262  0.0268  0.0259  0.0265  0.0257  0.0258
niter,ni,del,rscale     3    3    5.0000    0.6000
parameters
   -2.4239   -9.9991   16.2020   -0.0637   -9.2080   -5.6038
    7.8110    2.3748  -10.1238    8.9830    5.2276   -9.7066
eta,q 0.97487 10.25004
  0.0261  0.0259  0.0257  0.0257  0.0258  0.0257  0.0259  0.0264  0.0257  0.0261  0.0255  0.0256
  0.0256  0.0255  0.0254  0.0254  0.0255  0.0254  0.0255  0.0257  0.0254  0.0256  0.0253  0.0253
  0.0252  0.0252  0.0252  0.0252  0.0252  0.0252  0.0252  0.0253  0.0252  0.0252  0.0252  0.0252
  0.0251  0.0251  0.0251  0.0251  0.0251  0.0251  0.0251  0.0251  0.0251  0.0251  0.0251  0.0251
  0.0252  0.0252  0.0252  0.0252  0.0252  0.0252  0.0252  0.0253  0.0252  0.0253  0.0252  0.0252
  0.0256  0.0255  0.0254  0.0254  0.0254  0.0254  0.0255  0.0257  0.0254  0.0256  0.0253  0.0254
  0.0261  0.0260  0.0257  0.0257  0.0258  0.0257  0.0259  0.0264  0.0257  0.0261  0.0255  0.0256
niter,ni,del,rscale     2    3    5.0000    0.5000
parameters
   -2.4224  -10.0035   16.2009   -0.0223   -9.1808   -5.6240
    7.7890    2.3847  -10.1011    8.9552    5.1947   -9.7328
eta,q 0.97487 10.25227
  0.0258  0.0257  0.0255  0.0255  0.0256  0.0255  0.0257  0.0260  0.0255  0.0258  0.0254  0.0255
  0.0254  0.0254  0.0253  0.0253  0.0254  0.0253  0.0254  0.0255  0.0253  0.0254  0.0252  0.0253
  0.0252  0.0252  0.0252  0.0252  0.0252  0.0252  0.0252  0.0252  0.0252  0.0252  0.0252  0.0252
  0.0251  0.0251  0.0251  0.0251  0.0251  0.0251  0.0251  0.0251  0.0251  0.0251  0.0251  0.0251
  0.0252  0.0252  0.0252  0.0252  0.0252  0.0252  0.0252  0.0252  0.0252  0.0252  0.0252  0.0252
  0.0254  0.0254  0.0253  0.0253  0.0253  0.0253  0.0254  0.0255  0.0253  0.0255  0.0253  0.0253
  0.0258  0.0257  0.0255  0.0255  0.0256  0.0255  0.0257  0.0260  0.0255  0.0259  0.0254  0.0255
niter,ni,del,rscale     1    3    5.0000    0.4000
parameters
   -2.4202  -10.0125   16.1963    0.0233   -9.1493   -5.6773
    7.7730    2.4030  -10.0760    8.9288    5.1689   -9.7502
eta,q 0.97488 10.25314
  0.0256  0.0255  0.0254  0.0254  0.0254  0.0254  0.0255  0.0257  0.0254  0.0256  0.0253  0.0254
  0.0253  0.0253  0.0252  0.0252  0.0253  0.0252  0.0253  0.0254  0.0253  0.0253  0.0252  0.0252
  0.0252  0.0252  0.0252  0.0252  0.0252  0.0251  0.0252  0.0252  0.0252  0.0252  0.0251  0.0251
  0.0251  0.0251  0.0251  0.0251  0.0251  0.0251  0.0251  0.0251  0.0251  0.0251  0.0251  0.0251
  0.0252  0.0252  0.0252  0.0251  0.0252  0.0252  0.0252  0.0252  0.0252  0.0252  0.0252  0.0252
  0.0253  0.0253  0.0252  0.0252  0.0253  0.0253  0.0253  0.0254  0.0252  0.0253  0.0252  0.0252
  0.0256  0.0255  0.0254  0.0254  0.0254  0.0254  0.0255  0.0257  0.0254  0.0256  0.0253  0.0254
registration optimization eta report
parameter search radius
    0.8000    0.8000    0.8000    2.4000    2.4000    2.4000
    2.4000    2.4000    2.4000    2.4000    2.4000    2.4000
100000*second partial in parameter space
       67.       58.       39.        4.        5.        5.
        6.        9.        5.        8.        3.        4.
  0.0256  0.0255  0.0254  0.0254  0.0254  0.0254  0.0255  0.0257  0.0254  0.0256  0.0253  0.0254
  0.0253  0.0253  0.0252  0.0252  0.0253  0.0252  0.0253  0.0254  0.0253  0.0253  0.0252  0.0252
  0.0252  0.0252  0.0252  0.0252  0.0252  0.0251  0.0252  0.0252  0.0252  0.0252  0.0251  0.0251
  0.0251  0.0251  0.0251  0.0251  0.0251  0.0251  0.0251  0.0251  0.0251  0.0251  0.0251  0.0251
  0.0252  0.0252  0.0252  0.0251  0.0252  0.0252  0.0252  0.0252  0.0252  0.0252  0.0252  0.0252
  0.0253  0.0253  0.0252  0.0252  0.0253  0.0253  0.0253  0.0254  0.0252  0.0253  0.0252  0.0252
  0.0256  0.0255  0.0254  0.0254  0.0254  0.0254  0.0255  0.0257  0.0254  0.0256  0.0253  0.0254
   -2.4202  -10.0125   16.1963    0.0233   -9.1493   -5.6773
    7.7730    2.4030  -10.0760    8.9288    5.1689   -9.7502
eta,q 0.97488 10.25314

---------------------------------------------------------------------
compute_vox2vox talsrcimg talsrcimg_to_711-2C_as_mni_average_305_t4 /opt/freesurfer/average/711-2C_as_mni_average_305
---------------------------------------------------------------------

freesurfer compute_vox2vox.c
Reading: talsrcimg.4dfp.ifh
Reading: talsrcimg_to_711-2C_as_mni_average_305_t4
Reading: /opt/freesurfer/average/711-2C_as_mni_average_305.4dfp.ifh
Writing: talsrcimg_to_711-2C_as_mni_average_305_t4_vox2vox.txt

start time Wed Mar 11 03:06:27 CET 2026
end		time Wed Mar 11 03:07:52 CET 2026

mpr2mni305 success

avi2talxfm orig_nu.mgz /opt/freesurfer/average/mni305.cor.mgz talsrcimg_to_711-2C_as_mni_average_305_t4_vox2vox.txt transforms/talairach.auto.xfm
avi2talxfm done
mv -f /out/sourcedata/freesurfer/sub-v2s13x29097_ses-1/mri/talsrcimg_to_711-2C_as_mni_average_305_t4_vox2vox.txt /out/sourcedata/freesurfer/sub-v2s13x29097_ses-1/mri/transforms/talsrcimg_to_711-2C_as_mni_average_305_t4_vox2vox.txt
lta_convert --src orig_nu.mgz --trg /opt/freesurfer/average/mni305.cor.mgz --inxfm transforms/talairach.auto.xfm --outlta transforms/talairach.auto.xfm.lta --subject fsaverage
7.3.2

--src: orig_nu.mgz src image (geometry).
--trg: /opt/freesurfer/average/mni305.cor.mgz trg image (geometry).
--inmni: transforms/talairach.auto.xfm input MNI/XFM transform.
--outlta: transforms/talairach.auto.xfm.lta output LTA.
--s: fsaverage subject name
 LTA read, type : 1
 0.99191  -0.01706  -0.08670  -2.32033;
-0.04255   1.05026   0.11636  -21.44540;
 0.11419  -0.10511   1.07965  -25.50694;
 0.00000   0.00000   0.00000   1.00000;
setting subject to fsaverage
Writing  LTA to file transforms/talairach.auto.xfm.lta...
lta_convert successful.
 
 
Started at Wed Mar 11 03:06:26 CET 2026
Ended   at Wed Mar 11 03:07:52 CET 2026
talairach_avi done
