/out/sourcedata/freesurfer/sub-v2s13x29132_ses-1/mri
/opt/freesurfer/bin/talairach_avi
--i orig_nu.mgz --xfm transforms/talairach.auto.xfm
talairach_avi 7.3.2
Linux dna056 5.14.0-427.37.1.el9_4.x86_64 #1 SMP PREEMPT_DYNAMIC Fri Sep 13 12:41:50 EDT 2024 x86_64 x86_64 x86_64 GNU/Linux
Wed Mar 11 04:59:30 CET 2026
mri_convert orig_nu.mgz talsrcimg.img 
reading from orig_nu.mgz...
TR=0.00, TE=0.00, TI=0.00, flip angle=0.00
i_ras = (-1, 5.02104e-10, 6.47877e-11)
j_ras = (6.47877e-11, 0, -1)
k_ras = (8.09846e-11, 1, 1.65856e-08)
writing to talsrcimg.img...
Analyze Output Matrix
-0.89844   0.00000   0.00000   118.42374;
 0.00000   0.00000   0.89844  -124.54765;
 0.00000  -0.89844   0.00000   160.21626;
 0.00000   0.00000   0.00000   1.00000;
--------------------
INFO: set hdr.hist.orient to -1
mpr2mni305 talsrcimg
Wed Mar 11 04:59:30 CET 2026
/opt/freesurfer/bin/mpr2mni305 talsrcimg
mpr2mni305 7.3.2
target=711-2C_as_mni_average_305

---------------------------------------------------------------------
analyzeto4dfp talsrcimg -O0 -y
---------------------------------------------------------------------

freesurfer ifh2hdr.c
Wed Mar 11 04:59:31 2026
Writing: talsrcimg.4dfp.hdr
freesurfer analyzeto4dfp.c
Reading: talsrcimg.hdr
header size 348 bytes
hdr.dime.datatype	offset=70	value=2
hdr.dime.bitpix		offset=72	value=8
hdr.hist.orient		offset=252	value=-1
dimensionality     4
dimensions       256       256       256         1
Reading: talsrcimg.img
Writing: talsrcimg.4dfp.img
Writing: talsrcimg.4dfp.ifh
ifh2hdr talsrcimg -r0to245
ori=2

---------------------------------------------------------------------
gauss_4dfp talsrcimg 1.1
---------------------------------------------------------------------

freesurfer gauss_4dfp.c
Reading: talsrcimg.4dfp.img
Writing: talsrcimg_g11.4dfp.img
image dimensions 256 256 256 padded to 288 288 288
processing volume 1freesurfer ifh2hdr.c
Wed Mar 11 04:59:32 2026
Writing: talsrcimg_g11.4dfp.hdr

Writing: talsrcimg_g11.4dfp.ifh
including: talsrcimg.4dfp.img.rec in talsrcimg_g11.4dfp.img.rec

---------------------------------------------------------------------
imgreg_4dfp /opt/freesurfer/average/711-2C_as_mni_average_305 none talsrcimg_g11 none talsrcimg_to_711-2C_as_mni_average_305_t4 4355
---------------------------------------------------------------------

freesurfer imgreg_4dfp.c
/opt/freesurfer/average/711-2C_as_mni_average_305.4dfp.img
       256       256       256         1
  1.000000  1.000000  1.000000
orientation T byte_order littleendian
Reading image: /opt/freesurfer/average/711-2C_as_mni_average_305.4dfp.img
dimensions:      256       256       256
mmppix:       1.0000   -1.0000   -1.0000
center:     128.0000 -129.0000 -129.0000
talsrcimg_g11.4dfp.img
       256       256       256         1
  0.898437  0.898437  0.898437
orientation T byte_order littleendian
Reading image: talsrcimg_g11.4dfp.img
dimensions:      256       256       256
mmppix:       0.8984   -0.8984   -0.8984
center:     114.9999 -115.8984 -115.8984
t4_read: open error in t4_sub.f l:  41 t4_file(1:l)talsrcimg_to_711-2C_as_mni_average_305_t4 
t4_read: transform initialized to I4
rotation matrix determinant  1.000000
image alignment mode   4355 decimal     1103 hex
   -7.5000  -45.0000  -45.0000 6197.3667   18.8489
    0.0000  -45.0000  -45.0000 6210.4941   18.8676
    7.5000  -45.0000  -45.0000 5884.8105   18.8623
   -7.5000  -37.5000  -45.0000 6558.3936   20.0342
    0.0000  -37.5000  -45.0000 6573.6655   20.0584
    7.5000  -37.5000  -45.0000 6223.6748   20.0505
   -7.5000  -30.0000  -45.0000 6957.3882   20.6575
    0.0000  -30.0000  -45.0000 6982.5083   20.6821
    7.5000  -30.0000  -45.0000 6580.0552   20.6764
   -7.5000  -22.5000  -45.0000 7471.1963   20.6468
    0.0000  -22.5000  -45.0000 7499.1045   20.6669
    7.5000  -22.5000  -45.0000 7044.0322   20.6666
   -7.5000  -15.0000  -45.0000 7920.7764   20.6459
    0.0000  -15.0000  -45.0000 7957.1445   20.6616
    7.5000  -15.0000  -45.0000 7489.5825   20.6635
   -7.5000   -7.5000  -45.0000 8001.9868   20.6542
    0.0000   -7.5000  -45.0000 8031.0596   20.6698
    7.5000   -7.5000  -45.0000 7568.7837   20.6689
   -7.5000    0.0000  -45.0000 8028.8550   20.6627
    0.0000    0.0000  -45.0000 8031.1846   20.6831
    7.5000    0.0000  -45.0000 7575.5962   20.6773
   -7.5000    7.5000  -45.0000 7593.5093   20.6658
    0.0000    7.5000  -45.0000 7603.1582   20.6908
    7.5000    7.5000  -45.0000 7152.8320   20.6826
   -7.5000   15.0000  -45.0000 7303.8228   20.6575
    0.0000   15.0000  -45.0000 7312.8599   20.6821
    7.5000   15.0000  -45.0000 6889.0791   20.6764
   -7.5000   22.5000  -45.0000 6686.3120   20.3691
    0.0000   22.5000  -45.0000 6697.6465   20.3889
    7.5000   22.5000  -45.0000 6299.3477   20.3886
   -7.5000   30.0000  -45.0000 6133.0962   19.9410
    0.0000   30.0000  -45.0000 6151.3101   19.9546
    7.5000   30.0000  -45.0000 5774.1133   19.9541
   -7.5000   37.5000  -45.0000 5671.1411   19.7965
    0.0000   37.5000  -45.0000 5679.8618   19.8128
    7.5000   37.5000  -45.0000 5332.7930   19.8079
   -7.5000   45.0000  -45.0000 5169.8076   19.7757
    0.0000   45.0000  -45.0000 5174.8906   19.7963
    7.5000   45.0000  -45.0000 4857.2627   19.7900
   -7.5000  -45.0000  -37.5000 6811.6538   19.8091
    0.0000  -45.0000  -37.5000 6814.3950   19.8300
    7.5000  -45.0000  -37.5000 6438.9805   19.8191
   -7.5000  -37.5000  -37.5000 7182.7056   21.0536
    0.0000  -37.5000  -37.5000 7188.8804   21.0814
    7.5000  -37.5000  -37.5000 6790.4175   21.0721
   -7.5000  -30.0000  -37.5000 7609.2007   21.6733
    0.0000  -30.0000  -37.5000 7634.3398   21.6993
    7.5000  -30.0000  -37.5000 7188.4365   21.6920
   -7.5000  -22.5000  -37.5000 8160.8901   21.6752
    0.0000  -22.5000  -37.5000 8179.4746   21.6921
    7.5000  -22.5000  -37.5000 7677.4766   21.6848
   -7.5000  -15.0000  -37.5000 8631.2236   21.6850
    0.0000  -15.0000  -37.5000 8655.2783   21.6969
    7.5000  -15.0000  -37.5000 8146.3345   21.6869
   -7.5000   -7.5000  -37.5000 8713.0664   21.6917
    0.0000   -7.5000  -37.5000 8724.5420   21.7065
    7.5000   -7.5000  -37.5000 8225.8555   21.6944
   -7.5000    0.0000  -37.5000 8709.4756   21.6875
    0.0000    0.0000  -37.5000 8700.8984   21.7104
    7.5000    0.0000  -37.5000 8202.2305   21.6984
   -7.5000    7.5000  -37.5000 8258.7422   21.6791
    0.0000    7.5000  -37.5000 8257.4863   21.7078
    7.5000    7.5000  -37.5000 7765.4478   21.6982
   -7.5000   15.0000  -37.5000 7932.5581   21.6723
    0.0000   15.0000  -37.5000 7939.0972   21.6982
    7.5000   15.0000  -37.5000 7466.4966   21.6910
   -7.5000   22.5000  -37.5000 7232.2979   21.3854
    0.0000   22.5000  -37.5000 7237.9800   21.4022
    7.5000   22.5000  -37.5000 6801.1440   21.3949
   -7.5000   30.0000  -37.5000 6604.9390   20.9511
    0.0000   30.0000  -37.5000 6626.6367   20.9616
    7.5000   30.0000  -37.5000 6225.8101   20.9506
   -7.5000   37.5000  -37.5000 6083.8838   20.8059
    0.0000   37.5000  -37.5000 6099.7061   20.8221
    7.5000   37.5000  -37.5000 5724.8164   20.8060
   -7.5000   45.0000  -37.5000 5554.8799   20.7476
    0.0000   45.0000  -37.5000 5548.6128   20.7686
    7.5000   45.0000  -37.5000 5207.3457   20.7542
   -7.5000  -45.0000  -30.0000 7405.6748   20.6897
    0.0000  -45.0000  -30.0000 7419.2192   20.7110
    7.5000  -45.0000  -30.0000 6986.7104   20.7018
   -7.5000  -37.5000  -30.0000 7809.6069   21.9873
    0.0000  -37.5000  -30.0000 7824.7202   22.0168
    7.5000  -37.5000  -30.0000 7361.6396   22.0140
   -7.5000  -30.0000  -30.0000 8269.7480   22.6017
    0.0000  -30.0000  -30.0000 8302.7217   22.6281
    7.5000  -30.0000  -30.0000 7791.9194   22.6286
   -7.5000  -22.5000  -30.0000 8853.8379   22.6138
    0.0000  -22.5000  -30.0000 8881.5918   22.6283
    7.5000  -22.5000  -30.0000 8323.5879   22.6246
   -7.5000  -15.0000  -30.0000 9356.4141   22.6349
    0.0000  -15.0000  -30.0000 9374.3457   22.6434
    7.5000  -15.0000  -30.0000 8806.1836   22.6323
   -7.5000   -7.5000  -30.0000 9416.2217   22.6424
    0.0000   -7.5000  -30.0000 9429.3213   22.6554
    7.5000   -7.5000  -30.0000 8881.9189   22.6414
   -7.5000    0.0000  -30.0000 9376.2188   22.6281
    0.0000    0.0000  -30.0000 9374.4053   22.6514
    7.5000    0.0000  -30.0000 8813.4648   22.6413
   -7.5000    7.5000  -30.0000 8895.0322   22.6063
    0.0000    7.5000  -30.0000 8896.8613   22.6367
    7.5000    7.5000  -30.0000 8360.4990   22.6338
   -7.5000   15.0000  -30.0000 8554.4590   22.5986
    0.0000   15.0000  -30.0000 8553.7275   22.6250
    7.5000   15.0000  -30.0000 8024.4961   22.6255
   -7.5000   22.5000  -30.0000 7754.4683   22.3125
    0.0000   22.5000  -30.0000 7770.4575   22.3268
    7.5000   22.5000  -30.0000 7304.5762   22.3232
   -7.5000   30.0000  -30.0000 7073.9712   21.8758
    0.0000   30.0000  -30.0000 7089.4507   21.8841
    7.5000   30.0000  -30.0000 6666.2715   21.8734
   -7.5000   37.5000  -30.0000 6503.0210   21.7443
    0.0000   37.5000  -30.0000 6517.1821   21.7581
    7.5000   37.5000  -30.0000 6111.8013   21.7394
   -7.5000   45.0000  -30.0000 5916.6650   21.6725
    0.0000   45.0000  -30.0000 5916.2300   21.6944
    7.5000   45.0000  -30.0000 5552.8892   21.6846
   -7.5000  -45.0000  -22.5000 8004.7319   21.5124
    0.0000  -45.0000  -22.5000 8020.6309   21.5370
    7.5000  -45.0000  -22.5000 7537.7876   21.5376
   -7.5000  -37.5000  -22.5000 8440.3535   22.8777
    0.0000  -37.5000  -22.5000 8454.1660   22.9109
    7.5000  -37.5000  -22.5000 7944.7402   22.9187
   -7.5000  -30.0000  -22.5000 8916.2490   23.4923
    0.0000  -30.0000  -22.5000 8947.2734   23.5241
    7.5000  -30.0000  -22.5000 8389.0625   23.5373
   -7.5000  -22.5000  -22.5000 9545.4395   23.5039
    0.0000  -22.5000  -22.5000 9557.6826   23.5258
    7.5000  -22.5000  -22.5000 8953.3213   23.5364
   -7.5000  -15.0000  -22.500010116.5791   23.5229
    0.0000  -15.0000  -22.500010123.1172   23.5386
    7.5000  -15.0000  -22.5000 9470.6934   23.5414
   -7.5000   -7.5000  -22.500010178.0557   23.5284
    0.0000   -7.5000  -22.500010185.7451   23.5466
    7.5000   -7.5000  -22.5000 9545.8682   23.5447
   -7.5000    0.0000  -22.500010084.0400   23.5145
    0.0000    0.0000  -22.500010087.6143   23.5413
    7.5000    0.0000  -22.5000 9448.3154   23.5420
   -7.5000    7.5000  -22.5000 9538.2207   23.4926
    0.0000    7.5000  -22.5000 9510.5205   23.5266
    7.5000    7.5000  -22.5000 8918.1348   23.5346
   -7.5000   15.0000  -22.5000 9152.4180   23.4867
    0.0000   15.0000  -22.5000 9141.5986   23.5185
    7.5000   15.0000  -22.5000 8563.9756   23.5316
   -7.5000   22.5000  -22.5000 8289.1025   23.1929
    0.0000   22.5000  -22.5000 8294.4980   23.2145
    7.5000   22.5000  -22.5000 7791.2100   23.2250
   -7.5000   30.0000  -22.5000 7545.9668   22.7497
    0.0000   30.0000  -22.5000 7553.2871   22.7655
    7.5000   30.0000  -22.5000 7104.6587   22.7689
   -7.5000   37.5000  -22.5000 6894.7412   22.6247
    0.0000   37.5000  -22.5000 6900.7583   22.6420
    7.5000   37.5000  -22.5000 6468.9805   22.6343
   -7.5000   45.0000  -22.5000 6253.6646   22.5716
    0.0000   45.0000  -22.5000 6264.1094   22.6003
    7.5000   45.0000  -22.5000 5877.5386   22.6065
   -7.5000  -45.0000  -15.0000 8589.3994   22.2540
    0.0000  -45.0000  -15.0000 8610.7344   22.2817
    7.5000  -45.0000  -15.0000 8079.3320   22.2920
   -7.5000  -37.5000  -15.0000 9058.8447   23.6802
    0.0000  -37.5000  -15.0000 9081.2793   23.7154
    7.5000  -37.5000  -15.0000 8508.9922   23.7273
   -7.5000  -30.0000  -15.0000 9564.2988   24.2964
    0.0000  -30.0000  -15.0000 9576.8955   24.3332
    7.5000  -30.0000  -15.0000 8971.1299   24.3507
   -7.5000  -22.5000  -15.000010193.2041   24.2945
    0.0000  -22.5000  -15.000010195.7402   24.3268
    7.5000  -22.5000  -15.0000 9536.2471   24.3484
   -7.5000  -15.0000  -15.000010802.9043   24.2986
    0.0000  -15.0000  -15.000010808.2031   24.3255
    7.5000  -15.0000  -15.000010098.5996   24.3455
   -7.5000   -7.5000  -15.000010889.4043   24.3024
    0.0000   -7.5000  -15.000010912.6670   24.3279
    7.5000   -7.5000  -15.000010190.3145   24.3428
   -7.5000    0.0000  -15.000010773.8350   24.3015
    0.0000    0.0000  -15.000010808.5430   24.3318
    7.5000    0.0000  -15.000010083.9600   24.3430
   -7.5000    7.5000  -15.000010147.8906   24.2930
    0.0000    7.5000  -15.000010141.8408   24.3291
    7.5000    7.5000  -15.0000 9464.3428   24.3413
   -7.5000   15.0000  -15.0000 9739.3818   24.2889
    0.0000   15.0000  -15.0000 9731.3770   24.3257
    7.5000   15.0000  -15.0000 9104.9219   24.3432
   -7.5000   22.5000  -15.0000 8808.9756   23.9768
    0.0000   22.5000  -15.0000 8819.8711   24.0086
    7.5000   22.5000  -15.0000 8281.4756   24.0300
   -7.5000   30.0000  -15.0000 8004.2080   23.5260
    0.0000   30.0000  -15.0000 8011.8926   23.5520
    7.5000   30.0000  -15.0000 7518.6836   23.5709
   -7.5000   37.5000  -15.0000 7303.8091   23.4016
    0.0000   37.5000  -15.0000 7303.3438   23.4254
    7.5000   37.5000  -15.0000 6843.5742   23.4345
   -7.5000   45.0000  -15.0000 6600.5864   23.3796
    0.0000   45.0000  -15.0000 6620.8506   23.4148
    7.5000   45.0000  -15.0000 6202.7866   23.4348
   -7.5000  -45.0000   -7.5000 8921.2646   22.2878
    0.0000  -45.0000   -7.5000 8951.0898   22.3144
    7.5000  -45.0000   -7.5000 8401.8428   22.3236
   -7.5000  -37.5000   -7.5000 9406.0957   23.7262
    0.0000  -37.5000   -7.5000 9439.8936   23.7587
    7.5000  -37.5000   -7.5000 8841.2871   23.7641
   -7.5000  -30.0000   -7.5000 9903.3174   24.3430
    0.0000  -30.0000   -7.5000 9939.4688   24.3774
    7.5000  -30.0000   -7.5000 9290.5283   24.3868
   -7.5000  -22.5000   -7.500010511.6201   24.3300
    0.0000  -22.5000   -7.500010534.5605   24.3624
    7.5000  -22.5000   -7.5000 9846.8477   24.3801
   -7.5000  -15.0000   -7.500011145.9736   24.3238
    0.0000  -15.0000   -7.500011178.8906   24.3520
    7.5000  -15.0000   -7.500010406.4834   24.3735
   -7.5000   -7.5000   -7.500011221.3936   24.3284
    0.0000   -7.5000   -7.500011260.1211   24.3544
    7.5000   -7.5000   -7.500010485.1104   24.3720
   -7.5000    0.0000   -7.500011067.3291   24.3384
    0.0000    0.0000   -7.500011120.3643   24.3674
    7.5000    0.0000   -7.500010343.3604   24.3774
   -7.5000    7.5000   -7.500010427.9023   24.3402
    0.0000    7.5000   -7.500010422.5391   24.3735
    7.5000    7.5000   -7.5000 9713.0244   24.3791
   -7.5000   15.0000   -7.5000 9999.2471   24.3355
    0.0000   15.0000   -7.5000 9999.0244   24.3699
    7.5000   15.0000   -7.5000 9334.8203   24.3792
   -7.5000   22.5000   -7.5000 9039.2920   24.0118
    0.0000   22.5000   -7.5000 9042.8789   24.0438
    7.5000   22.5000   -7.5000 8479.2598   24.0613
   -7.5000   30.0000   -7.5000 8214.5869   23.5592
    0.0000   30.0000   -7.5000 8228.6533   23.5851
    7.5000   30.0000   -7.5000 7707.2563   23.6040
   -7.5000   37.5000   -7.5000 7470.1895   23.4280
    0.0000   37.5000   -7.5000 7486.0508   23.4533
    7.5000   37.5000   -7.5000 7011.3022   23.4658
   -7.5000   45.0000   -7.5000 6738.5776   23.4161
    0.0000   45.0000   -7.5000 6759.5171   23.4491
    7.5000   45.0000   -7.5000 6334.5093   23.4648
   -7.5000  -45.0000    0.0000 9043.8799   22.9094
    0.0000  -45.0000    0.0000 9074.1953   22.9345
    7.5000  -45.0000    0.0000 8533.1475   22.9321
   -7.5000  -37.5000    0.0000 9524.1387   24.3756
    0.0000  -37.5000    0.0000 9564.7031   24.4069
    7.5000  -37.5000    0.0000 8974.1807   24.4007
   -7.5000  -30.0000    0.000010035.2480   24.9916
    0.0000  -30.0000    0.000010072.2266   25.0230
    7.5000  -30.0000    0.0000 9425.5117   25.0192
   -7.5000  -22.5000    0.000010673.9355   24.9790
    0.0000  -22.5000    0.000010705.4941   25.0057
    7.5000  -22.5000    0.0000 9996.3945   25.0085
   -7.5000  -15.0000    0.000011294.3545   24.9755
    0.0000  -15.0000    0.000011333.8799   24.9977
    7.5000  -15.0000    0.000010544.8145   25.0040
   -7.5000   -7.5000    0.000011344.3301   24.9828
    0.0000   -7.5000    0.000011377.0635   25.0050
    7.5000   -7.5000    0.000010588.5459   25.0084
   -7.5000    0.0000    0.000011138.3984   24.9924
    0.0000    0.0000    0.000011167.8223   25.0197
    7.5000    0.0000    0.000010402.0020   25.0171
   -7.5000    7.5000    0.000010456.0283   24.9899
    0.0000    7.5000    0.000010440.1865   25.0220
    7.5000    7.5000    0.0000 9728.7344   25.0156
   -7.5000   15.0000    0.000010034.2383   24.9827
    0.0000   15.0000    0.000010012.3115   25.0142
    7.5000   15.0000    0.0000 9333.1768   25.0103
   -7.5000   22.5000    0.0000 9079.0615   24.6558
    0.0000   22.5000    0.0000 9078.4404   24.6822
    7.5000   22.5000    0.0000 8471.2285   24.6849
   -7.5000   30.0000    0.0000 8249.5137   24.2063
    0.0000   30.0000    0.0000 8262.3789   24.2258
    7.5000   30.0000    0.0000 7722.3711   24.2291
   -7.5000   37.5000    0.0000 7511.0942   24.0929
    0.0000   37.5000    0.0000 7526.8584   24.1160
    7.5000   37.5000    0.0000 7037.6689   24.1147
   -7.5000   45.0000    0.0000 6754.0615   24.0978
    0.0000   45.0000    0.0000 6783.6890   24.1256
    7.5000   45.0000    0.0000 6340.5488   24.1225
   -7.5000  -45.0000    7.5000 8792.1562   22.9330
    0.0000  -45.0000    7.5000 8808.8701   22.9569
    7.5000  -45.0000    7.5000 8309.4258   22.9445
   -7.5000  -37.5000    7.5000 9236.2090   24.3864
    0.0000  -37.5000    7.5000 9258.6260   24.4181
    7.5000  -37.5000    7.5000 8728.9873   24.4073
   -7.5000  -30.0000    7.5000 9771.4062   25.0011
    0.0000  -30.0000    7.5000 9816.6182   25.0304
    7.5000  -30.0000    7.5000 9196.4111   25.0217
   -7.5000  -22.5000    7.500010462.1914   25.0019
    0.0000  -22.5000    7.500010523.0430   25.0211
    7.5000  -22.5000    7.5000 9794.0244   25.0123
   -7.5000  -15.0000    7.500011033.5830   25.0130
    0.0000  -15.0000    7.500011094.0596   25.0265
    7.5000  -15.0000    7.500010292.3701   25.0150
   -7.5000   -7.5000    7.500011061.3896   25.0217
    0.0000   -7.5000    7.500011091.3643   25.0385
    7.5000   -7.5000    7.500010320.4473   25.0248
   -7.5000    0.0000    7.500010797.0225   25.0181
    0.0000    0.0000    7.500010800.9531   25.0442
    7.5000    0.0000    7.500010099.4883   25.0306
   -7.5000    7.5000    7.500010063.0869   25.0010
    0.0000    7.5000    7.500010049.0811   25.0335
    7.5000    7.5000    7.5000 9399.7676   25.0224
   -7.5000   15.0000    7.5000 9648.3818   24.9922
    0.0000   15.0000    7.5000 9624.2246   25.0215
    7.5000   15.0000    7.5000 8989.5811   25.0128
   -7.5000   22.5000    7.5000 8748.9404   24.6784
    0.0000   22.5000    7.5000 8743.2725   24.6973
    7.5000   22.5000    7.5000 8153.6333   24.6887
   -7.5000   30.0000    7.5000 7955.5234   24.2340
    0.0000   30.0000    7.5000 7954.2349   24.2459
    7.5000   30.0000    7.5000 7435.1279   24.2332
   -7.5000   37.5000    7.5000 7241.3843   24.1346
    0.0000   37.5000    7.5000 7233.0142   24.1530
    7.5000   37.5000    7.5000 6779.3291   24.1348
   -7.5000   45.0000    7.5000 6483.2588   24.1265
    0.0000   45.0000    7.5000 6508.2451   24.1505
    7.5000   45.0000    7.5000 6093.8159   24.1341
   -7.5000  -45.0000   15.0000 8827.9473   22.8937
    0.0000  -45.0000   15.0000 8827.5938   22.9173
    7.5000  -45.0000   15.0000 8350.0225   22.9071
   -7.5000  -37.5000   15.0000 9249.2412   24.3327
    0.0000  -37.5000   15.0000 9251.1709   24.3653
    7.5000  -37.5000   15.0000 8766.0908   24.3622
   -7.5000  -30.0000   15.0000 9781.4219   24.9462
    0.0000  -30.0000   15.0000 9811.7568   24.9753
    7.5000  -30.0000   15.0000 9242.0186   24.9758
   -7.5000  -22.5000   15.000010481.0771   24.9596
    0.0000  -22.5000   15.000010541.7422   24.9756
    7.5000  -22.5000   15.0000 9849.1787   24.9715
   -7.5000  -15.0000   15.000011090.1104   24.9828
    0.0000  -15.0000   15.000011114.4756   24.9922
    7.5000  -15.0000   15.000010383.5156   24.9799
   -7.5000   -7.5000   15.000011124.6738   24.9911
    0.0000   -7.5000   15.000011122.0957   25.0054
    7.5000   -7.5000   15.000010403.2559   24.9900
   -7.5000    0.0000   15.000010847.2988   24.9753
    0.0000    0.0000   15.000010818.4941   25.0010
    7.5000    0.0000   15.000010161.1211   24.9898
   -7.5000    7.5000   15.000010042.3623   24.9459
    0.0000    7.5000   15.000010009.9297   24.9793
    7.5000    7.5000   15.0000 9408.0391   24.9761
   -7.5000   15.0000   15.0000 9597.0078   24.9373
    0.0000   15.0000   15.0000 9555.1162   24.9665
    7.5000   15.0000   15.0000 8971.4609   24.9670
   -7.5000   22.5000   15.0000 8715.9746   24.6366
    0.0000   22.5000   15.0000 8693.5771   24.6524
    7.5000   22.5000   15.0000 8141.9624   24.6484
   -7.5000   30.0000   15.0000 7938.1665   24.1955
    0.0000   30.0000   15.0000 7922.5210   24.2047
    7.5000   30.0000   15.0000 7415.4355   24.1928
   -7.5000   37.5000   15.0000 7212.3506   24.1019
    0.0000   37.5000   15.0000 7199.6138   24.1171
    7.5000   37.5000   15.0000 6744.7876   24.0964
   -7.5000   45.0000   15.0000 6439.9365   24.0829
    0.0000   45.0000   15.0000 6445.0713   24.1072
    7.5000   45.0000   15.0000 6053.6094   24.0963
   -7.5000  -45.0000   22.5000 8413.2617   22.8344
    0.0000  -45.0000   22.5000 8413.7588   22.8606
    7.5000  -45.0000   22.5000 7983.3560   22.8612
   -7.5000  -37.5000   22.5000 8832.0166   24.2729
    0.0000  -37.5000   22.5000 8829.4658   24.3080
    7.5000  -37.5000   22.5000 8370.4795   24.3163
   -7.5000  -30.0000   22.5000 9325.8750   24.8871
    0.0000  -30.0000   22.5000 9348.5859   24.9208
    7.5000  -30.0000   22.5000 8833.6689   24.9347
   -7.5000  -22.5000   22.5000 9981.8760   24.8995
    0.0000  -22.5000   22.500010014.3965   24.9226
    7.5000  -22.5000   22.5000 9415.2676   24.9338
   -7.5000  -15.0000   22.500010578.1279   24.9196
    0.0000  -15.0000   22.500010606.8799   24.9363
    7.5000  -15.0000   22.5000 9939.9902   24.9392
   -7.5000   -7.5000   22.500010651.6582   24.9255
    0.0000   -7.5000   22.500010655.9688   24.9447
    7.5000   -7.5000   22.5000 9971.3799   24.9427
   -7.5000    0.0000   22.500010399.7334   24.9107
    0.0000    0.0000   22.500010382.1348   24.9391
    7.5000    0.0000   22.5000 9739.6650   24.9398
   -7.5000    7.5000   22.5000 9614.2676   24.8846
    0.0000    7.5000   22.5000 9580.8047   24.9206
    7.5000    7.5000   22.5000 8998.8506   24.9290
   -7.5000   15.0000   22.5000 9162.2275   24.8783
    0.0000   15.0000   22.5000 9120.6143   24.9120
    7.5000   15.0000   22.5000 8575.6709   24.9259
   -7.5000   22.5000   22.5000 8323.1953   24.5773
    0.0000   22.5000   22.5000 8282.8057   24.6001
    7.5000   22.5000   22.5000 7770.3652   24.6112
   -7.5000   30.0000   22.5000 7566.2524   24.1332
    0.0000   30.0000   22.5000 7536.5742   24.1500
    7.5000   30.0000   22.5000 7065.6714   24.1535
   -7.5000   37.5000   22.5000 6845.2773   24.0335
    0.0000   37.5000   22.5000 6825.5532   24.0519
    7.5000   37.5000   22.5000 6399.2646   24.0437
   -7.5000   45.0000   22.5000 6105.8726   24.0162
    0.0000   45.0000   22.5000 6093.4863   24.0467
    7.5000   45.0000   22.5000 5718.5688   24.0533
   -7.5000  -45.0000   30.0000 7980.9663   22.7732
    0.0000  -45.0000   30.0000 7998.6357   22.8020
    7.5000  -45.0000   30.0000 7563.6821   22.8129
   -7.5000  -37.5000   30.0000 8392.3057   24.2343
    0.0000  -37.5000   30.0000 8399.5820   24.2708
    7.5000  -37.5000   30.0000 7943.6875   24.2832
   -7.5000  -30.0000   30.0000 8859.3486   24.8538
    0.0000  -30.0000   30.0000 8864.2529   24.8920
    7.5000  -30.0000   30.0000 8365.3145   24.9101
   -7.5000  -22.5000   30.0000 9406.6016   24.8518
    0.0000  -22.5000   30.0000 9402.5947   24.8853
    7.5000  -22.5000   30.0000 8895.4014   24.9077
   -7.5000  -15.0000   30.0000 9933.6270   24.8560
    0.0000  -15.0000   30.0000 9930.4248   24.8840
    7.5000  -15.0000   30.0000 9389.4932   24.9048
   -7.5000   -7.5000   30.000010020.4561   24.8599
    0.0000   -7.5000   30.000010027.6191   24.8866
    7.5000   -7.5000   30.0000 9444.3506   24.9021
   -7.5000    0.0000   30.0000 9841.8105   24.8591
    0.0000    0.0000   30.0000 9849.8809   24.8905
    7.5000    0.0000   30.0000 9257.2803   24.9024
   -7.5000    7.5000   30.0000 9109.2539   24.8492
    0.0000    7.5000   30.0000 9088.5293   24.8866
    7.5000    7.5000   30.0000 8553.5068   24.8994
   -7.5000   15.0000   30.0000 8678.9639   24.8450
    0.0000   15.0000   30.0000 8641.3770   24.8831
    7.5000   15.0000   30.0000 8122.2695   24.9013
   -7.5000   22.5000   30.0000 7859.5698   24.5280
    0.0000   22.5000   30.0000 7822.7515   24.5611
    7.5000   22.5000   30.0000 7338.2671   24.5832
   -7.5000   30.0000   30.0000 7114.1377   24.0920
    0.0000   30.0000   30.0000 7085.8828   24.1190
    7.5000   30.0000   30.0000 6644.2769   24.1387
   -7.5000   37.5000   30.0000 6418.2676   23.9938
    0.0000   37.5000   30.0000 6402.8149   24.0187
    7.5000   37.5000   30.0000 6005.8467   24.0284
   -7.5000   45.0000   30.0000 5718.0361   24.0041
    0.0000   45.0000   30.0000 5707.9673   24.0407
    7.5000   45.0000   30.0000 5365.9165   24.0618
   -7.5000  -45.0000   37.5000 7494.3950   22.6457
    0.0000  -45.0000   37.5000 7511.9238   22.6714
    7.5000  -45.0000   37.5000 7093.7627   22.6787
   -7.5000  -37.5000   37.5000 7887.6479   24.1143
    0.0000  -37.5000   37.5000 7910.2939   24.1466
    7.5000  -37.5000   37.5000 7473.6108   24.1508
   -7.5000  -30.0000   37.5000 8337.6621   24.7148
    0.0000  -30.0000   37.5000 8343.8145   24.7495
    7.5000  -30.0000   37.5000 7871.8208   24.7580
   -7.5000  -22.5000   37.5000 8846.9990   24.7013
    0.0000  -22.5000   37.5000 8844.7158   24.7337
    7.5000  -22.5000   37.5000 8367.8359   24.7502
   -7.5000  -15.0000   37.5000 9307.6855   24.6951
    0.0000  -15.0000   37.5000 9316.7305   24.7225
    7.5000  -15.0000   37.5000 8822.8750   24.7420
   -7.5000   -7.5000   37.5000 9390.0547   24.7001
    0.0000   -7.5000   37.5000 9400.9893   24.7249
    7.5000   -7.5000   37.5000 8884.0996   24.7401
   -7.5000    0.0000   37.5000 9218.6445   24.7105
    0.0000    0.0000   37.5000 9226.0615   24.7385
    7.5000    0.0000   37.5000 8713.1836   24.7465
   -7.5000    7.5000   37.5000 8529.2119   24.7109
    0.0000    7.5000   37.5000 8523.5664   24.7440
    7.5000    7.5000   37.5000 8048.0327   24.7483
   -7.5000   15.0000   37.5000 8136.1396   24.7058
    0.0000   15.0000   37.5000 8118.8345   24.7405
    7.5000   15.0000   37.5000 7650.4678   24.7490
   -7.5000   22.5000   37.5000 7380.6025   24.3754
    0.0000   22.5000   37.5000 7354.6816   24.4073
    7.5000   22.5000   37.5000 6921.2495   24.4235
   -7.5000   30.0000   37.5000 6681.3340   23.9467
    0.0000   30.0000   37.5000 6662.0635   23.9719
    7.5000   30.0000   37.5000 6260.0337   23.9887
   -7.5000   37.5000   37.5000 6006.5981   23.8497
    0.0000   37.5000   37.5000 6000.0796   23.8738
    7.5000   37.5000   37.5000 5636.8633   23.8837
   -7.5000   45.0000   37.5000 5341.9302   23.8667
    0.0000   45.0000   37.5000 5342.2178   23.8989
    7.5000   45.0000   37.5000 5021.0044   23.9127
   -7.5000  -45.0000   45.0000 6971.1230   22.7675
    0.0000  -45.0000   45.0000 6991.9526   22.7966
    7.5000  -45.0000   45.0000 6602.2632   22.7920
   -7.5000  -37.5000   45.0000 7331.1255   24.2383
    0.0000  -37.5000   45.0000 7345.4888   24.2722
    7.5000  -37.5000   45.0000 6937.1201   24.2626
   -7.5000  -30.0000   45.0000 7749.7788   24.8143
    0.0000  -30.0000   45.0000 7766.6348   24.8453
    7.5000  -30.0000   45.0000 7321.0332   24.8378
   -7.5000  -22.5000   45.0000 8221.4365   24.8038
    0.0000  -22.5000   45.0000 8228.5996   24.8284
    7.5000  -22.5000   45.0000 7780.4702   24.8283
   -7.5000  -15.0000   45.0000 8644.2607   24.8058
    0.0000  -15.0000   45.0000 8655.1279   24.8275
    7.5000  -15.0000   45.0000 8205.6826   24.8319
   -7.5000   -7.5000   45.0000 8710.9111   24.8156
    0.0000   -7.5000   45.0000 8724.2207   24.8404
    7.5000   -7.5000   45.0000 8268.4111   24.8421
   -7.5000    0.0000   45.0000 8548.8008   24.8220
    0.0000    0.0000   45.0000 8569.3984   24.8537
    7.5000    0.0000   45.0000 8124.6523   24.8487
   -7.5000    7.5000   45.0000 7914.6328   24.8141
    0.0000    7.5000   45.0000 7922.9917   24.8488
    7.5000    7.5000   45.0000 7496.9102   24.8390
   -7.5000   15.0000   45.0000 7556.5845   24.8050
    0.0000   15.0000   45.0000 7558.3955   24.8360
    7.5000   15.0000   45.0000 7125.7524   24.8285
   -7.5000   22.5000   45.0000 6854.1255   24.4731
    0.0000   22.5000   45.0000 6852.8101   24.4974
    7.5000   22.5000   45.0000 6453.7358   24.4973
   -7.5000   30.0000   45.0000 6206.2095   24.0195
    0.0000   30.0000   45.0000 6205.0293   24.0386
    7.5000   30.0000   45.0000 5825.9272   24.0400
   -7.5000   37.5000   45.0000 5576.3271   23.9151
    0.0000   37.5000   45.0000 5576.1504   23.9406
    7.5000   37.5000   45.0000 5248.9053   23.9374
   -7.5000   45.0000   45.0000 4962.2847   23.9242
    0.0000   45.0000   45.0000 4962.4438   23.9558
    7.5000   45.0000   45.0000 4682.6436   23.9497

---------------------------------------------------------------------
imgreg_4dfp /opt/freesurfer/average/711-2C_as_mni_average_305 /opt/freesurfer/average/711-2B_as_mni_average_305_mask talsrcimg_g11 none talsrcimg_to_711-2C_as_mni_average_305_t4 4355
---------------------------------------------------------------------

freesurfer imgreg_4dfp.c
/opt/freesurfer/average/711-2C_as_mni_average_305.4dfp.img
       256       256       256         1
  1.000000  1.000000  1.000000
orientation T byte_order littleendian
Reading image: /opt/freesurfer/average/711-2C_as_mni_average_305.4dfp.img
dimensions:      256       256       256
mmppix:       1.0000   -1.0000   -1.0000
center:     128.0000 -129.0000 -129.0000
/opt/freesurfer/average/711-2B_as_mni_average_305_mask.4dfp.img
       256       256       256         1
  1.000000  1.000000  1.000000
orientation T byte_order littleendian
Reading mask: /opt/freesurfer/average/711-2B_as_mni_average_305_mask.4dfp.img (2306576 pixels)
talsrcimg_g11.4dfp.img
       256       256       256         1
  0.898437  0.898437  0.898437
orientation T byte_order littleendian
Reading image: talsrcimg_g11.4dfp.img
dimensions:      256       256       256
mmppix:       0.8984   -0.8984   -0.8984
center:     114.9999 -115.8984 -115.8984
rotation matrix determinant  1.000000
image alignment mode   4355 decimal     1103 hex
   -7.5000  -52.5000  -45.0000 1864.7026   23.3170
    0.0000  -52.5000  -45.0000 1869.2802   23.2993
    7.5000  -52.5000  -45.0000 1843.9764   23.6748
   -7.5000  -45.0000  -45.0000 1936.4458   22.1030
    0.0000  -45.0000  -45.0000 1943.4589   22.1104
    7.5000  -45.0000  -45.0000 1920.1302   22.3955
   -7.5000  -37.5000  -45.0000 1978.0845   20.9731
    0.0000  -37.5000  -45.0000 1984.2042   20.9864
    7.5000  -37.5000  -45.0000 1962.4180   21.2734
   -7.5000  -30.0000  -45.0000 2003.0442   20.3290
    0.0000  -30.0000  -45.0000 2010.9927   20.3060
    7.5000  -30.0000  -45.0000 1977.8931   20.5736
   -7.5000  -22.5000  -45.0000 2004.1106   20.1448
    0.0000  -22.5000  -45.0000 2012.3005   20.0820
    7.5000  -22.5000  -45.0000 1985.4668   20.3809
   -7.5000  -15.0000  -45.0000 1999.9681   20.2444
    0.0000  -15.0000  -45.0000 2005.1248   20.2243
    7.5000  -15.0000  -45.0000 1985.1031   20.4932
   -7.5000   -7.5000  -45.0000 1991.1078   20.6846
    0.0000   -7.5000  -45.0000 1997.9623   20.6652
    7.5000   -7.5000  -45.0000 1970.3109   20.9608
   -7.5000    0.0000  -45.0000 1962.2985   21.5001
    0.0000    0.0000  -45.0000 1968.8103   21.4956
    7.5000    0.0000  -45.0000 1944.2865   21.8471
   -7.5000    7.5000  -45.0000 1914.1044   22.7044
    0.0000    7.5000  -45.0000 1927.0591   22.6412
    7.5000    7.5000  -45.0000 1897.4712   23.0297
   -7.5000   15.0000  -45.0000 1855.7400   24.2889
    0.0000   15.0000  -45.0000 1866.9619   24.3099
    7.5000   15.0000  -45.0000 1831.9022   24.7395
   -7.5000   22.5000  -45.0000 1777.6346   26.5234
    0.0000   22.5000  -45.0000 1786.5867   26.5212
    7.5000   22.5000  -45.0000 1747.2268   27.0672
   -7.5000   30.0000  -45.0000 1682.0864   29.5901
    0.0000   30.0000  -45.0000 1690.3975   29.5717
    7.5000   30.0000  -45.0000 1657.0508   30.2243
   -7.5000   37.5000  -45.0000 1568.2360   33.5978
    0.0000   37.5000  -45.0000 1574.0747   33.5917
    7.5000   37.5000  -45.0000 1551.8900   34.2841
   -7.5000  -52.5000  -37.5000 2028.6510   22.7133
    0.0000  -52.5000  -37.5000 2028.8912   22.6930
    7.5000  -52.5000  -37.5000 2007.7048   22.9482
   -7.5000  -45.0000  -37.5000 2111.4919   21.4904
    0.0000  -45.0000  -37.5000 2113.1968   21.4988
    7.5000  -45.0000  -37.5000 2090.4431   21.7226
   -7.5000  -37.5000  -37.5000 2152.7778   20.3940
    0.0000  -37.5000  -37.5000 2155.1216   20.4035
    7.5000  -37.5000  -37.5000 2132.1033   20.6118
   -7.5000  -30.0000  -37.5000 2176.5847   19.7165
    0.0000  -30.0000  -37.5000 2184.2249   19.6720
    7.5000  -30.0000  -37.5000 2152.4082   19.9604
   -7.5000  -22.5000  -37.5000 2175.8135   19.4788
    0.0000  -22.5000  -37.5000 2186.7048   19.4743
    7.5000  -22.5000  -37.5000 2152.8245   19.6926
   -7.5000  -15.0000  -37.5000 2167.2405   19.6239
    0.0000  -15.0000  -37.5000 2180.3921   19.5945
    7.5000  -15.0000  -37.5000 2154.3274   19.8271
   -7.5000   -7.5000  -37.5000 2157.0110   20.0827
    0.0000   -7.5000  -37.5000 2166.8975   20.0345
    7.5000   -7.5000  -37.5000 2139.3928   20.2976
   -7.5000    0.0000  -37.5000 2131.3477   20.8685
    0.0000    0.0000  -37.5000 2137.2498   20.8278
    7.5000    0.0000  -37.5000 2110.1460   21.1366
   -7.5000    7.5000  -37.5000 2083.7065   21.9873
    0.0000    7.5000  -37.5000 2092.6897   21.9773
    7.5000    7.5000  -37.5000 2060.2573   22.3258
   -7.5000   15.0000  -37.5000 2012.4313   23.5302
    0.0000   15.0000  -37.5000 2022.5685   23.5409
    7.5000   15.0000  -37.5000 1989.5796   23.9362
   -7.5000   22.5000  -37.5000 1928.2080   25.7454
    0.0000   22.5000  -37.5000 1934.8953   25.7584
    7.5000   22.5000  -37.5000 1897.6121   26.1988
   -7.5000   30.0000  -37.5000 1825.0184   28.7400
    0.0000   30.0000  -37.5000 1831.7856   28.7628
    7.5000   30.0000  -37.5000 1794.8156   29.2535
   -7.5000   37.5000  -37.5000 1700.3383   32.5864
    0.0000   37.5000  -37.5000 1703.6154   32.5590
    7.5000   37.5000  -37.5000 1669.8684   33.1351
   -7.5000  -52.5000  -30.0000 2181.9575   21.9865
    0.0000  -52.5000  -30.0000 2183.8821   21.9901
    7.5000  -52.5000  -30.0000 2154.0872   22.1915
   -7.5000  -45.0000  -30.0000 2268.0251   20.6278
    0.0000  -45.0000  -30.0000 2271.3494   20.6455
    7.5000  -45.0000  -30.0000 2245.1885   20.8404
   -7.5000  -37.5000  -30.0000 2312.8608   19.5323
    0.0000  -37.5000  -30.0000 2315.8137   19.5326
    7.5000  -37.5000  -30.0000 2285.3804   19.7448
   -7.5000  -30.0000  -30.0000 2341.3267   18.8530
    0.0000  -30.0000  -30.0000 2349.3435   18.8457
    7.5000  -30.0000  -30.0000 2315.8555   19.0941
   -7.5000  -22.5000  -30.0000 2349.6926   18.6372
    0.0000  -22.5000  -30.0000 2361.1924   18.6359
    7.5000  -22.5000  -30.0000 2320.5186   18.8415
   -7.5000  -15.0000  -30.0000 2344.0793   18.8258
    0.0000  -15.0000  -30.0000 2353.0691   18.7867
    7.5000  -15.0000  -30.0000 2321.3306   19.0224
   -7.5000   -7.5000  -30.0000 2327.2546   19.2438
    0.0000   -7.5000  -30.0000 2336.8196   19.2228
    7.5000   -7.5000  -30.0000 2304.1809   19.5097
   -7.5000    0.0000  -30.0000 2295.9419   20.0016
    0.0000    0.0000  -30.0000 2305.5288   19.9319
    7.5000    0.0000  -30.0000 2266.5103   20.2399
   -7.5000    7.5000  -30.0000 2243.2729   21.0784
    0.0000    7.5000  -30.0000 2254.9131   21.0728
    7.5000    7.5000  -30.0000 2215.3770   21.3966
   -7.5000   15.0000  -30.0000 2166.5984   22.6003
    0.0000   15.0000  -30.0000 2173.6660   22.6145
    7.5000   15.0000  -30.0000 2135.6650   23.0010
   -7.5000   22.5000  -30.0000 2067.8423   24.6611
    0.0000   22.5000  -30.0000 2075.7434   24.7139
    7.5000   22.5000  -30.0000 2037.3130   25.1381
   -7.5000   30.0000  -30.0000 1956.8470   27.5838
    0.0000   30.0000  -30.0000 1962.8892   27.6071
    7.5000   30.0000  -30.0000 1924.7067   27.9920
   -7.5000   37.5000  -30.0000 1822.9943   31.1149
    0.0000   37.5000  -30.0000 1826.1965   31.1408
    7.5000   37.5000  -30.0000 1791.0365   31.5607
   -7.5000  -52.5000  -22.5000 2305.4534   21.0520
    0.0000  -52.5000  -22.5000 2308.3728   21.0554
    7.5000  -52.5000  -22.5000 2271.8015   21.2715
   -7.5000  -45.0000  -22.5000 2402.9824   19.6595
    0.0000  -45.0000  -22.5000 2405.6062   19.6519
    7.5000  -45.0000  -22.5000 2370.2944   19.8714
   -7.5000  -37.5000  -22.5000 2452.4390   18.5566
    0.0000  -37.5000  -22.5000 2454.6082   18.5100
    7.5000  -37.5000  -22.5000 2425.8252   18.7498
   -7.5000  -30.0000  -22.5000 2484.8176   17.8558
    0.0000  -30.0000  -22.5000 2493.6333   17.8246
    7.5000  -30.0000  -22.5000 2457.7512   18.0866
   -7.5000  -22.5000  -22.5000 2505.9976   17.5855
    0.0000  -22.5000  -22.5000 2513.3979   17.5676
    7.5000  -22.5000  -22.5000 2472.1399   17.8641
   -7.5000  -15.0000  -22.5000 2512.7671   17.7788
    0.0000  -15.0000  -22.5000 2517.0171   17.7388
    7.5000  -15.0000  -22.5000 2473.2629   18.0005
   -7.5000   -7.5000  -22.5000 2492.7600   18.2092
    0.0000   -7.5000  -22.5000 2503.8462   18.1653
    7.5000   -7.5000  -22.5000 2460.4009   18.4704
   -7.5000    0.0000  -22.5000 2459.9043   18.9429
    0.0000    0.0000  -22.5000 2468.9026   18.8803
    7.5000    0.0000  -22.5000 2418.7456   19.2150
   -7.5000    7.5000  -22.5000 2400.6829   19.9917
    0.0000    7.5000  -22.5000 2407.8755   19.9629
    7.5000    7.5000  -22.5000 2359.9875   20.3173
   -7.5000   15.0000  -22.5000 2312.8120   21.4742
    0.0000   15.0000  -22.5000 2320.6411   21.4307
    7.5000   15.0000  -22.5000 2274.1902   21.8137
   -7.5000   22.5000  -22.5000 2202.9265   23.4509
    0.0000   22.5000  -22.5000 2209.5642   23.4625
    7.5000   22.5000  -22.5000 2165.0227   23.8480
   -7.5000   30.0000  -22.5000 2078.6162   26.1559
    0.0000   30.0000  -22.5000 2083.4792   26.1449
    7.5000   30.0000  -22.5000 2042.6635   26.5289
   -7.5000   37.5000  -22.5000 1926.3903   29.4020
    0.0000   37.5000  -22.5000 1930.6921   29.4312
    7.5000   37.5000  -22.5000 1890.9680   29.8686
   -7.5000  -52.5000  -15.0000 2396.1079   20.0399
    0.0000  -52.5000  -15.0000 2402.5066   20.0579
    7.5000  -52.5000  -15.0000 2363.9504   20.3005
   -7.5000  -45.0000  -15.0000 2506.3428   18.6509
    0.0000  -45.0000  -15.0000 2510.2639   18.6649
    7.5000  -45.0000  -15.0000 2471.9326   18.9124
   -7.5000  -37.5000  -15.0000 2566.8892   17.5639
    0.0000  -37.5000  -15.0000 2573.3354   17.5635
    7.5000  -37.5000  -15.0000 2533.8577   17.7924
   -7.5000  -30.0000  -15.0000 2606.6145   16.8245
    0.0000  -30.0000  -15.0000 2614.7261   16.7859
    7.5000  -30.0000  -15.0000 2578.8047   17.0439
   -7.5000  -22.5000  -15.0000 2637.2283   16.5062
    0.0000  -22.5000  -15.0000 2642.3804   16.4566
    7.5000  -22.5000  -15.0000 2598.3430   16.7617
   -7.5000  -15.0000  -15.0000 2647.9150   16.6782
    0.0000  -15.0000  -15.0000 2652.2305   16.6397
    7.5000  -15.0000  -15.0000 2604.4133   16.9125
   -7.5000   -7.5000  -15.0000 2636.6975   17.1112
    0.0000   -7.5000  -15.0000 2644.4124   17.0719
    7.5000   -7.5000  -15.0000 2594.1584   17.3698
   -7.5000    0.0000  -15.0000 2600.2170   17.8235
    0.0000    0.0000  -15.0000 2610.7563   17.7907
    7.5000    0.0000  -15.0000 2555.6089   18.1214
   -7.5000    7.5000  -15.0000 2533.4536   18.8836
    0.0000    7.5000  -15.0000 2537.9480   18.8641
    7.5000    7.5000  -15.0000 2486.4778   19.1918
   -7.5000   15.0000  -15.0000 2438.2930   20.3242
    0.0000   15.0000  -15.0000 2441.2422   20.2934
    7.5000   15.0000  -15.0000 2395.3674   20.6276
   -7.5000   22.5000  -15.0000 2312.6599   22.2176
    0.0000   22.5000  -15.0000 2316.7717   22.1916
    7.5000   22.5000  -15.0000 2276.5244   22.5835
   -7.5000   30.0000  -15.0000 2173.5481   24.7459
    0.0000   30.0000  -15.0000 2180.2319   24.7409
    7.5000   30.0000  -15.0000 2143.1394   25.1097
   -7.5000   37.5000  -15.0000 2015.8741   27.8310
    0.0000   37.5000  -15.0000 2016.4595   27.8454
    7.5000   37.5000  -15.0000 1977.1832   28.2906
   -7.5000  -52.5000   -7.5000 2445.5171   19.0710
    0.0000  -52.5000   -7.5000 2455.0488   19.0618
    7.5000  -52.5000   -7.5000 2421.5605   19.3327
   -7.5000  -45.0000   -7.5000 2567.9775   17.7286
    0.0000  -45.0000   -7.5000 2575.0608   17.7163
    7.5000  -45.0000   -7.5000 2540.3467   17.9720
   -7.5000  -37.5000   -7.5000 2646.9551   16.5930
    0.0000  -37.5000   -7.5000 2657.7717   16.5622
    7.5000  -37.5000   -7.5000 2615.8208   16.8511
   -7.5000  -30.0000   -7.5000 2699.5359   15.8038
    0.0000  -30.0000   -7.5000 2712.2100   15.7720
    7.5000  -30.0000   -7.5000 2667.7734   16.0474
   -7.5000  -22.5000   -7.5000 2734.5022   15.4716
    0.0000  -22.5000   -7.5000 2743.8452   15.4376
    7.5000  -22.5000   -7.5000 2698.7834   15.7223
   -7.5000  -15.0000   -7.5000 2752.9478   15.5793
    0.0000  -15.0000   -7.5000 2764.1348   15.5621
    7.5000  -15.0000   -7.5000 2708.8423   15.8508
   -7.5000   -7.5000   -7.5000 2741.8337   15.9876
    0.0000   -7.5000   -7.5000 2751.6167   15.9520
    7.5000   -7.5000   -7.5000 2698.4663   16.2603
   -7.5000    0.0000   -7.5000 2694.0161   16.7176
    0.0000    0.0000   -7.5000 2707.5479   16.6666
    7.5000    0.0000   -7.5000 2654.5012   16.9870
   -7.5000    7.5000   -7.5000 2622.7007   17.7862
    0.0000    7.5000   -7.5000 2625.5605   17.7572
    7.5000    7.5000   -7.5000 2577.0671   18.0620
   -7.5000   15.0000   -7.5000 2518.3335   19.1839
    0.0000   15.0000   -7.5000 2525.2239   19.1646
    7.5000   15.0000   -7.5000 2477.6650   19.4735
   -7.5000   22.5000   -7.5000 2383.0808   21.0634
    0.0000   22.5000   -7.5000 2388.4517   21.0307
    7.5000   22.5000   -7.5000 2348.2075   21.3866
   -7.5000   30.0000   -7.5000 2240.5334   23.4389
    0.0000   30.0000   -7.5000 2249.4897   23.4012
    7.5000   30.0000   -7.5000 2207.3228   23.7904
   -7.5000   37.5000   -7.5000 2068.4192   26.4062
    0.0000   37.5000   -7.5000 2075.7263   26.3668
    7.5000   37.5000   -7.5000 2038.2032   26.7549
   -7.5000  -52.5000    0.0000 2488.6206   18.4443
    0.0000  -52.5000    0.0000 2492.1301   18.3933
    7.5000  -52.5000    0.0000 2459.0000   18.7699
   -7.5000  -45.0000    0.0000 2617.4255   17.0841
    0.0000  -45.0000    0.0000 2623.5850   17.0735
    7.5000  -45.0000    0.0000 2588.5906   17.3939
   -7.5000  -37.5000    0.0000 2713.5432   15.9486
    0.0000  -37.5000    0.0000 2724.5063   15.9471
    7.5000  -37.5000    0.0000 2685.9373   16.2305
   -7.5000  -30.0000    0.0000 2786.3005   15.1888
    0.0000  -30.0000    0.0000 2797.6995   15.1460
    7.5000  -30.0000    0.0000 2748.9246   15.3943
   -7.5000  -22.5000    0.0000 2844.2324   14.8222
    0.0000  -22.5000    0.0000 2857.1948   14.7770
    7.5000  -22.5000    0.0000 2794.1033   15.0588
   -7.5000  -15.0000    0.0000 2867.0784   14.8933
    0.0000  -15.0000    0.0000 2885.8809   14.8546
    7.5000  -15.0000    0.0000 2812.2549   15.1674
   -7.5000   -7.5000    0.0000 2851.4546   15.2684
    0.0000   -7.5000    0.0000 2862.7021   15.2301
    7.5000   -7.5000    0.0000 2798.3687   15.5734
   -7.5000    0.0000    0.0000 2787.0562   15.9780
    0.0000    0.0000    0.0000 2796.3875   15.9294
    7.5000    0.0000    0.0000 2744.1475   16.2680
   -7.5000    7.5000    0.0000 2701.2322   17.0342
    0.0000    7.5000    0.0000 2707.3962   16.9700
    7.5000    7.5000    0.0000 2656.7793   17.3206
   -7.5000   15.0000    0.0000 2587.8093   18.4932
    0.0000   15.0000    0.0000 2593.6216   18.4378
    7.5000   15.0000    0.0000 2540.7290   18.7584
   -7.5000   22.5000    0.0000 2442.8323   20.3888
    0.0000   22.5000    0.0000 2451.9094   20.3329
    7.5000   22.5000    0.0000 2403.3462   20.6773
   -7.5000   30.0000    0.0000 2293.4822   22.6906
    0.0000   30.0000    0.0000 2303.5518   22.6244
    7.5000   30.0000    0.0000 2260.1941   23.0177
   -7.5000   37.5000    0.0000 2121.6855   25.5049
    0.0000   37.5000    0.0000 2128.7173   25.4975
    7.5000   37.5000    0.0000 2088.1155   25.8776
   -7.5000  -52.5000    7.5000 2506.6475   17.8999
    0.0000  -52.5000    7.5000 2511.2659   17.8378
    7.5000  -52.5000    7.5000 2477.5662   18.2974
   -7.5000  -45.0000    7.5000 2645.7869   16.5239
    0.0000  -45.0000    7.5000 2649.3965   16.4838
    7.5000  -45.0000    7.5000 2608.8933   16.9222
   -7.5000  -37.5000    7.5000 2753.2417   15.3918
    0.0000  -37.5000    7.5000 2761.6157   15.3638
    7.5000  -37.5000    7.5000 2717.9177   15.7425
   -7.5000  -30.0000    7.5000 2846.7383   14.6273
    0.0000  -30.0000    7.5000 2861.9346   14.5771
    7.5000  -30.0000    7.5000 2802.4048   14.9041
   -7.5000  -22.5000    7.5000 2929.0288   14.2898
    0.0000  -22.5000    7.5000 2946.1963   14.2371
    7.5000  -22.5000    7.5000 2868.8992   14.5517
   -7.5000  -15.0000    7.5000 2964.3083   14.3770
    0.0000  -15.0000    7.5000 2989.2402   14.3211
    7.5000  -15.0000    7.5000 2883.9038   14.6393
   -7.5000   -7.5000    7.5000 2939.6514   14.7048
    0.0000   -7.5000    7.5000 2956.5952   14.6524
    7.5000   -7.5000    7.5000 2860.5298   15.0114
   -7.5000    0.0000    7.5000 2847.2253   15.3835
    0.0000    0.0000    7.5000 2856.0964   15.3277
    7.5000    0.0000    7.5000 2795.4836   15.7031
   -7.5000    7.5000    7.5000 2746.8684   16.4249
    0.0000    7.5000    7.5000 2757.6006   16.3936
    7.5000    7.5000    7.5000 2704.0312   16.7243
   -7.5000   15.0000    7.5000 2626.3425   17.8818
    0.0000   15.0000    7.5000 2634.1548   17.8370
    7.5000   15.0000    7.5000 2581.6145   18.1633
   -7.5000   22.5000    7.5000 2479.0859   19.7940
    0.0000   22.5000    7.5000 2487.0334   19.7192
    7.5000   22.5000    7.5000 2437.0317   20.0950
   -7.5000   30.0000    7.5000 2322.2769   22.0651
    0.0000   30.0000    7.5000 2330.5032   22.0142
    7.5000   30.0000    7.5000 2287.7561   22.4131
   -7.5000   37.5000    7.5000 2144.1440   24.7624
    0.0000   37.5000    7.5000 2151.1946   24.7346
    7.5000   37.5000    7.5000 2118.0710   25.2242
   -7.5000  -52.5000   15.0000 2514.2620   17.5921
    0.0000  -52.5000   15.0000 2519.0398   17.5139
    7.5000  -52.5000   15.0000 2477.1082   18.0633
   -7.5000  -45.0000   15.0000 2654.3701   16.2298
    0.0000  -45.0000   15.0000 2657.4309   16.1655
    7.5000  -45.0000   15.0000 2608.7737   16.6664
   -7.5000  -37.5000   15.0000 2773.1042   15.0863
    0.0000  -37.5000   15.0000 2778.0024   15.0335
    7.5000  -37.5000   15.0000 2725.2026   15.4977
   -7.5000  -30.0000   15.0000 2880.9050   14.2877
    0.0000  -30.0000   15.0000 2889.8728   14.2411
    7.5000  -30.0000   15.0000 2823.6826   14.6765
   -7.5000  -22.5000   15.0000 2967.3518   14.0143
    0.0000  -22.5000   15.0000 2984.9211   13.9524
    7.5000  -22.5000   15.0000 2897.9082   14.3347
   -7.5000  -15.0000   15.0000 3010.7830   14.0880
    0.0000  -15.0000   15.0000 3030.5376   14.0561
    7.5000  -15.0000   15.0000 2920.8623   14.3734
   -7.5000   -7.5000   15.0000 2979.8022   14.4141
    0.0000   -7.5000   15.0000 2995.1443   14.3391
    7.5000   -7.5000   15.0000 2891.9814   14.7042
   -7.5000    0.0000   15.0000 2882.6750   15.0851
    0.0000    0.0000   15.0000 2890.6746   15.0087
    7.5000    0.0000   15.0000 2820.7576   15.3525
   -7.5000    7.5000   15.0000 2765.0603   16.0883
    0.0000    7.5000   15.0000 2775.3611   16.0205
    7.5000    7.5000   15.0000 2721.0361   16.3713
   -7.5000   15.0000   15.0000 2637.0247   17.5453
    0.0000   15.0000   15.0000 2642.4805   17.4643
    7.5000   15.0000   15.0000 2594.6765   17.8262
   -7.5000   22.5000   15.0000 2487.6809   19.3904
    0.0000   22.5000   15.0000 2493.7332   19.3213
    7.5000   22.5000   15.0000 2448.6052   19.6819
   -7.5000   30.0000   15.0000 2333.4521   21.6064
    0.0000   30.0000   15.0000 2337.9023   21.5661
    7.5000   30.0000   15.0000 2296.3813   21.9577
   -7.5000   37.5000   15.0000 2151.3950   24.2473
    0.0000   37.5000   15.0000 2155.6189   24.2477
    7.5000   37.5000   15.0000 2123.9534   24.6959
   -7.5000  -52.5000   22.5000 2503.5308   17.6158
    0.0000  -52.5000   22.5000 2507.2158   17.5239
    7.5000  -52.5000   22.5000 2460.4478   18.1238
   -7.5000  -45.0000   22.5000 2639.7764   16.2464
    0.0000  -45.0000   22.5000 2642.8186   16.1526
    7.5000  -45.0000   22.5000 2597.7031   16.7185
   -7.5000  -37.5000   22.5000 2759.6667   15.1158
    0.0000  -37.5000   22.5000 2762.2102   15.0418
    7.5000  -37.5000   22.5000 2709.2874   15.5368
   -7.5000  -30.0000   22.5000 2867.6248   14.3578
    0.0000  -30.0000   22.5000 2874.9958   14.3033
    7.5000  -30.0000   22.5000 2813.2493   14.7526
   -7.5000  -22.5000   22.5000 2947.9897   14.0821
    0.0000  -22.5000   22.5000 2961.2170   14.0396
    7.5000  -22.5000   22.5000 2889.5461   14.4191
   -7.5000  -15.0000   22.5000 2984.5171   14.0988
    0.0000  -15.0000   22.5000 3001.4170   14.0603
    7.5000  -15.0000   22.5000 2912.2793   14.3958
   -7.5000   -7.5000   22.5000 2952.1724   14.4872
    0.0000   -7.5000   22.5000 2966.7966   14.4289
    7.5000   -7.5000   22.5000 2880.2971   14.7492
   -7.5000    0.0000   22.5000 2868.1875   15.1798
    0.0000    0.0000   22.5000 2880.4827   15.1199
    7.5000    0.0000   22.5000 2812.1721   15.4067
   -7.5000    7.5000   22.5000 2752.3623   16.1304
    0.0000    7.5000   22.5000 2762.5732   16.0659
    7.5000    7.5000   22.5000 2708.4453   16.3946
   -7.5000   15.0000   22.5000 2618.3438   17.4985
    0.0000   15.0000   22.5000 2626.3545   17.4177
    7.5000   15.0000   22.5000 2582.8323   17.7560
   -7.5000   22.5000   22.5000 2476.4463   19.2335
    0.0000   22.5000   22.5000 2481.9480   19.1791
    7.5000   22.5000   22.5000 2441.9048   19.5236
   -7.5000   30.0000   22.5000 2322.3982   21.3767
    0.0000   30.0000   22.5000 2325.8921   21.3233
    7.5000   30.0000   22.5000 2287.6416   21.7263
   -7.5000   37.5000   22.5000 2135.1738   23.9892
    0.0000   37.5000   22.5000 2139.8381   23.9014
    7.5000   37.5000   22.5000 2107.8870   24.3349
   -7.5000  -52.5000   30.0000 2475.7717   18.0586
    0.0000  -52.5000   30.0000 2476.2437   17.9817
    7.5000  -52.5000   30.0000 2434.9546   18.6139
   -7.5000  -45.0000   30.0000 2612.1392   16.7081
    0.0000  -45.0000   30.0000 2614.3020   16.6459
    7.5000  -45.0000   30.0000 2569.4739   17.2063
   -7.5000  -37.5000   30.0000 2726.5161   15.5952
    0.0000  -37.5000   30.0000 2728.0645   15.5238
    7.5000  -37.5000   30.0000 2678.4353   16.0206
   -7.5000  -30.0000   30.0000 2824.3086   14.8430
    0.0000  -30.0000   30.0000 2827.8193   14.7697
    7.5000  -30.0000   30.0000 2771.0403   15.2003
   -7.5000  -22.5000   30.0000 2887.6660   14.4780
    0.0000  -22.5000   30.0000 2895.1667   14.3934
    7.5000  -22.5000   30.0000 2835.2258   14.7890
   -7.5000  -15.0000   30.0000 2914.0254   14.4613
    0.0000  -15.0000   30.0000 2924.2812   14.3917
    7.5000  -15.0000   30.0000 2859.0544   14.7348
   -7.5000   -7.5000   30.0000 2881.9131   14.9060
    0.0000   -7.5000   30.0000 2892.8789   14.8342
    7.5000   -7.5000   30.0000 2830.2256   15.1496
   -7.5000    0.0000   30.0000 2807.7578   15.6343
    0.0000    0.0000   30.0000 2821.7456   15.5438
    7.5000    0.0000   30.0000 2762.1165   15.8231
   -7.5000    7.5000   30.0000 2696.7615   16.6182
    0.0000    7.5000   30.0000 2707.3105   16.5112
    7.5000    7.5000   30.0000 2664.4407   16.7789
   -7.5000   15.0000   30.0000 2574.4973   17.9005
    0.0000   15.0000   30.0000 2581.7480   17.8436
    7.5000   15.0000   30.0000 2542.8003   18.1171
   -7.5000   22.5000   30.0000 2441.3303   19.5224
    0.0000   22.5000   30.0000 2444.7617   19.4613
    7.5000   22.5000   30.0000 2410.2761   19.7757
   -7.5000   30.0000   30.0000 2290.0229   21.5458
    0.0000   30.0000   30.0000 2297.7346   21.4721
    7.5000   30.0000   30.0000 2264.3523   21.8552
   -7.5000   37.5000   30.0000 2108.6570   24.0793
    0.0000   37.5000   30.0000 2114.7939   23.9668
    7.5000   37.5000   30.0000 2085.8816   24.3736
   -7.5000  -52.5000   37.5000 2427.1709   18.8757
    0.0000  -52.5000   37.5000 2429.3618   18.7906
    7.5000  -52.5000   37.5000 2393.4788   19.3929
   -7.5000  -45.0000   37.5000 2565.1416   17.5056
    0.0000  -45.0000   37.5000 2569.4971   17.4201
    7.5000  -45.0000   37.5000 2528.8533   17.9773
   -7.5000  -37.5000   37.5000 2673.3645   16.3604
    0.0000  -37.5000   37.5000 2680.6157   16.2994
    7.5000  -37.5000   37.5000 2634.6511   16.8066
   -7.5000  -30.0000   37.5000 2761.3049   15.5972
    0.0000  -30.0000   37.5000 2765.4536   15.5211
    7.5000  -30.0000   37.5000 2712.9648   15.9686
   -7.5000  -22.5000   37.5000 2808.7021   15.2311
    0.0000  -22.5000   37.5000 2819.2861   15.1175
    7.5000  -22.5000   37.5000 2763.6492   15.5331
   -7.5000  -15.0000   37.5000 2828.1479   15.1464
    0.0000  -15.0000   37.5000 2836.9224   15.0630
    7.5000  -15.0000   37.5000 2785.7925   15.4376
   -7.5000   -7.5000   37.5000 2790.8958   15.5761
    0.0000   -7.5000   37.5000 2804.7009   15.4843
    7.5000   -7.5000   37.5000 2751.7986   15.8281
   -7.5000    0.0000   37.5000 2714.1067   16.2790
    0.0000    0.0000   37.5000 2729.2617   16.1746
    7.5000    0.0000   37.5000 2682.4229   16.4881
   -7.5000    7.5000   37.5000 2616.8423   17.2768
    0.0000    7.5000   37.5000 2628.8604   17.1535
    7.5000    7.5000   37.5000 2589.2073   17.4271
   -7.5000   15.0000   37.5000 2505.4990   18.5810
    0.0000   15.0000   37.5000 2516.7974   18.4834
    7.5000   15.0000   37.5000 2481.2183   18.7297
   -7.5000   22.5000   37.5000 2381.5276   20.1822
    0.0000   22.5000   37.5000 2387.6506   20.1270
    7.5000   22.5000   37.5000 2358.7705   20.4241
   -7.5000   30.0000   37.5000 2238.3748   22.1987
    0.0000   30.0000   37.5000 2244.3438   22.1214
    7.5000   30.0000   37.5000 2219.3496   22.4692
   -7.5000   37.5000   37.5000 2063.6997   24.6217
    0.0000   37.5000   37.5000 2070.4053   24.5574
    7.5000   37.5000   37.5000 2041.1313   24.9540
   -7.5000  -52.5000   45.0000 2353.1838   19.9038
    0.0000  -52.5000   45.0000 2355.6418   19.8031
    7.5000  -52.5000   45.0000 2321.4187   20.3433
   -7.5000  -45.0000   45.0000 2484.7300   18.4799
    0.0000  -45.0000   45.0000 2489.4636   18.4090
    7.5000  -45.0000   45.0000 2452.4893   18.9142
   -7.5000  -37.5000   45.0000 2581.8557   17.3460
    0.0000  -37.5000   45.0000 2587.6072   17.2548
    7.5000  -37.5000   45.0000 2543.0950   17.7343
   -7.5000  -30.0000   45.0000 2657.0017   16.5678
    0.0000  -30.0000   45.0000 2664.8176   16.4800
    7.5000  -30.0000   45.0000 2613.2161   16.9176
   -7.5000  -22.5000   45.0000 2696.5789   16.1625
    0.0000  -22.5000   45.0000 2706.0742   16.0640
    7.5000  -22.5000   45.0000 2656.8628   16.4659
   -7.5000  -15.0000   45.0000 2705.2937   16.0472
    0.0000  -15.0000   45.0000 2712.3013   15.9767
    7.5000  -15.0000   45.0000 2672.4355   16.3467
   -7.5000   -7.5000   45.0000 2667.7563   16.4590
    0.0000   -7.5000   45.0000 2682.0876   16.3757
    7.5000   -7.5000   45.0000 2640.7542   16.7304
   -7.5000    0.0000   45.0000 2597.8008   17.1241
    0.0000    0.0000   45.0000 2611.4600   17.0385
    7.5000    0.0000   45.0000 2577.3420   17.3642
   -7.5000    7.5000   45.0000 2508.4492   18.0915
    0.0000    7.5000   45.0000 2518.9927   17.9743
    7.5000    7.5000   45.0000 2485.5903   18.2846
   -7.5000   15.0000   45.0000 2405.9001   19.3483
    0.0000   15.0000   45.0000 2414.9753   19.2345
    7.5000   15.0000   45.0000 2381.1758   19.5321
   -7.5000   22.5000   45.0000 2286.8711   20.9865
    0.0000   22.5000   45.0000 2295.1824   20.9141
    7.5000   22.5000   45.0000 2269.7280   21.1571
   -7.5000   30.0000   45.0000 2156.4946   23.0134
    0.0000   30.0000   45.0000 2164.7810   22.9208
    7.5000   30.0000   45.0000 2134.3879   23.2714
   -7.5000   37.5000   45.0000 1986.9939   25.4150
    0.0000   37.5000   45.0000 1995.8231   25.3594
    7.5000   37.5000   45.0000 1972.0466   25.7717

---------------------------------------------------------------------
imgreg_4dfp /opt/freesurfer/average/711-2C_as_mni_average_305 /opt/freesurfer/average/711-2B_as_mni_average_305_mask talsrcimg_g11 none talsrcimg_to_711-2C_as_mni_average_305_t4 1283
---------------------------------------------------------------------

freesurfer imgreg_4dfp.c
/opt/freesurfer/average/711-2C_as_mni_average_305.4dfp.img
       256       256       256         1
  1.000000  1.000000  1.000000
orientation T byte_order littleendian
Reading image: /opt/freesurfer/average/711-2C_as_mni_average_305.4dfp.img
dimensions:      256       256       256
mmppix:       1.0000   -1.0000   -1.0000
center:     128.0000 -129.0000 -129.0000
/opt/freesurfer/average/711-2B_as_mni_average_305_mask.4dfp.img
       256       256       256         1
  1.000000  1.000000  1.000000
orientation T byte_order littleendian
Reading mask: /opt/freesurfer/average/711-2B_as_mni_average_305_mask.4dfp.img (2306576 pixels)
talsrcimg_g11.4dfp.img
       256       256       256         1
  0.898437  0.898437  0.898437
orientation T byte_order littleendian
Reading image: talsrcimg_g11.4dfp.img
dimensions:      256       256       256
mmppix:       0.8984   -0.8984   -0.8984
center:     114.9999 -115.8984 -115.8984
rotation matrix determinant  1.000000
fimgreg.f
image alignment mode   1283 decimal      503 hex
parameters
    0.0000  -15.0000   15.0000    0.0000    0.0000    0.0000
eta,q 0.95214 14.01401
niter,ni,del,rscale     5    3   12.0000    1.2000
parameter  4  1.248739 ->  0.500000 qaram    1.1500
parameters
   -2.9003  -13.1334   14.9302   -3.4500    0.5913    0.1090
eta,q 0.96099 13.90893
  0.0521  0.0548  0.0544  0.0381  0.0500  0.0460
  0.0458  0.0500  0.0476  0.0392  0.0452  0.0423
  0.0449  0.0470  0.0440  0.0400  0.0414  0.0398
  0.0499  0.0445  0.0427  0.0427  0.0393  0.0390
  0.0584  0.0426  0.0441  0.0457  0.0390  0.0393
  0.0687  0.0432  0.0489  0.0490  0.0419  0.0416
  0.0785  0.0475  0.0543  0.0530  0.0472  0.0458
niter,ni,del,rscale     5    3   12.0000    1.2000
parameters
   -3.1132  -12.3569   14.3851   -6.6669    1.0311   -0.3699
eta,q 0.96375 13.90205
  0.0583  0.0526  0.0481  0.0384  0.0488  0.0432
  0.0477  0.0474  0.0413  0.0364  0.0433  0.0385
  0.0405  0.0424  0.0377  0.0370  0.0388  0.0364
  0.0390  0.0389  0.0381  0.0377  0.0365  0.0364
  0.0424  0.0378  0.0409  0.0401  0.0371  0.0378
  0.0503  0.0414  0.0454  0.0444  0.0406  0.0411
  0.0604  0.0486  0.0506  0.0490  0.0463  0.0448
niter,ni,del,rscale     4    3   12.0000    1.2000
parameters
   -3.2694  -11.5803   14.0560   -6.6907    1.1327   -0.3419
eta,q 0.96428 13.96146
  0.0582  0.0531  0.0463  0.0430  0.0469  0.0437
  0.0459  0.0458  0.0404  0.0384  0.0418  0.0387
  0.0377  0.0393  0.0365  0.0359  0.0376  0.0361
  0.0362  0.0361  0.0359  0.0357  0.0357  0.0357
  0.0402  0.0365  0.0380  0.0368  0.0368  0.0366
  0.0488  0.0403  0.0422  0.0385  0.0409  0.0393
  0.0591  0.0467  0.0486  0.0428  0.0466  0.0429
niter,ni,del,rscale     3    3   12.0000    1.2000
parameters
   -3.3026  -11.4478   14.0303   -6.7651    1.1634   -0.3340
eta,q 0.96434 13.96686
  0.0593  0.0501  0.0475  0.0427  0.0467  0.0435
  0.0467  0.0431  0.0413  0.0382  0.0416  0.0386
  0.0377  0.0375  0.0368  0.0359  0.0374  0.0360
  0.0357  0.0357  0.0357  0.0357  0.0357  0.0357
  0.0395  0.0372  0.0375  0.0366  0.0369  0.0365
  0.0480  0.0420  0.0414  0.0385  0.0411  0.0392
  0.0586  0.0490  0.0475  0.0428  0.0468  0.0428
niter,ni,del,rscale     2    3   12.0000    1.2000
parameters
   -3.3101  -11.4181   14.0236   -6.7771    1.1716   -0.3315
eta,q 0.96435 13.96823
  0.0595  0.0497  0.0475  0.0428  0.0466  0.0435
  0.0469  0.0426  0.0414  0.0383  0.0415  0.0386
  0.0377  0.0372  0.0369  0.0359  0.0374  0.0360
  0.0357  0.0357  0.0357  0.0357  0.0357  0.0356
  0.0394  0.0374  0.0375  0.0366  0.0369  0.0365
  0.0479  0.0424  0.0413  0.0383  0.0412  0.0392
  0.0585  0.0494  0.0475  0.0427  0.0469  0.0428
registration optimization eta report
parameter search radius
    6.0000    6.0000    6.0000    6.9000    6.0000    6.0000
100000*second partial in parameter space
       64.       39.       33.       15.       30.       21.
  0.0595  0.0497  0.0475  0.0428  0.0466  0.0435
  0.0469  0.0426  0.0414  0.0383  0.0415  0.0386
  0.0377  0.0372  0.0369  0.0359  0.0374  0.0360
  0.0357  0.0357  0.0357  0.0357  0.0357  0.0356
  0.0394  0.0374  0.0375  0.0366  0.0369  0.0365
  0.0479  0.0424  0.0413  0.0383  0.0412  0.0392
  0.0585  0.0494  0.0475  0.0427  0.0469  0.0428
   -3.3101  -11.4181   14.0236   -6.7771    1.1716   -0.3315
eta,q 0.96435 13.96823

---------------------------------------------------------------------
imgreg_4dfp /opt/freesurfer/average/711-2C_as_mni_average_305 /opt/freesurfer/average/711-2B_as_mni_average_305_mask talsrcimg_g11 none talsrcimg_to_711-2C_as_mni_average_305_t4 3335
---------------------------------------------------------------------

freesurfer imgreg_4dfp.c
/opt/freesurfer/average/711-2C_as_mni_average_305.4dfp.img
       256       256       256         1
  1.000000  1.000000  1.000000
orientation T byte_order littleendian
Reading image: /opt/freesurfer/average/711-2C_as_mni_average_305.4dfp.img
dimensions:      256       256       256
mmppix:       1.0000   -1.0000   -1.0000
center:     128.0000 -129.0000 -129.0000
/opt/freesurfer/average/711-2B_as_mni_average_305_mask.4dfp.img
       256       256       256         1
  1.000000  1.000000  1.000000
orientation T byte_order littleendian
Reading mask: /opt/freesurfer/average/711-2B_as_mni_average_305_mask.4dfp.img (2306576 pixels)
talsrcimg_g11.4dfp.img
       256       256       256         1
  0.898437  0.898437  0.898437
orientation T byte_order littleendian
Reading image: talsrcimg_g11.4dfp.img
dimensions:      256       256       256
mmppix:       0.8984   -0.8984   -0.8984
center:     114.9999 -115.8984 -115.8984
fimgreg.f
image alignment mode   3335 decimal      D07 hex
parameters
   -3.3101  -11.4181   14.0236   -0.0226   -0.7018   -0.7195
    0.8159   -1.9621   -0.5785   11.8122    2.0447  -11.7982
eta,q 0.96351 14.01549
niter,ni,del,rscale     5    3    5.0000    1.2000
parameter  4  0.724104 ->  0.500000 qaram    1.1500
parameter  5  1.066767 ->  0.500000 qaram    1.1500
parameter  6  0.981226 ->  0.500000 qaram    1.1500
parameter 12 -0.604989 -> -0.500000 qaram    1.1500
parameters
   -3.2769  -11.2727   13.4397   -4.1626   -4.8418   -4.8595
    2.0428   -1.9040    0.9526   10.6385    0.7934   -7.6582
eta,q 0.97292 13.21478
  0.0406  0.0394  0.0374  0.0343  0.0310  0.0273  0.0311  0.0328  0.0303  0.0296  0.0285  0.0303
  0.0383  0.0378  0.0366  0.0344  0.0316  0.0276  0.0297  0.0302  0.0291  0.0283  0.0279  0.0292
  0.0369  0.0368  0.0363  0.0350  0.0328  0.0292  0.0285  0.0284  0.0282  0.0276  0.0276  0.0282
  0.0365  0.0365  0.0365  0.0363  0.0345  0.0319  0.0279  0.0277  0.0277  0.0276  0.0275  0.0275
  0.0369  0.0367  0.0370  0.0387  0.0367  0.0357  0.0278  0.0284  0.0276  0.0283  0.0279  0.0271
  0.0382  0.0375  0.0378  0.0424  0.0399  0.0406  0.0284  0.0301  0.0280  0.0295  0.0286  0.0271
  0.0403  0.0387  0.0391  0.0469  0.0437  0.0462  0.0296  0.0326  0.0288  0.0315  0.0296  0.0273
niter,ni,del,rscale     7    3    5.0000    1.2000
parameter  5  0.566852 ->  0.500000 qaram    1.3225
parameters
   -3.3811  -11.0630   12.9999   -6.5308   -9.6028   -8.9931
    1.5535   -1.7942    0.8748   10.7411    0.8483   -7.1398
eta,q 0.97502 12.48185
  0.0303  0.0302  0.0284  0.0280  0.0266  0.0259  0.0273  0.0291  0.0268  0.0275  0.0260  0.0270
  0.0286  0.0286  0.0275  0.0272  0.0260  0.0253  0.0260  0.0269  0.0258  0.0261  0.0255  0.0260
  0.0274  0.0275  0.0270  0.0270  0.0262  0.0250  0.0252  0.0255  0.0252  0.0253  0.0251  0.0253
  0.0271  0.0271  0.0271  0.0270  0.0269  0.0260  0.0250  0.0250  0.0250  0.0250  0.0250  0.0250
  0.0276  0.0272  0.0276  0.0276  0.0284  0.0286  0.0254  0.0254  0.0252  0.0252  0.0251  0.0251
  0.0289  0.0280  0.0285  0.0290  0.0306  0.0325  0.0265  0.0267  0.0259  0.0260  0.0254  0.0257
  0.0310  0.0293  0.0299  0.0319  0.0334  0.0377  0.0280  0.0289  0.0268  0.0274  0.0260  0.0266
niter,ni,del,rscale     7    3    5.0000    1.2000
parameters
   -3.4352  -10.7882   12.1332   -6.8434   -9.6959  -10.8237
    1.6678   -1.8294    0.8289   11.1079    0.9955   -7.7202
eta,q 0.97524 12.34670
  0.0281  0.0281  0.0254  0.0265  0.0283  0.0270  0.0274  0.0287  0.0266  0.0273  0.0258  0.0264
  0.0264  0.0265  0.0249  0.0253  0.0264  0.0256  0.0261  0.0266  0.0256  0.0260  0.0253  0.0255
  0.0253  0.0255  0.0247  0.0247  0.0251  0.0250  0.0252  0.0253  0.0250  0.0252  0.0250  0.0249
  0.0250  0.0250  0.0249  0.0247  0.0247  0.0247  0.0248  0.0248  0.0248  0.0248  0.0248  0.0248
  0.0254  0.0251  0.0256  0.0250  0.0251  0.0255  0.0251  0.0253  0.0250  0.0250  0.0249  0.0251
  0.0266  0.0257  0.0265  0.0255  0.0263  0.0278  0.0260  0.0267  0.0257  0.0257  0.0252  0.0258
  0.0284  0.0269  0.0278  0.0267  0.0285  0.0314  0.0274  0.0288  0.0266  0.0269  0.0258  0.0268
niter,ni,del,rscale     6    3    5.0000    1.2000
parameters
   -3.4456  -10.5542   11.5860   -6.9467   -9.7493  -11.5373
    1.7883   -1.8870    0.7366   11.6804    0.9853   -8.2311
eta,q 0.97537 12.30390
  0.0281  0.0277  0.0257  0.0266  0.0281  0.0278  0.0273  0.0286  0.0264  0.0273  0.0257  0.0263
  0.0262  0.0263  0.0249  0.0253  0.0263  0.0260  0.0260  0.0264  0.0255  0.0260  0.0252  0.0254
  0.0251  0.0252  0.0246  0.0246  0.0251  0.0250  0.0251  0.0251  0.0249  0.0251  0.0248  0.0248
  0.0248  0.0248  0.0247  0.0246  0.0246  0.0246  0.0247  0.0247  0.0247  0.0247  0.0247  0.0247
  0.0252  0.0249  0.0252  0.0249  0.0250  0.0249  0.0249  0.0252  0.0249  0.0248  0.0248  0.0250
  0.0263  0.0256  0.0260  0.0255  0.0262  0.0266  0.0258  0.0266  0.0256  0.0255  0.0252  0.0257
  0.0281  0.0268  0.0270  0.0265  0.0283  0.0296  0.0272  0.0287  0.0265  0.0266  0.0258  0.0267
niter,ni,del,rscale     5    3    5.0000    1.2000
parameters
   -3.4635  -10.3758   11.3498   -6.9867   -9.8902  -11.8055
    1.8869   -1.9312    0.7063   12.1359    0.9532   -8.5101
eta,q 0.97541 12.28540
  0.0279  0.0275  0.0260  0.0266  0.0280  0.0281  0.0272  0.0285  0.0264  0.0271  0.0257  0.0264
  0.0261  0.0260  0.0251  0.0253  0.0262  0.0262  0.0259  0.0264  0.0254  0.0258  0.0252  0.0254
  0.0250  0.0251  0.0246  0.0246  0.0250  0.0251  0.0250  0.0251  0.0248  0.0250  0.0248  0.0248
  0.0246  0.0246  0.0246  0.0246  0.0246  0.0246  0.0246  0.0246  0.0246  0.0246  0.0246  0.0246
  0.0251  0.0248  0.0250  0.0249  0.0250  0.0247  0.0249  0.0251  0.0248  0.0248  0.0247  0.0249
  0.0262  0.0255  0.0257  0.0255  0.0262  0.0262  0.0258  0.0265  0.0255  0.0255  0.0251  0.0256
  0.0280  0.0268  0.0266  0.0265  0.0283  0.0290  0.0272  0.0286  0.0264  0.0266  0.0258  0.0266
niter,ni,del,rscale     4    3    5.0000    1.2000
parameters
   -3.4804  -10.2547   11.2278   -7.0082  -10.0104  -11.9526
    1.9497   -1.9589    0.6964   12.4408    0.9294   -8.6726
eta,q 0.97541 12.27398
  0.0279  0.0273  0.0262  0.0266  0.0280  0.0282  0.0272  0.0285  0.0264  0.0270  0.0257  0.0264
  0.0260  0.0259  0.0252  0.0253  0.0262  0.0263  0.0259  0.0264  0.0254  0.0257  0.0252  0.0255
  0.0249  0.0250  0.0247  0.0246  0.0250  0.0251  0.0249  0.0250  0.0248  0.0249  0.0248  0.0248
  0.0246  0.0246  0.0246  0.0246  0.0246  0.0246  0.0246  0.0246  0.0246  0.0246  0.0246  0.0246
  0.0250  0.0248  0.0249  0.0249  0.0250  0.0247  0.0249  0.0251  0.0248  0.0248  0.0247  0.0249
  0.0261  0.0256  0.0255  0.0255  0.0261  0.0261  0.0258  0.0264  0.0254  0.0255  0.0252  0.0256
  0.0279  0.0268  0.0264  0.0265  0.0283  0.0289  0.0272  0.0285  0.0264  0.0266  0.0258  0.0266
niter,ni,del,rscale     3    3    5.0000    1.2000
parameters
   -3.4910  -10.1754   11.1547   -7.0210  -10.1036  -12.0450
    1.9843   -1.9759    0.6905   12.6454    0.9133   -8.7716
eta,q 0.97541 12.26596
  0.0279  0.0272  0.0263  0.0266  0.0280  0.0282  0.0272  0.0285  0.0264  0.0269  0.0257  0.0265
  0.0260  0.0258  0.0253  0.0253  0.0262  0.0263  0.0259  0.0263  0.0254  0.0257  0.0252  0.0255
  0.0249  0.0249  0.0247  0.0246  0.0250  0.0251  0.0249  0.0250  0.0248  0.0249  0.0248  0.0248
  0.0246  0.0246  0.0246  0.0246  0.0246  0.0246  0.0246  0.0246  0.0246  0.0246  0.0246  0.0246
  0.0250  0.0248  0.0249  0.0249  0.0250  0.0247  0.0249  0.0250  0.0248  0.0248  0.0247  0.0249
  0.0261  0.0256  0.0255  0.0255  0.0261  0.0261  0.0258  0.0264  0.0254  0.0255  0.0252  0.0256
  0.0279  0.0269  0.0264  0.0265  0.0282  0.0288  0.0272  0.0285  0.0264  0.0266  0.0258  0.0265
niter,ni,del,rscale     2    3    5.0000    1.2000
parameters
   -3.4978  -10.1211   11.1077   -7.0288  -10.1721  -12.1080
    2.0071   -1.9877    0.6887   12.7851    0.9087   -8.8303
eta,q 0.97541 12.26029
  0.0279  0.0272  0.0263  0.0267  0.0280  0.0282  0.0272  0.0285  0.0264  0.0268  0.0257  0.0265
  0.0260  0.0258  0.0253  0.0253  0.0262  0.0263  0.0259  0.0263  0.0254  0.0257  0.0252  0.0255
  0.0249  0.0249  0.0247  0.0246  0.0251  0.0251  0.0249  0.0250  0.0248  0.0249  0.0248  0.0248
  0.0246  0.0246  0.0246  0.0246  0.0246  0.0246  0.0246  0.0246  0.0246  0.0246  0.0246  0.0246
  0.0250  0.0249  0.0249  0.0249  0.0250  0.0247  0.0249  0.0250  0.0248  0.0248  0.0247  0.0249
  0.0261  0.0257  0.0255  0.0255  0.0261  0.0260  0.0258  0.0264  0.0254  0.0256  0.0252  0.0256
  0.0279  0.0269  0.0263  0.0265  0.0282  0.0288  0.0272  0.0285  0.0264  0.0267  0.0258  0.0265
niter,ni,del,rscale     1    3    5.0000    1.2000
parameters
   -3.5033  -10.0855   11.0747   -7.0387  -10.2222  -12.1566
    2.0250   -1.9947    0.6866   12.8781    0.9115   -8.8731
eta,q 0.97541 12.25554
  0.0279  0.0271  0.0263  0.0267  0.0280  0.0282  0.0272  0.0285  0.0264  0.0268  0.0258  0.0265
  0.0260  0.0257  0.0253  0.0253  0.0262  0.0264  0.0259  0.0263  0.0254  0.0256  0.0252  0.0255
  0.0249  0.0249  0.0247  0.0246  0.0251  0.0251  0.0249  0.0250  0.0248  0.0249  0.0248  0.0249
  0.0246  0.0246  0.0246  0.0246  0.0246  0.0246  0.0246  0.0246  0.0246  0.0246  0.0246  0.0246
  0.0250  0.0249  0.0249  0.0249  0.0250  0.0247  0.0249  0.0250  0.0248  0.0248  0.0247  0.0249
  0.0261  0.0257  0.0255  0.0255  0.0261  0.0260  0.0258  0.0264  0.0254  0.0256  0.0252  0.0256
  0.0279  0.0269  0.0263  0.0265  0.0282  0.0287  0.0272  0.0284  0.0264  0.0267  0.0258  0.0265
registration optimization eta report
parameter search radius
    2.4000    2.4000    2.4000    8.2800    9.5220    8.2800
    7.2000    7.2000    7.2000    7.2000    7.2000    8.2800
100000*second partial in parameter space
       57.       42.       30.        3.        4.        6.
        5.        7.        3.        4.        2.        3.
  0.0279  0.0271  0.0263  0.0267  0.0280  0.0282  0.0272  0.0285  0.0264  0.0268  0.0258  0.0265
  0.0260  0.0257  0.0253  0.0253  0.0262  0.0264  0.0259  0.0263  0.0254  0.0256  0.0252  0.0255
  0.0249  0.0249  0.0247  0.0246  0.0251  0.0251  0.0249  0.0250  0.0248  0.0249  0.0248  0.0249
  0.0246  0.0246  0.0246  0.0246  0.0246  0.0246  0.0246  0.0246  0.0246  0.0246  0.0246  0.0246
  0.0250  0.0249  0.0249  0.0249  0.0250  0.0247  0.0249  0.0250  0.0248  0.0248  0.0247  0.0249
  0.0261  0.0257  0.0255  0.0255  0.0261  0.0260  0.0258  0.0264  0.0254  0.0256  0.0252  0.0256
  0.0279  0.0269  0.0263  0.0265  0.0282  0.0287  0.0272  0.0284  0.0264  0.0267  0.0258  0.0265
   -3.5033  -10.0855   11.0747   -7.0387  -10.2222  -12.1566
    2.0250   -1.9947    0.6866   12.8781    0.9115   -8.8731
eta,q 0.97541 12.25554

---------------------------------------------------------------------
imgreg_4dfp /opt/freesurfer/average/711-2C_as_mni_average_305 /opt/freesurfer/average/711-2B_as_mni_average_305_mask talsrcimg_g11 none talsrcimg_to_711-2C_as_mni_average_305_t4 2311
---------------------------------------------------------------------

freesurfer imgreg_4dfp.c
/opt/freesurfer/average/711-2C_as_mni_average_305.4dfp.img
       256       256       256         1
  1.000000  1.000000  1.000000
orientation T byte_order littleendian
Reading image: /opt/freesurfer/average/711-2C_as_mni_average_305.4dfp.img
dimensions:      256       256       256
mmppix:       1.0000   -1.0000   -1.0000
center:     128.0000 -129.0000 -129.0000
/opt/freesurfer/average/711-2B_as_mni_average_305_mask.4dfp.img
       256       256       256         1
  1.000000  1.000000  1.000000
orientation T byte_order littleendian
Reading mask: /opt/freesurfer/average/711-2B_as_mni_average_305_mask.4dfp.img (2306576 pixels)
talsrcimg_g11.4dfp.img
       256       256       256         1
  0.898437  0.898437  0.898437
orientation T byte_order littleendian
Reading image: talsrcimg_g11.4dfp.img
dimensions:      256       256       256
mmppix:       0.8984   -0.8984   -0.8984
center:     114.9999 -115.8984 -115.8984
fimgreg.f
image alignment mode   2311 decimal      907 hex
parameters
   -3.5033  -10.0855   11.0747   -7.0387  -10.2222  -12.1566
    2.0250   -1.9947    0.6866   12.8781    0.9115   -8.8731
eta,q 0.97541 12.25555
niter,ni,del,rscale     5    3    5.0000    0.8000
parameters
   -3.5199  -10.0832   10.9973   -7.5891   -9.9968  -11.6225
    2.0667   -1.9841    0.5829   12.9470    1.0603   -8.9490
eta,q 0.97550 12.26868
  0.0261  0.0257  0.0253  0.0251  0.0256  0.0259  0.0258  0.0263  0.0253  0.0256  0.0251  0.0253
  0.0252  0.0251  0.0249  0.0247  0.0251  0.0252  0.0251  0.0253  0.0249  0.0250  0.0248  0.0249
  0.0247  0.0247  0.0246  0.0245  0.0247  0.0248  0.0247  0.0247  0.0246  0.0246  0.0246  0.0246
  0.0246  0.0246  0.0246  0.0246  0.0246  0.0246  0.0245  0.0245  0.0245  0.0245  0.0245  0.0245
  0.0248  0.0247  0.0247  0.0247  0.0246  0.0245  0.0246  0.0247  0.0246  0.0246  0.0246  0.0246
  0.0253  0.0251  0.0250  0.0250  0.0249  0.0248  0.0251  0.0253  0.0249  0.0250  0.0247  0.0249
  0.0261  0.0257  0.0255  0.0253  0.0254  0.0255  0.0257  0.0263  0.0254  0.0255  0.0251  0.0253
niter,ni,del,rscale     4    3    5.0000    0.7000
parameters
   -3.5383  -10.0947   11.0772   -7.6520   -9.9922  -11.4352
    2.0766   -2.0025    0.5520   12.9109    1.1416   -8.9107
eta,q 0.97552 12.27561
  0.0256  0.0254  0.0252  0.0250  0.0252  0.0254  0.0255  0.0259  0.0251  0.0253  0.0250  0.0251
  0.0250  0.0249  0.0248  0.0247  0.0248  0.0250  0.0249  0.0251  0.0248  0.0248  0.0247  0.0248
  0.0246  0.0246  0.0246  0.0245  0.0246  0.0247  0.0246  0.0247  0.0246  0.0246  0.0246  0.0246
  0.0245  0.0245  0.0245  0.0245  0.0245  0.0245  0.0245  0.0245  0.0245  0.0245  0.0245  0.0245
  0.0246  0.0246  0.0246  0.0246  0.0246  0.0245  0.0246  0.0246  0.0246  0.0246  0.0245  0.0246
  0.0251  0.0249  0.0248  0.0248  0.0248  0.0248  0.0249  0.0251  0.0248  0.0249  0.0247  0.0248
  0.0257  0.0254  0.0251  0.0250  0.0252  0.0254  0.0255  0.0259  0.0251  0.0253  0.0249  0.0251
niter,ni,del,rscale     3    3    5.0000    0.6000
parameters
   -3.5429  -10.1218   11.1195   -7.7726   -9.9940  -11.2487
    2.0591   -1.9868    0.5289   12.8457    1.1925   -8.9064
eta,q 0.97553 12.27820
  0.0253  0.0251  0.0250  0.0248  0.0250  0.0252  0.0252  0.0255  0.0249  0.0250  0.0248  0.0249
  0.0249  0.0247  0.0247  0.0246  0.0247  0.0249  0.0248  0.0249  0.0247  0.0247  0.0246  0.0247
  0.0246  0.0245  0.0245  0.0245  0.0245  0.0246  0.0245  0.0246  0.0245  0.0245  0.0245  0.0245
  0.0245  0.0245  0.0245  0.0245  0.0245  0.0245  0.0245  0.0245  0.0245  0.0245  0.0245  0.0245
  0.0246  0.0246  0.0245  0.0246  0.0246  0.0245  0.0246  0.0246  0.0245  0.0246  0.0245  0.0245
  0.0249  0.0248  0.0247  0.0247  0.0247  0.0247  0.0248  0.0249  0.0247  0.0248  0.0246  0.0247
  0.0253  0.0252  0.0249  0.0248  0.0250  0.0251  0.0252  0.0255  0.0250  0.0251  0.0248  0.0249
niter,ni,del,rscale     2    3    5.0000    0.5000
parameters
   -3.5469  -10.1501   11.1673   -7.9300   -9.9982  -11.0582
    2.0351   -1.9702    0.5182   12.7924    1.2359   -8.8943
eta,q 0.97555 12.27857
  0.0251  0.0249  0.0248  0.0247  0.0249  0.0250  0.0250  0.0252  0.0248  0.0249  0.0247  0.0248
  0.0247  0.0247  0.0246  0.0245  0.0246  0.0248  0.0247  0.0248  0.0246  0.0246  0.0246  0.0246
  0.0245  0.0245  0.0245  0.0245  0.0245  0.0246  0.0245  0.0245  0.0245  0.0245  0.0245  0.0245
  0.0245  0.0245  0.0245  0.0245  0.0245  0.0245  0.0245  0.0245  0.0245  0.0245  0.0245  0.0245
  0.0245  0.0245  0.0245  0.0245  0.0245  0.0245  0.0245  0.0245  0.0245  0.0245  0.0245  0.0245
  0.0247  0.0247  0.0246  0.0246  0.0247  0.0246  0.0247  0.0248  0.0246  0.0247  0.0246  0.0246
  0.0251  0.0249  0.0248  0.0247  0.0248  0.0249  0.0250  0.0252  0.0248  0.0249  0.0247  0.0248
niter,ni,del,rscale     1    3    5.0000    0.4000
parameters
   -3.5455  -10.1716   11.2175   -8.0566  -10.0192  -10.8696
    2.0019   -1.9381    0.5120   12.7539    1.2869   -8.8922
eta,q 0.97556 12.28001
  0.0248  0.0247  0.0247  0.0246  0.0247  0.0248  0.0248  0.0249  0.0247  0.0247  0.0246  0.0247
  0.0246  0.0246  0.0246  0.0245  0.0246  0.0247  0.0246  0.0247  0.0245  0.0246  0.0245  0.0245
  0.0245  0.0245  0.0245  0.0245  0.0245  0.0245  0.0245  0.0245  0.0245  0.0245  0.0245  0.0245
  0.0245  0.0245  0.0245  0.0245  0.0244  0.0245  0.0244  0.0244  0.0244  0.0244  0.0244  0.0244
  0.0245  0.0245  0.0245  0.0245  0.0245  0.0245  0.0245  0.0245  0.0245  0.0245  0.0245  0.0245
  0.0246  0.0246  0.0245  0.0245  0.0246  0.0245  0.0246  0.0246  0.0245  0.0246  0.0245  0.0245
  0.0248  0.0248  0.0246  0.0246  0.0247  0.0247  0.0248  0.0249  0.0247  0.0247  0.0246  0.0247
registration optimization eta report
parameter search radius
    0.8000    0.8000    0.8000    2.4000    2.4000    2.4000
    2.4000    2.4000    2.4000    2.4000    2.4000    2.4000
100000*second partial in parameter space
       62.       45.       35.        3.        5.        5.
        6.        8.        4.        5.        3.        4.
  0.0248  0.0247  0.0247  0.0246  0.0247  0.0248  0.0248  0.0249  0.0247  0.0247  0.0246  0.0247
  0.0246  0.0246  0.0246  0.0245  0.0246  0.0247  0.0246  0.0247  0.0245  0.0246  0.0245  0.0245
  0.0245  0.0245  0.0245  0.0245  0.0245  0.0245  0.0245  0.0245  0.0245  0.0245  0.0245  0.0245
  0.0245  0.0245  0.0245  0.0245  0.0244  0.0245  0.0244  0.0244  0.0244  0.0244  0.0244  0.0244
  0.0245  0.0245  0.0245  0.0245  0.0245  0.0245  0.0245  0.0245  0.0245  0.0245  0.0245  0.0245
  0.0246  0.0246  0.0245  0.0245  0.0246  0.0245  0.0246  0.0246  0.0245  0.0246  0.0245  0.0245
  0.0248  0.0248  0.0246  0.0246  0.0247  0.0247  0.0248  0.0249  0.0247  0.0247  0.0246  0.0247
   -3.5455  -10.1716   11.2175   -8.0566  -10.0192  -10.8696
    2.0019   -1.9381    0.5120   12.7539    1.2869   -8.8922
eta,q 0.97556 12.28001

---------------------------------------------------------------------
imgreg_4dfp /opt/freesurfer/average/711-2C_as_mni_average_305 /opt/freesurfer/average/711-2B_as_mni_average_305_mask talsrcimg_g11 none talsrcimg_to_711-2C_as_mni_average_305_t4 2311
---------------------------------------------------------------------

freesurfer imgreg_4dfp.c
/opt/freesurfer/average/711-2C_as_mni_average_305.4dfp.img
       256       256       256         1
  1.000000  1.000000  1.000000
orientation T byte_order littleendian
Reading image: /opt/freesurfer/average/711-2C_as_mni_average_305.4dfp.img
dimensions:      256       256       256
mmppix:       1.0000   -1.0000   -1.0000
center:     128.0000 -129.0000 -129.0000
/opt/freesurfer/average/711-2B_as_mni_average_305_mask.4dfp.img
       256       256       256         1
  1.000000  1.000000  1.000000
orientation T byte_order littleendian
Reading mask: /opt/freesurfer/average/711-2B_as_mni_average_305_mask.4dfp.img (2306576 pixels)
talsrcimg_g11.4dfp.img
       256       256       256         1
  0.898437  0.898437  0.898437
orientation T byte_order littleendian
Reading image: talsrcimg_g11.4dfp.img
dimensions:      256       256       256
mmppix:       0.8984   -0.8984   -0.8984
center:     114.9999 -115.8984 -115.8984
fimgreg.f
image alignment mode   2311 decimal      907 hex
parameters
   -3.5455  -10.1716   11.2175   -8.0566  -10.0192  -10.8696
    2.0019   -1.9381    0.5120   12.7539    1.2869   -8.8922
eta,q 0.97556 12.28002
niter,ni,del,rscale     5    3    5.0000    0.8000
parameters
   -3.5304  -10.1745   11.3030   -7.5376   -9.9295  -11.2640
    2.0568   -2.0105    0.5068   12.6576    1.1992   -8.7428
eta,q 0.97552 12.29160
  0.0260  0.0256  0.0254  0.0253  0.0254  0.0255  0.0258  0.0263  0.0253  0.0255  0.0251  0.0253
  0.0251  0.0249  0.0249  0.0248  0.0249  0.0250  0.0251  0.0253  0.0249  0.0249  0.0248  0.0249
  0.0246  0.0246  0.0246  0.0245  0.0246  0.0247  0.0246  0.0247  0.0246  0.0246  0.0246  0.0246
  0.0244  0.0244  0.0244  0.0244  0.0245  0.0245  0.0245  0.0245  0.0245  0.0245  0.0245  0.0245
  0.0246  0.0246  0.0245  0.0245  0.0246  0.0246  0.0246  0.0247  0.0246  0.0246  0.0246  0.0246
  0.0251  0.0250  0.0248  0.0247  0.0249  0.0251  0.0250  0.0253  0.0249  0.0250  0.0248  0.0248
  0.0260  0.0256  0.0252  0.0249  0.0254  0.0261  0.0257  0.0264  0.0253  0.0255  0.0251  0.0252
niter,ni,del,rscale     4    3    5.0000    0.7000
parameters
   -3.5313  -10.1933   11.2041   -7.6405   -9.9218  -11.2759
    2.0510   -1.9939    0.5274   12.6511    1.2116   -8.7727
eta,q 0.97553 12.28499
  0.0257  0.0253  0.0251  0.0250  0.0252  0.0254  0.0255  0.0259  0.0251  0.0253  0.0249  0.0251
  0.0250  0.0249  0.0247  0.0246  0.0248  0.0249  0.0249  0.0251  0.0248  0.0248  0.0247  0.0247
  0.0246  0.0246  0.0245  0.0245  0.0246  0.0247  0.0246  0.0247  0.0246  0.0246  0.0245  0.0245
  0.0245  0.0245  0.0245  0.0245  0.0245  0.0245  0.0245  0.0245  0.0245  0.0245  0.0245  0.0245
  0.0246  0.0246  0.0246  0.0246  0.0246  0.0245  0.0246  0.0246  0.0245  0.0246  0.0245  0.0246
  0.0250  0.0249  0.0248  0.0247  0.0248  0.0248  0.0249  0.0251  0.0248  0.0249  0.0247  0.0248
  0.0256  0.0254  0.0252  0.0249  0.0252  0.0255  0.0255  0.0259  0.0251  0.0253  0.0249  0.0251
niter,ni,del,rscale     3    3    5.0000    0.6000
parameters
   -3.5373  -10.1891   11.1914   -7.7733   -9.9381  -11.1660
    2.0452   -1.9765    0.5174   12.6852    1.2441   -8.8283
eta,q 0.97554 12.28326
  0.0253  0.0251  0.0250  0.0248  0.0250  0.0252  0.0252  0.0255  0.0249  0.0251  0.0248  0.0249
  0.0249  0.0248  0.0247  0.0246  0.0247  0.0248  0.0248  0.0249  0.0247  0.0247  0.0246  0.0247
  0.0246  0.0246  0.0245  0.0245  0.0245  0.0246  0.0245  0.0246  0.0245  0.0245  0.0245  0.0245
  0.0245  0.0245  0.0245  0.0245  0.0245  0.0245  0.0245  0.0245  0.0245  0.0245  0.0245  0.0245
  0.0246  0.0245  0.0245  0.0246  0.0245  0.0245  0.0246  0.0246  0.0245  0.0245  0.0245  0.0245
  0.0249  0.0248  0.0247  0.0247  0.0247  0.0247  0.0248  0.0249  0.0247  0.0247  0.0246  0.0247
  0.0253  0.0251  0.0250  0.0248  0.0250  0.0252  0.0252  0.0255  0.0250  0.0250  0.0248  0.0249
niter,ni,del,rscale     2    3    5.0000    0.5000
parameters
   -3.5394  -10.1879   11.2086   -7.9162   -9.9676  -11.0054
    2.0117   -1.9625    0.5134   12.6958    1.2751   -8.8524
eta,q 0.97555 12.28256
  0.0251  0.0249  0.0248  0.0247  0.0249  0.0250  0.0250  0.0252  0.0248  0.0249  0.0247  0.0248
  0.0247  0.0247  0.0246  0.0245  0.0246  0.0247  0.0247  0.0248  0.0246  0.0246  0.0246  0.0246
  0.0245  0.0245  0.0245  0.0245  0.0245  0.0246  0.0245  0.0245  0.0245  0.0245  0.0245  0.0245
  0.0245  0.0245  0.0245  0.0245  0.0245  0.0245  0.0245  0.0245  0.0245  0.0245  0.0245  0.0244
  0.0245  0.0245  0.0245  0.0245  0.0245  0.0245  0.0245  0.0245  0.0245  0.0245  0.0245  0.0245
  0.0247  0.0247  0.0246  0.0246  0.0247  0.0246  0.0247  0.0248  0.0246  0.0246  0.0246  0.0246
  0.0251  0.0249  0.0248  0.0247  0.0249  0.0249  0.0250  0.0252  0.0248  0.0249  0.0247  0.0248
niter,ni,del,rscale     1    3    5.0000    0.4000
parameters
   -3.5409  -10.1975   11.2477   -8.0501  -10.0070  -10.8307
    1.9828   -1.9365    0.4990   12.6866    1.3203   -8.8698
eta,q 0.97556 12.28221
  0.0248  0.0247  0.0247  0.0246  0.0247  0.0248  0.0248  0.0249  0.0247  0.0247  0.0246  0.0247
  0.0246  0.0246  0.0246  0.0245  0.0246  0.0246  0.0246  0.0247  0.0245  0.0246  0.0245  0.0245
  0.0245  0.0245  0.0245  0.0245  0.0245  0.0245  0.0245  0.0245  0.0245  0.0245  0.0245  0.0245
  0.0244  0.0245  0.0244  0.0245  0.0245  0.0245  0.0244  0.0244  0.0244  0.0244  0.0244  0.0244
  0.0245  0.0245  0.0245  0.0245  0.0245  0.0245  0.0245  0.0245  0.0245  0.0245  0.0245  0.0245
  0.0246  0.0246  0.0245  0.0245  0.0246  0.0245  0.0246  0.0246  0.0245  0.0246  0.0245  0.0245
  0.0248  0.0247  0.0246  0.0246  0.0247  0.0247  0.0248  0.0249  0.0247  0.0247  0.0246  0.0247
registration optimization eta report
parameter search radius
    0.8000    0.8000    0.8000    2.4000    2.4000    2.4000
    2.4000    2.4000    2.4000    2.4000    2.4000    2.4000
100000*second partial in parameter space
       62.       45.       35.        3.        4.        6.
        6.        8.        4.        5.        3.        4.
  0.0248  0.0247  0.0247  0.0246  0.0247  0.0248  0.0248  0.0249  0.0247  0.0247  0.0246  0.0247
  0.0246  0.0246  0.0246  0.0245  0.0246  0.0246  0.0246  0.0247  0.0245  0.0246  0.0245  0.0245
  0.0245  0.0245  0.0245  0.0245  0.0245  0.0245  0.0245  0.0245  0.0245  0.0245  0.0245  0.0245
  0.0244  0.0245  0.0244  0.0245  0.0245  0.0245  0.0244  0.0244  0.0244  0.0244  0.0244  0.0244
  0.0245  0.0245  0.0245  0.0245  0.0245  0.0245  0.0245  0.0245  0.0245  0.0245  0.0245  0.0245
  0.0246  0.0246  0.0245  0.0245  0.0246  0.0245  0.0246  0.0246  0.0245  0.0246  0.0245  0.0245
  0.0248  0.0247  0.0246  0.0246  0.0247  0.0247  0.0248  0.0249  0.0247  0.0247  0.0246  0.0247
   -3.5409  -10.1975   11.2477   -8.0501  -10.0070  -10.8307
    1.9828   -1.9365    0.4990   12.6866    1.3203   -8.8698
eta,q 0.97556 12.28221

---------------------------------------------------------------------
compute_vox2vox talsrcimg talsrcimg_to_711-2C_as_mni_average_305_t4 /opt/freesurfer/average/711-2C_as_mni_average_305
---------------------------------------------------------------------

freesurfer compute_vox2vox.c
Reading: talsrcimg.4dfp.ifh
Reading: talsrcimg_to_711-2C_as_mni_average_305_t4
Reading: /opt/freesurfer/average/711-2C_as_mni_average_305.4dfp.ifh
Writing: talsrcimg_to_711-2C_as_mni_average_305_t4_vox2vox.txt

start time Wed Mar 11 04:59:30 CET 2026
end		time Wed Mar 11 05:01:00 CET 2026

mpr2mni305 success

avi2talxfm orig_nu.mgz /opt/freesurfer/average/mni305.cor.mgz talsrcimg_to_711-2C_as_mni_average_305_t4_vox2vox.txt transforms/talairach.auto.xfm
avi2talxfm done
mv -f /out/sourcedata/freesurfer/sub-v2s13x29132_ses-1/mri/talsrcimg_to_711-2C_as_mni_average_305_t4_vox2vox.txt /out/sourcedata/freesurfer/sub-v2s13x29132_ses-1/mri/transforms/talsrcimg_to_711-2C_as_mni_average_305_t4_vox2vox.txt
lta_convert --src orig_nu.mgz --trg /opt/freesurfer/average/mni305.cor.mgz --inxfm transforms/talairach.auto.xfm --outlta transforms/talairach.auto.xfm.lta --subject fsaverage
7.3.2

--src: orig_nu.mgz src image (geometry).
--trg: /opt/freesurfer/average/mni305.cor.mgz trg image (geometry).
--inmni: transforms/talairach.auto.xfm input MNI/XFM transform.
--outlta: transforms/talairach.auto.xfm.lta output LTA.
--s: fsaverage subject name
 LTA read, type : 1
 1.08728   0.02665  -0.02133   1.78696;
-0.01647   1.10555   0.10933  -6.62688;
-0.00371  -0.15600   1.09590  -37.13046;
 0.00000   0.00000   0.00000   1.00000;
setting subject to fsaverage
Writing  LTA to file transforms/talairach.auto.xfm.lta...
lta_convert successful.
 
 
Started at Wed Mar 11 04:59:30 CET 2026
Ended   at Wed Mar 11 05:01:01 CET 2026
talairach_avi done
