status file for recon-all
Wed Mar 11 06:10:13 CET 2026
#@# Tessellate rh Wed Mar 11 06:10:13 CET 2026
#@# Smooth1 rh Wed Mar 11 06:10:18 CET 2026
#@# Inflation1 rh Wed Mar 11 06:10:21 CET 2026
#@# QSphere rh Wed Mar 11 06:11:46 CET 2026
#@# Fix Topology rh Wed Mar 11 06:13:34 CET 2026
#@# Smooth2 rh Wed Mar 11 06:21:00 CET 2026
#@# Inflation2 rh Wed Mar 11 06:21:04 CET 2026
#@# Curv .H and .K rh Wed Mar 11 06:21:34 CET 2026
#@# Sphere rh Wed Mar 11 06:22:37 CET 2026
#@# Surf Reg rh Wed Mar 11 06:27:23 CET 2026
#@# Jacobian white rh Wed Mar 11 06:32:42 CET 2026
#@# AvgCurv rh Wed Mar 11 06:32:43 CET 2026
#@# Cortical Parc rh Wed Mar 11 06:32:45 CET 2026
#@# white curv rh Wed Mar 11 06:41:54 CET 2026
#@# white area rh Wed Mar 11 06:41:56 CET 2026
#@# pial curv rh Wed Mar 11 06:41:57 CET 2026
#@# pial area rh Wed Mar 11 06:42:00 CET 2026
#@# thickness rh Wed Mar 11 06:42:01 CET 2026
#@# area and vertex vol rh Wed Mar 11 06:42:45 CET 2026
#@# Curvature Stats rh Wed Mar 11 06:42:47 CET 2026
#@# Cortical Parc 2 rh Wed Mar 11 06:42:51 CET 2026
#@# Cortical Parc 3 rh Wed Mar 11 06:43:09 CET 2026
#@# WM/GM Contrast rh Wed Mar 11 06:43:23 CET 2026
recon-all -s sub-v2s13x29104_ses-1 finished without error at Wed Mar 11 06:43:29 CET 2026



#New# invocation of recon-all 



status file for recon-all
Wed Mar 11 06:55:14 CET 2026
#@# white curv rh Wed Mar 11 06:55:14 CET 2026
#@# white area rh Wed Mar 11 06:55:14 CET 2026
#@# pial curv rh Wed Mar 11 06:55:14 CET 2026
#@# pial area rh Wed Mar 11 06:55:14 CET 2026
#@# thickness rh Wed Mar 11 06:55:14 CET 2026
#@# area and vertex vol rh Wed Mar 11 06:55:14 CET 2026
#@# Parcellation Stats rh Wed Mar 11 06:55:14 CET 2026
#@# Parcellation Stats 2 rh Wed Mar 11 06:55:44 CET 2026
#@# Parcellation Stats 3 rh Wed Mar 11 06:55:59 CET 2026
#@# BA_exvivo Labels rh Wed Mar 11 06:56:13 CET 2026
recon-all -s sub-v2s13x29104_ses-1 finished without error at Wed Mar 11 06:59:50 CET 2026
