status file for recon-all
Wed Mar 11 03:26:00 CET 2026
#@# MotionCor Wed Mar 11 03:26:02 CET 2026
#@# Talairach Wed Mar 11 03:26:13 CET 2026
#@# Talairach Failure Detection Wed Mar 11 03:30:39 CET 2026
#@# Nu Intensity Correction Wed Mar 11 03:30:39 CET 2026
#@# Intensity Normalization Wed Mar 11 03:33:57 CET 2026
recon-all -s sub-v2s13x29104_ses-1 finished without error at Wed Mar 11 03:35:18 CET 2026



#New# invocation of recon-all 



status file for recon-all
Wed Mar 11 03:43:06 CET 2026
#@# EM Registration Wed Mar 11 03:43:06 CET 2026
recon-all -s sub-v2s13x29104_ses-1 finished without error at Wed Mar 11 03:45:27 CET 2026



#New# invocation of recon-all 



status file for recon-all
Wed Mar 11 03:45:31 CET 2026
#@# CA Normalize Wed Mar 11 03:45:31 CET 2026
#@# CA Reg Wed Mar 11 03:46:49 CET 2026
#@# SubCort Seg Wed Mar 11 04:36:01 CET 2026
#@# CC Seg Wed Mar 11 05:12:30 CET 2026
#@# Merge ASeg Wed Mar 11 05:13:07 CET 2026
#@# Intensity Normalization2 Wed Mar 11 05:13:07 CET 2026
#@# Mask BFS Wed Mar 11 05:15:17 CET 2026
#@# WM Segmentation Wed Mar 11 05:15:18 CET 2026
#@# Fill Wed Mar 11 05:17:28 CET 2026
recon-all -s sub-v2s13x29104_ses-1 finished without error at Wed Mar 11 05:18:39 CET 2026



#New# invocation of recon-all 



status file for recon-all
Wed Mar 11 06:43:34 CET 2026
#@# white curv lh Wed Mar 11 06:43:34 CET 2026
#@# white area lh Wed Mar 11 06:43:34 CET 2026
#@# pial curv lh Wed Mar 11 06:43:34 CET 2026
#@# pial area lh Wed Mar 11 06:43:34 CET 2026
#@# thickness lh Wed Mar 11 06:43:34 CET 2026
#@# area and vertex vol lh Wed Mar 11 06:43:34 CET 2026
#@# white curv rh Wed Mar 11 06:43:34 CET 2026
#@# white area rh Wed Mar 11 06:43:34 CET 2026
#@# pial curv rh Wed Mar 11 06:43:34 CET 2026
#@# pial area rh Wed Mar 11 06:43:34 CET 2026
#@# thickness rh Wed Mar 11 06:43:34 CET 2026
#@# area and vertex vol rh Wed Mar 11 06:43:34 CET 2026
#@# Cortical ribbon mask Wed Mar 11 06:43:34 CET 2026
recon-all -s sub-v2s13x29104_ses-1 finished without error at Wed Mar 11 06:50:21 CET 2026



#New# invocation of recon-all 



status file for recon-all
Wed Mar 11 06:59:56 CET 2026
#@# white curv lh Wed Mar 11 06:59:56 CET 2026
#@# white area lh Wed Mar 11 06:59:56 CET 2026
#@# pial curv lh Wed Mar 11 06:59:56 CET 2026
#@# pial area lh Wed Mar 11 06:59:56 CET 2026
#@# thickness lh Wed Mar 11 06:59:56 CET 2026
#@# area and vertex vol lh Wed Mar 11 06:59:56 CET 2026
#@# white curv rh Wed Mar 11 06:59:56 CET 2026
#@# white area rh Wed Mar 11 06:59:56 CET 2026
#@# pial curv rh Wed Mar 11 06:59:56 CET 2026
#@# pial area rh Wed Mar 11 06:59:56 CET 2026
#@# thickness rh Wed Mar 11 06:59:56 CET 2026
#@# area and vertex vol rh Wed Mar 11 06:59:56 CET 2026
#@# Curvature Stats lh Wed Mar 11 06:59:56 CET 2026
#@# Curvature Stats rh Wed Mar 11 06:59:59 CET 2026
#@# Relabel Hypointensities Wed Mar 11 07:00:03 CET 2026
#@# APas-to-ASeg Wed Mar 11 07:00:24 CET 2026
#@# AParc-to-ASeg aparc Wed Mar 11 07:00:37 CET 2026
#@# AParc-to-ASeg aparc.a2009s Wed Mar 11 07:01:23 CET 2026
#@# AParc-to-ASeg aparc.DKTatlas Wed Mar 11 07:02:09 CET 2026
#@# WMParc Wed Mar 11 07:02:56 CET 2026
#@# ASeg Stats Wed Mar 11 07:07:26 CET 2026
recon-all -s sub-v2s13x29104_ses-1 finished without error at Wed Mar 11 07:08:08 CET 2026
