status file for recon-all
Wed Mar 11 05:18:45 CET 2026
#@# Tessellate lh Wed Mar 11 05:18:45 CET 2026
#@# Smooth1 lh Wed Mar 11 05:18:50 CET 2026
#@# Inflation1 lh Wed Mar 11 05:18:53 CET 2026
#@# QSphere lh Wed Mar 11 05:20:17 CET 2026
#@# Fix Topology lh Wed Mar 11 05:21:58 CET 2026
#@# Smooth2 lh Wed Mar 11 05:35:06 CET 2026
#@# Inflation2 lh Wed Mar 11 05:35:10 CET 2026
#@# Curv .H and .K lh Wed Mar 11 05:35:44 CET 2026
#@# Sphere lh Wed Mar 11 05:36:47 CET 2026
#@# Surf Reg lh Wed Mar 11 05:45:36 CET 2026
#@# Jacobian white lh Wed Mar 11 05:54:26 CET 2026
#@# AvgCurv lh Wed Mar 11 05:54:27 CET 2026
#@# Cortical Parc lh Wed Mar 11 05:54:29 CET 2026
#@# white curv lh Wed Mar 11 06:08:33 CET 2026
#@# white area lh Wed Mar 11 06:08:35 CET 2026
#@# pial curv lh Wed Mar 11 06:08:37 CET 2026
#@# pial area lh Wed Mar 11 06:08:39 CET 2026
#@# thickness lh Wed Mar 11 06:08:40 CET 2026
#@# area and vertex vol lh Wed Mar 11 06:09:26 CET 2026
#@# Curvature Stats lh Wed Mar 11 06:09:28 CET 2026
#@# Cortical Parc 2 lh Wed Mar 11 06:09:31 CET 2026
#@# Cortical Parc 3 lh Wed Mar 11 06:09:51 CET 2026
#@# WM/GM Contrast lh Wed Mar 11 06:10:05 CET 2026
recon-all -s sub-v2s13x29104_ses-1 finished without error at Wed Mar 11 06:10:11 CET 2026



#New# invocation of recon-all 



status file for recon-all
Wed Mar 11 06:50:26 CET 2026
#@# white curv lh Wed Mar 11 06:50:26 CET 2026
#@# white area lh Wed Mar 11 06:50:26 CET 2026
#@# pial curv lh Wed Mar 11 06:50:26 CET 2026
#@# pial area lh Wed Mar 11 06:50:26 CET 2026
#@# thickness lh Wed Mar 11 06:50:26 CET 2026
#@# area and vertex vol lh Wed Mar 11 06:50:26 CET 2026
#@# Parcellation Stats lh Wed Mar 11 06:50:26 CET 2026
#@# Parcellation Stats 2 lh Wed Mar 11 06:50:56 CET 2026
#@# Parcellation Stats 3 lh Wed Mar 11 06:51:12 CET 2026
#@# BA_exvivo Labels lh Wed Mar 11 06:51:27 CET 2026
recon-all -s sub-v2s13x29104_ses-1 finished without error at Wed Mar 11 06:55:12 CET 2026
