Log file for defect2seg
Wed Mar 11 06:02:45 CET 2026

setenv SUBJECTS_DIR /out/sourcedata/freesurfer
cd /out/sourcedata/freesurfer/sub-v2s13x29108_ses-1/scripts
/opt/freesurfer/bin/defect2seg --s sub-v2s13x29108_ses-1 --rh-only --cortex

freesurfer-linux-ubuntu22_x86_64-7.3.2-20220804-6354275
defect2seg 7.3.2
Linux dna052 5.14.0-427.37.1.el9_4.x86_64 #1 SMP PREEMPT_DYNAMIC Fri Sep 13 12:41:50 EDT 2024 x86_64 x86_64 x86_64 GNU/Linux
pid 85938
mri_label2label --label-cortex /out/sourcedata/freesurfer/sub-v2s13x29108_ses-1/surf/rh.orig.nofix /out/sourcedata/freesurfer/sub-v2s13x29108_ses-1/mri/aseg.presurf.mgz 0 /out/sourcedata/freesurfer/sub-v2s13x29108_ses-1/label/rh.nofix.cortex.label

 Generating cortex label... RemoveHipAmgy=0
 NucAccIsMedialWall=0
 mris->useRealRAS=0
27 non-cortical segments detected
only using segment with 10092 vertices
erasing segment 0 (vno[0] = 48375)
erasing segment 1 (vno[0] = 49755)
erasing segment 2 (vno[0] = 52237)
erasing segment 3 (vno[0] = 56012)
erasing segment 5 (vno[0] = 80250)
erasing segment 6 (vno[0] = 80256)
erasing segment 7 (vno[0] = 81575)
erasing segment 8 (vno[0] = 97395)
erasing segment 9 (vno[0] = 107440)
erasing segment 10 (vno[0] = 124866)
erasing segment 11 (vno[0] = 126007)
erasing segment 12 (vno[0] = 128693)
erasing segment 13 (vno[0] = 129701)
erasing segment 14 (vno[0] = 129785)
erasing segment 15 (vno[0] = 129830)
erasing segment 16 (vno[0] = 130928)
erasing segment 17 (vno[0] = 131054)
erasing segment 18 (vno[0] = 132094)
erasing segment 19 (vno[0] = 132223)
erasing segment 20 (vno[0] = 133528)
erasing segment 21 (vno[0] = 137434)
erasing segment 22 (vno[0] = 139588)
erasing segment 23 (vno[0] = 140485)
erasing segment 24 (vno[0] = 142247)
erasing segment 25 (vno[0] = 154578)
erasing segment 26 (vno[0] = 155556)
mri_label2vol --defects /out/sourcedata/freesurfer/sub-v2s13x29108_ses-1/surf/rh.orig.nofix /out/sourcedata/freesurfer/sub-v2s13x29108_ses-1/surf/rh.defect_labels /out/sourcedata/freesurfer/sub-v2s13x29108_ses-1/mri/orig.mgz 2000 0 /out/sourcedata/freesurfer/sub-v2s13x29108_ses-1/mri/rh.surface.defects.mgz /out/sourcedata/freesurfer/sub-v2s13x29108_ses-1/label/rh.nofix.cortex.label
mri_label2vol supposed to be reproducible but seed not set
Contraining to label /out/sourcedata/freesurfer/sub-v2s13x29108_ses-1/label/rh.nofix.cortex.label
Changing input type 0 to MRI_INT
Converting defects to volume: offset=2000, merge=0
Writing to /out/sourcedata/freesurfer/sub-v2s13x29108_ses-1/mri/rh.surface.defects.mgz
mris_defects_pointset -s /out/sourcedata/freesurfer/sub-v2s13x29108_ses-1/surf/rh.orig.nofix -d /out/sourcedata/freesurfer/sub-v2s13x29108_ses-1/surf/rh.defect_labels -o /out/sourcedata/freesurfer/sub-v2s13x29108_ses-1/surf/rh.defects.pointset --label /out/sourcedata/freesurfer/sub-v2s13x29108_ses-1/label/rh.nofix.cortex.label
Reading in surface /out/sourcedata/freesurfer/sub-v2s13x29108_ses-1/surf/rh.orig.nofix
Reading in defect segmentation /out/sourcedata/freesurfer/sub-v2s13x29108_ses-1/surf/rh.defect_labels
Reading in label /out/sourcedata/freesurfer/sub-v2s13x29108_ses-1/label/rh.nofix.cortex.label
#VMPC# mris_defects_pointset 1335764
mris_defects_pointset done
 
Started at Wed Mar 11 06:02:45 CET 2026 
Ended   at Wed Mar 11 06:03:07 CET 2026
Defect2seg-Run-Time-Sec 22
Defect2seg-Run-Time-Min 0.44
Defect2seg-Run-Time-Hours 0.01
 
defect2seg Done
