status file for recon-all
Wed Mar 11 05:58:37 CET 2026
#@# Tessellate rh Wed Mar 11 05:58:37 CET 2026
#@# Smooth1 rh Wed Mar 11 05:58:41 CET 2026
#@# Inflation1 rh Wed Mar 11 05:58:45 CET 2026
#@# QSphere rh Wed Mar 11 05:59:56 CET 2026
#@# Fix Topology rh Wed Mar 11 06:01:07 CET 2026
#@# Smooth2 rh Wed Mar 11 06:09:16 CET 2026
#@# Inflation2 rh Wed Mar 11 06:09:20 CET 2026
#@# Curv .H and .K rh Wed Mar 11 06:10:00 CET 2026
#@# Sphere rh Wed Mar 11 06:11:04 CET 2026
#@# Surf Reg rh Wed Mar 11 06:15:08 CET 2026
#@# Jacobian white rh Wed Mar 11 06:20:37 CET 2026
#@# AvgCurv rh Wed Mar 11 06:20:39 CET 2026
#@# Cortical Parc rh Wed Mar 11 06:20:40 CET 2026
#@# white curv rh Wed Mar 11 06:28:53 CET 2026
#@# white area rh Wed Mar 11 06:28:55 CET 2026
#@# pial curv rh Wed Mar 11 06:28:56 CET 2026
#@# pial area rh Wed Mar 11 06:28:59 CET 2026
#@# thickness rh Wed Mar 11 06:28:59 CET 2026
#@# area and vertex vol rh Wed Mar 11 06:29:39 CET 2026
#@# Curvature Stats rh Wed Mar 11 06:29:41 CET 2026
#@# Cortical Parc 2 rh Wed Mar 11 06:29:44 CET 2026
#@# Cortical Parc 3 rh Wed Mar 11 06:30:01 CET 2026
#@# WM/GM Contrast rh Wed Mar 11 06:30:15 CET 2026
recon-all -s sub-v2s13x29108_ses-1 finished without error at Wed Mar 11 06:30:20 CET 2026



#New# invocation of recon-all 



status file for recon-all
Wed Mar 11 06:44:19 CET 2026
#@# white curv rh Wed Mar 11 06:44:19 CET 2026
#@# white area rh Wed Mar 11 06:44:19 CET 2026
#@# pial curv rh Wed Mar 11 06:44:19 CET 2026
#@# pial area rh Wed Mar 11 06:44:19 CET 2026
#@# thickness rh Wed Mar 11 06:44:19 CET 2026
#@# area and vertex vol rh Wed Mar 11 06:44:19 CET 2026
#@# Parcellation Stats rh Wed Mar 11 06:44:19 CET 2026
#@# Parcellation Stats 2 rh Wed Mar 11 06:44:49 CET 2026
#@# Parcellation Stats 3 rh Wed Mar 11 06:45:04 CET 2026
#@# BA_exvivo Labels rh Wed Mar 11 06:45:19 CET 2026
recon-all -s sub-v2s13x29108_ses-1 finished without error at Wed Mar 11 06:48:28 CET 2026
