status file for recon-all
Wed Mar 11 05:28:34 CET 2026
#@# Tessellate lh Wed Mar 11 05:28:34 CET 2026
#@# Smooth1 lh Wed Mar 11 05:28:38 CET 2026
#@# Inflation1 lh Wed Mar 11 05:28:42 CET 2026
#@# QSphere lh Wed Mar 11 05:29:57 CET 2026
#@# Fix Topology lh Wed Mar 11 05:31:13 CET 2026
#@# Smooth2 lh Wed Mar 11 05:38:40 CET 2026
#@# Inflation2 lh Wed Mar 11 05:38:44 CET 2026
#@# Curv .H and .K lh Wed Mar 11 05:39:12 CET 2026
#@# Sphere lh Wed Mar 11 05:40:16 CET 2026
#@# Surf Reg lh Wed Mar 11 05:43:48 CET 2026
#@# Jacobian white lh Wed Mar 11 05:48:42 CET 2026
#@# AvgCurv lh Wed Mar 11 05:48:44 CET 2026
#@# Cortical Parc lh Wed Mar 11 05:48:45 CET 2026
#@# white curv lh Wed Mar 11 05:57:05 CET 2026
#@# white area lh Wed Mar 11 05:57:08 CET 2026
#@# pial curv lh Wed Mar 11 05:57:09 CET 2026
#@# pial area lh Wed Mar 11 05:57:11 CET 2026
#@# thickness lh Wed Mar 11 05:57:12 CET 2026
#@# area and vertex vol lh Wed Mar 11 05:57:52 CET 2026
#@# Curvature Stats lh Wed Mar 11 05:57:54 CET 2026
#@# Cortical Parc 2 lh Wed Mar 11 05:57:57 CET 2026
#@# Cortical Parc 3 lh Wed Mar 11 05:58:15 CET 2026
#@# WM/GM Contrast lh Wed Mar 11 05:58:28 CET 2026
recon-all -s sub-v2s13x29108_ses-1 finished without error at Wed Mar 11 05:58:34 CET 2026



#New# invocation of recon-all 



status file for recon-all
Wed Mar 11 06:39:59 CET 2026
#@# white curv lh Wed Mar 11 06:39:59 CET 2026
#@# white area lh Wed Mar 11 06:39:59 CET 2026
#@# pial curv lh Wed Mar 11 06:39:59 CET 2026
#@# pial area lh Wed Mar 11 06:39:59 CET 2026
#@# thickness lh Wed Mar 11 06:39:59 CET 2026
#@# area and vertex vol lh Wed Mar 11 06:39:59 CET 2026
#@# Parcellation Stats lh Wed Mar 11 06:39:59 CET 2026
#@# Parcellation Stats 2 lh Wed Mar 11 06:40:28 CET 2026
#@# Parcellation Stats 3 lh Wed Mar 11 06:40:44 CET 2026
#@# BA_exvivo Labels lh Wed Mar 11 06:40:59 CET 2026
recon-all -s sub-v2s13x29108_ses-1 finished without error at Wed Mar 11 06:44:17 CET 2026
