status file for recon-all
Wed Mar 11 03:39:14 CET 2026
#@# MotionCor Wed Mar 11 03:39:16 CET 2026
#@# Talairach Wed Mar 11 03:39:26 CET 2026
#@# Talairach Failure Detection Wed Mar 11 03:43:51 CET 2026
#@# Nu Intensity Correction Wed Mar 11 03:43:51 CET 2026
#@# Intensity Normalization Wed Mar 11 03:47:09 CET 2026
recon-all -s sub-v2s13x29108_ses-1 finished without error at Wed Mar 11 03:48:43 CET 2026



#New# invocation of recon-all 



status file for recon-all
Wed Mar 11 03:56:23 CET 2026
#@# EM Registration Wed Mar 11 03:56:23 CET 2026
recon-all -s sub-v2s13x29108_ses-1 finished without error at Wed Mar 11 03:58:14 CET 2026



#New# invocation of recon-all 



status file for recon-all
Wed Mar 11 03:58:18 CET 2026
#@# CA Normalize Wed Mar 11 03:58:18 CET 2026
#@# CA Reg Wed Mar 11 03:59:38 CET 2026
#@# SubCort Seg Wed Mar 11 04:44:44 CET 2026
#@# CC Seg Wed Mar 11 05:22:26 CET 2026
#@# Merge ASeg Wed Mar 11 05:22:57 CET 2026
#@# Intensity Normalization2 Wed Mar 11 05:22:57 CET 2026
#@# Mask BFS Wed Mar 11 05:25:08 CET 2026
#@# WM Segmentation Wed Mar 11 05:25:09 CET 2026
#@# Fill Wed Mar 11 05:27:27 CET 2026
recon-all -s sub-v2s13x29108_ses-1 finished without error at Wed Mar 11 05:28:29 CET 2026



#New# invocation of recon-all 



status file for recon-all
Wed Mar 11 06:30:23 CET 2026
#@# white curv lh Wed Mar 11 06:30:23 CET 2026
#@# white area lh Wed Mar 11 06:30:23 CET 2026
#@# pial curv lh Wed Mar 11 06:30:23 CET 2026
#@# pial area lh Wed Mar 11 06:30:23 CET 2026
#@# thickness lh Wed Mar 11 06:30:23 CET 2026
#@# area and vertex vol lh Wed Mar 11 06:30:23 CET 2026
#@# white curv rh Wed Mar 11 06:30:23 CET 2026
#@# white area rh Wed Mar 11 06:30:23 CET 2026
#@# pial curv rh Wed Mar 11 06:30:23 CET 2026
#@# pial area rh Wed Mar 11 06:30:23 CET 2026
#@# thickness rh Wed Mar 11 06:30:23 CET 2026
#@# area and vertex vol rh Wed Mar 11 06:30:23 CET 2026
#@# Cortical ribbon mask Wed Mar 11 06:30:23 CET 2026
recon-all -s sub-v2s13x29108_ses-1 finished without error at Wed Mar 11 06:39:52 CET 2026



#New# invocation of recon-all 



status file for recon-all
Wed Mar 11 06:48:33 CET 2026
#@# white curv lh Wed Mar 11 06:48:33 CET 2026
#@# white area lh Wed Mar 11 06:48:33 CET 2026
#@# pial curv lh Wed Mar 11 06:48:33 CET 2026
#@# pial area lh Wed Mar 11 06:48:33 CET 2026
#@# thickness lh Wed Mar 11 06:48:33 CET 2026
#@# area and vertex vol lh Wed Mar 11 06:48:33 CET 2026
#@# white curv rh Wed Mar 11 06:48:33 CET 2026
#@# white area rh Wed Mar 11 06:48:33 CET 2026
#@# pial curv rh Wed Mar 11 06:48:33 CET 2026
#@# pial area rh Wed Mar 11 06:48:33 CET 2026
#@# thickness rh Wed Mar 11 06:48:33 CET 2026
#@# area and vertex vol rh Wed Mar 11 06:48:33 CET 2026
#@# Curvature Stats lh Wed Mar 11 06:48:33 CET 2026
#@# Curvature Stats rh Wed Mar 11 06:48:36 CET 2026
#@# Relabel Hypointensities Wed Mar 11 06:48:39 CET 2026
#@# APas-to-ASeg Wed Mar 11 06:49:00 CET 2026
#@# AParc-to-ASeg aparc Wed Mar 11 06:49:11 CET 2026
#@# AParc-to-ASeg aparc.a2009s Wed Mar 11 06:50:07 CET 2026
#@# AParc-to-ASeg aparc.DKTatlas Wed Mar 11 06:51:06 CET 2026
#@# WMParc Wed Mar 11 06:52:05 CET 2026
#@# ASeg Stats Wed Mar 11 06:55:52 CET 2026
recon-all -s sub-v2s13x29108_ses-1 finished without error at Wed Mar 11 06:56:35 CET 2026
