/out/sourcedata/freesurfer/sub-v2s13x29130_ses-1/mri
/opt/freesurfer/bin/talairach_avi
--i orig_nu.mgz --xfm transforms/talairach.auto.xfm
talairach_avi 7.3.2
Linux dna040 5.14.0-427.37.1.el9_4.x86_64 #1 SMP PREEMPT_DYNAMIC Fri Sep 13 12:41:50 EDT 2024 x86_64 x86_64 x86_64 GNU/Linux
Wed Mar 11 04:57:01 CET 2026
mri_convert orig_nu.mgz talsrcimg.img 
reading from orig_nu.mgz...
TR=0.00, TE=0.00, TI=0.00, flip angle=0.00
i_ras = (-1, -2.97618e-10, -4.85907e-11)
j_ras = (5.02104e-10, -1.65856e-08, -1)
k_ras = (-8.76658e-10, 1, 0)
writing to talsrcimg.img...
Analyze Output Matrix
-0.89844   0.00000  -0.00000   116.27496;
-0.00000  -0.00000   0.89844  -119.53516;
-0.00000  -0.89844   0.00000   134.50211;
 0.00000   0.00000   0.00000   1.00000;
--------------------
INFO: set hdr.hist.orient to -1
mpr2mni305 talsrcimg
Wed Mar 11 04:57:02 CET 2026
/opt/freesurfer/bin/mpr2mni305 talsrcimg
mpr2mni305 7.3.2
target=711-2C_as_mni_average_305

---------------------------------------------------------------------
analyzeto4dfp talsrcimg -O0 -y
---------------------------------------------------------------------

freesurfer ifh2hdr.c
Wed Mar 11 04:57:02 2026
Writing: talsrcimg.4dfp.hdr
freesurfer analyzeto4dfp.c
Reading: talsrcimg.hdr
header size 348 bytes
hdr.dime.datatype	offset=70	value=2
hdr.dime.bitpix		offset=72	value=8
hdr.hist.orient		offset=252	value=-1
dimensionality     4
dimensions       256       256       256         1
Reading: talsrcimg.img
Writing: talsrcimg.4dfp.img
Writing: talsrcimg.4dfp.ifh
ifh2hdr talsrcimg -r0to254
ori=2

---------------------------------------------------------------------
gauss_4dfp talsrcimg 1.1
---------------------------------------------------------------------

freesurfer gauss_4dfp.c
Reading: talsrcimg.4dfp.img
Writing: talsrcimg_g11.4dfp.img
image dimensions 256 256 256 padded to 288 288 288
processing volume 1freesurfer ifh2hdr.c
Wed Mar 11 04:57:04 2026
Writing: talsrcimg_g11.4dfp.hdr

Writing: talsrcimg_g11.4dfp.ifh
including: talsrcimg.4dfp.img.rec in talsrcimg_g11.4dfp.img.rec

---------------------------------------------------------------------
imgreg_4dfp /opt/freesurfer/average/711-2C_as_mni_average_305 none talsrcimg_g11 none talsrcimg_to_711-2C_as_mni_average_305_t4 4355
---------------------------------------------------------------------

freesurfer imgreg_4dfp.c
/opt/freesurfer/average/711-2C_as_mni_average_305.4dfp.img
       256       256       256         1
  1.000000  1.000000  1.000000
orientation T byte_order littleendian
Reading image: /opt/freesurfer/average/711-2C_as_mni_average_305.4dfp.img
dimensions:      256       256       256
mmppix:       1.0000   -1.0000   -1.0000
center:     128.0000 -129.0000 -129.0000
talsrcimg_g11.4dfp.img
       256       256       256         1
  0.898438  0.898438  0.898438
orientation T byte_order littleendian
Reading image: talsrcimg_g11.4dfp.img
dimensions:      256       256       256
mmppix:       0.8984   -0.8984   -0.8984
center:     115.0001 -115.8985 -115.8985
t4_read: open error in t4_sub.f l:  41 t4_file(1:l)talsrcimg_to_711-2C_as_mni_average_305_t4 
t4_read: transform initialized to I4
rotation matrix determinant  1.000000
image alignment mode   4355 decimal     1103 hex
   -7.5000  -45.0000  -45.0000 6246.3848   12.7925
    0.0000  -45.0000  -45.0000 6287.2349   12.7869
    7.5000  -45.0000  -45.0000 5981.8237   12.7750
   -7.5000  -37.5000  -45.0000 6584.3438   13.5966
    0.0000  -37.5000  -45.0000 6627.4194   13.5895
    7.5000  -37.5000  -45.0000 6309.4556   13.5755
   -7.5000  -30.0000  -45.0000 6927.1528   14.0231
    0.0000  -30.0000  -45.0000 6980.6943   14.0156
    7.5000  -30.0000  -45.0000 6634.1611   13.9973
   -7.5000  -22.5000  -45.0000 7389.6094   14.0195
    0.0000  -22.5000  -45.0000 7453.8047   14.0113
    7.5000  -22.5000  -45.0000 7074.8784   13.9903
   -7.5000  -15.0000  -45.0000 7817.7070   14.0188
    0.0000  -15.0000  -45.0000 7882.3823   14.0113
    7.5000  -15.0000  -45.0000 7489.1997   13.9915
   -7.5000   -7.5000  -45.0000 7864.4854   14.0209
    0.0000   -7.5000  -45.0000 7918.7900   14.0148
    7.5000   -7.5000  -45.0000 7515.9824   13.9988
   -7.5000    0.0000  -45.0000 7779.3447   14.0236
    0.0000    0.0000  -45.0000 7829.6880   14.0175
    7.5000    0.0000  -45.0000 7437.3604   14.0044
   -7.5000    7.5000  -45.0000 7316.7798   14.0252
    0.0000    7.5000  -45.0000 7364.1108   14.0179
    7.5000    7.5000  -45.0000 6976.5796   14.0035
   -7.5000   15.0000  -45.0000 7048.5952   14.0243
    0.0000   15.0000  -45.0000 7110.8687   14.0167
    7.5000   15.0000  -45.0000 6722.5527   13.9985
   -7.5000   22.5000  -45.0000 6469.0708   13.8907
    0.0000   22.5000  -45.0000 6531.1084   13.8825
    7.5000   22.5000  -45.0000 6166.7090   13.8617
   -7.5000   30.0000  -45.0000 5954.0508   13.7012
    0.0000   30.0000  -45.0000 6001.8887   13.6922
    7.5000   30.0000  -45.0000 5668.5645   13.6709
   -7.5000   37.5000  -45.0000 5462.3940   13.5600
    0.0000   37.5000  -45.0000 5513.5962   13.5490
    7.5000   37.5000  -45.0000 5197.4751   13.5301
   -7.5000   45.0000  -45.0000 4965.7090   13.5448
    0.0000   45.0000  -45.0000 5010.3096   13.5382
    7.5000   45.0000  -45.0000 4722.9595   13.5281
   -7.5000  -45.0000  -37.5000 6780.2979   13.3345
    0.0000  -45.0000  -37.5000 6831.9937   13.3261
    7.5000  -45.0000  -37.5000 6480.6270   13.3091
   -7.5000  -37.5000  -37.5000 7128.5010   14.1829
    0.0000  -37.5000  -37.5000 7206.0649   14.1730
    7.5000  -37.5000  -37.5000 6820.3174   14.1552
   -7.5000  -30.0000  -37.5000 7505.4634   14.5962
    0.0000  -30.0000  -37.5000 7594.4980   14.5862
    7.5000  -30.0000  -37.5000 7176.7886   14.5642
   -7.5000  -22.5000  -37.5000 8018.2915   14.5829
    0.0000  -22.5000  -37.5000 8105.7964   14.5726
    7.5000  -22.5000  -37.5000 7659.7134   14.5464
   -7.5000  -15.0000  -37.5000 8480.4492   14.5793
    0.0000  -15.0000  -37.5000 8555.4883   14.5696
    7.5000  -15.0000  -37.5000 8103.0371   14.5430
   -7.5000   -7.5000  -37.5000 8491.0840   14.5869
    0.0000   -7.5000  -37.5000 8566.8174   14.5782
    7.5000   -7.5000  -37.5000 8117.0850   14.5550
   -7.5000    0.0000  -37.5000 8412.3740   14.5992
    0.0000    0.0000  -37.5000 8491.7344   14.5899
    7.5000    0.0000  -37.5000 8046.1191   14.5713
   -7.5000    7.5000  -37.5000 7910.1060   14.6043
    0.0000    7.5000  -37.5000 8007.6138   14.5941
    7.5000    7.5000  -37.5000 7564.1289   14.5757
   -7.5000   15.0000  -37.5000 7630.9395   14.5967
    0.0000   15.0000  -37.5000 7710.7803   14.5867
    7.5000   15.0000  -37.5000 7283.3809   14.5646
   -7.5000   22.5000  -37.5000 6992.9048   14.4485
    0.0000   22.5000  -37.5000 7058.1982   14.4381
    7.5000   22.5000  -37.5000 6662.0669   14.4124
   -7.5000   30.0000  -37.5000 6414.1553   14.2544
    0.0000   30.0000  -37.5000 6464.3608   14.2431
    7.5000   30.0000  -37.5000 6099.6743   14.2156
   -7.5000   37.5000  -37.5000 5888.3628   14.1074
    0.0000   37.5000  -37.5000 5926.1719   14.0936
    7.5000   37.5000  -37.5000 5597.0527   14.0674
   -7.5000   45.0000  -37.5000 5331.0767   14.0789
    0.0000   45.0000  -37.5000 5375.1631   14.0707
    7.5000   45.0000  -37.5000 5076.0649   14.0532
   -7.5000  -45.0000  -30.0000 7353.6128   13.9013
    0.0000  -45.0000  -30.0000 7426.8638   13.9003
    7.5000  -45.0000  -30.0000 7024.0786   13.8816
   -7.5000  -37.5000  -30.0000 7706.3135   14.7842
    0.0000  -37.5000  -30.0000 7803.6987   14.7834
    7.5000  -37.5000  -30.0000 7372.6885   14.7645
   -7.5000  -30.0000  -30.0000 8122.6436   15.1851
    0.0000  -30.0000  -30.0000 8227.0547   15.1851
    7.5000  -30.0000  -30.0000 7762.0264   15.1624
   -7.5000  -22.5000  -30.0000 8683.1748   15.1697
    0.0000  -22.5000  -30.0000 8784.9014   15.1691
    7.5000  -22.5000  -30.0000 8280.1133   15.1422
   -7.5000  -15.0000  -30.0000 9179.9121   15.1732
    0.0000  -15.0000  -30.0000 9278.6826   15.1723
    7.5000  -15.0000  -30.0000 8758.8916   15.1440
   -7.5000   -7.5000  -30.0000 9180.6084   15.1895
    0.0000   -7.5000  -30.0000 9273.6387   15.1886
    7.5000   -7.5000  -30.0000 8755.3721   15.1633
   -7.5000    0.0000  -30.0000 9103.2930   15.2038
    0.0000    0.0000  -30.0000 9191.1240   15.2027
    7.5000    0.0000  -30.0000 8667.3262   15.1823
   -7.5000    7.5000  -30.0000 8551.6045   15.2005
    0.0000    7.5000  -30.0000 8657.7695   15.1996
    7.5000    7.5000  -30.0000 8161.5127   15.1802
   -7.5000   15.0000  -30.0000 8227.2402   15.1840
    0.0000   15.0000  -30.0000 8332.1445   15.1840
    7.5000   15.0000  -30.0000 7844.7334   15.1613
   -7.5000   22.5000  -30.0000 7514.2212   15.0280
    0.0000   22.5000  -30.0000 7597.1387   15.0273
    7.5000   22.5000  -30.0000 7137.6196   15.0011
   -7.5000   30.0000  -30.0000 6867.1484   14.8417
    0.0000   30.0000  -30.0000 6939.8052   14.8390
    7.5000   30.0000  -30.0000 6538.7031   14.8108
   -7.5000   37.5000  -30.0000 6304.2886   14.7114
    0.0000   37.5000  -30.0000 6358.7324   14.7065
    7.5000   37.5000  -30.0000 5999.8018   14.6780
   -7.5000   45.0000  -30.0000 5710.5659   14.6747
    0.0000   45.0000  -30.0000 5751.7041   14.6761
    7.5000   45.0000  -30.0000 5425.3159   14.6582
   -7.5000  -45.0000  -22.5000 7952.3311   14.4178
    0.0000  -45.0000  -22.5000 8037.8281   14.4239
    7.5000  -45.0000  -22.5000 7587.5225   14.4078
   -7.5000  -37.5000  -22.5000 8330.7334   15.3375
    0.0000  -37.5000  -22.5000 8438.4658   15.3433
    7.5000  -37.5000  -22.5000 7959.7256   15.3250
   -7.5000  -30.0000  -22.5000 8786.6846   15.7349
    0.0000  -30.0000  -22.5000 8907.7949   15.7413
    7.5000  -30.0000  -22.5000 8390.5508   15.7181
   -7.5000  -22.5000  -22.5000 9363.6816   15.7224
    0.0000  -22.5000  -22.5000 9481.8037   15.7287
    7.5000  -22.5000  -22.5000 8943.7451   15.7021
   -7.5000  -15.0000  -22.5000 9896.8779   15.7298
    0.0000  -15.0000  -22.500010016.9258   15.7367
    7.5000  -15.0000  -22.5000 9430.2178   15.7110
   -7.5000   -7.5000  -22.5000 9881.4863   15.7483
    0.0000   -7.5000  -22.5000 9988.7021   15.7556
    7.5000   -7.5000  -22.5000 9414.0322   15.7338
   -7.5000    0.0000  -22.5000 9792.2441   15.7598
    0.0000    0.0000  -22.5000 9880.2959   15.7664
    7.5000    0.0000  -22.5000 9304.6875   15.7488
   -7.5000    7.5000  -22.5000 9197.1533   15.7497
    0.0000    7.5000  -22.5000 9301.3262   15.7556
    7.5000    7.5000  -22.5000 8758.9951   15.7368
   -7.5000   15.0000  -22.5000 8824.1924   15.7320
    0.0000   15.0000  -22.5000 8946.4326   15.7385
    7.5000   15.0000  -22.5000 8407.1348   15.7152
   -7.5000   22.5000  -22.5000 8027.8032   15.5749
    0.0000   22.5000  -22.5000 8113.4375   15.5810
    7.5000   22.5000  -22.5000 7635.1147   15.5554
   -7.5000   30.0000  -22.5000 7319.3193   15.3947
    0.0000   30.0000  -22.5000 7404.5713   15.3994
    7.5000   30.0000  -22.5000 6979.0786   15.3744
   -7.5000   37.5000  -22.5000 6711.1577   15.2799
    0.0000   37.5000  -22.5000 6780.1382   15.2838
    7.5000   37.5000  -22.5000 6392.7090   15.2593
   -7.5000   45.0000  -22.5000 6075.1240   15.2451
    0.0000   45.0000  -22.5000 6125.6567   15.2543
    7.5000   45.0000  -22.5000 5778.2222   15.2425
   -7.5000  -45.0000  -15.0000 8532.6123   14.8817
    0.0000  -45.0000  -15.0000 8630.3164   14.8886
    7.5000  -45.0000  -15.0000 8152.8545   14.8756
   -7.5000  -37.5000  -15.0000 8966.1064   15.8263
    0.0000  -37.5000  -15.0000 9074.6348   15.8314
    7.5000  -37.5000  -15.0000 8558.4736   15.8147
   -7.5000  -30.0000  -15.0000 9446.2529   16.2286
    0.0000  -30.0000  -15.0000 9560.0195   16.2331
    7.5000  -30.0000  -15.0000 9013.8652   16.2105
   -7.5000  -22.5000  -15.000010050.8408   16.2252
    0.0000  -22.5000  -15.000010166.6221   16.2295
    7.5000  -22.5000  -15.0000 9579.0938   16.2044
   -7.5000  -15.0000  -15.000010601.5518   16.2352
    0.0000  -15.0000  -15.000010726.6133   16.2415
    7.5000  -15.0000  -15.000010091.7188   16.2192
   -7.5000   -7.5000  -15.000010582.8252   16.2486
    0.0000   -7.5000  -15.000010709.7578   16.2567
    7.5000   -7.5000  -15.000010062.1377   16.2393
   -7.5000    0.0000  -15.000010444.4092   16.2511
    0.0000    0.0000  -15.000010554.6895   16.2586
    7.5000    0.0000  -15.0000 9930.3594   16.2444
   -7.5000    7.5000  -15.0000 9806.9150   16.2358
    0.0000    7.5000  -15.0000 9919.5791   16.2411
    7.5000    7.5000  -15.0000 9340.9023   16.2239
   -7.5000   15.0000  -15.0000 9417.8750   16.2246
    0.0000   15.0000  -15.0000 9536.7158   16.2291
    7.5000   15.0000  -15.0000 8962.1436   16.2065
   -7.5000   22.5000  -15.0000 8547.0957   16.0759
    0.0000   22.5000  -15.0000 8636.0303   16.0801
    7.5000   22.5000  -15.0000 8129.7280   16.0556
   -7.5000   30.0000  -15.0000 7788.2891   15.9013
    0.0000   30.0000  -15.0000 7871.4619   15.9056
    7.5000   30.0000  -15.0000 7421.2764   15.8835
   -7.5000   37.5000  -15.0000 7129.4023   15.7903
    0.0000   37.5000  -15.0000 7206.5547   15.7951
    7.5000   37.5000  -15.0000 6785.9517   15.7753
   -7.5000   45.0000  -15.0000 6415.8687   15.7599
    0.0000   45.0000  -15.0000 6485.6821   15.7683
    7.5000   45.0000  -15.0000 6114.5718   15.7622
   -7.5000  -45.0000   -7.5000 8875.0020   14.8730
    0.0000  -45.0000   -7.5000 8981.4834   14.8735
    7.5000  -45.0000   -7.5000 8487.1611   14.8616
   -7.5000  -37.5000   -7.5000 9345.1445   15.8197
    0.0000  -37.5000   -7.5000 9434.7246   15.8176
    7.5000  -37.5000   -7.5000 8922.7598   15.8023
   -7.5000  -30.0000   -7.5000 9832.6943   16.2291
    0.0000  -30.0000   -7.5000 9925.6533   16.2262
    7.5000  -30.0000   -7.5000 9371.4658   16.2053
   -7.5000  -22.5000   -7.500010454.9785   16.2303
    0.0000  -22.5000   -7.500010555.4932   16.2275
    7.5000  -22.5000   -7.5000 9948.0186   16.2041
   -7.5000  -15.0000   -7.500011022.1758   16.2376
    0.0000  -15.0000   -7.500011140.4414   16.2369
    7.5000  -15.0000   -7.500010483.0156   16.2162
   -7.5000   -7.5000   -7.500010990.3633   16.2437
    0.0000   -7.5000   -7.500011113.8916   16.2452
    7.5000   -7.5000   -7.500010448.2500   16.2291
   -7.5000    0.0000   -7.500010821.9756   16.2415
    0.0000    0.0000   -7.500010938.8047   16.2420
    7.5000    0.0000   -7.500010293.5332   16.2290
   -7.5000    7.5000   -7.500010117.4502   16.2291
    0.0000    7.5000   -7.500010237.9248   16.2270
    7.5000    7.5000   -7.5000 9633.0615   16.2112
   -7.5000   15.0000   -7.5000 9717.3281   16.2253
    0.0000   15.0000   -7.5000 9829.4424   16.2224
    7.5000   15.0000   -7.5000 9246.6650   16.2015
   -7.5000   22.5000   -7.5000 8814.9121   16.0833
    0.0000   22.5000   -7.5000 8905.7783   16.0804
    7.5000   22.5000   -7.5000 8382.7588   16.0574
   -7.5000   30.0000   -7.5000 8055.1489   15.9056
    0.0000   30.0000   -7.5000 8129.1416   15.9032
    7.5000   30.0000   -7.5000 7668.7764   15.8815
   -7.5000   37.5000   -7.5000 7359.6665   15.7809
    0.0000   37.5000   -7.5000 7427.1694   15.7780
    7.5000   37.5000   -7.5000 6991.8135   15.7594
   -7.5000   45.0000   -7.5000 6606.4634   15.7515
    0.0000   45.0000   -7.5000 6682.5649   15.7514
    7.5000   45.0000   -7.5000 6289.0693   15.7451
   -7.5000  -45.0000    0.0000 9040.9355   15.2288
    0.0000  -45.0000    0.0000 9128.4424   15.2218
    7.5000  -45.0000    0.0000 8648.8047   15.2079
   -7.5000  -37.5000    0.0000 9521.5156   16.1994
    0.0000  -37.5000    0.0000 9597.0449   16.1897
    7.5000  -37.5000    0.0000 9108.3418   16.1736
   -7.5000  -30.0000    0.000010019.5547   16.6100
    0.0000  -30.0000    0.000010118.5391   16.5999
    7.5000  -30.0000    0.0000 9574.1045   16.5786
   -7.5000  -22.5000    0.000010644.8760   16.6068
    0.0000  -22.5000    0.000010747.5859   16.5970
    7.5000  -22.5000    0.000010158.4229   16.5723
   -7.5000  -15.0000    0.000011220.0938   16.6084
    0.0000  -15.0000    0.000011330.7227   16.6003
    7.5000  -15.0000    0.000010672.5938   16.5767
   -7.5000   -7.5000    0.000011198.5469   16.6117
    0.0000   -7.5000    0.000011298.9395   16.6053
    7.5000   -7.5000    0.000010641.0039   16.5860
   -7.5000    0.0000    0.000011015.6875   16.6136
    0.0000    0.0000    0.000011120.7969   16.6060
    7.5000    0.0000    0.000010471.2354   16.5908
   -7.5000    7.5000    0.000010278.0215   16.6076
    0.0000    7.5000    0.000010381.5068   16.5977
    7.5000    7.5000    0.0000 9772.8457   16.5811
   -7.5000   15.0000    0.0000 9882.4033   16.6055
    0.0000   15.0000    0.0000 9982.5176   16.5953
    7.5000   15.0000    0.0000 9391.5879   16.5741
   -7.5000   22.5000    0.0000 8980.8525   16.4604
    0.0000   22.5000    0.0000 9071.1377   16.4505
    7.5000   22.5000    0.0000 8529.4639   16.4260
   -7.5000   30.0000    0.0000 8201.3760   16.2797
    0.0000   30.0000    0.0000 8291.7939   16.2699
    7.5000   30.0000    0.0000 7795.7969   16.2444
   -7.5000   37.5000    0.0000 7470.9346   16.1494
    0.0000   37.5000    0.0000 7550.2021   16.1372
    7.5000   37.5000    0.0000 7081.3989   16.1147
   -7.5000   45.0000    0.0000 6692.5688   16.1381
    0.0000   45.0000    0.0000 6778.8438   16.1298
    7.5000   45.0000    0.0000 6360.7036   16.1179
   -7.5000  -45.0000    7.5000 8848.7373   15.2235
    0.0000  -45.0000    7.5000 8933.9922   15.2162
    7.5000  -45.0000    7.5000 8461.2559   15.1983
   -7.5000  -37.5000    7.5000 9297.3164   16.1966
    0.0000  -37.5000    7.5000 9389.6494   16.1879
    7.5000  -37.5000    7.5000 8908.6211   16.1693
   -7.5000  -30.0000    7.5000 9823.9521   16.5998
    0.0000  -30.0000    7.5000 9928.1680   16.5912
    7.5000  -30.0000    7.5000 9401.4170   16.5682
   -7.5000  -22.5000    7.500010479.7344   16.5878
    0.0000  -22.5000    7.500010567.3994   16.5788
    7.5000  -22.5000    7.500010004.7920   16.5511
   -7.5000  -15.0000    7.500011031.2373   16.5877
    0.0000  -15.0000    7.500011093.1904   16.5794
    7.5000  -15.0000    7.500010490.1406   16.5508
   -7.5000   -7.5000    7.500010984.2334   16.5970
    0.0000   -7.5000    7.500011040.8750   16.5896
    7.5000   -7.5000    7.500010417.3838   16.5648
   -7.5000    0.0000    7.500010784.3672   16.6078
    0.0000    0.0000    7.500010865.9688   16.5999
    7.5000    0.0000    7.500010220.0918   16.5803
   -7.5000    7.5000    7.500010073.3721   16.6047
    0.0000    7.5000    7.500010156.9082   16.5958
    7.5000    7.5000    7.5000 9528.5127   16.5768
   -7.5000   15.0000    7.5000 9660.9072   16.5952
    0.0000   15.0000    7.5000 9747.2998   16.5866
    7.5000   15.0000    7.5000 9146.6904   16.5636
   -7.5000   22.5000    7.5000 8799.5742   16.4407
    0.0000   22.5000    7.5000 8902.7549   16.4317
    7.5000   22.5000    7.5000 8343.1816   16.4045
   -7.5000   30.0000    7.5000 8039.7446   16.2585
    0.0000   30.0000    7.5000 8145.8042   16.2484
    7.5000   30.0000    7.5000 7629.3599   16.2186
   -7.5000   37.5000    7.5000 7320.1040   16.1321
    0.0000   37.5000    7.5000 7407.8877   16.1190
    7.5000   37.5000    7.5000 6933.0264   16.0906
   -7.5000   45.0000    7.5000 6544.7153   16.1270
    0.0000   45.0000    7.5000 6618.9302   16.1203
    7.5000   45.0000    7.5000 6206.9102   16.1019
   -7.5000  -45.0000   15.0000 8930.0283   15.2341
    0.0000  -45.0000   15.0000 9011.8711   15.2334
    7.5000  -45.0000   15.0000 8544.2266   15.2138
   -7.5000  -37.5000   15.0000 9355.4707   16.2040
    0.0000  -37.5000   15.0000 9434.8721   16.2036
    7.5000  -37.5000   15.0000 8969.2393   16.1836
   -7.5000  -30.0000   15.0000 9940.1777   16.5995
    0.0000  -30.0000   15.000010057.1201   16.6000
    7.5000  -30.0000   15.0000 9497.4814   16.5760
   -7.5000  -22.5000   15.000010754.9521   16.5831
    0.0000  -22.5000   15.000010919.8379   16.5828
    7.5000  -22.5000   15.000010227.4277   16.5543
   -7.5000  -15.0000   15.000011379.1221   16.5868
    0.0000  -15.0000   15.000011480.9209   16.5861
    7.5000  -15.0000   15.000010760.8145   16.5563
   -7.5000   -7.5000   15.000011272.8164   16.6041
    0.0000   -7.5000   15.000011338.6299   16.6035
    7.5000   -7.5000   15.000010626.8281   16.5769
   -7.5000    0.0000   15.000010995.3193   16.6194
    0.0000    0.0000   15.000011073.2373   16.6187
    7.5000    0.0000   15.000010362.7266   16.5972
   -7.5000    7.5000   15.000010201.2627   16.6123
    0.0000    7.5000   15.000010286.8486   16.6119
    7.5000    7.5000   15.0000 9636.2656   16.5914
   -7.5000   15.0000   15.0000 9764.9785   16.5947
    0.0000   15.0000   15.0000 9836.5801   16.5952
    7.5000   15.0000   15.0000 9211.3848   16.5712
   -7.5000   22.5000   15.0000 8890.9033   16.4339
    0.0000   22.5000   15.0000 8977.9092   16.4335
    7.5000   22.5000   15.0000 8395.8730   16.4058
   -7.5000   30.0000   15.0000 8126.6074   16.2556
    0.0000   30.0000   15.0000 8226.2148   16.2530
    7.5000   30.0000   15.0000 7689.9316   16.2232
   -7.5000   37.5000   15.0000 7377.3779   16.1437
    0.0000   37.5000   15.0000 7468.1108   16.1387
    7.5000   37.5000   15.0000 6968.4673   16.1086
   -7.5000   45.0000   15.0000 6596.9932   16.1379
    0.0000   45.0000   15.0000 6676.0083   16.1399
    7.5000   45.0000   15.0000 6244.9878   16.1211
   -7.5000  -45.0000   22.5000 8578.6514   15.3171
    0.0000  -45.0000   22.5000 8656.0830   15.3236
    7.5000  -45.0000   22.5000 8192.0195   15.3065
   -7.5000  -37.5000   22.5000 8994.9160   16.2863
    0.0000  -37.5000   22.5000 9070.2764   16.2926
    7.5000  -37.5000   22.5000 8609.8525   16.2732
   -7.5000  -30.0000   22.5000 9561.4912   16.6831
    0.0000  -30.0000   22.5000 9729.5156   16.6901
    7.5000  -30.0000   22.5000 9117.6836   16.6657
   -7.5000  -22.5000   22.500010336.2090   16.6705
    0.0000  -22.5000   22.500010561.4756   16.6773
    7.5000  -22.5000   22.5000 9805.2041   16.6494
   -7.5000  -15.0000   22.500010907.1895   16.6789
    0.0000  -15.0000   22.500011108.8633   16.6863
    7.5000  -15.0000   22.500010327.2002   16.6593
   -7.5000   -7.5000   22.500010828.0459   16.6984
    0.0000   -7.5000   22.500010977.0283   16.7062
    7.5000   -7.5000   22.500010217.4600   16.6833
   -7.5000    0.0000   22.500010545.6641   16.7099
    0.0000    0.0000   22.500010673.3027   16.7170
    7.5000    0.0000   22.5000 9954.8770   16.6984
   -7.5000    7.5000   22.5000 9757.2012   16.6968
    0.0000    7.5000   22.5000 9841.9043   16.7032
    7.5000    7.5000   22.5000 9225.7832   16.6833
   -7.5000   15.0000   22.5000 9331.6445   16.6781
    0.0000   15.0000   22.5000 9387.7773   16.6852
    7.5000   15.0000   22.5000 8797.2832   16.6607
   -7.5000   22.5000   22.5000 8486.7676   16.5191
    0.0000   22.5000   22.5000 8546.8516   16.5257
    7.5000   22.5000   22.5000 8023.6909   16.4988
   -7.5000   30.0000   22.5000 7776.6714   16.3460
    0.0000   30.0000   22.5000 7846.6992   16.3511
    7.5000   30.0000   22.5000 7362.3374   16.3249
   -7.5000   37.5000   22.5000 7061.4062   16.2465
    0.0000   37.5000   22.5000 7128.2256   16.2508
    7.5000   37.5000   22.5000 6677.6846   16.2249
   -7.5000   45.0000   22.5000 6314.7144   16.2359
    0.0000   45.0000   22.5000 6387.9946   16.2457
    7.5000   45.0000   22.5000 5983.6406   16.2332
   -7.5000  -45.0000   30.0000 8167.6636   15.3666
    0.0000  -45.0000   30.0000 8251.8799   15.3740
    7.5000  -45.0000   30.0000 7789.2212   15.3593
   -7.5000  -37.5000   30.0000 8570.5508   16.3426
    0.0000  -37.5000   30.0000 8661.8438   16.3483
    7.5000  -37.5000   30.0000 8183.7705   16.3297
   -7.5000  -30.0000   30.0000 9081.0215   16.7503
    0.0000  -30.0000   30.0000 9230.0596   16.7554
    7.5000  -30.0000   30.0000 8665.4258   16.7308
   -7.5000  -22.5000   30.0000 9717.2480   16.7469
    0.0000  -22.5000   30.0000 9850.7109   16.7516
    7.5000  -22.5000   30.0000 9265.2842   16.7245
   -7.5000  -15.0000   30.000010208.7012   16.7576
    0.0000  -15.0000   30.000010312.7061   16.7642
    7.5000  -15.0000   30.0000 9747.1562   16.7400
   -7.5000   -7.5000   30.000010167.6221   16.7717
    0.0000   -7.5000   30.000010278.1182   16.7802
    7.5000   -7.5000   30.0000 9686.1533   16.7610
   -7.5000    0.0000   30.0000 9955.5488   16.7742
    0.0000    0.0000   30.000010074.6729   16.7823
    7.5000    0.0000   30.0000 9482.1738   16.7662
   -7.5000    7.5000   30.0000 9210.8721   16.7573
    0.0000    7.5000   30.0000 9307.0391   16.7631
    7.5000    7.5000   30.0000 8756.4346   16.7441
   -7.5000   15.0000   30.0000 8811.5293   16.7454
    0.0000   15.0000   30.0000 8886.1016   16.7505
    7.5000   15.0000   30.0000 8341.6289   16.7259
   -7.5000   22.5000   30.0000 8013.3037   16.5945
    0.0000   22.5000   30.0000 8074.3887   16.5990
    7.5000   22.5000   30.0000 7582.1255   16.5726
   -7.5000   30.0000   30.0000 7338.0029   16.4344
    0.0000   30.0000   30.0000 7414.6860   16.4389
    7.5000   30.0000   30.0000 6956.1558   16.4148
   -7.5000   37.5000   30.0000 6642.3711   16.3430
    0.0000   37.5000   30.0000 6716.5757   16.3480
    7.5000   37.5000   30.0000 6310.6094   16.3262
   -7.5000   45.0000   30.0000 5932.4419   16.3354
    0.0000   45.0000   30.0000 6003.5688   16.3444
    7.5000   45.0000   30.0000 5634.4004   16.3368
   -7.5000  -45.0000   37.5000 7683.2817   15.3452
    0.0000  -45.0000   37.5000 7765.4927   15.3446
    7.5000  -45.0000   37.5000 7361.5742   15.3313
   -7.5000  -37.5000   37.5000 8065.1855   16.3285
    0.0000  -37.5000   37.5000 8155.8755   16.3259
    7.5000  -37.5000   37.5000 7729.0820   16.3090
   -7.5000  -30.0000   37.5000 8554.1211   16.7352
    0.0000  -30.0000   37.5000 8660.7578   16.7318
    7.5000  -30.0000   37.5000 8179.9131   16.7093
   -7.5000  -22.5000   37.5000 9118.0967   16.7367
    0.0000  -22.5000   37.5000 9196.7842   16.7326
    7.5000  -22.5000   37.5000 8712.4805   16.7077
   -7.5000  -15.0000   37.5000 9571.7939   16.7426
    0.0000  -15.0000   37.5000 9634.5400   16.7400
    7.5000  -15.0000   37.5000 9172.0957   16.7178
   -7.5000   -7.5000   37.5000 9530.4668   16.7471
    0.0000   -7.5000   37.5000 9594.5674   16.7467
    7.5000   -7.5000   37.5000 9123.3955   16.7291
   -7.5000    0.0000   37.5000 9374.3730   16.7445
    0.0000    0.0000   37.5000 9448.5488   16.7438
    7.5000    0.0000   37.5000 8960.1230   16.7293
   -7.5000    7.5000   37.5000 8677.9805   16.7324
    0.0000    7.5000   37.5000 8739.9814   16.7298
    7.5000    7.5000   37.5000 8278.8008   16.7125
   -7.5000   15.0000   37.5000 8293.7695   16.7303
    0.0000   15.0000   37.5000 8349.8457   16.7269
    7.5000   15.0000   37.5000 7885.8755   16.7044
   -7.5000   22.5000   37.5000 7567.5288   16.5849
    0.0000   22.5000   37.5000 7618.8384   16.5808
    7.5000   22.5000   37.5000 7170.5928   16.5563
   -7.5000   30.0000   37.5000 6908.3140   16.4224
    0.0000   30.0000   37.5000 6982.8945   16.4179
    7.5000   30.0000   37.5000 6563.0928   16.3946
   -7.5000   37.5000   37.5000 6227.2778   16.3068
    0.0000   37.5000   37.5000 6295.7920   16.3018
    7.5000   37.5000   37.5000 5930.5366   16.2814
   -7.5000   45.0000   37.5000 5554.2139   16.2915
    0.0000   45.0000   37.5000 5610.0952   16.2903
    7.5000   45.0000   37.5000 5281.9180   16.2828
   -7.5000  -45.0000   45.0000 7167.0522   15.4189
    0.0000  -45.0000   45.0000 7244.3354   15.4142
    7.5000  -45.0000   45.0000 6856.2510   15.4004
   -7.5000  -37.5000   45.0000 7532.1943   16.4123
    0.0000  -37.5000   45.0000 7624.7510   16.4059
    7.5000  -37.5000   45.0000 7217.4634   16.3900
   -7.5000  -30.0000   45.0000 7982.8496   16.8004
    0.0000  -30.0000   45.0000 8079.6704   16.7934
    7.5000  -30.0000   45.0000 7646.1831   16.7726
   -7.5000  -22.5000   45.0000 8475.6572   16.7942
    0.0000  -22.5000   45.0000 8546.7607   16.7863
    7.5000  -22.5000   45.0000 8125.6724   16.7620
   -7.5000  -15.0000   45.0000 8922.8740   16.7976
    0.0000  -15.0000   45.0000 8977.2832   16.7906
    7.5000  -15.0000   45.0000 8550.8936   16.7671
   -7.5000   -7.5000   45.0000 8902.5342   16.8055
    0.0000   -7.5000   45.0000 8955.4277   16.8003
    7.5000   -7.5000   45.0000 8517.4912   16.7811
   -7.5000    0.0000   45.0000 8771.3633   16.8105
    0.0000    0.0000   45.0000 8834.7178   16.8053
    7.5000    0.0000   45.0000 8386.7344   16.7902
   -7.5000    7.5000   45.0000 8118.9424   16.8022
    0.0000    7.5000   45.0000 8181.1245   16.7957
    7.5000    7.5000   45.0000 7760.7671   16.7794
   -7.5000   15.0000   45.0000 7769.1392   16.7944
    0.0000   15.0000   45.0000 7815.8306   16.7875
    7.5000   15.0000   45.0000 7390.1885   16.7666
   -7.5000   22.5000   45.0000 7104.4629   16.6286
    0.0000   22.5000   45.0000 7146.5278   16.6208
    7.5000   22.5000   45.0000 6733.1133   16.5965
   -7.5000   30.0000   45.0000 6460.2383   16.4530
    0.0000   30.0000   45.0000 6518.2720   16.4438
    7.5000   30.0000   45.0000 6146.4961   16.4185
   -7.5000   37.5000   45.0000 5802.8623   16.3179
    0.0000   37.5000   45.0000 5856.4644   16.3061
    7.5000   37.5000   45.0000 5529.7666   16.2832
   -7.5000   45.0000   45.0000 5173.6553   16.2943
    0.0000   45.0000   45.0000 5206.8271   16.2885
    7.5000   45.0000   45.0000 4924.5107   16.2767

---------------------------------------------------------------------
imgreg_4dfp /opt/freesurfer/average/711-2C_as_mni_average_305 /opt/freesurfer/average/711-2B_as_mni_average_305_mask talsrcimg_g11 none talsrcimg_to_711-2C_as_mni_average_305_t4 4355
---------------------------------------------------------------------

freesurfer imgreg_4dfp.c
/opt/freesurfer/average/711-2C_as_mni_average_305.4dfp.img
       256       256       256         1
  1.000000  1.000000  1.000000
orientation T byte_order littleendian
Reading image: /opt/freesurfer/average/711-2C_as_mni_average_305.4dfp.img
dimensions:      256       256       256
mmppix:       1.0000   -1.0000   -1.0000
center:     128.0000 -129.0000 -129.0000
/opt/freesurfer/average/711-2B_as_mni_average_305_mask.4dfp.img
       256       256       256         1
  1.000000  1.000000  1.000000
orientation T byte_order littleendian
Reading mask: /opt/freesurfer/average/711-2B_as_mni_average_305_mask.4dfp.img (2306576 pixels)
talsrcimg_g11.4dfp.img
       256       256       256         1
  0.898438  0.898438  0.898438
orientation T byte_order littleendian
Reading image: talsrcimg_g11.4dfp.img
dimensions:      256       256       256
mmppix:       0.8984   -0.8984   -0.8984
center:     115.0001 -115.8985 -115.8985
rotation matrix determinant  1.000000
image alignment mode   4355 decimal     1103 hex
   -7.5000  -60.0000  -30.0000 2133.3777   16.1488
    0.0000  -60.0000  -30.0000 2144.9468   16.1101
    7.5000  -60.0000  -30.0000 2134.0525   16.1671
   -7.5000  -52.5000  -30.0000 2223.2922   14.8497
    0.0000  -52.5000  -30.0000 2238.9202   14.8351
    7.5000  -52.5000  -30.0000 2227.6331   14.8860
   -7.5000  -45.0000  -30.0000 2306.2354   14.0333
    0.0000  -45.0000  -30.0000 2322.3083   14.0261
    7.5000  -45.0000  -30.0000 2302.6025   14.0720
   -7.5000  -37.5000  -30.0000 2344.2261   13.3991
    0.0000  -37.5000  -30.0000 2365.4707   13.3888
    7.5000  -37.5000  -30.0000 2341.3799   13.4612
   -7.5000  -30.0000  -30.0000 2363.5298   13.0147
    0.0000  -30.0000  -30.0000 2389.4971   12.9722
    7.5000  -30.0000  -30.0000 2363.9158   13.0430
   -7.5000  -22.5000  -30.0000 2371.4280   12.8770
    0.0000  -22.5000  -30.0000 2397.5212   12.7996
    7.5000  -22.5000  -30.0000 2369.8799   12.8707
   -7.5000  -15.0000  -30.0000 2373.8357   12.9621
    0.0000  -15.0000  -30.0000 2401.3420   12.8859
    7.5000  -15.0000  -30.0000 2372.6567   12.9548
   -7.5000   -7.5000  -30.0000 2348.5735   13.3434
    0.0000   -7.5000  -30.0000 2375.2920   13.2825
    7.5000   -7.5000  -30.0000 2348.2061   13.3497
   -7.5000    0.0000  -30.0000 2297.9448   13.9795
    0.0000    0.0000  -30.0000 2325.5200   13.9287
    7.5000    0.0000  -30.0000 2298.4216   13.9894
   -7.5000    7.5000  -30.0000 2230.0322   14.8261
    0.0000    7.5000  -30.0000 2254.0088   14.7579
    7.5000    7.5000  -30.0000 2228.2896   14.8313
   -7.5000   15.0000  -30.0000 2144.5198   15.9242
    0.0000   15.0000  -30.0000 2166.7446   15.8801
    7.5000   15.0000  -30.0000 2142.9885   15.9616
   -7.5000   22.5000  -30.0000 2043.9674   17.5131
    0.0000   22.5000  -30.0000 2059.1948   17.4384
    7.5000   22.5000  -30.0000 2035.8032   17.5524
   -7.5000   30.0000  -30.0000 1923.1971   19.7235
    0.0000   30.0000  -30.0000 1937.3575   19.5942
    7.5000   30.0000  -30.0000 1916.9895   19.7011
   -7.5000  -60.0000  -22.5000 2254.2812   15.6701
    0.0000  -60.0000  -22.5000 2269.7642   15.6481
    7.5000  -60.0000  -22.5000 2250.2009   15.6990
   -7.5000  -52.5000  -22.5000 2352.8674   14.3461
    0.0000  -52.5000  -22.5000 2370.0110   14.3420
    7.5000  -52.5000  -22.5000 2350.0876   14.3877
   -7.5000  -45.0000  -22.5000 2441.8857   13.5040
    0.0000  -45.0000  -22.5000 2461.0142   13.5090
    7.5000  -45.0000  -22.5000 2437.2419   13.5390
   -7.5000  -37.5000  -22.5000 2484.5703   12.8678
    0.0000  -37.5000  -22.5000 2507.3071   12.8640
    7.5000  -37.5000  -22.5000 2485.1296   12.9165
   -7.5000  -30.0000  -22.5000 2515.0020   12.4702
    0.0000  -30.0000  -22.5000 2545.9897   12.4257
    7.5000  -30.0000  -22.5000 2512.5967   12.4975
   -7.5000  -22.5000  -22.5000 2520.3870   12.3331
    0.0000  -22.5000  -22.5000 2547.5476   12.2734
    7.5000  -22.5000  -22.5000 2521.6042   12.3426
   -7.5000  -15.0000  -22.5000 2522.3879   12.3988
    0.0000  -15.0000  -22.5000 2546.4448   12.3486
    7.5000  -15.0000  -22.5000 2521.2134   12.4161
   -7.5000   -7.5000  -22.5000 2495.3003   12.7442
    0.0000   -7.5000  -22.5000 2521.4529   12.6941
    7.5000   -7.5000  -22.5000 2496.9729   12.7787
   -7.5000    0.0000  -22.5000 2447.2742   13.3199
    0.0000    0.0000  -22.5000 2474.8015   13.2597
    7.5000    0.0000  -22.5000 2443.5178   13.3625
   -7.5000    7.5000  -22.5000 2369.3953   14.1011
    0.0000    7.5000  -22.5000 2396.6443   14.0327
    7.5000    7.5000  -22.5000 2369.5515   14.1405
   -7.5000   15.0000  -22.5000 2275.6753   15.1476
    0.0000   15.0000  -22.5000 2297.8704   15.0894
    7.5000   15.0000  -22.5000 2274.0293   15.1676
   -7.5000   22.5000  -22.5000 2168.5669   16.6368
    0.0000   22.5000  -22.5000 2182.0378   16.5690
    7.5000   22.5000  -22.5000 2159.4773   16.6580
   -7.5000   30.0000  -22.5000 2039.9596   18.7105
    0.0000   30.0000  -22.5000 2056.8123   18.6279
    7.5000   30.0000  -22.5000 2034.6704   18.6941
   -7.5000  -60.0000  -15.0000 2341.1951   15.0998
    0.0000  -60.0000  -15.0000 2359.4895   15.0909
    7.5000  -60.0000  -15.0000 2336.9624   15.1574
   -7.5000  -52.5000  -15.0000 2439.8696   13.7404
    0.0000  -52.5000  -15.0000 2457.9121   13.7102
    7.5000  -52.5000  -15.0000 2435.5181   13.8025
   -7.5000  -45.0000  -15.0000 2539.2427   12.8741
    0.0000  -45.0000  -15.0000 2561.5239   12.8513
    7.5000  -45.0000  -15.0000 2537.3240   12.9162
   -7.5000  -37.5000  -15.0000 2598.3328   12.2285
    0.0000  -37.5000  -15.0000 2623.2981   12.2082
    7.5000  -37.5000  -15.0000 2597.0911   12.2496
   -7.5000  -30.0000  -15.0000 2637.9907   11.8216
    0.0000  -30.0000  -15.0000 2664.6458   11.7823
    7.5000  -30.0000  -15.0000 2632.6074   11.8544
   -7.5000  -22.5000  -15.0000 2650.2998   11.6879
    0.0000  -22.5000  -15.0000 2676.3782   11.6420
    7.5000  -22.5000  -15.0000 2646.9651   11.7010
   -7.5000  -15.0000  -15.0000 2649.5220   11.7677
    0.0000  -15.0000  -15.0000 2672.4617   11.7223
    7.5000  -15.0000  -15.0000 2643.0137   11.7878
   -7.5000   -7.5000  -15.0000 2626.4399   12.0804
    0.0000   -7.5000  -15.0000 2653.6030   12.0316
    7.5000   -7.5000  -15.0000 2620.4783   12.1351
   -7.5000    0.0000  -15.0000 2572.4258   12.6160
    0.0000    0.0000  -15.0000 2601.6472   12.5546
    7.5000    0.0000  -15.0000 2568.8640   12.6725
   -7.5000    7.5000  -15.0000 2489.2754   13.3357
    0.0000    7.5000  -15.0000 2518.7754   13.2698
    7.5000    7.5000  -15.0000 2491.1128   13.3963
   -7.5000   15.0000  -15.0000 2386.4688   14.3343
    0.0000   15.0000  -15.0000 2407.3972   14.2627
    7.5000   15.0000  -15.0000 2384.2275   14.3871
   -7.5000   22.5000  -15.0000 2266.8362   15.7356
    0.0000   22.5000  -15.0000 2281.5227   15.6754
    7.5000   22.5000  -15.0000 2260.5261   15.7639
   -7.5000   30.0000  -15.0000 2132.9509   17.6568
    0.0000   30.0000  -15.0000 2151.6616   17.5878
    7.5000   30.0000  -15.0000 2128.5066   17.6621
   -7.5000  -60.0000   -7.5000 2383.4851   14.4136
    0.0000  -60.0000   -7.5000 2402.8459   14.3421
    7.5000  -60.0000   -7.5000 2381.8691   14.4529
   -7.5000  -52.5000   -7.5000 2484.5237   13.0335
    0.0000  -52.5000   -7.5000 2503.8142   12.9973
    7.5000  -52.5000   -7.5000 2488.4768   13.1271
   -7.5000  -45.0000   -7.5000 2596.4177   12.1786
    0.0000  -45.0000   -7.5000 2626.8550   12.1479
    7.5000  -45.0000   -7.5000 2600.1331   12.2506
   -7.5000  -37.5000   -7.5000 2673.9705   11.5141
    0.0000  -37.5000   -7.5000 2695.3735   11.4738
    7.5000  -37.5000   -7.5000 2672.4509   11.5536
   -7.5000  -30.0000   -7.5000 2717.9797   11.1162
    0.0000  -30.0000   -7.5000 2744.6672   11.0590
    7.5000  -30.0000   -7.5000 2713.3000   11.1327
   -7.5000  -22.5000   -7.5000 2742.8220   10.9597
    0.0000  -22.5000   -7.5000 2768.1348   10.9050
    7.5000  -22.5000   -7.5000 2735.2698   10.9811
   -7.5000  -15.0000   -7.5000 2748.4370   11.0299
    0.0000  -15.0000   -7.5000 2777.0710   10.9843
    7.5000  -15.0000   -7.5000 2741.1921   11.0679
   -7.5000   -7.5000   -7.5000 2725.3574   11.3508
    0.0000   -7.5000   -7.5000 2754.3865   11.2968
    7.5000   -7.5000   -7.5000 2719.6562   11.3896
   -7.5000    0.0000   -7.5000 2664.4180   11.8575
    0.0000    0.0000   -7.5000 2695.0588   11.7824
    7.5000    0.0000   -7.5000 2662.3379   11.9039
   -7.5000    7.5000   -7.5000 2575.5054   12.5505
    0.0000    7.5000   -7.5000 2604.7231   12.4738
    7.5000    7.5000   -7.5000 2575.5076   12.6004
   -7.5000   15.0000   -7.5000 2466.5715   13.5047
    0.0000   15.0000   -7.5000 2487.8127   13.4587
    7.5000   15.0000   -7.5000 2463.3010   13.5643
   -7.5000   22.5000   -7.5000 2335.6404   14.8673
    0.0000   22.5000   -7.5000 2353.8972   14.7802
    7.5000   22.5000   -7.5000 2330.0876   14.8916
   -7.5000   30.0000   -7.5000 2197.3936   16.6507
    0.0000   30.0000   -7.5000 2214.1016   16.5796
    7.5000   30.0000   -7.5000 2193.4553   16.6898
   -7.5000  -60.0000    0.0000 2414.6460   13.9578
    0.0000  -60.0000    0.0000 2439.3469   13.8505
    7.5000  -60.0000    0.0000 2417.0063   14.0288
   -7.5000  -52.5000    0.0000 2525.6602   12.6116
    0.0000  -52.5000    0.0000 2551.1357   12.5228
    7.5000  -52.5000    0.0000 2530.9998   12.6965
   -7.5000  -45.0000    0.0000 2647.6650   11.7465
    0.0000  -45.0000    0.0000 2676.0100   11.6771
    7.5000  -45.0000    0.0000 2652.1069   11.7971
   -7.5000  -37.5000    0.0000 2734.9043   11.0342
    0.0000  -37.5000    0.0000 2760.7642   10.9605
    7.5000  -37.5000    0.0000 2740.1873   11.0716
   -7.5000  -30.0000    0.0000 2788.7153   10.6105
    0.0000  -30.0000    0.0000 2824.1394   10.5296
    7.5000  -30.0000    0.0000 2792.0659   10.6506
   -7.5000  -22.5000    0.0000 2823.2085   10.4258
    0.0000  -22.5000    0.0000 2860.1606   10.3602
    7.5000  -22.5000    0.0000 2823.4744   10.4666
   -7.5000  -15.0000    0.0000 2838.4512   10.4899
    0.0000  -15.0000    0.0000 2875.7241   10.4105
    7.5000  -15.0000    0.0000 2829.3152   10.5263
   -7.5000   -7.5000    0.0000 2817.2788   10.8212
    0.0000   -7.5000    0.0000 2848.4617   10.7332
    7.5000   -7.5000    0.0000 2809.2302   10.8578
   -7.5000    0.0000    0.0000 2750.7244   11.3168
    0.0000    0.0000    0.0000 2781.1428   11.2340
    7.5000    0.0000    0.0000 2747.1062   11.3667
   -7.5000    7.5000    0.0000 2654.8323   12.0007
    0.0000    7.5000    0.0000 2685.6626   11.9124
    7.5000    7.5000    0.0000 2652.0925   12.0578
   -7.5000   15.0000    0.0000 2538.3760   12.9441
    0.0000   15.0000    0.0000 2565.2324   12.8704
    7.5000   15.0000    0.0000 2529.6628   13.0088
   -7.5000   22.5000    0.0000 2403.0491   14.2754
    0.0000   22.5000    0.0000 2426.3770   14.1844
    7.5000   22.5000    0.0000 2392.9961   14.3327
   -7.5000   30.0000    0.0000 2255.4204   16.0263
    0.0000   30.0000    0.0000 2276.0518   15.9318
    7.5000   30.0000    0.0000 2250.4900   16.0535
   -7.5000  -60.0000    7.5000 2424.1379   13.6306
    0.0000  -60.0000    7.5000 2444.4053   13.5120
    7.5000  -60.0000    7.5000 2427.0393   13.7013
   -7.5000  -52.5000    7.5000 2541.3901   12.2926
    0.0000  -52.5000    7.5000 2564.9326   12.1896
    7.5000  -52.5000    7.5000 2544.9978   12.3512
   -7.5000  -45.0000    7.5000 2666.7681   11.3960
    0.0000  -45.0000    7.5000 2697.9885   11.3061
    7.5000  -45.0000    7.5000 2672.1116   11.4405
   -7.5000  -37.5000    7.5000 2768.5923   10.6686
    0.0000  -37.5000    7.5000 2802.5891   10.5637
    7.5000  -37.5000    7.5000 2780.5371   10.7026
   -7.5000  -30.0000    7.5000 2839.7546   10.2271
    0.0000  -30.0000    7.5000 2878.6509   10.1168
    7.5000  -30.0000    7.5000 2848.0466   10.2578
   -7.5000  -22.5000    7.5000 2884.6494   10.0505
    0.0000  -22.5000    7.5000 2931.9004    9.9407
    7.5000  -22.5000    7.5000 2885.9497   10.0868
   -7.5000  -15.0000    7.5000 2910.0754   10.0858
    0.0000  -15.0000    7.5000 2953.6414    9.9603
    7.5000  -15.0000    7.5000 2893.4934   10.1400
   -7.5000   -7.5000    7.5000 2882.0920   10.3953
    0.0000   -7.5000    7.5000 2916.8794   10.2804
    7.5000   -7.5000    7.5000 2862.9177   10.4368
   -7.5000    0.0000    7.5000 2808.6562   10.8613
    0.0000    0.0000    7.5000 2841.7087   10.7612
    7.5000    0.0000    7.5000 2795.6724   10.9070
   -7.5000    7.5000    7.5000 2708.7690   11.5249
    0.0000    7.5000    7.5000 2741.9854   11.4235
    7.5000    7.5000    7.5000 2702.2747   11.5768
   -7.5000   15.0000    7.5000 2581.5994   12.4886
    0.0000   15.0000    7.5000 2609.4099   12.3815
    7.5000   15.0000    7.5000 2572.4626   12.5387
   -7.5000   22.5000    7.5000 2439.9280   13.8310
    0.0000   22.5000    7.5000 2465.3208   13.7257
    7.5000   22.5000    7.5000 2429.7019   13.8716
   -7.5000   30.0000    7.5000 2288.6589   15.5104
    0.0000   30.0000    7.5000 2313.2114   15.4099
    7.5000   30.0000    7.5000 2283.4575   15.5292
   -7.5000  -60.0000   15.0000 2408.4951   13.4884
    0.0000  -60.0000   15.0000 2432.1150   13.3957
    7.5000  -60.0000   15.0000 2409.7871   13.5670
   -7.5000  -52.5000   15.0000 2532.6475   12.1254
    0.0000  -52.5000   15.0000 2560.7166   12.0280
    7.5000  -52.5000   15.0000 2533.8721   12.2017
   -7.5000  -45.0000   15.0000 2666.1323   11.2170
    0.0000  -45.0000   15.0000 2696.6709   11.0967
    7.5000  -45.0000   15.0000 2671.2727   11.2849
   -7.5000  -37.5000   15.0000 2774.9880   10.4773
    0.0000  -37.5000   15.0000 2812.7214   10.3564
    7.5000  -37.5000   15.0000 2783.6301   10.5425
   -7.5000  -30.0000   15.0000 2863.7468   10.0385
    0.0000  -30.0000   15.0000 2904.8652    9.9240
    7.5000  -30.0000   15.0000 2868.6804   10.0729
   -7.5000  -22.5000   15.0000 2930.3904    9.9131
    0.0000  -22.5000   15.0000 2981.8186    9.8040
    7.5000  -22.5000   15.0000 2927.0210    9.9085
   -7.5000  -15.0000   15.0000 2956.1729    9.9674
    0.0000  -15.0000   15.0000 3004.0298    9.8608
    7.5000  -15.0000   15.0000 2932.9167    9.9914
   -7.5000   -7.5000   15.0000 2921.3162   10.1864
    0.0000   -7.5000   15.0000 2961.3203   10.0784
    7.5000   -7.5000   15.0000 2894.3660   10.2268
   -7.5000    0.0000   15.0000 2845.3816   10.5885
    0.0000    0.0000   15.0000 2874.6360   10.4918
    7.5000    0.0000   15.0000 2823.2000   10.6462
   -7.5000    7.5000   15.0000 2736.4285   11.2375
    0.0000    7.5000   15.0000 2765.0896   11.1416
    7.5000    7.5000   15.0000 2729.8447   11.2892
   -7.5000   15.0000   15.0000 2606.4475   12.2096
    0.0000   15.0000   15.0000 2626.6604   12.1285
    7.5000   15.0000   15.0000 2593.0798   12.2566
   -7.5000   22.5000   15.0000 2460.0454   13.4999
    0.0000   22.5000   15.0000 2481.2515   13.4344
    7.5000   22.5000   15.0000 2447.3479   13.5606
   -7.5000   30.0000   15.0000 2305.3123   15.1267
    0.0000   30.0000   15.0000 2326.1331   15.0765
    7.5000   30.0000   15.0000 2297.1663   15.1639
   -7.5000  -60.0000   22.5000 2381.8474   13.5272
    0.0000  -60.0000   22.5000 2407.0833   13.4121
    7.5000  -60.0000   22.5000 2385.6069   13.6404
   -7.5000  -52.5000   22.5000 2505.2710   12.1617
    0.0000  -52.5000   22.5000 2529.8347   12.0321
    7.5000  -52.5000   22.5000 2506.3113   12.2793
   -7.5000  -45.0000   22.5000 2647.8572   11.2461
    0.0000  -45.0000   22.5000 2675.1375   11.1354
    7.5000  -45.0000   22.5000 2645.4080   11.3504
   -7.5000  -37.5000   22.5000 2766.4568   10.4902
    0.0000  -37.5000   22.5000 2798.3398   10.3971
    7.5000  -37.5000   22.5000 2762.5945   10.5744
   -7.5000  -30.0000   22.5000 2868.4915   10.0303
    0.0000  -30.0000   22.5000 2905.2114    9.9316
    7.5000  -30.0000   22.5000 2863.8047   10.1005
   -7.5000  -22.5000   22.5000 2950.1252    9.8791
    0.0000  -22.5000   22.5000 2997.7188    9.8174
    7.5000  -22.5000   22.5000 2932.2908    9.9103
   -7.5000  -15.0000   22.5000 2967.0613    9.9428
    0.0000  -15.0000   22.5000 3017.8008    9.8854
    7.5000  -15.0000   22.5000 2939.3108    9.9784
   -7.5000   -7.5000   22.5000 2930.2126   10.1425
    0.0000   -7.5000   22.5000 2969.6572   10.0609
    7.5000   -7.5000   22.5000 2898.1790   10.1979
   -7.5000    0.0000   22.5000 2841.4915   10.5831
    0.0000    0.0000   22.5000 2872.4453   10.5021
    7.5000    0.0000   22.5000 2820.7085   10.6473
   -7.5000    7.5000   22.5000 2735.9014   11.1995
    0.0000    7.5000   22.5000 2758.0332   11.1177
    7.5000    7.5000   22.5000 2726.4636   11.2595
   -7.5000   15.0000   22.5000 2609.0669   12.1423
    0.0000   15.0000   22.5000 2624.5068   12.0449
    7.5000   15.0000   22.5000 2593.8242   12.1824
   -7.5000   22.5000   22.5000 2460.7407   13.3755
    0.0000   22.5000   22.5000 2478.4866   13.3115
    7.5000   22.5000   22.5000 2452.6187   13.4442
   -7.5000   30.0000   22.5000 2304.7368   14.9796
    0.0000   30.0000   22.5000 2322.3064   14.9023
    7.5000   30.0000   22.5000 2296.1272   15.0530
   -7.5000  -60.0000   30.0000 2355.5813   13.8427
    0.0000  -60.0000   30.0000 2378.8799   13.7530
    7.5000  -60.0000   30.0000 2357.0220   14.0095
   -7.5000  -52.5000   30.0000 2473.8125   12.4375
    0.0000  -52.5000   30.0000 2497.3091   12.3423
    7.5000  -52.5000   30.0000 2471.7668   12.5959
   -7.5000  -45.0000   30.0000 2616.8748   11.4933
    0.0000  -45.0000   30.0000 2642.4729   11.3862
    7.5000  -45.0000   30.0000 2607.7471   11.5990
   -7.5000  -37.5000   30.0000 2737.1772   10.7044
    0.0000  -37.5000   30.0000 2767.2278   10.5990
    7.5000  -37.5000   30.0000 2728.3542   10.7974
   -7.5000  -30.0000   30.0000 2845.3530   10.2168
    0.0000  -30.0000   30.0000 2882.7383   10.1080
    7.5000  -30.0000   30.0000 2834.4160   10.2925
   -7.5000  -22.5000   30.0000 2926.6941   10.0147
    0.0000  -22.5000   30.0000 2972.1707    9.9410
    7.5000  -22.5000   30.0000 2904.9851   10.0930
   -7.5000  -15.0000   30.0000 2943.0449   10.0227
    0.0000  -15.0000   30.0000 2981.0723    9.9207
    7.5000  -15.0000   30.0000 2917.9392   10.1289
   -7.5000   -7.5000   30.0000 2905.3206   10.2741
    0.0000   -7.5000   30.0000 2941.1487   10.1577
    7.5000   -7.5000   30.0000 2880.1040   10.3664
   -7.5000    0.0000   30.0000 2815.9387   10.7690
    0.0000    0.0000   30.0000 2846.5410   10.6784
    7.5000    0.0000   30.0000 2801.7507   10.8354
   -7.5000    7.5000   30.0000 2701.5540   11.4493
    0.0000    7.5000   30.0000 2722.7998   11.3671
    7.5000    7.5000   30.0000 2691.8101   11.5121
   -7.5000   15.0000   30.0000 2577.8611   12.3519
    0.0000   15.0000   30.0000 2591.2593   12.2974
    7.5000   15.0000   30.0000 2565.8145   12.4126
   -7.5000   22.5000   30.0000 2435.6196   13.5486
    0.0000   22.5000   30.0000 2449.9858   13.5057
    7.5000   22.5000   30.0000 2425.5647   13.6006
   -7.5000   30.0000   30.0000 2286.0049   15.0929
    0.0000   30.0000   30.0000 2302.0366   15.0190
    7.5000   30.0000   30.0000 2276.3188   15.1493
   -7.5000  -60.0000   37.5000 2322.9622   14.3561
    0.0000  -60.0000   37.5000 2347.2812   14.2902
    7.5000  -60.0000   37.5000 2320.7007   14.5539
   -7.5000  -52.5000   37.5000 2438.5911   12.9186
    0.0000  -52.5000   37.5000 2462.8679   12.8358
    7.5000  -52.5000   37.5000 2433.8921   13.0822
   -7.5000  -45.0000   37.5000 2579.4922   11.9091
    0.0000  -45.0000   37.5000 2600.2839   11.8085
    7.5000  -45.0000   37.5000 2573.1860   12.0628
   -7.5000  -37.5000   37.5000 2693.6128   11.0895
    0.0000  -37.5000   37.5000 2719.3708   10.9642
    7.5000  -37.5000   37.5000 2686.1980   11.2335
   -7.5000  -30.0000   37.5000 2799.4197   10.6054
    0.0000  -30.0000   37.5000 2825.9480   10.4905
    7.5000  -30.0000   37.5000 2784.9160   10.6941
   -7.5000  -22.5000   37.5000 2870.5840   10.3865
    0.0000  -22.5000   37.5000 2903.7290   10.2749
    7.5000  -22.5000   37.5000 2848.3040   10.4757
   -7.5000  -15.0000   37.5000 2885.8657   10.3802
    0.0000  -15.0000   37.5000 2916.8660   10.2459
    7.5000  -15.0000   37.5000 2865.5156   10.4885
   -7.5000   -7.5000   37.5000 2847.7178   10.6073
    0.0000   -7.5000   37.5000 2877.2529   10.4836
    7.5000   -7.5000   37.5000 2830.7446   10.7199
   -7.5000    0.0000   37.5000 2768.8369   11.1154
    0.0000    0.0000   37.5000 2797.5806   11.0110
    7.5000    0.0000   37.5000 2755.7751   11.1988
   -7.5000    7.5000   37.5000 2655.0527   11.7945
    0.0000    7.5000   37.5000 2674.8547   11.6863
    7.5000    7.5000   37.5000 2644.7759   11.8617
   -7.5000   15.0000   37.5000 2530.5657   12.6822
    0.0000   15.0000   37.5000 2551.7029   12.6115
    7.5000   15.0000   37.5000 2523.0166   12.7637
   -7.5000   22.5000   37.5000 2394.4897   13.8931
    0.0000   22.5000   37.5000 2410.3286   13.8317
    7.5000   22.5000   37.5000 2383.2161   13.9575
   -7.5000   30.0000   37.5000 2245.6892   15.3845
    0.0000   30.0000   37.5000 2263.0811   15.3237
    7.5000   30.0000   37.5000 2241.0754   15.4570
   -7.5000  -60.0000   45.0000 2263.4417   14.9543
    0.0000  -60.0000   45.0000 2282.1367   14.8876
    7.5000  -60.0000   45.0000 2259.4414   15.1564
   -7.5000  -52.5000   45.0000 2378.5620   13.4390
    0.0000  -52.5000   45.0000 2400.2949   13.3739
    7.5000  -52.5000   45.0000 2371.9282   13.6388
   -7.5000  -45.0000   45.0000 2509.2146   12.4201
    0.0000  -45.0000   45.0000 2533.6606   12.3201
    7.5000  -45.0000   45.0000 2499.8252   12.6015
   -7.5000  -37.5000   45.0000 2621.8638   11.6042
    0.0000  -37.5000   45.0000 2646.6157   11.4923
    7.5000  -37.5000   45.0000 2611.1792   11.7390
   -7.5000  -30.0000   45.0000 2718.6006   11.0868
    0.0000  -30.0000   45.0000 2746.0725   10.9758
    7.5000  -30.0000   45.0000 2702.0225   11.1989
   -7.5000  -22.5000   45.0000 2772.1409   10.8295
    0.0000  -22.5000   45.0000 2801.2388   10.6969
    7.5000  -22.5000   45.0000 2751.0007   10.9443
   -7.5000  -15.0000   45.0000 2783.0276   10.8194
    0.0000  -15.0000   45.0000 2808.8347   10.6901
    7.5000  -15.0000   45.0000 2766.8186   10.9308
   -7.5000   -7.5000   45.0000 2744.1931   11.0887
    0.0000   -7.5000   45.0000 2769.4819   10.9559
    7.5000   -7.5000   45.0000 2732.9448   11.1578
   -7.5000    0.0000   45.0000 2674.1602   11.5521
    0.0000    0.0000   45.0000 2700.0732   11.4490
    7.5000    0.0000   45.0000 2660.2000   11.6247
   -7.5000    7.5000   45.0000 2565.5483   12.2230
    0.0000    7.5000   45.0000 2587.2727   12.1218
    7.5000    7.5000   45.0000 2558.6646   12.2848
   -7.5000   15.0000   45.0000 2456.0322   13.0929
    0.0000   15.0000   45.0000 2476.1917   13.0078
    7.5000   15.0000   45.0000 2449.7493   13.1638
   -7.5000   22.5000   45.0000 2332.3831   14.2612
    0.0000   22.5000   45.0000 2349.0308   14.1652
    7.5000   22.5000   45.0000 2325.6396   14.3089
   -7.5000   30.0000   45.0000 2179.0771   15.7495
    0.0000   30.0000   45.0000 2198.5781   15.6607
    7.5000   30.0000   45.0000 2178.8921   15.7848
   -7.5000  -60.0000   52.5000 2174.6553   15.5571
    0.0000  -60.0000   52.5000 2197.4053   15.4696
    7.5000  -60.0000   52.5000 2173.5249   15.7254
   -7.5000  -52.5000   52.5000 2289.5220   14.0101
    0.0000  -52.5000   52.5000 2312.7825   13.9201
    7.5000  -52.5000   52.5000 2281.0444   14.1696
   -7.5000  -45.0000   52.5000 2418.4077   13.0024
    0.0000  -45.0000   52.5000 2444.7883   12.8867
    7.5000  -45.0000   52.5000 2405.1709   13.1413
   -7.5000  -37.5000   52.5000 2523.4224   12.1658
    0.0000  -37.5000   52.5000 2550.1040   12.0701
    7.5000  -37.5000   52.5000 2508.4993   12.3126
   -7.5000  -30.0000   52.5000 2606.6929   11.6153
    0.0000  -30.0000   52.5000 2640.1536   11.4975
    7.5000  -30.0000   52.5000 2591.0271   11.7328
   -7.5000  -22.5000   52.5000 2648.9829   11.3240
    0.0000  -22.5000   52.5000 2679.1077   11.2079
    7.5000  -22.5000   52.5000 2633.6038   11.4340
   -7.5000  -15.0000   52.5000 2649.4460   11.3014
    0.0000  -15.0000   52.5000 2676.9048   11.1868
    7.5000  -15.0000   52.5000 2639.5903   11.4107
   -7.5000   -7.5000   52.5000 2611.0486   11.5563
    0.0000   -7.5000   52.5000 2639.5991   11.4361
    7.5000   -7.5000   52.5000 2604.3894   11.6316
   -7.5000    0.0000   52.5000 2541.7002   11.9706
    0.0000    0.0000   52.5000 2571.5408   11.8584
    7.5000    0.0000   52.5000 2537.6853   12.0585
   -7.5000    7.5000   52.5000 2451.4324   12.6264
    0.0000    7.5000   52.5000 2472.2383   12.5118
    7.5000    7.5000   52.5000 2448.5649   12.6944
   -7.5000   15.0000   52.5000 2351.2358   13.4465
    0.0000   15.0000   52.5000 2368.4143   13.3785
    7.5000   15.0000   52.5000 2346.4028   13.5342
   -7.5000   22.5000   52.5000 2236.9263   14.5654
    0.0000   22.5000   52.5000 2254.9316   14.5136
    7.5000   22.5000   52.5000 2230.8347   14.6418
   -7.5000   30.0000   52.5000 2090.6543   16.0625
    0.0000   30.0000   52.5000 2112.0842   15.9853
    7.5000   30.0000   52.5000 2089.4299   16.1207
   -7.5000  -60.0000   60.0000 2118.3005   16.5949
    0.0000  -60.0000   60.0000 2140.0559   16.5467
    7.5000  -60.0000   60.0000 2114.8997   16.8112
   -7.5000  -52.5000   60.0000 2233.5244   15.0218
    0.0000  -52.5000   60.0000 2256.0549   14.9646
    7.5000  -52.5000   60.0000 2219.8340   15.1892
   -7.5000  -45.0000   60.0000 2356.6914   13.9762
    0.0000  -45.0000   60.0000 2381.7700   13.8826
    7.5000  -45.0000   60.0000 2337.3633   14.1241
   -7.5000  -37.5000   60.0000 2453.0303   13.0842
    0.0000  -37.5000   60.0000 2476.6841   12.9957
    7.5000  -37.5000   60.0000 2435.8406   13.2222
   -7.5000  -30.0000   60.0000 2522.2524   12.4778
    0.0000  -30.0000   60.0000 2552.5996   12.3772
    7.5000  -30.0000   60.0000 2507.8647   12.6230
   -7.5000  -22.5000   60.0000 2559.7991   12.1678
    0.0000  -22.5000   60.0000 2585.3423   12.0758
    7.5000  -22.5000   60.0000 2545.7068   12.2980
   -7.5000  -15.0000   60.0000 2554.0132   12.1462
    0.0000  -15.0000   60.0000 2579.4136   12.0543
    7.5000  -15.0000   60.0000 2545.5747   12.2798
   -7.5000   -7.5000   60.0000 2514.3660   12.3855
    0.0000   -7.5000   60.0000 2536.5593   12.2896
    7.5000   -7.5000   60.0000 2509.5549   12.4838
   -7.5000    0.0000   60.0000 2455.7659   12.7772
    0.0000    0.0000   60.0000 2482.0547   12.6781
    7.5000    0.0000   60.0000 2453.3096   12.8679
   -7.5000    7.5000   60.0000 2377.3601   13.3591
    0.0000    7.5000   60.0000 2400.6423   13.2524
    7.5000    7.5000   60.0000 2375.6106   13.4469
   -7.5000   15.0000   60.0000 2280.7527   14.2227
    0.0000   15.0000   60.0000 2296.9175   14.1174
    7.5000   15.0000   60.0000 2271.1956   14.3037
   -7.5000   22.5000   60.0000 2166.5115   15.3370
    0.0000   22.5000   60.0000 2180.9307   15.2700
    7.5000   22.5000   60.0000 2160.1025   15.3847
   -7.5000   30.0000   60.0000 2026.0745   16.8960
    0.0000   30.0000   60.0000 2041.9014   16.8149
    7.5000   30.0000   60.0000 2023.4874   16.9306

---------------------------------------------------------------------
imgreg_4dfp /opt/freesurfer/average/711-2C_as_mni_average_305 /opt/freesurfer/average/711-2B_as_mni_average_305_mask talsrcimg_g11 none talsrcimg_to_711-2C_as_mni_average_305_t4 1283
---------------------------------------------------------------------

freesurfer imgreg_4dfp.c
/opt/freesurfer/average/711-2C_as_mni_average_305.4dfp.img
       256       256       256         1
  1.000000  1.000000  1.000000
orientation T byte_order littleendian
Reading image: /opt/freesurfer/average/711-2C_as_mni_average_305.4dfp.img
dimensions:      256       256       256
mmppix:       1.0000   -1.0000   -1.0000
center:     128.0000 -129.0000 -129.0000
/opt/freesurfer/average/711-2B_as_mni_average_305_mask.4dfp.img
       256       256       256         1
  1.000000  1.000000  1.000000
orientation T byte_order littleendian
Reading mask: /opt/freesurfer/average/711-2B_as_mni_average_305_mask.4dfp.img (2306576 pixels)
talsrcimg_g11.4dfp.img
       256       256       256         1
  0.898438  0.898438  0.898438
orientation T byte_order littleendian
Reading image: talsrcimg_g11.4dfp.img
dimensions:      256       256       256
mmppix:       0.8984   -0.8984   -0.8984
center:     115.0001 -115.8985 -115.8985
rotation matrix determinant  1.000000
fimgreg.f
image alignment mode   1283 decimal      503 hex
parameters
    0.0000  -15.0000   22.5000    0.0000    0.0000    0.0000
eta,q 0.94614  9.87319
niter,ni,del,rscale     5    3   12.0000    1.2000
parameter  4  1.248241 ->  0.500000 qaram    1.1500
parameters
   -0.7301  -17.3286   21.3056   -3.4500    0.1275   -1.8269
eta,q 0.95149  9.83502
  0.0654  0.0556  0.0552  0.0484  0.0564  0.0512
  0.0588  0.0525  0.0541  0.0489  0.0524  0.0493
  0.0544  0.0514  0.0526  0.0500  0.0499  0.0485
  0.0540  0.0536  0.0513  0.0519  0.0490  0.0491
  0.0574  0.0569  0.0529  0.0542  0.0502  0.0508
  0.0639  0.0599  0.0567  0.0565  0.0524  0.0535
  0.0719  0.0644  0.0620  0.0600  0.0554  0.0570
niter,ni,del,rscale     5    3   12.0000    1.2000
parameter  4  2.106174 ->  0.500000 qaram    1.3225
parameters
   -1.2325  -16.0090   20.4088   -7.4175    1.3110   -2.5149
eta,q 0.95625  9.79756
  0.0623  0.0601  0.0514  0.0425  0.0561  0.0486
  0.0549  0.0543  0.0486  0.0437  0.0510  0.0457
  0.0500  0.0505  0.0478  0.0456  0.0468  0.0439
  0.0485  0.0484  0.0481  0.0479  0.0443  0.0439
  0.0517  0.0482  0.0489  0.0518  0.0441  0.0451
  0.0587  0.0499  0.0505  0.0547  0.0460  0.0476
  0.0677  0.0528  0.0544  0.0578  0.0499  0.0513
niter,ni,del,rscale     5    3   12.0000    1.2000
parameter  4  0.566100 ->  0.500000 qaram    1.5209
parameters
   -1.7828  -14.3071   18.5871  -11.9801    1.6624   -2.3730
eta,q 0.96233  9.82378
  0.0592  0.0584  0.0439  0.0413  0.0493  0.0447
  0.0505  0.0519  0.0413  0.0381  0.0441  0.0412
  0.0444  0.0466  0.0410  0.0381  0.0397  0.0388
  0.0437  0.0434  0.0421  0.0411  0.0377  0.0377
  0.0475  0.0420  0.0437  0.0459  0.0391  0.0383
  0.0553  0.0434  0.0453  0.0516  0.0425  0.0407
  0.0655  0.0481  0.0490  0.0558  0.0469  0.0442
niter,ni,del,rscale     5    3   12.0000    1.2000
parameters
   -1.6257  -13.4086   18.7588  -11.8620    1.6789   -2.4012
eta,q 0.96271  9.84882
  0.0607  0.0569  0.0453  0.0509  0.0481  0.0443
  0.0503  0.0469  0.0409  0.0460  0.0428  0.0411
  0.0410  0.0410  0.0378  0.0396  0.0386  0.0384
  0.0377  0.0377  0.0372  0.0373  0.0373  0.0373
  0.0400  0.0381  0.0384  0.0395  0.0392  0.0384
  0.0478  0.0426  0.0405  0.0442  0.0430  0.0411
  0.0592  0.0473  0.0441  0.0510  0.0476  0.0445
niter,ni,del,rscale     4    3   12.0000    1.2000
parameters
   -1.6153  -13.2836   18.8186  -11.9065    1.6880   -2.3993
eta,q 0.96267  9.85300
  0.0599  0.0522  0.0450  0.0506  0.0481  0.0444
  0.0494  0.0438  0.0408  0.0454  0.0429  0.0412
  0.0403  0.0393  0.0377  0.0394  0.0386  0.0385
  0.0373  0.0373  0.0373  0.0373  0.0373  0.0373
  0.0401  0.0399  0.0385  0.0398  0.0392  0.0384
  0.0486  0.0450  0.0406  0.0446  0.0431  0.0411
  0.0603  0.0495  0.0444  0.0514  0.0477  0.0445
niter,ni,del,rscale     3    3   12.0000    1.2000
parameters
   -1.6182  -13.2476   18.8303  -11.9405    1.6954   -2.3934
eta,q 0.96266  9.85426
  0.0599  0.0517  0.0449  0.0505  0.0481  0.0444
  0.0493  0.0436  0.0407  0.0455  0.0429  0.0413
  0.0404  0.0392  0.0377  0.0394  0.0386  0.0386
  0.0373  0.0373  0.0373  0.0373  0.0373  0.0373
  0.0402  0.0402  0.0386  0.0398  0.0393  0.0385
  0.0488  0.0452  0.0407  0.0445  0.0431  0.0411
  0.0605  0.0498  0.0445  0.0514  0.0477  0.0445
registration optimization eta report
parameter search radius
    6.0000    6.0000    6.0000    9.1253    6.0000    6.0000
100000*second partial in parameter space
       63.       36.       21.       16.       29.       19.
  0.0599  0.0517  0.0449  0.0505  0.0481  0.0444
  0.0493  0.0436  0.0407  0.0455  0.0429  0.0413
  0.0404  0.0392  0.0377  0.0394  0.0386  0.0386
  0.0373  0.0373  0.0373  0.0373  0.0373  0.0373
  0.0402  0.0402  0.0386  0.0398  0.0393  0.0385
  0.0488  0.0452  0.0407  0.0445  0.0431  0.0411
  0.0605  0.0498  0.0445  0.0514  0.0477  0.0445
   -1.6182  -13.2476   18.8303  -11.9405    1.6954   -2.3934
eta,q 0.96266  9.85426

---------------------------------------------------------------------
imgreg_4dfp /opt/freesurfer/average/711-2C_as_mni_average_305 /opt/freesurfer/average/711-2B_as_mni_average_305_mask talsrcimg_g11 none talsrcimg_to_711-2C_as_mni_average_305_t4 3335
---------------------------------------------------------------------

freesurfer imgreg_4dfp.c
/opt/freesurfer/average/711-2C_as_mni_average_305.4dfp.img
       256       256       256         1
  1.000000  1.000000  1.000000
orientation T byte_order littleendian
Reading image: /opt/freesurfer/average/711-2C_as_mni_average_305.4dfp.img
dimensions:      256       256       256
mmppix:       1.0000   -1.0000   -1.0000
center:     128.0000 -129.0000 -129.0000
/opt/freesurfer/average/711-2B_as_mni_average_305_mask.4dfp.img
       256       256       256         1
  1.000000  1.000000  1.000000
orientation T byte_order littleendian
Reading mask: /opt/freesurfer/average/711-2B_as_mni_average_305_mask.4dfp.img (2306576 pixels)
talsrcimg_g11.4dfp.img
       256       256       256         1
  0.898438  0.898438  0.898438
orientation T byte_order littleendian
Reading image: talsrcimg_g11.4dfp.img
dimensions:      256       256       256
mmppix:       0.8984   -0.8984   -0.8984
center:     115.0001 -115.8985 -115.8985
fimgreg.f
image alignment mode   3335 decimal      D07 hex
parameters
   -1.6182  -13.2476   18.8303   -0.1310   -2.2746   -2.2065
    4.6973   -2.0281   -4.1742   20.7924    2.9586  -20.6806
eta,q 0.96299  9.90673
niter,ni,del,rscale     5    3    5.0000    1.2000
parameter  4  0.793210 ->  0.500000 qaram    1.1500
parameter  5  1.440677 ->  0.500000 qaram    1.1500
parameter  6  0.595668 ->  0.500000 qaram    1.1500
parameters
   -1.5954  -12.6002   18.5692   -4.2710   -6.4146   -6.3465
    3.0095   -1.3943   -3.8110   18.4711    1.0333  -20.3396
eta,q 0.96939  9.33175
  0.0406  0.0405  0.0381  0.0350  0.0309  0.0312  0.0326  0.0360  0.0326  0.0319  0.0309  0.0319
  0.0387  0.0389  0.0373  0.0349  0.0317  0.0310  0.0315  0.0336  0.0317  0.0309  0.0307  0.0312
  0.0375  0.0377  0.0368  0.0354  0.0331  0.0315  0.0310  0.0319  0.0311  0.0306  0.0306  0.0308
  0.0370  0.0370  0.0368  0.0368  0.0349  0.0320  0.0311  0.0310  0.0309  0.0309  0.0306  0.0306
  0.0373  0.0368  0.0371  0.0389  0.0375  0.0329  0.0319  0.0311  0.0310  0.0318  0.0308  0.0307
  0.0385  0.0372  0.0378  0.0415  0.0405  0.0346  0.0333  0.0324  0.0315  0.0335  0.0312  0.0311
  0.0406  0.0381  0.0388  0.0449  0.0436  0.0377  0.0351  0.0347  0.0323  0.0357  0.0317  0.0317
niter,ni,del,rscale     7    3    5.0000    1.2000
parameter  5  0.714862 ->  0.500000 qaram    1.3225
parameters
   -1.3510  -12.6253   18.6112   -7.5643  -11.1756   -7.8714
    2.7418   -1.2532   -4.1570   18.6768    1.1416  -21.5812
eta,q 0.97130  8.86417
  0.0351  0.0330  0.0321  0.0311  0.0291  0.0311  0.0313  0.0334  0.0301  0.0312  0.0295  0.0296
  0.0328  0.0316  0.0313  0.0306  0.0290  0.0296  0.0299  0.0310  0.0293  0.0298  0.0291  0.0291
  0.0313  0.0308  0.0308  0.0304  0.0294  0.0288  0.0290  0.0293  0.0289  0.0290  0.0289  0.0287
  0.0306  0.0306  0.0306  0.0306  0.0304  0.0291  0.0288  0.0288  0.0288  0.0288  0.0287  0.0287
  0.0308  0.0309  0.0307  0.0315  0.0321  0.0302  0.0291  0.0293  0.0290  0.0289  0.0288  0.0291
  0.0318  0.0318  0.0312  0.0334  0.0343  0.0312  0.0301  0.0307  0.0295  0.0296  0.0291  0.0297
  0.0335  0.0331  0.0320  0.0359  0.0374  0.0326  0.0317  0.0330  0.0304  0.0310  0.0295  0.0306
niter,ni,del,rscale     7    3    5.0000    1.2000
parameters
   -1.3206  -12.2706   18.5734   -8.5504  -13.5743   -8.3103
    2.7409   -1.2390   -4.2128   19.8225    1.3016  -22.4833
eta,q 0.97170  8.69415
  0.0322  0.0316  0.0303  0.0303  0.0302  0.0316  0.0312  0.0328  0.0301  0.0310  0.0292  0.0294
  0.0303  0.0301  0.0294  0.0292  0.0290  0.0299  0.0297  0.0305  0.0291  0.0297  0.0287  0.0287
  0.0291  0.0291  0.0288  0.0287  0.0284  0.0287  0.0287  0.0289  0.0286  0.0287  0.0284  0.0284
  0.0287  0.0287  0.0287  0.0287  0.0286  0.0284  0.0284  0.0284  0.0284  0.0284  0.0283  0.0283
  0.0290  0.0287  0.0289  0.0289  0.0295  0.0294  0.0287  0.0289  0.0286  0.0284  0.0284  0.0286
  0.0301  0.0292  0.0295  0.0298  0.0312  0.0307  0.0297  0.0305  0.0292  0.0288  0.0287  0.0292
  0.0321  0.0303  0.0304  0.0316  0.0336  0.0318  0.0312  0.0328  0.0301  0.0297  0.0291  0.0300
niter,ni,del,rscale     6    3    5.0000    1.2000
parameters
   -1.3526  -11.8115   18.3331   -8.9360  -14.4298   -8.7759
    2.7942   -1.2551   -4.2662   21.0621    1.4036  -23.1547
eta,q 0.97197  8.63614
  0.0316  0.0314  0.0296  0.0302  0.0308  0.0314  0.0309  0.0325  0.0299  0.0308  0.0289  0.0292
  0.0298  0.0299  0.0287  0.0289  0.0293  0.0296  0.0295  0.0302  0.0290  0.0294  0.0284  0.0285
  0.0287  0.0289  0.0283  0.0283  0.0283  0.0284  0.0285  0.0286  0.0283  0.0285  0.0282  0.0281
  0.0283  0.0283  0.0282  0.0282  0.0282  0.0281  0.0281  0.0281  0.0281  0.0281  0.0280  0.0280
  0.0287  0.0282  0.0285  0.0285  0.0287  0.0291  0.0284  0.0287  0.0283  0.0281  0.0281  0.0283
  0.0299  0.0287  0.0292  0.0291  0.0300  0.0305  0.0294  0.0302  0.0290  0.0285  0.0284  0.0289
  0.0318  0.0297  0.0302  0.0307  0.0319  0.0317  0.0309  0.0325  0.0300  0.0294  0.0289  0.0297
niter,ni,del,rscale     5    3    5.0000    1.2000
parameters
   -1.3706  -11.4627   17.9909   -9.1604  -15.2499   -9.3083
    2.8113   -1.2485   -4.3202   22.0846    1.4844  -23.7287
eta,q 0.97219  8.58113
  0.0314  0.0310  0.0292  0.0301  0.0305  0.0312  0.0307  0.0323  0.0298  0.0305  0.0288  0.0290
  0.0295  0.0295  0.0284  0.0287  0.0291  0.0294  0.0292  0.0300  0.0288  0.0292  0.0282  0.0283
  0.0284  0.0285  0.0280  0.0280  0.0282  0.0282  0.0282  0.0284  0.0282  0.0283  0.0279  0.0279
  0.0280  0.0280  0.0280  0.0279  0.0279  0.0279  0.0279  0.0279  0.0279  0.0279  0.0278  0.0278
  0.0284  0.0281  0.0284  0.0282  0.0284  0.0289  0.0282  0.0284  0.0281  0.0279  0.0279  0.0281
  0.0296  0.0286  0.0291  0.0289  0.0297  0.0303  0.0292  0.0300  0.0288  0.0283  0.0282  0.0287
  0.0315  0.0297  0.0301  0.0303  0.0316  0.0317  0.0307  0.0322  0.0299  0.0294  0.0287  0.0294
niter,ni,del,rscale     4    3    5.0000    1.2000
parameters
   -1.3765  -11.1377   17.6626   -9.3710  -15.9749   -9.8317
    2.8242   -1.2309   -4.3866   22.9464    1.5887  -24.2030
eta,q 0.97235  8.53017
  0.0311  0.0308  0.0290  0.0299  0.0303  0.0310  0.0305  0.0321  0.0297  0.0305  0.0286  0.0289
  0.0293  0.0293  0.0282  0.0285  0.0289  0.0293  0.0290  0.0298  0.0287  0.0291  0.0281  0.0282
  0.0282  0.0283  0.0278  0.0278  0.0280  0.0281  0.0280  0.0282  0.0280  0.0281  0.0278  0.0277
  0.0278  0.0278  0.0278  0.0277  0.0277  0.0277  0.0277  0.0277  0.0277  0.0277  0.0277  0.0277
  0.0282  0.0279  0.0282  0.0280  0.0282  0.0286  0.0280  0.0283  0.0279  0.0277  0.0278  0.0279
  0.0293  0.0285  0.0289  0.0287  0.0294  0.0302  0.0290  0.0298  0.0287  0.0283  0.0281  0.0285
  0.0312  0.0295  0.0299  0.0301  0.0314  0.0317  0.0305  0.0320  0.0299  0.0294  0.0286  0.0292
niter,ni,del,rscale     3    3    5.0000    1.2000
parameters
   -1.3786  -10.8522   17.3802   -9.5526  -16.5358  -10.2577
    2.8441   -1.2201   -4.4444   23.6473    1.6848  -24.5436
eta,q 0.97246  8.49069
  0.0309  0.0305  0.0290  0.0298  0.0303  0.0310  0.0303  0.0320  0.0297  0.0304  0.0286  0.0289
  0.0291  0.0291  0.0281  0.0284  0.0288  0.0293  0.0289  0.0297  0.0286  0.0290  0.0280  0.0281
  0.0280  0.0281  0.0276  0.0277  0.0279  0.0280  0.0279  0.0281  0.0279  0.0280  0.0277  0.0276
  0.0276  0.0276  0.0276  0.0276  0.0276  0.0276  0.0276  0.0276  0.0276  0.0276  0.0276  0.0276
  0.0280  0.0277  0.0280  0.0279  0.0279  0.0284  0.0279  0.0281  0.0278  0.0277  0.0277  0.0278
  0.0291  0.0284  0.0287  0.0286  0.0292  0.0300  0.0288  0.0297  0.0286  0.0283  0.0280  0.0283
  0.0310  0.0294  0.0297  0.0299  0.0312  0.0316  0.0303  0.0319  0.0298  0.0295  0.0285  0.0291
niter,ni,del,rscale     2    3    5.0000    1.2000
parameters
   -1.3807  -10.6250   17.1581   -9.6853  -16.9186  -10.5649
    2.8727   -1.2197   -4.4953   24.1626    1.7646  -24.7654
eta,q 0.97250  8.46421
  0.0308  0.0303  0.0289  0.0298  0.0303  0.0310  0.0303  0.0319  0.0297  0.0303  0.0285  0.0289
  0.0290  0.0289  0.0280  0.0283  0.0288  0.0293  0.0288  0.0296  0.0286  0.0289  0.0280  0.0281
  0.0279  0.0279  0.0276  0.0276  0.0278  0.0280  0.0279  0.0280  0.0278  0.0279  0.0276  0.0276
  0.0275  0.0275  0.0275  0.0275  0.0275  0.0275  0.0275  0.0275  0.0275  0.0275  0.0275  0.0275
  0.0279  0.0277  0.0279  0.0278  0.0278  0.0282  0.0278  0.0281  0.0278  0.0277  0.0276  0.0277
  0.0290  0.0283  0.0285  0.0285  0.0289  0.0298  0.0288  0.0296  0.0286  0.0284  0.0279  0.0282
  0.0308  0.0294  0.0295  0.0298  0.0310  0.0314  0.0302  0.0318  0.0298  0.0296  0.0285  0.0290
niter,ni,del,rscale     1    3    5.0000    1.2000
parameters
   -1.3859  -10.4584   16.9973   -9.7718  -17.1782  -10.7804
    2.8981   -1.2313   -4.5355   24.5291    1.8431  -24.9232
eta,q 0.97251  8.44715
  0.0307  0.0301  0.0290  0.0298  0.0303  0.0310  0.0302  0.0318  0.0297  0.0302  0.0285  0.0289
  0.0289  0.0287  0.0281  0.0283  0.0288  0.0293  0.0288  0.0296  0.0285  0.0288  0.0280  0.0281
  0.0278  0.0278  0.0276  0.0276  0.0278  0.0280  0.0278  0.0280  0.0278  0.0278  0.0276  0.0276
  0.0275  0.0275  0.0275  0.0275  0.0275  0.0275  0.0275  0.0275  0.0275  0.0275  0.0275  0.0275
  0.0279  0.0277  0.0278  0.0278  0.0277  0.0281  0.0278  0.0281  0.0278  0.0277  0.0276  0.0277
  0.0290  0.0284  0.0284  0.0285  0.0288  0.0297  0.0287  0.0296  0.0285  0.0284  0.0279  0.0282
  0.0307  0.0294  0.0294  0.0298  0.0308  0.0313  0.0302  0.0318  0.0298  0.0297  0.0285  0.0289
registration optimization eta report
parameter search radius
    2.4000    2.4000    2.4000    8.2800    9.5220    8.2800
    7.2000    7.2000    7.2000    7.2000    7.2000    7.2000
100000*second partial in parameter space
       56.       40.       29.        3.        3.        5.
        5.        8.        4.        5.        2.        3.
  0.0307  0.0301  0.0290  0.0298  0.0303  0.0310  0.0302  0.0318  0.0297  0.0302  0.0285  0.0289
  0.0289  0.0287  0.0281  0.0283  0.0288  0.0293  0.0288  0.0296  0.0285  0.0288  0.0280  0.0281
  0.0278  0.0278  0.0276  0.0276  0.0278  0.0280  0.0278  0.0280  0.0278  0.0278  0.0276  0.0276
  0.0275  0.0275  0.0275  0.0275  0.0275  0.0275  0.0275  0.0275  0.0275  0.0275  0.0275  0.0275
  0.0279  0.0277  0.0278  0.0278  0.0277  0.0281  0.0278  0.0281  0.0278  0.0277  0.0276  0.0277
  0.0290  0.0284  0.0284  0.0285  0.0288  0.0297  0.0287  0.0296  0.0285  0.0284  0.0279  0.0282
  0.0307  0.0294  0.0294  0.0298  0.0308  0.0313  0.0302  0.0318  0.0298  0.0297  0.0285  0.0289
   -1.3859  -10.4584   16.9973   -9.7718  -17.1782  -10.7804
    2.8981   -1.2313   -4.5355   24.5291    1.8431  -24.9232
eta,q 0.97251  8.44715

---------------------------------------------------------------------
imgreg_4dfp /opt/freesurfer/average/711-2C_as_mni_average_305 /opt/freesurfer/average/711-2B_as_mni_average_305_mask talsrcimg_g11 none talsrcimg_to_711-2C_as_mni_average_305_t4 2311
---------------------------------------------------------------------

freesurfer imgreg_4dfp.c
/opt/freesurfer/average/711-2C_as_mni_average_305.4dfp.img
       256       256       256         1
  1.000000  1.000000  1.000000
orientation T byte_order littleendian
Reading image: /opt/freesurfer/average/711-2C_as_mni_average_305.4dfp.img
dimensions:      256       256       256
mmppix:       1.0000   -1.0000   -1.0000
center:     128.0000 -129.0000 -129.0000
/opt/freesurfer/average/711-2B_as_mni_average_305_mask.4dfp.img
       256       256       256         1
  1.000000  1.000000  1.000000
orientation T byte_order littleendian
Reading mask: /opt/freesurfer/average/711-2B_as_mni_average_305_mask.4dfp.img (2306576 pixels)
talsrcimg_g11.4dfp.img
       256       256       256         1
  0.898438  0.898438  0.898438
orientation T byte_order littleendian
Reading image: talsrcimg_g11.4dfp.img
dimensions:      256       256       256
mmppix:       0.8984   -0.8984   -0.8984
center:     115.0001 -115.8985 -115.8985
fimgreg.f
image alignment mode   2311 decimal      907 hex
parameters
   -1.3859  -10.4584   16.9973   -9.7718  -17.1782  -10.7804
    2.8981   -1.2313   -4.5355   24.5291    1.8431  -24.9232
eta,q 0.97251  8.44715
niter,ni,del,rscale     5    3    5.0000    0.8000
parameters
   -1.3953  -10.3730   16.8479  -10.2078  -16.9643  -10.9003
    2.9473   -1.2442   -4.5388   24.7213    1.9251  -25.1222
eta,q 0.97254  8.43641
  0.0289  0.0286  0.0281  0.0281  0.0282  0.0289  0.0288  0.0296  0.0285  0.0287  0.0279  0.0281
  0.0281  0.0280  0.0277  0.0277  0.0278  0.0282  0.0281  0.0284  0.0279  0.0280  0.0277  0.0277
  0.0276  0.0276  0.0275  0.0275  0.0276  0.0277  0.0276  0.0277  0.0276  0.0276  0.0275  0.0275
  0.0275  0.0275  0.0275  0.0275  0.0275  0.0275  0.0275  0.0275  0.0275  0.0275  0.0275  0.0275
  0.0277  0.0276  0.0276  0.0276  0.0275  0.0276  0.0276  0.0277  0.0276  0.0276  0.0275  0.0276
  0.0281  0.0279  0.0279  0.0279  0.0277  0.0283  0.0280  0.0285  0.0279  0.0279  0.0277  0.0278
  0.0289  0.0284  0.0284  0.0283  0.0281  0.0292  0.0287  0.0296  0.0285  0.0285  0.0279  0.0282
niter,ni,del,rscale     4    3    5.0000    0.7000
parameters
   -1.4135  -10.3385   16.7731  -10.2928  -17.0301  -10.9328
    2.9629   -1.2796   -4.5487   24.8194    1.9694  -25.1923
eta,q 0.97254  8.43000
  0.0285  0.0283  0.0280  0.0280  0.0280  0.0287  0.0285  0.0291  0.0283  0.0284  0.0278  0.0280
  0.0279  0.0278  0.0277  0.0277  0.0277  0.0281  0.0279  0.0282  0.0278  0.0279  0.0276  0.0277
  0.0276  0.0276  0.0275  0.0275  0.0275  0.0277  0.0276  0.0276  0.0275  0.0275  0.0275  0.0275
  0.0275  0.0275  0.0275  0.0275  0.0275  0.0275  0.0275  0.0275  0.0275  0.0275  0.0275  0.0275
  0.0276  0.0275  0.0276  0.0276  0.0275  0.0276  0.0276  0.0277  0.0276  0.0276  0.0275  0.0275
  0.0280  0.0278  0.0278  0.0278  0.0277  0.0280  0.0279  0.0282  0.0278  0.0278  0.0276  0.0277
  0.0286  0.0282  0.0281  0.0280  0.0280  0.0288  0.0285  0.0291  0.0283  0.0283  0.0278  0.0280
niter,ni,del,rscale     3    3    5.0000    0.6000
parameters
   -1.4254  -10.3083   16.7430  -10.4035  -17.0932  -10.9041
    2.9676   -1.3022   -4.5593   24.8559    1.9936  -25.2474
eta,q 0.97254  8.42347
  0.0283  0.0281  0.0279  0.0279  0.0278  0.0284  0.0282  0.0287  0.0281  0.0281  0.0277  0.0278
  0.0278  0.0277  0.0276  0.0276  0.0276  0.0279  0.0278  0.0280  0.0277  0.0277  0.0276  0.0276
  0.0275  0.0275  0.0275  0.0275  0.0275  0.0276  0.0275  0.0276  0.0275  0.0275  0.0275  0.0275
  0.0275  0.0275  0.0275  0.0275  0.0275  0.0275  0.0275  0.0275  0.0275  0.0275  0.0275  0.0275
  0.0275  0.0275  0.0275  0.0275  0.0275  0.0275  0.0275  0.0276  0.0275  0.0275  0.0275  0.0275
  0.0278  0.0277  0.0277  0.0277  0.0276  0.0279  0.0278  0.0280  0.0277  0.0278  0.0276  0.0276
  0.0283  0.0280  0.0279  0.0279  0.0279  0.0284  0.0282  0.0287  0.0281  0.0281  0.0277  0.0278
niter,ni,del,rscale     2    3    5.0000    0.5000
parameters
   -1.4324  -10.2925   16.7380  -10.5184  -17.1181  -10.8409
    2.9601   -1.3151   -4.5725   24.8428    2.0284  -25.2668
eta,q 0.97255  8.41862
  0.0280  0.0279  0.0278  0.0277  0.0277  0.0281  0.0280  0.0283  0.0279  0.0279  0.0276  0.0277
  0.0277  0.0276  0.0276  0.0276  0.0276  0.0278  0.0277  0.0278  0.0276  0.0276  0.0275  0.0276
  0.0275  0.0275  0.0275  0.0275  0.0275  0.0276  0.0275  0.0275  0.0275  0.0275  0.0275  0.0275
  0.0275  0.0275  0.0275  0.0275  0.0275  0.0275  0.0275  0.0275  0.0275  0.0275  0.0275  0.0275
  0.0275  0.0275  0.0275  0.0275  0.0275  0.0275  0.0275  0.0275  0.0275  0.0275  0.0275  0.0275
  0.0277  0.0276  0.0276  0.0276  0.0276  0.0277  0.0277  0.0278  0.0276  0.0277  0.0275  0.0276
  0.0280  0.0278  0.0278  0.0278  0.0277  0.0281  0.0280  0.0283  0.0279  0.0279  0.0276  0.0277
niter,ni,del,rscale     1    3    5.0000    0.4000
parameters
   -1.4400  -10.2934   16.7537  -10.6099  -17.1490  -10.7552
    2.9671   -1.3227   -4.5882   24.7849    2.0632  -25.2833
eta,q 0.97255  8.41473
  0.0278  0.0277  0.0277  0.0276  0.0276  0.0279  0.0278  0.0280  0.0277  0.0277  0.0276  0.0276
  0.0276  0.0276  0.0275  0.0275  0.0275  0.0277  0.0276  0.0277  0.0276  0.0276  0.0275  0.0275
  0.0275  0.0275  0.0275  0.0275  0.0275  0.0275  0.0275  0.0275  0.0275  0.0275  0.0275  0.0275
  0.0275  0.0275  0.0275  0.0275  0.0275  0.0275  0.0274  0.0274  0.0274  0.0274  0.0274  0.0274
  0.0275  0.0275  0.0275  0.0275  0.0275  0.0275  0.0275  0.0275  0.0275  0.0275  0.0275  0.0275
  0.0276  0.0276  0.0275  0.0276  0.0275  0.0276  0.0276  0.0277  0.0276  0.0276  0.0275  0.0275
  0.0278  0.0277  0.0276  0.0276  0.0276  0.0279  0.0278  0.0280  0.0277  0.0277  0.0276  0.0276
registration optimization eta report
parameter search radius
    0.8000    0.8000    0.8000    2.4000    2.4000    2.4000
    2.4000    2.4000    2.4000    2.4000    2.4000    2.4000
100000*second partial in parameter space
       57.       40.       30.        3.        3.        8.
        6.       10.        5.        5.        2.        3.
  0.0278  0.0277  0.0277  0.0276  0.0276  0.0279  0.0278  0.0280  0.0277  0.0277  0.0276  0.0276
  0.0276  0.0276  0.0275  0.0275  0.0275  0.0277  0.0276  0.0277  0.0276  0.0276  0.0275  0.0275
  0.0275  0.0275  0.0275  0.0275  0.0275  0.0275  0.0275  0.0275  0.0275  0.0275  0.0275  0.0275
  0.0275  0.0275  0.0275  0.0275  0.0275  0.0275  0.0274  0.0274  0.0274  0.0274  0.0274  0.0274
  0.0275  0.0275  0.0275  0.0275  0.0275  0.0275  0.0275  0.0275  0.0275  0.0275  0.0275  0.0275
  0.0276  0.0276  0.0275  0.0276  0.0275  0.0276  0.0276  0.0277  0.0276  0.0276  0.0275  0.0275
  0.0278  0.0277  0.0276  0.0276  0.0276  0.0279  0.0278  0.0280  0.0277  0.0277  0.0276  0.0276
   -1.4400  -10.2934   16.7537  -10.6099  -17.1490  -10.7552
    2.9671   -1.3227   -4.5882   24.7849    2.0632  -25.2833
eta,q 0.97255  8.41473

---------------------------------------------------------------------
imgreg_4dfp /opt/freesurfer/average/711-2C_as_mni_average_305 /opt/freesurfer/average/711-2B_as_mni_average_305_mask talsrcimg_g11 none talsrcimg_to_711-2C_as_mni_average_305_t4 2311
---------------------------------------------------------------------

freesurfer imgreg_4dfp.c
/opt/freesurfer/average/711-2C_as_mni_average_305.4dfp.img
       256       256       256         1
  1.000000  1.000000  1.000000
orientation T byte_order littleendian
Reading image: /opt/freesurfer/average/711-2C_as_mni_average_305.4dfp.img
dimensions:      256       256       256
mmppix:       1.0000   -1.0000   -1.0000
center:     128.0000 -129.0000 -129.0000
/opt/freesurfer/average/711-2B_as_mni_average_305_mask.4dfp.img
       256       256       256         1
  1.000000  1.000000  1.000000
orientation T byte_order littleendian
Reading mask: /opt/freesurfer/average/711-2B_as_mni_average_305_mask.4dfp.img (2306576 pixels)
talsrcimg_g11.4dfp.img
       256       256       256         1
  0.898438  0.898438  0.898438
orientation T byte_order littleendian
Reading image: talsrcimg_g11.4dfp.img
dimensions:      256       256       256
mmppix:       0.8984   -0.8984   -0.8984
center:     115.0001 -115.8985 -115.8985
fimgreg.f
image alignment mode   2311 decimal      907 hex
parameters
   -1.4400  -10.2934   16.7537  -10.6099  -17.1490  -10.7552
    2.9671   -1.3227   -4.5882   24.7849    2.0632  -25.2833
eta,q 0.97255  8.41473
niter,ni,del,rscale     5    3    5.0000    0.8000
parameters
   -1.4303  -10.2737   16.7961  -10.2708  -17.1723  -10.9559
    2.9884   -1.2998   -4.5728   24.9351    1.9760  -25.1882
eta,q 0.97253  8.42583
  0.0289  0.0285  0.0283  0.0284  0.0282  0.0289  0.0288  0.0296  0.0285  0.0287  0.0279  0.0282
  0.0281  0.0279  0.0278  0.0278  0.0278  0.0282  0.0281  0.0284  0.0279  0.0280  0.0277  0.0278
  0.0276  0.0276  0.0275  0.0275  0.0275  0.0277  0.0276  0.0277  0.0276  0.0276  0.0275  0.0275
  0.0274  0.0274  0.0274  0.0274  0.0275  0.0275  0.0275  0.0275  0.0275  0.0275  0.0275  0.0275
  0.0276  0.0276  0.0275  0.0275  0.0275  0.0276  0.0276  0.0277  0.0276  0.0276  0.0275  0.0275
  0.0281  0.0279  0.0278  0.0278  0.0278  0.0283  0.0280  0.0284  0.0279  0.0279  0.0277  0.0278
  0.0289  0.0284  0.0282  0.0281  0.0282  0.0292  0.0287  0.0296  0.0285  0.0285  0.0280  0.0281
niter,ni,del,rscale     4    3    5.0000    0.7000
parameters
   -1.4267  -10.2686   16.7276  -10.3499  -17.1563  -10.9893
    2.9891   -1.2947   -4.5678   24.9484    2.0129  -25.2286
eta,q 0.97254  8.42175
  0.0286  0.0282  0.0280  0.0280  0.0280  0.0287  0.0285  0.0291  0.0283  0.0283  0.0278  0.0280
  0.0280  0.0278  0.0277  0.0277  0.0277  0.0281  0.0279  0.0282  0.0278  0.0278  0.0276  0.0277
  0.0276  0.0275  0.0275  0.0275  0.0275  0.0277  0.0276  0.0276  0.0276  0.0275  0.0275  0.0275
  0.0275  0.0275  0.0275  0.0275  0.0275  0.0275  0.0275  0.0275  0.0275  0.0275  0.0275  0.0275
  0.0276  0.0276  0.0276  0.0276  0.0275  0.0276  0.0276  0.0277  0.0276  0.0276  0.0275  0.0275
  0.0280  0.0278  0.0278  0.0278  0.0277  0.0280  0.0279  0.0282  0.0278  0.0279  0.0276  0.0277
  0.0286  0.0282  0.0281  0.0280  0.0280  0.0288  0.0285  0.0291  0.0283  0.0283  0.0278  0.0280
niter,ni,del,rscale     3    3    5.0000    0.6000
parameters
   -1.4306  -10.2591   16.7069  -10.4411  -17.1798  -10.9529
    2.9743   -1.3103   -4.5863   24.9384    2.0440  -25.2680
eta,q 0.97254  8.41741
  0.0283  0.0280  0.0279  0.0279  0.0279  0.0284  0.0282  0.0287  0.0281  0.0281  0.0277  0.0278
  0.0278  0.0277  0.0276  0.0276  0.0276  0.0280  0.0278  0.0280  0.0277  0.0277  0.0276  0.0276
  0.0275  0.0275  0.0275  0.0275  0.0275  0.0276  0.0275  0.0276  0.0275  0.0275  0.0275  0.0275
  0.0275  0.0275  0.0275  0.0275  0.0275  0.0275  0.0275  0.0275  0.0275  0.0275  0.0275  0.0275
  0.0275  0.0275  0.0275  0.0275  0.0275  0.0275  0.0275  0.0276  0.0275  0.0276  0.0275  0.0275
  0.0278  0.0277  0.0277  0.0277  0.0276  0.0279  0.0278  0.0280  0.0277  0.0278  0.0276  0.0276
  0.0283  0.0280  0.0279  0.0279  0.0279  0.0284  0.0282  0.0287  0.0281  0.0281  0.0277  0.0278
niter,ni,del,rscale     2    3    5.0000    0.5000
parameters
   -1.4355  -10.2611   16.7091  -10.5390  -17.1943  -10.8742
    2.9731   -1.3213   -4.5905   24.9010    2.0549  -25.2951
eta,q 0.97255  8.41405
  0.0280  0.0279  0.0278  0.0277  0.0277  0.0282  0.0280  0.0283  0.0279  0.0279  0.0276  0.0277
  0.0277  0.0276  0.0276  0.0276  0.0276  0.0278  0.0277  0.0278  0.0276  0.0276  0.0275  0.0276
  0.0275  0.0275  0.0275  0.0275  0.0275  0.0276  0.0275  0.0275  0.0275  0.0275  0.0275  0.0275
  0.0275  0.0275  0.0275  0.0275  0.0275  0.0275  0.0275  0.0275  0.0275  0.0275  0.0275  0.0275
  0.0275  0.0275  0.0275  0.0275  0.0275  0.0275  0.0275  0.0276  0.0275  0.0275  0.0275  0.0275
  0.0277  0.0276  0.0276  0.0276  0.0276  0.0277  0.0277  0.0278  0.0276  0.0277  0.0275  0.0276
  0.0280  0.0279  0.0278  0.0278  0.0277  0.0281  0.0280  0.0283  0.0279  0.0279  0.0276  0.0277
niter,ni,del,rscale     1    3    5.0000    0.4000
parameters
   -1.4418  -10.2649   16.7360  -10.6177  -17.2047  -10.7764
    2.9752   -1.3305   -4.6013   24.8393    2.0505  -25.2840
eta,q 0.97256  8.41183
  0.0278  0.0277  0.0277  0.0276  0.0276  0.0279  0.0278  0.0280  0.0277  0.0277  0.0276  0.0276
  0.0276  0.0276  0.0275  0.0275  0.0275  0.0277  0.0276  0.0277  0.0276  0.0276  0.0275  0.0275
  0.0275  0.0275  0.0275  0.0275  0.0275  0.0275  0.0275  0.0275  0.0275  0.0275  0.0275  0.0275
  0.0275  0.0275  0.0274  0.0275  0.0274  0.0274  0.0274  0.0274  0.0274  0.0274  0.0274  0.0274
  0.0275  0.0275  0.0275  0.0275  0.0275  0.0275  0.0275  0.0275  0.0275  0.0275  0.0275  0.0275
  0.0276  0.0276  0.0275  0.0276  0.0275  0.0276  0.0276  0.0277  0.0276  0.0276  0.0275  0.0275
  0.0278  0.0277  0.0276  0.0277  0.0276  0.0279  0.0278  0.0280  0.0277  0.0277  0.0276  0.0276
registration optimization eta report
parameter search radius
    0.8000    0.8000    0.8000    2.4000    2.4000    2.4000
    2.4000    2.4000    2.4000    2.4000    2.4000    2.4000
100000*second partial in parameter space
       57.       39.       31.        3.        3.        8.
        6.       10.        5.        5.        2.        3.
  0.0278  0.0277  0.0277  0.0276  0.0276  0.0279  0.0278  0.0280  0.0277  0.0277  0.0276  0.0276
  0.0276  0.0276  0.0275  0.0275  0.0275  0.0277  0.0276  0.0277  0.0276  0.0276  0.0275  0.0275
  0.0275  0.0275  0.0275  0.0275  0.0275  0.0275  0.0275  0.0275  0.0275  0.0275  0.0275  0.0275
  0.0275  0.0275  0.0274  0.0275  0.0274  0.0274  0.0274  0.0274  0.0274  0.0274  0.0274  0.0274
  0.0275  0.0275  0.0275  0.0275  0.0275  0.0275  0.0275  0.0275  0.0275  0.0275  0.0275  0.0275
  0.0276  0.0276  0.0275  0.0276  0.0275  0.0276  0.0276  0.0277  0.0276  0.0276  0.0275  0.0275
  0.0278  0.0277  0.0276  0.0277  0.0276  0.0279  0.0278  0.0280  0.0277  0.0277  0.0276  0.0276
   -1.4418  -10.2649   16.7360  -10.6177  -17.2047  -10.7764
    2.9752   -1.3305   -4.6013   24.8393    2.0505  -25.2840
eta,q 0.97256  8.41183

---------------------------------------------------------------------
compute_vox2vox talsrcimg talsrcimg_to_711-2C_as_mni_average_305_t4 /opt/freesurfer/average/711-2C_as_mni_average_305
---------------------------------------------------------------------

freesurfer compute_vox2vox.c
Reading: talsrcimg.4dfp.ifh
Reading: talsrcimg_to_711-2C_as_mni_average_305_t4
Reading: /opt/freesurfer/average/711-2C_as_mni_average_305.4dfp.ifh
Writing: talsrcimg_to_711-2C_as_mni_average_305_t4_vox2vox.txt

start time Wed Mar 11 04:57:02 CET 2026
end		time Wed Mar 11 04:58:29 CET 2026

mpr2mni305 success

avi2talxfm orig_nu.mgz /opt/freesurfer/average/mni305.cor.mgz talsrcimg_to_711-2C_as_mni_average_305_t4_vox2vox.txt transforms/talairach.auto.xfm
avi2talxfm done
mv -f /out/sourcedata/freesurfer/sub-v2s13x29130_ses-1/mri/talsrcimg_to_711-2C_as_mni_average_305_t4_vox2vox.txt /out/sourcedata/freesurfer/sub-v2s13x29130_ses-1/mri/transforms/talsrcimg_to_711-2C_as_mni_average_305_t4_vox2vox.txt
lta_convert --src orig_nu.mgz --trg /opt/freesurfer/average/mni305.cor.mgz --inxfm transforms/talairach.auto.xfm --outlta transforms/talairach.auto.xfm.lta --subject fsaverage
7.3.2

--src: orig_nu.mgz src image (geometry).
--trg: /opt/freesurfer/average/mni305.cor.mgz trg image (geometry).
--inmni: transforms/talairach.auto.xfm input MNI/XFM transform.
--outlta: transforms/talairach.auto.xfm.lta output LTA.
--s: fsaverage subject name
 LTA read, type : 1
 1.11654   0.02564  -0.03229   1.14614;
-0.00744   1.03279   0.31566  -16.24129;
 0.06428  -0.30842   1.11130  -5.43488;
 0.00000   0.00000   0.00000   1.00000;
setting subject to fsaverage
Writing  LTA to file transforms/talairach.auto.xfm.lta...
lta_convert successful.
 
 
Started at Wed Mar 11 04:57:01 CET 2026
Ended   at Wed Mar 11 04:58:29 CET 2026
talairach_avi done
