/out/sourcedata/freesurfer/sub-v2s13x29113_ses-1/mri
/opt/freesurfer/bin/talairach_avi
--i orig_nu.mgz --xfm transforms/talairach.auto.xfm
talairach_avi 7.3.2
Linux dna020 5.14.0-427.37.1.el9_4.x86_64 #1 SMP PREEMPT_DYNAMIC Fri Sep 13 12:41:50 EDT 2024 x86_64 x86_64 x86_64 GNU/Linux
Wed Mar 11 03:51:01 CET 2026
mri_convert orig_nu.mgz talsrcimg.img 
reading from orig_nu.mgz...
TR=0.00, TE=0.00, TI=0.00, flip angle=0.00
i_ras = (-1, 3.88726e-10, 0)
j_ras = (0, -8.29282e-09, -1)
k_ras = (-1.94363e-10, 1, -8.29282e-09)
writing to talsrcimg.img...
Analyze Output Matrix
-0.89844   0.00000  -0.00000   116.72271;
 0.00000  -0.00000   0.89844  -117.73215;
 0.00000  -0.89844  -0.00000   139.05750;
 0.00000   0.00000   0.00000   1.00000;
--------------------
INFO: set hdr.hist.orient to -1
mpr2mni305 talsrcimg
Wed Mar 11 03:51:02 CET 2026
/opt/freesurfer/bin/mpr2mni305 talsrcimg
mpr2mni305 7.3.2
target=711-2C_as_mni_average_305

---------------------------------------------------------------------
analyzeto4dfp talsrcimg -O0 -y
---------------------------------------------------------------------

freesurfer ifh2hdr.c
Wed Mar 11 03:51:02 2026
Writing: talsrcimg.4dfp.hdr
freesurfer analyzeto4dfp.c
Reading: talsrcimg.hdr
header size 348 bytes
hdr.dime.datatype	offset=70	value=2
hdr.dime.bitpix		offset=72	value=8
hdr.hist.orient		offset=252	value=-1
dimensionality     4
dimensions       256       256       256         1
Reading: talsrcimg.img
Writing: talsrcimg.4dfp.img
Writing: talsrcimg.4dfp.ifh
ifh2hdr talsrcimg -r0to235
ori=2

---------------------------------------------------------------------
gauss_4dfp talsrcimg 1.1
---------------------------------------------------------------------

freesurfer gauss_4dfp.c
Reading: talsrcimg.4dfp.img
Writing: talsrcimg_g11.4dfp.img
image dimensions 256 256 256 padded to 288 288 288
processing volume 1freesurfer ifh2hdr.c
Wed Mar 11 03:51:04 2026
Writing: talsrcimg_g11.4dfp.hdr

Writing: talsrcimg_g11.4dfp.ifh
including: talsrcimg.4dfp.img.rec in talsrcimg_g11.4dfp.img.rec

---------------------------------------------------------------------
imgreg_4dfp /opt/freesurfer/average/711-2C_as_mni_average_305 none talsrcimg_g11 none talsrcimg_to_711-2C_as_mni_average_305_t4 4355
---------------------------------------------------------------------

freesurfer imgreg_4dfp.c
/opt/freesurfer/average/711-2C_as_mni_average_305.4dfp.img
       256       256       256         1
  1.000000  1.000000  1.000000
orientation T byte_order littleendian
Reading image: /opt/freesurfer/average/711-2C_as_mni_average_305.4dfp.img
dimensions:      256       256       256
mmppix:       1.0000   -1.0000   -1.0000
center:     128.0000 -129.0000 -129.0000
talsrcimg_g11.4dfp.img
       256       256       256         1
  0.898437  0.898437  0.898437
orientation T byte_order littleendian
Reading image: talsrcimg_g11.4dfp.img
dimensions:      256       256       256
mmppix:       0.8984   -0.8984   -0.8984
center:     114.9999 -115.8984 -115.8984
t4_read: open error in t4_sub.f l:  41 t4_file(1:l)talsrcimg_to_711-2C_as_mni_average_305_t4 
t4_read: transform initialized to I4
rotation matrix determinant  1.000000
image alignment mode   4355 decimal     1103 hex
   -7.5000  -45.0000  -45.0000 6179.0356   15.0701
    0.0000  -45.0000  -45.0000 6212.4922   15.1344
    7.5000  -45.0000  -45.0000 5903.6235   15.1396
   -7.5000  -37.5000  -45.0000 6578.8989   16.0371
    0.0000  -37.5000  -45.0000 6601.6431   16.1037
    7.5000  -37.5000  -45.0000 6285.4985   16.1073
   -7.5000  -30.0000  -45.0000 6946.4458   16.5507
    0.0000  -30.0000  -45.0000 6959.8638   16.6155
    7.5000  -30.0000  -45.0000 6631.6304   16.6193
   -7.5000  -22.5000  -45.0000 7393.1099   16.5378
    0.0000  -22.5000  -45.0000 7421.5649   16.6003
    7.5000  -22.5000  -45.0000 7066.2500   16.6068
   -7.5000  -15.0000  -45.0000 7859.3438   16.5145
    0.0000  -15.0000  -45.0000 7890.6528   16.5783
    7.5000  -15.0000  -45.0000 7501.5283   16.5868
   -7.5000   -7.5000  -45.0000 7950.5166   16.5032
    0.0000   -7.5000  -45.0000 7995.0186   16.5706
    7.5000   -7.5000  -45.0000 7603.0132   16.5785
   -7.5000    0.0000  -45.0000 7990.9536   16.5188
    0.0000    0.0000  -45.0000 8013.2104   16.5892
    7.5000    0.0000  -45.0000 7641.2769   16.5950
   -7.5000    7.5000  -45.0000 7672.4976   16.5427
    0.0000    7.5000  -45.0000 7659.5454   16.6114
    7.5000    7.5000  -45.0000 7315.1704   16.6151
   -7.5000   15.0000  -45.0000 7465.3779   16.5507
    0.0000   15.0000  -45.0000 7427.3057   16.6155
    7.5000   15.0000  -45.0000 7087.9678   16.6193
   -7.5000   22.5000  -45.0000 6844.3647   16.3153
    0.0000   22.5000  -45.0000 6807.6211   16.3770
    7.5000   22.5000  -45.0000 6477.4062   16.3834
   -7.5000   30.0000  -45.0000 6256.8521   15.8579
    0.0000   30.0000  -45.0000 6232.1069   15.9192
    7.5000   30.0000  -45.0000 5894.3862   15.9273
   -7.5000   37.5000  -45.0000 5695.6445   15.4765
    0.0000   37.5000  -45.0000 5655.4868   15.5398
    7.5000   37.5000  -45.0000 5372.9565   15.5472
   -7.5000   45.0000  -45.0000 5169.4834   15.4761
    0.0000   45.0000  -45.0000 5127.2354   15.5466
    7.5000   45.0000  -45.0000 4884.0190   15.5587
   -7.5000  -45.0000  -37.5000 6749.5898   15.7437
    0.0000  -45.0000  -37.5000 6790.2358   15.8021
    7.5000  -45.0000  -37.5000 6432.7700   15.8067
   -7.5000  -37.5000  -37.5000 7167.5640   16.7557
    0.0000  -37.5000  -37.5000 7210.4766   16.8221
    7.5000  -37.5000  -37.5000 6831.0923   16.8290
   -7.5000  -30.0000  -37.5000 7555.3140   17.2626
    0.0000  -30.0000  -37.5000 7598.8418   17.3311
    7.5000  -30.0000  -37.5000 7210.1025   17.3411
   -7.5000  -22.5000  -37.5000 8023.3584   17.2548
    0.0000  -22.5000  -37.5000 8100.2920   17.3185
    7.5000  -22.5000  -37.5000 7664.3330   17.3301
   -7.5000  -15.0000  -37.5000 8524.7939   17.2355
    0.0000  -15.0000  -37.5000 8580.4775   17.2947
    7.5000  -15.0000  -37.5000 8128.6396   17.3049
   -7.5000   -7.5000  -37.5000 8612.9678   17.2239
    0.0000   -7.5000  -37.5000 8665.6064   17.2832
    7.5000   -7.5000  -37.5000 8228.0957   17.2899
   -7.5000    0.0000  -37.5000 8641.2979   17.2351
    0.0000    0.0000  -37.5000 8694.2139   17.2989
    7.5000    0.0000  -37.5000 8261.8125   17.3040
   -7.5000    7.5000  -37.5000 8299.5156   17.2535
    0.0000    7.5000  -37.5000 8316.3779   17.3219
    7.5000    7.5000  -37.5000 7909.2339   17.3290
   -7.5000   15.0000  -37.5000 8071.0483   17.2618
    0.0000   15.0000  -37.5000 8063.7886   17.3303
    7.5000   15.0000  -37.5000 7663.1426   17.3403
   -7.5000   22.5000  -37.5000 7369.5415   17.0241
    0.0000   22.5000  -37.5000 7346.8809   17.0870
    7.5000   22.5000  -37.5000 6964.5151   17.0984
   -7.5000   30.0000  -37.5000 6700.2168   16.5620
    0.0000   30.0000  -37.5000 6690.6196   16.6189
    7.5000   30.0000  -37.5000 6321.7998   16.6286
   -7.5000   37.5000  -37.5000 6084.0674   16.1594
    0.0000   37.5000  -37.5000 6067.8003   16.2151
    7.5000   37.5000  -37.5000 5760.9497   16.2210
   -7.5000   45.0000  -37.5000 5526.8159   16.1271
    0.0000   45.0000  -37.5000 5489.5684   16.1925
    7.5000   45.0000  -37.5000 5226.9629   16.2049
   -7.5000  -45.0000  -30.0000 7352.3174   16.4266
    0.0000  -45.0000  -30.0000 7407.6528   16.4860
    7.5000  -45.0000  -30.0000 7008.7534   16.4960
   -7.5000  -37.5000  -30.0000 7773.9526   17.4881
    0.0000  -37.5000  -30.0000 7851.3364   17.5567
    7.5000  -37.5000  -30.0000 7416.4219   17.5703
   -7.5000  -30.0000  -30.0000 8181.3960   17.9896
    0.0000  -30.0000  -30.0000 8265.1621   18.0611
    7.5000  -30.0000  -30.0000 7814.4526   18.0781
   -7.5000  -22.5000  -30.0000 8684.7607   17.9802
    0.0000  -22.5000  -30.0000 8784.8037   18.0471
    7.5000  -22.5000  -30.0000 8289.5459   18.0653
   -7.5000  -15.0000  -30.0000 9205.5762   17.9610
    0.0000  -15.0000  -30.0000 9290.9531   18.0230
    7.5000  -15.0000  -30.0000 8763.1562   18.0393
   -7.5000   -7.5000  -30.0000 9296.5928   17.9513
    0.0000   -7.5000  -30.0000 9394.6123   18.0120
    7.5000   -7.5000  -30.0000 8863.6777   18.0242
   -7.5000    0.0000  -30.0000 9328.9648   17.9640
    0.0000    0.0000  -30.0000 9411.6348   18.0289
    7.5000    0.0000  -30.0000 8887.1270   18.0398
   -7.5000    7.5000  -30.0000 8943.9287   17.9805
    0.0000    7.5000  -30.0000 8976.4766   18.0510
    7.5000    7.5000  -30.0000 8485.1992   18.0649
   -7.5000   15.0000  -30.0000 8714.9814   17.9872
    0.0000   15.0000  -30.0000 8743.5586   18.0586
    7.5000   15.0000  -30.0000 8250.5742   18.0756
   -7.5000   22.5000  -30.0000 7912.2124   17.7405
    0.0000   22.5000  -30.0000 7922.0830   17.8066
    7.5000   22.5000  -30.0000 7472.8901   17.8246
   -7.5000   30.0000  -30.0000 7163.0713   17.2718
    0.0000   30.0000  -30.0000 7174.1226   17.3313
    7.5000   30.0000  -30.0000 6769.5684   17.3470
   -7.5000   37.5000  -30.0000 6489.8198   16.8693
    0.0000   37.5000  -30.0000 6487.4067   16.9257
    7.5000   37.5000  -30.0000 6146.3281   16.9370
   -7.5000   45.0000  -30.0000 5899.3027   16.8281
    0.0000   45.0000  -30.0000 5874.7368   16.8944
    7.5000   45.0000  -30.0000 5584.7480   16.9133
   -7.5000  -45.0000  -22.5000 7919.7368   17.0295
    0.0000  -45.0000  -22.5000 7972.8013   17.0977
    7.5000  -45.0000  -22.5000 7538.6626   17.1145
   -7.5000  -37.5000  -22.5000 8371.4961   18.1458
    0.0000  -37.5000  -22.5000 8444.9102   18.2190
    7.5000  -37.5000  -22.5000 7983.3682   18.2361
   -7.5000  -30.0000  -22.5000 8811.7734   18.6461
    0.0000  -30.0000  -22.5000 8882.2529   18.7186
    7.5000  -30.0000  -22.5000 8396.3652   18.7371
   -7.5000  -22.5000  -22.5000 9381.2236   18.6317
    0.0000  -22.5000  -22.5000 9472.7422   18.7016
    7.5000  -22.5000  -22.5000 8921.0059   18.7235
   -7.5000  -15.0000  -22.5000 9919.6787   18.6069
    0.0000  -15.0000  -22.500010022.5537   18.6767
    7.5000  -15.0000  -22.5000 9434.5869   18.7006
   -7.5000   -7.5000  -22.500010000.8232   18.5956
    0.0000   -7.5000  -22.500010128.6387   18.6672
    7.5000   -7.5000  -22.5000 9507.4697   18.6886
   -7.5000    0.0000  -22.500010023.2822   18.6126
    0.0000    0.0000  -22.500010137.8438   18.6871
    7.5000    0.0000  -22.5000 9526.6318   18.7055
   -7.5000    7.5000  -22.5000 9556.6465   18.6334
    0.0000    7.5000  -22.5000 9634.0381   18.7086
    7.5000    7.5000  -22.5000 9048.0381   18.7261
   -7.5000   15.0000  -22.5000 9294.1201   18.6416
    0.0000   15.0000  -22.5000 9362.9434   18.7141
    7.5000   15.0000  -22.5000 8787.8887   18.7326
   -7.5000   22.5000  -22.5000 8443.0410   18.3852
    0.0000   22.5000  -22.5000 8491.0039   18.4541
    7.5000   22.5000  -22.5000 7973.4482   18.4758
   -7.5000   30.0000  -22.5000 7630.3916   17.9060
    0.0000   30.0000  -22.5000 7675.0957   17.9732
    7.5000   30.0000  -22.5000 7214.9175   17.9962
   -7.5000   37.5000  -22.5000 6902.7373   17.5082
    0.0000   37.5000  -22.5000 6919.5161   17.5744
    7.5000   37.5000  -22.5000 6538.8813   17.5950
   -7.5000   45.0000  -22.5000 6255.1123   17.4817
    0.0000   45.0000  -22.5000 6239.2236   17.5559
    7.5000   45.0000  -22.5000 5916.1475   17.5823
   -7.5000  -45.0000  -15.0000 8467.1318   17.6079
    0.0000  -45.0000  -15.0000 8521.3262   17.6856
    7.5000  -45.0000  -15.0000 8057.8115   17.7040
   -7.5000  -37.5000  -15.0000 8967.4883   18.7681
    0.0000  -37.5000  -15.0000 9030.0215   18.8450
    7.5000  -37.5000  -15.0000 8541.9482   18.8600
   -7.5000  -30.0000  -15.0000 9456.2363   19.2737
    0.0000  -30.0000  -15.0000 9514.2148   19.3453
    7.5000  -30.0000  -15.0000 8991.3916   19.3594
   -7.5000  -22.5000  -15.000010042.9111   19.2569
    0.0000  -22.5000  -15.000010147.2402   19.3279
    7.5000  -22.5000  -15.0000 9549.8350   19.3472
   -7.5000  -15.0000  -15.000010617.0371   19.2243
    0.0000  -15.0000  -15.000010742.3994   19.3013
    7.5000  -15.0000  -15.000010101.3740   19.3259
   -7.5000   -7.5000  -15.000010711.8721   19.2073
    0.0000   -7.5000  -15.000010881.5010   19.2903
    7.5000   -7.5000  -15.000010194.4922   19.3145
   -7.5000    0.0000  -15.000010743.7793   19.2261
    0.0000    0.0000  -15.000010881.0645   19.3109
    7.5000    0.0000  -15.000010205.8301   19.3310
   -7.5000    7.5000  -15.000010165.9111   19.2538
    0.0000    7.5000  -15.000010267.2568   19.3327
    7.5000    7.5000  -15.0000 9620.1641   19.3480
   -7.5000   15.0000  -15.0000 9876.6123   19.2677
    0.0000   15.0000  -15.0000 9965.9395   19.3393
    7.5000   15.0000  -15.0000 9360.7021   19.3534
   -7.5000   22.5000  -15.0000 8954.5908   19.0050
    0.0000   22.5000  -15.0000 9033.8926   19.0751
    7.5000   22.5000  -15.0000 8476.5000   19.0941
   -7.5000   30.0000  -15.0000 8109.4189   18.5140
    0.0000   30.0000  -15.0000 8166.1919   18.5882
    7.5000   30.0000  -15.0000 7664.1616   18.6119
   -7.5000   37.5000  -15.0000 7322.4634   18.1162
    0.0000   37.5000  -15.0000 7356.1333   18.1932
    7.5000   37.5000  -15.0000 6931.6118   18.2169
   -7.5000   45.0000  -15.0000 6621.3809   18.1126
    0.0000   45.0000  -15.0000 6626.8408   18.1956
    7.5000   45.0000  -15.0000 6258.2446   18.2232
   -7.5000  -45.0000   -7.5000 8756.2959   17.5920
    0.0000  -45.0000   -7.5000 8819.4141   17.6699
    7.5000  -45.0000   -7.5000 8344.0576   17.6830
   -7.5000  -37.5000   -7.5000 9287.3252   18.7527
    0.0000  -37.5000   -7.5000 9371.5898   18.8289
    7.5000  -37.5000   -7.5000 8849.4609   18.8379
   -7.5000  -30.0000   -7.5000 9808.9014   19.2619
    0.0000  -30.0000   -7.5000 9900.9111   19.3323
    7.5000  -30.0000   -7.5000 9335.4424   19.3403
   -7.5000  -22.5000   -7.500010400.9355   19.2479
    0.0000  -22.5000   -7.500010515.1035   19.3181
    7.5000  -22.5000   -7.5000 9909.9336   19.3313
   -7.5000  -15.0000   -7.500010979.9395   19.2137
    0.0000  -15.0000   -7.500011129.4375   19.2904
    7.5000  -15.0000   -7.500010452.6562   19.3086
   -7.5000   -7.5000   -7.500011099.1787   19.1927
    0.0000   -7.5000   -7.500011272.6133   19.2759
    7.5000   -7.5000   -7.500010563.4570   19.2943
   -7.5000    0.0000   -7.500011107.3125   19.2088
    0.0000    0.0000   -7.500011294.3486   19.2938
    7.5000    0.0000   -7.500010561.4443   19.3082
   -7.5000    7.5000   -7.500010467.1621   19.2380
    0.0000    7.5000   -7.500010586.6016   19.3161
    7.5000    7.5000   -7.5000 9928.3994   19.3254
   -7.5000   15.0000   -7.500010155.3838   19.2560
    0.0000   15.0000   -7.500010244.6436   19.3264
    7.5000   15.0000   -7.5000 9638.1611   19.3343
   -7.5000   22.5000   -7.5000 9218.9736   18.9961
    0.0000   22.5000   -7.5000 9312.3018   19.0654
    7.5000   22.5000   -7.5000 8729.3838   19.0784
   -7.5000   30.0000   -7.5000 8349.7070   18.5039
    0.0000   30.0000   -7.5000 8416.7041   18.5777
    7.5000   30.0000   -7.5000 7896.1104   18.5953
   -7.5000   37.5000   -7.5000 7536.7969   18.0987
    0.0000   37.5000   -7.5000 7570.7446   18.1765
    7.5000   37.5000   -7.5000 7124.9668   18.1945
   -7.5000   45.0000   -7.5000 6785.9692   18.0973
    0.0000   45.0000   -7.5000 6810.9937   18.1808
    7.5000   45.0000   -7.5000 6430.7578   18.2021
   -7.5000  -45.0000    0.0000 8862.0732   18.0418
    0.0000  -45.0000    0.0000 8928.1191   18.1156
    7.5000  -45.0000    0.0000 8460.5254   18.1225
   -7.5000  -37.5000    0.0000 9421.7793   19.2177
    0.0000  -37.5000    0.0000 9493.2559   19.2943
    7.5000  -37.5000    0.0000 8990.1562   19.2999
   -7.5000  -30.0000    0.000010009.6807   19.7243
    0.0000  -30.0000    0.000010101.5557   19.7990
    7.5000  -30.0000    0.0000 9536.5137   19.8059
   -7.5000  -22.5000    0.000010623.5107   19.7146
    0.0000  -22.5000    0.000010753.3096   19.7873
    7.5000  -22.5000    0.000010119.7168   19.7979
   -7.5000  -15.0000    0.000011155.5381   19.6868
    0.0000  -15.0000    0.000011301.0078   19.7607
    7.5000  -15.0000    0.000010620.3535   19.7732
   -7.5000   -7.5000    0.000011242.9209   19.6680
    0.0000   -7.5000    0.000011404.5391   19.7455
    7.5000   -7.5000    0.000010716.3477   19.7562
   -7.5000    0.0000    0.000011226.8066   19.6805
    0.0000    0.0000    0.000011396.0537   19.7611
    7.5000    0.0000    0.000010717.1240   19.7685
   -7.5000    7.5000    0.000010554.3887   19.7019
    0.0000    7.5000    0.000010678.0508   19.7806
    7.5000    7.5000    0.000010035.6670   19.7863
   -7.5000   15.0000    0.000010238.0352   19.7173
    0.0000   15.0000    0.000010345.5488   19.7920
    7.5000   15.0000    0.0000 9734.1201   19.7989
   -7.5000   22.5000    0.0000 9317.8340   19.4595
    0.0000   22.5000    0.0000 9418.9375   19.5312
    7.5000   22.5000    0.0000 8832.2051   19.5417
   -7.5000   30.0000    0.0000 8465.0830   18.9709
    0.0000   30.0000    0.0000 8547.4414   19.0422
    7.5000   30.0000    0.0000 8003.4883   19.0541
   -7.5000   37.5000    0.0000 7612.7080   18.5612
    0.0000   37.5000    0.0000 7653.2715   18.6344
    7.5000   37.5000    0.0000 7192.1445   18.6445
   -7.5000   45.0000    0.0000 6844.8931   18.5685
    0.0000   45.0000    0.0000 6883.5688   18.6496
    7.5000   45.0000    0.0000 6469.2705   18.6646
   -7.5000  -45.0000    7.5000 8616.3428   18.0669
    0.0000  -45.0000    7.5000 8638.7715   18.1329
    7.5000  -45.0000    7.5000 8231.7930   18.1387
   -7.5000  -37.5000    7.5000 9112.3809   19.2361
    0.0000  -37.5000    7.5000 9148.2324   19.3107
    7.5000  -37.5000    7.5000 8711.8320   19.3196
   -7.5000  -30.0000    7.5000 9742.2197   19.7380
    0.0000  -30.0000    7.5000 9832.3457   19.8153
    7.5000  -30.0000    7.5000 9267.6123   19.8278
   -7.5000  -22.5000    7.500010513.0332   19.7317
    0.0000  -22.5000    7.500010609.0898   19.8045
    7.5000  -22.5000    7.5000 9955.5830   19.8185
   -7.5000  -15.0000    7.500011016.1152   19.7118
    0.0000  -15.0000    7.500011100.4551   19.7798
    7.5000  -15.0000    7.500010484.7812   19.7918
   -7.5000   -7.5000    7.500011013.0977   19.6980
    0.0000   -7.5000    7.500011094.8105   19.7657
    7.5000   -7.5000    7.500010545.3184   19.7737
   -7.5000    0.0000    7.500010960.4795   19.7078
    0.0000    0.0000    7.500011042.6680   19.7799
    7.5000    0.0000    7.500010504.9434   19.7862
   -7.5000    7.5000    7.500010255.9170   19.7208
    0.0000    7.5000    7.500010323.5020   19.7974
    7.5000    7.5000    7.5000 9776.2246   19.8065
   -7.5000   15.0000    7.5000 9956.7598   19.7310
    0.0000   15.0000    7.500010028.0127   19.8083
    7.5000   15.0000    7.5000 9443.0117   19.8208
   -7.5000   22.5000    7.5000 9047.7617   19.4764
    0.0000   22.5000    7.5000 9120.9902   19.5482
    7.5000   22.5000    7.5000 8585.7891   19.5620
   -7.5000   30.0000    7.5000 8217.6895   18.9950
    0.0000   30.0000    7.5000 8300.2168   19.0605
    7.5000   30.0000    7.5000 7776.7524   19.0721
   -7.5000   37.5000    7.5000 7411.9102   18.5850
    0.0000   37.5000    7.5000 7465.6348   18.6490
    7.5000   37.5000    7.5000 6998.8276   18.6560
   -7.5000   45.0000    7.5000 6673.8789   18.5841
    0.0000   45.0000    7.5000 6707.7314   18.6584
    7.5000   45.0000    7.5000 6299.6030   18.6732
   -7.5000  -45.0000   15.0000 8648.7598   18.0890
    0.0000  -45.0000   15.0000 8657.5312   18.1544
    7.5000  -45.0000   15.0000 8259.5420   18.1655
   -7.5000  -37.5000   15.0000 9123.3291   19.2595
    0.0000  -37.5000   15.0000 9123.3926   19.3348
    7.5000  -37.5000   15.0000 8729.8691   19.3499
   -7.5000  -30.0000   15.0000 9764.0781   19.7596
    0.0000  -30.0000   15.0000 9818.5254   19.8382
    7.5000  -30.0000   15.0000 9286.7588   19.8570
   -7.5000  -22.5000   15.000010641.8926   19.7506
    0.0000  -22.5000   15.000010688.9805   19.8245
    7.5000  -22.5000   15.000010080.8760   19.8446
   -7.5000  -15.0000   15.000011259.4365   19.7306
    0.0000  -15.0000   15.000011284.8848   19.7990
    7.5000  -15.0000   15.000010744.5117   19.8169
   -7.5000   -7.5000   15.000011299.8799   19.7195
    0.0000   -7.5000   15.000011283.5498   19.7863
    7.5000   -7.5000   15.000010821.7666   19.7999
   -7.5000    0.0000   15.000011168.3438   19.7319
    0.0000    0.0000   15.000011148.9902   19.8032
    7.5000    0.0000   15.000010678.5322   19.8153
   -7.5000    7.5000   15.000010343.5410   19.7448
    0.0000    7.5000   15.000010337.1602   19.8221
    7.5000    7.5000   15.0000 9843.8369   19.8375
   -7.5000   15.0000   15.0000 9986.2139   19.7526
    0.0000   15.0000   15.000010022.3721   19.8312
    7.5000   15.0000   15.0000 9467.2676   19.8499
   -7.5000   22.5000   15.0000 9063.9463   19.4950
    0.0000   22.5000   15.0000 9118.9189   19.5680
    7.5000   22.5000   15.0000 8611.7129   19.5878
   -7.5000   30.0000   15.0000 8238.6670   19.0131
    0.0000   30.0000   15.0000 8302.9170   19.0790
    7.5000   30.0000   15.0000 7805.9375   19.0963
   -7.5000   37.5000   15.0000 7444.0415   18.6089
    0.0000   37.5000   15.0000 7500.3965   18.6713
    7.5000   37.5000   15.0000 7030.6768   18.6839
   -7.5000   45.0000   15.0000 6680.4878   18.6058
    0.0000   45.0000   15.0000 6737.6040   18.6789
    7.5000   45.0000   15.0000 6314.7246   18.6999
   -7.5000  -45.0000   22.5000 8234.7305   18.2221
    0.0000  -45.0000   22.5000 8235.6914   18.2954
    7.5000  -45.0000   22.5000 7877.1943   18.3134
   -7.5000  -37.5000   22.5000 8711.0771   19.4083
    0.0000  -37.5000   22.5000 8711.6709   19.4870
    7.5000  -37.5000   22.5000 8316.4004   19.5052
   -7.5000  -30.0000   22.5000 9295.9893   19.9140
    0.0000  -30.0000   22.5000 9323.9492   19.9919
    7.5000  -30.0000   22.5000 8848.3105   20.0116
   -7.5000  -22.5000   22.5000 9967.4170   19.8990
    0.0000  -22.5000   22.500010017.7500   19.9741
    7.5000  -22.5000   22.5000 9505.9795   19.9977
   -7.5000  -15.0000   22.500010560.4053   19.8720
    0.0000  -15.0000   22.500010613.5830   19.9471
    7.5000  -15.0000   22.500010079.6738   19.9727
   -7.5000   -7.5000   22.500010673.7979   19.8592
    0.0000   -7.5000   22.500010758.5605   19.9361
    7.5000   -7.5000   22.500010186.7510   19.9590
   -7.5000    0.0000   22.500010647.0156   19.8770
    0.0000    0.0000   22.500010708.1338   19.9569
    7.5000    0.0000   22.500010139.4678   19.9766
   -7.5000    7.5000   22.5000 9848.9453   19.8974
    0.0000    7.5000   22.5000 9870.1611   19.9781
    7.5000    7.5000   22.5000 9353.2783   19.9968
   -7.5000   15.0000   22.5000 9474.2607   19.9070
    0.0000   15.0000   22.5000 9477.0889   19.9848
    7.5000   15.0000   22.5000 8968.7861   20.0045
   -7.5000   22.5000   22.5000 8624.3008   19.6415
    0.0000   22.5000   22.5000 8636.4277   19.7156
    7.5000   22.5000   22.5000 8180.3535   19.7389
   -7.5000   30.0000   22.5000 7815.3057   19.1494
    0.0000   30.0000   22.5000 7831.6206   19.2217
    7.5000   30.0000   22.5000 7416.7251   19.2465
   -7.5000   37.5000   22.5000 7037.4189   18.7502
    0.0000   37.5000   22.5000 7045.5146   18.8215
    7.5000   37.5000   22.5000 6662.4185   18.8436
   -7.5000   45.0000   22.5000 6312.3584   18.7574
    0.0000   45.0000   22.5000 6308.0610   18.8375
    7.5000   45.0000   22.5000 5965.6631   18.8659
   -7.5000  -45.0000   30.0000 7773.4336   18.3676
    0.0000  -45.0000   30.0000 7834.6172   18.4532
    7.5000  -45.0000   30.0000 7441.9829   18.4728
   -7.5000  -37.5000   30.0000 8245.7402   19.5795
    0.0000  -37.5000   30.0000 8303.0205   19.6643
    7.5000  -37.5000   30.0000 7855.3115   19.6793
   -7.5000  -30.0000   30.0000 8758.2617   20.0986
    0.0000  -30.0000   30.0000 8812.1172   20.1773
    7.5000  -30.0000   30.0000 8338.5176   20.1908
   -7.5000  -22.5000   30.0000 9324.4043   20.0812
    0.0000  -22.5000   30.0000 9354.2314   20.1590
    7.5000  -22.5000   30.0000 8907.6436   20.1782
   -7.5000  -15.0000   30.0000 9842.8584   20.0467
    0.0000  -15.0000   30.0000 9859.8643   20.1311
    7.5000  -15.0000   30.0000 9411.3018   20.1568
   -7.5000   -7.5000   30.0000 9968.5518   20.0285
    0.0000   -7.5000   30.0000 9996.9287   20.1197
    7.5000   -7.5000   30.0000 9511.9277   20.1456
   -7.5000    0.0000   30.0000 9992.1338   20.0480
    0.0000    0.0000   30.000010020.5527   20.1414
    7.5000    0.0000   30.0000 9519.3047   20.1628
   -7.5000    7.5000   30.0000 9281.9365   20.0763
    0.0000    7.5000   30.0000 9294.8770   20.1632
    7.5000    7.5000   30.0000 8825.0059   20.1787
   -7.5000   15.0000   30.0000 8910.5566   20.0915
    0.0000   15.0000   30.0000 8919.6104   20.1701
    7.5000   15.0000   30.0000 8452.2822   20.1836
   -7.5000   22.5000   30.0000 8094.0024   19.8196
    0.0000   22.5000   30.0000 8118.8159   19.8964
    7.5000   22.5000   30.0000 7685.8018   19.9153
   -7.5000   30.0000   30.0000 7329.1240   19.3266
    0.0000   30.0000   30.0000 7350.2700   19.4080
    7.5000   30.0000   30.0000 6951.7412   19.4328
   -7.5000   37.5000   30.0000 6558.2861   18.9349
    0.0000   37.5000   30.0000 6581.1938   19.0198
    7.5000   37.5000   30.0000 6228.9199   19.0452
   -7.5000   45.0000   30.0000 5879.8525   18.9687
    0.0000   45.0000   30.0000 5886.9419   19.0607
    7.5000   45.0000   30.0000 5584.1465   19.0903
   -7.5000  -45.0000   37.5000 7321.9863   18.4886
    0.0000  -45.0000   37.5000 7393.1191   18.5761
    7.5000  -45.0000   37.5000 6987.0273   18.5895
   -7.5000  -37.5000   37.5000 7755.9194   19.7114
    0.0000  -37.5000   37.5000 7815.7227   19.7974
    7.5000  -37.5000   37.5000 7393.2656   19.8051
   -7.5000  -30.0000   37.5000 8225.8066   20.2254
    0.0000  -30.0000   37.5000 8247.3633   20.3047
    7.5000  -30.0000   37.5000 7831.9961   20.3118
   -7.5000  -22.5000   37.5000 8724.9619   20.2134
    0.0000  -22.5000   37.5000 8750.3604   20.2919
    7.5000  -22.5000   37.5000 8336.4414   20.3063
   -7.5000  -15.0000   37.5000 9201.2783   20.1799
    0.0000  -15.0000   37.5000 9230.1104   20.2652
    7.5000  -15.0000   37.5000 8795.7393   20.2862
   -7.5000   -7.5000   37.5000 9307.4639   20.1578
    0.0000   -7.5000   37.5000 9335.1035   20.2506
    7.5000   -7.5000   37.5000 8881.3506   20.2712
   -7.5000    0.0000   37.5000 9340.6221   20.1725
    0.0000    0.0000   37.5000 9361.2461   20.2678
    7.5000    0.0000   37.5000 8917.0439   20.2824
   -7.5000    7.5000   37.5000 8704.5117   20.1991
    0.0000    7.5000   37.5000 8735.8711   20.2872
    7.5000    7.5000   37.5000 8302.5361   20.2951
   -7.5000   15.0000   37.5000 8342.3418   20.2181
    0.0000   15.0000   37.5000 8389.3105   20.2974
    7.5000   15.0000   37.5000 7955.2554   20.3044
   -7.5000   22.5000   37.5000 7606.0259   19.9466
    0.0000   22.5000   37.5000 7638.9551   20.0241
    7.5000   22.5000   37.5000 7235.9390   20.0383
   -7.5000   30.0000   37.5000 6862.1519   19.4548
    0.0000   30.0000   37.5000 6897.6196   19.5371
    7.5000   30.0000   37.5000 6522.9727   19.5573
   -7.5000   37.5000   37.5000 6108.9639   19.0318
    0.0000   37.5000   37.5000 6142.4653   19.1186
    7.5000   37.5000   37.5000 5818.1860   19.1387
   -7.5000   45.0000   37.5000 5467.4062   19.0477
    0.0000   45.0000   37.5000 5480.6440   19.1414
    7.5000   45.0000   37.5000 5211.0376   19.1635
   -7.5000  -45.0000   45.0000 6850.4824   18.6770
    0.0000  -45.0000   45.0000 6913.0454   18.7539
    7.5000  -45.0000   45.0000 6534.0444   18.7561
   -7.5000  -37.5000   45.0000 7240.9512   19.9007
    0.0000  -37.5000   45.0000 7306.3550   19.9807
    7.5000  -37.5000   45.0000 6903.4624   19.9801
   -7.5000  -30.0000   45.0000 7679.0923   20.3922
    0.0000  -30.0000   45.0000 7722.7402   20.4694
    7.5000  -30.0000   45.0000 7307.7979   20.4707
   -7.5000  -22.5000   45.0000 8135.2178   20.3848
    0.0000  -22.5000   45.0000 8183.2446   20.4592
    7.5000  -22.5000   45.0000 7768.1372   20.4663
   -7.5000  -15.0000   45.0000 8571.6250   20.3636
    0.0000  -15.0000   45.0000 8607.4375   20.4391
    7.5000  -15.0000   45.0000 8186.8760   20.4493
   -7.5000   -7.5000   45.0000 8660.4805   20.3494
    0.0000   -7.5000   45.0000 8688.1592   20.4292
    7.5000   -7.5000   45.0000 8260.1045   20.4368
   -7.5000    0.0000   45.0000 8685.9512   20.3604
    0.0000    0.0000   45.0000 8720.2598   20.4442
    7.5000    0.0000   45.0000 8303.1230   20.4466
   -7.5000    7.5000   45.0000 8098.6006   20.3735
    0.0000    7.5000   45.0000 8138.4780   20.4554
    7.5000    7.5000   45.0000 7733.9507   20.4548
   -7.5000   15.0000   45.0000 7785.9150   20.3846
    0.0000   15.0000   45.0000 7814.1631   20.4618
    7.5000   15.0000   45.0000 7400.6396   20.4630
   -7.5000   22.5000   45.0000 7091.8862   20.1130
    0.0000   22.5000   45.0000 7117.5488   20.1865
    7.5000   22.5000   45.0000 6740.7271   20.1934
   -7.5000   30.0000   45.0000 6392.1416   19.6299
    0.0000   30.0000   45.0000 6431.1479   19.7027
    7.5000   30.0000   45.0000 6075.2041   19.7125
   -7.5000   37.5000   45.0000 5678.1738   19.1806
    0.0000   37.5000   45.0000 5705.9775   19.2557
    7.5000   37.5000   45.0000 5404.4404   19.2627
   -7.5000   45.0000   45.0000 5078.0029   19.1798
    0.0000   45.0000   45.0000 5071.7266   19.2653
    7.5000   45.0000   45.0000 4836.9448   19.2759

---------------------------------------------------------------------
imgreg_4dfp /opt/freesurfer/average/711-2C_as_mni_average_305 /opt/freesurfer/average/711-2B_as_mni_average_305_mask talsrcimg_g11 none talsrcimg_to_711-2C_as_mni_average_305_t4 4355
---------------------------------------------------------------------

freesurfer imgreg_4dfp.c
/opt/freesurfer/average/711-2C_as_mni_average_305.4dfp.img
       256       256       256         1
  1.000000  1.000000  1.000000
orientation T byte_order littleendian
Reading image: /opt/freesurfer/average/711-2C_as_mni_average_305.4dfp.img
dimensions:      256       256       256
mmppix:       1.0000   -1.0000   -1.0000
center:     128.0000 -129.0000 -129.0000
/opt/freesurfer/average/711-2B_as_mni_average_305_mask.4dfp.img
       256       256       256         1
  1.000000  1.000000  1.000000
orientation T byte_order littleendian
Reading mask: /opt/freesurfer/average/711-2B_as_mni_average_305_mask.4dfp.img (2306576 pixels)
talsrcimg_g11.4dfp.img
       256       256       256         1
  0.898437  0.898437  0.898437
orientation T byte_order littleendian
Reading image: talsrcimg_g11.4dfp.img
dimensions:      256       256       256
mmppix:       0.8984   -0.8984   -0.8984
center:     114.9999 -115.8984 -115.8984
rotation matrix determinant  1.000000
image alignment mode   4355 decimal     1103 hex
   -7.5000  -52.5000  -45.0000 1887.0944   18.7440
    0.0000  -52.5000  -45.0000 1898.0602   18.6687
    7.5000  -52.5000  -45.0000 1879.5879   18.9355
   -7.5000  -45.0000  -45.0000 1982.3021   17.6077
    0.0000  -45.0000  -45.0000 1994.1659   17.5855
    7.5000  -45.0000  -45.0000 1973.7112   17.8229
   -7.5000  -37.5000  -45.0000 2033.0656   16.6509
    0.0000  -37.5000  -45.0000 2043.2408   16.6829
    7.5000  -37.5000  -45.0000 2025.5132   16.8597
   -7.5000  -30.0000  -45.0000 2062.9971   15.9590
    0.0000  -30.0000  -45.0000 2074.1077   15.9309
    7.5000  -30.0000  -45.0000 2055.9124   16.1388
   -7.5000  -22.5000  -45.0000 2077.9580   15.5695
    0.0000  -22.5000  -45.0000 2085.8269   15.5341
    7.5000  -22.5000  -45.0000 2074.7034   15.8094
   -7.5000  -15.0000  -45.0000 2079.4563   15.5719
    0.0000  -15.0000  -45.0000 2088.8904   15.5287
    7.5000  -15.0000  -45.0000 2069.1702   15.7793
   -7.5000   -7.5000  -45.0000 2068.5156   15.8372
    0.0000   -7.5000  -45.0000 2083.3467   15.8209
    7.5000   -7.5000  -45.0000 2056.9602   16.1046
   -7.5000    0.0000  -45.0000 2039.9948   16.5152
    0.0000    0.0000  -45.0000 2058.8315   16.4503
    7.5000    0.0000  -45.0000 2032.0317   16.7638
   -7.5000    7.5000  -45.0000 1997.9081   17.4300
    0.0000    7.5000  -45.0000 2013.6324   17.3974
    7.5000    7.5000  -45.0000 1989.4788   17.7132
   -7.5000   15.0000  -45.0000 1938.4526   18.6951
    0.0000   15.0000  -45.0000 1950.2310   18.6189
    7.5000   15.0000  -45.0000 1924.9399   18.9247
   -7.5000   22.5000  -45.0000 1861.9652   20.2422
    0.0000   22.5000  -45.0000 1874.4840   20.1289
    7.5000   22.5000  -45.0000 1845.0464   20.5205
   -7.5000   30.0000  -45.0000 1765.6785   22.4131
    0.0000   30.0000  -45.0000 1782.0695   22.2602
    7.5000   30.0000  -45.0000 1745.8546   22.7022
   -7.5000   37.5000  -45.0000 1641.3167   25.1890
    0.0000   37.5000  -45.0000 1659.6769   25.0265
    7.5000   37.5000  -45.0000 1635.8500   25.5024
   -7.5000  -52.5000  -37.5000 2047.8317   18.3447
    0.0000  -52.5000  -37.5000 2060.8521   18.3399
    7.5000  -52.5000  -37.5000 2036.9456   18.5206
   -7.5000  -45.0000  -37.5000 2161.6877   17.2444
    0.0000  -45.0000  -37.5000 2169.4038   17.2233
    7.5000  -45.0000  -37.5000 2144.4744   17.4177
   -7.5000  -37.5000  -37.5000 2214.0632   16.2806
    0.0000  -37.5000  -37.5000 2223.3950   16.2986
    7.5000  -37.5000  -37.5000 2198.7473   16.4794
   -7.5000  -30.0000  -37.5000 2238.8096   15.5833
    0.0000  -30.0000  -37.5000 2253.4934   15.6046
    7.5000  -30.0000  -37.5000 2228.3342   15.7789
   -7.5000  -22.5000  -37.5000 2249.0427   15.1967
    0.0000  -22.5000  -37.5000 2263.4531   15.2244
    7.5000  -22.5000  -37.5000 2242.4138   15.4102
   -7.5000  -15.0000  -37.5000 2255.0803   15.1958
    0.0000  -15.0000  -37.5000 2265.8279   15.1519
    7.5000  -15.0000  -37.5000 2240.2312   15.3974
   -7.5000   -7.5000  -37.5000 2242.0889   15.4411
    0.0000   -7.5000  -37.5000 2257.0378   15.4363
    7.5000   -7.5000  -37.5000 2230.4592   15.6581
   -7.5000    0.0000  -37.5000 2213.6067   16.0432
    0.0000    0.0000  -37.5000 2233.0654   16.0322
    7.5000    0.0000  -37.5000 2202.5444   16.3005
   -7.5000    7.5000  -37.5000 2173.1104   16.9456
    0.0000    7.5000  -37.5000 2185.7141   16.9359
    7.5000    7.5000  -37.5000 2158.2158   17.2035
   -7.5000   15.0000  -37.5000 2100.9841   18.1771
    0.0000   15.0000  -37.5000 2114.1914   18.1238
    7.5000   15.0000  -37.5000 2084.1802   18.4199
   -7.5000   22.5000  -37.5000 2018.6519   19.6955
    0.0000   22.5000  -37.5000 2028.6349   19.6269
    7.5000   22.5000  -37.5000 1993.6304   19.9711
   -7.5000   30.0000  -37.5000 1913.3748   21.7785
    0.0000   30.0000  -37.5000 1927.1405   21.6320
    7.5000   30.0000  -37.5000 1888.1252   22.0278
   -7.5000   37.5000  -37.5000 1780.4297   24.4325
    0.0000   37.5000  -37.5000 1797.7021   24.3318
    7.5000   37.5000  -37.5000 1770.7085   24.6802
   -7.5000  -52.5000  -30.0000 2199.0037   17.9530
    0.0000  -52.5000  -30.0000 2205.8494   17.9440
    7.5000  -52.5000  -30.0000 2183.9802   18.0909
   -7.5000  -45.0000  -30.0000 2316.7036   16.7799
    0.0000  -45.0000  -30.0000 2323.9653   16.7684
    7.5000  -45.0000  -30.0000 2296.9377   16.8897
   -7.5000  -37.5000  -30.0000 2367.4792   15.7304
    0.0000  -37.5000  -30.0000 2380.1704   15.7478
    7.5000  -37.5000  -30.0000 2353.5220   15.8957
   -7.5000  -30.0000  -30.0000 2399.7007   15.0215
    0.0000  -30.0000  -30.0000 2417.8850   15.0658
    7.5000  -30.0000  -30.0000 2387.9670   15.2094
   -7.5000  -22.5000  -30.0000 2415.6372   14.6550
    0.0000  -22.5000  -30.0000 2434.9385   14.7058
    7.5000  -22.5000  -30.0000 2404.0564   14.8590
   -7.5000  -15.0000  -30.0000 2422.3740   14.6543
    0.0000  -15.0000  -30.0000 2435.4321   14.6486
    7.5000  -15.0000  -30.0000 2405.9673   14.8337
   -7.5000   -7.5000  -30.0000 2408.7148   14.9116
    0.0000   -7.5000  -30.0000 2425.5352   14.9189
    7.5000   -7.5000  -30.0000 2392.5547   15.1068
   -7.5000    0.0000  -30.0000 2378.3044   15.5039
    0.0000    0.0000  -30.0000 2398.6963   15.5050
    7.5000    0.0000  -30.0000 2356.2808   15.7252
   -7.5000    7.5000  -30.0000 2332.7729   16.3617
    0.0000    7.5000  -30.0000 2345.7061   16.3867
    7.5000    7.5000  -30.0000 2308.3010   16.5976
   -7.5000   15.0000  -30.0000 2260.7578   17.5434
    0.0000   15.0000  -30.0000 2276.2783   17.5637
    7.5000   15.0000  -30.0000 2236.5540   17.7996
   -7.5000   22.5000  -30.0000 2165.0769   18.9780
    0.0000   22.5000  -30.0000 2174.8760   18.9729
    7.5000   22.5000  -30.0000 2136.2832   19.2480
   -7.5000   30.0000  -30.0000 2049.8513   20.9708
    0.0000   30.0000  -30.0000 2063.1421   20.9066
    7.5000   30.0000  -30.0000 2020.1454   21.2013
   -7.5000   37.5000  -30.0000 1908.7288   23.4762
    0.0000   37.5000  -30.0000 1920.6389   23.4376
    7.5000   37.5000  -30.0000 1886.9800   23.7662
   -7.5000  -52.5000  -22.5000 2320.7534   17.2682
    0.0000  -52.5000  -22.5000 2327.1680   17.2670
    7.5000  -52.5000  -22.5000 2302.7217   17.3830
   -7.5000  -45.0000  -22.5000 2436.0835   16.0657
    0.0000  -45.0000  -22.5000 2445.1838   16.0874
    7.5000  -45.0000  -22.5000 2415.4397   16.1816
   -7.5000  -37.5000  -22.5000 2501.2505   15.0742
    0.0000  -37.5000  -22.5000 2510.5591   15.0920
    7.5000  -37.5000  -22.5000 2485.9722   15.1794
   -7.5000  -30.0000  -22.5000 2540.7170   14.3715
    0.0000  -30.0000  -22.5000 2557.5786   14.4001
    7.5000  -30.0000  -22.5000 2526.3242   14.5307
   -7.5000  -22.5000  -22.5000 2572.8547   14.0196
    0.0000  -22.5000  -22.5000 2585.4675   14.0686
    7.5000  -22.5000  -22.5000 2548.1697   14.1944
   -7.5000  -15.0000  -22.5000 2582.1836   13.9752
    0.0000  -15.0000  -22.5000 2596.1482   13.9885
    7.5000  -15.0000  -22.5000 2559.2759   14.1535
   -7.5000   -7.5000  -22.5000 2567.6797   14.2378
    0.0000   -7.5000  -22.5000 2585.4546   14.2874
    7.5000   -7.5000  -22.5000 2544.5569   14.4302
   -7.5000    0.0000  -22.5000 2533.4268   14.8409
    0.0000    0.0000  -22.5000 2551.4685   14.8763
    7.5000    0.0000  -22.5000 2506.8765   15.0244
   -7.5000    7.5000  -22.5000 2478.7271   15.6600
    0.0000    7.5000  -22.5000 2493.8918   15.7330
    7.5000    7.5000  -22.5000 2452.7576   15.8683
   -7.5000   15.0000  -22.5000 2396.6270   16.7758
    0.0000   15.0000  -22.5000 2413.6824   16.8171
    7.5000   15.0000  -22.5000 2370.5728   17.0156
   -7.5000   22.5000  -22.5000 2293.1143   18.1797
    0.0000   22.5000  -22.5000 2307.2310   18.1859
    7.5000   22.5000  -22.5000 2266.4731   18.4327
   -7.5000   30.0000  -22.5000 2170.8997   20.0417
    0.0000   30.0000  -22.5000 2183.5620   20.0054
    7.5000   30.0000  -22.5000 2147.1838   20.2961
   -7.5000   37.5000  -22.5000 2016.3438   22.4166
    0.0000   37.5000  -22.5000 2024.9204   22.3807
    7.5000   37.5000  -22.5000 1998.0139   22.7073
   -7.5000  -52.5000  -15.0000 2397.9072   16.5103
    0.0000  -52.5000  -15.0000 2412.1401   16.5180
    7.5000  -52.5000  -15.0000 2384.7390   16.6527
   -7.5000  -45.0000  -15.0000 2521.6917   15.3142
    0.0000  -45.0000  -15.0000 2537.2502   15.3537
    7.5000  -45.0000  -15.0000 2505.0012   15.4423
   -7.5000  -37.5000  -15.0000 2599.6824   14.3467
    0.0000  -37.5000  -15.0000 2610.3591   14.4019
    7.5000  -37.5000  -15.0000 2584.0071   14.4558
   -7.5000  -30.0000  -15.0000 2652.0271   13.6674
    0.0000  -30.0000  -15.0000 2663.5740   13.7117
    7.5000  -30.0000  -15.0000 2635.0972   13.8066
   -7.5000  -22.5000  -15.0000 2688.5256   13.2684
    0.0000  -22.5000  -15.0000 2706.8240   13.3135
    7.5000  -22.5000  -15.0000 2666.6960   13.4305
   -7.5000  -15.0000  -15.0000 2706.9907   13.1754
    0.0000  -15.0000  -15.0000 2727.0688   13.2291
    7.5000  -15.0000  -15.0000 2687.1902   13.3514
   -7.5000   -7.5000  -15.0000 2692.9719   13.4738
    0.0000   -7.5000  -15.0000 2719.8579   13.5373
    7.5000   -7.5000  -15.0000 2673.3081   13.6608
   -7.5000    0.0000  -15.0000 2660.6855   14.0730
    0.0000    0.0000  -15.0000 2685.9749   14.1156
    7.5000    0.0000  -15.0000 2638.0911   14.2536
   -7.5000    7.5000  -15.0000 2595.9351   14.8662
    0.0000    7.5000  -15.0000 2620.3904   14.9197
    7.5000    7.5000  -15.0000 2573.3179   15.0416
   -7.5000   15.0000  -15.0000 2506.2104   15.8921
    0.0000   15.0000  -15.0000 2524.8064   15.9387
    7.5000   15.0000  -15.0000 2485.0176   16.1159
   -7.5000   22.5000  -15.0000 2386.3503   17.2641
    0.0000   22.5000  -15.0000 2405.5164   17.2931
    7.5000   22.5000  -15.0000 2370.0508   17.5093
   -7.5000   30.0000  -15.0000 2262.8074   19.0354
    0.0000   30.0000  -15.0000 2278.5708   19.0746
    7.5000   30.0000  -15.0000 2249.0410   19.3538
   -7.5000   37.5000  -15.0000 2101.6453   21.2888
    0.0000   37.5000  -15.0000 2111.3892   21.3325
    7.5000   37.5000  -15.0000 2085.2288   21.6557
   -7.5000  -52.5000   -7.5000 2434.3018   15.7360
    0.0000  -52.5000   -7.5000 2449.9954   15.7023
    7.5000  -52.5000   -7.5000 2425.2183   15.8961
   -7.5000  -45.0000   -7.5000 2570.1648   14.5820
    0.0000  -45.0000   -7.5000 2585.3318   14.5699
    7.5000  -45.0000   -7.5000 2557.7156   14.7066
   -7.5000  -37.5000   -7.5000 2658.9832   13.6048
    0.0000  -37.5000   -7.5000 2679.3220   13.6523
    7.5000  -37.5000   -7.5000 2646.8806   13.7612
   -7.5000  -30.0000   -7.5000 2722.8171   12.9177
    0.0000  -30.0000   -7.5000 2740.4851   12.9629
    7.5000  -30.0000   -7.5000 2708.6479   13.0782
   -7.5000  -22.5000   -7.5000 2767.2322   12.5122
    0.0000  -22.5000   -7.5000 2794.3315   12.5379
    7.5000  -22.5000   -7.5000 2749.2720   12.6708
   -7.5000  -15.0000   -7.5000 2795.2539   12.3337
    0.0000  -15.0000   -7.5000 2819.9758   12.3714
    7.5000  -15.0000   -7.5000 2772.0586   12.5226
   -7.5000   -7.5000   -7.5000 2782.9912   12.6427
    0.0000   -7.5000   -7.5000 2814.1641   12.7032
    7.5000   -7.5000   -7.5000 2767.4998   12.8259
   -7.5000    0.0000   -7.5000 2744.9563   13.2211
    0.0000    0.0000   -7.5000 2778.1907   13.2768
    7.5000    0.0000   -7.5000 2727.2139   13.3986
   -7.5000    7.5000   -7.5000 2671.8652   13.9703
    0.0000    7.5000   -7.5000 2697.2231   14.0306
    7.5000    7.5000   -7.5000 2656.1458   14.1765
   -7.5000   15.0000   -7.5000 2577.7456   14.9721
    0.0000   15.0000   -7.5000 2592.9407   15.0327
    7.5000   15.0000   -7.5000 2561.0947   15.1988
   -7.5000   22.5000   -7.5000 2456.1853   16.3277
    0.0000   22.5000   -7.5000 2475.4053   16.3687
    7.5000   22.5000   -7.5000 2436.7371   16.5513
   -7.5000   30.0000   -7.5000 2322.4819   18.0766
    0.0000   30.0000   -7.5000 2340.2334   18.1455
    7.5000   30.0000   -7.5000 2305.1729   18.3484
   -7.5000   37.5000   -7.5000 2152.6077   20.2344
    0.0000   37.5000   -7.5000 2161.0386   20.3299
    7.5000   37.5000   -7.5000 2138.7524   20.5673
   -7.5000  -52.5000    0.0000 2467.5164   15.3449
    0.0000  -52.5000    0.0000 2482.4387   15.2535
    7.5000  -52.5000    0.0000 2456.1404   15.5193
   -7.5000  -45.0000    0.0000 2605.8792   14.1519
    0.0000  -45.0000    0.0000 2624.0769   14.1050
    7.5000  -45.0000    0.0000 2597.9548   14.3091
   -7.5000  -37.5000    0.0000 2709.8494   13.1526
    0.0000  -37.5000    0.0000 2730.5195   13.1524
    7.5000  -37.5000    0.0000 2701.2466   13.3352
   -7.5000  -30.0000    0.0000 2795.3289   12.4596
    0.0000  -30.0000    0.0000 2816.5261   12.4702
    7.5000  -30.0000    0.0000 2783.1431   12.6222
   -7.5000  -22.5000    0.0000 2850.3108   12.0440
    0.0000  -22.5000    0.0000 2884.3662   12.0490
    7.5000  -22.5000    0.0000 2829.8560   12.2124
   -7.5000  -15.0000    0.0000 2880.8118   11.8188
    0.0000  -15.0000    0.0000 2913.4663   11.8098
    7.5000  -15.0000    0.0000 2854.2407   12.0287
   -7.5000   -7.5000    0.0000 2868.0759   12.0755
    0.0000   -7.5000    0.0000 2899.5312   12.0904
    7.5000   -7.5000    0.0000 2849.1538   12.2482
   -7.5000    0.0000    0.0000 2818.9792   12.6227
    0.0000    0.0000    0.0000 2848.3220   12.6562
    7.5000    0.0000    0.0000 2801.6726   12.8080
   -7.5000    7.5000    0.0000 2741.3059   13.3706
    0.0000    7.5000    0.0000 2763.8928   13.3948
    7.5000    7.5000    0.0000 2724.0476   13.5879
   -7.5000   15.0000    0.0000 2639.4763   14.3959
    0.0000   15.0000    0.0000 2658.6262   14.4019
    7.5000   15.0000    0.0000 2623.5732   14.6290
   -7.5000   22.5000    0.0000 2511.1814   15.7540
    0.0000   22.5000    0.0000 2530.5291   15.7844
    7.5000   22.5000    0.0000 2491.6216   16.0019
   -7.5000   30.0000    0.0000 2378.1619   17.5283
    0.0000   30.0000    0.0000 2395.5491   17.5520
    7.5000   30.0000    0.0000 2357.0139   17.7657
   -7.5000   37.5000    0.0000 2199.4133   19.5925
    0.0000   37.5000    0.0000 2207.5886   19.6528
    7.5000   37.5000    0.0000 2180.6670   19.9103
   -7.5000  -52.5000    7.5000 2476.8792   15.0554
    0.0000  -52.5000    7.5000 2494.6917   14.8868
    7.5000  -52.5000    7.5000 2469.6309   15.1988
   -7.5000  -45.0000    7.5000 2615.8169   13.8057
    0.0000  -45.0000    7.5000 2634.7480   13.6769
    7.5000  -45.0000    7.5000 2611.2524   13.9813
   -7.5000  -37.5000    7.5000 2724.5547   12.8117
    0.0000  -37.5000    7.5000 2750.8936   12.6979
    7.5000  -37.5000    7.5000 2719.3481   12.9751
   -7.5000  -30.0000    7.5000 2825.5007   12.1239
    0.0000  -30.0000    7.5000 2854.8416   12.0476
    7.5000  -30.0000    7.5000 2813.1311   12.2745
   -7.5000  -22.5000    7.5000 2906.4788   11.7545
    0.0000  -22.5000    7.5000 2950.5503   11.7087
    7.5000  -22.5000    7.5000 2881.0320   11.8847
   -7.5000  -15.0000    7.5000 2954.5037   11.5444
    0.0000  -15.0000    7.5000 2995.3130   11.4438
    7.5000  -15.0000    7.5000 2917.4492   11.7620
   -7.5000   -7.5000    7.5000 2930.5881   11.6925
    0.0000   -7.5000    7.5000 2963.1091   11.6146
    7.5000   -7.5000    7.5000 2902.2322   11.9247
   -7.5000    0.0000    7.5000 2862.9270   12.1917
    0.0000    0.0000    7.5000 2886.8733   12.1249
    7.5000    0.0000    7.5000 2844.5239   12.4019
   -7.5000    7.5000    7.5000 2778.5437   12.9078
    0.0000    7.5000    7.5000 2802.3894   12.8562
    7.5000    7.5000    7.5000 2760.4390   13.1139
   -7.5000   15.0000    7.5000 2671.9966   13.9775
    0.0000   15.0000    7.5000 2691.9246   13.9451
    7.5000   15.0000    7.5000 2649.8499   14.2057
   -7.5000   22.5000    7.5000 2538.4722   15.3718
    0.0000   22.5000    7.5000 2555.0901   15.3600
    7.5000   22.5000    7.5000 2520.4390   15.6067
   -7.5000   30.0000    7.5000 2401.2896   17.0920
    0.0000   30.0000    7.5000 2417.7412   17.0664
    7.5000   30.0000    7.5000 2375.3206   17.3205
   -7.5000   37.5000    7.5000 2223.4966   19.1530
    0.0000   37.5000    7.5000 2236.3027   19.1333
    7.5000   37.5000    7.5000 2205.0122   19.4319
   -7.5000  -52.5000   15.0000 2472.0530   14.9259
    0.0000  -52.5000   15.0000 2492.9541   14.7351
    7.5000  -52.5000   15.0000 2467.8352   15.0901
   -7.5000  -45.0000   15.0000 2612.7581   13.6828
    0.0000  -45.0000   15.0000 2628.6060   13.5027
    7.5000  -45.0000   15.0000 2605.3501   13.8453
   -7.5000  -37.5000   15.0000 2729.6646   12.6562
    0.0000  -37.5000   15.0000 2753.3865   12.4968
    7.5000  -37.5000   15.0000 2721.5974   12.8332
   -7.5000  -30.0000   15.0000 2837.9648   11.9654
    0.0000  -30.0000   15.0000 2867.5574   11.8287
    7.5000  -30.0000   15.0000 2824.0159   12.1444
   -7.5000  -22.5000   15.0000 2937.3962   11.6562
    0.0000  -22.5000   15.0000 2985.2188   11.5456
    7.5000  -22.5000   15.0000 2907.5007   11.8054
   -7.5000  -15.0000   15.0000 2990.9768   11.5484
    0.0000  -15.0000   15.0000 3044.8533   11.4190
    7.5000  -15.0000   15.0000 2951.2881   11.7342
   -7.5000   -7.5000   15.0000 2968.2668   11.6823
    0.0000   -7.5000   15.0000 3008.0381   11.5320
    7.5000   -7.5000   15.0000 2933.8445   11.9221
   -7.5000    0.0000   15.0000 2888.8411   12.0473
    0.0000    0.0000   15.0000 2915.6396   11.9207
    7.5000    0.0000   15.0000 2864.8513   12.2453
   -7.5000    7.5000   15.0000 2791.1592   12.7277
    0.0000    7.5000   15.0000 2811.3049   12.6322
    7.5000    7.5000   15.0000 2772.4172   12.9091
   -7.5000   15.0000   15.0000 2679.9600   13.8018
    0.0000   15.0000   15.0000 2697.5913   13.7312
    7.5000   15.0000   15.0000 2658.0073   13.9936
   -7.5000   22.5000   15.0000 2543.3125   15.1807
    0.0000   22.5000   15.0000 2564.2356   15.1842
    7.5000   22.5000   15.0000 2525.8430   15.4048
   -7.5000   30.0000   15.0000 2402.5305   16.8844
    0.0000   30.0000   15.0000 2420.6965   16.9232
    7.5000   30.0000   15.0000 2381.8894   17.1601
   -7.5000   37.5000   15.0000 2227.1663   18.9498
    0.0000   37.5000   15.0000 2242.7905   19.0113
    7.5000   37.5000   15.0000 2211.3103   19.2453
   -7.5000  -52.5000   22.5000 2453.0881   15.0482
    0.0000  -52.5000   22.5000 2477.9985   14.8317
    7.5000  -52.5000   22.5000 2452.2097   15.2169
   -7.5000  -45.0000   22.5000 2594.0544   13.8360
    0.0000  -45.0000   22.5000 2613.3262   13.6438
    7.5000  -45.0000   22.5000 2589.4556   14.0026
   -7.5000  -37.5000   22.5000 2714.7527   12.8231
    0.0000  -37.5000   22.5000 2737.5803   12.6531
    7.5000  -37.5000   22.5000 2700.1914   13.0049
   -7.5000  -30.0000   22.5000 2822.9360   12.1134
    0.0000  -30.0000   22.5000 2849.9260   11.9805
    7.5000  -30.0000   22.5000 2805.4626   12.2983
   -7.5000  -22.5000   22.5000 2915.6345   11.7137
    0.0000  -22.5000   22.5000 2963.8638   11.6205
    7.5000  -22.5000   22.5000 2888.6179   11.9079
   -7.5000  -15.0000   22.5000 2970.9468   11.5370
    0.0000  -15.0000   22.5000 3016.8640   11.4264
    7.5000  -15.0000   22.5000 2935.4138   11.7886
   -7.5000   -7.5000   22.5000 2947.7102   11.7455
    0.0000   -7.5000   22.5000 2997.0322   11.6955
    7.5000   -7.5000   22.5000 2917.9482   11.9505
   -7.5000    0.0000   22.5000 2877.8879   12.2118
    0.0000    0.0000   22.5000 2912.2881   12.2013
    7.5000    0.0000   22.5000 2854.4009   12.3952
   -7.5000    7.5000   22.5000 2778.6533   12.9441
    0.0000    7.5000   22.5000 2799.1467   12.9246
    7.5000    7.5000   22.5000 2756.6013   13.1241
   -7.5000   15.0000   22.5000 2661.7683   13.9330
    0.0000   15.0000   22.5000 2674.2610   13.8891
    7.5000   15.0000   22.5000 2639.1152   14.1329
   -7.5000   22.5000   22.5000 2529.7893   15.2495
    0.0000   22.5000   22.5000 2545.1438   15.2370
    7.5000   22.5000   22.5000 2512.0864   15.4936
   -7.5000   30.0000   22.5000 2386.8760   16.8960
    0.0000   30.0000   22.5000 2402.2737   16.9033
    7.5000   30.0000   22.5000 2370.7546   17.1857
   -7.5000   37.5000   22.5000 2207.8994   18.9049
    0.0000   37.5000   22.5000 2225.8530   18.9200
    7.5000   37.5000   22.5000 2194.9592   19.2117
   -7.5000  -52.5000   30.0000 2435.6338   15.4178
    0.0000  -52.5000   30.0000 2455.2542   15.2526
    7.5000  -52.5000   30.0000 2426.5320   15.6296
   -7.5000  -45.0000   30.0000 2571.3394   14.2284
    0.0000  -45.0000   30.0000 2590.5732   14.0752
    7.5000  -45.0000   30.0000 2563.8225   14.4229
   -7.5000  -37.5000   30.0000 2689.9255   13.2369
    0.0000  -37.5000   30.0000 2712.1711   13.1060
    7.5000  -37.5000   30.0000 2673.8882   13.4067
   -7.5000  -30.0000   30.0000 2790.4600   12.5224
    0.0000  -30.0000   30.0000 2819.8730   12.3978
    7.5000  -30.0000   30.0000 2774.1699   12.6691
   -7.5000  -22.5000   30.0000 2872.9541   12.0526
    0.0000  -22.5000   30.0000 2908.6372   11.9034
    7.5000  -22.5000   30.0000 2849.3745   12.2475
   -7.5000  -15.0000   30.0000 2915.6975   11.8527
    0.0000  -15.0000   30.0000 2947.6738   11.7434
    7.5000  -15.0000   30.0000 2893.0281   12.0877
   -7.5000   -7.5000   30.0000 2896.8083   12.0755
    0.0000   -7.5000   30.0000 2934.9187   12.0125
    7.5000   -7.5000   30.0000 2875.1516   12.2631
   -7.5000    0.0000   30.0000 2839.0034   12.5871
    0.0000    0.0000   30.0000 2870.0078   12.5411
    7.5000    0.0000   30.0000 2815.2605   12.7614
   -7.5000    7.5000   30.0000 2742.7632   13.3469
    0.0000    7.5000   30.0000 2762.5276   13.3342
    7.5000    7.5000   30.0000 2719.7490   13.5116
   -7.5000   15.0000   30.0000 2625.1658   14.3475
    0.0000   15.0000   30.0000 2641.3567   14.3472
    7.5000   15.0000   30.0000 2607.7256   14.5378
   -7.5000   22.5000   30.0000 2493.2849   15.5941
    0.0000   22.5000   30.0000 2509.9624   15.6049
    7.5000   22.5000   30.0000 2479.9976   15.8325
   -7.5000   30.0000   30.0000 2355.7900   17.1655
    0.0000   30.0000   30.0000 2369.2561   17.1900
    7.5000   30.0000   30.0000 2341.1951   17.4552
   -7.5000   37.5000   30.0000 2172.9565   19.1434
    0.0000   37.5000   30.0000 2188.7007   19.2030
    7.5000   37.5000   30.0000 2162.8335   19.4639
   -7.5000  -52.5000   37.5000 2406.2896   16.0376
    0.0000  -52.5000   37.5000 2420.2771   15.8763
    7.5000  -52.5000   37.5000 2392.8386   16.2169
   -7.5000  -45.0000   37.5000 2538.6274   14.8331
    0.0000  -45.0000   37.5000 2563.3069   14.6990
    7.5000  -45.0000   37.5000 2527.5479   14.9775
   -7.5000  -37.5000   37.5000 2653.3540   13.7981
    0.0000  -37.5000   37.5000 2677.0732   13.6918
    7.5000  -37.5000   37.5000 2639.7993   13.9269
   -7.5000  -30.0000   37.5000 2744.0427   13.0464
    0.0000  -30.0000   37.5000 2770.6128   12.8932
    7.5000  -30.0000   37.5000 2728.0195   13.1822
   -7.5000  -22.5000   37.5000 2810.7334   12.5610
    0.0000  -22.5000   37.5000 2841.8003   12.4011
    7.5000  -22.5000   37.5000 2791.2217   12.7456
   -7.5000  -15.0000   37.5000 2843.2300   12.3947
    0.0000  -15.0000   37.5000 2875.5452   12.2857
    7.5000  -15.0000   37.5000 2825.2490   12.5798
   -7.5000   -7.5000   37.5000 2825.1868   12.5959
    0.0000   -7.5000   37.5000 2858.5242   12.4992
    7.5000   -7.5000   37.5000 2805.9414   12.7722
   -7.5000    0.0000   37.5000 2766.4661   13.1161
    0.0000    0.0000   37.5000 2793.3401   13.0438
    7.5000    0.0000   37.5000 2748.0325   13.3026
   -7.5000    7.5000   37.5000 2681.7195   13.9210
    0.0000    7.5000   37.5000 2703.2349   13.8642
    7.5000    7.5000   37.5000 2663.1899   14.0681
   -7.5000   15.0000   37.5000 2570.4849   14.8992
    0.0000   15.0000   37.5000 2593.9629   14.9041
    7.5000   15.0000   37.5000 2559.7717   15.0734
   -7.5000   22.5000   37.5000 2449.0347   16.1506
    0.0000   22.5000   37.5000 2465.1597   16.1567
    7.5000   22.5000   37.5000 2436.2488   16.3418
   -7.5000   30.0000   37.5000 2306.0254   17.7293
    0.0000   30.0000   37.5000 2323.2346   17.7416
    7.5000   30.0000   37.5000 2297.5100   17.9232
   -7.5000   37.5000   37.5000 2124.8018   19.6427
    0.0000   37.5000   37.5000 2144.6406   19.7166
    7.5000   37.5000   37.5000 2117.1782   19.9232
   -7.5000  -52.5000   45.0000 2338.8174   16.6871
    0.0000  -52.5000   45.0000 2359.6990   16.5821
    7.5000  -52.5000   45.0000 2329.7749   16.8647
   -7.5000  -45.0000   45.0000 2472.8499   15.4728
    0.0000  -45.0000   45.0000 2497.8489   15.3760
    7.5000  -45.0000   45.0000 2461.6030   15.5862
   -7.5000  -37.5000   45.0000 2578.7124   14.4190
    0.0000  -37.5000   45.0000 2603.6829   14.3143
    7.5000  -37.5000   45.0000 2568.0537   14.5351
   -7.5000  -30.0000   45.0000 2663.8479   13.6654
    0.0000  -30.0000   45.0000 2693.5173   13.5265
    7.5000  -30.0000   45.0000 2647.6084   13.7934
   -7.5000  -22.5000   45.0000 2717.8167   13.1741
    0.0000  -22.5000   45.0000 2744.8750   13.0836
    7.5000  -22.5000   45.0000 2699.8389   13.3632
   -7.5000  -15.0000   45.0000 2737.3230   13.0186
    0.0000  -15.0000   45.0000 2767.3743   12.9350
    7.5000  -15.0000   45.0000 2721.9294   13.2037
   -7.5000   -7.5000   45.0000 2722.2161   13.1801
    0.0000   -7.5000   45.0000 2748.5549   13.0942
    7.5000   -7.5000   45.0000 2705.1189   13.3330
   -7.5000    0.0000   45.0000 2658.8723   13.7104
    0.0000    0.0000   45.0000 2683.5823   13.6354
    7.5000    0.0000   45.0000 2643.8018   13.8731
   -7.5000    7.5000   45.0000 2581.8647   14.4958
    0.0000    7.5000   45.0000 2606.2139   14.4351
    7.5000    7.5000   45.0000 2565.0164   14.6553
   -7.5000   15.0000   45.0000 2485.7012   15.4805
    0.0000   15.0000   45.0000 2506.0681   15.4714
    7.5000   15.0000   45.0000 2466.6453   15.6605
   -7.5000   22.5000   45.0000 2373.5828   16.7266
    0.0000   22.5000   45.0000 2384.1365   16.7347
    7.5000   22.5000   45.0000 2354.2288   16.9426
   -7.5000   30.0000   45.0000 2230.7815   18.3404
    0.0000   30.0000   45.0000 2250.6472   18.3655
    7.5000   30.0000   45.0000 2215.8286   18.5566
   -7.5000   37.5000   45.0000 2052.4919   20.2796
    0.0000   37.5000   45.0000 2070.7812   20.3343
    7.5000   37.5000   45.0000 2042.9606   20.5631

---------------------------------------------------------------------
imgreg_4dfp /opt/freesurfer/average/711-2C_as_mni_average_305 /opt/freesurfer/average/711-2B_as_mni_average_305_mask talsrcimg_g11 none talsrcimg_to_711-2C_as_mni_average_305_t4 1283
---------------------------------------------------------------------

freesurfer imgreg_4dfp.c
/opt/freesurfer/average/711-2C_as_mni_average_305.4dfp.img
       256       256       256         1
  1.000000  1.000000  1.000000
orientation T byte_order littleendian
Reading image: /opt/freesurfer/average/711-2C_as_mni_average_305.4dfp.img
dimensions:      256       256       256
mmppix:       1.0000   -1.0000   -1.0000
center:     128.0000 -129.0000 -129.0000
/opt/freesurfer/average/711-2B_as_mni_average_305_mask.4dfp.img
       256       256       256         1
  1.000000  1.000000  1.000000
orientation T byte_order littleendian
Reading mask: /opt/freesurfer/average/711-2B_as_mni_average_305_mask.4dfp.img (2306576 pixels)
talsrcimg_g11.4dfp.img
       256       256       256         1
  0.898437  0.898437  0.898437
orientation T byte_order littleendian
Reading image: talsrcimg_g11.4dfp.img
dimensions:      256       256       256
mmppix:       0.8984   -0.8984   -0.8984
center:     114.9999 -115.8984 -115.8984
rotation matrix determinant  1.000000
fimgreg.f
image alignment mode   1283 decimal      503 hex
parameters
    0.0000  -15.0000   15.0000    0.0000    0.0000    0.0000
eta,q 0.95560 11.35520
niter,ni,del,rscale     5    3   12.0000    1.2000
parameter  4  0.568255 ->  0.500000 qaram    1.1500
parameters
   -1.2100  -14.1689   16.5966   -3.4500   -0.1240   -0.1032
eta,q 0.95801 11.38628
  0.0555  0.0596  0.0575  0.0458  0.0515  0.0504
  0.0508  0.0514  0.0516  0.0422  0.0475  0.0464
  0.0466  0.0468  0.0475  0.0428  0.0438  0.0433
  0.0460  0.0456  0.0458  0.0457  0.0420  0.0420
  0.0513  0.0466  0.0458  0.0491  0.0433  0.0435
  0.0583  0.0490  0.0469  0.0522  0.0476  0.0468
  0.0670  0.0523  0.0490  0.0558  0.0529  0.0509
niter,ni,del,rscale     5    3   12.0000    1.2000
parameters
   -1.2591  -12.5734   15.8477   -4.0217   -0.1429   -0.1285
eta,q 0.95925 11.35804
  0.0579  0.0645  0.0501  0.0510  0.0508  0.0494
  0.0512  0.0573  0.0441  0.0463  0.0464  0.0454
  0.0455  0.0476  0.0413  0.0410  0.0426  0.0420
  0.0420  0.0420  0.0417  0.0412  0.0407  0.0407
  0.0441  0.0420  0.0441  0.0449  0.0419  0.0420
  0.0512  0.0452  0.0488  0.0492  0.0463  0.0453
  0.0592  0.0502  0.0543  0.0533  0.0513  0.0497
niter,ni,del,rscale     4    3   12.0000    1.2000
parameters
   -1.1985  -12.1862   15.7227   -4.3775   -0.1840   -0.1319
eta,q 0.95934 11.35754
  0.0578  0.0594  0.0523  0.0512  0.0506  0.0493
  0.0506  0.0499  0.0455  0.0469  0.0462  0.0453
  0.0444  0.0422  0.0414  0.0415  0.0425  0.0419
  0.0407  0.0407  0.0410  0.0409  0.0407  0.0407
  0.0429  0.0435  0.0429  0.0441  0.0419  0.0419
  0.0498  0.0486  0.0469  0.0485  0.0463  0.0452
  0.0578  0.0535  0.0524  0.0527  0.0512  0.0494
niter,ni,del,rscale     3    3   12.0000    1.2000
parameters
   -1.1712  -12.0115   15.6500   -4.5628   -0.2111   -0.1239
eta,q 0.95933 11.35746
  0.0576  0.0583  0.0524  0.0514  0.0507  0.0493
  0.0504  0.0487  0.0456  0.0475  0.0462  0.0452
  0.0442  0.0416  0.0413  0.0419  0.0426  0.0419
  0.0407  0.0407  0.0408  0.0408  0.0407  0.0407
  0.0430  0.0440  0.0427  0.0437  0.0419  0.0419
  0.0499  0.0494  0.0466  0.0481  0.0463  0.0451
  0.0578  0.0542  0.0522  0.0522  0.0511  0.0492
niter,ni,del,rscale     2    3   12.0000    1.2000
parameters
   -1.1541  -11.9296   15.6185   -4.6533   -0.2292   -0.1175
eta,q 0.95931 11.35754
  0.0576  0.0578  0.0525  0.0515  0.0507  0.0492
  0.0504  0.0483  0.0457  0.0477  0.0463  0.0452
  0.0441  0.0413  0.0413  0.0422  0.0426  0.0419
  0.0407  0.0407  0.0408  0.0407  0.0407  0.0407
  0.0431  0.0443  0.0425  0.0435  0.0419  0.0420
  0.0500  0.0498  0.0464  0.0478  0.0463  0.0452
  0.0578  0.0545  0.0521  0.0519  0.0511  0.0492
niter,ni,del,rscale     1    3   12.0000    1.2000
parameters
   -1.1438  -11.8896   15.6046   -4.6967   -0.2393   -0.1140
eta,q 0.95930 11.35772
  0.0575  0.0576  0.0526  0.0516  0.0507  0.0492
  0.0504  0.0481  0.0458  0.0479  0.0463  0.0452
  0.0441  0.0412  0.0413  0.0424  0.0426  0.0419
  0.0407  0.0407  0.0407  0.0407  0.0407  0.0407
  0.0432  0.0445  0.0425  0.0434  0.0419  0.0420
  0.0501  0.0500  0.0463  0.0477  0.0463  0.0452
  0.0579  0.0546  0.0520  0.0518  0.0511  0.0491
registration optimization eta report
parameter search radius
    6.0000    6.0000    6.0000    6.9000    6.0000    6.0000
100000*second partial in parameter space
       45.       42.       32.       22.       28.       23.
  0.0575  0.0576  0.0526  0.0516  0.0507  0.0492
  0.0504  0.0481  0.0458  0.0479  0.0463  0.0452
  0.0441  0.0412  0.0413  0.0424  0.0426  0.0419
  0.0407  0.0407  0.0407  0.0407  0.0407  0.0407
  0.0432  0.0445  0.0425  0.0434  0.0419  0.0420
  0.0501  0.0500  0.0463  0.0477  0.0463  0.0452
  0.0579  0.0546  0.0520  0.0518  0.0511  0.0491
   -1.1438  -11.8896   15.6046   -4.6967   -0.2393   -0.1140
eta,q 0.95930 11.35772

---------------------------------------------------------------------
imgreg_4dfp /opt/freesurfer/average/711-2C_as_mni_average_305 /opt/freesurfer/average/711-2B_as_mni_average_305_mask talsrcimg_g11 none talsrcimg_to_711-2C_as_mni_average_305_t4 3335
---------------------------------------------------------------------

freesurfer imgreg_4dfp.c
/opt/freesurfer/average/711-2C_as_mni_average_305.4dfp.img
       256       256       256         1
  1.000000  1.000000  1.000000
orientation T byte_order littleendian
Reading image: /opt/freesurfer/average/711-2C_as_mni_average_305.4dfp.img
dimensions:      256       256       256
mmppix:       1.0000   -1.0000   -1.0000
center:     128.0000 -129.0000 -129.0000
/opt/freesurfer/average/711-2B_as_mni_average_305_mask.4dfp.img
       256       256       256         1
  1.000000  1.000000  1.000000
orientation T byte_order littleendian
Reading mask: /opt/freesurfer/average/711-2B_as_mni_average_305_mask.4dfp.img (2306576 pixels)
talsrcimg_g11.4dfp.img
       256       256       256         1
  0.898437  0.898437  0.898437
orientation T byte_order littleendian
Reading image: talsrcimg_g11.4dfp.img
dimensions:      256       256       256
mmppix:       0.8984   -0.8984   -0.8984
center:     114.9999 -115.8984 -115.8984
fimgreg.f
image alignment mode   3335 decimal      D07 hex
parameters
   -1.1438  -11.8896   15.6046   -0.0011   -0.3359   -0.3367
    0.1641    0.4326   -0.1989    8.1872   -0.4177   -8.1880
eta,q 0.95799 11.34583
niter,ni,del,rscale     5    3    5.0000    1.2000
parameter  4  2.236902 ->  0.500000 qaram    1.1500
parameter  5  2.691424 ->  0.500000 qaram    1.1500
parameter  6  0.551734 ->  0.500000 qaram    1.1500
parameters
   -0.9801  -12.1678   15.2322   -4.1411   -4.4759   -4.4767
   -0.7214    0.4648   -0.9805    5.6831   -2.1986   -7.9630
eta,q 0.97155 10.92074
  0.0452  0.0431  0.0431  0.0328  0.0280  0.0298  0.0320  0.0347  0.0308  0.0303  0.0292  0.0299
  0.0435  0.0422  0.0423  0.0348  0.0296  0.0293  0.0303  0.0318  0.0298  0.0290  0.0287  0.0291
  0.0425  0.0419  0.0419  0.0380  0.0324  0.0294  0.0293  0.0299  0.0292  0.0286  0.0285  0.0287
  0.0420  0.0420  0.0419  0.0419  0.0356  0.0303  0.0292  0.0292  0.0292  0.0291  0.0286  0.0285
  0.0421  0.0423  0.0423  0.0461  0.0388  0.0323  0.0300  0.0298  0.0296  0.0304  0.0289  0.0285
  0.0429  0.0428  0.0430  0.0509  0.0424  0.0355  0.0315  0.0317  0.0304  0.0324  0.0295  0.0289
  0.0445  0.0437  0.0440  0.0561  0.0464  0.0394  0.0337  0.0346  0.0317  0.0350  0.0304  0.0298
niter,ni,del,rscale     7    3    5.0000    1.2000
parameter  4  0.798551 ->  0.500000 qaram    1.3225
parameter  5  0.652291 ->  0.500000 qaram    1.3225
parameters
   -0.9347  -11.5448   15.6460   -8.9021   -9.2369   -3.5373
    0.3123    1.1158   -0.0928    6.7209   -2.5212   -7.7135
eta,q 0.97653 10.64289
  0.0328  0.0331  0.0307  0.0254  0.0247  0.0273  0.0278  0.0293  0.0265  0.0283  0.0245  0.0250
  0.0305  0.0310  0.0295  0.0256  0.0239  0.0257  0.0260  0.0266  0.0251  0.0261  0.0239  0.0242
  0.0290  0.0294  0.0287  0.0262  0.0243  0.0246  0.0246  0.0247  0.0241  0.0244  0.0236  0.0237
  0.0285  0.0284  0.0282  0.0282  0.0257  0.0239  0.0238  0.0237  0.0236  0.0236  0.0235  0.0235
  0.0289  0.0283  0.0282  0.0316  0.0284  0.0239  0.0238  0.0238  0.0237  0.0236  0.0237  0.0235
  0.0303  0.0288  0.0286  0.0358  0.0320  0.0244  0.0246  0.0252  0.0243  0.0245  0.0241  0.0240
  0.0325  0.0300  0.0295  0.0410  0.0356  0.0263  0.0262  0.0278  0.0254  0.0263  0.0247  0.0249
niter,ni,del,rscale     7    3    5.0000    1.2000
parameters
   -0.8675  -11.0698   16.3209  -11.8226  -10.3823   -3.1825
    0.0681    1.1794   -0.1770    7.2468   -2.4371   -7.7338
eta,q 0.97700 10.46461
  0.0277  0.0280  0.0262  0.0248  0.0273  0.0263  0.0260  0.0278  0.0253  0.0273  0.0241  0.0245
  0.0254  0.0259  0.0249  0.0235  0.0252  0.0247  0.0244  0.0253  0.0241  0.0253  0.0235  0.0237
  0.0240  0.0243  0.0239  0.0230  0.0236  0.0236  0.0234  0.0237  0.0233  0.0238  0.0231  0.0232
  0.0235  0.0235  0.0233  0.0232  0.0230  0.0231  0.0230  0.0230  0.0230  0.0230  0.0230  0.0230
  0.0239  0.0234  0.0232  0.0242  0.0240  0.0232  0.0235  0.0235  0.0233  0.0233  0.0231  0.0231
  0.0251  0.0240  0.0234  0.0273  0.0266  0.0240  0.0246  0.0250  0.0241  0.0244  0.0234  0.0237
  0.0273  0.0255  0.0242  0.0317  0.0306  0.0261  0.0265  0.0277  0.0254  0.0263  0.0241  0.0246
niter,ni,del,rscale     6    3    5.0000    1.2000
parameters
   -0.7978  -11.0751   16.6006  -12.1005  -10.6927   -3.0060
   -0.0038    1.2041   -0.2557    7.2342   -2.6172   -7.5909
eta,q 0.97699 10.43966
  0.0271  0.0263  0.0253  0.0265  0.0280  0.0263  0.0261  0.0277  0.0252  0.0268  0.0240  0.0245
  0.0250  0.0245  0.0241  0.0246  0.0258  0.0247  0.0245  0.0252  0.0240  0.0249  0.0235  0.0238
  0.0236  0.0234  0.0233  0.0234  0.0239  0.0236  0.0234  0.0236  0.0233  0.0235  0.0231  0.0233
  0.0230  0.0230  0.0230  0.0230  0.0230  0.0230  0.0230  0.0230  0.0230  0.0230  0.0230  0.0230
  0.0233  0.0234  0.0231  0.0232  0.0235  0.0233  0.0234  0.0235  0.0233  0.0235  0.0231  0.0231
  0.0246  0.0245  0.0235  0.0243  0.0256  0.0241  0.0245  0.0251  0.0241  0.0248  0.0235  0.0236
  0.0267  0.0263  0.0244  0.0274  0.0294  0.0264  0.0263  0.0278  0.0254  0.0269  0.0242  0.0245
niter,ni,del,rscale     5    3    5.0000    1.2000
parameters
   -0.7966  -11.1005   16.6759  -12.0788  -10.7527   -2.9780
   -0.0127    1.2152   -0.2463    7.1884   -2.6502   -7.5036
eta,q 0.97699 10.43789
  0.0269  0.0262  0.0250  0.0267  0.0282  0.0262  0.0261  0.0277  0.0253  0.0267  0.0241  0.0245
  0.0249  0.0245  0.0239  0.0247  0.0260  0.0247  0.0245  0.0252  0.0241  0.0249  0.0235  0.0238
  0.0235  0.0234  0.0232  0.0235  0.0241  0.0235  0.0234  0.0236  0.0233  0.0235  0.0231  0.0233
  0.0230  0.0230  0.0230  0.0230  0.0230  0.0230  0.0230  0.0230  0.0230  0.0230  0.0230  0.0230
  0.0234  0.0234  0.0232  0.0232  0.0234  0.0233  0.0234  0.0235  0.0233  0.0235  0.0231  0.0231
  0.0248  0.0246  0.0238  0.0241  0.0253  0.0242  0.0244  0.0251  0.0240  0.0248  0.0235  0.0236
  0.0270  0.0264  0.0248  0.0271  0.0290  0.0266  0.0262  0.0278  0.0253  0.0269  0.0241  0.0246
niter,ni,del,rscale     4    3    5.0000    1.2000
parameters
   -0.7974  -11.1117   16.6904  -12.0819  -10.7556   -2.9867
   -0.0155    1.2183   -0.2439    7.1611   -2.6534   -7.4675
eta,q 0.97700 10.43666
  0.0269  0.0263  0.0249  0.0267  0.0282  0.0262  0.0262  0.0277  0.0253  0.0268  0.0241  0.0245
  0.0248  0.0245  0.0239  0.0247  0.0260  0.0247  0.0245  0.0252  0.0241  0.0249  0.0235  0.0238
  0.0235  0.0234  0.0232  0.0235  0.0241  0.0235  0.0234  0.0236  0.0233  0.0235  0.0231  0.0233
  0.0230  0.0230  0.0230  0.0230  0.0230  0.0230  0.0230  0.0230  0.0230  0.0230  0.0230  0.0230
  0.0234  0.0234  0.0232  0.0232  0.0234  0.0233  0.0233  0.0235  0.0233  0.0235  0.0231  0.0231
  0.0248  0.0246  0.0239  0.0242  0.0253  0.0242  0.0244  0.0251  0.0240  0.0248  0.0235  0.0237
  0.0270  0.0263  0.0249  0.0271  0.0290  0.0266  0.0262  0.0278  0.0253  0.0269  0.0241  0.0246
registration optimization eta report
parameter search radius
    2.4000    2.4000    2.4000    9.5220    9.5220    8.2800
    7.2000    7.2000    7.2000    7.2000    7.2000    7.2000
100000*second partial in parameter space
       68.       57.       33.        4.        6.        5.
        6.        9.        4.        7.        2.        3.
  0.0269  0.0263  0.0249  0.0267  0.0282  0.0262  0.0262  0.0277  0.0253  0.0268  0.0241  0.0245
  0.0248  0.0245  0.0239  0.0247  0.0260  0.0247  0.0245  0.0252  0.0241  0.0249  0.0235  0.0238
  0.0235  0.0234  0.0232  0.0235  0.0241  0.0235  0.0234  0.0236  0.0233  0.0235  0.0231  0.0233
  0.0230  0.0230  0.0230  0.0230  0.0230  0.0230  0.0230  0.0230  0.0230  0.0230  0.0230  0.0230
  0.0234  0.0234  0.0232  0.0232  0.0234  0.0233  0.0233  0.0235  0.0233  0.0235  0.0231  0.0231
  0.0248  0.0246  0.0239  0.0242  0.0253  0.0242  0.0244  0.0251  0.0240  0.0248  0.0235  0.0237
  0.0270  0.0263  0.0249  0.0271  0.0290  0.0266  0.0262  0.0278  0.0253  0.0269  0.0241  0.0246
   -0.7974  -11.1117   16.6904  -12.0819  -10.7556   -2.9867
   -0.0155    1.2183   -0.2439    7.1611   -2.6534   -7.4675
eta,q 0.97700 10.43666

---------------------------------------------------------------------
imgreg_4dfp /opt/freesurfer/average/711-2C_as_mni_average_305 /opt/freesurfer/average/711-2B_as_mni_average_305_mask talsrcimg_g11 none talsrcimg_to_711-2C_as_mni_average_305_t4 2311
---------------------------------------------------------------------

freesurfer imgreg_4dfp.c
/opt/freesurfer/average/711-2C_as_mni_average_305.4dfp.img
       256       256       256         1
  1.000000  1.000000  1.000000
orientation T byte_order littleendian
Reading image: /opt/freesurfer/average/711-2C_as_mni_average_305.4dfp.img
dimensions:      256       256       256
mmppix:       1.0000   -1.0000   -1.0000
center:     128.0000 -129.0000 -129.0000
/opt/freesurfer/average/711-2B_as_mni_average_305_mask.4dfp.img
       256       256       256         1
  1.000000  1.000000  1.000000
orientation T byte_order littleendian
Reading mask: /opt/freesurfer/average/711-2B_as_mni_average_305_mask.4dfp.img (2306576 pixels)
talsrcimg_g11.4dfp.img
       256       256       256         1
  0.898437  0.898437  0.898437
orientation T byte_order littleendian
Reading image: talsrcimg_g11.4dfp.img
dimensions:      256       256       256
mmppix:       0.8984   -0.8984   -0.8984
center:     114.9999 -115.8984 -115.8984
fimgreg.f
image alignment mode   2311 decimal      907 hex
parameters
   -0.7974  -11.1117   16.6904  -12.0819  -10.7556   -2.9867
   -0.0155    1.2183   -0.2439    7.1611   -2.6534   -7.4675
eta,q 0.97700 10.43665
niter,ni,del,rscale     5    3    5.0000    0.8000
parameters
   -0.7766  -11.1117   16.6845  -11.2961   -9.9956   -2.4778
    0.1273    1.2183   -0.1598    7.1676   -2.8188   -7.1945
eta,q 0.97711 10.53896
  0.0249  0.0245  0.0239  0.0240  0.0250  0.0243  0.0245  0.0251  0.0240  0.0248  0.0234  0.0237
  0.0239  0.0237  0.0234  0.0235  0.0241  0.0236  0.0237  0.0239  0.0234  0.0238  0.0231  0.0233
  0.0232  0.0232  0.0231  0.0232  0.0234  0.0231  0.0231  0.0232  0.0230  0.0231  0.0230  0.0231
  0.0230  0.0230  0.0230  0.0230  0.0230  0.0229  0.0229  0.0229  0.0229  0.0229  0.0229  0.0229
  0.0232  0.0232  0.0231  0.0230  0.0230  0.0230  0.0230  0.0231  0.0230  0.0231  0.0230  0.0229
  0.0238  0.0237  0.0234  0.0232  0.0234  0.0233  0.0235  0.0239  0.0234  0.0238  0.0231  0.0232
  0.0248  0.0245  0.0239  0.0235  0.0241  0.0238  0.0244  0.0252  0.0240  0.0248  0.0234  0.0236
niter,ni,del,rscale     4    3    5.0000    0.7000
parameters
   -0.8053  -11.1041   16.6123  -11.2691   -9.9528   -2.5019
    0.1252    1.2403   -0.1378    7.1712   -2.7491   -7.1707
eta,q 0.97711 10.54216
  0.0242  0.0241  0.0235  0.0235  0.0243  0.0238  0.0241  0.0246  0.0237  0.0244  0.0233  0.0235
  0.0235  0.0235  0.0232  0.0232  0.0236  0.0233  0.0234  0.0237  0.0233  0.0236  0.0231  0.0232
  0.0231  0.0230  0.0229  0.0230  0.0231  0.0230  0.0230  0.0231  0.0230  0.0231  0.0229  0.0230
  0.0229  0.0229  0.0229  0.0229  0.0229  0.0229  0.0229  0.0229  0.0229  0.0229  0.0229  0.0229
  0.0231  0.0230  0.0230  0.0229  0.0230  0.0230  0.0230  0.0231  0.0230  0.0231  0.0229  0.0229
  0.0236  0.0234  0.0233  0.0231  0.0235  0.0233  0.0234  0.0236  0.0233  0.0236  0.0230  0.0231
  0.0244  0.0241  0.0237  0.0235  0.0242  0.0238  0.0241  0.0246  0.0237  0.0244  0.0233  0.0235
niter,ni,del,rscale     3    3    5.0000    0.6000
parameters
   -0.8008  -11.1008   16.6031  -11.2207   -9.9226   -2.5398
    0.1345    1.2557   -0.1366    7.1691   -2.7447   -7.0936
eta,q 0.97711 10.54400
  0.0239  0.0238  0.0234  0.0233  0.0239  0.0236  0.0238  0.0242  0.0235  0.0240  0.0232  0.0233
  0.0234  0.0233  0.0231  0.0231  0.0234  0.0232  0.0233  0.0235  0.0232  0.0234  0.0230  0.0231
  0.0230  0.0230  0.0229  0.0230  0.0230  0.0230  0.0230  0.0231  0.0230  0.0230  0.0229  0.0230
  0.0229  0.0229  0.0229  0.0229  0.0229  0.0229  0.0229  0.0229  0.0229  0.0229  0.0229  0.0229
  0.0230  0.0230  0.0230  0.0229  0.0230  0.0230  0.0230  0.0230  0.0230  0.0230  0.0229  0.0229
  0.0234  0.0233  0.0231  0.0231  0.0233  0.0232  0.0233  0.0234  0.0232  0.0234  0.0230  0.0231
  0.0239  0.0238  0.0234  0.0233  0.0239  0.0236  0.0238  0.0242  0.0235  0.0240  0.0232  0.0233
niter,ni,del,rscale     2    3    5.0000    0.5000
parameters
   -0.7996  -11.0969   16.5971  -11.2143   -9.8898   -2.5933
    0.1408    1.2801   -0.1455    7.1524   -2.7397   -7.0166
eta,q 0.97711 10.54298
  0.0236  0.0235  0.0232  0.0232  0.0236  0.0234  0.0235  0.0238  0.0233  0.0237  0.0231  0.0232
  0.0232  0.0232  0.0230  0.0230  0.0232  0.0231  0.0232  0.0233  0.0231  0.0232  0.0230  0.0231
  0.0230  0.0230  0.0229  0.0229  0.0230  0.0229  0.0230  0.0230  0.0229  0.0230  0.0229  0.0229
  0.0229  0.0229  0.0229  0.0229  0.0229  0.0229  0.0229  0.0229  0.0229  0.0229  0.0229  0.0229
  0.0230  0.0230  0.0229  0.0229  0.0230  0.0230  0.0230  0.0230  0.0229  0.0230  0.0229  0.0229
  0.0232  0.0232  0.0231  0.0230  0.0232  0.0231  0.0232  0.0233  0.0231  0.0232  0.0230  0.0230
  0.0236  0.0235  0.0232  0.0232  0.0236  0.0234  0.0235  0.0238  0.0233  0.0237  0.0231  0.0232
niter,ni,del,rscale     1    3    5.0000    0.4000
parameters
   -0.7937  -11.0971   16.5870  -11.1810   -9.8722   -2.6581
    0.1483    1.3069   -0.1434    7.1261   -2.7508   -6.9402
eta,q 0.97712 10.54212
  0.0234  0.0233  0.0231  0.0231  0.0234  0.0232  0.0233  0.0235  0.0232  0.0234  0.0230  0.0231
  0.0231  0.0231  0.0230  0.0230  0.0231  0.0230  0.0231  0.0232  0.0230  0.0231  0.0229  0.0230
  0.0229  0.0229  0.0229  0.0229  0.0230  0.0229  0.0229  0.0230  0.0229  0.0229  0.0229  0.0229
  0.0229  0.0229  0.0229  0.0229  0.0229  0.0229  0.0229  0.0229  0.0229  0.0229  0.0229  0.0229
  0.0229  0.0229  0.0229  0.0229  0.0229  0.0229  0.0229  0.0229  0.0229  0.0230  0.0229  0.0229
  0.0231  0.0231  0.0230  0.0230  0.0231  0.0231  0.0231  0.0231  0.0230  0.0231  0.0229  0.0230
  0.0234  0.0233  0.0231  0.0231  0.0234  0.0232  0.0233  0.0235  0.0232  0.0234  0.0230  0.0231
registration optimization eta report
parameter search radius
    0.8000    0.8000    0.8000    2.4000    2.4000    2.4000
    2.4000    2.4000    2.4000    2.4000    2.4000    2.4000
100000*second partial in parameter space
       73.       63.       36.        3.        8.        6.
        7.       10.        5.        9.        2.        4.
  0.0234  0.0233  0.0231  0.0231  0.0234  0.0232  0.0233  0.0235  0.0232  0.0234  0.0230  0.0231
  0.0231  0.0231  0.0230  0.0230  0.0231  0.0230  0.0231  0.0232  0.0230  0.0231  0.0229  0.0230
  0.0229  0.0229  0.0229  0.0229  0.0230  0.0229  0.0229  0.0230  0.0229  0.0229  0.0229  0.0229
  0.0229  0.0229  0.0229  0.0229  0.0229  0.0229  0.0229  0.0229  0.0229  0.0229  0.0229  0.0229
  0.0229  0.0229  0.0229  0.0229  0.0229  0.0229  0.0229  0.0229  0.0229  0.0230  0.0229  0.0229
  0.0231  0.0231  0.0230  0.0230  0.0231  0.0231  0.0231  0.0231  0.0230  0.0231  0.0229  0.0230
  0.0234  0.0233  0.0231  0.0231  0.0234  0.0232  0.0233  0.0235  0.0232  0.0234  0.0230  0.0231
   -0.7937  -11.0971   16.5870  -11.1810   -9.8722   -2.6581
    0.1483    1.3069   -0.1434    7.1261   -2.7508   -6.9402
eta,q 0.97712 10.54212

---------------------------------------------------------------------
imgreg_4dfp /opt/freesurfer/average/711-2C_as_mni_average_305 /opt/freesurfer/average/711-2B_as_mni_average_305_mask talsrcimg_g11 none talsrcimg_to_711-2C_as_mni_average_305_t4 2311
---------------------------------------------------------------------

freesurfer imgreg_4dfp.c
/opt/freesurfer/average/711-2C_as_mni_average_305.4dfp.img
       256       256       256         1
  1.000000  1.000000  1.000000
orientation T byte_order littleendian
Reading image: /opt/freesurfer/average/711-2C_as_mni_average_305.4dfp.img
dimensions:      256       256       256
mmppix:       1.0000   -1.0000   -1.0000
center:     128.0000 -129.0000 -129.0000
/opt/freesurfer/average/711-2B_as_mni_average_305_mask.4dfp.img
       256       256       256         1
  1.000000  1.000000  1.000000
orientation T byte_order littleendian
Reading mask: /opt/freesurfer/average/711-2B_as_mni_average_305_mask.4dfp.img (2306576 pixels)
talsrcimg_g11.4dfp.img
       256       256       256         1
  0.898437  0.898437  0.898437
orientation T byte_order littleendian
Reading image: talsrcimg_g11.4dfp.img
dimensions:      256       256       256
mmppix:       0.8984   -0.8984   -0.8984
center:     114.9999 -115.8984 -115.8984
fimgreg.f
image alignment mode   2311 decimal      907 hex
parameters
   -0.7937  -11.0971   16.5870  -11.1810   -9.8722   -2.6581
    0.1483    1.3069   -0.1434    7.1261   -2.7508   -6.9402
eta,q 0.97712 10.54211
niter,ni,del,rscale     5    3    5.0000    0.8000
parameters
   -0.8027  -11.1124   16.5988  -11.3488   -9.9749   -2.5687
    0.1061    1.2356   -0.1704    7.1287   -2.7268   -7.2094
eta,q 0.97711 10.53392
  0.0247  0.0244  0.0238  0.0236  0.0245  0.0241  0.0244  0.0251  0.0239  0.0248  0.0234  0.0236
  0.0237  0.0236  0.0233  0.0232  0.0237  0.0235  0.0236  0.0239  0.0234  0.0238  0.0231  0.0232
  0.0231  0.0231  0.0230  0.0230  0.0231  0.0230  0.0231  0.0232  0.0230  0.0231  0.0229  0.0230
  0.0229  0.0229  0.0229  0.0229  0.0229  0.0229  0.0229  0.0229  0.0229  0.0229  0.0229  0.0229
  0.0231  0.0231  0.0230  0.0230  0.0231  0.0230  0.0231  0.0231  0.0230  0.0231  0.0229  0.0230
  0.0237  0.0236  0.0233  0.0232  0.0237  0.0234  0.0236  0.0239  0.0234  0.0238  0.0231  0.0233
  0.0248  0.0245  0.0238  0.0238  0.0247  0.0240  0.0245  0.0252  0.0240  0.0248  0.0234  0.0238
niter,ni,del,rscale     4    3    5.0000    0.7000
parameters
   -0.8000  -11.1025   16.6122  -11.2782   -9.9437   -2.5233
    0.1288    1.2398   -0.1532    7.1645   -2.7364   -7.1723
eta,q 0.97711 10.54101
  0.0243  0.0241  0.0236  0.0235  0.0242  0.0238  0.0241  0.0246  0.0237  0.0244  0.0233  0.0235
  0.0235  0.0235  0.0232  0.0232  0.0236  0.0233  0.0235  0.0237  0.0233  0.0236  0.0231  0.0232
  0.0231  0.0230  0.0230  0.0230  0.0231  0.0230  0.0230  0.0231  0.0230  0.0231  0.0229  0.0230
  0.0229  0.0229  0.0229  0.0229  0.0229  0.0229  0.0229  0.0229  0.0229  0.0229  0.0229  0.0229
  0.0230  0.0230  0.0230  0.0229  0.0230  0.0230  0.0230  0.0231  0.0230  0.0231  0.0229  0.0229
  0.0235  0.0234  0.0232  0.0231  0.0235  0.0233  0.0234  0.0236  0.0233  0.0236  0.0231  0.0231
  0.0243  0.0241  0.0236  0.0235  0.0242  0.0237  0.0241  0.0246  0.0237  0.0243  0.0233  0.0235
niter,ni,del,rscale     3    3    5.0000    0.6000
parameters
   -0.7996  -11.0990   16.6048  -11.2280   -9.9178   -2.5422
    0.1348    1.2596   -0.1394    7.1677   -2.7489   -7.0921
eta,q 0.97711 10.54372
  0.0239  0.0238  0.0234  0.0233  0.0239  0.0236  0.0238  0.0242  0.0235  0.0240  0.0232  0.0233
  0.0234  0.0233  0.0231  0.0231  0.0234  0.0232  0.0233  0.0235  0.0232  0.0234  0.0230  0.0231
  0.0230  0.0230  0.0229  0.0229  0.0230  0.0230  0.0230  0.0231  0.0230  0.0230  0.0229  0.0230
  0.0229  0.0229  0.0229  0.0229  0.0229  0.0229  0.0229  0.0229  0.0229  0.0229  0.0229  0.0229
  0.0230  0.0230  0.0230  0.0229  0.0230  0.0230  0.0230  0.0230  0.0230  0.0230  0.0229  0.0229
  0.0234  0.0233  0.0231  0.0231  0.0233  0.0232  0.0233  0.0234  0.0232  0.0234  0.0230  0.0231
  0.0239  0.0238  0.0234  0.0233  0.0239  0.0235  0.0238  0.0242  0.0235  0.0240  0.0232  0.0233
niter,ni,del,rscale     2    3    5.0000    0.5000
parameters
   -0.7979  -11.0978   16.5960  -11.2146   -9.8902   -2.5940
    0.1422    1.2814   -0.1478    7.1481   -2.7413   -7.0075
eta,q 0.97711 10.54288
  0.0236  0.0235  0.0232  0.0232  0.0236  0.0234  0.0235  0.0238  0.0233  0.0237  0.0231  0.0232
  0.0232  0.0232  0.0230  0.0230  0.0232  0.0231  0.0232  0.0233  0.0231  0.0232  0.0230  0.0231
  0.0230  0.0230  0.0229  0.0229  0.0230  0.0229  0.0230  0.0230  0.0229  0.0230  0.0229  0.0229
  0.0229  0.0229  0.0229  0.0229  0.0229  0.0229  0.0229  0.0229  0.0229  0.0229  0.0229  0.0229
  0.0230  0.0230  0.0229  0.0229  0.0230  0.0230  0.0230  0.0230  0.0229  0.0230  0.0229  0.0229
  0.0232  0.0232  0.0231  0.0230  0.0232  0.0231  0.0232  0.0233  0.0231  0.0233  0.0230  0.0230
  0.0236  0.0235  0.0232  0.0232  0.0236  0.0234  0.0235  0.0238  0.0233  0.0237  0.0231  0.0232
niter,ni,del,rscale     1    3    5.0000    0.4000
parameters
   -0.7938  -11.0979   16.5870  -11.1966   -9.8765   -2.6497
    0.1514    1.3148   -0.1509    7.1344   -2.7311   -6.9431
eta,q 0.97711 10.54151
  0.0234  0.0233  0.0231  0.0231  0.0234  0.0232  0.0233  0.0235  0.0232  0.0234  0.0230  0.0231
  0.0231  0.0231  0.0230  0.0230  0.0231  0.0230  0.0231  0.0232  0.0230  0.0231  0.0229  0.0230
  0.0229  0.0229  0.0229  0.0229  0.0229  0.0229  0.0229  0.0230  0.0229  0.0229  0.0229  0.0229
  0.0229  0.0229  0.0229  0.0229  0.0229  0.0229  0.0229  0.0229  0.0229  0.0229  0.0229  0.0229
  0.0229  0.0229  0.0229  0.0229  0.0229  0.0229  0.0229  0.0229  0.0229  0.0229  0.0229  0.0229
  0.0231  0.0231  0.0230  0.0230  0.0231  0.0231  0.0231  0.0231  0.0230  0.0231  0.0229  0.0230
  0.0233  0.0233  0.0231  0.0231  0.0234  0.0232  0.0233  0.0235  0.0232  0.0234  0.0230  0.0231
registration optimization eta report
parameter search radius
    0.8000    0.8000    0.8000    2.4000    2.4000    2.4000
    2.4000    2.4000    2.4000    2.4000    2.4000    2.4000
100000*second partial in parameter space
       73.       63.       36.        3.        8.        6.
        7.       10.        5.        9.        2.        4.
  0.0234  0.0233  0.0231  0.0231  0.0234  0.0232  0.0233  0.0235  0.0232  0.0234  0.0230  0.0231
  0.0231  0.0231  0.0230  0.0230  0.0231  0.0230  0.0231  0.0232  0.0230  0.0231  0.0229  0.0230
  0.0229  0.0229  0.0229  0.0229  0.0229  0.0229  0.0229  0.0230  0.0229  0.0229  0.0229  0.0229
  0.0229  0.0229  0.0229  0.0229  0.0229  0.0229  0.0229  0.0229  0.0229  0.0229  0.0229  0.0229
  0.0229  0.0229  0.0229  0.0229  0.0229  0.0229  0.0229  0.0229  0.0229  0.0229  0.0229  0.0229
  0.0231  0.0231  0.0230  0.0230  0.0231  0.0231  0.0231  0.0231  0.0230  0.0231  0.0229  0.0230
  0.0233  0.0233  0.0231  0.0231  0.0234  0.0232  0.0233  0.0235  0.0232  0.0234  0.0230  0.0231
   -0.7938  -11.0979   16.5870  -11.1966   -9.8765   -2.6497
    0.1514    1.3148   -0.1509    7.1344   -2.7311   -6.9431
eta,q 0.97711 10.54151

---------------------------------------------------------------------
compute_vox2vox talsrcimg talsrcimg_to_711-2C_as_mni_average_305_t4 /opt/freesurfer/average/711-2C_as_mni_average_305
---------------------------------------------------------------------

freesurfer compute_vox2vox.c
Reading: talsrcimg.4dfp.ifh
Reading: talsrcimg_to_711-2C_as_mni_average_305_t4
Reading: /opt/freesurfer/average/711-2C_as_mni_average_305.4dfp.ifh
Writing: talsrcimg_to_711-2C_as_mni_average_305_t4_vox2vox.txt

start time Wed Mar 11 03:51:02 CET 2026
end		time Wed Mar 11 03:52:26 CET 2026

mpr2mni305 success

avi2talxfm orig_nu.mgz /opt/freesurfer/average/mni305.cor.mgz talsrcimg_to_711-2C_as_mni_average_305_t4_vox2vox.txt transforms/talairach.auto.xfm
avi2talxfm done
mv -f /out/sourcedata/freesurfer/sub-v2s13x29113_ses-1/mri/talsrcimg_to_711-2C_as_mni_average_305_t4_vox2vox.txt /out/sourcedata/freesurfer/sub-v2s13x29113_ses-1/mri/transforms/talsrcimg_to_711-2C_as_mni_average_305_t4_vox2vox.txt
lta_convert --src orig_nu.mgz --trg /opt/freesurfer/average/mni305.cor.mgz --inxfm transforms/talairach.auto.xfm --outlta transforms/talairach.auto.xfm.lta --subject fsaverage
7.3.2

--src: orig_nu.mgz src image (geometry).
--trg: /opt/freesurfer/average/mni305.cor.mgz trg image (geometry).
--inmni: transforms/talairach.auto.xfm input MNI/XFM transform.
--outlta: transforms/talairach.auto.xfm.lta output LTA.
--s: fsaverage subject name
 LTA read, type : 1
 1.12561  -0.01498  -0.00304   0.21033;
 0.03153   1.02103   0.07861  -16.09561;
-0.00061  -0.08085   1.10336  -12.18716;
 0.00000   0.00000   0.00000   1.00000;
setting subject to fsaverage
Writing  LTA to file transforms/talairach.auto.xfm.lta...
lta_convert successful.
 
 
Started at Wed Mar 11 03:51:01 CET 2026
Ended   at Wed Mar 11 03:52:26 CET 2026
talairach_avi done
