status file for recon-all
Wed Mar 11 05:34:38 CET 2026
#@# Tessellate lh Wed Mar 11 05:34:38 CET 2026
#@# Smooth1 lh Wed Mar 11 05:34:43 CET 2026
#@# Inflation1 lh Wed Mar 11 05:34:47 CET 2026
#@# QSphere lh Wed Mar 11 05:36:10 CET 2026
#@# Fix Topology lh Wed Mar 11 05:37:57 CET 2026
#@# Smooth2 lh Wed Mar 11 05:45:01 CET 2026
#@# Inflation2 lh Wed Mar 11 05:45:06 CET 2026
#@# Curv .H and .K lh Wed Mar 11 05:45:35 CET 2026
#@# Sphere lh Wed Mar 11 05:46:38 CET 2026
#@# Surf Reg lh Wed Mar 11 05:51:35 CET 2026
#@# Jacobian white lh Wed Mar 11 05:57:27 CET 2026
#@# AvgCurv lh Wed Mar 11 05:57:29 CET 2026
#@# Cortical Parc lh Wed Mar 11 05:57:31 CET 2026
#@# white curv lh Wed Mar 11 06:06:23 CET 2026
#@# white area lh Wed Mar 11 06:06:25 CET 2026
#@# pial curv lh Wed Mar 11 06:06:26 CET 2026
#@# pial area lh Wed Mar 11 06:06:29 CET 2026
#@# thickness lh Wed Mar 11 06:06:30 CET 2026
#@# area and vertex vol lh Wed Mar 11 06:07:17 CET 2026
#@# Curvature Stats lh Wed Mar 11 06:07:19 CET 2026
#@# Cortical Parc 2 lh Wed Mar 11 06:07:23 CET 2026
#@# Cortical Parc 3 lh Wed Mar 11 06:07:42 CET 2026
#@# WM/GM Contrast lh Wed Mar 11 06:07:56 CET 2026
recon-all -s sub-v2s13x29107_ses-1 finished without error at Wed Mar 11 06:08:02 CET 2026



#New# invocation of recon-all 



status file for recon-all
Wed Mar 11 06:49:58 CET 2026
#@# white curv lh Wed Mar 11 06:49:59 CET 2026
#@# white area lh Wed Mar 11 06:49:59 CET 2026
#@# pial curv lh Wed Mar 11 06:49:59 CET 2026
#@# pial area lh Wed Mar 11 06:49:59 CET 2026
#@# thickness lh Wed Mar 11 06:49:59 CET 2026
#@# area and vertex vol lh Wed Mar 11 06:49:59 CET 2026
#@# Parcellation Stats lh Wed Mar 11 06:49:59 CET 2026
#@# Parcellation Stats 2 lh Wed Mar 11 06:50:29 CET 2026
#@# Parcellation Stats 3 lh Wed Mar 11 06:50:45 CET 2026
#@# BA_exvivo Labels lh Wed Mar 11 06:51:00 CET 2026
recon-all -s sub-v2s13x29107_ses-1 finished without error at Wed Mar 11 06:54:42 CET 2026
