status file for recon-all
Wed Mar 11 03:43:08 CET 2026
#@# MotionCor Wed Mar 11 03:43:11 CET 2026
#@# Talairach Wed Mar 11 03:43:21 CET 2026
#@# Talairach Failure Detection Wed Mar 11 03:47:45 CET 2026
#@# Nu Intensity Correction Wed Mar 11 03:47:45 CET 2026
#@# Intensity Normalization Wed Mar 11 03:51:02 CET 2026
recon-all -s sub-v2s13x29109_ses-1 finished without error at Wed Mar 11 03:52:34 CET 2026



#New# invocation of recon-all 



status file for recon-all
Wed Mar 11 04:00:06 CET 2026
#@# EM Registration Wed Mar 11 04:00:06 CET 2026
recon-all -s sub-v2s13x29109_ses-1 finished without error at Wed Mar 11 04:01:57 CET 2026



#New# invocation of recon-all 



status file for recon-all
Wed Mar 11 04:02:01 CET 2026
#@# CA Normalize Wed Mar 11 04:02:01 CET 2026
#@# CA Reg Wed Mar 11 04:03:18 CET 2026
#@# SubCort Seg Wed Mar 11 04:55:03 CET 2026
#@# CC Seg Wed Mar 11 05:35:43 CET 2026
#@# Merge ASeg Wed Mar 11 05:36:20 CET 2026
#@# Intensity Normalization2 Wed Mar 11 05:36:20 CET 2026
#@# Mask BFS Wed Mar 11 05:38:38 CET 2026
#@# WM Segmentation Wed Mar 11 05:38:38 CET 2026
#@# Fill Wed Mar 11 05:40:59 CET 2026
recon-all -s sub-v2s13x29109_ses-1 finished without error at Wed Mar 11 05:42:01 CET 2026



#New# invocation of recon-all 



status file for recon-all
Wed Mar 11 06:49:30 CET 2026
#@# white curv lh Wed Mar 11 06:49:30 CET 2026
#@# white area lh Wed Mar 11 06:49:30 CET 2026
#@# pial curv lh Wed Mar 11 06:49:30 CET 2026
#@# pial area lh Wed Mar 11 06:49:30 CET 2026
#@# thickness lh Wed Mar 11 06:49:30 CET 2026
#@# area and vertex vol lh Wed Mar 11 06:49:30 CET 2026
#@# white curv rh Wed Mar 11 06:49:30 CET 2026
#@# white area rh Wed Mar 11 06:49:30 CET 2026
#@# pial curv rh Wed Mar 11 06:49:30 CET 2026
#@# pial area rh Wed Mar 11 06:49:30 CET 2026
#@# thickness rh Wed Mar 11 06:49:30 CET 2026
#@# area and vertex vol rh Wed Mar 11 06:49:30 CET 2026
#@# Cortical ribbon mask Wed Mar 11 06:49:30 CET 2026
recon-all -s sub-v2s13x29109_ses-1 finished without error at Wed Mar 11 06:57:46 CET 2026



#New# invocation of recon-all 



status file for recon-all
Wed Mar 11 07:06:26 CET 2026
#@# white curv lh Wed Mar 11 07:06:26 CET 2026
#@# white area lh Wed Mar 11 07:06:26 CET 2026
#@# pial curv lh Wed Mar 11 07:06:26 CET 2026
#@# pial area lh Wed Mar 11 07:06:26 CET 2026
#@# thickness lh Wed Mar 11 07:06:26 CET 2026
#@# area and vertex vol lh Wed Mar 11 07:06:26 CET 2026
#@# white curv rh Wed Mar 11 07:06:26 CET 2026
#@# white area rh Wed Mar 11 07:06:26 CET 2026
#@# pial curv rh Wed Mar 11 07:06:26 CET 2026
#@# pial area rh Wed Mar 11 07:06:26 CET 2026
#@# thickness rh Wed Mar 11 07:06:26 CET 2026
#@# area and vertex vol rh Wed Mar 11 07:06:26 CET 2026
#@# Curvature Stats lh Wed Mar 11 07:06:26 CET 2026
#@# Curvature Stats rh Wed Mar 11 07:06:30 CET 2026
#@# Relabel Hypointensities Wed Mar 11 07:06:33 CET 2026
#@# APas-to-ASeg Wed Mar 11 07:06:53 CET 2026
#@# AParc-to-ASeg aparc Wed Mar 11 07:07:04 CET 2026
#@# AParc-to-ASeg aparc.a2009s Wed Mar 11 07:08:00 CET 2026
#@# AParc-to-ASeg aparc.DKTatlas Wed Mar 11 07:08:55 CET 2026
#@# WMParc Wed Mar 11 07:09:46 CET 2026
#@# ASeg Stats Wed Mar 11 07:13:26 CET 2026
recon-all -s sub-v2s13x29109_ses-1 finished without error at Wed Mar 11 07:14:05 CET 2026
