status file for recon-all
Wed Mar 11 06:18:00 CET 2026
#@# Tessellate rh Wed Mar 11 06:18:00 CET 2026
#@# Smooth1 rh Wed Mar 11 06:18:04 CET 2026
#@# Inflation1 rh Wed Mar 11 06:18:08 CET 2026
#@# QSphere rh Wed Mar 11 06:19:16 CET 2026
#@# Fix Topology rh Wed Mar 11 06:21:40 CET 2026
#@# Smooth2 rh Wed Mar 11 06:28:44 CET 2026
#@# Inflation2 rh Wed Mar 11 06:28:48 CET 2026
#@# Curv .H and .K rh Wed Mar 11 06:29:18 CET 2026
#@# Sphere rh Wed Mar 11 06:30:22 CET 2026
#@# Surf Reg rh Wed Mar 11 06:33:16 CET 2026
#@# Jacobian white rh Wed Mar 11 06:40:09 CET 2026
#@# AvgCurv rh Wed Mar 11 06:40:10 CET 2026
#@# Cortical Parc rh Wed Mar 11 06:40:11 CET 2026
#@# white curv rh Wed Mar 11 06:47:57 CET 2026
#@# white area rh Wed Mar 11 06:47:59 CET 2026
#@# pial curv rh Wed Mar 11 06:48:00 CET 2026
#@# pial area rh Wed Mar 11 06:48:02 CET 2026
#@# thickness rh Wed Mar 11 06:48:03 CET 2026
#@# area and vertex vol rh Wed Mar 11 06:48:44 CET 2026
#@# Curvature Stats rh Wed Mar 11 06:48:46 CET 2026
#@# Cortical Parc 2 rh Wed Mar 11 06:48:49 CET 2026
#@# Cortical Parc 3 rh Wed Mar 11 06:49:07 CET 2026
#@# WM/GM Contrast rh Wed Mar 11 06:49:20 CET 2026
recon-all -s sub-v2s13x29109_ses-1 finished without error at Wed Mar 11 06:49:25 CET 2026



#New# invocation of recon-all 



status file for recon-all
Wed Mar 11 07:02:10 CET 2026
#@# white curv rh Wed Mar 11 07:02:10 CET 2026
#@# white area rh Wed Mar 11 07:02:10 CET 2026
#@# pial curv rh Wed Mar 11 07:02:10 CET 2026
#@# pial area rh Wed Mar 11 07:02:10 CET 2026
#@# thickness rh Wed Mar 11 07:02:10 CET 2026
#@# area and vertex vol rh Wed Mar 11 07:02:10 CET 2026
#@# Parcellation Stats rh Wed Mar 11 07:02:10 CET 2026
#@# Parcellation Stats 2 rh Wed Mar 11 07:02:40 CET 2026
#@# Parcellation Stats 3 rh Wed Mar 11 07:02:55 CET 2026
#@# BA_exvivo Labels rh Wed Mar 11 07:03:10 CET 2026
recon-all -s sub-v2s13x29109_ses-1 finished without error at Wed Mar 11 07:06:22 CET 2026
