status file for recon-all
Wed Mar 11 05:42:07 CET 2026
#@# Tessellate lh Wed Mar 11 05:42:07 CET 2026
#@# Smooth1 lh Wed Mar 11 05:42:11 CET 2026
#@# Inflation1 lh Wed Mar 11 05:42:14 CET 2026
#@# QSphere lh Wed Mar 11 05:43:29 CET 2026
#@# Fix Topology lh Wed Mar 11 05:44:57 CET 2026
#@# Smooth2 lh Wed Mar 11 05:53:14 CET 2026
#@# Inflation2 lh Wed Mar 11 05:53:17 CET 2026
#@# Curv .H and .K lh Wed Mar 11 05:53:54 CET 2026
#@# Sphere lh Wed Mar 11 05:54:58 CET 2026
#@# Surf Reg lh Wed Mar 11 06:01:52 CET 2026
#@# Jacobian white lh Wed Mar 11 06:08:21 CET 2026
#@# AvgCurv lh Wed Mar 11 06:08:22 CET 2026
#@# Cortical Parc lh Wed Mar 11 06:08:23 CET 2026
#@# white curv lh Wed Mar 11 06:16:31 CET 2026
#@# white area lh Wed Mar 11 06:16:34 CET 2026
#@# pial curv lh Wed Mar 11 06:16:35 CET 2026
#@# pial area lh Wed Mar 11 06:16:37 CET 2026
#@# thickness lh Wed Mar 11 06:16:38 CET 2026
#@# area and vertex vol lh Wed Mar 11 06:17:19 CET 2026
#@# Curvature Stats lh Wed Mar 11 06:17:20 CET 2026
#@# Cortical Parc 2 lh Wed Mar 11 06:17:23 CET 2026
#@# Cortical Parc 3 lh Wed Mar 11 06:17:40 CET 2026
#@# WM/GM Contrast lh Wed Mar 11 06:17:53 CET 2026
recon-all -s sub-v2s13x29109_ses-1 finished without error at Wed Mar 11 06:17:59 CET 2026



#New# invocation of recon-all 



status file for recon-all
Wed Mar 11 06:57:50 CET 2026
#@# white curv lh Wed Mar 11 06:57:50 CET 2026
#@# white area lh Wed Mar 11 06:57:50 CET 2026
#@# pial curv lh Wed Mar 11 06:57:50 CET 2026
#@# pial area lh Wed Mar 11 06:57:50 CET 2026
#@# thickness lh Wed Mar 11 06:57:50 CET 2026
#@# area and vertex vol lh Wed Mar 11 06:57:50 CET 2026
#@# Parcellation Stats lh Wed Mar 11 06:57:50 CET 2026
#@# Parcellation Stats 2 lh Wed Mar 11 06:58:21 CET 2026
#@# Parcellation Stats 3 lh Wed Mar 11 06:58:36 CET 2026
#@# BA_exvivo Labels lh Wed Mar 11 06:58:51 CET 2026
recon-all -s sub-v2s13x29109_ses-1 finished without error at Wed Mar 11 07:02:05 CET 2026
