/out/sourcedata/freesurfer/sub-v2s13x29117_ses-1/mri
/opt/freesurfer/bin/talairach_avi
--i orig_nu.mgz --xfm transforms/talairach.auto.xfm
talairach_avi 7.3.2
Linux dna054 5.14.0-427.37.1.el9_4.x86_64 #1 SMP PREEMPT_DYNAMIC Fri Sep 13 12:41:50 EDT 2024 x86_64 x86_64 x86_64 GNU/Linux
Wed Mar 11 04:15:04 CET 2026
mri_convert orig_nu.mgz talsrcimg.img 
reading from orig_nu.mgz...
TR=0.00, TE=0.00, TI=0.00, flip angle=0.00
i_ras = (-1, 3.34061e-10, 8.09846e-11)
j_ras = (-1.61969e-11, -8.29282e-09, -1)
k_ras = (6.92418e-10, 1, 8.29282e-09)
writing to talsrcimg.img...
Analyze Output Matrix
-0.89844  -0.00000   0.00000   115.93546;
 0.00000  -0.00000   0.89844  -110.29382;
 0.00000  -0.89844   0.00000   126.41492;
 0.00000   0.00000   0.00000   1.00000;
--------------------
INFO: set hdr.hist.orient to -1
mpr2mni305 talsrcimg
Wed Mar 11 04:15:04 CET 2026
/opt/freesurfer/bin/mpr2mni305 talsrcimg
mpr2mni305 7.3.2
target=711-2C_as_mni_average_305

---------------------------------------------------------------------
analyzeto4dfp talsrcimg -O0 -y
---------------------------------------------------------------------

freesurfer ifh2hdr.c
Wed Mar 11 04:15:04 2026
Writing: talsrcimg.4dfp.hdr
freesurfer analyzeto4dfp.c
Reading: talsrcimg.hdr
header size 348 bytes
hdr.dime.datatype	offset=70	value=2
hdr.dime.bitpix		offset=72	value=8
hdr.hist.orient		offset=252	value=-1
dimensionality     4
dimensions       256       256       256         1
Reading: talsrcimg.img
Writing: talsrcimg.4dfp.img
Writing: talsrcimg.4dfp.ifh
ifh2hdr talsrcimg -r0to250
ori=2

---------------------------------------------------------------------
gauss_4dfp talsrcimg 1.1
---------------------------------------------------------------------

freesurfer gauss_4dfp.c
Reading: talsrcimg.4dfp.img
Writing: talsrcimg_g11.4dfp.img
image dimensions 256 256 256 padded to 288 288 288
processing volume 1freesurfer ifh2hdr.c
Wed Mar 11 04:15:06 2026
Writing: talsrcimg_g11.4dfp.hdr

Writing: talsrcimg_g11.4dfp.ifh
including: talsrcimg.4dfp.img.rec in talsrcimg_g11.4dfp.img.rec

---------------------------------------------------------------------
imgreg_4dfp /opt/freesurfer/average/711-2C_as_mni_average_305 none talsrcimg_g11 none talsrcimg_to_711-2C_as_mni_average_305_t4 4355
---------------------------------------------------------------------

freesurfer imgreg_4dfp.c
/opt/freesurfer/average/711-2C_as_mni_average_305.4dfp.img
       256       256       256         1
  1.000000  1.000000  1.000000
orientation T byte_order littleendian
Reading image: /opt/freesurfer/average/711-2C_as_mni_average_305.4dfp.img
dimensions:      256       256       256
mmppix:       1.0000   -1.0000   -1.0000
center:     128.0000 -129.0000 -129.0000
talsrcimg_g11.4dfp.img
       256       256       256         1
  0.898438  0.898438  0.898438
orientation T byte_order littleendian
Reading image: talsrcimg_g11.4dfp.img
dimensions:      256       256       256
mmppix:       0.8984   -0.8984   -0.8984
center:     115.0001 -115.8985 -115.8985
t4_read: open error in t4_sub.f l:  41 t4_file(1:l)talsrcimg_to_711-2C_as_mni_average_305_t4 
t4_read: transform initialized to I4
rotation matrix determinant  1.000000
image alignment mode   4355 decimal     1103 hex
   -7.5000  -45.0000  -45.0000 6531.2393   13.2250
    0.0000  -45.0000  -45.0000 6581.5825   13.2201
    7.5000  -45.0000  -45.0000 6267.9854   13.2022
   -7.5000  -37.5000  -45.0000 6912.0884   14.0529
    0.0000  -37.5000  -45.0000 6992.2437   14.0490
    7.5000  -37.5000  -45.0000 6624.0786   14.0270
   -7.5000  -30.0000  -45.0000 7314.9668   14.4934
    0.0000  -30.0000  -45.0000 7388.0430   14.4853
    7.5000  -30.0000  -45.0000 7009.9990   14.4620
   -7.5000  -22.5000  -45.0000 7838.5825   14.4881
    0.0000  -22.5000  -45.0000 7908.1528   14.4748
    7.5000  -22.5000  -45.0000 7520.8706   14.4540
   -7.5000  -15.0000  -45.0000 8328.0039   14.4865
    0.0000  -15.0000  -45.0000 8413.9941   14.4720
    7.5000  -15.0000  -45.0000 8003.3828   14.4533
   -7.5000   -7.5000  -45.0000 8410.7031   14.4887
    0.0000   -7.5000  -45.0000 8495.6455   14.4781
    7.5000   -7.5000  -45.0000 8084.9712   14.4597
   -7.5000    0.0000  -45.0000 8415.3428   14.4925
    0.0000    0.0000  -45.0000 8486.9902   14.4872
    7.5000    0.0000  -45.0000 8086.6792   14.4676
   -7.5000    7.5000  -45.0000 7995.9531   14.4960
    0.0000    7.5000  -45.0000 8068.0171   14.4919
    7.5000    7.5000  -45.0000 7688.7700   14.4693
   -7.5000   15.0000  -45.0000 7765.2686   14.4934
    0.0000   15.0000  -45.0000 7829.1128   14.4853
    7.5000   15.0000  -45.0000 7468.2158   14.4620
   -7.5000   22.5000  -45.0000 7163.7510   14.2964
    0.0000   22.5000  -45.0000 7211.5049   14.2833
    7.5000   22.5000  -45.0000 6862.8608   14.2627
   -7.5000   30.0000  -45.0000 6597.6357   14.0261
    0.0000   30.0000  -45.0000 6631.9263   14.0119
    7.5000   30.0000  -45.0000 6300.5176   13.9939
   -7.5000   37.5000  -45.0000 6043.9321   13.7854
    0.0000   37.5000  -45.0000 6078.5327   13.7727
    7.5000   37.5000  -45.0000 5774.2153   13.7542
   -7.5000   45.0000  -45.0000 5489.7783   13.6822
    0.0000   45.0000  -45.0000 5514.5557   13.6786
    7.5000   45.0000  -45.0000 5246.0518   13.6642
   -7.5000  -45.0000  -37.5000 7086.5957   13.8053
    0.0000  -45.0000  -37.5000 7153.6621   13.8043
    7.5000  -45.0000  -37.5000 6787.3047   13.7870
   -7.5000  -37.5000  -37.5000 7491.3652   14.6781
    0.0000  -37.5000  -37.5000 7564.0576   14.6806
    7.5000  -37.5000  -37.5000 7167.8999   14.6581
   -7.5000  -30.0000  -37.5000 7913.9575   15.1137
    0.0000  -30.0000  -37.5000 7989.1265   15.1106
    7.5000  -30.0000  -37.5000 7568.9473   15.0853
   -7.5000  -22.5000  -37.5000 8459.7744   15.1070
    0.0000  -22.5000  -37.5000 8516.7119   15.0943
    7.5000  -22.5000  -37.5000 8100.6167   15.0719
   -7.5000  -15.0000  -37.5000 8979.7490   15.1030
    0.0000  -15.0000  -37.5000 9061.4980   15.0867
    7.5000  -15.0000  -37.5000 8615.8721   15.0676
   -7.5000   -7.5000  -37.5000 9057.4111   15.1041
    0.0000   -7.5000  -37.5000 9147.1348   15.0935
    7.5000   -7.5000  -37.5000 8688.7451   15.0758
   -7.5000    0.0000  -37.5000 9053.7295   15.1091
    0.0000    0.0000  -37.5000 9120.8213   15.1081
    7.5000    0.0000  -37.5000 8676.9033   15.0892
   -7.5000    7.5000  -37.5000 8609.1035   15.1142
    0.0000    7.5000  -37.5000 8661.5918   15.1168
    7.5000    7.5000  -37.5000 8277.7188   15.0936
   -7.5000   15.0000  -37.5000 8357.0059   15.1130
    0.0000   15.0000  -37.5000 8396.6064   15.1099
    7.5000   15.0000  -37.5000 8028.1904   15.0846
   -7.5000   22.5000  -37.5000 7672.3286   14.9085
    0.0000   22.5000  -37.5000 7710.8550   14.8959
    7.5000   22.5000  -37.5000 7360.1147   14.8738
   -7.5000   30.0000  -37.5000 7040.3418   14.6336
    0.0000   30.0000  -37.5000 7088.7886   14.6179
    7.5000   30.0000  -37.5000 6752.7402   14.5994
   -7.5000   37.5000  -37.5000 6450.0459   14.3806
    0.0000   37.5000  -37.5000 6481.7090   14.3674
    7.5000   37.5000  -37.5000 6169.7622   14.3502
   -7.5000   45.0000  -37.5000 5841.5308   14.2597
    0.0000   45.0000  -37.5000 5868.5708   14.2596
    7.5000   45.0000  -37.5000 5596.0527   14.2461
   -7.5000  -45.0000  -30.0000 7641.3110   14.3934
    0.0000  -45.0000  -30.0000 7706.8472   14.3937
    7.5000  -45.0000  -30.0000 7312.7725   14.3749
   -7.5000  -37.5000  -30.0000 8082.7988   15.3144
    0.0000  -37.5000  -30.0000 8164.9834   15.3206
    7.5000  -37.5000  -30.0000 7738.0200   15.2955
   -7.5000  -30.0000  -30.0000 8542.6934   15.7474
    0.0000  -30.0000  -30.0000 8632.5303   15.7489
    7.5000  -30.0000  -30.0000 8186.1040   15.7198
   -7.5000  -22.5000  -30.0000 9111.7236   15.7361
    0.0000  -22.5000  -30.0000 9191.9990   15.7265
    7.5000  -22.5000  -30.0000 8724.9834   15.7000
   -7.5000  -15.0000  -30.0000 9658.0283   15.7266
    0.0000  -15.0000  -30.0000 9732.9912   15.7112
    7.5000  -15.0000  -30.0000 9248.0449   15.6889
   -7.5000   -7.5000  -30.0000 9726.0332   15.7267
    0.0000   -7.5000  -30.0000 9794.3096   15.7162
    7.5000   -7.5000  -30.0000 9311.2021   15.6965
   -7.5000    0.0000  -30.0000 9721.1162   15.7365
    0.0000    0.0000  -30.0000 9769.5605   15.7368
    7.5000    0.0000  -30.0000 9318.1992   15.7162
   -7.5000    7.5000  -30.0000 9230.1445   15.7456
    0.0000    7.5000  -30.0000 9276.5283   15.7519
    7.5000    7.5000  -30.0000 8871.9258   15.7261
   -7.5000   15.0000  -30.0000 8958.4854   15.7452
    0.0000   15.0000  -30.0000 8992.0059   15.7467
    7.5000   15.0000  -30.0000 8605.0459   15.7177
   -7.5000   22.5000  -30.0000 8195.7529   15.5301
    0.0000   22.5000  -30.0000 8211.6982   15.5205
    7.5000   22.5000  -30.0000 7865.5825   15.4944
   -7.5000   30.0000  -30.0000 7514.0786   15.2499
    0.0000   30.0000  -30.0000 7541.6831   15.2351
    7.5000   30.0000  -30.0000 7202.5488   15.2129
   -7.5000   37.5000  -30.0000 6871.0625   14.9957
    0.0000   37.5000  -30.0000 6889.9688   14.9823
    7.5000   37.5000  -30.0000 6571.9878   14.9631
   -7.5000   45.0000  -30.0000 6211.9702   14.8741
    0.0000   45.0000  -30.0000 6236.3135   14.8745
    7.5000   45.0000  -30.0000 5956.4243   14.8590
   -7.5000  -45.0000  -22.5000 8199.5391   14.9366
    0.0000  -45.0000  -22.5000 8267.6250   14.9317
    7.5000  -45.0000  -22.5000 7839.6206   14.9086
   -7.5000  -37.5000  -22.5000 8674.4111   15.9050
    0.0000  -37.5000  -22.5000 8762.4297   15.9059
    7.5000  -37.5000  -22.5000 8319.6064   15.8760
   -7.5000  -30.0000  -22.5000 9167.3662   16.3364
    0.0000  -30.0000  -22.5000 9264.8320   16.3358
    7.5000  -30.0000  -22.5000 8796.3760   16.3016
   -7.5000  -22.5000  -22.5000 9782.9600   16.3226
    0.0000  -22.5000  -22.5000 9868.2705   16.3139
    7.5000  -22.5000  -22.5000 9372.9473   16.2820
   -7.5000  -15.0000  -22.500010359.1436   16.3099
    0.0000  -15.0000  -22.500010423.7549   16.2949
    7.5000  -15.0000  -22.5000 9938.7266   16.2673
   -7.5000   -7.5000  -22.500010413.0576   16.3089
    0.0000   -7.5000  -22.500010468.3398   16.2956
    7.5000   -7.5000  -22.500010004.9883   16.2713
   -7.5000    0.0000  -22.500010379.4824   16.3213
    0.0000    0.0000  -22.500010443.2686   16.3158
    7.5000    0.0000  -22.5000 9974.9121   16.2906
   -7.5000    7.5000  -22.5000 9853.4707   16.3324
    0.0000    7.5000  -22.5000 9904.3145   16.3333
    7.5000    7.5000  -22.5000 9477.4961   16.3026
   -7.5000   15.0000  -22.5000 9555.8047   16.3325
    0.0000   15.0000  -22.5000 9596.3096   16.3319
    7.5000   15.0000  -22.5000 9196.3447   16.2977
   -7.5000   22.5000  -22.5000 8733.1172   16.1101
    0.0000   22.5000  -22.5000 8747.6729   16.1016
    7.5000   22.5000  -22.5000 8368.1357   16.0701
   -7.5000   30.0000  -22.5000 8005.1230   15.8266
    0.0000   30.0000  -22.5000 8011.8423   15.8119
    7.5000   30.0000  -22.5000 7661.8584   15.7840
   -7.5000   37.5000  -22.5000 7311.9849   15.5726
    0.0000   37.5000  -22.5000 7326.2075   15.5566
    7.5000   37.5000  -22.5000 6995.3027   15.5321
   -7.5000   45.0000  -22.5000 6594.5693   15.4587
    0.0000   45.0000  -22.5000 6601.0010   15.4532
    7.5000   45.0000  -22.5000 6313.9019   15.4327
   -7.5000  -45.0000  -15.0000 8744.3301   15.4670
    0.0000  -45.0000  -15.0000 8848.4160   15.4557
    7.5000  -45.0000  -15.0000 8354.6514   15.4301
   -7.5000  -37.5000  -15.0000 9279.8936   16.4654
    0.0000  -37.5000  -15.0000 9393.9111   16.4577
    7.5000  -37.5000  -15.0000 8892.6016   16.4263
   -7.5000  -30.0000  -15.0000 9825.2607   16.8980
    0.0000  -30.0000  -15.0000 9935.2627   16.8907
    7.5000  -30.0000  -15.0000 9429.1973   16.8561
   -7.5000  -22.5000  -15.000010455.8691   16.8890
    0.0000  -22.5000  -15.000010571.1357   16.8778
    7.5000  -22.5000  -15.000010034.3867   16.8451
   -7.5000  -15.0000  -15.000011093.4385   16.8796
    0.0000  -15.0000  -15.000011166.2393   16.8641
    7.5000  -15.0000  -15.000010625.5537   16.8345
   -7.5000   -7.5000  -15.000011150.5371   16.8770
    0.0000   -7.5000  -15.000011219.0254   16.8610
    7.5000   -7.5000  -15.000010692.4131   16.8339
   -7.5000    0.0000  -15.000011068.2529   16.8845
    0.0000    0.0000  -15.000011133.4297   16.8721
    7.5000    0.0000  -15.000010641.5342   16.8442
   -7.5000    7.5000  -15.000010464.8027   16.8915
    0.0000    7.5000  -15.000010516.7461   16.8836
    7.5000    7.5000  -15.000010064.9277   16.8514
   -7.5000   15.0000  -15.000010154.9756   16.8928
    0.0000   15.0000  -15.000010182.3838   16.8855
    7.5000   15.0000  -15.0000 9768.1680   16.8509
   -7.5000   22.5000  -15.0000 9284.2324   16.6715
    0.0000   22.5000  -15.0000 9270.5908   16.6605
    7.5000   22.5000  -15.0000 8903.4062   16.6282
   -7.5000   30.0000  -15.0000 8501.9434   16.3897
    0.0000   30.0000  -15.0000 8472.9082   16.3744
    7.5000   30.0000  -15.0000 8155.4092   16.3444
   -7.5000   37.5000  -15.0000 7767.8174   16.1366
    0.0000   37.5000  -15.0000 7751.2168   16.1184
    7.5000   37.5000  -15.0000 7430.7891   16.0905
   -7.5000   45.0000  -15.0000 6993.5620   16.0243
    0.0000   45.0000  -15.0000 6983.8765   16.0128
    7.5000   45.0000  -15.0000 6682.7847   15.9900
   -7.5000  -45.0000   -7.5000 9024.6836   15.4723
    0.0000  -45.0000   -7.5000 9127.7529   15.4602
    7.5000  -45.0000   -7.5000 8616.4014   15.4358
   -7.5000  -37.5000   -7.5000 9568.5352   16.4653
    0.0000  -37.5000   -7.5000 9701.4980   16.4542
    7.5000  -37.5000   -7.5000 9159.9268   16.4256
   -7.5000  -30.0000   -7.500010163.1455   16.8968
    0.0000  -30.0000   -7.500010326.7598   16.8841
    7.5000  -30.0000   -7.5000 9737.8828   16.8541
   -7.5000  -22.5000   -7.500010843.6914   16.8923
    0.0000  -22.5000   -7.500011004.7295   16.8768
    7.5000  -22.5000   -7.500010389.6396   16.8484
   -7.5000  -15.0000   -7.500011495.3193   16.8885
    0.0000  -15.0000   -7.500011611.5557   16.8713
    7.5000  -15.0000   -7.500010980.4629   16.8445
   -7.5000   -7.5000   -7.500011554.1846   16.8873
    0.0000   -7.5000   -7.500011636.7598   16.8711
    7.5000   -7.5000   -7.500011058.7021   16.8452
   -7.5000    0.0000   -7.500011466.3994   16.8903
    0.0000    0.0000   -7.500011548.4248   16.8770
    7.5000    0.0000   -7.500010996.7900   16.8504
   -7.5000    7.5000   -7.500010810.3096   16.8913
    0.0000    7.5000   -7.500010879.8936   16.8800
    7.5000    7.5000   -7.500010377.9209   16.8507
   -7.5000   15.0000   -7.500010488.5049   16.8916
    0.0000   15.0000   -7.500010523.6689   16.8789
    7.5000   15.0000   -7.500010080.8057   16.8489
   -7.5000   22.5000   -7.5000 9578.3799   16.6748
    0.0000   22.5000   -7.5000 9590.6016   16.6594
    7.5000   22.5000   -7.5000 9209.0850   16.6314
   -7.5000   30.0000   -7.5000 8764.1357   16.3964
    0.0000   30.0000   -7.5000 8746.4639   16.3793
    7.5000   30.0000   -7.5000 8416.9434   16.3528
   -7.5000   37.5000   -7.5000 8015.5996   16.1439
    0.0000   37.5000   -7.5000 7994.2622   16.1258
    7.5000   37.5000   -7.5000 7675.9966   16.0991
   -7.5000   45.0000   -7.5000 7210.6338   16.0248
    0.0000   45.0000   -7.5000 7192.1016   16.0135
    7.5000   45.0000   -7.5000 6889.3276   15.9925
   -7.5000  -45.0000    0.0000 9113.4248   15.8523
    0.0000  -45.0000    0.0000 9215.3613   15.8449
    7.5000  -45.0000    0.0000 8693.0518   15.8234
   -7.5000  -37.5000    0.0000 9662.5527   16.8597
    0.0000  -37.5000    0.0000 9791.4629   16.8533
    7.5000  -37.5000    0.0000 9238.2490   16.8277
   -7.5000  -30.0000    0.000010303.1934   17.2884
    0.0000  -30.0000    0.000010508.9541   17.2769
    7.5000  -30.0000    0.0000 9865.0078   17.2499
   -7.5000  -22.5000    0.000011073.5723   17.2841
    0.0000  -22.5000    0.000011349.7031   17.2662
    7.5000  -22.5000    0.000010610.1123   17.2416
   -7.5000  -15.0000    0.000011730.1934   17.2834
    0.0000  -15.0000    0.000011966.7168   17.2640
    7.5000  -15.0000    0.000011222.2441   17.2414
   -7.5000   -7.5000    0.000011755.1982   17.2852
    0.0000   -7.5000    0.000011930.6260   17.2706
    7.5000   -7.5000    0.000011222.1670   17.2482
   -7.5000    0.0000    0.000011667.6357   17.2878
    0.0000    0.0000    0.000011801.8232   17.2797
    7.5000    0.0000    0.000011123.4180   17.2564
   -7.5000    7.5000    0.000010971.4277   17.2846
    0.0000    7.5000    0.000011096.6084   17.2780
    7.5000    7.5000    0.000010480.6133   17.2517
   -7.5000   15.0000    0.000010636.8770   17.2822
    0.0000   15.0000    0.000010706.6191   17.2708
    7.5000   15.0000    0.000010171.1377   17.2438
   -7.5000   22.5000    0.0000 9729.9629   17.0641
    0.0000   22.5000    0.0000 9781.2617   17.0464
    7.5000   22.5000    0.0000 9320.7451   17.0221
   -7.5000   30.0000    0.0000 8902.9648   16.7895
    0.0000   30.0000    0.0000 8922.6553   16.7705
    7.5000   30.0000    0.0000 8537.2891   16.7485
   -7.5000   37.5000    0.0000 8135.5425   16.5439
    0.0000   37.5000    0.0000 8150.5669   16.5268
    7.5000   37.5000    0.0000 7787.3496   16.5042
   -7.5000   45.0000    0.0000 7294.3105   16.4339
    0.0000   45.0000    0.0000 7309.4180   16.4278
    7.5000   45.0000    0.0000 6987.8584   16.4104
   -7.5000  -45.0000    7.5000 8867.1133   15.8391
    0.0000  -45.0000    7.5000 8956.1357   15.8377
    7.5000  -45.0000    7.5000 8469.8379   15.8183
   -7.5000  -37.5000    7.5000 9381.5029   16.8476
    0.0000  -37.5000    7.5000 9482.7207   16.8503
    7.5000  -37.5000    7.5000 8960.7930   16.8256
   -7.5000  -30.0000    7.500010031.8223   17.2752
    0.0000  -30.0000    7.500010205.7725   17.2715
    7.5000  -30.0000    7.5000 9570.2080   17.2440
   -7.5000  -22.5000    7.500010872.2109   17.2671
    0.0000  -22.5000    7.500011240.7842   17.2525
    7.5000  -22.5000    7.500010375.0713   17.2278
   -7.5000  -15.0000    7.500011600.5703   17.2639
    0.0000  -15.0000    7.500012023.7559   17.2451
    7.5000  -15.0000    7.500011046.3447   17.2237
   -7.5000   -7.5000    7.500011588.2383   17.2669
    0.0000   -7.5000    7.500011911.1523   17.2546
    7.5000   -7.5000    7.500010996.8564   17.2344
   -7.5000    0.0000    7.500011416.3633   17.2733
    0.0000    0.0000    7.500011654.6084   17.2718
    7.5000    0.0000    7.500010833.4521   17.2507
   -7.5000    7.5000    7.500010707.1426   17.2722
    0.0000    7.5000    7.500010870.7959   17.2749
    7.5000    7.5000    7.500010181.0498   17.2496
   -7.5000   15.0000    7.500010368.5547   17.2691
    0.0000   15.0000    7.500010448.1289   17.2654
    7.5000   15.0000    7.5000 9885.1953   17.2379
   -7.5000   22.5000    7.5000 9488.7051   17.0475
    0.0000   22.5000    7.5000 9537.7510   17.0331
    7.5000   22.5000    7.5000 9081.9287   17.0087
   -7.5000   30.0000    7.5000 8702.2314   16.7725
    0.0000   30.0000    7.5000 8743.1338   16.7544
    7.5000   30.0000    7.5000 8335.4443   16.7336
   -7.5000   37.5000    7.5000 7937.0483   16.5292
    0.0000   37.5000    7.5000 7960.6416   16.5139
    7.5000   37.5000    7.5000 7582.3394   16.4942
   -7.5000   45.0000    7.5000 7096.3555   16.4266
    0.0000   45.0000    7.5000 7130.4937   16.4261
    7.5000   45.0000    7.5000 6792.6138   16.4111
   -7.5000  -45.0000   15.0000 8924.6172   15.9273
    0.0000  -45.0000   15.0000 9021.2627   15.9274
    7.5000  -45.0000   15.0000 8493.2715   15.9063
   -7.5000  -37.5000   15.0000 9458.9229   16.9483
    0.0000  -37.5000   15.0000 9542.2578   16.9550
    7.5000  -37.5000   15.0000 8983.8281   16.9271
   -7.5000  -30.0000   15.000010117.5059   17.3796
    0.0000  -30.0000   15.000010215.5547   17.3812
    7.5000  -30.0000   15.0000 9596.5293   17.3489
   -7.5000  -22.5000   15.000010968.7148   17.3658
    0.0000  -22.5000   15.000011250.6719   17.3550
    7.5000  -22.5000   15.000010424.2012   17.3253
   -7.5000  -15.0000   15.000011735.6826   17.3557
    0.0000  -15.0000   15.000012134.1768   17.3382
    7.5000  -15.0000   15.000011119.8105   17.3130
   -7.5000   -7.5000   15.000011733.4570   17.3573
    0.0000   -7.5000   15.000012079.1143   17.3452
    7.5000   -7.5000   15.000011113.3076   17.3231
   -7.5000    0.0000   15.000011551.5195   17.3694
    0.0000    0.0000   15.000011850.8633   17.3695
    7.5000    0.0000   15.000010968.6992   17.3466
   -7.5000    7.5000   15.000010771.7979   17.3754
    0.0000    7.5000   15.000010985.0273   17.3823
    7.5000    7.5000   15.000010258.5898   17.3537
   -7.5000   15.0000   15.000010381.2852   17.3734
    0.0000   15.0000   15.000010514.0391   17.3750
    7.5000   15.0000   15.0000 9893.3779   17.3428
   -7.5000   22.5000   15.0000 9500.2021   17.1451
    0.0000   22.5000   15.0000 9583.7031   17.1344
    7.5000   22.5000   15.0000 9055.1543   17.1050
   -7.5000   30.0000   15.0000 8698.7100   16.8647
    0.0000   30.0000   15.0000 8772.8291   16.8478
    7.5000   30.0000   15.0000 8309.4473   16.8228
   -7.5000   37.5000   15.0000 7923.0215   16.6209
    0.0000   37.5000   15.0000 7961.9497   16.6055
    7.5000   37.5000   15.0000 7562.7046   16.5839
   -7.5000   45.0000   15.0000 7095.0078   16.5290
    0.0000   45.0000   15.0000 7129.0356   16.5291
    7.5000   45.0000   15.0000 6780.1113   16.5116
   -7.5000  -45.0000   22.5000 8498.0791   16.1178
    0.0000  -45.0000   22.5000 8598.3916   16.1126
    7.5000  -45.0000   22.5000 8066.2056   16.0866
   -7.5000  -37.5000   22.5000 9004.9541   17.1552
    0.0000  -37.5000   22.5000 9071.3398   17.1567
    7.5000  -37.5000   22.5000 8529.0586   17.1232
   -7.5000  -30.0000   22.5000 9643.5820   17.5926
    0.0000  -30.0000   22.5000 9729.6699   17.5928
    7.5000  -30.0000   22.5000 9144.3154   17.5546
   -7.5000  -22.5000   22.500010415.4199   17.5764
    0.0000  -22.5000   22.500010690.2061   17.5676
    7.5000  -22.5000   22.5000 9906.2949   17.5317
   -7.5000  -15.0000   22.500011084.8838   17.5627
    0.0000  -15.0000   22.500011382.2637   17.5466
    7.5000  -15.0000   22.500010500.6758   17.5154
   -7.5000   -7.5000   22.500011095.0889   17.5627
    0.0000   -7.5000   22.500011341.7305   17.5483
    7.5000   -7.5000   22.500010502.9453   17.5209
   -7.5000    0.0000   22.500010984.4004   17.5773
    0.0000    0.0000   22.500011209.4326   17.5715
    7.5000    0.0000   22.500010409.2559   17.5433
   -7.5000    7.5000   22.500010285.4561   17.5875
    0.0000    7.5000   22.500010455.1084   17.5891
    7.5000    7.5000   22.5000 9772.0312   17.5547
   -7.5000   15.0000   22.5000 9878.2588   17.5864
    0.0000   15.0000   22.500010021.2139   17.5866
    7.5000   15.0000   22.5000 9391.4043   17.5484
   -7.5000   22.5000   22.5000 9018.1504   17.3527
    0.0000   22.5000   22.5000 9113.2207   17.3441
    7.5000   22.5000   22.5000 8576.6055   17.3086
   -7.5000   30.0000   22.5000 8249.7207   17.0674
    0.0000   30.0000   22.5000 8340.5586   17.0516
    7.5000   30.0000   22.5000 7868.3774   17.0201
   -7.5000   37.5000   22.5000 7494.7524   16.8213
    0.0000   37.5000   22.5000 7554.4551   16.8038
    7.5000   37.5000   22.5000 7150.7852   16.7761
   -7.5000   45.0000   22.5000 6700.4434   16.7293
    0.0000   45.0000   22.5000 6740.5376   16.7235
    7.5000   45.0000   22.5000 6394.6353   16.7002
   -7.5000  -45.0000   30.0000 7966.7002   16.3592
    0.0000  -45.0000   30.0000 8051.1021   16.3467
    7.5000  -45.0000   30.0000 7570.1719   16.3197
   -7.5000  -37.5000   30.0000 8426.0059   17.4161
    0.0000  -37.5000   30.0000 8484.2217   17.4081
    7.5000  -37.5000   30.0000 8012.5781   17.3757
   -7.5000  -30.0000   30.0000 9034.0557   17.8618
    0.0000  -30.0000   30.0000 9150.6367   17.8554
    7.5000  -30.0000   30.0000 8600.3418   17.8206
   -7.5000  -22.5000   30.0000 9732.2666   17.8481
    0.0000  -22.5000   30.0000 9979.8125   17.8382
    7.5000  -22.5000   30.0000 9275.3838   17.8055
   -7.5000  -15.0000   30.000010327.6680   17.8384
    0.0000  -15.0000   30.000010527.1826   17.8231
    7.5000  -15.0000   30.0000 9808.9824   17.7929
   -7.5000   -7.5000   30.000010372.0391   17.8396
    0.0000   -7.5000   30.000010529.4893   17.8225
    7.5000   -7.5000   30.0000 9835.2002   17.7941
   -7.5000    0.0000   30.000010320.6543   17.8514
    0.0000    0.0000   30.000010477.5859   17.8377
    7.5000    0.0000   30.0000 9787.5254   17.8084
   -7.5000    7.5000   30.0000 9681.8037   17.8580
    0.0000    7.5000   30.0000 9820.1064   17.8498
    7.5000    7.5000   30.0000 9186.6963   17.8166
   -7.5000   15.0000   30.0000 9304.7705   17.8554
    0.0000   15.0000   30.0000 9434.9863   17.8491
    7.5000   15.0000   30.0000 8839.2275   17.8143
   -7.5000   22.5000   30.0000 8501.9238   17.6181
    0.0000   22.5000   30.0000 8605.1914   17.6083
    7.5000   22.5000   30.0000 8071.2485   17.5760
   -7.5000   30.0000   30.0000 7757.2397   17.3354
    0.0000   30.0000   30.0000 7864.7705   17.3201
    7.5000   30.0000   30.0000 7391.5898   17.2894
   -7.5000   37.5000   30.0000 7015.3755   17.0819
    0.0000   37.5000   30.0000 7103.2383   17.0621
    7.5000   37.5000   30.0000 6705.7896   17.0326
   -7.5000   45.0000   30.0000 6256.9028   16.9817
    0.0000   45.0000   30.0000 6309.5171   16.9691
    7.5000   45.0000   30.0000 5985.0391   16.9457
   -7.5000  -45.0000   37.5000 7433.4067   16.5185
    0.0000  -45.0000   37.5000 7505.5908   16.5029
    7.5000  -45.0000   37.5000 7079.6621   16.4747
   -7.5000  -37.5000   37.5000 7895.6836   17.5805
    0.0000  -37.5000   37.5000 7949.8535   17.5667
    7.5000  -37.5000   37.5000 7512.4097   17.5343
   -7.5000  -30.0000   37.5000 8464.0957   18.0174
    0.0000  -30.0000   37.5000 8610.4570   18.0035
    7.5000  -30.0000   37.5000 8077.4688   17.9703
   -7.5000  -22.5000   37.5000 9080.9785   18.0109
    0.0000  -22.5000   37.5000 9287.3291   17.9947
    7.5000  -22.5000   37.5000 8677.6660   17.9638
   -7.5000  -15.0000   37.5000 9599.6973   18.0105
    0.0000  -15.0000   37.5000 9741.2725   17.9916
    7.5000  -15.0000   37.5000 9148.4883   17.9620
   -7.5000   -7.5000   37.5000 9672.3066   18.0136
    0.0000   -7.5000   37.5000 9794.7979   17.9943
    7.5000   -7.5000   37.5000 9211.1973   17.9648
   -7.5000    0.0000   37.5000 9651.7939   18.0183
    0.0000    0.0000   37.5000 9771.6797   18.0012
    7.5000    0.0000   37.5000 9187.9209   17.9705
   -7.5000    7.5000   37.5000 9059.6016   18.0155
    0.0000    7.5000   37.5000 9177.7891   18.0013
    7.5000    7.5000   37.5000 8623.8076   17.9681
   -7.5000   15.0000   37.5000 8717.5986   18.0109
    0.0000   15.0000   37.5000 8816.9678   17.9969
    7.5000   15.0000   37.5000 8284.9941   17.9637
   -7.5000   22.5000   37.5000 7965.3369   17.7744
    0.0000   22.5000   37.5000 8048.4766   17.7583
    7.5000   22.5000   37.5000 7560.0840   17.7279
   -7.5000   30.0000   37.5000 7255.0269   17.4907
    0.0000   30.0000   37.5000 7361.1685   17.4717
    7.5000   30.0000   37.5000 6922.0151   17.4424
   -7.5000   37.5000   37.5000 6538.2422   17.2245
    0.0000   37.5000   37.5000 6622.8496   17.2030
    7.5000   37.5000   37.5000 6262.4351   17.1726
   -7.5000   45.0000   37.5000 5817.7671   17.1047
    0.0000   45.0000   37.5000 5875.9956   17.0899
    7.5000   45.0000   37.5000 5561.3438   17.0659
   -7.5000  -45.0000   45.0000 6915.3608   16.7274
    0.0000  -45.0000   45.0000 6966.3252   16.7167
    7.5000  -45.0000   45.0000 6607.8599   16.6879
   -7.5000  -37.5000   45.0000 7354.4556   17.7984
    0.0000  -37.5000   45.0000 7418.1685   17.7883
    7.5000  -37.5000   45.0000 7023.8159   17.7555
   -7.5000  -30.0000   45.0000 7882.7607   18.2154
    0.0000  -30.0000   45.0000 8023.0771   18.2006
    7.5000  -30.0000   45.0000 7544.6362   18.1680
   -7.5000  -22.5000   45.0000 8447.4229   18.2055
    0.0000  -22.5000   45.0000 8586.7490   18.1849
    7.5000  -22.5000   45.0000 8071.5254   18.1566
   -7.5000  -15.0000   45.0000 8901.9658   18.2101
    0.0000  -15.0000   45.0000 9011.2070   18.1881
    7.5000  -15.0000   45.0000 8493.9463   18.1611
   -7.5000   -7.5000   45.0000 8982.3652   18.2217
    0.0000   -7.5000   45.0000 9080.4238   18.2039
    7.5000   -7.5000   45.0000 8565.4570   18.1752
   -7.5000    0.0000   45.0000 8968.3506   18.2300
    0.0000    0.0000   45.0000 9072.4180   18.2182
    7.5000    0.0000   45.0000 8552.4219   18.1870
   -7.5000    7.5000   45.0000 8436.6807   18.2212
    0.0000    7.5000   45.0000 8526.8350   18.2109
    7.5000    7.5000   45.0000 8028.1270   18.1773
   -7.5000   15.0000   45.0000 8121.2725   18.2085
    0.0000   15.0000   45.0000 8180.1138   18.1938
    7.5000   15.0000   45.0000 7719.8540   18.1612
   -7.5000   22.5000   45.0000 7417.9570   17.9631
    0.0000   22.5000   45.0000 7481.3257   17.9428
    7.5000   22.5000   45.0000 7054.1831   17.9149
   -7.5000   30.0000   45.0000 6743.3506   17.6642
    0.0000   30.0000   45.0000 6826.0264   17.6426
    7.5000   30.0000   45.0000 6447.5581   17.6164
   -7.5000   37.5000   45.0000 6066.6675   17.3843
    0.0000   37.5000   45.0000 6125.4746   17.3641
    7.5000   37.5000   45.0000 5803.7695   17.3358
   -7.5000   45.0000   45.0000 5386.6255   17.2624
    0.0000   45.0000   45.0000 5431.6128   17.2531
    7.5000   45.0000   45.0000 5154.0352   17.2297

---------------------------------------------------------------------
imgreg_4dfp /opt/freesurfer/average/711-2C_as_mni_average_305 /opt/freesurfer/average/711-2B_as_mni_average_305_mask talsrcimg_g11 none talsrcimg_to_711-2C_as_mni_average_305_t4 4355
---------------------------------------------------------------------

freesurfer imgreg_4dfp.c
/opt/freesurfer/average/711-2C_as_mni_average_305.4dfp.img
       256       256       256         1
  1.000000  1.000000  1.000000
orientation T byte_order littleendian
Reading image: /opt/freesurfer/average/711-2C_as_mni_average_305.4dfp.img
dimensions:      256       256       256
mmppix:       1.0000   -1.0000   -1.0000
center:     128.0000 -129.0000 -129.0000
/opt/freesurfer/average/711-2B_as_mni_average_305_mask.4dfp.img
       256       256       256         1
  1.000000  1.000000  1.000000
orientation T byte_order littleendian
Reading mask: /opt/freesurfer/average/711-2B_as_mni_average_305_mask.4dfp.img (2306576 pixels)
talsrcimg_g11.4dfp.img
       256       256       256         1
  0.898438  0.898438  0.898438
orientation T byte_order littleendian
Reading image: talsrcimg_g11.4dfp.img
dimensions:      256       256       256
mmppix:       0.8984   -0.8984   -0.8984
center:     115.0001 -115.8985 -115.8985
rotation matrix determinant  1.000000
image alignment mode   4355 decimal     1103 hex
   -7.5000  -60.0000  -30.0000 2204.0115   17.9108
    0.0000  -60.0000  -30.0000 2219.3489   17.7918
    7.5000  -60.0000  -30.0000 2190.5090   18.0195
   -7.5000  -52.5000  -30.0000 2306.6848   16.2923
    0.0000  -52.5000  -30.0000 2320.3210   16.1887
    7.5000  -52.5000  -30.0000 2293.4001   16.4126
   -7.5000  -45.0000  -30.0000 2408.4050   15.2456
    0.0000  -45.0000  -30.0000 2424.6780   15.1915
    7.5000  -45.0000  -30.0000 2398.6501   15.3587
   -7.5000  -37.5000  -30.0000 2468.4585   14.4086
    0.0000  -37.5000  -30.0000 2485.1003   14.3538
    7.5000  -37.5000  -30.0000 2459.1379   14.4794
   -7.5000  -30.0000  -30.0000 2503.0032   13.8642
    0.0000  -30.0000  -30.0000 2518.8098   13.7425
    7.5000  -30.0000  -30.0000 2493.4583   13.8856
   -7.5000  -22.5000  -30.0000 2513.5657   13.5357
    0.0000  -22.5000  -30.0000 2533.5505   13.4377
    7.5000  -22.5000  -30.0000 2512.2388   13.5830
   -7.5000  -15.0000  -30.0000 2517.6150   13.4738
    0.0000  -15.0000  -30.0000 2540.4570   13.3892
    7.5000  -15.0000  -30.0000 2520.2893   13.5231
   -7.5000   -7.5000  -30.0000 2504.5994   13.7518
    0.0000   -7.5000  -30.0000 2532.7246   13.6230
    7.5000   -7.5000  -30.0000 2509.6152   13.7752
   -7.5000    0.0000  -30.0000 2470.7751   14.2892
    0.0000    0.0000  -30.0000 2495.6167   14.1396
    7.5000    0.0000  -30.0000 2476.1941   14.2716
   -7.5000    7.5000  -30.0000 2412.6267   15.0026
    0.0000    7.5000  -30.0000 2434.3909   14.8278
    7.5000    7.5000  -30.0000 2417.7043   14.9825
   -7.5000   15.0000  -30.0000 2333.7573   15.9776
    0.0000   15.0000  -30.0000 2355.7654   15.7926
    7.5000   15.0000  -30.0000 2337.0000   15.9463
   -7.5000   22.5000  -30.0000 2231.4724   17.3096
    0.0000   22.5000  -30.0000 2256.2961   17.1417
    7.5000   22.5000  -30.0000 2239.4719   17.3147
   -7.5000   30.0000  -30.0000 2111.6902   19.1802
    0.0000   30.0000  -30.0000 2144.0347   19.0283
    7.5000   30.0000  -30.0000 2122.5027   19.1894
   -7.5000  -60.0000  -22.5000 2309.8130   17.5628
    0.0000  -60.0000  -22.5000 2322.3503   17.4667
    7.5000  -60.0000  -22.5000 2293.3870   17.6436
   -7.5000  -52.5000  -22.5000 2417.7046   15.9255
    0.0000  -52.5000  -22.5000 2431.6453   15.8236
    7.5000  -52.5000  -22.5000 2404.2256   15.9802
   -7.5000  -45.0000  -22.5000 2524.9058   14.8683
    0.0000  -45.0000  -22.5000 2539.9578   14.7821
    7.5000  -45.0000  -22.5000 2513.0703   14.9035
   -7.5000  -37.5000  -22.5000 2590.8491   14.0034
    0.0000  -37.5000  -22.5000 2607.6138   13.9220
    7.5000  -37.5000  -22.5000 2583.5940   14.0248
   -7.5000  -30.0000  -22.5000 2631.1016   13.4028
    0.0000  -30.0000  -22.5000 2654.3469   13.3163
    7.5000  -30.0000  -22.5000 2628.6108   13.4263
   -7.5000  -22.5000  -22.5000 2655.8257   13.0615
    0.0000  -22.5000  -22.5000 2682.3655   12.9465
    7.5000  -22.5000  -22.5000 2655.6211   13.0669
   -7.5000  -15.0000  -22.5000 2662.6931   12.9969
    0.0000  -15.0000  -22.5000 2687.3960   12.8826
    7.5000  -15.0000  -22.5000 2663.5186   13.0630
   -7.5000   -7.5000  -22.5000 2654.0408   13.2538
    0.0000   -7.5000  -22.5000 2678.0530   13.1092
    7.5000   -7.5000  -22.5000 2657.5117   13.2871
   -7.5000    0.0000  -22.5000 2617.5950   13.7379
    0.0000    0.0000  -22.5000 2644.9185   13.5695
    7.5000    0.0000  -22.5000 2623.0825   13.6968
   -7.5000    7.5000  -22.5000 2553.6899   14.4146
    0.0000    7.5000  -22.5000 2582.8411   14.2420
    7.5000    7.5000  -22.5000 2563.6758   14.3502
   -7.5000   15.0000  -22.5000 2461.5723   15.3313
    0.0000   15.0000  -22.5000 2490.0420   15.1549
    7.5000   15.0000  -22.5000 2472.0007   15.2559
   -7.5000   22.5000  -22.5000 2353.9431   16.6311
    0.0000   22.5000  -22.5000 2377.5046   16.4307
    7.5000   22.5000  -22.5000 2358.9485   16.6229
   -7.5000   30.0000  -22.5000 2233.9961   18.3964
    0.0000   30.0000  -22.5000 2260.9800   18.2023
    7.5000   30.0000  -22.5000 2239.2207   18.3867
   -7.5000  -60.0000  -15.0000 2373.4485   17.1296
    0.0000  -60.0000  -15.0000 2386.2739   17.0600
    7.5000  -60.0000  -15.0000 2363.1599   17.1596
   -7.5000  -52.5000  -15.0000 2488.7004   15.4632
    0.0000  -52.5000  -15.0000 2502.0085   15.4071
    7.5000  -52.5000  -15.0000 2477.2319   15.4745
   -7.5000  -45.0000  -15.0000 2606.5828   14.3801
    0.0000  -45.0000  -15.0000 2624.1628   14.3086
    7.5000  -45.0000  -15.0000 2595.4380   14.3805
   -7.5000  -37.5000  -15.0000 2679.8308   13.4969
    0.0000  -37.5000  -15.0000 2702.9224   13.4150
    7.5000  -37.5000  -15.0000 2675.8174   13.5036
   -7.5000  -30.0000  -15.0000 2723.4585   12.9008
    0.0000  -30.0000  -15.0000 2748.0273   12.7997
    7.5000  -30.0000  -15.0000 2726.8152   12.9167
   -7.5000  -22.5000  -15.0000 2757.8271   12.5399
    0.0000  -22.5000  -15.0000 2793.3164   12.3919
    7.5000  -22.5000  -15.0000 2763.3601   12.5169
   -7.5000  -15.0000  -15.0000 2777.5049   12.4222
    0.0000  -15.0000  -15.0000 2806.7473   12.2728
    7.5000  -15.0000  -15.0000 2776.8389   12.4422
   -7.5000   -7.5000  -15.0000 2771.8704   12.6575
    0.0000   -7.5000  -15.0000 2801.1406   12.4862
    7.5000   -7.5000  -15.0000 2774.4373   12.6324
   -7.5000    0.0000  -15.0000 2727.5283   13.0997
    0.0000    0.0000  -15.0000 2758.3269   12.9397
    7.5000    0.0000  -15.0000 2737.3376   13.0437
   -7.5000    7.5000  -15.0000 2661.1260   13.7373
    0.0000    7.5000  -15.0000 2695.9546   13.5698
    7.5000    7.5000  -15.0000 2672.8540   13.6620
   -7.5000   15.0000  -15.0000 2567.4197   14.6179
    0.0000   15.0000  -15.0000 2596.0012   14.4284
    7.5000   15.0000  -15.0000 2575.7915   14.5568
   -7.5000   22.5000  -15.0000 2452.0879   15.8429
    0.0000   22.5000  -15.0000 2472.9241   15.6632
    7.5000   22.5000  -15.0000 2455.0251   15.8376
   -7.5000   30.0000  -15.0000 2325.3357   17.5406
    0.0000   30.0000  -15.0000 2344.4478   17.3326
    7.5000   30.0000  -15.0000 2330.5532   17.5100
   -7.5000  -60.0000   -7.5000 2394.6997   16.5900
    0.0000  -60.0000   -7.5000 2409.2441   16.4927
    7.5000  -60.0000   -7.5000 2385.0176   16.6019
   -7.5000  -52.5000   -7.5000 2517.3254   14.9340
    0.0000  -52.5000   -7.5000 2529.1548   14.8454
    7.5000  -52.5000   -7.5000 2500.9324   14.9177
   -7.5000  -45.0000   -7.5000 2641.4478   13.8228
    0.0000  -45.0000   -7.5000 2658.3259   13.7388
    7.5000  -45.0000   -7.5000 2630.6311   13.8065
   -7.5000  -37.5000   -7.5000 2724.7617   12.9208
    0.0000  -37.5000   -7.5000 2749.5200   12.8520
    7.5000  -37.5000   -7.5000 2720.5063   12.9155
   -7.5000  -30.0000   -7.5000 2775.9636   12.3126
    0.0000  -30.0000   -7.5000 2805.7056   12.2361
    7.5000  -30.0000   -7.5000 2774.8357   12.3241
   -7.5000  -22.5000   -7.5000 2817.2463   11.9270
    0.0000  -22.5000   -7.5000 2853.8618   11.8432
    7.5000  -22.5000   -7.5000 2824.9414   11.9436
   -7.5000  -15.0000   -7.5000 2840.8918   11.8081
    0.0000  -15.0000   -7.5000 2882.9187   11.6543
    7.5000  -15.0000   -7.5000 2843.0334   11.8152
   -7.5000   -7.5000   -7.5000 2839.0896   11.9839
    0.0000   -7.5000   -7.5000 2874.6587   11.8167
    7.5000   -7.5000   -7.5000 2842.2336   11.9865
   -7.5000    0.0000   -7.5000 2796.7229   12.4150
    0.0000    0.0000   -7.5000 2832.3308   12.2565
    7.5000    0.0000   -7.5000 2805.2446   12.3669
   -7.5000    7.5000   -7.5000 2730.0662   13.0182
    0.0000    7.5000   -7.5000 2765.9814   12.8565
    7.5000    7.5000   -7.5000 2737.8779   12.9602
   -7.5000   15.0000   -7.5000 2635.0850   13.8701
    0.0000   15.0000   -7.5000 2665.3535   13.6885
    7.5000   15.0000   -7.5000 2640.0864   13.8239
   -7.5000   22.5000   -7.5000 2513.6812   15.0673
    0.0000   22.5000   -7.5000 2538.0715   14.8841
    7.5000   22.5000   -7.5000 2516.9280   15.0495
   -7.5000   30.0000   -7.5000 2376.5901   16.7210
    0.0000   30.0000   -7.5000 2402.2717   16.4611
    7.5000   30.0000   -7.5000 2386.8406   16.6645
   -7.5000  -60.0000    0.0000 2402.9111   16.2980
    0.0000  -60.0000    0.0000 2416.1362   16.2119
    7.5000  -60.0000    0.0000 2393.5256   16.3251
   -7.5000  -52.5000    0.0000 2529.5322   14.6227
    0.0000  -52.5000    0.0000 2541.5144   14.5547
    7.5000  -52.5000    0.0000 2516.8398   14.6441
   -7.5000  -45.0000    0.0000 2661.1135   13.5197
    0.0000  -45.0000    0.0000 2675.9253   13.4442
    7.5000  -45.0000    0.0000 2651.5674   13.5009
   -7.5000  -37.5000    0.0000 2759.0793   12.5594
    0.0000  -37.5000    0.0000 2779.9805   12.5533
    7.5000  -37.5000    0.0000 2761.7854   12.5601
   -7.5000  -30.0000    0.0000 2828.9685   11.9267
    0.0000  -30.0000    0.0000 2855.4407   11.9100
    7.5000  -30.0000    0.0000 2830.7993   11.9433
   -7.5000  -22.5000    0.0000 2880.1892   11.5905
    0.0000  -22.5000    0.0000 2914.7190   11.5859
    7.5000  -22.5000    0.0000 2883.0557   11.6141
   -7.5000  -15.0000    0.0000 2903.4497   11.4684
    0.0000  -15.0000    0.0000 2951.7854   11.4123
    7.5000  -15.0000    0.0000 2907.5068   11.5057
   -7.5000   -7.5000    0.0000 2897.7754   11.5536
    0.0000   -7.5000    0.0000 2940.1704   11.4381
    7.5000   -7.5000    0.0000 2893.9722   11.6053
   -7.5000    0.0000    0.0000 2855.7676   11.9319
    0.0000    0.0000    0.0000 2892.2710   11.8175
    7.5000    0.0000    0.0000 2858.5938   11.9208
   -7.5000    7.5000    0.0000 2785.5476   12.5228
    0.0000    7.5000    0.0000 2822.3289   12.4065
    7.5000    7.5000    0.0000 2793.2153   12.4866
   -7.5000   15.0000    0.0000 2685.8936   13.4052
    0.0000   15.0000    0.0000 2715.7261   13.2712
    7.5000   15.0000    0.0000 2692.4358   13.3608
   -7.5000   22.5000    0.0000 2563.6746   14.6135
    0.0000   22.5000    0.0000 2593.4775   14.4688
    7.5000   22.5000    0.0000 2571.3977   14.5807
   -7.5000   30.0000    0.0000 2423.7427   16.2405
    0.0000   30.0000    0.0000 2452.2830   16.0598
    7.5000   30.0000    0.0000 2436.3535   16.2217
   -7.5000  -60.0000    7.5000 2389.2898   16.1599
    0.0000  -60.0000    7.5000 2403.9177   16.1000
    7.5000  -60.0000    7.5000 2382.0515   16.2340
   -7.5000  -52.5000    7.5000 2520.1479   14.4489
    0.0000  -52.5000    7.5000 2528.9954   14.3884
    7.5000  -52.5000    7.5000 2509.4829   14.5175
   -7.5000  -45.0000    7.5000 2648.9116   13.2696
    0.0000  -45.0000    7.5000 2665.6287   13.2332
    7.5000  -45.0000    7.5000 2645.9092   13.3331
   -7.5000  -37.5000    7.5000 2757.7156   12.3281
    0.0000  -37.5000    7.5000 2780.1946   12.2979
    7.5000  -37.5000    7.5000 2761.5471   12.3653
   -7.5000  -30.0000    7.5000 2849.0886   11.6885
    0.0000  -30.0000    7.5000 2876.2563   11.6809
    7.5000  -30.0000    7.5000 2851.4417   11.7161
   -7.5000  -22.5000    7.5000 2916.8191   11.3785
    0.0000  -22.5000    7.5000 2953.9648   11.4291
    7.5000  -22.5000    7.5000 2918.8120   11.3981
   -7.5000  -15.0000    7.5000 2943.9365   11.2962
    0.0000  -15.0000    7.5000 2994.8650   11.3661
    7.5000  -15.0000    7.5000 2945.7107   11.3147
   -7.5000   -7.5000    7.5000 2933.8428   11.3292
    0.0000   -7.5000    7.5000 2979.3123   11.3084
    7.5000   -7.5000    7.5000 2928.6628   11.3756
   -7.5000    0.0000    7.5000 2886.2712   11.5990
    0.0000    0.0000    7.5000 2927.2979   11.5179
    7.5000    0.0000    7.5000 2887.8132   11.6426
   -7.5000    7.5000    7.5000 2811.4446   12.1850
    0.0000    7.5000    7.5000 2846.3315   12.0766
    7.5000    7.5000    7.5000 2818.0098   12.2070
   -7.5000   15.0000    7.5000 2709.7427   13.0893
    0.0000   15.0000    7.5000 2738.4988   12.9371
    7.5000   15.0000    7.5000 2717.0103   13.0833
   -7.5000   22.5000    7.5000 2582.9792   14.3253
    0.0000   22.5000    7.5000 2614.4246   14.1619
    7.5000   22.5000    7.5000 2593.3359   14.3214
   -7.5000   30.0000    7.5000 2444.4375   15.9426
    0.0000   30.0000    7.5000 2478.4705   15.7598
    7.5000   30.0000    7.5000 2460.3074   15.9656
   -7.5000  -60.0000   15.0000 2367.9524   16.2889
    0.0000  -60.0000   15.0000 2380.3301   16.2180
    7.5000  -60.0000   15.0000 2360.7622   16.3357
   -7.5000  -52.5000   15.0000 2487.9172   14.5462
    0.0000  -52.5000   15.0000 2498.0095   14.4972
    7.5000  -52.5000   15.0000 2484.8628   14.6163
   -7.5000  -45.0000   15.0000 2621.8169   13.3419
    0.0000  -45.0000   15.0000 2635.2378   13.3450
    7.5000  -45.0000   15.0000 2618.4146   13.4142
   -7.5000  -37.5000   15.0000 2737.7588   12.3746
    0.0000  -37.5000   15.0000 2758.7078   12.3629
    7.5000  -37.5000   15.0000 2739.2744   12.4130
   -7.5000  -30.0000   15.0000 2844.0842   11.6858
    0.0000  -30.0000   15.0000 2872.9207   11.6699
    7.5000  -30.0000   15.0000 2848.0676   11.7118
   -7.5000  -22.5000   15.0000 2928.2603   11.3643
    0.0000  -22.5000   15.0000 2968.5706   11.3478
    7.5000  -22.5000   15.0000 2931.0684   11.3674
   -7.5000  -15.0000   15.0000 2970.3545   11.2336
    0.0000  -15.0000   15.0000 3019.2261   11.2651
    7.5000  -15.0000   15.0000 2963.5720   11.2674
   -7.5000   -7.5000   15.0000 2950.5234   11.3073
    0.0000   -7.5000   15.0000 2991.3560   11.2972
    7.5000   -7.5000   15.0000 2944.9956   11.3478
   -7.5000    0.0000   15.0000 2892.9385   11.5957
    0.0000    0.0000   15.0000 2932.6008   11.5696
    7.5000    0.0000   15.0000 2893.4324   11.6676
   -7.5000    7.5000   15.0000 2812.7605   12.1393
    0.0000    7.5000   15.0000 2842.2712   12.0930
    7.5000    7.5000   15.0000 2819.0645   12.2055
   -7.5000   15.0000   15.0000 2711.0496   13.0083
    0.0000   15.0000   15.0000 2734.4109   12.9093
    7.5000   15.0000   15.0000 2718.6240   13.0297
   -7.5000   22.5000   15.0000 2591.7402   14.2122
    0.0000   22.5000   15.0000 2617.4690   14.0751
    7.5000   22.5000   15.0000 2599.7520   14.2227
   -7.5000   30.0000   15.0000 2456.8977   15.7777
    0.0000   30.0000   15.0000 2484.8169   15.6026
    7.5000   30.0000   15.0000 2466.8188   15.8113
   -7.5000  -60.0000   22.5000 2340.0513   16.7150
    0.0000  -60.0000   22.5000 2353.6604   16.7037
    7.5000  -60.0000   22.5000 2335.0833   16.7480
   -7.5000  -52.5000   22.5000 2452.7488   14.8705
    0.0000  -52.5000   22.5000 2464.2083   14.8614
    7.5000  -52.5000   22.5000 2450.5349   14.9431
   -7.5000  -45.0000   22.5000 2583.4307   13.6344
    0.0000  -45.0000   22.5000 2601.7407   13.6142
    7.5000  -45.0000   22.5000 2585.5474   13.6835
   -7.5000  -37.5000   22.5000 2706.5269   12.6173
    0.0000  -37.5000   22.5000 2726.9207   12.5684
    7.5000  -37.5000   22.5000 2711.8293   12.6308
   -7.5000  -30.0000   22.5000 2822.3391   11.8637
    0.0000  -30.0000   22.5000 2845.6125   11.8412
    7.5000  -30.0000   22.5000 2825.4612   11.8937
   -7.5000  -22.5000   22.5000 2909.4290   11.4832
    0.0000  -22.5000   22.5000 2944.9224   11.4901
    7.5000  -22.5000   22.5000 2916.4404   11.4906
   -7.5000  -15.0000   22.5000 2963.4749   11.2788
    0.0000  -15.0000   22.5000 3005.7546   11.3145
    7.5000  -15.0000   22.5000 2957.5889   11.3082
   -7.5000   -7.5000   22.5000 2947.8794   11.3612
    0.0000   -7.5000   22.5000 2988.2996   11.3272
    7.5000   -7.5000   22.5000 2936.8479   11.4023
   -7.5000    0.0000   22.5000 2883.5444   11.7237
    0.0000    0.0000   22.5000 2927.1880   11.6480
    7.5000    0.0000   22.5000 2885.8789   11.7668
   -7.5000    7.5000   22.5000 2799.3618   12.3485
    0.0000    7.5000   22.5000 2830.4067   12.2596
    7.5000    7.5000   22.5000 2809.6030   12.3832
   -7.5000   15.0000   22.5000 2692.6040   13.2312
    0.0000   15.0000   22.5000 2718.6716   13.1185
    7.5000   15.0000   22.5000 2702.9812   13.2483
   -7.5000   22.5000   22.5000 2575.0051   14.3935
    0.0000   22.5000   22.5000 2594.8948   14.2806
    7.5000   22.5000   22.5000 2581.6609   14.4146
   -7.5000   30.0000   22.5000 2444.5366   15.8915
    0.0000   30.0000   22.5000 2465.5232   15.7275
    7.5000   30.0000   22.5000 2452.1677   15.9120
   -7.5000  -60.0000   30.0000 2310.7146   17.2971
    0.0000  -60.0000   30.0000 2325.0437   17.2840
    7.5000  -60.0000   30.0000 2302.3726   17.3562
   -7.5000  -52.5000   30.0000 2418.8613   15.4022
    0.0000  -52.5000   30.0000 2433.6558   15.3754
    7.5000  -52.5000   30.0000 2416.0432   15.4731
   -7.5000  -45.0000   30.0000 2550.9700   14.1167
    0.0000  -45.0000   30.0000 2569.7368   14.0327
    7.5000  -45.0000   30.0000 2553.8286   14.1352
   -7.5000  -37.5000   30.0000 2670.2493   13.0168
    0.0000  -37.5000   30.0000 2688.9590   12.9526
    7.5000  -37.5000   30.0000 2678.4946   13.0345
   -7.5000  -30.0000   30.0000 2782.5178   12.2634
    0.0000  -30.0000   30.0000 2805.2981   12.2168
    7.5000  -30.0000   30.0000 2791.1833   12.2849
   -7.5000  -22.5000   30.0000 2868.2983   11.8317
    0.0000  -22.5000   30.0000 2899.5024   11.8576
    7.5000  -22.5000   30.0000 2880.2310   11.8403
   -7.5000  -15.0000   30.0000 2921.4126   11.5754
    0.0000  -15.0000   30.0000 2955.1511   11.6042
    7.5000  -15.0000   30.0000 2920.1880   11.6157
   -7.5000   -7.5000   30.0000 2909.1440   11.6616
    0.0000   -7.5000   30.0000 2937.7976   11.6070
    7.5000   -7.5000   30.0000 2906.7927   11.7028
   -7.5000    0.0000   30.0000 2856.1965   12.0640
    0.0000    0.0000   30.0000 2888.3018   11.9894
    7.5000    0.0000   30.0000 2858.2292   12.0875
   -7.5000    7.5000   30.0000 2772.8711   12.7142
    0.0000    7.5000   30.0000 2798.4624   12.6308
    7.5000    7.5000   30.0000 2779.0896   12.7152
   -7.5000   15.0000   30.0000 2667.0913   13.6066
    0.0000   15.0000   30.0000 2693.5549   13.4990
    7.5000   15.0000   30.0000 2674.1421   13.6133
   -7.5000   22.5000   30.0000 2545.3994   14.8130
    0.0000   22.5000   30.0000 2570.5081   14.6875
    7.5000   22.5000   30.0000 2553.6819   14.8098
   -7.5000   30.0000   30.0000 2409.8081   16.2839
    0.0000   30.0000   30.0000 2439.5894   16.0921
    7.5000   30.0000   30.0000 2422.4062   16.2662
   -7.5000  -60.0000   37.5000 2267.5789   17.9978
    0.0000  -60.0000   37.5000 2283.2969   17.9330
    7.5000  -60.0000   37.5000 2265.2568   18.1423
   -7.5000  -52.5000   37.5000 2382.3809   16.0234
    0.0000  -52.5000   37.5000 2395.3748   15.9386
    7.5000  -52.5000   37.5000 2381.4202   16.1122
   -7.5000  -45.0000   37.5000 2511.0952   14.7020
    0.0000  -45.0000   37.5000 2530.6531   14.6016
    7.5000  -45.0000   37.5000 2513.7329   14.7282
   -7.5000  -37.5000   37.5000 2628.9055   13.5758
    0.0000  -37.5000   37.5000 2649.1116   13.5045
    7.5000  -37.5000   37.5000 2635.9468   13.6023
   -7.5000  -30.0000   37.5000 2737.8591   12.8564
    0.0000  -30.0000   37.5000 2759.8608   12.8115
    7.5000  -30.0000   37.5000 2743.5547   12.8711
   -7.5000  -22.5000   37.5000 2811.3748   12.3725
    0.0000  -22.5000   37.5000 2843.1519   12.4073
    7.5000  -22.5000   37.5000 2819.0967   12.4031
   -7.5000  -15.0000   37.5000 2848.8330   12.0732
    0.0000  -15.0000   37.5000 2880.7432   12.0352
    7.5000  -15.0000   37.5000 2853.6165   12.1307
   -7.5000   -7.5000   37.5000 2839.9949   12.1980
    0.0000   -7.5000   37.5000 2869.0352   12.1073
    7.5000   -7.5000   37.5000 2846.6074   12.2288
   -7.5000    0.0000   37.5000 2799.0256   12.6009
    0.0000    0.0000   37.5000 2826.1445   12.5340
    7.5000    0.0000   37.5000 2803.8374   12.6164
   -7.5000    7.5000   37.5000 2718.4519   13.2539
    0.0000    7.5000   37.5000 2747.1555   13.1687
    7.5000    7.5000   37.5000 2727.6208   13.2531
   -7.5000   15.0000   37.5000 2623.5500   14.1576
    0.0000   15.0000   37.5000 2645.5168   14.0435
    7.5000   15.0000   37.5000 2626.0276   14.1442
   -7.5000   22.5000   37.5000 2508.7903   15.3380
    0.0000   22.5000   37.5000 2527.5496   15.2257
    7.5000   22.5000   37.5000 2509.3147   15.3327
   -7.5000   30.0000   37.5000 2367.4014   16.8118
    0.0000   30.0000   37.5000 2398.5901   16.6446
    7.5000   30.0000   37.5000 2382.6162   16.8112
   -7.5000  -60.0000   45.0000 2193.0393   18.6876
    0.0000  -60.0000   45.0000 2211.5181   18.5816
    7.5000  -60.0000   45.0000 2199.6726   18.8750
   -7.5000  -52.5000   45.0000 2312.2393   16.6715
    0.0000  -52.5000   45.0000 2327.4456   16.5632
    7.5000  -52.5000   45.0000 2313.3047   16.7928
   -7.5000  -45.0000   45.0000 2440.2048   15.3497
    0.0000  -45.0000   45.0000 2460.5906   15.2301
    7.5000  -45.0000   45.0000 2445.3474   15.4323
   -7.5000  -37.5000   45.0000 2554.3977   14.2408
    0.0000  -37.5000   45.0000 2574.4553   14.1498
    7.5000  -37.5000   45.0000 2563.8320   14.3069
   -7.5000  -30.0000   45.0000 2654.5378   13.5076
    0.0000  -30.0000   45.0000 2681.2322   13.4705
    7.5000  -30.0000   45.0000 2660.1631   13.5608
   -7.5000  -22.5000   45.0000 2720.5547   12.9765
    0.0000  -22.5000   45.0000 2753.6016   12.9535
    7.5000  -22.5000   45.0000 2727.3901   13.0268
   -7.5000  -15.0000   45.0000 2745.1660   12.7176
    0.0000  -15.0000   45.0000 2779.2292   12.6016
    7.5000  -15.0000   45.0000 2749.4341   12.7623
   -7.5000   -7.5000   45.0000 2738.0955   12.8203
    0.0000   -7.5000   45.0000 2767.6689   12.7172
    7.5000   -7.5000   45.0000 2745.9182   12.8566
   -7.5000    0.0000   45.0000 2695.5005   13.1869
    0.0000    0.0000   45.0000 2727.5759   13.1249
    7.5000    0.0000   45.0000 2707.0081   13.2408
   -7.5000    7.5000   45.0000 2625.2749   13.8415
    0.0000    7.5000   45.0000 2656.4697   13.7395
    7.5000    7.5000   45.0000 2633.9070   13.8576
   -7.5000   15.0000   45.0000 2538.2424   14.7299
    0.0000   15.0000   45.0000 2556.5076   14.6028
    7.5000   15.0000   45.0000 2541.5193   14.7392
   -7.5000   22.5000   45.0000 2432.7964   15.8892
    0.0000   22.5000   45.0000 2450.5720   15.7597
    7.5000   22.5000   45.0000 2438.5188   15.8890
   -7.5000   30.0000   45.0000 2291.7271   17.3598
    0.0000   30.0000   45.0000 2320.6296   17.2082
    7.5000   30.0000   45.0000 2311.1270   17.3747
   -7.5000  -60.0000   52.5000 2102.7009   19.3701
    0.0000  -60.0000   52.5000 2121.7595   19.2089
    7.5000  -60.0000   52.5000 2109.6763   19.6193
   -7.5000  -52.5000   52.5000 2220.5344   17.3251
    0.0000  -52.5000   52.5000 2238.0176   17.1800
    7.5000  -52.5000   52.5000 2221.4104   17.5030
   -7.5000  -45.0000   52.5000 2345.8796   15.9689
    0.0000  -45.0000   52.5000 2366.8750   15.8407
    7.5000  -45.0000   52.5000 2351.9509   16.1429
   -7.5000  -37.5000   52.5000 2454.9231   14.9022
    0.0000  -37.5000   52.5000 2474.5261   14.7964
    7.5000  -37.5000   52.5000 2461.4016   15.0287
   -7.5000  -30.0000   52.5000 2543.9536   14.1198
    0.0000  -30.0000   52.5000 2569.1597   14.0704
    7.5000  -30.0000   52.5000 2550.9624   14.2165
   -7.5000  -22.5000   52.5000 2597.7708   13.6054
    0.0000  -22.5000   52.5000 2628.9368   13.5108
    7.5000  -22.5000   52.5000 2606.2605   13.6800
   -7.5000  -15.0000   52.5000 2624.6187   13.3387
    0.0000  -15.0000   52.5000 2653.5852   13.2402
    7.5000  -15.0000   52.5000 2630.4353   13.4057
   -7.5000   -7.5000   52.5000 2612.6140   13.4273
    0.0000   -7.5000   52.5000 2638.7209   13.3237
    7.5000   -7.5000   52.5000 2618.2998   13.4997
   -7.5000    0.0000   52.5000 2572.7144   13.8092
    0.0000    0.0000   52.5000 2602.6157   13.7094
    7.5000    0.0000   52.5000 2582.0027   13.8672
   -7.5000    7.5000   52.5000 2506.8848   14.4432
    0.0000    7.5000   52.5000 2537.1077   14.2994
    7.5000    7.5000   52.5000 2514.3711   14.4364
   -7.5000   15.0000   52.5000 2427.0720   15.2679
    0.0000   15.0000   52.5000 2447.1445   15.1171
    7.5000   15.0000   52.5000 2432.7683   15.2609
   -7.5000   22.5000   52.5000 2330.0896   16.3927
    0.0000   22.5000   52.5000 2353.1279   16.2376
    7.5000   22.5000   52.5000 2336.0693   16.4024
   -7.5000   30.0000   52.5000 2196.3823   17.9010
    0.0000   30.0000   52.5000 2222.6177   17.7354
    7.5000   30.0000   52.5000 2211.7827   17.9045
   -7.5000  -60.0000   60.0000 2047.2162   20.6564
    0.0000  -60.0000   60.0000 2059.9041   20.4552
    7.5000  -60.0000   60.0000 2041.2950   20.9692
   -7.5000  -52.5000   60.0000 2160.1511   18.5036
    0.0000  -52.5000   60.0000 2174.5198   18.2844
    7.5000  -52.5000   60.0000 2154.2061   18.7448
   -7.5000  -45.0000   60.0000 2284.0854   17.1227
    0.0000  -45.0000   60.0000 2301.8618   16.9519
    7.5000  -45.0000   60.0000 2282.2593   17.3030
   -7.5000  -37.5000   60.0000 2386.0627   16.0382
    0.0000  -37.5000   60.0000 2406.9702   15.9044
    7.5000  -37.5000   60.0000 2391.8599   16.1819
   -7.5000  -30.0000   60.0000 2463.1870   15.1964
    0.0000  -30.0000   60.0000 2488.0598   15.1091
    7.5000  -30.0000   60.0000 2473.1772   15.3240
   -7.5000  -22.5000   60.0000 2513.0569   14.6524
    0.0000  -22.5000   60.0000 2541.7434   14.5081
    7.5000  -22.5000   60.0000 2521.8826   14.7441
   -7.5000  -15.0000   60.0000 2538.9785   14.3605
    0.0000  -15.0000   60.0000 2561.3047   14.2354
    7.5000  -15.0000   60.0000 2543.5383   14.4710
   -7.5000   -7.5000   60.0000 2526.4131   14.4388
    0.0000   -7.5000   60.0000 2547.4319   14.3350
    7.5000   -7.5000   60.0000 2529.8447   14.5411
   -7.5000    0.0000   60.0000 2483.1560   14.8137
    0.0000    0.0000   60.0000 2505.7864   14.7066
    7.5000    0.0000   60.0000 2491.1304   14.9083
   -7.5000    7.5000   60.0000 2424.7910   15.4205
    0.0000    7.5000   60.0000 2452.9941   15.2453
    7.5000    7.5000   60.0000 2438.5483   15.4566
   -7.5000   15.0000   60.0000 2354.1926   16.2409
    0.0000   15.0000   60.0000 2380.2290   16.0328
    7.5000   15.0000   60.0000 2362.8816   16.2451
   -7.5000   22.5000   60.0000 2256.3464   17.3839
    0.0000   22.5000   60.0000 2281.8364   17.1764
    7.5000   22.5000   60.0000 2264.7822   17.3748
   -7.5000   30.0000   60.0000 2131.5476   18.9185
    0.0000   30.0000   60.0000 2149.7422   18.7017
    7.5000   30.0000   60.0000 2142.1216   18.8778

---------------------------------------------------------------------
imgreg_4dfp /opt/freesurfer/average/711-2C_as_mni_average_305 /opt/freesurfer/average/711-2B_as_mni_average_305_mask talsrcimg_g11 none talsrcimg_to_711-2C_as_mni_average_305_t4 1283
---------------------------------------------------------------------

freesurfer imgreg_4dfp.c
/opt/freesurfer/average/711-2C_as_mni_average_305.4dfp.img
       256       256       256         1
  1.000000  1.000000  1.000000
orientation T byte_order littleendian
Reading image: /opt/freesurfer/average/711-2C_as_mni_average_305.4dfp.img
dimensions:      256       256       256
mmppix:       1.0000   -1.0000   -1.0000
center:     128.0000 -129.0000 -129.0000
/opt/freesurfer/average/711-2B_as_mni_average_305_mask.4dfp.img
       256       256       256         1
  1.000000  1.000000  1.000000
orientation T byte_order littleendian
Reading mask: /opt/freesurfer/average/711-2B_as_mni_average_305_mask.4dfp.img (2306576 pixels)
talsrcimg_g11.4dfp.img
       256       256       256         1
  0.898438  0.898438  0.898438
orientation T byte_order littleendian
Reading image: talsrcimg_g11.4dfp.img
dimensions:      256       256       256
mmppix:       0.8984   -0.8984   -0.8984
center:     115.0001 -115.8985 -115.8985
rotation matrix determinant  1.000000
fimgreg.f
image alignment mode   1283 decimal      503 hex
parameters
    0.0000  -15.0000   15.0000    0.0000    0.0000    0.0000
eta,q 0.94606 11.26834
niter,ni,del,rscale     5    3   12.0000    1.2000
parameter  4  5.777226 ->  0.500000 qaram    1.1500
parameters
    0.2089  -14.1448   15.7843   -3.4500   -1.7155   -1.9293
eta,q 0.95021 11.19895
  0.0617  0.0634  0.0582  0.0475  0.0525  0.0508
  0.0561  0.0570  0.0567  0.0496  0.0507  0.0499
  0.0542  0.0543  0.0557  0.0523  0.0500  0.0498
  0.0541  0.0542  0.0544  0.0541  0.0504  0.0500
  0.0549  0.0545  0.0539  0.0555  0.0518  0.0506
  0.0562  0.0556  0.0549  0.0580  0.0547  0.0520
  0.0599  0.0581  0.0573  0.0615  0.0584  0.0552
niter,ni,del,rscale     5    3   12.0000    1.2000
parameter  4  2.510989 ->  0.500000 qaram    1.3225
parameters
    0.7511  -13.0947   13.9867   -7.4175   -1.5802   -2.6311
eta,q 0.95814 11.28946
  0.0587  0.0583  0.0516  0.0426  0.0498  0.0459
  0.0531  0.0517  0.0497  0.0416  0.0453  0.0440
  0.0508  0.0493  0.0496  0.0440  0.0427  0.0424
  0.0498  0.0496  0.0499  0.0496  0.0418  0.0419
  0.0494  0.0501  0.0513  0.0536  0.0433  0.0431
  0.0512  0.0506  0.0528  0.0569  0.0456  0.0455
  0.0560  0.0522  0.0559  0.0593  0.0484  0.0485
niter,ni,del,rscale     5    3   12.0000    1.2000
parameters
    0.0275  -11.5357   13.9531  -10.3536   -0.7127   -3.0924
eta,q 0.96141 11.34483
  0.0513  0.0593  0.0495  0.0458  0.0483  0.0458
  0.0448  0.0518  0.0464  0.0408  0.0435  0.0421
  0.0421  0.0460  0.0431  0.0389  0.0405  0.0393
  0.0419  0.0417  0.0411  0.0411  0.0389  0.0387
  0.0445  0.0414  0.0426  0.0476  0.0391  0.0408
  0.0495  0.0440  0.0457  0.0528  0.0410  0.0442
  0.0562  0.0477  0.0504  0.0569  0.0440  0.0476
niter,ni,del,rscale     4    3   12.0000    1.2000
parameters
   -0.0796  -10.3825   13.2960  -11.0057   -0.4545   -3.3884
eta,q 0.96177 11.35759
  0.0522  0.0591  0.0451  0.0500  0.0466  0.0453
  0.0437  0.0509  0.0425  0.0437  0.0423  0.0414
  0.0390  0.0435  0.0395  0.0392  0.0395  0.0389
  0.0386  0.0385  0.0385  0.0385  0.0383  0.0383
  0.0412  0.0396  0.0403  0.0417  0.0392  0.0396
  0.0456  0.0437  0.0444  0.0478  0.0414  0.0428
  0.0517  0.0482  0.0493  0.0529  0.0453  0.0465
niter,ni,del,rscale     3    3   12.0000    1.2000
parameters
   -0.1202  -10.2052   13.0189  -11.2870   -0.4010   -3.4207
eta,q 0.96166 11.36172
  0.0522  0.0550  0.0454  0.0506  0.0461  0.0459
  0.0437  0.0466  0.0424  0.0447  0.0420  0.0418
  0.0388  0.0397  0.0397  0.0397  0.0394  0.0391
  0.0382  0.0382  0.0384  0.0384  0.0383  0.0383
  0.0407  0.0417  0.0394  0.0410  0.0394  0.0393
  0.0448  0.0466  0.0429  0.0464  0.0417  0.0422
  0.0513  0.0516  0.0475  0.0517  0.0459  0.0458
niter,ni,del,rscale     2    3   12.0000    1.2000
parameters
   -0.1276  -10.1936   12.9097  -11.3850   -0.4088   -3.4161
eta,q 0.96166 11.36393
  0.0524  0.0544  0.0457  0.0510  0.0460  0.0460
  0.0439  0.0457  0.0424  0.0452  0.0419  0.0419
  0.0390  0.0392  0.0396  0.0400  0.0393  0.0391
  0.0383  0.0383  0.0383  0.0384  0.0383  0.0383
  0.0407  0.0423  0.0392  0.0407  0.0394  0.0393
  0.0448  0.0473  0.0423  0.0459  0.0418  0.0422
  0.0514  0.0521  0.0468  0.0512  0.0460  0.0457
niter,ni,del,rscale     1    3   12.0000    1.2000
parameters
   -0.1255  -10.2037   12.8667  -11.4146   -0.4188   -3.4124
eta,q 0.96167 11.36503
  0.0525  0.0544  0.0458  0.0512  0.0459  0.0460
  0.0439  0.0455  0.0424  0.0454  0.0419  0.0419
  0.0390  0.0391  0.0396  0.0401  0.0393  0.0391
  0.0383  0.0383  0.0383  0.0383  0.0383  0.0383
  0.0406  0.0423  0.0391  0.0406  0.0394  0.0393
  0.0447  0.0474  0.0421  0.0457  0.0418  0.0422
  0.0514  0.0522  0.0465  0.0510  0.0460  0.0457
registration optimization eta report
parameter search radius
    6.0000    6.0000    6.0000    7.9350    6.0000    6.0000
100000*second partial in parameter space
       38.       40.       22.       20.       21.       21.
  0.0525  0.0544  0.0458  0.0512  0.0459  0.0460
  0.0439  0.0455  0.0424  0.0454  0.0419  0.0419
  0.0390  0.0391  0.0396  0.0401  0.0393  0.0391
  0.0383  0.0383  0.0383  0.0383  0.0383  0.0383
  0.0406  0.0423  0.0391  0.0406  0.0394  0.0393
  0.0447  0.0474  0.0421  0.0457  0.0418  0.0422
  0.0514  0.0522  0.0465  0.0510  0.0460  0.0457
   -0.1255  -10.2037   12.8667  -11.4146   -0.4188   -3.4124
eta,q 0.96167 11.36503

---------------------------------------------------------------------
imgreg_4dfp /opt/freesurfer/average/711-2C_as_mni_average_305 /opt/freesurfer/average/711-2B_as_mni_average_305_mask talsrcimg_g11 none talsrcimg_to_711-2C_as_mni_average_305_t4 3335
---------------------------------------------------------------------

freesurfer imgreg_4dfp.c
/opt/freesurfer/average/711-2C_as_mni_average_305.4dfp.img
       256       256       256         1
  1.000000  1.000000  1.000000
orientation T byte_order littleendian
Reading image: /opt/freesurfer/average/711-2C_as_mni_average_305.4dfp.img
dimensions:      256       256       256
mmppix:       1.0000   -1.0000   -1.0000
center:     128.0000 -129.0000 -129.0000
/opt/freesurfer/average/711-2B_as_mni_average_305_mask.4dfp.img
       256       256       256         1
  1.000000  1.000000  1.000000
orientation T byte_order littleendian
Reading mask: /opt/freesurfer/average/711-2B_as_mni_average_305_mask.4dfp.img (2306576 pixels)
talsrcimg_g11.4dfp.img
       256       256       256         1
  0.898438  0.898438  0.898438
orientation T byte_order littleendian
Reading image: talsrcimg_g11.4dfp.img
dimensions:      256       256       256
mmppix:       0.8984   -0.8984   -0.8984
center:     115.0001 -115.8985 -115.8985
fimgreg.f
image alignment mode   3335 decimal      D07 hex
parameters
   -0.1255  -10.2037   12.8667   -0.1800   -2.1431   -1.9805
    5.6902    1.8931   -5.9521   19.7129   -0.7309  -19.7901
eta,q 0.96301 11.35108
niter,ni,del,rscale     5    3    5.0000    1.2000
parameter  4  0.626139 ->  0.500000 qaram    1.1500
parameter  5  1.665951 ->  0.500000 qaram    1.1500
parameters
   -0.2743  -10.1701   13.0375   -4.3200   -6.2831   -3.1247
    5.7442    1.4743   -4.6109   18.2689   -2.7863  -19.7982
eta,q 0.96727 10.74684
  0.0397  0.0396  0.0385  0.0367  0.0317  0.0350  0.0357  0.0371  0.0355  0.0349  0.0332  0.0341
  0.0381  0.0382  0.0377  0.0364  0.0328  0.0337  0.0342  0.0347  0.0343  0.0336  0.0329  0.0334
  0.0372  0.0373  0.0372  0.0365  0.0343  0.0330  0.0333  0.0333  0.0334  0.0329  0.0327  0.0329
  0.0370  0.0370  0.0370  0.0370  0.0364  0.0332  0.0330  0.0330  0.0330  0.0329  0.0328  0.0327
  0.0375  0.0372  0.0371  0.0375  0.0390  0.0339  0.0333  0.0338  0.0330  0.0337  0.0331  0.0329
  0.0386  0.0381  0.0375  0.0381  0.0421  0.0351  0.0342  0.0356  0.0334  0.0353  0.0335  0.0334
  0.0404  0.0395  0.0382  0.0392  0.0453  0.0361  0.0356  0.0380  0.0342  0.0376  0.0341  0.0342
niter,ni,del,rscale     6    3    5.0000    1.2000
parameter  5  0.857860 ->  0.500000 qaram    1.3225
parameters
   -0.3196  -10.1439   13.2027   -3.5323  -11.0441   -3.6853
    5.2963    1.4513   -4.5969   18.7254   -2.7106  -21.4553
eta,q 0.96926 10.48613
  0.0361  0.0352  0.0346  0.0355  0.0306  0.0334  0.0334  0.0355  0.0328  0.0343  0.0317  0.0316
  0.0342  0.0338  0.0336  0.0340  0.0307  0.0320  0.0319  0.0330  0.0317  0.0325  0.0312  0.0310
  0.0331  0.0330  0.0330  0.0331  0.0314  0.0311  0.0310  0.0313  0.0310  0.0313  0.0309  0.0308
  0.0327  0.0327  0.0327  0.0327  0.0328  0.0308  0.0308  0.0308  0.0308  0.0308  0.0308  0.0308
  0.0332  0.0330  0.0329  0.0331  0.0347  0.0315  0.0313  0.0314  0.0311  0.0311  0.0309  0.0312
  0.0344  0.0337  0.0334  0.0338  0.0373  0.0327  0.0324  0.0331  0.0317  0.0320  0.0312  0.0319
  0.0364  0.0351  0.0341  0.0344  0.0406  0.0341  0.0340  0.0356  0.0327  0.0335  0.0316  0.0329
niter,ni,del,rscale     6    3    5.0000    1.2000
parameters
   -0.3676  -10.1446   13.0650   -3.8004  -13.6707   -3.5794
    5.1807    1.4162   -4.5501   19.2993   -2.5468  -22.4674
eta,q 0.96967 10.32791
  0.0342  0.0334  0.0321  0.0332  0.0325  0.0334  0.0333  0.0350  0.0325  0.0339  0.0313  0.0314
  0.0323  0.0319  0.0313  0.0317  0.0310  0.0319  0.0317  0.0326  0.0314  0.0320  0.0308  0.0307
  0.0311  0.0310  0.0308  0.0308  0.0304  0.0308  0.0307  0.0309  0.0306  0.0308  0.0305  0.0304
  0.0307  0.0307  0.0307  0.0307  0.0307  0.0304  0.0304  0.0304  0.0304  0.0304  0.0304  0.0304
  0.0312  0.0311  0.0310  0.0314  0.0319  0.0308  0.0308  0.0309  0.0306  0.0306  0.0304  0.0306
  0.0325  0.0320  0.0316  0.0323  0.0339  0.0318  0.0319  0.0327  0.0314  0.0315  0.0307  0.0313
  0.0345  0.0333  0.0324  0.0331  0.0367  0.0332  0.0335  0.0351  0.0324  0.0329  0.0312  0.0322
niter,ni,del,rscale     5    3    5.0000    1.2000
parameters
   -0.4077  -10.0519   12.9939   -3.8978  -13.9829   -3.4811
    5.1699    1.3889   -4.4727   19.6391   -2.4006  -22.7380
eta,q 0.96968 10.31604
  0.0338  0.0332  0.0318  0.0331  0.0340  0.0333  0.0334  0.0349  0.0325  0.0337  0.0312  0.0317
  0.0319  0.0316  0.0309  0.0315  0.0320  0.0318  0.0317  0.0325  0.0313  0.0318  0.0307  0.0309
  0.0307  0.0307  0.0304  0.0305  0.0307  0.0308  0.0307  0.0309  0.0306  0.0307  0.0304  0.0304
  0.0303  0.0303  0.0303  0.0303  0.0303  0.0303  0.0303  0.0303  0.0303  0.0303  0.0303  0.0303
  0.0308  0.0306  0.0306  0.0310  0.0309  0.0308  0.0307  0.0309  0.0306  0.0306  0.0304  0.0305
  0.0320  0.0315  0.0311  0.0320  0.0323  0.0318  0.0317  0.0326  0.0313  0.0315  0.0307  0.0310
  0.0340  0.0327  0.0319  0.0328  0.0345  0.0331  0.0334  0.0350  0.0324  0.0330  0.0312  0.0319
niter,ni,del,rscale     4    3    5.0000    1.2000
parameters
   -0.4182   -9.9924   12.9681   -3.9125  -14.1004   -3.4497
    5.1622    1.3706   -4.4334   19.7807   -2.3809  -22.8337
eta,q 0.96968 10.31302
  0.0338  0.0331  0.0318  0.0332  0.0341  0.0333  0.0334  0.0349  0.0325  0.0335  0.0312  0.0317
  0.0319  0.0316  0.0309  0.0316  0.0321  0.0318  0.0317  0.0325  0.0313  0.0317  0.0307  0.0309
  0.0307  0.0306  0.0304  0.0306  0.0308  0.0307  0.0307  0.0309  0.0306  0.0306  0.0304  0.0304
  0.0303  0.0303  0.0303  0.0303  0.0303  0.0303  0.0303  0.0303  0.0303  0.0303  0.0303  0.0303
  0.0307  0.0306  0.0305  0.0309  0.0308  0.0309  0.0307  0.0309  0.0306  0.0307  0.0304  0.0305
  0.0320  0.0315  0.0310  0.0320  0.0322  0.0319  0.0317  0.0326  0.0313  0.0316  0.0307  0.0310
  0.0339  0.0328  0.0319  0.0328  0.0343  0.0331  0.0334  0.0349  0.0324  0.0331  0.0312  0.0318
niter,ni,del,rscale     3    3    5.0000    1.2000
parameters
   -0.4208   -9.9643   12.9542   -3.9194  -14.1454   -3.4475
    5.1552    1.3685   -4.4163   19.8487   -2.3668  -22.8807
eta,q 0.96968 10.31163
  0.0339  0.0330  0.0319  0.0332  0.0341  0.0333  0.0334  0.0349  0.0324  0.0334  0.0312  0.0318
  0.0319  0.0315  0.0310  0.0316  0.0322  0.0318  0.0317  0.0325  0.0313  0.0317  0.0307  0.0309
  0.0307  0.0306  0.0305  0.0306  0.0308  0.0307  0.0307  0.0309  0.0306  0.0306  0.0304  0.0304
  0.0303  0.0303  0.0303  0.0303  0.0303  0.0303  0.0303  0.0303  0.0303  0.0303  0.0303  0.0303
  0.0307  0.0307  0.0305  0.0309  0.0308  0.0309  0.0307  0.0309  0.0306  0.0307  0.0304  0.0305
  0.0319  0.0315  0.0310  0.0320  0.0322  0.0319  0.0317  0.0325  0.0313  0.0317  0.0307  0.0310
  0.0339  0.0328  0.0318  0.0328  0.0342  0.0331  0.0334  0.0349  0.0324  0.0332  0.0312  0.0318
niter,ni,del,rscale     2    3    5.0000    1.2000
parameters
   -0.4221   -9.9522   12.9448   -3.9237  -14.1697   -3.4496
    5.1558    1.3668   -4.4034   19.8800   -2.3687  -22.9028
eta,q 0.96967 10.31057
  0.0339  0.0330  0.0319  0.0332  0.0341  0.0333  0.0334  0.0349  0.0324  0.0333  0.0312  0.0318
  0.0319  0.0315  0.0310  0.0316  0.0322  0.0317  0.0317  0.0325  0.0313  0.0316  0.0307  0.0310
  0.0307  0.0306  0.0305  0.0306  0.0308  0.0307  0.0307  0.0309  0.0306  0.0306  0.0304  0.0305
  0.0303  0.0303  0.0303  0.0303  0.0303  0.0303  0.0303  0.0303  0.0303  0.0303  0.0303  0.0303
  0.0307  0.0307  0.0305  0.0309  0.0308  0.0309  0.0307  0.0309  0.0306  0.0307  0.0304  0.0305
  0.0319  0.0315  0.0310  0.0320  0.0322  0.0319  0.0317  0.0325  0.0313  0.0317  0.0307  0.0310
  0.0339  0.0328  0.0318  0.0328  0.0342  0.0331  0.0334  0.0349  0.0324  0.0332  0.0312  0.0318
registration optimization eta report
parameter search radius
    2.4000    2.4000    2.4000    8.2800    9.5220    7.2000
    7.2000    7.2000    7.2000    7.2000    7.2000    7.2000
100000*second partial in parameter space
       61.       45.       27.        4.        4.        5.
        6.        9.        4.        6.        2.        3.
  0.0339  0.0330  0.0319  0.0332  0.0341  0.0333  0.0334  0.0349  0.0324  0.0333  0.0312  0.0318
  0.0319  0.0315  0.0310  0.0316  0.0322  0.0317  0.0317  0.0325  0.0313  0.0316  0.0307  0.0310
  0.0307  0.0306  0.0305  0.0306  0.0308  0.0307  0.0307  0.0309  0.0306  0.0306  0.0304  0.0305
  0.0303  0.0303  0.0303  0.0303  0.0303  0.0303  0.0303  0.0303  0.0303  0.0303  0.0303  0.0303
  0.0307  0.0307  0.0305  0.0309  0.0308  0.0309  0.0307  0.0309  0.0306  0.0307  0.0304  0.0305
  0.0319  0.0315  0.0310  0.0320  0.0322  0.0319  0.0317  0.0325  0.0313  0.0317  0.0307  0.0310
  0.0339  0.0328  0.0318  0.0328  0.0342  0.0331  0.0334  0.0349  0.0324  0.0332  0.0312  0.0318
   -0.4221   -9.9522   12.9448   -3.9237  -14.1697   -3.4496
    5.1558    1.3668   -4.4034   19.8800   -2.3687  -22.9028
eta,q 0.96967 10.31057

---------------------------------------------------------------------
imgreg_4dfp /opt/freesurfer/average/711-2C_as_mni_average_305 /opt/freesurfer/average/711-2B_as_mni_average_305_mask talsrcimg_g11 none talsrcimg_to_711-2C_as_mni_average_305_t4 2311
---------------------------------------------------------------------

freesurfer imgreg_4dfp.c
/opt/freesurfer/average/711-2C_as_mni_average_305.4dfp.img
       256       256       256         1
  1.000000  1.000000  1.000000
orientation T byte_order littleendian
Reading image: /opt/freesurfer/average/711-2C_as_mni_average_305.4dfp.img
dimensions:      256       256       256
mmppix:       1.0000   -1.0000   -1.0000
center:     128.0000 -129.0000 -129.0000
/opt/freesurfer/average/711-2B_as_mni_average_305_mask.4dfp.img
       256       256       256         1
  1.000000  1.000000  1.000000
orientation T byte_order littleendian
Reading mask: /opt/freesurfer/average/711-2B_as_mni_average_305_mask.4dfp.img (2306576 pixels)
talsrcimg_g11.4dfp.img
       256       256       256         1
  0.898438  0.898438  0.898438
orientation T byte_order littleendian
Reading image: talsrcimg_g11.4dfp.img
dimensions:      256       256       256
mmppix:       0.8984   -0.8984   -0.8984
center:     115.0001 -115.8985 -115.8985
fimgreg.f
image alignment mode   2311 decimal      907 hex
parameters
   -0.4221   -9.9522   12.9448   -3.9237  -14.1697   -3.4496
    5.1558    1.3668   -4.4034   19.8800   -2.3687  -22.9028
eta,q 0.96967 10.31057
niter,ni,del,rscale     5    3    5.0000    0.8000
parameters
   -0.4199   -9.9876   12.8946   -4.4499  -14.1296   -3.5967
    5.1253    1.3342   -4.4562   19.6982   -2.2760  -22.8930
eta,q 0.96971 10.27197
  0.0319  0.0315  0.0310  0.0312  0.0314  0.0317  0.0317  0.0324  0.0313  0.0315  0.0307  0.0309
  0.0310  0.0308  0.0306  0.0307  0.0308  0.0310  0.0309  0.0312  0.0307  0.0308  0.0305  0.0306
  0.0305  0.0304  0.0304  0.0304  0.0304  0.0304  0.0304  0.0305  0.0304  0.0304  0.0303  0.0303
  0.0303  0.0303  0.0303  0.0303  0.0303  0.0303  0.0303  0.0303  0.0303  0.0303  0.0303  0.0303
  0.0305  0.0305  0.0304  0.0306  0.0304  0.0306  0.0305  0.0305  0.0304  0.0305  0.0303  0.0304
  0.0310  0.0309  0.0307  0.0311  0.0308  0.0311  0.0309  0.0313  0.0308  0.0310  0.0304  0.0306
  0.0319  0.0315  0.0310  0.0317  0.0314  0.0318  0.0317  0.0325  0.0313  0.0317  0.0307  0.0309
niter,ni,del,rscale     4    3    5.0000    0.7000
parameters
   -0.4193  -10.0081   12.8397   -4.4952  -14.0748   -3.7067
    5.1224    1.3107   -4.4919   19.6419   -2.2518  -22.9493
eta,q 0.96971 10.26709
  0.0315  0.0312  0.0308  0.0312  0.0312  0.0314  0.0314  0.0319  0.0310  0.0313  0.0306  0.0308
  0.0308  0.0307  0.0305  0.0307  0.0307  0.0308  0.0308  0.0310  0.0306  0.0307  0.0304  0.0305
  0.0304  0.0304  0.0303  0.0304  0.0304  0.0304  0.0304  0.0305  0.0304  0.0304  0.0303  0.0303
  0.0303  0.0303  0.0303  0.0303  0.0303  0.0303  0.0303  0.0303  0.0303  0.0303  0.0303  0.0303
  0.0304  0.0304  0.0304  0.0304  0.0304  0.0305  0.0304  0.0305  0.0304  0.0304  0.0303  0.0303
  0.0308  0.0307  0.0305  0.0308  0.0307  0.0310  0.0308  0.0310  0.0307  0.0308  0.0304  0.0305
  0.0315  0.0312  0.0308  0.0312  0.0311  0.0315  0.0314  0.0320  0.0311  0.0313  0.0306  0.0308
niter,ni,del,rscale     3    3    5.0000    0.6000
parameters
   -0.4230  -10.0217   12.7890   -4.5051  -14.0611   -3.7868
    5.1141    1.3031   -4.4923   19.6198   -2.2519  -23.0128
eta,q 0.96972 10.26373
  0.0312  0.0310  0.0306  0.0310  0.0309  0.0312  0.0311  0.0315  0.0309  0.0310  0.0305  0.0306
  0.0307  0.0306  0.0304  0.0306  0.0306  0.0307  0.0306  0.0308  0.0306  0.0306  0.0304  0.0304
  0.0304  0.0304  0.0303  0.0304  0.0304  0.0304  0.0304  0.0304  0.0304  0.0304  0.0303  0.0303
  0.0303  0.0303  0.0303  0.0303  0.0303  0.0303  0.0303  0.0303  0.0303  0.0303  0.0303  0.0303
  0.0304  0.0304  0.0303  0.0304  0.0304  0.0304  0.0304  0.0304  0.0303  0.0304  0.0303  0.0303
  0.0307  0.0306  0.0305  0.0306  0.0306  0.0308  0.0306  0.0308  0.0305  0.0306  0.0304  0.0304
  0.0312  0.0310  0.0307  0.0310  0.0309  0.0313  0.0311  0.0315  0.0309  0.0310  0.0305  0.0306
niter,ni,del,rscale     2    3    5.0000    0.5000
parameters
   -0.4214  -10.0309   12.7474   -4.5098  -14.0633   -3.8493
    5.0964    1.3018   -4.4873   19.6014   -2.2821  -23.0955
eta,q 0.96972 10.26089
  0.0309  0.0308  0.0305  0.0308  0.0307  0.0309  0.0308  0.0311  0.0307  0.0308  0.0304  0.0305
  0.0306  0.0305  0.0304  0.0305  0.0305  0.0306  0.0305  0.0307  0.0305  0.0305  0.0303  0.0304
  0.0304  0.0303  0.0303  0.0303  0.0303  0.0304  0.0303  0.0304  0.0303  0.0303  0.0303  0.0303
  0.0303  0.0303  0.0303  0.0303  0.0303  0.0303  0.0303  0.0303  0.0303  0.0303  0.0303  0.0303
  0.0304  0.0303  0.0303  0.0303  0.0303  0.0304  0.0303  0.0304  0.0303  0.0303  0.0303  0.0303
  0.0306  0.0305  0.0304  0.0305  0.0305  0.0306  0.0305  0.0306  0.0305  0.0305  0.0303  0.0304
  0.0309  0.0308  0.0306  0.0308  0.0307  0.0310  0.0308  0.0311  0.0307  0.0308  0.0304  0.0305
niter,ni,del,rscale     1    3    5.0000    0.4000
parameters
   -0.4220  -10.0363   12.6993   -4.5016  -14.0610   -3.9174
    5.0838    1.3143   -4.4483   19.6077   -2.3237  -23.2073
eta,q 0.96972 10.25947
  0.0307  0.0306  0.0304  0.0306  0.0306  0.0307  0.0306  0.0308  0.0306  0.0306  0.0304  0.0304
  0.0305  0.0304  0.0303  0.0304  0.0304  0.0305  0.0304  0.0305  0.0304  0.0304  0.0303  0.0303
  0.0303  0.0303  0.0303  0.0303  0.0303  0.0303  0.0303  0.0303  0.0303  0.0303  0.0303  0.0303
  0.0303  0.0303  0.0303  0.0303  0.0303  0.0303  0.0303  0.0303  0.0303  0.0303  0.0303  0.0303
  0.0303  0.0303  0.0303  0.0303  0.0303  0.0303  0.0303  0.0303  0.0303  0.0303  0.0303  0.0303
  0.0305  0.0304  0.0304  0.0304  0.0304  0.0305  0.0304  0.0305  0.0304  0.0304  0.0303  0.0304
  0.0307  0.0306  0.0305  0.0306  0.0306  0.0308  0.0306  0.0308  0.0305  0.0306  0.0304  0.0304
registration optimization eta report
parameter search radius
    0.8000    0.8000    0.8000    2.4000    2.4000    2.4000
    2.4000    2.4000    2.4000    2.4000    2.4000    2.4000
100000*second partial in parameter space
       63.       47.       25.        6.        5.        8.
        6.        9.        5.        6.        1.        3.
  0.0307  0.0306  0.0304  0.0306  0.0306  0.0307  0.0306  0.0308  0.0306  0.0306  0.0304  0.0304
  0.0305  0.0304  0.0303  0.0304  0.0304  0.0305  0.0304  0.0305  0.0304  0.0304  0.0303  0.0303
  0.0303  0.0303  0.0303  0.0303  0.0303  0.0303  0.0303  0.0303  0.0303  0.0303  0.0303  0.0303
  0.0303  0.0303  0.0303  0.0303  0.0303  0.0303  0.0303  0.0303  0.0303  0.0303  0.0303  0.0303
  0.0303  0.0303  0.0303  0.0303  0.0303  0.0303  0.0303  0.0303  0.0303  0.0303  0.0303  0.0303
  0.0305  0.0304  0.0304  0.0304  0.0304  0.0305  0.0304  0.0305  0.0304  0.0304  0.0303  0.0304
  0.0307  0.0306  0.0305  0.0306  0.0306  0.0308  0.0306  0.0308  0.0305  0.0306  0.0304  0.0304
   -0.4220  -10.0363   12.6993   -4.5016  -14.0610   -3.9174
    5.0838    1.3143   -4.4483   19.6077   -2.3237  -23.2073
eta,q 0.96972 10.25947

---------------------------------------------------------------------
imgreg_4dfp /opt/freesurfer/average/711-2C_as_mni_average_305 /opt/freesurfer/average/711-2B_as_mni_average_305_mask talsrcimg_g11 none talsrcimg_to_711-2C_as_mni_average_305_t4 2311
---------------------------------------------------------------------

freesurfer imgreg_4dfp.c
/opt/freesurfer/average/711-2C_as_mni_average_305.4dfp.img
       256       256       256         1
  1.000000  1.000000  1.000000
orientation T byte_order littleendian
Reading image: /opt/freesurfer/average/711-2C_as_mni_average_305.4dfp.img
dimensions:      256       256       256
mmppix:       1.0000   -1.0000   -1.0000
center:     128.0000 -129.0000 -129.0000
/opt/freesurfer/average/711-2B_as_mni_average_305_mask.4dfp.img
       256       256       256         1
  1.000000  1.000000  1.000000
orientation T byte_order littleendian
Reading mask: /opt/freesurfer/average/711-2B_as_mni_average_305_mask.4dfp.img (2306576 pixels)
talsrcimg_g11.4dfp.img
       256       256       256         1
  0.898438  0.898438  0.898438
orientation T byte_order littleendian
Reading image: talsrcimg_g11.4dfp.img
dimensions:      256       256       256
mmppix:       0.8984   -0.8984   -0.8984
center:     115.0001 -115.8985 -115.8985
fimgreg.f
image alignment mode   2311 decimal      907 hex
parameters
   -0.4220  -10.0363   12.6993   -4.5016  -14.0610   -3.9174
    5.0838    1.3143   -4.4483   19.6077   -2.3237  -23.2073
eta,q 0.96972 10.25947
niter,ni,del,rscale     5    3    5.0000    0.8000
parameters
   -0.4266  -10.0069   12.7096   -4.4413  -14.1095   -3.8421
    5.1116    1.3011   -4.4890   19.7589   -2.2274  -23.1159
eta,q 0.96972 10.26509
  0.0319  0.0315  0.0310  0.0315  0.0314  0.0319  0.0317  0.0324  0.0313  0.0317  0.0307  0.0310
  0.0310  0.0308  0.0306  0.0308  0.0308  0.0311  0.0309  0.0312  0.0307  0.0309  0.0304  0.0306
  0.0305  0.0304  0.0303  0.0304  0.0304  0.0305  0.0304  0.0305  0.0304  0.0304  0.0303  0.0303
  0.0303  0.0303  0.0303  0.0303  0.0303  0.0303  0.0303  0.0303  0.0303  0.0303  0.0303  0.0303
  0.0305  0.0304  0.0304  0.0304  0.0304  0.0305  0.0304  0.0305  0.0304  0.0304  0.0303  0.0304
  0.0310  0.0308  0.0306  0.0308  0.0308  0.0311  0.0309  0.0313  0.0308  0.0308  0.0304  0.0306
  0.0319  0.0314  0.0309  0.0314  0.0314  0.0317  0.0317  0.0325  0.0313  0.0315  0.0306  0.0309
niter,ni,del,rscale     4    3    5.0000    0.7000
parameters
   -0.4277   -9.9947   12.7264   -4.4796  -14.1118   -3.8342
    5.1179    1.2909   -4.4776   19.7303   -2.2565  -23.1024
eta,q 0.96972 10.26262
  0.0315  0.0312  0.0308  0.0312  0.0311  0.0315  0.0314  0.0319  0.0311  0.0313  0.0306  0.0308
  0.0308  0.0307  0.0305  0.0307  0.0307  0.0309  0.0308  0.0310  0.0306  0.0307  0.0304  0.0305
  0.0304  0.0304  0.0303  0.0304  0.0304  0.0304  0.0304  0.0305  0.0304  0.0304  0.0303  0.0303
  0.0303  0.0303  0.0303  0.0303  0.0303  0.0303  0.0303  0.0303  0.0303  0.0303  0.0303  0.0303
  0.0304  0.0304  0.0303  0.0304  0.0304  0.0305  0.0304  0.0305  0.0304  0.0304  0.0303  0.0303
  0.0308  0.0307  0.0305  0.0307  0.0307  0.0309  0.0308  0.0310  0.0306  0.0308  0.0304  0.0305
  0.0315  0.0312  0.0308  0.0312  0.0311  0.0315  0.0314  0.0320  0.0311  0.0313  0.0306  0.0308
niter,ni,del,rscale     3    3    5.0000    0.6000
parameters
   -0.4275  -10.0051   12.7214   -4.4912  -14.1045   -3.8635
    5.1086    1.2949   -4.4600   19.6951   -2.3010  -23.1326
eta,q 0.96971 10.26070
  0.0312  0.0310  0.0307  0.0310  0.0309  0.0312  0.0311  0.0315  0.0309  0.0310  0.0305  0.0306
  0.0307  0.0306  0.0304  0.0306  0.0306  0.0307  0.0306  0.0308  0.0306  0.0306  0.0304  0.0304
  0.0304  0.0303  0.0303  0.0304  0.0304  0.0304  0.0304  0.0304  0.0304  0.0304  0.0303  0.0303
  0.0303  0.0303  0.0303  0.0303  0.0303  0.0303  0.0303  0.0303  0.0303  0.0303  0.0303  0.0303
  0.0304  0.0304  0.0303  0.0304  0.0304  0.0304  0.0304  0.0304  0.0303  0.0304  0.0303  0.0303
  0.0307  0.0306  0.0305  0.0306  0.0306  0.0308  0.0306  0.0308  0.0305  0.0306  0.0304  0.0304
  0.0312  0.0310  0.0307  0.0310  0.0309  0.0312  0.0311  0.0315  0.0309  0.0310  0.0305  0.0306
niter,ni,del,rscale     2    3    5.0000    0.5000
parameters
   -0.4283  -10.0160   12.6972   -4.4951  -14.0931   -3.9145
    5.0962    1.3056   -4.4569   19.6627   -2.3032  -23.1879
eta,q 0.96972 10.25874
  0.0309  0.0307  0.0305  0.0308  0.0307  0.0310  0.0308  0.0311  0.0307  0.0308  0.0304  0.0305
  0.0306  0.0305  0.0304  0.0305  0.0305  0.0306  0.0305  0.0307  0.0305  0.0305  0.0303  0.0304
  0.0303  0.0303  0.0303  0.0303  0.0303  0.0304  0.0303  0.0304  0.0303  0.0303  0.0303  0.0303
  0.0303  0.0303  0.0303  0.0303  0.0303  0.0303  0.0303  0.0303  0.0303  0.0303  0.0303  0.0303
  0.0303  0.0303  0.0303  0.0303  0.0303  0.0304  0.0303  0.0304  0.0303  0.0303  0.0303  0.0303
  0.0306  0.0305  0.0304  0.0305  0.0305  0.0306  0.0305  0.0306  0.0305  0.0305  0.0303  0.0304
  0.0309  0.0308  0.0306  0.0308  0.0307  0.0310  0.0308  0.0311  0.0307  0.0308  0.0304  0.0305
niter,ni,del,rscale     1    3    5.0000    0.4000
parameters
   -0.4297  -10.0257   12.6670   -4.4931  -14.0908   -3.9614
    5.0755    1.3146   -4.4421   19.6484   -2.3800  -23.2663
eta,q 0.96972 10.25739
  0.0307  0.0306  0.0304  0.0306  0.0306  0.0307  0.0306  0.0308  0.0306  0.0306  0.0304  0.0304
  0.0305  0.0304  0.0303  0.0304  0.0304  0.0305  0.0304  0.0305  0.0304  0.0304  0.0303  0.0303
  0.0303  0.0303  0.0303  0.0303  0.0303  0.0303  0.0303  0.0303  0.0303  0.0303  0.0303  0.0303
  0.0303  0.0303  0.0303  0.0303  0.0303  0.0303  0.0303  0.0303  0.0303  0.0303  0.0303  0.0303
  0.0303  0.0303  0.0303  0.0303  0.0303  0.0303  0.0303  0.0303  0.0303  0.0303  0.0303  0.0303
  0.0305  0.0304  0.0304  0.0304  0.0304  0.0305  0.0304  0.0305  0.0304  0.0304  0.0303  0.0304
  0.0307  0.0306  0.0305  0.0306  0.0306  0.0308  0.0306  0.0308  0.0305  0.0306  0.0304  0.0304
registration optimization eta report
parameter search radius
    0.8000    0.8000    0.8000    2.4000    2.4000    2.4000
    2.4000    2.4000    2.4000    2.4000    2.4000    2.4000
100000*second partial in parameter space
       63.       47.       26.        6.        5.        8.
        6.        9.        5.        6.        2.        3.
  0.0307  0.0306  0.0304  0.0306  0.0306  0.0307  0.0306  0.0308  0.0306  0.0306  0.0304  0.0304
  0.0305  0.0304  0.0303  0.0304  0.0304  0.0305  0.0304  0.0305  0.0304  0.0304  0.0303  0.0303
  0.0303  0.0303  0.0303  0.0303  0.0303  0.0303  0.0303  0.0303  0.0303  0.0303  0.0303  0.0303
  0.0303  0.0303  0.0303  0.0303  0.0303  0.0303  0.0303  0.0303  0.0303  0.0303  0.0303  0.0303
  0.0303  0.0303  0.0303  0.0303  0.0303  0.0303  0.0303  0.0303  0.0303  0.0303  0.0303  0.0303
  0.0305  0.0304  0.0304  0.0304  0.0304  0.0305  0.0304  0.0305  0.0304  0.0304  0.0303  0.0304
  0.0307  0.0306  0.0305  0.0306  0.0306  0.0308  0.0306  0.0308  0.0305  0.0306  0.0304  0.0304
   -0.4297  -10.0257   12.6670   -4.4931  -14.0908   -3.9614
    5.0755    1.3146   -4.4421   19.6484   -2.3800  -23.2663
eta,q 0.96972 10.25739

---------------------------------------------------------------------
compute_vox2vox talsrcimg talsrcimg_to_711-2C_as_mni_average_305_t4 /opt/freesurfer/average/711-2C_as_mni_average_305
---------------------------------------------------------------------

freesurfer compute_vox2vox.c
Reading: talsrcimg.4dfp.ifh
Reading: talsrcimg_to_711-2C_as_mni_average_305_t4
Reading: /opt/freesurfer/average/711-2C_as_mni_average_305.4dfp.ifh
Writing: talsrcimg_to_711-2C_as_mni_average_305_t4_vox2vox.txt

start time Wed Mar 11 04:15:04 CET 2026
end		time Wed Mar 11 04:16:30 CET 2026

mpr2mni305 success

avi2talxfm orig_nu.mgz /opt/freesurfer/average/mni305.cor.mgz talsrcimg_to_711-2C_as_mni_average_305_t4_vox2vox.txt transforms/talairach.auto.xfm
avi2talxfm done
mv -f /out/sourcedata/freesurfer/sub-v2s13x29117_ses-1/mri/talsrcimg_to_711-2C_as_mni_average_305_t4_vox2vox.txt /out/sourcedata/freesurfer/sub-v2s13x29117_ses-1/mri/transforms/talsrcimg_to_711-2C_as_mni_average_305_t4_vox2vox.txt
lta_convert --src orig_nu.mgz --trg /opt/freesurfer/average/mni305.cor.mgz --inxfm transforms/talairach.auto.xfm --outlta transforms/talairach.auto.xfm.lta --subject fsaverage
7.3.2

--src: orig_nu.mgz src image (geometry).
--trg: /opt/freesurfer/average/mni305.cor.mgz trg image (geometry).
--inmni: transforms/talairach.auto.xfm input MNI/XFM transform.
--outlta: transforms/talairach.auto.xfm.lta output LTA.
--s: fsaverage subject name
 LTA read, type : 1
 1.04411  -0.00158  -0.06211   0.46827;
 0.03691   0.98652   0.26500  -18.25486;
 0.04555  -0.22571   1.10020   3.39972;
 0.00000   0.00000   0.00000   1.00000;
setting subject to fsaverage
Writing  LTA to file transforms/talairach.auto.xfm.lta...
lta_convert successful.
 
 
Started at Wed Mar 11 04:15:04 CET 2026
Ended   at Wed Mar 11 04:16:30 CET 2026
talairach_avi done
