/out/sourcedata/freesurfer/sub-v2s13x29128_ses-1/mri
/opt/freesurfer/bin/talairach_avi
--i orig_nu.mgz --xfm transforms/talairach.auto.xfm
talairach_avi 7.3.2
Linux dna038 5.14.0-427.37.1.el9_4.x86_64 #1 SMP PREEMPT_DYNAMIC Fri Sep 13 12:41:50 EDT 2024 x86_64 x86_64 x86_64 GNU/Linux
Wed Mar 11 04:54:17 CET 2026
mri_convert orig_nu.mgz talsrcimg.img 
reading from orig_nu.mgz...
TR=0.00, TE=0.00, TI=0.00, flip angle=0.00
i_ras = (-1, 4.2112e-10, 0)
j_ras = (0, 0, -1)
k_ras = (8.09846e-11, 1, 1.65856e-08)
writing to talsrcimg.img...
Analyze Output Matrix
-0.89844   0.00000   0.00000   117.79684;
 0.00000   0.00000   0.89844  -119.47193;
 0.00000  -0.89844   0.00000   130.96173;
 0.00000   0.00000   0.00000   1.00000;
--------------------
INFO: set hdr.hist.orient to -1
mpr2mni305 talsrcimg
Wed Mar 11 04:54:18 CET 2026
/opt/freesurfer/bin/mpr2mni305 talsrcimg
mpr2mni305 7.3.2
target=711-2C_as_mni_average_305

---------------------------------------------------------------------
analyzeto4dfp talsrcimg -O0 -y
---------------------------------------------------------------------

freesurfer ifh2hdr.c
Wed Mar 11 04:54:18 2026
Writing: talsrcimg.4dfp.hdr
freesurfer analyzeto4dfp.c
Reading: talsrcimg.hdr
header size 348 bytes
hdr.dime.datatype	offset=70	value=2
hdr.dime.bitpix		offset=72	value=8
hdr.hist.orient		offset=252	value=-1
dimensionality     4
dimensions       256       256       256         1
Reading: talsrcimg.img
Writing: talsrcimg.4dfp.img
Writing: talsrcimg.4dfp.ifh
ifh2hdr talsrcimg -r0to250
ori=2

---------------------------------------------------------------------
gauss_4dfp talsrcimg 1.1
---------------------------------------------------------------------

freesurfer gauss_4dfp.c
Reading: talsrcimg.4dfp.img
Writing: talsrcimg_g11.4dfp.img
image dimensions 256 256 256 padded to 288 288 288
processing volume 1freesurfer ifh2hdr.c
Wed Mar 11 04:54:20 2026
Writing: talsrcimg_g11.4dfp.hdr

Writing: talsrcimg_g11.4dfp.ifh
including: talsrcimg.4dfp.img.rec in talsrcimg_g11.4dfp.img.rec

---------------------------------------------------------------------
imgreg_4dfp /opt/freesurfer/average/711-2C_as_mni_average_305 none talsrcimg_g11 none talsrcimg_to_711-2C_as_mni_average_305_t4 4355
---------------------------------------------------------------------

freesurfer imgreg_4dfp.c
/opt/freesurfer/average/711-2C_as_mni_average_305.4dfp.img
       256       256       256         1
  1.000000  1.000000  1.000000
orientation T byte_order littleendian
Reading image: /opt/freesurfer/average/711-2C_as_mni_average_305.4dfp.img
dimensions:      256       256       256
mmppix:       1.0000   -1.0000   -1.0000
center:     128.0000 -129.0000 -129.0000
talsrcimg_g11.4dfp.img
       256       256       256         1
  0.898437  0.898437  0.898437
orientation T byte_order littleendian
Reading image: talsrcimg_g11.4dfp.img
dimensions:      256       256       256
mmppix:       0.8984   -0.8984   -0.8984
center:     114.9999 -115.8984 -115.8984
t4_read: open error in t4_sub.f l:  41 t4_file(1:l)talsrcimg_to_711-2C_as_mni_average_305_t4 
t4_read: transform initialized to I4
rotation matrix determinant  1.000000
image alignment mode   4355 decimal     1103 hex
   -7.5000  -45.0000  -45.0000 6200.0664   17.1160
    0.0000  -45.0000  -45.0000 6254.0215   17.1416
    7.5000  -45.0000  -45.0000 5945.2339   17.1211
   -7.5000  -37.5000  -45.0000 6559.7705   18.1540
    0.0000  -37.5000  -45.0000 6629.8364   18.2012
    7.5000  -37.5000  -45.0000 6291.5742   18.1796
   -7.5000  -30.0000  -45.0000 6971.3408   18.6969
    0.0000  -30.0000  -45.0000 7045.0264   18.7545
    7.5000  -30.0000  -45.0000 6664.8179   18.7312
   -7.5000  -22.5000  -45.0000 7457.9780   18.7007
    0.0000  -22.5000  -45.0000 7542.0811   18.7484
    7.5000  -22.5000  -45.0000 7130.5864   18.7236
   -7.5000  -15.0000  -45.0000 7924.1411   18.7368
    0.0000  -15.0000  -45.0000 8006.3057   18.7645
    7.5000  -15.0000  -45.0000 7587.3960   18.7390
   -7.5000   -7.5000  -45.0000 8014.4668   18.7650
    0.0000   -7.5000  -45.0000 8081.5156   18.7827
    7.5000   -7.5000  -45.0000 7655.2769   18.7586
   -7.5000    0.0000  -45.0000 8025.2363   18.7615
    0.0000    0.0000  -45.0000 8086.5576   18.7895
    7.5000    0.0000  -45.0000 7653.5425   18.7671
   -7.5000    7.5000  -45.0000 7656.3975   18.7263
    0.0000    7.5000  -45.0000 7715.4868   18.7750
    7.5000    7.5000  -45.0000 7306.3774   18.7528
   -7.5000   15.0000  -45.0000 7458.8418   18.6969
    0.0000   15.0000  -45.0000 7513.2622   18.7545
    7.5000   15.0000  -45.0000 7121.1118   18.7312
   -7.5000   22.5000  -45.0000 6862.1768   18.4498
    0.0000   22.5000  -45.0000 6920.2744   18.4967
    7.5000   22.5000  -45.0000 6550.8784   18.4724
   -7.5000   30.0000  -45.0000 6302.8330   18.0749
    0.0000   30.0000  -45.0000 6373.4292   18.1008
    7.5000   30.0000  -45.0000 6000.5474   18.0753
   -7.5000   37.5000  -45.0000 5806.7275   17.7820
    0.0000   37.5000  -45.0000 5871.6729   17.7985
    7.5000   37.5000  -45.0000 5517.8594   17.7730
   -7.5000   45.0000  -45.0000 5285.7202   17.6481
    0.0000   45.0000  -45.0000 5331.5322   17.6733
    7.5000   45.0000  -45.0000 5002.7695   17.6504
   -7.5000  -45.0000  -37.5000 6792.4277   17.9488
    0.0000  -45.0000  -37.5000 6855.7295   17.9769
    7.5000  -45.0000  -37.5000 6502.2573   17.9609
   -7.5000  -37.5000  -37.5000 7189.5850   19.0408
    0.0000  -37.5000  -37.5000 7256.0093   19.0903
    7.5000  -37.5000  -37.5000 6872.4966   19.0748
   -7.5000  -30.0000  -37.5000 7608.2485   19.5810
    0.0000  -30.0000  -37.5000 7712.8765   19.6434
    7.5000  -30.0000  -37.5000 7279.8936   19.6276
   -7.5000  -22.5000  -37.5000 8104.2842   19.5958
    0.0000  -22.5000  -37.5000 8222.1006   19.6511
    7.5000  -22.5000  -37.5000 7765.5068   19.6340
   -7.5000  -15.0000  -37.5000 8612.8975   19.6396
    0.0000  -15.0000  -37.5000 8708.8750   19.6751
    7.5000  -15.0000  -37.5000 8240.7061   19.6558
   -7.5000   -7.5000  -37.5000 8697.0996   19.6636
    0.0000   -7.5000  -37.5000 8782.0967   19.6869
    7.5000   -7.5000  -37.5000 8312.7275   19.6676
   -7.5000    0.0000  -37.5000 8698.4600   19.6493
    0.0000    0.0000  -37.5000 8782.4951   19.6801
    7.5000    0.0000  -37.5000 8315.8193   19.6626
   -7.5000    7.5000  -37.5000 8311.6924   19.6065
    0.0000    7.5000  -37.5000 8382.3633   19.6575
    7.5000    7.5000  -37.5000 7932.1694   19.6415
   -7.5000   15.0000  -37.5000 8060.1836   19.5801
    0.0000   15.0000  -37.5000 8126.5220   19.6425
    7.5000   15.0000  -37.5000 7698.3076   19.6266
   -7.5000   22.5000  -37.5000 7391.9888   19.3343
    0.0000   22.5000  -37.5000 7457.9834   19.3889
    7.5000   22.5000  -37.5000 7065.4658   19.3720
   -7.5000   30.0000  -37.5000 6775.8657   18.9561
    0.0000   30.0000  -37.5000 6831.7495   18.9909
    7.5000   30.0000  -37.5000 6449.5728   18.9724
   -7.5000   37.5000  -37.5000 6232.1479   18.6479
    0.0000   37.5000  -37.5000 6276.8125   18.6694
    7.5000   37.5000  -37.5000 5926.3228   18.6473
   -7.5000   45.0000  -37.5000 5659.7114   18.4681
    0.0000   45.0000  -37.5000 5698.4668   18.4939
    7.5000   45.0000  -37.5000 5356.3052   18.4758
   -7.5000  -45.0000  -30.0000 7379.6113   18.7770
    0.0000  -45.0000  -30.0000 7449.9639   18.8036
    7.5000  -45.0000  -30.0000 7067.5361   18.7840
   -7.5000  -37.5000  -30.0000 7808.4180   19.9312
    0.0000  -37.5000  -30.0000 7884.3999   19.9774
    7.5000  -37.5000  -30.0000 7471.0562   19.9580
   -7.5000  -30.0000  -30.0000 8266.7520   20.4732
    0.0000  -30.0000  -30.0000 8368.6045   20.5328
    7.5000  -30.0000  -30.0000 7899.8965   20.5136
   -7.5000  -22.5000  -30.0000 8806.0664   20.4911
    0.0000  -22.5000  -30.0000 8914.3955   20.5455
    7.5000  -22.5000  -30.0000 8425.4170   20.5253
   -7.5000  -15.0000  -30.0000 9333.3672   20.5322
    0.0000  -15.0000  -30.0000 9434.9355   20.5684
    7.5000  -15.0000  -30.0000 8921.6602   20.5457
   -7.5000   -7.5000  -30.0000 9419.4727   20.5510
    0.0000   -7.5000  -30.0000 9515.9814   20.5751
    7.5000   -7.5000  -30.0000 9004.8877   20.5522
   -7.5000    0.0000  -30.0000 9398.1934   20.5346
    0.0000    0.0000  -30.0000 9471.7891   20.5638
    7.5000    0.0000  -30.0000 8968.2480   20.5423
   -7.5000    7.5000  -30.0000 8962.6016   20.4924
    0.0000    7.5000  -30.0000 9015.9688   20.5399
    7.5000    7.5000  -30.0000 8548.4775   20.5199
   -7.5000   15.0000  -30.0000 8695.2510   20.4703
    0.0000   15.0000  -30.0000 8743.8408   20.5300
    7.5000   15.0000  -30.0000 8306.0508   20.5108
   -7.5000   22.5000  -30.0000 7938.2368   20.2185
    0.0000   22.5000  -30.0000 7993.6782   20.2723
    7.5000   22.5000  -30.0000 7585.2026   20.2523
   -7.5000   30.0000  -30.0000 7241.9004   19.8289
    0.0000   30.0000  -30.0000 7307.4106   19.8653
    7.5000   30.0000  -30.0000 6911.8716   19.8444
   -7.5000   37.5000  -30.0000 6633.1729   19.5147
    0.0000   37.5000  -30.0000 6684.0566   19.5366
    7.5000   37.5000  -30.0000 6321.4321   19.5103
   -7.5000   45.0000  -30.0000 6008.2173   19.3248
    0.0000   45.0000  -30.0000 6048.3579   19.3476
    7.5000   45.0000  -30.0000 5708.9956   19.3268
   -7.5000  -45.0000  -22.5000 7970.2646   19.5915
    0.0000  -45.0000  -22.5000 8028.6982   19.6122
    7.5000  -45.0000  -22.5000 7618.3438   19.5839
   -7.5000  -37.5000  -22.5000 8432.9541   20.8149
    0.0000  -37.5000  -22.5000 8494.6885   20.8536
    7.5000  -37.5000  -22.5000 8050.1968   20.8240
   -7.5000  -30.0000  -22.5000 8914.3994   21.3585
    0.0000  -30.0000  -22.5000 9000.9082   21.4096
    7.5000  -30.0000  -22.5000 8512.5586   21.3800
   -7.5000  -22.5000  -22.5000 9505.2793   21.3716
    0.0000  -22.5000  -22.5000 9598.0322   21.4169
    7.5000  -22.5000  -22.5000 9087.7656   21.3869
   -7.5000  -15.0000  -22.500010050.8076   21.4055
    0.0000  -15.0000  -22.500010171.6719   21.4336
    7.5000  -15.0000  -22.5000 9615.1738   21.4020
   -7.5000   -7.5000  -22.500010113.7725   21.4239
    0.0000   -7.5000  -22.500010225.7715   21.4413
    7.5000   -7.5000  -22.5000 9690.7705   21.4097
   -7.5000    0.0000  -22.500010055.3477   21.4130
    0.0000    0.0000  -22.500010146.6260   21.4357
    7.5000    0.0000  -22.5000 9630.0635   21.4047
   -7.5000    7.5000  -22.5000 9568.2197   21.3742
    0.0000    7.5000  -22.5000 9634.8887   21.4141
    7.5000    7.5000  -22.5000 9155.8311   21.3837
   -7.5000   15.0000  -22.5000 9304.6641   21.3534
    0.0000   15.0000  -22.5000 9352.2383   21.4045
    7.5000   15.0000  -22.5000 8893.9570   21.3749
   -7.5000   22.5000  -22.5000 8474.5391   21.0894
    0.0000   22.5000  -22.5000 8522.5654   21.1341
    7.5000   22.5000  -22.5000 8103.2905   21.1045
   -7.5000   30.0000  -22.5000 7722.7905   20.6869
    0.0000   30.0000  -22.5000 7758.7646   20.7153
    7.5000   30.0000  -22.5000 7366.2412   20.6854
   -7.5000   37.5000  -22.5000 7033.5444   20.3691
    0.0000   37.5000  -22.5000 7091.9595   20.3844
    7.5000   37.5000  -22.5000 6707.6865   20.3504
   -7.5000   45.0000  -22.5000 6357.4106   20.2058
    0.0000   45.0000  -22.5000 6401.2637   20.2228
    7.5000   45.0000  -22.5000 6050.2695   20.1941
   -7.5000  -45.0000  -15.0000 8522.0674   20.2798
    0.0000  -45.0000  -15.0000 8592.2461   20.2959
    7.5000  -45.0000  -15.0000 8144.7695   20.2607
   -7.5000  -37.5000  -15.0000 9005.9023   21.5484
    0.0000  -37.5000  -15.0000 9106.5479   21.5849
    7.5000  -37.5000  -15.0000 8602.8193   21.5474
   -7.5000  -30.0000  -15.0000 9541.1621   22.0893
    0.0000  -30.0000  -15.0000 9630.0283   22.1369
    7.5000  -30.0000  -15.0000 9097.1865   22.0986
   -7.5000  -22.5000  -15.000010163.6992   22.0954
    0.0000  -22.5000  -15.000010258.4561   22.1342
    7.5000  -22.5000  -15.0000 9679.6240   22.0949
   -7.5000  -15.0000  -15.000010729.9863   22.1257
    0.0000  -15.0000  -15.000010865.1162   22.1447
    7.5000  -15.0000  -15.000010248.9072   22.1045
   -7.5000   -7.5000  -15.000010793.5586   22.1479
    0.0000   -7.5000  -15.000010924.2529   22.1570
    7.5000   -7.5000  -15.000010314.9336   22.1178
   -7.5000    0.0000  -15.000010699.7812   22.1437
    0.0000    0.0000  -15.000010833.6074   22.1614
    7.5000    0.0000  -15.000010229.9434   22.1230
   -7.5000    7.5000  -15.000010132.9102   22.1060
    0.0000    7.5000  -15.000010237.7285   22.1434
    7.5000    7.5000  -15.0000 9680.8916   22.1050
   -7.5000   15.0000  -15.0000 9841.0986   22.0825
    0.0000   15.0000  -15.0000 9901.4082   22.1301
    7.5000   15.0000  -15.0000 9389.8184   22.0918
   -7.5000   22.5000  -15.0000 8957.4746   21.8072
    0.0000   22.5000  -15.0000 9005.4893   21.8454
    7.5000   22.5000  -15.0000 8541.5566   21.8067
   -7.5000   30.0000  -15.0000 8175.6230   21.4012
    0.0000   30.0000  -15.0000 8206.0742   21.4195
    7.5000   30.0000  -15.0000 7785.7134   21.3801
   -7.5000   37.5000  -15.0000 7441.0195   21.0868
    0.0000   37.5000  -15.0000 7483.1934   21.0946
    7.5000   37.5000  -15.0000 7090.4312   21.0543
   -7.5000   45.0000  -15.0000 6696.6646   20.9539
    0.0000   45.0000  -15.0000 6735.9907   20.9679
    7.5000   45.0000  -15.0000 6377.3877   20.9317
   -7.5000  -45.0000   -7.5000 8789.1221   20.2558
    0.0000  -45.0000   -7.5000 8865.1338   20.2756
    7.5000  -45.0000   -7.5000 8414.5967   20.2433
   -7.5000  -37.5000   -7.5000 9291.5703   21.5206
    0.0000  -37.5000   -7.5000 9408.9346   21.5639
    7.5000  -37.5000   -7.5000 8883.9521   21.5295
   -7.5000  -30.0000   -7.5000 9827.5469   22.0553
    0.0000  -30.0000   -7.5000 9961.1162   22.1094
    7.5000  -30.0000   -7.5000 9371.7021   22.0732
   -7.5000  -22.5000   -7.500010442.3936   22.0572
    0.0000  -22.5000   -7.500010583.8945   22.0994
    7.5000  -22.5000   -7.5000 9937.0586   22.0616
   -7.5000  -15.0000   -7.500011024.8535   22.0900
    0.0000  -15.0000   -7.500011191.2178   22.1099
    7.5000  -15.0000   -7.500010503.9355   22.0713
   -7.5000   -7.5000   -7.500011102.3828   22.1183
    0.0000   -7.5000   -7.500011274.6533   22.1280
    7.5000   -7.5000   -7.500010587.1865   22.0912
   -7.5000    0.0000   -7.500010989.0518   22.1176
    0.0000    0.0000   -7.500011147.5020   22.1392
    7.5000    0.0000   -7.500010491.0176   22.1040
   -7.5000    7.5000   -7.500010365.0752   22.0775
    0.0000    7.5000   -7.500010506.5938   22.1219
    7.5000    7.5000   -7.5000 9892.9238   22.0866
   -7.5000   15.0000   -7.500010077.5557   22.0485
    0.0000   15.0000   -7.500010160.0879   22.1025
    7.5000   15.0000   -7.5000 9591.8896   22.0663
   -7.5000   22.5000   -7.5000 9175.3818   21.7694
    0.0000   22.5000   -7.5000 9234.5488   21.8111
    7.5000   22.5000   -7.5000 8726.9287   21.7738
   -7.5000   30.0000   -7.5000 8349.4639   21.3697
    0.0000   30.0000   -7.5000 8408.2812   21.3878
    7.5000   30.0000   -7.5000 7951.6318   21.3491
   -7.5000   37.5000   -7.5000 7606.0913   21.0610
    0.0000   37.5000   -7.5000 7668.5195   21.0697
    7.5000   37.5000   -7.5000 7259.4336   21.0322
   -7.5000   45.0000   -7.5000 6831.9438   20.9297
    0.0000   45.0000   -7.5000 6884.5020   20.9488
    7.5000   45.0000   -7.5000 6504.9536   20.9142
   -7.5000  -45.0000    0.0000 8925.1777   20.7472
    0.0000  -45.0000    0.0000 9003.2090   20.7756
    7.5000  -45.0000    0.0000 8518.1689   20.7508
   -7.5000  -37.5000    0.0000 9421.7314   22.0260
    0.0000  -37.5000    0.0000 9554.9795   22.0800
    7.5000  -37.5000    0.0000 9003.3408   22.0542
   -7.5000  -30.0000    0.0000 9962.6338   22.5547
    0.0000  -30.0000    0.000010126.1641   22.6209
    7.5000  -30.0000    0.0000 9529.7070   22.5932
   -7.5000  -22.5000    0.000010611.6826   22.5608
    0.0000  -22.5000    0.000010782.0986   22.6153
    7.5000  -22.5000    0.000010117.8291   22.5857
   -7.5000  -15.0000    0.000011185.2373   22.6045
    0.0000  -15.0000    0.000011377.1445   22.6353
    7.5000  -15.0000    0.000010661.3125   22.6044
   -7.5000   -7.5000    0.000011233.8428   22.6374
    0.0000   -7.5000    0.000011437.4727   22.6563
    7.5000   -7.5000    0.000010709.3447   22.6269
   -7.5000    0.0000    0.000011081.3486   22.6318
    0.0000    0.0000    0.000011259.0664   22.6629
    7.5000    0.0000    0.000010561.5859   22.6357
   -7.5000    7.5000    0.000010440.5654   22.5811
    0.0000    7.5000    0.000010595.9697   22.6365
    7.5000    7.5000    0.0000 9944.6719   22.6099
   -7.5000   15.0000    0.000010135.8604   22.5468
    0.0000   15.0000    0.000010249.1436   22.6129
    7.5000   15.0000    0.0000 9643.6084   22.5852
   -7.5000   22.5000    0.0000 9232.8389   22.2696
    0.0000   22.5000    0.0000 9330.1299   22.3233
    7.5000   22.5000    0.0000 8790.4238   22.2941
   -7.5000   30.0000    0.0000 8416.1250   21.8814
    0.0000   30.0000    0.0000 8501.7959   21.9103
    7.5000   30.0000    0.0000 8002.4375   21.8793
   -7.5000   37.5000    0.0000 7657.2153   21.5861
    0.0000   37.5000    0.0000 7733.3286   21.6037
    7.5000   37.5000    0.0000 7285.8882   21.5725
   -7.5000   45.0000    0.0000 6855.9751   21.4498
    0.0000   45.0000    0.0000 6926.2720   21.4777
    7.5000   45.0000    0.0000 6518.5889   21.4498
   -7.5000  -45.0000    7.5000 8683.6406   20.7535
    0.0000  -45.0000    7.5000 8769.3965   20.7857
    7.5000  -45.0000    7.5000 8289.4893   20.7665
   -7.5000  -37.5000    7.5000 9156.4346   22.0274
    0.0000  -37.5000    7.5000 9278.9463   22.0842
    7.5000  -37.5000    7.5000 8756.2227   22.0655
   -7.5000  -30.0000    7.5000 9700.8652   22.5598
    0.0000  -30.0000    7.5000 9869.6992   22.6310
    7.5000  -30.0000    7.5000 9276.9199   22.6114
   -7.5000  -22.5000    7.500010389.7852   22.5766
    0.0000  -22.5000    7.500010622.6738   22.6393
    7.5000  -22.5000    7.5000 9927.3818   22.6180
   -7.5000  -15.0000    7.500011007.8936   22.6271
    0.0000  -15.0000    7.500011247.7812   22.6672
    7.5000  -15.0000    7.500010491.2246   22.6433
   -7.5000   -7.5000    7.500010990.7891   22.6550
    0.0000   -7.5000    7.500011199.7539   22.6814
    7.5000   -7.5000    7.500010475.5527   22.6579
   -7.5000    0.0000    7.500010800.7783   22.6388
    0.0000    0.0000    7.500010988.8750   22.6740
    7.5000    0.0000    7.500010298.2402   22.6529
   -7.5000    7.5000    7.500010133.1729   22.5825
    0.0000    7.5000    7.500010306.4150   22.6408
    7.5000    7.5000    7.5000 9661.5117   22.6215
   -7.5000   15.0000    7.5000 9815.2178   22.5518
    0.0000   15.0000    7.5000 9953.8965   22.6230
    7.5000   15.0000    7.5000 9329.7871   22.6034
   -7.5000   22.5000    7.5000 8937.9941   22.2850
    0.0000   22.5000    7.5000 9055.7969   22.3469
    7.5000   22.5000    7.5000 8508.0020   22.3259
   -7.5000   30.0000    7.5000 8149.6509   21.9007
    0.0000   30.0000    7.5000 8240.2051   21.9401
    7.5000   30.0000    7.5000 7761.6152   21.9171
   -7.5000   37.5000    7.5000 7423.2344   21.6060
    0.0000   37.5000    7.5000 7498.8418   21.6305
    7.5000   37.5000    7.5000 7059.8872   21.6038
   -7.5000   45.0000    7.5000 6632.1245   21.4498
    0.0000   45.0000    7.5000 6697.2700   21.4795
    7.5000   45.0000    7.5000 6304.5708   21.4576
   -7.5000  -45.0000   15.0000 8708.7510   20.7771
    0.0000  -45.0000   15.0000 8804.6367   20.8067
    7.5000  -45.0000   15.0000 8323.7139   20.7850
   -7.5000  -37.5000   15.0000 9150.6982   22.0571
    0.0000  -37.5000   15.0000 9249.8848   22.1082
    7.5000  -37.5000   15.0000 8765.3271   22.0869
   -7.5000  -30.0000   15.0000 9704.1807   22.5965
    0.0000  -30.0000   15.0000 9846.5957   22.6624
    7.5000  -30.0000   15.0000 9286.5830   22.6413
   -7.5000  -22.5000   15.000010459.1650   22.6161
    0.0000  -22.5000   15.000010706.7383   22.6763
    7.5000  -22.5000   15.0000 9978.3115   22.6542
   -7.5000  -15.0000   15.000011121.1992   22.6616
    0.0000  -15.0000   15.000011406.1992   22.7016
    7.5000  -15.0000   15.000010607.6133   22.6767
   -7.5000   -7.5000   15.000011073.5781   22.6825
    0.0000   -7.5000   15.000011307.7461   22.7091
    7.5000   -7.5000   15.000010584.6689   22.6840
   -7.5000    0.0000   15.000010873.6055   22.6645
    0.0000    0.0000   15.000011066.2666   22.6967
    7.5000    0.0000   15.000010384.1982   22.6731
   -7.5000    7.5000   15.000010164.2354   22.6129
    0.0000    7.5000   15.000010301.7959   22.6654
    7.5000    7.5000   15.0000 9691.3496   22.6435
   -7.5000   15.0000   15.0000 9802.4785   22.5885
    0.0000   15.0000   15.0000 9904.4834   22.6543
    7.5000   15.0000   15.0000 9336.3672   22.6333
   -7.5000   22.5000   15.0000 8948.1797   22.3240
    0.0000   22.5000   15.0000 9014.1367   22.3834
    7.5000   22.5000   15.0000 8501.6367   22.3616
   -7.5000   30.0000   15.0000 8134.7373   21.9311
    0.0000   30.0000   15.0000 8194.9502   21.9714
    7.5000   30.0000   15.0000 7749.5356   21.9485
   -7.5000   37.5000   15.0000 7394.0439   21.6303
    0.0000   37.5000   15.0000 7458.7466   21.6545
    7.5000   37.5000   15.0000 7033.4194   21.6256
   -7.5000   45.0000   15.0000 6584.5815   21.4740
    0.0000   45.0000   15.0000 6640.9844   21.4993
    7.5000   45.0000   15.0000 6271.6514   21.4764
   -7.5000  -45.0000   22.5000 8285.2529   20.8914
    0.0000  -45.0000   22.5000 8370.9941   20.9133
    7.5000  -45.0000   22.5000 7945.8457   20.8827
   -7.5000  -37.5000   22.5000 8699.9102   22.1856
    0.0000  -37.5000   22.5000 8774.0801   22.2270
    7.5000  -37.5000   22.5000 8343.6670   22.1949
   -7.5000  -30.0000   22.5000 9237.4688   22.7300
    0.0000  -30.0000   22.5000 9348.6016   22.7846
    7.5000  -30.0000   22.5000 8842.1816   22.7526
   -7.5000  -22.5000   22.5000 9918.1338   22.7439
    0.0000  -22.5000   22.500010111.5254   22.7922
    7.5000  -22.5000   22.5000 9481.5684   22.7598
   -7.5000  -15.0000   22.500010528.0742   22.7805
    0.0000  -15.0000   22.500010767.2227   22.8102
    7.5000  -15.0000   22.500010072.6963   22.7762
   -7.5000   -7.5000   22.500010546.8281   22.8005
    0.0000   -7.5000   22.500010776.1602   22.8188
    7.5000   -7.5000   22.500010104.5146   22.7848
   -7.5000    0.0000   22.500010413.6768   22.7890
    0.0000    0.0000   22.500010609.3027   22.8129
    7.5000    0.0000   22.5000 9965.1729   22.7796
   -7.5000    7.5000   22.5000 9686.5586   22.7447
    0.0000    7.5000   22.5000 9814.6172   22.7871
    7.5000    7.5000   22.5000 9272.6875   22.7542
   -7.5000   15.0000   22.5000 9290.1094   22.7220
    0.0000   15.0000   22.5000 9379.6514   22.7765
    7.5000   15.0000   22.5000 8875.5146   22.7445
   -7.5000   22.5000   22.5000 8483.0322   22.4502
    0.0000   22.5000   22.5000 8515.3477   22.4979
    7.5000   22.5000   22.5000 8066.7378   22.4659
   -7.5000   30.0000   22.5000 7699.4868   22.0460
    0.0000   30.0000   22.5000 7733.3369   22.0760
    7.5000   30.0000   22.5000 7321.6416   22.0439
   -7.5000   37.5000   22.5000 6979.0659   21.7390
    0.0000   37.5000   22.5000 7024.3164   21.7551
    7.5000   37.5000   22.5000 6647.5352   21.7184
   -7.5000   45.0000   22.5000 6220.8101   21.6031
    0.0000   45.0000   22.5000 6245.9380   21.6210
    7.5000   45.0000   22.5000 5919.1680   21.5899
   -7.5000  -45.0000   30.0000 7798.2974   20.9359
    0.0000  -45.0000   30.0000 7877.0669   20.9546
    7.5000  -45.0000   30.0000 7487.0693   20.9180
   -7.5000  -37.5000   30.0000 8227.2549   22.2459
    0.0000  -37.5000   30.0000 8277.8271   22.2855
    7.5000  -37.5000   30.0000 7898.8584   22.2467
   -7.5000  -30.0000   30.0000 8741.7725   22.7949
    0.0000  -30.0000   30.0000 8800.3779   22.8460
    7.5000  -30.0000   30.0000 8384.0283   22.8059
   -7.5000  -22.5000   30.0000 9345.7129   22.8031
    0.0000  -22.5000   30.0000 9431.2305   22.8450
    7.5000  -22.5000   30.0000 8960.6787   22.8035
   -7.5000  -15.0000   30.0000 9877.1465   22.8354
    0.0000  -15.0000   30.0000 9952.5869   22.8570
    7.5000  -15.0000   30.0000 9467.8135   22.8144
   -7.5000   -7.5000   30.0000 9922.1006   22.8575
    0.0000   -7.5000   30.0000 9973.8262   22.8690
    7.5000   -7.5000   30.0000 9505.1416   22.8278
   -7.5000    0.0000   30.0000 9815.0381   22.8515
    0.0000    0.0000   30.0000 9872.7363   22.8719
    7.5000    0.0000   30.0000 9399.4619   22.8320
   -7.5000    7.5000   30.0000 9140.0078   22.8104
    0.0000    7.5000   30.0000 9197.1191   22.8510
    7.5000    7.5000   30.0000 8759.0283   22.8112
   -7.5000   15.0000   30.0000 8777.6855   22.7868
    0.0000   15.0000   30.0000 8806.8418   22.8379
    7.5000   15.0000   30.0000 8377.3340   22.7978
   -7.5000   22.5000   30.0000 7985.0962   22.5067
    0.0000   22.5000   30.0000 8017.3579   22.5481
    7.5000   22.5000   30.0000 7603.7227   22.5071
   -7.5000   30.0000   30.0000 7248.1602   22.1120
    0.0000   30.0000   30.0000 7292.8013   22.1329
    7.5000   30.0000   30.0000 6898.1792   22.0912
   -7.5000   37.5000   30.0000 6537.2290   21.8146
    0.0000   37.5000   30.0000 6589.3848   21.8247
    7.5000   37.5000   30.0000 6228.8550   21.7823
   -7.5000   45.0000   30.0000 5808.0308   21.7104
    0.0000   45.0000   30.0000 5849.6260   21.7270
    7.5000   45.0000   30.0000 5524.0225   21.6893
   -7.5000  -45.0000   37.5000 7318.3462   20.8860
    0.0000  -45.0000   37.5000 7387.0728   20.9076
    7.5000  -45.0000   37.5000 7025.3994   20.8705
   -7.5000  -37.5000   37.5000 7728.1470   22.1950
    0.0000  -37.5000   37.5000 7781.0923   22.2416
    7.5000  -37.5000   37.5000 7421.0010   22.2037
   -7.5000  -30.0000   37.5000 8211.2852   22.7233
    0.0000  -30.0000   37.5000 8266.7168   22.7803
    7.5000  -30.0000   37.5000 7880.6973   22.7416
   -7.5000  -22.5000   37.5000 8754.1523   22.7274
    0.0000  -22.5000   37.5000 8802.3691   22.7712
    7.5000  -22.5000   37.5000 8396.9482   22.7305
   -7.5000  -15.0000   37.5000 9215.6025   22.7628
    0.0000  -15.0000   37.5000 9261.5693   22.7831
    7.5000  -15.0000   37.5000 8844.6377   22.7401
   -7.5000   -7.5000   37.5000 9260.3779   22.7911
    0.0000   -7.5000   37.5000 9300.4746   22.8015
    7.5000   -7.5000   37.5000 8882.5400   22.7590
   -7.5000    0.0000   37.5000 9175.9365   22.7883
    0.0000    0.0000   37.5000 9222.7949   22.8120
    7.5000    0.0000   37.5000 8788.0820   22.7715
   -7.5000    7.5000   37.5000 8582.3535   22.7441
    0.0000    7.5000   37.5000 8627.1123   22.7919
    7.5000    7.5000   37.5000 8205.2705   22.7530
   -7.5000   15.0000   37.5000 8248.4824   22.7150
    0.0000   15.0000   37.5000 8282.6914   22.7720
    7.5000   15.0000   37.5000 7861.6831   22.7334
   -7.5000   22.5000   37.5000 7503.6030   22.4281
    0.0000   22.5000   37.5000 7548.8672   22.4713
    7.5000   22.5000   37.5000 7139.3945   22.4312
   -7.5000   30.0000   37.5000 6802.5029   22.0466
    0.0000   30.0000   37.5000 6869.3130   22.0652
    7.5000   30.0000   37.5000 6479.6831   22.0222
   -7.5000   37.5000   37.5000 6106.0317   21.7612
    0.0000   37.5000   37.5000 6165.8389   21.7705
    7.5000   37.5000   37.5000 5820.0151   21.7275
   -7.5000   45.0000   37.5000 5399.3452   21.6544
    0.0000   45.0000   37.5000 5448.2070   21.6755
    7.5000   45.0000   37.5000 5159.0444   21.6357
   -7.5000  -45.0000   45.0000 6815.6260   20.9888
    0.0000  -45.0000   45.0000 6880.7070   21.0130
    7.5000  -45.0000   45.0000 6532.7827   20.9802
   -7.5000  -37.5000   45.0000 7193.3306   22.2972
    0.0000  -37.5000   45.0000 7260.7598   22.3505
    7.5000  -37.5000   45.0000 6897.8774   22.3194
   -7.5000  -30.0000   45.0000 7642.8027   22.8006
    0.0000  -30.0000   45.0000 7717.5044   22.8675
    7.5000  -30.0000   45.0000 7331.1890   22.8377
   -7.5000  -22.5000   45.0000 8129.5737   22.8085
    0.0000  -22.5000   45.0000 8188.8999   22.8617
    7.5000  -22.5000   45.0000 7800.6309   22.8305
   -7.5000  -15.0000   45.0000 8535.8398   22.8546
    0.0000  -15.0000   45.0000 8584.4883   22.8804
    7.5000  -15.0000   45.0000 8192.8818   22.8448
   -7.5000   -7.5000   45.0000 8593.9873   22.8881
    0.0000   -7.5000   45.0000 8650.8926   22.9003
    7.5000   -7.5000   45.0000 8249.4082   22.8626
   -7.5000    0.0000   45.0000 8533.5967   22.8808
    0.0000    0.0000   45.0000 8580.0957   22.9072
    7.5000    0.0000   45.0000 8170.5044   22.8715
   -7.5000    7.5000   45.0000 7990.2520   22.8269
    0.0000    7.5000   45.0000 8034.3506   22.8815
    7.5000    7.5000   45.0000 7634.6665   22.8497
   -7.5000   15.0000   45.0000 7661.3745   22.7920
    0.0000   15.0000   45.0000 7694.3579   22.8589
    7.5000   15.0000   45.0000 7318.1079   22.8292
   -7.5000   22.5000   45.0000 6972.5508   22.5047
    0.0000   22.5000   45.0000 7016.5088   22.5572
    7.5000   22.5000   45.0000 6661.6128   22.5265
   -7.5000   30.0000   45.0000 6325.7656   22.1253
    0.0000   30.0000   45.0000 6380.9355   22.1493
    7.5000   30.0000   45.0000 6039.9961   22.1137
   -7.5000   37.5000   45.0000 5659.2617   21.8329
    0.0000   37.5000   45.0000 5719.1270   21.8441
    7.5000   37.5000   45.0000 5402.8105   21.8047
   -7.5000   45.0000   45.0000 5017.7295   21.6884
    0.0000   45.0000   45.0000 5063.8755   21.7113
    7.5000   45.0000   45.0000 4793.6079   21.6753

---------------------------------------------------------------------
imgreg_4dfp /opt/freesurfer/average/711-2C_as_mni_average_305 /opt/freesurfer/average/711-2B_as_mni_average_305_mask talsrcimg_g11 none talsrcimg_to_711-2C_as_mni_average_305_t4 4355
---------------------------------------------------------------------

freesurfer imgreg_4dfp.c
/opt/freesurfer/average/711-2C_as_mni_average_305.4dfp.img
       256       256       256         1
  1.000000  1.000000  1.000000
orientation T byte_order littleendian
Reading image: /opt/freesurfer/average/711-2C_as_mni_average_305.4dfp.img
dimensions:      256       256       256
mmppix:       1.0000   -1.0000   -1.0000
center:     128.0000 -129.0000 -129.0000
/opt/freesurfer/average/711-2B_as_mni_average_305_mask.4dfp.img
       256       256       256         1
  1.000000  1.000000  1.000000
orientation T byte_order littleendian
Reading mask: /opt/freesurfer/average/711-2B_as_mni_average_305_mask.4dfp.img (2306576 pixels)
talsrcimg_g11.4dfp.img
       256       256       256         1
  0.898437  0.898437  0.898437
orientation T byte_order littleendian
Reading image: talsrcimg_g11.4dfp.img
dimensions:      256       256       256
mmppix:       0.8984   -0.8984   -0.8984
center:     114.9999 -115.8984 -115.8984
rotation matrix determinant  1.000000
image alignment mode   4355 decimal     1103 hex
   -7.5000  -52.5000  -45.0000 1867.6136   21.2303
    0.0000  -52.5000  -45.0000 1875.8589   21.2104
    7.5000  -52.5000  -45.0000 1865.1547   21.3181
   -7.5000  -45.0000  -45.0000 1949.7535   19.8965
    0.0000  -45.0000  -45.0000 1963.8895   19.8429
    7.5000  -45.0000  -45.0000 1955.3796   20.0036
   -7.5000  -37.5000  -45.0000 1994.5114   18.8225
    0.0000  -37.5000  -45.0000 2010.4073   18.7741
    7.5000  -37.5000  -45.0000 1997.7753   18.9462
   -7.5000  -30.0000  -45.0000 2032.1644   18.0835
    0.0000  -30.0000  -45.0000 2045.2822   18.0326
    7.5000  -30.0000  -45.0000 2024.1912   18.1896
   -7.5000  -22.5000  -45.0000 2041.8796   17.7390
    0.0000  -22.5000  -45.0000 2055.1362   17.6688
    7.5000  -22.5000  -45.0000 2035.4865   17.8222
   -7.5000  -15.0000  -45.0000 2048.9763   17.7102
    0.0000  -15.0000  -45.0000 2060.6106   17.6008
    7.5000  -15.0000  -45.0000 2040.6586   17.8198
   -7.5000   -7.5000  -45.0000 2040.1698   18.1179
    0.0000   -7.5000  -45.0000 2050.9045   18.0196
    7.5000   -7.5000  -45.0000 2026.1310   18.2300
   -7.5000    0.0000  -45.0000 2001.2723   18.8545
    0.0000    0.0000  -45.0000 2022.5631   18.7320
    7.5000    0.0000  -45.0000 1994.2131   18.9317
   -7.5000    7.5000  -45.0000 1957.9354   19.8124
    0.0000    7.5000  -45.0000 1975.3271   19.7354
    7.5000    7.5000  -45.0000 1950.9015   19.9377
   -7.5000   15.0000  -45.0000 1898.1880   21.1595
    0.0000   15.0000  -45.0000 1909.5396   21.1140
    7.5000   15.0000  -45.0000 1888.1113   21.3405
   -7.5000   22.5000  -45.0000 1813.1123   23.0215
    0.0000   22.5000  -45.0000 1826.1857   22.9588
    7.5000   22.5000  -45.0000 1805.9525   23.2401
   -7.5000   30.0000  -45.0000 1715.5140   25.6227
    0.0000   30.0000  -45.0000 1732.5264   25.5146
    7.5000   30.0000  -45.0000 1704.0670   25.9044
   -7.5000   37.5000  -45.0000 1594.9569   29.1822
    0.0000   37.5000  -45.0000 1610.8235   29.0262
    7.5000   37.5000  -45.0000 1590.9879   29.3785
   -7.5000  -52.5000  -37.5000 2029.2367   20.6736
    0.0000  -52.5000  -37.5000 2040.3291   20.6835
    7.5000  -52.5000  -37.5000 2025.6018   20.8238
   -7.5000  -45.0000  -37.5000 2129.1323   19.3942
    0.0000  -45.0000  -37.5000 2137.4409   19.3680
    7.5000  -45.0000  -37.5000 2126.4409   19.5444
   -7.5000  -37.5000  -37.5000 2176.1970   18.3236
    0.0000  -37.5000  -37.5000 2191.8000   18.2526
    7.5000  -37.5000  -37.5000 2171.4363   18.4433
   -7.5000  -30.0000  -37.5000 2203.4717   17.6148
    0.0000  -30.0000  -37.5000 2226.4297   17.5586
    7.5000  -30.0000  -37.5000 2194.6438   17.7813
   -7.5000  -22.5000  -37.5000 2210.4800   17.2922
    0.0000  -22.5000  -37.5000 2234.2576   17.2363
    7.5000  -22.5000  -37.5000 2207.8916   17.4349
   -7.5000  -15.0000  -37.5000 2217.6990   17.2649
    0.0000  -15.0000  -37.5000 2235.4055   17.1299
    7.5000  -15.0000  -37.5000 2210.7646   17.3561
   -7.5000   -7.5000  -37.5000 2204.3389   17.6020
    0.0000   -7.5000  -37.5000 2224.9475   17.4706
    7.5000   -7.5000  -37.5000 2196.6123   17.7161
   -7.5000    0.0000  -37.5000 2170.5935   18.2826
    0.0000    0.0000  -37.5000 2195.5510   18.1556
    7.5000    0.0000  -37.5000 2167.3457   18.4244
   -7.5000    7.5000  -37.5000 2129.9592   19.2186
    0.0000    7.5000  -37.5000 2146.9739   19.1237
    7.5000    7.5000  -37.5000 2122.0364   19.3766
   -7.5000   15.0000  -37.5000 2057.3418   20.5295
    0.0000   15.0000  -37.5000 2073.4451   20.4539
    7.5000   15.0000  -37.5000 2047.5066   20.6824
   -7.5000   22.5000  -37.5000 1967.2231   22.3429
    0.0000   22.5000  -37.5000 1981.1603   22.2706
    7.5000   22.5000  -37.5000 1959.0198   22.5398
   -7.5000   30.0000  -37.5000 1865.3210   24.8664
    0.0000   30.0000  -37.5000 1880.3046   24.7912
    7.5000   30.0000  -37.5000 1850.5392   25.0940
   -7.5000   37.5000  -37.5000 1736.4524   28.1792
    0.0000   37.5000  -37.5000 1746.9237   28.0755
    7.5000   37.5000  -37.5000 1728.1664   28.4216
   -7.5000  -52.5000  -30.0000 2178.7871   20.1688
    0.0000  -52.5000  -30.0000 2194.7666   20.1190
    7.5000  -52.5000  -30.0000 2175.9194   20.2777
   -7.5000  -45.0000  -30.0000 2281.8049   18.8408
    0.0000  -45.0000  -30.0000 2293.7148   18.7813
    7.5000  -45.0000  -30.0000 2276.8391   18.9488
   -7.5000  -37.5000  -30.0000 2334.6042   17.7672
    0.0000  -37.5000  -30.0000 2349.6616   17.6679
    7.5000  -37.5000  -30.0000 2326.5571   17.8677
   -7.5000  -30.0000  -30.0000 2366.1902   17.0970
    0.0000  -30.0000  -30.0000 2389.3721   16.9787
    7.5000  -30.0000  -30.0000 2358.4683   17.2033
   -7.5000  -22.5000  -30.0000 2378.7332   16.7677
    0.0000  -22.5000  -30.0000 2400.2913   16.6634
    7.5000  -22.5000  -30.0000 2374.4937   16.8890
   -7.5000  -15.0000  -30.0000 2382.2480   16.7473
    0.0000  -15.0000  -30.0000 2401.9417   16.6165
    7.5000  -15.0000  -30.0000 2373.9773   16.8639
   -7.5000   -7.5000  -30.0000 2371.0571   17.0572
    0.0000   -7.5000  -30.0000 2394.0378   16.9162
    7.5000   -7.5000  -30.0000 2361.9875   17.1804
   -7.5000    0.0000  -30.0000 2338.4080   17.6480
    0.0000    0.0000  -30.0000 2364.3977   17.4924
    7.5000    0.0000  -30.0000 2330.8979   17.7586
   -7.5000    7.5000  -30.0000 2289.0239   18.5602
    0.0000    7.5000  -30.0000 2308.7844   18.4157
    7.5000    7.5000  -30.0000 2278.1973   18.6994
   -7.5000   15.0000  -30.0000 2212.3726   19.7920
    0.0000   15.0000  -30.0000 2230.1411   19.7075
    7.5000   15.0000  -30.0000 2202.3789   19.9440
   -7.5000   22.5000  -30.0000 2112.8052   21.5632
    0.0000   22.5000  -30.0000 2130.4109   21.4642
    7.5000   22.5000  -30.0000 2100.0281   21.7395
   -7.5000   30.0000  -30.0000 1998.3036   23.9640
    0.0000   30.0000  -30.0000 2017.8763   23.9239
    7.5000   30.0000  -30.0000 1984.3373   24.1590
   -7.5000   37.5000  -30.0000 1859.7833   27.0561
    0.0000   37.5000  -30.0000 1876.0826   26.9518
    7.5000   37.5000  -30.0000 1852.4336   27.2669
   -7.5000  -52.5000  -22.5000 2300.3677   19.4481
    0.0000  -52.5000  -22.5000 2317.8125   19.3959
    7.5000  -52.5000  -22.5000 2294.6038   19.5833
   -7.5000  -45.0000  -22.5000 2405.6702   18.1280
    0.0000  -45.0000  -22.5000 2418.6086   18.0211
    7.5000  -45.0000  -22.5000 2400.0337   18.1990
   -7.5000  -37.5000  -22.5000 2466.6067   17.0475
    0.0000  -37.5000  -22.5000 2477.6084   16.9304
    7.5000  -37.5000  -22.5000 2458.7783   17.0845
   -7.5000  -30.0000  -22.5000 2508.4893   16.3675
    0.0000  -30.0000  -22.5000 2526.0698   16.2223
    7.5000  -30.0000  -22.5000 2497.2537   16.4063
   -7.5000  -22.5000  -22.5000 2533.8635   16.0210
    0.0000  -22.5000  -22.5000 2555.0588   15.9034
    7.5000  -22.5000  -22.5000 2527.7004   16.1190
   -7.5000  -15.0000  -22.5000 2537.8125   16.0313
    0.0000  -15.0000  -22.5000 2559.1235   15.9166
    7.5000  -15.0000  -22.5000 2529.2517   16.1435
   -7.5000   -7.5000  -22.5000 2523.8862   16.3489
    0.0000   -7.5000  -22.5000 2548.7322   16.1899
    7.5000   -7.5000  -22.5000 2516.8215   16.4288
   -7.5000    0.0000  -22.5000 2491.6711   16.9086
    0.0000    0.0000  -22.5000 2518.2864   16.7255
    7.5000    0.0000  -22.5000 2483.3435   16.9854
   -7.5000    7.5000  -22.5000 2434.1089   17.7678
    0.0000    7.5000  -22.5000 2459.7874   17.6206
    7.5000    7.5000  -22.5000 2426.1201   17.8811
   -7.5000   15.0000  -22.5000 2348.3379   18.9556
    0.0000   15.0000  -22.5000 2371.3508   18.8328
    7.5000   15.0000  -22.5000 2340.5710   19.0692
   -7.5000   22.5000  -22.5000 2240.1287   20.6170
    0.0000   22.5000  -22.5000 2260.6814   20.5236
    7.5000   22.5000  -22.5000 2229.3469   20.7867
   -7.5000   30.0000  -22.5000 2114.2827   22.8954
    0.0000   30.0000  -22.5000 2131.7283   22.8025
    7.5000   30.0000  -22.5000 2106.7920   23.0384
   -7.5000   37.5000  -22.5000 1962.4557   25.6940
    0.0000   37.5000  -22.5000 1984.2035   25.6204
    7.5000   37.5000  -22.5000 1958.1322   25.8686
   -7.5000  -52.5000  -15.0000 2376.1289   18.6688
    0.0000  -52.5000  -15.0000 2397.7424   18.5690
    7.5000  -52.5000  -15.0000 2376.0830   18.7557
   -7.5000  -45.0000  -15.0000 2493.1682   17.3359
    0.0000  -45.0000  -15.0000 2508.8044   17.2019
    7.5000  -45.0000  -15.0000 2487.0596   17.3801
   -7.5000  -37.5000  -15.0000 2562.3965   16.2156
    0.0000  -37.5000  -15.0000 2582.2637   16.1279
    7.5000  -37.5000  -15.0000 2557.7227   16.2720
   -7.5000  -30.0000  -15.0000 2617.5918   15.4868
    0.0000  -30.0000  -15.0000 2634.6074   15.4044
    7.5000  -30.0000  -15.0000 2611.5676   15.5553
   -7.5000  -22.5000  -15.0000 2656.9265   15.1119
    0.0000  -22.5000  -15.0000 2677.3772   15.0193
    7.5000  -22.5000  -15.0000 2646.9988   15.1752
   -7.5000  -15.0000  -15.0000 2668.5857   15.1309
    0.0000  -15.0000  -15.0000 2688.8340   15.0160
    7.5000  -15.0000  -15.0000 2656.3452   15.1819
   -7.5000   -7.5000  -15.0000 2657.2217   15.4521
    0.0000   -7.5000  -15.0000 2685.1321   15.3202
    7.5000   -7.5000  -15.0000 2648.4355   15.5084
   -7.5000    0.0000  -15.0000 2620.2568   16.0472
    0.0000    0.0000  -15.0000 2651.6670   15.8671
    7.5000    0.0000  -15.0000 2612.3386   16.0810
   -7.5000    7.5000  -15.0000 2554.3313   16.8786
    0.0000    7.5000  -15.0000 2588.0244   16.7098
    7.5000    7.5000  -15.0000 2546.1624   16.9469
   -7.5000   15.0000  -15.0000 2465.0530   17.9995
    0.0000   15.0000  -15.0000 2487.3750   17.8693
    7.5000   15.0000  -15.0000 2451.3958   18.1181
   -7.5000   22.5000  -15.0000 2344.4316   19.6393
    0.0000   22.5000  -15.0000 2364.9810   19.5181
    7.5000   22.5000  -15.0000 2331.9888   19.7504
   -7.5000   30.0000  -15.0000 2213.8569   21.7857
    0.0000   30.0000  -15.0000 2234.3132   21.6562
    7.5000   30.0000  -15.0000 2203.7700   21.8937
   -7.5000   37.5000  -15.0000 2053.1978   24.3837
    0.0000   37.5000  -15.0000 2070.0046   24.3107
    7.5000   37.5000  -15.0000 2044.6533   24.5599
   -7.5000  -52.5000   -7.5000 2414.4253   17.8116
    0.0000  -52.5000   -7.5000 2429.4521   17.6739
    7.5000  -52.5000   -7.5000 2409.7876   17.8676
   -7.5000  -45.0000   -7.5000 2537.9731   16.4705
    0.0000  -45.0000   -7.5000 2552.2263   16.3392
    7.5000  -45.0000   -7.5000 2534.7925   16.5415
   -7.5000  -37.5000   -7.5000 2625.7903   15.3293
    0.0000  -37.5000   -7.5000 2647.1174   15.2803
    7.5000  -37.5000   -7.5000 2623.3965   15.4131
   -7.5000  -30.0000   -7.5000 2689.5476   14.5764
    0.0000  -30.0000   -7.5000 2713.3997   14.5276
    7.5000  -30.0000   -7.5000 2683.8730   14.6307
   -7.5000  -22.5000   -7.5000 2736.2468   14.1450
    0.0000  -22.5000   -7.5000 2766.0286   14.0891
    7.5000  -22.5000   -7.5000 2727.3115   14.2145
   -7.5000  -15.0000   -7.5000 2762.4290   14.1238
    0.0000  -15.0000   -7.5000 2790.7007   14.0420
    7.5000  -15.0000   -7.5000 2749.6511   14.1770
   -7.5000   -7.5000   -7.5000 2757.0740   14.4800
    0.0000   -7.5000   -7.5000 2791.2158   14.3584
    7.5000   -7.5000   -7.5000 2745.4277   14.5196
   -7.5000    0.0000   -7.5000 2710.8306   15.0797
    0.0000    0.0000   -7.5000 2747.7349   14.9466
    7.5000    0.0000   -7.5000 2705.3862   15.1194
   -7.5000    7.5000   -7.5000 2641.0469   15.8985
    0.0000    7.5000   -7.5000 2672.8965   15.7729
    7.5000    7.5000   -7.5000 2634.2959   15.9608
   -7.5000   15.0000   -7.5000 2543.2988   17.0071
    0.0000   15.0000   -7.5000 2564.3076   16.9021
    7.5000   15.0000   -7.5000 2529.0520   17.1247
   -7.5000   22.5000   -7.5000 2414.5515   18.5829
    0.0000   22.5000   -7.5000 2434.5066   18.4586
    7.5000   22.5000   -7.5000 2401.1157   18.7138
   -7.5000   30.0000   -7.5000 2273.5752   20.6543
    0.0000   30.0000   -7.5000 2293.8169   20.4823
    7.5000   30.0000   -7.5000 2260.6572   20.7456
   -7.5000   37.5000   -7.5000 2106.5825   23.1584
    0.0000   37.5000   -7.5000 2124.4946   23.0016
    7.5000   37.5000   -7.5000 2098.3743   23.2581
   -7.5000  -52.5000    0.0000 2451.0295   17.3138
    0.0000  -52.5000    0.0000 2461.5022   17.1814
    7.5000  -52.5000    0.0000 2443.7170   17.3930
   -7.5000  -45.0000    0.0000 2579.7896   15.9681
    0.0000  -45.0000    0.0000 2595.7068   15.8468
    7.5000  -45.0000    0.0000 2573.2734   16.0373
   -7.5000  -37.5000    0.0000 2685.2971   14.8020
    0.0000  -37.5000    0.0000 2711.3770   14.7539
    7.5000  -37.5000    0.0000 2683.2043   14.8771
   -7.5000  -30.0000    0.0000 2763.5139   13.9850
    0.0000  -30.0000    0.0000 2791.6265   13.9472
    7.5000  -30.0000    0.0000 2769.8306   14.0652
   -7.5000  -22.5000    0.0000 2828.2195   13.5761
    0.0000  -22.5000    0.0000 2868.7539   13.4964
    7.5000  -22.5000    0.0000 2825.7930   13.6337
   -7.5000  -15.0000    0.0000 2860.8374   13.5228
    0.0000  -15.0000    0.0000 2907.8674   13.4231
    7.5000  -15.0000    0.0000 2852.9280   13.5947
   -7.5000   -7.5000    0.0000 2853.3201   13.8373
    0.0000   -7.5000    0.0000 2896.5103   13.7129
    7.5000   -7.5000    0.0000 2842.3936   13.9024
   -7.5000    0.0000    0.0000 2798.5122   14.4038
    0.0000    0.0000    0.0000 2836.0100   14.2849
    7.5000    0.0000    0.0000 2791.2527   14.4704
   -7.5000    7.5000    0.0000 2719.6919   15.2279
    0.0000    7.5000    0.0000 2752.1990   15.1136
    7.5000    7.5000    0.0000 2709.5969   15.3255
   -7.5000   15.0000    0.0000 2608.5381   16.3582
    0.0000   15.0000    0.0000 2632.3364   16.2253
    7.5000   15.0000    0.0000 2597.3442   16.4796
   -7.5000   22.5000    0.0000 2468.4790   17.9256
    0.0000   22.5000    0.0000 2493.7102   17.7792
    7.5000   22.5000    0.0000 2457.1743   18.0830
   -7.5000   30.0000    0.0000 2325.7627   19.9678
    0.0000   30.0000    0.0000 2347.6338   19.7957
    7.5000   30.0000    0.0000 2312.3318   20.0833
   -7.5000   37.5000    0.0000 2153.7126   22.3561
    0.0000   37.5000    0.0000 2172.5376   22.2126
    7.5000   37.5000    0.0000 2139.9485   22.5108
   -7.5000  -52.5000    7.5000 2454.0703   16.9653
    0.0000  -52.5000    7.5000 2468.6472   16.7918
    7.5000  -52.5000    7.5000 2449.5979   17.0444
   -7.5000  -45.0000    7.5000 2593.6965   15.5777
    0.0000  -45.0000    7.5000 2611.1106   15.4406
    7.5000  -45.0000    7.5000 2588.5383   15.6425
   -7.5000  -37.5000    7.5000 2711.9675   14.3839
    0.0000  -37.5000    7.5000 2740.3669   14.3157
    7.5000  -37.5000    7.5000 2713.2070   14.4713
   -7.5000  -30.0000    7.5000 2814.3198   13.5578
    0.0000  -30.0000    7.5000 2847.3210   13.5002
    7.5000  -30.0000    7.5000 2816.0654   13.6429
   -7.5000  -22.5000    7.5000 2892.3967   13.1591
    0.0000  -22.5000    7.5000 2942.9321   13.1088
    7.5000  -22.5000    7.5000 2892.3359   13.2208
   -7.5000  -15.0000    7.5000 2938.1470   13.1301
    0.0000  -15.0000    7.5000 2999.8718   13.0293
    7.5000  -15.0000    7.5000 2926.9780   13.1907
   -7.5000   -7.5000    7.5000 2918.7139   13.4008
    0.0000   -7.5000    7.5000 2974.5276   13.2629
    7.5000   -7.5000    7.5000 2901.8391   13.4654
   -7.5000    0.0000    7.5000 2851.0757   13.9060
    0.0000    0.0000    7.5000 2894.3262   13.7741
    7.5000    0.0000    7.5000 2837.3110   13.9705
   -7.5000    7.5000    7.5000 2758.4041   14.7088
    0.0000    7.5000    7.5000 2795.2981   14.5922
    7.5000    7.5000    7.5000 2751.9321   14.7882
   -7.5000   15.0000    7.5000 2636.6860   15.8851
    0.0000   15.0000    7.5000 2669.2568   15.7582
    7.5000   15.0000    7.5000 2631.0803   15.9947
   -7.5000   22.5000    7.5000 2494.5181   17.4886
    0.0000   22.5000    7.5000 2522.6091   17.3495
    7.5000   22.5000    7.5000 2487.5867   17.6026
   -7.5000   30.0000    7.5000 2347.8540   19.4795
    0.0000   30.0000    7.5000 2371.9346   19.3373
    7.5000   30.0000    7.5000 2342.2200   19.6023
   -7.5000   37.5000    7.5000 2175.9929   21.9044
    0.0000   37.5000    7.5000 2194.4050   21.7358
    7.5000   37.5000    7.5000 2166.8357   22.0074
   -7.5000  -52.5000   15.0000 2442.4297   16.8746
    0.0000  -52.5000   15.0000 2460.2761   16.6625
    7.5000  -52.5000   15.0000 2439.7471   16.9644
   -7.5000  -45.0000   15.0000 2591.6931   15.4202
    0.0000  -45.0000   15.0000 2610.9392   15.2622
    7.5000  -45.0000   15.0000 2584.6675   15.4959
   -7.5000  -37.5000   15.0000 2716.3848   14.2034
    0.0000  -37.5000   15.0000 2742.0332   14.0828
    7.5000  -37.5000   15.0000 2716.7866   14.2913
   -7.5000  -30.0000   15.0000 2829.3396   13.3764
    0.0000  -30.0000   15.0000 2861.6362   13.2879
    7.5000  -30.0000   15.0000 2829.8521   13.4760
   -7.5000  -22.5000   15.0000 2920.4619   13.0371
    0.0000  -22.5000   15.0000 2972.2200   12.9591
    7.5000  -22.5000   15.0000 2914.7649   13.0974
   -7.5000  -15.0000   15.0000 2976.0732   13.0096
    0.0000  -15.0000   15.0000 3048.9546   12.9471
    7.5000  -15.0000   15.0000 2960.6201   13.0510
   -7.5000   -7.5000   15.0000 2946.2971   13.2015
    0.0000   -7.5000   15.0000 3010.0542   13.0889
    7.5000   -7.5000   15.0000 2931.6995   13.2799
   -7.5000    0.0000   15.0000 2873.5676   13.6777
    0.0000    0.0000   15.0000 2920.2031   13.5212
    7.5000    0.0000   15.0000 2858.2659   13.7803
   -7.5000    7.5000   15.0000 2768.8962   14.5182
    0.0000    7.5000   15.0000 2798.3306   14.3921
    7.5000    7.5000   15.0000 2758.7700   14.6034
   -7.5000   15.0000   15.0000 2643.7927   15.7263
    0.0000   15.0000   15.0000 2667.5930   15.5877
    7.5000   15.0000   15.0000 2638.3098   15.8059
   -7.5000   22.5000   15.0000 2505.0264   17.3209
    0.0000   22.5000   15.0000 2525.8748   17.1727
    7.5000   22.5000   15.0000 2495.4055   17.4110
   -7.5000   30.0000   15.0000 2347.9548   19.3161
    0.0000   30.0000   15.0000 2368.3103   19.1738
    7.5000   30.0000   15.0000 2346.0925   19.4205
   -7.5000   37.5000   15.0000 2172.9946   21.6284
    0.0000   37.5000   15.0000 2189.9333   21.5198
    7.5000   37.5000   15.0000 2164.9753   21.7740
   -7.5000  -52.5000   22.5000 2421.8325   17.0531
    0.0000  -52.5000   22.5000 2443.3564   16.8020
    7.5000  -52.5000   22.5000 2421.2097   17.1449
   -7.5000  -45.0000   22.5000 2568.6667   15.6101
    0.0000  -45.0000   22.5000 2589.6208   15.4046
    7.5000  -45.0000   22.5000 2568.1316   15.6896
   -7.5000  -37.5000   22.5000 2688.0659   14.3975
    0.0000  -37.5000   22.5000 2710.1790   14.2296
    7.5000  -37.5000   22.5000 2686.2063   14.4962
   -7.5000  -30.0000   22.5000 2806.0217   13.5760
    0.0000  -30.0000   22.5000 2830.3250   13.4385
    7.5000  -30.0000   22.5000 2799.2031   13.6688
   -7.5000  -22.5000   22.5000 2899.0645   13.1949
    0.0000  -22.5000   22.5000 2942.7024   13.0863
    7.5000  -22.5000   22.5000 2886.8601   13.2744
   -7.5000  -15.0000   22.5000 2956.5613   13.1122
    0.0000  -15.0000   22.5000 3017.9329   13.0076
    7.5000  -15.0000   22.5000 2937.7695   13.1841
   -7.5000   -7.5000   22.5000 2923.5723   13.3672
    0.0000   -7.5000   22.5000 2977.8115   13.1992
    7.5000   -7.5000   22.5000 2909.6377   13.4338
   -7.5000    0.0000   22.5000 2856.4578   13.9020
    0.0000    0.0000   22.5000 2894.0349   13.7561
    7.5000    0.0000   22.5000 2840.4893   13.9597
   -7.5000    7.5000   22.5000 2747.7029   14.7423
    0.0000    7.5000   22.5000 2776.8352   14.5820
    7.5000    7.5000   22.5000 2740.7788   14.7978
   -7.5000   15.0000   22.5000 2619.9924   15.8917
    0.0000   15.0000   22.5000 2642.7988   15.7299
    7.5000   15.0000   22.5000 2618.7451   15.9339
   -7.5000   22.5000   22.5000 2488.2527   17.3997
    0.0000   22.5000   22.5000 2500.2830   17.2283
    7.5000   22.5000   22.5000 2485.1653   17.4591
   -7.5000   30.0000   22.5000 2333.6685   19.3148
    0.0000   30.0000   22.5000 2347.7832   19.1486
    7.5000   30.0000   22.5000 2326.7615   19.3701
   -7.5000   37.5000   22.5000 2156.1926   21.5585
    0.0000   37.5000   22.5000 2174.2959   21.4191
    7.5000   37.5000   22.5000 2150.0645   21.6654
   -7.5000  -52.5000   30.0000 2393.6777   17.5106
    0.0000  -52.5000   30.0000 2418.2522   17.2540
    7.5000  -52.5000   30.0000 2395.2625   17.6102
   -7.5000  -45.0000   30.0000 2530.0120   16.0792
    0.0000  -45.0000   30.0000 2552.6990   15.8715
    7.5000  -45.0000   30.0000 2533.0208   16.1873
   -7.5000  -37.5000   30.0000 2648.8506   14.8827
    0.0000  -37.5000   30.0000 2666.0369   14.6947
    7.5000  -37.5000   30.0000 2648.7927   14.9962
   -7.5000  -30.0000   30.0000 2762.0845   14.0738
    0.0000  -30.0000   30.0000 2778.7039   13.8851
    7.5000  -30.0000   30.0000 2753.9456   14.1705
   -7.5000  -22.5000   30.0000 2843.1863   13.6438
    0.0000  -22.5000   30.0000 2876.6594   13.4685
    7.5000  -22.5000   30.0000 2834.7830   13.7193
   -7.5000  -15.0000   30.0000 2888.8044   13.5035
    0.0000  -15.0000   30.0000 2928.7258   13.2916
    7.5000  -15.0000   30.0000 2877.2092   13.5826
   -7.5000   -7.5000   30.0000 2863.7307   13.7659
    0.0000   -7.5000   30.0000 2897.8455   13.5562
    7.5000   -7.5000   30.0000 2851.9072   13.7980
   -7.5000    0.0000   30.0000 2798.8638   14.3384
    0.0000    0.0000   30.0000 2831.2612   14.1290
    7.5000    0.0000   30.0000 2791.7891   14.3629
   -7.5000    7.5000   30.0000 2696.1599   15.1906
    0.0000    7.5000   30.0000 2723.3726   14.9667
    7.5000    7.5000   30.0000 2695.4619   15.2036
   -7.5000   15.0000   30.0000 2579.0825   16.3204
    0.0000   15.0000   30.0000 2595.0701   16.1282
    7.5000   15.0000   30.0000 2575.3237   16.3607
   -7.5000   22.5000   30.0000 2445.7400   17.7332
    0.0000   22.5000   30.0000 2463.6440   17.5886
    7.5000   22.5000   30.0000 2441.1628   17.8259
   -7.5000   30.0000   30.0000 2303.3730   19.5939
    0.0000   30.0000   30.0000 2317.3667   19.4432
    7.5000   30.0000   30.0000 2292.6204   19.6737
   -7.5000   37.5000   30.0000 2123.9563   21.7982
    0.0000   37.5000   30.0000 2139.1611   21.6243
    7.5000   37.5000   30.0000 2120.1331   21.8471
   -7.5000  -52.5000   37.5000 2357.8132   18.2902
    0.0000  -52.5000   37.5000 2379.2505   18.0247
    7.5000  -52.5000   37.5000 2357.7202   18.3547
   -7.5000  -45.0000   37.5000 2486.2241   16.8376
    0.0000  -45.0000   37.5000 2509.8494   16.5789
    7.5000  -45.0000   37.5000 2486.4238   16.9298
   -7.5000  -37.5000   37.5000 2605.0325   15.5770
    0.0000  -37.5000   37.5000 2624.6313   15.3634
    7.5000  -37.5000   37.5000 2600.9810   15.7084
   -7.5000  -30.0000   37.5000 2704.2544   14.7493
    0.0000  -30.0000   37.5000 2726.1140   14.5420
    7.5000  -30.0000   37.5000 2697.5854   14.8477
   -7.5000  -22.5000   37.5000 2770.3271   14.2752
    0.0000  -22.5000   37.5000 2800.3821   14.0698
    7.5000  -22.5000   37.5000 2762.6951   14.3467
   -7.5000  -15.0000   37.5000 2800.5933   14.1164
    0.0000  -15.0000   37.5000 2830.5193   13.8917
    7.5000  -15.0000   37.5000 2790.1929   14.1662
   -7.5000   -7.5000   37.5000 2774.1201   14.3648
    0.0000   -7.5000   37.5000 2801.1519   14.1655
    7.5000   -7.5000   37.5000 2767.4202   14.4100
   -7.5000    0.0000   37.5000 2711.8223   14.9408
    0.0000    0.0000   37.5000 2738.5908   14.7469
    7.5000    0.0000   37.5000 2706.6147   14.9532
   -7.5000    7.5000   37.5000 2627.3569   15.7952
    0.0000    7.5000   37.5000 2651.9375   15.5816
    7.5000    7.5000   37.5000 2620.3779   15.7938
   -7.5000   15.0000   37.5000 2520.6711   16.8808
    0.0000   15.0000   37.5000 2536.2769   16.6996
    7.5000   15.0000   37.5000 2515.1924   16.9413
   -7.5000   22.5000   37.5000 2395.4229   18.3010
    0.0000   22.5000   37.5000 2411.1511   18.1499
    7.5000   22.5000   37.5000 2391.0300   18.3893
   -7.5000   30.0000   37.5000 2250.7090   20.1397
    0.0000   30.0000   37.5000 2271.6882   19.9725
    7.5000   30.0000   37.5000 2249.4688   20.2220
   -7.5000   37.5000   37.5000 2074.4780   22.3174
    0.0000   37.5000   37.5000 2090.5779   22.1451
    7.5000   37.5000   37.5000 2073.0933   22.3452
   -7.5000  -52.5000   45.0000 2286.8054   19.2492
    0.0000  -52.5000   45.0000 2311.5967   18.9769
    7.5000  -52.5000   45.0000 2287.7830   19.3212
   -7.5000  -45.0000   45.0000 2416.6992   17.7306
    0.0000  -45.0000   45.0000 2441.1091   17.4904
    7.5000  -45.0000   45.0000 2412.0776   17.8202
   -7.5000  -37.5000   45.0000 2521.8328   16.4230
    0.0000  -37.5000   45.0000 2548.1401   16.2408
    7.5000  -37.5000   45.0000 2517.1438   16.5543
   -7.5000  -30.0000   45.0000 2611.5669   15.5773
    0.0000  -30.0000   45.0000 2641.5156   15.3941
    7.5000  -30.0000   45.0000 2604.2651   15.6922
   -7.5000  -22.5000   45.0000 2664.8176   15.0748
    0.0000  -22.5000   45.0000 2697.7080   14.8587
    7.5000  -22.5000   45.0000 2660.9255   15.1563
   -7.5000  -15.0000   45.0000 2679.5269   14.8948
    0.0000  -15.0000   45.0000 2707.9983   14.6977
    7.5000  -15.0000   45.0000 2672.4666   14.9626
   -7.5000   -7.5000   45.0000 2654.6895   15.1606
    0.0000   -7.5000   45.0000 2683.7124   14.9672
    7.5000   -7.5000   45.0000 2651.4856   15.1976
   -7.5000    0.0000   45.0000 2600.4175   15.6896
    0.0000    0.0000   45.0000 2624.9841   15.5006
    7.5000    0.0000   45.0000 2590.7156   15.6997
   -7.5000    7.5000   45.0000 2523.0522   16.4849
    0.0000    7.5000   45.0000 2544.1428   16.2763
    7.5000    7.5000   45.0000 2510.0496   16.5049
   -7.5000   15.0000   45.0000 2427.0703   17.5131
    0.0000   15.0000   45.0000 2436.3005   17.3571
    7.5000   15.0000   45.0000 2417.4382   17.6135
   -7.5000   22.5000   45.0000 2313.1716   18.9359
    0.0000   22.5000   45.0000 2325.4619   18.8126
    7.5000   22.5000   45.0000 2309.6931   19.0619
   -7.5000   30.0000   45.0000 2174.6216   20.8230
    0.0000   30.0000   45.0000 2191.0530   20.7028
    7.5000   30.0000   45.0000 2172.5984   20.9224
   -7.5000   37.5000   45.0000 1997.8542   23.0470
    0.0000   37.5000   45.0000 2016.3344   22.8815
    7.5000   37.5000   45.0000 1996.7723   23.0812

---------------------------------------------------------------------
imgreg_4dfp /opt/freesurfer/average/711-2C_as_mni_average_305 /opt/freesurfer/average/711-2B_as_mni_average_305_mask talsrcimg_g11 none talsrcimg_to_711-2C_as_mni_average_305_t4 1283
---------------------------------------------------------------------

freesurfer imgreg_4dfp.c
/opt/freesurfer/average/711-2C_as_mni_average_305.4dfp.img
       256       256       256         1
  1.000000  1.000000  1.000000
orientation T byte_order littleendian
Reading image: /opt/freesurfer/average/711-2C_as_mni_average_305.4dfp.img
dimensions:      256       256       256
mmppix:       1.0000   -1.0000   -1.0000
center:     128.0000 -129.0000 -129.0000
/opt/freesurfer/average/711-2B_as_mni_average_305_mask.4dfp.img
       256       256       256         1
  1.000000  1.000000  1.000000
orientation T byte_order littleendian
Reading mask: /opt/freesurfer/average/711-2B_as_mni_average_305_mask.4dfp.img (2306576 pixels)
talsrcimg_g11.4dfp.img
       256       256       256         1
  0.898437  0.898437  0.898437
orientation T byte_order littleendian
Reading image: talsrcimg_g11.4dfp.img
dimensions:      256       256       256
mmppix:       0.8984   -0.8984   -0.8984
center:     114.9999 -115.8984 -115.8984
rotation matrix determinant  1.000000
fimgreg.f
image alignment mode   1283 decimal      503 hex
parameters
    0.0000  -15.0000   15.0000    0.0000    0.0000    0.0000
eta,q 0.95471 12.93571
niter,ni,del,rscale     5    3   12.0000    1.2000
parameter  4  1.488149 ->  0.500000 qaram    1.1500
parameters
   -0.7270  -14.3900   15.8062   -3.4500   -0.2276   -0.7414
eta,q 0.95891 12.87633
  0.0573  0.0567  0.0588  0.0407  0.0490  0.0465
  0.0490  0.0500  0.0520  0.0409  0.0448  0.0434
  0.0451  0.0464  0.0465  0.0429  0.0423  0.0415
  0.0453  0.0449  0.0450  0.0451  0.0412  0.0413
  0.0484  0.0457  0.0458  0.0478  0.0422  0.0431
  0.0550  0.0480  0.0485  0.0513  0.0453  0.0460
  0.0637  0.0523  0.0525  0.0542  0.0507  0.0491
niter,ni,del,rscale     5    3   12.0000    1.2000
parameter  4  0.802871 ->  0.500000 qaram    1.3225
parameters
   -0.8152  -12.7287   15.1688   -7.4175   -0.2926   -0.6363
eta,q 0.96229 12.99218
  0.0578  0.0593  0.0492  0.0375  0.0475  0.0449
  0.0484  0.0502  0.0447  0.0375  0.0429  0.0407
  0.0418  0.0440  0.0416  0.0384  0.0387  0.0384
  0.0411  0.0410  0.0401  0.0402  0.0377  0.0377
  0.0444  0.0401  0.0423  0.0434  0.0394  0.0382
  0.0497  0.0420  0.0477  0.0477  0.0429  0.0406
  0.0576  0.0458  0.0545  0.0526  0.0479  0.0443
niter,ni,del,rscale     5    3   12.0000    1.2000
parameters
   -0.7815  -10.6609   14.0313  -10.1216   -0.5436   -0.4597
eta,q 0.96792 12.89585
  0.0579  0.0595  0.0439  0.0402  0.0432  0.0418
  0.0469  0.0488  0.0389  0.0324  0.0374  0.0370
  0.0392  0.0414  0.0360  0.0322  0.0332  0.0334
  0.0377  0.0377  0.0361  0.0357  0.0322  0.0321
  0.0410  0.0362  0.0392  0.0405  0.0347  0.0332
  0.0473  0.0372  0.0450  0.0445  0.0390  0.0363
  0.0564  0.0413  0.0535  0.0502  0.0446  0.0407
niter,ni,del,rscale     4    3   12.0000    1.2000
parameters
   -0.5606   -9.8777   13.2831  -10.3696   -0.7294   -0.3572
eta,q 0.96868 12.89277
  0.0577  0.0545  0.0431  0.0476  0.0429  0.0405
  0.0454  0.0437  0.0363  0.0378  0.0369  0.0358
  0.0357  0.0360  0.0323  0.0311  0.0325  0.0324
  0.0321  0.0321  0.0319  0.0316  0.0314  0.0313
  0.0352  0.0330  0.0352  0.0357  0.0337  0.0326
  0.0433  0.0376  0.0417  0.0420  0.0382  0.0354
  0.0540  0.0453  0.0496  0.0462  0.0440  0.0398
niter,ni,del,rscale     3    3   12.0000    1.2000
parameters
   -0.4896   -9.7385   13.1868  -10.4978   -0.8002   -0.3318
eta,q 0.96874 12.89499
  0.0568  0.0504  0.0459  0.0480  0.0432  0.0402
  0.0442  0.0402  0.0383  0.0384  0.0373  0.0355
  0.0345  0.0337  0.0333  0.0313  0.0327  0.0323
  0.0313  0.0313  0.0314  0.0314  0.0313  0.0313
  0.0349  0.0339  0.0334  0.0352  0.0333  0.0326
  0.0438  0.0397  0.0390  0.0417  0.0378  0.0354
  0.0551  0.0481  0.0469  0.0461  0.0435  0.0400
niter,ni,del,rscale     2    3   12.0000    1.2000
parameters
   -0.4617   -9.7020   13.1532  -10.5497   -0.8258   -0.3255
eta,q 0.96876 12.89571
  0.0564  0.0499  0.0462  0.0483  0.0433  0.0402
  0.0438  0.0397  0.0386  0.0389  0.0374  0.0354
  0.0343  0.0333  0.0333  0.0315  0.0327  0.0322
  0.0313  0.0313  0.0313  0.0313  0.0312  0.0312
  0.0350  0.0341  0.0332  0.0350  0.0332  0.0326
  0.0440  0.0401  0.0388  0.0414  0.0376  0.0354
  0.0553  0.0487  0.0466  0.0460  0.0433  0.0400
registration optimization eta report
parameter search radius
    6.0000    6.0000    6.0000    7.9350    6.0000    6.0000
100000*second partial in parameter space
       67.       49.       41.       25.       33.       24.
  0.0564  0.0499  0.0462  0.0483  0.0433  0.0402
  0.0438  0.0397  0.0386  0.0389  0.0374  0.0354
  0.0343  0.0333  0.0333  0.0315  0.0327  0.0322
  0.0313  0.0313  0.0313  0.0313  0.0312  0.0312
  0.0350  0.0341  0.0332  0.0350  0.0332  0.0326
  0.0440  0.0401  0.0388  0.0414  0.0376  0.0354
  0.0553  0.0487  0.0466  0.0460  0.0433  0.0400
   -0.4617   -9.7020   13.1532  -10.5497   -0.8258   -0.3255
eta,q 0.96876 12.89571

---------------------------------------------------------------------
imgreg_4dfp /opt/freesurfer/average/711-2C_as_mni_average_305 /opt/freesurfer/average/711-2B_as_mni_average_305_mask talsrcimg_g11 none talsrcimg_to_711-2C_as_mni_average_305_t4 3335
---------------------------------------------------------------------

freesurfer imgreg_4dfp.c
/opt/freesurfer/average/711-2C_as_mni_average_305.4dfp.img
       256       256       256         1
  1.000000  1.000000  1.000000
orientation T byte_order littleendian
Reading image: /opt/freesurfer/average/711-2C_as_mni_average_305.4dfp.img
dimensions:      256       256       256
mmppix:       1.0000   -1.0000   -1.0000
center:     128.0000 -129.0000 -129.0000
/opt/freesurfer/average/711-2B_as_mni_average_305_mask.4dfp.img
       256       256       256         1
  1.000000  1.000000  1.000000
orientation T byte_order littleendian
Reading mask: /opt/freesurfer/average/711-2B_as_mni_average_305_mask.4dfp.img (2306576 pixels)
talsrcimg_g11.4dfp.img
       256       256       256         1
  0.898437  0.898437  0.898437
orientation T byte_order littleendian
Reading image: talsrcimg_g11.4dfp.img
dimensions:      256       256       256
mmppix:       0.8984   -0.8984   -0.8984
center:     114.9999 -115.8984 -115.8984
fimgreg.f
image alignment mode   3335 decimal      D07 hex
parameters
   -0.4617   -9.7020   13.1532   -0.0120   -1.6905   -1.7006
    0.2945    1.5209   -0.5680   18.3006   -1.4412  -18.3070
eta,q 0.96818 13.04362
niter,ni,del,rscale     5    3    5.0000    1.2000
parameter  4  0.501487 ->  0.500000 qaram    1.1500
parameter  5  1.492031 ->  0.500000 qaram    1.1500
parameter  6  0.621818 ->  0.500000 qaram    1.1500
parameters
   -0.4357   -9.3587   13.1040   -4.1520   -5.8305   -5.8406
    0.1400    1.3137    0.0170   17.2222   -3.3426  -15.6089
eta,q 0.97408 12.29451
  0.0366  0.0357  0.0343  0.0316  0.0261  0.0262  0.0291  0.0305  0.0294  0.0287  0.0267  0.0284
  0.0341  0.0339  0.0329  0.0312  0.0270  0.0262  0.0276  0.0283  0.0278  0.0273  0.0263  0.0275
  0.0324  0.0326  0.0320  0.0311  0.0287  0.0265  0.0266  0.0268  0.0268  0.0264  0.0262  0.0267
  0.0318  0.0318  0.0317  0.0317  0.0311  0.0274  0.0263  0.0263  0.0263  0.0263  0.0262  0.0262
  0.0324  0.0318  0.0321  0.0336  0.0342  0.0299  0.0267  0.0268  0.0265  0.0270  0.0265  0.0259
  0.0339  0.0326  0.0330  0.0367  0.0376  0.0337  0.0278  0.0285  0.0272  0.0286  0.0270  0.0260
  0.0364  0.0341  0.0345  0.0408  0.0413  0.0385  0.0294  0.0313  0.0285  0.0310  0.0278  0.0266
niter,ni,del,rscale     7    3    5.0000    1.2000
parameter  5  0.572732 ->  0.500000 qaram    1.3225
parameters
   -0.2954   -9.7706   12.8223   -4.0976  -10.5915   -7.9023
   -0.1118    1.5867   -0.1195   16.6478   -2.2572  -16.7781
eta,q 0.97587 11.82842
  0.0302  0.0282  0.0273  0.0283  0.0252  0.0264  0.0271  0.0291  0.0265  0.0270  0.0255  0.0253
  0.0280  0.0267  0.0263  0.0270  0.0245  0.0248  0.0256  0.0266  0.0252  0.0254  0.0249  0.0246
  0.0266  0.0259  0.0258  0.0261  0.0246  0.0243  0.0246  0.0250  0.0245  0.0244  0.0244  0.0242
  0.0259  0.0259  0.0258  0.0258  0.0257  0.0245  0.0243  0.0243  0.0242  0.0242  0.0242  0.0242
  0.0262  0.0268  0.0262  0.0257  0.0278  0.0252  0.0247  0.0246  0.0246  0.0248  0.0242  0.0246
  0.0274  0.0284  0.0270  0.0264  0.0307  0.0274  0.0258  0.0260  0.0254  0.0261  0.0244  0.0253
  0.0294  0.0305  0.0282  0.0287  0.0343  0.0314  0.0275  0.0285  0.0266  0.0281  0.0249  0.0264
niter,ni,del,rscale     7    3    5.0000    1.2000
parameters
   -0.2055   -9.8124   12.7345   -4.3859  -11.3575   -8.1287
   -0.1336    1.5782   -0.4384   16.7321   -2.2433  -17.0604
eta,q 0.97587 11.74507
  0.0283  0.0275  0.0260  0.0263  0.0279  0.0278  0.0271  0.0287  0.0262  0.0275  0.0252  0.0256
  0.0262  0.0255  0.0250  0.0250  0.0258  0.0257  0.0256  0.0264  0.0250  0.0256  0.0246  0.0249
  0.0247  0.0244  0.0243  0.0243  0.0246  0.0244  0.0245  0.0248  0.0243  0.0245  0.0243  0.0243
  0.0241  0.0241  0.0241  0.0241  0.0241  0.0242  0.0241  0.0241  0.0241  0.0241  0.0241  0.0241
  0.0245  0.0246  0.0244  0.0242  0.0247  0.0247  0.0246  0.0246  0.0245  0.0245  0.0242  0.0244
  0.0257  0.0258  0.0252  0.0249  0.0266  0.0258  0.0256  0.0263  0.0253  0.0256  0.0246  0.0250
  0.0278  0.0275  0.0264  0.0269  0.0296  0.0283  0.0272  0.0288  0.0266  0.0273  0.0252  0.0259
niter,ni,del,rscale     6    3    5.0000    1.2000
parameters
   -0.1918   -9.7597   12.7195   -4.4455  -11.4321   -8.1210
   -0.1225    1.5843   -0.4749   16.8158   -2.2585  -17.1501
eta,q 0.97585 11.73983
  0.0281  0.0276  0.0262  0.0264  0.0284  0.0279  0.0272  0.0287  0.0264  0.0275  0.0252  0.0257
  0.0260  0.0257  0.0251  0.0250  0.0262  0.0259  0.0256  0.0264  0.0252  0.0256  0.0246  0.0249
  0.0246  0.0245  0.0244  0.0243  0.0247  0.0245  0.0245  0.0248  0.0244  0.0245  0.0243  0.0244
  0.0241  0.0241  0.0241  0.0241  0.0241  0.0241  0.0241  0.0241  0.0241  0.0241  0.0241  0.0241
  0.0246  0.0245  0.0244  0.0242  0.0245  0.0247  0.0245  0.0246  0.0244  0.0245  0.0242  0.0244
  0.0259  0.0256  0.0251  0.0248  0.0260  0.0257  0.0256  0.0262  0.0252  0.0256  0.0246  0.0250
  0.0280  0.0272  0.0263  0.0267  0.0288  0.0280  0.0272  0.0288  0.0264  0.0273  0.0252  0.0258
niter,ni,del,rscale     5    3    5.0000    1.2000
parameters
   -0.1901   -9.7464   12.7097   -4.4300  -11.4470   -8.1119
   -0.1181    1.5868   -0.4777   16.8465   -2.2667  -17.1824
eta,q 0.97585 11.74197
  0.0280  0.0275  0.0262  0.0264  0.0284  0.0279  0.0272  0.0287  0.0265  0.0275  0.0252  0.0258
  0.0260  0.0256  0.0251  0.0250  0.0262  0.0259  0.0256  0.0264  0.0252  0.0256  0.0247  0.0249
  0.0246  0.0244  0.0244  0.0243  0.0248  0.0245  0.0245  0.0248  0.0244  0.0245  0.0243  0.0244
  0.0241  0.0241  0.0241  0.0241  0.0241  0.0241  0.0242  0.0242  0.0242  0.0242  0.0241  0.0242
  0.0246  0.0246  0.0244  0.0242  0.0245  0.0247  0.0246  0.0246  0.0244  0.0245  0.0243  0.0244
  0.0259  0.0257  0.0251  0.0248  0.0260  0.0256  0.0256  0.0263  0.0252  0.0256  0.0246  0.0249
  0.0281  0.0273  0.0263  0.0266  0.0287  0.0280  0.0272  0.0288  0.0264  0.0274  0.0252  0.0258
registration optimization eta report
parameter search radius
    2.4000    2.4000    2.4000    8.2800    9.5220    8.2800
    7.2000    7.2000    7.2000    7.2000    7.2000    7.2000
100000*second partial in parameter space
       67.       57.       36.        4.        5.        6.
        6.        9.        4.        6.        2.        3.
  0.0280  0.0275  0.0262  0.0264  0.0284  0.0279  0.0272  0.0287  0.0265  0.0275  0.0252  0.0258
  0.0260  0.0256  0.0251  0.0250  0.0262  0.0259  0.0256  0.0264  0.0252  0.0256  0.0247  0.0249
  0.0246  0.0244  0.0244  0.0243  0.0248  0.0245  0.0245  0.0248  0.0244  0.0245  0.0243  0.0244
  0.0241  0.0241  0.0241  0.0241  0.0241  0.0241  0.0242  0.0242  0.0242  0.0242  0.0241  0.0242
  0.0246  0.0246  0.0244  0.0242  0.0245  0.0247  0.0246  0.0246  0.0244  0.0245  0.0243  0.0244
  0.0259  0.0257  0.0251  0.0248  0.0260  0.0256  0.0256  0.0263  0.0252  0.0256  0.0246  0.0249
  0.0281  0.0273  0.0263  0.0266  0.0287  0.0280  0.0272  0.0288  0.0264  0.0274  0.0252  0.0258
   -0.1901   -9.7464   12.7097   -4.4300  -11.4470   -8.1119
   -0.1181    1.5868   -0.4777   16.8465   -2.2667  -17.1824
eta,q 0.97585 11.74197

---------------------------------------------------------------------
imgreg_4dfp /opt/freesurfer/average/711-2C_as_mni_average_305 /opt/freesurfer/average/711-2B_as_mni_average_305_mask talsrcimg_g11 none talsrcimg_to_711-2C_as_mni_average_305_t4 2311
---------------------------------------------------------------------

freesurfer imgreg_4dfp.c
/opt/freesurfer/average/711-2C_as_mni_average_305.4dfp.img
       256       256       256         1
  1.000000  1.000000  1.000000
orientation T byte_order littleendian
Reading image: /opt/freesurfer/average/711-2C_as_mni_average_305.4dfp.img
dimensions:      256       256       256
mmppix:       1.0000   -1.0000   -1.0000
center:     128.0000 -129.0000 -129.0000
/opt/freesurfer/average/711-2B_as_mni_average_305_mask.4dfp.img
       256       256       256         1
  1.000000  1.000000  1.000000
orientation T byte_order littleendian
Reading mask: /opt/freesurfer/average/711-2B_as_mni_average_305_mask.4dfp.img (2306576 pixels)
talsrcimg_g11.4dfp.img
       256       256       256         1
  0.898437  0.898437  0.898437
orientation T byte_order littleendian
Reading image: talsrcimg_g11.4dfp.img
dimensions:      256       256       256
mmppix:       0.8984   -0.8984   -0.8984
center:     114.9999 -115.8984 -115.8984
fimgreg.f
image alignment mode   2311 decimal      907 hex
parameters
   -0.1901   -9.7464   12.7097   -4.4300  -11.4470   -8.1119
   -0.1181    1.5868   -0.4777   16.8465   -2.2667  -17.1824
eta,q 0.97585 11.74197
niter,ni,del,rscale     5    3    5.0000    0.8000
parameters
   -0.1787   -9.7945   12.7353   -3.9690  -10.9850   -7.9910
   -0.0539    1.6833   -0.4030   16.8240   -2.2744  -16.9639
eta,q 0.97589 11.81000
  0.0260  0.0256  0.0251  0.0248  0.0254  0.0254  0.0256  0.0263  0.0253  0.0256  0.0246  0.0250
  0.0250  0.0247  0.0246  0.0244  0.0248  0.0246  0.0248  0.0252  0.0246  0.0248  0.0243  0.0246
  0.0244  0.0242  0.0243  0.0242  0.0244  0.0242  0.0243  0.0244  0.0242  0.0243  0.0242  0.0243
  0.0242  0.0241  0.0241  0.0241  0.0241  0.0241  0.0241  0.0241  0.0241  0.0241  0.0241  0.0241
  0.0243  0.0244  0.0242  0.0241  0.0241  0.0243  0.0243  0.0243  0.0243  0.0243  0.0242  0.0242
  0.0249  0.0249  0.0246  0.0242  0.0244  0.0247  0.0248  0.0250  0.0246  0.0248  0.0243  0.0244
  0.0259  0.0257  0.0251  0.0246  0.0251  0.0251  0.0255  0.0262  0.0252  0.0256  0.0246  0.0248
niter,ni,del,rscale     4    3    5.0000    0.7000
parameters
   -0.1749   -9.8439   12.7397   -3.7983  -10.8712   -8.0236
   -0.0343    1.7246   -0.3675   16.7659   -2.2724  -16.8594
eta,q 0.97591 11.82419
  0.0255  0.0252  0.0249  0.0245  0.0250  0.0250  0.0253  0.0257  0.0250  0.0252  0.0245  0.0247
  0.0247  0.0246  0.0245  0.0242  0.0246  0.0244  0.0246  0.0249  0.0245  0.0246  0.0243  0.0244
  0.0243  0.0242  0.0242  0.0241  0.0242  0.0241  0.0242  0.0243  0.0242  0.0242  0.0241  0.0242
  0.0241  0.0241  0.0241  0.0241  0.0241  0.0241  0.0241  0.0241  0.0241  0.0241  0.0241  0.0241
  0.0243  0.0243  0.0242  0.0241  0.0242  0.0243  0.0242  0.0242  0.0242  0.0242  0.0241  0.0241
  0.0247  0.0247  0.0244  0.0242  0.0244  0.0246  0.0246  0.0248  0.0245  0.0246  0.0242  0.0244
  0.0255  0.0253  0.0249  0.0245  0.0250  0.0249  0.0252  0.0257  0.0249  0.0253  0.0245  0.0247
niter,ni,del,rscale     3    3    5.0000    0.6000
parameters
   -0.1710   -9.8694   12.7429   -3.7294  -10.7920   -8.1173
   -0.0395    1.7490   -0.3553   16.6969   -2.2454  -16.7958
eta,q 0.97593 11.82500
  0.0251  0.0249  0.0246  0.0243  0.0248  0.0248  0.0250  0.0253  0.0247  0.0249  0.0243  0.0246
  0.0246  0.0244  0.0244  0.0242  0.0244  0.0243  0.0245  0.0246  0.0244  0.0244  0.0242  0.0243
  0.0242  0.0242  0.0242  0.0241  0.0242  0.0241  0.0242  0.0242  0.0242  0.0242  0.0241  0.0241
  0.0241  0.0241  0.0241  0.0241  0.0241  0.0241  0.0241  0.0241  0.0241  0.0241  0.0241  0.0241
  0.0242  0.0242  0.0241  0.0241  0.0241  0.0242  0.0242  0.0242  0.0242  0.0242  0.0241  0.0241
  0.0245  0.0245  0.0243  0.0242  0.0244  0.0244  0.0245  0.0246  0.0244  0.0245  0.0242  0.0243
  0.0251  0.0250  0.0247  0.0243  0.0248  0.0247  0.0249  0.0253  0.0247  0.0250  0.0244  0.0245
niter,ni,del,rscale     2    3    5.0000    0.5000
parameters
   -0.1666   -9.8799   12.7422   -3.6920  -10.7271   -8.2590
   -0.0499    1.7644   -0.3566   16.6420   -2.2368  -16.7644
eta,q 0.97593 11.82017
  0.0248  0.0247  0.0245  0.0242  0.0246  0.0245  0.0247  0.0249  0.0245  0.0246  0.0243  0.0244
  0.0244  0.0243  0.0243  0.0241  0.0243  0.0242  0.0243  0.0245  0.0243  0.0243  0.0242  0.0242
  0.0242  0.0241  0.0241  0.0241  0.0242  0.0241  0.0241  0.0242  0.0241  0.0241  0.0241  0.0241
  0.0241  0.0241  0.0241  0.0241  0.0241  0.0241  0.0241  0.0241  0.0241  0.0241  0.0241  0.0241
  0.0242  0.0242  0.0241  0.0241  0.0241  0.0242  0.0241  0.0242  0.0241  0.0241  0.0241  0.0241
  0.0244  0.0244  0.0243  0.0241  0.0243  0.0244  0.0244  0.0244  0.0243  0.0243  0.0242  0.0242
  0.0248  0.0247  0.0245  0.0242  0.0246  0.0246  0.0247  0.0249  0.0245  0.0247  0.0243  0.0244
niter,ni,del,rscale     1    3    5.0000    0.4000
parameters
   -0.1604   -9.8895   12.7282   -3.6940  -10.6743   -8.4015
   -0.0780    1.7775   -0.3535   16.5739   -2.2467  -16.7477
eta,q 0.97594 11.81192
  0.0245  0.0245  0.0243  0.0242  0.0244  0.0244  0.0245  0.0246  0.0244  0.0244  0.0242  0.0243
  0.0243  0.0242  0.0242  0.0241  0.0242  0.0242  0.0242  0.0243  0.0242  0.0242  0.0241  0.0242
  0.0241  0.0241  0.0241  0.0241  0.0241  0.0241  0.0241  0.0241  0.0241  0.0241  0.0241  0.0241
  0.0241  0.0241  0.0241  0.0241  0.0241  0.0241  0.0241  0.0241  0.0241  0.0241  0.0241  0.0241
  0.0241  0.0241  0.0241  0.0241  0.0241  0.0241  0.0241  0.0241  0.0241  0.0241  0.0241  0.0241
  0.0243  0.0243  0.0242  0.0241  0.0242  0.0243  0.0243  0.0243  0.0242  0.0243  0.0241  0.0242
  0.0245  0.0245  0.0243  0.0242  0.0244  0.0244  0.0245  0.0246  0.0244  0.0245  0.0242  0.0243
registration optimization eta report
parameter search radius
    0.8000    0.8000    0.8000    2.4000    2.4000    2.4000
    2.4000    2.4000    2.4000    2.4000    2.4000    2.4000
100000*second partial in parameter space
       72.       62.       40.        2.        5.        6.
        7.       10.        5.        7.        2.        4.
  0.0245  0.0245  0.0243  0.0242  0.0244  0.0244  0.0245  0.0246  0.0244  0.0244  0.0242  0.0243
  0.0243  0.0242  0.0242  0.0241  0.0242  0.0242  0.0242  0.0243  0.0242  0.0242  0.0241  0.0242
  0.0241  0.0241  0.0241  0.0241  0.0241  0.0241  0.0241  0.0241  0.0241  0.0241  0.0241  0.0241
  0.0241  0.0241  0.0241  0.0241  0.0241  0.0241  0.0241  0.0241  0.0241  0.0241  0.0241  0.0241
  0.0241  0.0241  0.0241  0.0241  0.0241  0.0241  0.0241  0.0241  0.0241  0.0241  0.0241  0.0241
  0.0243  0.0243  0.0242  0.0241  0.0242  0.0243  0.0243  0.0243  0.0242  0.0243  0.0241  0.0242
  0.0245  0.0245  0.0243  0.0242  0.0244  0.0244  0.0245  0.0246  0.0244  0.0245  0.0242  0.0243
   -0.1604   -9.8895   12.7282   -3.6940  -10.6743   -8.4015
   -0.0780    1.7775   -0.3535   16.5739   -2.2467  -16.7477
eta,q 0.97594 11.81192

---------------------------------------------------------------------
imgreg_4dfp /opt/freesurfer/average/711-2C_as_mni_average_305 /opt/freesurfer/average/711-2B_as_mni_average_305_mask talsrcimg_g11 none talsrcimg_to_711-2C_as_mni_average_305_t4 2311
---------------------------------------------------------------------

freesurfer imgreg_4dfp.c
/opt/freesurfer/average/711-2C_as_mni_average_305.4dfp.img
       256       256       256         1
  1.000000  1.000000  1.000000
orientation T byte_order littleendian
Reading image: /opt/freesurfer/average/711-2C_as_mni_average_305.4dfp.img
dimensions:      256       256       256
mmppix:       1.0000   -1.0000   -1.0000
center:     128.0000 -129.0000 -129.0000
/opt/freesurfer/average/711-2B_as_mni_average_305_mask.4dfp.img
       256       256       256         1
  1.000000  1.000000  1.000000
orientation T byte_order littleendian
Reading mask: /opt/freesurfer/average/711-2B_as_mni_average_305_mask.4dfp.img (2306576 pixels)
talsrcimg_g11.4dfp.img
       256       256       256         1
  0.898437  0.898437  0.898437
orientation T byte_order littleendian
Reading image: talsrcimg_g11.4dfp.img
dimensions:      256       256       256
mmppix:       0.8984   -0.8984   -0.8984
center:     114.9999 -115.8984 -115.8984
fimgreg.f
image alignment mode   2311 decimal      907 hex
parameters
   -0.1604   -9.8895   12.7282   -3.6940  -10.6743   -8.4015
   -0.0780    1.7775   -0.3535   16.5739   -2.2467  -16.7477
eta,q 0.97594 11.81192
niter,ni,del,rscale     5    3    5.0000    0.8000
parameters
   -0.1694   -9.8505   12.6874   -4.0229  -10.9028   -8.1319
   -0.0265    1.6980   -0.4105   16.7028   -2.2222  -16.9136
eta,q 0.97591 11.79813
  0.0259  0.0257  0.0250  0.0245  0.0251  0.0255  0.0256  0.0261  0.0252  0.0257  0.0246  0.0248
  0.0249  0.0248  0.0245  0.0242  0.0246  0.0247  0.0248  0.0250  0.0246  0.0248  0.0243  0.0244
  0.0243  0.0242  0.0242  0.0241  0.0242  0.0242  0.0243  0.0243  0.0242  0.0243  0.0241  0.0242
  0.0241  0.0241  0.0241  0.0241  0.0241  0.0241  0.0241  0.0241  0.0241  0.0241  0.0241  0.0241
  0.0243  0.0242  0.0242  0.0241  0.0242  0.0243  0.0243  0.0243  0.0242  0.0242  0.0241  0.0242
  0.0249  0.0247  0.0245  0.0243  0.0246  0.0246  0.0248  0.0251  0.0246  0.0247  0.0243  0.0245
  0.0259  0.0255  0.0251  0.0247  0.0254  0.0251  0.0255  0.0263  0.0252  0.0255  0.0246  0.0249
niter,ni,del,rscale     4    3    5.0000    0.7000
parameters
   -0.1727   -9.8494   12.7302   -3.8443  -10.8810   -8.0838
   -0.0351    1.7184   -0.3887   16.7291   -2.2423  -16.8586
eta,q 0.97591 11.81513
  0.0255  0.0253  0.0249  0.0245  0.0250  0.0251  0.0252  0.0257  0.0250  0.0253  0.0244  0.0247
  0.0247  0.0246  0.0245  0.0242  0.0245  0.0245  0.0246  0.0249  0.0245  0.0246  0.0242  0.0244
  0.0243  0.0242  0.0242  0.0241  0.0242  0.0241  0.0242  0.0243  0.0242  0.0242  0.0241  0.0242
  0.0241  0.0241  0.0241  0.0241  0.0241  0.0241  0.0241  0.0241  0.0241  0.0241  0.0241  0.0241
  0.0243  0.0242  0.0242  0.0241  0.0242  0.0243  0.0242  0.0243  0.0242  0.0242  0.0241  0.0242
  0.0247  0.0246  0.0244  0.0242  0.0245  0.0245  0.0246  0.0248  0.0245  0.0246  0.0242  0.0244
  0.0255  0.0252  0.0248  0.0244  0.0250  0.0249  0.0252  0.0257  0.0249  0.0252  0.0245  0.0247
niter,ni,del,rscale     3    3    5.0000    0.6000
parameters
   -0.1694   -9.8655   12.7406   -3.7684  -10.7953   -8.1413
   -0.0430    1.7468   -0.3712   16.6907   -2.2443  -16.8015
eta,q 0.97593 11.82033
  0.0251  0.0249  0.0247  0.0243  0.0248  0.0248  0.0250  0.0253  0.0247  0.0249  0.0243  0.0246
  0.0246  0.0245  0.0244  0.0242  0.0244  0.0243  0.0245  0.0247  0.0244  0.0244  0.0242  0.0243
  0.0242  0.0242  0.0242  0.0241  0.0242  0.0241  0.0242  0.0242  0.0242  0.0242  0.0241  0.0241
  0.0241  0.0241  0.0241  0.0241  0.0241  0.0241  0.0241  0.0241  0.0241  0.0241  0.0241  0.0241
  0.0242  0.0242  0.0241  0.0241  0.0241  0.0242  0.0242  0.0242  0.0242  0.0242  0.0241  0.0241
  0.0245  0.0245  0.0243  0.0242  0.0243  0.0244  0.0245  0.0246  0.0244  0.0245  0.0242  0.0243
  0.0251  0.0250  0.0246  0.0243  0.0247  0.0247  0.0249  0.0253  0.0247  0.0250  0.0244  0.0245
niter,ni,del,rscale     2    3    5.0000    0.5000
parameters
   -0.1662   -9.8790   12.7387   -3.7102  -10.7243   -8.2667
   -0.0461    1.7659   -0.3572   16.6343   -2.2393  -16.7786
eta,q 0.97593 11.81853
  0.0248  0.0247  0.0245  0.0242  0.0246  0.0245  0.0247  0.0249  0.0245  0.0246  0.0243  0.0244
  0.0244  0.0243  0.0243  0.0241  0.0243  0.0242  0.0243  0.0245  0.0243  0.0243  0.0242  0.0242
  0.0242  0.0241  0.0241  0.0241  0.0242  0.0241  0.0241  0.0242  0.0241  0.0241  0.0241  0.0241
  0.0241  0.0241  0.0241  0.0241  0.0241  0.0241  0.0241  0.0241  0.0241  0.0241  0.0241  0.0241
  0.0242  0.0242  0.0241  0.0241  0.0241  0.0242  0.0241  0.0242  0.0241  0.0241  0.0241  0.0241
  0.0244  0.0244  0.0242  0.0241  0.0243  0.0244  0.0244  0.0244  0.0243  0.0243  0.0242  0.0242
  0.0248  0.0247  0.0245  0.0242  0.0245  0.0246  0.0247  0.0249  0.0245  0.0247  0.0243  0.0244
niter,ni,del,rscale     1    3    5.0000    0.4000
parameters
   -0.1621   -9.8872   12.7297   -3.7158  -10.6764   -8.4118
   -0.0772    1.7733   -0.3652   16.5762   -2.2497  -16.7572
eta,q 0.97594 11.80964
  0.0245  0.0245  0.0243  0.0242  0.0244  0.0244  0.0245  0.0246  0.0244  0.0244  0.0242  0.0243
  0.0243  0.0242  0.0242  0.0241  0.0242  0.0242  0.0242  0.0243  0.0242  0.0242  0.0241  0.0242
  0.0241  0.0241  0.0241  0.0241  0.0241  0.0241  0.0241  0.0241  0.0241  0.0241  0.0241  0.0241
  0.0241  0.0241  0.0241  0.0241  0.0241  0.0241  0.0241  0.0241  0.0241  0.0241  0.0241  0.0241
  0.0241  0.0241  0.0241  0.0241  0.0241  0.0241  0.0241  0.0241  0.0241  0.0241  0.0241  0.0241
  0.0243  0.0243  0.0242  0.0241  0.0242  0.0243  0.0243  0.0243  0.0242  0.0242  0.0241  0.0242
  0.0245  0.0245  0.0243  0.0242  0.0244  0.0244  0.0245  0.0246  0.0244  0.0245  0.0242  0.0243
registration optimization eta report
parameter search radius
    0.8000    0.8000    0.8000    2.4000    2.4000    2.4000
    2.4000    2.4000    2.4000    2.4000    2.4000    2.4000
100000*second partial in parameter space
       72.       61.       40.        2.        5.        6.
        7.       10.        5.        7.        2.        4.
  0.0245  0.0245  0.0243  0.0242  0.0244  0.0244  0.0245  0.0246  0.0244  0.0244  0.0242  0.0243
  0.0243  0.0242  0.0242  0.0241  0.0242  0.0242  0.0242  0.0243  0.0242  0.0242  0.0241  0.0242
  0.0241  0.0241  0.0241  0.0241  0.0241  0.0241  0.0241  0.0241  0.0241  0.0241  0.0241  0.0241
  0.0241  0.0241  0.0241  0.0241  0.0241  0.0241  0.0241  0.0241  0.0241  0.0241  0.0241  0.0241
  0.0241  0.0241  0.0241  0.0241  0.0241  0.0241  0.0241  0.0241  0.0241  0.0241  0.0241  0.0241
  0.0243  0.0243  0.0242  0.0241  0.0242  0.0243  0.0243  0.0243  0.0242  0.0242  0.0241  0.0242
  0.0245  0.0245  0.0243  0.0242  0.0244  0.0244  0.0245  0.0246  0.0244  0.0245  0.0242  0.0243
   -0.1621   -9.8872   12.7297   -3.7158  -10.6764   -8.4118
   -0.0772    1.7733   -0.3652   16.5762   -2.2497  -16.7572
eta,q 0.97594 11.80964

---------------------------------------------------------------------
compute_vox2vox talsrcimg talsrcimg_to_711-2C_as_mni_average_305_t4 /opt/freesurfer/average/711-2C_as_mni_average_305
---------------------------------------------------------------------

freesurfer compute_vox2vox.c
Reading: talsrcimg.4dfp.ifh
Reading: talsrcimg_to_711-2C_as_mni_average_305_t4
Reading: /opt/freesurfer/average/711-2C_as_mni_average_305.4dfp.ifh
Writing: talsrcimg_to_711-2C_as_mni_average_305_t4_vox2vox.txt

start time Wed Mar 11 04:54:18 CET 2026
end		time Wed Mar 11 04:55:44 CET 2026

mpr2mni305 success

avi2talxfm orig_nu.mgz /opt/freesurfer/average/mni305.cor.mgz talsrcimg_to_711-2C_as_mni_average_305_t4_vox2vox.txt transforms/talairach.auto.xfm
avi2talxfm done
mv -f /out/sourcedata/freesurfer/sub-v2s13x29128_ses-1/mri/talsrcimg_to_711-2C_as_mni_average_305_t4_vox2vox.txt /out/sourcedata/freesurfer/sub-v2s13x29128_ses-1/mri/transforms/talsrcimg_to_711-2C_as_mni_average_305_t4_vox2vox.txt
lta_convert --src orig_nu.mgz --trg /opt/freesurfer/average/mni305.cor.mgz --inxfm transforms/talairach.auto.xfm --outlta transforms/talairach.auto.xfm.lta --subject fsaverage
7.3.2

--src: orig_nu.mgz src image (geometry).
--trg: /opt/freesurfer/average/mni305.cor.mgz trg image (geometry).
--inmni: transforms/talairach.auto.xfm input MNI/XFM transform.
--outlta: transforms/talairach.auto.xfm.lta output LTA.
--s: fsaverage subject name
 LTA read, type : 1
 1.03812  -0.01960  -0.00278  -1.62595;
 0.02541   1.05551   0.19804  -10.78558;
-0.00047  -0.19595   1.08276  -3.98505;
 0.00000   0.00000   0.00000   1.00000;
setting subject to fsaverage
Writing  LTA to file transforms/talairach.auto.xfm.lta...
lta_convert successful.
 
 
Started at Wed Mar 11 04:54:17 CET 2026
Ended   at Wed Mar 11 04:55:44 CET 2026
talairach_avi done
