/out/sourcedata/freesurfer/sub-v2s13x29096_ses-1/mri
/opt/freesurfer/bin/talairach_avi
--i orig_nu.mgz --xfm transforms/talairach.auto.xfm
talairach_avi 7.3.2
Linux dna023 5.14.0-427.37.1.el9_4.x86_64 #1 SMP PREEMPT_DYNAMIC Fri Sep 13 12:41:50 EDT 2024 x86_64 x86_64 x86_64 GNU/Linux
Wed Mar 11 03:06:01 CET 2026
mri_convert orig_nu.mgz talsrcimg.img 
reading from orig_nu.mgz...
TR=0.00, TE=0.00, TI=0.00, flip angle=0.00
i_ras = (-1, 2.15621e-10, 3.23938e-11)
j_ras = (-1.61969e-11, 2.0732e-09, -1)
k_ras = (-2.16128e-10, 1, 2.0732e-09)
writing to talsrcimg.img...
Analyze Output Matrix
-0.89844  -0.00000  -0.00000   117.20094;
 0.00000   0.00000   0.89844  -119.84400;
 0.00000  -0.89844   0.00000   141.63094;
 0.00000   0.00000   0.00000   1.00000;
--------------------
INFO: set hdr.hist.orient to -1
mpr2mni305 talsrcimg
Wed Mar 11 03:06:01 CET 2026
/opt/freesurfer/bin/mpr2mni305 talsrcimg
mpr2mni305 7.3.2
target=711-2C_as_mni_average_305

---------------------------------------------------------------------
analyzeto4dfp talsrcimg -O0 -y
---------------------------------------------------------------------

freesurfer ifh2hdr.c
Wed Mar 11 03:06:01 2026
Writing: talsrcimg.4dfp.hdr
freesurfer analyzeto4dfp.c
Reading: talsrcimg.hdr
header size 348 bytes
hdr.dime.datatype	offset=70	value=2
hdr.dime.bitpix		offset=72	value=8
hdr.hist.orient		offset=252	value=-1
dimensionality     4
dimensions       256       256       256         1
Reading: talsrcimg.img
Writing: talsrcimg.4dfp.img
Writing: talsrcimg.4dfp.ifh
ifh2hdr talsrcimg -r0to233
ori=2

---------------------------------------------------------------------
gauss_4dfp talsrcimg 1.1
---------------------------------------------------------------------

freesurfer gauss_4dfp.c
Reading: talsrcimg.4dfp.img
Writing: talsrcimg_g11.4dfp.img
image dimensions 256 256 256 padded to 288 288 288
processing volume 1freesurfer ifh2hdr.c
Wed Mar 11 03:06:03 2026
Writing: talsrcimg_g11.4dfp.hdr

Writing: talsrcimg_g11.4dfp.ifh
including: talsrcimg.4dfp.img.rec in talsrcimg_g11.4dfp.img.rec

---------------------------------------------------------------------
imgreg_4dfp /opt/freesurfer/average/711-2C_as_mni_average_305 none talsrcimg_g11 none talsrcimg_to_711-2C_as_mni_average_305_t4 4355
---------------------------------------------------------------------

freesurfer imgreg_4dfp.c
/opt/freesurfer/average/711-2C_as_mni_average_305.4dfp.img
       256       256       256         1
  1.000000  1.000000  1.000000
orientation T byte_order littleendian
Reading image: /opt/freesurfer/average/711-2C_as_mni_average_305.4dfp.img
dimensions:      256       256       256
mmppix:       1.0000   -1.0000   -1.0000
center:     128.0000 -129.0000 -129.0000
talsrcimg_g11.4dfp.img
       256       256       256         1
  0.898438  0.898438  0.898438
orientation T byte_order littleendian
Reading image: talsrcimg_g11.4dfp.img
dimensions:      256       256       256
mmppix:       0.8984   -0.8984   -0.8984
center:     115.0001 -115.8985 -115.8985
t4_read: open error in t4_sub.f l:  41 t4_file(1:l)talsrcimg_to_711-2C_as_mni_average_305_t4 
t4_read: transform initialized to I4
rotation matrix determinant  1.000000
image alignment mode   4355 decimal     1103 hex
   -7.5000  -45.0000  -45.0000 5703.8130   19.4102
    0.0000  -45.0000  -45.0000 5704.5625   19.3638
    7.5000  -45.0000  -45.0000 5379.7671   19.3841
   -7.5000  -37.5000  -45.0000 6130.8135   20.6285
    0.0000  -37.5000  -45.0000 6142.3950   20.5908
    7.5000  -37.5000  -45.0000 5801.4619   20.6134
   -7.5000  -30.0000  -45.0000 6593.8110   21.2474
    0.0000  -30.0000  -45.0000 6612.1641   21.2133
    7.5000  -30.0000  -45.0000 6254.6880   21.2404
   -7.5000  -22.5000  -45.0000 7102.2358   21.2089
    0.0000  -22.5000  -45.0000 7119.6055   21.1687
    7.5000  -22.5000  -45.0000 6719.2871   21.1993
   -7.5000  -15.0000  -45.0000 7564.6372   21.2038
    0.0000  -15.0000  -45.0000 7597.8755   21.1522
    7.5000  -15.0000  -45.0000 7169.2896   21.1821
   -7.5000   -7.5000  -45.0000 7703.0850   21.2354
    0.0000   -7.5000  -45.0000 7757.6230   21.1784
    7.5000   -7.5000  -45.0000 7303.9624   21.2039
   -7.5000    0.0000  -45.0000 7764.8062   21.2732
    0.0000    0.0000  -45.0000 7808.3701   21.2222
    7.5000    0.0000  -45.0000 7370.5557   21.2446
   -7.5000    7.5000  -45.0000 7432.6787   21.2789
    0.0000    7.5000  -45.0000 7471.0791   21.2399
    7.5000    7.5000  -45.0000 7080.3384   21.2633
   -7.5000   15.0000  -45.0000 7398.6777   21.2474
    0.0000   15.0000  -45.0000 7451.2061   21.2133
    7.5000   15.0000  -45.0000 7040.6460   21.2404
   -7.5000   22.5000  -45.0000 7023.8818   20.9236
    0.0000   22.5000  -45.0000 7051.3638   20.8840
    7.5000   22.5000  -45.0000 6664.4609   20.9141
   -7.5000   30.0000  -45.0000 6444.8789   20.3607
    0.0000   30.0000  -45.0000 6456.1343   20.3111
    7.5000   30.0000  -45.0000 6104.1479   20.3398
   -7.5000   37.5000  -45.0000 5845.9600   19.7346
    0.0000   37.5000  -45.0000 5855.7236   19.6816
    7.5000   37.5000  -45.0000 5544.1572   19.7053
   -7.5000   45.0000  -45.0000 5320.4175   19.1793
    0.0000   45.0000  -45.0000 5322.2930   19.1338
    7.5000   45.0000  -45.0000 5035.3496   19.1549
   -7.5000  -45.0000  -37.5000 6247.6685   20.4226
    0.0000  -45.0000  -37.5000 6267.5938   20.3817
    7.5000  -45.0000  -37.5000 5903.3062   20.4003
   -7.5000  -37.5000  -37.5000 6717.6743   21.7080
    0.0000  -37.5000  -37.5000 6738.7046   21.6751
    7.5000  -37.5000  -37.5000 6358.4868   21.6985
   -7.5000  -30.0000  -37.5000 7233.6387   22.3248
    0.0000  -30.0000  -37.5000 7250.0537   22.2947
    7.5000  -30.0000  -37.5000 6844.2266   22.3253
   -7.5000  -22.5000  -37.5000 7746.0073   22.2934
    0.0000  -22.5000  -37.5000 7791.9141   22.2575
    7.5000  -22.5000  -37.5000 7337.4390   22.2920
   -7.5000  -15.0000  -37.5000 8228.5654   22.2938
    0.0000  -15.0000  -37.5000 8307.8848   22.2479
    7.5000  -15.0000  -37.5000 7813.2373   22.2796
   -7.5000   -7.5000  -37.5000 8324.3359   22.3243
    0.0000   -7.5000  -37.5000 8423.1357   22.2734
    7.5000   -7.5000  -37.5000 7936.8813   22.2978
   -7.5000    0.0000  -37.5000 8410.4307   22.3542
    0.0000    0.0000  -37.5000 8492.6006   22.3093
    7.5000    0.0000  -37.5000 8019.1245   22.3298
   -7.5000    7.5000  -37.5000 8065.1196   22.3529
    0.0000    7.5000  -37.5000 8117.5439   22.3190
    7.5000    7.5000  -37.5000 7668.7402   22.3432
   -7.5000   15.0000  -37.5000 8045.2778   22.3237
    0.0000   15.0000  -37.5000 8094.7349   22.2936
    7.5000   15.0000  -37.5000 7628.9663   22.3242
   -7.5000   22.5000  -37.5000 7598.7959   21.9953
    0.0000   22.5000  -37.5000 7656.1699   21.9599
    7.5000   22.5000  -37.5000 7208.6079   21.9940
   -7.5000   30.0000  -37.5000 6953.1631   21.4226
    0.0000   30.0000  -37.5000 6987.7168   21.3784
    7.5000   30.0000  -37.5000 6581.2173   21.4089
   -7.5000   37.5000  -37.5000 6275.3604   20.7636
    0.0000   37.5000  -37.5000 6299.1968   20.7162
    7.5000   37.5000  -37.5000 5951.9023   20.7389
   -7.5000   45.0000  -37.5000 5687.5908   20.1581
    0.0000   45.0000  -37.5000 5729.0576   20.1177
    7.5000   45.0000  -37.5000 5406.5400   20.1365
   -7.5000  -45.0000  -30.0000 6794.6274   21.4586
    0.0000  -45.0000  -30.0000 6830.6934   21.4205
    7.5000  -45.0000  -30.0000 6416.0234   21.4455
   -7.5000  -37.5000  -30.0000 7283.9131   22.8090
    0.0000  -37.5000  -30.0000 7322.1655   22.7790
    7.5000  -37.5000  -30.0000 6884.8999   22.8119
   -7.5000  -30.0000  -30.0000 7821.5947   23.4313
    0.0000  -30.0000  -30.0000 7849.8584   23.4030
    7.5000  -30.0000  -30.0000 7390.5752   23.4429
   -7.5000  -22.5000  -30.0000 8385.3838   23.4144
    0.0000  -22.5000  -30.0000 8431.0293   23.3798
    7.5000  -22.5000  -30.0000 7936.8506   23.4216
   -7.5000  -15.0000  -30.0000 8889.4941   23.4225
    0.0000  -15.0000  -30.0000 8980.8389   23.3783
    7.5000  -15.0000  -30.0000 8435.1660   23.4156
   -7.5000   -7.5000  -30.0000 8995.6885   23.4472
    0.0000   -7.5000  -30.0000 9109.8057   23.3988
    7.5000   -7.5000  -30.0000 8556.5078   23.4284
   -7.5000    0.0000  -30.0000 9073.8564   23.4636
    0.0000    0.0000  -30.0000 9171.0352   23.4219
    7.5000    0.0000  -30.0000 8611.7266   23.4494
   -7.5000    7.5000  -30.0000 8701.4863   23.4512
    0.0000    7.5000  -30.0000 8764.9746   23.4203
    7.5000    7.5000  -30.0000 8251.4990   23.4541
   -7.5000   15.0000  -30.0000 8623.6562   23.4281
    0.0000   15.0000  -30.0000 8682.5977   23.3998
    7.5000   15.0000  -30.0000 8168.9590   23.4397
   -7.5000   22.5000  -30.0000 8128.0684   23.1024
    0.0000   22.5000  -30.0000 8189.2842   23.0682
    7.5000   22.5000  -30.0000 7698.6494   23.1095
   -7.5000   30.0000  -30.0000 7420.5767   22.5235
    0.0000   30.0000  -30.0000 7484.5918   22.4810
    7.5000   30.0000  -30.0000 7038.9775   22.5169
   -7.5000   37.5000  -30.0000 6679.4409   21.8410
    0.0000   37.5000  -30.0000 6732.4775   21.7959
    7.5000   37.5000  -30.0000 6336.0059   21.8235
   -7.5000   45.0000  -30.0000 6067.5156   21.1984
    0.0000   45.0000  -30.0000 6120.7261   21.1606
    7.5000   45.0000  -30.0000 5762.3096   21.1845
   -7.5000  -45.0000  -22.5000 7329.6230   22.3972
    0.0000  -45.0000  -22.5000 7363.2710   22.3564
    7.5000  -45.0000  -22.5000 6929.6924   22.3907
   -7.5000  -37.5000  -22.5000 7828.6348   23.8192
    0.0000  -37.5000  -22.5000 7877.5542   23.7871
    7.5000  -37.5000  -22.5000 7413.6475   23.8304
   -7.5000  -30.0000  -22.5000 8393.7549   24.4465
    0.0000  -30.0000  -22.5000 8447.3496   24.4157
    7.5000  -30.0000  -22.5000 7935.5288   24.4638
   -7.5000  -22.5000  -22.5000 8989.1816   24.4360
    0.0000  -22.5000  -22.5000 9060.9688   24.3981
    7.5000  -22.5000  -22.5000 8538.4121   24.4458
   -7.5000  -15.0000  -22.5000 9499.3613   24.4444
    0.0000  -15.0000  -22.5000 9597.1045   24.3962
    7.5000  -15.0000  -22.5000 9022.9756   24.4390
   -7.5000   -7.5000  -22.5000 9641.9951   24.4645
    0.0000   -7.5000  -22.5000 9764.4990   24.4121
    7.5000   -7.5000  -22.5000 9136.0107   24.4488
   -7.5000    0.0000  -22.5000 9727.0889   24.4758
    0.0000    0.0000  -22.5000 9850.7988   24.4311
    7.5000    0.0000  -22.5000 9209.5322   24.4689
   -7.5000    7.5000  -22.5000 9308.1914   24.4593
    0.0000    7.5000  -22.5000 9401.1191   24.4263
    7.5000    7.5000  -22.5000 8809.6729   24.4708
   -7.5000   15.0000  -22.5000 9162.3408   24.4406
    0.0000   15.0000  -22.5000 9269.6553   24.4099
    7.5000   15.0000  -22.5000 8668.0918   24.4579
   -7.5000   22.5000  -22.5000 8604.4893   24.1127
    0.0000   22.5000  -22.5000 8696.8643   24.0753
    7.5000   22.5000  -22.5000 8142.9673   24.1223
   -7.5000   30.0000  -22.5000 7872.1875   23.5235
    0.0000   30.0000  -22.5000 7973.8916   23.4771
    7.5000   30.0000  -22.5000 7470.3662   23.5183
   -7.5000   37.5000  -22.5000 7087.3271   22.8234
    0.0000   37.5000  -22.5000 7168.9673   22.7745
    7.5000   37.5000  -22.5000 6710.0703   22.8087
   -7.5000   45.0000  -22.5000 6435.5508   22.1674
    0.0000   45.0000  -22.5000 6499.0996   22.1270
    7.5000   45.0000  -22.5000 6100.7588   22.1592
   -7.5000  -45.0000  -15.0000 7815.4893   23.1966
    0.0000  -45.0000  -15.0000 7847.0508   23.1483
    7.5000  -45.0000  -15.0000 7391.6221   23.1872
   -7.5000  -37.5000  -15.0000 8336.5391   24.6774
    0.0000  -37.5000  -15.0000 8389.3955   24.6391
    7.5000  -37.5000  -15.0000 7904.0908   24.6849
   -7.5000  -30.0000  -15.0000 8928.1709   25.3017
    0.0000  -30.0000  -15.0000 9002.9180   25.2657
    7.5000  -30.0000  -15.0000 8471.2607   25.3137
   -7.5000  -22.5000  -15.0000 9547.4834   25.2795
    0.0000  -22.5000  -15.0000 9637.7529   25.2352
    7.5000  -22.5000  -15.0000 9093.7285   25.2822
   -7.5000  -15.0000  -15.000010078.4902   25.2783
    0.0000  -15.0000  -15.000010168.8584   25.2215
    7.5000  -15.0000  -15.0000 9597.6436   25.2656
   -7.5000   -7.5000  -15.000010214.9941   25.3004
    0.0000   -7.5000  -15.000010352.4541   25.2390
    7.5000   -7.5000  -15.0000 9706.2529   25.2798
   -7.5000    0.0000  -15.000010331.1572   25.3247
    0.0000    0.0000  -15.000010474.1240   25.2720
    7.5000    0.0000  -15.0000 9781.5996   25.3148
   -7.5000    7.5000  -15.0000 9885.3398   25.3160
    0.0000    7.5000  -15.000010019.9854   25.2767
    7.5000    7.5000  -15.0000 9355.5732   25.3237
   -7.5000   15.0000  -15.0000 9692.8984   25.2939
    0.0000   15.0000  -15.0000 9827.8096   25.2580
    7.5000   15.0000  -15.0000 9177.6396   25.3058
   -7.5000   22.5000  -15.0000 9084.4473   24.9488
    0.0000   22.5000  -15.0000 9187.0479   24.9051
    7.5000   22.5000  -15.0000 8587.6709   24.9515
   -7.5000   30.0000  -15.0000 8327.9316   24.3443
    0.0000   30.0000  -15.0000 8440.5107   24.2896
    7.5000   30.0000  -15.0000 7895.4565   24.3320
   -7.5000   37.5000  -15.0000 7470.5728   23.6392
    0.0000   37.5000  -15.0000 7581.6641   23.5819
    7.5000   37.5000  -15.0000 7091.9873   23.6199
   -7.5000   45.0000  -15.0000 6765.7070   22.9859
    0.0000   45.0000  -15.0000 6865.1235   22.9386
    7.5000   45.0000  -15.0000 6432.0425   22.9765
   -7.5000  -45.0000   -7.5000 8049.7090   23.1779
    0.0000  -45.0000   -7.5000 8111.8252   23.1246
    7.5000  -45.0000   -7.5000 7661.0454   23.1588
   -7.5000  -37.5000   -7.5000 8584.7715   24.6683
    0.0000  -37.5000   -7.5000 8654.4561   24.6259
    7.5000  -37.5000   -7.5000 8179.5146   24.6635
   -7.5000  -30.0000   -7.5000 9175.3457   25.2849
    0.0000  -30.0000   -7.5000 9269.7539   25.2460
    7.5000  -30.0000   -7.5000 8751.6826   25.2853
   -7.5000  -22.5000   -7.5000 9817.6416   25.2447
    0.0000  -22.5000   -7.5000 9908.1709   25.1974
    7.5000  -22.5000   -7.5000 9375.7617   25.2377
   -7.5000  -15.0000   -7.500010337.1465   25.2342
    0.0000  -15.0000   -7.500010451.4375   25.1728
    7.5000  -15.0000   -7.5000 9892.7539   25.2124
   -7.5000   -7.5000   -7.500010460.4932   25.2633
    0.0000   -7.5000   -7.500010608.3584   25.1963
    7.5000   -7.5000   -7.5000 9980.9023   25.2338
   -7.5000    0.0000   -7.500010565.0264   25.3045
    0.0000    0.0000   -7.500010709.3232   25.2463
    7.5000    0.0000   -7.500010042.5068   25.2839
   -7.5000    7.5000   -7.500010106.6396   25.3067
    0.0000    7.5000   -7.500010232.5752   25.2631
    7.5000    7.5000   -7.5000 9593.8145   25.3018
   -7.5000   15.0000   -7.5000 9896.3955   25.2771
    0.0000   15.0000   -7.500010025.2725   25.2383
    7.5000   15.0000   -7.5000 9394.7119   25.2775
   -7.5000   22.5000   -7.5000 9256.8740   24.9145
    0.0000   22.5000   -7.5000 9354.8359   24.8678
    7.5000   22.5000   -7.5000 8751.6465   24.9076
   -7.5000   30.0000   -7.5000 8457.2598   24.3018
    0.0000   30.0000   -7.5000 8582.7314   24.2426
    7.5000   30.0000   -7.5000 8034.7148   24.2808
   -7.5000   37.5000   -7.5000 7625.4253   23.6044
    0.0000   37.5000   -7.5000 7745.4395   23.5418
    7.5000   37.5000   -7.5000 7256.4634   23.5769
   -7.5000   45.0000   -7.5000 6899.4517   22.9613
    0.0000   45.0000   -7.5000 7017.6616   22.9093
    7.5000   45.0000   -7.5000 6572.4077   22.9438
   -7.5000  -45.0000    0.0000 8134.7261   23.7358
    0.0000  -45.0000    0.0000 8207.5234   23.6815
    7.5000  -45.0000    0.0000 7778.5322   23.7067
   -7.5000  -37.5000    0.0000 8660.6055   25.2534
    0.0000  -37.5000    0.0000 8723.7881   25.2096
    7.5000  -37.5000    0.0000 8272.3262   25.2377
   -7.5000  -30.0000    0.0000 9254.0332   25.8619
    0.0000  -30.0000    0.0000 9327.7061   25.8229
    7.5000  -30.0000    0.0000 8844.7578   25.8563
   -7.5000  -22.5000    0.0000 9929.8633   25.8127
    0.0000  -22.5000    0.000010014.1006   25.7664
    7.5000  -22.5000    0.0000 9518.6084   25.8041
   -7.5000  -15.0000    0.000010458.4111   25.8028
    0.0000  -15.0000    0.000010601.1436   25.7427
    7.5000  -15.0000    0.000010057.3311   25.7796
   -7.5000   -7.5000    0.000010577.2188   25.8399
    0.0000   -7.5000    0.000010737.5625   25.7732
    7.5000   -7.5000    0.000010168.3496   25.8046
   -7.5000    0.0000    0.000010646.9326   25.8882
    0.0000    0.0000    0.000010815.1748   25.8288
    7.5000    0.0000    0.000010193.4395   25.8564
   -7.5000    7.5000    0.000010158.6289   25.8898
    0.0000    7.5000    0.000010302.2568   25.8449
    7.5000    7.5000    0.0000 9721.8740   25.8737
   -7.5000   15.0000    0.0000 9917.7461   25.8528
    0.0000   15.0000    0.000010057.3447   25.8137
    7.5000   15.0000    0.0000 9477.4453   25.8472
   -7.5000   22.5000    0.0000 9238.6221   25.4786
    0.0000   22.5000    0.0000 9330.5566   25.4330
    7.5000   22.5000    0.0000 8767.5088   25.4702
   -7.5000   30.0000    0.0000 8438.5908   24.8644
    0.0000   30.0000    0.0000 8557.0312   24.8064
    7.5000   30.0000    0.0000 8010.0791   24.8420
   -7.5000   37.5000    0.0000 7625.0293   24.1720
    0.0000   37.5000    0.0000 7749.9395   24.1096
    7.5000   37.5000    0.0000 7249.9746   24.1390
   -7.5000   45.0000    0.0000 6906.0864   23.5347
    0.0000   45.0000    0.0000 7023.4419   23.4813
    7.5000   45.0000    0.0000 6564.1938   23.5075
   -7.5000  -45.0000    7.5000 7900.8979   23.7320
    0.0000  -45.0000    7.5000 7967.8447   23.6844
    7.5000  -45.0000    7.5000 7562.5356   23.7059
   -7.5000  -37.5000    7.5000 8383.0254   25.2387
    0.0000  -37.5000    7.5000 8440.5195   25.2005
    7.5000  -37.5000    7.5000 8015.1274   25.2277
   -7.5000  -30.0000    7.5000 8960.5781   25.8495
    0.0000  -30.0000    7.5000 9008.2578   25.8150
    7.5000  -30.0000    7.5000 8558.5459   25.8505
   -7.5000  -22.5000    7.5000 9650.8027   25.8125
    0.0000  -22.5000    7.5000 9739.8154   25.7713
    7.5000  -22.5000    7.5000 9242.3633   25.8115
   -7.5000  -15.0000    7.500010185.5713   25.8128
    0.0000  -15.0000    7.500010287.5586   25.7598
    7.5000  -15.0000    7.5000 9781.8975   25.7967
   -7.5000   -7.5000    7.500010249.5869   25.8486
    0.0000   -7.5000    7.500010360.9736   25.7897
    7.5000   -7.5000    7.5000 9865.4844   25.8180
   -7.5000    0.0000    7.500010287.4326   25.8840
    0.0000    0.0000    7.500010429.2344   25.8320
    7.5000    0.0000    7.5000 9908.6680   25.8555
   -7.5000    7.5000    7.5000 9815.2061   25.8747
    0.0000    7.5000    7.5000 9960.2773   25.8356
    7.5000    7.5000    7.5000 9452.1582   25.8634
   -7.5000   15.0000    7.5000 9559.0088   25.8404
    0.0000   15.0000    7.5000 9696.2197   25.8058
    7.5000   15.0000    7.5000 9177.3047   25.8413
   -7.5000   22.5000    7.5000 8856.1143   25.4784
    0.0000   22.5000    7.5000 8922.9678   25.4378
    7.5000   22.5000    7.5000 8414.1123   25.4775
   -7.5000   30.0000    7.5000 8089.2959   24.8740
    0.0000   30.0000    7.5000 8162.7402   24.8230
    7.5000   30.0000    7.5000 7684.2271   24.8585
   -7.5000   37.5000    7.5000 7308.0684   24.1801
    0.0000   37.5000    7.5000 7391.8906   24.1251
    7.5000   37.5000    7.5000 6948.5005   24.1515
   -7.5000   45.0000    7.5000 6633.2017   23.5368
    0.0000   45.0000    7.5000 6724.4248   23.4896
    7.5000   45.0000    7.5000 6309.3706   23.5115
   -7.5000  -45.0000   15.0000 7938.0098   23.7483
    0.0000  -45.0000   15.0000 8004.3711   23.7062
    7.5000  -45.0000   15.0000 7593.4873   23.7339
   -7.5000  -37.5000   15.0000 8381.0186   25.2461
    0.0000  -37.5000   15.0000 8425.8027   25.2129
    7.5000  -37.5000   15.0000 8022.6284   25.2493
   -7.5000  -30.0000   15.0000 8931.3291   25.8660
    0.0000  -30.0000   15.0000 8983.7637   25.8348
    7.5000  -30.0000   15.0000 8544.8086   25.8788
   -7.5000  -22.5000   15.0000 9667.7266   25.8474
    0.0000  -22.5000   15.0000 9762.8447   25.8092
    7.5000  -22.5000   15.0000 9239.5889   25.8553
   -7.5000  -15.0000   15.000010251.2266   25.8563
    0.0000  -15.0000   15.000010306.2109   25.8074
    7.5000  -15.0000   15.0000 9833.6484   25.8487
   -7.5000   -7.5000   15.000010346.2686   25.8836
    0.0000   -7.5000   15.000010365.2852   25.8301
    7.5000   -7.5000   15.0000 9932.7061   25.8628
   -7.5000    0.0000   15.000010417.2939   25.9015
    0.0000    0.0000   15.000010440.3008   25.8555
    7.5000    0.0000   15.0000 9956.4512   25.8859
   -7.5000    7.5000   15.0000 9912.0820   25.8823
    0.0000    7.5000   15.0000 9980.9209   25.8482
    7.5000    7.5000   15.0000 9477.5947   25.8856
   -7.5000   15.0000   15.0000 9627.6709   25.8568
    0.0000   15.0000   15.0000 9697.7441   25.8256
    7.5000   15.0000   15.0000 9184.2529   25.8697
   -7.5000   22.5000   15.0000 8821.1748   25.5129
    0.0000   22.5000   15.0000 8853.9395   25.4751
    7.5000   22.5000   15.0000 8375.2930   25.5207
   -7.5000   30.0000   15.0000 8051.6011   24.9159
    0.0000   30.0000   15.0000 8092.0845   24.8689
    7.5000   30.0000   15.0000 7629.8701   24.9086
   -7.5000   37.5000   15.0000 7263.8428   24.2130
    0.0000   37.5000   15.0000 7310.3228   24.1630
    7.5000   37.5000   15.0000 6887.4683   24.1936
   -7.5000   45.0000   15.0000 6582.4351   23.5600
    0.0000   45.0000   15.0000 6632.6509   23.5180
    7.5000   45.0000   15.0000 6228.6392   23.5445
   -7.5000  -45.0000   22.5000 7563.0752   23.8089
    0.0000  -45.0000   22.5000 7637.1694   23.7654
    7.5000  -45.0000   22.5000 7237.6582   23.8016
   -7.5000  -37.5000   22.5000 7976.4331   25.3092
    0.0000  -37.5000   22.5000 8029.4414   25.2751
    7.5000  -37.5000   22.5000 7639.8862   25.3208
   -7.5000  -30.0000   22.5000 8497.4326   25.9364
    0.0000  -30.0000   22.5000 8581.7705   25.9039
    7.5000  -30.0000   22.5000 8160.4199   25.9547
   -7.5000  -22.5000   22.5000 9174.0508   25.9253
    0.0000  -22.5000   22.5000 9269.0234   25.8852
    7.5000  -22.5000   22.5000 8775.4883   25.9356
   -7.5000  -15.0000   22.5000 9811.0537   25.9342
    0.0000  -15.0000   22.5000 9849.8545   25.8830
    7.5000  -15.0000   22.5000 9312.6943   25.9282
   -7.5000   -7.5000   22.5000 9976.4355   25.9554
    0.0000   -7.5000   22.5000 9957.3115   25.8997
    7.5000   -7.5000   22.5000 9432.3926   25.9384
   -7.5000    0.0000   22.5000 9999.1162   25.9674
    0.0000    0.0000   22.5000 9960.2334   25.9199
    7.5000    0.0000   22.5000 9436.3232   25.9597
   -7.5000    7.5000   22.5000 9468.7842   25.9470
    0.0000    7.5000   22.5000 9457.1650   25.9120
    7.5000    7.5000   22.5000 8967.8408   25.9589
   -7.5000   15.0000   22.5000 9191.9648   25.9272
    0.0000   15.0000   22.5000 9204.8613   25.8947
    7.5000   15.0000   22.5000 8726.8408   25.9455
   -7.5000   22.5000   22.5000 8374.9688   25.5898
    0.0000   22.5000   22.5000 8383.6885   25.5502
    7.5000   22.5000   22.5000 7949.6406   25.5999
   -7.5000   30.0000   22.5000 7635.9595   24.9910
    0.0000   30.0000   22.5000 7660.0024   24.9416
    7.5000   30.0000   22.5000 7247.0684   24.9852
   -7.5000   37.5000   22.5000 6887.9116   24.2803
    0.0000   37.5000   22.5000 6908.8589   24.2282
    7.5000   37.5000   22.5000 6536.5088   24.2643
   -7.5000   45.0000   22.5000 6214.2783   23.6212
    0.0000   45.0000   22.5000 6245.0381   23.5780
    7.5000   45.0000   22.5000 5876.9399   23.6121
   -7.5000  -45.0000   30.0000 7156.1079   23.8371
    0.0000  -45.0000   30.0000 7211.6191   23.7881
    7.5000  -45.0000   30.0000 6818.1924   23.8282
   -7.5000  -37.5000   30.0000 7570.9043   25.3610
    0.0000  -37.5000   30.0000 7641.0317   25.3222
    7.5000  -37.5000   30.0000 7230.9678   25.3691
   -7.5000  -30.0000   30.0000 8091.4409   25.9896
    0.0000  -30.0000   30.0000 8186.1841   25.9531
    7.5000  -30.0000   30.0000 7723.7451   26.0024
   -7.5000  -22.5000   30.0000 8689.3115   25.9645
    0.0000  -22.5000   30.0000 8773.2705   25.9195
    7.5000  -22.5000   30.0000 8285.6328   25.9684
   -7.5000  -15.0000   30.0000 9190.1729   25.9627
    0.0000  -15.0000   30.0000 9237.3857   25.9051
    7.5000  -15.0000   30.0000 8749.0215   25.9512
   -7.5000   -7.5000   30.0000 9283.7188   25.9869
    0.0000   -7.5000   30.0000 9293.3193   25.9247
    7.5000   -7.5000   30.0000 8816.3291   25.9671
   -7.5000    0.0000   30.0000 9325.3652   26.0141
    0.0000    0.0000   30.0000 9328.7510   25.9607
    7.5000    0.0000   30.0000 8847.9785   26.0047
   -7.5000    7.5000   30.0000 8901.9102   26.0045
    0.0000    7.5000   30.0000 8903.5557   25.9647
    7.5000    7.5000   30.0000 8442.2021   26.0129
   -7.5000   15.0000   30.0000 8674.3770   25.9803
    0.0000   15.0000   30.0000 8683.4082   25.9438
    7.5000   15.0000   30.0000 8247.8936   25.9932
   -7.5000   22.5000   30.0000 7922.3291   25.6262
    0.0000   22.5000   30.0000 7938.8438   25.5818
    7.5000   22.5000   30.0000 7519.9766   25.6300
   -7.5000   30.0000   30.0000 7200.9805   25.0299
    0.0000   30.0000   30.0000 7233.2344   24.9744
    7.5000   30.0000   30.0000 6833.5957   25.0188
   -7.5000   37.5000   30.0000 6476.8394   24.3326
    0.0000   37.5000   30.0000 6508.2119   24.2743
    7.5000   37.5000   30.0000 6150.9038   24.3140
   -7.5000   45.0000   30.0000 5803.0645   23.6912
    0.0000   45.0000   30.0000 5829.4429   23.6432
    7.5000   45.0000   30.0000 5496.6523   23.6822
   -7.5000  -45.0000   37.5000 6676.1431   23.8111
    0.0000  -45.0000   37.5000 6746.8662   23.7549
    7.5000  -45.0000   37.5000 6359.8008   23.7855
   -7.5000  -37.5000   37.5000 7099.5991   25.3502
    0.0000  -37.5000   37.5000 7190.6689   25.3044
    7.5000  -37.5000   37.5000 6770.3774   25.3385
   -7.5000  -30.0000   37.5000 7590.1025   25.9531
    0.0000  -30.0000   37.5000 7684.5278   25.9107
    7.5000  -30.0000   37.5000 7250.0474   25.9462
   -7.5000  -22.5000   37.5000 8135.0596   25.9075
    0.0000  -22.5000   37.5000 8205.5342   25.8567
    7.5000  -22.5000   37.5000 7768.1230   25.8930
   -7.5000  -15.0000   37.5000 8582.4023   25.8962
    0.0000  -15.0000   37.5000 8643.8896   25.8317
    7.5000  -15.0000   37.5000 8196.5615   25.8671
   -7.5000   -7.5000   37.5000 8628.3633   25.9296
    0.0000   -7.5000   37.5000 8676.4814   25.8596
    7.5000   -7.5000   37.5000 8251.3770   25.8929
   -7.5000    0.0000   37.5000 8643.9756   25.9760
    0.0000    0.0000   37.5000 8672.1846   25.9146
    7.5000    0.0000   37.5000 8259.0391   25.9482
   -7.5000    7.5000   37.5000 8294.0244   25.9774
    0.0000    7.5000   37.5000 8309.3467   25.9305
    7.5000    7.5000   37.5000 7908.4434   25.9654
   -7.5000   15.0000   37.5000 8134.6646   25.9436
    0.0000   15.0000   37.5000 8157.5107   25.9013
    7.5000   15.0000   37.5000 7758.7515   25.9368
   -7.5000   22.5000   37.5000 7444.9209   25.5655
    0.0000   22.5000   37.5000 7460.8999   25.5154
    7.5000   22.5000   37.5000 7088.9517   25.5512
   -7.5000   30.0000   37.5000 6772.3271   24.9657
    0.0000   30.0000   37.5000 6789.6938   24.9034
    7.5000   30.0000   37.5000 6432.1050   24.9376
   -7.5000   37.5000   37.5000 6088.6763   24.2789
    0.0000   37.5000   37.5000 6109.3760   24.2134
    7.5000   37.5000   37.5000 5781.4790   24.2445
   -7.5000   45.0000   37.5000 5445.4336   23.6361
    0.0000   45.0000   37.5000 5469.8906   23.5811
    7.5000   45.0000   37.5000 5162.2188   23.6121
   -7.5000  -45.0000   45.0000 6173.8638   23.9334
    0.0000  -45.0000   45.0000 6254.8613   23.8728
    7.5000  -45.0000   45.0000 5916.2051   23.8976
   -7.5000  -37.5000   45.0000 6569.9443   25.4828
    0.0000  -37.5000   45.0000 6669.4482   25.4334
    7.5000  -37.5000   45.0000 6296.4536   25.4621
   -7.5000  -30.0000   45.0000 7029.7505   26.0500
    0.0000  -30.0000   45.0000 7125.0537   26.0075
    7.5000  -30.0000   45.0000 6734.3135   26.0411
   -7.5000  -22.5000   45.0000 7553.3486   25.9900
    0.0000  -22.5000   45.0000 7627.4194   25.9416
    7.5000  -22.5000   45.0000 7218.1592   25.9783
   -7.5000  -15.0000   45.0000 7977.9053   25.9814
    0.0000  -15.0000   45.0000 8049.7852   25.9181
    7.5000  -15.0000   45.0000 7623.0283   25.9531
   -7.5000   -7.5000   45.0000 8030.4272   26.0285
    0.0000   -7.5000   45.0000 8074.0405   25.9564
    7.5000   -7.5000   45.0000 7670.2681   25.9863
   -7.5000    0.0000   45.0000 8018.2812   26.0869
    0.0000    0.0000   45.0000 8046.7573   26.0207
    7.5000    0.0000   45.0000 7673.5210   26.0479
   -7.5000    7.5000   45.0000 7702.0073   26.0882
    0.0000    7.5000   45.0000 7710.2944   26.0376
    7.5000    7.5000   45.0000 7364.1392   26.0670
   -7.5000   15.0000   45.0000 7578.2319   26.0403
    0.0000   15.0000   45.0000 7611.4624   25.9977
    7.5000   15.0000   45.0000 7243.0933   26.0313
   -7.5000   22.5000   45.0000 6943.0771   25.6435
    0.0000   22.5000   45.0000 6965.6357   25.5957
    7.5000   22.5000   45.0000 6618.0962   25.6319
   -7.5000   30.0000   45.0000 6305.5947   25.0452
    0.0000   30.0000   45.0000 6336.0337   24.9843
    7.5000   30.0000   45.0000 6005.5679   25.0180
   -7.5000   37.5000   45.0000 5675.8564   24.3649
    0.0000   37.5000   45.0000 5716.2905   24.2974
    7.5000   37.5000   45.0000 5410.3999   24.3253
   -7.5000   45.0000   45.0000 5090.5532   23.6880
    0.0000   45.0000   45.0000 5112.7251   23.6288
    7.5000   45.0000   45.0000 4836.4111   23.6550

---------------------------------------------------------------------
imgreg_4dfp /opt/freesurfer/average/711-2C_as_mni_average_305 /opt/freesurfer/average/711-2B_as_mni_average_305_mask talsrcimg_g11 none talsrcimg_to_711-2C_as_mni_average_305_t4 4355
---------------------------------------------------------------------

freesurfer imgreg_4dfp.c
/opt/freesurfer/average/711-2C_as_mni_average_305.4dfp.img
       256       256       256         1
  1.000000  1.000000  1.000000
orientation T byte_order littleendian
Reading image: /opt/freesurfer/average/711-2C_as_mni_average_305.4dfp.img
dimensions:      256       256       256
mmppix:       1.0000   -1.0000   -1.0000
center:     128.0000 -129.0000 -129.0000
/opt/freesurfer/average/711-2B_as_mni_average_305_mask.4dfp.img
       256       256       256         1
  1.000000  1.000000  1.000000
orientation T byte_order littleendian
Reading mask: /opt/freesurfer/average/711-2B_as_mni_average_305_mask.4dfp.img (2306576 pixels)
talsrcimg_g11.4dfp.img
       256       256       256         1
  0.898438  0.898438  0.898438
orientation T byte_order littleendian
Reading image: talsrcimg_g11.4dfp.img
dimensions:      256       256       256
mmppix:       0.8984   -0.8984   -0.8984
center:     115.0001 -115.8985 -115.8985
rotation matrix determinant  1.000000
image alignment mode   4355 decimal     1103 hex
   -7.5000  -45.0000  -45.0000 1816.5635   23.0196
    0.0000  -45.0000  -45.0000 1815.9781   22.9348
    7.5000  -45.0000  -45.0000 1788.4263   23.2833
   -7.5000  -37.5000  -45.0000 1895.3036   21.3536
    0.0000  -37.5000  -45.0000 1895.8405   21.3669
    7.5000  -37.5000  -45.0000 1873.1405   21.5865
   -7.5000  -30.0000  -45.0000 1946.0273   20.0626
    0.0000  -30.0000  -45.0000 1948.5524   20.0924
    7.5000  -30.0000  -45.0000 1927.9056   20.3094
   -7.5000  -22.5000  -45.0000 1975.5444   19.1836
    0.0000  -22.5000  -45.0000 1974.4630   19.1910
    7.5000  -22.5000  -45.0000 1952.4083   19.4929
   -7.5000  -15.0000  -45.0000 1983.6926   18.7432
    0.0000  -15.0000  -45.0000 1989.1300   18.7616
    7.5000  -15.0000  -45.0000 1964.8748   19.0876
   -7.5000   -7.5000  -45.0000 1979.0699   18.8407
    0.0000   -7.5000  -45.0000 1983.3149   18.7894
    7.5000   -7.5000  -45.0000 1960.4055   19.1434
   -7.5000    0.0000  -45.0000 1961.4877   19.2521
    0.0000    0.0000  -45.0000 1962.3522   19.1994
    7.5000    0.0000  -45.0000 1935.6249   19.5506
   -7.5000    7.5000  -45.0000 1925.5497   20.1717
    0.0000    7.5000  -45.0000 1932.9607   20.1050
    7.5000    7.5000  -45.0000 1903.3894   20.5369
   -7.5000   15.0000  -45.0000 1879.2225   21.4859
    0.0000   15.0000  -45.0000 1891.1080   21.3861
    7.5000   15.0000  -45.0000 1858.6025   21.8641
   -7.5000   22.5000  -45.0000 1812.6733   23.2810
    0.0000   22.5000  -45.0000 1819.0048   23.1554
    7.5000   22.5000  -45.0000 1788.6819   23.6315
   -7.5000   30.0000  -45.0000 1725.2806   25.5747
    0.0000   30.0000  -45.0000 1731.1775   25.4567
    7.5000   30.0000  -45.0000 1698.8466   26.0681
   -7.5000   37.5000  -45.0000 1597.7771   28.5974
    0.0000   37.5000  -45.0000 1607.9055   28.4132
    7.5000   37.5000  -45.0000 1583.2515   29.2075
   -7.5000   45.0000  -45.0000 1457.2953   32.3518
    0.0000   45.0000  -45.0000 1463.2927   32.1857
    7.5000   45.0000  -45.0000 1441.9076   33.0186
   -7.5000  -45.0000  -37.5000 1978.0056   22.4727
    0.0000  -45.0000  -37.5000 1978.6172   22.4011
    7.5000  -45.0000  -37.5000 1948.3119   22.6825
   -7.5000  -37.5000  -37.5000 2064.6599   20.8325
    0.0000  -37.5000  -37.5000 2064.1741   20.8297
    7.5000  -37.5000  -37.5000 2039.3778   21.0346
   -7.5000  -30.0000  -37.5000 2124.5427   19.5543
    0.0000  -30.0000  -37.5000 2120.0730   19.5769
    7.5000  -30.0000  -37.5000 2097.2395   19.7765
   -7.5000  -22.5000  -37.5000 2144.1018   18.6959
    0.0000  -22.5000  -37.5000 2144.6055   18.6939
    7.5000  -22.5000  -37.5000 2120.1895   18.9327
   -7.5000  -15.0000  -37.5000 2152.0203   18.2935
    0.0000  -15.0000  -37.5000 2163.5125   18.2982
    7.5000  -15.0000  -37.5000 2130.6506   18.5664
   -7.5000   -7.5000  -37.5000 2139.0349   18.3558
    0.0000   -7.5000  -37.5000 2151.5002   18.3568
    7.5000   -7.5000  -37.5000 2123.4675   18.5967
   -7.5000    0.0000  -37.5000 2122.0891   18.7557
    0.0000    0.0000  -37.5000 2130.1467   18.7272
    7.5000    0.0000  -37.5000 2106.4888   18.9889
   -7.5000    7.5000  -37.5000 2085.9919   19.5984
    0.0000    7.5000  -37.5000 2092.6816   19.5283
    7.5000    7.5000  -37.5000 2064.3635   19.8714
   -7.5000   15.0000  -37.5000 2039.4702   20.8161
    0.0000   15.0000  -37.5000 2049.9377   20.7631
    7.5000   15.0000  -37.5000 2018.3561   21.1213
   -7.5000   22.5000  -37.5000 1959.1562   22.5416
    0.0000   22.5000  -37.5000 1972.3563   22.4085
    7.5000   22.5000  -37.5000 1942.9615   22.8196
   -7.5000   30.0000  -37.5000 1867.1102   24.7793
    0.0000   30.0000  -37.5000 1875.9249   24.6613
    7.5000   30.0000  -37.5000 1846.5764   25.2080
   -7.5000   37.5000  -37.5000 1733.3121   27.6619
    0.0000   37.5000  -37.5000 1742.2709   27.4509
    7.5000   37.5000  -37.5000 1718.3356   28.1372
   -7.5000   45.0000  -37.5000 1579.2686   31.2619
    0.0000   45.0000  -37.5000 1592.1884   31.0788
    7.5000   45.0000  -37.5000 1564.0355   31.8676
   -7.5000  -45.0000  -30.0000 2117.9446   21.7709
    0.0000  -45.0000  -30.0000 2118.8940   21.7808
    7.5000  -45.0000  -30.0000 2084.2561   22.0029
   -7.5000  -37.5000  -30.0000 2209.6948   20.0701
    0.0000  -37.5000  -30.0000 2208.8547   20.0296
    7.5000  -37.5000  -30.0000 2179.9856   20.3014
   -7.5000  -30.0000  -30.0000 2275.4758   18.7991
    0.0000  -30.0000  -30.0000 2271.0950   18.7849
    7.5000  -30.0000  -30.0000 2241.4309   19.0223
   -7.5000  -22.5000  -30.0000 2304.4453   18.0179
    0.0000  -22.5000  -30.0000 2304.2312   18.0166
    7.5000  -22.5000  -30.0000 2272.4529   18.2167
   -7.5000  -15.0000  -30.0000 2317.6045   17.6790
    0.0000  -15.0000  -30.0000 2325.5132   17.6585
    7.5000  -15.0000  -30.0000 2290.3933   17.8941
   -7.5000   -7.5000  -30.0000 2309.0332   17.7656
    0.0000   -7.5000  -30.0000 2322.5872   17.7351
    7.5000   -7.5000  -30.0000 2290.0627   17.9250
   -7.5000    0.0000  -30.0000 2285.8481   18.2020
    0.0000    0.0000  -30.0000 2294.1099   18.1375
    7.5000    0.0000  -30.0000 2264.1218   18.3430
   -7.5000    7.5000  -30.0000 2245.1626   18.9732
    0.0000    7.5000  -30.0000 2251.4592   18.9061
    7.5000    7.5000  -30.0000 2219.6340   19.1690
   -7.5000   15.0000  -30.0000 2182.0645   20.1324
    0.0000   15.0000  -30.0000 2195.3313   20.0699
    7.5000   15.0000  -30.0000 2162.3391   20.3634
   -7.5000   22.5000  -30.0000 2094.5022   21.7472
    0.0000   22.5000  -30.0000 2109.5662   21.6760
    7.5000   22.5000  -30.0000 2083.2129   22.0207
   -7.5000   30.0000  -30.0000 1991.6748   23.8962
    0.0000   30.0000  -30.0000 2003.6547   23.7883
    7.5000   30.0000  -30.0000 1977.9882   24.2270
   -7.5000   37.5000  -30.0000 1854.9900   26.6504
    0.0000   37.5000  -30.0000 1867.4683   26.4479
    7.5000   37.5000  -30.0000 1841.8011   26.9634
   -7.5000   45.0000  -30.0000 1697.0094   30.0786
    0.0000   45.0000  -30.0000 1711.1359   29.8700
    7.5000   45.0000  -30.0000 1684.3342   30.4572
   -7.5000  -45.0000  -22.5000 2229.8728   20.9519
    0.0000  -45.0000  -22.5000 2231.0210   20.9523
    7.5000  -45.0000  -22.5000 2197.9685   21.2116
   -7.5000  -37.5000  -22.5000 2332.8723   19.2378
    0.0000  -37.5000  -22.5000 2333.5312   19.2522
    7.5000  -37.5000  -22.5000 2303.0430   19.5027
   -7.5000  -30.0000  -22.5000 2406.3130   17.9705
    0.0000  -30.0000  -22.5000 2406.2361   17.9775
    7.5000  -30.0000  -22.5000 2372.7996   18.2070
   -7.5000  -22.5000  -22.5000 2442.9810   17.2385
    0.0000  -22.5000  -22.5000 2446.2952   17.2361
    7.5000  -22.5000  -22.5000 2415.9333   17.4668
   -7.5000  -15.0000  -22.5000 2464.3386   16.8930
    0.0000  -15.0000  -22.5000 2472.0718   16.8699
    7.5000  -15.0000  -22.5000 2436.2188   17.1071
   -7.5000   -7.5000  -22.5000 2468.8958   16.9436
    0.0000   -7.5000  -22.5000 2481.3684   16.8781
    7.5000   -7.5000  -22.5000 2439.0127   17.0611
   -7.5000    0.0000  -22.5000 2442.7554   17.4199
    0.0000    0.0000  -22.5000 2457.4817   17.3466
    7.5000    0.0000  -22.5000 2417.1409   17.5279
   -7.5000    7.5000  -22.5000 2391.8640   18.2258
    0.0000    7.5000  -22.5000 2406.0823   18.1276
    7.5000    7.5000  -22.5000 2365.6973   18.3432
   -7.5000   15.0000  -22.5000 2321.7004   19.3239
    0.0000   15.0000  -22.5000 2345.1663   19.2550
    7.5000   15.0000  -22.5000 2300.2244   19.4843
   -7.5000   22.5000  -22.5000 2225.4646   20.8437
    0.0000   22.5000  -22.5000 2244.3975   20.7879
    7.5000   22.5000  -22.5000 2209.5056   21.0149
   -7.5000   30.0000  -22.5000 2112.6267   22.8692
    0.0000   30.0000  -22.5000 2128.4341   22.7767
    7.5000   30.0000  -22.5000 2098.2229   23.0986
   -7.5000   37.5000  -22.5000 1962.4236   25.4406
    0.0000   37.5000  -22.5000 1980.4993   25.3115
    7.5000   37.5000  -22.5000 1949.6000   25.7293
   -7.5000   45.0000  -22.5000 1796.9429   28.6523
    0.0000   45.0000  -22.5000 1810.8542   28.5166
    7.5000   45.0000  -22.5000 1781.7740   29.0331
   -7.5000  -45.0000  -15.0000 2310.7583   20.0303
    0.0000  -45.0000  -15.0000 2309.0842   19.9619
    7.5000  -45.0000  -15.0000 2272.4958   20.3086
   -7.5000  -37.5000  -15.0000 2419.6262   18.3931
    0.0000  -37.5000  -15.0000 2417.9038   18.3636
    7.5000  -37.5000  -15.0000 2383.0891   18.6564
   -7.5000  -30.0000  -15.0000 2505.3733   17.1659
    0.0000  -30.0000  -15.0000 2507.2441   17.1554
    7.5000  -30.0000  -15.0000 2471.2471   17.4167
   -7.5000  -22.5000  -15.0000 2558.8416   16.3503
    0.0000  -22.5000  -15.0000 2566.2781   16.3390
    7.5000  -22.5000  -15.0000 2531.2581   16.6059
   -7.5000  -15.0000  -15.0000 2587.8303   15.9327
    0.0000  -15.0000  -15.0000 2592.9673   15.9309
    7.5000  -15.0000  -15.0000 2560.0012   16.1784
   -7.5000   -7.5000  -15.0000 2598.4404   15.9891
    0.0000   -7.5000  -15.0000 2616.2578   15.9262
    7.5000   -7.5000  -15.0000 2569.2410   16.1269
   -7.5000    0.0000  -15.0000 2574.5500   16.5010
    0.0000    0.0000  -15.0000 2592.7778   16.4089
    7.5000    0.0000  -15.0000 2547.1240   16.5773
   -7.5000    7.5000  -15.0000 2524.0173   17.2794
    0.0000    7.5000  -15.0000 2540.1582   17.2039
    7.5000    7.5000  -15.0000 2495.1804   17.3842
   -7.5000   15.0000  -15.0000 2445.0500   18.3356
    0.0000   15.0000  -15.0000 2466.7168   18.2463
    7.5000   15.0000  -15.0000 2422.1721   18.4744
   -7.5000   22.5000  -15.0000 2340.6885   19.7662
    0.0000   22.5000  -15.0000 2357.0398   19.6409
    7.5000   22.5000  -15.0000 2320.4541   19.8913
   -7.5000   30.0000  -15.0000 2214.6077   21.6865
    0.0000   30.0000  -15.0000 2231.3567   21.5763
    7.5000   30.0000  -15.0000 2204.7407   21.8908
   -7.5000   37.5000  -15.0000 2052.6506   24.1294
    0.0000   37.5000  -15.0000 2070.1321   24.0338
    7.5000   37.5000  -15.0000 2044.9539   24.3845
   -7.5000   45.0000  -15.0000 1872.1399   27.0993
    0.0000   45.0000  -15.0000 1888.3822   26.9859
    7.5000   45.0000  -15.0000 1863.8472   27.4344
   -7.5000  -45.0000   -7.5000 2347.5002   19.0698
    0.0000  -45.0000   -7.5000 2349.5815   19.0127
    7.5000  -45.0000   -7.5000 2317.1233   19.4096
   -7.5000  -37.5000   -7.5000 2464.0510   17.5367
    0.0000  -37.5000   -7.5000 2466.9702   17.4723
    7.5000  -37.5000   -7.5000 2434.7146   17.8192
   -7.5000  -30.0000   -7.5000 2561.1377   16.3351
    0.0000  -30.0000   -7.5000 2570.3215   16.2716
    7.5000  -30.0000   -7.5000 2540.1782   16.5715
   -7.5000  -22.5000   -7.5000 2640.8357   15.4884
    0.0000  -22.5000   -7.5000 2652.1606   15.4151
    7.5000  -22.5000   -7.5000 2617.1582   15.7060
   -7.5000  -15.0000   -7.5000 2684.0461   15.0104
    0.0000  -15.0000   -7.5000 2698.0259   14.9543
    7.5000  -15.0000   -7.5000 2660.2463   15.2010
   -7.5000   -7.5000   -7.5000 2701.4814   15.0073
    0.0000   -7.5000   -7.5000 2724.5977   14.9444
    7.5000   -7.5000   -7.5000 2677.9114   15.1760
   -7.5000    0.0000   -7.5000 2671.0222   15.4984
    0.0000    0.0000   -7.5000 2694.3877   15.4449
    7.5000    0.0000   -7.5000 2651.8147   15.6227
   -7.5000    7.5000   -7.5000 2612.0620   16.2331
    0.0000    7.5000   -7.5000 2631.7058   16.1534
    7.5000    7.5000   -7.5000 2596.1887   16.3220
   -7.5000   15.0000   -7.5000 2529.2156   17.2637
    0.0000   15.0000   -7.5000 2548.2939   17.1508
    7.5000   15.0000   -7.5000 2514.8701   17.3443
   -7.5000   22.5000   -7.5000 2412.6252   18.6064
    0.0000   22.5000   -7.5000 2429.7805   18.4659
    7.5000   22.5000   -7.5000 2400.3132   18.6949
   -7.5000   30.0000   -7.5000 2276.6985   20.4541
    0.0000   30.0000   -7.5000 2295.5073   20.3273
    7.5000   30.0000   -7.5000 2271.9397   20.6454
   -7.5000   37.5000   -7.5000 2114.3330   22.8201
    0.0000   37.5000   -7.5000 2127.6245   22.6973
    7.5000   37.5000   -7.5000 2107.0938   23.0210
   -7.5000   45.0000   -7.5000 1923.0367   25.5626
    0.0000   45.0000   -7.5000 1936.9304   25.4408
    7.5000   45.0000   -7.5000 1916.0133   25.8062
   -7.5000  -45.0000    0.0000 2378.9243   18.5234
    0.0000  -45.0000    0.0000 2382.4126   18.4159
    7.5000  -45.0000    0.0000 2349.8003   18.8254
   -7.5000  -37.5000    0.0000 2502.0627   16.9948
    0.0000  -37.5000    0.0000 2507.5200   16.8839
    7.5000  -37.5000    0.0000 2477.3206   17.2507
   -7.5000  -30.0000    0.0000 2616.5759   15.8050
    0.0000  -30.0000    0.0000 2625.5925   15.6732
    7.5000  -30.0000    0.0000 2596.4705   16.0131
   -7.5000  -22.5000    0.0000 2714.7268   14.9730
    0.0000  -22.5000    0.0000 2736.2451   14.8321
    7.5000  -22.5000    0.0000 2695.7427   15.1625
   -7.5000  -15.0000    0.0000 2781.0652   14.4479
    0.0000  -15.0000    0.0000 2807.7415   14.3563
    7.5000  -15.0000    0.0000 2757.1877   14.6648
   -7.5000   -7.5000    0.0000 2810.5088   14.4251
    0.0000   -7.5000    0.0000 2843.5593   14.3439
    7.5000   -7.5000    0.0000 2793.6746   14.6013
   -7.5000    0.0000    0.0000 2775.3621   14.9056
    0.0000    0.0000    0.0000 2809.9565   14.8293
    7.5000    0.0000    0.0000 2761.0459   15.0350
   -7.5000    7.5000    0.0000 2697.2944   15.5736
    0.0000    7.5000    0.0000 2724.0337   15.5147
    7.5000    7.5000    0.0000 2690.8806   15.6951
   -7.5000   15.0000    0.0000 2598.5186   16.5112
    0.0000   15.0000    0.0000 2621.0129   16.4288
    7.5000   15.0000    0.0000 2588.3906   16.6371
   -7.5000   22.5000    0.0000 2474.8059   17.8654
    0.0000   22.5000    0.0000 2491.2063   17.7404
    7.5000   22.5000    0.0000 2461.9761   18.0045
   -7.5000   30.0000    0.0000 2332.8679   19.7027
    0.0000   30.0000    0.0000 2350.4895   19.5780
    7.5000   30.0000    0.0000 2318.1311   19.8893
   -7.5000   37.5000    0.0000 2165.3127   21.9607
    0.0000   37.5000    0.0000 2179.1321   21.8628
    7.5000   37.5000    0.0000 2151.7756   22.1776
   -7.5000   45.0000    0.0000 1968.4781   24.5904
    0.0000   45.0000    0.0000 1982.4553   24.5295
    7.5000   45.0000    0.0000 1957.2924   24.8636
   -7.5000  -45.0000    7.5000 2383.0759   18.0997
    0.0000  -45.0000    7.5000 2392.2449   17.9027
    7.5000  -45.0000    7.5000 2358.1946   18.3880
   -7.5000  -37.5000    7.5000 2518.8875   16.5596
    0.0000  -37.5000    7.5000 2528.3423   16.3655
    7.5000  -37.5000    7.5000 2491.8491   16.7963
   -7.5000  -30.0000    7.5000 2642.7205   15.3743
    0.0000  -30.0000    7.5000 2656.3462   15.1820
    7.5000  -30.0000    7.5000 2620.4124   15.5926
   -7.5000  -22.5000    7.5000 2752.0137   14.5991
    0.0000  -22.5000    7.5000 2777.7249   14.4166
    7.5000  -22.5000    7.5000 2730.4197   14.7897
   -7.5000  -15.0000    7.5000 2845.3457   14.1076
    0.0000  -15.0000    7.5000 2881.1101   13.9638
    7.5000  -15.0000    7.5000 2811.0688   14.3301
   -7.5000   -7.5000    7.5000 2889.2747   14.0091
    0.0000   -7.5000    7.5000 2933.1450   13.8567
    7.5000   -7.5000    7.5000 2855.9348   14.2501
   -7.5000    0.0000    7.5000 2845.7905   14.4396
    0.0000    0.0000    7.5000 2894.7153   14.2819
    7.5000    0.0000    7.5000 2824.3450   14.6044
   -7.5000    7.5000    7.5000 2749.8948   15.1168
    0.0000    7.5000    7.5000 2791.8582   15.0164
    7.5000    7.5000    7.5000 2741.0024   15.2700
   -7.5000   15.0000    7.5000 2632.5981   16.0231
    0.0000   15.0000    7.5000 2661.5520   15.9724
    7.5000   15.0000    7.5000 2625.9231   16.2095
   -7.5000   22.5000    7.5000 2505.1436   17.3410
    0.0000   22.5000    7.5000 2522.5518   17.2485
    7.5000   22.5000    7.5000 2489.9143   17.4898
   -7.5000   30.0000    7.5000 2359.5872   19.1411
    0.0000   30.0000    7.5000 2377.2976   19.0521
    7.5000   30.0000    7.5000 2345.3591   19.3340
   -7.5000   37.5000    7.5000 2187.3479   21.3933
    0.0000   37.5000    7.5000 2203.2239   21.2971
    7.5000   37.5000    7.5000 2172.5171   21.6313
   -7.5000   45.0000    7.5000 1988.5121   23.9033
    0.0000   45.0000    7.5000 2004.1765   23.8572
    7.5000   45.0000    7.5000 1976.8439   24.2741
   -7.5000  -45.0000   15.0000 2377.4314   17.9705
    0.0000  -45.0000   15.0000 2393.0452   17.7448
    7.5000  -45.0000   15.0000 2353.9578   18.2581
   -7.5000  -37.5000   15.0000 2511.4944   16.4130
    0.0000  -37.5000   15.0000 2528.6912   16.1855
    7.5000  -37.5000   15.0000 2486.9954   16.6884
   -7.5000  -30.0000   15.0000 2637.5750   15.2515
    0.0000  -30.0000   15.0000 2661.4661   15.0023
    7.5000  -30.0000   15.0000 2615.7710   15.4861
   -7.5000  -22.5000   15.0000 2754.5391   14.5356
    0.0000  -22.5000   15.0000 2786.1360   14.2921
    7.5000  -22.5000   15.0000 2735.7175   14.7266
   -7.5000  -15.0000   15.0000 2856.5010   14.1161
    0.0000  -15.0000   15.0000 2899.7236   13.9167
    7.5000  -15.0000   15.0000 2828.0178   14.3257
   -7.5000   -7.5000   15.0000 2914.6143   14.0125
    0.0000   -7.5000   15.0000 2959.6099   13.7741
    7.5000   -7.5000   15.0000 2872.7683   14.2573
   -7.5000    0.0000   15.0000 2879.8274   14.3453
    0.0000    0.0000   15.0000 2918.2383   14.1238
    7.5000    0.0000   15.0000 2839.9536   14.5212
   -7.5000    7.5000   15.0000 2770.1467   14.9858
    0.0000    7.5000   15.0000 2809.5754   14.8263
    7.5000    7.5000   15.0000 2752.4482   15.1054
   -7.5000   15.0000   15.0000 2641.9993   15.9124
    0.0000   15.0000   15.0000 2669.8630   15.7953
    7.5000   15.0000   15.0000 2630.5798   16.0479
   -7.5000   22.5000   15.0000 2502.2883   17.2329
    0.0000   22.5000   15.0000 2519.6890   17.1154
    7.5000   22.5000   15.0000 2489.4170   17.3773
   -7.5000   30.0000   15.0000 2357.4585   18.9885
    0.0000   30.0000   15.0000 2373.4548   18.8539
    7.5000   30.0000   15.0000 2346.2944   19.1532
   -7.5000   37.5000   15.0000 2184.8423   21.1235
    0.0000   37.5000   15.0000 2198.1423   21.0237
    7.5000   37.5000   15.0000 2176.1272   21.3443
   -7.5000   45.0000   15.0000 1987.2633   23.5729
    0.0000   45.0000   15.0000 1999.7638   23.4988
    7.5000   45.0000   15.0000 1977.1222   23.8588
   -7.5000  -45.0000   22.5000 2361.0212   18.1405
    0.0000  -45.0000   22.5000 2380.0750   17.9101
    7.5000  -45.0000   22.5000 2339.6729   18.4583
   -7.5000  -37.5000   22.5000 2486.5571   16.6193
    0.0000  -37.5000   22.5000 2507.9282   16.3776
    7.5000  -37.5000   22.5000 2465.8484   16.8728
   -7.5000  -30.0000   22.5000 2610.9949   15.4771
    0.0000  -30.0000   22.5000 2641.3904   15.2164
    7.5000  -30.0000   22.5000 2597.3442   15.7123
   -7.5000  -22.5000   22.5000 2725.5049   14.7565
    0.0000  -22.5000   22.5000 2757.5435   14.5406
    7.5000  -22.5000   22.5000 2715.5476   14.9629
   -7.5000  -15.0000   22.5000 2819.7913   14.3882
    0.0000  -15.0000   22.5000 2858.3215   14.1530
    7.5000  -15.0000   22.5000 2797.2876   14.5233
   -7.5000   -7.5000   22.5000 2864.3801   14.3934
    0.0000   -7.5000   22.5000 2896.6824   14.1183
    7.5000   -7.5000   22.5000 2836.1755   14.4926
   -7.5000    0.0000   22.5000 2834.1545   14.5953
    0.0000    0.0000   22.5000 2860.6243   14.3858
    7.5000    0.0000   22.5000 2805.0139   14.7017
   -7.5000    7.5000   22.5000 2742.6858   15.1198
    0.0000    7.5000   22.5000 2772.0525   14.9509
    7.5000    7.5000   22.5000 2723.6780   15.2732
   -7.5000   15.0000   22.5000 2626.5181   16.0324
    0.0000   15.0000   22.5000 2649.2256   15.9199
    7.5000   15.0000   22.5000 2612.7571   16.1978
   -7.5000   22.5000   22.5000 2481.3875   17.3417
    0.0000   22.5000   22.5000 2496.8311   17.2379
    7.5000   22.5000   22.5000 2473.4126   17.5044
   -7.5000   30.0000   22.5000 2341.2410   19.0392
    0.0000   30.0000   22.5000 2353.4727   18.9587
    7.5000   30.0000   22.5000 2333.6467   19.2671
   -7.5000   37.5000   22.5000 2166.4390   21.1440
    0.0000   37.5000   22.5000 2172.7207   21.0742
    7.5000   37.5000   22.5000 2160.3992   21.3969
   -7.5000   45.0000   22.5000 1964.4734   23.4834
    0.0000   45.0000   22.5000 1977.7576   23.4340
    7.5000   45.0000   22.5000 1958.3838   23.7644
   -7.5000  -45.0000   30.0000 2330.6863   18.8573
    0.0000  -45.0000   30.0000 2347.5752   18.5829
    7.5000  -45.0000   30.0000 2312.1704   19.0515
   -7.5000  -37.5000   30.0000 2445.8882   17.2999
    0.0000  -37.5000   30.0000 2472.7739   17.0710
    7.5000  -37.5000   30.0000 2436.3447   17.4852
   -7.5000  -30.0000   30.0000 2568.8298   16.1097
    0.0000  -30.0000   30.0000 2599.5312   15.8866
    7.5000  -30.0000   30.0000 2560.7031   16.2907
   -7.5000  -22.5000   30.0000 2675.4404   15.2843
    0.0000  -22.5000   30.0000 2710.5908   15.0777
    7.5000  -22.5000   30.0000 2671.6526   15.4350
   -7.5000  -15.0000   30.0000 2752.1680   14.8035
    0.0000  -15.0000   30.0000 2792.2363   14.5477
    7.5000  -15.0000   30.0000 2742.6531   14.9509
   -7.5000   -7.5000   30.0000 2778.7200   14.7521
    0.0000   -7.5000   30.0000 2810.1287   14.5164
    7.5000   -7.5000   30.0000 2763.5083   14.8790
   -7.5000    0.0000   30.0000 2755.0977   15.0249
    0.0000    0.0000   30.0000 2778.8772   14.7985
    7.5000    0.0000   30.0000 2739.0806   15.0977
   -7.5000    7.5000   30.0000 2676.0347   15.6496
    0.0000    7.5000   30.0000 2699.0671   15.4855
    7.5000    7.5000   30.0000 2659.0488   15.7589
   -7.5000   15.0000   30.0000 2568.9741   16.5805
    0.0000   15.0000   30.0000 2588.5483   16.4411
    7.5000   15.0000   30.0000 2558.7700   16.6937
   -7.5000   22.5000   30.0000 2439.8081   17.8076
    0.0000   22.5000   30.0000 2459.1394   17.6462
    7.5000   22.5000   30.0000 2432.1196   17.9362
   -7.5000   30.0000   30.0000 2305.1055   19.4259
    0.0000   30.0000   30.0000 2324.7078   19.2789
    7.5000   30.0000   30.0000 2302.5427   19.5870
   -7.5000   37.5000   30.0000 2132.5459   21.3613
    0.0000   37.5000   30.0000 2147.1897   21.2433
    7.5000   37.5000   30.0000 2133.7161   21.5342
   -7.5000   45.0000   30.0000 1931.5514   23.6307
    0.0000   45.0000   30.0000 1946.5098   23.5078
    7.5000   45.0000   30.0000 1931.5624   23.8801
   -7.5000  -45.0000   37.5000 2273.2976   19.8708
    0.0000  -45.0000   37.5000 2294.9087   19.6087
    7.5000  -45.0000   37.5000 2264.2939   19.9855
   -7.5000  -37.5000   37.5000 2393.7839   18.2269
    0.0000  -37.5000   37.5000 2426.1804   18.0202
    7.5000  -37.5000   37.5000 2387.4949   18.3499
   -7.5000  -30.0000   37.5000 2508.2009   16.9457
    0.0000  -30.0000   37.5000 2542.7383   16.7477
    7.5000  -30.0000   37.5000 2509.5327   17.0776
   -7.5000  -22.5000   37.5000 2605.5361   16.0234
    0.0000  -22.5000   37.5000 2641.9880   15.7784
    7.5000  -22.5000   37.5000 2606.6992   16.1426
   -7.5000  -15.0000   37.5000 2665.6301   15.5281
    0.0000  -15.0000   37.5000 2703.4341   15.2703
    7.5000  -15.0000   37.5000 2662.1606   15.6663
   -7.5000   -7.5000   37.5000 2679.2148   15.4301
    0.0000   -7.5000   37.5000 2714.8706   15.1969
    7.5000   -7.5000   37.5000 2677.0078   15.5726
   -7.5000    0.0000   37.5000 2657.2498   15.6404
    0.0000    0.0000   37.5000 2686.8772   15.4261
    7.5000    0.0000   37.5000 2654.1426   15.7588
   -7.5000    7.5000   37.5000 2585.3848   16.3045
    0.0000    7.5000   37.5000 2611.6069   16.0933
    7.5000    7.5000   37.5000 2580.3296   16.4144
   -7.5000   15.0000   37.5000 2488.1362   17.2702
    0.0000   15.0000   37.5000 2514.1567   17.0599
    7.5000   15.0000   37.5000 2485.8328   17.3415
   -7.5000   22.5000   37.5000 2372.2295   18.5105
    0.0000   22.5000   37.5000 2391.4587   18.3262
    7.5000   22.5000   37.5000 2372.3254   18.5842
   -7.5000   30.0000   37.5000 2254.0449   20.0364
    0.0000   30.0000   37.5000 2270.7656   19.8963
    7.5000   30.0000   37.5000 2250.9578   20.1468
   -7.5000   37.5000   37.5000 2086.2795   21.8919
    0.0000   37.5000   37.5000 2102.0007   21.7798
    7.5000   37.5000   37.5000 2085.5579   22.0580
   -7.5000   45.0000   37.5000 1891.9691   24.1708
    0.0000   45.0000   37.5000 1906.5181   24.0737
    7.5000   45.0000   37.5000 1892.1757   24.3554
   -7.5000  -45.0000   45.0000 2192.3850   20.9932
    0.0000  -45.0000   45.0000 2221.8071   20.7452
    7.5000  -45.0000   45.0000 2193.4365   21.0552
   -7.5000  -37.5000   45.0000 2308.4504   19.2461
    0.0000  -37.5000   45.0000 2343.9978   19.0561
    7.5000  -37.5000   45.0000 2312.6912   19.3329
   -7.5000  -30.0000   45.0000 2413.5977   17.9010
    0.0000  -30.0000   45.0000 2447.5737   17.7231
    7.5000  -30.0000   45.0000 2420.1594   18.0099
   -7.5000  -22.5000   45.0000 2495.4624   16.9702
    0.0000  -22.5000   45.0000 2532.3831   16.7402
    7.5000  -22.5000   45.0000 2502.4541   17.0754
   -7.5000  -15.0000   45.0000 2545.6448   16.4292
    0.0000  -15.0000   45.0000 2582.2578   16.2222
    7.5000  -15.0000   45.0000 2549.7573   16.5645
   -7.5000   -7.5000   45.0000 2560.0986   16.2953
    0.0000   -7.5000   45.0000 2590.8276   16.0773
    7.5000   -7.5000   45.0000 2561.5354   16.4153
   -7.5000    0.0000   45.0000 2533.0713   16.5039
    0.0000    0.0000   45.0000 2559.2842   16.2673
    7.5000    0.0000   45.0000 2537.7844   16.5986
   -7.5000    7.5000   45.0000 2469.9705   17.1342
    0.0000    7.5000   45.0000 2490.8457   16.9355
    7.5000    7.5000   45.0000 2475.6787   17.2527
   -7.5000   15.0000   45.0000 2386.1782   18.0277
    0.0000   15.0000   45.0000 2416.1614   17.8267
    7.5000   15.0000   45.0000 2394.9963   18.1157
   -7.5000   22.5000   45.0000 2285.9661   19.2468
    0.0000   22.5000   45.0000 2304.4683   19.0220
    7.5000   22.5000   45.0000 2287.5537   19.3061
   -7.5000   30.0000   45.0000 2165.2766   20.8409
    0.0000   30.0000   45.0000 2182.9578   20.6364
    7.5000   30.0000   45.0000 2167.4727   20.9055
   -7.5000   37.5000   45.0000 2005.6746   22.7627
    0.0000   37.5000   45.0000 2026.2371   22.6179
    7.5000   37.5000   45.0000 2010.0687   22.8053
   -7.5000   45.0000   45.0000 1826.9182   24.9244
    0.0000   45.0000   45.0000 1841.3777   24.8102
    7.5000   45.0000   45.0000 1826.2728   25.0581

---------------------------------------------------------------------
imgreg_4dfp /opt/freesurfer/average/711-2C_as_mni_average_305 /opt/freesurfer/average/711-2B_as_mni_average_305_mask talsrcimg_g11 none talsrcimg_to_711-2C_as_mni_average_305_t4 1283
---------------------------------------------------------------------

freesurfer imgreg_4dfp.c
/opt/freesurfer/average/711-2C_as_mni_average_305.4dfp.img
       256       256       256         1
  1.000000  1.000000  1.000000
orientation T byte_order littleendian
Reading image: /opt/freesurfer/average/711-2C_as_mni_average_305.4dfp.img
dimensions:      256       256       256
mmppix:       1.0000   -1.0000   -1.0000
center:     128.0000 -129.0000 -129.0000
/opt/freesurfer/average/711-2B_as_mni_average_305_mask.4dfp.img
       256       256       256         1
  1.000000  1.000000  1.000000
orientation T byte_order littleendian
Reading mask: /opt/freesurfer/average/711-2B_as_mni_average_305_mask.4dfp.img (2306576 pixels)
talsrcimg_g11.4dfp.img
       256       256       256         1
  0.898438  0.898438  0.898438
orientation T byte_order littleendian
Reading image: talsrcimg_g11.4dfp.img
dimensions:      256       256       256
mmppix:       0.8984   -0.8984   -0.8984
center:     115.0001 -115.8985 -115.8985
rotation matrix determinant  1.000000
fimgreg.f
image alignment mode   1283 decimal      503 hex
parameters
    0.0000   -7.5000   15.0000    0.0000    0.0000    0.0000
eta,q 0.92771 13.79093
niter,ni,del,rscale     5    3   12.0000    1.2000
parameters
   -1.4795   -7.2483   12.6017   -0.0504   -1.7989   -1.9454
eta,q 0.93098 13.55156
  0.0819  0.0844  0.0732  0.0765  0.0726  0.0720
  0.0730  0.0762  0.0705  0.0729  0.0706  0.0700
  0.0704  0.0714  0.0698  0.0705  0.0696  0.0690
  0.0725  0.0706  0.0708  0.0699  0.0699  0.0695
  0.0785  0.0734  0.0747  0.0711  0.0720  0.0718
  0.0866  0.0767  0.0793  0.0733  0.0758  0.0758
  0.0924  0.0804  0.0838  0.0764  0.0811  0.0802
niter,ni,del,rscale     4    3   12.0000    1.2000
parameters
   -0.9713   -7.2971   12.8103   -0.5480   -2.2193   -1.8619
eta,q 0.93125 13.57146
  0.0877  0.0782  0.0781  0.0727  0.0733  0.0746
  0.0784  0.0723  0.0732  0.0704  0.0706  0.0722
  0.0718  0.0695  0.0696  0.0691  0.0692  0.0702
  0.0690  0.0689  0.0689  0.0689  0.0688  0.0688
  0.0699  0.0700  0.0694  0.0697  0.0696  0.0689
  0.0746  0.0728  0.0721  0.0713  0.0714  0.0712
  0.0824  0.0782  0.0769  0.0744  0.0750  0.0752
niter,ni,del,rscale     3    3   12.0000    1.2000
parameters
   -0.7914   -6.9859   12.7869   -0.9923   -2.3500   -1.7174
eta,q 0.93143 13.57092
  0.0857  0.0787  0.0775  0.0727  0.0737  0.0748
  0.0769  0.0726  0.0726  0.0701  0.0709  0.0723
  0.0711  0.0699  0.0694  0.0688  0.0691  0.0702
  0.0687  0.0687  0.0687  0.0687  0.0686  0.0686
  0.0703  0.0692  0.0693  0.0697  0.0694  0.0686
  0.0759  0.0716  0.0727  0.0710  0.0711  0.0710
  0.0837  0.0767  0.0778  0.0738  0.0741  0.0752
niter,ni,del,rscale     2    3   12.0000    1.2000
parameters
   -0.7147   -6.7307   12.7569   -1.2798   -2.4328   -1.6266
eta,q 0.93163 13.56879
  0.0849  0.0778  0.0775  0.0731  0.0737  0.0748
  0.0766  0.0726  0.0727  0.0702  0.0709  0.0723
  0.0710  0.0701  0.0695  0.0686  0.0690  0.0701
  0.0686  0.0685  0.0685  0.0685  0.0684  0.0684
  0.0702  0.0689  0.0689  0.0697  0.0693  0.0685
  0.0763  0.0714  0.0726  0.0710  0.0711  0.0712
  0.0841  0.0767  0.0780  0.0736  0.0739  0.0754
niter,ni,del,rscale     1    3   12.0000    1.2000
parameters
   -0.6640   -6.5634   12.7425   -1.4718   -2.5033   -1.5684
eta,q 0.93176 13.56744
  0.0847  0.0771  0.0774  0.0735  0.0736  0.0748
  0.0766  0.0725  0.0727  0.0703  0.0709  0.0723
  0.0709  0.0701  0.0695  0.0684  0.0689  0.0700
  0.0684  0.0684  0.0683  0.0683  0.0683  0.0683
  0.0701  0.0687  0.0686  0.0697  0.0692  0.0685
  0.0764  0.0714  0.0725  0.0711  0.0711  0.0712
  0.0843  0.0768  0.0781  0.0736  0.0738  0.0756
registration optimization eta report
parameter search radius
    6.0000    6.0000    6.0000    6.0000    6.0000    6.0000
100000*second partial in parameter space
       44.       24.       27.       14.       15.       19.
  0.0847  0.0771  0.0774  0.0735  0.0736  0.0748
  0.0766  0.0725  0.0727  0.0703  0.0709  0.0723
  0.0709  0.0701  0.0695  0.0684  0.0689  0.0700
  0.0684  0.0684  0.0683  0.0683  0.0683  0.0683
  0.0701  0.0687  0.0686  0.0697  0.0692  0.0685
  0.0764  0.0714  0.0725  0.0711  0.0711  0.0712
  0.0843  0.0768  0.0781  0.0736  0.0738  0.0756
   -0.6640   -6.5634   12.7425   -1.4718   -2.5033   -1.5684
eta,q 0.93176 13.56744

---------------------------------------------------------------------
imgreg_4dfp /opt/freesurfer/average/711-2C_as_mni_average_305 /opt/freesurfer/average/711-2B_as_mni_average_305_mask talsrcimg_g11 none talsrcimg_to_711-2C_as_mni_average_305_t4 3335
---------------------------------------------------------------------

freesurfer imgreg_4dfp.c
/opt/freesurfer/average/711-2C_as_mni_average_305.4dfp.img
       256       256       256         1
  1.000000  1.000000  1.000000
orientation T byte_order littleendian
Reading image: /opt/freesurfer/average/711-2C_as_mni_average_305.4dfp.img
dimensions:      256       256       256
mmppix:       1.0000   -1.0000   -1.0000
center:     128.0000 -129.0000 -129.0000
/opt/freesurfer/average/711-2B_as_mni_average_305_mask.4dfp.img
       256       256       256         1
  1.000000  1.000000  1.000000
orientation T byte_order littleendian
Reading mask: /opt/freesurfer/average/711-2B_as_mni_average_305_mask.4dfp.img (2306576 pixels)
talsrcimg_g11.4dfp.img
       256       256       256         1
  0.898438  0.898438  0.898438
orientation T byte_order littleendian
Reading image: talsrcimg_g11.4dfp.img
dimensions:      256       256       256
mmppix:       0.8984   -0.8984   -0.8984
center:     115.0001 -115.8985 -115.8985
fimgreg.f
image alignment mode   3335 decimal      D07 hex
parameters
   -0.6640   -6.5634   12.7425   -0.1329   -0.0674   -0.1284
    2.6240    4.4350   -2.7344    2.4480   -4.3678   -2.5660
eta,q 0.93239 13.71303
niter,ni,del,rscale     5    3    5.0000    1.2000
parameter  4  2.013771 ->  0.500000 qaram    1.1500
parameter  5  4.166621 ->  0.500000 qaram    1.1500
parameter  6  1.437268 ->  0.500000 qaram    1.1500
parameters
   -0.6602   -6.1680   13.4740   -4.2729   -4.2074   -4.2684
    2.1294    5.9147   -2.0687    3.9664   -4.3403   -1.8190
eta,q 0.95157 13.04739
  0.0704  0.0699  0.0699  0.0597  0.0508  0.0469  0.0513  0.0559  0.0510  0.0539  0.0497  0.0498
  0.0689  0.0688  0.0688  0.0616  0.0540  0.0482  0.0499  0.0528  0.0497  0.0512  0.0490  0.0489
  0.0679  0.0680  0.0680  0.0642  0.0579  0.0509  0.0490  0.0504  0.0489  0.0493  0.0486  0.0484
  0.0676  0.0676  0.0676  0.0674  0.0622  0.0550  0.0488  0.0488  0.0485  0.0485  0.0484  0.0484
  0.0680  0.0676  0.0674  0.0713  0.0670  0.0601  0.0493  0.0485  0.0486  0.0485  0.0486  0.0485
  0.0689  0.0680  0.0676  0.0756  0.0719  0.0660  0.0504  0.0497  0.0492  0.0493  0.0490  0.0487
  0.0704  0.0688  0.0681  0.0804  0.0769  0.0721  0.0521  0.0521  0.0502  0.0505  0.0497  0.0492
niter,ni,del,rscale     7    3    5.0000    1.2000
parameter  2 -0.529675 -> -0.500000 qaram    1.1500
parameter  3  0.564526 ->  0.500000 qaram    1.1500
parameter  4  0.836185 ->  0.500000 qaram    1.3225
parameter  5  1.604056 ->  0.500000 qaram    1.3225
parameter  6  0.847893 ->  0.500000 qaram    1.3225
parameter 10 -0.598834 -> -0.500000 qaram    1.1500
parameters
   -0.3854   -4.7880   12.0940   -9.0339   -8.9684   -9.0294
    2.3386    6.2260   -1.3779    8.1064   -5.0458   -1.2179
eta,q 0.96576 12.29911
  0.0528  0.0530  0.0476  0.0440  0.0367  0.0349  0.0391  0.0409  0.0382  0.0422  0.0352  0.0360
  0.0506  0.0510  0.0471  0.0440  0.0383  0.0354  0.0373  0.0382  0.0369  0.0395  0.0346  0.0351
  0.0491  0.0494  0.0471  0.0449  0.0408  0.0365  0.0361  0.0364  0.0360  0.0373  0.0343  0.0345
  0.0484  0.0484  0.0477  0.0470  0.0442  0.0389  0.0356  0.0356  0.0356  0.0356  0.0343  0.0343
  0.0486  0.0478  0.0487  0.0502  0.0484  0.0433  0.0359  0.0360  0.0357  0.0345  0.0344  0.0343
  0.0495  0.0478  0.0500  0.0543  0.0533  0.0488  0.0370  0.0375  0.0363  0.0343  0.0349  0.0347
  0.0512  0.0483  0.0517  0.0591  0.0586  0.0553  0.0388  0.0402  0.0374  0.0351  0.0357  0.0355
niter,ni,del,rscale     7    3    5.0000    1.2000
parameter  2 -0.601013 -> -0.500000 qaram    1.3225
parameter  5  0.928310 ->  0.500000 qaram    1.5209
parameters
   -0.3533   -3.2010   11.1878  -11.0156  -14.4436  -13.7534
    2.1424    6.1697   -1.4702   10.4356   -5.0646   -3.7597
eta,q 0.97330 11.56019
  0.0384  0.0424  0.0339  0.0352  0.0284  0.0285  0.0303  0.0324  0.0298  0.0352  0.0280  0.0274
  0.0362  0.0390  0.0329  0.0335  0.0285  0.0275  0.0287  0.0296  0.0285  0.0317  0.0274  0.0269
  0.0348  0.0362  0.0325  0.0327  0.0298  0.0277  0.0277  0.0279  0.0277  0.0290  0.0271  0.0267
  0.0342  0.0342  0.0329  0.0325  0.0325  0.0287  0.0274  0.0274  0.0274  0.0274  0.0269  0.0269
  0.0347  0.0331  0.0339  0.0334  0.0362  0.0313  0.0278  0.0281  0.0277  0.0270  0.0271  0.0275
  0.0360  0.0329  0.0355  0.0358  0.0411  0.0363  0.0290  0.0298  0.0286  0.0277  0.0274  0.0284
  0.0382  0.0336  0.0376  0.0399  0.0464  0.0428  0.0307  0.0325  0.0299  0.0297  0.0280  0.0296
niter,ni,del,rscale     7    3    5.0000    1.2000
parameters
   -0.3234   -2.3762   10.6335  -10.6107  -17.9953  -14.0010
    1.8994    6.2990   -1.6437   11.8328   -5.1874   -6.6193
eta,q 0.97484 11.36254
  0.0310  0.0360  0.0280  0.0300  0.0284  0.0308  0.0284  0.0308  0.0279  0.0325  0.0266  0.0259
  0.0286  0.0319  0.0267  0.0278  0.0264  0.0280  0.0269  0.0280  0.0266  0.0292  0.0259  0.0253
  0.0272  0.0287  0.0261  0.0265  0.0256  0.0262  0.0259  0.0262  0.0258  0.0268  0.0256  0.0252
  0.0267  0.0267  0.0262  0.0261  0.0260  0.0256  0.0256  0.0256  0.0256  0.0256  0.0255  0.0255
  0.0272  0.0262  0.0270  0.0262  0.0283  0.0262  0.0260  0.0262  0.0259  0.0257  0.0256  0.0262
  0.0285  0.0273  0.0284  0.0272  0.0323  0.0279  0.0272  0.0278  0.0268  0.0269  0.0260  0.0271
  0.0308  0.0299  0.0304  0.0295  0.0379  0.0318  0.0289  0.0304  0.0281  0.0290  0.0266  0.0283
niter,ni,del,rscale     6    3    5.0000    1.2000
parameters
   -0.2829   -2.0974   10.4142  -10.6687  -18.4855  -13.6214
    1.7900    6.3841   -1.6949   12.5976   -5.2342   -6.9854
eta,q 0.97490 11.36756
  0.0295  0.0326  0.0278  0.0286  0.0310  0.0312  0.0282  0.0303  0.0276  0.0314  0.0264  0.0269
  0.0271  0.0288  0.0262  0.0266  0.0279  0.0282  0.0265  0.0275  0.0262  0.0282  0.0257  0.0258
  0.0257  0.0262  0.0253  0.0254  0.0258  0.0260  0.0254  0.0257  0.0254  0.0260  0.0253  0.0252
  0.0252  0.0252  0.0251  0.0251  0.0251  0.0251  0.0251  0.0251  0.0251  0.0251  0.0251  0.0251
  0.0256  0.0256  0.0257  0.0254  0.0258  0.0256  0.0255  0.0257  0.0254  0.0256  0.0253  0.0255
  0.0270  0.0274  0.0269  0.0265  0.0283  0.0271  0.0267  0.0274  0.0263  0.0270  0.0257  0.0262
  0.0292  0.0303  0.0287  0.0288  0.0326  0.0306  0.0284  0.0300  0.0276  0.0293  0.0264  0.0272
niter,ni,del,rscale     5    3    5.0000    1.2000
parameters
   -0.2697   -1.9970   10.4337  -10.6507  -18.5736  -13.4575
    1.7615    6.4270   -1.7205   12.8026   -5.2380   -7.0821
eta,q 0.97489 11.37925
  0.0293  0.0318  0.0283  0.0286  0.0314  0.0309  0.0282  0.0301  0.0276  0.0307  0.0264  0.0271
  0.0270  0.0282  0.0265  0.0266  0.0282  0.0280  0.0265  0.0274  0.0262  0.0276  0.0257  0.0259
  0.0256  0.0259  0.0254  0.0254  0.0260  0.0259  0.0255  0.0257  0.0254  0.0257  0.0253  0.0252
  0.0251  0.0251  0.0251  0.0251  0.0251  0.0251  0.0251  0.0251  0.0251  0.0251  0.0251  0.0251
  0.0256  0.0258  0.0255  0.0253  0.0256  0.0255  0.0255  0.0257  0.0254  0.0258  0.0253  0.0254
  0.0270  0.0277  0.0265  0.0264  0.0279  0.0271  0.0266  0.0274  0.0263  0.0274  0.0257  0.0261
  0.0292  0.0309  0.0282  0.0287  0.0321  0.0310  0.0283  0.0300  0.0276  0.0299  0.0264  0.0271
niter,ni,del,rscale     4    3    5.0000    1.2000
parameters
   -0.2608   -1.9703   10.4445  -10.6382  -18.5982  -13.4128
    1.7516    6.4436   -1.7256   12.8562   -5.2490   -7.1032
eta,q 0.97487 11.38296
  0.0293  0.0315  0.0283  0.0286  0.0315  0.0308  0.0283  0.0301  0.0276  0.0305  0.0264  0.0271
  0.0270  0.0280  0.0265  0.0266  0.0283  0.0279  0.0266  0.0274  0.0262  0.0275  0.0257  0.0260
  0.0256  0.0258  0.0254  0.0254  0.0260  0.0258  0.0255  0.0257  0.0254  0.0256  0.0253  0.0253
  0.0251  0.0251  0.0251  0.0251  0.0251  0.0251  0.0251  0.0251  0.0251  0.0251  0.0251  0.0251
  0.0256  0.0259  0.0255  0.0253  0.0256  0.0256  0.0255  0.0257  0.0254  0.0259  0.0253  0.0254
  0.0270  0.0279  0.0265  0.0264  0.0278  0.0272  0.0266  0.0274  0.0263  0.0276  0.0257  0.0261
  0.0292  0.0312  0.0282  0.0287  0.0320  0.0312  0.0283  0.0300  0.0276  0.0301  0.0264  0.0270
registration optimization eta report
parameter search radius
    2.4000    3.1740    2.7600    9.5220   10.9503    9.5220
    7.2000    7.2000    7.2000    8.2800    7.2000    7.2000
100000*second partial in parameter space
       72.       61.       41.        4.        6.        7.
        6.        9.        5.        7.        2.        4.
  0.0293  0.0315  0.0283  0.0286  0.0315  0.0308  0.0283  0.0301  0.0276  0.0305  0.0264  0.0271
  0.0270  0.0280  0.0265  0.0266  0.0283  0.0279  0.0266  0.0274  0.0262  0.0275  0.0257  0.0260
  0.0256  0.0258  0.0254  0.0254  0.0260  0.0258  0.0255  0.0257  0.0254  0.0256  0.0253  0.0253
  0.0251  0.0251  0.0251  0.0251  0.0251  0.0251  0.0251  0.0251  0.0251  0.0251  0.0251  0.0251
  0.0256  0.0259  0.0255  0.0253  0.0256  0.0256  0.0255  0.0257  0.0254  0.0259  0.0253  0.0254
  0.0270  0.0279  0.0265  0.0264  0.0278  0.0272  0.0266  0.0274  0.0263  0.0276  0.0257  0.0261
  0.0292  0.0312  0.0282  0.0287  0.0320  0.0312  0.0283  0.0300  0.0276  0.0301  0.0264  0.0270
   -0.2608   -1.9703   10.4445  -10.6382  -18.5982  -13.4128
    1.7516    6.4436   -1.7256   12.8562   -5.2490   -7.1032
eta,q 0.97487 11.38296

---------------------------------------------------------------------
imgreg_4dfp /opt/freesurfer/average/711-2C_as_mni_average_305 /opt/freesurfer/average/711-2B_as_mni_average_305_mask talsrcimg_g11 none talsrcimg_to_711-2C_as_mni_average_305_t4 2311
---------------------------------------------------------------------

freesurfer imgreg_4dfp.c
/opt/freesurfer/average/711-2C_as_mni_average_305.4dfp.img
       256       256       256         1
  1.000000  1.000000  1.000000
orientation T byte_order littleendian
Reading image: /opt/freesurfer/average/711-2C_as_mni_average_305.4dfp.img
dimensions:      256       256       256
mmppix:       1.0000   -1.0000   -1.0000
center:     128.0000 -129.0000 -129.0000
/opt/freesurfer/average/711-2B_as_mni_average_305_mask.4dfp.img
       256       256       256         1
  1.000000  1.000000  1.000000
orientation T byte_order littleendian
Reading mask: /opt/freesurfer/average/711-2B_as_mni_average_305_mask.4dfp.img (2306576 pixels)
talsrcimg_g11.4dfp.img
       256       256       256         1
  0.898438  0.898438  0.898438
orientation T byte_order littleendian
Reading image: talsrcimg_g11.4dfp.img
dimensions:      256       256       256
mmppix:       0.8984   -0.8984   -0.8984
center:     115.0001 -115.8985 -115.8985
fimgreg.f
image alignment mode   2311 decimal      907 hex
parameters
   -0.2608   -1.9703   10.4445  -10.6382  -18.5982  -13.4128
    1.7516    6.4436   -1.7256   12.8562   -5.2490   -7.1032
eta,q 0.97488 11.38295
niter,ni,del,rscale     5    3    5.0000    0.8000
parameters
   -0.2644   -2.0069   10.4167  -10.4100  -17.9533  -12.9167
    1.7931    6.4056   -1.7209   12.8012   -5.1779   -7.1783
eta,q 0.97492 11.48207
  0.0270  0.0267  0.0262  0.0259  0.0266  0.0267  0.0266  0.0274  0.0262  0.0269  0.0257  0.0260
  0.0259  0.0258  0.0256  0.0254  0.0259  0.0258  0.0258  0.0260  0.0256  0.0258  0.0254  0.0254
  0.0253  0.0253  0.0252  0.0252  0.0254  0.0253  0.0253  0.0253  0.0252  0.0252  0.0252  0.0251
  0.0251  0.0251  0.0251  0.0251  0.0251  0.0251  0.0251  0.0251  0.0251  0.0251  0.0251  0.0251
  0.0253  0.0253  0.0253  0.0251  0.0251  0.0252  0.0253  0.0254  0.0252  0.0254  0.0251  0.0252
  0.0260  0.0259  0.0256  0.0253  0.0254  0.0255  0.0257  0.0261  0.0256  0.0260  0.0253  0.0255
  0.0270  0.0268  0.0262  0.0258  0.0260  0.0261  0.0266  0.0274  0.0262  0.0269  0.0256  0.0260
niter,ni,del,rscale     4    3    5.0000    0.7000
parameters
   -0.2711   -2.0629   10.4517  -10.0761  -17.8704  -12.8274
    1.8311    6.3681   -1.7188   12.7569   -5.1517   -7.1177
eta,q 0.97493 11.51634
  0.0265  0.0263  0.0259  0.0257  0.0260  0.0261  0.0263  0.0268  0.0260  0.0265  0.0255  0.0258
  0.0257  0.0256  0.0255  0.0254  0.0255  0.0255  0.0256  0.0258  0.0255  0.0257  0.0253  0.0254
  0.0252  0.0252  0.0252  0.0252  0.0252  0.0252  0.0252  0.0253  0.0252  0.0252  0.0251  0.0251
  0.0251  0.0251  0.0251  0.0251  0.0251  0.0251  0.0251  0.0251  0.0251  0.0251  0.0251  0.0251
  0.0253  0.0253  0.0252  0.0251  0.0251  0.0252  0.0252  0.0253  0.0252  0.0253  0.0251  0.0251
  0.0257  0.0257  0.0254  0.0252  0.0254  0.0255  0.0256  0.0259  0.0255  0.0257  0.0253  0.0254
  0.0266  0.0265  0.0259  0.0255  0.0260  0.0260  0.0262  0.0268  0.0260  0.0265  0.0255  0.0257
niter,ni,del,rscale     3    3    5.0000    0.6000
parameters
   -0.2699   -2.0818   10.4581   -9.9838  -17.7967  -12.8298
    1.8502    6.3541   -1.7100   12.7026   -5.1455   -7.1003
eta,q 0.97494 11.52685
  0.0262  0.0260  0.0257  0.0255  0.0258  0.0258  0.0259  0.0263  0.0257  0.0261  0.0254  0.0256
  0.0256  0.0255  0.0253  0.0253  0.0254  0.0254  0.0255  0.0256  0.0254  0.0255  0.0252  0.0253
  0.0252  0.0252  0.0251  0.0251  0.0252  0.0251  0.0252  0.0252  0.0251  0.0252  0.0251  0.0251
  0.0251  0.0251  0.0251  0.0251  0.0251  0.0251  0.0251  0.0251  0.0251  0.0251  0.0251  0.0251
  0.0252  0.0252  0.0251  0.0251  0.0251  0.0252  0.0252  0.0252  0.0251  0.0252  0.0251  0.0251
  0.0256  0.0255  0.0253  0.0252  0.0253  0.0254  0.0255  0.0256  0.0254  0.0256  0.0252  0.0253
  0.0262  0.0260  0.0257  0.0254  0.0257  0.0257  0.0259  0.0264  0.0257  0.0261  0.0254  0.0256
niter,ni,del,rscale     2    3    5.0000    0.5000
parameters
   -0.2690   -2.0962   10.4537   -9.8960  -17.7363  -12.8585
    1.8595    6.3487   -1.7035   12.6598   -5.1453   -7.1011
eta,q 0.97494 11.53459
  0.0258  0.0257  0.0255  0.0253  0.0255  0.0255  0.0257  0.0259  0.0255  0.0258  0.0253  0.0254
  0.0254  0.0253  0.0252  0.0252  0.0253  0.0253  0.0253  0.0254  0.0253  0.0254  0.0252  0.0252
  0.0251  0.0251  0.0251  0.0251  0.0251  0.0251  0.0251  0.0252  0.0251  0.0251  0.0251  0.0251
  0.0251  0.0251  0.0251  0.0251  0.0251  0.0251  0.0251  0.0251  0.0251  0.0251  0.0251  0.0251
  0.0252  0.0251  0.0251  0.0251  0.0251  0.0251  0.0251  0.0251  0.0251  0.0252  0.0251  0.0251
  0.0254  0.0254  0.0253  0.0251  0.0252  0.0253  0.0253  0.0254  0.0253  0.0254  0.0252  0.0252
  0.0258  0.0257  0.0255  0.0253  0.0255  0.0255  0.0257  0.0260  0.0255  0.0258  0.0253  0.0254
niter,ni,del,rscale     1    3    5.0000    0.4000
parameters
   -0.2677   -2.1060   10.4448   -9.7984  -17.6855  -12.9027
    1.8673    6.3467   -1.7059   12.6151   -5.1471   -7.1051
eta,q 0.97494 11.54141
  0.0255  0.0255  0.0253  0.0252  0.0254  0.0254  0.0255  0.0256  0.0254  0.0255  0.0252  0.0253
  0.0253  0.0252  0.0252  0.0251  0.0252  0.0252  0.0252  0.0253  0.0252  0.0252  0.0251  0.0251
  0.0251  0.0251  0.0251  0.0251  0.0251  0.0251  0.0251  0.0251  0.0251  0.0251  0.0251  0.0251
  0.0251  0.0251  0.0251  0.0251  0.0251  0.0251  0.0251  0.0251  0.0251  0.0251  0.0251  0.0251
  0.0251  0.0251  0.0251  0.0251  0.0251  0.0251  0.0251  0.0251  0.0251  0.0251  0.0251  0.0251
  0.0253  0.0253  0.0252  0.0251  0.0252  0.0252  0.0252  0.0253  0.0252  0.0253  0.0251  0.0251
  0.0255  0.0255  0.0253  0.0252  0.0253  0.0254  0.0254  0.0256  0.0254  0.0255  0.0252  0.0253
registration optimization eta report
parameter search radius
    0.8000    0.8000    0.8000    2.4000    2.4000    2.4000
    2.4000    2.4000    2.4000    2.4000    2.4000    2.4000
100000*second partial in parameter space
       76.       66.       42.        3.        5.        5.
        7.       10.        5.        8.        3.        4.
  0.0255  0.0255  0.0253  0.0252  0.0254  0.0254  0.0255  0.0256  0.0254  0.0255  0.0252  0.0253
  0.0253  0.0252  0.0252  0.0251  0.0252  0.0252  0.0252  0.0253  0.0252  0.0252  0.0251  0.0251
  0.0251  0.0251  0.0251  0.0251  0.0251  0.0251  0.0251  0.0251  0.0251  0.0251  0.0251  0.0251
  0.0251  0.0251  0.0251  0.0251  0.0251  0.0251  0.0251  0.0251  0.0251  0.0251  0.0251  0.0251
  0.0251  0.0251  0.0251  0.0251  0.0251  0.0251  0.0251  0.0251  0.0251  0.0251  0.0251  0.0251
  0.0253  0.0253  0.0252  0.0251  0.0252  0.0252  0.0252  0.0253  0.0252  0.0253  0.0251  0.0251
  0.0255  0.0255  0.0253  0.0252  0.0253  0.0254  0.0254  0.0256  0.0254  0.0255  0.0252  0.0253
   -0.2677   -2.1060   10.4448   -9.7984  -17.6855  -12.9027
    1.8673    6.3467   -1.7059   12.6151   -5.1471   -7.1051
eta,q 0.97494 11.54141

---------------------------------------------------------------------
imgreg_4dfp /opt/freesurfer/average/711-2C_as_mni_average_305 /opt/freesurfer/average/711-2B_as_mni_average_305_mask talsrcimg_g11 none talsrcimg_to_711-2C_as_mni_average_305_t4 2311
---------------------------------------------------------------------

freesurfer imgreg_4dfp.c
/opt/freesurfer/average/711-2C_as_mni_average_305.4dfp.img
       256       256       256         1
  1.000000  1.000000  1.000000
orientation T byte_order littleendian
Reading image: /opt/freesurfer/average/711-2C_as_mni_average_305.4dfp.img
dimensions:      256       256       256
mmppix:       1.0000   -1.0000   -1.0000
center:     128.0000 -129.0000 -129.0000
/opt/freesurfer/average/711-2B_as_mni_average_305_mask.4dfp.img
       256       256       256         1
  1.000000  1.000000  1.000000
orientation T byte_order littleendian
Reading mask: /opt/freesurfer/average/711-2B_as_mni_average_305_mask.4dfp.img (2306576 pixels)
talsrcimg_g11.4dfp.img
       256       256       256         1
  0.898438  0.898438  0.898438
orientation T byte_order littleendian
Reading image: talsrcimg_g11.4dfp.img
dimensions:      256       256       256
mmppix:       0.8984   -0.8984   -0.8984
center:     115.0001 -115.8985 -115.8985
fimgreg.f
image alignment mode   2311 decimal      907 hex
parameters
   -0.2677   -2.1060   10.4448   -9.7984  -17.6855  -12.9027
    1.8673    6.3467   -1.7059   12.6151   -5.1471   -7.1051
eta,q 0.97494 11.54141
niter,ni,del,rscale     5    3    5.0000    0.8000
parameters
   -0.2628   -2.0937   10.4478  -10.1222  -17.9236  -12.9062
    1.8338    6.3839   -1.7125   12.7197   -5.1569   -7.0736
eta,q 0.97493 11.50206
  0.0270  0.0268  0.0262  0.0257  0.0262  0.0264  0.0266  0.0274  0.0262  0.0270  0.0256  0.0260
  0.0259  0.0258  0.0255  0.0253  0.0256  0.0256  0.0257  0.0261  0.0256  0.0259  0.0253  0.0255
  0.0253  0.0252  0.0252  0.0251  0.0252  0.0252  0.0252  0.0253  0.0252  0.0253  0.0251  0.0251
  0.0251  0.0251  0.0251  0.0251  0.0251  0.0251  0.0251  0.0251  0.0251  0.0251  0.0251  0.0251
  0.0253  0.0253  0.0252  0.0251  0.0252  0.0252  0.0252  0.0253  0.0252  0.0253  0.0251  0.0252
  0.0259  0.0258  0.0255  0.0254  0.0257  0.0256  0.0258  0.0261  0.0256  0.0259  0.0253  0.0255
  0.0270  0.0267  0.0261  0.0260  0.0265  0.0264  0.0266  0.0273  0.0262  0.0268  0.0256  0.0260
niter,ni,del,rscale     4    3    5.0000    0.7000
parameters
   -0.2681   -2.0789   10.4618  -10.0961  -17.8665  -12.8527
    1.8378    6.3710   -1.7097   12.7215   -5.1478   -7.0937
eta,q 0.97493 11.51231
  0.0265  0.0264  0.0259  0.0256  0.0260  0.0261  0.0262  0.0268  0.0260  0.0265  0.0255  0.0258
  0.0257  0.0256  0.0254  0.0253  0.0255  0.0255  0.0256  0.0258  0.0255  0.0257  0.0253  0.0253
  0.0252  0.0252  0.0252  0.0251  0.0252  0.0252  0.0252  0.0253  0.0252  0.0252  0.0251  0.0251
  0.0251  0.0251  0.0251  0.0251  0.0251  0.0251  0.0251  0.0251  0.0251  0.0251  0.0251  0.0251
  0.0252  0.0252  0.0252  0.0251  0.0251  0.0252  0.0252  0.0253  0.0252  0.0253  0.0251  0.0251
  0.0257  0.0256  0.0254  0.0253  0.0254  0.0255  0.0256  0.0259  0.0255  0.0257  0.0253  0.0254
  0.0265  0.0263  0.0259  0.0256  0.0260  0.0260  0.0262  0.0268  0.0260  0.0265  0.0255  0.0258
niter,ni,del,rscale     3    3    5.0000    0.6000
parameters
   -0.2703   -2.0843   10.4584   -9.9924  -17.8026  -12.8427
    1.8517    6.3546   -1.7148   12.6962   -5.1446   -7.0990
eta,q 0.97494 11.52471
  0.0261  0.0260  0.0257  0.0255  0.0258  0.0258  0.0259  0.0263  0.0257  0.0261  0.0254  0.0256
  0.0255  0.0255  0.0253  0.0253  0.0254  0.0254  0.0255  0.0256  0.0254  0.0255  0.0252  0.0253
  0.0252  0.0252  0.0251  0.0251  0.0252  0.0251  0.0252  0.0252  0.0251  0.0252  0.0251  0.0251
  0.0251  0.0251  0.0251  0.0251  0.0251  0.0251  0.0251  0.0251  0.0251  0.0251  0.0251  0.0251
  0.0252  0.0252  0.0251  0.0251  0.0251  0.0252  0.0252  0.0252  0.0251  0.0252  0.0251  0.0251
  0.0256  0.0255  0.0253  0.0252  0.0253  0.0254  0.0255  0.0256  0.0254  0.0256  0.0252  0.0253
  0.0262  0.0260  0.0257  0.0254  0.0258  0.0257  0.0259  0.0264  0.0257  0.0261  0.0254  0.0256
niter,ni,del,rscale     2    3    5.0000    0.5000
parameters
   -0.2695   -2.0956   10.4577   -9.8798  -17.7374  -12.8590
    1.8568    6.3430   -1.7013   12.6595   -5.1428   -7.0966
eta,q 0.97494 11.53558
  0.0258  0.0257  0.0255  0.0253  0.0256  0.0255  0.0257  0.0259  0.0255  0.0258  0.0253  0.0254
  0.0254  0.0253  0.0252  0.0252  0.0253  0.0253  0.0253  0.0254  0.0253  0.0254  0.0252  0.0252
  0.0251  0.0251  0.0251  0.0251  0.0251  0.0251  0.0251  0.0252  0.0251  0.0251  0.0251  0.0251
  0.0251  0.0251  0.0251  0.0251  0.0251  0.0251  0.0251  0.0251  0.0251  0.0251  0.0251  0.0251
  0.0252  0.0251  0.0251  0.0251  0.0251  0.0251  0.0251  0.0252  0.0251  0.0252  0.0251  0.0251
  0.0254  0.0254  0.0253  0.0251  0.0252  0.0253  0.0253  0.0255  0.0253  0.0254  0.0252  0.0252
  0.0258  0.0257  0.0255  0.0253  0.0255  0.0255  0.0257  0.0260  0.0255  0.0258  0.0253  0.0254
niter,ni,del,rscale     1    3    5.0000    0.4000
parameters
   -0.2674   -2.1063   10.4443   -9.8012  -17.6869  -12.9025
    1.8650    6.3504   -1.7028   12.6150   -5.1551   -7.1070
eta,q 0.97495 11.54117
  0.0256  0.0255  0.0253  0.0252  0.0254  0.0254  0.0255  0.0256  0.0254  0.0255  0.0252  0.0253
  0.0253  0.0252  0.0252  0.0251  0.0252  0.0252  0.0252  0.0253  0.0252  0.0252  0.0251  0.0251
  0.0251  0.0251  0.0251  0.0251  0.0251  0.0251  0.0251  0.0251  0.0251  0.0251  0.0251  0.0251
  0.0251  0.0251  0.0251  0.0251  0.0251  0.0251  0.0251  0.0251  0.0251  0.0251  0.0251  0.0251
  0.0251  0.0251  0.0251  0.0251  0.0251  0.0251  0.0251  0.0251  0.0251  0.0251  0.0251  0.0251
  0.0253  0.0253  0.0252  0.0251  0.0252  0.0252  0.0252  0.0253  0.0252  0.0253  0.0251  0.0251
  0.0255  0.0255  0.0253  0.0252  0.0253  0.0254  0.0254  0.0256  0.0254  0.0255  0.0252  0.0253
registration optimization eta report
parameter search radius
    0.8000    0.8000    0.8000    2.4000    2.4000    2.4000
    2.4000    2.4000    2.4000    2.4000    2.4000    2.4000
100000*second partial in parameter space
       76.       66.       42.        3.        5.        5.
        7.       10.        5.        8.        3.        4.
  0.0256  0.0255  0.0253  0.0252  0.0254  0.0254  0.0255  0.0256  0.0254  0.0255  0.0252  0.0253
  0.0253  0.0252  0.0252  0.0251  0.0252  0.0252  0.0252  0.0253  0.0252  0.0252  0.0251  0.0251
  0.0251  0.0251  0.0251  0.0251  0.0251  0.0251  0.0251  0.0251  0.0251  0.0251  0.0251  0.0251
  0.0251  0.0251  0.0251  0.0251  0.0251  0.0251  0.0251  0.0251  0.0251  0.0251  0.0251  0.0251
  0.0251  0.0251  0.0251  0.0251  0.0251  0.0251  0.0251  0.0251  0.0251  0.0251  0.0251  0.0251
  0.0253  0.0253  0.0252  0.0251  0.0252  0.0252  0.0252  0.0253  0.0252  0.0253  0.0251  0.0251
  0.0255  0.0255  0.0253  0.0252  0.0253  0.0254  0.0254  0.0256  0.0254  0.0255  0.0252  0.0253
   -0.2674   -2.1063   10.4443   -9.8012  -17.6869  -12.9025
    1.8650    6.3504   -1.7028   12.6150   -5.1551   -7.1070
eta,q 0.97495 11.54117

---------------------------------------------------------------------
compute_vox2vox talsrcimg talsrcimg_to_711-2C_as_mni_average_305_t4 /opt/freesurfer/average/711-2C_as_mni_average_305
---------------------------------------------------------------------

freesurfer compute_vox2vox.c
Reading: talsrcimg.4dfp.ifh
Reading: talsrcimg_to_711-2C_as_mni_average_305_t4
Reading: /opt/freesurfer/average/711-2C_as_mni_average_305.4dfp.ifh
Writing: talsrcimg_to_711-2C_as_mni_average_305_t4_vox2vox.txt

start time Wed Mar 11 03:06:01 CET 2026
end		time Wed Mar 11 03:07:26 CET 2026

mpr2mni305 success

avi2talxfm orig_nu.mgz /opt/freesurfer/average/mni305.cor.mgz talsrcimg_to_711-2C_as_mni_average_305_t4_vox2vox.txt transforms/talairach.auto.xfm
avi2talxfm done
mv -f /out/sourcedata/freesurfer/sub-v2s13x29096_ses-1/mri/talsrcimg_to_711-2C_as_mni_average_305_t4_vox2vox.txt /out/sourcedata/freesurfer/sub-v2s13x29096_ses-1/mri/transforms/talsrcimg_to_711-2C_as_mni_average_305_t4_vox2vox.txt
lta_convert --src orig_nu.mgz --trg /opt/freesurfer/average/mni305.cor.mgz --inxfm transforms/talairach.auto.xfm --outlta transforms/talairach.auto.xfm.lta --subject fsaverage
7.3.2

--src: orig_nu.mgz src image (geometry).
--trg: /opt/freesurfer/average/mni305.cor.mgz trg image (geometry).
--inmni: transforms/talairach.auto.xfm input MNI/XFM transform.
--outlta: transforms/talairach.auto.xfm.lta output LTA.
--s: fsaverage subject name
 LTA read, type : 1
 1.10373  -0.07590  -0.03156   0.02849;
 0.06636   1.12939   0.09601  -9.66221;
 0.01266  -0.17466   1.19950  -27.37430;
 0.00000   0.00000   0.00000   1.00000;
setting subject to fsaverage
Writing  LTA to file transforms/talairach.auto.xfm.lta...
lta_convert successful.
 
 
Started at Wed Mar 11 03:06:00 CET 2026
Ended   at Wed Mar 11 03:07:27 CET 2026
talairach_avi done
