status file for recon-all
Wed Mar 11 04:29:52 CET 2026
#@# MotionCor Wed Mar 11 04:29:54 CET 2026
#@# Talairach Wed Mar 11 04:30:04 CET 2026
#@# Talairach Failure Detection Wed Mar 11 04:34:33 CET 2026
#@# Nu Intensity Correction Wed Mar 11 04:34:33 CET 2026
#@# Intensity Normalization Wed Mar 11 04:37:51 CET 2026
recon-all -s sub-v2s13x29123_ses-1 finished without error at Wed Mar 11 04:39:19 CET 2026



#New# invocation of recon-all 



status file for recon-all
Wed Mar 11 04:47:07 CET 2026
#@# EM Registration Wed Mar 11 04:47:07 CET 2026
recon-all -s sub-v2s13x29123_ses-1 finished without error at Wed Mar 11 04:49:46 CET 2026



#New# invocation of recon-all 



status file for recon-all
Wed Mar 11 04:49:50 CET 2026
#@# CA Normalize Wed Mar 11 04:49:50 CET 2026
#@# CA Reg Wed Mar 11 04:51:10 CET 2026
#@# SubCort Seg Wed Mar 11 05:40:22 CET 2026
#@# CC Seg Wed Mar 11 06:15:29 CET 2026
#@# Merge ASeg Wed Mar 11 06:16:08 CET 2026
#@# Intensity Normalization2 Wed Mar 11 06:16:08 CET 2026
#@# Mask BFS Wed Mar 11 06:18:18 CET 2026
#@# WM Segmentation Wed Mar 11 06:18:19 CET 2026
#@# Fill Wed Mar 11 06:20:39 CET 2026
recon-all -s sub-v2s13x29123_ses-1 finished without error at Wed Mar 11 06:21:47 CET 2026



#New# invocation of recon-all 



status file for recon-all
Wed Mar 11 07:23:31 CET 2026
#@# white curv lh Wed Mar 11 07:23:31 CET 2026
#@# white area lh Wed Mar 11 07:23:31 CET 2026
#@# pial curv lh Wed Mar 11 07:23:31 CET 2026
#@# pial area lh Wed Mar 11 07:23:31 CET 2026
#@# thickness lh Wed Mar 11 07:23:31 CET 2026
#@# area and vertex vol lh Wed Mar 11 07:23:31 CET 2026
#@# white curv rh Wed Mar 11 07:23:31 CET 2026
#@# white area rh Wed Mar 11 07:23:31 CET 2026
#@# pial curv rh Wed Mar 11 07:23:31 CET 2026
#@# pial area rh Wed Mar 11 07:23:31 CET 2026
#@# thickness rh Wed Mar 11 07:23:31 CET 2026
#@# area and vertex vol rh Wed Mar 11 07:23:31 CET 2026
#@# Cortical ribbon mask Wed Mar 11 07:23:31 CET 2026
recon-all -s sub-v2s13x29123_ses-1 finished without error at Wed Mar 11 07:34:24 CET 2026



#New# invocation of recon-all 



status file for recon-all
Wed Mar 11 07:42:59 CET 2026
#@# white curv lh Wed Mar 11 07:42:59 CET 2026
#@# white area lh Wed Mar 11 07:42:59 CET 2026
#@# pial curv lh Wed Mar 11 07:42:59 CET 2026
#@# pial area lh Wed Mar 11 07:42:59 CET 2026
#@# thickness lh Wed Mar 11 07:42:59 CET 2026
#@# area and vertex vol lh Wed Mar 11 07:42:59 CET 2026
#@# white curv rh Wed Mar 11 07:42:59 CET 2026
#@# white area rh Wed Mar 11 07:42:59 CET 2026
#@# pial curv rh Wed Mar 11 07:42:59 CET 2026
#@# pial area rh Wed Mar 11 07:42:59 CET 2026
#@# thickness rh Wed Mar 11 07:42:59 CET 2026
#@# area and vertex vol rh Wed Mar 11 07:42:59 CET 2026
#@# Curvature Stats lh Wed Mar 11 07:42:59 CET 2026
#@# Curvature Stats rh Wed Mar 11 07:43:02 CET 2026
#@# Relabel Hypointensities Wed Mar 11 07:43:05 CET 2026
#@# APas-to-ASeg Wed Mar 11 07:43:26 CET 2026
#@# AParc-to-ASeg aparc Wed Mar 11 07:43:37 CET 2026
#@# AParc-to-ASeg aparc.a2009s Wed Mar 11 07:44:31 CET 2026
#@# AParc-to-ASeg aparc.DKTatlas Wed Mar 11 07:45:27 CET 2026
#@# WMParc Wed Mar 11 07:46:24 CET 2026
#@# ASeg Stats Wed Mar 11 07:50:21 CET 2026
recon-all -s sub-v2s13x29123_ses-1 finished without error at Wed Mar 11 07:51:06 CET 2026
