status file for recon-all
Wed Mar 11 06:52:57 CET 2026
#@# Tessellate rh Wed Mar 11 06:52:57 CET 2026
#@# Smooth1 rh Wed Mar 11 06:53:01 CET 2026
#@# Inflation1 rh Wed Mar 11 06:53:05 CET 2026
#@# QSphere rh Wed Mar 11 06:54:23 CET 2026
#@# Fix Topology rh Wed Mar 11 06:56:15 CET 2026
#@# Smooth2 rh Wed Mar 11 07:03:05 CET 2026
#@# Inflation2 rh Wed Mar 11 07:03:09 CET 2026
#@# Curv .H and .K rh Wed Mar 11 07:03:37 CET 2026
#@# Sphere rh Wed Mar 11 07:04:39 CET 2026
#@# Surf Reg rh Wed Mar 11 07:07:58 CET 2026
#@# Jacobian white rh Wed Mar 11 07:13:50 CET 2026
#@# AvgCurv rh Wed Mar 11 07:13:52 CET 2026
#@# Cortical Parc rh Wed Mar 11 07:13:53 CET 2026
#@# white curv rh Wed Mar 11 07:21:58 CET 2026
#@# white area rh Wed Mar 11 07:22:01 CET 2026
#@# pial curv rh Wed Mar 11 07:22:01 CET 2026
#@# pial area rh Wed Mar 11 07:22:04 CET 2026
#@# thickness rh Wed Mar 11 07:22:04 CET 2026
#@# area and vertex vol rh Wed Mar 11 07:22:46 CET 2026
#@# Curvature Stats rh Wed Mar 11 07:22:48 CET 2026
#@# Cortical Parc 2 rh Wed Mar 11 07:22:52 CET 2026
#@# Cortical Parc 3 rh Wed Mar 11 07:23:09 CET 2026
#@# WM/GM Contrast rh Wed Mar 11 07:23:21 CET 2026
recon-all -s sub-v2s13x29123_ses-1 finished without error at Wed Mar 11 07:23:27 CET 2026



#New# invocation of recon-all 



status file for recon-all
Wed Mar 11 07:38:41 CET 2026
#@# white curv rh Wed Mar 11 07:38:41 CET 2026
#@# white area rh Wed Mar 11 07:38:41 CET 2026
#@# pial curv rh Wed Mar 11 07:38:41 CET 2026
#@# pial area rh Wed Mar 11 07:38:41 CET 2026
#@# thickness rh Wed Mar 11 07:38:41 CET 2026
#@# area and vertex vol rh Wed Mar 11 07:38:41 CET 2026
#@# Parcellation Stats rh Wed Mar 11 07:38:41 CET 2026
#@# Parcellation Stats 2 rh Wed Mar 11 07:39:09 CET 2026
#@# Parcellation Stats 3 rh Wed Mar 11 07:39:23 CET 2026
#@# BA_exvivo Labels rh Wed Mar 11 07:39:37 CET 2026
recon-all -s sub-v2s13x29123_ses-1 finished without error at Wed Mar 11 07:42:55 CET 2026
