status file for recon-all
Wed Mar 11 06:21:52 CET 2026
#@# Tessellate lh Wed Mar 11 06:21:52 CET 2026
#@# Smooth1 lh Wed Mar 11 06:21:56 CET 2026
#@# Inflation1 lh Wed Mar 11 06:21:59 CET 2026
#@# QSphere lh Wed Mar 11 06:23:17 CET 2026
#@# Fix Topology lh Wed Mar 11 06:24:31 CET 2026
#@# Smooth2 lh Wed Mar 11 06:32:01 CET 2026
#@# Inflation2 lh Wed Mar 11 06:32:05 CET 2026
#@# Curv .H and .K lh Wed Mar 11 06:32:35 CET 2026
#@# Sphere lh Wed Mar 11 06:33:36 CET 2026
#@# Surf Reg lh Wed Mar 11 06:37:57 CET 2026
#@# Jacobian white lh Wed Mar 11 06:43:21 CET 2026
#@# AvgCurv lh Wed Mar 11 06:43:22 CET 2026
#@# Cortical Parc lh Wed Mar 11 06:43:23 CET 2026
#@# white curv lh Wed Mar 11 06:51:26 CET 2026
#@# white area lh Wed Mar 11 06:51:28 CET 2026
#@# pial curv lh Wed Mar 11 06:51:29 CET 2026
#@# pial area lh Wed Mar 11 06:51:31 CET 2026
#@# thickness lh Wed Mar 11 06:51:33 CET 2026
#@# area and vertex vol lh Wed Mar 11 06:52:11 CET 2026
#@# Curvature Stats lh Wed Mar 11 06:52:13 CET 2026
#@# Cortical Parc 2 lh Wed Mar 11 06:52:17 CET 2026
#@# Cortical Parc 3 lh Wed Mar 11 06:52:34 CET 2026
#@# WM/GM Contrast lh Wed Mar 11 06:52:48 CET 2026
recon-all -s sub-v2s13x29123_ses-1 finished without error at Wed Mar 11 06:52:54 CET 2026



#New# invocation of recon-all 



status file for recon-all
Wed Mar 11 07:34:28 CET 2026
#@# white curv lh Wed Mar 11 07:34:29 CET 2026
#@# white area lh Wed Mar 11 07:34:29 CET 2026
#@# pial curv lh Wed Mar 11 07:34:29 CET 2026
#@# pial area lh Wed Mar 11 07:34:29 CET 2026
#@# thickness lh Wed Mar 11 07:34:29 CET 2026
#@# area and vertex vol lh Wed Mar 11 07:34:29 CET 2026
#@# Parcellation Stats lh Wed Mar 11 07:34:29 CET 2026
#@# Parcellation Stats 2 lh Wed Mar 11 07:34:56 CET 2026
#@# Parcellation Stats 3 lh Wed Mar 11 07:35:10 CET 2026
#@# BA_exvivo Labels lh Wed Mar 11 07:35:25 CET 2026
recon-all -s sub-v2s13x29123_ses-1 finished without error at Wed Mar 11 07:38:38 CET 2026
