/out/sourcedata/freesurfer/sub-v2s13x29106_ses-1/mri
/opt/freesurfer/bin/talairach_avi
--i orig_nu.mgz --xfm transforms/talairach.auto.xfm
talairach_avi 7.3.2
Linux dna079 5.14.0-427.37.1.el9_4.x86_64 #1 SMP PREEMPT_DYNAMIC Fri Sep 13 12:41:50 EDT 2024 x86_64 x86_64 x86_64 GNU/Linux
Wed Mar 11 03:33:17 CET 2026
mri_convert orig_nu.mgz talsrcimg.img 
reading from orig_nu.mgz...
TR=0.00, TE=0.00, TI=0.00, flip angle=0.00
i_ras = (-1, 2.46193e-09, 1.5549e-09)
j_ras = (-5.18301e-10, -3.31713e-08, -1)
k_ras = (-5.18301e-10, 1, 0)
writing to talsrcimg.img...
Analyze Output Matrix
-0.89844  -0.00000  -0.00000   121.30673;
 0.00000  -0.00000   0.89844  -115.55344;
 0.00000  -0.89844   0.00000   130.88977;
 0.00000   0.00000   0.00000   1.00000;
--------------------
INFO: set hdr.hist.orient to -1
mpr2mni305 talsrcimg
Wed Mar 11 03:33:17 CET 2026
/opt/freesurfer/bin/mpr2mni305 talsrcimg
mpr2mni305 7.3.2
target=711-2C_as_mni_average_305

---------------------------------------------------------------------
analyzeto4dfp talsrcimg -O0 -y
---------------------------------------------------------------------

freesurfer ifh2hdr.c
Wed Mar 11 03:33:17 2026
Writing: talsrcimg.4dfp.hdr
freesurfer analyzeto4dfp.c
Reading: talsrcimg.hdr
header size 348 bytes
hdr.dime.datatype	offset=70	value=2
hdr.dime.bitpix		offset=72	value=8
hdr.hist.orient		offset=252	value=-1
dimensionality     4
dimensions       256       256       256         1
Reading: talsrcimg.img
Writing: talsrcimg.4dfp.img
Writing: talsrcimg.4dfp.ifh
ifh2hdr talsrcimg -r0to244
ori=2

---------------------------------------------------------------------
gauss_4dfp talsrcimg 1.1
---------------------------------------------------------------------

freesurfer gauss_4dfp.c
Reading: talsrcimg.4dfp.img
Writing: talsrcimg_g11.4dfp.img
image dimensions 256 256 256 padded to 288 288 288
processing volume 1freesurfer ifh2hdr.c
Wed Mar 11 03:33:19 2026
Writing: talsrcimg_g11.4dfp.hdr

Writing: talsrcimg_g11.4dfp.ifh
including: talsrcimg.4dfp.img.rec in talsrcimg_g11.4dfp.img.rec

---------------------------------------------------------------------
imgreg_4dfp /opt/freesurfer/average/711-2C_as_mni_average_305 none talsrcimg_g11 none talsrcimg_to_711-2C_as_mni_average_305_t4 4355
---------------------------------------------------------------------

freesurfer imgreg_4dfp.c
/opt/freesurfer/average/711-2C_as_mni_average_305.4dfp.img
       256       256       256         1
  1.000000  1.000000  1.000000
orientation T byte_order littleendian
Reading image: /opt/freesurfer/average/711-2C_as_mni_average_305.4dfp.img
dimensions:      256       256       256
mmppix:       1.0000   -1.0000   -1.0000
center:     128.0000 -129.0000 -129.0000
talsrcimg_g11.4dfp.img
       256       256       256         1
  0.898438  0.898438  0.898438
orientation T byte_order littleendian
Reading image: talsrcimg_g11.4dfp.img
dimensions:      256       256       256
mmppix:       0.8984   -0.8984   -0.8984
center:     115.0001 -115.8985 -115.8985
t4_read: open error in t4_sub.f l:  41 t4_file(1:l)talsrcimg_to_711-2C_as_mni_average_305_t4 
t4_read: transform initialized to I4
rotation matrix determinant  1.000000
image alignment mode   4355 decimal     1103 hex
   -7.5000  -45.0000  -45.0000 6409.3394   12.8697
    0.0000  -45.0000  -45.0000 6418.3403   12.8668
    7.5000  -45.0000  -45.0000 6050.6968   12.8612
   -7.5000  -37.5000  -45.0000 6794.7676   13.6701
    0.0000  -37.5000  -45.0000 6804.4775   13.6623
    7.5000  -37.5000  -45.0000 6424.6079   13.6545
   -7.5000  -30.0000  -45.0000 7211.4941   14.1058
    0.0000  -30.0000  -45.0000 7224.8003   14.0955
    7.5000  -30.0000  -45.0000 6823.6660   14.0913
   -7.5000  -22.5000  -45.0000 7745.7871   14.1165
    0.0000  -22.5000  -45.0000 7763.0605   14.1091
    7.5000  -22.5000  -45.0000 7309.9077   14.1106
   -7.5000  -15.0000  -45.0000 8238.9385   14.1233
    0.0000  -15.0000  -45.0000 8266.6201   14.1209
    7.5000  -15.0000  -45.0000 7752.4766   14.1243
   -7.5000   -7.5000  -45.0000 8281.3486   14.1184
    0.0000   -7.5000  -45.0000 8283.7686   14.1180
    7.5000   -7.5000  -45.0000 7761.4214   14.1181
   -7.5000    0.0000  -45.0000 8221.4102   14.1074
    0.0000    0.0000  -45.0000 8220.6455   14.1041
    7.5000    0.0000  -45.0000 7710.1494   14.0981
   -7.5000    7.5000  -45.0000 7810.1348   14.1011
    0.0000    7.5000  -45.0000 7812.8110   14.0930
    7.5000    7.5000  -45.0000 7320.3281   14.0850
   -7.5000   15.0000  -45.0000 7617.7183   14.1058
    0.0000   15.0000  -45.0000 7613.7861   14.0956
    7.5000   15.0000  -45.0000 7145.5493   14.0913
   -7.5000   22.5000  -45.0000 7024.3257   13.9627
    0.0000   22.5000  -45.0000 7013.2886   13.9557
    7.5000   22.5000  -45.0000 6567.1914   13.9572
   -7.5000   30.0000  -45.0000 6409.9707   13.7363
    0.0000   30.0000  -45.0000 6412.9106   13.7341
    7.5000   30.0000  -45.0000 5999.9717   13.7372
   -7.5000   37.5000  -45.0000 5898.2456   13.5581
    0.0000   37.5000  -45.0000 5897.8823   13.5586
    7.5000   37.5000  -45.0000 5509.4810   13.5578
   -7.5000   45.0000  -45.0000 5364.7104   13.3678
    0.0000   45.0000  -45.0000 5346.2607   13.3642
    7.5000   45.0000  -45.0000 5005.5083   13.3582
   -7.5000  -45.0000  -37.5000 6946.4668   13.5153
    0.0000  -45.0000  -37.5000 6948.0488   13.5072
    7.5000  -45.0000  -37.5000 6550.4810   13.4951
   -7.5000  -37.5000  -37.5000 7375.9136   14.3766
    0.0000  -37.5000  -37.5000 7381.2881   14.3634
    7.5000  -37.5000  -37.5000 6953.3076   14.3450
   -7.5000  -30.0000  -37.5000 7833.9707   14.8109
    0.0000  -30.0000  -37.5000 7839.8853   14.7938
    7.5000  -30.0000  -37.5000 7382.7441   14.7750
   -7.5000  -22.5000  -37.5000 8394.1533   14.8091
    0.0000  -22.5000  -37.5000 8409.0850   14.7931
    7.5000  -22.5000  -37.5000 7903.0186   14.7797
   -7.5000  -15.0000  -37.5000 8904.6562   14.8009
    0.0000  -15.0000  -37.5000 8920.5303   14.7899
    7.5000  -15.0000  -37.5000 8369.5020   14.7820
   -7.5000   -7.5000  -37.5000 8932.5996   14.7943
    0.0000   -7.5000  -37.5000 8936.8408   14.7867
    7.5000   -7.5000  -37.5000 8371.8877   14.7794
   -7.5000    0.0000  -37.5000 8862.3701   14.7962
    0.0000    0.0000  -37.5000 8871.5498   14.7874
    7.5000    0.0000  -37.5000 8306.0059   14.7741
   -7.5000    7.5000  -37.5000 8402.6650   14.8037
    0.0000    7.5000  -37.5000 8409.8955   14.7902
    7.5000    7.5000  -37.5000 7874.5259   14.7712
   -7.5000   15.0000  -37.5000 8213.1318   14.8103
    0.0000   15.0000  -37.5000 8225.5029   14.7932
    7.5000   15.0000  -37.5000 7710.9800   14.7743
   -7.5000   22.5000  -37.5000 7563.1240   14.6494
    0.0000   22.5000  -37.5000 7559.3789   14.6339
    7.5000   22.5000  -37.5000 7087.1079   14.6207
   -7.5000   30.0000  -37.5000 6890.7959   14.4032
    0.0000   30.0000  -37.5000 6894.1260   14.3928
    7.5000   30.0000  -37.5000 6450.9507   14.3847
   -7.5000   37.5000  -37.5000 6315.7563   14.2118
    0.0000   37.5000  -37.5000 6332.8940   14.2049
    7.5000   37.5000  -37.5000 5917.4644   14.1972
   -7.5000   45.0000  -37.5000 5752.5166   14.0112
    0.0000   45.0000  -37.5000 5747.5234   14.0028
    7.5000   45.0000  -37.5000 5377.4360   13.9896
   -7.5000  -45.0000  -30.0000 7508.2510   14.1301
    0.0000  -45.0000  -30.0000 7519.8105   14.1150
    7.5000  -45.0000  -30.0000 7090.4106   14.0966
   -7.5000  -37.5000  -30.0000 7975.7568   15.0479
    0.0000  -37.5000  -30.0000 7988.7603   15.0270
    7.5000  -37.5000  -30.0000 7510.0913   14.9989
   -7.5000  -30.0000  -30.0000 8461.2900   15.4786
    0.0000  -30.0000  -30.0000 8469.8291   15.4541
    7.5000  -30.0000  -30.0000 7967.8896   15.4239
   -7.5000  -22.5000  -30.0000 9041.5654   15.4624
    0.0000  -22.5000  -30.0000 9056.1729   15.4405
    7.5000  -22.5000  -30.0000 8514.0801   15.4173
   -7.5000  -15.0000  -30.0000 9567.9688   15.4421
    0.0000  -15.0000  -30.0000 9587.5273   15.4255
    7.5000  -15.0000  -30.0000 8994.2100   15.4109
   -7.5000   -7.5000  -30.0000 9604.1943   15.4373
    0.0000   -7.5000  -30.0000 9618.6777   15.4234
    7.5000   -7.5000  -30.0000 9022.8848   15.4107
   -7.5000    0.0000  -30.0000 9521.0391   15.4532
    0.0000    0.0000  -30.0000 9529.1357   15.4367
    7.5000    0.0000  -30.0000 8932.6484   15.4166
   -7.5000    7.5000  -30.0000 9015.5713   15.4715
    0.0000    7.5000  -30.0000 9014.5820   15.4500
    7.5000    7.5000  -30.0000 8457.9756   15.4212
   -7.5000   15.0000  -30.0000 8807.1191   15.4765
    0.0000   15.0000  -30.0000 8815.8652   15.4520
    7.5000   15.0000  -30.0000 8285.6846   15.4218
   -7.5000   22.5000  -30.0000 8090.0479   15.2970
    0.0000   22.5000  -30.0000 8113.4194   15.2755
    7.5000   22.5000  -30.0000 7614.7847   15.2525
   -7.5000   30.0000  -30.0000 7361.8418   15.0383
    0.0000   30.0000  -30.0000 7375.3618   15.0234
    7.5000   30.0000  -30.0000 6922.1431   15.0088
   -7.5000   37.5000  -30.0000 6726.8887   14.8502
    0.0000   37.5000  -30.0000 6757.6465   14.8375
    7.5000   37.5000  -30.0000 6339.0371   14.8247
   -7.5000   45.0000  -30.0000 6109.5806   14.6542
    0.0000   45.0000  -30.0000 6118.0879   14.6381
    7.5000   45.0000  -30.0000 5747.8682   14.6181
   -7.5000  -45.0000  -22.5000 8063.3750   14.6803
    0.0000  -45.0000  -22.5000 8070.2896   14.6619
    7.5000  -45.0000  -22.5000 7609.4512   14.6450
   -7.5000  -37.5000  -22.5000 8546.6709   15.6396
    0.0000  -37.5000  -22.5000 8552.5557   15.6155
    7.5000  -37.5000  -22.5000 8060.7725   15.5902
   -7.5000  -30.0000  -22.5000 9046.2910   16.0635
    0.0000  -30.0000  -22.5000 9069.0986   16.0380
    7.5000  -30.0000  -22.5000 8542.9023   16.0122
   -7.5000  -22.5000  -22.5000 9655.9805   16.0440
    0.0000  -22.5000  -22.5000 9683.2109   16.0230
    7.5000  -22.5000  -22.5000 9118.1924   16.0051
   -7.5000  -15.0000  -22.500010224.8037   16.0266
    0.0000  -15.0000  -22.500010265.0869   16.0106
    7.5000  -15.0000  -22.5000 9635.1621   16.0004
   -7.5000   -7.5000  -22.500010283.0566   16.0273
    0.0000   -7.5000  -22.500010328.5420   16.0117
    7.5000   -7.5000  -22.5000 9675.0107   16.0015
   -7.5000    0.0000  -22.500010163.8828   16.0459
    0.0000    0.0000  -22.500010196.1416   16.0257
    7.5000    0.0000  -22.5000 9569.3760   16.0073
   -7.5000    7.5000  -22.5000 9591.6377   16.0599
    0.0000    7.5000  -22.5000 9616.6855   16.0352
    7.5000    7.5000  -22.5000 9038.8467   16.0092
   -7.5000   15.0000  -22.5000 9357.6729   16.0597
    0.0000   15.0000  -22.5000 9381.9561   16.0342
    7.5000   15.0000  -22.5000 8824.6533   16.0084
   -7.5000   22.5000  -22.5000 8616.1816   15.8740
    0.0000   22.5000  -22.5000 8645.2031   15.8533
    7.5000   22.5000  -22.5000 8126.1167   15.8356
   -7.5000   30.0000  -22.5000 7824.7500   15.6209
    0.0000   30.0000  -22.5000 7859.8086   15.6071
    7.5000   30.0000  -22.5000 7394.5806   15.5972
   -7.5000   37.5000  -22.5000 7143.1660   15.4442
    0.0000   37.5000  -22.5000 7181.9624   15.4305
    7.5000   37.5000  -22.5000 6752.0015   15.4202
   -7.5000   45.0000  -22.5000 6458.2095   15.2557
    0.0000   45.0000  -22.5000 6474.8828   15.2349
    7.5000   45.0000  -22.5000 6098.8779   15.2167
   -7.5000  -45.0000  -15.0000 8594.3604   15.1871
    0.0000  -45.0000  -15.0000 8599.3174   15.1722
    7.5000  -45.0000  -15.0000 8113.7900   15.1628
   -7.5000  -37.5000  -15.0000 9106.5020   16.1638
    0.0000  -37.5000  -15.0000 9117.0312   16.1439
    7.5000  -37.5000  -15.0000 8585.0117   16.1305
   -7.5000  -30.0000  -15.0000 9650.2227   16.5843
    0.0000  -30.0000  -15.0000 9684.7275   16.5650
    7.5000  -30.0000  -15.0000 9102.6221   16.5549
   -7.5000  -22.5000  -15.000010259.2715   16.5765
    0.0000  -22.5000  -15.000010301.7100   16.5630
    7.5000  -22.5000  -15.0000 9683.2373   16.5607
   -7.5000  -15.0000  -15.000010862.2900   16.5741
    0.0000  -15.0000  -15.000010915.0234   16.5649
    7.5000  -15.0000  -15.000010250.9395   16.5663
   -7.5000   -7.5000  -15.000010929.2725   16.5772
    0.0000   -7.5000  -15.000010996.0117   16.5666
    7.5000   -7.5000  -15.000010303.9873   16.5646
   -7.5000    0.0000  -15.000010794.8232   16.5836
    0.0000    0.0000  -15.000010858.9199   16.5673
    7.5000    0.0000  -15.000010191.9404   16.5571
   -7.5000    7.5000  -15.000010166.3174   16.5820
    0.0000    7.5000  -15.000010231.8701   16.5617
    7.5000    7.5000  -15.0000 9623.1572   16.5480
   -7.5000   15.0000  -15.0000 9857.1436   16.5793
    0.0000   15.0000  -15.0000 9911.4404   16.5599
    7.5000   15.0000  -15.0000 9346.1836   16.5498
   -7.5000   22.5000  -15.0000 9084.0742   16.4024
    0.0000   22.5000  -15.0000 9135.9912   16.3892
    7.5000   22.5000  -15.0000 8616.8799   16.3869
   -7.5000   30.0000  -15.0000 8300.1631   16.1671
    0.0000   30.0000  -15.0000 8334.9502   16.1598
    7.5000   30.0000  -15.0000 7853.9980   16.1615
   -7.5000   37.5000  -15.0000 7569.8467   16.0013
    0.0000   37.5000  -15.0000 7593.6001   15.9928
    7.5000   37.5000  -15.0000 7153.4258   15.9901
   -7.5000   45.0000  -15.0000 6817.0684   15.8072
    0.0000   45.0000  -15.0000 6842.2993   15.7894
    7.5000   45.0000  -15.0000 6441.1216   15.7797
   -7.5000  -45.0000   -7.5000 8827.1982   15.1967
    0.0000  -45.0000   -7.5000 8852.2676   15.1883
    7.5000  -45.0000   -7.5000 8378.2598   15.1829
   -7.5000  -37.5000   -7.5000 9367.5820   16.1623
    0.0000  -37.5000   -7.5000 9405.2129   16.1489
    7.5000  -37.5000   -7.5000 8870.0029   16.1424
   -7.5000  -30.0000   -7.5000 9944.4980   16.5845
    0.0000  -30.0000   -7.500010011.7393   16.5714
    7.5000  -30.0000   -7.5000 9401.3604   16.5704
   -7.5000  -22.5000   -7.500010546.1572   16.5909
    0.0000  -22.5000   -7.500010626.0967   16.5834
    7.5000  -22.5000   -7.5000 9980.2031   16.5896
   -7.5000  -15.0000   -7.500011136.9189   16.6005
    0.0000  -15.0000   -7.500011229.4268   16.5978
    7.5000  -15.0000   -7.500010554.8496   16.6049
   -7.5000   -7.5000   -7.500011222.2188   16.6016
    0.0000   -7.5000   -7.500011337.9658   16.5980
    7.5000   -7.5000   -7.500010636.0234   16.5996
   -7.5000    0.0000   -7.500011098.0039   16.5941
    0.0000    0.0000   -7.500011223.4277   16.5849
    7.5000    0.0000   -7.500010528.5684   16.5790
   -7.5000    7.5000   -7.500010427.9795   16.5805
    0.0000    7.5000   -7.500010538.6455   16.5667
    7.5000    7.5000   -7.5000 9900.0176   16.5601
   -7.5000   15.0000   -7.500010105.9268   16.5794
    0.0000   15.0000   -7.500010186.9502   16.5663
    7.5000   15.0000   -7.5000 9565.8906   16.5653
   -7.5000   22.5000   -7.5000 9327.4131   16.4156
    0.0000   22.5000   -7.5000 9398.7754   16.4085
    7.5000   22.5000   -7.5000 8820.5508   16.4146
   -7.5000   30.0000   -7.5000 8529.8418   16.1912
    0.0000   30.0000   -7.5000 8608.1055   16.1895
    7.5000   30.0000   -7.5000 8070.1001   16.1966
   -7.5000   37.5000   -7.5000 7788.6685   16.0232
    0.0000   37.5000   -7.5000 7840.8696   16.0215
    7.5000   37.5000   -7.5000 7348.7837   16.0221
   -7.5000   45.0000   -7.5000 6996.9565   15.8146
    0.0000   45.0000   -7.5000 7037.5264   15.8040
    7.5000   45.0000   -7.5000 6603.2280   15.7985
   -7.5000  -45.0000    0.0000 8921.0371   15.5978
    0.0000  -45.0000    0.0000 8970.1338   15.5923
    7.5000  -45.0000    0.0000 8456.4941   15.5842
   -7.5000  -37.5000    0.0000 9466.2803   16.5842
    0.0000  -37.5000    0.0000 9540.4541   16.5729
    7.5000  -37.5000    0.0000 8978.9336   16.5622
   -7.5000  -30.0000    0.000010087.1289   17.0125
    0.0000  -30.0000    0.000010211.3369   16.9987
    7.5000  -30.0000    0.0000 9560.2520   16.9920
   -7.5000  -22.5000    0.000010702.9902   17.0234
    0.0000  -22.5000    0.000010850.9580   17.0133
    7.5000  -22.5000    0.000010152.4971   17.0130
   -7.5000  -15.0000    0.000011241.3223   17.0310
    0.0000  -15.0000    0.000011410.0859   17.0267
    7.5000  -15.0000    0.000010723.8447   17.0285
   -7.5000   -7.5000    0.000011325.8633   17.0265
    0.0000   -7.5000    0.000011499.4629   17.0241
    7.5000   -7.5000    0.000010786.3760   17.0223
   -7.5000    0.0000    0.000011217.2568   17.0152
    0.0000    0.0000    0.000011402.5879   17.0092
    7.5000    0.0000    0.000010656.9385   17.0004
   -7.5000    7.5000    0.000010549.4785   17.0021
    0.0000    7.5000    0.000010704.2842   16.9905
    7.5000    7.5000    0.0000 9989.9785   16.9796
   -7.5000   15.0000    0.000010222.5898   17.0065
    0.0000   15.0000    0.000010345.8965   16.9927
    7.5000   15.0000    0.0000 9643.2139   16.9860
   -7.5000   22.5000    0.0000 9423.5244   16.8460
    0.0000   22.5000    0.0000 9510.3398   16.8362
    7.5000   22.5000    0.0000 8882.2168   16.8360
   -7.5000   30.0000    0.0000 8639.6201   16.6194
    0.0000   30.0000    0.0000 8705.2607   16.6153
    7.5000   30.0000    0.0000 8131.1919   16.6169
   -7.5000   37.5000    0.0000 7869.8926   16.4495
    0.0000   37.5000    0.0000 7922.3315   16.4482
    7.5000   37.5000    0.0000 7401.1191   16.4453
   -7.5000   45.0000    0.0000 7051.7910   16.2430
    0.0000   45.0000    0.0000 7092.8091   16.2365
    7.5000   45.0000    0.0000 6622.5708   16.2277
   -7.5000  -45.0000    7.5000 8642.2578   15.6084
    0.0000  -45.0000    7.5000 8699.3691   15.5987
    7.5000  -45.0000    7.5000 8210.3916   15.5839
   -7.5000  -37.5000    7.5000 9168.1973   16.6117
    0.0000  -37.5000    7.5000 9256.2705   16.5958
    7.5000  -37.5000    7.5000 8718.1846   16.5735
   -7.5000  -30.0000    7.5000 9837.6758   17.0447
    0.0000  -30.0000    7.5000 9999.0332   17.0244
    7.5000  -30.0000    7.5000 9315.2754   17.0018
   -7.5000  -22.5000    7.500010554.0566   17.0433
    0.0000  -22.5000    7.500010779.0693   17.0248
    7.5000  -22.5000    7.500010003.9277   17.0086
   -7.5000  -15.0000    7.500011109.9160   17.0337
    0.0000  -15.0000    7.500011303.7305   17.0212
    7.5000  -15.0000    7.500010562.7266   17.0114
   -7.5000   -7.5000    7.500011129.8926   17.0254
    0.0000   -7.5000    7.500011257.8955   17.0165
    7.5000   -7.5000    7.500010528.8213   17.0074
   -7.5000    0.0000    7.500010995.0215   17.0268
    0.0000    0.0000    7.500011096.0654   17.0161
    7.5000    0.0000    7.500010351.3359   17.0000
   -7.5000    7.5000    7.500010345.4756   17.0303
    0.0000    7.5000    7.500010427.7158   17.0140
    7.5000    7.5000    7.5000 9684.6143   16.9911
   -7.5000   15.0000    7.5000 9999.0537   17.0387
    0.0000   15.0000    7.500010059.5488   17.0185
    7.5000   15.0000    7.5000 9333.0010   16.9958
   -7.5000   22.5000    7.5000 9176.0000   16.8665
    0.0000   22.5000    7.5000 9201.8936   16.8486
    7.5000   22.5000    7.5000 8564.9775   16.8325
   -7.5000   30.0000    7.5000 8390.3994   16.6213
    0.0000   30.0000    7.5000 8429.1504   16.6094
    7.5000   30.0000    7.5000 7856.4175   16.5993
   -7.5000   37.5000    7.5000 7641.8140   16.4453
    0.0000   37.5000    7.5000 7685.7412   16.4373
    7.5000   37.5000    7.5000 7159.5791   16.4276
   -7.5000   45.0000    7.5000 6828.9629   16.2517
    0.0000   45.0000    7.5000 6875.1553   16.2416
    7.5000   45.0000    7.5000 6391.4043   16.2254
   -7.5000  -45.0000   15.0000 8634.9922   15.6128
    0.0000  -45.0000   15.0000 8730.7041   15.5963
    7.5000  -45.0000   15.0000 8226.9805   15.5762
   -7.5000  -37.5000   15.0000 9192.5557   16.6287
    0.0000  -37.5000   15.0000 9258.7031   16.6058
    7.5000  -37.5000   15.0000 8702.3555   16.5749
   -7.5000  -30.0000   15.0000 9984.8906   17.0592
    0.0000  -30.0000   15.000010075.2637   17.0324
    7.5000  -30.0000   15.0000 9281.5615   16.9992
   -7.5000  -22.5000   15.000010908.2188   17.0416
    0.0000  -22.5000   15.000011024.5156   17.0176
    7.5000  -22.5000   15.000010027.2490   16.9922
   -7.5000  -15.0000   15.000011524.4346   17.0195
    0.0000  -15.0000   15.000011554.4326   17.0015
    7.5000  -15.0000   15.000010592.8994   16.9857
   -7.5000   -7.5000   15.000011424.6045   17.0143
    0.0000   -7.5000   15.000011383.2705   16.9992
    7.5000   -7.5000   15.000010545.3643   16.9855
   -7.5000    0.0000   15.000011152.0039   17.0316
    0.0000    0.0000   15.000011110.4111   17.0136
    7.5000    0.0000   15.000010345.9521   16.9917
   -7.5000    7.5000   15.000010417.3213   17.0478
    0.0000    7.5000   15.000010432.1094   17.0242
    7.5000    7.5000   15.0000 9712.6465   16.9926
   -7.5000   15.0000   15.000010011.6865   17.0532
    0.0000   15.0000   15.000010030.6562   17.0264
    7.5000   15.0000   15.0000 9349.7783   16.9933
   -7.5000   22.5000   15.0000 9155.8516   16.8658
    0.0000   22.5000   15.0000 9149.2471   16.8423
    7.5000   22.5000   15.0000 8563.7959   16.8171
   -7.5000   30.0000   15.0000 8374.0654   16.6088
    0.0000   30.0000   15.0000 8385.1309   16.5926
    7.5000   30.0000   15.0000 7852.4082   16.5767
   -7.5000   37.5000   15.0000 7611.5278   16.4359
    0.0000   37.5000   15.0000 7629.4663   16.4221
    7.5000   37.5000   15.0000 7135.5596   16.4084
   -7.5000   45.0000   15.0000 6792.0742   16.2592
    0.0000   45.0000   15.0000 6835.1963   16.2415
    7.5000   45.0000   15.0000 6367.2163   16.2197
   -7.5000  -45.0000   22.5000 8283.9668   15.8065
    0.0000  -45.0000   22.5000 8310.8516   15.7864
    7.5000  -45.0000   22.5000 7790.2275   15.7681
   -7.5000  -37.5000   22.5000 8793.4355   16.8322
    0.0000  -37.5000   22.5000 8782.4463   16.8058
    7.5000  -37.5000   22.5000 8232.4463   16.7784
   -7.5000  -30.0000   22.5000 9419.5820   17.2624
    0.0000  -30.0000   22.5000 9450.0127   17.2344
    7.5000  -30.0000   22.5000 8787.0684   17.2064
   -7.5000  -22.5000   22.500010203.8975   17.2414
    0.0000  -22.5000   22.500010212.2070   17.2182
    7.5000  -22.5000   22.5000 9452.5889   17.1986
   -7.5000  -15.0000   22.500010815.9102   17.2224
    0.0000  -15.0000   22.500010743.9316   17.2047
    7.5000  -15.0000   22.5000 9955.6846   17.1935
   -7.5000   -7.5000   22.500010831.4736   17.2229
    0.0000   -7.5000   22.500010748.8965   17.2057
    7.5000   -7.5000   22.5000 9977.7959   17.1947
   -7.5000    0.0000   22.500010631.8770   17.2430
    0.0000    0.0000   22.500010574.9512   17.2209
    7.5000    0.0000   22.5000 9839.6885   17.2010
   -7.5000    7.5000   22.5000 9901.8057   17.2564
    0.0000    7.5000   22.5000 9904.9053   17.2294
    7.5000    7.5000   22.5000 9233.5361   17.2012
   -7.5000   15.0000   22.5000 9470.9648   17.2564
    0.0000   15.0000   22.5000 9482.6592   17.2284
    7.5000   15.0000   22.5000 8862.2969   17.2003
   -7.5000   22.5000   22.5000 8607.9434   17.0644
    0.0000   22.5000   22.5000 8623.3838   17.0415
    7.5000   22.5000   22.5000 8089.5591   17.0221
   -7.5000   30.0000   22.5000 7888.0859   16.8122
    0.0000   30.0000   22.5000 7907.5176   16.7970
    7.5000   30.0000   22.5000 7422.3286   16.7861
   -7.5000   37.5000   22.5000 7173.8296   16.6495
    0.0000   37.5000   22.5000 7192.7632   16.6343
    7.5000   37.5000   22.5000 6754.8950   16.6231
   -7.5000   45.0000   22.5000 6411.5029   16.4789
    0.0000   45.0000   22.5000 6430.0820   16.4560
    7.5000   45.0000   22.5000 6037.4810   16.4363
   -7.5000  -45.0000   30.0000 7761.1929   15.9916
    0.0000  -45.0000   30.0000 7787.0479   15.9766
    7.5000  -45.0000   30.0000 7304.8599   15.9671
   -7.5000  -37.5000   30.0000 8212.2910   17.0212
    0.0000  -37.5000   30.0000 8232.8535   17.0007
    7.5000  -37.5000   30.0000 7750.2241   16.9867
   -7.5000  -30.0000   30.0000 8734.8350   17.4579
    0.0000  -30.0000   30.0000 8807.9932   17.4376
    7.5000  -30.0000   30.0000 8276.3945   17.4268
   -7.5000  -22.5000   30.0000 9368.9883   17.4512
    0.0000  -22.5000   30.0000 9411.9365   17.4369
    7.5000  -22.5000   30.0000 8863.6758   17.4344
   -7.5000  -15.0000   30.0000 9884.8057   17.4488
    0.0000  -15.0000   30.0000 9891.3535   17.4392
    7.5000  -15.0000   30.0000 9332.4785   17.4411
   -7.5000   -7.5000   30.0000 9945.4678   17.4504
    0.0000   -7.5000   30.0000 9968.7148   17.4398
    7.5000   -7.5000   30.0000 9375.0410   17.4382
   -7.5000    0.0000   30.0000 9857.2725   17.4555
    0.0000    0.0000   30.0000 9894.5098   17.4391
    7.5000    0.0000   30.0000 9275.8281   17.4287
   -7.5000    7.5000   30.0000 9278.4297   17.4531
    0.0000    7.5000   30.0000 9323.9902   17.4321
    7.5000    7.5000   30.0000 8728.0010   17.4178
   -7.5000   15.0000   30.0000 8900.6738   17.4517
    0.0000   15.0000   30.0000 8934.2646   17.4314
    7.5000   15.0000   30.0000 8372.2656   17.4207
   -7.5000   22.5000   30.0000 8106.8169   17.2635
    0.0000   22.5000   30.0000 8130.4883   17.2495
    7.5000   22.5000   30.0000 7623.6279   17.2471
   -7.5000   30.0000   30.0000 7411.9043   17.0327
    0.0000   30.0000   30.0000 7427.0981   17.0252
    7.5000   30.0000   30.0000 6964.5625   17.0274
   -7.5000   37.5000   30.0000 6707.2788   16.8799
    0.0000   37.5000   30.0000 6719.5215   16.8716
    7.5000   37.5000   30.0000 6315.7896   16.8694
   -7.5000   45.0000   30.0000 5960.6567   16.6795
    0.0000   45.0000   30.0000 5978.0146   16.6615
    7.5000   45.0000   30.0000 5630.3662   16.6518
   -7.5000  -45.0000   37.5000 7199.2632   16.1877
    0.0000  -45.0000   37.5000 7241.4780   16.1786
    7.5000  -45.0000   37.5000 6822.8940   16.1711
   -7.5000  -37.5000   37.5000 7622.9360   17.2276
    0.0000  -37.5000   37.5000 7680.0981   17.2131
    7.5000  -37.5000   37.5000 7259.6021   17.2033
   -7.5000  -30.0000   37.5000 8128.4360   17.6613
    0.0000  -30.0000   37.5000 8193.5391   17.6475
    7.5000  -30.0000   37.5000 7751.7368   17.6431
   -7.5000  -22.5000   37.5000 8702.5117   17.6640
    0.0000  -22.5000   37.5000 8721.0918   17.6568
    7.5000  -22.5000   37.5000 8273.8281   17.6606
   -7.5000  -15.0000   37.5000 9172.1914   17.6670
    0.0000  -15.0000   37.5000 9172.8496   17.6650
    7.5000  -15.0000   37.5000 8717.4023   17.6710
   -7.5000   -7.5000   37.5000 9216.5723   17.6659
    0.0000   -7.5000   37.5000 9230.7871   17.6624
    7.5000   -7.5000   37.5000 8773.4482   17.6631
   -7.5000    0.0000   37.5000 9153.3477   17.6627
    0.0000    0.0000   37.5000 9169.5010   17.6527
    7.5000    0.0000   37.5000 8708.2969   17.6446
   -7.5000    7.5000   37.5000 8678.5430   17.6538
    0.0000    7.5000   37.5000 8698.7295   17.6390
    7.5000    7.5000   37.5000 8228.9531   17.6289
   -7.5000   15.0000   37.5000 8354.0449   17.6549
    0.0000   15.0000   37.5000 8385.9619   17.6411
    7.5000   15.0000   37.5000 7906.0469   17.6367
   -7.5000   22.5000   37.5000 7613.6196   17.4428
    0.0000   22.5000   37.5000 7640.9136   17.4357
    7.5000   22.5000   37.5000 7184.1748   17.4394
   -7.5000   30.0000   37.5000 6934.7500   17.1908
    0.0000   30.0000   37.5000 6955.5542   17.1894
    7.5000   30.0000   37.5000 6529.1675   17.1949
   -7.5000   37.5000   37.5000 6257.4062   17.0072
    0.0000   37.5000   37.5000 6277.7969   17.0053
    7.5000   37.5000   37.5000 5899.5259   17.0042
   -7.5000   45.0000   37.5000 5551.2144   16.7719
    0.0000   45.0000   37.5000 5565.8394   16.7599
    7.5000   45.0000   37.5000 5250.7310   16.7513
   -7.5000  -45.0000   45.0000 6666.6738   16.4233
    0.0000  -45.0000   45.0000 6703.7666   16.4161
    7.5000  -45.0000   45.0000 6337.0972   16.4009
   -7.5000  -37.5000   45.0000 7083.4800   17.4783
    0.0000  -37.5000   45.0000 7130.7021   17.4657
    7.5000  -37.5000   45.0000 6753.2134   17.4465
   -7.5000  -30.0000   45.0000 7558.9819   17.9015
    0.0000  -30.0000   45.0000 7603.8369   17.8872
    7.5000  -30.0000   45.0000 7203.0122   17.8716
   -7.5000  -22.5000   45.0000 8079.3008   17.9062
    0.0000  -22.5000   45.0000 8090.8672   17.8964
    7.5000  -22.5000   45.0000 7671.3604   17.8878
   -7.5000  -15.0000   45.0000 8505.9854   17.9104
    0.0000  -15.0000   45.0000 8520.2412   17.9060
    7.5000  -15.0000   45.0000 8091.4033   17.9005
   -7.5000   -7.5000   45.0000 8539.0117   17.9090
    0.0000   -7.5000   45.0000 8559.5527   17.9056
    7.5000   -7.5000   45.0000 8127.4189   17.8967
   -7.5000    0.0000   45.0000 8482.0215   17.9043
    0.0000    0.0000   45.0000 8499.2100   17.8964
    7.5000    0.0000   45.0000 8073.4414   17.8798
   -7.5000    7.5000   45.0000 8048.9365   17.8936
    0.0000    7.5000   45.0000 8067.3423   17.8806
    7.5000    7.5000   45.0000 7647.7041   17.8609
   -7.5000   15.0000   45.0000 7760.0854   17.8948
    0.0000   15.0000   45.0000 7791.9082   17.8805
    7.5000   15.0000   45.0000 7355.0630   17.8649
   -7.5000   22.5000   45.0000 7070.3647   17.6696
    0.0000   22.5000   45.0000 7099.9141   17.6599
    7.5000   22.5000   45.0000 6687.6147   17.6514
   -7.5000   30.0000   45.0000 6441.1611   17.3858
    0.0000   30.0000   45.0000 6461.0591   17.3813
    7.5000   30.0000   45.0000 6085.5205   17.3754
   -7.5000   37.5000   45.0000 5827.6157   17.1705
    0.0000   37.5000   45.0000 5843.5454   17.1679
    7.5000   37.5000   45.0000 5502.6069   17.1579
   -7.5000   45.0000   45.0000 5171.7573   16.8983
    0.0000   45.0000   45.0000 5180.9668   16.8893
    7.5000   45.0000   45.0000 4893.4775   16.8727

---------------------------------------------------------------------
imgreg_4dfp /opt/freesurfer/average/711-2C_as_mni_average_305 /opt/freesurfer/average/711-2B_as_mni_average_305_mask talsrcimg_g11 none talsrcimg_to_711-2C_as_mni_average_305_t4 4355
---------------------------------------------------------------------

freesurfer imgreg_4dfp.c
/opt/freesurfer/average/711-2C_as_mni_average_305.4dfp.img
       256       256       256         1
  1.000000  1.000000  1.000000
orientation T byte_order littleendian
Reading image: /opt/freesurfer/average/711-2C_as_mni_average_305.4dfp.img
dimensions:      256       256       256
mmppix:       1.0000   -1.0000   -1.0000
center:     128.0000 -129.0000 -129.0000
/opt/freesurfer/average/711-2B_as_mni_average_305_mask.4dfp.img
       256       256       256         1
  1.000000  1.000000  1.000000
orientation T byte_order littleendian
Reading mask: /opt/freesurfer/average/711-2B_as_mni_average_305_mask.4dfp.img (2306576 pixels)
talsrcimg_g11.4dfp.img
       256       256       256         1
  0.898438  0.898438  0.898438
orientation T byte_order littleendian
Reading image: talsrcimg_g11.4dfp.img
dimensions:      256       256       256
mmppix:       0.8984   -0.8984   -0.8984
center:     115.0001 -115.8985 -115.8985
rotation matrix determinant  1.000000
image alignment mode   4355 decimal     1103 hex
   -7.5000  -60.0000  -30.0000 2164.7588   16.4661
    0.0000  -60.0000  -30.0000 2161.2742   16.4382
    7.5000  -60.0000  -30.0000 2129.8730   16.6681
   -7.5000  -52.5000  -30.0000 2267.7092   14.9728
    0.0000  -52.5000  -30.0000 2265.9207   14.9877
    7.5000  -52.5000  -30.0000 2232.4458   15.2478
   -7.5000  -45.0000  -30.0000 2366.2500   13.9677
    0.0000  -45.0000  -30.0000 2365.5054   13.9833
    7.5000  -45.0000  -30.0000 2331.6658   14.2509
   -7.5000  -37.5000  -30.0000 2435.8948   13.1424
    0.0000  -37.5000  -30.0000 2433.3542   13.1635
    7.5000  -37.5000  -30.0000 2394.7490   13.3997
   -7.5000  -30.0000  -30.0000 2463.4775   12.6925
    0.0000  -30.0000  -30.0000 2462.8091   12.7282
    7.5000  -30.0000  -30.0000 2425.1680   12.9387
   -7.5000  -22.5000  -30.0000 2473.0105   12.5288
    0.0000  -22.5000  -30.0000 2474.2249   12.5175
    7.5000  -22.5000  -30.0000 2436.7720   12.7539
   -7.5000  -15.0000  -30.0000 2466.0481   12.6011
    0.0000  -15.0000  -30.0000 2466.9255   12.5926
    7.5000  -15.0000  -30.0000 2430.3237   12.7987
   -7.5000   -7.5000  -30.0000 2441.4272   12.8001
    0.0000   -7.5000  -30.0000 2451.3230   12.8038
    7.5000   -7.5000  -30.0000 2410.2478   13.0219
   -7.5000    0.0000  -30.0000 2410.2014   13.3209
    0.0000    0.0000  -30.0000 2419.2058   13.3132
    7.5000    0.0000  -30.0000 2377.6326   13.5490
   -7.5000    7.5000  -30.0000 2351.0640   14.1068
    0.0000    7.5000  -30.0000 2361.7588   14.0732
    7.5000    7.5000  -30.0000 2321.7207   14.3086
   -7.5000   15.0000  -30.0000 2269.6387   15.0939
    0.0000   15.0000  -30.0000 2280.6309   15.0619
    7.5000   15.0000  -30.0000 2246.8977   15.2987
   -7.5000   22.5000  -30.0000 2170.5981   16.3654
    0.0000   22.5000  -30.0000 2178.9619   16.3527
    7.5000   22.5000  -30.0000 2146.5833   16.6591
   -7.5000   30.0000  -30.0000 2049.9951   18.0939
    0.0000   30.0000  -30.0000 2056.2314   18.0888
    7.5000   30.0000  -30.0000 2028.3481   18.4147
   -7.5000  -60.0000  -22.5000 2273.0320   16.0424
    0.0000  -60.0000  -22.5000 2267.9275   16.0269
    7.5000  -60.0000  -22.5000 2233.0496   16.2779
   -7.5000  -52.5000  -22.5000 2384.1096   14.5689
    0.0000  -52.5000  -22.5000 2380.2803   14.5751
    7.5000  -52.5000  -22.5000 2342.9778   14.8385
   -7.5000  -45.0000  -22.5000 2486.7900   13.5726
    0.0000  -45.0000  -22.5000 2486.6182   13.5539
    7.5000  -45.0000  -22.5000 2449.9160   13.8101
   -7.5000  -37.5000  -22.5000 2562.7295   12.7170
    0.0000  -37.5000  -22.5000 2562.2034   12.7069
    7.5000  -37.5000  -22.5000 2526.7610   12.9396
   -7.5000  -30.0000  -22.5000 2599.1384   12.1905
    0.0000  -30.0000  -22.5000 2602.6926   12.1729
    7.5000  -30.0000  -22.5000 2567.6626   12.3897
   -7.5000  -22.5000  -22.5000 2620.0881   11.9799
    0.0000  -22.5000  -22.5000 2622.6230   11.9953
    7.5000  -22.5000  -22.5000 2585.7910   12.1857
   -7.5000  -15.0000  -22.5000 2612.0781   12.0641
    0.0000  -15.0000  -22.5000 2618.9133   12.0779
    7.5000  -15.0000  -22.5000 2578.5173   12.2493
   -7.5000   -7.5000  -22.5000 2592.3481   12.3153
    0.0000   -7.5000  -22.5000 2602.8003   12.3205
    7.5000   -7.5000  -22.5000 2559.4900   12.5046
   -7.5000    0.0000  -22.5000 2558.0122   12.7919
    0.0000    0.0000  -22.5000 2567.4199   12.7855
    7.5000    0.0000  -22.5000 2526.0344   12.9972
   -7.5000    7.5000  -22.5000 2495.0840   13.5032
    0.0000    7.5000  -22.5000 2505.2524   13.4697
    7.5000    7.5000  -22.5000 2465.3408   13.6885
   -7.5000   15.0000  -22.5000 2407.1414   14.4002
    0.0000   15.0000  -22.5000 2420.0613   14.3590
    7.5000   15.0000  -22.5000 2385.1145   14.5946
   -7.5000   22.5000  -22.5000 2296.4983   15.5899
    0.0000   22.5000  -22.5000 2309.4177   15.5881
    7.5000   22.5000  -22.5000 2274.2866   15.8964
   -7.5000   30.0000  -22.5000 2168.5215   17.2370
    0.0000   30.0000  -22.5000 2179.4646   17.1843
    7.5000   30.0000  -22.5000 2150.6450   17.5357
   -7.5000  -60.0000  -15.0000 2345.0596   15.5704
    0.0000  -60.0000  -15.0000 2341.4233   15.5990
    7.5000  -60.0000  -15.0000 2305.6848   15.8758
   -7.5000  -52.5000  -15.0000 2462.5862   14.0911
    0.0000  -52.5000  -15.0000 2458.7769   14.1018
    7.5000  -52.5000  -15.0000 2421.7185   14.3952
   -7.5000  -45.0000  -15.0000 2572.9629   13.0630
    0.0000  -45.0000  -15.0000 2571.9443   13.0775
    7.5000  -45.0000  -15.0000 2535.4194   13.3383
   -7.5000  -37.5000  -15.0000 2654.8525   12.2276
    0.0000  -37.5000  -15.0000 2656.8411   12.2145
    7.5000  -37.5000  -15.0000 2616.9287   12.4464
   -7.5000  -30.0000  -15.0000 2709.4690   11.6337
    0.0000  -30.0000  -15.0000 2714.6099   11.6277
    7.5000  -30.0000  -15.0000 2673.9172   11.8388
   -7.5000  -22.5000  -15.0000 2730.4536   11.3751
    0.0000  -22.5000  -15.0000 2737.8435   11.4064
    7.5000  -22.5000  -15.0000 2695.8650   11.5950
   -7.5000  -15.0000  -15.0000 2733.1543   11.4293
    0.0000  -15.0000  -15.0000 2739.1926   11.4550
    7.5000  -15.0000  -15.0000 2699.8369   11.6275
   -7.5000   -7.5000  -15.0000 2716.3503   11.7043
    0.0000   -7.5000  -15.0000 2728.4639   11.7259
    7.5000   -7.5000  -15.0000 2682.5059   11.9160
   -7.5000    0.0000  -15.0000 2680.8250   12.1702
    0.0000    0.0000  -15.0000 2694.6287   12.1578
    7.5000    0.0000  -15.0000 2651.6995   12.3867
   -7.5000    7.5000  -15.0000 2612.4192   12.8218
    0.0000    7.5000  -15.0000 2628.1851   12.7917
    7.5000    7.5000  -15.0000 2589.2791   13.0199
   -7.5000   15.0000  -15.0000 2517.9434   13.6718
    0.0000   15.0000  -15.0000 2531.3142   13.6086
    7.5000   15.0000  -15.0000 2499.0315   13.8819
   -7.5000   22.5000  -15.0000 2397.8574   14.8214
    0.0000   22.5000  -15.0000 2408.9351   14.7763
    7.5000   22.5000  -15.0000 2384.4639   15.0825
   -7.5000   30.0000  -15.0000 2269.3462   16.4206
    0.0000   30.0000  -15.0000 2278.3833   16.3581
    7.5000   30.0000  -15.0000 2251.7527   16.7055
   -7.5000  -60.0000   -7.5000 2363.4897   15.0477
    0.0000  -60.0000   -7.5000 2362.6177   15.0765
    7.5000  -60.0000   -7.5000 2330.0913   15.4091
   -7.5000  -52.5000   -7.5000 2481.2944   13.5687
    0.0000  -52.5000   -7.5000 2483.6650   13.5947
    7.5000  -52.5000   -7.5000 2450.0708   13.9273
   -7.5000  -45.0000   -7.5000 2605.1094   12.5519
    0.0000  -45.0000   -7.5000 2608.7410   12.5730
    7.5000  -45.0000   -7.5000 2572.6392   12.8830
   -7.5000  -37.5000   -7.5000 2695.9978   11.6991
    0.0000  -37.5000   -7.5000 2703.6855   11.7072
    7.5000  -37.5000   -7.5000 2663.9255   11.9739
   -7.5000  -30.0000   -7.5000 2767.7351   11.0892
    0.0000  -30.0000   -7.5000 2777.4836   11.1121
    7.5000  -30.0000   -7.5000 2730.8098   11.3457
   -7.5000  -22.5000   -7.5000 2800.1572   10.7548
    0.0000  -22.5000   -7.5000 2808.8865   10.7958
    7.5000  -22.5000   -7.5000 2762.2219   11.0308
   -7.5000  -15.0000   -7.5000 2810.1694   10.7375
    0.0000  -15.0000   -7.5000 2820.0962   10.7717
    7.5000  -15.0000   -7.5000 2776.5203   11.0172
   -7.5000   -7.5000   -7.5000 2803.1475   11.0371
    0.0000   -7.5000   -7.5000 2818.0115   11.0538
    7.5000   -7.5000   -7.5000 2770.7678   11.3005
   -7.5000    0.0000   -7.5000 2760.8647   11.5205
    0.0000    0.0000   -7.5000 2783.2183   11.5094
    7.5000    0.0000   -7.5000 2736.5730   11.7369
   -7.5000    7.5000   -7.5000 2688.9446   12.1197
    0.0000    7.5000   -7.5000 2709.3625   12.0998
    7.5000    7.5000   -7.5000 2668.7312   12.3495
   -7.5000   15.0000   -7.5000 2593.5232   12.9123
    0.0000   15.0000   -7.5000 2608.5713   12.8810
    7.5000   15.0000   -7.5000 2572.5679   13.1694
   -7.5000   22.5000   -7.5000 2471.3604   14.0194
    0.0000   22.5000   -7.5000 2485.8879   13.9998
    7.5000   22.5000   -7.5000 2452.0696   14.3133
   -7.5000   30.0000   -7.5000 2330.7561   15.5520
    0.0000   30.0000   -7.5000 2347.1260   15.5445
    7.5000   30.0000   -7.5000 2314.9895   15.8748
   -7.5000  -60.0000    0.0000 2373.5027   14.8609
    0.0000  -60.0000    0.0000 2373.7476   14.8845
    7.5000  -60.0000    0.0000 2338.2722   15.2754
   -7.5000  -52.5000    0.0000 2499.6326   13.3520
    0.0000  -52.5000    0.0000 2499.1965   13.3825
    7.5000  -52.5000    0.0000 2460.9102   13.7413
   -7.5000  -45.0000    0.0000 2630.6824   12.3471
    0.0000  -45.0000    0.0000 2636.0476   12.3775
    7.5000  -45.0000    0.0000 2594.1038   12.6746
   -7.5000  -37.5000    0.0000 2729.1028   11.4533
    0.0000  -37.5000    0.0000 2738.5625   11.4740
    7.5000  -37.5000    0.0000 2700.7324   11.7376
   -7.5000  -30.0000    0.0000 2810.7510   10.8451
    0.0000  -30.0000    0.0000 2827.5251   10.8738
    7.5000  -30.0000    0.0000 2782.1814   11.1158
   -7.5000  -22.5000    0.0000 2859.4502   10.4677
    0.0000  -22.5000    0.0000 2876.8281   10.5279
    7.5000  -22.5000    0.0000 2819.0962   10.7741
   -7.5000  -15.0000    0.0000 2876.4282   10.3493
    0.0000  -15.0000    0.0000 2896.5457   10.4142
    7.5000  -15.0000    0.0000 2842.0168   10.7173
   -7.5000   -7.5000    0.0000 2875.3552   10.6145
    0.0000   -7.5000    0.0000 2898.7527   10.6514
    7.5000   -7.5000    0.0000 2840.3713   10.9492
   -7.5000    0.0000    0.0000 2832.0903   11.0745
    0.0000    0.0000    0.0000 2859.8291   11.0913
    7.5000    0.0000    0.0000 2801.2349   11.3444
   -7.5000    7.5000    0.0000 2757.2285   11.6664
    0.0000    7.5000    0.0000 2783.4302   11.6714
    7.5000    7.5000    0.0000 2735.7952   11.9159
   -7.5000   15.0000    0.0000 2657.8188   12.4580
    0.0000   15.0000    0.0000 2677.1995   12.4525
    7.5000   15.0000    0.0000 2639.7205   12.7345
   -7.5000   22.5000    0.0000 2530.5862   13.5468
    0.0000   22.5000    0.0000 2546.0061   13.5404
    7.5000   22.5000    0.0000 2514.4443   13.8802
   -7.5000   30.0000    0.0000 2390.7815   15.0383
    0.0000   30.0000    0.0000 2405.6755   15.0600
    7.5000   30.0000    0.0000 2370.2112   15.4210
   -7.5000  -60.0000    7.5000 2352.4768   14.7626
    0.0000  -60.0000    7.5000 2360.3142   14.7472
    7.5000  -60.0000    7.5000 2328.5654   15.1798
   -7.5000  -52.5000    7.5000 2484.7537   13.2349
    0.0000  -52.5000    7.5000 2487.6550   13.2137
    7.5000  -52.5000    7.5000 2450.6836   13.6126
   -7.5000  -45.0000    7.5000 2620.2900   12.2031
    0.0000  -45.0000    7.5000 2628.6272   12.2105
    7.5000  -45.0000    7.5000 2590.8704   12.5440
   -7.5000  -37.5000    7.5000 2727.1992   11.3376
    0.0000  -37.5000    7.5000 2739.9917   11.3457
    7.5000  -37.5000    7.5000 2708.0864   11.6448
   -7.5000  -30.0000    7.5000 2817.1399   10.7693
    0.0000  -30.0000    7.5000 2843.2512   10.7802
    7.5000  -30.0000    7.5000 2804.2151   11.0114
   -7.5000  -22.5000    7.5000 2885.1306   10.4169
    0.0000  -22.5000    7.5000 2917.3215   10.4705
    7.5000  -22.5000    7.5000 2861.4058   10.6469
   -7.5000  -15.0000    7.5000 2923.5278   10.2233
    0.0000  -15.0000    7.5000 2951.2688   10.2682
    7.5000  -15.0000    7.5000 2893.1106   10.5312
   -7.5000   -7.5000    7.5000 2919.7422   10.3738
    0.0000   -7.5000    7.5000 2944.8374   10.3902
    7.5000   -7.5000    7.5000 2880.8765   10.6627
   -7.5000    0.0000    7.5000 2868.3740   10.7713
    0.0000    0.0000    7.5000 2895.7673   10.7447
    7.5000    0.0000    7.5000 2840.5393   10.9954
   -7.5000    7.5000    7.5000 2796.2175   11.3838
    0.0000    7.5000    7.5000 2826.6882   11.2921
    7.5000    7.5000    7.5000 2770.0491   11.5714
   -7.5000   15.0000    7.5000 2694.4473   12.2159
    0.0000   15.0000    7.5000 2716.7354   12.1304
    7.5000   15.0000    7.5000 2671.3276   12.4199
   -7.5000   22.5000    7.5000 2564.4802   13.3090
    0.0000   22.5000    7.5000 2576.5972   13.2311
    7.5000   22.5000    7.5000 2542.3765   13.5410
   -7.5000   30.0000    7.5000 2420.9404   14.7390
    0.0000   30.0000    7.5000 2438.4714   14.7062
    7.5000   30.0000    7.5000 2407.4680   15.0316
   -7.5000  -60.0000   15.0000 2317.8513   14.8275
    0.0000  -60.0000   15.0000 2326.7178   14.8288
    7.5000  -60.0000   15.0000 2304.9207   15.2983
   -7.5000  -52.5000   15.0000 2448.4924   13.2702
    0.0000  -52.5000   15.0000 2460.3967   13.2801
    7.5000  -52.5000   15.0000 2430.9807   13.6882
   -7.5000  -45.0000   15.0000 2591.4189   12.2632
    0.0000  -45.0000   15.0000 2605.3833   12.2494
    7.5000  -45.0000   15.0000 2577.0684   12.6051
   -7.5000  -37.5000   15.0000 2707.5210   11.4406
    0.0000  -37.5000   15.0000 2723.8269   11.4163
    7.5000  -37.5000   15.0000 2694.6021   11.7018
   -7.5000  -30.0000   15.0000 2814.1716   10.9276
    0.0000  -30.0000   15.0000 2833.8989   10.8452
    7.5000  -30.0000   15.0000 2796.6179   11.0364
   -7.5000  -22.5000   15.0000 2903.2856   10.6406
    0.0000  -22.5000   15.0000 2929.9194   10.5701
    7.5000  -22.5000   15.0000 2873.9753   10.6532
   -7.5000  -15.0000   15.0000 2953.4280   10.4351
    0.0000  -15.0000   15.0000 2986.5886   10.3518
    7.5000  -15.0000   15.0000 2912.3135   10.5016
   -7.5000   -7.5000   15.0000 2950.5359   10.3967
    0.0000   -7.5000   15.0000 2978.0938   10.3064
    7.5000   -7.5000   15.0000 2910.4612   10.5611
   -7.5000    0.0000   15.0000 2889.3835   10.6869
    0.0000    0.0000   15.0000 2914.0752   10.5729
    7.5000    0.0000   15.0000 2860.6062   10.8627
   -7.5000    7.5000   15.0000 2806.3823   11.2797
    0.0000    7.5000   15.0000 2837.0671   11.1693
    7.5000    7.5000   15.0000 2787.3647   11.4668
   -7.5000   15.0000   15.0000 2700.6309   12.1393
    0.0000   15.0000   15.0000 2717.6904   12.0517
    7.5000   15.0000   15.0000 2680.3838   12.3258
   -7.5000   22.5000   15.0000 2568.9778   13.2359
    0.0000   22.5000   15.0000 2578.2239   13.1694
    7.5000   22.5000   15.0000 2554.0452   13.4516
   -7.5000   30.0000   15.0000 2422.7915   14.6444
    0.0000   30.0000   15.0000 2442.3347   14.6088
    7.5000   30.0000   15.0000 2416.7639   14.8898
   -7.5000  -60.0000   22.5000 2275.6160   15.2469
    0.0000  -60.0000   22.5000 2288.5566   15.2449
    7.5000  -60.0000   22.5000 2273.5935   15.6471
   -7.5000  -52.5000   22.5000 2407.2073   13.7138
    0.0000  -52.5000   22.5000 2416.7104   13.6486
    7.5000  -52.5000   22.5000 2393.7805   14.0046
   -7.5000  -45.0000   22.5000 2548.3171   12.6906
    0.0000  -45.0000   22.5000 2556.5088   12.6344
    7.5000  -45.0000   22.5000 2534.6685   12.8958
   -7.5000  -37.5000   22.5000 2666.1191   11.8110
    0.0000  -37.5000   22.5000 2680.4404   11.7178
    7.5000  -37.5000   22.5000 2651.6040   11.9356
   -7.5000  -30.0000   22.5000 2777.6875   11.1711
    0.0000  -30.0000   22.5000 2793.0518   11.0704
    7.5000  -30.0000   22.5000 2759.3584   11.2400
   -7.5000  -22.5000   22.5000 2875.4766   10.8087
    0.0000  -22.5000   22.5000 2901.8564   10.7295
    7.5000  -22.5000   22.5000 2850.1287   10.8502
   -7.5000  -15.0000   22.5000 2933.0728   10.6044
    0.0000  -15.0000   22.5000 2960.9456   10.4703
    7.5000  -15.0000   22.5000 2894.9529   10.6487
   -7.5000   -7.5000   22.5000 2938.5393   10.6466
    0.0000   -7.5000   22.5000 2964.1345   10.4943
    7.5000   -7.5000   22.5000 2897.5322   10.7159
   -7.5000    0.0000   22.5000 2883.4070   10.9263
    0.0000    0.0000   22.5000 2904.2751   10.8270
    7.5000    0.0000   22.5000 2851.0408   11.0323
   -7.5000    7.5000   22.5000 2793.3870   11.4635
    0.0000    7.5000   22.5000 2817.3813   11.3930
    7.5000    7.5000   22.5000 2774.3159   11.6193
   -7.5000   15.0000   22.5000 2679.9800   12.2774
    0.0000   15.0000   22.5000 2692.1357   12.2000
    7.5000   15.0000   22.5000 2661.2837   12.4478
   -7.5000   22.5000   22.5000 2542.8337   13.3289
    0.0000   22.5000   22.5000 2555.7117   13.2705
    7.5000   22.5000   22.5000 2534.1333   13.5463
   -7.5000   30.0000   22.5000 2403.6616   14.6934
    0.0000   30.0000   22.5000 2420.0913   14.6861
    7.5000   30.0000   22.5000 2397.7908   14.9502
   -7.5000  -60.0000   30.0000 2236.7961   16.0156
    0.0000  -60.0000   30.0000 2242.9851   15.9541
    7.5000  -60.0000   30.0000 2225.7927   16.3191
   -7.5000  -52.5000   30.0000 2361.4453   14.3678
    0.0000  -52.5000   30.0000 2370.7534   14.2501
    7.5000  -52.5000   30.0000 2345.5474   14.5512
   -7.5000  -45.0000   30.0000 2497.4895   13.2226
    0.0000  -45.0000   30.0000 2509.9810   13.1059
    7.5000  -45.0000   30.0000 2485.8523   13.3539
   -7.5000  -37.5000   30.0000 2615.2388   12.2173
    0.0000  -37.5000   30.0000 2635.3438   12.1023
    7.5000  -37.5000   30.0000 2607.9495   12.3557
   -7.5000  -30.0000   30.0000 2726.8655   11.4942
    0.0000  -30.0000   30.0000 2746.7400   11.3952
    7.5000  -30.0000   30.0000 2715.3811   11.6441
   -7.5000  -22.5000   30.0000 2819.7693   11.0692
    0.0000  -22.5000   30.0000 2846.9443   10.9989
    7.5000  -22.5000   30.0000 2802.0735   11.2274
   -7.5000  -15.0000   30.0000 2879.9866   10.8244
    0.0000  -15.0000   30.0000 2901.9153   10.7157
    7.5000  -15.0000   30.0000 2853.9836   10.9790
   -7.5000   -7.5000   30.0000 2888.8669   10.9022
    0.0000   -7.5000   30.0000 2912.9060   10.8164
    7.5000   -7.5000   30.0000 2862.5811   11.0566
   -7.5000    0.0000   30.0000 2839.3323   11.2496
    0.0000    0.0000   30.0000 2863.1538   11.1928
    7.5000    0.0000   30.0000 2815.7542   11.3998
   -7.5000    7.5000   30.0000 2752.8333   11.8617
    0.0000    7.5000   30.0000 2777.9543   11.8070
    7.5000    7.5000   30.0000 2734.9221   12.0119
   -7.5000   15.0000   30.0000 2638.7441   12.6842
    0.0000   15.0000   30.0000 2656.6162   12.6241
    7.5000   15.0000   30.0000 2621.6658   12.8335
   -7.5000   22.5000   30.0000 2505.3337   13.7283
    0.0000   22.5000   30.0000 2520.4749   13.6842
    7.5000   22.5000   30.0000 2496.3220   13.9153
   -7.5000   30.0000   30.0000 2366.2825   15.0542
    0.0000   30.0000   30.0000 2383.1394   15.0229
    7.5000   30.0000   30.0000 2360.3938   15.2883
   -7.5000  -60.0000   37.5000 2183.6860   16.9119
    0.0000  -60.0000   37.5000 2188.7703   16.8065
    7.5000  -60.0000   37.5000 2168.6731   17.1827
   -7.5000  -52.5000   37.5000 2306.5872   15.1452
    0.0000  -52.5000   37.5000 2317.5957   15.0066
    7.5000  -52.5000   37.5000 2290.9424   15.3158
   -7.5000  -45.0000   37.5000 2442.6831   13.8765
    0.0000  -45.0000   37.5000 2459.8547   13.7565
    7.5000  -45.0000   37.5000 2430.3164   14.0342
   -7.5000  -37.5000   37.5000 2557.2964   12.8087
    0.0000  -37.5000   37.5000 2580.2588   12.6790
    7.5000  -37.5000   37.5000 2550.4316   12.9769
   -7.5000  -30.0000   37.5000 2659.8347   12.0584
    0.0000  -30.0000   37.5000 2682.8718   11.9597
    7.5000  -30.0000   37.5000 2657.3118   12.2353
   -7.5000  -22.5000   37.5000 2743.1189   11.6043
    0.0000  -22.5000   37.5000 2770.3525   11.4756
    7.5000  -22.5000   37.5000 2735.7634   11.7620
   -7.5000  -15.0000   37.5000 2796.4324   11.3515
    0.0000  -15.0000   37.5000 2819.0044   11.2219
    7.5000  -15.0000   37.5000 2784.3633   11.5064
   -7.5000   -7.5000   37.5000 2799.8552   11.4305
    0.0000   -7.5000   37.5000 2821.7124   11.3413
    7.5000   -7.5000   37.5000 2789.6833   11.5957
   -7.5000    0.0000   37.5000 2761.0938   11.7861
    0.0000    0.0000   37.5000 2783.5730   11.6969
    7.5000    0.0000   37.5000 2755.3105   11.9305
   -7.5000    7.5000   37.5000 2686.7505   12.3975
    0.0000    7.5000   37.5000 2708.2522   12.3248
    7.5000    7.5000   37.5000 2676.4136   12.5502
   -7.5000   15.0000   37.5000 2578.3872   13.2219
    0.0000   15.0000   37.5000 2602.1548   13.1546
    7.5000   15.0000   37.5000 2567.5579   13.3714
   -7.5000   22.5000   37.5000 2452.0864   14.2916
    0.0000   22.5000   37.5000 2472.0972   14.2322
    7.5000   22.5000   37.5000 2444.4736   14.4323
   -7.5000   30.0000   37.5000 2314.1848   15.5973
    0.0000   30.0000   37.5000 2334.0161   15.5647
    7.5000   30.0000   37.5000 2312.9524   15.8025
   -7.5000  -60.0000   45.0000 2108.2893   17.8791
    0.0000  -60.0000   45.0000 2118.1448   17.7133
    7.5000  -60.0000   45.0000 2096.4761   18.1193
   -7.5000  -52.5000   45.0000 2223.8364   15.9725
    0.0000  -52.5000   45.0000 2242.6470   15.8317
    7.5000  -52.5000   45.0000 2214.5317   16.1793
   -7.5000  -45.0000   45.0000 2361.3027   14.6740
    0.0000  -45.0000   45.0000 2383.2771   14.5034
    7.5000  -45.0000   45.0000 2352.8452   14.8155
   -7.5000  -37.5000   45.0000 2471.9153   13.5404
    0.0000  -37.5000   45.0000 2500.0127   13.4005
    7.5000  -37.5000   45.0000 2470.8352   13.6968
   -7.5000  -30.0000   45.0000 2568.2314   12.7719
    0.0000  -30.0000   45.0000 2596.1697   12.6432
    7.5000  -30.0000   45.0000 2566.9941   12.9369
   -7.5000  -22.5000   45.0000 2641.6885   12.2563
    0.0000  -22.5000   45.0000 2668.9641   12.1075
    7.5000  -22.5000   45.0000 2637.1064   12.4105
   -7.5000  -15.0000   45.0000 2684.9763   12.0038
    0.0000  -15.0000   45.0000 2708.9231   11.8984
    7.5000  -15.0000   45.0000 2680.2139   12.1553
   -7.5000   -7.5000   45.0000 2679.0615   12.0629
    0.0000   -7.5000   45.0000 2704.5107   11.9672
    7.5000   -7.5000   45.0000 2676.5444   12.2209
   -7.5000    0.0000   45.0000 2642.3174   12.4090
    0.0000    0.0000   45.0000 2667.3826   12.3033
    7.5000    0.0000   45.0000 2644.2888   12.5458
   -7.5000    7.5000   45.0000 2578.6733   13.0117
    0.0000    7.5000   45.0000 2603.6516   12.9210
    7.5000    7.5000   45.0000 2578.9529   13.1478
   -7.5000   15.0000   45.0000 2477.9202   13.8107
    0.0000   15.0000   45.0000 2506.5029   13.7232
    7.5000   15.0000   45.0000 2476.2124   13.9604
   -7.5000   22.5000   45.0000 2364.6270   14.8811
    0.0000   22.5000   45.0000 2388.8433   14.7958
    7.5000   22.5000   45.0000 2366.0481   15.0248
   -7.5000   30.0000   45.0000 2236.5461   16.1861
    0.0000   30.0000   45.0000 2257.9902   16.1366
    7.5000   30.0000   45.0000 2236.8860   16.3768
   -7.5000  -60.0000   52.5000 2013.7527   18.8073
    0.0000  -60.0000   52.5000 2029.4006   18.6310
    7.5000  -60.0000   52.5000 2008.1481   19.0186
   -7.5000  -52.5000   52.5000 2127.8638   16.8230
    0.0000  -52.5000   52.5000 2149.9272   16.6349
    7.5000  -52.5000   52.5000 2121.1492   16.9705
   -7.5000  -45.0000   52.5000 2259.4312   15.4710
    0.0000  -45.0000   52.5000 2290.2827   15.2965
    7.5000  -45.0000   52.5000 2255.3857   15.5777
   -7.5000  -37.5000   52.5000 2364.0591   14.3527
    0.0000  -37.5000   52.5000 2397.9219   14.2238
    7.5000  -37.5000   52.5000 2363.7590   14.4732
   -7.5000  -30.0000   52.5000 2452.0476   13.5492
    0.0000  -30.0000   52.5000 2487.0476   13.4068
    7.5000  -30.0000   52.5000 2455.3604   13.6732
   -7.5000  -22.5000   52.5000 2519.9788   12.9803
    0.0000  -22.5000   52.5000 2546.4202   12.8415
    7.5000  -22.5000   52.5000 2514.9092   13.1062
   -7.5000  -15.0000   52.5000 2553.5320   12.6792
    0.0000  -15.0000   52.5000 2577.3745   12.5929
    7.5000  -15.0000   52.5000 2553.7595   12.8411
   -7.5000   -7.5000   52.5000 2540.2136   12.6816
    0.0000   -7.5000   52.5000 2565.8032   12.6005
    7.5000   -7.5000   52.5000 2549.2415   12.8464
   -7.5000    0.0000   52.5000 2503.6941   13.0368
    0.0000    0.0000   52.5000 2522.7786   12.9447
    7.5000    0.0000   52.5000 2508.3862   13.1743
   -7.5000    7.5000   52.5000 2446.4988   13.6260
    0.0000    7.5000   52.5000 2469.1816   13.5375
    7.5000    7.5000   52.5000 2450.0300   13.7576
   -7.5000   15.0000   52.5000 2361.2183   14.3862
    0.0000   15.0000   52.5000 2392.2874   14.2872
    7.5000   15.0000   52.5000 2365.4509   14.5083
   -7.5000   22.5000   52.5000 2260.8855   15.4185
    0.0000   22.5000   52.5000 2285.7590   15.3077
    7.5000   22.5000   52.5000 2262.7646   15.5129
   -7.5000   30.0000   52.5000 2135.1021   16.7305
    0.0000   30.0000   52.5000 2153.1160   16.6945
    7.5000   30.0000   52.5000 2134.3206   16.8949
   -7.5000  -60.0000   60.0000 1947.8685   20.2976
    0.0000  -60.0000   60.0000 1965.0249   20.0690
    7.5000  -60.0000   60.0000 1940.2024   20.4473
   -7.5000  -52.5000   60.0000 2058.9836   18.1797
    0.0000  -52.5000   60.0000 2082.2529   17.9592
    7.5000  -52.5000   60.0000 2054.7415   18.2486
   -7.5000  -45.0000   60.0000 2182.9043   16.7460
    0.0000  -45.0000   60.0000 2215.0225   16.5889
    7.5000  -45.0000   60.0000 2185.0540   16.8334
   -7.5000  -37.5000   60.0000 2285.9553   15.5912
    0.0000  -37.5000   60.0000 2321.7649   15.4375
    7.5000  -37.5000   60.0000 2290.7104   15.6808
   -7.5000  -30.0000   60.0000 2371.1577   14.7221
    0.0000  -30.0000   60.0000 2406.6248   14.5569
    7.5000  -30.0000   60.0000 2379.1665   14.8099
   -7.5000  -22.5000   60.0000 2432.0906   14.0719
    0.0000  -22.5000   60.0000 2456.8235   13.9731
    7.5000  -22.5000   60.0000 2431.4546   14.1813
   -7.5000  -15.0000   60.0000 2448.3289   13.7659
    0.0000  -15.0000   60.0000 2475.1899   13.6957
    7.5000  -15.0000   60.0000 2454.6646   13.9199
   -7.5000   -7.5000   60.0000 2440.4072   13.7290
    0.0000   -7.5000   60.0000 2465.5742   13.6741
    7.5000   -7.5000   60.0000 2451.8032   13.8901
   -7.5000    0.0000   60.0000 2410.4812   14.0869
    0.0000    0.0000   60.0000 2429.1648   14.0275
    7.5000    0.0000   60.0000 2414.8567   14.2224
   -7.5000    7.5000   60.0000 2350.7246   14.6814
    0.0000    7.5000   60.0000 2371.2458   14.6119
    7.5000    7.5000   60.0000 2359.7354   14.7843
   -7.5000   15.0000   60.0000 2274.6011   15.4039
    0.0000   15.0000   60.0000 2304.2874   15.3185
    7.5000   15.0000   60.0000 2285.3347   15.5053
   -7.5000   22.5000   60.0000 2182.5081   16.4037
    0.0000   22.5000   60.0000 2213.4060   16.3053
    7.5000   22.5000   60.0000 2187.6196   16.4857
   -7.5000   30.0000   60.0000 2061.6953   17.7637
    0.0000   30.0000   60.0000 2083.7656   17.7260
    7.5000   30.0000   60.0000 2065.3840   17.9135

---------------------------------------------------------------------
imgreg_4dfp /opt/freesurfer/average/711-2C_as_mni_average_305 /opt/freesurfer/average/711-2B_as_mni_average_305_mask talsrcimg_g11 none talsrcimg_to_711-2C_as_mni_average_305_t4 1283
---------------------------------------------------------------------

freesurfer imgreg_4dfp.c
/opt/freesurfer/average/711-2C_as_mni_average_305.4dfp.img
       256       256       256         1
  1.000000  1.000000  1.000000
orientation T byte_order littleendian
Reading image: /opt/freesurfer/average/711-2C_as_mni_average_305.4dfp.img
dimensions:      256       256       256
mmppix:       1.0000   -1.0000   -1.0000
center:     128.0000 -129.0000 -129.0000
/opt/freesurfer/average/711-2B_as_mni_average_305_mask.4dfp.img
       256       256       256         1
  1.000000  1.000000  1.000000
orientation T byte_order littleendian
Reading mask: /opt/freesurfer/average/711-2B_as_mni_average_305_mask.4dfp.img (2306576 pixels)
talsrcimg_g11.4dfp.img
       256       256       256         1
  0.898438  0.898438  0.898438
orientation T byte_order littleendian
Reading image: talsrcimg_g11.4dfp.img
dimensions:      256       256       256
mmppix:       0.8984   -0.8984   -0.8984
center:     115.0001 -115.8985 -115.8985
rotation matrix determinant  1.000000
fimgreg.f
image alignment mode   1283 decimal      503 hex
parameters
    0.0000  -15.0000   15.0000    0.0000    0.0000    0.0000
eta,q 0.93682 10.40728
niter,ni,del,rscale     5    3   12.0000    1.2000
parameter  4  1.681954 ->  0.500000 qaram    1.1500
parameters
   -2.3171  -12.8492   16.7299   -3.4500   -0.9021   -2.8827
eta,q 0.94620 10.26360
  0.0665  0.0764  0.0663  0.0526  0.0589  0.0551
  0.0626  0.0699  0.0627  0.0543  0.0563  0.0539
  0.0609  0.0654  0.0605  0.0561  0.0546  0.0538
  0.0630  0.0610  0.0591  0.0588  0.0548  0.0545
  0.0686  0.0590  0.0588  0.0619  0.0564  0.0571
  0.0742  0.0607  0.0595  0.0656  0.0585  0.0605
  0.0799  0.0642  0.0609  0.0700  0.0620  0.0640
niter,ni,del,rscale     5    3   12.0000    1.2000
parameter  4  1.091615 ->  0.500000 qaram    1.3225
parameters
   -2.2042  -11.8684   16.6255   -7.4175   -1.2317   -2.2693
eta,q 0.95142 10.29281
  0.0706  0.0672  0.0590  0.0495  0.0559  0.0556
  0.0607  0.0595  0.0563  0.0484  0.0529  0.0526
  0.0553  0.0551  0.0543  0.0502  0.0501  0.0503
  0.0538  0.0538  0.0537  0.0537  0.0487  0.0488
  0.0554  0.0541  0.0542  0.0565  0.0499  0.0488
  0.0609  0.0562  0.0560  0.0603  0.0535  0.0505
  0.0686  0.0597  0.0598  0.0643  0.0584  0.0538
niter,ni,del,rscale     5    3   12.0000    1.2000
parameters
   -1.9589  -10.3686   15.8633   -9.8759   -1.4726   -2.1115
eta,q 0.95435 10.30343
  0.0675  0.0664  0.0542  0.0520  0.0538  0.0522
  0.0578  0.0586  0.0510  0.0488  0.0501  0.0497
  0.0514  0.0528  0.0482  0.0456  0.0468  0.0471
  0.0486  0.0485  0.0475  0.0475  0.0456  0.0457
  0.0501  0.0476  0.0489  0.0523  0.0470  0.0463
  0.0562  0.0505  0.0534  0.0570  0.0506  0.0484
  0.0646  0.0549  0.0598  0.0610  0.0556  0.0522
niter,ni,del,rscale     4    3   12.0000    1.2000
parameters
   -1.9769   -9.1001   15.2506  -11.7481   -1.5560   -2.1050
eta,q 0.95581 10.29912
  0.0639  0.0629  0.0533  0.0508  0.0534  0.0507
  0.0538  0.0556  0.0492  0.0491  0.0488  0.0479
  0.0480  0.0493  0.0460  0.0445  0.0453  0.0455
  0.0456  0.0457  0.0453  0.0452  0.0442  0.0442
  0.0477  0.0458  0.0475  0.0492  0.0453  0.0449
  0.0547  0.0488  0.0515  0.0548  0.0492  0.0472
  0.0637  0.0529  0.0575  0.0596  0.0540  0.0513
niter,ni,del,rscale     3    3   12.0000    1.2000
parameters
   -1.9394   -7.9685   14.7518  -13.3242   -1.5280   -2.2256
eta,q 0.95687 10.29463
  0.0634  0.0584  0.0528  0.0505  0.0528  0.0497
  0.0535  0.0538  0.0483  0.0485  0.0481  0.0463
  0.0470  0.0482  0.0447  0.0441  0.0446  0.0441
  0.0442  0.0442  0.0439  0.0438  0.0431  0.0431
  0.0460  0.0445  0.0462  0.0474  0.0438  0.0440
  0.0531  0.0471  0.0504  0.0538  0.0479  0.0463
  0.0632  0.0519  0.0564  0.0587  0.0530  0.0507
niter,ni,del,rscale     2    3   12.0000    1.2000
parameters
   -1.8580   -7.3116   13.9974  -14.6097   -1.6475   -2.4264
eta,q 0.95775 10.31131
  0.0628  0.0561  0.0511  0.0502  0.0516  0.0491
  0.0529  0.0523  0.0469  0.0488  0.0474  0.0454
  0.0459  0.0470  0.0433  0.0441  0.0440  0.0430
  0.0431  0.0431  0.0429  0.0426  0.0422  0.0423
  0.0448  0.0436  0.0455  0.0460  0.0434  0.0434
  0.0519  0.0470  0.0502  0.0522  0.0476  0.0459
  0.0622  0.0533  0.0566  0.0582  0.0528  0.0502
niter,ni,del,rscale     1    3   12.0000    1.2000
parameters
   -1.7306   -6.9512   13.1991  -15.5864   -1.9165   -2.6008
eta,q 0.95804 10.32485
  0.0626  0.0551  0.0504  0.0501  0.0507  0.0493
  0.0526  0.0510  0.0461  0.0496  0.0467  0.0456
  0.0452  0.0465  0.0426  0.0451  0.0436  0.0428
  0.0423  0.0422  0.0419  0.0417  0.0420  0.0420
  0.0441  0.0430  0.0449  0.0452  0.0437  0.0435
  0.0513  0.0478  0.0499  0.0507  0.0477  0.0461
  0.0612  0.0541  0.0563  0.0577  0.0527  0.0501
registration optimization eta report
parameter search radius
    6.0000    6.0000    6.0000    7.9350    6.0000    6.0000
100000*second partial in parameter space
       54.       32.       31.       17.       26.       21.
  0.0626  0.0551  0.0504  0.0501  0.0507  0.0493
  0.0526  0.0510  0.0461  0.0496  0.0467  0.0456
  0.0452  0.0465  0.0426  0.0451  0.0436  0.0428
  0.0423  0.0422  0.0419  0.0417  0.0420  0.0420
  0.0441  0.0430  0.0449  0.0452  0.0437  0.0435
  0.0513  0.0478  0.0499  0.0507  0.0477  0.0461
  0.0612  0.0541  0.0563  0.0577  0.0527  0.0501
   -1.7306   -6.9512   13.1991  -15.5864   -1.9165   -2.6008
eta,q 0.95804 10.32485

---------------------------------------------------------------------
imgreg_4dfp /opt/freesurfer/average/711-2C_as_mni_average_305 /opt/freesurfer/average/711-2B_as_mni_average_305_mask talsrcimg_g11 none talsrcimg_to_711-2C_as_mni_average_305_t4 3335
---------------------------------------------------------------------

freesurfer imgreg_4dfp.c
/opt/freesurfer/average/711-2C_as_mni_average_305.4dfp.img
       256       256       256         1
  1.000000  1.000000  1.000000
orientation T byte_order littleendian
Reading image: /opt/freesurfer/average/711-2C_as_mni_average_305.4dfp.img
dimensions:      256       256       256
mmppix:       1.0000   -1.0000   -1.0000
center:     128.0000 -129.0000 -129.0000
/opt/freesurfer/average/711-2B_as_mni_average_305_mask.4dfp.img
       256       256       256         1
  1.000000  1.000000  1.000000
orientation T byte_order littleendian
Reading mask: /opt/freesurfer/average/711-2B_as_mni_average_305_mask.4dfp.img (2306576 pixels)
talsrcimg_g11.4dfp.img
       256       256       256         1
  0.898438  0.898438  0.898438
orientation T byte_order littleendian
Reading image: talsrcimg_g11.4dfp.img
dimensions:      256       256       256
mmppix:       0.8984   -0.8984   -0.8984
center:     115.0001 -115.8985 -115.8985
fimgreg.f
image alignment mode   3335 decimal      D07 hex
parameters
   -1.7306   -6.9512   13.1991   -0.1589   -3.7358   -3.7312
    3.4731    4.4373   -4.5351   26.6952   -3.3444  -26.8541
eta,q 0.95620 10.33896
niter,ni,del,rscale     5    3    5.0000    1.2000
parameter  4  1.363231 ->  0.500000 qaram    1.1500
parameter  5 10.037796 ->  0.500000 qaram    1.1500
parameter  6  0.634768 ->  0.500000 qaram    1.1500
parameter 11 -0.706199 -> -0.500000 qaram    1.1500
parameter 12 -0.986943 -> -0.500000 qaram    1.1500
parameters
   -1.3834   -7.0460   13.2331   -4.2989   -7.8758   -7.8712
    3.3396    5.1389   -2.9930   24.1203    0.7956  -22.7141
eta,q 0.96927  9.99417
  0.0480  0.0454  0.0456  0.0390  0.0297  0.0326  0.0358  0.0388  0.0359  0.0334  0.0350  0.0352
  0.0459  0.0445  0.0446  0.0396  0.0330  0.0326  0.0341  0.0358  0.0344  0.0324  0.0338  0.0337
  0.0445  0.0439  0.0439  0.0413  0.0363  0.0329  0.0331  0.0336  0.0333  0.0322  0.0329  0.0325
  0.0438  0.0437  0.0437  0.0437  0.0400  0.0339  0.0327  0.0327  0.0326  0.0325  0.0322  0.0317
  0.0438  0.0440  0.0439  0.0470  0.0440  0.0357  0.0331  0.0329  0.0325  0.0335  0.0318  0.0310
  0.0446  0.0447  0.0445  0.0506  0.0478  0.0387  0.0343  0.0344  0.0330  0.0356  0.0316  0.0306
  0.0462  0.0457  0.0455  0.0543  0.0515  0.0428  0.0360  0.0368  0.0340  0.0382  0.0317  0.0305
niter,ni,del,rscale     7    3    5.0000    1.2000
parameter  5  1.692535 ->  0.500000 qaram    1.3225
parameters
   -1.1759   -6.7836   12.7799   -7.3424  -12.6368   -9.7624
    3.9020    4.5925   -2.6384   23.7031    2.2469  -21.8487
eta,q 0.97422  9.61211
  0.0357  0.0338  0.0316  0.0315  0.0248  0.0273  0.0291  0.0296  0.0286  0.0291  0.0269  0.0273
  0.0331  0.0324  0.0309  0.0309  0.0257  0.0261  0.0275  0.0273  0.0272  0.0272  0.0263  0.0265
  0.0314  0.0313  0.0306  0.0304  0.0275  0.0258  0.0264  0.0261  0.0262  0.0261  0.0260  0.0260
  0.0307  0.0307  0.0307  0.0306  0.0305  0.0261  0.0259  0.0258  0.0258  0.0258  0.0258  0.0258
  0.0310  0.0307  0.0310  0.0319  0.0342  0.0265  0.0260  0.0266  0.0260  0.0262  0.0258  0.0259
  0.0322  0.0315  0.0317  0.0348  0.0376  0.0275  0.0269  0.0283  0.0268  0.0278  0.0260  0.0261
  0.0342  0.0328  0.0327  0.0386  0.0412  0.0297  0.0283  0.0308  0.0281  0.0300  0.0263  0.0268
niter,ni,del,rscale     7    3    5.0000    1.2000
parameter  5  0.554928 ->  0.500000 qaram    1.5209
parameters
   -1.0119   -6.6463   13.6213   -8.0447  -18.1119   -8.9066
    3.6925    4.7417   -3.0929   24.9823    2.8704  -22.4012
eta,q 0.97601  9.38145
  0.0301  0.0294  0.0283  0.0275  0.0253  0.0280  0.0268  0.0289  0.0262  0.0293  0.0250  0.0255
  0.0279  0.0275  0.0272  0.0265  0.0242  0.0259  0.0254  0.0264  0.0250  0.0269  0.0245  0.0247
  0.0264  0.0263  0.0263  0.0259  0.0243  0.0245  0.0245  0.0248  0.0244  0.0251  0.0242  0.0241
  0.0258  0.0258  0.0258  0.0255  0.0256  0.0241  0.0242  0.0242  0.0242  0.0242  0.0240  0.0240
  0.0261  0.0260  0.0256  0.0257  0.0282  0.0245  0.0246  0.0247  0.0246  0.0241  0.0241  0.0243
  0.0272  0.0270  0.0257  0.0266  0.0322  0.0252  0.0256  0.0262  0.0254  0.0250  0.0243  0.0249
  0.0291  0.0287  0.0262  0.0289  0.0362  0.0265  0.0271  0.0285  0.0267  0.0267  0.0248  0.0260
niter,ni,del,rscale     7    3    5.0000    1.2000
parameters
   -0.9726   -6.3440   13.9783   -8.0804  -18.8591   -8.2810
    3.6775    4.7705   -3.2113   25.5358    2.5575  -22.7905
eta,q 0.97603  9.38714
  0.0279  0.0284  0.0262  0.0259  0.0294  0.0277  0.0268  0.0285  0.0262  0.0284  0.0248  0.0256
  0.0258  0.0262  0.0251  0.0247  0.0267  0.0257  0.0253  0.0261  0.0250  0.0262  0.0244  0.0248
  0.0245  0.0247  0.0243  0.0241  0.0247  0.0243  0.0244  0.0246  0.0243  0.0247  0.0241  0.0242
  0.0240  0.0240  0.0239  0.0239  0.0239  0.0239  0.0240  0.0240  0.0240  0.0240  0.0240  0.0240
  0.0244  0.0241  0.0239  0.0239  0.0248  0.0243  0.0244  0.0245  0.0243  0.0242  0.0241  0.0243
  0.0256  0.0250  0.0244  0.0245  0.0273  0.0251  0.0253  0.0261  0.0251  0.0254  0.0244  0.0249
  0.0276  0.0266  0.0252  0.0261  0.0318  0.0265  0.0268  0.0284  0.0264  0.0273  0.0250  0.0259
niter,ni,del,rscale     6    3    5.0000    1.2000
parameters
   -0.9755   -6.2659   14.0467   -8.0626  -19.1115   -8.0658
    3.6808    4.7756   -3.1975   25.7321    2.3712  -23.0004
eta,q 0.97600  9.39223
  0.0277  0.0277  0.0258  0.0259  0.0299  0.0274  0.0268  0.0284  0.0263  0.0280  0.0249  0.0257
  0.0257  0.0257  0.0249  0.0248  0.0271  0.0254  0.0253  0.0260  0.0251  0.0260  0.0244  0.0248
  0.0244  0.0244  0.0242  0.0242  0.0250  0.0241  0.0244  0.0245  0.0243  0.0246  0.0241  0.0242
  0.0240  0.0240  0.0240  0.0240  0.0240  0.0240  0.0240  0.0240  0.0240  0.0240  0.0240  0.0240
  0.0244  0.0244  0.0241  0.0240  0.0246  0.0244  0.0244  0.0245  0.0243  0.0244  0.0241  0.0243
  0.0257  0.0255  0.0247  0.0245  0.0269  0.0253  0.0253  0.0260  0.0251  0.0257  0.0244  0.0249
  0.0277  0.0272  0.0256  0.0261  0.0312  0.0269  0.0267  0.0284  0.0263  0.0276  0.0250  0.0259
niter,ni,del,rscale     5    3    5.0000    1.2000
parameters
   -0.9781   -6.2416   14.0583   -8.0448  -19.1901   -8.0004
    3.6850    4.7769   -3.1762   25.8045    2.2768  -23.0923
eta,q 0.97598  9.39504
  0.0277  0.0276  0.0257  0.0259  0.0301  0.0273  0.0268  0.0284  0.0263  0.0279  0.0249  0.0257
  0.0257  0.0256  0.0248  0.0248  0.0273  0.0253  0.0253  0.0260  0.0251  0.0259  0.0244  0.0249
  0.0244  0.0244  0.0242  0.0243  0.0251  0.0241  0.0244  0.0245  0.0243  0.0246  0.0241  0.0243
  0.0240  0.0240  0.0240  0.0240  0.0240  0.0240  0.0240  0.0240  0.0240  0.0240  0.0240  0.0240
  0.0244  0.0244  0.0242  0.0240  0.0246  0.0244  0.0244  0.0245  0.0243  0.0244  0.0241  0.0243
  0.0257  0.0256  0.0248  0.0245  0.0267  0.0254  0.0253  0.0260  0.0251  0.0258  0.0244  0.0249
  0.0277  0.0274  0.0257  0.0262  0.0310  0.0270  0.0267  0.0284  0.0263  0.0278  0.0250  0.0258
niter,ni,del,rscale     4    3    5.0000    1.2000
parameters
   -0.9788   -6.2319   14.0588   -8.0336  -19.2146   -7.9719
    3.6885    4.7760   -3.1647   25.8349    2.2317  -23.1362
eta,q 0.97598  9.39711
  0.0277  0.0276  0.0257  0.0259  0.0302  0.0272  0.0268  0.0284  0.0263  0.0278  0.0249  0.0257
  0.0257  0.0256  0.0248  0.0248  0.0274  0.0253  0.0253  0.0260  0.0251  0.0258  0.0244  0.0249
  0.0244  0.0244  0.0242  0.0243  0.0252  0.0241  0.0244  0.0245  0.0243  0.0245  0.0241  0.0243
  0.0240  0.0240  0.0240  0.0240  0.0240  0.0240  0.0240  0.0240  0.0240  0.0240  0.0240  0.0240
  0.0245  0.0245  0.0242  0.0240  0.0245  0.0244  0.0244  0.0245  0.0243  0.0245  0.0241  0.0242
  0.0257  0.0257  0.0248  0.0246  0.0267  0.0254  0.0253  0.0260  0.0251  0.0258  0.0244  0.0249
  0.0277  0.0274  0.0258  0.0262  0.0309  0.0270  0.0267  0.0284  0.0263  0.0278  0.0250  0.0258
registration optimization eta report
parameter search radius
    2.4000    2.4000    2.4000    8.2800   10.9503    8.2800
    7.2000    7.2000    7.2000    7.2000    8.2800    8.2800
100000*second partial in parameter space
       64.       60.       30.        3.        5.        5.
        5.        8.        4.        7.        1.        3.
  0.0277  0.0276  0.0257  0.0259  0.0302  0.0272  0.0268  0.0284  0.0263  0.0278  0.0249  0.0257
  0.0257  0.0256  0.0248  0.0248  0.0274  0.0253  0.0253  0.0260  0.0251  0.0258  0.0244  0.0249
  0.0244  0.0244  0.0242  0.0243  0.0252  0.0241  0.0244  0.0245  0.0243  0.0245  0.0241  0.0243
  0.0240  0.0240  0.0240  0.0240  0.0240  0.0240  0.0240  0.0240  0.0240  0.0240  0.0240  0.0240
  0.0245  0.0245  0.0242  0.0240  0.0245  0.0244  0.0244  0.0245  0.0243  0.0245  0.0241  0.0242
  0.0257  0.0257  0.0248  0.0246  0.0267  0.0254  0.0253  0.0260  0.0251  0.0258  0.0244  0.0249
  0.0277  0.0274  0.0258  0.0262  0.0309  0.0270  0.0267  0.0284  0.0263  0.0278  0.0250  0.0258
   -0.9788   -6.2319   14.0588   -8.0336  -19.2146   -7.9719
    3.6885    4.7760   -3.1647   25.8349    2.2317  -23.1362
eta,q 0.97598  9.39711

---------------------------------------------------------------------
imgreg_4dfp /opt/freesurfer/average/711-2C_as_mni_average_305 /opt/freesurfer/average/711-2B_as_mni_average_305_mask talsrcimg_g11 none talsrcimg_to_711-2C_as_mni_average_305_t4 2311
---------------------------------------------------------------------

freesurfer imgreg_4dfp.c
/opt/freesurfer/average/711-2C_as_mni_average_305.4dfp.img
       256       256       256         1
  1.000000  1.000000  1.000000
orientation T byte_order littleendian
Reading image: /opt/freesurfer/average/711-2C_as_mni_average_305.4dfp.img
dimensions:      256       256       256
mmppix:       1.0000   -1.0000   -1.0000
center:     128.0000 -129.0000 -129.0000
/opt/freesurfer/average/711-2B_as_mni_average_305_mask.4dfp.img
       256       256       256         1
  1.000000  1.000000  1.000000
orientation T byte_order littleendian
Reading mask: /opt/freesurfer/average/711-2B_as_mni_average_305_mask.4dfp.img (2306576 pixels)
talsrcimg_g11.4dfp.img
       256       256       256         1
  0.898438  0.898438  0.898438
orientation T byte_order littleendian
Reading image: talsrcimg_g11.4dfp.img
dimensions:      256       256       256
mmppix:       0.8984   -0.8984   -0.8984
center:     115.0001 -115.8985 -115.8985
fimgreg.f
image alignment mode   2311 decimal      907 hex
parameters
   -0.9788   -6.2319   14.0588   -8.0336  -19.2146   -7.9719
    3.6885    4.7760   -3.1647   25.8349    2.2317  -23.1362
eta,q 0.97598  9.39711
niter,ni,del,rscale     5    3    5.0000    0.8000
parameters
   -0.9812   -6.2595   14.0751   -7.1535  -18.4004   -8.0561
    3.7920    4.7400   -3.0682   25.6591    1.7593  -22.9217
eta,q 0.97610  9.47460
  0.0257  0.0256  0.0248  0.0246  0.0258  0.0248  0.0252  0.0259  0.0250  0.0256  0.0241  0.0246
  0.0248  0.0247  0.0244  0.0243  0.0250  0.0242  0.0245  0.0248  0.0244  0.0247  0.0240  0.0243
  0.0242  0.0242  0.0241  0.0241  0.0244  0.0239  0.0241  0.0241  0.0240  0.0241  0.0239  0.0240
  0.0240  0.0240  0.0240  0.0240  0.0240  0.0239  0.0239  0.0239  0.0239  0.0239  0.0239  0.0239
  0.0242  0.0243  0.0241  0.0240  0.0239  0.0240  0.0240  0.0241  0.0240  0.0242  0.0240  0.0240
  0.0248  0.0248  0.0244  0.0240  0.0243  0.0243  0.0244  0.0248  0.0244  0.0249  0.0241  0.0242
  0.0257  0.0257  0.0248  0.0243  0.0249  0.0248  0.0251  0.0259  0.0249  0.0259  0.0243  0.0245
niter,ni,del,rscale     4    3    5.0000    0.7000
parameters
   -0.9983   -6.2602   14.0141   -6.8223  -18.2305   -8.1225
    3.8430    4.7110   -3.0039   25.5997    1.7058  -22.9359
eta,q 0.97613  9.49651
  0.0252  0.0252  0.0244  0.0243  0.0251  0.0245  0.0249  0.0254  0.0247  0.0252  0.0241  0.0244
  0.0245  0.0245  0.0241  0.0242  0.0245  0.0240  0.0244  0.0245  0.0243  0.0245  0.0240  0.0241
  0.0240  0.0240  0.0239  0.0240  0.0241  0.0239  0.0240  0.0240  0.0240  0.0241  0.0239  0.0239
  0.0239  0.0239  0.0239  0.0239  0.0239  0.0239  0.0239  0.0239  0.0239  0.0239  0.0239  0.0239
  0.0241  0.0241  0.0240  0.0239  0.0240  0.0240  0.0240  0.0241  0.0240  0.0240  0.0239  0.0239
  0.0245  0.0245  0.0242  0.0240  0.0243  0.0241  0.0243  0.0246  0.0242  0.0246  0.0240  0.0241
  0.0253  0.0252  0.0246  0.0243  0.0250  0.0245  0.0249  0.0254  0.0247  0.0253  0.0241  0.0244
niter,ni,del,rscale     3    3    5.0000    0.6000
parameters
   -1.0122   -6.2634   13.9890   -6.6106  -18.1478   -8.1636
    3.8791    4.6926   -2.9838   25.5951    1.6456  -22.9492
eta,q 0.97614  9.50934
  0.0248  0.0248  0.0243  0.0242  0.0248  0.0243  0.0246  0.0250  0.0245  0.0249  0.0240  0.0242
  0.0243  0.0243  0.0241  0.0241  0.0243  0.0240  0.0242  0.0243  0.0242  0.0244  0.0239  0.0240
  0.0240  0.0240  0.0239  0.0240  0.0240  0.0238  0.0240  0.0240  0.0239  0.0240  0.0239  0.0239
  0.0239  0.0239  0.0239  0.0239  0.0239  0.0239  0.0239  0.0239  0.0239  0.0239  0.0239  0.0239
  0.0240  0.0240  0.0239  0.0239  0.0239  0.0239  0.0239  0.0240  0.0239  0.0240  0.0239  0.0239
  0.0243  0.0243  0.0241  0.0240  0.0242  0.0240  0.0242  0.0244  0.0241  0.0244  0.0239  0.0240
  0.0249  0.0248  0.0243  0.0242  0.0247  0.0243  0.0246  0.0250  0.0245  0.0249  0.0240  0.0242
niter,ni,del,rscale     2    3    5.0000    0.5000
parameters
   -1.0253   -6.2604   13.9696   -6.4214  -18.0858   -8.2186
    3.8959    4.6703   -2.9574   25.5892    1.5704  -22.9677
eta,q 0.97615  9.51933
  0.0245  0.0245  0.0242  0.0241  0.0245  0.0241  0.0244  0.0246  0.0243  0.0246  0.0240  0.0241
  0.0241  0.0241  0.0240  0.0240  0.0242  0.0239  0.0241  0.0242  0.0241  0.0242  0.0239  0.0240
  0.0239  0.0239  0.0239  0.0239  0.0239  0.0238  0.0239  0.0239  0.0239  0.0240  0.0239  0.0239
  0.0239  0.0239  0.0239  0.0239  0.0238  0.0238  0.0238  0.0238  0.0238  0.0238  0.0238  0.0239
  0.0239  0.0239  0.0239  0.0239  0.0239  0.0239  0.0239  0.0239  0.0239  0.0239  0.0239  0.0239
  0.0242  0.0242  0.0240  0.0239  0.0241  0.0240  0.0241  0.0242  0.0240  0.0242  0.0239  0.0240
  0.0246  0.0245  0.0242  0.0241  0.0245  0.0241  0.0244  0.0246  0.0243  0.0246  0.0240  0.0241
niter,ni,del,rscale     1    3    5.0000    0.4000
parameters
   -1.0362   -6.2584   13.9520   -6.2769  -18.0360   -8.2900
    3.9091    4.6507   -2.9511   25.5993    1.5466  -22.9797
eta,q 0.97616  9.52565
  0.0243  0.0243  0.0240  0.0240  0.0243  0.0240  0.0242  0.0243  0.0241  0.0243  0.0239  0.0240
  0.0240  0.0240  0.0239  0.0240  0.0241  0.0239  0.0240  0.0240  0.0240  0.0241  0.0239  0.0239
  0.0239  0.0239  0.0239  0.0239  0.0239  0.0238  0.0239  0.0239  0.0239  0.0239  0.0238  0.0239
  0.0238  0.0238  0.0238  0.0238  0.0238  0.0238  0.0238  0.0238  0.0238  0.0238  0.0238  0.0238
  0.0239  0.0239  0.0239  0.0239  0.0239  0.0239  0.0239  0.0239  0.0239  0.0239  0.0238  0.0239
  0.0241  0.0240  0.0239  0.0239  0.0240  0.0239  0.0240  0.0241  0.0240  0.0241  0.0239  0.0239
  0.0243  0.0243  0.0241  0.0240  0.0243  0.0240  0.0242  0.0243  0.0241  0.0243  0.0239  0.0240
registration optimization eta report
parameter search radius
    0.8000    0.8000    0.8000    2.4000    2.4000    2.4000
    2.4000    2.4000    2.4000    2.4000    2.4000    2.4000
100000*second partial in parameter space
       70.       66.       31.        3.        7.        3.
        6.        9.        5.        9.        1.        3.
  0.0243  0.0243  0.0240  0.0240  0.0243  0.0240  0.0242  0.0243  0.0241  0.0243  0.0239  0.0240
  0.0240  0.0240  0.0239  0.0240  0.0241  0.0239  0.0240  0.0240  0.0240  0.0241  0.0239  0.0239
  0.0239  0.0239  0.0239  0.0239  0.0239  0.0238  0.0239  0.0239  0.0239  0.0239  0.0238  0.0239
  0.0238  0.0238  0.0238  0.0238  0.0238  0.0238  0.0238  0.0238  0.0238  0.0238  0.0238  0.0238
  0.0239  0.0239  0.0239  0.0239  0.0239  0.0239  0.0239  0.0239  0.0239  0.0239  0.0238  0.0239
  0.0241  0.0240  0.0239  0.0239  0.0240  0.0239  0.0240  0.0241  0.0240  0.0241  0.0239  0.0239
  0.0243  0.0243  0.0241  0.0240  0.0243  0.0240  0.0242  0.0243  0.0241  0.0243  0.0239  0.0240
   -1.0362   -6.2584   13.9520   -6.2769  -18.0360   -8.2900
    3.9091    4.6507   -2.9511   25.5993    1.5466  -22.9797
eta,q 0.97616  9.52565

---------------------------------------------------------------------
imgreg_4dfp /opt/freesurfer/average/711-2C_as_mni_average_305 /opt/freesurfer/average/711-2B_as_mni_average_305_mask talsrcimg_g11 none talsrcimg_to_711-2C_as_mni_average_305_t4 2311
---------------------------------------------------------------------

freesurfer imgreg_4dfp.c
/opt/freesurfer/average/711-2C_as_mni_average_305.4dfp.img
       256       256       256         1
  1.000000  1.000000  1.000000
orientation T byte_order littleendian
Reading image: /opt/freesurfer/average/711-2C_as_mni_average_305.4dfp.img
dimensions:      256       256       256
mmppix:       1.0000   -1.0000   -1.0000
center:     128.0000 -129.0000 -129.0000
/opt/freesurfer/average/711-2B_as_mni_average_305_mask.4dfp.img
       256       256       256         1
  1.000000  1.000000  1.000000
orientation T byte_order littleendian
Reading mask: /opt/freesurfer/average/711-2B_as_mni_average_305_mask.4dfp.img (2306576 pixels)
talsrcimg_g11.4dfp.img
       256       256       256         1
  0.898438  0.898438  0.898438
orientation T byte_order littleendian
Reading image: talsrcimg_g11.4dfp.img
dimensions:      256       256       256
mmppix:       0.8984   -0.8984   -0.8984
center:     115.0001 -115.8985 -115.8985
fimgreg.f
image alignment mode   2311 decimal      907 hex
parameters
   -1.0362   -6.2584   13.9520   -6.2769  -18.0360   -8.2900
    3.9091    4.6507   -2.9511   25.5993    1.5466  -22.9797
eta,q 0.97616  9.52565
niter,ni,del,rscale     5    3    5.0000    0.8000
parameters
   -1.0378   -6.2388   13.9190   -6.9027  -18.1812   -8.1012
    3.8493    4.6859   -2.9721   25.6375    1.7796  -23.0256
eta,q 0.97613  9.49973
  0.0256  0.0255  0.0246  0.0243  0.0252  0.0249  0.0251  0.0259  0.0249  0.0257  0.0242  0.0245
  0.0246  0.0246  0.0242  0.0241  0.0245  0.0242  0.0245  0.0248  0.0244  0.0248  0.0240  0.0242
  0.0240  0.0240  0.0239  0.0239  0.0241  0.0239  0.0240  0.0241  0.0240  0.0241  0.0239  0.0240
  0.0238  0.0238  0.0238  0.0238  0.0239  0.0239  0.0239  0.0239  0.0239  0.0239  0.0239  0.0239
  0.0241  0.0240  0.0239  0.0239  0.0241  0.0240  0.0240  0.0241  0.0240  0.0241  0.0239  0.0240
  0.0246  0.0246  0.0242  0.0242  0.0246  0.0242  0.0245  0.0247  0.0244  0.0247  0.0240  0.0242
  0.0256  0.0254  0.0247  0.0249  0.0255  0.0246  0.0252  0.0258  0.0250  0.0257  0.0241  0.0245
niter,ni,del,rscale     4    3    5.0000    0.7000
parameters
   -1.0108   -6.2575   13.9745   -6.7774  -18.1943   -8.1156
    3.8583    4.6995   -2.9926   25.6165    1.6800  -22.9933
eta,q 0.97614  9.50261
  0.0253  0.0251  0.0245  0.0243  0.0250  0.0245  0.0249  0.0254  0.0247  0.0253  0.0241  0.0244
  0.0245  0.0244  0.0242  0.0241  0.0244  0.0240  0.0243  0.0245  0.0242  0.0245  0.0240  0.0241
  0.0240  0.0240  0.0240  0.0240  0.0240  0.0239  0.0240  0.0240  0.0240  0.0241  0.0239  0.0239
  0.0239  0.0239  0.0239  0.0239  0.0239  0.0239  0.0239  0.0239  0.0239  0.0239  0.0239  0.0239
  0.0240  0.0240  0.0239  0.0239  0.0240  0.0239  0.0240  0.0240  0.0240  0.0240  0.0239  0.0239
  0.0244  0.0245  0.0241  0.0240  0.0244  0.0241  0.0243  0.0245  0.0242  0.0245  0.0240  0.0241
  0.0252  0.0252  0.0244  0.0244  0.0250  0.0245  0.0249  0.0254  0.0247  0.0253  0.0241  0.0244
niter,ni,del,rscale     3    3    5.0000    0.6000
parameters
   -1.0152   -6.2601   13.9780   -6.5850  -18.1400   -8.1402
    3.8823    4.6858   -2.9743   25.6091    1.6298  -22.9609
eta,q 0.97614  9.51268
  0.0249  0.0248  0.0243  0.0242  0.0248  0.0243  0.0246  0.0250  0.0245  0.0249  0.0240  0.0242
  0.0243  0.0243  0.0241  0.0241  0.0243  0.0240  0.0242  0.0243  0.0241  0.0244  0.0239  0.0240
  0.0240  0.0240  0.0239  0.0240  0.0240  0.0238  0.0240  0.0240  0.0239  0.0240  0.0239  0.0239
  0.0239  0.0239  0.0239  0.0239  0.0239  0.0239  0.0239  0.0239  0.0239  0.0239  0.0239  0.0239
  0.0240  0.0240  0.0239  0.0239  0.0239  0.0239  0.0239  0.0240  0.0239  0.0240  0.0239  0.0239
  0.0243  0.0243  0.0241  0.0240  0.0242  0.0240  0.0242  0.0243  0.0241  0.0244  0.0239  0.0240
  0.0249  0.0248  0.0243  0.0242  0.0247  0.0243  0.0246  0.0250  0.0245  0.0249  0.0240  0.0242
niter,ni,del,rscale     2    3    5.0000    0.5000
parameters
   -1.0280   -6.2601   13.9669   -6.4075  -18.0906   -8.2044
    3.8938    4.6702   -2.9570   25.5963    1.5854  -22.9884
eta,q 0.97615  9.52087
  0.0245  0.0245  0.0242  0.0241  0.0245  0.0241  0.0244  0.0246  0.0243  0.0246  0.0240  0.0241
  0.0241  0.0242  0.0240  0.0240  0.0242  0.0239  0.0241  0.0242  0.0240  0.0242  0.0239  0.0240
  0.0239  0.0239  0.0239  0.0239  0.0239  0.0238  0.0239  0.0239  0.0239  0.0240  0.0239  0.0239
  0.0239  0.0239  0.0239  0.0239  0.0238  0.0239  0.0238  0.0238  0.0238  0.0238  0.0238  0.0238
  0.0239  0.0239  0.0239  0.0238  0.0239  0.0239  0.0239  0.0239  0.0239  0.0239  0.0239  0.0239
  0.0242  0.0242  0.0240  0.0239  0.0241  0.0240  0.0241  0.0242  0.0240  0.0242  0.0239  0.0240
  0.0246  0.0245  0.0242  0.0241  0.0245  0.0241  0.0244  0.0246  0.0243  0.0246  0.0240  0.0241
niter,ni,del,rscale     1    3    5.0000    0.4000
parameters
   -1.0373   -6.2590   13.9486   -6.2775  -18.0374   -8.3013
    3.9083    4.6475   -2.9467   25.5972    1.5471  -23.0039
eta,q 0.97616  9.52535
  0.0243  0.0243  0.0240  0.0240  0.0243  0.0240  0.0242  0.0243  0.0241  0.0243  0.0239  0.0240
  0.0240  0.0240  0.0239  0.0240  0.0241  0.0239  0.0240  0.0240  0.0240  0.0241  0.0239  0.0239
  0.0239  0.0239  0.0239  0.0239  0.0239  0.0238  0.0239  0.0239  0.0239  0.0239  0.0238  0.0239
  0.0238  0.0238  0.0238  0.0238  0.0238  0.0238  0.0238  0.0238  0.0238  0.0238  0.0238  0.0238
  0.0239  0.0239  0.0239  0.0238  0.0239  0.0239  0.0239  0.0239  0.0239  0.0239  0.0238  0.0239
  0.0241  0.0240  0.0239  0.0239  0.0240  0.0239  0.0240  0.0241  0.0240  0.0241  0.0239  0.0239
  0.0243  0.0243  0.0241  0.0240  0.0242  0.0240  0.0242  0.0243  0.0241  0.0244  0.0239  0.0240
registration optimization eta report
parameter search radius
    0.8000    0.8000    0.8000    2.4000    2.4000    2.4000
    2.4000    2.4000    2.4000    2.4000    2.4000    2.4000
100000*second partial in parameter space
       70.       66.       31.        3.        7.        3.
        6.        8.        5.        9.        1.        3.
  0.0243  0.0243  0.0240  0.0240  0.0243  0.0240  0.0242  0.0243  0.0241  0.0243  0.0239  0.0240
  0.0240  0.0240  0.0239  0.0240  0.0241  0.0239  0.0240  0.0240  0.0240  0.0241  0.0239  0.0239
  0.0239  0.0239  0.0239  0.0239  0.0239  0.0238  0.0239  0.0239  0.0239  0.0239  0.0238  0.0239
  0.0238  0.0238  0.0238  0.0238  0.0238  0.0238  0.0238  0.0238  0.0238  0.0238  0.0238  0.0238
  0.0239  0.0239  0.0239  0.0238  0.0239  0.0239  0.0239  0.0239  0.0239  0.0239  0.0238  0.0239
  0.0241  0.0240  0.0239  0.0239  0.0240  0.0239  0.0240  0.0241  0.0240  0.0241  0.0239  0.0239
  0.0243  0.0243  0.0241  0.0240  0.0242  0.0240  0.0242  0.0243  0.0241  0.0244  0.0239  0.0240
   -1.0373   -6.2590   13.9486   -6.2775  -18.0374   -8.3013
    3.9083    4.6475   -2.9467   25.5972    1.5471  -23.0039
eta,q 0.97616  9.52535

---------------------------------------------------------------------
compute_vox2vox talsrcimg talsrcimg_to_711-2C_as_mni_average_305_t4 /opt/freesurfer/average/711-2C_as_mni_average_305
---------------------------------------------------------------------

freesurfer compute_vox2vox.c
Reading: talsrcimg.4dfp.ifh
Reading: talsrcimg_to_711-2C_as_mni_average_305_t4
Reading: /opt/freesurfer/average/711-2C_as_mni_average_305.4dfp.ifh
Writing: talsrcimg_to_711-2C_as_mni_average_305_t4_vox2vox.txt

start time Wed Mar 11 03:33:17 CET 2026
end		time Wed Mar 11 03:33:31 CET 2026

mpr2mni305 success

avi2talxfm orig_nu.mgz /opt/freesurfer/average/mni305.cor.mgz talsrcimg_to_711-2C_as_mni_average_305_t4_vox2vox.txt transforms/talairach.auto.xfm
avi2talxfm done
mv -f /out/sourcedata/freesurfer/sub-v2s13x29106_ses-1/mri/talsrcimg_to_711-2C_as_mni_average_305_t4_vox2vox.txt /out/sourcedata/freesurfer/sub-v2s13x29106_ses-1/mri/transforms/talsrcimg_to_711-2C_as_mni_average_305_t4_vox2vox.txt
lta_convert --src orig_nu.mgz --trg /opt/freesurfer/average/mni305.cor.mgz --inxfm transforms/talairach.auto.xfm --outlta transforms/talairach.auto.xfm.lta --subject fsaverage
7.3.2

--src: orig_nu.mgz src image (geometry).
--trg: /opt/freesurfer/average/mni305.cor.mgz trg image (geometry).
--inmni: transforms/talairach.auto.xfm input MNI/XFM transform.
--outlta: transforms/talairach.auto.xfm.lta output LTA.
--s: fsaverage subject name
 LTA read, type : 1
 1.06566  -0.03693  -0.06118  -3.62872;
-0.00776   1.01156   0.28428  -16.99880;
 0.04074  -0.31724   1.12908  -5.78758;
 0.00000   0.00000   0.00000   1.00000;
setting subject to fsaverage
Writing  LTA to file transforms/talairach.auto.xfm.lta...
lta_convert successful.
 
 
Started at Wed Mar 11 03:33:17 CET 2026
Ended   at Wed Mar 11 03:33:31 CET 2026
talairach_avi done
