/out/sourcedata/freesurfer/sub-v2s13x29136_ses-1/mri
/opt/freesurfer/bin/talairach_avi
--i orig_nu.mgz --xfm transforms/talairach.auto.xfm
talairach_avi 7.3.2
Linux dna054 5.14.0-427.37.1.el9_4.x86_64 #1 SMP PREEMPT_DYNAMIC Fri Sep 13 12:41:50 EDT 2024 x86_64 x86_64 x86_64 GNU/Linux
Wed Mar 11 05:20:00 CET 2026
mri_convert orig_nu.mgz talsrcimg.img 
reading from orig_nu.mgz...
TR=0.00, TE=0.00, TI=0.00, flip angle=0.00
i_ras = (-1, 9.71815e-11, -2.59151e-10)
j_ras = (0, 0, -1)
k_ras = (-2.0732e-09, 1, -3.31713e-08)
writing to talsrcimg.img...
Analyze Output Matrix
-0.89844   0.00000  -0.00000   117.24368;
 0.00000   0.00000   0.89844  -116.46980;
-0.00000  -0.89844  -0.00000   135.16624;
 0.00000   0.00000   0.00000   1.00000;
--------------------
INFO: set hdr.hist.orient to -1
mpr2mni305 talsrcimg
Wed Mar 11 05:20:00 CET 2026
/opt/freesurfer/bin/mpr2mni305 talsrcimg
mpr2mni305 7.3.2
target=711-2C_as_mni_average_305

---------------------------------------------------------------------
analyzeto4dfp talsrcimg -O0 -y
---------------------------------------------------------------------

freesurfer ifh2hdr.c
Wed Mar 11 05:20:01 2026
Writing: talsrcimg.4dfp.hdr
freesurfer analyzeto4dfp.c
Reading: talsrcimg.hdr
header size 348 bytes
hdr.dime.datatype	offset=70	value=2
hdr.dime.bitpix		offset=72	value=8
hdr.hist.orient		offset=252	value=-1
dimensionality     4
dimensions       256       256       256         1
Reading: talsrcimg.img
Writing: talsrcimg.4dfp.img
Writing: talsrcimg.4dfp.ifh
ifh2hdr talsrcimg -r0to253
ori=2

---------------------------------------------------------------------
gauss_4dfp talsrcimg 1.1
---------------------------------------------------------------------

freesurfer gauss_4dfp.c
Reading: talsrcimg.4dfp.img
Writing: talsrcimg_g11.4dfp.img
image dimensions 256 256 256 padded to 288 288 288
processing volume 1freesurfer ifh2hdr.c
Wed Mar 11 05:20:02 2026
Writing: talsrcimg_g11.4dfp.hdr

Writing: talsrcimg_g11.4dfp.ifh
including: talsrcimg.4dfp.img.rec in talsrcimg_g11.4dfp.img.rec

---------------------------------------------------------------------
imgreg_4dfp /opt/freesurfer/average/711-2C_as_mni_average_305 none talsrcimg_g11 none talsrcimg_to_711-2C_as_mni_average_305_t4 4355
---------------------------------------------------------------------

freesurfer imgreg_4dfp.c
/opt/freesurfer/average/711-2C_as_mni_average_305.4dfp.img
       256       256       256         1
  1.000000  1.000000  1.000000
orientation T byte_order littleendian
Reading image: /opt/freesurfer/average/711-2C_as_mni_average_305.4dfp.img
dimensions:      256       256       256
mmppix:       1.0000   -1.0000   -1.0000
center:     128.0000 -129.0000 -129.0000
talsrcimg_g11.4dfp.img
       256       256       256         1
  0.898438  0.898438  0.898438
orientation T byte_order littleendian
Reading image: talsrcimg_g11.4dfp.img
dimensions:      256       256       256
mmppix:       0.8984   -0.8984   -0.8984
center:     115.0001 -115.8985 -115.8985
t4_read: open error in t4_sub.f l:  41 t4_file(1:l)talsrcimg_to_711-2C_as_mni_average_305_t4 
t4_read: transform initialized to I4
rotation matrix determinant  1.000000
image alignment mode   4355 decimal     1103 hex
   -7.5000  -45.0000  -45.0000 6265.2183   13.1266
    0.0000  -45.0000  -45.0000 6316.1655   13.1391
    7.5000  -45.0000  -45.0000 5972.0737   13.1252
   -7.5000  -37.5000  -45.0000 6657.1040   13.9432
    0.0000  -37.5000  -45.0000 6725.1279   13.9554
    7.5000  -37.5000  -45.0000 6342.2339   13.9479
   -7.5000  -30.0000  -45.0000 7039.7949   14.3786
    0.0000  -30.0000  -45.0000 7129.5547   14.3918
    7.5000  -30.0000  -45.0000 6726.8477   14.3945
   -7.5000  -22.5000  -45.0000 7524.5869   14.3801
    0.0000  -22.5000  -45.0000 7606.6333   14.3953
    7.5000  -22.5000  -45.0000 7168.1001   14.4017
   -7.5000  -15.0000  -45.0000 7978.9468   14.3857
    0.0000  -15.0000  -45.0000 8059.9282   14.4017
    7.5000  -15.0000  -45.0000 7600.9629   14.4005
   -7.5000   -7.5000  -45.0000 8060.8760   14.3908
    0.0000   -7.5000  -45.0000 8162.2490   14.4060
    7.5000   -7.5000  -45.0000 7693.8857   14.3943
   -7.5000    0.0000  -45.0000 8024.3154   14.3896
    0.0000    0.0000  -45.0000 8111.1821   14.4033
    7.5000    0.0000  -45.0000 7662.8530   14.3881
   -7.5000    7.5000  -45.0000 7646.9419   14.3828
    0.0000    7.5000  -45.0000 7742.0337   14.3954
    7.5000    7.5000  -45.0000 7306.8193   14.3876
   -7.5000   15.0000  -45.0000 7475.0283   14.3787
    0.0000   15.0000  -45.0000 7554.9844   14.3918
    7.5000   15.0000  -45.0000 7140.7329   14.3945
   -7.5000   22.5000  -45.0000 6870.2612   14.1867
    0.0000   22.5000  -45.0000 6933.3496   14.2017
    7.5000   22.5000  -45.0000 6552.1953   14.2080
   -7.5000   30.0000  -45.0000 6261.9263   13.8197
    0.0000   30.0000  -45.0000 6326.4126   13.8351
    7.5000   30.0000  -45.0000 5950.7749   13.8340
   -7.5000   37.5000  -45.0000 5730.3491   13.5363
    0.0000   37.5000  -45.0000 5783.7710   13.5511
    7.5000   37.5000  -45.0000 5452.9160   13.5395
   -7.5000   45.0000  -45.0000 5214.5005   13.3614
    0.0000   45.0000  -45.0000 5244.1890   13.3763
    7.5000   45.0000  -45.0000 4954.9395   13.3634
   -7.5000  -45.0000  -37.5000 6808.7583   13.7790
    0.0000  -45.0000  -37.5000 6882.8428   13.7975
    7.5000  -45.0000  -37.5000 6501.8848   13.7815
   -7.5000  -37.5000  -37.5000 7232.0718   14.6463
    0.0000  -37.5000  -37.5000 7317.7295   14.6663
    7.5000  -37.5000  -37.5000 6887.7124   14.6557
   -7.5000  -30.0000  -37.5000 7634.8799   15.0775
    0.0000  -30.0000  -37.5000 7738.4526   15.1005
    7.5000  -30.0000  -37.5000 7270.9058   15.0981
   -7.5000  -22.5000  -37.5000 8142.9355   15.0738
    0.0000  -22.5000  -37.5000 8237.6299   15.0997
    7.5000  -22.5000  -37.5000 7745.0430   15.1003
   -7.5000  -15.0000  -37.5000 8617.3359   15.0754
    0.0000  -15.0000  -37.5000 8723.3252   15.1006
    7.5000  -15.0000  -37.5000 8214.0459   15.0948
   -7.5000   -7.5000  -37.5000 8696.3047   15.0821
    0.0000   -7.5000  -37.5000 8810.8086   15.1043
    7.5000   -7.5000  -37.5000 8296.1631   15.0896
   -7.5000    0.0000  -37.5000 8639.0518   15.0855
    0.0000    0.0000  -37.5000 8741.4053   15.1058
    7.5000    0.0000  -37.5000 8231.0811   15.0883
   -7.5000    7.5000  -37.5000 8246.4473   15.0815
    0.0000    7.5000  -37.5000 8362.2852   15.1021
    7.5000    7.5000  -37.5000 7872.6812   15.0911
   -7.5000   15.0000  -37.5000 8059.3291   15.0768
    0.0000   15.0000  -37.5000 8172.4990   15.0998
    7.5000   15.0000  -37.5000 7687.9580   15.0974
   -7.5000   22.5000  -37.5000 7346.7480   14.8722
    0.0000   22.5000  -37.5000 7454.8745   14.8978
    7.5000   22.5000  -37.5000 7014.5220   14.8984
   -7.5000   30.0000  -37.5000 6676.6343   14.4933
    0.0000   30.0000  -37.5000 6763.5527   14.5175
    7.5000   30.0000  -37.5000 6354.2490   14.5120
   -7.5000   37.5000  -37.5000 6101.7329   14.1949
    0.0000   37.5000  -37.5000 6169.1763   14.2174
    7.5000   37.5000  -37.5000 5825.7393   14.2043
   -7.5000   45.0000  -37.5000 5544.5317   13.9980
    0.0000   45.0000  -37.5000 5593.0151   14.0188
    7.5000   45.0000  -37.5000 5288.5166   14.0031
   -7.5000  -45.0000  -30.0000 7372.2896   14.3898
    0.0000  -45.0000  -30.0000 7452.4180   14.4145
    7.5000  -45.0000  -30.0000 7040.2090   14.3956
   -7.5000  -37.5000  -30.0000 7817.8940   15.3021
    0.0000  -37.5000  -30.0000 7902.4165   15.3285
    7.5000  -37.5000  -30.0000 7454.6328   15.3131
   -7.5000  -30.0000  -30.0000 8236.2158   15.7286
    0.0000  -30.0000  -30.0000 8335.4238   15.7608
    7.5000  -30.0000  -30.0000 7852.4238   15.7522
   -7.5000  -22.5000  -30.0000 8766.7598   15.7223
    0.0000  -22.5000  -30.0000 8882.6865   15.7601
    7.5000  -22.5000  -30.0000 8376.3877   15.7553
   -7.5000  -15.0000  -30.0000 9270.6260   15.7238
    0.0000  -15.0000  -30.0000 9385.4971   15.7609
    7.5000  -15.0000  -30.0000 8840.4229   15.7513
   -7.5000   -7.5000  -30.0000 9358.4199   15.7325
    0.0000   -7.5000  -30.0000 9459.8643   15.7643
    7.5000   -7.5000  -30.0000 8914.0488   15.7467
   -7.5000    0.0000  -30.0000 9286.7354   15.7379
    0.0000    0.0000  -30.0000 9396.8311   15.7650
    7.5000    0.0000  -30.0000 8849.1445   15.7443
   -7.5000    7.5000  -30.0000 8845.8574   15.7329
    0.0000    7.5000  -30.0000 8970.1553   15.7600
    7.5000    7.5000  -30.0000 8437.1455   15.7442
   -7.5000   15.0000  -30.0000 8642.1055   15.7264
    0.0000   15.0000  -30.0000 8759.0254   15.7586
    7.5000   15.0000  -30.0000 8255.3682   15.7501
   -7.5000   22.5000  -30.0000 7857.8003   15.5128
    0.0000   22.5000  -30.0000 7960.8169   15.5501
    7.5000   22.5000  -30.0000 7510.8452   15.5453
   -7.5000   30.0000  -30.0000 7100.9746   15.1284
    0.0000   30.0000  -30.0000 7190.4956   15.1641
    7.5000   30.0000  -30.0000 6782.7017   15.1549
   -7.5000   37.5000  -30.0000 6470.8276   14.8293
    0.0000   37.5000  -30.0000 6553.5571   14.8610
    7.5000   37.5000  -30.0000 6195.4424   14.8454
   -7.5000   45.0000  -30.0000 5872.3315   14.6230
    0.0000   45.0000  -30.0000 5934.4453   14.6488
    7.5000   45.0000  -30.0000 5600.1763   14.6286
   -7.5000  -45.0000  -22.5000 7916.1641   14.9551
    0.0000  -45.0000  -22.5000 7991.9795   14.9839
    7.5000  -45.0000  -22.5000 7568.4429   14.9653
   -7.5000  -37.5000  -22.5000 8380.8750   15.9024
    0.0000  -37.5000  -22.5000 8468.3047   15.9324
    7.5000  -37.5000  -22.5000 8010.1714   15.9175
   -7.5000  -30.0000  -22.5000 8843.4492   16.3237
    0.0000  -30.0000  -22.5000 8925.6680   16.3600
    7.5000  -30.0000  -22.5000 8441.7871   16.3531
   -7.5000  -22.5000  -22.5000 9398.1201   16.3241
    0.0000  -22.5000  -22.5000 9505.2002   16.3669
    7.5000  -22.5000  -22.5000 8964.7529   16.3650
   -7.5000  -15.0000  -22.5000 9936.2559   16.3364
    0.0000  -15.0000  -22.500010057.0020   16.3797
    7.5000  -15.0000  -22.5000 9470.5537   16.3728
   -7.5000   -7.5000  -22.500010010.1465   16.3484
    0.0000   -7.5000  -22.500010138.8877   16.3863
    7.5000   -7.5000  -22.5000 9532.9707   16.3701
   -7.5000    0.0000  -22.5000 9927.3779   16.3469
    0.0000    0.0000  -22.500010062.5996   16.3783
    7.5000    0.0000  -22.5000 9459.2080   16.3580
   -7.5000    7.5000  -22.5000 9418.8496   16.3298
    0.0000    7.5000  -22.5000 9547.6543   16.3606
    7.5000    7.5000  -22.5000 8983.7734   16.3453
   -7.5000   15.0000  -22.5000 9187.4922   16.3198
    0.0000   15.0000  -22.5000 9303.0205   16.3560
    7.5000   15.0000  -22.5000 8773.3799   16.3492
   -7.5000   22.5000  -22.5000 8348.4141   16.1081
    0.0000   22.5000  -22.5000 8430.6055   16.1504
    7.5000   22.5000  -22.5000 7985.1548   16.1485
   -7.5000   30.0000  -22.5000 7526.2949   15.7295
    0.0000   30.0000  -22.5000 7596.4521   15.7712
    7.5000   30.0000  -22.5000 7197.1138   15.7646
   -7.5000   37.5000  -22.5000 6862.1274   15.4356
    0.0000   37.5000  -22.5000 6928.5610   15.4721
    7.5000   37.5000  -22.5000 6551.5361   15.4568
   -7.5000   45.0000  -22.5000 6208.3940   15.2285
    0.0000   45.0000  -22.5000 6274.6548   15.2575
    7.5000   45.0000  -22.5000 5925.6792   15.2367
   -7.5000  -45.0000  -15.0000 8432.0547   15.4868
    0.0000  -45.0000  -15.0000 8520.4346   15.5122
    7.5000  -45.0000  -15.0000 8064.7622   15.4962
   -7.5000  -37.5000  -15.0000 8922.3975   16.4599
    0.0000  -37.5000  -15.0000 9021.3906   16.4851
    7.5000  -37.5000  -15.0000 8535.0332   16.4746
   -7.5000  -30.0000  -15.0000 9404.7227   16.8806
    0.0000  -30.0000  -15.0000 9495.0244   16.9096
    7.5000  -30.0000  -15.0000 8988.2646   16.9098
   -7.5000  -22.5000  -15.0000 9984.7510   16.8885
    0.0000  -22.5000  -15.000010090.1211   16.9228
    7.5000  -22.5000  -15.0000 9507.9863   16.9289
   -7.5000  -15.0000  -15.000010539.2451   16.9086
    0.0000  -15.0000  -15.000010675.2725   16.9449
    7.5000  -15.0000  -15.000010028.5645   16.9441
   -7.5000   -7.5000  -15.000010639.5117   16.9203
    0.0000   -7.5000  -15.000010797.3691   16.9536
    7.5000   -7.5000  -15.000010137.4873   16.9411
   -7.5000    0.0000  -15.000010568.9580   16.9115
    0.0000    0.0000  -15.000010740.8633   16.9393
    7.5000    0.0000  -15.000010065.2627   16.9218
   -7.5000    7.5000  -15.0000 9986.6865   16.8858
    0.0000    7.5000  -15.000010117.4502   16.9117
    7.5000    7.5000  -15.0000 9524.5791   16.9010
   -7.5000   15.0000  -15.0000 9702.9639   16.8754
    0.0000   15.0000  -15.0000 9824.1973   16.9044
    7.5000   15.0000  -15.0000 9284.9365   16.9046
   -7.5000   22.5000  -15.0000 8795.0771   16.6676
    0.0000   22.5000  -15.0000 8915.3271   16.7014
    7.5000   22.5000  -15.0000 8436.3398   16.7074
   -7.5000   30.0000  -15.0000 7937.9580   16.2918
    0.0000   30.0000  -15.0000 8025.7021   16.3269
    7.5000   30.0000  -15.0000 7594.1958   16.3261
   -7.5000   37.5000  -15.0000 7249.7925   16.0019
    0.0000   37.5000  -15.0000 7332.6040   16.0331
    7.5000   37.5000  -15.0000 6927.7705   16.0196
   -7.5000   45.0000  -15.0000 6554.6050   15.7983
    0.0000   45.0000  -15.0000 6629.1689   15.8242
    7.5000   45.0000  -15.0000 6267.6982   15.8068
   -7.5000  -45.0000   -7.5000 8679.5225   15.4984
    0.0000  -45.0000   -7.5000 8775.7578   15.5160
    7.5000  -45.0000   -7.5000 8309.3076   15.5019
   -7.5000  -37.5000   -7.5000 9173.3506   16.4746
    0.0000  -37.5000   -7.5000 9266.3164   16.4909
    7.5000  -37.5000   -7.5000 8779.4326   16.4838
   -7.5000  -30.0000   -7.5000 9688.1123   16.8974
    0.0000  -30.0000   -7.5000 9767.5557   16.9150
    7.5000  -30.0000   -7.5000 9244.3662   16.9204
   -7.5000  -22.5000   -7.500010269.1484   16.9053
    0.0000  -22.5000   -7.500010371.7510   16.9264
    7.5000  -22.5000   -7.5000 9763.1162   16.9374
   -7.5000  -15.0000   -7.500010812.2891   16.9228
    0.0000  -15.0000   -7.500010966.9766   16.9465
    7.5000  -15.0000   -7.500010294.9062   16.9489
   -7.5000   -7.5000   -7.500010931.3428   16.9324
    0.0000   -7.5000   -7.500011112.5186   16.9551
    7.5000   -7.5000   -7.500010422.5439   16.9447
   -7.5000    0.0000   -7.500010831.3828   16.9243
    0.0000    0.0000   -7.500011025.6680   16.9434
    7.5000    0.0000   -7.500010342.0459   16.9281
   -7.5000    7.5000   -7.500010185.3105   16.9009
    0.0000    7.5000   -7.500010330.5088   16.9176
    7.5000    7.5000   -7.5000 9746.1211   16.9104
   -7.5000   15.0000   -7.5000 9898.8018   16.8922
    0.0000   15.0000   -7.500010031.1318   16.9098
    7.5000   15.0000   -7.5000 9468.2324   16.9151
   -7.5000   22.5000   -7.5000 8989.9688   16.6842
    0.0000   22.5000   -7.5000 9129.2119   16.7050
    7.5000   22.5000   -7.5000 8596.0312   16.7158
   -7.5000   30.0000   -7.5000 8119.5552   16.3046
    0.0000   30.0000   -7.5000 8253.9912   16.3274
    7.5000   30.0000   -7.5000 7777.0625   16.3299
   -7.5000   37.5000   -7.5000 7411.3169   16.0122
    0.0000   37.5000   -7.5000 7538.4360   16.0333
    7.5000   37.5000   -7.5000 7100.7046   16.0216
   -7.5000   45.0000   -7.5000 6698.8716   15.8112
    0.0000   45.0000   -7.5000 6801.6426   15.8304
    7.5000   45.0000   -7.5000 6413.1978   15.8166
   -7.5000  -45.0000    0.0000 8760.2529   15.8967
    0.0000  -45.0000    0.0000 8855.3594   15.9114
    7.5000  -45.0000    0.0000 8379.5000   15.8955
   -7.5000  -37.5000    0.0000 9218.8643   16.9001
    0.0000  -37.5000    0.0000 9306.2119   16.9141
    7.5000  -37.5000    0.0000 8806.6543   16.9059
   -7.5000  -30.0000    0.0000 9779.6475   17.3248
    0.0000  -30.0000    0.0000 9866.8340   17.3395
    7.5000  -30.0000    0.0000 9310.3418   17.3434
   -7.5000  -22.5000    0.000010388.4561   17.3257
    0.0000  -22.5000    0.000010546.9072   17.3427
    7.5000  -22.5000    0.0000 9905.7480   17.3511
   -7.5000  -15.0000    0.000010941.3008   17.3341
    0.0000  -15.0000    0.000011134.6992   17.3526
    7.5000  -15.0000    0.000010453.3496   17.3519
   -7.5000   -7.5000    0.000011017.2676   17.3426
    0.0000   -7.5000    0.000011226.6797   17.3604
    7.5000   -7.5000    0.000010539.2451   17.3472
   -7.5000    0.0000    0.000010881.6768   17.3420
    0.0000    0.0000    0.000011084.7295   17.3580
    7.5000    0.0000    0.000010424.4561   17.3406
   -7.5000    7.5000    0.000010224.8154   17.3260
    0.0000    7.5000    0.000010401.5713   17.3403
    7.5000    7.5000    0.0000 9779.3809   17.3319
   -7.5000   15.0000    0.0000 9935.3701   17.3187
    0.0000   15.0000    0.000010089.4326   17.3334
    7.5000   15.0000    0.0000 9473.7568   17.3373
   -7.5000   22.5000    0.0000 9044.4824   17.1014
    0.0000   22.5000    0.0000 9173.6670   17.1183
    7.5000   22.5000    0.0000 8630.2393   17.1265
   -7.5000   30.0000    0.0000 8193.6934   16.7109
    0.0000   30.0000    0.0000 8326.6162   16.7287
    7.5000   30.0000    0.0000 7840.5581   16.7281
   -7.5000   37.5000    0.0000 7475.6680   16.4169
    0.0000   37.5000    0.0000 7597.7515   16.4344
    7.5000   37.5000    0.0000 7140.9883   16.4212
   -7.5000   45.0000    0.0000 6721.5840   16.2277
    0.0000   45.0000    0.0000 6826.4292   16.2452
    7.5000   45.0000    0.0000 6419.6533   16.2305
   -7.5000  -45.0000    7.5000 8464.3838   15.8960
    0.0000  -45.0000    7.5000 8565.3008   15.9162
    7.5000  -45.0000    7.5000 8120.5435   15.8974
   -7.5000  -37.5000    7.5000 8888.4180   16.9059
    0.0000  -37.5000    7.5000 8931.9375   16.9272
    7.5000  -37.5000    7.5000 8492.0146   16.9145
   -7.5000  -30.0000    7.5000 9461.2051   17.3312
    0.0000  -30.0000    7.5000 9557.8955   17.3556
    7.5000  -30.0000    7.5000 9019.2764   17.3521
   -7.5000  -22.5000    7.500010165.4023   17.3248
    0.0000  -22.5000    7.500010406.5303   17.3527
    7.5000  -22.5000    7.5000 9724.5195   17.3525
   -7.5000  -15.0000    7.500010753.7256   17.3261
    0.0000  -15.0000    7.500011031.4697   17.3535
    7.5000  -15.0000    7.500010314.2422   17.3460
   -7.5000   -7.5000    7.500010773.1064   17.3350
    0.0000   -7.5000    7.500011010.7090   17.3595
    7.5000   -7.5000    7.500010335.2793   17.3419
   -7.5000    0.0000    7.500010630.7988   17.3412
    0.0000    0.0000    7.500010836.8447   17.3632
    7.5000    0.0000    7.500010202.0674   17.3428
   -7.5000    7.5000    7.5000 9974.8584   17.3319
    0.0000    7.5000    7.500010121.0410   17.3537
    7.5000    7.5000    7.5000 9529.5049   17.3408
   -7.5000   15.0000    7.5000 9631.9678   17.3251
    0.0000   15.0000    7.5000 9739.6611   17.3495
    7.5000   15.0000    7.5000 9154.1133   17.3460
   -7.5000   22.5000    7.5000 8747.5312   17.1006
    0.0000   22.5000    7.5000 8860.5137   17.1281
    7.5000   22.5000    7.5000 8324.0381   17.1280
   -7.5000   30.0000    7.5000 7916.7832   16.7039
    0.0000   30.0000    7.5000 8048.6704   16.7304
    7.5000   30.0000    7.5000 7562.8833   16.7232
   -7.5000   37.5000    7.5000 7211.1455   16.4078
    0.0000   37.5000    7.5000 7320.1079   16.4328
    7.5000   37.5000    7.5000 6886.5972   16.4170
   -7.5000   45.0000    7.5000 6482.2275   16.2212
    0.0000   45.0000    7.5000 6576.7095   16.2439
    7.5000   45.0000    7.5000 6172.6851   16.2254
   -7.5000  -45.0000   15.0000 8450.9551   15.8974
    0.0000  -45.0000   15.0000 8550.0850   15.9250
    7.5000  -45.0000   15.0000 8111.2603   15.9046
   -7.5000  -37.5000   15.0000 8881.1533   16.9063
    0.0000  -37.5000   15.0000 8957.5029   16.9358
    7.5000  -37.5000   15.0000 8501.0586   16.9192
   -7.5000  -30.0000   15.0000 9444.2852   17.3304
    0.0000  -30.0000   15.0000 9623.6543   17.3659
    7.5000  -30.0000   15.0000 9059.3750   17.3568
   -7.5000  -22.5000   15.000010191.6777   17.3235
    0.0000  -22.5000   15.000010469.3525   17.3651
    7.5000  -22.5000   15.0000 9731.6445   17.3599
   -7.5000  -15.0000   15.000010891.0645   17.3261
    0.0000  -15.0000   15.000011141.6895   17.3670
    7.5000  -15.0000   15.000010316.6143   17.3567
   -7.5000   -7.5000   15.000010960.7520   17.3368
    0.0000   -7.5000   15.000011157.3809   17.3720
    7.5000   -7.5000   15.000010376.7676   17.3530
   -7.5000    0.0000   15.000010794.0449   17.3427
    0.0000    0.0000   15.000010962.8350   17.3729
    7.5000    0.0000   15.000010256.1572   17.3506
   -7.5000    7.5000   15.000010041.3730   17.3324
    0.0000    7.5000   15.000010169.9150   17.3626
    7.5000    7.5000   15.0000 9565.7451   17.3456
   -7.5000   15.0000   15.0000 9607.1855   17.3243
    0.0000   15.0000   15.0000 9695.8965   17.3598
    7.5000   15.0000   15.0000 9142.2734   17.3507
   -7.5000   22.5000   15.0000 8729.0918   17.0993
    0.0000   22.5000   15.0000 8807.7529   17.1403
    7.5000   22.5000   15.0000 8316.5088   17.1353
   -7.5000   30.0000   15.0000 7913.6099   16.7050
    0.0000   30.0000   15.0000 8011.7490   16.7443
    7.5000   30.0000   15.0000 7565.5347   16.7344
   -7.5000   37.5000   15.0000 7220.5015   16.4107
    0.0000   37.5000   15.0000 7318.7275   16.4459
    7.5000   37.5000   15.0000 6894.5850   16.4290
   -7.5000   45.0000   15.0000 6453.2627   16.2226
    0.0000   45.0000   15.0000 6542.0845   16.2516
    7.5000   45.0000   15.0000 6155.8354   16.2296
   -7.5000  -45.0000   22.5000 8036.6118   16.0333
    0.0000  -45.0000   22.5000 8136.6343   16.0649
    7.5000  -45.0000   22.5000 7706.5059   16.0449
   -7.5000  -37.5000   22.5000 8467.8672   17.0406
    0.0000  -37.5000   22.5000 8583.9932   17.0735
    7.5000  -37.5000   22.5000 8129.0767   17.0575
   -7.5000  -30.0000   22.5000 8988.3711   17.4656
    0.0000  -30.0000   22.5000 9151.7598   17.5050
    7.5000  -30.0000   22.5000 8649.6650   17.4976
   -7.5000  -22.5000   22.5000 9630.3965   17.4668
    0.0000  -22.5000   22.5000 9766.6025   17.5132
    7.5000  -22.5000   22.5000 9194.2949   17.5109
   -7.5000  -15.0000   22.500010237.2852   17.4806
    0.0000  -15.0000   22.500010354.5107   17.5275
    7.5000  -15.0000   22.5000 9712.6865   17.5200
   -7.5000   -7.5000   22.500010344.0635   17.4935
    0.0000   -7.5000   22.500010449.6084   17.5347
    7.5000   -7.5000   22.5000 9819.5693   17.5173
   -7.5000    0.0000   22.500010234.7881   17.4911
    0.0000    0.0000   22.500010357.6797   17.5255
    7.5000    0.0000   22.5000 9742.8271   17.5037
   -7.5000    7.5000   22.5000 9541.9570   17.4700
    0.0000    7.5000   22.5000 9652.7158   17.5037
    7.5000    7.5000   22.5000 9100.1162   17.4874
   -7.5000   15.0000   22.5000 9116.0361   17.4594
    0.0000   15.0000   22.5000 9199.1670   17.4988
    7.5000   15.0000   22.5000 8694.4639   17.4914
   -7.5000   22.5000   22.5000 8289.5312   17.2407
    0.0000   22.5000   22.5000 8355.7686   17.2865
    7.5000   22.5000   22.5000 7894.4839   17.2843
   -7.5000   30.0000   22.5000 7496.6680   16.8541
    0.0000   30.0000   22.5000 7581.6021   16.8994
    7.5000   30.0000   22.5000 7163.3013   16.8921
   -7.5000   37.5000   22.5000 6810.0088   16.5637
    0.0000   37.5000   22.5000 6902.4243   16.6037
    7.5000   37.5000   22.5000 6508.2773   16.5870
   -7.5000   45.0000   22.5000 6085.3027   16.3714
    0.0000   45.0000   22.5000 6167.3696   16.4034
    7.5000   45.0000   22.5000 5806.3848   16.3810
   -7.5000  -45.0000   30.0000 7577.6470   16.1839
    0.0000  -45.0000   30.0000 7682.8403   16.2110
    7.5000  -45.0000   30.0000 7244.0161   16.1936
   -7.5000  -37.5000   30.0000 7997.5449   17.1993
    0.0000  -37.5000   30.0000 8107.9702   17.2259
    7.5000  -37.5000   30.0000 7664.1113   17.2147
   -7.5000  -30.0000   30.0000 8477.1973   17.6303
    0.0000  -30.0000   30.0000 8591.1641   17.6604
    7.5000  -30.0000   30.0000 8142.0869   17.6603
   -7.5000  -22.5000   30.0000 9048.7471   17.6405
    0.0000  -22.5000   30.0000 9109.9775   17.6758
    7.5000  -22.5000   30.0000 8632.4775   17.6815
   -7.5000  -15.0000   30.0000 9543.0166   17.6641
    0.0000  -15.0000   30.0000 9607.1660   17.7019
    7.5000  -15.0000   30.0000 9090.7891   17.7000
   -7.5000   -7.5000   30.0000 9646.0947   17.6772
    0.0000   -7.5000   30.0000 9698.5508   17.7122
    7.5000   -7.5000   30.0000 9201.6025   17.6981
   -7.5000    0.0000   30.0000 9570.8828   17.6661
    0.0000    0.0000   30.0000 9634.0449   17.6957
    7.5000    0.0000   30.0000 9138.1719   17.6767
   -7.5000    7.5000   30.0000 8962.2695   17.6357
    0.0000    7.5000   30.0000 9026.5186   17.6630
    7.5000    7.5000   30.0000 8562.0215   17.6515
   -7.5000   15.0000   30.0000 8580.1484   17.6241
    0.0000   15.0000   30.0000 8633.8232   17.6541
    7.5000   15.0000   30.0000 8191.2739   17.6540
   -7.5000   22.5000   30.0000 7796.2686   17.4106
    0.0000   22.5000   30.0000 7855.7583   17.4455
    7.5000   22.5000   30.0000 7434.6792   17.4511
   -7.5000   30.0000   30.0000 7052.8604   17.0381
    0.0000   30.0000   30.0000 7136.2339   17.0745
    7.5000   30.0000   30.0000 6721.2959   17.0728
   -7.5000   37.5000   30.0000 6382.1636   16.7587
    0.0000   37.5000   30.0000 6460.7769   16.7917
    7.5000   37.5000   30.0000 6079.5806   16.7766
   -7.5000   45.0000   30.0000 5685.8652   16.5726
    0.0000   45.0000   30.0000 5756.9272   16.6004
    7.5000   45.0000   30.0000 5412.7988   16.5815
   -7.5000  -45.0000   37.5000 7094.5273   16.2855
    0.0000  -45.0000   37.5000 7184.0288   16.3043
    7.5000  -45.0000   37.5000 6790.7437   16.2880
   -7.5000  -37.5000   37.5000 7485.3081   17.3181
    0.0000  -37.5000   37.5000 7592.9888   17.3354
    7.5000  -37.5000   37.5000 7182.6938   17.3258
   -7.5000  -30.0000   37.5000 7950.2202   17.7453
    0.0000  -30.0000   37.5000 8040.7617   17.7635
    7.5000  -30.0000   37.5000 7607.0000   17.7671
   -7.5000  -22.5000   37.5000 8452.5723   17.7533
    0.0000  -22.5000   37.5000 8520.3291   17.7749
    7.5000  -22.5000   37.5000 8072.2041   17.7853
   -7.5000  -15.0000   37.5000 8886.4258   17.7696
    0.0000  -15.0000   37.5000 8949.7734   17.7940
    7.5000  -15.0000   37.5000 8496.0049   17.7961
   -7.5000   -7.5000   37.5000 8954.9395   17.7783
    0.0000   -7.5000   37.5000 9004.2861   17.8022
    7.5000   -7.5000   37.5000 8563.2490   17.7904
   -7.5000    0.0000   37.5000 8912.1982   17.7703
    0.0000    0.0000   37.5000 8952.0684   17.7907
    7.5000    0.0000   37.5000 8528.2461   17.7729
   -7.5000    7.5000   37.5000 8381.2695   17.7465
    0.0000    7.5000   37.5000 8418.6260   17.7643
    7.5000    7.5000   37.5000 8013.9375   17.7545
   -7.5000   15.0000   37.5000 8046.1333   17.7388
    0.0000   15.0000   37.5000 8079.6758   17.7571
    7.5000   15.0000   37.5000 7673.8159   17.7607
   -7.5000   22.5000   37.5000 7331.7534   17.5189
    0.0000   22.5000   37.5000 7377.2612   17.5402
    7.5000   22.5000   37.5000 6984.0913   17.5505
   -7.5000   30.0000   37.5000 6631.7886   17.1375
    0.0000   30.0000   37.5000 6696.0278   17.1611
    7.5000   30.0000   37.5000 6308.1245   17.1632
   -7.5000   37.5000   37.5000 5965.3516   16.8465
    0.0000   37.5000   37.5000 6019.7192   16.8686
    7.5000   37.5000   37.5000 5670.6528   16.8553
   -7.5000   45.0000   37.5000 5299.6353   16.6577
    0.0000   45.0000   37.5000 5337.1318   16.6783
    7.5000   45.0000   37.5000 5037.2993   16.6622
   -7.5000  -45.0000   45.0000 6576.1401   16.4490
    0.0000  -45.0000   45.0000 6680.4614   16.4716
    7.5000  -45.0000   45.0000 6313.7681   16.4574
   -7.5000  -37.5000   45.0000 6944.7021   17.5063
    0.0000  -37.5000   45.0000 7050.6963   17.5288
    7.5000  -37.5000   45.0000 6674.6699   17.5214
   -7.5000  -30.0000   45.0000 7366.7070   17.9249
    0.0000  -30.0000   45.0000 7467.5049   17.9460
    7.5000  -30.0000   45.0000 7068.5381   17.9496
   -7.5000  -22.5000   45.0000 7843.5337   17.9232
    0.0000  -22.5000   45.0000 7916.8125   17.9445
    7.5000  -22.5000   45.0000 7511.5068   17.9525
   -7.5000  -15.0000   45.0000 8232.3340   17.9253
    0.0000  -15.0000   45.0000 8305.5117   17.9482
    7.5000  -15.0000   45.0000 7893.1597   17.9482
   -7.5000   -7.5000   45.0000 8275.3721   17.9311
    0.0000   -7.5000   45.0000 8333.4434   17.9553
    7.5000   -7.5000   45.0000 7912.7217   17.9439
   -7.5000    0.0000   45.0000 8256.9971   17.9331
    0.0000    0.0000   45.0000 8281.0332   17.9578
    7.5000    0.0000   45.0000 7892.4331   17.9423
   -7.5000    7.5000   45.0000 7782.8760   17.9222
    0.0000    7.5000   45.0000 7829.6328   17.9452
    7.5000    7.5000   45.0000 7444.4673   17.9376
   -7.5000   15.0000   45.0000 7477.5645   17.9182
    0.0000   15.0000   45.0000 7511.2803   17.9393
    7.5000   15.0000   45.0000 7142.8335   17.9429
   -7.5000   22.5000   45.0000 6820.4028   17.6843
    0.0000   22.5000   45.0000 6857.9907   17.7052
    7.5000   22.5000   45.0000 6497.9341   17.7132
   -7.5000   30.0000   45.0000 6173.6597   17.2826
    0.0000   30.0000   45.0000 6223.3506   17.3047
    7.5000   30.0000   45.0000 5867.5210   17.3048
   -7.5000   37.5000   45.0000 5546.1265   16.9696
    0.0000   37.5000   45.0000 5596.5269   16.9930
    7.5000   37.5000   45.0000 5278.8647   16.9815
   -7.5000   45.0000   45.0000 4920.4878   16.7640
    0.0000   45.0000   45.0000 4956.0688   16.7900
    7.5000   45.0000   45.0000 4691.2920   16.7770

---------------------------------------------------------------------
imgreg_4dfp /opt/freesurfer/average/711-2C_as_mni_average_305 /opt/freesurfer/average/711-2B_as_mni_average_305_mask talsrcimg_g11 none talsrcimg_to_711-2C_as_mni_average_305_t4 4355
---------------------------------------------------------------------

freesurfer imgreg_4dfp.c
/opt/freesurfer/average/711-2C_as_mni_average_305.4dfp.img
       256       256       256         1
  1.000000  1.000000  1.000000
orientation T byte_order littleendian
Reading image: /opt/freesurfer/average/711-2C_as_mni_average_305.4dfp.img
dimensions:      256       256       256
mmppix:       1.0000   -1.0000   -1.0000
center:     128.0000 -129.0000 -129.0000
/opt/freesurfer/average/711-2B_as_mni_average_305_mask.4dfp.img
       256       256       256         1
  1.000000  1.000000  1.000000
orientation T byte_order littleendian
Reading mask: /opt/freesurfer/average/711-2B_as_mni_average_305_mask.4dfp.img (2306576 pixels)
talsrcimg_g11.4dfp.img
       256       256       256         1
  0.898438  0.898438  0.898438
orientation T byte_order littleendian
Reading image: talsrcimg_g11.4dfp.img
dimensions:      256       256       256
mmppix:       0.8984   -0.8984   -0.8984
center:     115.0001 -115.8985 -115.8985
rotation matrix determinant  1.000000
image alignment mode   4355 decimal     1103 hex
   -7.5000  -52.5000  -45.0000 1862.4727   15.4455
    0.0000  -52.5000  -45.0000 1870.7576   15.4387
    7.5000  -52.5000  -45.0000 1852.6439   15.5699
   -7.5000  -45.0000  -45.0000 1956.1097   14.4689
    0.0000  -45.0000  -45.0000 1964.0266   14.4642
    7.5000  -45.0000  -45.0000 1948.7109   14.6007
   -7.5000  -37.5000  -45.0000 2010.9287   13.6146
    0.0000  -37.5000  -45.0000 2025.4094   13.6469
    7.5000  -37.5000  -45.0000 2004.4828   13.7624
   -7.5000  -30.0000  -45.0000 2046.2955   13.0489
    0.0000  -30.0000  -45.0000 2063.9548   13.0460
    7.5000  -30.0000  -45.0000 2039.0254   13.1773
   -7.5000  -22.5000  -45.0000 2061.3120   12.6783
    0.0000  -22.5000  -45.0000 2076.0186   12.6886
    7.5000  -22.5000  -45.0000 2050.5891   12.8484
   -7.5000  -15.0000  -45.0000 2061.2554   12.6643
    0.0000  -15.0000  -45.0000 2069.4385   12.6190
    7.5000  -15.0000  -45.0000 2045.1888   12.7954
   -7.5000   -7.5000  -45.0000 2048.2241   12.8828
    0.0000   -7.5000  -45.0000 2062.7102   12.8786
    7.5000   -7.5000  -45.0000 2034.9781   13.0148
   -7.5000    0.0000  -45.0000 2017.0214   13.4003
    0.0000    0.0000  -45.0000 2033.4314   13.4054
    7.5000    0.0000  -45.0000 2003.0399   13.5568
   -7.5000    7.5000  -45.0000 1969.3457   14.1682
    0.0000    7.5000  -45.0000 1980.7793   14.1738
    7.5000    7.5000  -45.0000 1951.0333   14.3498
   -7.5000   15.0000  -45.0000 1901.4159   15.1950
    0.0000   15.0000  -45.0000 1908.6237   15.2165
    7.5000   15.0000  -45.0000 1881.7168   15.3859
   -7.5000   22.5000  -45.0000 1814.0577   16.5893
    0.0000   22.5000  -45.0000 1823.1011   16.5784
    7.5000   22.5000  -45.0000 1796.1758   16.8810
   -7.5000   30.0000  -45.0000 1709.3308   18.5863
    0.0000   30.0000  -45.0000 1724.2041   18.5656
    7.5000   30.0000  -45.0000 1690.6115   18.9294
   -7.5000   37.5000  -45.0000 1583.0476   21.1200
    0.0000   37.5000  -45.0000 1592.9545   21.1412
    7.5000   37.5000  -45.0000 1571.1956   21.5133
   -7.5000  -52.5000  -37.5000 2007.2133   15.2038
    0.0000  -52.5000  -37.5000 2020.9832   15.1987
    7.5000  -52.5000  -37.5000 2002.2296   15.3386
   -7.5000  -45.0000  -37.5000 2114.3743   14.1811
    0.0000  -45.0000  -37.5000 2131.2039   14.2068
    7.5000  -45.0000  -37.5000 2110.2903   14.3154
   -7.5000  -37.5000  -37.5000 2183.3638   13.3376
    0.0000  -37.5000  -37.5000 2196.1350   13.3626
    7.5000  -37.5000  -37.5000 2170.8569   13.4665
   -7.5000  -30.0000  -37.5000 2214.1877   12.7594
    0.0000  -30.0000  -37.5000 2234.9609   12.7657
    7.5000  -30.0000  -37.5000 2203.4541   12.8910
   -7.5000  -22.5000  -37.5000 2230.0117   12.4345
    0.0000  -22.5000  -37.5000 2247.6934   12.4495
    7.5000  -22.5000  -37.5000 2214.7659   12.5795
   -7.5000  -15.0000  -37.5000 2225.4990   12.4279
    0.0000  -15.0000  -37.5000 2242.0859   12.4032
    7.5000  -15.0000  -37.5000 2213.5701   12.5334
   -7.5000   -7.5000  -37.5000 2214.6750   12.6122
    0.0000   -7.5000  -37.5000 2232.6404   12.6002
    7.5000   -7.5000  -37.5000 2202.0037   12.7452
   -7.5000    0.0000  -37.5000 2176.7495   13.1149
    0.0000    0.0000  -37.5000 2194.4307   13.1073
    7.5000    0.0000  -37.5000 2164.5935   13.2461
   -7.5000    7.5000  -37.5000 2126.9954   13.8749
    0.0000    7.5000  -37.5000 2145.8242   13.8573
    7.5000    7.5000  -37.5000 2115.8479   14.0056
   -7.5000   15.0000  -37.5000 2049.1899   14.8955
    0.0000   15.0000  -37.5000 2063.7319   14.8927
    7.5000   15.0000  -37.5000 2035.4417   15.0551
   -7.5000   22.5000  -37.5000 1953.0167   16.2207
    0.0000   22.5000  -37.5000 1965.3787   16.2390
    7.5000   22.5000  -37.5000 1937.9868   16.4843
   -7.5000   30.0000  -37.5000 1842.9380   18.0874
    0.0000   30.0000  -37.5000 1858.4105   18.1365
    7.5000   30.0000  -37.5000 1823.6046   18.4292
   -7.5000   37.5000  -37.5000 1709.7251   20.5503
    0.0000   37.5000  -37.5000 1720.1775   20.5671
    7.5000   37.5000  -37.5000 1697.6825   20.8308
   -7.5000  -52.5000  -30.0000 2145.6094   14.8944
    0.0000  -52.5000  -30.0000 2162.7012   14.9083
    7.5000  -52.5000  -30.0000 2137.4053   15.0067
   -7.5000  -45.0000  -30.0000 2257.2893   13.8438
    0.0000  -45.0000  -30.0000 2274.5977   13.8578
    7.5000  -45.0000  -30.0000 2252.1045   13.9522
   -7.5000  -37.5000  -30.0000 2333.9712   13.0056
    0.0000  -37.5000  -30.0000 2346.1272   13.0107
    7.5000  -37.5000  -30.0000 2320.0762   13.0678
   -7.5000  -30.0000  -30.0000 2370.5715   12.4110
    0.0000  -30.0000  -30.0000 2384.0205   12.4100
    7.5000  -30.0000  -30.0000 2355.5134   12.4887
   -7.5000  -22.5000  -30.0000 2389.5483   12.1176
    0.0000  -22.5000  -30.0000 2409.4319   12.1019
    7.5000  -22.5000  -30.0000 2381.9231   12.2116
   -7.5000  -15.0000  -30.0000 2384.7312   12.0841
    0.0000  -15.0000  -30.0000 2403.8491   12.0699
    7.5000  -15.0000  -30.0000 2379.3745   12.1754
   -7.5000   -7.5000  -30.0000 2373.0330   12.3106
    0.0000   -7.5000  -30.0000 2390.0945   12.2815
    7.5000   -7.5000  -30.0000 2363.0015   12.3930
   -7.5000    0.0000  -30.0000 2333.0979   12.7862
    0.0000    0.0000  -30.0000 2352.8752   12.7667
    7.5000    0.0000  -30.0000 2322.6665   12.8625
   -7.5000    7.5000  -30.0000 2277.3113   13.5062
    0.0000    7.5000  -30.0000 2299.9539   13.4884
    7.5000    7.5000  -30.0000 2266.1045   13.5864
   -7.5000   15.0000  -30.0000 2194.3079   14.4766
    0.0000   15.0000  -30.0000 2212.7163   14.4749
    7.5000   15.0000  -30.0000 2182.3672   14.5937
   -7.5000   22.5000  -30.0000 2090.5400   15.7320
    0.0000   22.5000  -30.0000 2105.8789   15.7711
    7.5000   22.5000  -30.0000 2076.2112   15.9498
   -7.5000   30.0000  -30.0000 1968.8186   17.4530
    0.0000   30.0000  -30.0000 1985.0919   17.4922
    7.5000   30.0000  -30.0000 1959.6152   17.7294
   -7.5000   37.5000  -30.0000 1823.1023   19.7920
    0.0000   37.5000  -30.0000 1843.6705   19.8537
    7.5000   37.5000  -30.0000 1816.3829   20.0155
   -7.5000  -52.5000  -22.5000 2258.3625   14.3884
    0.0000  -52.5000  -22.5000 2277.7634   14.4178
    7.5000  -52.5000  -22.5000 2247.5012   14.5710
   -7.5000  -45.0000  -22.5000 2374.8328   13.3493
    0.0000  -45.0000  -22.5000 2389.2600   13.3455
    7.5000  -45.0000  -22.5000 2368.5566   13.4701
   -7.5000  -37.5000  -22.5000 2455.9836   12.5157
    0.0000  -37.5000  -22.5000 2469.9761   12.4951
    7.5000  -37.5000  -22.5000 2452.9751   12.5921
   -7.5000  -30.0000  -22.5000 2506.5640   11.9391
    0.0000  -30.0000  -22.5000 2517.7600   11.9259
    7.5000  -30.0000  -22.5000 2497.0737   12.0204
   -7.5000  -22.5000  -22.5000 2535.7000   11.6512
    0.0000  -22.5000  -22.5000 2554.4011   11.6125
    7.5000  -22.5000  -22.5000 2522.9800   11.7268
   -7.5000  -15.0000  -22.5000 2538.9072   11.6256
    0.0000  -15.0000  -22.5000 2557.8430   11.6123
    7.5000  -15.0000  -22.5000 2529.4385   11.6894
   -7.5000   -7.5000  -22.5000 2525.7766   11.8612
    0.0000   -7.5000  -22.5000 2545.1985   11.8209
    7.5000   -7.5000  -22.5000 2513.2019   11.9147
   -7.5000    0.0000  -22.5000 2481.7195   12.3389
    0.0000    0.0000  -22.5000 2503.3809   12.2940
    7.5000    0.0000  -22.5000 2470.6602   12.3649
   -7.5000    7.5000  -22.5000 2415.9849   12.9983
    0.0000    7.5000  -22.5000 2444.3125   12.9673
    7.5000    7.5000  -22.5000 2405.8848   13.0480
   -7.5000   15.0000  -22.5000 2324.8735   13.9291
    0.0000   15.0000  -22.5000 2351.1458   13.8872
    7.5000   15.0000  -22.5000 2317.3398   14.0023
   -7.5000   22.5000  -22.5000 2212.3250   15.1428
    0.0000   22.5000  -22.5000 2227.5999   15.1320
    7.5000   22.5000  -22.5000 2205.8838   15.3068
   -7.5000   30.0000  -22.5000 2083.5864   16.8067
    0.0000   30.0000  -22.5000 2097.4509   16.8024
    7.5000   30.0000  -22.5000 2075.6409   17.0084
   -7.5000   37.5000  -22.5000 1922.8730   18.9425
    0.0000   37.5000  -22.5000 1941.0731   18.9489
    7.5000   37.5000  -22.5000 1916.1942   19.1473
   -7.5000  -52.5000  -15.0000 2332.7544   13.8925
    0.0000  -52.5000  -15.0000 2349.0894   13.8799
    7.5000  -52.5000  -15.0000 2322.9609   14.0722
   -7.5000  -45.0000  -15.0000 2461.2822   12.8357
    0.0000  -45.0000  -15.0000 2476.0381   12.7999
    7.5000  -45.0000  -15.0000 2450.2549   12.9536
   -7.5000  -37.5000  -15.0000 2553.1472   11.9584
    0.0000  -37.5000  -15.0000 2572.6079   11.9411
    7.5000  -37.5000  -15.0000 2546.2002   12.0682
   -7.5000  -30.0000  -15.0000 2612.3647   11.3894
    0.0000  -30.0000  -15.0000 2628.4590   11.3540
    7.5000  -30.0000  -15.0000 2604.9756   11.4845
   -7.5000  -22.5000  -15.0000 2653.6172   11.0757
    0.0000  -22.5000  -15.0000 2671.0129   11.0447
    7.5000  -22.5000  -15.0000 2637.4600   11.1630
   -7.5000  -15.0000  -15.0000 2668.1379   11.0381
    0.0000  -15.0000  -15.0000 2685.7556   11.0348
    7.5000  -15.0000  -15.0000 2649.2146   11.1025
   -7.5000   -7.5000  -15.0000 2652.3191   11.3043
    0.0000   -7.5000  -15.0000 2681.6072   11.2768
    7.5000   -7.5000  -15.0000 2638.6963   11.3507
   -7.5000    0.0000  -15.0000 2605.7510   11.7915
    0.0000    0.0000  -15.0000 2637.0881   11.7391
    7.5000    0.0000  -15.0000 2589.0405   11.8170
   -7.5000    7.5000  -15.0000 2533.7654   12.4260
    0.0000    7.5000  -15.0000 2561.7012   12.3662
    7.5000    7.5000  -15.0000 2522.8762   12.4579
   -7.5000   15.0000  -15.0000 2432.1470   13.3083
    0.0000   15.0000  -15.0000 2456.4104   13.2498
    7.5000   15.0000  -15.0000 2427.9343   13.3679
   -7.5000   22.5000  -15.0000 2304.5894   14.4875
    0.0000   22.5000  -15.0000 2325.0085   14.4618
    7.5000   22.5000  -15.0000 2301.0962   14.6081
   -7.5000   30.0000  -15.0000 2166.6746   16.0857
    0.0000   30.0000  -15.0000 2183.4558   16.0884
    7.5000   30.0000  -15.0000 2161.1570   16.2367
   -7.5000   37.5000  -15.0000 2002.4735   18.1058
    0.0000   37.5000  -15.0000 2017.6689   18.1051
    7.5000   37.5000  -15.0000 1989.6437   18.3008
   -7.5000  -52.5000   -7.5000 2365.5176   13.3628
    0.0000  -52.5000   -7.5000 2379.0735   13.3146
    7.5000  -52.5000   -7.5000 2353.6448   13.5194
   -7.5000  -45.0000   -7.5000 2499.7507   12.3041
    0.0000  -45.0000   -7.5000 2517.2407   12.2506
    7.5000  -45.0000   -7.5000 2490.4229   12.4147
   -7.5000  -37.5000   -7.5000 2604.8989   11.4306
    0.0000  -37.5000   -7.5000 2623.8213   11.3833
    7.5000  -37.5000   -7.5000 2594.4062   11.5329
   -7.5000  -30.0000   -7.5000 2681.6128   10.8473
    0.0000  -30.0000   -7.5000 2695.3508   10.8077
    7.5000  -30.0000   -7.5000 2666.3035   10.9319
   -7.5000  -22.5000   -7.5000 2736.1194   10.5142
    0.0000  -22.5000   -7.5000 2751.6614   10.4877
    7.5000  -22.5000   -7.5000 2709.6570   10.6019
   -7.5000  -15.0000   -7.5000 2761.6411   10.4188
    0.0000  -15.0000   -7.5000 2790.3162   10.4066
    7.5000  -15.0000   -7.5000 2735.8289   10.5146
   -7.5000   -7.5000   -7.5000 2745.2231   10.6919
    0.0000   -7.5000   -7.5000 2783.7314   10.6522
    7.5000   -7.5000   -7.5000 2731.3940   10.7621
   -7.5000    0.0000   -7.5000 2685.7122   11.1525
    0.0000    0.0000   -7.5000 2725.2075   11.0884
    7.5000    0.0000   -7.5000 2675.8784   11.1870
   -7.5000    7.5000   -7.5000 2602.7061   11.7880
    0.0000    7.5000   -7.5000 2629.2146   11.7220
    7.5000    7.5000   -7.5000 2596.7974   11.8290
   -7.5000   15.0000   -7.5000 2496.5505   12.6397
    0.0000   15.0000   -7.5000 2514.8188   12.5819
    7.5000   15.0000   -7.5000 2485.4795   12.7029
   -7.5000   22.5000   -7.5000 2359.8813   13.7993
    0.0000   22.5000   -7.5000 2383.7583   13.7669
    7.5000   22.5000   -7.5000 2349.3801   13.9384
   -7.5000   30.0000   -7.5000 2215.4395   15.3348
    0.0000   30.0000   -7.5000 2239.6357   15.3276
    7.5000   30.0000   -7.5000 2208.4841   15.5063
   -7.5000   37.5000   -7.5000 2044.5811   17.2906
    0.0000   37.5000   -7.5000 2064.3491   17.2795
    7.5000   37.5000   -7.5000 2038.9062   17.4781
   -7.5000  -52.5000    0.0000 2383.4292   13.0865
    0.0000  -52.5000    0.0000 2402.3948   13.0161
    7.5000  -52.5000    0.0000 2375.5679   13.2469
   -7.5000  -45.0000    0.0000 2523.8877   12.0174
    0.0000  -45.0000    0.0000 2542.6257   11.9130
    7.5000  -45.0000    0.0000 2513.6492   12.0987
   -7.5000  -37.5000    0.0000 2637.1846   11.1455
    0.0000  -37.5000    0.0000 2660.9768   11.0417
    7.5000  -37.5000    0.0000 2628.9443   11.1892
   -7.5000  -30.0000    0.0000 2735.1538   10.5466
    0.0000  -30.0000    0.0000 2758.6487   10.4703
    7.5000  -30.0000    0.0000 2723.7915   10.5956
   -7.5000  -22.5000    0.0000 2804.5159   10.2193
    0.0000  -22.5000    0.0000 2839.3340   10.1675
    7.5000  -22.5000    0.0000 2789.0393   10.2754
   -7.5000  -15.0000    0.0000 2849.6521   10.0837
    0.0000  -15.0000    0.0000 2903.1787   10.0202
    7.5000  -15.0000    0.0000 2827.7585   10.2036
   -7.5000   -7.5000    0.0000 2832.8633   10.3101
    0.0000   -7.5000    0.0000 2886.1069   10.2559
    7.5000   -7.5000    0.0000 2812.7864   10.4254
   -7.5000    0.0000    0.0000 2753.8975   10.7563
    0.0000    0.0000    0.0000 2800.2710   10.6875
    7.5000    0.0000    0.0000 2746.6509   10.8229
   -7.5000    7.5000    0.0000 2661.6704   11.3791
    0.0000    7.5000    0.0000 2694.7310   11.2962
    7.5000    7.5000    0.0000 2654.8020   11.4356
   -7.5000   15.0000    0.0000 2544.2886   12.2228
    0.0000   15.0000    0.0000 2568.2043   12.1516
    7.5000   15.0000    0.0000 2533.1040   12.2959
   -7.5000   22.5000    0.0000 2404.2129   13.4073
    0.0000   22.5000    0.0000 2422.8364   13.3544
    7.5000   22.5000    0.0000 2386.9570   13.5489
   -7.5000   30.0000    0.0000 2257.6675   14.9418
    0.0000   30.0000    0.0000 2279.2021   14.9244
    7.5000   30.0000    0.0000 2244.0352   15.1311
   -7.5000   37.5000    0.0000 2080.9292   16.8090
    0.0000   37.5000    0.0000 2098.5444   16.8123
    7.5000   37.5000    0.0000 2069.6743   17.0401
   -7.5000  -52.5000    7.5000 2378.7124   12.8672
    0.0000  -52.5000    7.5000 2396.9729   12.7474
    7.5000  -52.5000    7.5000 2374.3757   13.0056
   -7.5000  -45.0000    7.5000 2521.1248   11.7954
    0.0000  -45.0000    7.5000 2546.8730   11.6502
    7.5000  -45.0000    7.5000 2517.6853   11.8555
   -7.5000  -37.5000    7.5000 2642.5298   10.8969
    0.0000  -37.5000    7.5000 2669.5776   10.7697
    7.5000  -37.5000    7.5000 2639.7866   10.9465
   -7.5000  -30.0000    7.5000 2757.0652   10.3101
    0.0000  -30.0000    7.5000 2788.7195   10.1944
    7.5000  -30.0000    7.5000 2754.3352   10.3560
   -7.5000  -22.5000    7.5000 2843.0757   10.0278
    0.0000  -22.5000    7.5000 2894.8433    9.9639
    7.5000  -22.5000    7.5000 2838.3005   10.0739
   -7.5000  -15.0000    7.5000 2901.5388    9.9293
    0.0000  -15.0000    7.5000 2979.6675    9.8673
    7.5000  -15.0000    7.5000 2887.5681   10.0299
   -7.5000   -7.5000    7.5000 2878.5649   10.0878
    0.0000   -7.5000    7.5000 2944.3777   10.0380
    7.5000   -7.5000    7.5000 2860.1130   10.2130
   -7.5000    0.0000    7.5000 2788.3772   10.4980
    0.0000    0.0000    7.5000 2839.0652   10.4276
    7.5000    0.0000    7.5000 2784.1360   10.5707
   -7.5000    7.5000    7.5000 2689.8865   11.0786
    0.0000    7.5000    7.5000 2720.3220   10.9888
    7.5000    7.5000    7.5000 2684.9302   11.1196
   -7.5000   15.0000    7.5000 2559.3801   11.9240
    0.0000   15.0000    7.5000 2588.0178   11.8293
    7.5000   15.0000    7.5000 2552.0881   11.9907
   -7.5000   22.5000    7.5000 2414.2937   13.1161
    0.0000   22.5000    7.5000 2438.6729   13.0403
    7.5000   22.5000    7.5000 2406.2822   13.2178
   -7.5000   30.0000    7.5000 2262.9668   14.6338
    0.0000   30.0000    7.5000 2286.4602   14.6091
    7.5000   30.0000    7.5000 2253.9478   14.7747
   -7.5000   37.5000    7.5000 2088.7161   16.4947
    0.0000   37.5000    7.5000 2102.9761   16.4916
    7.5000   37.5000    7.5000 2081.6858   16.6654
   -7.5000  -52.5000   15.0000 2365.6196   12.8589
    0.0000  -52.5000   15.0000 2387.5789   12.7195
    7.5000  -52.5000   15.0000 2364.0974   12.9586
   -7.5000  -45.0000   15.0000 2507.2234   11.7313
    0.0000  -45.0000   15.0000 2533.4487   11.6024
    7.5000  -45.0000   15.0000 2509.1975   11.8238
   -7.5000  -37.5000   15.0000 2638.2109   10.8252
    0.0000  -37.5000   15.0000 2664.7285   10.7162
    7.5000  -37.5000   15.0000 2634.9341   10.9076
   -7.5000  -30.0000   15.0000 2756.6404   10.2537
    0.0000  -30.0000   15.0000 2789.4800   10.1547
    7.5000  -30.0000   15.0000 2756.0847   10.3209
   -7.5000  -22.5000   15.0000 2847.0730    9.9712
    0.0000  -22.5000   15.0000 2906.4805    9.9378
    7.5000  -22.5000   15.0000 2847.6487   10.0332
   -7.5000  -15.0000   15.0000 2914.4077    9.9262
    0.0000  -15.0000   15.0000 2989.0032    9.8680
    7.5000  -15.0000   15.0000 2900.7739    9.9619
   -7.5000   -7.5000   15.0000 2886.7715   10.1106
    0.0000   -7.5000   15.0000 2953.3618   10.0206
    7.5000   -7.5000   15.0000 2873.3667   10.1554
   -7.5000    0.0000   15.0000 2800.7844   10.4261
    0.0000    0.0000   15.0000 2851.8691   10.3355
    7.5000    0.0000   15.0000 2795.5615   10.4944
   -7.5000    7.5000   15.0000 2691.1064   10.9636
    0.0000    7.5000   15.0000 2723.7996   10.8839
    7.5000    7.5000   15.0000 2689.2070   11.0356
   -7.5000   15.0000   15.0000 2558.3098   11.7975
    0.0000   15.0000   15.0000 2582.8848   11.7097
    7.5000   15.0000   15.0000 2554.7793   11.8742
   -7.5000   22.5000   15.0000 2415.1875   12.9825
    0.0000   22.5000   15.0000 2433.2454   12.9133
    7.5000   22.5000   15.0000 2410.9709   13.0859
   -7.5000   30.0000   15.0000 2258.5544   14.4969
    0.0000   30.0000   15.0000 2281.7920   14.4800
    7.5000   30.0000   15.0000 2260.6941   14.6668
   -7.5000   37.5000   15.0000 2081.5095   16.3589
    0.0000   37.5000   15.0000 2099.7932   16.3781
    7.5000   37.5000   15.0000 2077.6743   16.5184
   -7.5000  -52.5000   22.5000 2342.2166   13.0921
    0.0000  -52.5000   22.5000 2369.5166   12.9433
    7.5000  -52.5000   22.5000 2347.4082   13.2140
   -7.5000  -45.0000   22.5000 2481.2168   11.9692
    0.0000  -45.0000   22.5000 2507.3118   11.8475
    7.5000  -45.0000   22.5000 2486.8306   12.0425
   -7.5000  -37.5000   22.5000 2607.9338   11.0739
    0.0000  -37.5000   22.5000 2636.3477   10.9604
    7.5000  -37.5000   22.5000 2612.9946   11.1462
   -7.5000  -30.0000   22.5000 2721.4163   10.4615
    0.0000  -30.0000   22.5000 2755.1145   10.3951
    7.5000  -30.0000   22.5000 2730.3325   10.5463
   -7.5000  -22.5000   22.5000 2815.7690   10.1079
    0.0000  -22.5000   22.5000 2867.1667   10.0423
    7.5000  -22.5000   22.5000 2817.2568   10.1912
   -7.5000  -15.0000   22.5000 2877.6401   10.0341
    0.0000  -15.0000   22.5000 2938.3594    9.8962
    7.5000  -15.0000   22.5000 2869.8569   10.0743
   -7.5000   -7.5000   22.5000 2853.1965   10.2355
    0.0000   -7.5000   22.5000 2905.3801   10.1006
    7.5000   -7.5000   22.5000 2848.3733   10.2604
   -7.5000    0.0000   22.5000 2774.1482   10.6051
    0.0000    0.0000   22.5000 2816.4241   10.4944
    7.5000    0.0000   22.5000 2773.5190   10.6484
   -7.5000    7.5000   22.5000 2659.6990   11.1893
    0.0000    7.5000   22.5000 2692.6003   11.1101
    7.5000    7.5000   22.5000 2659.0122   11.2583
   -7.5000   15.0000   22.5000 2527.0269   12.0282
    0.0000   15.0000   22.5000 2549.4316   11.9541
    7.5000   15.0000   22.5000 2527.0813   12.1034
   -7.5000   22.5000   22.5000 2391.1047   13.1393
    0.0000   22.5000   22.5000 2408.1533   13.0974
    7.5000   22.5000   22.5000 2387.9854   13.2618
   -7.5000   30.0000   22.5000 2239.1118   14.5884
    0.0000   30.0000   22.5000 2259.6790   14.5699
    7.5000   30.0000   22.5000 2240.9790   14.7611
   -7.5000   37.5000   22.5000 2057.6523   16.3283
    0.0000   37.5000   22.5000 2079.5647   16.3596
    7.5000   37.5000   22.5000 2059.3972   16.5193
   -7.5000  -52.5000   30.0000 2317.2510   13.6238
    0.0000  -52.5000   30.0000 2342.3320   13.4636
    7.5000  -52.5000   30.0000 2315.8550   13.6838
   -7.5000  -45.0000   30.0000 2451.5474   12.4572
    0.0000  -45.0000   30.0000 2480.9736   12.3134
    7.5000  -45.0000   30.0000 2453.3013   12.5149
   -7.5000  -37.5000   30.0000 2575.8120   11.5501
    0.0000  -37.5000   30.0000 2606.8992   11.4089
    7.5000  -37.5000   30.0000 2583.8765   11.5865
   -7.5000  -30.0000   30.0000 2680.6184   10.8878
    0.0000  -30.0000   30.0000 2714.3616   10.7952
    7.5000  -30.0000   30.0000 2690.1948   10.9707
   -7.5000  -22.5000   30.0000 2761.0725   10.5157
    0.0000  -22.5000   30.0000 2806.8105   10.3627
    7.5000  -22.5000   30.0000 2766.7722   10.5805
   -7.5000  -15.0000   30.0000 2802.6692   10.4198
    0.0000  -15.0000   30.0000 2846.7927   10.2632
    7.5000  -15.0000   30.0000 2801.9004   10.4604
   -7.5000   -7.5000   30.0000 2786.3413   10.5929
    0.0000   -7.5000   30.0000 2822.0168   10.4586
    7.5000   -7.5000   30.0000 2784.9456   10.6239
   -7.5000    0.0000   30.0000 2711.3049   10.9656
    0.0000    0.0000   30.0000 2747.1003   10.8266
    7.5000    0.0000   30.0000 2714.1924   10.9924
   -7.5000    7.5000   30.0000 2608.4417   11.5697
    0.0000    7.5000   30.0000 2640.7500   11.4597
    7.5000    7.5000   30.0000 2607.8728   11.6257
   -7.5000   15.0000   30.0000 2484.7236   12.4050
    0.0000   15.0000   30.0000 2506.7700   12.3278
    7.5000   15.0000   30.0000 2484.4714   12.4913
   -7.5000   22.5000   30.0000 2348.1252   13.4959
    0.0000   22.5000   30.0000 2369.0237   13.4514
    7.5000   22.5000   30.0000 2352.2317   13.6023
   -7.5000   30.0000   30.0000 2202.4060   14.9285
    0.0000   30.0000   30.0000 2226.2654   14.8890
    7.5000   30.0000   30.0000 2205.8743   15.0502
   -7.5000   37.5000   30.0000 2020.2094   16.6134
    0.0000   37.5000   30.0000 2036.6127   16.5924
    7.5000   37.5000   30.0000 2018.6841   16.7366
   -7.5000  -52.5000   37.5000 2272.6641   14.2943
    0.0000  -52.5000   37.5000 2299.8521   14.1425
    7.5000  -52.5000   37.5000 2272.4441   14.3417
   -7.5000  -45.0000   37.5000 2410.1467   13.1652
    0.0000  -45.0000   37.5000 2442.6250   12.9736
    7.5000  -45.0000   37.5000 2415.9897   13.1714
   -7.5000  -37.5000   37.5000 2527.7524   12.1684
    0.0000  -37.5000   37.5000 2564.3657   12.0255
    7.5000  -37.5000   37.5000 2539.6677   12.2220
   -7.5000  -30.0000   37.5000 2626.7043   11.5059
    0.0000  -30.0000   37.5000 2666.6655   11.3454
    7.5000  -30.0000   37.5000 2635.8218   11.5498
   -7.5000  -22.5000   37.5000 2688.1318   11.1285
    0.0000  -22.5000   37.5000 2738.7563   10.9252
    7.5000  -22.5000   37.5000 2699.3403   11.1419
   -7.5000  -15.0000   37.5000 2711.5081   10.9893
    0.0000  -15.0000   37.5000 2751.7207   10.8343
    7.5000  -15.0000   37.5000 2717.2573   11.0319
   -7.5000   -7.5000   37.5000 2692.1658   11.1094
    0.0000   -7.5000   37.5000 2727.0518   10.9550
    7.5000   -7.5000   37.5000 2696.5364   11.1410
   -7.5000    0.0000   37.5000 2622.3777   11.4974
    0.0000    0.0000   37.5000 2653.4661   11.3565
    7.5000    0.0000   37.5000 2630.7456   11.5213
   -7.5000    7.5000   37.5000 2530.2222   12.1270
    0.0000    7.5000   37.5000 2560.4031   11.9785
    7.5000    7.5000   37.5000 2537.6709   12.1700
   -7.5000   15.0000   37.5000 2423.5830   12.9604
    0.0000   15.0000   37.5000 2444.1675   12.8577
    7.5000   15.0000   37.5000 2425.1414   13.0252
   -7.5000   22.5000   37.5000 2301.7849   14.0434
    0.0000   22.5000   37.5000 2321.2483   13.9563
    7.5000   22.5000   37.5000 2304.5330   14.1319
   -7.5000   30.0000   37.5000 2158.5657   15.4714
    0.0000   30.0000   37.5000 2179.8867   15.3942
    7.5000   30.0000   37.5000 2159.0371   15.5283
   -7.5000   37.5000   37.5000 1972.1161   17.1082
    0.0000   37.5000   37.5000 1991.4430   17.0754
    7.5000   37.5000   37.5000 1971.0265   17.2028
   -7.5000  -52.5000   45.0000 2197.6216   15.0961
    0.0000  -52.5000   45.0000 2232.4382   14.8658
    7.5000  -52.5000   45.0000 2207.1011   15.0693
   -7.5000  -45.0000   45.0000 2335.0068   13.8867
    0.0000  -45.0000   45.0000 2376.1675   13.6998
    7.5000  -45.0000   45.0000 2347.1162   13.8902
   -7.5000  -37.5000   45.0000 2444.9910   12.8958
    0.0000  -37.5000   45.0000 2487.7810   12.7255
    7.5000  -37.5000   45.0000 2459.8396   12.9204
   -7.5000  -30.0000   45.0000 2528.9478   12.2088
    0.0000  -30.0000   45.0000 2578.5520   12.0246
    7.5000  -30.0000   45.0000 2546.0903   12.2212
   -7.5000  -22.5000   45.0000 2581.1157   11.8045
    0.0000  -22.5000   45.0000 2630.3474   11.6320
    7.5000  -22.5000   45.0000 2599.7993   11.8327
   -7.5000  -15.0000   45.0000 2591.8738   11.6523
    0.0000  -15.0000   45.0000 2633.9243   11.4955
    7.5000  -15.0000   45.0000 2607.2283   11.6886
   -7.5000   -7.5000   45.0000 2567.1060   11.7376
    0.0000   -7.5000   45.0000 2603.9209   11.5819
    7.5000   -7.5000   45.0000 2576.5173   11.7458
   -7.5000    0.0000   45.0000 2504.6072   12.1144
    0.0000    0.0000   45.0000 2533.9177   11.9741
    7.5000    0.0000   45.0000 2515.2004   12.1275
   -7.5000    7.5000   45.0000 2419.4619   12.7736
    0.0000    7.5000   45.0000 2450.5107   12.6381
    7.5000    7.5000   45.0000 2432.3213   12.7808
   -7.5000   15.0000   45.0000 2325.9246   13.5630
    0.0000   15.0000   45.0000 2346.5732   13.4285
    7.5000   15.0000   45.0000 2334.2314   13.5871
   -7.5000   22.5000   45.0000 2219.9768   14.6344
    0.0000   22.5000   45.0000 2239.5137   14.5326
    7.5000   22.5000   45.0000 2222.6904   14.6555
   -7.5000   30.0000   45.0000 2081.2046   16.0153
    0.0000   30.0000   45.0000 2107.3042   15.9639
    7.5000   30.0000   45.0000 2080.2761   16.0940
   -7.5000   37.5000   45.0000 1903.9651   17.6871
    0.0000   37.5000   45.0000 1928.0393   17.6727
    7.5000   37.5000   45.0000 1905.1482   17.7802

---------------------------------------------------------------------
imgreg_4dfp /opt/freesurfer/average/711-2C_as_mni_average_305 /opt/freesurfer/average/711-2B_as_mni_average_305_mask talsrcimg_g11 none talsrcimg_to_711-2C_as_mni_average_305_t4 1283
---------------------------------------------------------------------

freesurfer imgreg_4dfp.c
/opt/freesurfer/average/711-2C_as_mni_average_305.4dfp.img
       256       256       256         1
  1.000000  1.000000  1.000000
orientation T byte_order littleendian
Reading image: /opt/freesurfer/average/711-2C_as_mni_average_305.4dfp.img
dimensions:      256       256       256
mmppix:       1.0000   -1.0000   -1.0000
center:     128.0000 -129.0000 -129.0000
/opt/freesurfer/average/711-2B_as_mni_average_305_mask.4dfp.img
       256       256       256         1
  1.000000  1.000000  1.000000
orientation T byte_order littleendian
Reading mask: /opt/freesurfer/average/711-2B_as_mni_average_305_mask.4dfp.img (2306576 pixels)
talsrcimg_g11.4dfp.img
       256       256       256         1
  0.898438  0.898438  0.898438
orientation T byte_order littleendian
Reading image: talsrcimg_g11.4dfp.img
dimensions:      256       256       256
mmppix:       0.8984   -0.8984   -0.8984
center:     115.0001 -115.8985 -115.8985
rotation matrix determinant  1.000000
fimgreg.f
image alignment mode   1283 decimal      503 hex
parameters
    0.0000  -15.0000   15.0000    0.0000    0.0000    0.0000
eta,q 0.93706  9.87287
niter,ni,del,rscale     5    3   12.0000    1.2000
parameter  4  0.912741 ->  0.500000 qaram    1.1500
parameters
   -0.8999  -13.8783   12.3547   -3.4500   -0.7081   -0.9173
eta,q 0.94553  9.77649
  0.0769  0.0775  0.0632  0.0562  0.0641  0.0595
  0.0670  0.0696  0.0590  0.0543  0.0593  0.0570
  0.0623  0.0645  0.0587  0.0554  0.0556  0.0550
  0.0632  0.0622  0.0617  0.0583  0.0544  0.0545
  0.0685  0.0616  0.0653  0.0633  0.0569  0.0562
  0.0766  0.0637  0.0694  0.0672  0.0632  0.0597
  0.0846  0.0692  0.0744  0.0697  0.0702  0.0640
niter,ni,del,rscale     5    3   12.0000    1.2000
parameters
   -0.9314  -12.2974   11.9883   -5.0117   -0.6834   -0.8064
eta,q 0.94684  9.79120
  0.0783  0.0750  0.0646  0.0595  0.0648  0.0600
  0.0656  0.0665  0.0594  0.0550  0.0593  0.0571
  0.0567  0.0588  0.0548  0.0535  0.0550  0.0545
  0.0545  0.0544  0.0533  0.0533  0.0532  0.0532
  0.0593  0.0533  0.0564  0.0557  0.0543  0.0534
  0.0680  0.0556  0.0617  0.0628  0.0587  0.0559
  0.0765  0.0615  0.0671  0.0684  0.0651  0.0604
niter,ni,del,rscale     4    3   12.0000    1.2000
parameters
   -0.7280  -11.3450   11.4913   -6.4329   -0.6473   -0.5472
eta,q 0.94737  9.82202
  0.0790  0.0708  0.0625  0.0586  0.0631  0.0601
  0.0665  0.0620  0.0575  0.0535  0.0580  0.0568
  0.0569  0.0554  0.0539  0.0525  0.0541  0.0540
  0.0532  0.0532  0.0531  0.0531  0.0527  0.0527
  0.0566  0.0537  0.0555  0.0544  0.0537  0.0528
  0.0652  0.0566  0.0603  0.0597  0.0574  0.0553
  0.0750  0.0619  0.0657  0.0667  0.0634  0.0596
niter,ni,del,rscale     3    3   12.0000    1.2000
parameters
   -0.6789  -10.5238   11.0614   -7.5820   -0.6885   -0.4771
eta,q 0.94852  9.83467
  0.0772  0.0690  0.0619  0.0587  0.0616  0.0595
  0.0649  0.0606  0.0563  0.0532  0.0565  0.0556
  0.0558  0.0548  0.0528  0.0508  0.0528  0.0525
  0.0526  0.0526  0.0524  0.0523  0.0515  0.0515
  0.0563  0.0529  0.0546  0.0543  0.0525  0.0521
  0.0653  0.0561  0.0589  0.0579  0.0564  0.0550
  0.0755  0.0617  0.0643  0.0647  0.0622  0.0595
niter,ni,del,rscale     2    3   12.0000    1.2000
parameters
   -0.6341   -9.9693   10.8559   -8.2238   -0.7993   -0.5070
eta,q 0.94928  9.83724
  0.0766  0.0679  0.0618  0.0599  0.0607  0.0591
  0.0641  0.0601  0.0560  0.0541  0.0556  0.0549
  0.0547  0.0539  0.0524  0.0503  0.0520  0.0516
  0.0515  0.0515  0.0513  0.0513  0.0507  0.0507
  0.0552  0.0521  0.0535  0.0537  0.0518  0.0517
  0.0644  0.0562  0.0576  0.0569  0.0560  0.0548
  0.0751  0.0630  0.0627  0.0629  0.0617  0.0594
niter,ni,del,rscale     1    3   12.0000    1.2000
parameters
   -0.5549   -9.6882   10.7699   -8.5409   -0.9266   -0.5547
eta,q 0.94956  9.84017
  0.0763  0.0672  0.0616  0.0609  0.0604  0.0590
  0.0636  0.0595  0.0559  0.0548  0.0553  0.0546
  0.0540  0.0531  0.0523  0.0506  0.0517  0.0513
  0.0507  0.0507  0.0507  0.0507  0.0504  0.0504
  0.0543  0.0521  0.0528  0.0532  0.0516  0.0516
  0.0634  0.0571  0.0568  0.0565  0.0558  0.0547
  0.0744  0.0647  0.0618  0.0619  0.0615  0.0594
registration optimization eta report
parameter search radius
    6.0000    6.0000    6.0000    6.9000    6.0000    6.0000
100000*second partial in parameter space
       67.       42.       30.       23.       29.       24.
  0.0763  0.0672  0.0616  0.0609  0.0604  0.0590
  0.0636  0.0595  0.0559  0.0548  0.0553  0.0546
  0.0540  0.0531  0.0523  0.0506  0.0517  0.0513
  0.0507  0.0507  0.0507  0.0507  0.0504  0.0504
  0.0543  0.0521  0.0528  0.0532  0.0516  0.0516
  0.0634  0.0571  0.0568  0.0565  0.0558  0.0547
  0.0744  0.0647  0.0618  0.0619  0.0615  0.0594
   -0.5549   -9.6882   10.7699   -8.5409   -0.9266   -0.5547
eta,q 0.94956  9.84017

---------------------------------------------------------------------
imgreg_4dfp /opt/freesurfer/average/711-2C_as_mni_average_305 /opt/freesurfer/average/711-2B_as_mni_average_305_mask talsrcimg_g11 none talsrcimg_to_711-2C_as_mni_average_305_t4 3335
---------------------------------------------------------------------

freesurfer imgreg_4dfp.c
/opt/freesurfer/average/711-2C_as_mni_average_305.4dfp.img
       256       256       256         1
  1.000000  1.000000  1.000000
orientation T byte_order littleendian
Reading image: /opt/freesurfer/average/711-2C_as_mni_average_305.4dfp.img
dimensions:      256       256       256
mmppix:       1.0000   -1.0000   -1.0000
center:     128.0000 -129.0000 -129.0000
/opt/freesurfer/average/711-2B_as_mni_average_305_mask.4dfp.img
       256       256       256         1
  1.000000  1.000000  1.000000
orientation T byte_order littleendian
Reading mask: /opt/freesurfer/average/711-2B_as_mni_average_305_mask.4dfp.img (2306576 pixels)
talsrcimg_g11.4dfp.img
       256       256       256         1
  0.898438  0.898438  0.898438
orientation T byte_order littleendian
Reading image: talsrcimg_g11.4dfp.img
dimensions:      256       256       256
mmppix:       0.8984   -0.8984   -0.8984
center:     115.0001 -115.8985 -115.8985
fimgreg.f
image alignment mode   3335 decimal      D07 hex
parameters
   -0.5549   -9.6882   10.7699   -0.0178   -1.1113   -1.1219
    0.7173    1.7429   -0.9680   14.8354   -1.6171  -14.8496
eta,q 0.94872  9.90004
niter,ni,del,rscale     5    3    5.0000    1.2000
parameter  4  0.879263 ->  0.500000 qaram    1.1500
parameter  5  2.750191 ->  0.500000 qaram    1.1500
parameter  6  0.723877 ->  0.500000 qaram    1.1500
parameters
   -0.3680   -9.2255   10.6395   -4.1578   -5.2513   -5.2619
    0.4541    3.8574   -0.2949   11.9616    0.0418  -17.6926
eta,q 0.96007  9.41218
  0.0561  0.0540  0.0530  0.0484  0.0404  0.0412  0.0443  0.0489  0.0436  0.0417  0.0417  0.0405
  0.0537  0.0525  0.0519  0.0485  0.0424  0.0412  0.0426  0.0457  0.0422  0.0406  0.0409  0.0400
  0.0520  0.0517  0.0513  0.0494  0.0452  0.0417  0.0416  0.0430  0.0413  0.0402  0.0404  0.0399
  0.0513  0.0512  0.0512  0.0512  0.0487  0.0431  0.0413  0.0413  0.0408  0.0408  0.0402  0.0402
  0.0515  0.0512  0.0514  0.0540  0.0523  0.0455  0.0418  0.0408  0.0409  0.0425  0.0401  0.0407
  0.0527  0.0515  0.0522  0.0575  0.0561  0.0490  0.0429  0.0416  0.0416  0.0449  0.0403  0.0416
  0.0548  0.0524  0.0535  0.0616  0.0605  0.0533  0.0448  0.0435  0.0428  0.0477  0.0407  0.0427
niter,ni,del,rscale     7    3    5.0000    1.2000
parameter  3  0.531591 ->  0.500000 qaram    1.1500
parameter  5  1.046318 ->  0.500000 qaram    1.3225
parameter  6  0.542147 ->  0.500000 qaram    1.3225
parameters
    0.0979   -9.0325    9.2595   -6.6486  -10.0123  -10.0229
   -0.1660    3.7756   -0.7954   12.0543   -0.8456  -18.3617
eta,q 0.96529  8.80204
  0.0461  0.0435  0.0397  0.0405  0.0352  0.0354  0.0373  0.0397  0.0369  0.0385  0.0355  0.0360
  0.0431  0.0415  0.0392  0.0398  0.0358  0.0347  0.0358  0.0369  0.0357  0.0365  0.0350  0.0352
  0.0410  0.0403  0.0393  0.0392  0.0371  0.0352  0.0349  0.0352  0.0349  0.0352  0.0348  0.0348
  0.0399  0.0398  0.0397  0.0392  0.0392  0.0361  0.0347  0.0347  0.0347  0.0347  0.0347  0.0347
  0.0399  0.0400  0.0406  0.0401  0.0421  0.0373  0.0353  0.0354  0.0351  0.0351  0.0349  0.0350
  0.0408  0.0409  0.0418  0.0425  0.0462  0.0401  0.0365  0.0372  0.0361  0.0363  0.0354  0.0356
  0.0427  0.0424  0.0432  0.0461  0.0506  0.0442  0.0384  0.0398  0.0376  0.0384  0.0360  0.0366
niter,ni,del,rscale     7    3    5.0000    1.2000
parameter  5  0.627813 ->  0.500000 qaram    1.5209
parameters
    0.2696   -8.5827    9.3113   -8.1635  -15.4874  -10.2283
   -0.4504    3.9242   -1.2558   12.9938   -0.7420  -18.7201
eta,q 0.96727  8.42176
  0.0394  0.0393  0.0374  0.0359  0.0334  0.0380  0.0358  0.0384  0.0352  0.0376  0.0341  0.0345
  0.0370  0.0371  0.0358  0.0350  0.0328  0.0353  0.0341  0.0355  0.0338  0.0352  0.0334  0.0335
  0.0354  0.0355  0.0349  0.0346  0.0332  0.0333  0.0331  0.0335  0.0330  0.0335  0.0329  0.0329
  0.0347  0.0347  0.0345  0.0345  0.0345  0.0328  0.0328  0.0328  0.0328  0.0328  0.0327  0.0327
  0.0349  0.0346  0.0348  0.0349  0.0369  0.0340  0.0333  0.0334  0.0332  0.0330  0.0329  0.0330
  0.0361  0.0353  0.0357  0.0359  0.0400  0.0356  0.0345  0.0352  0.0343  0.0339  0.0333  0.0338
  0.0383  0.0369  0.0372  0.0381  0.0443  0.0382  0.0362  0.0379  0.0358  0.0356  0.0340  0.0349
niter,ni,del,rscale     7    3    5.0000    1.2000
parameters
    0.2847   -8.2563    9.5365   -8.6267  -16.4395  -10.0214
   -0.4821    3.9521   -1.4310   13.3831   -0.7197  -18.8408
eta,q 0.96736  8.36358
  0.0369  0.0373  0.0360  0.0348  0.0373  0.0381  0.0359  0.0380  0.0352  0.0368  0.0340  0.0345
  0.0346  0.0350  0.0343  0.0333  0.0346  0.0354  0.0341  0.0352  0.0338  0.0346  0.0333  0.0335
  0.0332  0.0334  0.0332  0.0327  0.0330  0.0334  0.0330  0.0333  0.0329  0.0331  0.0328  0.0328
  0.0327  0.0327  0.0327  0.0327  0.0327  0.0326  0.0326  0.0326  0.0326  0.0326  0.0326  0.0326
  0.0332  0.0329  0.0329  0.0330  0.0336  0.0336  0.0331  0.0333  0.0330  0.0330  0.0328  0.0329
  0.0345  0.0337  0.0337  0.0337  0.0359  0.0352  0.0342  0.0352  0.0340  0.0341  0.0332  0.0336
  0.0368  0.0353  0.0351  0.0353  0.0393  0.0375  0.0360  0.0379  0.0354  0.0359  0.0339  0.0346
niter,ni,del,rscale     6    3    5.0000    1.2000
parameters
    0.2896   -8.1590    9.5692   -8.6452  -16.5896   -9.9759
   -0.4680    3.9578   -1.4663   13.5160   -0.7226  -18.9052
eta,q 0.96736  8.36028
  0.0367  0.0365  0.0356  0.0351  0.0381  0.0379  0.0360  0.0380  0.0352  0.0365  0.0339  0.0345
  0.0345  0.0344  0.0340  0.0335  0.0351  0.0353  0.0342  0.0352  0.0338  0.0343  0.0333  0.0335
  0.0331  0.0331  0.0330  0.0327  0.0333  0.0333  0.0330  0.0333  0.0330  0.0330  0.0328  0.0328
  0.0326  0.0326  0.0326  0.0326  0.0326  0.0326  0.0326  0.0326  0.0326  0.0326  0.0326  0.0326
  0.0331  0.0330  0.0330  0.0329  0.0333  0.0337  0.0330  0.0333  0.0330  0.0331  0.0328  0.0329
  0.0344  0.0341  0.0339  0.0336  0.0353  0.0352  0.0342  0.0352  0.0339  0.0343  0.0333  0.0335
  0.0367  0.0358  0.0354  0.0350  0.0384  0.0377  0.0359  0.0379  0.0353  0.0361  0.0340  0.0346
niter,ni,del,rscale     5    3    5.0000    1.2000
parameters
    0.2907   -8.1333    9.5655   -8.6498  -16.6292   -9.9742
   -0.4702    3.9594   -1.4689   13.5641   -0.7289  -18.9243
eta,q 0.96736  8.35914
  0.0367  0.0362  0.0355  0.0351  0.0382  0.0379  0.0360  0.0380  0.0352  0.0364  0.0340  0.0345
  0.0345  0.0342  0.0339  0.0335  0.0352  0.0352  0.0342  0.0351  0.0339  0.0343  0.0333  0.0336
  0.0331  0.0330  0.0330  0.0327  0.0333  0.0333  0.0330  0.0333  0.0330  0.0330  0.0328  0.0328
  0.0326  0.0326  0.0326  0.0326  0.0326  0.0326  0.0326  0.0326  0.0326  0.0326  0.0326  0.0326
  0.0331  0.0331  0.0330  0.0329  0.0333  0.0337  0.0330  0.0333  0.0330  0.0331  0.0328  0.0329
  0.0344  0.0342  0.0340  0.0336  0.0352  0.0353  0.0342  0.0352  0.0339  0.0343  0.0333  0.0335
  0.0368  0.0360  0.0355  0.0350  0.0383  0.0377  0.0360  0.0379  0.0353  0.0361  0.0340  0.0346
niter,ni,del,rscale     4    3    5.0000    1.2000
parameters
    0.2903   -8.1233    9.5608   -8.6518  -16.6419   -9.9806
   -0.4685    3.9617   -1.4652   13.5816   -0.7361  -18.9298
eta,q 0.96736  8.35841
  0.0367  0.0362  0.0355  0.0351  0.0382  0.0379  0.0360  0.0380  0.0352  0.0363  0.0340  0.0345
  0.0345  0.0342  0.0339  0.0335  0.0352  0.0352  0.0342  0.0351  0.0339  0.0342  0.0333  0.0336
  0.0331  0.0330  0.0330  0.0327  0.0333  0.0333  0.0330  0.0333  0.0330  0.0330  0.0328  0.0328
  0.0326  0.0326  0.0326  0.0326  0.0326  0.0326  0.0326  0.0326  0.0326  0.0326  0.0326  0.0326
  0.0331  0.0331  0.0330  0.0329  0.0333  0.0337  0.0330  0.0333  0.0330  0.0331  0.0328  0.0329
  0.0345  0.0342  0.0340  0.0336  0.0352  0.0353  0.0342  0.0352  0.0339  0.0344  0.0333  0.0335
  0.0368  0.0360  0.0355  0.0350  0.0383  0.0377  0.0360  0.0379  0.0352  0.0361  0.0340  0.0346
registration optimization eta report
parameter search radius
    2.4000    2.4000    2.7600    8.2800   10.9503    9.5220
    7.2000    7.2000    7.2000    7.2000    7.2000    7.2000
100000*second partial in parameter space
       71.       60.       37.        4.        5.        6.
        6.       10.        5.        7.        3.        4.
  0.0367  0.0362  0.0355  0.0351  0.0382  0.0379  0.0360  0.0380  0.0352  0.0363  0.0340  0.0345
  0.0345  0.0342  0.0339  0.0335  0.0352  0.0352  0.0342  0.0351  0.0339  0.0342  0.0333  0.0336
  0.0331  0.0330  0.0330  0.0327  0.0333  0.0333  0.0330  0.0333  0.0330  0.0330  0.0328  0.0328
  0.0326  0.0326  0.0326  0.0326  0.0326  0.0326  0.0326  0.0326  0.0326  0.0326  0.0326  0.0326
  0.0331  0.0331  0.0330  0.0329  0.0333  0.0337  0.0330  0.0333  0.0330  0.0331  0.0328  0.0329
  0.0345  0.0342  0.0340  0.0336  0.0352  0.0353  0.0342  0.0352  0.0339  0.0344  0.0333  0.0335
  0.0368  0.0360  0.0355  0.0350  0.0383  0.0377  0.0360  0.0379  0.0352  0.0361  0.0340  0.0346
    0.2903   -8.1233    9.5608   -8.6518  -16.6419   -9.9806
   -0.4685    3.9617   -1.4652   13.5816   -0.7361  -18.9298
eta,q 0.96736  8.35841

---------------------------------------------------------------------
imgreg_4dfp /opt/freesurfer/average/711-2C_as_mni_average_305 /opt/freesurfer/average/711-2B_as_mni_average_305_mask talsrcimg_g11 none talsrcimg_to_711-2C_as_mni_average_305_t4 2311
---------------------------------------------------------------------

freesurfer imgreg_4dfp.c
/opt/freesurfer/average/711-2C_as_mni_average_305.4dfp.img
       256       256       256         1
  1.000000  1.000000  1.000000
orientation T byte_order littleendian
Reading image: /opt/freesurfer/average/711-2C_as_mni_average_305.4dfp.img
dimensions:      256       256       256
mmppix:       1.0000   -1.0000   -1.0000
center:     128.0000 -129.0000 -129.0000
/opt/freesurfer/average/711-2B_as_mni_average_305_mask.4dfp.img
       256       256       256         1
  1.000000  1.000000  1.000000
orientation T byte_order littleendian
Reading mask: /opt/freesurfer/average/711-2B_as_mni_average_305_mask.4dfp.img (2306576 pixels)
talsrcimg_g11.4dfp.img
       256       256       256         1
  0.898438  0.898438  0.898438
orientation T byte_order littleendian
Reading image: talsrcimg_g11.4dfp.img
dimensions:      256       256       256
mmppix:       0.8984   -0.8984   -0.8984
center:     115.0001 -115.8985 -115.8985
fimgreg.f
image alignment mode   2311 decimal      907 hex
parameters
    0.2903   -8.1233    9.5608   -8.6518  -16.6418   -9.9806
   -0.4685    3.9617   -1.4652   13.5816   -0.7361  -18.9298
eta,q 0.96736  8.35842
niter,ni,del,rscale     5    3    5.0000    0.8000
parameters
    0.2998   -8.1537    9.5426   -9.0534  -16.5500  -10.3304
   -0.5617    3.9434   -1.4728   13.3563   -0.6690  -18.8046
eta,q 0.96738  8.31947
  0.0345  0.0342  0.0336  0.0332  0.0338  0.0341  0.0341  0.0352  0.0338  0.0341  0.0333  0.0335
  0.0335  0.0333  0.0331  0.0328  0.0332  0.0333  0.0333  0.0338  0.0332  0.0332  0.0329  0.0330
  0.0329  0.0328  0.0327  0.0327  0.0328  0.0327  0.0327  0.0329  0.0328  0.0327  0.0327  0.0327
  0.0326  0.0326  0.0326  0.0326  0.0326  0.0326  0.0326  0.0326  0.0326  0.0326  0.0326  0.0326
  0.0328  0.0329  0.0328  0.0328  0.0328  0.0330  0.0328  0.0329  0.0328  0.0329  0.0327  0.0327
  0.0334  0.0334  0.0331  0.0330  0.0331  0.0337  0.0334  0.0338  0.0332  0.0335  0.0329  0.0330
  0.0345  0.0343  0.0337  0.0334  0.0337  0.0345  0.0342  0.0352  0.0338  0.0344  0.0332  0.0334
niter,ni,del,rscale     4    3    5.0000    0.7000
parameters
    0.2968   -8.1662    9.4695   -9.1000  -16.4919  -10.5018
   -0.5679    3.9361   -1.4785   13.3013   -0.6318  -18.8035
eta,q 0.96740  8.31081
  0.0340  0.0338  0.0333  0.0331  0.0335  0.0339  0.0338  0.0346  0.0335  0.0339  0.0331  0.0333
  0.0332  0.0331  0.0329  0.0328  0.0330  0.0332  0.0331  0.0335  0.0330  0.0331  0.0328  0.0329
  0.0328  0.0327  0.0326  0.0326  0.0327  0.0327  0.0327  0.0328  0.0327  0.0327  0.0326  0.0327
  0.0326  0.0326  0.0326  0.0326  0.0326  0.0326  0.0326  0.0326  0.0326  0.0326  0.0326  0.0326
  0.0328  0.0328  0.0327  0.0327  0.0327  0.0328  0.0327  0.0328  0.0327  0.0328  0.0327  0.0327
  0.0332  0.0332  0.0330  0.0328  0.0330  0.0334  0.0331  0.0335  0.0330  0.0332  0.0328  0.0329
  0.0340  0.0338  0.0334  0.0331  0.0334  0.0341  0.0338  0.0346  0.0335  0.0339  0.0331  0.0333
niter,ni,del,rscale     3    3    5.0000    0.6000
parameters
    0.2950   -8.1660    9.4300   -9.1715  -16.4694  -10.5884
   -0.5926    3.9313   -1.4916   13.2883   -0.6221  -18.8096
eta,q 0.96740  8.30370
  0.0336  0.0335  0.0331  0.0330  0.0332  0.0336  0.0335  0.0341  0.0333  0.0335  0.0330  0.0331
  0.0331  0.0330  0.0328  0.0327  0.0329  0.0331  0.0330  0.0333  0.0329  0.0330  0.0328  0.0328
  0.0327  0.0327  0.0326  0.0326  0.0327  0.0327  0.0327  0.0328  0.0327  0.0327  0.0326  0.0326
  0.0326  0.0326  0.0326  0.0326  0.0326  0.0326  0.0326  0.0326  0.0326  0.0326  0.0326  0.0326
  0.0327  0.0327  0.0327  0.0326  0.0327  0.0327  0.0327  0.0327  0.0327  0.0327  0.0326  0.0327
  0.0331  0.0330  0.0329  0.0328  0.0329  0.0332  0.0330  0.0332  0.0329  0.0330  0.0327  0.0328
  0.0336  0.0335  0.0332  0.0330  0.0332  0.0337  0.0335  0.0341  0.0333  0.0335  0.0329  0.0331
niter,ni,del,rscale     2    3    5.0000    0.5000
parameters
    0.2919   -8.1658    9.4033   -9.2451  -16.4739  -10.6346
   -0.6025    3.9465   -1.4978   13.2810   -0.6312  -18.8383
eta,q 0.96740  8.29731
  0.0333  0.0332  0.0330  0.0328  0.0330  0.0334  0.0332  0.0336  0.0331  0.0333  0.0328  0.0329
  0.0329  0.0329  0.0327  0.0327  0.0328  0.0329  0.0329  0.0331  0.0328  0.0329  0.0327  0.0327
  0.0327  0.0327  0.0326  0.0326  0.0326  0.0327  0.0327  0.0327  0.0327  0.0327  0.0326  0.0326
  0.0326  0.0326  0.0326  0.0326  0.0326  0.0326  0.0326  0.0326  0.0326  0.0326  0.0326  0.0326
  0.0327  0.0327  0.0326  0.0326  0.0327  0.0327  0.0327  0.0327  0.0327  0.0327  0.0326  0.0326
  0.0329  0.0329  0.0328  0.0327  0.0328  0.0330  0.0329  0.0330  0.0328  0.0329  0.0327  0.0327
  0.0333  0.0332  0.0330  0.0329  0.0330  0.0334  0.0332  0.0336  0.0331  0.0332  0.0328  0.0329
niter,ni,del,rscale     1    3    5.0000    0.4000
parameters
    0.2886   -8.1676    9.3900   -9.2756  -16.4781  -10.6581
   -0.6141    3.9622   -1.4906   13.2570   -0.6442  -18.8600
eta,q 0.96741  8.29413
  0.0330  0.0330  0.0328  0.0327  0.0329  0.0331  0.0330  0.0333  0.0329  0.0330  0.0327  0.0328
  0.0328  0.0328  0.0327  0.0327  0.0327  0.0328  0.0328  0.0329  0.0327  0.0328  0.0327  0.0327
  0.0326  0.0326  0.0326  0.0326  0.0326  0.0327  0.0326  0.0327  0.0326  0.0326  0.0326  0.0326
  0.0326  0.0326  0.0326  0.0326  0.0326  0.0326  0.0326  0.0326  0.0326  0.0326  0.0326  0.0326
  0.0326  0.0326  0.0326  0.0326  0.0326  0.0327  0.0326  0.0327  0.0326  0.0326  0.0326  0.0326
  0.0328  0.0328  0.0327  0.0327  0.0327  0.0328  0.0328  0.0329  0.0327  0.0328  0.0327  0.0327
  0.0331  0.0330  0.0328  0.0328  0.0329  0.0331  0.0330  0.0332  0.0329  0.0330  0.0327  0.0328
registration optimization eta report
parameter search radius
    0.8000    0.8000    0.8000    2.4000    2.4000    2.4000
    2.4000    2.4000    2.4000    2.4000    2.4000    2.4000
100000*second partial in parameter space
       71.       62.       40.        3.        5.        9.
        7.       11.        6.        7.        3.        4.
  0.0330  0.0330  0.0328  0.0327  0.0329  0.0331  0.0330  0.0333  0.0329  0.0330  0.0327  0.0328
  0.0328  0.0328  0.0327  0.0327  0.0327  0.0328  0.0328  0.0329  0.0327  0.0328  0.0327  0.0327
  0.0326  0.0326  0.0326  0.0326  0.0326  0.0327  0.0326  0.0327  0.0326  0.0326  0.0326  0.0326
  0.0326  0.0326  0.0326  0.0326  0.0326  0.0326  0.0326  0.0326  0.0326  0.0326  0.0326  0.0326
  0.0326  0.0326  0.0326  0.0326  0.0326  0.0327  0.0326  0.0327  0.0326  0.0326  0.0326  0.0326
  0.0328  0.0328  0.0327  0.0327  0.0327  0.0328  0.0328  0.0329  0.0327  0.0328  0.0327  0.0327
  0.0331  0.0330  0.0328  0.0328  0.0329  0.0331  0.0330  0.0332  0.0329  0.0330  0.0327  0.0328
    0.2886   -8.1676    9.3900   -9.2756  -16.4781  -10.6581
   -0.6141    3.9622   -1.4906   13.2570   -0.6442  -18.8600
eta,q 0.96741  8.29413

---------------------------------------------------------------------
imgreg_4dfp /opt/freesurfer/average/711-2C_as_mni_average_305 /opt/freesurfer/average/711-2B_as_mni_average_305_mask talsrcimg_g11 none talsrcimg_to_711-2C_as_mni_average_305_t4 2311
---------------------------------------------------------------------

freesurfer imgreg_4dfp.c
/opt/freesurfer/average/711-2C_as_mni_average_305.4dfp.img
       256       256       256         1
  1.000000  1.000000  1.000000
orientation T byte_order littleendian
Reading image: /opt/freesurfer/average/711-2C_as_mni_average_305.4dfp.img
dimensions:      256       256       256
mmppix:       1.0000   -1.0000   -1.0000
center:     128.0000 -129.0000 -129.0000
/opt/freesurfer/average/711-2B_as_mni_average_305_mask.4dfp.img
       256       256       256         1
  1.000000  1.000000  1.000000
orientation T byte_order littleendian
Reading mask: /opt/freesurfer/average/711-2B_as_mni_average_305_mask.4dfp.img (2306576 pixels)
talsrcimg_g11.4dfp.img
       256       256       256         1
  0.898438  0.898438  0.898438
orientation T byte_order littleendian
Reading image: talsrcimg_g11.4dfp.img
dimensions:      256       256       256
mmppix:       0.8984   -0.8984   -0.8984
center:     115.0001 -115.8985 -115.8985
fimgreg.f
image alignment mode   2311 decimal      907 hex
parameters
    0.2886   -8.1676    9.3900   -9.2756  -16.4781  -10.6581
   -0.6141    3.9622   -1.4906   13.2570   -0.6442  -18.8600
eta,q 0.96741  8.29413
niter,ni,del,rscale     5    3    5.0000    0.8000
parameters
    0.2906   -8.1420    9.4002   -8.9883  -16.4551  -10.5806
   -0.5405    3.9208   -1.4766   13.3814   -0.6352  -18.8247
eta,q 0.96740  8.31670
  0.0344  0.0342  0.0336  0.0334  0.0337  0.0344  0.0342  0.0351  0.0338  0.0344  0.0332  0.0335
  0.0334  0.0333  0.0330  0.0329  0.0331  0.0335  0.0333  0.0337  0.0332  0.0334  0.0329  0.0330
  0.0328  0.0328  0.0327  0.0327  0.0327  0.0328  0.0328  0.0329  0.0327  0.0328  0.0327  0.0327
  0.0326  0.0326  0.0326  0.0326  0.0326  0.0326  0.0326  0.0326  0.0326  0.0326  0.0326  0.0326
  0.0328  0.0328  0.0327  0.0327  0.0327  0.0328  0.0328  0.0329  0.0327  0.0328  0.0327  0.0327
  0.0334  0.0333  0.0330  0.0329  0.0331  0.0335  0.0333  0.0338  0.0332  0.0333  0.0329  0.0330
  0.0344  0.0341  0.0336  0.0332  0.0337  0.0343  0.0341  0.0352  0.0338  0.0342  0.0332  0.0335
niter,ni,del,rscale     4    3    5.0000    0.7000
parameters
    0.2919   -8.1483    9.4010   -9.0769  -16.4716  -10.5992
   -0.5638    3.9280   -1.4845   13.3412   -0.6287  -18.8214
eta,q 0.96740  8.30935
  0.0340  0.0338  0.0334  0.0331  0.0335  0.0340  0.0338  0.0346  0.0335  0.0339  0.0331  0.0333
  0.0332  0.0331  0.0329  0.0328  0.0330  0.0333  0.0331  0.0335  0.0330  0.0331  0.0328  0.0329
  0.0328  0.0327  0.0327  0.0326  0.0327  0.0328  0.0327  0.0328  0.0327  0.0327  0.0326  0.0327
  0.0326  0.0326  0.0326  0.0326  0.0326  0.0326  0.0326  0.0326  0.0326  0.0326  0.0326  0.0326
  0.0328  0.0328  0.0327  0.0327  0.0327  0.0328  0.0327  0.0328  0.0327  0.0328  0.0327  0.0327
  0.0332  0.0332  0.0329  0.0328  0.0330  0.0333  0.0331  0.0335  0.0330  0.0332  0.0328  0.0329
  0.0340  0.0338  0.0333  0.0331  0.0335  0.0340  0.0338  0.0346  0.0335  0.0339  0.0331  0.0333
niter,ni,del,rscale     3    3    5.0000    0.6000
parameters
    0.2924   -8.1526    9.3949   -9.1743  -16.4734  -10.6357
   -0.5837    3.9298   -1.4885   13.3146   -0.6119  -18.8209
eta,q 0.96740  8.30159
  0.0336  0.0335  0.0331  0.0329  0.0332  0.0337  0.0335  0.0341  0.0333  0.0335  0.0330  0.0331
  0.0331  0.0330  0.0328  0.0327  0.0329  0.0331  0.0330  0.0333  0.0329  0.0330  0.0328  0.0328
  0.0327  0.0327  0.0326  0.0326  0.0327  0.0327  0.0327  0.0328  0.0327  0.0327  0.0326  0.0326
  0.0326  0.0326  0.0326  0.0326  0.0326  0.0326  0.0326  0.0326  0.0326  0.0326  0.0326  0.0326
  0.0327  0.0327  0.0326  0.0327  0.0327  0.0327  0.0327  0.0327  0.0327  0.0327  0.0326  0.0327
  0.0330  0.0330  0.0329  0.0328  0.0329  0.0332  0.0330  0.0332  0.0329  0.0330  0.0327  0.0328
  0.0336  0.0335  0.0331  0.0330  0.0332  0.0337  0.0335  0.0341  0.0333  0.0335  0.0329  0.0331
niter,ni,del,rscale     2    3    5.0000    0.5000
parameters
    0.2900   -8.1574    9.3843   -9.2387  -16.4790  -10.6579
   -0.6044    3.9442   -1.4911   13.2941   -0.6417  -18.8572
eta,q 0.96741  8.29673
  0.0333  0.0332  0.0330  0.0328  0.0330  0.0334  0.0332  0.0336  0.0331  0.0332  0.0328  0.0329
  0.0329  0.0329  0.0328  0.0327  0.0328  0.0330  0.0329  0.0331  0.0328  0.0329  0.0327  0.0327
  0.0327  0.0327  0.0326  0.0326  0.0326  0.0327  0.0326  0.0327  0.0326  0.0327  0.0326  0.0326
  0.0326  0.0326  0.0326  0.0326  0.0326  0.0326  0.0326  0.0326  0.0326  0.0326  0.0326  0.0326
  0.0327  0.0327  0.0326  0.0326  0.0327  0.0327  0.0327  0.0327  0.0327  0.0327  0.0326  0.0326
  0.0329  0.0329  0.0328  0.0327  0.0328  0.0330  0.0329  0.0330  0.0328  0.0329  0.0327  0.0327
  0.0333  0.0332  0.0330  0.0328  0.0330  0.0334  0.0332  0.0336  0.0331  0.0332  0.0328  0.0329
niter,ni,del,rscale     1    3    5.0000    0.4000
parameters
    0.2904   -8.1634    9.3798   -9.2783  -16.4749  -10.6727
   -0.6200    3.9656   -1.4887   13.2701   -0.6543  -18.8568
eta,q 0.96741  8.29366
  0.0330  0.0330  0.0328  0.0327  0.0329  0.0331  0.0330  0.0333  0.0329  0.0330  0.0327  0.0328
  0.0328  0.0328  0.0327  0.0327  0.0327  0.0328  0.0328  0.0329  0.0327  0.0328  0.0327  0.0327
  0.0326  0.0326  0.0326  0.0326  0.0326  0.0326  0.0326  0.0327  0.0326  0.0326  0.0326  0.0326
  0.0326  0.0326  0.0326  0.0326  0.0326  0.0326  0.0326  0.0326  0.0326  0.0326  0.0326  0.0326
  0.0326  0.0326  0.0326  0.0326  0.0326  0.0326  0.0326  0.0327  0.0326  0.0326  0.0326  0.0326
  0.0328  0.0328  0.0327  0.0327  0.0327  0.0328  0.0328  0.0329  0.0327  0.0328  0.0327  0.0327
  0.0330  0.0330  0.0328  0.0328  0.0329  0.0331  0.0330  0.0332  0.0329  0.0330  0.0327  0.0328
registration optimization eta report
parameter search radius
    0.8000    0.8000    0.8000    2.4000    2.4000    2.4000
    2.4000    2.4000    2.4000    2.4000    2.4000    2.4000
100000*second partial in parameter space
       70.       62.       40.        3.        5.        9.
        7.       11.        6.        7.        3.        4.
  0.0330  0.0330  0.0328  0.0327  0.0329  0.0331  0.0330  0.0333  0.0329  0.0330  0.0327  0.0328
  0.0328  0.0328  0.0327  0.0327  0.0327  0.0328  0.0328  0.0329  0.0327  0.0328  0.0327  0.0327
  0.0326  0.0326  0.0326  0.0326  0.0326  0.0326  0.0326  0.0327  0.0326  0.0326  0.0326  0.0326
  0.0326  0.0326  0.0326  0.0326  0.0326  0.0326  0.0326  0.0326  0.0326  0.0326  0.0326  0.0326
  0.0326  0.0326  0.0326  0.0326  0.0326  0.0326  0.0326  0.0327  0.0326  0.0326  0.0326  0.0326
  0.0328  0.0328  0.0327  0.0327  0.0327  0.0328  0.0328  0.0329  0.0327  0.0328  0.0327  0.0327
  0.0330  0.0330  0.0328  0.0328  0.0329  0.0331  0.0330  0.0332  0.0329  0.0330  0.0327  0.0328
    0.2904   -8.1634    9.3798   -9.2783  -16.4749  -10.6727
   -0.6200    3.9656   -1.4887   13.2701   -0.6543  -18.8568
eta,q 0.96741  8.29366

---------------------------------------------------------------------
compute_vox2vox talsrcimg talsrcimg_to_711-2C_as_mni_average_305_t4 /opt/freesurfer/average/711-2C_as_mni_average_305
---------------------------------------------------------------------

freesurfer compute_vox2vox.c
Reading: talsrcimg.4dfp.ifh
Reading: talsrcimg_to_711-2C_as_mni_average_305_t4
Reading: /opt/freesurfer/average/711-2C_as_mni_average_305.4dfp.ifh
Writing: talsrcimg_to_711-2C_as_mni_average_305_t4_vox2vox.txt

start time Wed Mar 11 05:20:00 CET 2026
end		time Wed Mar 11 05:21:30 CET 2026

mpr2mni305 success

avi2talxfm orig_nu.mgz /opt/freesurfer/average/mni305.cor.mgz talsrcimg_to_711-2C_as_mni_average_305_t4_vox2vox.txt transforms/talairach.auto.xfm
avi2talxfm done
mv -f /out/sourcedata/freesurfer/sub-v2s13x29136_ses-1/mri/talsrcimg_to_711-2C_as_mni_average_305_t4_vox2vox.txt /out/sourcedata/freesurfer/sub-v2s13x29136_ses-1/mri/transforms/talsrcimg_to_711-2C_as_mni_average_305_t4_vox2vox.txt
lta_convert --src orig_nu.mgz --trg /opt/freesurfer/average/mni305.cor.mgz --inxfm transforms/talairach.auto.xfm --outlta transforms/talairach.auto.xfm.lta --subject fsaverage
7.3.2

--src: orig_nu.mgz src image (geometry).
--trg: /opt/freesurfer/average/mni305.cor.mgz trg image (geometry).
--inmni: transforms/talairach.auto.xfm input MNI/XFM transform.
--outlta: transforms/talairach.auto.xfm.lta output LTA.
--s: fsaverage subject name
 LTA read, type : 1
 1.10187  -0.04851  -0.00277  -1.38751;
 0.01182   1.08263   0.24450  -12.29832;
 0.01776  -0.17287   1.15835  -11.52405;
 0.00000   0.00000   0.00000   1.00000;
setting subject to fsaverage
Writing  LTA to file transforms/talairach.auto.xfm.lta...
lta_convert successful.
 
 
Started at Wed Mar 11 05:20:00 CET 2026
Ended   at Wed Mar 11 05:21:30 CET 2026
talairach_avi done
