/out/sourcedata/freesurfer/sub-v2s13x29137_ses-1/mri
/opt/freesurfer/bin/talairach_avi
--i orig_nu.mgz --xfm transforms/talairach.auto.xfm
talairach_avi 7.3.2
Linux dna016 5.14.0-427.37.1.el9_4.x86_64 #1 SMP PREEMPT_DYNAMIC Fri Sep 13 12:41:50 EDT 2024 x86_64 x86_64 x86_64 GNU/Linux
Wed Mar 11 05:24:59 CET 2026
mri_convert orig_nu.mgz talsrcimg.img 
reading from orig_nu.mgz...
TR=0.00, TE=0.00, TI=0.00, flip angle=0.00
i_ras = (-1, 4.57563e-10, 8.09846e-11)
j_ras = (1.29575e-10, -1.65856e-08, -1)
k_ras = (5.95237e-10, 1, -1.65856e-08)
writing to talsrcimg.img...
Analyze Output Matrix
-0.89844   0.00000   0.00000   112.99174;
 0.00000  -0.00000   0.89844  -118.65208;
 0.00000  -0.89844  -0.00000   130.56039;
 0.00000   0.00000   0.00000   1.00000;
--------------------
INFO: set hdr.hist.orient to -1
mpr2mni305 talsrcimg
Wed Mar 11 05:25:00 CET 2026
/opt/freesurfer/bin/mpr2mni305 talsrcimg
mpr2mni305 7.3.2
target=711-2C_as_mni_average_305

---------------------------------------------------------------------
analyzeto4dfp talsrcimg -O0 -y
---------------------------------------------------------------------

freesurfer ifh2hdr.c
Wed Mar 11 05:25:00 2026
Writing: talsrcimg.4dfp.hdr
freesurfer analyzeto4dfp.c
Reading: talsrcimg.hdr
header size 348 bytes
hdr.dime.datatype	offset=70	value=2
hdr.dime.bitpix		offset=72	value=8
hdr.hist.orient		offset=252	value=-1
dimensionality     4
dimensions       256       256       256         1
Reading: talsrcimg.img
Writing: talsrcimg.4dfp.img
Writing: talsrcimg.4dfp.ifh
ifh2hdr talsrcimg -r0to242
ori=2

---------------------------------------------------------------------
gauss_4dfp talsrcimg 1.1
---------------------------------------------------------------------

freesurfer gauss_4dfp.c
Reading: talsrcimg.4dfp.img
Writing: talsrcimg_g11.4dfp.img
image dimensions 256 256 256 padded to 288 288 288
processing volume 1freesurfer ifh2hdr.c
Wed Mar 11 05:25:01 2026
Writing: talsrcimg_g11.4dfp.hdr

Writing: talsrcimg_g11.4dfp.ifh
including: talsrcimg.4dfp.img.rec in talsrcimg_g11.4dfp.img.rec

---------------------------------------------------------------------
imgreg_4dfp /opt/freesurfer/average/711-2C_as_mni_average_305 none talsrcimg_g11 none talsrcimg_to_711-2C_as_mni_average_305_t4 4355
---------------------------------------------------------------------

freesurfer imgreg_4dfp.c
/opt/freesurfer/average/711-2C_as_mni_average_305.4dfp.img
       256       256       256         1
  1.000000  1.000000  1.000000
orientation T byte_order littleendian
Reading image: /opt/freesurfer/average/711-2C_as_mni_average_305.4dfp.img
dimensions:      256       256       256
mmppix:       1.0000   -1.0000   -1.0000
center:     128.0000 -129.0000 -129.0000
talsrcimg_g11.4dfp.img
       256       256       256         1
  0.898438  0.898438  0.898438
orientation T byte_order littleendian
Reading image: talsrcimg_g11.4dfp.img
dimensions:      256       256       256
mmppix:       0.8984   -0.8984   -0.8984
center:     115.0001 -115.8985 -115.8985
t4_read: open error in t4_sub.f l:  41 t4_file(1:l)talsrcimg_to_711-2C_as_mni_average_305_t4 
t4_read: transform initialized to I4
rotation matrix determinant  1.000000
image alignment mode   4355 decimal     1103 hex
   -7.5000  -45.0000  -45.0000 6148.3135   14.9038
    0.0000  -45.0000  -45.0000 6211.9038   14.9162
    7.5000  -45.0000  -45.0000 5912.8857   14.9244
   -7.5000  -37.5000  -45.0000 6553.2139   15.8383
    0.0000  -37.5000  -45.0000 6619.3232   15.8534
    7.5000  -37.5000  -45.0000 6291.8325   15.8589
   -7.5000  -30.0000  -45.0000 6968.6494   16.3587
    0.0000  -30.0000  -45.0000 7050.3770   16.3766
    7.5000  -30.0000  -45.0000 6695.4751   16.3764
   -7.5000  -22.5000  -45.0000 7465.2163   16.3790
    0.0000  -22.5000  -45.0000 7573.2158   16.3972
    7.5000  -22.5000  -45.0000 7183.1851   16.3936
   -7.5000  -15.0000  -45.0000 7949.4536   16.3793
    0.0000  -15.0000  -45.0000 8034.3662   16.3952
    7.5000  -15.0000  -45.0000 7618.3672   16.3942
   -7.5000   -7.5000  -45.0000 8076.2124   16.3579
    0.0000   -7.5000  -45.0000 8156.0059   16.3718
    7.5000   -7.5000  -45.0000 7737.1099   16.3770
   -7.5000    0.0000  -45.0000 8109.7422   16.3356
    0.0000    0.0000  -45.0000 8188.9653   16.3491
    7.5000    0.0000  -45.0000 7780.3857   16.3582
   -7.5000    7.5000  -45.0000 7775.2212   16.3376
    0.0000    7.5000  -45.0000 7851.0269   16.3532
    7.5000    7.5000  -45.0000 7448.0532   16.3589
   -7.5000   15.0000  -45.0000 7534.8066   16.3587
    0.0000   15.0000  -45.0000 7606.9526   16.3766
    7.5000   15.0000  -45.0000 7210.3574   16.3764
   -7.5000   22.5000  -45.0000 6940.6821   16.1586
    0.0000   22.5000  -45.0000 6993.6318   16.1766
    7.5000   22.5000  -45.0000 6618.5459   16.1731
   -7.5000   30.0000  -45.0000 6374.5273   15.7576
    0.0000   30.0000  -45.0000 6418.2588   15.7729
    7.5000   30.0000  -45.0000 6063.4131   15.7722
   -7.5000   37.5000  -45.0000 5858.0610   15.5110
    0.0000   37.5000  -45.0000 5898.1514   15.5208
    7.5000   37.5000  -45.0000 5570.8862   15.5250
   -7.5000   45.0000  -45.0000 5356.3862   15.4537
    0.0000   45.0000  -45.0000 5404.0728   15.4642
    7.5000   45.0000  -45.0000 5113.3813   15.4789
   -7.5000  -45.0000  -37.5000 6751.4087   15.6291
    0.0000  -45.0000  -37.5000 6822.8154   15.6431
    7.5000  -45.0000  -37.5000 6472.5508   15.6520
   -7.5000  -37.5000  -37.5000 7192.5181   16.6223
    0.0000  -37.5000  -37.5000 7269.1763   16.6383
    7.5000  -37.5000  -37.5000 6876.3750   16.6460
   -7.5000  -30.0000  -37.5000 7624.1709   17.1378
    0.0000  -30.0000  -37.5000 7724.2891   17.1564
    7.5000  -30.0000  -37.5000 7301.7275   17.1590
   -7.5000  -22.5000  -37.5000 8147.0938   17.1522
    0.0000  -22.5000  -37.5000 8258.9980   17.1719
    7.5000  -22.5000  -37.5000 7795.6421   17.1700
   -7.5000  -15.0000  -37.5000 8648.5957   17.1466
    0.0000  -15.0000  -37.5000 8749.7197   17.1649
    7.5000  -15.0000  -37.5000 8265.6240   17.1638
   -7.5000   -7.5000  -37.5000 8773.0225   17.1250
    0.0000   -7.5000  -37.5000 8883.9648   17.1413
    7.5000   -7.5000  -37.5000 8401.1836   17.1460
   -7.5000    0.0000  -37.5000 8803.0000   17.1088
    0.0000    0.0000  -37.5000 8912.7002   17.1240
    7.5000    0.0000  -37.5000 8435.0801   17.1337
   -7.5000    7.5000  -37.5000 8419.2812   17.1162
    0.0000    7.5000  -37.5000 8543.1914   17.1327
    7.5000    7.5000  -37.5000 8071.7002   17.1406
   -7.5000   15.0000  -37.5000 8158.0977   17.1370
    0.0000   15.0000  -37.5000 8249.5947   17.1556
    7.5000   15.0000  -37.5000 7800.0112   17.1582
   -7.5000   22.5000  -37.5000 7472.6504   16.9229
    0.0000   22.5000  -37.5000 7559.9321   16.9423
    7.5000   22.5000  -37.5000 7134.6509   16.9405
   -7.5000   30.0000  -37.5000 6851.6289   16.5069
    0.0000   30.0000  -37.5000 6911.9941   16.5241
    7.5000   30.0000  -37.5000 6532.2402   16.5231
   -7.5000   37.5000  -37.5000 6290.7529   16.2483
    0.0000   37.5000  -37.5000 6336.6685   16.2602
    7.5000   37.5000  -37.5000 5988.6411   16.2631
   -7.5000   45.0000  -37.5000 5740.4038   16.1743
    0.0000   45.0000  -37.5000 5796.1826   16.1852
    7.5000   45.0000  -37.5000 5486.4595   16.2003
   -7.5000  -45.0000  -30.0000 7333.6099   16.3053
    0.0000  -45.0000  -30.0000 7401.6074   16.3221
    7.5000  -45.0000  -30.0000 7015.7939   16.3420
   -7.5000  -37.5000  -30.0000 7784.0659   17.3466
    0.0000  -37.5000  -30.0000 7875.8701   17.3641
    7.5000  -37.5000  -30.0000 7453.5273   17.3834
   -7.5000  -30.0000  -30.0000 8263.4736   17.8508
    0.0000  -30.0000  -30.0000 8361.9922   17.8705
    7.5000  -30.0000  -30.0000 7906.2153   17.8849
   -7.5000  -22.5000  -30.0000 8837.0391   17.8584
    0.0000  -22.5000  -30.0000 8932.3164   17.8801
    7.5000  -22.5000  -30.0000 8435.6045   17.8903
   -7.5000  -15.0000  -30.0000 9363.6904   17.8547
    0.0000  -15.0000  -30.0000 9475.6074   17.8761
    7.5000  -15.0000  -30.0000 8946.3018   17.8873
   -7.5000   -7.5000  -30.0000 9475.4600   17.8405
    0.0000   -7.5000  -30.0000 9597.6865   17.8604
    7.5000   -7.5000  -30.0000 9076.0811   17.8774
   -7.5000    0.0000  -30.0000 9483.4189   17.8304
    0.0000    0.0000  -30.0000 9607.3945   17.8488
    7.5000    0.0000  -30.0000 9088.7803   17.8706
   -7.5000    7.5000  -30.0000 9054.8340   17.8350
    0.0000    7.5000  -30.0000 9175.8359   17.8530
    7.5000    7.5000  -30.0000 8675.1523   17.8728
   -7.5000   15.0000  -30.0000 8774.0840   17.8483
    0.0000   15.0000  -30.0000 8885.2314   17.8680
    7.5000   15.0000  -30.0000 8388.7432   17.8825
   -7.5000   22.5000  -30.0000 8021.1465   17.6204
    0.0000   22.5000  -30.0000 8101.2568   17.6418
    7.5000   22.5000  -30.0000 7648.3140   17.6519
   -7.5000   30.0000  -30.0000 7336.4209   17.2042
    0.0000   30.0000  -30.0000 7383.9277   17.2243
    7.5000   30.0000  -30.0000 6988.6904   17.2347
   -7.5000   37.5000  -30.0000 6712.8853   16.9460
    0.0000   37.5000  -30.0000 6775.1738   16.9618
    7.5000   37.5000  -30.0000 6406.0605   16.9762
   -7.5000   45.0000  -30.0000 6120.3442   16.8750
    0.0000   45.0000  -30.0000 6175.4629   16.8872
    7.5000   45.0000  -30.0000 5845.9761   16.9118
   -7.5000  -45.0000  -22.5000 7900.7954   16.9736
    0.0000  -45.0000  -22.5000 7985.2339   16.9943
    7.5000  -45.0000  -22.5000 7566.9863   17.0276
   -7.5000  -37.5000  -22.5000 8388.9746   18.0639
    0.0000  -37.5000  -22.5000 8486.9697   18.0851
    7.5000  -37.5000  -22.5000 8036.0215   18.1171
   -7.5000  -30.0000  -22.5000 8898.0918   18.5616
    0.0000  -30.0000  -22.5000 9019.6514   18.5847
    7.5000  -30.0000  -22.5000 8509.5771   18.6117
   -7.5000  -22.5000  -22.5000 9526.6299   18.5672
    0.0000  -22.5000  -22.5000 9634.2227   18.5920
    7.5000  -22.5000  -22.5000 9086.4678   18.6155
   -7.5000  -15.0000  -22.500010097.8691   18.5680
    0.0000  -15.0000  -22.500010227.1152   18.5927
    7.5000  -15.0000  -22.5000 9634.7598   18.6186
   -7.5000   -7.5000  -22.500010217.4551   18.5591
    0.0000   -7.5000  -22.500010340.0684   18.5831
    7.5000   -7.5000  -22.5000 9745.1064   18.6155
   -7.5000    0.0000  -22.500010190.3252   18.5506
    0.0000    0.0000  -22.500010314.1465   18.5733
    7.5000    0.0000  -22.5000 9719.5742   18.6096
   -7.5000    7.5000  -22.5000 9687.5615   18.5493
    0.0000    7.5000  -22.5000 9812.0195   18.5711
    7.5000    7.5000  -22.5000 9261.5430   18.6040
   -7.5000   15.0000  -22.5000 9392.3174   18.5572
    0.0000   15.0000  -22.5000 9495.9121   18.5803
    7.5000   15.0000  -22.5000 8965.1641   18.6072
   -7.5000   22.5000  -22.5000 8580.8252   18.3215
    0.0000   22.5000  -22.5000 8641.6807   18.3460
    7.5000   22.5000  -22.5000 8166.9097   18.3692
   -7.5000   30.0000  -22.5000 7822.9102   17.9086
    0.0000   30.0000  -22.5000 7872.5693   17.9320
    7.5000   30.0000  -22.5000 7450.8091   17.9565
   -7.5000   37.5000  -22.5000 7146.2505   17.6516
    0.0000   37.5000  -22.5000 7191.7383   17.6719
    7.5000   37.5000  -22.5000 6800.0137   17.7015
   -7.5000   45.0000  -22.5000 6503.0015   17.5978
    0.0000   45.0000  -22.5000 6546.8037   17.6132
    7.5000   45.0000  -22.5000 6189.4453   17.6501
   -7.5000  -45.0000  -15.0000 8465.3037   17.5736
    0.0000  -45.0000  -15.0000 8547.5986   17.5952
    7.5000  -45.0000  -15.0000 8102.5127   17.6285
   -7.5000  -37.5000  -15.0000 8997.1289   18.6950
    0.0000  -37.5000  -15.0000 9089.2734   18.7175
    7.5000  -37.5000  -15.0000 8600.0811   18.7484
   -7.5000  -30.0000  -15.0000 9531.3779   19.1963
    0.0000  -30.0000  -15.0000 9642.3213   19.2206
    7.5000  -30.0000  -15.0000 9098.5498   19.2448
   -7.5000  -22.5000  -15.000010184.0322   19.2116
    0.0000  -22.5000  -15.000010304.5771   19.2369
    7.5000  -22.5000  -15.0000 9701.3779   19.2576
   -7.5000  -15.0000  -15.000010819.7539   19.2184
    0.0000  -15.0000  -15.000010953.8066   19.2432
    7.5000  -15.0000  -15.000010278.4287   19.2677
   -7.5000   -7.5000  -15.000010951.6670   19.2059
    0.0000   -7.5000  -15.000011093.0986   19.2303
    7.5000   -7.5000  -15.000010403.9316   19.2627
   -7.5000    0.0000  -15.000010901.2041   19.1877
    0.0000    0.0000  -15.000011044.4775   19.2113
    7.5000    0.0000  -15.000010363.6084   19.2476
   -7.5000    7.5000  -15.000010318.8486   19.1788
    0.0000    7.5000  -15.000010455.6963   19.2019
    7.5000    7.5000  -15.0000 9818.1572   19.2335
   -7.5000   15.0000  -15.0000 9986.5840   19.1904
    0.0000   15.0000  -15.000010101.4365   19.2147
    7.5000   15.0000  -15.0000 9511.3750   19.2389
   -7.5000   22.5000  -15.0000 9087.4678   18.9603
    0.0000   22.5000  -15.0000 9179.0879   18.9853
    7.5000   22.5000  -15.0000 8650.6523   19.0057
   -7.5000   30.0000  -15.0000 8264.0068   18.5501
    0.0000   30.0000  -15.0000 8334.0537   18.5740
    7.5000   30.0000  -15.0000 7868.6094   18.5973
   -7.5000   37.5000  -15.0000 7561.2285   18.2948
    0.0000   37.5000  -15.0000 7600.1743   18.3157
    7.5000   37.5000  -15.0000 7176.7593   18.3464
   -7.5000   45.0000  -15.0000 6850.0273   18.2481
    0.0000   45.0000  -15.0000 6908.3257   18.2649
    7.5000   45.0000  -15.0000 6513.6631   18.3028
   -7.5000  -45.0000   -7.5000 8761.4209   17.5829
    0.0000  -45.0000   -7.5000 8840.2656   17.6017
    7.5000  -45.0000   -7.5000 8374.6680   17.6226
   -7.5000  -37.5000   -7.5000 9302.1416   18.7046
    0.0000  -37.5000   -7.5000 9409.2344   18.7251
    7.5000  -37.5000   -7.5000 8882.9355   18.7424
   -7.5000  -30.0000   -7.5000 9878.9854   19.2141
    0.0000  -30.0000   -7.5000 9993.7520   19.2367
    7.5000  -30.0000   -7.5000 9403.9766   19.2463
   -7.5000  -22.5000   -7.500010535.6719   19.2382
    0.0000  -22.5000   -7.500010654.4492   19.2608
    7.5000  -22.5000   -7.500010000.2598   19.2667
   -7.5000  -15.0000   -7.500011177.4570   19.2446
    0.0000  -15.0000   -7.500011317.4180   19.2660
    7.5000  -15.0000   -7.500010582.9785   19.2760
   -7.5000   -7.5000   -7.500011318.8682   19.2244
    0.0000   -7.5000   -7.500011470.6689   19.2452
    7.5000   -7.5000   -7.500010703.2559   19.2638
   -7.5000    0.0000   -7.500011224.3926   19.1979
    0.0000    0.0000   -7.500011404.6152   19.2184
    7.5000    0.0000   -7.500010646.2178   19.2412
   -7.5000    7.5000   -7.500010611.9580   19.1887
    0.0000    7.5000   -7.500010739.3945   19.2097
    7.5000    7.5000   -7.500010058.8447   19.2274
   -7.5000   15.0000   -7.500010247.7773   19.2082
    0.0000   15.0000   -7.500010361.9756   19.2307
    7.5000   15.0000   -7.5000 9720.5781   19.2404
   -7.5000   22.5000   -7.5000 9332.4473   18.9865
    0.0000   22.5000   -7.5000 9451.5908   19.0089
    7.5000   22.5000   -7.5000 8859.8447   19.0147
   -7.5000   30.0000   -7.5000 8469.9062   18.5716
    0.0000   30.0000   -7.5000 8570.4580   18.5924
    7.5000   30.0000   -7.5000 8067.1758   18.6023
   -7.5000   37.5000   -7.5000 7734.3237   18.3164
    0.0000   37.5000   -7.5000 7804.2583   18.3331
    7.5000   37.5000   -7.5000 7349.0469   18.3507
   -7.5000   45.0000   -7.5000 7001.7964   18.2596
    0.0000   45.0000   -7.5000 7057.8403   18.2754
    7.5000   45.0000   -7.5000 6649.3613   18.3026
   -7.5000  -45.0000    0.0000 8883.9727   18.0335
    0.0000  -45.0000    0.0000 8954.3379   18.0495
    7.5000  -45.0000    0.0000 8475.7559   18.0599
   -7.5000  -37.5000    0.0000 9447.0010   19.1810
    0.0000  -37.5000    0.0000 9529.5762   19.1996
    7.5000  -37.5000    0.0000 8987.2158   19.2064
   -7.5000  -30.0000    0.000010059.1172   19.6961
    0.0000  -30.0000    0.000010138.0615   19.7171
    7.5000  -30.0000    0.0000 9546.7295   19.7162
   -7.5000  -22.5000    0.000010766.7871   19.7214
    0.0000  -22.5000    0.000010867.6357   19.7426
    7.5000  -22.5000    0.000010201.9404   19.7370
   -7.5000  -15.0000    0.000011391.2061   19.7232
    0.0000  -15.0000    0.000011509.3057   19.7425
    7.5000  -15.0000    0.000010759.2891   19.7402
   -7.5000   -7.5000    0.000011504.3984   19.6980
    0.0000   -7.5000    0.000011613.9785   19.7158
    7.5000   -7.5000    0.000010836.1455   19.7218
   -7.5000    0.0000    0.000011350.5723   19.6704
    0.0000    0.0000    0.000011478.2900   19.6878
    7.5000    0.0000    0.000010720.9307   19.6991
   -7.5000    7.5000    0.000010696.9043   19.6644
    0.0000    7.5000    0.000010792.7246   19.6834
    7.5000    7.5000    0.000010097.0059   19.6904
   -7.5000   15.0000    0.000010328.4717   19.6891
    0.0000   15.0000    0.000010419.2236   19.7101
    7.5000   15.0000    0.0000 9751.4395   19.7092
   -7.5000   22.5000    0.0000 9441.1094   19.4662
    0.0000   22.5000    0.0000 9536.7910   19.4871
    7.5000   22.5000    0.0000 8909.2500   19.4816
   -7.5000   30.0000    0.0000 8576.5781   19.0410
    0.0000   30.0000    0.0000 8666.5781   19.0597
    7.5000   30.0000    0.0000 8119.9136   19.0578
   -7.5000   37.5000    0.0000 7800.5522   18.7944
    0.0000   37.5000    0.0000 7879.4102   18.8074
    7.5000   37.5000    0.0000 7387.2520   18.8124
   -7.5000   45.0000    0.0000 7030.5303   18.7456
    0.0000   45.0000    0.0000 7086.5688   18.7595
    7.5000   45.0000    0.0000 6669.1846   18.7776
   -7.5000  -45.0000    7.5000 8657.5039   18.0350
    0.0000  -45.0000    7.5000 8711.2246   18.0506
    7.5000  -45.0000    7.5000 8257.9414   18.0612
   -7.5000  -37.5000    7.5000 9192.8105   19.1876
    0.0000  -37.5000    7.5000 9254.6836   19.2052
    7.5000  -37.5000    7.5000 8756.9346   19.2141
   -7.5000  -30.0000    7.5000 9822.6973   19.7005
    0.0000  -30.0000    7.5000 9889.5625   19.7207
    7.5000  -30.0000    7.5000 9343.8750   19.7232
   -7.5000  -22.5000    7.500010607.9844   19.7186
    0.0000  -22.5000    7.500010713.1777   19.7402
    7.5000  -22.5000    7.500010055.2539   19.7375
   -7.5000  -15.0000    7.500011273.7256   19.7155
    0.0000  -15.0000    7.500011346.8711   19.7358
    7.5000  -15.0000    7.500010635.9561   19.7344
   -7.5000   -7.5000    7.500011321.8066   19.6922
    0.0000   -7.5000    7.500011338.5127   19.7105
    7.5000   -7.5000    7.500010644.7256   19.7161
   -7.5000    0.0000    7.500011115.5908   19.6720
    0.0000    0.0000    7.500011122.3623   19.6890
    7.5000    0.0000    7.500010463.2617   19.7006
   -7.5000    7.5000    7.500010420.5840   19.6712
    0.0000    7.5000    7.500010435.9414   19.6892
    7.5000    7.5000    7.5000 9811.2031   19.6983
   -7.5000   15.0000    7.500010051.0410   19.6935
    0.0000   15.0000    7.500010083.9502   19.7137
    7.5000   15.0000    7.5000 9460.2119   19.7163
   -7.5000   22.5000    7.5000 9178.6152   19.4634
    0.0000   22.5000    7.5000 9251.6738   19.4847
    7.5000   22.5000    7.5000 8650.3193   19.4821
   -7.5000   30.0000    7.5000 8335.0840   19.0331
    0.0000   30.0000    7.5000 8410.3467   19.0524
    7.5000   30.0000    7.5000 7889.0952   19.0510
   -7.5000   37.5000    7.5000 7575.0596   18.7887
    0.0000   37.5000    7.5000 7634.6968   18.8021
    7.5000   37.5000    7.5000 7173.3755   18.8058
   -7.5000   45.0000    7.5000 6815.0791   18.7450
    0.0000   45.0000    7.5000 6868.5342   18.7572
    7.5000   45.0000    7.5000 6460.1587   18.7749
   -7.5000  -45.0000   15.0000 8690.1514   18.0274
    0.0000  -45.0000   15.0000 8737.4160   18.0461
    7.5000  -45.0000   15.0000 8308.3818   18.0682
   -7.5000  -37.5000   15.0000 9197.0957   19.1812
    0.0000  -37.5000   15.0000 9232.1836   19.2006
    7.5000  -37.5000   15.0000 8799.6826   19.2220
   -7.5000  -30.0000   15.0000 9809.8135   19.6861
    0.0000  -30.0000   15.0000 9872.9639   19.7079
    7.5000  -30.0000   15.0000 9380.3047   19.7239
   -7.5000  -22.5000   15.000010619.4912   19.6945
    0.0000  -22.5000   15.000010727.9717   19.7183
    7.5000  -22.5000   15.000010106.1436   19.7298
   -7.5000  -15.0000   15.000011339.0879   19.6904
    0.0000  -15.0000   15.000011401.7939   19.7140
    7.5000  -15.0000   15.000010756.4600   19.7265
   -7.5000   -7.5000   15.000011446.4590   19.6748
    0.0000   -7.5000   15.000011429.7236   19.6968
    7.5000   -7.5000   15.000010794.9111   19.7156
   -7.5000    0.0000   15.000011239.3789   19.6638
    0.0000    0.0000   15.000011202.2666   19.6841
    7.5000    0.0000   15.000010569.1953   19.7082
   -7.5000    7.5000   15.000010475.3232   19.6645
    0.0000    7.5000   15.000010449.9189   19.6844
    7.5000    7.5000   15.0000 9856.2998   19.7064
   -7.5000   15.0000   15.000010063.0322   19.6792
    0.0000   15.0000   15.000010050.1816   19.7009
    7.5000   15.0000   15.0000 9464.4414   19.7169
   -7.5000   22.5000   15.0000 9190.7520   19.4396
    0.0000   22.5000   15.0000 9226.1328   19.4632
    7.5000   22.5000   15.0000 8671.1709   19.4744
   -7.5000   30.0000   15.0000 8370.0283   19.0126
    0.0000   30.0000   15.0000 8431.4463   19.0348
    7.5000   30.0000   15.0000 7918.8135   19.0465
   -7.5000   37.5000   15.0000 7585.4321   18.7674
    0.0000   37.5000   15.0000 7637.7827   18.7850
    7.5000   37.5000   15.0000 7191.8032   18.8010
   -7.5000   45.0000   15.0000 6792.8394   18.7355
    0.0000   45.0000   15.0000 6840.4263   18.7492
    7.5000   45.0000   15.0000 6449.8184   18.7766
   -7.5000  -45.0000   22.5000 8244.1025   18.1008
    0.0000  -45.0000   22.5000 8285.6221   18.1233
    7.5000  -45.0000   22.5000 7910.8320   18.1589
   -7.5000  -37.5000   22.5000 8731.1914   19.2557
    0.0000  -37.5000   22.5000 8780.8203   19.2786
    7.5000  -37.5000   22.5000 8386.7920   19.3128
   -7.5000  -30.0000   22.5000 9324.3340   19.7566
    0.0000  -30.0000   22.5000 9409.6094   19.7815
    7.5000  -30.0000   22.5000 8952.7939   19.8103
   -7.5000  -22.5000   22.500010034.1279   19.7621
    0.0000  -22.5000   22.500010166.1055   19.7890
    7.5000  -22.5000   22.5000 9617.4863   19.8140
   -7.5000  -15.0000   22.500010668.6270   19.7622
    0.0000  -15.0000   22.500010807.7588   19.7891
    7.5000  -15.0000   22.500010190.5303   19.8166
   -7.5000   -7.5000   22.500010817.7344   19.7524
    0.0000   -7.5000   22.500010903.7500   19.7785
    7.5000   -7.5000   22.500010261.7842   19.8130
   -7.5000    0.0000   22.500010713.8789   19.7438
    0.0000    0.0000   22.500010760.6074   19.7683
    7.5000    0.0000   22.500010121.6533   19.8071
   -7.5000    7.5000   22.5000 9972.1367   19.7409
    0.0000    7.5000   22.5000 9993.3057   19.7644
    7.5000    7.5000   22.5000 9421.7217   19.7995
   -7.5000   15.0000   22.5000 9559.3252   19.7496
    0.0000   15.0000   22.5000 9581.8457   19.7745
    7.5000   15.0000   22.5000 9040.8447   19.8033
   -7.5000   22.5000   22.5000 8723.0537   19.5063
    0.0000   22.5000   22.5000 8766.5986   19.5329
    7.5000   22.5000   22.5000 8270.5459   19.5576
   -7.5000   30.0000   22.5000 7937.0239   19.0865
    0.0000   30.0000   22.5000 7984.8369   19.1120
    7.5000   30.0000   22.5000 7541.8193   19.1380
   -7.5000   37.5000   22.5000 7161.1045   18.8394
    0.0000   37.5000   22.5000 7210.4810   18.8616
    7.5000   37.5000   22.5000 6839.3599   18.8933
   -7.5000   45.0000   22.5000 6407.4595   18.8164
    0.0000   45.0000   22.5000 6450.3735   18.8332
    7.5000   45.0000   22.5000 6118.1680   18.8727
   -7.5000  -45.0000   30.0000 7759.0239   18.1773
    0.0000  -45.0000   30.0000 7848.1772   18.2002
    7.5000  -45.0000   30.0000 7457.8911   18.2343
   -7.5000  -37.5000   30.0000 8246.2236   19.3393
    0.0000  -37.5000   30.0000 8337.0518   19.3629
    7.5000  -37.5000   30.0000 7923.2935   19.3936
   -7.5000  -30.0000   30.0000 8794.8457   19.8512
    0.0000  -30.0000   30.0000 8895.0371   19.8765
    7.5000  -30.0000   30.0000 8442.1699   19.8999
   -7.5000  -22.5000   30.0000 9420.7305   19.8684
    0.0000  -22.5000   30.0000 9517.3008   19.8950
    7.5000  -22.5000   30.0000 9033.3857   19.9149
   -7.5000  -15.0000   30.0000 9969.3262   19.8745
    0.0000  -15.0000   30.000010070.3184   19.9009
    7.5000  -15.0000   30.0000 9550.8818   19.9255
   -7.5000   -7.5000   30.000010100.1104   19.8593
    0.0000   -7.5000   30.000010170.9170   19.8855
    7.5000   -7.5000   30.0000 9641.7080   19.9188
   -7.5000    0.0000   30.000010034.6240   19.8393
    0.0000    0.0000   30.000010085.3838   19.8643
    7.5000    0.0000   30.0000 9539.6670   19.9015
   -7.5000    7.5000   30.0000 9381.1221   19.8300
    0.0000    7.5000   30.0000 9418.0684   19.8543
    7.5000    7.5000   30.0000 8913.3965   19.8857
   -7.5000   15.0000   30.0000 8987.8076   19.8441
    0.0000   15.0000   30.0000 9033.4756   19.8694
    7.5000   15.0000   30.0000 8547.4297   19.8928
   -7.5000   22.5000   30.0000 8210.6816   19.6095
    0.0000   22.5000   30.0000 8273.0801   19.6358
    7.5000   22.5000   30.0000 7807.7573   19.6554
   -7.5000   30.0000   30.0000 7439.8267   19.2044
    0.0000   30.0000   30.0000 7502.4077   19.2299
    7.5000   30.0000   30.0000 7094.2944   19.2534
   -7.5000   37.5000   30.0000 6679.4331   18.9639
    0.0000   37.5000   30.0000 6741.4771   18.9864
    7.5000   37.5000   30.0000 6407.6396   19.0179
   -7.5000   45.0000   30.0000 5967.7593   18.9473
    0.0000   45.0000   30.0000 6018.7393   18.9653
    7.5000   45.0000   30.0000 5713.3833   19.0043
   -7.5000  -45.0000   37.5000 7300.1621   18.1989
    0.0000  -45.0000   37.5000 7382.3809   18.2155
    7.5000  -45.0000   37.5000 7001.9775   18.2328
   -7.5000  -37.5000   37.5000 7762.5181   19.3668
    0.0000  -37.5000   37.5000 7834.0332   19.3847
    7.5000  -37.5000   37.5000 7440.4414   19.3978
   -7.5000  -30.0000   37.5000 8247.6416   19.8765
    0.0000  -30.0000   37.5000 8339.4473   19.8969
    7.5000  -30.0000   37.5000 7918.4141   19.9021
   -7.5000  -22.5000   37.5000 8801.7227   19.9034
    0.0000  -22.5000   37.5000 8869.4932   19.9250
    7.5000  -22.5000   37.5000 8448.1162   19.9263
   -7.5000  -15.0000   37.5000 9299.8330   19.9088
    0.0000  -15.0000   37.5000 9356.0762   19.9294
    7.5000  -15.0000   37.5000 8913.8877   19.9352
   -7.5000   -7.5000   37.5000 9417.5967   19.8847
    0.0000   -7.5000   37.5000 9467.2070   19.9041
    7.5000   -7.5000   37.5000 9013.4912   19.9187
   -7.5000    0.0000   37.5000 9375.1055   19.8553
    0.0000    0.0000   37.5000 9413.9941   19.8734
    7.5000    0.0000   37.5000 8939.6211   19.8923
   -7.5000    7.5000   37.5000 8775.9541   19.8459
    0.0000    7.5000   37.5000 8814.7979   19.8643
    7.5000    7.5000   37.5000 8353.3203   19.8777
   -7.5000   15.0000   37.5000 8428.4297   19.8693
    0.0000   15.0000   37.5000 8474.3701   19.8897
    7.5000   15.0000   37.5000 8016.6152   19.8948
   -7.5000   22.5000   37.5000 7711.8169   19.6406
    0.0000   22.5000   37.5000 7768.1304   19.6619
    7.5000   22.5000   37.5000 7338.2412   19.6632
   -7.5000   30.0000   37.5000 6973.8413   19.2344
    0.0000   30.0000   37.5000 7016.2817   19.2545
    7.5000   30.0000   37.5000 6651.5513   19.2603
   -7.5000   37.5000   37.5000 6229.5884   19.0004
    0.0000   37.5000   37.5000 6279.7617   19.0155
    7.5000   37.5000   37.5000 5966.5933   19.0293
   -7.5000   45.0000   37.5000 5553.6255   18.9705
    0.0000   45.0000   37.5000 5611.2822   18.9837
    7.5000   45.0000   37.5000 5325.5444   19.0073
   -7.5000  -45.0000   45.0000 6795.5630   18.3333
    0.0000  -45.0000   45.0000 6876.3374   18.3483
    7.5000  -45.0000   45.0000 6515.5781   18.3583
   -7.5000  -37.5000   45.0000 7217.1455   19.5163
    0.0000  -37.5000   45.0000 7294.9019   19.5324
    7.5000  -37.5000   45.0000 6920.0884   19.5380
   -7.5000  -30.0000   45.0000 7683.5898   20.0189
    0.0000  -30.0000   45.0000 7775.2222   20.0367
    7.5000  -30.0000   45.0000 7361.9277   20.0331
   -7.5000  -22.5000   45.0000 8190.3296   20.0499
    0.0000  -22.5000   45.0000 8258.9297   20.0685
    7.5000  -22.5000   45.0000 7850.8384   20.0595
   -7.5000  -15.0000   45.0000 8616.9307   20.0501
    0.0000  -15.0000   45.0000 8683.3496   20.0682
    7.5000  -15.0000   45.0000 8277.0352   20.0633
   -7.5000   -7.5000   45.0000 8730.4170   20.0178
    0.0000   -7.5000   45.0000 8785.5244   20.0350
    7.5000   -7.5000   45.0000 8370.7051   20.0401
   -7.5000    0.0000   45.0000 8697.4014   19.9846
    0.0000    0.0000   45.0000 8753.3643   20.0009
    7.5000    0.0000   45.0000 8323.8213   20.0118
   -7.5000    7.5000   45.0000 8143.3018   19.9799
    0.0000    7.5000   45.0000 8196.6445   19.9965
    7.5000    7.5000   45.0000 7781.7432   20.0022
   -7.5000   15.0000   45.0000 7813.5366   20.0114
    0.0000   15.0000   45.0000 7876.0405   20.0292
    7.5000   15.0000   45.0000 7452.7627   20.0256
   -7.5000   22.5000   45.0000 7151.9902   19.7826
    0.0000   22.5000   45.0000 7216.4009   19.8009
    7.5000   22.5000   45.0000 6832.1797   19.7921
   -7.5000   30.0000   45.0000 6479.7334   19.3604
    0.0000   30.0000   45.0000 6544.2842   19.3779
    7.5000   30.0000   45.0000 6189.4487   19.3736
   -7.5000   37.5000   45.0000 5785.0874   19.0987
    0.0000   37.5000   45.0000 5850.1426   19.1113
    7.5000   37.5000   45.0000 5542.1304   19.1156
   -7.5000   45.0000   45.0000 5172.8916   19.0492
    0.0000   45.0000   45.0000 5219.3003   19.0621
    7.5000   45.0000   45.0000 4958.7700   19.0805

---------------------------------------------------------------------
imgreg_4dfp /opt/freesurfer/average/711-2C_as_mni_average_305 /opt/freesurfer/average/711-2B_as_mni_average_305_mask talsrcimg_g11 none talsrcimg_to_711-2C_as_mni_average_305_t4 4355
---------------------------------------------------------------------

freesurfer imgreg_4dfp.c
/opt/freesurfer/average/711-2C_as_mni_average_305.4dfp.img
       256       256       256         1
  1.000000  1.000000  1.000000
orientation T byte_order littleendian
Reading image: /opt/freesurfer/average/711-2C_as_mni_average_305.4dfp.img
dimensions:      256       256       256
mmppix:       1.0000   -1.0000   -1.0000
center:     128.0000 -129.0000 -129.0000
/opt/freesurfer/average/711-2B_as_mni_average_305_mask.4dfp.img
       256       256       256         1
  1.000000  1.000000  1.000000
orientation T byte_order littleendian
Reading mask: /opt/freesurfer/average/711-2B_as_mni_average_305_mask.4dfp.img (2306576 pixels)
talsrcimg_g11.4dfp.img
       256       256       256         1
  0.898438  0.898438  0.898438
orientation T byte_order littleendian
Reading image: talsrcimg_g11.4dfp.img
dimensions:      256       256       256
mmppix:       0.8984   -0.8984   -0.8984
center:     115.0001 -115.8985 -115.8985
rotation matrix determinant  1.000000
image alignment mode   4355 decimal     1103 hex
   -7.5000  -52.5000  -45.0000 1878.0182   19.0243
    0.0000  -52.5000  -45.0000 1893.8413   18.9516
    7.5000  -52.5000  -45.0000 1882.6467   19.0438
   -7.5000  -45.0000  -45.0000 1966.7811   17.8550
    0.0000  -45.0000  -45.0000 1981.3903   17.7742
    7.5000  -45.0000  -45.0000 1970.3043   17.8994
   -7.5000  -37.5000  -45.0000 2014.9469   16.9545
    0.0000  -37.5000  -45.0000 2030.5919   16.8493
    7.5000  -37.5000  -45.0000 2019.9443   16.9786
   -7.5000  -30.0000  -45.0000 2040.0714   16.3832
    0.0000  -30.0000  -45.0000 2059.9839   16.2538
    7.5000  -30.0000  -45.0000 2043.9640   16.3355
   -7.5000  -22.5000  -45.0000 2045.6281   16.0716
    0.0000  -22.5000  -45.0000 2068.0742   15.9202
    7.5000  -22.5000  -45.0000 2054.0493   16.0079
   -7.5000  -15.0000  -45.0000 2048.6909   16.0018
    0.0000  -15.0000  -45.0000 2068.3025   15.7743
    7.5000  -15.0000  -45.0000 2053.6912   15.8951
   -7.5000   -7.5000  -45.0000 2041.6631   16.2081
    0.0000   -7.5000  -45.0000 2063.6250   16.0256
    7.5000   -7.5000  -45.0000 2049.4004   16.0661
   -7.5000    0.0000  -45.0000 2022.3835   16.7117
    0.0000    0.0000  -45.0000 2047.7787   16.4910
    7.5000    0.0000  -45.0000 2032.1262   16.5918
   -7.5000    7.5000  -45.0000 1984.8455   17.5227
    0.0000    7.5000  -45.0000 2012.4534   17.2716
    7.5000    7.5000  -45.0000 1994.6357   17.3859
   -7.5000   15.0000  -45.0000 1926.6842   18.5965
    0.0000   15.0000  -45.0000 1952.2325   18.3512
    7.5000   15.0000  -45.0000 1936.1835   18.4496
   -7.5000   22.5000  -45.0000 1855.8727   20.0125
    0.0000   22.5000  -45.0000 1879.5260   19.7283
    7.5000   22.5000  -45.0000 1863.3685   19.8615
   -7.5000   30.0000  -45.0000 1769.0131   22.0210
    0.0000   30.0000  -45.0000 1790.8290   21.6698
    7.5000   30.0000  -45.0000 1773.2993   21.8667
   -7.5000   37.5000  -45.0000 1653.5167   24.6205
    0.0000   37.5000  -45.0000 1673.7871   24.2740
    7.5000   37.5000  -45.0000 1657.0291   24.5472
   -7.5000  -52.5000  -37.5000 2042.1160   18.5627
    0.0000  -52.5000  -37.5000 2059.0586   18.5080
    7.5000  -52.5000  -37.5000 2047.6709   18.5783
   -7.5000  -45.0000  -37.5000 2147.6692   17.4367
    0.0000  -45.0000  -37.5000 2163.3567   17.3745
    7.5000  -45.0000  -37.5000 2146.6970   17.4322
   -7.5000  -37.5000  -37.5000 2198.9465   16.5420
    0.0000  -37.5000  -37.5000 2215.6746   16.4827
    7.5000  -37.5000  -37.5000 2197.3054   16.5273
   -7.5000  -30.0000  -37.5000 2215.1772   15.9269
    0.0000  -30.0000  -37.5000 2238.9507   15.8551
    7.5000  -30.0000  -37.5000 2219.3906   15.9535
   -7.5000  -22.5000  -37.5000 2217.6738   15.5820
    0.0000  -22.5000  -37.5000 2245.1143   15.4920
    7.5000  -22.5000  -37.5000 2227.4636   15.5481
   -7.5000  -15.0000  -37.5000 2218.2734   15.5084
    0.0000  -15.0000  -37.5000 2242.4226   15.3388
    7.5000  -15.0000  -37.5000 2228.2585   15.3916
   -7.5000   -7.5000  -37.5000 2211.8906   15.7032
    0.0000   -7.5000  -37.5000 2242.3594   15.5338
    7.5000   -7.5000  -37.5000 2227.6367   15.5890
   -7.5000    0.0000  -37.5000 2190.4253   16.1865
    0.0000    0.0000  -37.5000 2220.4521   16.0018
    7.5000    0.0000  -37.5000 2206.0852   16.0770
   -7.5000    7.5000  -37.5000 2152.1138   16.9632
    0.0000    7.5000  -37.5000 2185.2588   16.7698
    7.5000    7.5000  -37.5000 2170.0117   16.8562
   -7.5000   15.0000  -37.5000 2090.0125   18.0345
    0.0000   15.0000  -37.5000 2118.9500   17.8203
    7.5000   15.0000  -37.5000 2104.0889   17.8912
   -7.5000   22.5000  -37.5000 2012.3231   19.4297
    0.0000   22.5000  -37.5000 2042.5804   19.1594
    7.5000   22.5000  -37.5000 2022.6080   19.3114
   -7.5000   30.0000  -37.5000 1920.8345   21.3448
    0.0000   30.0000  -37.5000 1944.8765   21.0717
    7.5000   30.0000  -37.5000 1924.4067   21.2100
   -7.5000   37.5000  -37.5000 1792.1392   23.7856
    0.0000   37.5000  -37.5000 1811.9648   23.4707
    7.5000   37.5000  -37.5000 1794.2821   23.6241
   -7.5000  -52.5000  -30.0000 2193.3638   18.1064
    0.0000  -52.5000  -30.0000 2207.3938   18.0554
    7.5000  -52.5000  -30.0000 2197.5833   18.1136
   -7.5000  -45.0000  -30.0000 2297.3010   16.9313
    0.0000  -45.0000  -30.0000 2315.3208   16.9030
    7.5000  -45.0000  -30.0000 2300.9824   16.9645
   -7.5000  -37.5000  -30.0000 2349.4426   15.9591
    0.0000  -37.5000  -30.0000 2373.4058   15.9454
    7.5000  -37.5000  -30.0000 2359.0586   15.9973
   -7.5000  -30.0000  -30.0000 2380.8806   15.3125
    0.0000  -30.0000  -30.0000 2404.3755   15.2487
    7.5000  -30.0000  -30.0000 2384.7195   15.3320
   -7.5000  -22.5000  -30.0000 2396.5344   14.9578
    0.0000  -22.5000  -30.0000 2415.4358   14.8658
    7.5000  -22.5000  -30.0000 2398.5762   14.9497
   -7.5000  -15.0000  -30.0000 2392.2014   14.8920
    0.0000  -15.0000  -30.0000 2416.3020   14.7929
    7.5000  -15.0000  -30.0000 2405.2896   14.8609
   -7.5000   -7.5000  -30.0000 2380.1421   15.1043
    0.0000   -7.5000  -30.0000 2412.9385   14.9691
    7.5000   -7.5000  -30.0000 2400.7415   15.0369
   -7.5000    0.0000  -30.0000 2357.4358   15.5442
    0.0000    0.0000  -30.0000 2388.3284   15.4025
    7.5000    0.0000  -30.0000 2376.7808   15.5085
   -7.5000    7.5000  -30.0000 2314.0388   16.3129
    0.0000    7.5000  -30.0000 2347.9360   16.1426
    7.5000    7.5000  -30.0000 2333.6489   16.2338
   -7.5000   15.0000  -30.0000 2250.8342   17.3290
    0.0000   15.0000  -30.0000 2281.1702   17.1579
    7.5000   15.0000  -30.0000 2265.2559   17.2487
   -7.5000   22.5000  -30.0000 2167.4075   18.6830
    0.0000   22.5000  -30.0000 2192.3218   18.4686
    7.5000   22.5000  -30.0000 2173.3606   18.6094
   -7.5000   30.0000  -30.0000 2064.1660   20.5105
    0.0000   30.0000  -30.0000 2079.4602   20.2678
    7.5000   30.0000  -30.0000 2063.0762   20.4155
   -7.5000   37.5000  -30.0000 1921.0605   22.7578
    0.0000   37.5000  -30.0000 1946.0754   22.4914
    7.5000   37.5000  -30.0000 1925.0431   22.6123
   -7.5000  -52.5000  -22.5000 2314.2097   17.4964
    0.0000  -52.5000  -22.5000 2332.6221   17.4286
    7.5000  -52.5000  -22.5000 2316.2849   17.4951
   -7.5000  -45.0000  -22.5000 2418.9172   16.2913
    0.0000  -45.0000  -22.5000 2441.0500   16.2499
    7.5000  -45.0000  -22.5000 2425.3931   16.3387
   -7.5000  -37.5000  -22.5000 2476.5393   15.3175
    0.0000  -37.5000  -22.5000 2499.4648   15.2559
    7.5000  -37.5000  -22.5000 2489.2598   15.3280
   -7.5000  -30.0000  -22.5000 2517.6589   14.6078
    0.0000  -30.0000  -22.5000 2539.0676   14.5391
    7.5000  -30.0000  -22.5000 2524.7781   14.6351
   -7.5000  -22.5000  -22.5000 2551.1467   14.1985
    0.0000  -22.5000  -22.5000 2572.4700   14.1404
    7.5000  -22.5000  -22.5000 2552.4875   14.2154
   -7.5000  -15.0000  -22.5000 2556.9453   14.1555
    0.0000  -15.0000  -22.5000 2578.7542   14.0838
    7.5000  -15.0000  -22.5000 2565.4668   14.1608
   -7.5000   -7.5000  -22.5000 2544.3823   14.3520
    0.0000   -7.5000  -22.5000 2573.7070   14.2666
    7.5000   -7.5000  -22.5000 2554.4792   14.3713
   -7.5000    0.0000  -22.5000 2517.2380   14.8046
    0.0000    0.0000  -22.5000 2547.6948   14.6764
    7.5000    0.0000  -22.5000 2527.5103   14.8081
   -7.5000    7.5000  -22.5000 2469.4849   15.5259
    0.0000    7.5000  -22.5000 2502.3740   15.3643
    7.5000    7.5000  -22.5000 2481.1770   15.5138
   -7.5000   15.0000  -22.5000 2399.6331   16.4767
    0.0000   15.0000  -22.5000 2427.3455   16.3306
    7.5000   15.0000  -22.5000 2407.6086   16.4449
   -7.5000   22.5000  -22.5000 2305.3584   17.7929
    0.0000   22.5000  -22.5000 2326.7981   17.6038
    7.5000   22.5000  -22.5000 2306.2021   17.7417
   -7.5000   30.0000  -22.5000 2190.1025   19.4946
    0.0000   30.0000  -22.5000 2209.3911   19.2879
    7.5000   30.0000  -22.5000 2190.1956   19.4642
   -7.5000   37.5000  -22.5000 2043.8217   21.6002
    0.0000   37.5000  -22.5000 2062.0474   21.3787
    7.5000   37.5000  -22.5000 2039.7422   21.5504
   -7.5000  -52.5000  -15.0000 2389.2915   16.8285
    0.0000  -52.5000  -15.0000 2410.8909   16.7230
    7.5000  -52.5000  -15.0000 2394.3032   16.8204
   -7.5000  -45.0000  -15.0000 2505.1821   15.5798
    0.0000  -45.0000  -15.0000 2529.6560   15.4844
    7.5000  -45.0000  -15.0000 2511.5723   15.5940
   -7.5000  -37.5000  -15.0000 2575.4160   14.5821
    0.0000  -37.5000  -15.0000 2597.6260   14.4986
    7.5000  -37.5000  -15.0000 2585.1738   14.5711
   -7.5000  -30.0000  -15.0000 2626.3237   13.8817
    0.0000  -30.0000  -15.0000 2643.3843   13.8196
    7.5000  -30.0000  -15.0000 2632.0894   13.8742
   -7.5000  -22.5000  -15.0000 2664.4360   13.4247
    0.0000  -22.5000  -15.0000 2688.5557   13.3498
    7.5000  -22.5000  -15.0000 2670.2236   13.4439
   -7.5000  -15.0000  -15.0000 2683.0732   13.3289
    0.0000  -15.0000  -15.0000 2707.6353   13.2845
    7.5000  -15.0000  -15.0000 2684.6428   13.3848
   -7.5000   -7.5000  -15.0000 2680.4094   13.5519
    0.0000   -7.5000  -15.0000 2709.6094   13.4691
    7.5000   -7.5000  -15.0000 2684.1438   13.5900
   -7.5000    0.0000  -15.0000 2657.3030   14.0211
    0.0000    0.0000  -15.0000 2686.7014   13.9053
    7.5000    0.0000  -15.0000 2657.9302   14.0397
   -7.5000    7.5000  -15.0000 2601.6167   14.7001
    0.0000    7.5000  -15.0000 2632.8640   14.5551
    7.5000    7.5000  -15.0000 2604.2517   14.6880
   -7.5000   15.0000  -15.0000 2520.4827   15.6181
    0.0000   15.0000  -15.0000 2549.4778   15.4645
    7.5000   15.0000  -15.0000 2524.6594   15.5936
   -7.5000   22.5000  -15.0000 2412.8711   16.8756
    0.0000   22.5000  -15.0000 2437.8960   16.7013
    7.5000   22.5000  -15.0000 2416.5652   16.8525
   -7.5000   30.0000  -15.0000 2287.0476   18.5329
    0.0000   30.0000  -15.0000 2308.3374   18.3431
    7.5000   30.0000  -15.0000 2287.5125   18.4838
   -7.5000   37.5000  -15.0000 2137.5181   20.5969
    0.0000   37.5000  -15.0000 2152.8193   20.4153
    7.5000   37.5000  -15.0000 2130.6372   20.5397
   -7.5000  -52.5000   -7.5000 2423.7825   16.0640
    0.0000  -52.5000   -7.5000 2444.1768   15.9380
    7.5000  -52.5000   -7.5000 2434.5032   16.0369
   -7.5000  -45.0000   -7.5000 2548.7100   14.8036
    0.0000  -45.0000   -7.5000 2572.7852   14.7165
    7.5000  -45.0000   -7.5000 2561.7510   14.7961
   -7.5000  -37.5000   -7.5000 2634.2207   13.8144
    0.0000  -37.5000   -7.5000 2663.0679   13.7202
    7.5000  -37.5000   -7.5000 2647.2942   13.7936
   -7.5000  -30.0000   -7.5000 2698.2144   13.0796
    0.0000  -30.0000   -7.5000 2724.5127   13.0208
    7.5000  -30.0000   -7.5000 2706.7209   13.0960
   -7.5000  -22.5000   -7.5000 2745.5720   12.6499
    0.0000  -22.5000   -7.5000 2777.3347   12.5792
    7.5000  -22.5000   -7.5000 2749.8037   12.6723
   -7.5000  -15.0000   -7.5000 2774.2642   12.5009
    0.0000  -15.0000   -7.5000 2804.5696   12.4423
    7.5000  -15.0000   -7.5000 2773.5918   12.5579
   -7.5000   -7.5000   -7.5000 2781.0920   12.7246
    0.0000   -7.5000   -7.5000 2812.5908   12.6363
    7.5000   -7.5000   -7.5000 2778.6160   12.7534
   -7.5000    0.0000   -7.5000 2750.4177   13.1558
    0.0000    0.0000   -7.5000 2788.8467   13.0529
    7.5000    0.0000   -7.5000 2752.4482   13.1765
   -7.5000    7.5000   -7.5000 2689.5999   13.8008
    0.0000    7.5000   -7.5000 2720.9619   13.6802
    7.5000    7.5000   -7.5000 2690.9773   13.8394
   -7.5000   15.0000   -7.5000 2601.3315   14.7306
    0.0000   15.0000   -7.5000 2629.1724   14.5909
    7.5000   15.0000   -7.5000 2601.4480   14.7376
   -7.5000   22.5000   -7.5000 2485.4849   16.0274
    0.0000   22.5000   -7.5000 2515.8547   15.8567
    7.5000   22.5000   -7.5000 2485.0593   15.9897
   -7.5000   30.0000   -7.5000 2352.1279   17.6468
    0.0000   30.0000   -7.5000 2378.8779   17.4534
    7.5000   30.0000   -7.5000 2354.9885   17.6009
   -7.5000   37.5000   -7.5000 2190.2837   19.6444
    0.0000   37.5000   -7.5000 2211.4976   19.3962
    7.5000   37.5000   -7.5000 2189.1162   19.5479
   -7.5000  -52.5000    0.0000 2454.0972   15.5890
    0.0000  -52.5000    0.0000 2472.2708   15.4301
    7.5000  -52.5000    0.0000 2463.3577   15.5778
   -7.5000  -45.0000    0.0000 2586.0112   14.3321
    0.0000  -45.0000    0.0000 2609.5291   14.2027
    7.5000  -45.0000    0.0000 2600.3901   14.3118
   -7.5000  -37.5000    0.0000 2689.6006   13.3342
    0.0000  -37.5000    0.0000 2719.2786   13.2191
    7.5000  -37.5000    0.0000 2701.7676   13.3168
   -7.5000  -30.0000    0.0000 2771.2466   12.6062
    0.0000  -30.0000    0.0000 2802.3806   12.5052
    7.5000  -30.0000    0.0000 2782.2646   12.5940
   -7.5000  -22.5000    0.0000 2835.4727   12.1870
    0.0000  -22.5000    0.0000 2873.4197   12.0944
    7.5000  -22.5000    0.0000 2841.2039   12.2047
   -7.5000  -15.0000    0.0000 2874.8845   12.0079
    0.0000  -15.0000    0.0000 2917.6145   11.9118
    7.5000  -15.0000    0.0000 2872.2351   12.0668
   -7.5000   -7.5000    0.0000 2883.0540   12.1817
    0.0000   -7.5000    0.0000 2921.1860   12.0793
    7.5000   -7.5000    0.0000 2874.0117   12.2238
   -7.5000    0.0000    0.0000 2840.9373   12.5808
    0.0000    0.0000    0.0000 2880.1179   12.4488
    7.5000    0.0000    0.0000 2838.1384   12.5989
   -7.5000    7.5000    0.0000 2766.3467   13.2148
    0.0000    7.5000    0.0000 2801.4470   13.0634
    7.5000    7.5000    0.0000 2767.1165   13.2480
   -7.5000   15.0000    0.0000 2670.0986   14.1948
    0.0000   15.0000    0.0000 2704.6553   14.0176
    7.5000   15.0000    0.0000 2670.0745   14.2173
   -7.5000   22.5000    0.0000 2547.6509   15.5327
    0.0000   22.5000    0.0000 2578.3835   15.3476
    7.5000   22.5000    0.0000 2545.7102   15.5047
   -7.5000   30.0000    0.0000 2408.7351   17.1624
    0.0000   30.0000    0.0000 2439.3823   16.9440
    7.5000   30.0000    0.0000 2409.1711   17.0926
   -7.5000   37.5000    0.0000 2239.2195   19.0496
    0.0000   37.5000    0.0000 2267.4905   18.7954
    7.5000   37.5000    0.0000 2235.5481   18.9674
   -7.5000  -52.5000    7.5000 2462.4902   15.2451
    0.0000  -52.5000    7.5000 2481.2346   15.0309
    7.5000  -52.5000    7.5000 2471.0090   15.2754
   -7.5000  -45.0000    7.5000 2602.1865   13.9666
    0.0000  -45.0000    7.5000 2628.1284   13.7995
    7.5000  -45.0000    7.5000 2615.0852   14.0142
   -7.5000  -37.5000    7.5000 2715.7537   12.9397
    0.0000  -37.5000    7.5000 2747.2705   12.7965
    7.5000  -37.5000    7.5000 2724.3718   12.9771
   -7.5000  -30.0000    7.5000 2814.2217   12.2098
    0.0000  -30.0000    7.5000 2854.8059   12.0837
    7.5000  -30.0000    7.5000 2824.6292   12.2531
   -7.5000  -22.5000    7.5000 2897.0088   11.8064
    0.0000  -22.5000    7.5000 2947.3647   11.6799
    7.5000  -22.5000    7.5000 2906.7800   11.8563
   -7.5000  -15.0000    7.5000 2951.4612   11.7017
    0.0000  -15.0000    7.5000 3010.8958   11.5473
    7.5000  -15.0000    7.5000 2950.7048   11.7603
   -7.5000   -7.5000    7.5000 2959.1787   11.7945
    0.0000   -7.5000    7.5000 3009.6941   11.6189
    7.5000   -7.5000    7.5000 2942.4255   11.8379
   -7.5000    0.0000    7.5000 2896.5361   12.1508
    0.0000    0.0000    7.5000 2932.7390   11.9686
    7.5000    0.0000    7.5000 2887.4419   12.1743
   -7.5000    7.5000    7.5000 2811.4517   12.7955
    0.0000    7.5000    7.5000 2847.3652   12.6127
    7.5000    7.5000    7.5000 2811.3506   12.8073
   -7.5000   15.0000    7.5000 2710.7090   13.7893
    0.0000   15.0000    7.5000 2741.7810   13.6168
    7.5000   15.0000    7.5000 2708.3586   13.7939
   -7.5000   22.5000    7.5000 2582.7456   15.1310
    0.0000   22.5000    7.5000 2611.3984   14.9551
    7.5000   22.5000    7.5000 2577.4075   15.1044
   -7.5000   30.0000    7.5000 2437.9724   16.7554
    0.0000   30.0000    7.5000 2466.4753   16.5567
    7.5000   30.0000    7.5000 2437.4712   16.6864
   -7.5000   37.5000    7.5000 2260.4385   18.6549
    0.0000   37.5000    7.5000 2285.4163   18.3985
    7.5000   37.5000    7.5000 2260.8137   18.5663
   -7.5000  -52.5000   15.0000 2461.7224   15.1062
    0.0000  -52.5000   15.0000 2479.8870   14.9080
    7.5000  -52.5000   15.0000 2465.6145   15.2424
   -7.5000  -45.0000   15.0000 2604.3933   13.8488
    0.0000  -45.0000   15.0000 2626.5615   13.6555
    7.5000  -45.0000   15.0000 2609.3240   13.9723
   -7.5000  -37.5000   15.0000 2717.1509   12.7759
    0.0000  -37.5000   15.0000 2749.1150   12.5917
    7.5000  -37.5000   15.0000 2727.4990   12.8904
   -7.5000  -30.0000   15.0000 2823.1914   12.0244
    0.0000  -30.0000   15.0000 2864.3337   11.8344
    7.5000  -30.0000   15.0000 2833.3501   12.1081
   -7.5000  -22.5000   15.0000 2922.6755   11.6347
    0.0000  -22.5000   15.0000 2967.3083   11.4826
    7.5000  -22.5000   15.0000 2916.4741   11.7270
   -7.5000  -15.0000   15.0000 2988.4956   11.5142
    0.0000  -15.0000   15.0000 3047.4312   11.4092
    7.5000  -15.0000   15.0000 2969.8542   11.6024
   -7.5000   -7.5000   15.0000 2987.5649   11.6376
    0.0000   -7.5000   15.0000 3041.3706   11.4553
    7.5000   -7.5000   15.0000 2962.6665   11.7187
   -7.5000    0.0000   15.0000 2918.6296   11.9560
    0.0000    0.0000   15.0000 2958.3916   11.7472
    7.5000    0.0000   15.0000 2906.5278   12.0030
   -7.5000    7.5000   15.0000 2828.0874   12.6222
    0.0000    7.5000   15.0000 2859.3372   12.4130
    7.5000    7.5000   15.0000 2825.3896   12.6108
   -7.5000   15.0000   15.0000 2721.1890   13.6458
    0.0000   15.0000   15.0000 2745.1274   13.4396
    7.5000   15.0000   15.0000 2716.0090   13.5837
   -7.5000   22.5000   15.0000 2595.0305   14.9697
    0.0000   22.5000   15.0000 2618.7480   14.7755
    7.5000   22.5000   15.0000 2584.2947   14.8936
   -7.5000   30.0000   15.0000 2446.3486   16.5616
    0.0000   30.0000   15.0000 2471.2390   16.3870
    7.5000   30.0000   15.0000 2441.5298   16.5083
   -7.5000   37.5000   15.0000 2267.7874   18.4164
    0.0000   37.5000   15.0000 2287.5864   18.2284
    7.5000   37.5000   15.0000 2266.3806   18.3486
   -7.5000  -52.5000   22.5000 2456.2749   15.2109
    0.0000  -52.5000   22.5000 2473.7075   14.9875
    7.5000  -52.5000   22.5000 2456.1177   15.4295
   -7.5000  -45.0000   22.5000 2592.5300   13.9676
    0.0000  -45.0000   22.5000 2610.3262   13.7347
    7.5000  -45.0000   22.5000 2590.9626   14.1369
   -7.5000  -37.5000   22.5000 2701.2810   12.9042
    0.0000  -37.5000   22.5000 2728.0593   12.6972
    7.5000  -37.5000   22.5000 2702.5999   13.0567
   -7.5000  -30.0000   22.5000 2805.0386   12.1704
    0.0000  -30.0000   22.5000 2838.9565   11.9999
    7.5000  -30.0000   22.5000 2808.8308   12.2971
   -7.5000  -22.5000   22.5000 2902.7988   11.7621
    0.0000  -22.5000   22.5000 2939.8596   11.6428
    7.5000  -22.5000   22.5000 2894.6348   11.8558
   -7.5000  -15.0000   22.5000 2959.8691   11.5512
    0.0000  -15.0000   22.5000 3008.2251   11.4477
    7.5000  -15.0000   22.5000 2941.0798   11.6750
   -7.5000   -7.5000   22.5000 2958.2827   11.7079
    0.0000   -7.5000   22.5000 3000.1050   11.5614
    7.5000   -7.5000   22.5000 2933.8142   11.7761
   -7.5000    0.0000   22.5000 2900.9390   12.1518
    0.0000    0.0000   22.5000 2934.3237   12.0054
    7.5000    0.0000   22.5000 2880.4314   12.1722
   -7.5000    7.5000   22.5000 2807.6995   12.8297
    0.0000    7.5000   22.5000 2836.8547   12.6579
    7.5000    7.5000   22.5000 2797.8218   12.8090
   -7.5000   15.0000   22.5000 2700.1375   13.7790
    0.0000   15.0000   22.5000 2724.3823   13.5630
    7.5000   15.0000   22.5000 2696.8159   13.7161
   -7.5000   22.5000   22.5000 2572.8250   15.0337
    0.0000   22.5000   22.5000 2596.1030   14.8269
    7.5000   22.5000   22.5000 2568.8372   14.9473
   -7.5000   30.0000   22.5000 2434.4036   16.5700
    0.0000   30.0000   22.5000 2451.0623   16.3570
    7.5000   30.0000   22.5000 2427.0818   16.4786
   -7.5000   37.5000   22.5000 2253.9707   18.3191
    0.0000   37.5000   22.5000 2268.2312   18.1106
    7.5000   37.5000   22.5000 2248.2625   18.2673
   -7.5000  -52.5000   30.0000 2429.7812   15.5819
    0.0000  -52.5000   30.0000 2447.3032   15.4241
    7.5000  -52.5000   30.0000 2422.0088   15.8647
   -7.5000  -45.0000   30.0000 2565.2031   14.3546
    0.0000  -45.0000   30.0000 2583.5161   14.1873
    7.5000  -45.0000   30.0000 2555.1799   14.5818
   -7.5000  -37.5000   30.0000 2673.5281   13.3150
    0.0000  -37.5000   30.0000 2695.4546   13.1520
    7.5000  -37.5000   30.0000 2665.3284   13.4911
   -7.5000  -30.0000   30.0000 2770.1826   12.5989
    0.0000  -30.0000   30.0000 2796.6538   12.4316
    7.5000  -30.0000   30.0000 2763.9077   12.7143
   -7.5000  -22.5000   30.0000 2848.4573   12.1301
    0.0000  -22.5000   30.0000 2880.6560   11.9799
    7.5000  -22.5000   30.0000 2840.4490   12.2190
   -7.5000  -15.0000   30.0000 2899.1814   11.9102
    0.0000  -15.0000   30.0000 2940.4707   11.7438
    7.5000  -15.0000   30.0000 2884.1956   12.0145
   -7.5000   -7.5000   30.0000 2891.9268   12.0674
    0.0000   -7.5000   30.0000 2928.9385   11.9033
    7.5000   -7.5000   30.0000 2877.3181   12.1482
   -7.5000    0.0000   30.0000 2845.7820   12.5382
    0.0000    0.0000   30.0000 2875.9636   12.3678
    7.5000    0.0000   30.0000 2828.5105   12.5448
   -7.5000    7.5000   30.0000 2758.7476   13.2534
    0.0000    7.5000   30.0000 2784.6213   13.0685
    7.5000    7.5000   30.0000 2748.4644   13.2138
   -7.5000   15.0000   30.0000 2652.2847   14.1679
    0.0000   15.0000   30.0000 2677.7981   13.9939
    7.5000   15.0000   30.0000 2651.1763   14.1399
   -7.5000   22.5000   30.0000 2532.0239   15.3537
    0.0000   22.5000   30.0000 2556.5764   15.1976
    7.5000   22.5000   30.0000 2526.7080   15.2990
   -7.5000   30.0000   30.0000 2398.4802   16.8186
    0.0000   30.0000   30.0000 2417.7542   16.6323
    7.5000   30.0000   30.0000 2392.9338   16.7496
   -7.5000   37.5000   30.0000 2218.0435   18.5518
    0.0000   37.5000   30.0000 2234.7212   18.3403
    7.5000   37.5000   30.0000 2220.1658   18.4658
   -7.5000  -52.5000   37.5000 2386.9661   16.2488
    0.0000  -52.5000   37.5000 2402.2263   16.1143
    7.5000  -52.5000   37.5000 2375.2246   16.5175
   -7.5000  -45.0000   37.5000 2521.5486   14.9953
    0.0000  -45.0000   37.5000 2541.4668   14.8430
    7.5000  -45.0000   37.5000 2507.4680   15.2094
   -7.5000  -37.5000   37.5000 2628.7661   13.9670
    0.0000  -37.5000   37.5000 2650.9819   13.7674
    7.5000  -37.5000   37.5000 2617.6077   14.1207
   -7.5000  -30.0000   37.5000 2717.9204   13.1800
    0.0000  -30.0000   37.5000 2742.8623   13.0023
    7.5000  -30.0000   37.5000 2708.0354   13.2994
   -7.5000  -22.5000   37.5000 2783.4202   12.6921
    0.0000  -22.5000   37.5000 2811.2292   12.5075
    7.5000  -22.5000   37.5000 2774.8645   12.7863
   -7.5000  -15.0000   37.5000 2822.7993   12.4684
    0.0000  -15.0000   37.5000 2849.7903   12.2932
    7.5000  -15.0000   37.5000 2808.5522   12.5414
   -7.5000   -7.5000   37.5000 2808.8135   12.6488
    0.0000   -7.5000   37.5000 2836.6243   12.4818
    7.5000   -7.5000   37.5000 2796.4041   12.6934
   -7.5000    0.0000   37.5000 2763.2332   13.1066
    0.0000    0.0000   37.5000 2788.4255   12.9357
    7.5000    0.0000   37.5000 2748.8513   13.1156
   -7.5000    7.5000   37.5000 2685.8135   13.8243
    0.0000    7.5000   37.5000 2710.2551   13.6344
    7.5000    7.5000   37.5000 2679.2534   13.7917
   -7.5000   15.0000   37.5000 2590.8923   14.7494
    0.0000   15.0000   37.5000 2614.6685   14.5759
    7.5000   15.0000   37.5000 2586.7180   14.6985
   -7.5000   22.5000   37.5000 2476.1006   15.9225
    0.0000   22.5000   37.5000 2499.1055   15.7639
    7.5000   22.5000   37.5000 2474.0010   15.8923
   -7.5000   30.0000   37.5000 2344.2585   17.3965
    0.0000   30.0000   37.5000 2359.0332   17.2084
    7.5000   30.0000   37.5000 2343.3530   17.3226
   -7.5000   37.5000   37.5000 2166.9102   19.0385
    0.0000   37.5000   37.5000 2182.2078   18.8780
    7.5000   37.5000   37.5000 2165.8870   19.0314
   -7.5000  -52.5000   45.0000 2321.3308   17.0275
    0.0000  -52.5000   45.0000 2338.0093   16.9263
    7.5000  -52.5000   45.0000 2304.4573   17.2756
   -7.5000  -45.0000   45.0000 2445.7371   15.7640
    0.0000  -45.0000   45.0000 2465.9001   15.6132
    7.5000  -45.0000   45.0000 2433.3394   15.9605
   -7.5000  -37.5000   45.0000 2549.0574   14.6861
    0.0000  -37.5000   45.0000 2571.4275   14.5050
    7.5000  -37.5000   45.0000 2533.5996   14.8375
   -7.5000  -30.0000   45.0000 2632.8264   13.8973
    0.0000  -30.0000   45.0000 2656.1763   13.7283
    7.5000  -30.0000   45.0000 2615.7014   14.0149
   -7.5000  -22.5000   45.0000 2689.8728   13.4068
    0.0000  -22.5000   45.0000 2715.1292   13.2394
    7.5000  -22.5000   45.0000 2674.5400   13.4904
   -7.5000  -15.0000   45.0000 2710.0081   13.1697
    0.0000  -15.0000   45.0000 2732.7170   13.0156
    7.5000  -15.0000   45.0000 2701.8889   13.2415
   -7.5000   -7.5000   45.0000 2694.1743   13.3480
    0.0000   -7.5000   45.0000 2716.0955   13.1813
    7.5000   -7.5000   45.0000 2685.8774   13.3729
   -7.5000    0.0000   45.0000 2648.6750   13.7726
    0.0000    0.0000   45.0000 2670.2500   13.6048
    7.5000    0.0000   45.0000 2639.1335   13.7761
   -7.5000    7.5000   45.0000 2580.4170   14.4682
    0.0000    7.5000   45.0000 2601.2212   14.2979
    7.5000    7.5000   45.0000 2572.0081   14.4460
   -7.5000   15.0000   45.0000 2493.3450   15.3749
    0.0000   15.0000   45.0000 2514.3330   15.2168
    7.5000   15.0000   45.0000 2485.8948   15.3499
   -7.5000   22.5000   45.0000 2386.9595   16.5687
    0.0000   22.5000   45.0000 2406.5408   16.4327
    7.5000   22.5000   45.0000 2384.6370   16.5340
   -7.5000   30.0000   45.0000 2258.0222   18.0895
    0.0000   30.0000   45.0000 2276.1963   17.9370
    7.5000   30.0000   45.0000 2255.1458   18.0461
   -7.5000   37.5000   45.0000 2085.2617   19.7630
    0.0000   37.5000   45.0000 2104.5632   19.5856
    7.5000   37.5000   45.0000 2085.9297   19.7158

---------------------------------------------------------------------
imgreg_4dfp /opt/freesurfer/average/711-2C_as_mni_average_305 /opt/freesurfer/average/711-2B_as_mni_average_305_mask talsrcimg_g11 none talsrcimg_to_711-2C_as_mni_average_305_t4 1283
---------------------------------------------------------------------

freesurfer imgreg_4dfp.c
/opt/freesurfer/average/711-2C_as_mni_average_305.4dfp.img
       256       256       256         1
  1.000000  1.000000  1.000000
orientation T byte_order littleendian
Reading image: /opt/freesurfer/average/711-2C_as_mni_average_305.4dfp.img
dimensions:      256       256       256
mmppix:       1.0000   -1.0000   -1.0000
center:     128.0000 -129.0000 -129.0000
/opt/freesurfer/average/711-2B_as_mni_average_305_mask.4dfp.img
       256       256       256         1
  1.000000  1.000000  1.000000
orientation T byte_order littleendian
Reading mask: /opt/freesurfer/average/711-2B_as_mni_average_305_mask.4dfp.img (2306576 pixels)
talsrcimg_g11.4dfp.img
       256       256       256         1
  0.898438  0.898438  0.898438
orientation T byte_order littleendian
Reading image: talsrcimg_g11.4dfp.img
dimensions:      256       256       256
mmppix:       0.8984   -0.8984   -0.8984
center:     115.0001 -115.8985 -115.8985
rotation matrix determinant  1.000000
fimgreg.f
image alignment mode   1283 decimal      503 hex
parameters
    0.0000  -15.0000   15.0000    0.0000    0.0000    0.0000
eta,q 0.95712 11.39899
niter,ni,del,rscale     5    3   12.0000    1.2000
parameter  2 -0.522524 -> -0.500000 qaram    1.1500
parameter  4  0.932911 ->  0.500000 qaram    1.1500
parameters
   -0.0428  -11.5500   14.4227   -3.4500    2.4794   -1.8268
eta,q 0.96471 11.39791
  0.0617  0.0612  0.0486  0.0376  0.0516  0.0385
  0.0542  0.0532  0.0443  0.0374  0.0455  0.0365
  0.0468  0.0469  0.0416  0.0384  0.0406  0.0353
  0.0431  0.0432  0.0405  0.0406  0.0375  0.0357
  0.0445  0.0410  0.0425  0.0428  0.0358  0.0382
  0.0525  0.0407  0.0467  0.0462  0.0365  0.0417
  0.0645  0.0426  0.0525  0.0499  0.0389  0.0456
niter,ni,del,rscale     6    3   12.0000    1.2000
parameter  4  0.507374 ->  0.500000 qaram    1.3225
parameters
   -1.4348  -10.3003   13.6181   -7.4175    4.1768   -2.5353
eta,q 0.96890 11.35019
  0.0474  0.0572  0.0422  0.0338  0.0451  0.0359
  0.0389  0.0476  0.0370  0.0320  0.0391  0.0330
  0.0346  0.0396  0.0339  0.0318  0.0344  0.0314
  0.0353  0.0343  0.0334  0.0332  0.0319  0.0311
  0.0419  0.0338  0.0358  0.0371  0.0311  0.0320
  0.0533  0.0382  0.0411  0.0418  0.0322  0.0347
  0.0650  0.0461  0.0489  0.0465  0.0357  0.0394
niter,ni,del,rscale     6    3   12.0000    1.2000
parameters
   -1.9716   -9.1481   12.8105   -7.3744    4.5123   -2.8564
eta,q 0.96995 11.34785
  0.0491  0.0574  0.0403  0.0413  0.0410  0.0352
  0.0390  0.0435  0.0336  0.0348  0.0355  0.0321
  0.0318  0.0344  0.0303  0.0316  0.0318  0.0305
  0.0311  0.0307  0.0306  0.0301  0.0301  0.0300
  0.0354  0.0314  0.0337  0.0304  0.0309  0.0305
  0.0442  0.0356  0.0389  0.0352  0.0341  0.0327
  0.0564  0.0433  0.0464  0.0410  0.0388  0.0368
niter,ni,del,rscale     5    3   12.0000    1.2000
parameters
   -2.1303   -9.0936   12.8167   -7.3398    4.6548   -2.9045
eta,q 0.97002 11.34297
  0.0513  0.0496  0.0438  0.0408  0.0404  0.0357
  0.0406  0.0381  0.0358  0.0347  0.0350  0.0324
  0.0322  0.0314  0.0309  0.0315  0.0313  0.0306
  0.0300  0.0300  0.0300  0.0300  0.0300  0.0300
  0.0338  0.0324  0.0320  0.0303  0.0313  0.0303
  0.0418  0.0383  0.0364  0.0350  0.0345  0.0323
  0.0536  0.0482  0.0429  0.0407  0.0393  0.0361
niter,ni,del,rscale     4    3   12.0000    1.2000
parameters
   -2.1874   -9.0999   12.8244   -7.3204    4.7034   -2.9232
eta,q 0.97004 11.34136
  0.0519  0.0493  0.0437  0.0407  0.0401  0.0357
  0.0412  0.0378  0.0357  0.0346  0.0348  0.0325
  0.0326  0.0313  0.0309  0.0314  0.0312  0.0306
  0.0300  0.0300  0.0300  0.0300  0.0300  0.0300
  0.0334  0.0325  0.0320  0.0303  0.0314  0.0303
  0.0413  0.0385  0.0364  0.0349  0.0347  0.0322
  0.0529  0.0485  0.0428  0.0407  0.0395  0.0361
registration optimization eta report
parameter search radius
    6.0000    6.9000    6.0000    7.9350    6.0000    6.0000
100000*second partial in parameter space
       61.       40.       37.       17.       27.       17.
  0.0519  0.0493  0.0437  0.0407  0.0401  0.0357
  0.0412  0.0378  0.0357  0.0346  0.0348  0.0325
  0.0326  0.0313  0.0309  0.0314  0.0312  0.0306
  0.0300  0.0300  0.0300  0.0300  0.0300  0.0300
  0.0334  0.0325  0.0320  0.0303  0.0314  0.0303
  0.0413  0.0385  0.0364  0.0349  0.0347  0.0322
  0.0529  0.0485  0.0428  0.0407  0.0395  0.0361
   -2.1874   -9.0999   12.8244   -7.3204    4.7034   -2.9232
eta,q 0.97004 11.34136

---------------------------------------------------------------------
imgreg_4dfp /opt/freesurfer/average/711-2C_as_mni_average_305 /opt/freesurfer/average/711-2B_as_mni_average_305_mask talsrcimg_g11 none talsrcimg_to_711-2C_as_mni_average_305_t4 3335
---------------------------------------------------------------------

freesurfer imgreg_4dfp.c
/opt/freesurfer/average/711-2C_as_mni_average_305.4dfp.img
       256       256       256         1
  1.000000  1.000000  1.000000
orientation T byte_order littleendian
Reading image: /opt/freesurfer/average/711-2C_as_mni_average_305.4dfp.img
dimensions:      256       256       256
mmppix:       1.0000   -1.0000   -1.0000
center:     128.0000 -129.0000 -129.0000
/opt/freesurfer/average/711-2B_as_mni_average_305_mask.4dfp.img
       256       256       256         1
  1.000000  1.000000  1.000000
orientation T byte_order littleendian
Reading mask: /opt/freesurfer/average/711-2B_as_mni_average_305_mask.4dfp.img (2306576 pixels)
talsrcimg_g11.4dfp.img
       256       256       256         1
  0.898438  0.898438  0.898438
orientation T byte_order littleendian
Reading image: talsrcimg_g11.4dfp.img
dimensions:      256       256       256
mmppix:       0.8984   -0.8984   -0.8984
center:     115.0001 -115.8985 -115.8985
fimgreg.f
image alignment mode   3335 decimal      D07 hex
parameters
   -2.1874   -9.0999   12.8244   -0.4664   -0.9974   -1.1491
    6.1015   -7.4726   -5.0825   13.1399    8.1998  -12.6988
eta,q 0.97196 11.40612
niter,ni,del,rscale     5    3    5.0000    1.2000
parameter  4  0.964311 ->  0.500000 qaram    1.1500
parameters
   -2.0259   -8.9844   12.5043   -4.6064   -4.4260   -4.2306
    4.9937   -6.7284   -4.3685   11.4438    4.8341  -12.1798
eta,q 0.97797 10.97472
  0.0328  0.0314  0.0298  0.0239  0.0248  0.0247  0.0251  0.0295  0.0252  0.0245  0.0225  0.0238
  0.0304  0.0296  0.0286  0.0243  0.0239  0.0233  0.0236  0.0263  0.0239  0.0232  0.0221  0.0230
  0.0288  0.0284  0.0280  0.0256  0.0238  0.0227  0.0228  0.0238  0.0230  0.0225  0.0221  0.0224
  0.0280  0.0280  0.0280  0.0279  0.0246  0.0237  0.0227  0.0227  0.0226  0.0226  0.0224  0.0220
  0.0283  0.0283  0.0286  0.0316  0.0262  0.0264  0.0235  0.0229  0.0227  0.0235  0.0231  0.0221
  0.0295  0.0292  0.0296  0.0361  0.0287  0.0300  0.0250  0.0245  0.0233  0.0255  0.0241  0.0226
  0.0318  0.0308  0.0310  0.0411  0.0317  0.0348  0.0270  0.0273  0.0244  0.0281  0.0254  0.0235
niter,ni,del,rscale     5    3    5.0000    1.2000
parameters
   -1.7922   -8.8899   11.9975   -6.9903   -3.3016   -4.9755
    4.8501   -6.1791   -3.6114   11.4734    4.1938  -12.3105
eta,q 0.97820 10.88388
  0.0270  0.0254  0.0234  0.0235  0.0257  0.0250  0.0250  0.0278  0.0245  0.0252  0.0228  0.0233
  0.0245  0.0236  0.0224  0.0225  0.0241  0.0237  0.0234  0.0248  0.0232  0.0235  0.0222  0.0225
  0.0228  0.0224  0.0219  0.0219  0.0227  0.0225  0.0223  0.0227  0.0223  0.0224  0.0219  0.0220
  0.0220  0.0220  0.0220  0.0219  0.0218  0.0217  0.0219  0.0219  0.0218  0.0218  0.0218  0.0218
  0.0222  0.0223  0.0226  0.0229  0.0218  0.0221  0.0223  0.0222  0.0219  0.0221  0.0220  0.0220
  0.0234  0.0233  0.0237  0.0255  0.0225  0.0243  0.0235  0.0237  0.0225  0.0233  0.0225  0.0225
  0.0254  0.0248  0.0253  0.0296  0.0241  0.0278  0.0254  0.0263  0.0236  0.0254  0.0232  0.0234
niter,ni,del,rscale     4    3    5.0000    1.2000
parameters
   -1.6723   -8.8435   11.7280   -7.4299   -3.1494   -5.2401
    4.7341   -6.0426   -3.4324   11.6011    4.0644  -12.4838
eta,q 0.97814 10.85875
  0.0261  0.0250  0.0235  0.0246  0.0250  0.0252  0.0250  0.0272  0.0242  0.0253  0.0230  0.0233
  0.0239  0.0232  0.0224  0.0232  0.0236  0.0239  0.0234  0.0243  0.0230  0.0236  0.0223  0.0225
  0.0224  0.0222  0.0219  0.0223  0.0223  0.0228  0.0223  0.0225  0.0222  0.0224  0.0220  0.0220
  0.0218  0.0218  0.0218  0.0217  0.0218  0.0218  0.0219  0.0219  0.0219  0.0219  0.0219  0.0219
  0.0221  0.0221  0.0222  0.0219  0.0220  0.0218  0.0223  0.0224  0.0221  0.0221  0.0220  0.0220
  0.0233  0.0231  0.0231  0.0231  0.0231  0.0235  0.0235  0.0241  0.0228  0.0233  0.0224  0.0226
  0.0254  0.0247  0.0244  0.0259  0.0251  0.0268  0.0253  0.0267  0.0240  0.0253  0.0231  0.0235
niter,ni,del,rscale     3    3    5.0000    1.2000
parameters
   -1.6431   -8.8006   11.6448   -7.4247   -3.1244   -5.3046
    4.7005   -6.0020   -3.4053   11.6828    4.0626  -12.5836
eta,q 0.97813 10.85871
  0.0259  0.0250  0.0238  0.0248  0.0250  0.0254  0.0251  0.0271  0.0241  0.0253  0.0230  0.0233
  0.0238  0.0233  0.0227  0.0234  0.0235  0.0241  0.0235  0.0242  0.0229  0.0236  0.0224  0.0226
  0.0224  0.0222  0.0220  0.0225  0.0224  0.0229  0.0223  0.0224  0.0222  0.0224  0.0220  0.0221
  0.0219  0.0219  0.0219  0.0219  0.0218  0.0218  0.0219  0.0219  0.0219  0.0219  0.0219  0.0219
  0.0222  0.0222  0.0222  0.0218  0.0221  0.0217  0.0222  0.0225  0.0221  0.0221  0.0220  0.0220
  0.0236  0.0232  0.0229  0.0229  0.0232  0.0233  0.0234  0.0242  0.0229  0.0233  0.0224  0.0226
  0.0258  0.0248  0.0241  0.0254  0.0252  0.0265  0.0253  0.0269  0.0241  0.0254  0.0230  0.0234
niter,ni,del,rscale     2    3    5.0000    1.2000
parameters
   -1.6356   -8.7833   11.6196   -7.4254   -3.1238   -5.3150
    4.6949   -5.9961   -3.4019   11.7191    4.0647  -12.6275
eta,q 0.97813 10.85894
  0.0258  0.0249  0.0239  0.0248  0.0250  0.0254  0.0252  0.0270  0.0241  0.0253  0.0230  0.0233
  0.0237  0.0232  0.0228  0.0234  0.0235  0.0241  0.0235  0.0242  0.0229  0.0236  0.0224  0.0226
  0.0224  0.0222  0.0221  0.0225  0.0224  0.0229  0.0223  0.0224  0.0221  0.0224  0.0220  0.0221
  0.0219  0.0219  0.0219  0.0219  0.0219  0.0219  0.0219  0.0219  0.0219  0.0219  0.0219  0.0219
  0.0223  0.0222  0.0221  0.0219  0.0221  0.0217  0.0222  0.0225  0.0221  0.0222  0.0220  0.0220
  0.0236  0.0232  0.0229  0.0229  0.0232  0.0233  0.0234  0.0242  0.0229  0.0233  0.0224  0.0226
  0.0258  0.0248  0.0240  0.0254  0.0253  0.0264  0.0253  0.0269  0.0241  0.0254  0.0230  0.0234
niter,ni,del,rscale     1    3    5.0000    1.2000
parameters
   -1.6336   -8.7756   11.6130   -7.4258   -3.1280   -5.3175
    4.6966   -5.9960   -3.4029   11.7341    4.0667  -12.6330
eta,q 0.97813 10.85876
  0.0258  0.0249  0.0240  0.0248  0.0250  0.0254  0.0252  0.0270  0.0241  0.0252  0.0230  0.0234
  0.0237  0.0232  0.0228  0.0234  0.0235  0.0241  0.0235  0.0242  0.0229  0.0236  0.0224  0.0226
  0.0224  0.0222  0.0221  0.0225  0.0224  0.0229  0.0223  0.0224  0.0221  0.0224  0.0220  0.0221
  0.0219  0.0219  0.0219  0.0219  0.0219  0.0219  0.0219  0.0219  0.0219  0.0219  0.0219  0.0219
  0.0223  0.0222  0.0221  0.0219  0.0221  0.0217  0.0222  0.0225  0.0221  0.0222  0.0220  0.0220
  0.0236  0.0232  0.0228  0.0229  0.0232  0.0232  0.0234  0.0242  0.0229  0.0233  0.0224  0.0226
  0.0259  0.0248  0.0240  0.0254  0.0253  0.0264  0.0253  0.0270  0.0241  0.0254  0.0230  0.0234
registration optimization eta report
parameter search radius
    2.4000    2.4000    2.4000    8.2800    7.2000    7.2000
    7.2000    7.2000    7.2000    7.2000    7.2000    7.2000
100000*second partial in parameter space
       69.       52.       36.        5.        6.        8.
        6.       10.        4.        7.        2.        3.
  0.0258  0.0249  0.0240  0.0248  0.0250  0.0254  0.0252  0.0270  0.0241  0.0252  0.0230  0.0234
  0.0237  0.0232  0.0228  0.0234  0.0235  0.0241  0.0235  0.0242  0.0229  0.0236  0.0224  0.0226
  0.0224  0.0222  0.0221  0.0225  0.0224  0.0229  0.0223  0.0224  0.0221  0.0224  0.0220  0.0221
  0.0219  0.0219  0.0219  0.0219  0.0219  0.0219  0.0219  0.0219  0.0219  0.0219  0.0219  0.0219
  0.0223  0.0222  0.0221  0.0219  0.0221  0.0217  0.0222  0.0225  0.0221  0.0222  0.0220  0.0220
  0.0236  0.0232  0.0228  0.0229  0.0232  0.0232  0.0234  0.0242  0.0229  0.0233  0.0224  0.0226
  0.0259  0.0248  0.0240  0.0254  0.0253  0.0264  0.0253  0.0270  0.0241  0.0254  0.0230  0.0234
   -1.6336   -8.7756   11.6130   -7.4258   -3.1280   -5.3175
    4.6966   -5.9960   -3.4029   11.7341    4.0667  -12.6330
eta,q 0.97813 10.85876

---------------------------------------------------------------------
imgreg_4dfp /opt/freesurfer/average/711-2C_as_mni_average_305 /opt/freesurfer/average/711-2B_as_mni_average_305_mask talsrcimg_g11 none talsrcimg_to_711-2C_as_mni_average_305_t4 2311
---------------------------------------------------------------------

freesurfer imgreg_4dfp.c
/opt/freesurfer/average/711-2C_as_mni_average_305.4dfp.img
       256       256       256         1
  1.000000  1.000000  1.000000
orientation T byte_order littleendian
Reading image: /opt/freesurfer/average/711-2C_as_mni_average_305.4dfp.img
dimensions:      256       256       256
mmppix:       1.0000   -1.0000   -1.0000
center:     128.0000 -129.0000 -129.0000
/opt/freesurfer/average/711-2B_as_mni_average_305_mask.4dfp.img
       256       256       256         1
  1.000000  1.000000  1.000000
orientation T byte_order littleendian
Reading mask: /opt/freesurfer/average/711-2B_as_mni_average_305_mask.4dfp.img (2306576 pixels)
talsrcimg_g11.4dfp.img
       256       256       256         1
  0.898438  0.898438  0.898438
orientation T byte_order littleendian
Reading image: talsrcimg_g11.4dfp.img
dimensions:      256       256       256
mmppix:       0.8984   -0.8984   -0.8984
center:     115.0001 -115.8985 -115.8985
fimgreg.f
image alignment mode   2311 decimal      907 hex
parameters
   -1.6336   -8.7756   11.6130   -7.4258   -3.1280   -5.3175
    4.6966   -5.9960   -3.4029   11.7341    4.0667  -12.6330
eta,q 0.97813 10.85876
niter,ni,del,rscale     5    3    5.0000    0.8000
parameters
   -1.6137   -8.7899   11.6009   -6.4639   -2.9306   -4.5590
    4.6603   -5.9082   -3.5123   11.7333    4.2474  -12.9955
eta,q 0.97841 10.95097
  0.0237  0.0232  0.0228  0.0231  0.0234  0.0241  0.0232  0.0244  0.0226  0.0233  0.0223  0.0223
  0.0227  0.0225  0.0223  0.0226  0.0226  0.0233  0.0224  0.0229  0.0220  0.0224  0.0219  0.0219
  0.0221  0.0220  0.0220  0.0222  0.0220  0.0224  0.0218  0.0219  0.0217  0.0218  0.0217  0.0216
  0.0219  0.0219  0.0219  0.0219  0.0218  0.0218  0.0216  0.0216  0.0216  0.0216  0.0216  0.0216
  0.0220  0.0220  0.0220  0.0218  0.0219  0.0216  0.0218  0.0219  0.0217  0.0218  0.0217  0.0217
  0.0226  0.0225  0.0223  0.0220  0.0224  0.0220  0.0224  0.0228  0.0221  0.0224  0.0218  0.0220
  0.0236  0.0233  0.0228  0.0225  0.0232  0.0233  0.0233  0.0242  0.0227  0.0234  0.0222  0.0225
niter,ni,del,rscale     4    3    5.0000    0.7000
parameters
   -1.6268   -8.8030   11.7046   -6.4832   -2.9658   -4.2998
    4.7062   -5.9406   -3.5609   11.7436    4.3023  -13.0681
eta,q 0.97845 10.96036
  0.0230  0.0226  0.0225  0.0225  0.0228  0.0235  0.0229  0.0236  0.0223  0.0229  0.0221  0.0221
  0.0222  0.0221  0.0220  0.0221  0.0221  0.0227  0.0222  0.0225  0.0219  0.0222  0.0218  0.0218
  0.0218  0.0217  0.0217  0.0218  0.0217  0.0220  0.0217  0.0218  0.0216  0.0217  0.0216  0.0216
  0.0216  0.0216  0.0216  0.0216  0.0216  0.0216  0.0215  0.0215  0.0215  0.0216  0.0215  0.0215
  0.0218  0.0217  0.0216  0.0216  0.0217  0.0216  0.0217  0.0218  0.0216  0.0217  0.0216  0.0216
  0.0223  0.0221  0.0219  0.0220  0.0221  0.0221  0.0221  0.0225  0.0219  0.0221  0.0218  0.0218
  0.0231  0.0227  0.0223  0.0226  0.0228  0.0233  0.0228  0.0237  0.0224  0.0229  0.0220  0.0222
niter,ni,del,rscale     3    3    5.0000    0.6000
parameters
   -1.6297   -8.8088   11.7394   -6.4171   -3.0019   -4.1200
    4.7217   -5.9458   -3.5881   11.7398    4.3255  -13.1514
eta,q 0.97848 10.96997
  0.0226  0.0223  0.0222  0.0223  0.0224  0.0230  0.0225  0.0231  0.0221  0.0225  0.0219  0.0220
  0.0220  0.0219  0.0218  0.0219  0.0219  0.0224  0.0220  0.0222  0.0218  0.0220  0.0217  0.0217
  0.0217  0.0216  0.0216  0.0217  0.0216  0.0219  0.0216  0.0217  0.0216  0.0217  0.0216  0.0216
  0.0216  0.0215  0.0215  0.0215  0.0215  0.0215  0.0215  0.0215  0.0215  0.0215  0.0215  0.0215
  0.0217  0.0216  0.0216  0.0216  0.0217  0.0216  0.0216  0.0217  0.0216  0.0216  0.0216  0.0216
  0.0220  0.0219  0.0218  0.0218  0.0220  0.0220  0.0219  0.0222  0.0218  0.0220  0.0217  0.0217
  0.0227  0.0224  0.0221  0.0223  0.0225  0.0229  0.0225  0.0231  0.0222  0.0226  0.0219  0.0220
niter,ni,del,rscale     2    3    5.0000    0.5000
parameters
   -1.6328   -8.8097   11.7671   -6.3453   -3.0466   -3.9707
    4.7314   -5.9444   -3.5949   11.7444    4.3367  -13.2381
eta,q 0.97849 10.97816
  0.0223  0.0221  0.0220  0.0220  0.0222  0.0226  0.0222  0.0226  0.0219  0.0222  0.0218  0.0218
  0.0219  0.0218  0.0217  0.0218  0.0218  0.0221  0.0218  0.0220  0.0217  0.0218  0.0216  0.0216
  0.0216  0.0216  0.0216  0.0216  0.0216  0.0217  0.0216  0.0216  0.0216  0.0216  0.0215  0.0215
  0.0215  0.0215  0.0215  0.0215  0.0215  0.0215  0.0215  0.0215  0.0215  0.0215  0.0215  0.0215
  0.0216  0.0216  0.0216  0.0216  0.0216  0.0215  0.0216  0.0216  0.0215  0.0216  0.0215  0.0216
  0.0219  0.0218  0.0217  0.0217  0.0218  0.0219  0.0218  0.0220  0.0217  0.0218  0.0216  0.0217
  0.0223  0.0221  0.0219  0.0220  0.0222  0.0225  0.0222  0.0226  0.0219  0.0222  0.0218  0.0218
niter,ni,del,rscale     1    3    5.0000    0.4000
parameters
   -1.6333   -8.8099   11.7881   -6.2830   -3.0976   -3.8425
    4.7344   -5.9418   -3.6025   11.7467    4.3660  -13.3095
eta,q 0.97850 10.98462
  0.0220  0.0219  0.0218  0.0219  0.0219  0.0223  0.0219  0.0222  0.0218  0.0220  0.0217  0.0217
  0.0217  0.0217  0.0216  0.0217  0.0217  0.0219  0.0217  0.0218  0.0216  0.0217  0.0216  0.0216
  0.0216  0.0215  0.0215  0.0216  0.0215  0.0216  0.0215  0.0216  0.0215  0.0216  0.0215  0.0215
  0.0215  0.0215  0.0215  0.0215  0.0215  0.0215  0.0215  0.0215  0.0215  0.0215  0.0215  0.0215
  0.0216  0.0215  0.0215  0.0215  0.0216  0.0215  0.0215  0.0216  0.0215  0.0215  0.0215  0.0215
  0.0217  0.0217  0.0216  0.0216  0.0217  0.0217  0.0217  0.0218  0.0216  0.0217  0.0216  0.0216
  0.0220  0.0219  0.0218  0.0218  0.0219  0.0222  0.0219  0.0222  0.0218  0.0220  0.0217  0.0217
registration optimization eta report
parameter search radius
    0.8000    0.8000    0.8000    2.4000    2.4000    2.4000
    2.4000    2.4000    2.4000    2.4000    2.4000    2.4000
100000*second partial in parameter space
       77.       56.       43.        6.        7.       12.
        8.       13.        5.        8.        3.        4.
  0.0220  0.0219  0.0218  0.0219  0.0219  0.0223  0.0219  0.0222  0.0218  0.0220  0.0217  0.0217
  0.0217  0.0217  0.0216  0.0217  0.0217  0.0219  0.0217  0.0218  0.0216  0.0217  0.0216  0.0216
  0.0216  0.0215  0.0215  0.0216  0.0215  0.0216  0.0215  0.0216  0.0215  0.0216  0.0215  0.0215
  0.0215  0.0215  0.0215  0.0215  0.0215  0.0215  0.0215  0.0215  0.0215  0.0215  0.0215  0.0215
  0.0216  0.0215  0.0215  0.0215  0.0216  0.0215  0.0215  0.0216  0.0215  0.0215  0.0215  0.0215
  0.0217  0.0217  0.0216  0.0216  0.0217  0.0217  0.0217  0.0218  0.0216  0.0217  0.0216  0.0216
  0.0220  0.0219  0.0218  0.0218  0.0219  0.0222  0.0219  0.0222  0.0218  0.0220  0.0217  0.0217
   -1.6333   -8.8099   11.7881   -6.2830   -3.0976   -3.8425
    4.7344   -5.9418   -3.6025   11.7467    4.3660  -13.3095
eta,q 0.97850 10.98462

---------------------------------------------------------------------
imgreg_4dfp /opt/freesurfer/average/711-2C_as_mni_average_305 /opt/freesurfer/average/711-2B_as_mni_average_305_mask talsrcimg_g11 none talsrcimg_to_711-2C_as_mni_average_305_t4 2311
---------------------------------------------------------------------

freesurfer imgreg_4dfp.c
/opt/freesurfer/average/711-2C_as_mni_average_305.4dfp.img
       256       256       256         1
  1.000000  1.000000  1.000000
orientation T byte_order littleendian
Reading image: /opt/freesurfer/average/711-2C_as_mni_average_305.4dfp.img
dimensions:      256       256       256
mmppix:       1.0000   -1.0000   -1.0000
center:     128.0000 -129.0000 -129.0000
/opt/freesurfer/average/711-2B_as_mni_average_305_mask.4dfp.img
       256       256       256         1
  1.000000  1.000000  1.000000
orientation T byte_order littleendian
Reading mask: /opt/freesurfer/average/711-2B_as_mni_average_305_mask.4dfp.img (2306576 pixels)
talsrcimg_g11.4dfp.img
       256       256       256         1
  0.898438  0.898438  0.898438
orientation T byte_order littleendian
Reading image: talsrcimg_g11.4dfp.img
dimensions:      256       256       256
mmppix:       0.8984   -0.8984   -0.8984
center:     115.0001 -115.8985 -115.8985
fimgreg.f
image alignment mode   2311 decimal      907 hex
parameters
   -1.6333   -8.8099   11.7881   -6.2830   -3.0976   -3.8425
    4.7344   -5.9418   -3.6025   11.7467    4.3660  -13.3095
eta,q 0.97850 10.98461
niter,ni,del,rscale     5    3    5.0000    0.8000
parameters
   -1.6474   -8.8028   11.8193   -6.6896   -3.0758   -4.2746
    4.7285   -5.9889   -3.5685   11.7611    4.2906  -12.9987
eta,q 0.97844 10.94686
  0.0234  0.0229  0.0227  0.0226  0.0231  0.0235  0.0232  0.0242  0.0226  0.0233  0.0222  0.0224
  0.0224  0.0221  0.0220  0.0220  0.0223  0.0226  0.0223  0.0227  0.0221  0.0224  0.0218  0.0220
  0.0217  0.0217  0.0216  0.0217  0.0217  0.0219  0.0218  0.0218  0.0217  0.0218  0.0216  0.0217
  0.0215  0.0215  0.0215  0.0215  0.0215  0.0215  0.0216  0.0216  0.0216  0.0216  0.0216  0.0216
  0.0217  0.0217  0.0216  0.0216  0.0217  0.0218  0.0217  0.0219  0.0217  0.0217  0.0216  0.0216
  0.0224  0.0221  0.0220  0.0222  0.0222  0.0229  0.0223  0.0228  0.0220  0.0223  0.0219  0.0218
  0.0235  0.0229  0.0226  0.0232  0.0231  0.0248  0.0233  0.0243  0.0226  0.0233  0.0222  0.0222
niter,ni,del,rscale     4    3    5.0000    0.7000
parameters
   -1.6339   -8.8121   11.7532   -6.5227   -3.0203   -4.2613
    4.7241   -5.9604   -3.5565   11.7349    4.3030  -13.0442
eta,q 0.97846 10.95770
  0.0230  0.0226  0.0223  0.0225  0.0228  0.0233  0.0228  0.0237  0.0224  0.0229  0.0220  0.0221
  0.0222  0.0220  0.0219  0.0221  0.0221  0.0226  0.0221  0.0225  0.0219  0.0222  0.0218  0.0218
  0.0217  0.0217  0.0216  0.0217  0.0217  0.0219  0.0217  0.0218  0.0216  0.0217  0.0216  0.0216
  0.0216  0.0216  0.0216  0.0216  0.0215  0.0215  0.0215  0.0215  0.0215  0.0215  0.0215  0.0215
  0.0217  0.0217  0.0217  0.0216  0.0217  0.0216  0.0217  0.0218  0.0216  0.0217  0.0216  0.0216
  0.0222  0.0221  0.0220  0.0219  0.0221  0.0223  0.0221  0.0225  0.0219  0.0222  0.0218  0.0218
  0.0230  0.0227  0.0224  0.0225  0.0228  0.0236  0.0229  0.0236  0.0224  0.0229  0.0220  0.0222
niter,ni,del,rscale     3    3    5.0000    0.6000
parameters
   -1.6320   -8.8133   11.7517   -6.4146   -3.0142   -4.1136
    4.7217   -5.9498   -3.5800   11.7305    4.3238  -13.1395
eta,q 0.97847 10.96970
  0.0226  0.0223  0.0221  0.0223  0.0225  0.0230  0.0225  0.0231  0.0221  0.0225  0.0219  0.0220
  0.0220  0.0219  0.0218  0.0219  0.0219  0.0224  0.0220  0.0222  0.0218  0.0220  0.0217  0.0217
  0.0217  0.0216  0.0216  0.0217  0.0216  0.0218  0.0216  0.0217  0.0216  0.0217  0.0216  0.0216
  0.0215  0.0215  0.0215  0.0215  0.0215  0.0215  0.0215  0.0215  0.0215  0.0215  0.0215  0.0215
  0.0217  0.0216  0.0216  0.0216  0.0216  0.0216  0.0216  0.0217  0.0216  0.0216  0.0216  0.0216
  0.0220  0.0219  0.0218  0.0218  0.0219  0.0220  0.0220  0.0222  0.0218  0.0220  0.0217  0.0217
  0.0226  0.0223  0.0221  0.0223  0.0225  0.0230  0.0225  0.0231  0.0221  0.0226  0.0219  0.0220
niter,ni,del,rscale     2    3    5.0000    0.5000
parameters
   -1.6324   -8.8114   11.7734   -6.3465   -3.0477   -3.9666
    4.7265   -5.9438   -3.5821   11.7345    4.3314  -13.2373
eta,q 0.97849 10.97803
  0.0223  0.0221  0.0220  0.0220  0.0222  0.0226  0.0222  0.0226  0.0219  0.0222  0.0218  0.0218
  0.0219  0.0218  0.0217  0.0218  0.0218  0.0221  0.0218  0.0220  0.0217  0.0218  0.0216  0.0216
  0.0216  0.0216  0.0216  0.0216  0.0216  0.0217  0.0216  0.0216  0.0216  0.0216  0.0215  0.0215
  0.0215  0.0215  0.0215  0.0215  0.0215  0.0215  0.0215  0.0215  0.0215  0.0215  0.0215  0.0215
  0.0216  0.0216  0.0216  0.0216  0.0216  0.0215  0.0216  0.0216  0.0215  0.0216  0.0215  0.0216
  0.0219  0.0218  0.0217  0.0217  0.0218  0.0219  0.0218  0.0220  0.0217  0.0218  0.0216  0.0217
  0.0223  0.0221  0.0219  0.0220  0.0222  0.0225  0.0222  0.0226  0.0219  0.0222  0.0218  0.0219
niter,ni,del,rscale     1    3    5.0000    0.4000
parameters
   -1.6329   -8.8140   11.7901   -6.2858   -3.0827   -3.8392
    4.7339   -5.9391   -3.5909   11.7440    4.3549  -13.3188
eta,q 0.97850 10.98520
  0.0220  0.0219  0.0218  0.0219  0.0219  0.0223  0.0219  0.0222  0.0218  0.0220  0.0217  0.0217
  0.0217  0.0217  0.0216  0.0217  0.0217  0.0219  0.0217  0.0218  0.0216  0.0217  0.0216  0.0216
  0.0216  0.0215  0.0215  0.0216  0.0215  0.0216  0.0215  0.0216  0.0215  0.0216  0.0215  0.0215
  0.0215  0.0215  0.0215  0.0215  0.0215  0.0215  0.0215  0.0215  0.0215  0.0215  0.0215  0.0215
  0.0216  0.0215  0.0215  0.0215  0.0216  0.0215  0.0215  0.0216  0.0215  0.0215  0.0215  0.0215
  0.0217  0.0217  0.0216  0.0216  0.0217  0.0217  0.0217  0.0218  0.0216  0.0217  0.0216  0.0216
  0.0220  0.0219  0.0218  0.0218  0.0219  0.0222  0.0219  0.0222  0.0218  0.0220  0.0217  0.0217
registration optimization eta report
parameter search radius
    0.8000    0.8000    0.8000    2.4000    2.4000    2.4000
    2.4000    2.4000    2.4000    2.4000    2.4000    2.4000
100000*second partial in parameter space
       77.       57.       44.        6.        7.       12.
        8.       13.        5.        8.        3.        4.
  0.0220  0.0219  0.0218  0.0219  0.0219  0.0223  0.0219  0.0222  0.0218  0.0220  0.0217  0.0217
  0.0217  0.0217  0.0216  0.0217  0.0217  0.0219  0.0217  0.0218  0.0216  0.0217  0.0216  0.0216
  0.0216  0.0215  0.0215  0.0216  0.0215  0.0216  0.0215  0.0216  0.0215  0.0216  0.0215  0.0215
  0.0215  0.0215  0.0215  0.0215  0.0215  0.0215  0.0215  0.0215  0.0215  0.0215  0.0215  0.0215
  0.0216  0.0215  0.0215  0.0215  0.0216  0.0215  0.0215  0.0216  0.0215  0.0215  0.0215  0.0215
  0.0217  0.0217  0.0216  0.0216  0.0217  0.0217  0.0217  0.0218  0.0216  0.0217  0.0216  0.0216
  0.0220  0.0219  0.0218  0.0218  0.0219  0.0222  0.0219  0.0222  0.0218  0.0220  0.0217  0.0217
   -1.6329   -8.8140   11.7901   -6.2858   -3.0827   -3.8392
    4.7339   -5.9391   -3.5909   11.7440    4.3549  -13.3188
eta,q 0.97850 10.98520

---------------------------------------------------------------------
compute_vox2vox talsrcimg talsrcimg_to_711-2C_as_mni_average_305_t4 /opt/freesurfer/average/711-2C_as_mni_average_305
---------------------------------------------------------------------

freesurfer compute_vox2vox.c
Reading: talsrcimg.4dfp.ifh
Reading: talsrcimg_to_711-2C_as_mni_average_305_t4
Reading: /opt/freesurfer/average/711-2C_as_mni_average_305.4dfp.ifh
Writing: talsrcimg_to_711-2C_as_mni_average_305_t4_vox2vox.txt

start time Wed Mar 11 05:25:00 CET 2026
end		time Wed Mar 11 05:26:25 CET 2026

mpr2mni305 success

avi2talxfm orig_nu.mgz /opt/freesurfer/average/mni305.cor.mgz talsrcimg_to_711-2C_as_mni_average_305_t4_vox2vox.txt transforms/talairach.auto.xfm
avi2talxfm done
mv -f /out/sourcedata/freesurfer/sub-v2s13x29137_ses-1/mri/talsrcimg_to_711-2C_as_mni_average_305_t4_vox2vox.txt /out/sourcedata/freesurfer/sub-v2s13x29137_ses-1/mri/transforms/talsrcimg_to_711-2C_as_mni_average_305_t4_vox2vox.txt
lta_convert --src orig_nu.mgz --trg /opt/freesurfer/average/mni305.cor.mgz --inxfm transforms/talairach.auto.xfm --outlta transforms/talairach.auto.xfm.lta --subject fsaverage
7.3.2

--src: orig_nu.mgz src image (geometry).
--trg: /opt/freesurfer/average/mni305.cor.mgz trg image (geometry).
--inmni: transforms/talairach.auto.xfm input MNI/XFM transform.
--outlta: transforms/talairach.auto.xfm.lta output LTA.
--s: fsaverage subject name
 LTA read, type : 1
 1.06217   0.07075  -0.04216   4.49286;
-0.04195   1.01996   0.14222  -10.32290;
 0.04444  -0.12097   1.01301  -4.73746;
 0.00000   0.00000   0.00000   1.00000;
setting subject to fsaverage
Writing  LTA to file transforms/talairach.auto.xfm.lta...
lta_convert successful.
 
 
Started at Wed Mar 11 05:24:59 CET 2026
Ended   at Wed Mar 11 05:26:26 CET 2026
talairach_avi done
