status file for recon-all
Wed Mar 11 04:48:50 CET 2026
#@# MotionCor Wed Mar 11 04:48:52 CET 2026
#@# Talairach Wed Mar 11 04:49:02 CET 2026
#@# Talairach Failure Detection Wed Mar 11 04:53:24 CET 2026
#@# Nu Intensity Correction Wed Mar 11 04:53:24 CET 2026
#@# Intensity Normalization Wed Mar 11 04:56:40 CET 2026
recon-all -s sub-v2s13x29127_ses-1 finished without error at Wed Mar 11 04:58:08 CET 2026



#New# invocation of recon-all 



status file for recon-all
Wed Mar 11 05:05:55 CET 2026
#@# EM Registration Wed Mar 11 05:05:55 CET 2026
recon-all -s sub-v2s13x29127_ses-1 finished without error at Wed Mar 11 05:08:27 CET 2026



#New# invocation of recon-all 



status file for recon-all
Wed Mar 11 05:08:30 CET 2026
#@# CA Normalize Wed Mar 11 05:08:30 CET 2026
#@# CA Reg Wed Mar 11 05:09:50 CET 2026
#@# SubCort Seg Wed Mar 11 06:01:13 CET 2026
#@# CC Seg Wed Mar 11 06:36:26 CET 2026
#@# Merge ASeg Wed Mar 11 06:37:12 CET 2026
#@# Intensity Normalization2 Wed Mar 11 06:37:12 CET 2026
#@# Mask BFS Wed Mar 11 06:39:19 CET 2026
#@# WM Segmentation Wed Mar 11 06:39:19 CET 2026
#@# Fill Wed Mar 11 06:41:34 CET 2026
recon-all -s sub-v2s13x29127_ses-1 finished without error at Wed Mar 11 06:42:36 CET 2026



#New# invocation of recon-all 



status file for recon-all
Wed Mar 11 07:44:19 CET 2026
#@# white curv lh Wed Mar 11 07:44:19 CET 2026
#@# white area lh Wed Mar 11 07:44:19 CET 2026
#@# pial curv lh Wed Mar 11 07:44:19 CET 2026
#@# pial area lh Wed Mar 11 07:44:19 CET 2026
#@# thickness lh Wed Mar 11 07:44:19 CET 2026
#@# area and vertex vol lh Wed Mar 11 07:44:19 CET 2026
#@# white curv rh Wed Mar 11 07:44:19 CET 2026
#@# white area rh Wed Mar 11 07:44:19 CET 2026
#@# pial curv rh Wed Mar 11 07:44:19 CET 2026
#@# pial area rh Wed Mar 11 07:44:19 CET 2026
#@# thickness rh Wed Mar 11 07:44:19 CET 2026
#@# area and vertex vol rh Wed Mar 11 07:44:19 CET 2026
#@# Cortical ribbon mask Wed Mar 11 07:44:19 CET 2026
recon-all -s sub-v2s13x29127_ses-1 finished without error at Wed Mar 11 07:55:51 CET 2026



#New# invocation of recon-all 



status file for recon-all
Wed Mar 11 08:04:33 CET 2026
#@# white curv lh Wed Mar 11 08:04:33 CET 2026
#@# white area lh Wed Mar 11 08:04:33 CET 2026
#@# pial curv lh Wed Mar 11 08:04:33 CET 2026
#@# pial area lh Wed Mar 11 08:04:33 CET 2026
#@# thickness lh Wed Mar 11 08:04:33 CET 2026
#@# area and vertex vol lh Wed Mar 11 08:04:33 CET 2026
#@# white curv rh Wed Mar 11 08:04:33 CET 2026
#@# white area rh Wed Mar 11 08:04:33 CET 2026
#@# pial curv rh Wed Mar 11 08:04:33 CET 2026
#@# pial area rh Wed Mar 11 08:04:33 CET 2026
#@# thickness rh Wed Mar 11 08:04:33 CET 2026
#@# area and vertex vol rh Wed Mar 11 08:04:33 CET 2026
#@# Curvature Stats lh Wed Mar 11 08:04:33 CET 2026
#@# Curvature Stats rh Wed Mar 11 08:04:36 CET 2026
#@# Relabel Hypointensities Wed Mar 11 08:04:40 CET 2026
#@# APas-to-ASeg Wed Mar 11 08:04:59 CET 2026
#@# AParc-to-ASeg aparc Wed Mar 11 08:05:10 CET 2026
#@# AParc-to-ASeg aparc.a2009s Wed Mar 11 08:06:00 CET 2026
#@# AParc-to-ASeg aparc.DKTatlas Wed Mar 11 08:06:51 CET 2026
#@# WMParc Wed Mar 11 08:07:45 CET 2026
#@# ASeg Stats Wed Mar 11 08:12:08 CET 2026
recon-all -s sub-v2s13x29127_ses-1 finished without error at Wed Mar 11 08:12:51 CET 2026
