status file for recon-all
Wed Mar 11 06:42:39 CET 2026
#@# Tessellate lh Wed Mar 11 06:42:39 CET 2026
#@# Smooth1 lh Wed Mar 11 06:42:43 CET 2026
#@# Inflation1 lh Wed Mar 11 06:42:47 CET 2026
#@# QSphere lh Wed Mar 11 06:44:00 CET 2026
#@# Fix Topology lh Wed Mar 11 06:45:12 CET 2026
#@# Smooth2 lh Wed Mar 11 06:52:54 CET 2026
#@# Inflation2 lh Wed Mar 11 06:52:58 CET 2026
#@# Curv .H and .K lh Wed Mar 11 06:53:21 CET 2026
#@# Sphere lh Wed Mar 11 06:54:23 CET 2026
#@# Surf Reg lh Wed Mar 11 06:58:34 CET 2026
#@# Jacobian white lh Wed Mar 11 07:03:19 CET 2026
#@# AvgCurv lh Wed Mar 11 07:03:20 CET 2026
#@# Cortical Parc lh Wed Mar 11 07:03:21 CET 2026
#@# white curv lh Wed Mar 11 07:11:23 CET 2026
#@# white area lh Wed Mar 11 07:11:25 CET 2026
#@# pial curv lh Wed Mar 11 07:11:26 CET 2026
#@# pial area lh Wed Mar 11 07:11:29 CET 2026
#@# thickness lh Wed Mar 11 07:11:29 CET 2026
#@# area and vertex vol lh Wed Mar 11 07:12:09 CET 2026
#@# Curvature Stats lh Wed Mar 11 07:12:11 CET 2026
#@# Cortical Parc 2 lh Wed Mar 11 07:12:14 CET 2026
#@# Cortical Parc 3 lh Wed Mar 11 07:12:31 CET 2026
#@# WM/GM Contrast lh Wed Mar 11 07:12:44 CET 2026
recon-all -s sub-v2s13x29127_ses-1 finished without error at Wed Mar 11 07:12:49 CET 2026



#New# invocation of recon-all 



status file for recon-all
Wed Mar 11 07:55:56 CET 2026
#@# white curv lh Wed Mar 11 07:55:56 CET 2026
#@# white area lh Wed Mar 11 07:55:56 CET 2026
#@# pial curv lh Wed Mar 11 07:55:56 CET 2026
#@# pial area lh Wed Mar 11 07:55:56 CET 2026
#@# thickness lh Wed Mar 11 07:55:56 CET 2026
#@# area and vertex vol lh Wed Mar 11 07:55:56 CET 2026
#@# Parcellation Stats lh Wed Mar 11 07:55:56 CET 2026
#@# Parcellation Stats 2 lh Wed Mar 11 07:56:25 CET 2026
#@# Parcellation Stats 3 lh Wed Mar 11 07:56:40 CET 2026
#@# BA_exvivo Labels lh Wed Mar 11 07:56:54 CET 2026
recon-all -s sub-v2s13x29127_ses-1 finished without error at Wed Mar 11 08:00:08 CET 2026
