status file for recon-all
Wed Mar 11 07:12:51 CET 2026
#@# Tessellate rh Wed Mar 11 07:12:51 CET 2026
#@# Smooth1 rh Wed Mar 11 07:12:55 CET 2026
#@# Inflation1 rh Wed Mar 11 07:12:59 CET 2026
#@# QSphere rh Wed Mar 11 07:14:14 CET 2026
#@# Fix Topology rh Wed Mar 11 07:15:29 CET 2026
#@# Smooth2 rh Wed Mar 11 07:22:48 CET 2026
#@# Inflation2 rh Wed Mar 11 07:22:52 CET 2026
#@# Curv .H and .K rh Wed Mar 11 07:23:19 CET 2026
#@# Sphere rh Wed Mar 11 07:24:23 CET 2026
#@# Surf Reg rh Wed Mar 11 07:28:25 CET 2026
#@# Jacobian white rh Wed Mar 11 07:34:11 CET 2026
#@# AvgCurv rh Wed Mar 11 07:34:12 CET 2026
#@# Cortical Parc rh Wed Mar 11 07:34:13 CET 2026
#@# white curv rh Wed Mar 11 07:42:48 CET 2026
#@# white area rh Wed Mar 11 07:42:50 CET 2026
#@# pial curv rh Wed Mar 11 07:42:51 CET 2026
#@# pial area rh Wed Mar 11 07:42:53 CET 2026
#@# thickness rh Wed Mar 11 07:42:54 CET 2026
#@# area and vertex vol rh Wed Mar 11 07:43:34 CET 2026
#@# Curvature Stats rh Wed Mar 11 07:43:36 CET 2026
#@# Cortical Parc 2 rh Wed Mar 11 07:43:40 CET 2026
#@# Cortical Parc 3 rh Wed Mar 11 07:43:57 CET 2026
#@# WM/GM Contrast rh Wed Mar 11 07:44:10 CET 2026
recon-all -s sub-v2s13x29127_ses-1 finished without error at Wed Mar 11 07:44:15 CET 2026



#New# invocation of recon-all 



status file for recon-all
Wed Mar 11 08:00:09 CET 2026
#@# white curv rh Wed Mar 11 08:00:09 CET 2026
#@# white area rh Wed Mar 11 08:00:09 CET 2026
#@# pial curv rh Wed Mar 11 08:00:09 CET 2026
#@# pial area rh Wed Mar 11 08:00:09 CET 2026
#@# thickness rh Wed Mar 11 08:00:10 CET 2026
#@# area and vertex vol rh Wed Mar 11 08:00:10 CET 2026
#@# Parcellation Stats rh Wed Mar 11 08:00:10 CET 2026
#@# Parcellation Stats 2 rh Wed Mar 11 08:00:40 CET 2026
#@# Parcellation Stats 3 rh Wed Mar 11 08:00:55 CET 2026
#@# BA_exvivo Labels rh Wed Mar 11 08:01:10 CET 2026
recon-all -s sub-v2s13x29127_ses-1 finished without error at Wed Mar 11 08:04:27 CET 2026
