/out/sourcedata/freesurfer/sub-v2s13x29111_ses-1/mri
/opt/freesurfer/bin/talairach_avi
--i orig_nu.mgz --xfm transforms/talairach.auto.xfm
talairach_avi 7.3.2
Linux dna059 5.14.0-427.37.1.el9_4.x86_64 #1 SMP PREEMPT_DYNAMIC Fri Sep 13 12:41:50 EDT 2024 x86_64 x86_64 x86_64 GNU/Linux
Wed Mar 11 03:50:35 CET 2026
mri_convert orig_nu.mgz talsrcimg.img 
reading from orig_nu.mgz...
TR=0.00, TE=0.00, TI=0.00, flip angle=0.00
i_ras = (-1, -1.94363e-10, 2.59151e-10)
j_ras = (2.59151e-10, 1.65856e-08, -1)
k_ras = (9.71815e-11, 1, 0)
writing to talsrcimg.img...
Analyze Output Matrix
-0.89844   0.00000   0.00000   115.57701;
-0.00000   0.00000   0.89844  -116.04194;
 0.00000  -0.89844   0.00000   120.16680;
 0.00000   0.00000   0.00000   1.00000;
--------------------
INFO: set hdr.hist.orient to -1
mpr2mni305 talsrcimg
Wed Mar 11 03:50:36 CET 2026
/opt/freesurfer/bin/mpr2mni305 talsrcimg
mpr2mni305 7.3.2
target=711-2C_as_mni_average_305

---------------------------------------------------------------------
analyzeto4dfp talsrcimg -O0 -y
---------------------------------------------------------------------

freesurfer ifh2hdr.c
Wed Mar 11 03:50:36 2026
Writing: talsrcimg.4dfp.hdr
freesurfer analyzeto4dfp.c
Reading: talsrcimg.hdr
header size 348 bytes
hdr.dime.datatype	offset=70	value=2
hdr.dime.bitpix		offset=72	value=8
hdr.hist.orient		offset=252	value=-1
dimensionality     4
dimensions       256       256       256         1
Reading: talsrcimg.img
Writing: talsrcimg.4dfp.img
Writing: talsrcimg.4dfp.ifh
ifh2hdr talsrcimg -r0to249
ori=2

---------------------------------------------------------------------
gauss_4dfp talsrcimg 1.1
---------------------------------------------------------------------

freesurfer gauss_4dfp.c
Reading: talsrcimg.4dfp.img
Writing: talsrcimg_g11.4dfp.img
image dimensions 256 256 256 padded to 288 288 288
processing volume 1freesurfer ifh2hdr.c
Wed Mar 11 03:50:38 2026
Writing: talsrcimg_g11.4dfp.hdr

Writing: talsrcimg_g11.4dfp.ifh
including: talsrcimg.4dfp.img.rec in talsrcimg_g11.4dfp.img.rec

---------------------------------------------------------------------
imgreg_4dfp /opt/freesurfer/average/711-2C_as_mni_average_305 none talsrcimg_g11 none talsrcimg_to_711-2C_as_mni_average_305_t4 4355
---------------------------------------------------------------------

freesurfer imgreg_4dfp.c
/opt/freesurfer/average/711-2C_as_mni_average_305.4dfp.img
       256       256       256         1
  1.000000  1.000000  1.000000
orientation T byte_order littleendian
Reading image: /opt/freesurfer/average/711-2C_as_mni_average_305.4dfp.img
dimensions:      256       256       256
mmppix:       1.0000   -1.0000   -1.0000
center:     128.0000 -129.0000 -129.0000
talsrcimg_g11.4dfp.img
       256       256       256         1
  0.898438  0.898438  0.898438
orientation T byte_order littleendian
Reading image: talsrcimg_g11.4dfp.img
dimensions:      256       256       256
mmppix:       0.8984   -0.8984   -0.8984
center:     115.0001 -115.8985 -115.8985
t4_read: open error in t4_sub.f l:  41 t4_file(1:l)talsrcimg_to_711-2C_as_mni_average_305_t4 
t4_read: transform initialized to I4
rotation matrix determinant  1.000000
image alignment mode   4355 decimal     1103 hex
   -7.5000  -45.0000  -45.0000 6418.4277   15.7557
    0.0000  -45.0000  -45.0000 6475.7739   15.7801
    7.5000  -45.0000  -45.0000 6160.7500   15.7552
   -7.5000  -37.5000  -45.0000 6810.6362   16.7668
    0.0000  -37.5000  -45.0000 6870.9043   16.7863
    7.5000  -37.5000  -45.0000 6524.0371   16.7574
   -7.5000  -30.0000  -45.0000 7212.4351   17.3494
    0.0000  -30.0000  -45.0000 7290.7202   17.3621
    7.5000  -30.0000  -45.0000 6910.9321   17.3337
   -7.5000  -22.5000  -45.0000 7713.8682   17.3805
    0.0000  -22.5000  -45.0000 7809.3232   17.3920
    7.5000  -22.5000  -45.0000 7401.9053   17.3679
   -7.5000  -15.0000  -45.0000 8153.7520   17.3512
    0.0000  -15.0000  -45.0000 8261.3770   17.3698
    7.5000  -15.0000  -45.0000 7832.6333   17.3487
   -7.5000   -7.5000  -45.0000 8226.4893   17.2977
    0.0000   -7.5000  -45.0000 8308.4346   17.3237
    7.5000   -7.5000  -45.0000 7873.4287   17.3008
   -7.5000    0.0000  -45.0000 8215.4883   17.2684
    0.0000    0.0000  -45.0000 8292.7734   17.2952
    7.5000    0.0000  -45.0000 7866.1704   17.2678
   -7.5000    7.5000  -45.0000 7795.6396   17.2954
    0.0000    7.5000  -45.0000 7872.1655   17.3155
    7.5000    7.5000  -45.0000 7446.0864   17.2857
   -7.5000   15.0000  -45.0000 7561.2612   17.3573
    0.0000   15.0000  -45.0000 7629.1631   17.3702
    7.5000   15.0000  -45.0000 7214.3447   17.3418
   -7.5000   22.5000  -45.0000 6970.7393   17.2466
    0.0000   22.5000  -45.0000 7022.7676   17.2587
    7.5000   22.5000  -45.0000 6634.6123   17.2344
   -7.5000   30.0000  -45.0000 6394.5859   16.9563
    0.0000   30.0000  -45.0000 6441.1279   16.9774
    7.5000   30.0000  -45.0000 6082.1440   16.9570
   -7.5000   37.5000  -45.0000 5863.0552   16.6875
    0.0000   37.5000  -45.0000 5907.0835   16.7149
    7.5000   37.5000  -45.0000 5555.1191   16.6929
   -7.5000   45.0000  -45.0000 5370.3481   16.5490
    0.0000   45.0000  -45.0000 5400.6792   16.5846
    7.5000   45.0000  -45.0000 5084.3101   16.5624
   -7.5000  -45.0000  -37.5000 6962.9185   16.5811
    0.0000  -45.0000  -37.5000 7052.7998   16.5947
    7.5000  -45.0000  -37.5000 6684.9731   16.5628
   -7.5000  -37.5000  -37.5000 7386.2021   17.6490
    0.0000  -37.5000  -37.5000 7477.3237   17.6618
    7.5000  -37.5000  -37.5000 7076.5322   17.6261
   -7.5000  -30.0000  -37.5000 7824.7803   18.2259
    0.0000  -30.0000  -37.5000 7920.6279   18.2331
    7.5000  -30.0000  -37.5000 7505.6509   18.1997
   -7.5000  -22.5000  -37.5000 8353.7188   18.2569
    0.0000  -22.5000  -37.5000 8457.1572   18.2588
    7.5000  -22.5000  -37.5000 8019.3843   18.2314
   -7.5000  -15.0000  -37.5000 8824.8262   18.2301
    0.0000  -15.0000  -37.5000 8949.2881   18.2338
    7.5000  -15.0000  -37.5000 8468.3604   18.2091
   -7.5000   -7.5000  -37.5000 8878.9111   18.1793
    0.0000   -7.5000  -37.5000 8974.8408   18.1895
    7.5000   -7.5000  -37.5000 8498.9639   18.1607
   -7.5000    0.0000  -37.5000 8857.7188   18.1500
    0.0000    0.0000  -37.5000 8941.9863   18.1649
    7.5000    0.0000  -37.5000 8464.6113   18.1299
   -7.5000    7.5000  -37.5000 8404.2402   18.1734
    0.0000    7.5000  -37.5000 8488.6104   18.1866
    7.5000    7.5000  -37.5000 8019.7056   18.1498
   -7.5000   15.0000  -37.5000 8152.8428   18.2336
    0.0000   15.0000  -37.5000 8234.2549   18.2408
    7.5000   15.0000  -37.5000 7792.2905   18.2075
   -7.5000   22.5000  -37.5000 7491.2749   18.1161
    0.0000   22.5000  -37.5000 7552.4766   18.1181
    7.5000   22.5000  -37.5000 7157.1987   18.0907
   -7.5000   30.0000  -37.5000 6851.0693   17.8240
    0.0000   30.0000  -37.5000 6896.1533   17.8293
    7.5000   30.0000  -37.5000 6537.5249   17.8057
   -7.5000   37.5000  -37.5000 6289.0742   17.5457
    0.0000   37.5000  -37.5000 6316.4595   17.5575
    7.5000   37.5000  -37.5000 5966.5771   17.5299
   -7.5000   45.0000  -37.5000 5756.2437   17.3860
    0.0000   45.0000  -37.5000 5775.8535   17.4092
    7.5000   45.0000  -37.5000 5455.8286   17.3822
   -7.5000  -45.0000  -30.0000 7521.7920   17.3437
    0.0000  -45.0000  -30.0000 7613.5229   17.3556
    7.5000  -45.0000  -30.0000 7214.2139   17.3280
   -7.5000  -37.5000  -30.0000 7964.6245   18.4719
    0.0000  -37.5000  -30.0000 8077.3359   18.4860
    7.5000  -37.5000  -30.0000 7640.0093   18.4566
   -7.5000  -30.0000  -30.0000 8435.2148   19.0550
    0.0000  -30.0000  -30.0000 8565.3643   19.0644
    7.5000  -30.0000  -30.0000 8110.9521   19.0371
   -7.5000  -22.5000  -30.0000 9027.4268   19.0903
    0.0000  -22.5000  -30.0000 9151.4951   19.0923
    7.5000  -22.5000  -30.0000 8664.5273   19.0691
   -7.5000  -15.0000  -30.0000 9528.7705   19.0575
    0.0000  -15.0000  -30.0000 9670.1621   19.0582
    7.5000  -15.0000  -30.0000 9134.5234   19.0362
   -7.5000   -7.5000  -30.0000 9571.2920   18.9979
    0.0000   -7.5000  -30.0000 9684.3926   19.0040
    7.5000   -7.5000  -30.0000 9152.1221   18.9780
   -7.5000    0.0000  -30.0000 9514.4863   18.9651
    0.0000    0.0000  -30.0000 9599.0420   18.9781
    7.5000    0.0000  -30.0000 9089.4873   18.9478
   -7.5000    7.5000  -30.0000 9047.2988   18.9920
    0.0000    7.5000  -30.0000 9110.2158   19.0064
    7.5000    7.5000  -30.0000 8616.7744   18.9762
   -7.5000   15.0000  -30.0000 8764.3545   19.0621
    0.0000   15.0000  -30.0000 8843.6748   19.0714
    7.5000   15.0000  -30.0000 8371.8828   19.0441
   -7.5000   22.5000  -30.0000 8031.4814   18.9435
    0.0000   22.5000  -30.0000 8089.9404   18.9454
    7.5000   22.5000  -30.0000 7675.4268   18.9225
   -7.5000   30.0000  -30.0000 7324.0537   18.6397
    0.0000   30.0000  -30.0000 7355.1274   18.6408
    7.5000   30.0000  -30.0000 6982.1230   18.6201
   -7.5000   37.5000  -30.0000 6693.3345   18.3564
    0.0000   37.5000  -30.0000 6718.3169   18.3632
    7.5000   37.5000  -30.0000 6362.6138   18.3392
   -7.5000   45.0000  -30.0000 6117.4971   18.1848
    0.0000   45.0000  -30.0000 6141.6353   18.2049
    7.5000   45.0000  -30.0000 5809.9180   18.1838
   -7.5000  -45.0000  -22.5000 8079.4116   18.0307
    0.0000  -45.0000  -22.5000 8163.5059   18.0528
    7.5000  -45.0000  -22.5000 7737.4292   18.0359
   -7.5000  -37.5000  -22.5000 8545.7344   19.2154
    0.0000  -37.5000  -22.5000 8657.0684   19.2372
    7.5000  -37.5000  -22.5000 8179.1846   19.2202
   -7.5000  -30.0000  -22.5000 9060.5488   19.8031
    0.0000  -30.0000  -22.5000 9184.2451   19.8191
    7.5000  -30.0000  -22.5000 8682.2285   19.8027
   -7.5000  -22.5000  -22.5000 9700.1230   19.8438
    0.0000  -22.5000  -22.5000 9813.4561   19.8551
    7.5000  -22.5000  -22.5000 9276.1045   19.8399
   -7.5000  -15.0000  -22.500010219.3223   19.8086
    0.0000  -15.0000  -22.500010345.6621   19.8217
    7.5000  -15.0000  -22.5000 9766.2256   19.8065
   -7.5000   -7.5000  -22.500010240.4775   19.7421
    0.0000   -7.5000  -22.500010355.9629   19.7610
    7.5000   -7.5000  -22.5000 9798.4404   19.7438
   -7.5000    0.0000  -22.500010171.1377   19.7051
    0.0000    0.0000  -22.500010273.0000   19.7291
    7.5000    0.0000  -22.5000 9719.2656   19.7106
   -7.5000    7.5000  -22.5000 9634.6445   19.7318
    0.0000    7.5000  -22.5000 9711.0811   19.7542
    7.5000    7.5000  -22.5000 9178.7705   19.7367
   -7.5000   15.0000  -22.5000 9351.4268   19.8088
    0.0000   15.0000  -22.5000 9412.2344   19.8248
    7.5000   15.0000  -22.5000 8921.6943   19.8084
   -7.5000   22.5000  -22.5000 8566.2246   19.6940
    0.0000   22.5000  -22.5000 8609.4785   19.7053
    7.5000   22.5000  -22.5000 8178.3965   19.6904
   -7.5000   30.0000  -22.5000 7777.6753   19.3835
    0.0000   30.0000  -22.5000 7813.8965   19.3969
    7.5000   30.0000  -22.5000 7419.3916   19.3826
   -7.5000   37.5000  -22.5000 7100.3179   19.1008
    0.0000   37.5000  -22.5000 7127.8179   19.1196
    7.5000   37.5000  -22.5000 6745.5469   19.1049
   -7.5000   45.0000  -22.5000 6472.0024   18.9320
    0.0000   45.0000  -22.5000 6493.4263   18.9629
    7.5000   45.0000  -22.5000 6144.6450   18.9520
   -7.5000  -45.0000  -15.0000 8623.2129   18.6614
    0.0000  -45.0000  -15.0000 8714.1914   18.6982
    7.5000  -45.0000  -15.0000 8241.1885   18.6864
   -7.5000  -37.5000  -15.0000 9103.6006   19.8840
    0.0000  -37.5000  -15.0000 9227.0439   19.9156
    7.5000  -37.5000  -15.0000 8703.8652   19.9032
   -7.5000  -30.0000  -15.0000 9634.7559   20.4728
    0.0000  -30.0000  -15.0000 9776.0459   20.4964
    7.5000  -30.0000  -15.0000 9232.3486   20.4833
   -7.5000  -22.5000  -15.000010273.6514   20.5163
    0.0000  -22.5000  -15.000010427.7988   20.5394
    7.5000  -22.5000  -15.0000 9826.9268   20.5259
   -7.5000  -15.0000  -15.000010829.3584   20.4822
    0.0000  -15.0000  -15.000010971.0596   20.5132
    7.5000  -15.0000  -15.000010351.1504   20.5003
   -7.5000   -7.5000  -15.000010858.2861   20.4138
    0.0000   -7.5000  -15.000011011.6689   20.4526
    7.5000   -7.5000  -15.000010385.0879   20.4396
   -7.5000    0.0000  -15.000010772.9189   20.3744
    0.0000    0.0000  -15.000010907.5742   20.4145
    7.5000    0.0000  -15.000010287.2598   20.4015
   -7.5000    7.5000  -15.000010174.0010   20.3985
    0.0000    7.5000  -15.000010268.3643   20.4310
    7.5000    7.5000  -15.0000 9687.0820   20.4183
   -7.5000   15.0000  -15.0000 9838.1543   20.4769
    0.0000   15.0000  -15.0000 9908.7432   20.5007
    7.5000   15.0000  -15.0000 9397.9346   20.4876
   -7.5000   22.5000  -15.0000 9019.9033   20.3652
    0.0000   22.5000  -15.0000 9074.1436   20.3890
    7.5000   22.5000  -15.0000 8618.3643   20.3756
   -7.5000   30.0000  -15.0000 8209.9619   20.0588
    0.0000   30.0000  -15.0000 8238.3867   20.0913
    7.5000   30.0000  -15.0000 7835.4385   20.0791
   -7.5000   37.5000  -15.0000 7493.5933   19.7829
    0.0000   37.5000  -15.0000 7512.7710   19.8215
    7.5000   37.5000  -15.0000 7114.9312   19.8111
   -7.5000   45.0000  -15.0000 6814.5459   19.6224
    0.0000   45.0000  -15.0000 6842.4292   19.6704
    7.5000   45.0000  -15.0000 6458.2402   19.6625
   -7.5000  -45.0000   -7.5000 8869.6885   18.6770
    0.0000  -45.0000   -7.5000 8973.5146   18.7172
    7.5000  -45.0000   -7.5000 8478.2500   18.6997
   -7.5000  -37.5000   -7.5000 9352.4854   19.8981
    0.0000  -37.5000   -7.5000 9497.1270   19.9301
    7.5000  -37.5000   -7.5000 8965.2363   19.9097
   -7.5000  -30.0000   -7.5000 9875.0732   20.4832
    0.0000  -30.0000   -7.500010042.5527   20.5056
    7.5000  -30.0000   -7.5000 9470.2227   20.4845
   -7.5000  -22.5000   -7.500010496.1953   20.5247
    0.0000  -22.5000   -7.500010665.2471   20.5477
    7.5000  -22.5000   -7.500010034.9160   20.5283
   -7.5000  -15.0000   -7.500011075.4180   20.4937
    0.0000  -15.0000   -7.500011229.9766   20.5283
    7.5000  -15.0000   -7.500010575.1289   20.5110
   -7.5000   -7.5000   -7.500011131.0605   20.4296
    0.0000   -7.5000   -7.500011300.8867   20.4738
    7.5000   -7.5000   -7.500010627.8574   20.4567
   -7.5000    0.0000   -7.500011021.4248   20.3914
    0.0000    0.0000   -7.500011204.4170   20.4352
    7.5000    0.0000   -7.500010519.6338   20.4161
   -7.5000    7.5000   -7.500010357.7666   20.4130
    0.0000    7.5000   -7.500010497.2393   20.4458
    7.5000    7.5000   -7.5000 9874.2080   20.4249
   -7.5000   15.0000   -7.500010009.2012   20.4867
    0.0000   15.0000   -7.500010137.2744   20.5092
    7.5000   15.0000   -7.5000 9550.8320   20.4881
   -7.5000   22.5000   -7.5000 9207.5693   20.3734
    0.0000   22.5000   -7.5000 9287.3779   20.3975
    7.5000   22.5000   -7.5000 8779.3945   20.3778
   -7.5000   30.0000   -7.5000 8406.2334   20.0764
    0.0000   30.0000   -7.5000 8472.2500   20.1137
    7.5000   30.0000   -7.5000 8000.4312   20.0970
   -7.5000   37.5000   -7.5000 7648.9468   19.8028
    0.0000   37.5000   -7.5000 7706.1172   19.8476
    7.5000   37.5000   -7.5000 7276.1992   19.8322
   -7.5000   45.0000   -7.5000 6931.9897   19.6440
    0.0000   45.0000   -7.5000 6996.8149   19.6972
    7.5000   45.0000   -7.5000 6587.2686   19.6822
   -7.5000  -45.0000    0.0000 8956.1953   19.1709
    0.0000  -45.0000    0.0000 9066.0303   19.2006
    7.5000  -45.0000    0.0000 8571.1299   19.1700
   -7.5000  -37.5000    0.0000 9432.1699   20.4160
    0.0000  -37.5000    0.0000 9576.3301   20.4392
    7.5000  -37.5000    0.0000 9049.9121   20.4033
   -7.5000  -30.0000    0.0000 9975.2793   20.9983
    0.0000  -30.0000    0.000010145.1963   21.0124
    7.5000  -30.0000    0.0000 9568.8047   20.9777
   -7.5000  -22.5000    0.000010597.3467   21.0353
    0.0000  -22.5000    0.000010778.9785   21.0478
    7.5000  -22.5000    0.000010145.9482   21.0188
   -7.5000  -15.0000    0.000011185.2510   21.0047
    0.0000  -15.0000    0.000011360.3467   21.0262
    7.5000  -15.0000    0.000010694.6230   21.0012
   -7.5000   -7.5000    0.000011259.2012   20.9449
    0.0000   -7.5000    0.000011443.8379   20.9760
    7.5000   -7.5000    0.000010734.0498   20.9486
   -7.5000    0.0000    0.000011145.6777   20.9100
    0.0000    0.0000    0.000011351.7090   20.9423
    7.5000    0.0000    0.000010635.3213   20.9089
   -7.5000    7.5000    0.000010416.4307   20.9305
    0.0000    7.5000    0.000010604.1396   20.9542
    7.5000    7.5000    0.0000 9953.1084   20.9174
   -7.5000   15.0000    0.000010056.2041   21.0004
    0.0000   15.0000    0.000010217.2461   21.0146
    7.5000   15.0000    0.0000 9589.9277   20.9799
   -7.5000   22.5000    0.0000 9262.2920   20.8825
    0.0000   22.5000    0.0000 9382.6758   20.8957
    7.5000   22.5000    0.0000 8820.0469   20.8664
   -7.5000   30.0000    0.0000 8450.4453   20.5947
    0.0000   30.0000    0.0000 8551.2031   20.6191
    7.5000   30.0000    0.0000 8035.0229   20.5949
   -7.5000   37.5000    0.0000 7674.7422   20.3295
    0.0000   37.5000    0.0000 7771.7681   20.3626
    7.5000   37.5000    0.0000 7307.8750   20.3360
   -7.5000   45.0000    0.0000 6942.8057   20.1894
    0.0000   45.0000    0.0000 7029.9229   20.2326
    7.5000   45.0000    0.0000 6594.0264   20.2050
   -7.5000  -45.0000    7.5000 8687.4873   19.1832
    0.0000  -45.0000    7.5000 8800.2354   19.1989
    7.5000  -45.0000    7.5000 8313.8682   19.1622
   -7.5000  -37.5000    7.5000 9139.2002   20.4300
    0.0000  -37.5000    7.5000 9259.4912   20.4449
    7.5000  -37.5000    7.5000 8773.1826   20.4037
   -7.5000  -30.0000    7.5000 9688.2871   21.0128
    0.0000  -30.0000    7.5000 9864.3701   21.0215
    7.5000  -30.0000    7.5000 9304.8750   20.9831
   -7.5000  -22.5000    7.500010390.0781   21.0490
    0.0000  -22.5000    7.500010622.3779   21.0516
    7.5000  -22.5000    7.5000 9968.9629   21.0201
   -7.5000  -15.0000    7.500011007.8955   21.0175
    0.0000  -15.0000    7.500011237.9229   21.0218
    7.5000  -15.0000    7.500010520.8584   20.9935
   -7.5000   -7.5000    7.500011016.3477   20.9578
    0.0000   -7.5000    7.500011230.1328   20.9694
    7.5000   -7.5000    7.500010501.5811   20.9364
   -7.5000    0.0000    7.500010821.6621   20.9235
    0.0000    0.0000    7.500011044.1680   20.9405
    7.5000    0.0000    7.500010327.2334   20.9004
   -7.5000    7.5000    7.500010100.7051   20.9448
    0.0000    7.5000    7.500010323.8682   20.9601
    7.5000    7.5000    7.5000 9639.7148   20.9179
   -7.5000   15.0000    7.5000 9746.5967   21.0152
    0.0000   15.0000    7.5000 9932.9336   21.0239
    7.5000   15.0000    7.5000 9267.8506   20.9855
   -7.5000   22.5000    7.5000 8971.6162   20.8951
    0.0000   22.5000    7.5000 9111.1885   20.8978
    7.5000   22.5000    7.5000 8519.5234   20.8663
   -7.5000   30.0000    7.5000 8159.9507   20.6053
    0.0000   30.0000    7.5000 8275.8086   20.6114
    7.5000   30.0000    7.5000 7754.2427   20.5843
   -7.5000   37.5000    7.5000 7418.4844   20.3396
    0.0000   37.5000    7.5000 7510.8857   20.3532
    7.5000   37.5000    7.5000 7048.7617   20.3215
   -7.5000   45.0000    7.5000 6700.4688   20.2030
    0.0000   45.0000    7.5000 6783.9438   20.2298
    7.5000   45.0000    7.5000 6358.9658   20.1986
   -7.5000  -45.0000   15.0000 8694.7031   19.1733
    0.0000  -45.0000   15.0000 8782.4717   19.1865
    7.5000  -45.0000   15.0000 8343.1494   19.1560
   -7.5000  -37.5000   15.0000 9160.7783   20.4224
    0.0000  -37.5000   15.0000 9256.9463   20.4380
    7.5000  -37.5000   15.0000 8785.3584   20.4054
   -7.5000  -30.0000   15.0000 9748.2480   21.0109
    0.0000  -30.0000   15.0000 9935.6553   21.0212
    7.5000  -30.0000   15.0000 9337.1543   20.9910
   -7.5000  -22.5000   15.000010516.5176   21.0502
    0.0000  -22.5000   15.000010861.4766   21.0526
    7.5000  -22.5000   15.000010067.2275   21.0270
   -7.5000  -15.0000   15.000011140.4746   21.0149
    0.0000  -15.0000   15.000011539.8770   21.0157
    7.5000  -15.0000   15.000010662.8447   20.9915
   -7.5000   -7.5000   15.000011075.0537   20.9493
    0.0000   -7.5000   15.000011375.8564   20.9561
    7.5000   -7.5000   15.000010584.8350   20.9275
   -7.5000    0.0000   15.000010834.0762   20.9127
    0.0000    0.0000   15.000011071.7197   20.9271
    7.5000    0.0000   15.000010357.2715   20.8937
   -7.5000    7.5000   15.000010127.2832   20.9371
    0.0000    7.5000   15.000010304.8857   20.9530
    7.5000    7.5000   15.0000 9666.5088   20.9197
   -7.5000   15.0000   15.0000 9777.2725   21.0141
    0.0000   15.0000   15.0000 9903.0850   21.0244
    7.5000   15.0000   15.0000 9289.8057   20.9942
   -7.5000   22.5000   15.0000 8987.9346   20.8964
    0.0000   22.5000   15.0000 9092.3145   20.8986
    7.5000   22.5000   15.0000 8524.9355   20.8732
   -7.5000   30.0000   15.0000 8165.2705   20.5968
    0.0000   30.0000   15.0000 8255.2588   20.5981
    7.5000   30.0000   15.0000 7756.7383   20.5751
   -7.5000   37.5000   15.0000 7394.8711   20.3273
    0.0000   37.5000   15.0000 7465.7910   20.3349
    7.5000   37.5000   15.0000 7027.8735   20.3083
   -7.5000   45.0000   15.0000 6679.4541   20.1870
    0.0000   45.0000   15.0000 6749.6543   20.2093
    7.5000   45.0000   15.0000 6353.7305   20.1859
   -7.5000  -45.0000   22.5000 8279.5898   19.2869
    0.0000  -45.0000   22.5000 8374.8135   19.3105
    7.5000  -45.0000   22.5000 7942.5908   19.2921
   -7.5000  -37.5000   22.5000 8729.1172   20.5450
    0.0000  -37.5000   22.5000 8849.9424   20.5684
    7.5000  -37.5000   22.5000 8385.6143   20.5497
   -7.5000  -30.0000   22.5000 9269.4268   21.1409
    0.0000  -30.0000   22.5000 9444.1543   21.1580
    7.5000  -30.0000   22.5000 8901.2041   21.1403
   -7.5000  -22.5000   22.5000 9966.3252   21.1839
    0.0000  -22.5000   22.500010237.9648   21.1961
    7.5000  -22.5000   22.5000 9555.3652   21.1798
   -7.5000  -15.0000   22.500010555.6348   21.1462
    0.0000  -15.0000   22.500010851.4639   21.1603
    7.5000  -15.0000   22.500010128.1348   21.1440
   -7.5000   -7.5000   22.500010533.0957   21.0755
    0.0000   -7.5000   22.500010771.1846   21.0958
    7.5000   -7.5000   22.500010111.1260   21.0772
   -7.5000    0.0000   22.500010334.2920   21.0365
    0.0000    0.0000   22.500010540.5479   21.0622
    7.5000    0.0000   22.5000 9924.1504   21.0420
   -7.5000    7.5000   22.5000 9632.0869   21.0628
    0.0000    7.5000   22.5000 9802.6279   21.0867
    7.5000    7.5000   22.5000 9226.3994   21.0676
   -7.5000   15.0000   22.5000 9255.9521   21.1447
    0.0000   15.0000   22.5000 9376.7949   21.1618
    7.5000   15.0000   22.5000 8830.4434   21.1441
   -7.5000   22.5000   22.5000 8476.8584   21.0310
    0.0000   22.5000   22.5000 8559.4697   21.0434
    7.5000   22.5000   22.5000 8060.1787   21.0273
   -7.5000   30.0000   22.5000 7701.0371   20.7231
    0.0000   30.0000   22.5000 7761.5010   20.7376
    7.5000   30.0000   22.5000 7329.9629   20.7223
   -7.5000   37.5000   22.5000 6984.9663   20.4524
    0.0000   37.5000   22.5000 7041.4805   20.4726
    7.5000   37.5000   22.5000 6649.6147   20.4567
   -7.5000   45.0000   22.5000 6297.2354   20.3103
    0.0000   45.0000   22.5000 6348.4243   20.3435
    7.5000   45.0000   22.5000 5989.6108   20.3315
   -7.5000  -45.0000   30.0000 7813.7637   19.3986
    0.0000  -45.0000   30.0000 7886.5581   19.4359
    7.5000  -45.0000   30.0000 7491.0347   19.4211
   -7.5000  -37.5000   30.0000 8239.1504   20.6720
    0.0000  -37.5000   30.0000 8330.9082   20.7033
    7.5000  -37.5000   30.0000 7913.4727   20.6873
   -7.5000  -30.0000   30.0000 8743.1094   21.2770
    0.0000  -30.0000   30.0000 8875.5713   21.3000
    7.5000  -30.0000   30.0000 8411.5684   21.2829
   -7.5000  -22.5000   30.0000 9366.9639   21.3235
    0.0000  -22.5000   30.0000 9553.4043   21.3465
    7.5000  -22.5000   30.0000 9007.3760   21.3292
   -7.5000  -15.0000   30.0000 9891.1807   21.2867
    0.0000  -15.0000   30.000010033.1846   21.3186
    7.5000  -15.0000   30.0000 9498.9600   21.3022
   -7.5000   -7.5000   30.0000 9875.0449   21.2133
    0.0000   -7.5000   30.0000 9966.8682   21.2531
    7.5000   -7.5000   30.0000 9485.5264   21.2370
   -7.5000    0.0000   30.0000 9761.7656   21.1713
    0.0000    0.0000   30.0000 9851.0312   21.2118
    7.5000    0.0000   30.0000 9376.4570   21.1956
   -7.5000    7.5000   30.0000 9106.6982   21.1966
    0.0000    7.5000   30.0000 9182.3711   21.2287
    7.5000    7.5000   30.0000 8727.2539   21.2122
   -7.5000   15.0000   30.0000 8711.0547   21.2805
    0.0000   15.0000   30.0000 8787.0195   21.3037
    7.5000   15.0000   30.0000 8319.6680   21.2866
   -7.5000   22.5000   30.0000 7953.1572   21.1702
    0.0000   22.5000   30.0000 8008.7480   21.1940
    7.5000   22.5000   30.0000 7568.6445   21.1768
   -7.5000   30.0000   30.0000 7225.2456   20.8765
    0.0000   30.0000   30.0000 7269.3950   20.9100
    7.5000   30.0000   30.0000 6884.2417   20.8944
   -7.5000   37.5000   30.0000 6541.4951   20.6181
    0.0000   37.5000   30.0000 6599.7202   20.6578
    7.5000   37.5000   30.0000 6230.0161   20.6443
   -7.5000   45.0000   30.0000 5870.5732   20.4807
    0.0000   45.0000   30.0000 5934.1958   20.5299
    7.5000   45.0000   30.0000 5597.3008   20.5189
   -7.5000  -45.0000   37.5000 7287.2368   19.4494
    0.0000  -45.0000   37.5000 7377.6948   19.4885
    7.5000  -45.0000   37.5000 7005.7808   19.4673
   -7.5000  -37.5000   37.5000 7703.8003   20.7300
    0.0000  -37.5000   37.5000 7786.3311   20.7601
    7.5000  -37.5000   37.5000 7403.5439   20.7352
   -7.5000  -30.0000   37.5000 8198.2822   21.3209
    0.0000  -30.0000   37.5000 8292.3145   21.3417
    7.5000  -30.0000   37.5000 7892.1460   21.3159
   -7.5000  -22.5000   37.5000 8770.9209   21.3646
    0.0000  -22.5000   37.5000 8881.6934   21.3874
    7.5000  -22.5000   37.5000 8428.8271   21.3638
   -7.5000  -15.0000   37.5000 9215.5361   21.3289
    0.0000  -15.0000   37.5000 9304.8193   21.3639
    7.5000  -15.0000   37.5000 8849.3760   21.3432
   -7.5000   -7.5000   37.5000 9197.6445   21.2585
    0.0000   -7.5000   37.5000 9264.9922   21.3027
    7.5000   -7.5000   37.5000 8827.2139   21.2821
   -7.5000    0.0000   37.5000 9125.2607   21.2184
    0.0000    0.0000   37.5000 9189.1133   21.2610
    7.5000    0.0000   37.5000 8745.8369   21.2378
   -7.5000    7.5000   37.5000 8541.9150   21.2429
    0.0000    7.5000   37.5000 8595.2715   21.2737
    7.5000    7.5000   37.5000 8175.2603   21.2482
   -7.5000   15.0000   37.5000 8174.2583   21.3238
    0.0000   15.0000   37.5000 8236.4404   21.3448
    7.5000   15.0000   37.5000 7810.2803   21.3190
   -7.5000   22.5000   37.5000 7460.2114   21.2102
    0.0000   22.5000   37.5000 7520.0581   21.2341
    7.5000   22.5000   37.5000 7110.1401   21.2103
   -7.5000   30.0000   37.5000 6787.7100   20.9327
    0.0000   30.0000   37.5000 6844.3486   20.9707
    7.5000   30.0000   37.5000 6472.1167   20.9506
   -7.5000   37.5000   37.5000 6134.1753   20.6653
    0.0000   37.5000   37.5000 6194.1455   20.7104
    7.5000   37.5000   37.5000 5857.2969   20.6917
   -7.5000   45.0000   37.5000 5481.3896   20.5193
    0.0000   45.0000   37.5000 5541.0063   20.5722
    7.5000   45.0000   37.5000 5241.9424   20.5533
   -7.5000  -45.0000   45.0000 6737.1382   19.6207
    0.0000  -45.0000   45.0000 6824.2812   19.6486
    7.5000  -45.0000   45.0000 6480.4922   19.6097
   -7.5000  -37.5000   45.0000 7131.3076   20.9172
    0.0000  -37.5000   45.0000 7231.6304   20.9364
    7.5000  -37.5000   45.0000 6864.1943   20.8899
   -7.5000  -30.0000   45.0000 7606.5918   21.4904
    0.0000  -30.0000   45.0000 7709.5977   21.4998
    7.5000  -30.0000   45.0000 7323.9893   21.4534
   -7.5000  -22.5000   45.0000 8134.6030   21.5283
    0.0000  -22.5000   45.0000 8237.6602   21.5377
    7.5000  -22.5000   45.0000 7825.9194   21.4979
   -7.5000  -15.0000   45.0000 8556.6475   21.4897
    0.0000  -15.0000   45.0000 8621.8252   21.5101
    7.5000  -15.0000   45.0000 8218.5420   21.4763
   -7.5000   -7.5000   45.0000 8539.6787   21.4221
    0.0000   -7.5000   45.0000 8584.7412   21.4528
    7.5000   -7.5000   45.0000 8194.8369   21.4172
   -7.5000    0.0000   45.0000 8465.9521   21.3868
    0.0000    0.0000   45.0000 8521.3496   21.4171
    7.5000    0.0000   45.0000 8129.3154   21.3747
   -7.5000    7.5000   45.0000 7937.0435   21.4142
    0.0000    7.5000   45.0000 7998.0190   21.4337
    7.5000    7.5000   45.0000 7604.8457   21.3862
   -7.5000   15.0000   45.0000 7621.2192   21.4919
    0.0000   15.0000   45.0000 7679.8696   21.5014
    7.5000   15.0000   45.0000 7279.9854   21.4550
   -7.5000   22.5000   45.0000 6962.4102   21.3674
    0.0000   22.5000   45.0000 7005.8081   21.3777
    7.5000   22.5000   45.0000 6643.2373   21.3377
   -7.5000   30.0000   45.0000 6338.0283   21.0715
    0.0000   30.0000   45.0000 6379.3555   21.0954
    7.5000   30.0000   45.0000 6050.9199   21.0623
   -7.5000   37.5000   45.0000 5724.8696   20.7889
    0.0000   37.5000   45.0000 5782.5054   20.8217
    7.5000   37.5000   45.0000 5468.4072   20.7870
   -7.5000   45.0000   45.0000 5114.9746   20.6198
    0.0000   45.0000   45.0000 5171.2822   20.6619
    7.5000   45.0000   45.0000 4890.0947   20.6262

---------------------------------------------------------------------
imgreg_4dfp /opt/freesurfer/average/711-2C_as_mni_average_305 /opt/freesurfer/average/711-2B_as_mni_average_305_mask talsrcimg_g11 none talsrcimg_to_711-2C_as_mni_average_305_t4 4355
---------------------------------------------------------------------

freesurfer imgreg_4dfp.c
/opt/freesurfer/average/711-2C_as_mni_average_305.4dfp.img
       256       256       256         1
  1.000000  1.000000  1.000000
orientation T byte_order littleendian
Reading image: /opt/freesurfer/average/711-2C_as_mni_average_305.4dfp.img
dimensions:      256       256       256
mmppix:       1.0000   -1.0000   -1.0000
center:     128.0000 -129.0000 -129.0000
/opt/freesurfer/average/711-2B_as_mni_average_305_mask.4dfp.img
       256       256       256         1
  1.000000  1.000000  1.000000
orientation T byte_order littleendian
Reading mask: /opt/freesurfer/average/711-2B_as_mni_average_305_mask.4dfp.img (2306576 pixels)
talsrcimg_g11.4dfp.img
       256       256       256         1
  0.898438  0.898438  0.898438
orientation T byte_order littleendian
Reading image: talsrcimg_g11.4dfp.img
dimensions:      256       256       256
mmppix:       0.8984   -0.8984   -0.8984
center:     115.0001 -115.8985 -115.8985
rotation matrix determinant  1.000000
image alignment mode   4355 decimal     1103 hex
   -7.5000  -60.0000  -30.0000 2139.8257   19.9189
    0.0000  -60.0000  -30.0000 2161.6277   19.8612
    7.5000  -60.0000  -30.0000 2142.1543   19.8843
   -7.5000  -52.5000  -30.0000 2231.7800   18.1755
    0.0000  -52.5000  -30.0000 2255.7617   18.0946
    7.5000  -52.5000  -30.0000 2231.9353   18.1414
   -7.5000  -45.0000  -30.0000 2323.0830   17.0751
    0.0000  -45.0000  -30.0000 2346.0566   16.9582
    7.5000  -45.0000  -30.0000 2325.4111   17.0563
   -7.5000  -37.5000  -30.0000 2368.3999   16.2823
    0.0000  -37.5000  -30.0000 2395.1409   16.1438
    7.5000  -37.5000  -30.0000 2375.3096   16.2795
   -7.5000  -30.0000  -30.0000 2389.9490   15.8104
    0.0000  -30.0000  -30.0000 2422.5532   15.6879
    7.5000  -30.0000  -30.0000 2397.0085   15.8417
   -7.5000  -22.5000  -30.0000 2399.5168   15.5946
    0.0000  -22.5000  -30.0000 2425.7358   15.4637
    7.5000  -22.5000  -30.0000 2395.7212   15.6523
   -7.5000  -15.0000  -30.0000 2396.2014   15.5850
    0.0000  -15.0000  -30.0000 2425.5552   15.4489
    7.5000  -15.0000  -30.0000 2394.3298   15.6180
   -7.5000   -7.5000  -30.0000 2381.6653   15.8402
    0.0000   -7.5000  -30.0000 2410.2222   15.6900
    7.5000   -7.5000  -30.0000 2379.8005   15.8773
   -7.5000    0.0000  -30.0000 2344.7554   16.4017
    0.0000    0.0000  -30.0000 2368.0918   16.2631
    7.5000    0.0000  -30.0000 2343.7896   16.4463
   -7.5000    7.5000  -30.0000 2292.2322   17.2439
    0.0000    7.5000  -30.0000 2317.4028   17.0857
    7.5000    7.5000  -30.0000 2287.7847   17.2528
   -7.5000   15.0000  -30.0000 2210.1086   18.4422
    0.0000   15.0000  -30.0000 2235.9946   18.2904
    7.5000   15.0000  -30.0000 2207.4214   18.4662
   -7.5000   22.5000  -30.0000 2111.1213   20.1157
    0.0000   22.5000  -30.0000 2131.1479   19.9649
    7.5000   22.5000  -30.0000 2107.9624   20.1848
   -7.5000   30.0000  -30.0000 2001.2622   22.3648
    0.0000   30.0000  -30.0000 2017.5831   22.1803
    7.5000   30.0000  -30.0000 1992.8611   22.4273
   -7.5000  -60.0000  -22.5000 2258.8269   19.4661
    0.0000  -60.0000  -22.5000 2278.6526   19.3956
    7.5000  -60.0000  -22.5000 2254.6111   19.4379
   -7.5000  -52.5000  -22.5000 2353.6375   17.6679
    0.0000  -52.5000  -22.5000 2371.3464   17.5761
    7.5000  -52.5000  -22.5000 2350.8118   17.6452
   -7.5000  -45.0000  -22.5000 2452.1467   16.5113
    0.0000  -45.0000  -22.5000 2473.7966   16.4066
    7.5000  -45.0000  -22.5000 2454.0713   16.4867
   -7.5000  -37.5000  -22.5000 2505.2166   15.6837
    0.0000  -37.5000  -22.5000 2533.5044   15.5664
    7.5000  -37.5000  -22.5000 2509.6941   15.6495
   -7.5000  -30.0000  -22.5000 2540.3276   15.1704
    0.0000  -30.0000  -22.5000 2563.8645   15.0382
    7.5000  -30.0000  -22.5000 2542.1514   15.1557
   -7.5000  -22.5000  -22.5000 2551.6392   14.9782
    0.0000  -22.5000  -22.5000 2576.5898   14.8289
    7.5000  -22.5000  -22.5000 2549.2966   14.9664
   -7.5000  -15.0000  -22.5000 2546.7139   14.9557
    0.0000  -15.0000  -22.5000 2571.1514   14.8239
    7.5000  -15.0000  -22.5000 2541.7258   15.0013
   -7.5000   -7.5000  -22.5000 2532.9023   15.2044
    0.0000   -7.5000  -22.5000 2561.2771   15.0524
    7.5000   -7.5000  -22.5000 2531.3772   15.2545
   -7.5000    0.0000  -22.5000 2495.9421   15.7054
    0.0000    0.0000  -22.5000 2524.7854   15.5631
    7.5000    0.0000  -22.5000 2495.1838   15.7654
   -7.5000    7.5000  -22.5000 2436.9614   16.4966
    0.0000    7.5000  -22.5000 2463.5100   16.3376
    7.5000    7.5000  -22.5000 2432.7227   16.5081
   -7.5000   15.0000  -22.5000 2350.8486   17.6131
    0.0000   15.0000  -22.5000 2377.5498   17.4546
    7.5000   15.0000  -22.5000 2347.6958   17.6208
   -7.5000   22.5000  -22.5000 2243.0186   19.1682
    0.0000   22.5000  -22.5000 2265.8313   19.0168
    7.5000   22.5000  -22.5000 2239.4089   19.2284
   -7.5000   30.0000  -22.5000 2117.8518   21.2614
    0.0000   30.0000  -22.5000 2139.1382   21.0797
    7.5000   30.0000  -22.5000 2112.6289   21.2680
   -7.5000  -60.0000  -15.0000 2338.2625   18.8837
    0.0000  -60.0000  -15.0000 2358.3838   18.8201
    7.5000  -60.0000  -15.0000 2331.6973   18.9010
   -7.5000  -52.5000  -15.0000 2435.3621   17.0581
    0.0000  -52.5000  -15.0000 2453.5652   16.9892
    7.5000  -52.5000  -15.0000 2430.9109   17.0884
   -7.5000  -45.0000  -15.0000 2543.5967   15.8853
    0.0000  -45.0000  -15.0000 2563.2727   15.7850
    7.5000  -45.0000  -15.0000 2542.7446   15.8815
   -7.5000  -37.5000  -15.0000 2612.9456   14.9853
    0.0000  -37.5000  -15.0000 2639.6772   14.8728
    7.5000  -37.5000  -15.0000 2616.0938   14.9691
   -7.5000  -30.0000  -15.0000 2651.0332   14.4322
    0.0000  -30.0000  -15.0000 2678.1252   14.3373
    7.5000  -30.0000  -15.0000 2657.3025   14.4062
   -7.5000  -22.5000  -15.0000 2669.2756   14.1976
    0.0000  -22.5000  -15.0000 2700.5720   14.0890
    7.5000  -22.5000  -15.0000 2671.7886   14.1924
   -7.5000  -15.0000  -15.0000 2673.1455   14.1972
    0.0000  -15.0000  -15.0000 2700.6946   14.0951
    7.5000  -15.0000  -15.0000 2669.2595   14.2384
   -7.5000   -7.5000  -15.0000 2660.4417   14.4660
    0.0000   -7.5000  -15.0000 2692.6597   14.3479
    7.5000   -7.5000  -15.0000 2659.0703   14.5220
   -7.5000    0.0000  -15.0000 2622.5176   14.9589
    0.0000    0.0000  -15.0000 2658.5417   14.8475
    7.5000    0.0000  -15.0000 2623.4399   15.0155
   -7.5000    7.5000  -15.0000 2560.1667   15.7078
    0.0000    7.5000  -15.0000 2591.2251   15.5750
    7.5000    7.5000  -15.0000 2557.9084   15.7403
   -7.5000   15.0000  -15.0000 2463.8843   16.7640
    0.0000   15.0000  -15.0000 2493.2144   16.6248
    7.5000   15.0000  -15.0000 2469.0542   16.7773
   -7.5000   22.5000  -15.0000 2343.4053   18.2575
    0.0000   22.5000  -15.0000 2370.7891   18.0939
    7.5000   22.5000  -15.0000 2347.8394   18.2903
   -7.5000   30.0000  -15.0000 2216.6191   20.2157
    0.0000   30.0000  -15.0000 2241.7756   20.0591
    7.5000   30.0000  -15.0000 2218.7209   20.2658
   -7.5000  -60.0000   -7.5000 2367.5498   18.2002
    0.0000  -60.0000   -7.5000 2385.9290   18.0950
    7.5000  -60.0000   -7.5000 2362.3796   18.1891
   -7.5000  -52.5000   -7.5000 2471.1499   16.4201
    0.0000  -52.5000   -7.5000 2488.1768   16.2999
    7.5000  -52.5000   -7.5000 2468.3083   16.4342
   -7.5000  -45.0000   -7.5000 2583.7075   15.2053
    0.0000  -45.0000   -7.5000 2606.9424   15.1158
    7.5000  -45.0000   -7.5000 2582.1846   15.2473
   -7.5000  -37.5000   -7.5000 2666.1431   14.2717
    0.0000  -37.5000   -7.5000 2695.6807   14.1714
    7.5000  -37.5000   -7.5000 2671.5813   14.2807
   -7.5000  -30.0000   -7.5000 2714.2104   13.6602
    0.0000  -30.0000   -7.5000 2746.5833   13.5801
    7.5000  -30.0000   -7.5000 2724.2871   13.6789
   -7.5000  -22.5000   -7.5000 2744.7710   13.4145
    0.0000  -22.5000   -7.5000 2779.6260   13.3074
    7.5000  -22.5000   -7.5000 2748.3306   13.4027
   -7.5000  -15.0000   -7.5000 2761.1111   13.4194
    0.0000  -15.0000   -7.5000 2791.0708   13.3122
    7.5000  -15.0000   -7.5000 2757.9780   13.4300
   -7.5000   -7.5000   -7.5000 2753.7615   13.6906
    0.0000   -7.5000   -7.5000 2789.6436   13.6031
    7.5000   -7.5000   -7.5000 2748.6853   13.7146
   -7.5000    0.0000   -7.5000 2708.8530   14.1711
    0.0000    0.0000   -7.5000 2752.2266   14.0833
    7.5000    0.0000   -7.5000 2709.3137   14.2131
   -7.5000    7.5000   -7.5000 2641.0503   14.8938
    0.0000    7.5000   -7.5000 2680.1267   14.7793
    7.5000    7.5000   -7.5000 2641.4297   14.9300
   -7.5000   15.0000   -7.5000 2543.7966   15.8872
    0.0000   15.0000   -7.5000 2577.0986   15.7537
    7.5000   15.0000   -7.5000 2545.6606   15.9144
   -7.5000   22.5000   -7.5000 2419.1787   17.3081
    0.0000   22.5000   -7.5000 2446.1213   17.1659
    7.5000   22.5000   -7.5000 2422.4424   17.3597
   -7.5000   30.0000   -7.5000 2283.1511   19.2192
    0.0000   30.0000   -7.5000 2313.2151   19.0599
    7.5000   30.0000   -7.5000 2289.2703   19.2762
   -7.5000  -60.0000    0.0000 2382.1328   17.8679
    0.0000  -60.0000    0.0000 2406.8855   17.7098
    7.5000  -60.0000    0.0000 2382.7688   17.8667
   -7.5000  -52.5000    0.0000 2492.1287   16.0877
    0.0000  -52.5000    0.0000 2518.5613   15.9260
    7.5000  -52.5000    0.0000 2496.7458   16.1148
   -7.5000  -45.0000    0.0000 2613.0068   14.8758
    0.0000  -45.0000    0.0000 2642.2805   14.7415
    7.5000  -45.0000    0.0000 2616.2336   14.8817
   -7.5000  -37.5000    0.0000 2705.1511   13.8827
    0.0000  -37.5000    0.0000 2738.7131   13.7809
    7.5000  -37.5000    0.0000 2714.9250   13.9038
   -7.5000  -30.0000    0.0000 2772.8706   13.2421
    0.0000  -30.0000    0.0000 2808.4346   13.1562
    7.5000  -30.0000    0.0000 2779.4556   13.2554
   -7.5000  -22.5000    0.0000 2817.1553   12.9528
    0.0000  -22.5000    0.0000 2855.6729   12.8505
    7.5000  -22.5000    0.0000 2821.4956   12.9476
   -7.5000  -15.0000    0.0000 2836.8816   12.9526
    0.0000  -15.0000    0.0000 2881.7507   12.8204
    7.5000  -15.0000    0.0000 2836.1641   12.9617
   -7.5000   -7.5000    0.0000 2837.7053   13.2261
    0.0000   -7.5000    0.0000 2876.6069   13.1061
    7.5000   -7.5000    0.0000 2829.6362   13.2436
   -7.5000    0.0000    0.0000 2793.0781   13.6890
    0.0000    0.0000    0.0000 2839.1792   13.5908
    7.5000    0.0000    0.0000 2793.1721   13.7182
   -7.5000    7.5000    0.0000 2714.0210   14.3815
    0.0000    7.5000    0.0000 2758.8821   14.2822
    7.5000    7.5000    0.0000 2720.0564   14.4080
   -7.5000   15.0000    0.0000 2611.5432   15.3497
    0.0000   15.0000    0.0000 2646.5012   15.2133
    7.5000   15.0000    0.0000 2611.0850   15.3831
   -7.5000   22.5000    0.0000 2485.4136   16.7537
    0.0000   22.5000    0.0000 2516.1106   16.5857
    7.5000   22.5000    0.0000 2483.4851   16.8187
   -7.5000   30.0000    0.0000 2344.8137   18.6297
    0.0000   30.0000    0.0000 2379.2041   18.4401
    7.5000   30.0000    0.0000 2346.6628   18.6946
   -7.5000  -60.0000    7.5000 2369.3535   17.6646
    0.0000  -60.0000    7.5000 2393.7878   17.4618
    7.5000  -60.0000    7.5000 2372.4812   17.6576
   -7.5000  -52.5000    7.5000 2487.5525   15.8337
    0.0000  -52.5000    7.5000 2512.4312   15.6687
    7.5000  -52.5000    7.5000 2492.8699   15.8801
   -7.5000  -45.0000    7.5000 2616.3687   14.6242
    0.0000  -45.0000    7.5000 2644.7161   14.4784
    7.5000  -45.0000    7.5000 2619.8506   14.6174
   -7.5000  -37.5000    7.5000 2720.1370   13.6235
    0.0000  -37.5000    7.5000 2747.7864   13.4940
    7.5000  -37.5000    7.5000 2725.2988   13.6203
   -7.5000  -30.0000    7.5000 2801.5935   12.9573
    0.0000  -30.0000    7.5000 2837.5586   12.8512
    7.5000  -30.0000    7.5000 2808.7705   12.9450
   -7.5000  -22.5000    7.5000 2860.2466   12.6882
    0.0000  -22.5000    7.5000 2905.1301   12.5980
    7.5000  -22.5000    7.5000 2866.4060   12.6786
   -7.5000  -15.0000    7.5000 2890.8027   12.6563
    0.0000  -15.0000    7.5000 2944.5740   12.5582
    7.5000  -15.0000    7.5000 2891.2214   12.6592
   -7.5000   -7.5000    7.5000 2884.0505   12.8592
    0.0000   -7.5000    7.5000 2938.5208   12.7475
    7.5000   -7.5000    7.5000 2876.6489   12.8783
   -7.5000    0.0000    7.5000 2833.9058   13.2583
    0.0000    0.0000    7.5000 2881.6013   13.1840
    7.5000    0.0000    7.5000 2831.4375   13.2804
   -7.5000    7.5000    7.5000 2750.1240   13.9461
    0.0000    7.5000    7.5000 2802.8735   13.8637
    7.5000    7.5000    7.5000 2755.8530   13.9886
   -7.5000   15.0000    7.5000 2645.7625   14.9545
    0.0000   15.0000    7.5000 2682.0103   14.8443
    7.5000   15.0000    7.5000 2645.0354   14.9743
   -7.5000   22.5000    7.5000 2519.1023   16.3345
    0.0000   22.5000    7.5000 2546.8572   16.2094
    7.5000   22.5000    7.5000 2513.9250   16.3934
   -7.5000   30.0000    7.5000 2380.0479   18.1554
    0.0000   30.0000    7.5000 2407.7756   17.9973
    7.5000   30.0000    7.5000 2374.3953   18.1708
   -7.5000  -60.0000   15.0000 2333.5039   17.7377
    0.0000  -60.0000   15.0000 2361.2188   17.4928
    7.5000  -60.0000   15.0000 2340.7244   17.7382
   -7.5000  -52.5000   15.0000 2457.5776   15.8335
    0.0000  -52.5000   15.0000 2480.4333   15.6126
    7.5000  -52.5000   15.0000 2462.8538   15.8510
   -7.5000  -45.0000   15.0000 2594.5952   14.5486
    0.0000  -45.0000   15.0000 2617.4800   14.3596
    7.5000  -45.0000   15.0000 2599.3174   14.5640
   -7.5000  -37.5000   15.0000 2704.5330   13.5754
    0.0000  -37.5000   15.0000 2732.0728   13.4085
    7.5000  -37.5000   15.0000 2706.3230   13.5744
   -7.5000  -30.0000   15.0000 2802.6436   12.9312
    0.0000  -30.0000   15.0000 2838.9512   12.8147
    7.5000  -30.0000   15.0000 2801.9626   12.9319
   -7.5000  -22.5000   15.0000 2873.5869   12.6447
    0.0000  -22.5000   15.0000 2920.0044   12.6232
    7.5000  -22.5000   15.0000 2870.4482   12.6527
   -7.5000  -15.0000   15.0000 2910.2998   12.5727
    0.0000  -15.0000   15.0000 2977.3621   12.5644
    7.5000  -15.0000   15.0000 2909.5359   12.5752
   -7.5000   -7.5000   15.0000 2906.1511   12.6418
    0.0000   -7.5000   15.0000 2969.8630   12.5704
    7.5000   -7.5000   15.0000 2897.7065   12.6776
   -7.5000    0.0000   15.0000 2847.8091   13.0170
    0.0000    0.0000   15.0000 2896.6731   12.8966
    7.5000    0.0000   15.0000 2843.9143   13.0622
   -7.5000    7.5000   15.0000 2763.4758   13.7538
    0.0000    7.5000   15.0000 2806.8584   13.6229
    7.5000    7.5000   15.0000 2765.7681   13.8028
   -7.5000   15.0000   15.0000 2651.5327   14.8300
    0.0000   15.0000   15.0000 2682.2791   14.7143
    7.5000   15.0000   15.0000 2650.7952   14.8548
   -7.5000   22.5000   15.0000 2522.1750   16.2487
    0.0000   22.5000   15.0000 2549.8796   16.1017
    7.5000   22.5000   15.0000 2516.7234   16.2721
   -7.5000   30.0000   15.0000 2382.5103   17.9979
    0.0000   30.0000   15.0000 2406.3071   17.8190
    7.5000   30.0000   15.0000 2377.8792   18.0060
   -7.5000  -60.0000   22.5000 2295.5232   18.1265
    0.0000  -60.0000   22.5000 2320.5374   17.8258
    7.5000  -60.0000   22.5000 2299.9263   18.1393
   -7.5000  -52.5000   22.5000 2414.1970   16.1458
    0.0000  -52.5000   22.5000 2434.5774   15.9385
    7.5000  -52.5000   22.5000 2417.2317   16.2049
   -7.5000  -45.0000   22.5000 2547.8955   14.8357
    0.0000  -45.0000   22.5000 2569.9824   14.6462
    7.5000  -45.0000   22.5000 2547.9067   14.8797
   -7.5000  -37.5000   22.5000 2662.9871   13.8095
    0.0000  -37.5000   22.5000 2693.8455   13.6482
    7.5000  -37.5000   22.5000 2664.3052   13.8617
   -7.5000  -30.0000   22.5000 2767.1189   13.1407
    0.0000  -30.0000   22.5000 2806.0002   12.9968
    7.5000  -30.0000   22.5000 2769.4958   13.1742
   -7.5000  -22.5000   22.5000 2845.4180   12.8235
    0.0000  -22.5000   22.5000 2893.1006   12.7312
    7.5000  -22.5000   22.5000 2843.3728   12.8458
   -7.5000  -15.0000   22.5000 2892.4678   12.6976
    0.0000  -15.0000   22.5000 2950.4795   12.6350
    7.5000  -15.0000   22.5000 2887.3882   12.7351
   -7.5000   -7.5000   22.5000 2895.0964   12.7504
    0.0000   -7.5000   22.5000 2951.2227   12.6201
    7.5000   -7.5000   22.5000 2884.8569   12.8342
   -7.5000    0.0000   22.5000 2830.4849   13.1389
    0.0000    0.0000   22.5000 2876.2288   12.9934
    7.5000    0.0000   22.5000 2827.6582   13.2157
   -7.5000    7.5000   22.5000 2747.0737   13.8626
    0.0000    7.5000   22.5000 2788.6868   13.7295
    7.5000    7.5000   22.5000 2748.5737   13.9155
   -7.5000   15.0000   22.5000 2631.5718   14.9572
    0.0000   15.0000   22.5000 2663.4741   14.8094
    7.5000   15.0000   22.5000 2635.7649   14.9729
   -7.5000   22.5000   22.5000 2503.4568   16.3445
    0.0000   22.5000   22.5000 2522.3125   16.1864
    7.5000   22.5000   22.5000 2503.9849   16.3590
   -7.5000   30.0000   22.5000 2363.9880   18.0274
    0.0000   30.0000   22.5000 2377.9817   17.8737
    7.5000   30.0000   22.5000 2363.9302   18.0492
   -7.5000  -60.0000   30.0000 2253.4966   18.8142
    0.0000  -60.0000   30.0000 2279.8879   18.5576
    7.5000  -60.0000   30.0000 2255.3113   18.9156
   -7.5000  -52.5000   30.0000 2366.9814   16.8158
    0.0000  -52.5000   30.0000 2384.6338   16.5743
    7.5000  -52.5000   30.0000 2363.2349   16.8888
   -7.5000  -45.0000   30.0000 2497.2236   15.4428
    0.0000  -45.0000   30.0000 2517.0854   15.2258
    7.5000  -45.0000   30.0000 2493.8752   15.5104
   -7.5000  -37.5000   30.0000 2610.2251   14.3498
    0.0000  -37.5000   30.0000 2636.8748   14.1440
    7.5000  -37.5000   30.0000 2608.9060   14.4117
   -7.5000  -30.0000   30.0000 2706.6184   13.6262
    0.0000  -30.0000   30.0000 2743.2327   13.4566
    7.5000  -30.0000   30.0000 2708.3984   13.6790
   -7.5000  -22.5000   30.0000 2787.2561   13.2436
    0.0000  -22.5000   30.0000 2831.8472   13.0955
    7.5000  -22.5000   30.0000 2787.5718   13.2877
   -7.5000  -15.0000   30.0000 2836.3899   13.0799
    0.0000  -15.0000   30.0000 2884.6121   12.9371
    7.5000  -15.0000   30.0000 2831.1394   13.1396
   -7.5000   -7.5000   30.0000 2839.6357   13.1309
    0.0000   -7.5000   30.0000 2886.4165   12.9183
    7.5000   -7.5000   30.0000 2834.1772   13.2105
   -7.5000    0.0000   30.0000 2784.7188   13.5550
    0.0000    0.0000   30.0000 2825.9841   13.3800
    7.5000    0.0000   30.0000 2785.3660   13.6008
   -7.5000    7.5000   30.0000 2705.9197   14.2833
    0.0000    7.5000   30.0000 2739.7957   14.1144
    7.5000    7.5000   30.0000 2706.5002   14.3186
   -7.5000   15.0000   30.0000 2594.2461   15.3552
    0.0000   15.0000   30.0000 2624.1003   15.1497
    7.5000   15.0000   30.0000 2595.2830   15.3429
   -7.5000   22.5000   30.0000 2467.0664   16.7049
    0.0000   22.5000   30.0000 2489.4233   16.5367
    7.5000   22.5000   30.0000 2466.3872   16.6992
   -7.5000   30.0000   30.0000 2331.7976   18.3436
    0.0000   30.0000   30.0000 2347.1013   18.1687
    7.5000   30.0000   30.0000 2332.8132   18.3443
   -7.5000  -60.0000   37.5000 2201.3069   19.8555
    0.0000  -60.0000   37.5000 2226.4768   19.6574
    7.5000  -60.0000   37.5000 2200.5815   19.9887
   -7.5000  -52.5000   37.5000 2310.4241   17.7613
    0.0000  -52.5000   37.5000 2333.0525   17.5265
    7.5000  -52.5000   37.5000 2308.8008   17.8392
   -7.5000  -45.0000   37.5000 2437.1013   16.2777
    0.0000  -45.0000   37.5000 2460.6741   16.0288
    7.5000  -45.0000   37.5000 2433.9456   16.3769
   -7.5000  -37.5000   37.5000 2544.4636   15.1241
    0.0000  -37.5000   37.5000 2568.8374   14.9244
    7.5000  -37.5000   37.5000 2542.1021   15.1852
   -7.5000  -30.0000   37.5000 2643.4758   14.3740
    0.0000  -30.0000   37.5000 2668.2922   14.1817
    7.5000  -30.0000   37.5000 2643.0444   14.4142
   -7.5000  -22.5000   37.5000 2720.8459   13.8956
    0.0000  -22.5000   37.5000 2751.7739   13.7306
    7.5000  -22.5000   37.5000 2720.2422   13.9401
   -7.5000  -15.0000   37.5000 2755.2251   13.6963
    0.0000  -15.0000   37.5000 2793.5974   13.5186
    7.5000  -15.0000   37.5000 2752.2556   13.7630
   -7.5000   -7.5000   37.5000 2753.0142   13.7707
    0.0000   -7.5000   37.5000 2790.0586   13.5830
    7.5000   -7.5000   37.5000 2749.8210   13.8496
   -7.5000    0.0000   37.5000 2711.7676   14.2055
    0.0000    0.0000   37.5000 2747.9343   14.0330
    7.5000    0.0000   37.5000 2712.0886   14.2417
   -7.5000    7.5000   37.5000 2638.7634   14.9374
    0.0000    7.5000   37.5000 2669.7656   14.7621
    7.5000    7.5000   37.5000 2638.9832   14.9470
   -7.5000   15.0000   37.5000 2538.7927   15.9574
    0.0000   15.0000   37.5000 2569.3865   15.7675
    7.5000   15.0000   37.5000 2538.6533   15.9371
   -7.5000   22.5000   37.5000 2418.5918   17.3102
    0.0000   22.5000   37.5000 2443.3108   17.0946
    7.5000   22.5000   37.5000 2419.2727   17.2813
   -7.5000   30.0000   37.5000 2284.6526   18.9068
    0.0000   30.0000   37.5000 2305.4163   18.7166
    7.5000   30.0000   37.5000 2289.3818   18.9002
   -7.5000  -60.0000   45.0000 2122.9136   21.1486
    0.0000  -60.0000   45.0000 2141.0981   20.9154
    7.5000  -60.0000   45.0000 2123.3525   21.2155
   -7.5000  -52.5000   45.0000 2228.8220   18.8534
    0.0000  -52.5000   45.0000 2249.0923   18.6063
    7.5000  -52.5000   45.0000 2225.5894   18.8889
   -7.5000  -45.0000   45.0000 2351.7935   17.2822
    0.0000  -45.0000   45.0000 2376.1184   17.0527
    7.5000  -45.0000   45.0000 2348.7327   17.3268
   -7.5000  -37.5000   45.0000 2454.2322   16.0812
    0.0000  -37.5000   45.0000 2487.2544   15.8642
    7.5000  -37.5000   45.0000 2454.4302   16.1164
   -7.5000  -30.0000   45.0000 2545.1550   15.2608
    0.0000  -30.0000   45.0000 2578.4753   15.0376
    7.5000  -30.0000   45.0000 2543.0063   15.2779
   -7.5000  -22.5000   45.0000 2612.2622   14.7263
    0.0000  -22.5000   45.0000 2647.7446   14.5204
    7.5000  -22.5000   45.0000 2612.5906   14.7349
   -7.5000  -15.0000   45.0000 2643.1624   14.5105
    0.0000  -15.0000   45.0000 2677.6106   14.2891
    7.5000  -15.0000   45.0000 2639.4463   14.5115
   -7.5000   -7.5000   45.0000 2633.7461   14.5841
    0.0000   -7.5000   45.0000 2663.1973   14.3663
    7.5000   -7.5000   45.0000 2630.2183   14.6122
   -7.5000    0.0000   45.0000 2591.4441   14.9861
    0.0000    0.0000   45.0000 2623.9795   14.8032
    7.5000    0.0000   45.0000 2596.9500   15.0011
   -7.5000    7.5000   45.0000 2529.8867   15.6741
    0.0000    7.5000   45.0000 2562.2454   15.5130
    7.5000    7.5000   45.0000 2530.3125   15.6698
   -7.5000   15.0000   45.0000 2448.1948   16.6889
    0.0000   15.0000   45.0000 2478.2192   16.4820
    7.5000   15.0000   45.0000 2448.0188   16.6459
   -7.5000   22.5000   45.0000 2341.9978   17.9698
    0.0000   22.5000   45.0000 2364.0059   17.7619
    7.5000   22.5000   45.0000 2341.5674   17.9670
   -7.5000   30.0000   45.0000 2213.2246   19.5752
    0.0000   30.0000   45.0000 2232.1106   19.3673
    7.5000   30.0000   45.0000 2216.0535   19.5974
   -7.5000  -60.0000   52.5000 2021.6069   22.4671
    0.0000  -60.0000   52.5000 2041.3152   22.1891
    7.5000  -60.0000   52.5000 2022.4393   22.4769
   -7.5000  -52.5000   52.5000 2124.1643   19.9908
    0.0000  -52.5000   52.5000 2149.7375   19.7497
    7.5000  -52.5000   52.5000 2122.6118   20.0189
   -7.5000  -45.0000   52.5000 2245.0754   18.4045
    0.0000  -45.0000   52.5000 2273.5786   18.1420
    7.5000  -45.0000   52.5000 2241.0459   18.3906
   -7.5000  -37.5000   52.5000 2341.1943   17.1588
    0.0000  -37.5000   52.5000 2375.3809   16.9133
    7.5000  -37.5000   52.5000 2339.0400   17.1653
   -7.5000  -30.0000   52.5000 2421.1580   16.2258
    0.0000  -30.0000   52.5000 2457.8074   16.0043
    7.5000  -30.0000   52.5000 2420.2971   16.2391
   -7.5000  -22.5000   52.5000 2478.6311   15.6429
    0.0000  -22.5000   52.5000 2514.5491   15.4254
    7.5000  -22.5000   52.5000 2477.3037   15.6484
   -7.5000  -15.0000   52.5000 2506.8132   15.3299
    0.0000  -15.0000   52.5000 2535.9792   15.1260
    7.5000  -15.0000   52.5000 2505.1519   15.3557
   -7.5000   -7.5000   52.5000 2496.0718   15.3919
    0.0000   -7.5000   52.5000 2520.6111   15.1913
    7.5000   -7.5000   52.5000 2495.0647   15.4068
   -7.5000    0.0000   52.5000 2458.2791   15.8109
    0.0000    0.0000   52.5000 2485.6750   15.6289
    7.5000    0.0000   52.5000 2464.2451   15.7950
   -7.5000    7.5000   52.5000 2404.7966   16.5053
    0.0000    7.5000   52.5000 2427.6804   16.2997
    7.5000    7.5000   52.5000 2407.9844   16.4574
   -7.5000   15.0000   52.5000 2332.1938   17.3925
    0.0000   15.0000   52.5000 2361.4094   17.1489
    7.5000   15.0000   52.5000 2333.1724   17.3344
   -7.5000   22.5000   52.5000 2238.1953   18.5916
    0.0000   22.5000   52.5000 2263.7971   18.3910
    7.5000   22.5000   52.5000 2236.4502   18.5673
   -7.5000   30.0000   52.5000 2117.9556   20.2403
    0.0000   30.0000   52.5000 2138.2939   20.0383
    7.5000   30.0000   52.5000 2116.0051   20.2160
   -7.5000  -60.0000   60.0000 1945.8250   24.4147
    0.0000  -60.0000   60.0000 1968.1566   24.1277
    7.5000  -60.0000   60.0000 1946.6711   24.4165
   -7.5000  -52.5000   60.0000 2044.9545   21.8032
    0.0000  -52.5000   60.0000 2072.6396   21.5737
    7.5000  -52.5000   60.0000 2042.7268   21.8114
   -7.5000  -45.0000   60.0000 2163.5334   20.1181
    0.0000  -45.0000   60.0000 2194.4949   19.8912
    7.5000  -45.0000   60.0000 2158.2471   20.1222
   -7.5000  -37.5000   60.0000 2258.1230   18.7463
    0.0000  -37.5000   60.0000 2292.5942   18.5214
    7.5000  -37.5000   60.0000 2256.3718   18.7431
   -7.5000  -30.0000   60.0000 2332.4373   17.7491
    0.0000  -30.0000   60.0000 2367.6150   17.5349
    7.5000  -30.0000   60.0000 2330.4302   17.7511
   -7.5000  -22.5000   60.0000 2379.2666   17.0628
    0.0000  -22.5000   60.0000 2410.6904   16.8775
    7.5000  -22.5000   60.0000 2375.4702   17.0776
   -7.5000  -15.0000   60.0000 2401.7974   16.6442
    0.0000  -15.0000   60.0000 2426.7539   16.5129
    7.5000  -15.0000   60.0000 2395.2437   16.7072
   -7.5000   -7.5000   60.0000 2396.0996   16.7081
    0.0000   -7.5000   60.0000 2418.7322   16.5291
    7.5000   -7.5000   60.0000 2394.6763   16.7365
   -7.5000    0.0000   60.0000 2362.8503   17.0881
    0.0000    0.0000   60.0000 2384.1631   16.9107
    7.5000    0.0000   60.0000 2367.4104   17.0836
   -7.5000    7.5000   60.0000 2315.8252   17.7491
    0.0000    7.5000   60.0000 2335.1951   17.5793
    7.5000    7.5000   60.0000 2318.6499   17.7365
   -7.5000   15.0000   60.0000 2249.6379   18.6020
    0.0000   15.0000   60.0000 2273.5498   18.4077
    7.5000   15.0000   60.0000 2250.8872   18.5809
   -7.5000   22.5000   60.0000 2160.7727   19.8119
    0.0000   22.5000   60.0000 2189.6108   19.5921
    7.5000   22.5000   60.0000 2163.2075   19.7887
   -7.5000   30.0000   60.0000 2042.7427   21.4702
    0.0000   30.0000   60.0000 2064.9094   21.2533
    7.5000   30.0000   60.0000 2046.3762   21.4311

---------------------------------------------------------------------
imgreg_4dfp /opt/freesurfer/average/711-2C_as_mni_average_305 /opt/freesurfer/average/711-2B_as_mni_average_305_mask talsrcimg_g11 none talsrcimg_to_711-2C_as_mni_average_305_t4 1283
---------------------------------------------------------------------

freesurfer imgreg_4dfp.c
/opt/freesurfer/average/711-2C_as_mni_average_305.4dfp.img
       256       256       256         1
  1.000000  1.000000  1.000000
orientation T byte_order littleendian
Reading image: /opt/freesurfer/average/711-2C_as_mni_average_305.4dfp.img
dimensions:      256       256       256
mmppix:       1.0000   -1.0000   -1.0000
center:     128.0000 -129.0000 -129.0000
/opt/freesurfer/average/711-2B_as_mni_average_305_mask.4dfp.img
       256       256       256         1
  1.000000  1.000000  1.000000
orientation T byte_order littleendian
Reading mask: /opt/freesurfer/average/711-2B_as_mni_average_305_mask.4dfp.img (2306576 pixels)
talsrcimg_g11.4dfp.img
       256       256       256         1
  0.898438  0.898438  0.898438
orientation T byte_order littleendian
Reading image: talsrcimg_g11.4dfp.img
dimensions:      256       256       256
mmppix:       0.8984   -0.8984   -0.8984
center:     115.0001 -115.8985 -115.8985
rotation matrix determinant  1.000000
fimgreg.f
image alignment mode   1283 decimal      503 hex
parameters
    0.0000  -15.0000   15.0000    0.0000    0.0000    0.0000
eta,q 0.93270 12.55960
niter,ni,del,rscale     5    3   12.0000    1.2000
parameter  2 -0.752657 -> -0.500000 qaram    1.1500
parameter  4  4.208968 ->  0.500000 qaram    1.1500
parameters
    0.1382  -11.5500   16.5256   -3.4500    0.7961   -0.1022
eta,q 0.94018 12.41059
  0.0801  0.0828  0.0716  0.0560  0.0634  0.0631
  0.0743  0.0768  0.0667  0.0597  0.0620  0.0614
  0.0709  0.0724  0.0647  0.0621  0.0612  0.0603
  0.0689  0.0688  0.0650  0.0656  0.0604  0.0598
  0.0684  0.0659  0.0655  0.0695  0.0591  0.0602
  0.0729  0.0650  0.0651  0.0742  0.0596  0.0614
  0.0802  0.0659  0.0661  0.0778  0.0631  0.0634
niter,ni,del,rscale     6    3   12.0000    1.2000
parameter  4  5.490304 ->  0.500000 qaram    1.3225
parameters
   -0.5115  -11.3985   15.3907   -7.4175    0.7704   -0.8718
eta,q 0.94770 12.40383
  0.0698  0.0726  0.0620  0.0491  0.0600  0.0569
  0.0630  0.0633  0.0605  0.0516  0.0567  0.0538
  0.0605  0.0599  0.0604  0.0557  0.0543  0.0523
  0.0598  0.0599  0.0599  0.0603  0.0526  0.0526
  0.0619  0.0605  0.0600  0.0630  0.0531  0.0540
  0.0674  0.0637  0.0618  0.0669  0.0559  0.0559
  0.0749  0.0704  0.0668  0.0724  0.0611  0.0593
niter,ni,del,rscale     6    3   12.0000    1.2000
parameter  4  1.306230 ->  0.500000 qaram    1.5209
parameters
   -0.6379  -10.6801   14.7241  -11.9801    0.6346   -0.7520
eta,q 0.95359 12.43316
  0.0687  0.0673  0.0584  0.0472  0.0555  0.0552
  0.0601  0.0592  0.0560  0.0462  0.0513  0.0516
  0.0538  0.0546  0.0533  0.0477  0.0484  0.0480
  0.0523  0.0523  0.0520  0.0521  0.0463  0.0464
  0.0551  0.0527  0.0538  0.0582  0.0466  0.0474
  0.0613  0.0564  0.0576  0.0619  0.0510  0.0504
  0.0696  0.0619  0.0627  0.0654  0.0578  0.0551
niter,ni,del,rscale     6    3   12.0000    1.2000
parameter  4  0.769026 ->  0.500000 qaram    1.7490
parameters
   -0.7062   -8.7259   13.3447  -17.2272    0.5143   -0.3623
eta,q 0.95968 12.50801
  0.0664  0.0672  0.0509  0.0430  0.0498  0.0486
  0.0559  0.0574  0.0469  0.0403  0.0455  0.0445
  0.0485  0.0504  0.0457  0.0419  0.0420  0.0416
  0.0464  0.0464  0.0459  0.0456  0.0403  0.0404
  0.0500  0.0461  0.0486  0.0512  0.0414  0.0410
  0.0578  0.0483  0.0525  0.0573  0.0453  0.0432
  0.0660  0.0519  0.0582  0.0625  0.0514  0.0468
niter,ni,del,rscale     6    3   12.0000    1.2000
parameters
   -0.4874   -6.5992   12.6069  -18.2551    0.1531   -0.1966
eta,q 0.96271 12.57405
  0.0641  0.0667  0.0468  0.0542  0.0460  0.0463
  0.0524  0.0570  0.0418  0.0452  0.0416  0.0418
  0.0438  0.0480  0.0383  0.0382  0.0386  0.0387
  0.0403  0.0403  0.0380  0.0377  0.0372  0.0373
  0.0426  0.0380  0.0409  0.0434  0.0383  0.0382
  0.0505  0.0405  0.0456  0.0523  0.0428  0.0412
  0.0608  0.0487  0.0519  0.0589  0.0492  0.0455
niter,ni,del,rscale     5    3   12.0000    1.2000
parameters
   -0.2098   -6.3500   12.3252  -18.7179   -0.1361   -0.2295
eta,q 0.96278 12.57408
  0.0618  0.0588  0.0481  0.0550  0.0459  0.0458
  0.0501  0.0488  0.0427  0.0476  0.0413  0.0413
  0.0413  0.0399  0.0383  0.0391  0.0385  0.0383
  0.0373  0.0372  0.0372  0.0372  0.0371  0.0372
  0.0392  0.0394  0.0393  0.0411  0.0380  0.0385
  0.0470  0.0465  0.0442  0.0503  0.0422  0.0415
  0.0581  0.0560  0.0503  0.0576  0.0485  0.0458
niter,ni,del,rscale     4    3   12.0000    1.2000
parameters
   -0.0730   -6.2262   12.1654  -18.9464   -0.2544   -0.2572
eta,q 0.96275 12.57045
  0.0607  0.0585  0.0487  0.0553  0.0462  0.0458
  0.0492  0.0477  0.0431  0.0483  0.0415  0.0412
  0.0407  0.0391  0.0384  0.0397  0.0387  0.0382
  0.0372  0.0372  0.0372  0.0372  0.0372  0.0373
  0.0396  0.0400  0.0389  0.0403  0.0377  0.0385
  0.0476  0.0470  0.0438  0.0493  0.0416  0.0415
  0.0590  0.0564  0.0501  0.0570  0.0477  0.0458
niter,ni,del,rscale     3    3   12.0000    1.2000
parameters
   -0.0112   -6.1740   12.0866  -19.0509   -0.2991   -0.2733
eta,q 0.96273 12.56800
  0.0602  0.0582  0.0491  0.0555  0.0464  0.0459
  0.0488  0.0471  0.0434  0.0487  0.0416  0.0412
  0.0405  0.0388  0.0385  0.0401  0.0387  0.0382
  0.0373  0.0372  0.0373  0.0372  0.0373  0.0373
  0.0398  0.0403  0.0388  0.0399  0.0376  0.0386
  0.0480  0.0474  0.0435  0.0487  0.0413  0.0415
  0.0595  0.0566  0.0499  0.0567  0.0474  0.0458
niter,ni,del,rscale     2    3   12.0000    1.2000
parameters
    0.0144   -6.1524   12.0515  -19.0971   -0.3155   -0.2824
eta,q 0.96272 12.56685
  0.0600  0.0581  0.0493  0.0556  0.0465  0.0460
  0.0486  0.0469  0.0435  0.0489  0.0416  0.0413
  0.0404  0.0386  0.0386  0.0402  0.0388  0.0382
  0.0373  0.0373  0.0373  0.0373  0.0373  0.0373
  0.0400  0.0404  0.0387  0.0397  0.0376  0.0386
  0.0483  0.0475  0.0433  0.0485  0.0412  0.0415
  0.0598  0.0566  0.0498  0.0565  0.0473  0.0458
registration optimization eta report
parameter search radius
    6.0000    6.9000    6.0000   10.4940    6.0000    6.0000
100000*second partial in parameter space
       62.       42.       34.       17.       27.       24.
  0.0600  0.0581  0.0493  0.0556  0.0465  0.0460
  0.0486  0.0469  0.0435  0.0489  0.0416  0.0413
  0.0404  0.0386  0.0386  0.0402  0.0388  0.0382
  0.0373  0.0373  0.0373  0.0373  0.0373  0.0373
  0.0400  0.0404  0.0387  0.0397  0.0376  0.0386
  0.0483  0.0475  0.0433  0.0485  0.0412  0.0415
  0.0598  0.0566  0.0498  0.0565  0.0473  0.0458
    0.0144   -6.1524   12.0515  -19.0971   -0.3155   -0.2824
eta,q 0.96272 12.56685

---------------------------------------------------------------------
imgreg_4dfp /opt/freesurfer/average/711-2C_as_mni_average_305 /opt/freesurfer/average/711-2B_as_mni_average_305_mask talsrcimg_g11 none talsrcimg_to_711-2C_as_mni_average_305_t4 3335
---------------------------------------------------------------------

freesurfer imgreg_4dfp.c
/opt/freesurfer/average/711-2C_as_mni_average_305.4dfp.img
       256       256       256         1
  1.000000  1.000000  1.000000
orientation T byte_order littleendian
Reading image: /opt/freesurfer/average/711-2C_as_mni_average_305.4dfp.img
dimensions:      256       256       256
mmppix:       1.0000   -1.0000   -1.0000
center:     128.0000 -129.0000 -129.0000
/opt/freesurfer/average/711-2B_as_mni_average_305_mask.4dfp.img
       256       256       256         1
  1.000000  1.000000  1.000000
orientation T byte_order littleendian
Reading mask: /opt/freesurfer/average/711-2B_as_mni_average_305_mask.4dfp.img (2306576 pixels)
talsrcimg_g11.4dfp.img
       256       256       256         1
  0.898438  0.898438  0.898438
orientation T byte_order littleendian
Reading image: talsrcimg_g11.4dfp.img
dimensions:      256       256       256
mmppix:       0.8984   -0.8984   -0.8984
center:     115.0001 -115.8985 -115.8985
fimgreg.f
image alignment mode   3335 decimal      D07 hex
parameters
    0.0144   -6.1524   12.0515   -0.0027   -5.5037   -5.5049
    0.2856    0.6817   -0.4929   32.7140   -0.5507  -32.7165
eta,q 0.96342 12.56544
niter,ni,del,rscale     5    3    5.0000    1.2000
parameter  4  0.512117 ->  0.500000 qaram    1.1500
parameter  5  1.350271 ->  0.500000 qaram    1.1500
parameter  6  0.656923 ->  0.500000 qaram    1.1500
parameter 11  0.561799 ->  0.500000 qaram    1.1500
parameter 12 -0.631057 -> -0.500000 qaram    1.1500
parameters
   -0.0472   -6.2132   11.2345   -4.1427   -9.6437   -9.6449
    0.0900    0.3564   -0.7917   30.0186   -4.6907  -28.5765
eta,q 0.96967 11.78269
  0.0408  0.0394  0.0373  0.0362  0.0319  0.0314  0.0348  0.0358  0.0339  0.0324  0.0313  0.0345
  0.0385  0.0379  0.0365  0.0358  0.0326  0.0317  0.0331  0.0336  0.0327  0.0315  0.0310  0.0330
  0.0370  0.0369  0.0363  0.0357  0.0339  0.0322  0.0321  0.0322  0.0320  0.0314  0.0311  0.0318
  0.0366  0.0366  0.0366  0.0363  0.0357  0.0329  0.0318  0.0318  0.0318  0.0318  0.0314  0.0310
  0.0372  0.0369  0.0374  0.0379  0.0382  0.0345  0.0322  0.0324  0.0321  0.0326  0.0319  0.0305
  0.0388  0.0380  0.0386  0.0401  0.0412  0.0373  0.0334  0.0340  0.0330  0.0342  0.0326  0.0303
  0.0413  0.0397  0.0403  0.0431  0.0443  0.0417  0.0351  0.0367  0.0343  0.0365  0.0334  0.0306
niter,ni,del,rscale     7    3    5.0000    1.2000
parameters
   -0.0120   -6.3335   11.9069   -4.2379  -13.6900  -12.1777
   -0.4713    0.6564   -0.6533   29.3500   -3.7647  -28.1763
eta,q 0.97127 11.34533
  0.0346  0.0333  0.0336  0.0327  0.0303  0.0306  0.0316  0.0337  0.0312  0.0312  0.0305  0.0312
  0.0323  0.0316  0.0322  0.0312  0.0294  0.0294  0.0300  0.0312  0.0300  0.0297  0.0296  0.0299
  0.0309  0.0306  0.0310  0.0303  0.0292  0.0288  0.0290  0.0295  0.0291  0.0289  0.0290  0.0291
  0.0303  0.0303  0.0303  0.0301  0.0301  0.0292  0.0288  0.0288  0.0288  0.0288  0.0287  0.0287
  0.0307  0.0308  0.0301  0.0302  0.0317  0.0305  0.0294  0.0292  0.0290  0.0294  0.0288  0.0290
  0.0321  0.0321  0.0305  0.0311  0.0339  0.0323  0.0307  0.0306  0.0298  0.0305  0.0292  0.0296
  0.0344  0.0339  0.0313  0.0331  0.0367  0.0350  0.0326  0.0330  0.0311  0.0322  0.0298  0.0307
niter,ni,del,rscale     6    3    5.0000    1.2000
parameters
   -0.0056   -6.0372   11.7555   -4.8166  -13.9703  -12.9699
   -0.5012    0.6879   -0.7262   29.5193   -3.6391  -28.2912
eta,q 0.97137 11.25474
  0.0328  0.0329  0.0306  0.0309  0.0318  0.0317  0.0319  0.0332  0.0309  0.0316  0.0300  0.0307
  0.0306  0.0308  0.0295  0.0294  0.0302  0.0299  0.0302  0.0309  0.0297  0.0300  0.0293  0.0296
  0.0292  0.0294  0.0289  0.0287  0.0291  0.0289  0.0290  0.0293  0.0289  0.0290  0.0288  0.0289
  0.0287  0.0287  0.0287  0.0287  0.0286  0.0287  0.0286  0.0286  0.0286  0.0286  0.0286  0.0286
  0.0292  0.0289  0.0290  0.0289  0.0291  0.0294  0.0290  0.0292  0.0289  0.0290  0.0288  0.0290
  0.0305  0.0297  0.0299  0.0299  0.0304  0.0310  0.0302  0.0307  0.0298  0.0299  0.0292  0.0297
  0.0328  0.0312  0.0311  0.0317  0.0323  0.0329  0.0320  0.0333  0.0310  0.0313  0.0300  0.0308
niter,ni,del,rscale     5    3    5.0000    1.2000
parameters
   -0.0034   -5.9301   11.5466   -4.9192  -14.1440  -13.3194
   -0.4957    0.6918   -0.7493   29.7466   -3.6300  -28.4464
eta,q 0.97138 11.22645
  0.0327  0.0322  0.0304  0.0311  0.0318  0.0320  0.0319  0.0332  0.0309  0.0316  0.0300  0.0307
  0.0305  0.0303  0.0293  0.0296  0.0302  0.0302  0.0302  0.0309  0.0297  0.0300  0.0292  0.0295
  0.0291  0.0291  0.0288  0.0288  0.0291  0.0290  0.0290  0.0292  0.0289  0.0290  0.0288  0.0288
  0.0286  0.0286  0.0286  0.0286  0.0286  0.0286  0.0286  0.0286  0.0286  0.0286  0.0286  0.0286
  0.0291  0.0290  0.0290  0.0288  0.0290  0.0292  0.0290  0.0292  0.0289  0.0289  0.0288  0.0290
  0.0305  0.0300  0.0298  0.0296  0.0303  0.0307  0.0301  0.0307  0.0297  0.0298  0.0292  0.0297
  0.0327  0.0315  0.0311  0.0313  0.0322  0.0325  0.0319  0.0333  0.0309  0.0312  0.0300  0.0308
niter,ni,del,rscale     4    3    5.0000    1.2000
parameters
    0.0010   -5.8712   11.4222   -4.9554  -14.2862  -13.4992
   -0.4863    0.6941   -0.7639   29.9132   -3.6319  -28.5445
eta,q 0.97137 11.21111
  0.0327  0.0320  0.0305  0.0311  0.0318  0.0321  0.0319  0.0332  0.0309  0.0315  0.0300  0.0307
  0.0305  0.0302  0.0294  0.0296  0.0302  0.0302  0.0302  0.0308  0.0297  0.0299  0.0292  0.0295
  0.0291  0.0290  0.0288  0.0288  0.0291  0.0290  0.0290  0.0292  0.0289  0.0289  0.0288  0.0288
  0.0286  0.0286  0.0286  0.0286  0.0286  0.0286  0.0286  0.0286  0.0286  0.0286  0.0286  0.0286
  0.0291  0.0290  0.0289  0.0288  0.0290  0.0291  0.0290  0.0292  0.0289  0.0289  0.0288  0.0290
  0.0304  0.0300  0.0297  0.0296  0.0303  0.0306  0.0301  0.0307  0.0297  0.0298  0.0292  0.0297
  0.0327  0.0316  0.0309  0.0312  0.0321  0.0324  0.0319  0.0332  0.0309  0.0312  0.0300  0.0307
niter,ni,del,rscale     3    3    5.0000    1.2000
parameters
    0.0041   -5.8317   11.3521   -4.9784  -14.3819  -13.5925
   -0.4865    0.6952   -0.7712   30.0289   -3.6358  -28.6031
eta,q 0.97137 11.20251
  0.0327  0.0319  0.0306  0.0312  0.0318  0.0322  0.0319  0.0331  0.0309  0.0314  0.0300  0.0307
  0.0305  0.0301  0.0295  0.0296  0.0302  0.0303  0.0302  0.0308  0.0297  0.0299  0.0292  0.0295
  0.0291  0.0290  0.0288  0.0288  0.0291  0.0291  0.0290  0.0292  0.0289  0.0289  0.0288  0.0288
  0.0286  0.0286  0.0286  0.0286  0.0286  0.0286  0.0286  0.0286  0.0286  0.0286  0.0286  0.0286
  0.0291  0.0290  0.0289  0.0288  0.0290  0.0291  0.0290  0.0292  0.0289  0.0290  0.0288  0.0290
  0.0304  0.0300  0.0296  0.0296  0.0302  0.0305  0.0301  0.0307  0.0297  0.0298  0.0292  0.0297
  0.0327  0.0316  0.0308  0.0312  0.0320  0.0323  0.0319  0.0332  0.0309  0.0312  0.0300  0.0307
niter,ni,del,rscale     2    3    5.0000    1.2000
parameters
    0.0050   -5.8042   11.3104   -4.9913  -14.4475  -13.6509
   -0.4852    0.6957   -0.7772   30.0988   -3.6329  -28.6317
eta,q 0.97136 11.19659
  0.0327  0.0318  0.0306  0.0312  0.0318  0.0323  0.0319  0.0331  0.0309  0.0314  0.0300  0.0307
  0.0305  0.0301  0.0295  0.0296  0.0302  0.0303  0.0302  0.0308  0.0297  0.0299  0.0292  0.0296
  0.0291  0.0290  0.0288  0.0288  0.0291  0.0291  0.0290  0.0292  0.0289  0.0289  0.0288  0.0288
  0.0286  0.0286  0.0286  0.0286  0.0286  0.0286  0.0286  0.0286  0.0286  0.0286  0.0286  0.0286
  0.0291  0.0290  0.0289  0.0289  0.0290  0.0291  0.0290  0.0292  0.0289  0.0290  0.0288  0.0290
  0.0304  0.0300  0.0296  0.0296  0.0302  0.0305  0.0301  0.0307  0.0297  0.0298  0.0292  0.0297
  0.0327  0.0316  0.0308  0.0312  0.0320  0.0323  0.0319  0.0332  0.0309  0.0312  0.0300  0.0307
niter,ni,del,rscale     1    3    5.0000    1.2000
parameters
    0.0058   -5.7864   11.2874   -4.9984  -14.4905  -13.6850
   -0.4866    0.6956   -0.7838   30.1453   -3.6301  -28.6483
eta,q 0.97136 11.19303
  0.0327  0.0318  0.0306  0.0312  0.0318  0.0323  0.0319  0.0331  0.0309  0.0314  0.0300  0.0307
  0.0305  0.0300  0.0295  0.0296  0.0302  0.0303  0.0302  0.0308  0.0297  0.0298  0.0292  0.0296
  0.0291  0.0290  0.0289  0.0288  0.0291  0.0291  0.0290  0.0292  0.0289  0.0289  0.0288  0.0289
  0.0286  0.0286  0.0286  0.0286  0.0286  0.0286  0.0286  0.0286  0.0286  0.0286  0.0286  0.0286
  0.0291  0.0290  0.0289  0.0289  0.0290  0.0291  0.0290  0.0292  0.0289  0.0290  0.0288  0.0290
  0.0304  0.0301  0.0296  0.0296  0.0302  0.0305  0.0301  0.0307  0.0297  0.0299  0.0292  0.0297
  0.0327  0.0316  0.0307  0.0312  0.0320  0.0322  0.0319  0.0332  0.0309  0.0312  0.0300  0.0307
registration optimization eta report
parameter search radius
    2.4000    2.4000    2.4000    8.2800    8.2800    8.2800
    7.2000    7.2000    7.2000    7.2000    8.2800    8.2800
100000*second partial in parameter space
       70.       53.       35.        4.        5.        5.
        6.        9.        4.        5.        2.        3.
  0.0327  0.0318  0.0306  0.0312  0.0318  0.0323  0.0319  0.0331  0.0309  0.0314  0.0300  0.0307
  0.0305  0.0300  0.0295  0.0296  0.0302  0.0303  0.0302  0.0308  0.0297  0.0298  0.0292  0.0296
  0.0291  0.0290  0.0289  0.0288  0.0291  0.0291  0.0290  0.0292  0.0289  0.0289  0.0288  0.0289
  0.0286  0.0286  0.0286  0.0286  0.0286  0.0286  0.0286  0.0286  0.0286  0.0286  0.0286  0.0286
  0.0291  0.0290  0.0289  0.0289  0.0290  0.0291  0.0290  0.0292  0.0289  0.0290  0.0288  0.0290
  0.0304  0.0301  0.0296  0.0296  0.0302  0.0305  0.0301  0.0307  0.0297  0.0299  0.0292  0.0297
  0.0327  0.0316  0.0307  0.0312  0.0320  0.0322  0.0319  0.0332  0.0309  0.0312  0.0300  0.0307
    0.0058   -5.7864   11.2874   -4.9984  -14.4905  -13.6850
   -0.4866    0.6956   -0.7838   30.1453   -3.6301  -28.6483
eta,q 0.97136 11.19303

---------------------------------------------------------------------
imgreg_4dfp /opt/freesurfer/average/711-2C_as_mni_average_305 /opt/freesurfer/average/711-2B_as_mni_average_305_mask talsrcimg_g11 none talsrcimg_to_711-2C_as_mni_average_305_t4 2311
---------------------------------------------------------------------

freesurfer imgreg_4dfp.c
/opt/freesurfer/average/711-2C_as_mni_average_305.4dfp.img
       256       256       256         1
  1.000000  1.000000  1.000000
orientation T byte_order littleendian
Reading image: /opt/freesurfer/average/711-2C_as_mni_average_305.4dfp.img
dimensions:      256       256       256
mmppix:       1.0000   -1.0000   -1.0000
center:     128.0000 -129.0000 -129.0000
/opt/freesurfer/average/711-2B_as_mni_average_305_mask.4dfp.img
       256       256       256         1
  1.000000  1.000000  1.000000
orientation T byte_order littleendian
Reading mask: /opt/freesurfer/average/711-2B_as_mni_average_305_mask.4dfp.img (2306576 pixels)
talsrcimg_g11.4dfp.img
       256       256       256         1
  0.898438  0.898438  0.898438
orientation T byte_order littleendian
Reading image: talsrcimg_g11.4dfp.img
dimensions:      256       256       256
mmppix:       0.8984   -0.8984   -0.8984
center:     115.0001 -115.8985 -115.8985
fimgreg.f
image alignment mode   2311 decimal      907 hex
parameters
    0.0058   -5.7864   11.2874   -4.9984  -14.4905  -13.6850
   -0.4866    0.6956   -0.7838   30.1453   -3.6301  -28.6483
eta,q 0.97136 11.19302
niter,ni,del,rscale     5    3    5.0000    0.8000
parameters
    0.0177   -5.8003   11.2807   -5.0292  -14.3300  -13.7181
   -0.4572    0.7577   -0.7045   30.0025   -3.6456  -28.8123
eta,q 0.97137 11.19897
  0.0305  0.0300  0.0295  0.0293  0.0299  0.0300  0.0302  0.0308  0.0297  0.0298  0.0291  0.0293
  0.0295  0.0292  0.0291  0.0289  0.0292  0.0293  0.0293  0.0297  0.0292  0.0291  0.0288  0.0289
  0.0289  0.0288  0.0287  0.0286  0.0288  0.0288  0.0288  0.0289  0.0288  0.0287  0.0287  0.0287
  0.0286  0.0286  0.0286  0.0286  0.0286  0.0286  0.0286  0.0286  0.0286  0.0286  0.0286  0.0286
  0.0288  0.0288  0.0287  0.0287  0.0287  0.0288  0.0288  0.0289  0.0287  0.0288  0.0287  0.0287
  0.0294  0.0293  0.0291  0.0289  0.0291  0.0292  0.0293  0.0296  0.0291  0.0292  0.0288  0.0290
  0.0304  0.0301  0.0296  0.0293  0.0298  0.0301  0.0301  0.0307  0.0297  0.0299  0.0291  0.0294
niter,ni,del,rscale     4    3    5.0000    0.7000
parameters
    0.0234   -5.8295   11.2850   -5.0497  -14.2594  -13.6865
   -0.4485    0.7625   -0.6680   29.9512   -3.6705  -28.8240
eta,q 0.97138 11.20240
  0.0300  0.0297  0.0293  0.0292  0.0296  0.0297  0.0298  0.0303  0.0295  0.0295  0.0290  0.0292
  0.0293  0.0291  0.0289  0.0288  0.0291  0.0291  0.0292  0.0294  0.0290  0.0290  0.0288  0.0289
  0.0288  0.0287  0.0287  0.0286  0.0288  0.0288  0.0288  0.0288  0.0287  0.0287  0.0287  0.0287
  0.0286  0.0286  0.0286  0.0286  0.0286  0.0286  0.0286  0.0286  0.0286  0.0286  0.0286  0.0286
  0.0288  0.0288  0.0287  0.0287  0.0287  0.0287  0.0287  0.0288  0.0287  0.0287  0.0287  0.0287
  0.0292  0.0292  0.0289  0.0289  0.0290  0.0291  0.0291  0.0294  0.0290  0.0291  0.0288  0.0289
  0.0300  0.0298  0.0293  0.0291  0.0296  0.0297  0.0298  0.0303  0.0295  0.0296  0.0290  0.0292
niter,ni,del,rscale     3    3    5.0000    0.6000
parameters
    0.0240   -5.8485   11.2995   -5.1436  -14.1999  -13.6381
   -0.4260    0.7508   -0.6410   29.8808   -3.6527  -28.8078
eta,q 0.97139 11.20033
  0.0296  0.0294  0.0292  0.0290  0.0293  0.0294  0.0295  0.0299  0.0293  0.0293  0.0289  0.0291
  0.0291  0.0290  0.0289  0.0287  0.0290  0.0290  0.0290  0.0292  0.0289  0.0289  0.0287  0.0288
  0.0287  0.0287  0.0287  0.0286  0.0287  0.0287  0.0287  0.0287  0.0287  0.0287  0.0286  0.0287
  0.0286  0.0286  0.0286  0.0286  0.0286  0.0286  0.0286  0.0286  0.0286  0.0286  0.0286  0.0286
  0.0287  0.0287  0.0287  0.0287  0.0287  0.0287  0.0287  0.0288  0.0287  0.0287  0.0286  0.0287
  0.0291  0.0290  0.0289  0.0288  0.0289  0.0289  0.0290  0.0292  0.0289  0.0290  0.0287  0.0288
  0.0297  0.0295  0.0291  0.0290  0.0293  0.0294  0.0295  0.0299  0.0292  0.0293  0.0289  0.0291
niter,ni,del,rscale     2    3    5.0000    0.5000
parameters
    0.0233   -5.8682   11.3214   -5.2564  -14.1393  -13.5842
   -0.4072    0.7357   -0.6361   29.8086   -3.6441  -28.8064
eta,q 0.97139 11.19768
  0.0293  0.0292  0.0290  0.0289  0.0291  0.0292  0.0292  0.0295  0.0291  0.0291  0.0288  0.0289
  0.0289  0.0289  0.0288  0.0287  0.0288  0.0289  0.0289  0.0290  0.0288  0.0288  0.0287  0.0288
  0.0287  0.0287  0.0287  0.0286  0.0287  0.0287  0.0287  0.0287  0.0287  0.0287  0.0286  0.0286
  0.0286  0.0286  0.0286  0.0286  0.0286  0.0286  0.0286  0.0286  0.0286  0.0286  0.0286  0.0286
  0.0287  0.0287  0.0286  0.0287  0.0287  0.0287  0.0287  0.0287  0.0287  0.0287  0.0286  0.0286
  0.0289  0.0289  0.0288  0.0287  0.0288  0.0288  0.0289  0.0290  0.0288  0.0289  0.0287  0.0288
  0.0293  0.0292  0.0290  0.0288  0.0291  0.0292  0.0292  0.0295  0.0291  0.0291  0.0288  0.0289
niter,ni,del,rscale     1    3    5.0000    0.4000
parameters
    0.0251   -5.8855   11.3394   -5.3915  -14.0728  -13.5358
   -0.3888    0.7145   -0.6336   29.7491   -3.6352  -28.7745
eta,q 0.97140 11.19310
  0.0291  0.0290  0.0289  0.0287  0.0289  0.0290  0.0290  0.0292  0.0289  0.0289  0.0287  0.0288
  0.0288  0.0288  0.0287  0.0286  0.0288  0.0288  0.0288  0.0288  0.0287  0.0287  0.0286  0.0287
  0.0287  0.0286  0.0286  0.0286  0.0286  0.0287  0.0286  0.0287  0.0286  0.0286  0.0286  0.0286
  0.0286  0.0286  0.0286  0.0286  0.0286  0.0286  0.0286  0.0286  0.0286  0.0286  0.0286  0.0286
  0.0287  0.0287  0.0286  0.0286  0.0286  0.0286  0.0286  0.0287  0.0286  0.0286  0.0286  0.0286
  0.0288  0.0288  0.0287  0.0287  0.0287  0.0287  0.0288  0.0289  0.0287  0.0288  0.0287  0.0287
  0.0291  0.0290  0.0288  0.0288  0.0289  0.0289  0.0290  0.0292  0.0289  0.0289  0.0287  0.0288
registration optimization eta report
parameter search radius
    0.8000    0.8000    0.8000    2.4000    2.4000    2.4000
    2.4000    2.4000    2.4000    2.4000    2.4000    2.4000
100000*second partial in parameter space
       73.       57.       37.        3.        5.        6.
        7.       10.        5.        6.        2.        4.
  0.0291  0.0290  0.0289  0.0287  0.0289  0.0290  0.0290  0.0292  0.0289  0.0289  0.0287  0.0288
  0.0288  0.0288  0.0287  0.0286  0.0288  0.0288  0.0288  0.0288  0.0287  0.0287  0.0286  0.0287
  0.0287  0.0286  0.0286  0.0286  0.0286  0.0287  0.0286  0.0287  0.0286  0.0286  0.0286  0.0286
  0.0286  0.0286  0.0286  0.0286  0.0286  0.0286  0.0286  0.0286  0.0286  0.0286  0.0286  0.0286
  0.0287  0.0287  0.0286  0.0286  0.0286  0.0286  0.0286  0.0287  0.0286  0.0286  0.0286  0.0286
  0.0288  0.0288  0.0287  0.0287  0.0287  0.0287  0.0288  0.0289  0.0287  0.0288  0.0287  0.0287
  0.0291  0.0290  0.0288  0.0288  0.0289  0.0289  0.0290  0.0292  0.0289  0.0289  0.0287  0.0288
    0.0251   -5.8855   11.3394   -5.3915  -14.0728  -13.5358
   -0.3888    0.7145   -0.6336   29.7491   -3.6352  -28.7745
eta,q 0.97140 11.19310

---------------------------------------------------------------------
imgreg_4dfp /opt/freesurfer/average/711-2C_as_mni_average_305 /opt/freesurfer/average/711-2B_as_mni_average_305_mask talsrcimg_g11 none talsrcimg_to_711-2C_as_mni_average_305_t4 2311
---------------------------------------------------------------------

freesurfer imgreg_4dfp.c
/opt/freesurfer/average/711-2C_as_mni_average_305.4dfp.img
       256       256       256         1
  1.000000  1.000000  1.000000
orientation T byte_order littleendian
Reading image: /opt/freesurfer/average/711-2C_as_mni_average_305.4dfp.img
dimensions:      256       256       256
mmppix:       1.0000   -1.0000   -1.0000
center:     128.0000 -129.0000 -129.0000
/opt/freesurfer/average/711-2B_as_mni_average_305_mask.4dfp.img
       256       256       256         1
  1.000000  1.000000  1.000000
orientation T byte_order littleendian
Reading mask: /opt/freesurfer/average/711-2B_as_mni_average_305_mask.4dfp.img (2306576 pixels)
talsrcimg_g11.4dfp.img
       256       256       256         1
  0.898438  0.898438  0.898438
orientation T byte_order littleendian
Reading image: talsrcimg_g11.4dfp.img
dimensions:      256       256       256
mmppix:       0.8984   -0.8984   -0.8984
center:     115.0001 -115.8985 -115.8985
fimgreg.f
image alignment mode   2311 decimal      907 hex
parameters
    0.0251   -5.8855   11.3394   -5.3915  -14.0728  -13.5357
   -0.3888    0.7145   -0.6336   29.7491   -3.6352  -28.7745
eta,q 0.97140 11.19311
niter,ni,del,rscale     5    3    5.0000    0.8000
parameters
    0.0077   -5.8793   11.3505   -4.9397  -14.1690  -13.6076
   -0.4539    0.7478   -0.6686   29.8493   -3.6860  -28.7492
eta,q 0.97138 11.21561
  0.0304  0.0301  0.0295  0.0295  0.0298  0.0299  0.0301  0.0308  0.0297  0.0299  0.0291  0.0294
  0.0294  0.0293  0.0290  0.0290  0.0292  0.0292  0.0293  0.0296  0.0291  0.0292  0.0288  0.0290
  0.0288  0.0288  0.0287  0.0287  0.0288  0.0288  0.0288  0.0289  0.0288  0.0288  0.0287  0.0287
  0.0286  0.0286  0.0286  0.0286  0.0286  0.0286  0.0286  0.0286  0.0286  0.0286  0.0286  0.0286
  0.0288  0.0288  0.0287  0.0287  0.0287  0.0288  0.0288  0.0289  0.0287  0.0288  0.0287  0.0287
  0.0295  0.0293  0.0290  0.0288  0.0292  0.0293  0.0293  0.0296  0.0291  0.0292  0.0288  0.0290
  0.0305  0.0300  0.0295  0.0292  0.0299  0.0301  0.0302  0.0307  0.0297  0.0298  0.0291  0.0294
niter,ni,del,rscale     4    3    5.0000    0.7000
parameters
    0.0204   -5.8694   11.3359   -5.0203  -14.1748  -13.6110
   -0.4500    0.7631   -0.6509   29.8516   -3.6781  -28.7709
eta,q 0.97138 11.21023
  0.0300  0.0298  0.0293  0.0291  0.0295  0.0297  0.0298  0.0303  0.0295  0.0296  0.0290  0.0292
  0.0293  0.0291  0.0289  0.0288  0.0291  0.0291  0.0292  0.0294  0.0290  0.0290  0.0288  0.0289
  0.0288  0.0287  0.0287  0.0286  0.0287  0.0288  0.0288  0.0288  0.0287  0.0287  0.0286  0.0287
  0.0286  0.0286  0.0286  0.0286  0.0286  0.0286  0.0286  0.0286  0.0286  0.0286  0.0286  0.0286
  0.0288  0.0287  0.0287  0.0287  0.0287  0.0287  0.0287  0.0288  0.0287  0.0287  0.0287  0.0287
  0.0292  0.0291  0.0289  0.0288  0.0290  0.0291  0.0291  0.0294  0.0290  0.0291  0.0288  0.0289
  0.0300  0.0297  0.0294  0.0291  0.0296  0.0297  0.0298  0.0303  0.0295  0.0296  0.0290  0.0292
niter,ni,del,rscale     3    3    5.0000    0.6000
parameters
    0.0240   -5.8710   11.3329   -5.1248  -14.1515  -13.5899
   -0.4329    0.7535   -0.6440   29.8191   -3.6699  -28.7865
eta,q 0.97139 11.20541
  0.0296  0.0294  0.0291  0.0290  0.0293  0.0294  0.0295  0.0299  0.0292  0.0293  0.0289  0.0291
  0.0291  0.0290  0.0289  0.0287  0.0289  0.0290  0.0290  0.0292  0.0289  0.0289  0.0287  0.0288
  0.0287  0.0287  0.0287  0.0286  0.0287  0.0287  0.0287  0.0287  0.0287  0.0287  0.0286  0.0287
  0.0286  0.0286  0.0286  0.0286  0.0286  0.0286  0.0286  0.0286  0.0286  0.0286  0.0286  0.0286
  0.0287  0.0287  0.0287  0.0287  0.0287  0.0287  0.0287  0.0288  0.0287  0.0287  0.0286  0.0287
  0.0291  0.0290  0.0289  0.0288  0.0289  0.0289  0.0290  0.0292  0.0289  0.0289  0.0287  0.0288
  0.0296  0.0294  0.0292  0.0290  0.0293  0.0294  0.0295  0.0299  0.0292  0.0293  0.0289  0.0291
niter,ni,del,rscale     2    3    5.0000    0.5000
parameters
    0.0238   -5.8817   11.3375   -5.2426  -14.1052  -13.5627
   -0.4100    0.7418   -0.6293   29.7687   -3.6590  -28.7808
eta,q 0.97139 11.20043
  0.0293  0.0292  0.0290  0.0288  0.0291  0.0292  0.0292  0.0295  0.0291  0.0291  0.0288  0.0289
  0.0289  0.0289  0.0288  0.0287  0.0288  0.0289  0.0289  0.0290  0.0288  0.0288  0.0287  0.0288
  0.0287  0.0287  0.0287  0.0286  0.0287  0.0287  0.0287  0.0287  0.0287  0.0287  0.0286  0.0286
  0.0286  0.0286  0.0286  0.0286  0.0286  0.0286  0.0286  0.0286  0.0286  0.0286  0.0286  0.0286
  0.0287  0.0287  0.0286  0.0287  0.0287  0.0287  0.0287  0.0287  0.0287  0.0287  0.0286  0.0286
  0.0289  0.0289  0.0288  0.0287  0.0288  0.0288  0.0289  0.0290  0.0288  0.0288  0.0287  0.0288
  0.0293  0.0292  0.0290  0.0288  0.0291  0.0292  0.0292  0.0295  0.0291  0.0291  0.0288  0.0289
niter,ni,del,rscale     1    3    5.0000    0.4000
parameters
    0.0242   -5.8943   11.3455   -5.3781  -14.0566  -13.5265
   -0.3873    0.7160   -0.6332   29.7279   -3.6445  -28.7729
eta,q 0.97140 11.19497
  0.0291  0.0290  0.0288  0.0288  0.0289  0.0290  0.0290  0.0292  0.0289  0.0289  0.0287  0.0288
  0.0288  0.0288  0.0287  0.0286  0.0288  0.0288  0.0288  0.0288  0.0287  0.0287  0.0287  0.0287
  0.0287  0.0286  0.0286  0.0286  0.0286  0.0287  0.0286  0.0287  0.0286  0.0286  0.0286  0.0286
  0.0286  0.0286  0.0286  0.0286  0.0286  0.0286  0.0286  0.0286  0.0286  0.0286  0.0286  0.0286
  0.0287  0.0287  0.0286  0.0286  0.0286  0.0286  0.0286  0.0287  0.0286  0.0286  0.0286  0.0286
  0.0288  0.0288  0.0287  0.0287  0.0287  0.0287  0.0288  0.0289  0.0287  0.0288  0.0287  0.0287
  0.0291  0.0290  0.0288  0.0288  0.0289  0.0289  0.0290  0.0292  0.0289  0.0289  0.0287  0.0288
registration optimization eta report
parameter search radius
    0.8000    0.8000    0.8000    2.4000    2.4000    2.4000
    2.4000    2.4000    2.4000    2.4000    2.4000    2.4000
100000*second partial in parameter space
       73.       58.       37.        3.        5.        6.
        7.       10.        5.        5.        2.        4.
  0.0291  0.0290  0.0288  0.0288  0.0289  0.0290  0.0290  0.0292  0.0289  0.0289  0.0287  0.0288
  0.0288  0.0288  0.0287  0.0286  0.0288  0.0288  0.0288  0.0288  0.0287  0.0287  0.0287  0.0287
  0.0287  0.0286  0.0286  0.0286  0.0286  0.0287  0.0286  0.0287  0.0286  0.0286  0.0286  0.0286
  0.0286  0.0286  0.0286  0.0286  0.0286  0.0286  0.0286  0.0286  0.0286  0.0286  0.0286  0.0286
  0.0287  0.0287  0.0286  0.0286  0.0286  0.0286  0.0286  0.0287  0.0286  0.0286  0.0286  0.0286
  0.0288  0.0288  0.0287  0.0287  0.0287  0.0287  0.0288  0.0289  0.0287  0.0288  0.0287  0.0287
  0.0291  0.0290  0.0288  0.0288  0.0289  0.0289  0.0290  0.0292  0.0289  0.0289  0.0287  0.0288
    0.0242   -5.8943   11.3455   -5.3781  -14.0566  -13.5265
   -0.3873    0.7160   -0.6332   29.7279   -3.6445  -28.7729
eta,q 0.97140 11.19497

---------------------------------------------------------------------
compute_vox2vox talsrcimg talsrcimg_to_711-2C_as_mni_average_305_t4 /opt/freesurfer/average/711-2C_as_mni_average_305
---------------------------------------------------------------------

freesurfer compute_vox2vox.c
Reading: talsrcimg.4dfp.ifh
Reading: talsrcimg_to_711-2C_as_mni_average_305_t4
Reading: /opt/freesurfer/average/711-2C_as_mni_average_305.4dfp.ifh
Writing: talsrcimg_to_711-2C_as_mni_average_305_t4_vox2vox.txt

start time Wed Mar 11 03:50:36 CET 2026
end		time Wed Mar 11 03:52:03 CET 2026

mpr2mni305 success

avi2talxfm orig_nu.mgz /opt/freesurfer/average/mni305.cor.mgz talsrcimg_to_711-2C_as_mni_average_305_t4_vox2vox.txt transforms/talairach.auto.xfm
avi2talxfm done
mv -f /out/sourcedata/freesurfer/sub-v2s13x29111_ses-1/mri/talsrcimg_to_711-2C_as_mni_average_305_t4_vox2vox.txt /out/sourcedata/freesurfer/sub-v2s13x29111_ses-1/mri/transforms/talsrcimg_to_711-2C_as_mni_average_305_t4_vox2vox.txt
lta_convert --src orig_nu.mgz --trg /opt/freesurfer/average/mni305.cor.mgz --inxfm transforms/talairach.auto.xfm --outlta transforms/talairach.auto.xfm.lta --subject fsaverage
7.3.2

--src: orig_nu.mgz src image (geometry).
--trg: /opt/freesurfer/average/mni305.cor.mgz trg image (geometry).
--inmni: transforms/talairach.auto.xfm input MNI/XFM transform.
--outlta: transforms/talairach.auto.xfm.lta output LTA.
--s: fsaverage subject name
 LTA read, type : 1
 1.05649  -0.00931   0.00164   0.41295;
 0.04225   1.03669   0.34726  -11.10470;
-0.00683  -0.35866   1.04345   5.39050;
 0.00000   0.00000   0.00000   1.00000;
setting subject to fsaverage
Writing  LTA to file transforms/talairach.auto.xfm.lta...
lta_convert successful.
 
 
Started at Wed Mar 11 03:50:35 CET 2026
Ended   at Wed Mar 11 03:52:03 CET 2026
talairach_avi done
