/out/sourcedata/freesurfer/sub-v2s13x29112_ses-1/mri
/opt/freesurfer/bin/talairach_avi
--i orig_nu.mgz --xfm transforms/talairach.auto.xfm
talairach_avi 7.3.2
Linux dna020 5.14.0-427.37.1.el9_4.x86_64 #1 SMP PREEMPT_DYNAMIC Fri Sep 13 12:41:50 EDT 2024 x86_64 x86_64 x86_64 GNU/Linux
Wed Mar 11 03:51:02 CET 2026
mri_convert orig_nu.mgz talsrcimg.img 
reading from orig_nu.mgz...
TR=0.00, TE=0.00, TI=0.00, flip angle=0.00
i_ras = (-1, 6.47877e-10, 0)
j_ras = (-2.07321e-09, -4.14641e-09, -1)
k_ras = (7.77452e-10, 1, 0)
writing to talsrcimg.img...
Analyze Output Matrix
-0.89844  -0.00000   0.00000   121.84532;
 0.00000  -0.00000   0.89844  -119.40551;
 0.00000  -0.89844   0.00000   151.65074;
 0.00000   0.00000   0.00000   1.00000;
--------------------
INFO: set hdr.hist.orient to -1
mpr2mni305 talsrcimg
Wed Mar 11 03:51:03 CET 2026
/opt/freesurfer/bin/mpr2mni305 talsrcimg
mpr2mni305 7.3.2
target=711-2C_as_mni_average_305

---------------------------------------------------------------------
analyzeto4dfp talsrcimg -O0 -y
---------------------------------------------------------------------

freesurfer ifh2hdr.c
Wed Mar 11 03:51:03 2026
Writing: talsrcimg.4dfp.hdr
freesurfer analyzeto4dfp.c
Reading: talsrcimg.hdr
header size 348 bytes
hdr.dime.datatype	offset=70	value=2
hdr.dime.bitpix		offset=72	value=8
hdr.hist.orient		offset=252	value=-1
dimensionality     4
dimensions       256       256       256         1
Reading: talsrcimg.img
Writing: talsrcimg.4dfp.img
Writing: talsrcimg.4dfp.ifh
ifh2hdr talsrcimg -r0to249
ori=2

---------------------------------------------------------------------
gauss_4dfp talsrcimg 1.1
---------------------------------------------------------------------

freesurfer gauss_4dfp.c
Reading: talsrcimg.4dfp.img
Writing: talsrcimg_g11.4dfp.img
image dimensions 256 256 256 padded to 288 288 288
processing volume 1freesurfer ifh2hdr.c
Wed Mar 11 03:51:05 2026
Writing: talsrcimg_g11.4dfp.hdr

Writing: talsrcimg_g11.4dfp.ifh
including: talsrcimg.4dfp.img.rec in talsrcimg_g11.4dfp.img.rec

---------------------------------------------------------------------
imgreg_4dfp /opt/freesurfer/average/711-2C_as_mni_average_305 none talsrcimg_g11 none talsrcimg_to_711-2C_as_mni_average_305_t4 4355
---------------------------------------------------------------------

freesurfer imgreg_4dfp.c
/opt/freesurfer/average/711-2C_as_mni_average_305.4dfp.img
       256       256       256         1
  1.000000  1.000000  1.000000
orientation T byte_order littleendian
Reading image: /opt/freesurfer/average/711-2C_as_mni_average_305.4dfp.img
dimensions:      256       256       256
mmppix:       1.0000   -1.0000   -1.0000
center:     128.0000 -129.0000 -129.0000
talsrcimg_g11.4dfp.img
       256       256       256         1
  0.898437  0.898437  0.898437
orientation T byte_order littleendian
Reading image: talsrcimg_g11.4dfp.img
dimensions:      256       256       256
mmppix:       0.8984   -0.8984   -0.8984
center:     114.9999 -115.8984 -115.8984
t4_read: open error in t4_sub.f l:  41 t4_file(1:l)talsrcimg_to_711-2C_as_mni_average_305_t4 
t4_read: transform initialized to I4
rotation matrix determinant  1.000000
image alignment mode   4355 decimal     1103 hex
   -7.5000  -45.0000  -45.0000 6206.4443   16.0730
    0.0000  -45.0000  -45.0000 6238.2104   16.0916
    7.5000  -45.0000  -45.0000 5884.5835   16.0631
   -7.5000  -37.5000  -45.0000 6628.8745   17.0561
    0.0000  -37.5000  -45.0000 6663.5776   17.0676
    7.5000  -37.5000  -45.0000 6280.2393   17.0314
   -7.5000  -30.0000  -45.0000 7047.2334   17.5811
    0.0000  -30.0000  -45.0000 7070.4028   17.5905
    7.5000  -30.0000  -45.0000 6647.3027   17.5558
   -7.5000  -22.5000  -45.0000 7502.7583   17.5935
    0.0000  -22.5000  -45.0000 7542.2417   17.6088
    7.5000  -22.5000  -45.0000 7096.3804   17.5832
   -7.5000  -15.0000  -45.0000 7941.3647   17.6212
    0.0000  -15.0000  -45.0000 8008.1021   17.6435
    7.5000  -15.0000  -45.0000 7529.6367   17.6228
   -7.5000   -7.5000  -45.0000 8036.4507   17.6336
    0.0000   -7.5000  -45.0000 8111.2871   17.6582
    7.5000   -7.5000  -45.0000 7643.8921   17.6347
   -7.5000    0.0000  -45.0000 8114.9399   17.6189
    0.0000    0.0000  -45.0000 8200.2031   17.6392
    7.5000    0.0000  -45.0000 7747.7197   17.6081
   -7.5000    7.5000  -45.0000 7778.2949   17.5938
    0.0000    7.5000  -45.0000 7858.2690   17.6056
    7.5000    7.5000  -45.0000 7418.9062   17.5684
   -7.5000   15.0000  -45.0000 7549.8110   17.5811
    0.0000   15.0000  -45.0000 7604.5303   17.5905
    7.5000   15.0000  -45.0000 7186.1675   17.5558
   -7.5000   22.5000  -45.0000 6905.6401   17.3568
    0.0000   22.5000  -45.0000 6958.7988   17.3719
    7.5000   22.5000  -45.0000 6565.7515   17.3466
   -7.5000   30.0000  -45.0000 6327.9561   16.9206
    0.0000   30.0000  -45.0000 6384.6582   16.9419
    7.5000   30.0000  -45.0000 5977.6821   16.9221
   -7.5000   37.5000  -45.0000 5770.4702   16.4930
    0.0000   37.5000  -45.0000 5816.9009   16.5162
    7.5000   37.5000  -45.0000 5467.2202   16.4936
   -7.5000   45.0000  -45.0000 5276.7217   16.4212
    0.0000   45.0000  -45.0000 5316.3608   16.4362
    7.5000   45.0000  -45.0000 4989.1035   16.4039
   -7.5000  -45.0000  -37.5000 6829.7188   16.8413
    0.0000  -45.0000  -37.5000 6861.7764   16.8641
    7.5000  -45.0000  -37.5000 6456.1006   16.8354
   -7.5000  -37.5000  -37.5000 7263.3979   17.8851
    0.0000  -37.5000  -37.5000 7293.2197   17.8989
    7.5000  -37.5000  -37.5000 6867.0586   17.8629
   -7.5000  -30.0000  -37.5000 7708.1362   18.4096
    0.0000  -30.0000  -37.5000 7722.1611   18.4202
    7.5000  -30.0000  -37.5000 7257.2920   18.3837
   -7.5000  -22.5000  -37.5000 8215.6826   18.4222
    0.0000  -22.5000  -37.5000 8227.8105   18.4395
    7.5000  -22.5000  -37.5000 7738.8848   18.4092
   -7.5000  -15.0000  -37.5000 8672.1748   18.4452
    0.0000  -15.0000  -37.5000 8705.2451   18.4721
    7.5000  -15.0000  -37.5000 8202.4150   18.4463
   -7.5000   -7.5000  -37.5000 8752.9463   18.4525
    0.0000   -7.5000  -37.5000 8822.5312   18.4834
    7.5000   -7.5000  -37.5000 8313.1445   18.4570
   -7.5000    0.0000  -37.5000 8824.5420   18.4376
    0.0000    0.0000  -37.5000 8907.0781   18.4625
    7.5000    0.0000  -37.5000 8410.7129   18.4311
   -7.5000    7.5000  -37.5000 8459.3389   18.4165
    0.0000    7.5000  -37.5000 8518.9316   18.4307
    7.5000    7.5000  -37.5000 8030.1084   18.3936
   -7.5000   15.0000  -37.5000 8194.4961   18.4088
    0.0000   15.0000  -37.5000 8239.6514   18.4194
    7.5000   15.0000  -37.5000 7774.4263   18.3829
   -7.5000   22.5000  -37.5000 7475.9624   18.1759
    0.0000   22.5000  -37.5000 7522.2642   18.1930
    7.5000   22.5000  -37.5000 7089.9238   18.1630
   -7.5000   30.0000  -37.5000 6814.2954   17.7244
    0.0000   30.0000  -37.5000 6858.9995   17.7502
    7.5000   30.0000  -37.5000 6450.3120   17.7254
   -7.5000   37.5000  -37.5000 6183.6826   17.2742
    0.0000   37.5000  -37.5000 6221.1753   17.3036
    7.5000   37.5000  -37.5000 5869.8682   17.2778
   -7.5000   45.0000  -37.5000 5645.6475   17.1766
    0.0000   45.0000  -37.5000 5679.9756   17.1960
    7.5000   45.0000  -37.5000 5358.7524   17.1642
   -7.5000  -45.0000  -30.0000 7429.1147   17.5850
    0.0000  -45.0000  -30.0000 7442.7148   17.6062
    7.5000  -45.0000  -30.0000 7004.5288   17.5772
   -7.5000  -37.5000  -30.0000 7871.9619   18.6802
    0.0000  -37.5000  -30.0000 7893.0015   18.6949
    7.5000  -37.5000  -30.0000 7437.6240   18.6619
   -7.5000  -30.0000  -30.0000 8328.3887   19.1991
    0.0000  -30.0000  -30.0000 8331.4258   19.2113
    7.5000  -30.0000  -30.0000 7861.7148   19.1793
   -7.5000  -22.5000  -30.0000 8882.9639   19.2119
    0.0000  -22.5000  -30.0000 8896.8857   19.2290
    7.5000  -22.5000  -30.0000 8397.5645   19.2013
   -7.5000  -15.0000  -30.0000 9386.2871   19.2376
    0.0000  -15.0000  -30.0000 9410.8066   19.2624
    7.5000  -15.0000  -30.0000 8881.5020   19.2362
   -7.5000   -7.5000  -30.0000 9459.1396   19.2473
    0.0000   -7.5000  -30.0000 9517.1904   19.2750
    7.5000   -7.5000  -30.0000 8974.5518   19.2470
   -7.5000    0.0000  -30.0000 9510.7959   19.2318
    0.0000    0.0000  -30.0000 9571.7578   19.2550
    7.5000    0.0000  -30.0000 9029.2158   19.2233
   -7.5000    7.5000  -30.0000 9077.7930   19.2061
    0.0000    7.5000  -30.0000 9114.7568   19.2212
    7.5000    7.5000  -30.0000 8602.0449   19.1873
   -7.5000   15.0000  -30.0000 8785.9404   19.1965
    0.0000   15.0000  -30.0000 8802.2461   19.2086
    7.5000   15.0000  -30.0000 8297.0322   19.1767
   -7.5000   22.5000  -30.0000 8019.0615   18.9559
    0.0000   22.5000  -30.0000 8038.8306   18.9727
    7.5000   22.5000  -30.0000 7585.4312   18.9454
   -7.5000   30.0000  -30.0000 7275.2729   18.4992
    0.0000   30.0000  -30.0000 7315.0674   18.5231
    7.5000   30.0000  -30.0000 6892.4292   18.4979
   -7.5000   37.5000  -30.0000 6598.4277   18.0438
    0.0000   37.5000  -30.0000 6635.2651   18.0701
    7.5000   37.5000  -30.0000 6251.6611   18.0425
   -7.5000   45.0000  -30.0000 6002.2476   17.9394
    0.0000   45.0000  -30.0000 6037.4258   17.9585
    7.5000   45.0000  -30.0000 5689.6626   17.9271
   -7.5000  -45.0000  -22.5000 7995.4268   18.3828
    0.0000  -45.0000  -22.5000 8023.9458   18.3982
    7.5000  -45.0000  -22.5000 7540.4219   18.3672
   -7.5000  -37.5000  -22.5000 8463.1904   19.5298
    0.0000  -37.5000  -22.5000 8481.9043   19.5425
    7.5000  -37.5000  -22.5000 7995.6421   19.5106
   -7.5000  -30.0000  -22.5000 8951.5449   20.0433
    0.0000  -30.0000  -22.5000 8965.6484   20.0545
    7.5000  -30.0000  -22.5000 8463.4297   20.0274
   -7.5000  -22.5000  -22.5000 9573.0742   20.0590
    0.0000  -22.5000  -22.5000 9586.5361   20.0727
    7.5000  -22.5000  -22.5000 9023.7051   20.0503
   -7.5000  -15.0000  -22.500010118.9697   20.0947
    0.0000  -15.0000  -22.500010141.7900   20.1122
    7.5000  -15.0000  -22.5000 9535.0107   20.0885
   -7.5000   -7.5000  -22.500010181.2656   20.1113
    0.0000   -7.5000  -22.500010209.6436   20.1300
    7.5000   -7.5000  -22.5000 9629.6191   20.1010
   -7.5000    0.0000  -22.500010217.0996   20.0929
    0.0000    0.0000  -22.500010252.5342   20.1097
    7.5000    0.0000  -22.5000 9656.8574   20.0758
   -7.5000    7.5000  -22.5000 9707.8076   20.0547
    0.0000    7.5000  -22.5000 9737.2432   20.0677
    7.5000    7.5000  -22.5000 9164.1309   20.0349
   -7.5000   15.0000  -22.5000 9375.8135   20.0385
    0.0000   15.0000  -22.5000 9399.4150   20.0497
    7.5000   15.0000  -22.5000 8849.2285   20.0226
   -7.5000   22.5000  -22.5000 8559.1846   19.7936
    0.0000   22.5000  -22.5000 8588.5361   19.8071
    7.5000   22.5000  -22.5000 8089.5415   19.7850
   -7.5000   30.0000  -22.5000 7764.7266   19.3377
    0.0000   30.0000  -22.5000 7781.3135   19.3545
    7.5000   30.0000  -22.5000 7341.7021   19.3317
   -7.5000   37.5000  -22.5000 7014.8975   18.8797
    0.0000   37.5000  -22.5000 7033.9966   18.8971
    7.5000   37.5000  -22.5000 6636.5889   18.8687
   -7.5000   45.0000  -22.5000 6359.0718   18.7890
    0.0000   45.0000  -22.5000 6371.0928   18.8031
    7.5000   45.0000  -22.5000 6017.0483   18.7697
   -7.5000  -45.0000  -15.0000 8522.5625   19.0805
    0.0000  -45.0000  -15.0000 8551.8281   19.0915
    7.5000  -45.0000  -15.0000 8046.3237   19.0578
   -7.5000  -37.5000  -15.0000 9037.3447   20.2637
    0.0000  -37.5000  -15.0000 9062.1045   20.2731
    7.5000  -37.5000  -15.0000 8528.4150   20.2374
   -7.5000  -30.0000  -15.0000 9562.0430   20.7713
    0.0000  -30.0000  -15.0000 9595.5508   20.7808
    7.5000  -30.0000  -15.0000 9030.5244   20.7523
   -7.5000  -22.5000  -15.000010213.3145   20.7875
    0.0000  -22.5000  -15.000010235.1396   20.7996
    7.5000  -22.5000  -15.0000 9612.7500   20.7799
   -7.5000  -15.0000  -15.000010787.1025   20.8302
    0.0000  -15.0000  -15.000010813.4004   20.8444
    7.5000  -15.0000  -15.000010144.1787   20.8243
   -7.5000   -7.5000  -15.000010868.3242   20.8535
    0.0000   -7.5000  -15.000010911.5186   20.8671
    7.5000   -7.5000  -15.000010228.2832   20.8389
   -7.5000    0.0000  -15.000010911.3281   20.8352
    0.0000    0.0000  -15.000010958.2705   20.8471
    7.5000    0.0000  -15.000010275.5684   20.8103
   -7.5000    7.5000  -15.000010343.5723   20.7881
    0.0000    7.5000  -15.000010381.6318   20.7977
    7.5000    7.5000  -15.0000 9728.6680   20.7611
   -7.5000   15.0000  -15.0000 9960.3125   20.7649
    0.0000   15.0000  -15.0000 9983.8359   20.7744
    7.5000   15.0000  -15.0000 9381.1445   20.7459
   -7.5000   22.5000  -15.0000 9059.2959   20.5155
    0.0000   22.5000  -15.0000 9089.7373   20.5276
    7.5000   22.5000  -15.0000 8575.6865   20.5081
   -7.5000   30.0000  -15.0000 8199.9229   20.0606
    0.0000   30.0000  -15.0000 8223.7852   20.0742
    7.5000   30.0000  -15.0000 7763.1758   20.0549
   -7.5000   37.5000  -15.0000 7384.2153   19.6040
    0.0000   37.5000  -15.0000 7402.8130   19.6162
    7.5000   37.5000  -15.0000 6993.4561   19.5890
   -7.5000   45.0000  -15.0000 6666.2749   19.5328
    0.0000   45.0000  -15.0000 6688.3745   19.5417
    7.5000   45.0000  -15.0000 6321.0513   19.5041
   -7.5000  -45.0000   -7.5000 8826.4072   19.0738
    0.0000  -45.0000   -7.5000 8842.0967   19.0869
    7.5000  -45.0000   -7.5000 8320.7324   19.0535
   -7.5000  -37.5000   -7.5000 9336.4072   20.2591
    0.0000  -37.5000   -7.5000 9360.7158   20.2681
    7.5000  -37.5000   -7.5000 8805.5791   20.2286
   -7.5000  -30.0000   -7.5000 9903.1357   20.7666
    0.0000  -30.0000   -7.5000 9930.6240   20.7754
    7.5000  -30.0000   -7.5000 9346.9268   20.7413
   -7.5000  -22.5000   -7.500010555.0107   20.7805
    0.0000  -22.5000   -7.500010583.1904   20.7943
    7.5000  -22.5000   -7.5000 9944.2197   20.7716
   -7.5000  -15.0000   -7.500011110.4131   20.8210
    0.0000  -15.0000   -7.500011159.5137   20.8386
    7.5000  -15.0000   -7.500010446.2549   20.8193
   -7.5000   -7.5000   -7.500011183.5986   20.8440
    0.0000   -7.5000   -7.500011240.4570   20.8616
    7.5000   -7.5000   -7.500010508.9336   20.8354
   -7.5000    0.0000   -7.500011223.6855   20.8278
    0.0000    0.0000   -7.500011283.7500   20.8421
    7.5000    0.0000   -7.500010538.2676   20.8056
   -7.5000    7.5000   -7.500010633.5791   20.7834
    0.0000    7.5000   -7.500010651.2168   20.7926
    7.5000    7.5000   -7.5000 9969.6338   20.7521
   -7.5000   15.0000   -7.500010232.5381   20.7602
    0.0000   15.0000   -7.500010234.6445   20.7690
    7.5000   15.0000   -7.5000 9601.9990   20.7349
   -7.5000   22.5000   -7.5000 9286.3018   20.5087
    0.0000   22.5000   -7.5000 9307.6406   20.5223
    7.5000   22.5000   -7.5000 8756.4463   20.4999
   -7.5000   30.0000   -7.5000 8404.1191   20.0516
    0.0000   30.0000   -7.5000 8417.5820   20.0686
    7.5000   30.0000   -7.5000 7922.9980   20.0500
   -7.5000   37.5000   -7.5000 7517.8779   19.5958
    0.0000   37.5000   -7.5000 7543.9316   19.6119
    7.5000   37.5000   -7.5000 7123.8442   19.5869
   -7.5000   45.0000   -7.5000 6762.0454   19.5263
    0.0000   45.0000   -7.5000 6790.8965   19.5361
    7.5000   45.0000   -7.5000 6423.7065   19.4980
   -7.5000  -45.0000    0.0000 8913.3252   19.4932
    0.0000  -45.0000    0.0000 8935.8594   19.5138
    7.5000  -45.0000    0.0000 8440.1494   19.4808
   -7.5000  -37.5000    0.0000 9402.1406   20.7056
    0.0000  -37.5000    0.0000 9417.8672   20.7174
    7.5000  -37.5000    0.0000 8912.2939   20.6750
   -7.5000  -30.0000    0.000010001.5107   21.2195
    0.0000  -30.0000    0.000010007.4746   21.2288
    7.5000  -30.0000    0.0000 9459.4277   21.1878
   -7.5000  -22.5000    0.000010738.7988   21.2340
    0.0000  -22.5000    0.000010772.9336   21.2503
    7.5000  -22.5000    0.000010119.9248   21.2198
   -7.5000  -15.0000    0.000011318.2295   21.2669
    0.0000  -15.0000    0.000011374.2168   21.2918
    7.5000  -15.0000    0.000010630.8809   21.2674
   -7.5000   -7.5000    0.000011339.3125   21.2818
    0.0000   -7.5000    0.000011389.5605   21.3096
    7.5000   -7.5000    0.000010634.5469   21.2824
   -7.5000    0.0000    0.000011333.5977   21.2647
    0.0000    0.0000    0.000011374.6094   21.2872
    7.5000    0.0000    0.000010630.4307   21.2511
   -7.5000    7.5000    0.000010662.1777   21.2273
    0.0000    7.5000    0.000010661.3242   21.2395
    7.5000    7.5000    0.000010001.5938   21.1960
   -7.5000   15.0000    0.000010264.6885   21.2120
    0.0000   15.0000    0.000010253.5303   21.2213
    7.5000   15.0000    0.0000 9605.5488   21.1803
   -7.5000   22.5000    0.0000 9319.1299   20.9592
    0.0000   22.5000    0.0000 9339.7881   20.9753
    7.5000   22.5000    0.0000 8749.8535   20.9452
   -7.5000   30.0000    0.0000 8450.0576   20.4935
    0.0000   30.0000    0.0000 8467.3945   20.5174
    7.5000   30.0000    0.0000 7950.1245   20.4940
   -7.5000   37.5000    0.0000 7573.5884   20.0344
    0.0000   37.5000    0.0000 7583.5220   20.0608
    7.5000   37.5000    0.0000 7136.0239   20.0344
   -7.5000   45.0000    0.0000 6789.3999   19.9726
    0.0000   45.0000    0.0000 6808.0610   19.9890
    7.5000   45.0000    0.0000 6419.3081   19.9513
   -7.5000  -45.0000    7.5000 8636.8506   19.4453
    0.0000  -45.0000    7.5000 8679.8203   19.4708
    7.5000  -45.0000    7.5000 8213.0693   19.4385
   -7.5000  -37.5000    7.5000 9087.1885   20.6617
    0.0000  -37.5000    7.5000 9112.5898   20.6770
    7.5000  -37.5000    7.5000 8655.2041   20.6363
   -7.5000  -30.0000    7.5000 9711.4854   21.1813
    0.0000  -30.0000    7.5000 9722.8682   21.1927
    7.5000  -30.0000    7.5000 9243.3408   21.1516
   -7.5000  -22.5000    7.500010505.0947   21.1952
    0.0000  -22.5000    7.500010600.8027   21.2143
    7.5000  -22.5000    7.5000 9925.7305   21.1802
   -7.5000  -15.0000    7.500011149.5234   21.2210
    0.0000  -15.0000    7.500011232.5684   21.2510
    7.5000  -15.0000    7.500010454.7207   21.2221
   -7.5000   -7.5000    7.500011147.5928   21.2292
    0.0000   -7.5000    7.500011198.7227   21.2638
    7.5000   -7.5000    7.500010438.0020   21.2342
   -7.5000    0.0000    7.500011049.4160   21.2125
    0.0000    0.0000    7.500011065.4502   21.2404
    7.5000    0.0000    7.500010387.6562   21.2051
   -7.5000    7.5000    7.500010312.4512   21.1824
    0.0000    7.5000    7.500010311.2627   21.1981
    7.5000    7.5000    7.5000 9697.2285   21.1564
   -7.5000   15.0000    7.5000 9897.3047   21.1738
    0.0000   15.0000    7.5000 9897.6514   21.1853
    7.5000   15.0000    7.5000 9278.7090   21.1441
   -7.5000   22.5000    7.5000 9032.7480   20.9209
    0.0000   22.5000    7.5000 9035.1514   20.9398
    7.5000   22.5000    7.5000 8453.7383   20.9061
   -7.5000   30.0000    7.5000 8190.8594   20.4493
    0.0000   30.0000    7.5000 8200.1680   20.4781
    7.5000   30.0000    7.5000 7676.7651   20.4503
   -7.5000   37.5000    7.5000 7339.5537   19.9872
    0.0000   37.5000    7.5000 7342.2686   20.0203
    7.5000   37.5000    7.5000 6896.8022   19.9912
   -7.5000   45.0000    7.5000 6597.1899   19.9213
    0.0000   45.0000    7.5000 6608.9976   19.9432
    7.5000   45.0000    7.5000 6215.5269   19.9072
   -7.5000  -45.0000   15.0000 8614.9355   19.4560
    0.0000  -45.0000   15.0000 8678.0439   19.4797
    7.5000  -45.0000   15.0000 8250.8623   19.4478
   -7.5000  -37.5000   15.0000 9049.3691   20.6703
    0.0000  -37.5000   15.0000 9089.2295   20.6868
    7.5000  -37.5000   15.0000 8703.2725   20.6506
   -7.5000  -30.0000   15.0000 9668.2578   21.1881
    0.0000  -30.0000   15.0000 9711.6318   21.2018
    7.5000  -30.0000   15.0000 9268.3018   21.1667
   -7.5000  -22.5000   15.000010414.6953   21.2022
    0.0000  -22.5000   15.000010544.8662   21.2213
    7.5000  -22.5000   15.0000 9913.6504   21.1909
   -7.5000  -15.0000   15.000011140.7686   21.2305
    0.0000  -15.0000   15.000011271.7217   21.2581
    7.5000  -15.0000   15.000010467.6221   21.2293
   -7.5000   -7.5000   15.000011261.2871   21.2412
    0.0000   -7.5000   15.000011305.9961   21.2720
    7.5000   -7.5000   15.000010516.2188   21.2413
   -7.5000    0.0000   15.000011135.3154   21.2241
    0.0000    0.0000   15.000011135.7246   21.2500
    7.5000    0.0000   15.000010445.4502   21.2153
   -7.5000    7.5000   15.000010331.5342   21.1912
    0.0000    7.5000   15.000010304.5322   21.2081
    7.5000    7.5000   15.0000 9712.9629   21.1710
   -7.5000   15.0000   15.0000 9857.1963   21.1806
    0.0000   15.0000   15.0000 9817.5703   21.1943
    7.5000   15.0000   15.0000 9264.6680   21.1592
   -7.5000   22.5000   15.0000 8995.3916   20.9278
    0.0000   22.5000   15.0000 8984.4463   20.9466
    7.5000   22.5000   15.0000 8463.3467   20.9166
   -7.5000   30.0000   15.0000 8167.7925   20.4584
    0.0000   30.0000   15.0000 8160.7358   20.4849
    7.5000   30.0000   15.0000 7680.9419   20.4573
   -7.5000   37.5000   15.0000 7311.3936   19.9977
    0.0000   37.5000   15.0000 7307.4878   20.0270
    7.5000   37.5000   15.0000 6895.2715   19.9967
   -7.5000   45.0000   15.0000 6564.6743   19.9321
    0.0000   45.0000   15.0000 6568.6021   19.9536
    7.5000   45.0000   15.0000 6198.5645   19.9190
   -7.5000  -45.0000   22.5000 8188.1172   19.5906
    0.0000  -45.0000   22.5000 8258.3389   19.6073
    7.5000  -45.0000   22.5000 7856.1426   19.5743
   -7.5000  -37.5000   22.5000 8642.5664   20.8036
    0.0000  -37.5000   22.5000 8700.0996   20.8175
    7.5000  -37.5000   22.5000 8297.8926   20.7834
   -7.5000  -30.0000   22.5000 9216.9795   21.3185
    0.0000  -30.0000   22.5000 9270.7275   21.3306
    7.5000  -30.0000   22.5000 8814.2236   21.3016
   -7.5000  -22.5000   22.5000 9859.3496   21.3356
    0.0000  -22.5000   22.5000 9946.8359   21.3501
    7.5000  -22.5000   22.5000 9396.6650   21.3261
   -7.5000  -15.0000   22.500010487.7656   21.3736
    0.0000  -15.0000   22.500010544.2178   21.3923
    7.5000  -15.0000   22.5000 9942.9082   21.3669
   -7.5000   -7.5000   22.500010626.3477   21.3909
    0.0000   -7.5000   22.500010649.8242   21.4112
    7.5000   -7.5000   22.500010027.3320   21.3801
   -7.5000    0.0000   22.500010567.9707   21.3710
    0.0000    0.0000   22.500010599.4121   21.3893
    7.5000    0.0000   22.5000 9976.4834   21.3533
   -7.5000    7.5000   22.5000 9797.7324   21.3279
    0.0000    7.5000   22.5000 9814.6113   21.3421
    7.5000    7.5000   22.5000 9244.3926   21.3072
   -7.5000   15.0000   22.5000 9313.7969   21.3110
    0.0000   15.0000   22.5000 9321.1904   21.3230
    7.5000   15.0000   22.5000 8801.0664   21.2940
   -7.5000   22.5000   22.5000 8486.6504   21.0595
    0.0000   22.5000   22.5000 8509.8125   21.0738
    7.5000   22.5000   22.5000 8030.0786   21.0501
   -7.5000   30.0000   22.5000 7703.3076   20.5962
    0.0000   30.0000   22.5000 7717.0718   20.6143
    7.5000   30.0000   22.5000 7289.3325   20.5898
   -7.5000   37.5000   22.5000 6884.8867   20.1363
    0.0000   37.5000   22.5000 6890.8813   20.1551
    7.5000   37.5000   22.5000 6522.3726   20.1247
   -7.5000   45.0000   22.5000 6176.2788   20.0747
    0.0000   45.0000   22.5000 6180.8149   20.0902
    7.5000   45.0000   22.5000 5863.4531   20.0544
   -7.5000  -45.0000   30.0000 7760.7573   19.7034
    0.0000  -45.0000   30.0000 7808.8804   19.7161
    7.5000  -45.0000   30.0000 7373.7158   19.6822
   -7.5000  -37.5000   30.0000 8209.4375   20.9263
    0.0000  -37.5000   30.0000 8250.1123   20.9371
    7.5000  -37.5000   30.0000 7806.8589   20.9009
   -7.5000  -30.0000   30.0000 8700.3115   21.4409
    0.0000  -30.0000   30.0000 8745.8438   21.4517
    7.5000  -30.0000   30.0000 8284.2705   21.4228
   -7.5000  -22.5000   30.0000 9252.6475   21.4579
    0.0000  -22.5000   30.0000 9301.2588   21.4717
    7.5000  -22.5000   30.0000 8833.6836   21.4520
   -7.5000  -15.0000   30.0000 9755.7920   21.5025
    0.0000  -15.0000   30.0000 9804.9199   21.5187
    7.5000  -15.0000   30.0000 9330.0537   21.4990
   -7.5000   -7.5000   30.0000 9842.6396   21.5266
    0.0000   -7.5000   30.0000 9876.9180   21.5423
    7.5000   -7.5000   30.0000 9392.2822   21.5143
   -7.5000    0.0000   30.0000 9836.9297   21.5072
    0.0000    0.0000   30.0000 9862.7900   21.5210
    7.5000    0.0000   30.0000 9370.2588   21.4841
   -7.5000    7.5000   30.0000 9182.5635   21.4573
    0.0000    7.5000   30.0000 9195.5801   21.4684
    7.5000    7.5000   30.0000 8717.7129   21.4312
   -7.5000   15.0000   30.0000 8767.7471   21.4333
    0.0000   15.0000   30.0000 8772.5586   21.4441
    7.5000   15.0000   30.0000 8302.8750   21.4152
   -7.5000   22.5000   30.0000 7987.6436   21.1783
    0.0000   22.5000   30.0000 7984.0815   21.1919
    7.5000   22.5000   30.0000 7548.7729   21.1725
   -7.5000   30.0000   30.0000 7210.4038   20.7300
    0.0000   30.0000   30.0000 7203.3262   20.7456
    7.5000   30.0000   30.0000 6817.6138   20.7266
   -7.5000   37.5000   30.0000 6427.4072   20.2818
    0.0000   37.5000   30.0000 6432.3799   20.2959
    7.5000   37.5000   30.0000 6094.7725   20.2690
   -7.5000   45.0000   30.0000 5752.7070   20.2411
    0.0000   45.0000   30.0000 5772.7573   20.2518
    7.5000   45.0000   30.0000 5466.2563   20.2138
   -7.5000  -45.0000   37.5000 7269.8804   19.7430
    0.0000  -45.0000   37.5000 7312.8477   19.7557
    7.5000  -45.0000   37.5000 6906.7573   19.7203
   -7.5000  -37.5000   37.5000 7681.0933   20.9828
    0.0000  -37.5000   37.5000 7727.2339   20.9905
    7.5000  -37.5000   37.5000 7314.7988   20.9475
   -7.5000  -30.0000   37.5000 8131.0977   21.4870
    0.0000  -30.0000   37.5000 8172.9634   21.4944
    7.5000  -30.0000   37.5000 7749.5215   21.4563
   -7.5000  -22.5000   37.5000 8641.5986   21.4961
    0.0000  -22.5000   37.5000 8685.2715   21.5094
    7.5000  -22.5000   37.5000 8270.2949   21.4837
   -7.5000  -15.0000   37.5000 9100.2227   21.5314
    0.0000  -15.0000   37.5000 9142.4170   21.5493
    7.5000  -15.0000   37.5000 8729.8252   21.5283
   -7.5000   -7.5000   37.5000 9162.3223   21.5537
    0.0000   -7.5000   37.5000 9211.9561   21.5715
    7.5000   -7.5000   37.5000 8767.1064   21.5440
   -7.5000    0.0000   37.5000 9171.5967   21.5422
    0.0000    0.0000   37.5000 9221.0703   21.5560
    7.5000    0.0000   37.5000 8756.1816   21.5174
   -7.5000    7.5000   37.5000 8553.6777   21.5020
    0.0000    7.5000   37.5000 8580.5391   21.5099
    7.5000    7.5000   37.5000 8152.9922   21.4657
   -7.5000   15.0000   37.5000 8189.2646   21.4791
    0.0000   15.0000   37.5000 8215.2783   21.4866
    7.5000   15.0000   37.5000 7793.2939   21.4485
   -7.5000   22.5000   37.5000 7470.9951   21.2124
    0.0000   22.5000   37.5000 7493.7871   21.2255
    7.5000   22.5000   37.5000 7086.5161   21.2001
   -7.5000   30.0000   37.5000 6734.0073   20.7577
    0.0000   30.0000   37.5000 6758.9927   20.7750
    7.5000   30.0000   37.5000 6393.3101   20.7548
   -7.5000   37.5000   37.5000 5999.9116   20.3077
    0.0000   37.5000   37.5000 6021.2432   20.3240
    7.5000   37.5000   37.5000 5709.8975   20.2978
   -7.5000   45.0000   37.5000 5366.3213   20.2643
    0.0000   45.0000   37.5000 5389.8330   20.2733
    7.5000   45.0000   37.5000 5108.8799   20.2328
   -7.5000  -45.0000   45.0000 6762.7603   19.8214
    0.0000  -45.0000   45.0000 6807.7036   19.8406
    7.5000  -45.0000   45.0000 6423.0645   19.8040
   -7.5000  -37.5000   45.0000 7130.5532   21.0769
    0.0000  -37.5000   45.0000 7187.5894   21.0867
    7.5000  -37.5000   45.0000 6784.1357   21.0387
   -7.5000  -30.0000   45.0000 7546.1099   21.5763
    0.0000  -30.0000   45.0000 7609.5444   21.5827
    7.5000  -30.0000   45.0000 7202.3081   21.5344
   -7.5000  -22.5000   45.0000 8012.3906   21.5910
    0.0000  -22.5000   45.0000 8070.3413   21.6044
    7.5000  -22.5000   45.0000 7674.2729   21.5665
   -7.5000  -15.0000   45.0000 8423.9219   21.6180
    0.0000  -15.0000   45.0000 8474.5977   21.6405
    7.5000  -15.0000   45.0000 8087.0176   21.6103
   -7.5000   -7.5000   45.0000 8487.9316   21.6265
    0.0000   -7.5000   45.0000 8537.5938   21.6526
    7.5000   -7.5000   45.0000 8146.9683   21.6212
   -7.5000    0.0000   45.0000 8526.5264   21.6091
    0.0000    0.0000   45.0000 8562.5742   21.6300
    7.5000    0.0000   45.0000 8145.5518   21.5900
   -7.5000    7.5000   45.0000 7964.1367   21.5776
    0.0000    7.5000   45.0000 7971.9165   21.5876
    7.5000    7.5000   45.0000 7584.3901   21.5385
   -7.5000   15.0000   45.0000 7619.8804   21.5682
    0.0000   15.0000   45.0000 7628.1411   21.5746
    7.5000   15.0000   45.0000 7238.8735   21.5263
   -7.5000   22.5000   45.0000 6954.8242   21.3031
    0.0000   22.5000   45.0000 6970.6011   21.3164
    7.5000   22.5000   45.0000 6602.9854   21.2790
   -7.5000   30.0000   45.0000 6262.3296   20.8391
    0.0000   30.0000   45.0000 6295.3677   20.8608
    7.5000   30.0000   45.0000 5960.4580   20.8317
   -7.5000   37.5000   45.0000 5591.4917   20.3630
    0.0000   37.5000   45.0000 5624.9517   20.3875
    7.5000   37.5000   45.0000 5318.2661   20.3574
   -7.5000   45.0000   45.0000 4997.2744   20.2992
    0.0000   45.0000   45.0000 5013.1929   20.3137
    7.5000   45.0000   45.0000 4753.7485   20.2724

---------------------------------------------------------------------
imgreg_4dfp /opt/freesurfer/average/711-2C_as_mni_average_305 /opt/freesurfer/average/711-2B_as_mni_average_305_mask talsrcimg_g11 none talsrcimg_to_711-2C_as_mni_average_305_t4 4355
---------------------------------------------------------------------

freesurfer imgreg_4dfp.c
/opt/freesurfer/average/711-2C_as_mni_average_305.4dfp.img
       256       256       256         1
  1.000000  1.000000  1.000000
orientation T byte_order littleendian
Reading image: /opt/freesurfer/average/711-2C_as_mni_average_305.4dfp.img
dimensions:      256       256       256
mmppix:       1.0000   -1.0000   -1.0000
center:     128.0000 -129.0000 -129.0000
/opt/freesurfer/average/711-2B_as_mni_average_305_mask.4dfp.img
       256       256       256         1
  1.000000  1.000000  1.000000
orientation T byte_order littleendian
Reading mask: /opt/freesurfer/average/711-2B_as_mni_average_305_mask.4dfp.img (2306576 pixels)
talsrcimg_g11.4dfp.img
       256       256       256         1
  0.898437  0.898437  0.898437
orientation T byte_order littleendian
Reading image: talsrcimg_g11.4dfp.img
dimensions:      256       256       256
mmppix:       0.8984   -0.8984   -0.8984
center:     114.9999 -115.8984 -115.8984
rotation matrix determinant  1.000000
image alignment mode   4355 decimal     1103 hex
   -7.5000  -52.5000  -45.0000 1852.7151   20.0604
    0.0000  -52.5000  -45.0000 1858.2826   20.0806
    7.5000  -52.5000  -45.0000 1832.0261   20.3973
   -7.5000  -45.0000  -45.0000 1951.9451   18.7141
    0.0000  -45.0000  -45.0000 1953.1129   18.7430
    7.5000  -45.0000  -45.0000 1929.4448   18.9871
   -7.5000  -37.5000  -45.0000 2009.9032   17.6529
    0.0000  -37.5000  -45.0000 2012.7360   17.6463
    7.5000  -37.5000  -45.0000 1988.2808   17.8512
   -7.5000  -30.0000  -45.0000 2050.2974   16.9236
    0.0000  -30.0000  -45.0000 2048.7285   16.8794
    7.5000  -30.0000  -45.0000 2021.1700   17.0802
   -7.5000  -22.5000  -45.0000 2053.1895   16.5393
    0.0000  -22.5000  -45.0000 2059.8538   16.4910
    7.5000  -22.5000  -45.0000 2036.6559   16.6873
   -7.5000  -15.0000  -45.0000 2050.8850   16.4627
    0.0000  -15.0000  -45.0000 2063.9180   16.4017
    7.5000  -15.0000  -45.0000 2041.6643   16.6456
   -7.5000   -7.5000  -45.0000 2043.3723   16.7046
    0.0000   -7.5000  -45.0000 2056.9915   16.6592
    7.5000   -7.5000  -45.0000 2032.2474   16.9221
   -7.5000    0.0000  -45.0000 2019.2544   17.2785
    0.0000    0.0000  -45.0000 2033.1571   17.2174
    7.5000    0.0000  -45.0000 2008.9312   17.5105
   -7.5000    7.5000  -45.0000 1977.8193   18.2623
    0.0000    7.5000  -45.0000 1994.8864   18.1746
    7.5000    7.5000  -45.0000 1969.3134   18.4378
   -7.5000   15.0000  -45.0000 1921.1713   19.6299
    0.0000   15.0000  -45.0000 1933.9171   19.5511
    7.5000   15.0000  -45.0000 1909.4910   19.7640
   -7.5000   22.5000  -45.0000 1840.6437   21.3648
    0.0000   22.5000  -45.0000 1853.3838   21.2990
    7.5000   22.5000  -45.0000 1827.4889   21.5775
   -7.5000   30.0000  -45.0000 1746.3800   23.5536
    0.0000   30.0000  -45.0000 1760.1256   23.5287
    7.5000   30.0000  -45.0000 1727.2336   23.9069
   -7.5000   37.5000  -45.0000 1617.9756   26.5105
    0.0000   37.5000  -45.0000 1633.8240   26.4941
    7.5000   37.5000  -45.0000 1612.4747   26.9026
   -7.5000  -52.5000  -37.5000 2015.9286   19.5564
    0.0000  -52.5000  -37.5000 2022.7595   19.5739
    7.5000  -52.5000  -37.5000 1990.7047   19.8067
   -7.5000  -45.0000  -37.5000 2125.7620   18.2505
    0.0000  -45.0000  -37.5000 2129.0618   18.2574
    7.5000  -45.0000  -37.5000 2098.4651   18.4741
   -7.5000  -37.5000  -37.5000 2185.7078   17.1711
    0.0000  -37.5000  -37.5000 2188.6802   17.1359
    7.5000  -37.5000  -37.5000 2160.5596   17.3244
   -7.5000  -30.0000  -37.5000 2227.7090   16.4104
    0.0000  -30.0000  -37.5000 2226.9692   16.3413
    7.5000  -30.0000  -37.5000 2193.7979   16.5620
   -7.5000  -22.5000  -37.5000 2238.0054   16.0557
    0.0000  -22.5000  -37.5000 2244.3623   15.9820
    7.5000  -22.5000  -37.5000 2210.1982   16.1933
   -7.5000  -15.0000  -37.5000 2229.2278   15.9491
    0.0000  -15.0000  -37.5000 2244.7327   15.9038
    7.5000  -15.0000  -37.5000 2215.8879   16.1379
   -7.5000   -7.5000  -37.5000 2216.8293   16.1815
    0.0000   -7.5000  -37.5000 2235.6443   16.1367
    7.5000   -7.5000  -37.5000 2208.2834   16.3910
   -7.5000    0.0000  -37.5000 2193.3296   16.6977
    0.0000    0.0000  -37.5000 2210.0715   16.6405
    7.5000    0.0000  -37.5000 2186.0679   16.9130
   -7.5000    7.5000  -37.5000 2153.7798   17.6188
    0.0000    7.5000  -37.5000 2169.1873   17.5442
    7.5000    7.5000  -37.5000 2139.9438   17.8364
   -7.5000   15.0000  -37.5000 2083.6985   18.9746
    0.0000   15.0000  -37.5000 2099.4414   18.8761
    7.5000   15.0000  -37.5000 2076.7710   19.1189
   -7.5000   22.5000  -37.5000 1998.3060   20.6812
    0.0000   22.5000  -37.5000 2014.0273   20.5795
    7.5000   22.5000  -37.5000 1983.7635   20.9085
   -7.5000   30.0000  -37.5000 1897.1115   22.8727
    0.0000   30.0000  -37.5000 1908.3293   22.8161
    7.5000   30.0000  -37.5000 1877.2252   23.1576
   -7.5000   37.5000  -37.5000 1755.8739   25.6609
    0.0000   37.5000  -37.5000 1764.3489   25.6317
    7.5000   37.5000  -37.5000 1746.2961   25.9643
   -7.5000  -52.5000  -30.0000 2161.7695   19.0573
    0.0000  -52.5000  -30.0000 2164.8000   19.0110
    7.5000  -52.5000  -30.0000 2130.5991   19.2581
   -7.5000  -45.0000  -30.0000 2276.0957   17.7108
    0.0000  -45.0000  -30.0000 2278.8206   17.6567
    7.5000  -45.0000  -30.0000 2245.8757   17.8820
   -7.5000  -37.5000  -30.0000 2337.5374   16.5880
    0.0000  -37.5000  -30.0000 2344.8452   16.4976
    7.5000  -37.5000  -30.0000 2313.6946   16.6938
   -7.5000  -30.0000  -30.0000 2379.5039   15.8243
    0.0000  -30.0000  -30.0000 2384.8987   15.7344
    7.5000  -30.0000  -30.0000 2354.2930   15.9488
   -7.5000  -22.5000  -30.0000 2402.8708   15.4639
    0.0000  -22.5000  -30.0000 2412.7095   15.3846
    7.5000  -22.5000  -30.0000 2380.8030   15.6043
   -7.5000  -15.0000  -30.0000 2399.6731   15.3722
    0.0000  -15.0000  -30.0000 2417.3987   15.3146
    7.5000  -15.0000  -30.0000 2391.3762   15.5461
   -7.5000   -7.5000  -30.0000 2389.5198   15.6005
    0.0000   -7.5000  -30.0000 2414.2781   15.5380
    7.5000   -7.5000  -30.0000 2381.6165   15.7719
   -7.5000    0.0000  -30.0000 2363.2444   16.1440
    0.0000    0.0000  -30.0000 2385.4250   16.0466
    7.5000    0.0000  -30.0000 2349.0115   16.3196
   -7.5000    7.5000  -30.0000 2314.4075   17.0366
    0.0000    7.5000  -30.0000 2328.9675   16.9226
    7.5000    7.5000  -30.0000 2299.2600   17.1850
   -7.5000   15.0000  -30.0000 2237.4060   18.3313
    0.0000   15.0000  -30.0000 2250.3293   18.1803
    7.5000   15.0000  -30.0000 2224.7214   18.4345
   -7.5000   22.5000  -30.0000 2143.5027   19.9649
    0.0000   22.5000  -30.0000 2154.7686   19.8462
    7.5000   22.5000  -30.0000 2123.5005   20.1521
   -7.5000   30.0000  -30.0000 2026.7239   22.0658
    0.0000   30.0000  -30.0000 2043.1528   21.9833
    7.5000   30.0000  -30.0000 2007.1720   22.2508
   -7.5000   37.5000  -30.0000 1880.9358   24.7500
    0.0000   37.5000  -30.0000 1897.6908   24.6725
    7.5000   37.5000  -30.0000 1869.3661   24.9696
   -7.5000  -52.5000  -22.5000 2275.5737   18.3150
    0.0000  -52.5000  -22.5000 2279.2422   18.2502
    7.5000  -52.5000  -22.5000 2238.9919   18.5101
   -7.5000  -45.0000  -22.5000 2393.9883   16.9761
    0.0000  -45.0000  -22.5000 2399.8513   16.9218
    7.5000  -45.0000  -22.5000 2359.3718   17.1307
   -7.5000  -37.5000  -22.5000 2459.4685   15.8893
    0.0000  -37.5000  -22.5000 2470.0657   15.8249
    7.5000  -37.5000  -22.5000 2439.3625   16.0199
   -7.5000  -30.0000  -22.5000 2510.8755   15.1502
    0.0000  -30.0000  -22.5000 2521.3406   15.0682
    7.5000  -30.0000  -22.5000 2491.6648   15.2647
   -7.5000  -22.5000  -22.5000 2550.5051   14.7543
    0.0000  -22.5000  -22.5000 2562.9973   14.6670
    7.5000  -22.5000  -22.5000 2528.9846   14.8964
   -7.5000  -15.0000  -22.5000 2562.1174   14.6881
    0.0000  -15.0000  -22.5000 2577.1812   14.6099
    7.5000  -15.0000  -22.5000 2542.2051   14.8121
   -7.5000   -7.5000  -22.5000 2549.2207   14.9179
    0.0000   -7.5000  -22.5000 2569.9426   14.8352
    7.5000   -7.5000  -22.5000 2539.0288   15.0618
   -7.5000    0.0000  -22.5000 2519.3518   15.4868
    0.0000    0.0000  -22.5000 2539.6812   15.3900
    7.5000    0.0000  -22.5000 2499.9570   15.6319
   -7.5000    7.5000  -22.5000 2460.8660   16.3632
    0.0000    7.5000  -22.5000 2482.7458   16.2262
    7.5000    7.5000  -22.5000 2441.4888   16.4581
   -7.5000   15.0000  -22.5000 2375.2502   17.5604
    0.0000   15.0000  -22.5000 2391.9485   17.4112
    7.5000   15.0000  -22.5000 2357.1738   17.6629
   -7.5000   22.5000  -22.5000 2273.6946   19.1407
    0.0000   22.5000  -22.5000 2286.5693   19.0291
    7.5000   22.5000  -22.5000 2250.4343   19.3043
   -7.5000   30.0000  -22.5000 2149.2583   21.2423
    0.0000   30.0000  -22.5000 2165.2971   21.1015
    7.5000   30.0000  -22.5000 2132.4272   21.3814
   -7.5000   37.5000  -22.5000 1991.2714   23.7617
    0.0000   37.5000  -22.5000 2013.2294   23.6419
    7.5000   37.5000  -22.5000 1978.8822   23.9380
   -7.5000  -52.5000  -15.0000 2347.1133   17.4847
    0.0000  -52.5000  -15.0000 2356.3362   17.4092
    7.5000  -52.5000  -15.0000 2318.3101   17.7188
   -7.5000  -45.0000  -15.0000 2475.7817   16.1825
    0.0000  -45.0000  -15.0000 2480.6450   16.0971
    7.5000  -45.0000  -15.0000 2447.0452   16.3355
   -7.5000  -37.5000  -15.0000 2560.3838   15.1345
    0.0000  -37.5000  -15.0000 2569.7769   15.0310
    7.5000  -37.5000  -15.0000 2537.7285   15.2379
   -7.5000  -30.0000  -15.0000 2618.2188   14.4087
    0.0000  -30.0000  -15.0000 2632.0759   14.3261
    7.5000  -30.0000  -15.0000 2602.2097   14.5115
   -7.5000  -22.5000  -15.0000 2667.3276   14.0227
    0.0000  -22.5000  -15.0000 2680.5012   13.9498
    7.5000  -22.5000  -15.0000 2643.3960   14.1350
   -7.5000  -15.0000  -15.0000 2686.5896   13.9260
    0.0000  -15.0000  -15.0000 2704.2981   13.8262
    7.5000  -15.0000  -15.0000 2664.1292   14.0597
   -7.5000   -7.5000  -15.0000 2684.7664   14.1555
    0.0000   -7.5000  -15.0000 2705.0549   14.0623
    7.5000   -7.5000  -15.0000 2662.9985   14.3063
   -7.5000    0.0000  -15.0000 2651.0833   14.7178
    0.0000    0.0000  -15.0000 2674.3997   14.6173
    7.5000    0.0000  -15.0000 2628.2861   14.8725
   -7.5000    7.5000  -15.0000 2586.5693   15.5877
    0.0000    7.5000  -15.0000 2612.8113   15.4439
    7.5000    7.5000  -15.0000 2565.6465   15.7142
   -7.5000   15.0000  -15.0000 2491.2073   16.7509
    0.0000   15.0000  -15.0000 2509.0017   16.5924
    7.5000   15.0000  -15.0000 2470.3752   16.8465
   -7.5000   22.5000  -15.0000 2372.3477   18.3006
    0.0000   22.5000  -15.0000 2382.3386   18.1479
    7.5000   22.5000  -15.0000 2354.0007   18.4159
   -7.5000   30.0000  -15.0000 2237.3750   20.3266
    0.0000   30.0000  -15.0000 2255.1777   20.1759
    7.5000   30.0000  -15.0000 2224.6284   20.4605
   -7.5000   37.5000  -15.0000 2071.1238   22.7544
    0.0000   37.5000  -15.0000 2088.9419   22.5926
    7.5000   37.5000  -15.0000 2059.8875   22.9072
   -7.5000  -52.5000   -7.5000 2385.7961   16.5931
    0.0000  -52.5000   -7.5000 2394.3333   16.5353
    7.5000  -52.5000   -7.5000 2362.5962   16.8808
   -7.5000  -45.0000   -7.5000 2525.8201   15.3447
    0.0000  -45.0000   -7.5000 2534.8811   15.2603
    7.5000  -45.0000   -7.5000 2497.6147   15.5287
   -7.5000  -37.5000   -7.5000 2628.2559   14.3037
    0.0000  -37.5000   -7.5000 2641.3042   14.2172
    7.5000  -37.5000   -7.5000 2601.5688   14.4584
   -7.5000  -30.0000   -7.5000 2701.6831   13.6042
    0.0000  -30.0000   -7.5000 2719.3523   13.5194
    7.5000  -30.0000   -7.5000 2686.6499   13.7252
   -7.5000  -22.5000   -7.5000 2756.2646   13.2387
    0.0000  -22.5000   -7.5000 2773.5427   13.1767
    7.5000  -22.5000   -7.5000 2737.5881   13.3664
   -7.5000  -15.0000   -7.5000 2783.0627   13.1208
    0.0000  -15.0000   -7.5000 2805.2788   13.0423
    7.5000  -15.0000   -7.5000 2755.3833   13.2701
   -7.5000   -7.5000   -7.5000 2781.6626   13.3038
    0.0000   -7.5000   -7.5000 2804.5234   13.2496
    7.5000   -7.5000   -7.5000 2754.6685   13.5030
   -7.5000    0.0000   -7.5000 2743.8145   13.8485
    0.0000    0.0000   -7.5000 2769.3762   13.7411
    7.5000    0.0000   -7.5000 2719.8015   14.0107
   -7.5000    7.5000   -7.5000 2671.7278   14.6793
    0.0000    7.5000   -7.5000 2693.6418   14.5610
    7.5000    7.5000   -7.5000 2651.5583   14.8195
   -7.5000   15.0000   -7.5000 2566.9846   15.8168
    0.0000   15.0000   -7.5000 2582.5569   15.7020
    7.5000   15.0000   -7.5000 2547.0518   15.9560
   -7.5000   22.5000   -7.5000 2437.0891   17.3740
    0.0000   22.5000   -7.5000 2450.0132   17.2445
    7.5000   22.5000   -7.5000 2415.3972   17.5367
   -7.5000   30.0000   -7.5000 2293.8494   19.3445
    0.0000   30.0000   -7.5000 2309.6741   19.1691
    7.5000   30.0000   -7.5000 2275.6013   19.5069
   -7.5000   37.5000   -7.5000 2119.8064   21.6480
    0.0000   37.5000   -7.5000 2136.4260   21.4519
    7.5000   37.5000   -7.5000 2106.2500   21.8120
   -7.5000  -52.5000    0.0000 2428.2925   16.0238
    0.0000  -52.5000    0.0000 2436.0432   16.0020
    7.5000  -52.5000    0.0000 2399.4011   16.4256
   -7.5000  -45.0000    0.0000 2571.8252   14.7678
    0.0000  -45.0000    0.0000 2580.9756   14.7106
    7.5000  -45.0000    0.0000 2541.8748   15.0997
   -7.5000  -37.5000    0.0000 2681.9016   13.7228
    0.0000  -37.5000    0.0000 2695.3879   13.6606
    7.5000  -37.5000    0.0000 2659.3665   14.0011
   -7.5000  -30.0000    0.0000 2778.9089   13.0538
    0.0000  -30.0000    0.0000 2797.9502   12.9718
    7.5000  -30.0000    0.0000 2752.5627   13.2474
   -7.5000  -22.5000    0.0000 2854.0605   12.7126
    0.0000  -22.5000    0.0000 2872.6812   12.6587
    7.5000  -22.5000    0.0000 2821.8879   12.8934
   -7.5000  -15.0000    0.0000 2893.6189   12.5834
    0.0000  -15.0000    0.0000 2921.9248   12.5497
    7.5000  -15.0000    0.0000 2856.3735   12.7987
   -7.5000   -7.5000    0.0000 2883.8201   12.7444
    0.0000   -7.5000    0.0000 2909.3481   12.6951
    7.5000   -7.5000    0.0000 2841.8196   13.0102
   -7.5000    0.0000    0.0000 2832.3171   13.2285
    0.0000    0.0000    0.0000 2856.4702   13.1355
    7.5000    0.0000    0.0000 2798.6111   13.4512
   -7.5000    7.5000    0.0000 2743.1689   14.0442
    0.0000    7.5000    0.0000 2765.3613   13.9225
    7.5000    7.5000    0.0000 2718.5227   14.2232
   -7.5000   15.0000    0.0000 2627.2549   15.2168
    0.0000   15.0000    0.0000 2647.1470   15.0957
    7.5000   15.0000    0.0000 2604.9307   15.4074
   -7.5000   22.5000    0.0000 2487.0256   16.7552
    0.0000   22.5000    0.0000 2506.8140   16.6265
    7.5000   22.5000    0.0000 2466.4785   16.9671
   -7.5000   30.0000    0.0000 2343.9573   18.6604
    0.0000   30.0000    0.0000 2363.4026   18.5162
    7.5000   30.0000    0.0000 2323.2166   18.8929
   -7.5000   37.5000    0.0000 2164.4353   20.8241
    0.0000   37.5000    0.0000 2180.3208   20.6806
    7.5000   37.5000    0.0000 2145.4321   21.1001
   -7.5000  -52.5000    7.5000 2440.7644   15.6446
    0.0000  -52.5000    7.5000 2449.7524   15.6275
    7.5000  -52.5000    7.5000 2412.8269   16.1433
   -7.5000  -45.0000    7.5000 2588.1079   14.3704
    0.0000  -45.0000    7.5000 2601.8157   14.3033
    7.5000  -45.0000    7.5000 2558.1868   14.7834
   -7.5000  -37.5000    7.5000 2707.3008   13.3131
    0.0000  -37.5000    7.5000 2723.6758   13.2514
    7.5000  -37.5000    7.5000 2681.1079   13.6666
   -7.5000  -30.0000    7.5000 2821.7654   12.6477
    0.0000  -30.0000    7.5000 2842.2085   12.5713
    7.5000  -30.0000    7.5000 2792.3967   12.9005
   -7.5000  -22.5000    7.5000 2917.6033   12.3200
    0.0000  -22.5000    7.5000 2943.5366   12.2766
    7.5000  -22.5000    7.5000 2879.7119   12.5487
   -7.5000  -15.0000    7.5000 2982.2849   12.2507
    0.0000  -15.0000    7.5000 3015.2825   12.2197
    7.5000  -15.0000    7.5000 2922.9060   12.4600
   -7.5000   -7.5000    7.5000 2968.1470   12.3605
    0.0000   -7.5000    7.5000 2999.1641   12.3387
    7.5000   -7.5000    7.5000 2903.4219   12.6284
   -7.5000    0.0000    7.5000 2883.1978   12.7960
    0.0000    0.0000    7.5000 2907.7759   12.7400
    7.5000    0.0000    7.5000 2843.3933   13.0398
   -7.5000    7.5000    7.5000 2777.2063   13.5890
    0.0000    7.5000    7.5000 2801.5146   13.4908
    7.5000    7.5000    7.5000 2750.0513   13.7979
   -7.5000   15.0000    7.5000 2649.7825   14.7172
    0.0000   15.0000    7.5000 2677.1826   14.6005
    7.5000   15.0000    7.5000 2628.1013   14.8952
   -7.5000   22.5000    7.5000 2512.2754   16.2529
    0.0000   22.5000    7.5000 2532.5864   16.1057
    7.5000   22.5000    7.5000 2490.4729   16.4352
   -7.5000   30.0000    7.5000 2360.6243   18.1332
    0.0000   30.0000    7.5000 2382.8083   17.9776
    7.5000   30.0000    7.5000 2340.3740   18.3075
   -7.5000   37.5000    7.5000 2177.0898   20.2772
    0.0000   37.5000    7.5000 2195.3347   20.0998
    7.5000   37.5000    7.5000 2163.0349   20.4945
   -7.5000  -52.5000   15.0000 2441.4502   15.5882
    0.0000  -52.5000   15.0000 2446.4719   15.5744
    7.5000  -52.5000   15.0000 2411.0522   16.1424
   -7.5000  -45.0000   15.0000 2580.7087   14.2624
    0.0000  -45.0000   15.0000 2595.5259   14.2238
    7.5000  -45.0000   15.0000 2552.3179   14.7505
   -7.5000  -37.5000   15.0000 2708.6074   13.1648
    0.0000  -37.5000   15.0000 2722.7061   13.1255
    7.5000  -37.5000   15.0000 2682.2852   13.5899
   -7.5000  -30.0000   15.0000 2832.7705   12.4617
    0.0000  -30.0000   15.0000 2851.7852   12.4029
    7.5000  -30.0000   15.0000 2805.3318   12.8041
   -7.5000  -22.5000   15.0000 2929.3386   12.1627
    0.0000  -22.5000   15.0000 2958.6265   12.1336
    7.5000  -22.5000   15.0000 2894.8467   12.4311
   -7.5000  -15.0000   15.0000 3004.0972   12.1245
    0.0000  -15.0000   15.0000 3038.3093   12.0998
    7.5000  -15.0000   15.0000 2937.3433   12.3236
   -7.5000   -7.5000   15.0000 2995.3784   12.3073
    0.0000   -7.5000   15.0000 3018.6255   12.2855
    7.5000   -7.5000   15.0000 2919.7598   12.4994
   -7.5000    0.0000   15.0000 2901.5176   12.7061
    0.0000    0.0000   15.0000 2924.4236   12.6636
    7.5000    0.0000   15.0000 2855.8037   12.9031
   -7.5000    7.5000   15.0000 2784.1660   13.4092
    0.0000    7.5000   15.0000 2807.4949   13.3349
    7.5000    7.5000   15.0000 2758.4834   13.6160
   -7.5000   15.0000   15.0000 2646.3652   14.5107
    0.0000   15.0000   15.0000 2670.0276   14.4131
    7.5000   15.0000   15.0000 2629.4333   14.6987
   -7.5000   22.5000   15.0000 2508.7673   15.9901
    0.0000   22.5000   15.0000 2526.5930   15.8662
    7.5000   22.5000   15.0000 2490.8718   16.1911
   -7.5000   30.0000   15.0000 2356.9731   17.8504
    0.0000   30.0000   15.0000 2373.5505   17.7061
    7.5000   30.0000   15.0000 2335.9282   18.0583
   -7.5000   37.5000   15.0000 2174.5295   20.0139
    0.0000   37.5000   15.0000 2190.2180   19.8698
    7.5000   37.5000   15.0000 2162.5742   20.2397
   -7.5000  -52.5000   22.5000 2428.0913   15.7375
    0.0000  -52.5000   22.5000 2437.0415   15.7226
    7.5000  -52.5000   22.5000 2396.9233   16.3154
   -7.5000  -45.0000   22.5000 2568.8440   14.4650
    0.0000  -45.0000   22.5000 2582.3545   14.4299
    7.5000  -45.0000   22.5000 2540.0576   14.9517
   -7.5000  -37.5000   22.5000 2692.5383   13.4204
    0.0000  -37.5000   22.5000 2709.3379   13.3653
    7.5000  -37.5000   22.5000 2669.2773   13.8209
   -7.5000  -30.0000   22.5000 2809.7275   12.7477
    0.0000  -30.0000   22.5000 2831.0032   12.6561
    7.5000  -30.0000   22.5000 2787.7703   13.0472
   -7.5000  -22.5000   22.5000 2892.9924   12.3895
    0.0000  -22.5000   22.5000 2923.5413   12.3236
    7.5000  -22.5000   22.5000 2866.2983   12.6081
   -7.5000  -15.0000   22.5000 2950.6482   12.2892
    0.0000  -15.0000   22.5000 2983.2412   12.2182
    7.5000  -15.0000   22.5000 2904.3701   12.5069
   -7.5000   -7.5000   22.5000 2943.2849   12.5150
    0.0000   -7.5000   22.5000 2964.2603   12.4338
    7.5000   -7.5000   22.5000 2890.9673   12.7106
   -7.5000    0.0000   22.5000 2863.4680   12.9899
    0.0000    0.0000   22.5000 2884.2866   12.9194
    7.5000    0.0000   22.5000 2825.9778   13.1487
   -7.5000    7.5000   22.5000 2752.8508   13.7088
    0.0000    7.5000   22.5000 2774.2603   13.6138
    7.5000    7.5000   22.5000 2730.5066   13.8494
   -7.5000   15.0000   22.5000 2617.9285   14.7089
    0.0000   15.0000   22.5000 2639.9333   14.6173
    7.5000   15.0000   22.5000 2606.1147   14.8514
   -7.5000   22.5000   22.5000 2482.7986   16.0831
    0.0000   22.5000   22.5000 2501.9846   15.9641
    7.5000   22.5000   22.5000 2471.3818   16.2478
   -7.5000   30.0000   22.5000 2337.3425   17.8353
    0.0000   30.0000   22.5000 2349.9973   17.6802
    7.5000   30.0000   22.5000 2321.3066   18.0189
   -7.5000   37.5000   22.5000 2149.3716   20.0204
    0.0000   37.5000   22.5000 2164.1052   19.8192
    7.5000   37.5000   22.5000 2141.3528   20.1825
   -7.5000  -52.5000   30.0000 2408.3176   16.2611
    0.0000  -52.5000   30.0000 2419.5720   16.1978
    7.5000  -52.5000   30.0000 2376.1511   16.7337
   -7.5000  -45.0000   30.0000 2547.3994   15.0363
    0.0000  -45.0000   30.0000 2560.1265   14.9710
    7.5000  -45.0000   30.0000 2514.7131   15.4216
   -7.5000  -37.5000   30.0000 2663.6333   14.0260
    0.0000  -37.5000   30.0000 2682.1345   13.9306
    7.5000  -37.5000   30.0000 2639.0625   14.3501
   -7.5000  -30.0000   30.0000 2761.0139   13.2686
    0.0000  -30.0000   30.0000 2782.2888   13.1620
    7.5000  -30.0000   30.0000 2741.9204   13.5282
   -7.5000  -22.5000   30.0000 2833.0413   12.8035
    0.0000  -22.5000   30.0000 2859.5977   12.6997
    7.5000  -22.5000   30.0000 2817.9907   13.0368
   -7.5000  -15.0000   30.0000 2869.2888   12.6886
    0.0000  -15.0000   30.0000 2903.2751   12.5601
    7.5000  -15.0000   30.0000 2850.0461   12.9263
   -7.5000   -7.5000   30.0000 2860.8960   12.8987
    0.0000   -7.5000   30.0000 2883.8459   12.7869
    7.5000   -7.5000   30.0000 2827.9985   13.1272
   -7.5000    0.0000   30.0000 2791.7349   13.3953
    0.0000    0.0000   30.0000 2810.2449   13.3025
    7.5000    0.0000   30.0000 2761.9221   13.5853
   -7.5000    7.5000   30.0000 2691.5027   14.1851
    0.0000    7.5000   30.0000 2712.1550   14.0734
    7.5000    7.5000   30.0000 2671.2051   14.3201
   -7.5000   15.0000   30.0000 2568.3337   15.2460
    0.0000   15.0000   30.0000 2590.7258   15.1209
    7.5000   15.0000   30.0000 2555.3235   15.3717
   -7.5000   22.5000   30.0000 2440.4138   16.5723
    0.0000   22.5000   30.0000 2458.7671   16.4285
    7.5000   22.5000   30.0000 2429.5164   16.6906
   -7.5000   30.0000   30.0000 2294.3132   18.2555
    0.0000   30.0000   30.0000 2312.4414   18.0933
    7.5000   30.0000   30.0000 2283.2759   18.4053
   -7.5000   37.5000   30.0000 2110.4590   20.3542
    0.0000   37.5000   30.0000 2128.8560   20.1404
    7.5000   37.5000   30.0000 2106.5161   20.4754
   -7.5000  -52.5000   37.5000 2372.4099   17.0095
    0.0000  -52.5000   37.5000 2380.9609   16.9378
    7.5000  -52.5000   37.5000 2338.0088   17.4013
   -7.5000  -45.0000   37.5000 2510.5439   15.7477
    0.0000  -45.0000   37.5000 2522.2947   15.6783
    7.5000  -45.0000   37.5000 2474.8481   16.1093
   -7.5000  -37.5000   37.5000 2621.2927   14.6764
    0.0000  -37.5000   37.5000 2638.7495   14.5946
    7.5000  -37.5000   37.5000 2594.9880   14.9916
   -7.5000  -30.0000   37.5000 2709.7822   13.8972
    0.0000  -30.0000   37.5000 2727.5095   13.7911
    7.5000  -30.0000   37.5000 2685.4004   14.1533
   -7.5000  -22.5000   37.5000 2769.8577   13.4417
    0.0000  -22.5000   37.5000 2791.7446   13.3156
    7.5000  -22.5000   37.5000 2751.8604   13.6892
   -7.5000  -15.0000   37.5000 2792.0693   13.3072
    0.0000  -15.0000   37.5000 2812.8457   13.1673
    7.5000  -15.0000   37.5000 2774.5107   13.5479
   -7.5000   -7.5000   37.5000 2766.6790   13.5003
    0.0000   -7.5000   37.5000 2785.2839   13.3951
    7.5000   -7.5000   37.5000 2743.7483   13.7441
   -7.5000    0.0000   37.5000 2696.7297   14.0094
    0.0000    0.0000   37.5000 2719.7161   13.9120
    7.5000    0.0000   37.5000 2676.0776   14.2006
   -7.5000    7.5000   37.5000 2603.9529   14.7994
    0.0000    7.5000   37.5000 2626.1282   14.6597
    7.5000    7.5000   37.5000 2592.8999   14.9306
   -7.5000   15.0000   37.5000 2501.3557   15.8359
    0.0000   15.0000   37.5000 2523.3232   15.6940
    7.5000   15.0000   37.5000 2492.6067   15.9582
   -7.5000   22.5000   37.5000 2381.3032   17.2008
    0.0000   22.5000   37.5000 2401.4346   17.0636
    7.5000   22.5000   37.5000 2371.0322   17.3454
   -7.5000   30.0000   37.5000 2234.0945   18.9225
    0.0000   30.0000   37.5000 2255.9761   18.7794
    7.5000   30.0000   37.5000 2232.3264   19.0558
   -7.5000   37.5000   37.5000 2061.4839   20.9901
    0.0000   37.5000   37.5000 2078.7766   20.7890
    7.5000   37.5000   37.5000 2056.6895   21.1614
   -7.5000  -52.5000   45.0000 2307.9609   17.7937
    0.0000  -52.5000   45.0000 2314.7263   17.7393
    7.5000  -52.5000   45.0000 2269.3555   18.1542
   -7.5000  -45.0000   45.0000 2435.8357   16.5005
    0.0000  -45.0000   45.0000 2448.3628   16.4429
    7.5000  -45.0000   45.0000 2403.3770   16.8552
   -7.5000  -37.5000   45.0000 2539.5933   15.4049
    0.0000  -37.5000   45.0000 2555.2551   15.3236
    7.5000  -37.5000   45.0000 2510.7810   15.7103
   -7.5000  -30.0000   45.0000 2615.6484   14.6217
    0.0000  -30.0000   45.0000 2637.4521   14.5317
    7.5000  -30.0000   45.0000 2594.8528   14.8792
   -7.5000  -22.5000   45.0000 2661.2273   14.1794
    0.0000  -22.5000   45.0000 2687.6707   14.0553
    7.5000  -22.5000   45.0000 2645.1135   14.4215
   -7.5000  -15.0000   45.0000 2673.8987   14.0396
    0.0000  -15.0000   45.0000 2691.1221   13.9245
    7.5000  -15.0000   45.0000 2659.6641   14.2879
   -7.5000   -7.5000   45.0000 2648.5469   14.2244
    0.0000   -7.5000   45.0000 2669.4807   14.1299
    7.5000   -7.5000   45.0000 2635.5779   14.4660
   -7.5000    0.0000   45.0000 2589.9744   14.7134
    0.0000    0.0000   45.0000 2608.4062   14.6004
    7.5000    0.0000   45.0000 2573.1169   14.9053
   -7.5000    7.5000   45.0000 2505.0691   15.4826
    0.0000    7.5000   45.0000 2519.7019   15.3394
    7.5000    7.5000   45.0000 2489.5781   15.6069
   -7.5000   15.0000   45.0000 2407.8701   16.5076
    0.0000   15.0000   45.0000 2424.9102   16.3410
    7.5000   15.0000   45.0000 2393.8962   16.5961
   -7.5000   22.5000   45.0000 2293.1238   17.8930
    0.0000   22.5000   45.0000 2310.7883   17.7227
    7.5000   22.5000   45.0000 2282.2124   17.9771
   -7.5000   30.0000   45.0000 2152.7295   19.6306
    0.0000   30.0000   45.0000 2171.2620   19.4989
    7.5000   30.0000   45.0000 2148.3115   19.7725
   -7.5000   37.5000   45.0000 1989.3649   21.7173
    0.0000   37.5000   45.0000 2006.4884   21.5320
    7.5000   37.5000   45.0000 1983.9523   21.8965

---------------------------------------------------------------------
imgreg_4dfp /opt/freesurfer/average/711-2C_as_mni_average_305 /opt/freesurfer/average/711-2B_as_mni_average_305_mask talsrcimg_g11 none talsrcimg_to_711-2C_as_mni_average_305_t4 1283
---------------------------------------------------------------------

freesurfer imgreg_4dfp.c
/opt/freesurfer/average/711-2C_as_mni_average_305.4dfp.img
       256       256       256         1
  1.000000  1.000000  1.000000
orientation T byte_order littleendian
Reading image: /opt/freesurfer/average/711-2C_as_mni_average_305.4dfp.img
dimensions:      256       256       256
mmppix:       1.0000   -1.0000   -1.0000
center:     128.0000 -129.0000 -129.0000
/opt/freesurfer/average/711-2B_as_mni_average_305_mask.4dfp.img
       256       256       256         1
  1.000000  1.000000  1.000000
orientation T byte_order littleendian
Reading mask: /opt/freesurfer/average/711-2B_as_mni_average_305_mask.4dfp.img (2306576 pixels)
talsrcimg_g11.4dfp.img
       256       256       256         1
  0.898437  0.898437  0.898437
orientation T byte_order littleendian
Reading image: talsrcimg_g11.4dfp.img
dimensions:      256       256       256
mmppix:       0.8984   -0.8984   -0.8984
center:     114.9999 -115.8984 -115.8984
rotation matrix determinant  1.000000
fimgreg.f
image alignment mode   1283 decimal      503 hex
parameters
    0.0000  -15.0000   15.0000    0.0000    0.0000    0.0000
eta,q 0.95242 12.10255
niter,ni,del,rscale     5    3   12.0000    1.2000
parameter  2 -0.540584 -> -0.500000 qaram    1.1500
parameter  6  0.511816 ->  0.500000 qaram    1.1500
parameters
   -2.1858  -11.5500   13.1579   -1.5704   -0.0695   -3.4500
eta,q 0.96201 12.13006
  0.0501  0.0688  0.0458  0.0438  0.0482  0.0396
  0.0461  0.0594  0.0430  0.0405  0.0427  0.0382
  0.0453  0.0510  0.0407  0.0395  0.0400  0.0379
  0.0469  0.0453  0.0417  0.0407  0.0395  0.0395
  0.0510  0.0423  0.0454  0.0428  0.0406  0.0424
  0.0592  0.0419  0.0512  0.0454  0.0435  0.0462
  0.0718  0.0448  0.0585  0.0494  0.0481  0.0507
niter,ni,del,rscale     6    3   12.0000    1.2000
parameters
   -2.4528  -11.3595   13.0117   -1.6118    0.3845   -3.6751
eta,q 0.96213 12.14628
  0.0540  0.0600  0.0478  0.0453  0.0479  0.0437
  0.0439  0.0480  0.0445  0.0407  0.0421  0.0409
  0.0379  0.0398  0.0407  0.0381  0.0389  0.0391
  0.0380  0.0377  0.0378  0.0378  0.0378  0.0378
  0.0412  0.0406  0.0393  0.0392  0.0383  0.0383
  0.0465  0.0477  0.0435  0.0413  0.0406  0.0411
  0.0558  0.0565  0.0506  0.0448  0.0450  0.0452
niter,ni,del,rscale     5    3   12.0000    1.2000
parameters
   -2.5837  -11.2920   12.9996   -1.5679    0.4947   -3.7144
eta,q 0.96220 12.14951
  0.0551  0.0593  0.0481  0.0451  0.0468  0.0439
  0.0445  0.0472  0.0446  0.0405  0.0415  0.0411
  0.0380  0.0393  0.0409  0.0382  0.0387  0.0392
  0.0379  0.0377  0.0378  0.0378  0.0378  0.0378
  0.0412  0.0409  0.0388  0.0389  0.0386  0.0381
  0.0463  0.0481  0.0430  0.0408  0.0412  0.0407
  0.0552  0.0569  0.0501  0.0443  0.0460  0.0447
niter,ni,del,rscale     4    3   12.0000    1.2000
parameters
   -2.6153  -11.2895   13.0021   -1.5497    0.5214   -3.7262
eta,q 0.96223 12.15001
  0.0557  0.0588  0.0481  0.0449  0.0466  0.0440
  0.0450  0.0468  0.0446  0.0404  0.0413  0.0411
  0.0382  0.0392  0.0409  0.0381  0.0386  0.0392
  0.0378  0.0378  0.0378  0.0378  0.0378  0.0378
  0.0411  0.0411  0.0387  0.0389  0.0386  0.0381
  0.0460  0.0483  0.0429  0.0408  0.0414  0.0407
  0.0546  0.0571  0.0500  0.0443  0.0463  0.0447
registration optimization eta report
parameter search radius
    6.0000    6.9000    6.0000    6.0000    6.0000    6.9000
100000*second partial in parameter space
       48.       42.       30.       19.       24.       14.
  0.0557  0.0588  0.0481  0.0449  0.0466  0.0440
  0.0450  0.0468  0.0446  0.0404  0.0413  0.0411
  0.0382  0.0392  0.0409  0.0381  0.0386  0.0392
  0.0378  0.0378  0.0378  0.0378  0.0378  0.0378
  0.0411  0.0411  0.0387  0.0389  0.0386  0.0381
  0.0460  0.0483  0.0429  0.0408  0.0414  0.0407
  0.0546  0.0571  0.0500  0.0443  0.0463  0.0447
   -2.6153  -11.2895   13.0021   -1.5497    0.5214   -3.7262
eta,q 0.96223 12.15001

---------------------------------------------------------------------
imgreg_4dfp /opt/freesurfer/average/711-2C_as_mni_average_305 /opt/freesurfer/average/711-2B_as_mni_average_305_mask talsrcimg_g11 none talsrcimg_to_711-2C_as_mni_average_305_t4 3335
---------------------------------------------------------------------

freesurfer imgreg_4dfp.c
/opt/freesurfer/average/711-2C_as_mni_average_305.4dfp.img
       256       256       256         1
  1.000000  1.000000  1.000000
orientation T byte_order littleendian
Reading image: /opt/freesurfer/average/711-2C_as_mni_average_305.4dfp.img
dimensions:      256       256       256
mmppix:       1.0000   -1.0000   -1.0000
center:     128.0000 -129.0000 -129.0000
/opt/freesurfer/average/711-2B_as_mni_average_305_mask.4dfp.img
       256       256       256         1
  1.000000  1.000000  1.000000
orientation T byte_order littleendian
Reading mask: /opt/freesurfer/average/711-2B_as_mni_average_305_mask.4dfp.img (2306576 pixels)
talsrcimg_g11.4dfp.img
       256       256       256         1
  0.898437  0.898437  0.898437
orientation T byte_order littleendian
Reading image: talsrcimg_g11.4dfp.img
dimensions:      256       256       256
mmppix:       0.8984   -0.8984   -0.8984
center:     114.9999 -115.8984 -115.8984
fimgreg.f
image alignment mode   3335 decimal      D07 hex
parameters
   -2.6153  -11.2895   13.0021   -0.2155   -0.2495   -0.0407
    6.5211   -0.7319   -6.4986    2.7578    0.9099   -2.7043
eta,q 0.96352 12.13347
niter,ni,del,rscale     5    3    5.0000    1.2000
parameter  4  0.828810 ->  0.500000 qaram    1.1500
parameter  5  1.644060 ->  0.500000 qaram    1.1500
parameter  6  0.910768 ->  0.500000 qaram    1.1500
parameters
   -2.5874  -11.1320   13.0875   -4.3555   -4.3895   -4.1807
    7.2168   -1.0242   -4.4869    1.8204    0.9868   -2.6888
eta,q 0.97342 11.52970
  0.0402  0.0396  0.0388  0.0343  0.0287  0.0265  0.0306  0.0316  0.0304  0.0297  0.0283  0.0285
  0.0382  0.0381  0.0375  0.0343  0.0300  0.0267  0.0287  0.0290  0.0288  0.0278  0.0274  0.0274
  0.0369  0.0370  0.0367  0.0350  0.0318  0.0278  0.0274  0.0273  0.0276  0.0268  0.0268  0.0268
  0.0365  0.0365  0.0365  0.0365  0.0345  0.0304  0.0269  0.0268  0.0268  0.0266  0.0266  0.0266
  0.0368  0.0366  0.0366  0.0386  0.0379  0.0342  0.0271  0.0275  0.0267  0.0275  0.0268  0.0268
  0.0380  0.0375  0.0373  0.0413  0.0416  0.0388  0.0279  0.0295  0.0270  0.0293  0.0273  0.0274
  0.0401  0.0390  0.0385  0.0450  0.0455  0.0442  0.0294  0.0325  0.0279  0.0318  0.0282  0.0285
niter,ni,del,rscale     7    3    5.0000    1.2000
parameter  5  0.663173 ->  0.500000 qaram    1.3225
parameters
   -2.6370  -11.5535   12.7993   -5.8215   -9.1505   -7.4285
    6.7456   -1.0990   -4.7576    1.7802    1.1758   -2.4153
eta,q 0.97561 11.00015
  0.0304  0.0287  0.0284  0.0287  0.0250  0.0256  0.0271  0.0290  0.0262  0.0278  0.0258  0.0262
  0.0283  0.0273  0.0272  0.0273  0.0246  0.0247  0.0255  0.0265  0.0252  0.0259  0.0251  0.0253
  0.0270  0.0266  0.0266  0.0265  0.0250  0.0244  0.0246  0.0249  0.0246  0.0248  0.0246  0.0247
  0.0266  0.0266  0.0265  0.0264  0.0264  0.0246  0.0244  0.0244  0.0244  0.0244  0.0244  0.0244
  0.0271  0.0273  0.0270  0.0272  0.0287  0.0263  0.0249  0.0250  0.0247  0.0248  0.0245  0.0245
  0.0285  0.0288  0.0280  0.0288  0.0321  0.0300  0.0261  0.0266  0.0254  0.0260  0.0250  0.0251
  0.0308  0.0309  0.0296  0.0313  0.0362  0.0347  0.0279  0.0291  0.0265  0.0279  0.0257  0.0260
niter,ni,del,rscale     7    3    5.0000    1.2000
parameters
   -2.6009  -11.6807   12.7175   -5.7443  -10.5000   -8.0248
    6.6887   -1.1178   -4.8687    1.5622    1.2346   -2.6745
eta,q 0.97554 10.88848
  0.0283  0.0271  0.0263  0.0273  0.0274  0.0274  0.0274  0.0290  0.0262  0.0274  0.0258  0.0259
  0.0262  0.0255  0.0252  0.0258  0.0258  0.0257  0.0258  0.0266  0.0252  0.0257  0.0251  0.0251
  0.0249  0.0246  0.0245  0.0248  0.0247  0.0247  0.0248  0.0250  0.0247  0.0247  0.0247  0.0246
  0.0244  0.0244  0.0244  0.0244  0.0244  0.0244  0.0245  0.0245  0.0245  0.0245  0.0245  0.0245
  0.0248  0.0249  0.0247  0.0246  0.0251  0.0245  0.0248  0.0250  0.0247  0.0249  0.0246  0.0247
  0.0260  0.0260  0.0254  0.0256  0.0271  0.0259  0.0258  0.0266  0.0253  0.0260  0.0250  0.0253
  0.0281  0.0276  0.0265  0.0273  0.0304  0.0292  0.0275  0.0290  0.0263  0.0278  0.0258  0.0261
niter,ni,del,rscale     6    3    5.0000    1.2000
parameters
   -2.5927  -11.6593   12.7768   -5.9120  -10.6594   -7.9610
    6.6676   -1.1360   -4.9127    1.5838    1.2130   -2.7286
eta,q 0.97552 10.87395
  0.0282  0.0273  0.0265  0.0272  0.0282  0.0279  0.0274  0.0290  0.0262  0.0276  0.0257  0.0260
  0.0262  0.0257  0.0254  0.0257  0.0263  0.0260  0.0258  0.0266  0.0253  0.0258  0.0251  0.0252
  0.0249  0.0247  0.0247  0.0248  0.0250  0.0249  0.0248  0.0250  0.0247  0.0248  0.0247  0.0247
  0.0245  0.0245  0.0245  0.0245  0.0245  0.0245  0.0245  0.0245  0.0245  0.0245  0.0245  0.0245
  0.0249  0.0248  0.0247  0.0247  0.0247  0.0245  0.0248  0.0250  0.0247  0.0248  0.0246  0.0247
  0.0261  0.0257  0.0253  0.0258  0.0261  0.0254  0.0258  0.0266  0.0253  0.0259  0.0251  0.0252
  0.0282  0.0271  0.0262  0.0275  0.0288  0.0283  0.0275  0.0290  0.0263  0.0276  0.0258  0.0260
niter,ni,del,rscale     5    3    5.0000    1.2000
parameters
   -2.5926  -11.6485   12.8025   -5.9213  -10.6767   -7.9425
    6.6650   -1.1351   -4.9075    1.5920    1.1935   -2.7279
eta,q 0.97553 10.87364
  0.0282  0.0273  0.0264  0.0273  0.0283  0.0279  0.0275  0.0290  0.0263  0.0276  0.0257  0.0260
  0.0262  0.0257  0.0253  0.0258  0.0263  0.0260  0.0258  0.0266  0.0253  0.0258  0.0251  0.0252
  0.0249  0.0247  0.0247  0.0248  0.0251  0.0249  0.0248  0.0250  0.0247  0.0248  0.0247  0.0247
  0.0245  0.0245  0.0245  0.0245  0.0245  0.0245  0.0245  0.0245  0.0245  0.0245  0.0245  0.0245
  0.0249  0.0248  0.0247  0.0247  0.0247  0.0245  0.0248  0.0250  0.0247  0.0248  0.0246  0.0247
  0.0261  0.0257  0.0253  0.0257  0.0260  0.0254  0.0258  0.0266  0.0253  0.0259  0.0251  0.0252
  0.0282  0.0271  0.0263  0.0274  0.0287  0.0283  0.0274  0.0290  0.0263  0.0276  0.0258  0.0260
niter,ni,del,rscale     4    3    5.0000    1.2000
parameters
   -2.5923  -11.6477   12.8049   -5.9234  -10.6743   -7.9431
    6.6608   -1.1344   -4.9058    1.5872    1.1987   -2.7264
eta,q 0.97552 10.87360
  0.0282  0.0272  0.0264  0.0273  0.0283  0.0279  0.0275  0.0290  0.0263  0.0276  0.0257  0.0260
  0.0262  0.0257  0.0253  0.0258  0.0264  0.0260  0.0258  0.0266  0.0253  0.0258  0.0251  0.0252
  0.0249  0.0247  0.0247  0.0248  0.0251  0.0249  0.0248  0.0250  0.0247  0.0248  0.0247  0.0247
  0.0245  0.0245  0.0245  0.0245  0.0245  0.0245  0.0245  0.0245  0.0245  0.0245  0.0245  0.0245
  0.0249  0.0248  0.0247  0.0247  0.0247  0.0245  0.0248  0.0250  0.0247  0.0248  0.0246  0.0247
  0.0261  0.0257  0.0253  0.0257  0.0260  0.0255  0.0258  0.0266  0.0253  0.0259  0.0251  0.0252
  0.0282  0.0272  0.0263  0.0274  0.0287  0.0283  0.0275  0.0290  0.0263  0.0276  0.0258  0.0260
registration optimization eta report
parameter search radius
    2.4000    2.4000    2.4000    8.2800    9.5220    8.2800
    7.2000    7.2000    7.2000    7.2000    7.2000    7.2000
100000*second partial in parameter space
       65.       47.       33.        4.        4.        5.
        6.        9.        3.        6.        2.        3.
  0.0282  0.0272  0.0264  0.0273  0.0283  0.0279  0.0275  0.0290  0.0263  0.0276  0.0257  0.0260
  0.0262  0.0257  0.0253  0.0258  0.0264  0.0260  0.0258  0.0266  0.0253  0.0258  0.0251  0.0252
  0.0249  0.0247  0.0247  0.0248  0.0251  0.0249  0.0248  0.0250  0.0247  0.0248  0.0247  0.0247
  0.0245  0.0245  0.0245  0.0245  0.0245  0.0245  0.0245  0.0245  0.0245  0.0245  0.0245  0.0245
  0.0249  0.0248  0.0247  0.0247  0.0247  0.0245  0.0248  0.0250  0.0247  0.0248  0.0246  0.0247
  0.0261  0.0257  0.0253  0.0257  0.0260  0.0255  0.0258  0.0266  0.0253  0.0259  0.0251  0.0252
  0.0282  0.0272  0.0263  0.0274  0.0287  0.0283  0.0275  0.0290  0.0263  0.0276  0.0258  0.0260
   -2.5923  -11.6477   12.8049   -5.9234  -10.6743   -7.9431
    6.6608   -1.1344   -4.9058    1.5872    1.1987   -2.7264
eta,q 0.97552 10.87360

---------------------------------------------------------------------
imgreg_4dfp /opt/freesurfer/average/711-2C_as_mni_average_305 /opt/freesurfer/average/711-2B_as_mni_average_305_mask talsrcimg_g11 none talsrcimg_to_711-2C_as_mni_average_305_t4 2311
---------------------------------------------------------------------

freesurfer imgreg_4dfp.c
/opt/freesurfer/average/711-2C_as_mni_average_305.4dfp.img
       256       256       256         1
  1.000000  1.000000  1.000000
orientation T byte_order littleendian
Reading image: /opt/freesurfer/average/711-2C_as_mni_average_305.4dfp.img
dimensions:      256       256       256
mmppix:       1.0000   -1.0000   -1.0000
center:     128.0000 -129.0000 -129.0000
/opt/freesurfer/average/711-2B_as_mni_average_305_mask.4dfp.img
       256       256       256         1
  1.000000  1.000000  1.000000
orientation T byte_order littleendian
Reading mask: /opt/freesurfer/average/711-2B_as_mni_average_305_mask.4dfp.img (2306576 pixels)
talsrcimg_g11.4dfp.img
       256       256       256         1
  0.898437  0.898437  0.898437
orientation T byte_order littleendian
Reading image: talsrcimg_g11.4dfp.img
dimensions:      256       256       256
mmppix:       0.8984   -0.8984   -0.8984
center:     114.9999 -115.8984 -115.8984
fimgreg.f
image alignment mode   2311 decimal      907 hex
parameters
   -2.5923  -11.6477   12.8049   -5.9234  -10.6743   -7.9431
    6.6608   -1.1344   -4.9058    1.5872    1.1987   -2.7264
eta,q 0.97553 10.87361
niter,ni,del,rscale     5    3    5.0000    0.8000
parameters
   -2.5858  -11.6817   12.7807   -5.7303   -9.9671   -7.0876
    6.7183   -1.0907   -4.8040    1.8399    1.3675   -2.4287
eta,q 0.97565 10.97752
  0.0262  0.0257  0.0253  0.0255  0.0257  0.0256  0.0258  0.0266  0.0253  0.0260  0.0250  0.0252
  0.0252  0.0250  0.0248  0.0250  0.0251  0.0250  0.0250  0.0253  0.0248  0.0252  0.0247  0.0248
  0.0247  0.0246  0.0246  0.0246  0.0247  0.0246  0.0245  0.0246  0.0245  0.0246  0.0245  0.0245
  0.0245  0.0245  0.0245  0.0245  0.0245  0.0244  0.0244  0.0244  0.0244  0.0244  0.0244  0.0244
  0.0246  0.0246  0.0246  0.0245  0.0244  0.0243  0.0245  0.0246  0.0245  0.0245  0.0244  0.0244
  0.0252  0.0251  0.0249  0.0248  0.0246  0.0245  0.0250  0.0253  0.0247  0.0249  0.0246  0.0247
  0.0261  0.0257  0.0253  0.0254  0.0252  0.0250  0.0257  0.0265  0.0252  0.0257  0.0250  0.0251
niter,ni,del,rscale     4    3    5.0000    0.7000
parameters
   -2.6021  -11.7492   12.7676   -5.4375   -9.7793   -6.9596
    6.7698   -1.0733   -4.7657    1.8484    1.4512   -2.2527
eta,q 0.97568 11.01181
  0.0256  0.0253  0.0251  0.0252  0.0252  0.0251  0.0254  0.0260  0.0250  0.0255  0.0248  0.0250
  0.0249  0.0247  0.0246  0.0248  0.0248  0.0247  0.0248  0.0250  0.0246  0.0249  0.0246  0.0247
  0.0245  0.0244  0.0244  0.0245  0.0245  0.0245  0.0244  0.0245  0.0244  0.0245  0.0244  0.0244
  0.0244  0.0243  0.0243  0.0243  0.0243  0.0243  0.0243  0.0243  0.0243  0.0243  0.0243  0.0243
  0.0245  0.0245  0.0244  0.0244  0.0244  0.0243  0.0244  0.0245  0.0244  0.0244  0.0244  0.0244
  0.0249  0.0249  0.0247  0.0246  0.0246  0.0245  0.0248  0.0250  0.0246  0.0249  0.0245  0.0246
  0.0257  0.0254  0.0251  0.0250  0.0252  0.0251  0.0253  0.0259  0.0250  0.0256  0.0248  0.0249
niter,ni,del,rscale     3    3    5.0000    0.6000
parameters
   -2.6096  -11.7742   12.7610   -5.3528   -9.6801   -6.8044
    6.7787   -1.0712   -4.7510    1.8768    1.5184   -2.1595
eta,q 0.97570 11.03134
  0.0253  0.0250  0.0249  0.0249  0.0250  0.0249  0.0251  0.0255  0.0248  0.0252  0.0247  0.0248
  0.0247  0.0246  0.0245  0.0246  0.0246  0.0246  0.0246  0.0248  0.0245  0.0248  0.0245  0.0246
  0.0244  0.0244  0.0244  0.0244  0.0244  0.0244  0.0244  0.0244  0.0244  0.0244  0.0244  0.0244
  0.0243  0.0243  0.0243  0.0243  0.0243  0.0243  0.0243  0.0243  0.0243  0.0243  0.0243  0.0243
  0.0244  0.0244  0.0244  0.0244  0.0243  0.0243  0.0244  0.0244  0.0244  0.0244  0.0243  0.0243
  0.0247  0.0247  0.0246  0.0245  0.0246  0.0245  0.0246  0.0248  0.0245  0.0247  0.0245  0.0245
  0.0253  0.0251  0.0248  0.0249  0.0250  0.0249  0.0251  0.0255  0.0248  0.0252  0.0247  0.0248
niter,ni,del,rscale     2    3    5.0000    0.5000
parameters
   -2.6142  -11.7861   12.7662   -5.2691   -9.6060   -6.6440
    6.7871   -1.0697   -4.7210    1.9065    1.5580   -2.0934
eta,q 0.97572 11.04958
  0.0250  0.0248  0.0247  0.0247  0.0248  0.0247  0.0248  0.0251  0.0246  0.0250  0.0246  0.0247
  0.0246  0.0245  0.0245  0.0245  0.0245  0.0245  0.0245  0.0246  0.0244  0.0246  0.0244  0.0245
  0.0244  0.0244  0.0243  0.0243  0.0244  0.0244  0.0243  0.0244  0.0243  0.0244  0.0243  0.0243
  0.0243  0.0243  0.0243  0.0243  0.0243  0.0243  0.0243  0.0243  0.0243  0.0243  0.0243  0.0243
  0.0244  0.0244  0.0243  0.0243  0.0243  0.0243  0.0243  0.0244  0.0243  0.0244  0.0243  0.0243
  0.0246  0.0245  0.0245  0.0244  0.0245  0.0244  0.0245  0.0247  0.0244  0.0246  0.0244  0.0244
  0.0250  0.0248  0.0247  0.0247  0.0248  0.0247  0.0248  0.0251  0.0246  0.0250  0.0246  0.0247
niter,ni,del,rscale     1    3    5.0000    0.4000
parameters
   -2.6141  -11.7997   12.7752   -5.1963   -9.5456   -6.4556
    6.7845   -1.0696   -4.7109    1.9395    1.5854   -2.0221
eta,q 0.97573 11.06804
  0.0247  0.0246  0.0245  0.0245  0.0246  0.0246  0.0246  0.0248  0.0245  0.0247  0.0245  0.0245
  0.0245  0.0244  0.0244  0.0244  0.0244  0.0244  0.0244  0.0245  0.0244  0.0245  0.0244  0.0244
  0.0243  0.0243  0.0243  0.0243  0.0243  0.0244  0.0243  0.0243  0.0243  0.0243  0.0243  0.0243
  0.0243  0.0243  0.0243  0.0243  0.0243  0.0243  0.0243  0.0243  0.0243  0.0243  0.0243  0.0243
  0.0243  0.0243  0.0243  0.0243  0.0243  0.0243  0.0243  0.0243  0.0243  0.0243  0.0243  0.0243
  0.0245  0.0244  0.0244  0.0244  0.0244  0.0243  0.0244  0.0245  0.0244  0.0245  0.0243  0.0244
  0.0247  0.0246  0.0245  0.0245  0.0246  0.0245  0.0246  0.0248  0.0245  0.0247  0.0245  0.0245
registration optimization eta report
parameter search radius
    0.8000    0.8000    0.8000    2.4000    2.4000    2.4000
    2.4000    2.4000    2.4000    2.4000    2.4000    2.4000
100000*second partial in parameter space
       67.       53.       39.        4.        5.        5.
        6.        9.        4.        8.        3.        4.
  0.0247  0.0246  0.0245  0.0245  0.0246  0.0246  0.0246  0.0248  0.0245  0.0247  0.0245  0.0245
  0.0245  0.0244  0.0244  0.0244  0.0244  0.0244  0.0244  0.0245  0.0244  0.0245  0.0244  0.0244
  0.0243  0.0243  0.0243  0.0243  0.0243  0.0244  0.0243  0.0243  0.0243  0.0243  0.0243  0.0243
  0.0243  0.0243  0.0243  0.0243  0.0243  0.0243  0.0243  0.0243  0.0243  0.0243  0.0243  0.0243
  0.0243  0.0243  0.0243  0.0243  0.0243  0.0243  0.0243  0.0243  0.0243  0.0243  0.0243  0.0243
  0.0245  0.0244  0.0244  0.0244  0.0244  0.0243  0.0244  0.0245  0.0244  0.0245  0.0243  0.0244
  0.0247  0.0246  0.0245  0.0245  0.0246  0.0245  0.0246  0.0248  0.0245  0.0247  0.0245  0.0245
   -2.6141  -11.7997   12.7752   -5.1963   -9.5456   -6.4556
    6.7845   -1.0696   -4.7109    1.9395    1.5854   -2.0221
eta,q 0.97573 11.06804

---------------------------------------------------------------------
imgreg_4dfp /opt/freesurfer/average/711-2C_as_mni_average_305 /opt/freesurfer/average/711-2B_as_mni_average_305_mask talsrcimg_g11 none talsrcimg_to_711-2C_as_mni_average_305_t4 2311
---------------------------------------------------------------------

freesurfer imgreg_4dfp.c
/opt/freesurfer/average/711-2C_as_mni_average_305.4dfp.img
       256       256       256         1
  1.000000  1.000000  1.000000
orientation T byte_order littleendian
Reading image: /opt/freesurfer/average/711-2C_as_mni_average_305.4dfp.img
dimensions:      256       256       256
mmppix:       1.0000   -1.0000   -1.0000
center:     128.0000 -129.0000 -129.0000
/opt/freesurfer/average/711-2B_as_mni_average_305_mask.4dfp.img
       256       256       256         1
  1.000000  1.000000  1.000000
orientation T byte_order littleendian
Reading mask: /opt/freesurfer/average/711-2B_as_mni_average_305_mask.4dfp.img (2306576 pixels)
talsrcimg_g11.4dfp.img
       256       256       256         1
  0.898437  0.898437  0.898437
orientation T byte_order littleendian
Reading image: talsrcimg_g11.4dfp.img
dimensions:      256       256       256
mmppix:       0.8984   -0.8984   -0.8984
center:     114.9999 -115.8984 -115.8984
fimgreg.f
image alignment mode   2311 decimal      907 hex
parameters
   -2.6141  -11.7997   12.7752   -5.1963   -9.5456   -6.4556
    6.7845   -1.0696   -4.7109    1.9395    1.5854   -2.0221
eta,q 0.97573 11.06804
niter,ni,del,rscale     5    3    5.0000    0.8000
parameters
   -2.6258  -11.7850   12.8346   -5.3446   -9.8527   -7.0040
    6.7856   -1.0854   -4.8008    1.7343    1.4494   -2.1592
eta,q 0.97567 11.00930
  0.0260  0.0257  0.0254  0.0252  0.0253  0.0252  0.0257  0.0265  0.0252  0.0258  0.0249  0.0251
  0.0250  0.0249  0.0248  0.0247  0.0248  0.0247  0.0249  0.0253  0.0247  0.0250  0.0246  0.0247
  0.0245  0.0244  0.0244  0.0244  0.0244  0.0244  0.0245  0.0245  0.0244  0.0245  0.0244  0.0244
  0.0243  0.0243  0.0243  0.0243  0.0243  0.0243  0.0243  0.0243  0.0243  0.0243  0.0243  0.0243
  0.0245  0.0244  0.0244  0.0244  0.0244  0.0244  0.0245  0.0246  0.0244  0.0245  0.0244  0.0244
  0.0250  0.0249  0.0247  0.0247  0.0249  0.0249  0.0249  0.0253  0.0247  0.0251  0.0246  0.0248
  0.0260  0.0256  0.0252  0.0254  0.0257  0.0260  0.0257  0.0265  0.0252  0.0261  0.0250  0.0252
niter,ni,del,rscale     4    3    5.0000    0.7000
parameters
   -2.6104  -11.7828   12.7840   -5.4078   -9.7606   -6.9571
    6.7764   -1.0803   -4.7766    1.7858    1.4888   -2.1731
eta,q 0.97569 11.01407
  0.0257  0.0253  0.0250  0.0250  0.0252  0.0251  0.0254  0.0260  0.0250  0.0256  0.0248  0.0250
  0.0249  0.0248  0.0246  0.0247  0.0248  0.0247  0.0248  0.0250  0.0246  0.0249  0.0246  0.0246
  0.0245  0.0244  0.0244  0.0244  0.0245  0.0245  0.0244  0.0245  0.0244  0.0245  0.0244  0.0244
  0.0243  0.0243  0.0243  0.0243  0.0243  0.0243  0.0243  0.0243  0.0243  0.0243  0.0243  0.0243
  0.0245  0.0244  0.0244  0.0244  0.0244  0.0243  0.0244  0.0245  0.0244  0.0244  0.0244  0.0244
  0.0249  0.0248  0.0247  0.0247  0.0246  0.0246  0.0248  0.0250  0.0246  0.0248  0.0245  0.0246
  0.0256  0.0253  0.0251  0.0251  0.0252  0.0252  0.0254  0.0259  0.0250  0.0255  0.0248  0.0250
niter,ni,del,rscale     3    3    5.0000    0.6000
parameters
   -2.6120  -11.7834   12.7679   -5.3524   -9.6743   -6.8162
    6.7855   -1.0784   -4.7716    1.8497    1.5233   -2.1386
eta,q 0.97570 11.03083
  0.0253  0.0251  0.0248  0.0249  0.0250  0.0249  0.0251  0.0255  0.0248  0.0253  0.0247  0.0248
  0.0247  0.0246  0.0245  0.0246  0.0246  0.0246  0.0246  0.0248  0.0245  0.0248  0.0245  0.0246
  0.0244  0.0244  0.0244  0.0244  0.0244  0.0244  0.0244  0.0244  0.0244  0.0244  0.0244  0.0244
  0.0243  0.0243  0.0243  0.0243  0.0243  0.0243  0.0243  0.0243  0.0243  0.0243  0.0243  0.0243
  0.0244  0.0244  0.0244  0.0244  0.0243  0.0243  0.0244  0.0244  0.0244  0.0244  0.0243  0.0244
  0.0247  0.0247  0.0246  0.0245  0.0246  0.0245  0.0246  0.0248  0.0245  0.0247  0.0245  0.0245
  0.0253  0.0251  0.0249  0.0249  0.0250  0.0249  0.0251  0.0255  0.0248  0.0252  0.0247  0.0248
niter,ni,del,rscale     2    3    5.0000    0.5000
parameters
   -2.6131  -11.7908   12.7655   -5.2766   -9.6027   -6.6443
    6.7849   -1.0799   -4.7353    1.8970    1.5597   -2.0724
eta,q 0.97572 11.04935
  0.0250  0.0248  0.0247  0.0247  0.0248  0.0247  0.0248  0.0251  0.0246  0.0250  0.0246  0.0247
  0.0246  0.0245  0.0245  0.0245  0.0245  0.0245  0.0245  0.0246  0.0244  0.0246  0.0244  0.0245
  0.0244  0.0244  0.0243  0.0244  0.0244  0.0244  0.0243  0.0244  0.0243  0.0244  0.0243  0.0243
  0.0243  0.0243  0.0243  0.0243  0.0243  0.0243  0.0243  0.0243  0.0243  0.0243  0.0243  0.0243
  0.0244  0.0244  0.0243  0.0243  0.0243  0.0243  0.0243  0.0244  0.0243  0.0243  0.0243  0.0243
  0.0246  0.0245  0.0245  0.0244  0.0245  0.0244  0.0245  0.0247  0.0244  0.0246  0.0244  0.0244
  0.0250  0.0248  0.0247  0.0247  0.0248  0.0247  0.0248  0.0251  0.0246  0.0250  0.0246  0.0246
niter,ni,del,rscale     1    3    5.0000    0.4000
parameters
   -2.6169  -11.8012   12.7774   -5.1981   -9.5418   -6.4593
    6.7848   -1.0723   -4.7010    1.9319    1.6024   -2.0187
eta,q 0.97573 11.06783
  0.0247  0.0246  0.0245  0.0245  0.0246  0.0246  0.0246  0.0248  0.0245  0.0247  0.0245  0.0245
  0.0245  0.0244  0.0244  0.0244  0.0244  0.0244  0.0244  0.0245  0.0244  0.0245  0.0244  0.0244
  0.0243  0.0243  0.0243  0.0243  0.0243  0.0244  0.0243  0.0243  0.0243  0.0243  0.0243  0.0243
  0.0243  0.0243  0.0243  0.0243  0.0243  0.0243  0.0243  0.0243  0.0243  0.0243  0.0243  0.0243
  0.0243  0.0243  0.0243  0.0243  0.0243  0.0243  0.0243  0.0243  0.0243  0.0243  0.0243  0.0243
  0.0245  0.0244  0.0244  0.0244  0.0244  0.0243  0.0244  0.0245  0.0244  0.0245  0.0243  0.0244
  0.0247  0.0246  0.0245  0.0245  0.0246  0.0245  0.0246  0.0248  0.0245  0.0247  0.0244  0.0245
registration optimization eta report
parameter search radius
    0.8000    0.8000    0.8000    2.4000    2.4000    2.4000
    2.4000    2.4000    2.4000    2.4000    2.4000    2.4000
100000*second partial in parameter space
       67.       54.       39.        4.        5.        5.
        6.        9.        4.        8.        3.        4.
  0.0247  0.0246  0.0245  0.0245  0.0246  0.0246  0.0246  0.0248  0.0245  0.0247  0.0245  0.0245
  0.0245  0.0244  0.0244  0.0244  0.0244  0.0244  0.0244  0.0245  0.0244  0.0245  0.0244  0.0244
  0.0243  0.0243  0.0243  0.0243  0.0243  0.0244  0.0243  0.0243  0.0243  0.0243  0.0243  0.0243
  0.0243  0.0243  0.0243  0.0243  0.0243  0.0243  0.0243  0.0243  0.0243  0.0243  0.0243  0.0243
  0.0243  0.0243  0.0243  0.0243  0.0243  0.0243  0.0243  0.0243  0.0243  0.0243  0.0243  0.0243
  0.0245  0.0244  0.0244  0.0244  0.0244  0.0243  0.0244  0.0245  0.0244  0.0245  0.0243  0.0244
  0.0247  0.0246  0.0245  0.0245  0.0246  0.0245  0.0246  0.0248  0.0245  0.0247  0.0244  0.0245
   -2.6169  -11.8012   12.7774   -5.1981   -9.5418   -6.4593
    6.7848   -1.0723   -4.7010    1.9319    1.6024   -2.0187
eta,q 0.97573 11.06783

---------------------------------------------------------------------
compute_vox2vox talsrcimg talsrcimg_to_711-2C_as_mni_average_305_t4 /opt/freesurfer/average/711-2C_as_mni_average_305
---------------------------------------------------------------------

freesurfer compute_vox2vox.c
Reading: talsrcimg.4dfp.ifh
Reading: talsrcimg_to_711-2C_as_mni_average_305_t4
Reading: /opt/freesurfer/average/711-2C_as_mni_average_305.4dfp.ifh
Writing: talsrcimg_to_711-2C_as_mni_average_305_t4_vox2vox.txt

start time Wed Mar 11 03:51:03 CET 2026
end		time Wed Mar 11 03:52:36 CET 2026

mpr2mni305 success

avi2talxfm orig_nu.mgz /opt/freesurfer/average/mni305.cor.mgz talsrcimg_to_711-2C_as_mni_average_305_t4_vox2vox.txt transforms/talairach.auto.xfm
avi2talxfm done
mv -f /out/sourcedata/freesurfer/sub-v2s13x29112_ses-1/mri/talsrcimg_to_711-2C_as_mni_average_305_t4_vox2vox.txt /out/sourcedata/freesurfer/sub-v2s13x29112_ses-1/mri/transforms/talsrcimg_to_711-2C_as_mni_average_305_t4_vox2vox.txt
lta_convert --src orig_nu.mgz --trg /opt/freesurfer/average/mni305.cor.mgz --inxfm transforms/talairach.auto.xfm --outlta transforms/talairach.auto.xfm.lta --subject fsaverage
7.3.2

--src: orig_nu.mgz src image (geometry).
--trg: /opt/freesurfer/average/mni305.cor.mgz trg image (geometry).
--inmni: transforms/talairach.auto.xfm input MNI/XFM transform.
--outlta: transforms/talairach.auto.xfm.lta output LTA.
--s: fsaverage subject name
 LTA read, type : 1
 1.05070   0.01367  -0.07850  -1.73273;
-0.01681   1.06834   0.02510  -10.48972;
 0.05496  -0.02211   1.10086  -26.36430;
 0.00000   0.00000   0.00000   1.00000;
setting subject to fsaverage
Writing  LTA to file transforms/talairach.auto.xfm.lta...
lta_convert successful.
 
 
Started at Wed Mar 11 03:51:02 CET 2026
Ended   at Wed Mar 11 03:52:37 CET 2026
talairach_avi done
