/out/sourcedata/freesurfer/sub-v2s13x29134_ses-1/mri
/opt/freesurfer/bin/talairach_avi
--i orig_nu.mgz --xfm transforms/talairach.auto.xfm
talairach_avi 7.3.2
Linux dna087 5.14.0-427.37.1.el9_4.x86_64 #1 SMP PREEMPT_DYNAMIC Fri Sep 13 12:41:50 EDT 2024 x86_64 x86_64 x86_64 GNU/Linux
Wed Mar 11 05:10:00 CET 2026
mri_convert orig_nu.mgz talsrcimg.img 
reading from orig_nu.mgz...
TR=0.00, TE=0.00, TI=0.00, flip angle=0.00
i_ras = (-1, 1.21477e-10, -6.47877e-11)
j_ras = (-1.29575e-10, -1.65856e-08, -1)
k_ras = (-9.71815e-11, 1, 0)
writing to talsrcimg.img...
Analyze Output Matrix
-0.89844  -0.00000  -0.00000   119.41412;
 0.00000  -0.00000   0.89844  -120.04306;
-0.00000  -0.89844   0.00000   132.38043;
 0.00000   0.00000   0.00000   1.00000;
--------------------
INFO: set hdr.hist.orient to -1
mpr2mni305 talsrcimg
Wed Mar 11 05:10:00 CET 2026
/opt/freesurfer/bin/mpr2mni305 talsrcimg
mpr2mni305 7.3.2
target=711-2C_as_mni_average_305

---------------------------------------------------------------------
analyzeto4dfp talsrcimg -O0 -y
---------------------------------------------------------------------

freesurfer ifh2hdr.c
Wed Mar 11 05:10:00 2026
Writing: talsrcimg.4dfp.hdr
freesurfer analyzeto4dfp.c
Reading: talsrcimg.hdr
header size 348 bytes
hdr.dime.datatype	offset=70	value=2
hdr.dime.bitpix		offset=72	value=8
hdr.hist.orient		offset=252	value=-1
dimensionality     4
dimensions       256       256       256         1
Reading: talsrcimg.img
Writing: talsrcimg.4dfp.img
Writing: talsrcimg.4dfp.ifh
ifh2hdr talsrcimg -r0to246
ori=2

---------------------------------------------------------------------
gauss_4dfp talsrcimg 1.1
---------------------------------------------------------------------

freesurfer gauss_4dfp.c
Reading: talsrcimg.4dfp.img
Writing: talsrcimg_g11.4dfp.img
image dimensions 256 256 256 padded to 288 288 288
processing volume 1freesurfer ifh2hdr.c
Wed Mar 11 05:10:02 2026
Writing: talsrcimg_g11.4dfp.hdr

Writing: talsrcimg_g11.4dfp.ifh
including: talsrcimg.4dfp.img.rec in talsrcimg_g11.4dfp.img.rec

---------------------------------------------------------------------
imgreg_4dfp /opt/freesurfer/average/711-2C_as_mni_average_305 none talsrcimg_g11 none talsrcimg_to_711-2C_as_mni_average_305_t4 4355
---------------------------------------------------------------------

freesurfer imgreg_4dfp.c
/opt/freesurfer/average/711-2C_as_mni_average_305.4dfp.img
       256       256       256         1
  1.000000  1.000000  1.000000
orientation T byte_order littleendian
Reading image: /opt/freesurfer/average/711-2C_as_mni_average_305.4dfp.img
dimensions:      256       256       256
mmppix:       1.0000   -1.0000   -1.0000
center:     128.0000 -129.0000 -129.0000
talsrcimg_g11.4dfp.img
       256       256       256         1
  0.898438  0.898438  0.898438
orientation T byte_order littleendian
Reading image: talsrcimg_g11.4dfp.img
dimensions:      256       256       256
mmppix:       0.8984   -0.8984   -0.8984
center:     115.0001 -115.8985 -115.8985
t4_read: open error in t4_sub.f l:  41 t4_file(1:l)talsrcimg_to_711-2C_as_mni_average_305_t4 
t4_read: transform initialized to I4
rotation matrix determinant  1.000000
image alignment mode   4355 decimal     1103 hex
   -7.5000  -45.0000  -45.0000 5905.1528   16.5379
    0.0000  -45.0000  -45.0000 5921.5942   16.5223
    7.5000  -45.0000  -45.0000 5592.7773   16.4741
   -7.5000  -37.5000  -45.0000 6351.9424   17.5976
    0.0000  -37.5000  -45.0000 6359.2002   17.5838
    7.5000  -37.5000  -45.0000 6018.7510   17.5331
   -7.5000  -30.0000  -45.0000 6781.8384   18.1806
    0.0000  -30.0000  -45.0000 6792.2905   18.1625
    7.5000  -30.0000  -45.0000 6413.4775   18.1061
   -7.5000  -22.5000  -45.0000 7268.2500   18.1860
    0.0000  -22.5000  -45.0000 7290.0503   18.1608
    7.5000  -22.5000  -45.0000 6886.3242   18.0999
   -7.5000  -15.0000  -45.0000 7714.4858   18.1587
    0.0000  -15.0000  -45.0000 7756.1343   18.1304
    7.5000  -15.0000  -45.0000 7320.9321   18.0696
   -7.5000   -7.5000  -45.0000 7836.3008   18.1311
    0.0000   -7.5000  -45.0000 7887.1514   18.1064
    7.5000   -7.5000  -45.0000 7449.0337   18.0495
   -7.5000    0.0000  -45.0000 7912.0488   18.1280
    0.0000    0.0000  -45.0000 7960.9878   18.1109
    7.5000    0.0000  -45.0000 7523.4048   18.0581
   -7.5000    7.5000  -45.0000 7623.5142   18.1524
    0.0000    7.5000  -45.0000 7689.3281   18.1381
    7.5000    7.5000  -45.0000 7279.3911   18.0859
   -7.5000   15.0000  -45.0000 7523.9102   18.1806
    0.0000   15.0000  -45.0000 7564.8877   18.1625
    7.5000   15.0000  -45.0000 7168.7227   18.1061
   -7.5000   22.5000  -45.0000 6942.0396   17.9413
    0.0000   22.5000  -45.0000 6977.3247   17.9165
    7.5000   22.5000  -45.0000 6592.4902   17.8564
   -7.5000   30.0000  -45.0000 6360.0923   17.4367
    0.0000   30.0000  -45.0000 6397.9946   17.4094
    7.5000   30.0000  -45.0000 6018.1040   17.3511
   -7.5000   37.5000  -45.0000 5785.2109   16.8515
    0.0000   37.5000  -45.0000 5805.1709   16.8285
    7.5000   37.5000  -45.0000 5473.6948   16.7756
   -7.5000   45.0000  -45.0000 5244.2910   16.5374
    0.0000   45.0000  -45.0000 5263.4258   16.5258
    7.5000   45.0000  -45.0000 4972.6792   16.4790
   -7.5000  -45.0000  -37.5000 6521.4307   17.3460
    0.0000  -45.0000  -37.5000 6529.9268   17.3418
    7.5000  -45.0000  -37.5000 6148.5479   17.3028
   -7.5000  -37.5000  -37.5000 6991.0903   18.4751
    0.0000  -37.5000  -37.5000 6986.2402   18.4692
    7.5000  -37.5000  -37.5000 6595.7939   18.4257
   -7.5000  -30.0000  -37.5000 7458.9409   19.0644
    0.0000  -30.0000  -37.5000 7462.9897   19.0519
    7.5000  -30.0000  -37.5000 7031.8062   19.0013
   -7.5000  -22.5000  -37.5000 7966.8374   19.0703
    0.0000  -22.5000  -37.5000 7982.0356   19.0526
    7.5000  -22.5000  -37.5000 7522.6743   18.9986
   -7.5000  -15.0000  -37.5000 8417.6240   19.0317
    0.0000  -15.0000  -37.5000 8452.4414   19.0155
    7.5000  -15.0000  -37.5000 7979.4448   18.9643
   -7.5000   -7.5000  -37.5000 8506.2422   18.9934
    0.0000   -7.5000  -37.5000 8535.3350   18.9830
    7.5000   -7.5000  -37.5000 8071.9932   18.9371
   -7.5000    0.0000  -37.5000 8557.7227   18.9896
    0.0000    0.0000  -37.5000 8609.6582   18.9849
    7.5000    0.0000  -37.5000 8134.6191   18.9423
   -7.5000    7.5000  -37.5000 8257.2715   19.0240
    0.0000    7.5000  -37.5000 8309.7061   19.0179
    7.5000    7.5000  -37.5000 7859.9126   18.9731
   -7.5000   15.0000  -37.5000 8136.6616   19.0635
    0.0000   15.0000  -37.5000 8180.0732   19.0510
    7.5000   15.0000  -37.5000 7730.5088   19.0004
   -7.5000   22.5000  -37.5000 7486.4302   18.8153
    0.0000   22.5000  -37.5000 7525.9526   18.7979
    7.5000   22.5000  -37.5000 7104.0083   18.7446
   -7.5000   30.0000  -37.5000 6818.2612   18.2880
    0.0000   30.0000  -37.5000 6867.7432   18.2724
    7.5000   30.0000  -37.5000 6476.4468   18.2232
   -7.5000   37.5000  -37.5000 6171.9048   17.6674
    0.0000   37.5000  -37.5000 6221.0078   17.6578
    7.5000   37.5000  -37.5000 5876.7607   17.6149
   -7.5000   45.0000  -37.5000 5583.4771   17.3236
    0.0000   45.0000  -37.5000 5622.5884   17.3227
    7.5000   45.0000  -37.5000 5320.9883   17.2845
   -7.5000  -45.0000  -30.0000 7117.7681   18.1208
    0.0000  -45.0000  -30.0000 7103.8232   18.1172
    7.5000  -45.0000  -30.0000 6701.2573   18.0851
   -7.5000  -37.5000  -30.0000 7612.2554   19.3051
    0.0000  -37.5000  -30.0000 7596.9302   19.2960
    7.5000  -37.5000  -30.0000 7166.9697   19.2612
   -7.5000  -30.0000  -30.0000 8109.1431   19.8932
    0.0000  -30.0000  -30.0000 8106.4180   19.8761
    7.5000  -30.0000  -30.0000 7628.5981   19.8362
   -7.5000  -22.5000  -30.0000 8634.9570   19.9018
    0.0000  -22.5000  -30.0000 8640.2227   19.8823
    7.5000  -22.5000  -30.0000 8150.0259   19.8393
   -7.5000  -15.0000  -30.0000 9106.8291   19.8640
    0.0000  -15.0000  -30.0000 9142.8779   19.8507
    7.5000  -15.0000  -30.0000 8636.7031   19.8093
   -7.5000   -7.5000  -30.0000 9194.9492   19.8242
    0.0000   -7.5000  -30.0000 9205.4512   19.8180
    7.5000   -7.5000  -30.0000 8723.9541   19.7800
   -7.5000    0.0000  -30.0000 9239.0371   19.8172
    0.0000    0.0000  -30.0000 9252.8047   19.8134
    7.5000    0.0000  -30.0000 8754.7715   19.7782
   -7.5000    7.5000  -30.0000 8889.9766   19.8486
    0.0000    7.5000  -30.0000 8914.0811   19.8392
    7.5000    7.5000  -30.0000 8432.8242   19.8035
   -7.5000   15.0000  -30.0000 8745.5469   19.8905
    0.0000   15.0000  -30.0000 8772.4570   19.8734
    7.5000   15.0000  -30.0000 8292.5225   19.8335
   -7.5000   22.5000  -30.0000 8025.6011   19.6366
    0.0000   22.5000  -30.0000 8045.0054   19.6174
    7.5000   22.5000  -30.0000 7608.7344   19.5749
   -7.5000   30.0000  -30.0000 7279.1626   19.1016
    0.0000   30.0000  -30.0000 7321.9565   19.0888
    7.5000   30.0000  -30.0000 6928.9272   19.0490
   -7.5000   37.5000  -30.0000 6567.4443   18.4680
    0.0000   37.5000  -30.0000 6612.6621   18.4622
    7.5000   37.5000  -30.0000 6265.4453   18.4266
   -7.5000   45.0000  -30.0000 5922.3628   18.1065
    0.0000   45.0000  -30.0000 5968.3579   18.1055
    7.5000   45.0000  -30.0000 5662.3257   18.0737
   -7.5000  -45.0000  -22.5000 7676.5112   18.8666
    0.0000  -45.0000  -22.5000 7665.9575   18.8549
    7.5000  -45.0000  -22.5000 7237.4634   18.8183
   -7.5000  -37.5000  -22.5000 8190.1196   20.0972
    0.0000  -37.5000  -22.5000 8188.6626   20.0793
    7.5000  -37.5000  -22.5000 7718.9463   20.0437
   -7.5000  -30.0000  -22.5000 8715.9307   20.6775
    0.0000  -30.0000  -22.5000 8718.4219   20.6530
    7.5000  -30.0000  -22.5000 8202.9092   20.6163
   -7.5000  -22.5000  -22.5000 9287.3652   20.6917
    0.0000  -22.5000  -22.5000 9301.4824   20.6662
    7.5000  -22.5000  -22.5000 8760.7012   20.6267
   -7.5000  -15.0000  -22.5000 9822.5977   20.6666
    0.0000  -15.0000  -22.5000 9846.0527   20.6475
    7.5000  -15.0000  -22.5000 9278.9043   20.6059
   -7.5000   -7.5000  -22.5000 9908.3184   20.6338
    0.0000   -7.5000  -22.5000 9907.6680   20.6205
    7.5000   -7.5000  -22.5000 9349.2090   20.5785
   -7.5000    0.0000  -22.5000 9917.3789   20.6211
    0.0000    0.0000  -22.5000 9929.2705   20.6083
    7.5000    0.0000  -22.5000 9368.0635   20.5683
   -7.5000    7.5000  -22.5000 9515.4951   20.6373
    0.0000    7.5000  -22.5000 9522.9023   20.6189
    7.5000    7.5000  -22.5000 8974.3809   20.5823
   -7.5000   15.0000  -22.5000 9319.2627   20.6726
    0.0000   15.0000  -22.5000 9332.5918   20.6481
    7.5000   15.0000  -22.5000 8790.9248   20.6113
   -7.5000   22.5000  -22.5000 8546.5166   20.4179
    0.0000   22.5000  -22.5000 8558.1611   20.3928
    7.5000   22.5000  -22.5000 8060.9839   20.3538
   -7.5000   30.0000  -22.5000 7779.7896   19.8880
    0.0000   30.0000  -22.5000 7798.7056   19.8696
    7.5000   30.0000  -22.5000 7358.2700   19.8296
   -7.5000   37.5000  -22.5000 6985.4282   19.2514
    0.0000   37.5000  -22.5000 7013.4917   19.2390
    7.5000   37.5000  -22.5000 6637.4268   19.1996
   -7.5000   45.0000  -22.5000 6282.5537   18.8846
    0.0000   45.0000  -22.5000 6311.2988   18.8753
    7.5000   45.0000  -22.5000 5973.2197   18.8389
   -7.5000  -45.0000  -15.0000 8207.3750   19.5459
    0.0000  -45.0000  -15.0000 8220.8750   19.5220
    7.5000  -45.0000  -15.0000 7745.3540   19.4702
   -7.5000  -37.5000  -15.0000 8740.3965   20.8086
    0.0000  -37.5000  -15.0000 8756.8740   20.7825
    7.5000  -37.5000  -15.0000 8228.6250   20.7332
   -7.5000  -30.0000  -15.0000 9294.2617   21.3812
    0.0000  -30.0000  -15.0000 9311.7334   21.3513
    7.5000  -30.0000  -15.0000 8760.9609   21.3026
   -7.5000  -22.5000  -15.0000 9884.8174   21.3979
    0.0000  -22.5000  -15.0000 9901.9707   21.3656
    7.5000  -22.5000  -15.0000 9338.6787   21.3134
   -7.5000  -15.0000  -15.000010437.3369   21.3834
    0.0000  -15.0000  -15.000010489.2891   21.3523
    7.5000  -15.0000  -15.0000 9867.1592   21.2957
   -7.5000   -7.5000  -15.000010536.0703   21.3578
    0.0000   -7.5000  -15.000010583.3066   21.3296
    7.5000   -7.5000  -15.0000 9920.7812   21.2706
   -7.5000    0.0000  -15.000010593.3037   21.3428
    0.0000    0.0000  -15.000010614.4102   21.3168
    7.5000    0.0000  -15.0000 9951.0498   21.2602
   -7.5000    7.5000  -15.000010155.4922   21.3471
    0.0000    7.5000  -15.000010159.4053   21.3203
    7.5000    7.5000  -15.0000 9528.4775   21.2697
   -7.5000   15.0000  -15.0000 9911.9824   21.3746
    0.0000   15.0000  -15.0000 9914.9180   21.3447
    7.5000   15.0000  -15.0000 9300.7490   21.2960
   -7.5000   22.5000  -15.0000 9075.4795   21.1180
    0.0000   22.5000  -15.0000 9079.3291   21.0861
    7.5000   22.5000  -15.0000 8516.2510   21.0346
   -7.5000   30.0000  -15.0000 8235.0049   20.5932
    0.0000   30.0000  -15.0000 8251.2979   20.5633
    7.5000   30.0000  -15.0000 7759.0356   20.5088
   -7.5000   37.5000  -15.0000 7391.7490   19.9573
    0.0000   37.5000  -15.0000 7412.8555   19.9309
    7.5000   37.5000  -15.0000 6993.8262   19.8756
   -7.5000   45.0000  -15.0000 6631.4907   19.5892
    0.0000   45.0000  -15.0000 6657.4951   19.5689
    7.5000   45.0000  -15.0000 6282.7993   19.5180
   -7.5000  -45.0000   -7.5000 8489.6973   19.5719
    0.0000  -45.0000   -7.5000 8525.1230   19.5461
    7.5000  -45.0000   -7.5000 8030.4805   19.4855
   -7.5000  -37.5000   -7.5000 9034.3184   20.8410
    0.0000  -37.5000   -7.5000 9073.9287   20.8174
    7.5000  -37.5000   -7.5000 8530.2227   20.7574
   -7.5000  -30.0000   -7.5000 9570.7334   21.4139
    0.0000  -30.0000   -7.5000 9626.4375   21.3877
    7.5000  -30.0000   -7.5000 9056.5996   21.3254
   -7.5000  -22.5000   -7.500010149.8926   21.4265
    0.0000  -22.5000   -7.500010203.0645   21.3938
    7.5000  -22.5000   -7.5000 9632.3691   21.3268
   -7.5000  -15.0000   -7.500010713.3203   21.4075
    0.0000  -15.0000   -7.500010795.9746   21.3709
    7.5000  -15.0000   -7.500010147.7090   21.3004
   -7.5000   -7.5000   -7.500010821.4814   21.3814
    0.0000   -7.5000   -7.500010895.2158   21.3467
    7.5000   -7.5000   -7.500010193.8760   21.2766
   -7.5000    0.0000   -7.500010889.9785   21.3712
    0.0000    0.0000   -7.500010942.8730   21.3430
    7.5000    0.0000   -7.500010224.5615   21.2768
   -7.5000    7.5000   -7.500010426.3730   21.3803
    0.0000    7.5000   -7.500010450.6318   21.3561
    7.5000    7.5000   -7.5000 9780.9756   21.2945
   -7.5000   15.0000   -7.500010164.1152   21.4073
    0.0000   15.0000   -7.500010159.9180   21.3811
    7.5000   15.0000   -7.5000 9511.4990   21.3188
   -7.5000   22.5000   -7.5000 9272.5576   21.1462
    0.0000   22.5000   -7.5000 9288.1699   21.1140
    7.5000   22.5000   -7.5000 8697.5596   21.0478
   -7.5000   30.0000   -7.5000 8405.1875   20.6165
    0.0000   30.0000   -7.5000 8428.6592   20.5812
    7.5000   30.0000   -7.5000 7905.2246   20.5133
   -7.5000   37.5000   -7.5000 7545.4980   19.9793
    0.0000   37.5000   -7.5000 7580.0815   19.9469
    7.5000   37.5000   -7.5000 7126.5396   19.8813
   -7.5000   45.0000   -7.5000 6752.9639   19.6139
    0.0000   45.0000   -7.5000 6792.7046   19.5927
    7.5000   45.0000   -7.5000 6387.3467   19.5338
   -7.5000  -45.0000    0.0000 8583.2334   20.0810
    0.0000  -45.0000    0.0000 8645.5674   20.0656
    7.5000  -45.0000    0.0000 8168.2632   20.0089
   -7.5000  -37.5000    0.0000 9123.1445   21.3908
    0.0000  -37.5000    0.0000 9191.5400   21.3782
    7.5000  -37.5000    0.0000 8661.7637   21.3179
   -7.5000  -30.0000    0.0000 9643.9990   21.9742
    0.0000  -30.0000    0.0000 9707.7637   21.9570
    7.5000  -30.0000    0.0000 9188.1865   21.8899
   -7.5000  -22.5000    0.000010248.3955   21.9807
    0.0000  -22.5000    0.000010333.0381   21.9548
    7.5000  -22.5000    0.0000 9771.8291   21.8827
   -7.5000  -15.0000    0.000010823.3389   21.9451
    0.0000  -15.0000    0.000010933.4805   21.9149
    7.5000  -15.0000    0.000010287.1123   21.8435
   -7.5000   -7.5000    0.000010913.0664   21.9092
    0.0000   -7.5000    0.000011003.6016   21.8831
    7.5000   -7.5000    0.000010332.5732   21.8166
   -7.5000    0.0000    0.000010953.0098   21.9053
    0.0000    0.0000    0.000011003.4951   21.8885
    7.5000    0.0000    0.000010340.3105   21.8266
   -7.5000    7.5000    0.000010433.4893   21.9298
    0.0000    7.5000    0.000010470.8096   21.9169
    7.5000    7.5000    0.0000 9851.0645   21.8551
   -7.5000   15.0000    0.000010136.9229   21.9664
    0.0000   15.0000    0.000010146.5430   21.9492
    7.5000   15.0000    0.0000 9541.2471   21.8821
   -7.5000   22.5000    0.0000 9268.4561   21.6962
    0.0000   22.5000    0.0000 9288.8701   21.6707
    7.5000   22.5000    0.0000 8722.0508   21.5995
   -7.5000   30.0000    0.0000 8400.8213   21.1470
    0.0000   30.0000    0.0000 8430.2158   21.1179
    7.5000   30.0000    0.0000 7924.3647   21.0491
   -7.5000   37.5000    0.0000 7546.4282   20.4971
    0.0000   37.5000    0.0000 7594.3770   20.4727
    7.5000   37.5000    0.0000 7144.4229   20.4103
   -7.5000   45.0000    0.0000 6748.2642   20.1454
    0.0000   45.0000    0.0000 6786.5552   20.1349
    7.5000   45.0000    0.0000 6381.6519   20.0797
   -7.5000  -45.0000    7.5000 8324.1162   20.0704
    0.0000  -45.0000    7.5000 8404.8848   20.0660
    7.5000  -45.0000    7.5000 7964.0439   20.0221
   -7.5000  -37.5000    7.5000 8805.8096   21.3894
    0.0000  -37.5000    7.5000 8881.2471   21.3832
    7.5000  -37.5000    7.5000 8422.9941   21.3338
   -7.5000  -30.0000    7.5000 9335.6191   21.9820
    0.0000  -30.0000    7.5000 9417.5850   21.9682
    7.5000  -30.0000    7.5000 8935.2480   21.9106
   -7.5000  -22.5000    7.5000 9990.2373   21.9875
    0.0000  -22.5000    7.500010126.8760   21.9676
    7.5000  -22.5000    7.5000 9539.9814   21.9060
   -7.5000  -15.0000    7.500010544.9688   21.9414
    0.0000  -15.0000    7.500010665.1836   21.9231
    7.5000  -15.0000    7.500010056.7275   21.8651
   -7.5000   -7.5000    7.500010586.2188   21.8968
    0.0000   -7.5000    7.500010677.3721   21.8854
    7.5000   -7.5000    7.500010093.3809   21.8336
   -7.5000    0.0000    7.500010570.2627   21.8937
    0.0000    0.0000    7.500010643.1084   21.8890
    7.5000    0.0000    7.500010094.7402   21.8411
   -7.5000    7.5000    7.500010040.0449   21.9284
    0.0000    7.5000    7.500010094.7285   21.9220
    7.5000    7.5000    7.5000 9573.4248   21.8714
   -7.5000   15.0000    7.5000 9721.4648   21.9742
    0.0000   15.0000    7.5000 9750.4404   21.9604
    7.5000   15.0000    7.5000 9227.1006   21.9028
   -7.5000   22.5000    7.5000 8889.2646   21.7029
    0.0000   22.5000    7.5000 8904.7783   21.6833
    7.5000   22.5000    7.5000 8419.1309   21.6225
   -7.5000   30.0000    7.5000 8075.4102   21.1434
    0.0000   30.0000    7.5000 8097.3872   21.1258
    7.5000   30.0000    7.5000 7646.2324   21.0699
   -7.5000   37.5000    7.5000 7254.7554   20.4856
    0.0000   37.5000    7.5000 7299.2075   20.4749
    7.5000   37.5000    7.5000 6890.9854   20.4264
   -7.5000   45.0000    7.5000 6480.6240   20.1385
    0.0000   45.0000    7.5000 6518.2920   20.1380
    7.5000   45.0000    7.5000 6167.6035   20.0947
   -7.5000  -45.0000   15.0000 8363.5830   20.0447
    0.0000  -45.0000   15.0000 8420.5771   20.0408
    7.5000  -45.0000   15.0000 8000.5195   20.0052
   -7.5000  -37.5000   15.0000 8804.6797   21.3576
    0.0000  -37.5000   15.0000 8881.4199   21.3475
    7.5000  -37.5000   15.0000 8455.1133   21.3090
   -7.5000  -30.0000   15.0000 9304.5000   21.9497
    0.0000  -30.0000   15.0000 9397.0352   21.9309
    7.5000  -30.0000   15.0000 8969.7158   21.8868
   -7.5000  -22.5000   15.0000 9962.3740   21.9591
    0.0000  -22.5000   15.000010091.1895   21.9375
    7.5000  -22.5000   15.0000 9547.8037   21.8900
   -7.5000  -15.0000   15.000010559.5283   21.9172
    0.0000  -15.0000   15.000010665.6660   21.9025
    7.5000  -15.0000   15.000010107.5400   21.8567
   -7.5000   -7.5000   15.000010643.2871   21.8733
    0.0000   -7.5000   15.000010714.6201   21.8665
    7.5000   -7.5000   15.000010179.7861   21.8245
   -7.5000    0.0000   15.000010638.1982   21.8657
    0.0000    0.0000   15.000010691.1494   21.8616
    7.5000    0.0000   15.000010177.0986   21.8227
   -7.5000    7.5000   15.000010056.0879   21.8958
    0.0000    7.5000   15.000010084.4766   21.8855
    7.5000    7.5000   15.0000 9608.4189   21.8460
   -7.5000   15.0000   15.0000 9676.1514   21.9420
    0.0000   15.0000   15.0000 9658.4609   21.9231
    7.5000   15.0000   15.0000 9214.8389   21.8790
   -7.5000   22.5000   15.0000 8827.1875   21.6749
    0.0000   22.5000   15.0000 8809.9141   21.6536
    7.5000   22.5000   15.0000 8401.9258   21.6067
   -7.5000   30.0000   15.0000 8044.6108   21.1201
    0.0000   30.0000   15.0000 8037.3086   21.1059
    7.5000   30.0000   15.0000 7650.3579   21.0618
   -7.5000   37.5000   15.0000 7225.7256   20.4636
    0.0000   37.5000   15.0000 7231.2339   20.4572
    7.5000   37.5000   15.0000 6886.8105   20.4178
   -7.5000   45.0000   15.0000 6442.9316   20.1138
    0.0000   45.0000   15.0000 6453.9473   20.1127
    7.5000   45.0000   15.0000 6144.7988   20.0773
   -7.5000  -45.0000   22.5000 7944.4380   20.0903
    0.0000  -45.0000   22.5000 8009.4351   20.0780
    7.5000  -45.0000   22.5000 7624.2856   20.0388
   -7.5000  -37.5000   22.5000 8380.8496   21.3912
    0.0000  -37.5000   22.5000 8457.3193   21.3724
    7.5000  -37.5000   22.5000 8055.0679   21.3345
   -7.5000  -30.0000   22.5000 8863.5781   21.9758
    0.0000  -30.0000   22.5000 8949.0938   21.9499
    7.5000  -30.0000   22.5000 8533.5723   21.9109
   -7.5000  -22.5000   22.5000 9427.8799   21.9911
    0.0000  -22.5000   22.5000 9527.0811   21.9640
    7.5000  -22.5000   22.5000 9077.7129   21.9219
   -7.5000  -15.0000   22.500010010.9277   21.9644
    0.0000  -15.0000   22.500010085.9980   21.9440
    7.5000  -15.0000   22.5000 9596.5674   21.8995
   -7.5000   -7.5000   22.500010160.3242   21.9293
    0.0000   -7.5000   22.500010214.0049   21.9152
    7.5000   -7.5000   22.5000 9681.3350   21.8701
   -7.5000    0.0000   22.500010195.1777   21.9155
    0.0000    0.0000   22.500010225.8232   21.9022
    7.5000    0.0000   22.5000 9699.1621   21.8594
   -7.5000    7.5000   22.5000 9596.5977   21.9303
    0.0000    7.5000   22.5000 9604.4834   21.9110
    7.5000    7.5000   22.5000 9148.6445   21.8721
   -7.5000   15.0000   22.5000 9191.6416   21.9680
    0.0000   15.0000   22.5000 9170.0469   21.9421
    7.5000   15.0000   22.5000 8755.5098   21.9031
   -7.5000   22.5000   22.5000 8373.5771   21.7065
    0.0000   22.5000   22.5000 8354.2119   21.6797
    7.5000   22.5000   22.5000 7967.9409   21.6382
   -7.5000   30.0000   22.5000 7625.0552   21.1656
    0.0000   30.0000   22.5000 7621.5967   21.1459
    7.5000   30.0000   22.5000 7265.5234   21.1030
   -7.5000   37.5000   22.5000 6839.4604   20.5160
    0.0000   37.5000   22.5000 6836.1562   20.5027
    7.5000   37.5000   22.5000 6525.2012   20.4603
   -7.5000   45.0000   22.5000 6085.2622   20.1588
    0.0000   45.0000   22.5000 6095.3130   20.1491
    7.5000   45.0000   22.5000 5799.5723   20.1101
   -7.5000  -45.0000   30.0000 7497.7227   20.1275
    0.0000  -45.0000   30.0000 7541.8477   20.1029
    7.5000  -45.0000   30.0000 7171.6328   20.0476
   -7.5000  -37.5000   30.0000 7921.3989   21.4295
    0.0000  -37.5000   30.0000 7987.9375   21.4028
    7.5000  -37.5000   30.0000 7588.0830   21.3498
   -7.5000  -30.0000   30.0000 8414.8877   22.0105
    0.0000  -30.0000   30.0000 8475.6865   21.9797
    7.5000  -30.0000   30.0000 8045.5151   21.9273
   -7.5000  -22.5000   30.0000 8956.4355   22.0286
    0.0000  -22.5000   30.0000 9000.7686   21.9948
    7.5000  -22.5000   30.0000 8569.8691   21.9391
   -7.5000  -15.0000   30.0000 9436.2334   22.0133
    0.0000  -15.0000   30.0000 9490.1025   21.9806
    7.5000  -15.0000   30.0000 9047.1221   21.9205
   -7.5000   -7.5000   30.0000 9517.0488   21.9859
    0.0000   -7.5000   30.0000 9580.1357   21.9564
    7.5000   -7.5000   30.0000 9116.2090   21.8938
   -7.5000    0.0000   30.0000 9569.5586   21.9696
    0.0000    0.0000   30.0000 9623.6055   21.9428
    7.5000    0.0000   30.0000 9134.3213   21.8824
   -7.5000    7.5000   30.0000 9049.5684   21.9733
    0.0000    7.5000   30.0000 9095.8711   21.9459
    7.5000    7.5000   30.0000 8631.0752   21.8915
   -7.5000   15.0000   30.0000 8677.4287   22.0027
    0.0000   15.0000   30.0000 8689.3887   21.9719
    7.5000   15.0000   30.0000 8252.2783   21.9195
   -7.5000   22.5000   30.0000 7914.1943   21.7416
    0.0000   22.5000   30.0000 7913.2720   21.7082
    7.5000   22.5000   30.0000 7517.1021   21.6533
   -7.5000   30.0000   30.0000 7190.5444   21.2224
    0.0000   30.0000   30.0000 7186.0986   21.1909
    7.5000   30.0000   30.0000 6820.9702   21.1329
   -7.5000   37.5000   30.0000 6428.5996   20.5881
    0.0000   37.5000   30.0000 6421.3862   20.5604
    7.5000   37.5000   30.0000 6096.9360   20.5016
   -7.5000   45.0000   30.0000 5700.8403   20.2355
    0.0000   45.0000   30.0000 5709.9590   20.2145
    7.5000   45.0000   30.0000 5423.7979   20.1601
   -7.5000  -45.0000   37.5000 7055.5591   20.1075
    0.0000  -45.0000   37.5000 7110.9966   20.0773
    7.5000  -45.0000   37.5000 6712.2104   20.0086
   -7.5000  -37.5000   37.5000 7456.6123   21.4139
    0.0000  -37.5000   37.5000 7514.5811   21.3859
    7.5000  -37.5000   37.5000 7113.2705   21.3183
   -7.5000  -30.0000   37.5000 7912.6353   21.9766
    0.0000  -30.0000   37.5000 7966.2285   21.9455
    7.5000  -30.0000   37.5000 7545.9634   21.8758
   -7.5000  -22.5000   37.5000 8399.8955   21.9899
    0.0000  -22.5000   37.5000 8452.6426   21.9519
    7.5000  -22.5000   37.5000 8032.4272   21.8768
   -7.5000  -15.0000   37.5000 8832.2334   21.9740
    0.0000  -15.0000   37.5000 8906.6387   21.9318
    7.5000  -15.0000   37.5000 8472.8828   21.8522
   -7.5000   -7.5000   37.5000 8898.3633   21.9500
    0.0000   -7.5000   37.5000 8969.9082   21.9101
    7.5000   -7.5000   37.5000 8534.9609   21.8305
   -7.5000    0.0000   37.5000 8943.5264   21.9393
    0.0000    0.0000   37.5000 8995.3574   21.9063
    7.5000    0.0000   37.5000 8556.7705   21.8314
   -7.5000    7.5000   37.5000 8474.5430   21.9437
    0.0000    7.5000   37.5000 8522.3516   21.9150
    7.5000    7.5000   37.5000 8096.4790   21.8457
   -7.5000   15.0000   37.5000 8162.2490   21.9686
    0.0000   15.0000   37.5000 8177.4233   21.9375
    7.5000   15.0000   37.5000 7771.8955   21.8678
   -7.5000   22.5000   37.5000 7462.3037   21.6996
    0.0000   22.5000   37.5000 7461.5078   21.6621
    7.5000   22.5000   37.5000 7088.0674   21.5880
   -7.5000   30.0000   37.5000 6767.9346   21.1844
    0.0000   30.0000   37.5000 6767.1499   21.1437
    7.5000   30.0000   37.5000 6409.3638   21.0669
   -7.5000   37.5000   37.5000 6021.3599   20.5548
    0.0000   37.5000   37.5000 6036.1533   20.5174
    7.5000   37.5000   37.5000 5710.2124   20.4428
   -7.5000   45.0000   37.5000 5336.4258   20.2100
    0.0000   45.0000   37.5000 5349.3643   20.1844
    7.5000   45.0000   37.5000 5079.1724   20.1173
   -7.5000  -45.0000   45.0000 6557.8325   20.2199
    0.0000  -45.0000   45.0000 6600.7012   20.1967
    7.5000  -45.0000   45.0000 6238.6270   20.1275
   -7.5000  -37.5000   45.0000 6941.5527   21.5496
    0.0000  -37.5000   45.0000 6991.5957   21.5276
    7.5000  -37.5000   45.0000 6621.8789   21.4547
   -7.5000  -30.0000   45.0000 7362.7080   22.1040
    0.0000  -30.0000   45.0000 7415.2188   22.0769
    7.5000  -30.0000   45.0000 7020.2354   21.9971
   -7.5000  -22.5000   45.0000 7815.1064   22.1127
    0.0000  -22.5000   45.0000 7877.7588   22.0783
    7.5000  -22.5000   45.0000 7473.2710   21.9929
   -7.5000  -15.0000   45.0000 8211.0938   22.0821
    0.0000  -15.0000   45.0000 8291.4199   22.0445
    7.5000  -15.0000   45.0000 7871.0811   21.9592
   -7.5000   -7.5000   45.0000 8263.5830   22.0487
    0.0000   -7.5000   45.0000 8339.2686   22.0153
    7.5000   -7.5000   45.0000 7925.7944   21.9347
   -7.5000    0.0000   45.0000 8302.7881   22.0428
    0.0000    0.0000   45.0000 8368.8838   22.0176
    7.5000    0.0000   45.0000 7957.4648   21.9422
   -7.5000    7.5000   45.0000 7895.2832   22.0616
    0.0000    7.5000   45.0000 7937.5991   22.0390
    7.5000    7.5000   45.0000 7540.6758   21.9644
   -7.5000   15.0000   45.0000 7593.8086   22.0957
    0.0000   15.0000   45.0000 7630.5464   22.0686
    7.5000   15.0000   45.0000 7243.7363   21.9889
   -7.5000   22.5000   45.0000 6938.8047   21.8179
    0.0000   22.5000   45.0000 6960.2744   21.7839
    7.5000   22.5000   45.0000 6605.1694   21.6997
   -7.5000   30.0000   45.0000 6293.1318   21.2865
    0.0000   30.0000   45.0000 6331.5273   21.2502
    7.5000   30.0000   45.0000 5996.6724   21.1680
   -7.5000   37.5000   45.0000 5613.6758   20.6419
    0.0000   37.5000   45.0000 5653.3491   20.6106
    7.5000   37.5000   45.0000 5350.8545   20.5351
   -7.5000   45.0000   45.0000 4985.0859   20.2867
    0.0000   45.0000   45.0000 5009.5688   20.2686
    7.5000   45.0000   45.0000 4752.5298   20.2010

---------------------------------------------------------------------
imgreg_4dfp /opt/freesurfer/average/711-2C_as_mni_average_305 /opt/freesurfer/average/711-2B_as_mni_average_305_mask talsrcimg_g11 none talsrcimg_to_711-2C_as_mni_average_305_t4 4355
---------------------------------------------------------------------

freesurfer imgreg_4dfp.c
/opt/freesurfer/average/711-2C_as_mni_average_305.4dfp.img
       256       256       256         1
  1.000000  1.000000  1.000000
orientation T byte_order littleendian
Reading image: /opt/freesurfer/average/711-2C_as_mni_average_305.4dfp.img
dimensions:      256       256       256
mmppix:       1.0000   -1.0000   -1.0000
center:     128.0000 -129.0000 -129.0000
/opt/freesurfer/average/711-2B_as_mni_average_305_mask.4dfp.img
       256       256       256         1
  1.000000  1.000000  1.000000
orientation T byte_order littleendian
Reading mask: /opt/freesurfer/average/711-2B_as_mni_average_305_mask.4dfp.img (2306576 pixels)
talsrcimg_g11.4dfp.img
       256       256       256         1
  0.898438  0.898438  0.898438
orientation T byte_order littleendian
Reading image: talsrcimg_g11.4dfp.img
dimensions:      256       256       256
mmppix:       0.8984   -0.8984   -0.8984
center:     115.0001 -115.8985 -115.8985
rotation matrix determinant  1.000000
image alignment mode   4355 decimal     1103 hex
   -7.5000  -52.5000  -45.0000 1761.9840   20.8537
    0.0000  -52.5000  -45.0000 1768.6019   20.8523
    7.5000  -52.5000  -45.0000 1748.1823   21.2034
   -7.5000  -45.0000  -45.0000 1860.0786   19.2838
    0.0000  -45.0000  -45.0000 1866.9403   19.2855
    7.5000  -45.0000  -45.0000 1846.0383   19.5470
   -7.5000  -37.5000  -45.0000 1934.3206   18.0801
    0.0000  -37.5000  -45.0000 1936.7330   18.1027
    7.5000  -37.5000  -45.0000 1917.5403   18.3769
   -7.5000  -30.0000  -45.0000 1979.9216   17.1830
    0.0000  -30.0000  -45.0000 1981.7407   17.1894
    7.5000  -30.0000  -45.0000 1959.4279   17.4347
   -7.5000  -22.5000  -45.0000 2001.9850   16.5525
    0.0000  -22.5000  -45.0000 2006.2734   16.5394
    7.5000  -22.5000  -45.0000 1985.6753   16.7455
   -7.5000  -15.0000  -45.0000 2008.1208   16.2523
    0.0000  -15.0000  -45.0000 2016.7881   16.2198
    7.5000  -15.0000  -45.0000 1994.2324   16.4855
   -7.5000   -7.5000  -45.0000 2003.1663   16.3208
    0.0000   -7.5000  -45.0000 2013.5654   16.3380
    7.5000   -7.5000  -45.0000 1990.1650   16.6144
   -7.5000    0.0000  -45.0000 1981.7325   16.8012
    0.0000    0.0000  -45.0000 1992.9637   16.7873
    7.5000    0.0000  -45.0000 1968.4718   17.0856
   -7.5000    7.5000  -45.0000 1942.6128   17.6637
    0.0000    7.5000  -45.0000 1954.9268   17.6064
    7.5000    7.5000  -45.0000 1930.3400   17.9593
   -7.5000   15.0000  -45.0000 1891.9025   18.8541
    0.0000   15.0000  -45.0000 1902.8019   18.7732
    7.5000   15.0000  -45.0000 1877.8748   19.0976
   -7.5000   22.5000  -45.0000 1818.2703   20.4306
    0.0000   22.5000  -45.0000 1831.7560   20.3453
    7.5000   22.5000  -45.0000 1802.7374   20.7065
   -7.5000   30.0000  -45.0000 1725.6608   22.4921
    0.0000   30.0000  -45.0000 1739.3073   22.4206
    7.5000   30.0000  -45.0000 1711.1230   22.8323
   -7.5000   37.5000  -45.0000 1602.6411   25.0829
    0.0000   37.5000  -45.0000 1610.7018   24.9426
    7.5000   37.5000  -45.0000 1583.2081   25.4715
   -7.5000  -52.5000  -37.5000 1915.6434   20.2028
    0.0000  -52.5000  -37.5000 1921.4978   20.2131
    7.5000  -52.5000  -37.5000 1896.0165   20.5089
   -7.5000  -45.0000  -37.5000 2035.0554   18.7026
    0.0000  -45.0000  -37.5000 2041.4471   18.7253
    7.5000  -45.0000  -37.5000 2011.7958   18.9904
   -7.5000  -37.5000  -37.5000 2113.9919   17.5238
    0.0000  -37.5000  -37.5000 2116.1567   17.5553
    7.5000  -37.5000  -37.5000 2086.6323   17.8037
   -7.5000  -30.0000  -37.5000 2162.0232   16.6812
    0.0000  -30.0000  -37.5000 2162.9226   16.6827
    7.5000  -30.0000  -37.5000 2133.6672   16.9035
   -7.5000  -22.5000  -37.5000 2181.8469   16.1013
    0.0000  -22.5000  -37.5000 2185.6238   16.0542
    7.5000  -22.5000  -37.5000 2156.6851   16.2574
   -7.5000  -15.0000  -37.5000 2182.7888   15.8010
    0.0000  -15.0000  -37.5000 2192.4827   15.7705
    7.5000  -15.0000  -37.5000 2167.3496   15.9711
   -7.5000   -7.5000  -37.5000 2170.9211   15.8747
    0.0000   -7.5000  -37.5000 2179.5515   15.8416
    7.5000   -7.5000  -37.5000 2157.9561   16.0801
   -7.5000    0.0000  -37.5000 2146.5107   16.2961
    0.0000    0.0000  -37.5000 2162.5552   16.2623
    7.5000    0.0000  -37.5000 2138.1716   16.5221
   -7.5000    7.5000  -37.5000 2110.0427   17.1296
    0.0000    7.5000  -37.5000 2123.5200   17.0716
    7.5000    7.5000  -37.5000 2098.1272   17.3651
   -7.5000   15.0000  -37.5000 2051.3228   18.3446
    0.0000   15.0000  -37.5000 2065.8135   18.2684
    7.5000   15.0000  -37.5000 2038.8583   18.5475
   -7.5000   22.5000  -37.5000 1968.7994   19.9316
    0.0000   22.5000  -37.5000 1988.6705   19.8435
    7.5000   22.5000  -37.5000 1959.2802   20.1771
   -7.5000   30.0000  -37.5000 1868.8812   21.9178
    0.0000   30.0000  -37.5000 1887.8196   21.8422
    7.5000   30.0000  -37.5000 1857.6503   22.2217
   -7.5000   37.5000  -37.5000 1732.4235   24.3924
    0.0000   37.5000  -37.5000 1751.4778   24.2897
    7.5000   37.5000  -37.5000 1724.4298   24.7083
   -7.5000  -52.5000  -30.0000 2056.3484   19.5565
    0.0000  -52.5000  -30.0000 2061.6064   19.5338
    7.5000  -52.5000  -30.0000 2037.0237   19.8480
   -7.5000  -45.0000  -30.0000 2186.9226   18.0496
    0.0000  -45.0000  -30.0000 2190.6582   18.0312
    7.5000  -45.0000  -30.0000 2155.9827   18.3049
   -7.5000  -37.5000  -30.0000 2270.9529   16.8674
    0.0000  -37.5000  -30.0000 2271.9514   16.8583
    7.5000  -37.5000  -30.0000 2240.9084   17.0948
   -7.5000  -30.0000  -30.0000 2322.3669   16.0151
    0.0000  -30.0000  -30.0000 2326.0991   15.9609
    7.5000  -30.0000  -30.0000 2291.0771   16.1589
   -7.5000  -22.5000  -30.0000 2349.1758   15.4652
    0.0000  -22.5000  -30.0000 2356.0149   15.3825
    7.5000  -22.5000  -30.0000 2323.9375   15.5849
   -7.5000  -15.0000  -30.0000 2354.2383   15.1905
    0.0000  -15.0000  -30.0000 2366.2437   15.1621
    7.5000  -15.0000  -30.0000 2336.9209   15.3392
   -7.5000   -7.5000  -30.0000 2339.5002   15.3367
    0.0000   -7.5000  -30.0000 2354.1753   15.2743
    7.5000   -7.5000  -30.0000 2332.3401   15.5057
   -7.5000    0.0000  -30.0000 2316.8718   15.7549
    0.0000    0.0000  -30.0000 2332.2090   15.6770
    7.5000    0.0000  -30.0000 2304.3079   15.9392
   -7.5000    7.5000  -30.0000 2272.8994   16.5712
    0.0000    7.5000  -30.0000 2290.2808   16.4873
    7.5000    7.5000  -30.0000 2257.3955   16.7650
   -7.5000   15.0000  -30.0000 2205.3330   17.7480
    0.0000   15.0000  -30.0000 2224.5247   17.6336
    7.5000   15.0000  -30.0000 2191.9949   17.9346
   -7.5000   22.5000  -30.0000 2112.5659   19.2608
    0.0000   22.5000  -30.0000 2133.2854   19.1717
    7.5000   22.5000  -30.0000 2102.8821   19.4873
   -7.5000   30.0000  -30.0000 1999.4600   21.1858
    0.0000   30.0000  -30.0000 2019.4053   21.0950
    7.5000   30.0000  -30.0000 1990.3608   21.4192
   -7.5000   37.5000  -30.0000 1856.4746   23.5602
    0.0000   37.5000  -30.0000 1875.1123   23.5136
    7.5000   37.5000  -30.0000 1847.7261   23.8736
   -7.5000  -52.5000  -22.5000 2169.9561   18.7774
    0.0000  -52.5000  -22.5000 2173.2991   18.7239
    7.5000  -52.5000  -22.5000 2149.1277   19.0443
   -7.5000  -45.0000  -22.5000 2305.0100   17.2794
    0.0000  -45.0000  -22.5000 2310.7500   17.2507
    7.5000  -45.0000  -22.5000 2277.2708   17.5337
   -7.5000  -37.5000  -22.5000 2395.3989   16.0929
    0.0000  -37.5000  -22.5000 2400.8423   16.0593
    7.5000  -37.5000  -22.5000 2367.7659   16.2934
   -7.5000  -30.0000  -22.5000 2456.8271   15.2443
    0.0000  -30.0000  -22.5000 2463.1909   15.1752
    7.5000  -30.0000  -22.5000 2425.9136   15.3860
   -7.5000  -22.5000  -22.5000 2492.0334   14.7286
    0.0000  -22.5000  -22.5000 2507.1792   14.6593
    7.5000  -22.5000  -22.5000 2470.7534   14.8350
   -7.5000  -15.0000  -22.5000 2514.0581   14.4926
    0.0000  -15.0000  -22.5000 2527.9375   14.4389
    7.5000  -15.0000  -22.5000 2492.0706   14.6372
   -7.5000   -7.5000  -22.5000 2505.9485   14.6571
    0.0000   -7.5000  -22.5000 2520.6765   14.5822
    7.5000   -7.5000  -22.5000 2491.8105   14.7957
   -7.5000    0.0000  -22.5000 2474.2966   15.0698
    0.0000    0.0000  -22.5000 2493.7568   15.0105
    7.5000    0.0000  -22.5000 2460.2820   15.2425
   -7.5000    7.5000  -22.5000 2421.6877   15.8924
    0.0000    7.5000  -22.5000 2442.9316   15.7899
    7.5000    7.5000  -22.5000 2402.6355   16.0273
   -7.5000   15.0000  -22.5000 2343.9036   17.0128
    0.0000   15.0000  -22.5000 2367.5874   16.9006
    7.5000   15.0000  -22.5000 2326.2988   17.1458
   -7.5000   22.5000  -22.5000 2242.1938   18.4315
    0.0000   22.5000  -22.5000 2264.2471   18.3573
    7.5000   22.5000  -22.5000 2226.1477   18.6196
   -7.5000   30.0000  -22.5000 2119.8940   20.2894
    0.0000   30.0000  -22.5000 2142.1377   20.2139
    7.5000   30.0000  -22.5000 2107.7446   20.4899
   -7.5000   37.5000  -22.5000 1963.3934   22.6022
    0.0000   37.5000  -22.5000 1982.1136   22.5325
    7.5000   37.5000  -22.5000 1952.0289   22.8636
   -7.5000  -52.5000  -15.0000 2251.9958   17.9547
    0.0000  -52.5000  -15.0000 2257.2815   17.9127
    7.5000  -52.5000  -15.0000 2226.3450   18.2649
   -7.5000  -45.0000  -15.0000 2393.2410   16.4859
    0.0000  -45.0000  -15.0000 2397.6577   16.4392
    7.5000  -45.0000  -15.0000 2366.0115   16.7394
   -7.5000  -37.5000  -15.0000 2493.5454   15.3058
    0.0000  -37.5000  -15.0000 2497.8904   15.2597
    7.5000  -37.5000  -15.0000 2461.7361   15.4862
   -7.5000  -30.0000  -15.0000 2561.0908   14.4538
    0.0000  -30.0000  -15.0000 2570.9436   14.4041
    7.5000  -30.0000  -15.0000 2535.7131   14.6102
   -7.5000  -22.5000  -15.0000 2612.3879   13.9376
    0.0000  -22.5000  -15.0000 2620.6455   13.8738
    7.5000  -22.5000  -15.0000 2586.0410   14.0798
   -7.5000  -15.0000  -15.0000 2639.3752   13.7172
    0.0000  -15.0000  -15.0000 2656.6646   13.6728
    7.5000  -15.0000  -15.0000 2618.3230   13.8653
   -7.5000   -7.5000  -15.0000 2638.5857   13.8692
    0.0000   -7.5000  -15.0000 2660.9058   13.8161
    7.5000   -7.5000  -15.0000 2618.5771   14.0097
   -7.5000    0.0000  -15.0000 2610.8916   14.3324
    0.0000    0.0000  -15.0000 2633.2668   14.2656
    7.5000    0.0000  -15.0000 2585.6460   14.4527
   -7.5000    7.5000  -15.0000 2554.6843   15.1181
    0.0000    7.5000  -15.0000 2573.3196   15.0322
    7.5000    7.5000  -15.0000 2526.8486   15.2688
   -7.5000   15.0000  -15.0000 2461.3928   16.2096
    0.0000   15.0000  -15.0000 2482.5339   16.1080
    7.5000   15.0000  -15.0000 2438.7439   16.3147
   -7.5000   22.5000  -15.0000 2347.1638   17.5849
    0.0000   22.5000  -15.0000 2366.6689   17.4682
    7.5000   22.5000  -15.0000 2328.7747   17.6905
   -7.5000   30.0000  -15.0000 2212.3972   19.3487
    0.0000   30.0000  -15.0000 2234.9143   19.2296
    7.5000   30.0000  -15.0000 2198.4053   19.5507
   -7.5000   37.5000  -15.0000 2047.0667   21.5513
    0.0000   37.5000  -15.0000 2064.9231   21.4420
    7.5000   37.5000  -15.0000 2034.4690   21.7571
   -7.5000  -52.5000   -7.5000 2295.1997   17.0565
    0.0000  -52.5000   -7.5000 2299.4966   17.0676
    7.5000  -52.5000   -7.5000 2267.8389   17.4553
   -7.5000  -45.0000   -7.5000 2443.3096   15.6481
    0.0000  -45.0000   -7.5000 2446.8625   15.6306
    7.5000  -45.0000   -7.5000 2413.8689   15.9637
   -7.5000  -37.5000   -7.5000 2558.0291   14.4787
    0.0000  -37.5000   -7.5000 2562.6897   14.4487
    7.5000  -37.5000   -7.5000 2525.2356   14.7227
   -7.5000  -30.0000   -7.5000 2635.2354   13.6497
    0.0000  -30.0000   -7.5000 2648.8308   13.5859
    7.5000  -30.0000   -7.5000 2611.4290   13.8306
   -7.5000  -22.5000   -7.5000 2696.2400   13.1320
    0.0000  -22.5000   -7.5000 2715.4001   13.0650
    7.5000  -22.5000   -7.5000 2675.7307   13.2999
   -7.5000  -15.0000   -7.5000 2737.3181   12.9265
    0.0000  -15.0000   -7.5000 2759.5320   12.8883
    7.5000  -15.0000   -7.5000 2710.5771   13.0861
   -7.5000   -7.5000   -7.5000 2743.3384   13.0476
    0.0000   -7.5000   -7.5000 2766.1816   13.0157
    7.5000   -7.5000   -7.5000 2711.5129   13.2050
   -7.5000    0.0000   -7.5000 2709.1440   13.5307
    0.0000    0.0000   -7.5000 2732.4795   13.4830
    7.5000    0.0000   -7.5000 2679.3369   13.6740
   -7.5000    7.5000   -7.5000 2642.0381   14.3007
    0.0000    7.5000   -7.5000 2663.6572   14.2386
    7.5000    7.5000   -7.5000 2618.2205   14.4303
   -7.5000   15.0000   -7.5000 2541.4094   15.3690
    0.0000   15.0000   -7.5000 2561.6357   15.2723
    7.5000   15.0000   -7.5000 2521.6582   15.4578
   -7.5000   22.5000   -7.5000 2414.1682   16.7073
    0.0000   22.5000   -7.5000 2434.1404   16.5944
    7.5000   22.5000   -7.5000 2397.9126   16.8249
   -7.5000   30.0000   -7.5000 2271.2358   18.4414
    0.0000   30.0000   -7.5000 2289.5625   18.3236
    7.5000   30.0000   -7.5000 2252.1863   18.6137
   -7.5000   37.5000   -7.5000 2100.6042   20.5161
    0.0000   37.5000   -7.5000 2115.9023   20.3942
    7.5000   37.5000   -7.5000 2081.9805   20.6885
   -7.5000  -52.5000    0.0000 2334.8481   16.4922
    0.0000  -52.5000    0.0000 2337.3828   16.5855
    7.5000  -52.5000    0.0000 2305.3838   16.9961
   -7.5000  -45.0000    0.0000 2489.2778   15.0692
    0.0000  -45.0000    0.0000 2491.0208   15.1321
    7.5000  -45.0000    0.0000 2455.7988   15.4956
   -7.5000  -37.5000    0.0000 2614.9062   13.9698
    0.0000  -37.5000    0.0000 2621.4541   13.9515
    7.5000  -37.5000    0.0000 2581.1785   14.2822
   -7.5000  -30.0000    0.0000 2708.2817   13.1463
    0.0000  -30.0000    0.0000 2725.9861   13.0970
    7.5000  -30.0000    0.0000 2680.0850   13.3792
   -7.5000  -22.5000    0.0000 2789.8608   12.6129
    0.0000  -22.5000    0.0000 2811.8052   12.5724
    7.5000  -22.5000    0.0000 2759.1960   12.8345
   -7.5000  -15.0000    0.0000 2843.3267   12.4027
    0.0000  -15.0000    0.0000 2874.1316   12.3827
    7.5000  -15.0000    0.0000 2805.3933   12.6221
   -7.5000   -7.5000    0.0000 2850.4265   12.5213
    0.0000   -7.5000    0.0000 2879.9219   12.5054
    7.5000   -7.5000    0.0000 2809.5090   12.7379
   -7.5000    0.0000    0.0000 2803.7290   12.9633
    0.0000    0.0000    0.0000 2828.3782   12.9554
    7.5000    0.0000    0.0000 2770.6653   13.1687
   -7.5000    7.5000    0.0000 2721.3250   13.7249
    0.0000    7.5000    0.0000 2742.5593   13.6674
    7.5000    7.5000    0.0000 2697.4546   13.8915
   -7.5000   15.0000    0.0000 2609.3574   14.7979
    0.0000   15.0000    0.0000 2630.8069   14.7247
    7.5000   15.0000    0.0000 2588.1619   14.9373
   -7.5000   22.5000    0.0000 2473.7146   16.1383
    0.0000   22.5000    0.0000 2493.7817   16.0781
    7.5000   22.5000    0.0000 2450.4434   16.3475
   -7.5000   30.0000    0.0000 2321.6355   17.8153
    0.0000   30.0000    0.0000 2338.2688   17.7518
    7.5000   30.0000    0.0000 2299.9036   18.0327
   -7.5000   37.5000    0.0000 2140.4590   19.8093
    0.0000   37.5000    0.0000 2155.5859   19.7406
    7.5000   37.5000    0.0000 2125.0178   20.0600
   -7.5000  -52.5000    7.5000 2351.5364   16.0862
    0.0000  -52.5000    7.5000 2357.4194   16.1806
    7.5000  -52.5000    7.5000 2324.0833   16.6659
   -7.5000  -45.0000    7.5000 2504.9233   14.6622
    0.0000  -45.0000    7.5000 2513.6062   14.7358
    7.5000  -45.0000    7.5000 2476.5242   15.1426
   -7.5000  -37.5000    7.5000 2637.9722   13.5430
    0.0000  -37.5000    7.5000 2649.9280   13.5489
    7.5000  -37.5000    7.5000 2607.7251   13.9232
   -7.5000  -30.0000    7.5000 2749.2490   12.7356
    0.0000  -30.0000    7.5000 2770.8469   12.6969
    7.5000  -30.0000    7.5000 2722.3635   13.0244
   -7.5000  -22.5000    7.5000 2850.5107   12.2456
    0.0000  -22.5000    7.5000 2879.8416   12.2024
    7.5000  -22.5000    7.5000 2817.2876   12.4782
   -7.5000  -15.0000    7.5000 2923.1843   12.0335
    0.0000  -15.0000    7.5000 2961.9578   12.0250
    7.5000  -15.0000    7.5000 2875.5986   12.2779
   -7.5000   -7.5000    7.5000 2931.2024   12.0753
    0.0000   -7.5000    7.5000 2970.5686   12.0546
    7.5000   -7.5000    7.5000 2879.9797   12.3660
   -7.5000    0.0000    7.5000 2861.0640   12.5274
    0.0000    0.0000    7.5000 2892.5356   12.5058
    7.5000    0.0000    7.5000 2828.1208   12.8066
   -7.5000    7.5000    7.5000 2761.9417   13.2861
    0.0000    7.5000    7.5000 2787.6189   13.2462
    7.5000    7.5000    7.5000 2737.5215   13.5003
   -7.5000   15.0000    7.5000 2642.2632   14.3189
    0.0000   15.0000    7.5000 2665.2527   14.2846
    7.5000   15.0000    7.5000 2617.8853   14.5136
   -7.5000   22.5000    7.5000 2499.0173   15.6188
    0.0000   22.5000    7.5000 2519.1665   15.5976
    7.5000   22.5000    7.5000 2478.1367   15.8627
   -7.5000   30.0000    7.5000 2339.1458   17.3003
    0.0000   30.0000    7.5000 2355.2666   17.2775
    7.5000   30.0000    7.5000 2317.5459   17.5611
   -7.5000   37.5000    7.5000 2153.9016   19.2972
    0.0000   37.5000    7.5000 2175.1216   19.2571
    7.5000   37.5000    7.5000 2138.9041   19.5928
   -7.5000  -52.5000   15.0000 2359.5386   15.9802
    0.0000  -52.5000   15.0000 2368.8284   16.0630
    7.5000  -52.5000   15.0000 2339.4978   16.5699
   -7.5000  -45.0000   15.0000 2508.8625   14.5580
    0.0000  -45.0000   15.0000 2517.2151   14.5861
    7.5000  -45.0000   15.0000 2481.0012   15.0363
   -7.5000  -37.5000   15.0000 2639.9143   13.4190
    0.0000  -37.5000   15.0000 2658.4709   13.4083
    7.5000  -37.5000   15.0000 2611.6475   13.8099
   -7.5000  -30.0000   15.0000 2760.5938   12.5629
    0.0000  -30.0000   15.0000 2786.2856   12.5224
    7.5000  -30.0000   15.0000 2738.0244   12.9245
   -7.5000  -22.5000   15.0000 2873.7124   12.0488
    0.0000  -22.5000   15.0000 2909.5750   12.0041
    7.5000  -22.5000   15.0000 2840.8892   12.3530
   -7.5000  -15.0000   15.0000 2948.6694   11.8823
    0.0000  -15.0000   15.0000 2992.9031   11.8377
    7.5000  -15.0000   15.0000 2904.2002   12.1422
   -7.5000   -7.5000   15.0000 2966.0698   11.9905
    0.0000   -7.5000   15.0000 3006.9536   11.9256
    7.5000   -7.5000   15.0000 2908.8206   12.2684
   -7.5000    0.0000   15.0000 2896.0964   12.3953
    0.0000    0.0000   15.0000 2924.6196   12.3633
    7.5000    0.0000   15.0000 2848.4185   12.6837
   -7.5000    7.5000   15.0000 2776.6174   13.0839
    0.0000    7.5000   15.0000 2803.3296   13.0137
    7.5000    7.5000   15.0000 2748.5012   13.3151
   -7.5000   15.0000   15.0000 2642.5396   14.0597
    0.0000   15.0000   15.0000 2665.9053   13.9945
    7.5000   15.0000   15.0000 2625.1760   14.2819
   -7.5000   22.5000   15.0000 2491.7039   15.3597
    0.0000   22.5000   15.0000 2515.4661   15.2962
    7.5000   22.5000   15.0000 2480.8411   15.6126
   -7.5000   30.0000   15.0000 2339.5171   17.0392
    0.0000   30.0000   15.0000 2356.9006   16.9777
    7.5000   30.0000   15.0000 2320.7056   17.3138
   -7.5000   37.5000   15.0000 2153.1982   19.0460
    0.0000   37.5000   15.0000 2171.5273   18.9932
    7.5000   37.5000   15.0000 2143.5288   19.3770
   -7.5000  -52.5000   22.5000 2359.9973   16.0935
    0.0000  -52.5000   22.5000 2366.0481   16.1552
    7.5000  -52.5000   22.5000 2336.7261   16.6900
   -7.5000  -45.0000   22.5000 2503.5291   14.6708
    0.0000  -45.0000   22.5000 2514.6816   14.6889
    7.5000  -45.0000   22.5000 2482.3452   15.1672
   -7.5000  -37.5000   22.5000 2627.2651   13.5279
    0.0000  -37.5000   22.5000 2649.0217   13.4987
    7.5000  -37.5000   22.5000 2609.0159   13.9411
   -7.5000  -30.0000   22.5000 2744.6167   12.7244
    0.0000  -30.0000   22.5000 2770.8979   12.6563
    7.5000  -30.0000   22.5000 2724.8560   13.0647
   -7.5000  -22.5000   22.5000 2845.0271   12.1950
    0.0000  -22.5000   22.5000 2875.9612   12.1583
    7.5000  -22.5000   22.5000 2821.8394   12.5104
   -7.5000  -15.0000   22.5000 2914.4512   12.0020
    0.0000  -15.0000   22.5000 2947.3396   11.9240
    7.5000  -15.0000   22.5000 2879.1614   12.2827
   -7.5000   -7.5000   22.5000 2924.5103   12.1294
    0.0000   -7.5000   22.5000 2959.0740   12.0692
    7.5000   -7.5000   22.5000 2884.2266   12.3704
   -7.5000    0.0000   22.5000 2865.4802   12.5478
    0.0000    0.0000   22.5000 2894.1196   12.4719
    7.5000    0.0000   22.5000 2824.5942   12.7867
   -7.5000    7.5000   22.5000 2753.3140   13.1660
    0.0000    7.5000   22.5000 2778.7822   13.0997
    7.5000    7.5000   22.5000 2729.6482   13.4139
   -7.5000   15.0000   22.5000 2623.3120   14.1174
    0.0000   15.0000   22.5000 2644.7141   14.0357
    7.5000   15.0000   22.5000 2608.5461   14.3406
   -7.5000   22.5000   22.5000 2472.7305   15.3633
    0.0000   22.5000   22.5000 2493.7944   15.2940
    7.5000   22.5000   22.5000 2462.6848   15.6036
   -7.5000   30.0000   22.5000 2320.7466   16.9935
    0.0000   30.0000   22.5000 2339.1763   16.9241
    7.5000   30.0000   22.5000 2309.2236   17.2293
   -7.5000   37.5000   22.5000 2136.4421   18.9416
    0.0000   37.5000   22.5000 2152.5974   18.9024
    7.5000   37.5000   22.5000 2130.3718   19.2238
   -7.5000  -52.5000   30.0000 2347.5972   16.5086
    0.0000  -52.5000   30.0000 2358.0576   16.5233
    7.5000  -52.5000   30.0000 2320.8345   17.0360
   -7.5000  -45.0000   30.0000 2486.9778   15.1188
    0.0000  -45.0000   30.0000 2501.0178   15.0688
    7.5000  -45.0000   30.0000 2463.9062   15.5470
   -7.5000  -37.5000   30.0000 2605.2632   13.9819
    0.0000  -37.5000   30.0000 2627.7363   13.9435
    7.5000  -37.5000   30.0000 2586.6699   14.3712
   -7.5000  -30.0000   30.0000 2714.1987   13.1612
    0.0000  -30.0000   30.0000 2738.0366   13.1256
    7.5000  -30.0000   30.0000 2692.4707   13.4745
   -7.5000  -22.5000   30.0000 2797.2422   12.6372
    0.0000  -22.5000   30.0000 2823.9873   12.5536
    7.5000  -22.5000   30.0000 2778.1643   12.8969
   -7.5000  -15.0000   30.0000 2844.0493   12.3739
    0.0000  -15.0000   30.0000 2873.1216   12.3000
    7.5000  -15.0000   30.0000 2827.4946   12.6191
   -7.5000   -7.5000   30.0000 2849.1528   12.4833
    0.0000   -7.5000   30.0000 2875.8257   12.4053
    7.5000   -7.5000   30.0000 2825.8650   12.6939
   -7.5000    0.0000   30.0000 2797.3418   12.8774
    0.0000    0.0000   30.0000 2819.4958   12.7936
    7.5000    0.0000   30.0000 2769.3018   13.0769
   -7.5000    7.5000   30.0000 2695.2637   13.5438
    0.0000    7.5000   30.0000 2718.8018   13.4515
    7.5000    7.5000   30.0000 2676.7849   13.7282
   -7.5000   15.0000   30.0000 2573.5481   14.4717
    0.0000   15.0000   30.0000 2595.3572   14.3929
    7.5000   15.0000   30.0000 2561.1782   14.6762
   -7.5000   22.5000   30.0000 2432.8501   15.7054
    0.0000   22.5000   30.0000 2456.7991   15.6175
    7.5000   22.5000   30.0000 2426.7969   15.8975
   -7.5000   30.0000   30.0000 2287.0737   17.2809
    0.0000   30.0000   30.0000 2307.3501   17.1407
    7.5000   30.0000   30.0000 2278.1050   17.4491
   -7.5000   37.5000   30.0000 2105.9126   19.1977
    0.0000   37.5000   30.0000 2119.8181   19.0639
    7.5000   37.5000   30.0000 2095.2039   19.3516
   -7.5000  -52.5000   37.5000 2310.9189   17.2220
    0.0000  -52.5000   37.5000 2322.8728   17.1937
    7.5000  -52.5000   37.5000 2284.9316   17.6707
   -7.5000  -45.0000   37.5000 2452.5344   15.8372
    0.0000  -45.0000   37.5000 2471.8235   15.8017
    7.5000  -45.0000   37.5000 2429.6116   16.1981
   -7.5000  -37.5000   37.5000 2568.1565   14.6920
    0.0000  -37.5000   37.5000 2589.2200   14.6444
    7.5000  -37.5000   37.5000 2547.4373   14.9942
   -7.5000  -30.0000   37.5000 2666.3411   13.8359
    0.0000  -30.0000   37.5000 2687.1213   13.7753
    7.5000  -30.0000   37.5000 2643.3640   14.1227
   -7.5000  -22.5000   37.5000 2732.5149   13.2825
    0.0000  -22.5000   37.5000 2755.9102   13.2135
    7.5000  -22.5000   37.5000 2712.1631   13.5299
   -7.5000  -15.0000   37.5000 2761.1897   12.9948
    0.0000  -15.0000   37.5000 2788.3391   12.9558
    7.5000  -15.0000   37.5000 2749.1177   13.2432
   -7.5000   -7.5000   37.5000 2748.1604   13.0820
    0.0000   -7.5000   37.5000 2776.3792   13.0006
    7.5000   -7.5000   37.5000 2739.1255   13.2994
   -7.5000    0.0000   37.5000 2697.0227   13.4594
    0.0000    0.0000   37.5000 2718.4807   13.3707
    7.5000    0.0000   37.5000 2683.4858   13.6536
   -7.5000    7.5000   37.5000 2605.2458   14.1152
    0.0000    7.5000   37.5000 2631.1160   14.0186
    7.5000    7.5000   37.5000 2597.3088   14.2744
   -7.5000   15.0000   37.5000 2502.7986   15.0696
    0.0000   15.0000   37.5000 2525.2393   14.9523
    7.5000   15.0000   37.5000 2494.8660   15.2110
   -7.5000   22.5000   37.5000 2375.0278   16.3205
    0.0000   22.5000   37.5000 2398.3320   16.1964
    7.5000   22.5000   37.5000 2371.1777   16.4284
   -7.5000   30.0000   37.5000 2235.8706   17.8256
    0.0000   30.0000   37.5000 2255.9392   17.6903
    7.5000   30.0000   37.5000 2229.6333   17.9451
   -7.5000   37.5000   37.5000 2057.5237   19.6228
    0.0000   37.5000   37.5000 2077.8298   19.4884
    7.5000   37.5000   37.5000 2053.4255   19.7739
   -7.5000  -52.5000   45.0000 2239.3433   18.0946
    0.0000  -52.5000   45.0000 2252.3281   18.0322
    7.5000  -52.5000   45.0000 2219.5337   18.4172
   -7.5000  -45.0000   45.0000 2376.7239   16.6705
    0.0000  -45.0000   45.0000 2396.4771   16.6219
    7.5000  -45.0000   45.0000 2358.1240   16.9733
   -7.5000  -37.5000   45.0000 2484.7898   15.5034
    0.0000  -37.5000   45.0000 2506.5752   15.4692
    7.5000  -37.5000   45.0000 2468.5244   15.7905
   -7.5000  -30.0000   45.0000 2572.6423   14.6489
    0.0000  -30.0000   45.0000 2594.3774   14.6131
    7.5000  -30.0000   45.0000 2556.1672   14.9113
   -7.5000  -22.5000   45.0000 2623.2092   14.0961
    0.0000  -22.5000   45.0000 2652.0100   14.0338
    7.5000  -22.5000   45.0000 2613.0288   14.3129
   -7.5000  -15.0000   45.0000 2641.2310   13.7898
    0.0000  -15.0000   45.0000 2667.5205   13.7653
    7.5000  -15.0000   45.0000 2633.1155   13.9975
   -7.5000   -7.5000   45.0000 2622.4927   13.8332
    0.0000   -7.5000   45.0000 2648.7693   13.7724
    7.5000   -7.5000   45.0000 2617.9829   14.0227
   -7.5000    0.0000   45.0000 2570.9009   14.1778
    0.0000    0.0000   45.0000 2594.2678   14.1125
    7.5000    0.0000   45.0000 2566.9062   14.3797
   -7.5000    7.5000   45.0000 2492.4573   14.8338
    0.0000    7.5000   45.0000 2514.6816   14.7445
    7.5000    7.5000   45.0000 2489.4426   15.0168
   -7.5000   15.0000   45.0000 2394.9075   15.7738
    0.0000   15.0000   45.0000 2416.5852   15.6667
    7.5000   15.0000   45.0000 2393.6948   15.9115
   -7.5000   22.5000   45.0000 2281.7688   16.9503
    0.0000   22.5000   45.0000 2299.1753   16.8331
    7.5000   22.5000   45.0000 2279.6650   17.0851
   -7.5000   30.0000   45.0000 2148.8870   18.4902
    0.0000   30.0000   45.0000 2172.2129   18.4009
    7.5000   30.0000   45.0000 2151.1968   18.6184
   -7.5000   37.5000   45.0000 1980.8890   20.3304
    0.0000   37.5000   45.0000 2004.2533   20.2274
    7.5000   37.5000   45.0000 1987.1204   20.5095

---------------------------------------------------------------------
imgreg_4dfp /opt/freesurfer/average/711-2C_as_mni_average_305 /opt/freesurfer/average/711-2B_as_mni_average_305_mask talsrcimg_g11 none talsrcimg_to_711-2C_as_mni_average_305_t4 1283
---------------------------------------------------------------------

freesurfer imgreg_4dfp.c
/opt/freesurfer/average/711-2C_as_mni_average_305.4dfp.img
       256       256       256         1
  1.000000  1.000000  1.000000
orientation T byte_order littleendian
Reading image: /opt/freesurfer/average/711-2C_as_mni_average_305.4dfp.img
dimensions:      256       256       256
mmppix:       1.0000   -1.0000   -1.0000
center:     128.0000 -129.0000 -129.0000
/opt/freesurfer/average/711-2B_as_mni_average_305_mask.4dfp.img
       256       256       256         1
  1.000000  1.000000  1.000000
orientation T byte_order littleendian
Reading mask: /opt/freesurfer/average/711-2B_as_mni_average_305_mask.4dfp.img (2306576 pixels)
talsrcimg_g11.4dfp.img
       256       256       256         1
  0.898438  0.898438  0.898438
orientation T byte_order littleendian
Reading image: talsrcimg_g11.4dfp.img
dimensions:      256       256       256
mmppix:       0.8984   -0.8984   -0.8984
center:     115.0001 -115.8985 -115.8985
rotation matrix determinant  1.000000
fimgreg.f
image alignment mode   1283 decimal      503 hex
parameters
    0.0000   -7.5000   15.0000    0.0000    0.0000    0.0000
eta,q 0.94310 11.91889
niter,ni,del,rscale     5    3   12.0000    1.2000
parameter  6  1.053823 ->  0.500000 qaram    1.1500
parameters
   -1.9372  -10.1569   13.0805   -0.7014   -1.0700   -3.4500
eta,q 0.95389 11.62706
  0.0632  0.0564  0.0560  0.0562  0.0566  0.0466
  0.0571  0.0534  0.0515  0.0533  0.0527  0.0460
  0.0549  0.0527  0.0505  0.0508  0.0508  0.0472
  0.0569  0.0549  0.0526  0.0506  0.0503  0.0503
  0.0628  0.0593  0.0559  0.0526  0.0525  0.0539
  0.0716  0.0658  0.0591  0.0557  0.0575  0.0576
  0.0802  0.0729  0.0630  0.0590  0.0635  0.0613
niter,ni,del,rscale     5    3   12.0000    1.2000
parameters
   -1.9520   -9.8853   13.6578   -0.8995   -1.2322   -4.2324
eta,q 0.95406 11.62980
  0.0680  0.0629  0.0600  0.0555  0.0559  0.0539
  0.0566  0.0559  0.0529  0.0515  0.0514  0.0492
  0.0487  0.0487  0.0483  0.0471  0.0478  0.0463
  0.0461  0.0461  0.0463  0.0463  0.0462  0.0462
  0.0488  0.0494  0.0475  0.0491  0.0475  0.0488
  0.0575  0.0542  0.0510  0.0527  0.0517  0.0529
  0.0677  0.0597  0.0550  0.0559  0.0576  0.0570
niter,ni,del,rscale     4    3   12.0000    1.2000
parameters
   -1.9411   -9.7191   13.7836   -1.0732   -1.3145   -4.4011
eta,q 0.95398 11.63646
  0.0677  0.0618  0.0579  0.0552  0.0560  0.0551
  0.0566  0.0550  0.0514  0.0514  0.0513  0.0508
  0.0484  0.0479  0.0475  0.0471  0.0478  0.0470
  0.0459  0.0459  0.0461  0.0461  0.0460  0.0460
  0.0486  0.0494  0.0479  0.0486  0.0472  0.0477
  0.0571  0.0540  0.0518  0.0523  0.0514  0.0516
  0.0670  0.0596  0.0561  0.0557  0.0570  0.0558
niter,ni,del,rscale     3    3   12.0000    1.2000
parameters
   -1.9197   -9.6187   13.7820   -1.1774   -1.3701   -4.4462
eta,q 0.95391 11.64083
  0.0677  0.0614  0.0574  0.0553  0.0561  0.0553
  0.0567  0.0547  0.0510  0.0516  0.0514  0.0512
  0.0486  0.0476  0.0473  0.0473  0.0479  0.0472
  0.0460  0.0460  0.0461  0.0461  0.0461  0.0461
  0.0487  0.0496  0.0481  0.0484  0.0472  0.0475
  0.0571  0.0541  0.0521  0.0520  0.0513  0.0513
  0.0669  0.0597  0.0564  0.0555  0.0569  0.0555
niter,ni,del,rscale     2    3   12.0000    1.2000
parameters
   -1.9009   -9.5607   13.7696   -1.2394   -1.4055   -4.4596
eta,q 0.95386 11.64362
  0.0677  0.0612  0.0574  0.0553  0.0562  0.0553
  0.0567  0.0545  0.0510  0.0517  0.0514  0.0512
  0.0486  0.0475  0.0473  0.0475  0.0479  0.0473
  0.0461  0.0461  0.0462  0.0462  0.0461  0.0461
  0.0488  0.0498  0.0481  0.0483  0.0472  0.0475
  0.0571  0.0542  0.0521  0.0519  0.0513  0.0512
  0.0669  0.0598  0.0565  0.0554  0.0569  0.0554
niter,ni,del,rscale     1    3   12.0000    1.2000
parameters
   -1.8872   -9.5271   13.7596   -1.2757   -1.4288   -4.4649
eta,q 0.95383 11.64530
  0.0676  0.0611  0.0574  0.0553  0.0562  0.0553
  0.0567  0.0544  0.0510  0.0518  0.0515  0.0513
  0.0486  0.0475  0.0473  0.0476  0.0480  0.0474
  0.0461  0.0461  0.0462  0.0462  0.0462  0.0462
  0.0489  0.0499  0.0482  0.0482  0.0472  0.0475
  0.0572  0.0543  0.0521  0.0518  0.0513  0.0512
  0.0669  0.0599  0.0565  0.0554  0.0568  0.0554
registration optimization eta report
parameter search radius
    6.0000    6.0000    6.0000    6.0000    6.0000    6.9000
100000*second partial in parameter space
       58.       38.       29.       24.       28.       19.
  0.0676  0.0611  0.0574  0.0553  0.0562  0.0553
  0.0567  0.0544  0.0510  0.0518  0.0515  0.0513
  0.0486  0.0475  0.0473  0.0476  0.0480  0.0474
  0.0461  0.0461  0.0462  0.0462  0.0462  0.0462
  0.0489  0.0499  0.0482  0.0482  0.0472  0.0475
  0.0572  0.0543  0.0521  0.0518  0.0513  0.0512
  0.0669  0.0599  0.0565  0.0554  0.0568  0.0554
   -1.8872   -9.5271   13.7596   -1.2757   -1.4288   -4.4649
eta,q 0.95383 11.64530

---------------------------------------------------------------------
imgreg_4dfp /opt/freesurfer/average/711-2C_as_mni_average_305 /opt/freesurfer/average/711-2B_as_mni_average_305_mask talsrcimg_g11 none talsrcimg_to_711-2C_as_mni_average_305_t4 3335
---------------------------------------------------------------------

freesurfer imgreg_4dfp.c
/opt/freesurfer/average/711-2C_as_mni_average_305.4dfp.img
       256       256       256         1
  1.000000  1.000000  1.000000
orientation T byte_order littleendian
Reading image: /opt/freesurfer/average/711-2C_as_mni_average_305.4dfp.img
dimensions:      256       256       256
mmppix:       1.0000   -1.0000   -1.0000
center:     128.0000 -129.0000 -129.0000
/opt/freesurfer/average/711-2B_as_mni_average_305_mask.4dfp.img
       256       256       256         1
  1.000000  1.000000  1.000000
orientation T byte_order littleendian
Reading mask: /opt/freesurfer/average/711-2B_as_mni_average_305_mask.4dfp.img (2306576 pixels)
talsrcimg_g11.4dfp.img
       256       256       256         1
  0.898438  0.898438  0.898438
orientation T byte_order littleendian
Reading image: talsrcimg_g11.4dfp.img
dimensions:      256       256       256
mmppix:       0.8984   -0.8984   -0.8984
center:     115.0001 -115.8985 -115.8985
fimgreg.f
image alignment mode   3335 decimal      D07 hex
parameters
   -1.8872   -9.5271   13.7596   -0.3345   -0.3239   -0.0559
    7.7275    2.6586   -7.7824    2.0256   -2.4935   -2.2257
eta,q 0.95195 11.78290
niter,ni,del,rscale     5    3    5.0000    1.2000
parameter  4  1.217970 ->  0.500000 qaram    1.1500
parameter  5  1.973019 ->  0.500000 qaram    1.1500
parameter  6  1.138512 ->  0.500000 qaram    1.1500
parameters
   -1.9348   -9.6035   13.7948   -4.4745   -4.4639   -4.1959
    7.8592    2.5519   -6.5157   -1.5159   -2.1006   -5.7096
eta,q 0.96655 11.09769
  0.0517  0.0499  0.0500  0.0423  0.0366  0.0335  0.0376  0.0396  0.0372  0.0348  0.0356  0.0338
  0.0497  0.0488  0.0490  0.0433  0.0384  0.0344  0.0362  0.0369  0.0360  0.0339  0.0347  0.0335
  0.0484  0.0482  0.0483  0.0452  0.0409  0.0361  0.0352  0.0353  0.0352  0.0338  0.0340  0.0335
  0.0481  0.0481  0.0480  0.0480  0.0438  0.0390  0.0348  0.0348  0.0348  0.0347  0.0338  0.0338
  0.0486  0.0483  0.0483  0.0522  0.0472  0.0430  0.0350  0.0354  0.0347  0.0362  0.0339  0.0345
  0.0500  0.0490  0.0489  0.0571  0.0514  0.0476  0.0359  0.0372  0.0351  0.0381  0.0344  0.0354
  0.0519  0.0501  0.0499  0.0624  0.0558  0.0532  0.0375  0.0398  0.0360  0.0406  0.0352  0.0366
niter,ni,del,rscale     7    3    5.0000    1.2000
parameter  4  0.590515 ->  0.500000 qaram    1.3225
parameter  5  0.818979 ->  0.500000 qaram    1.3225
parameter  6  0.725854 ->  0.500000 qaram    1.3225
parameters
   -1.7195   -9.1464   13.3571   -9.2355   -9.2249   -8.9569
    7.4435    2.4724   -7.3627   -0.2899   -1.8855   -5.3889
eta,q 0.97234 10.26825
  0.0377  0.0375  0.0346  0.0321  0.0296  0.0274  0.0302  0.0320  0.0296  0.0325  0.0291  0.0291
  0.0355  0.0356  0.0337  0.0320  0.0296  0.0276  0.0288  0.0298  0.0285  0.0303  0.0284  0.0284
  0.0341  0.0342  0.0333  0.0323  0.0305  0.0287  0.0280  0.0283  0.0278  0.0286  0.0279  0.0280
  0.0335  0.0334  0.0333  0.0332  0.0320  0.0298  0.0278  0.0278  0.0278  0.0278  0.0277  0.0277
  0.0336  0.0334  0.0338  0.0351  0.0347  0.0314  0.0282  0.0284  0.0283  0.0278  0.0278  0.0278
  0.0346  0.0341  0.0348  0.0386  0.0386  0.0350  0.0293  0.0299  0.0292  0.0286  0.0282  0.0282
  0.0364  0.0353  0.0360  0.0434  0.0428  0.0402  0.0308  0.0322  0.0305  0.0301  0.0289  0.0290
niter,ni,del,rscale     7    3    5.0000    1.2000
parameters
   -1.4661   -9.0017   13.5930  -11.3646  -12.4816  -11.1252
    7.1525    2.6920   -7.9249   -0.3991   -1.6601   -5.8916
eta,q 0.97349  9.84341
  0.0319  0.0309  0.0298  0.0296  0.0287  0.0291  0.0292  0.0315  0.0286  0.0300  0.0281  0.0278
  0.0297  0.0292  0.0287  0.0280  0.0274  0.0275  0.0277  0.0291  0.0274  0.0280  0.0273  0.0271
  0.0283  0.0281  0.0280  0.0273  0.0268  0.0266  0.0268  0.0272  0.0266  0.0268  0.0267  0.0266
  0.0277  0.0276  0.0276  0.0276  0.0273  0.0268  0.0266  0.0266  0.0265  0.0265  0.0265  0.0265
  0.0278  0.0278  0.0277  0.0286  0.0289  0.0281  0.0270  0.0270  0.0270  0.0270  0.0266  0.0268
  0.0287  0.0287  0.0282  0.0302  0.0315  0.0298  0.0280  0.0286  0.0279  0.0283  0.0271  0.0274
  0.0304  0.0302  0.0291  0.0329  0.0356  0.0329  0.0296  0.0310  0.0292  0.0301  0.0279  0.0283
niter,ni,del,rscale     6    3    5.0000    1.2000
parameters
   -1.5304   -9.0316   13.2596  -11.3916  -12.6602  -11.4844
    7.2950    2.6410   -8.0454   -0.3452   -1.5847   -6.0749
eta,q 0.97355  9.81323
  0.0299  0.0295  0.0279  0.0304  0.0303  0.0303  0.0294  0.0311  0.0288  0.0301  0.0280  0.0279
  0.0280  0.0278  0.0270  0.0282  0.0285  0.0283  0.0278  0.0287  0.0275  0.0281  0.0272  0.0271
  0.0268  0.0268  0.0265  0.0268  0.0272  0.0269  0.0268  0.0270  0.0267  0.0268  0.0267  0.0266
  0.0265  0.0265  0.0265  0.0264  0.0264  0.0265  0.0264  0.0265  0.0264  0.0264  0.0264  0.0264
  0.0270  0.0269  0.0269  0.0270  0.0269  0.0272  0.0267  0.0271  0.0268  0.0269  0.0266  0.0266
  0.0283  0.0280  0.0277  0.0283  0.0284  0.0288  0.0277  0.0288  0.0277  0.0281  0.0271  0.0272
  0.0303  0.0295  0.0288  0.0304  0.0310  0.0308  0.0292  0.0313  0.0289  0.0299  0.0280  0.0281
niter,ni,del,rscale     5    3    5.0000    1.2000
parameters
   -1.5546   -8.9942   13.1817  -11.3959  -12.6226  -11.5760
    7.3266    2.6151   -8.0693   -0.2780   -1.5620   -6.1471
eta,q 0.97356  9.81108
  0.0300  0.0296  0.0282  0.0304  0.0305  0.0305  0.0293  0.0312  0.0289  0.0301  0.0280  0.0280
  0.0280  0.0278  0.0272  0.0283  0.0286  0.0285  0.0278  0.0287  0.0275  0.0281  0.0272  0.0271
  0.0268  0.0268  0.0266  0.0268  0.0272  0.0270  0.0268  0.0270  0.0267  0.0268  0.0266  0.0266
  0.0264  0.0264  0.0264  0.0264  0.0264  0.0264  0.0264  0.0264  0.0264  0.0264  0.0264  0.0264
  0.0269  0.0268  0.0267  0.0270  0.0268  0.0271  0.0267  0.0270  0.0268  0.0269  0.0266  0.0266
  0.0282  0.0278  0.0274  0.0283  0.0283  0.0287  0.0277  0.0288  0.0276  0.0281  0.0271  0.0272
  0.0301  0.0293  0.0284  0.0303  0.0307  0.0305  0.0293  0.0312  0.0288  0.0298  0.0280  0.0280
niter,ni,del,rscale     4    3    5.0000    1.2000
parameters
   -1.5610   -8.9753   13.1558  -11.3983  -12.6089  -11.6044
    7.3364    2.6095   -8.0800   -0.2452   -1.5413   -6.1758
eta,q 0.97356  9.81052
  0.0301  0.0295  0.0283  0.0304  0.0304  0.0306  0.0293  0.0312  0.0289  0.0300  0.0280  0.0280
  0.0280  0.0278  0.0272  0.0283  0.0286  0.0285  0.0277  0.0287  0.0275  0.0280  0.0272  0.0272
  0.0268  0.0267  0.0266  0.0268  0.0272  0.0270  0.0268  0.0270  0.0267  0.0268  0.0266  0.0267
  0.0264  0.0264  0.0264  0.0264  0.0264  0.0264  0.0264  0.0264  0.0264  0.0264  0.0264  0.0264
  0.0269  0.0268  0.0267  0.0269  0.0268  0.0271  0.0267  0.0270  0.0268  0.0269  0.0266  0.0266
  0.0281  0.0278  0.0274  0.0283  0.0283  0.0287  0.0278  0.0287  0.0276  0.0281  0.0271  0.0272
  0.0300  0.0293  0.0283  0.0303  0.0308  0.0305  0.0293  0.0312  0.0288  0.0299  0.0280  0.0280
niter,ni,del,rscale     3    3    5.0000    1.2000
parameters
   -1.5627   -8.9670   13.1463  -11.4008  -12.6049  -11.6079
    7.3343    2.6062   -8.0817   -0.2319   -1.5472   -6.1903
eta,q 0.97356  9.81053
  0.0301  0.0295  0.0283  0.0304  0.0304  0.0306  0.0293  0.0312  0.0289  0.0300  0.0280  0.0280
  0.0280  0.0278  0.0273  0.0283  0.0286  0.0285  0.0277  0.0287  0.0275  0.0280  0.0272  0.0272
  0.0268  0.0267  0.0266  0.0268  0.0272  0.0270  0.0268  0.0270  0.0267  0.0268  0.0266  0.0267
  0.0264  0.0264  0.0264  0.0264  0.0264  0.0264  0.0264  0.0264  0.0264  0.0264  0.0264  0.0264
  0.0269  0.0269  0.0267  0.0269  0.0268  0.0271  0.0268  0.0270  0.0268  0.0269  0.0266  0.0266
  0.0281  0.0279  0.0273  0.0283  0.0283  0.0287  0.0278  0.0287  0.0276  0.0281  0.0271  0.0272
  0.0300  0.0293  0.0283  0.0303  0.0308  0.0305  0.0293  0.0312  0.0288  0.0299  0.0280  0.0280
registration optimization eta report
parameter search radius
    2.4000    2.4000    2.4000    9.5220    9.5220    9.5220
    7.2000    7.2000    7.2000    7.2000    7.2000    7.2000
100000*second partial in parameter space
       63.       51.       33.        4.        5.        4.
        5.        9.        5.        7.        3.        3.
  0.0301  0.0295  0.0283  0.0304  0.0304  0.0306  0.0293  0.0312  0.0289  0.0300  0.0280  0.0280
  0.0280  0.0278  0.0273  0.0283  0.0286  0.0285  0.0277  0.0287  0.0275  0.0280  0.0272  0.0272
  0.0268  0.0267  0.0266  0.0268  0.0272  0.0270  0.0268  0.0270  0.0267  0.0268  0.0266  0.0267
  0.0264  0.0264  0.0264  0.0264  0.0264  0.0264  0.0264  0.0264  0.0264  0.0264  0.0264  0.0264
  0.0269  0.0269  0.0267  0.0269  0.0268  0.0271  0.0268  0.0270  0.0268  0.0269  0.0266  0.0266
  0.0281  0.0279  0.0273  0.0283  0.0283  0.0287  0.0278  0.0287  0.0276  0.0281  0.0271  0.0272
  0.0300  0.0293  0.0283  0.0303  0.0308  0.0305  0.0293  0.0312  0.0288  0.0299  0.0280  0.0280
   -1.5627   -8.9670   13.1463  -11.4008  -12.6049  -11.6079
    7.3343    2.6062   -8.0817   -0.2319   -1.5472   -6.1903
eta,q 0.97356  9.81053

---------------------------------------------------------------------
imgreg_4dfp /opt/freesurfer/average/711-2C_as_mni_average_305 /opt/freesurfer/average/711-2B_as_mni_average_305_mask talsrcimg_g11 none talsrcimg_to_711-2C_as_mni_average_305_t4 2311
---------------------------------------------------------------------

freesurfer imgreg_4dfp.c
/opt/freesurfer/average/711-2C_as_mni_average_305.4dfp.img
       256       256       256         1
  1.000000  1.000000  1.000000
orientation T byte_order littleendian
Reading image: /opt/freesurfer/average/711-2C_as_mni_average_305.4dfp.img
dimensions:      256       256       256
mmppix:       1.0000   -1.0000   -1.0000
center:     128.0000 -129.0000 -129.0000
/opt/freesurfer/average/711-2B_as_mni_average_305_mask.4dfp.img
       256       256       256         1
  1.000000  1.000000  1.000000
orientation T byte_order littleendian
Reading mask: /opt/freesurfer/average/711-2B_as_mni_average_305_mask.4dfp.img (2306576 pixels)
talsrcimg_g11.4dfp.img
       256       256       256         1
  0.898438  0.898438  0.898438
orientation T byte_order littleendian
Reading image: talsrcimg_g11.4dfp.img
dimensions:      256       256       256
mmppix:       0.8984   -0.8984   -0.8984
center:     115.0001 -115.8985 -115.8985
fimgreg.f
image alignment mode   2311 decimal      907 hex
parameters
   -1.5627   -8.9670   13.1463  -11.4008  -12.6049  -11.6078
    7.3343    2.6062   -8.0817   -0.2319   -1.5472   -6.1903
eta,q 0.97356  9.81054
niter,ni,del,rscale     5    3    5.0000    0.8000
parameters
   -1.5820   -9.0104   13.1157  -11.5081  -12.1150  -11.8097
    7.3549    2.5870   -8.1368   -0.3859   -1.4496   -6.0300
eta,q 0.97361  9.82194
  0.0280  0.0278  0.0273  0.0275  0.0279  0.0276  0.0277  0.0287  0.0275  0.0280  0.0271  0.0272
  0.0271  0.0270  0.0268  0.0269  0.0272  0.0269  0.0270  0.0274  0.0269  0.0271  0.0267  0.0268
  0.0266  0.0266  0.0265  0.0265  0.0267  0.0265  0.0266  0.0267  0.0265  0.0266  0.0265  0.0265
  0.0264  0.0264  0.0264  0.0264  0.0264  0.0264  0.0264  0.0264  0.0264  0.0264  0.0264  0.0264
  0.0266  0.0266  0.0266  0.0266  0.0264  0.0266  0.0265  0.0267  0.0266  0.0267  0.0265  0.0264
  0.0272  0.0271  0.0269  0.0269  0.0268  0.0271  0.0270  0.0275  0.0270  0.0273  0.0267  0.0267
  0.0281  0.0279  0.0273  0.0275  0.0275  0.0279  0.0277  0.0287  0.0276  0.0282  0.0271  0.0271
niter,ni,del,rscale     4    3    5.0000    0.7000
parameters
   -1.5875   -9.0258   13.0643  -11.5491  -12.0332  -11.8706
    7.3760    2.5629   -8.1793   -0.4363   -1.4179   -5.9706
eta,q 0.97361  9.82111
  0.0277  0.0275  0.0270  0.0272  0.0274  0.0274  0.0274  0.0282  0.0273  0.0277  0.0269  0.0270
  0.0269  0.0269  0.0267  0.0267  0.0269  0.0269  0.0268  0.0272  0.0268  0.0270  0.0266  0.0267
  0.0265  0.0265  0.0264  0.0265  0.0266  0.0265  0.0265  0.0266  0.0265  0.0265  0.0265  0.0265
  0.0264  0.0264  0.0264  0.0264  0.0264  0.0264  0.0264  0.0264  0.0264  0.0264  0.0264  0.0264
  0.0265  0.0265  0.0265  0.0265  0.0265  0.0265  0.0265  0.0266  0.0265  0.0266  0.0264  0.0264
  0.0270  0.0269  0.0267  0.0268  0.0268  0.0269  0.0268  0.0272  0.0268  0.0270  0.0266  0.0266
  0.0277  0.0275  0.0271  0.0272  0.0274  0.0275  0.0274  0.0282  0.0273  0.0277  0.0269  0.0270
niter,ni,del,rscale     3    3    5.0000    0.6000
parameters
   -1.5963   -9.0353   13.0453  -11.5788  -11.9725  -11.8692
    7.3939    2.5556   -8.2115   -0.4632   -1.3979   -5.9112
eta,q 0.97362  9.82279
  0.0273  0.0272  0.0269  0.0270  0.0271  0.0272  0.0271  0.0277  0.0271  0.0274  0.0268  0.0268
  0.0268  0.0267  0.0266  0.0266  0.0268  0.0267  0.0267  0.0270  0.0267  0.0268  0.0266  0.0266
  0.0265  0.0265  0.0264  0.0264  0.0265  0.0265  0.0265  0.0265  0.0264  0.0265  0.0264  0.0265
  0.0264  0.0264  0.0264  0.0264  0.0264  0.0264  0.0264  0.0264  0.0264  0.0264  0.0264  0.0264
  0.0265  0.0265  0.0264  0.0265  0.0264  0.0265  0.0265  0.0265  0.0265  0.0265  0.0264  0.0264
  0.0268  0.0268  0.0266  0.0267  0.0267  0.0267  0.0267  0.0270  0.0267  0.0268  0.0266  0.0266
  0.0273  0.0272  0.0269  0.0270  0.0271  0.0272  0.0271  0.0277  0.0271  0.0274  0.0268  0.0268
niter,ni,del,rscale     2    3    5.0000    0.5000
parameters
   -1.6006   -9.0405   13.0488  -11.6161  -11.9266  -11.8383
    7.4200    2.5555   -8.2323   -0.4900   -1.3765   -5.8417
eta,q 0.97362  9.82481
  0.0270  0.0270  0.0267  0.0268  0.0269  0.0269  0.0269  0.0273  0.0269  0.0271  0.0267  0.0267
  0.0267  0.0266  0.0265  0.0266  0.0267  0.0266  0.0266  0.0268  0.0266  0.0267  0.0265  0.0265
  0.0264  0.0264  0.0264  0.0264  0.0265  0.0264  0.0264  0.0265  0.0264  0.0265  0.0264  0.0264
  0.0264  0.0264  0.0264  0.0264  0.0264  0.0264  0.0264  0.0264  0.0264  0.0264  0.0264  0.0264
  0.0265  0.0265  0.0264  0.0264  0.0264  0.0264  0.0264  0.0265  0.0264  0.0265  0.0264  0.0264
  0.0267  0.0267  0.0265  0.0266  0.0266  0.0266  0.0266  0.0268  0.0266  0.0267  0.0265  0.0265
  0.0270  0.0270  0.0267  0.0268  0.0269  0.0269  0.0269  0.0273  0.0269  0.0271  0.0267  0.0267
niter,ni,del,rscale     1    3    5.0000    0.4000
parameters
   -1.6037   -9.0495   13.0482  -11.6531  -11.8909  -11.8095
    7.4336    2.5675   -8.2599   -0.5127   -1.3551   -5.8035
eta,q 0.97362  9.82608
  0.0268  0.0267  0.0266  0.0266  0.0267  0.0267  0.0267  0.0270  0.0267  0.0268  0.0266  0.0266
  0.0266  0.0265  0.0265  0.0265  0.0265  0.0265  0.0265  0.0267  0.0265  0.0266  0.0265  0.0265
  0.0264  0.0264  0.0264  0.0264  0.0264  0.0264  0.0264  0.0264  0.0264  0.0264  0.0264  0.0264
  0.0264  0.0264  0.0264  0.0264  0.0264  0.0264  0.0264  0.0264  0.0264  0.0264  0.0264  0.0264
  0.0264  0.0264  0.0264  0.0264  0.0264  0.0264  0.0264  0.0264  0.0264  0.0264  0.0264  0.0264
  0.0266  0.0266  0.0265  0.0265  0.0265  0.0265  0.0265  0.0266  0.0265  0.0266  0.0265  0.0265
  0.0268  0.0268  0.0266  0.0267  0.0267  0.0267  0.0267  0.0270  0.0267  0.0268  0.0266  0.0266
registration optimization eta report
parameter search radius
    0.8000    0.8000    0.8000    2.4000    2.4000    2.4000
    2.4000    2.4000    2.4000    2.4000    2.4000    2.4000
100000*second partial in parameter space
       65.       59.       36.        5.        6.        6.
        6.       10.        5.        8.        3.        4.
  0.0268  0.0267  0.0266  0.0266  0.0267  0.0267  0.0267  0.0270  0.0267  0.0268  0.0266  0.0266
  0.0266  0.0265  0.0265  0.0265  0.0265  0.0265  0.0265  0.0267  0.0265  0.0266  0.0265  0.0265
  0.0264  0.0264  0.0264  0.0264  0.0264  0.0264  0.0264  0.0264  0.0264  0.0264  0.0264  0.0264
  0.0264  0.0264  0.0264  0.0264  0.0264  0.0264  0.0264  0.0264  0.0264  0.0264  0.0264  0.0264
  0.0264  0.0264  0.0264  0.0264  0.0264  0.0264  0.0264  0.0264  0.0264  0.0264  0.0264  0.0264
  0.0266  0.0266  0.0265  0.0265  0.0265  0.0265  0.0265  0.0266  0.0265  0.0266  0.0265  0.0265
  0.0268  0.0268  0.0266  0.0267  0.0267  0.0267  0.0267  0.0270  0.0267  0.0268  0.0266  0.0266
   -1.6037   -9.0495   13.0482  -11.6531  -11.8909  -11.8095
    7.4336    2.5675   -8.2599   -0.5127   -1.3551   -5.8035
eta,q 0.97362  9.82608

---------------------------------------------------------------------
imgreg_4dfp /opt/freesurfer/average/711-2C_as_mni_average_305 /opt/freesurfer/average/711-2B_as_mni_average_305_mask talsrcimg_g11 none talsrcimg_to_711-2C_as_mni_average_305_t4 2311
---------------------------------------------------------------------

freesurfer imgreg_4dfp.c
/opt/freesurfer/average/711-2C_as_mni_average_305.4dfp.img
       256       256       256         1
  1.000000  1.000000  1.000000
orientation T byte_order littleendian
Reading image: /opt/freesurfer/average/711-2C_as_mni_average_305.4dfp.img
dimensions:      256       256       256
mmppix:       1.0000   -1.0000   -1.0000
center:     128.0000 -129.0000 -129.0000
/opt/freesurfer/average/711-2B_as_mni_average_305_mask.4dfp.img
       256       256       256         1
  1.000000  1.000000  1.000000
orientation T byte_order littleendian
Reading mask: /opt/freesurfer/average/711-2B_as_mni_average_305_mask.4dfp.img (2306576 pixels)
talsrcimg_g11.4dfp.img
       256       256       256         1
  0.898438  0.898438  0.898438
orientation T byte_order littleendian
Reading image: talsrcimg_g11.4dfp.img
dimensions:      256       256       256
mmppix:       0.8984   -0.8984   -0.8984
center:     115.0001 -115.8985 -115.8985
fimgreg.f
image alignment mode   2311 decimal      907 hex
parameters
   -1.6037   -9.0495   13.0482  -11.6531  -11.8909  -11.8095
    7.4336    2.5675   -8.2599   -0.5127   -1.3551   -5.8035
eta,q 0.97362  9.82609
niter,ni,del,rscale     5    3    5.0000    0.8000
parameters
   -1.5842   -9.0254   13.0657  -11.5339  -12.0556  -11.8995
    7.3857    2.5523   -8.1798   -0.4650   -1.4249   -5.9817
eta,q 0.97362  9.81938
  0.0281  0.0279  0.0273  0.0275  0.0275  0.0277  0.0277  0.0287  0.0276  0.0281  0.0271  0.0271
  0.0271  0.0270  0.0268  0.0269  0.0269  0.0270  0.0270  0.0274  0.0269  0.0272  0.0267  0.0267
  0.0266  0.0265  0.0265  0.0265  0.0265  0.0265  0.0265  0.0267  0.0265  0.0266  0.0265  0.0265
  0.0264  0.0264  0.0264  0.0264  0.0264  0.0264  0.0264  0.0264  0.0264  0.0264  0.0264  0.0264
  0.0266  0.0265  0.0265  0.0265  0.0265  0.0265  0.0265  0.0266  0.0265  0.0266  0.0265  0.0265
  0.0271  0.0270  0.0268  0.0268  0.0270  0.0270  0.0270  0.0275  0.0269  0.0272  0.0267  0.0268
  0.0280  0.0278  0.0272  0.0274  0.0278  0.0278  0.0277  0.0287  0.0275  0.0280  0.0271  0.0272
niter,ni,del,rscale     4    3    5.0000    0.7000
parameters
   -1.5933   -9.0314   13.0488  -11.5494  -12.0227  -11.8987
    7.3746    2.5529   -8.1827   -0.4498   -1.4084   -5.9553
eta,q 0.97361  9.82019
  0.0276  0.0275  0.0271  0.0272  0.0274  0.0274  0.0274  0.0282  0.0273  0.0277  0.0269  0.0270
  0.0269  0.0269  0.0267  0.0267  0.0269  0.0269  0.0268  0.0272  0.0268  0.0270  0.0266  0.0267
  0.0265  0.0265  0.0265  0.0265  0.0265  0.0265  0.0265  0.0266  0.0265  0.0265  0.0265  0.0265
  0.0264  0.0264  0.0264  0.0264  0.0264  0.0264  0.0264  0.0264  0.0264  0.0264  0.0264  0.0264
  0.0265  0.0265  0.0265  0.0265  0.0265  0.0265  0.0265  0.0266  0.0265  0.0265  0.0264  0.0264
  0.0270  0.0269  0.0267  0.0268  0.0268  0.0268  0.0268  0.0272  0.0268  0.0270  0.0266  0.0266
  0.0277  0.0275  0.0271  0.0272  0.0274  0.0275  0.0274  0.0282  0.0273  0.0277  0.0269  0.0270
niter,ni,del,rscale     3    3    5.0000    0.6000
parameters
   -1.5959   -9.0371   13.0440  -11.5782  -11.9660  -11.8744
    7.3964    2.5536   -8.2104   -0.4683   -1.3896   -5.9093
eta,q 0.97362  9.82290
  0.0273  0.0272  0.0269  0.0270  0.0271  0.0272  0.0271  0.0277  0.0271  0.0274  0.0268  0.0268
  0.0268  0.0267  0.0266  0.0266  0.0268  0.0268  0.0267  0.0270  0.0267  0.0268  0.0266  0.0266
  0.0265  0.0265  0.0264  0.0264  0.0265  0.0265  0.0265  0.0265  0.0264  0.0265  0.0264  0.0264
  0.0264  0.0264  0.0264  0.0264  0.0264  0.0264  0.0264  0.0264  0.0264  0.0264  0.0264  0.0264
  0.0265  0.0265  0.0264  0.0265  0.0264  0.0264  0.0265  0.0265  0.0265  0.0265  0.0264  0.0264
  0.0268  0.0268  0.0266  0.0267  0.0267  0.0267  0.0267  0.0270  0.0267  0.0268  0.0266  0.0266
  0.0273  0.0272  0.0269  0.0270  0.0271  0.0272  0.0271  0.0277  0.0271  0.0274  0.0268  0.0268
niter,ni,del,rscale     2    3    5.0000    0.5000
parameters
   -1.5988   -9.0392   13.0458  -11.6145  -11.9252  -11.8443
    7.4214    2.5540   -8.2318   -0.4908   -1.3821   -5.8432
eta,q 0.97363  9.82475
  0.0270  0.0270  0.0267  0.0268  0.0269  0.0269  0.0269  0.0273  0.0269  0.0271  0.0267  0.0267
  0.0267  0.0266  0.0265  0.0266  0.0266  0.0266  0.0266  0.0268  0.0266  0.0267  0.0265  0.0265
  0.0264  0.0264  0.0264  0.0264  0.0265  0.0264  0.0264  0.0265  0.0264  0.0265  0.0264  0.0264
  0.0264  0.0264  0.0264  0.0264  0.0264  0.0264  0.0264  0.0264  0.0264  0.0264  0.0264  0.0264
  0.0265  0.0265  0.0264  0.0264  0.0264  0.0264  0.0264  0.0265  0.0264  0.0265  0.0264  0.0264
  0.0267  0.0266  0.0265  0.0266  0.0266  0.0266  0.0266  0.0268  0.0266  0.0267  0.0265  0.0265
  0.0270  0.0270  0.0267  0.0268  0.0269  0.0269  0.0269  0.0273  0.0269  0.0271  0.0267  0.0267
niter,ni,del,rscale     1    3    5.0000    0.4000
parameters
   -1.6029   -9.0493   13.0502  -11.6491  -11.8929  -11.8091
    7.4270    2.5644   -8.2489   -0.5174   -1.3592   -5.7951
eta,q 0.97362  9.82617
  0.0268  0.0267  0.0266  0.0266  0.0267  0.0267  0.0267  0.0270  0.0267  0.0268  0.0266  0.0266
  0.0266  0.0265  0.0265  0.0265  0.0265  0.0265  0.0265  0.0267  0.0265  0.0266  0.0265  0.0265
  0.0264  0.0264  0.0264  0.0264  0.0264  0.0264  0.0264  0.0265  0.0264  0.0264  0.0264  0.0264
  0.0264  0.0264  0.0264  0.0264  0.0264  0.0264  0.0264  0.0264  0.0264  0.0264  0.0264  0.0264
  0.0264  0.0264  0.0264  0.0264  0.0264  0.0264  0.0264  0.0264  0.0264  0.0264  0.0264  0.0264
  0.0266  0.0266  0.0265  0.0265  0.0265  0.0265  0.0265  0.0266  0.0265  0.0266  0.0265  0.0265
  0.0268  0.0268  0.0266  0.0267  0.0267  0.0267  0.0267  0.0270  0.0267  0.0268  0.0266  0.0266
registration optimization eta report
parameter search radius
    0.8000    0.8000    0.8000    2.4000    2.4000    2.4000
    2.4000    2.4000    2.4000    2.4000    2.4000    2.4000
100000*second partial in parameter space
       65.       59.       36.        5.        6.        6.
        6.       10.        5.        8.        3.        4.
  0.0268  0.0267  0.0266  0.0266  0.0267  0.0267  0.0267  0.0270  0.0267  0.0268  0.0266  0.0266
  0.0266  0.0265  0.0265  0.0265  0.0265  0.0265  0.0265  0.0267  0.0265  0.0266  0.0265  0.0265
  0.0264  0.0264  0.0264  0.0264  0.0264  0.0264  0.0264  0.0265  0.0264  0.0264  0.0264  0.0264
  0.0264  0.0264  0.0264  0.0264  0.0264  0.0264  0.0264  0.0264  0.0264  0.0264  0.0264  0.0264
  0.0264  0.0264  0.0264  0.0264  0.0264  0.0264  0.0264  0.0264  0.0264  0.0264  0.0264  0.0264
  0.0266  0.0266  0.0265  0.0265  0.0265  0.0265  0.0265  0.0266  0.0265  0.0266  0.0265  0.0265
  0.0268  0.0268  0.0266  0.0267  0.0267  0.0267  0.0267  0.0270  0.0267  0.0268  0.0266  0.0266
   -1.6029   -9.0493   13.0502  -11.6491  -11.8929  -11.8091
    7.4270    2.5644   -8.2489   -0.5174   -1.3592   -5.7951
eta,q 0.97362  9.82617

---------------------------------------------------------------------
compute_vox2vox talsrcimg talsrcimg_to_711-2C_as_mni_average_305_t4 /opt/freesurfer/average/711-2C_as_mni_average_305
---------------------------------------------------------------------

freesurfer compute_vox2vox.c
Reading: talsrcimg.4dfp.ifh
Reading: talsrcimg_to_711-2C_as_mni_average_305_t4
Reading: /opt/freesurfer/average/711-2C_as_mni_average_305.4dfp.ifh
Writing: talsrcimg_to_711-2C_as_mni_average_305_t4_vox2vox.txt

start time Wed Mar 11 05:10:00 CET 2026
end		time Wed Mar 11 05:10:13 CET 2026

mpr2mni305 success

avi2talxfm orig_nu.mgz /opt/freesurfer/average/mni305.cor.mgz talsrcimg_to_711-2C_as_mni_average_305_t4_vox2vox.txt transforms/talairach.auto.xfm
avi2talxfm done
mv -f /out/sourcedata/freesurfer/sub-v2s13x29134_ses-1/mri/talsrcimg_to_711-2C_as_mni_average_305_t4_vox2vox.txt /out/sourcedata/freesurfer/sub-v2s13x29134_ses-1/mri/transforms/talsrcimg_to_711-2C_as_mni_average_305_t4_vox2vox.txt
lta_convert --src orig_nu.mgz --trg /opt/freesurfer/average/mni305.cor.mgz --inxfm transforms/talairach.auto.xfm --outlta transforms/talairach.auto.xfm.lta --subject fsaverage
7.3.2

--src: orig_nu.mgz src image (geometry).
--trg: /opt/freesurfer/average/mni305.cor.mgz trg image (geometry).
--inmni: transforms/talairach.auto.xfm input MNI/XFM transform.
--outlta: transforms/talairach.auto.xfm.lta output LTA.
--s: fsaverage subject name
 LTA read, type : 1
 1.12230  -0.03320  -0.09679  -1.16112;
 0.02421   1.13362   0.07252  -10.66264;
 0.10522   0.00355   1.12634  -8.60104;
 0.00000   0.00000   0.00000   1.00000;
setting subject to fsaverage
Writing  LTA to file transforms/talairach.auto.xfm.lta...
lta_convert successful.
 
 
Started at Wed Mar 11 05:10:00 CET 2026
Ended   at Wed Mar 11 05:10:14 CET 2026
talairach_avi done
