status file for recon-all
Wed Mar 11 06:20:40 CET 2026
#@# Tessellate lh Wed Mar 11 06:20:40 CET 2026
#@# Smooth1 lh Wed Mar 11 06:20:44 CET 2026
#@# Inflation1 lh Wed Mar 11 06:20:47 CET 2026
#@# QSphere lh Wed Mar 11 06:22:12 CET 2026
#@# Fix Topology lh Wed Mar 11 06:23:57 CET 2026
#@# Smooth2 lh Wed Mar 11 06:32:08 CET 2026
#@# Inflation2 lh Wed Mar 11 06:32:13 CET 2026
#@# Curv .H and .K lh Wed Mar 11 06:32:42 CET 2026
#@# Sphere lh Wed Mar 11 06:33:45 CET 2026
#@# Surf Reg lh Wed Mar 11 06:39:29 CET 2026
#@# Jacobian white lh Wed Mar 11 06:46:17 CET 2026
#@# AvgCurv lh Wed Mar 11 06:46:18 CET 2026
#@# Cortical Parc lh Wed Mar 11 06:46:19 CET 2026
#@# white curv lh Wed Mar 11 06:55:16 CET 2026
#@# white area lh Wed Mar 11 06:55:19 CET 2026
#@# pial curv lh Wed Mar 11 06:55:20 CET 2026
#@# pial area lh Wed Mar 11 06:55:23 CET 2026
#@# thickness lh Wed Mar 11 06:55:24 CET 2026
#@# area and vertex vol lh Wed Mar 11 06:56:04 CET 2026
#@# Curvature Stats lh Wed Mar 11 06:56:07 CET 2026
#@# Cortical Parc 2 lh Wed Mar 11 06:56:10 CET 2026
#@# Cortical Parc 3 lh Wed Mar 11 06:56:29 CET 2026
#@# WM/GM Contrast lh Wed Mar 11 06:56:44 CET 2026
recon-all -s sub-v2s13x29122_ses-1 finished without error at Wed Mar 11 06:56:50 CET 2026



#New# invocation of recon-all 



status file for recon-all
Wed Mar 11 07:41:26 CET 2026
#@# white curv lh Wed Mar 11 07:41:26 CET 2026
#@# white area lh Wed Mar 11 07:41:26 CET 2026
#@# pial curv lh Wed Mar 11 07:41:26 CET 2026
#@# pial area lh Wed Mar 11 07:41:26 CET 2026
#@# thickness lh Wed Mar 11 07:41:26 CET 2026
#@# area and vertex vol lh Wed Mar 11 07:41:26 CET 2026
#@# Parcellation Stats lh Wed Mar 11 07:41:26 CET 2026
#@# Parcellation Stats 2 lh Wed Mar 11 07:41:57 CET 2026
#@# Parcellation Stats 3 lh Wed Mar 11 07:42:14 CET 2026
#@# BA_exvivo Labels lh Wed Mar 11 07:42:31 CET 2026
recon-all -s sub-v2s13x29122_ses-1 finished without error at Wed Mar 11 07:46:16 CET 2026
