status file for recon-all
Wed Mar 11 06:56:53 CET 2026
#@# Tessellate rh Wed Mar 11 06:56:53 CET 2026
#@# Smooth1 rh Wed Mar 11 06:56:57 CET 2026
#@# Inflation1 rh Wed Mar 11 06:57:01 CET 2026
#@# QSphere rh Wed Mar 11 06:58:20 CET 2026
#@# Fix Topology rh Wed Mar 11 07:00:13 CET 2026
#@# Smooth2 rh Wed Mar 11 07:07:35 CET 2026
#@# Inflation2 rh Wed Mar 11 07:07:39 CET 2026
#@# Curv .H and .K rh Wed Mar 11 07:08:10 CET 2026
#@# Sphere rh Wed Mar 11 07:09:15 CET 2026
#@# Surf Reg rh Wed Mar 11 07:13:38 CET 2026
#@# Jacobian white rh Wed Mar 11 07:19:12 CET 2026
#@# AvgCurv rh Wed Mar 11 07:19:13 CET 2026
#@# Cortical Parc rh Wed Mar 11 07:19:15 CET 2026
#@# white curv rh Wed Mar 11 07:28:47 CET 2026
#@# white area rh Wed Mar 11 07:28:50 CET 2026
#@# pial curv rh Wed Mar 11 07:28:51 CET 2026
#@# pial area rh Wed Mar 11 07:28:54 CET 2026
#@# thickness rh Wed Mar 11 07:28:55 CET 2026
#@# area and vertex vol rh Wed Mar 11 07:29:36 CET 2026
#@# Curvature Stats rh Wed Mar 11 07:29:39 CET 2026
#@# Cortical Parc 2 rh Wed Mar 11 07:29:43 CET 2026
#@# Cortical Parc 3 rh Wed Mar 11 07:30:02 CET 2026
#@# WM/GM Contrast rh Wed Mar 11 07:30:16 CET 2026
recon-all -s sub-v2s13x29122_ses-1 finished without error at Wed Mar 11 07:30:22 CET 2026



#New# invocation of recon-all 



status file for recon-all
Wed Mar 11 07:46:18 CET 2026
#@# white curv rh Wed Mar 11 07:46:18 CET 2026
#@# white area rh Wed Mar 11 07:46:18 CET 2026
#@# pial curv rh Wed Mar 11 07:46:18 CET 2026
#@# pial area rh Wed Mar 11 07:46:18 CET 2026
#@# thickness rh Wed Mar 11 07:46:18 CET 2026
#@# area and vertex vol rh Wed Mar 11 07:46:18 CET 2026
#@# Parcellation Stats rh Wed Mar 11 07:46:18 CET 2026
#@# Parcellation Stats 2 rh Wed Mar 11 07:46:52 CET 2026
#@# Parcellation Stats 3 rh Wed Mar 11 07:47:09 CET 2026
#@# BA_exvivo Labels rh Wed Mar 11 07:47:25 CET 2026
recon-all -s sub-v2s13x29122_ses-1 finished without error at Wed Mar 11 07:51:08 CET 2026
