status file for recon-all
Wed Mar 11 04:27:32 CET 2026
#@# MotionCor Wed Mar 11 04:27:34 CET 2026
#@# Talairach Wed Mar 11 04:27:45 CET 2026
#@# Talairach Failure Detection Wed Mar 11 04:32:12 CET 2026
#@# Nu Intensity Correction Wed Mar 11 04:32:12 CET 2026
#@# Intensity Normalization Wed Mar 11 04:35:28 CET 2026
recon-all -s sub-v2s13x29122_ses-1 finished without error at Wed Mar 11 04:36:55 CET 2026



#New# invocation of recon-all 



status file for recon-all
Wed Mar 11 04:44:39 CET 2026
#@# EM Registration Wed Mar 11 04:44:39 CET 2026
recon-all -s sub-v2s13x29122_ses-1 finished without error at Wed Mar 11 04:46:30 CET 2026



#New# invocation of recon-all 



status file for recon-all
Wed Mar 11 04:46:33 CET 2026
#@# CA Normalize Wed Mar 11 04:46:33 CET 2026
#@# CA Reg Wed Mar 11 04:47:51 CET 2026
#@# SubCort Seg Wed Mar 11 05:37:30 CET 2026
#@# CC Seg Wed Mar 11 06:14:12 CET 2026
#@# Merge ASeg Wed Mar 11 06:14:48 CET 2026
#@# Intensity Normalization2 Wed Mar 11 06:14:48 CET 2026
#@# Mask BFS Wed Mar 11 06:17:00 CET 2026
#@# WM Segmentation Wed Mar 11 06:17:01 CET 2026
#@# Fill Wed Mar 11 06:19:25 CET 2026
recon-all -s sub-v2s13x29122_ses-1 finished without error at Wed Mar 11 06:20:36 CET 2026



#New# invocation of recon-all 



status file for recon-all
Wed Mar 11 07:30:26 CET 2026
#@# white curv lh Wed Mar 11 07:30:26 CET 2026
#@# white area lh Wed Mar 11 07:30:26 CET 2026
#@# pial curv lh Wed Mar 11 07:30:26 CET 2026
#@# pial area lh Wed Mar 11 07:30:26 CET 2026
#@# thickness lh Wed Mar 11 07:30:26 CET 2026
#@# area and vertex vol lh Wed Mar 11 07:30:26 CET 2026
#@# white curv rh Wed Mar 11 07:30:26 CET 2026
#@# white area rh Wed Mar 11 07:30:26 CET 2026
#@# pial curv rh Wed Mar 11 07:30:26 CET 2026
#@# pial area rh Wed Mar 11 07:30:26 CET 2026
#@# thickness rh Wed Mar 11 07:30:26 CET 2026
#@# area and vertex vol rh Wed Mar 11 07:30:26 CET 2026
#@# Cortical ribbon mask Wed Mar 11 07:30:26 CET 2026
recon-all -s sub-v2s13x29122_ses-1 finished without error at Wed Mar 11 07:41:21 CET 2026



#New# invocation of recon-all 



status file for recon-all
Wed Mar 11 07:51:12 CET 2026
#@# white curv lh Wed Mar 11 07:51:12 CET 2026
#@# white area lh Wed Mar 11 07:51:12 CET 2026
#@# pial curv lh Wed Mar 11 07:51:12 CET 2026
#@# pial area lh Wed Mar 11 07:51:12 CET 2026
#@# thickness lh Wed Mar 11 07:51:12 CET 2026
#@# area and vertex vol lh Wed Mar 11 07:51:12 CET 2026
#@# white curv rh Wed Mar 11 07:51:12 CET 2026
#@# white area rh Wed Mar 11 07:51:12 CET 2026
#@# pial curv rh Wed Mar 11 07:51:12 CET 2026
#@# pial area rh Wed Mar 11 07:51:12 CET 2026
#@# thickness rh Wed Mar 11 07:51:12 CET 2026
#@# area and vertex vol rh Wed Mar 11 07:51:12 CET 2026
#@# Curvature Stats lh Wed Mar 11 07:51:12 CET 2026
#@# Curvature Stats rh Wed Mar 11 07:51:16 CET 2026
#@# Relabel Hypointensities Wed Mar 11 07:51:20 CET 2026
#@# APas-to-ASeg Wed Mar 11 07:51:43 CET 2026
#@# AParc-to-ASeg aparc Wed Mar 11 07:51:56 CET 2026
#@# AParc-to-ASeg aparc.a2009s Wed Mar 11 07:53:21 CET 2026
#@# AParc-to-ASeg aparc.DKTatlas Wed Mar 11 07:54:41 CET 2026
#@# WMParc Wed Mar 11 07:56:03 CET 2026
#@# ASeg Stats Wed Mar 11 08:00:28 CET 2026
recon-all -s sub-v2s13x29122_ses-1 finished without error at Wed Mar 11 08:01:08 CET 2026
