/out/sourcedata/freesurfer/sub-v2s13x29125_ses-1/mri
/opt/freesurfer/bin/talairach_avi
--i orig_nu.mgz --xfm transforms/talairach.auto.xfm
talairach_avi 7.3.2
Linux dna029 5.14.0-427.37.1.el9_4.x86_64 #1 SMP PREEMPT_DYNAMIC Fri Sep 13 12:41:50 EDT 2024 x86_64 x86_64 x86_64 GNU/Linux
Wed Mar 11 04:41:27 CET 2026
mri_convert orig_nu.mgz talsrcimg.img 
reading from orig_nu.mgz...
TR=0.00, TE=0.00, TI=0.00, flip angle=0.00
i_ras = (-1, 6.21557e-10, 6.47877e-11)
j_ras = (8.09846e-11, 1.65856e-08, -1)
k_ras = (4.00874e-10, 1, 0)
writing to talsrcimg.img...
Analyze Output Matrix
-0.89844   0.00000   0.00000   116.17135;
 0.00000   0.00000   0.89844  -118.64262;
 0.00000  -0.89844   0.00000   154.94208;
 0.00000   0.00000   0.00000   1.00000;
--------------------
INFO: set hdr.hist.orient to -1
mpr2mni305 talsrcimg
Wed Mar 11 04:41:27 CET 2026
/opt/freesurfer/bin/mpr2mni305 talsrcimg
mpr2mni305 7.3.2
target=711-2C_as_mni_average_305

---------------------------------------------------------------------
analyzeto4dfp talsrcimg -O0 -y
---------------------------------------------------------------------

freesurfer ifh2hdr.c
Wed Mar 11 04:41:28 2026
Writing: talsrcimg.4dfp.hdr
freesurfer analyzeto4dfp.c
Reading: talsrcimg.hdr
header size 348 bytes
hdr.dime.datatype	offset=70	value=2
hdr.dime.bitpix		offset=72	value=8
hdr.hist.orient		offset=252	value=-1
dimensionality     4
dimensions       256       256       256         1
Reading: talsrcimg.img
Writing: talsrcimg.4dfp.img
Writing: talsrcimg.4dfp.ifh
ifh2hdr talsrcimg -r0to232
ori=2

---------------------------------------------------------------------
gauss_4dfp talsrcimg 1.1
---------------------------------------------------------------------

freesurfer gauss_4dfp.c
Reading: talsrcimg.4dfp.img
Writing: talsrcimg_g11.4dfp.img
image dimensions 256 256 256 padded to 288 288 288
processing volume 1freesurfer ifh2hdr.c
Wed Mar 11 04:41:29 2026
Writing: talsrcimg_g11.4dfp.hdr

Writing: talsrcimg_g11.4dfp.ifh
including: talsrcimg.4dfp.img.rec in talsrcimg_g11.4dfp.img.rec

---------------------------------------------------------------------
imgreg_4dfp /opt/freesurfer/average/711-2C_as_mni_average_305 none talsrcimg_g11 none talsrcimg_to_711-2C_as_mni_average_305_t4 4355
---------------------------------------------------------------------

freesurfer imgreg_4dfp.c
/opt/freesurfer/average/711-2C_as_mni_average_305.4dfp.img
       256       256       256         1
  1.000000  1.000000  1.000000
orientation T byte_order littleendian
Reading image: /opt/freesurfer/average/711-2C_as_mni_average_305.4dfp.img
dimensions:      256       256       256
mmppix:       1.0000   -1.0000   -1.0000
center:     128.0000 -129.0000 -129.0000
talsrcimg_g11.4dfp.img
       256       256       256         1
  0.898438  0.898438  0.898438
orientation T byte_order littleendian
Reading image: talsrcimg_g11.4dfp.img
dimensions:      256       256       256
mmppix:       0.8984   -0.8984   -0.8984
center:     115.0001 -115.8985 -115.8985
t4_read: open error in t4_sub.f l:  41 t4_file(1:l)talsrcimg_to_711-2C_as_mni_average_305_t4 
t4_read: transform initialized to I4
rotation matrix determinant  1.000000
image alignment mode   4355 decimal     1103 hex
   -7.5000  -45.0000  -45.0000 6296.2407   19.1040
    0.0000  -45.0000  -45.0000 6334.4258   19.0840
    7.5000  -45.0000  -45.0000 5996.5854   19.0535
   -7.5000  -37.5000  -45.0000 6684.8276   20.2477
    0.0000  -37.5000  -45.0000 6750.2095   20.2329
    7.5000  -37.5000  -45.0000 6371.0640   20.2072
   -7.5000  -30.0000  -45.0000 7046.1665   20.8952
    0.0000  -30.0000  -45.0000 7107.8594   20.8877
    7.5000  -30.0000  -45.0000 6723.9082   20.8714
   -7.5000  -22.5000  -45.0000 7474.7461   20.9583
    0.0000  -22.5000  -45.0000 7535.7012   20.9521
    7.5000  -22.5000  -45.0000 7140.8276   20.9394
   -7.5000  -15.0000  -45.0000 7895.7998   21.0158
    0.0000  -15.0000  -45.0000 7967.3340   21.0040
    7.5000  -15.0000  -45.0000 7530.2051   20.9855
   -7.5000   -7.5000  -45.0000 7959.2427   21.0051
    0.0000   -7.5000  -45.0000 8023.8696   20.9858
    7.5000   -7.5000  -45.0000 7598.7129   20.9576
   -7.5000    0.0000  -45.0000 8030.0264   20.9429
    0.0000    0.0000  -45.0000 8100.6362   20.9210
    7.5000    0.0000  -45.0000 7662.8853   20.8876
   -7.5000    7.5000  -45.0000 7711.5063   20.8860
    0.0000    7.5000  -45.0000 7771.1260   20.8708
    7.5000    7.5000  -45.0000 7333.5371   20.8443
   -7.5000   15.0000  -45.0000 7405.2847   20.8952
    0.0000   15.0000  -45.0000 7459.0942   20.8877
    7.5000   15.0000  -45.0000 7031.9204   20.8714
   -7.5000   22.5000  -45.0000 6759.4536   20.6764
    0.0000   22.5000  -45.0000 6810.5469   20.6703
    7.5000   22.5000  -45.0000 6404.2505   20.6577
   -7.5000   30.0000  -45.0000 6157.4185   20.1802
    0.0000   30.0000  -45.0000 6219.3618   20.1688
    7.5000   30.0000  -45.0000 5827.7432   20.1511
   -7.5000   37.5000  -45.0000 5560.1377   19.5839
    0.0000   37.5000  -45.0000 5608.7280   19.5656
    7.5000   37.5000  -45.0000 5268.3110   19.5400
   -7.5000   45.0000  -45.0000 5056.8398   19.6448
    0.0000   45.0000  -45.0000 5096.6313   19.6331
    7.5000   45.0000  -45.0000 4774.7764   19.6076
   -7.5000  -45.0000  -37.5000 6890.9316   20.0401
    0.0000  -45.0000  -37.5000 6959.8550   20.0193
    7.5000  -45.0000  -37.5000 6553.5527   19.9831
   -7.5000  -37.5000  -37.5000 7295.6362   21.2455
    0.0000  -37.5000  -37.5000 7364.5571   21.2255
    7.5000  -37.5000  -37.5000 6947.4307   21.1881
   -7.5000  -30.0000  -37.5000 7693.7515   21.8791
    0.0000  -30.0000  -37.5000 7755.8535   21.8614
    7.5000  -30.0000  -37.5000 7315.8296   21.8286
   -7.5000  -22.5000  -37.5000 8156.6431   21.9389
    0.0000  -22.5000  -37.5000 8248.6260   21.9221
    7.5000  -22.5000  -37.5000 7772.9380   21.8939
   -7.5000  -15.0000  -37.5000 8583.8516   22.0025
    0.0000  -15.0000  -37.5000 8675.9756   21.9840
    7.5000  -15.0000  -37.5000 8184.9551   21.9557
   -7.5000   -7.5000  -37.5000 8620.1592   22.0006
    0.0000   -7.5000  -37.5000 8710.1982   21.9792
    7.5000   -7.5000  -37.5000 8226.4727   21.9456
   -7.5000    0.0000  -37.5000 8688.3555   21.9411
    0.0000    0.0000  -37.5000 8774.2227   21.9184
    7.5000    0.0000  -37.5000 8298.2705   21.8788
   -7.5000    7.5000  -37.5000 8308.8516   21.8767
    0.0000    7.5000  -37.5000 8392.2930   21.8561
    7.5000    7.5000  -37.5000 7927.0000   21.8176
   -7.5000   15.0000  -37.5000 7981.5103   21.8781
    0.0000   15.0000  -37.5000 8059.1724   21.8604
    7.5000   15.0000  -37.5000 7577.1279   21.8276
   -7.5000   22.5000  -37.5000 7287.2202   21.6456
    0.0000   22.5000  -37.5000 7349.7212   21.6290
    7.5000   22.5000  -37.5000 6904.5063   21.6012
   -7.5000   30.0000  -37.5000 6613.5396   21.1427
    0.0000   30.0000  -37.5000 6682.3076   21.1249
    7.5000   30.0000  -37.5000 6264.4766   21.0977
   -7.5000   37.5000  -37.5000 5956.4092   20.5277
    0.0000   37.5000  -37.5000 6021.5625   20.5078
    7.5000   37.5000  -37.5000 5648.7803   20.4775
   -7.5000   45.0000  -37.5000 5400.2485   20.5715
    0.0000   45.0000  -37.5000 5453.6416   20.5589
    7.5000   45.0000  -37.5000 5112.3950   20.5289
   -7.5000  -45.0000  -30.0000 7455.8008   20.9326
    0.0000  -45.0000  -30.0000 7522.9360   20.9130
    7.5000  -45.0000  -30.0000 7082.7734   20.8699
   -7.5000  -37.5000  -30.0000 7889.7866   22.1937
    0.0000  -37.5000  -30.0000 7936.1587   22.1694
    7.5000  -37.5000  -30.0000 7504.1948   22.1247
   -7.5000  -30.0000  -30.0000 8314.2754   22.8200
    0.0000  -30.0000  -30.0000 8374.0859   22.7970
    7.5000  -30.0000  -30.0000 7886.5430   22.7562
   -7.5000  -22.5000  -30.0000 8827.8604   22.8861
    0.0000  -22.5000  -30.0000 8915.7266   22.8682
    7.5000  -22.5000  -30.0000 8379.4990   22.8316
   -7.5000  -15.0000  -30.0000 9274.4297   22.9585
    0.0000  -15.0000  -30.0000 9368.4658   22.9438
    7.5000  -15.0000  -30.0000 8821.9141   22.9067
   -7.5000   -7.5000  -30.0000 9292.4492   22.9593
    0.0000   -7.5000  -30.0000 9390.4092   22.9431
    7.5000   -7.5000  -30.0000 8846.4580   22.9010
   -7.5000    0.0000  -30.0000 9329.6484   22.8945
    0.0000    0.0000  -30.0000 9419.3906   22.8731
    7.5000    0.0000  -30.0000 8901.5723   22.8260
   -7.5000    7.5000  -30.0000 8896.0977   22.8185
    0.0000    7.5000  -30.0000 8967.7773   22.7935
    7.5000    7.5000  -30.0000 8444.4111   22.7475
   -7.5000   15.0000  -30.0000 8522.3877   22.8169
    0.0000   15.0000  -30.0000 8596.9727   22.7939
    7.5000   15.0000  -30.0000 8073.4673   22.7531
   -7.5000   22.5000  -30.0000 7767.5659   22.5811
    0.0000   22.5000  -30.0000 7828.2227   22.5635
    7.5000   22.5000  -30.0000 7359.5864   22.5273
   -7.5000   30.0000  -30.0000 7050.9673   22.0774
    0.0000   30.0000  -30.0000 7113.8511   22.0632
    7.5000   30.0000  -30.0000 6664.2661   22.0275
   -7.5000   37.5000  -30.0000 6324.0073   21.4536
    0.0000   37.5000  -30.0000 6402.8257   21.4384
    7.5000   37.5000  -30.0000 5993.4067   21.4003
   -7.5000   45.0000  -30.0000 5720.4951   21.4899
    0.0000   45.0000  -30.0000 5780.7808   21.4773
    7.5000   45.0000  -30.0000 5409.8389   21.4399
   -7.5000  -45.0000  -22.5000 8015.8120   21.8333
    0.0000  -45.0000  -22.5000 8082.0190   21.8135
    7.5000  -45.0000  -22.5000 7597.4326   21.7673
   -7.5000  -37.5000  -22.5000 8454.8496   23.1576
    0.0000  -37.5000  -22.5000 8528.6055   23.1328
    7.5000  -37.5000  -22.5000 8035.7749   23.0905
   -7.5000  -30.0000  -22.5000 8899.1797   23.7868
    0.0000  -30.0000  -22.5000 8985.6416   23.7666
    7.5000  -30.0000  -22.5000 8445.7656   23.7319
   -7.5000  -22.5000  -22.5000 9463.6836   23.8636
    0.0000  -22.5000  -22.5000 9567.2373   23.8528
    7.5000  -22.5000  -22.5000 8972.2939   23.8204
   -7.5000  -15.0000  -22.5000 9954.5469   23.9429
    0.0000  -15.0000  -22.500010056.0801   23.9360
    7.5000  -15.0000  -22.5000 9428.5029   23.8970
   -7.5000   -7.5000  -22.5000 9979.3086   23.9400
    0.0000   -7.5000  -22.500010086.9482   23.9281
    7.5000   -7.5000  -22.5000 9474.0674   23.8807
   -7.5000    0.0000  -22.500010039.6602   23.8660
    0.0000    0.0000  -22.500010137.6875   23.8443
    7.5000    0.0000  -22.5000 9520.6826   23.7939
   -7.5000    7.5000  -22.5000 9519.8604   23.7799
    0.0000    7.5000  -22.5000 9584.8438   23.7545
    7.5000    7.5000  -22.5000 8985.4160   23.7110
   -7.5000   15.0000  -22.5000 9100.3486   23.7810
    0.0000   15.0000  -22.5000 9158.9043   23.7609
    7.5000   15.0000  -22.5000 8604.1270   23.7262
   -7.5000   22.5000  -22.5000 8266.7236   23.5479
    0.0000   22.5000  -22.5000 8333.8379   23.5372
    7.5000   22.5000  -22.5000 7836.8291   23.5052
   -7.5000   30.0000  -22.5000 7485.3989   23.0409
    0.0000   30.0000  -22.5000 7549.8892   23.0342
    7.5000   30.0000  -22.5000 7088.6069   22.9967
   -7.5000   37.5000  -22.5000 6685.7075   22.4038
    0.0000   37.5000  -22.5000 6760.7241   22.3927
    7.5000   37.5000  -22.5000 6333.6812   22.3490
   -7.5000   45.0000  -22.5000 6029.3374   22.4524
    0.0000   45.0000  -22.5000 6081.0005   22.4390
    7.5000   45.0000  -22.5000 5714.0210   22.3977
   -7.5000  -45.0000  -15.0000 8550.2188   22.6155
    0.0000  -45.0000  -15.0000 8628.9131   22.5949
    7.5000  -45.0000  -15.0000 8112.7832   22.5529
   -7.5000  -37.5000  -15.0000 9026.8545   23.9914
    0.0000  -37.5000  -15.0000 9098.9023   23.9713
    7.5000  -37.5000  -15.0000 8572.6396   23.9395
   -7.5000  -30.0000  -15.0000 9491.1602   24.6308
    0.0000  -30.0000  -15.0000 9575.4541   24.6201
    7.5000  -30.0000  -15.0000 9014.9541   24.6016
   -7.5000  -22.5000  -15.000010097.1709   24.7163
    0.0000  -22.5000  -15.000010185.6885   24.7144
    7.5000  -22.5000  -15.0000 9549.8975   24.6969
   -7.5000  -15.0000  -15.000010599.0391   24.7931
    0.0000  -15.0000  -15.000010704.4033   24.7902
    7.5000  -15.0000  -15.000010015.0273   24.7602
   -7.5000   -7.5000  -15.000010634.4785   24.7790
    0.0000   -7.5000  -15.000010742.0928   24.7665
    7.5000   -7.5000  -15.000010056.3545   24.7231
   -7.5000    0.0000  -15.000010707.4375   24.6970
    0.0000    0.0000  -15.000010792.2754   24.6745
    7.5000    0.0000  -15.000010106.6797   24.6286
   -7.5000    7.5000  -15.000010087.2227   24.6122
    0.0000    7.5000  -15.000010159.5010   24.5916
    7.5000    7.5000  -15.0000 9495.8408   24.5590
   -7.5000   15.0000  -15.0000 9617.0674   24.6232
    0.0000   15.0000  -15.0000 9683.3867   24.6125
    7.5000   15.0000  -15.0000 9081.5850   24.5940
   -7.5000   22.5000  -15.0000 8750.1748   24.3930
    0.0000   22.5000  -15.0000 8817.1953   24.3911
    7.5000   22.5000  -15.0000 8289.1602   24.3739
   -7.5000   30.0000  -15.0000 7889.7568   23.8770
    0.0000   30.0000  -15.0000 7952.8647   23.8742
    7.5000   30.0000  -15.0000 7479.5654   23.8453
   -7.5000   37.5000  -15.0000 7037.7070   23.2249
    0.0000   37.5000  -15.0000 7100.3496   23.2130
    7.5000   37.5000  -15.0000 6668.2349   23.1725
   -7.5000   45.0000  -15.0000 6341.0083   23.2916
    0.0000   45.0000  -15.0000 6397.1162   23.2777
    7.5000   45.0000  -15.0000 6017.2124   23.2399
   -7.5000  -45.0000   -7.5000 8812.1436   22.6115
    0.0000  -45.0000   -7.5000 8883.9189   22.5897
    7.5000  -45.0000   -7.5000 8370.4551   22.5540
   -7.5000  -37.5000   -7.5000 9287.5762   23.9970
    0.0000  -37.5000   -7.5000 9357.8887   23.9811
    7.5000  -37.5000   -7.5000 8824.2344   23.9564
   -7.5000  -30.0000   -7.5000 9791.7021   24.6436
    0.0000  -30.0000   -7.5000 9882.7461   24.6391
    7.5000  -30.0000   -7.5000 9294.7852   24.6294
   -7.5000  -22.5000   -7.500010404.2939   24.7266
    0.0000  -22.5000   -7.500010516.1953   24.7271
    7.5000  -22.5000   -7.5000 9835.6025   24.7199
   -7.5000  -15.0000   -7.500010905.8145   24.7942
    0.0000  -15.0000   -7.500011029.4863   24.7883
    7.5000  -15.0000   -7.500010295.4678   24.7686
   -7.5000   -7.5000   -7.500010942.5264   24.7733
    0.0000   -7.5000   -7.500011053.5010   24.7559
    7.5000   -7.5000   -7.500010335.7930   24.7211
   -7.5000    0.0000   -7.500010999.7100   24.6927
    0.0000    0.0000   -7.500011091.8584   24.6688
    7.5000    0.0000   -7.500010384.3232   24.6298
   -7.5000    7.5000   -7.500010291.9092   24.6180
    0.0000    7.5000   -7.500010359.3428   24.6017
    7.5000    7.5000   -7.5000 9713.6855   24.5763
   -7.5000   15.0000   -7.5000 9806.7070   24.6360
    0.0000   15.0000   -7.5000 9862.9062   24.6315
    7.5000   15.0000   -7.5000 9270.1758   24.6218
   -7.5000   22.5000   -7.5000 8951.7500   24.4032
    0.0000   22.5000   -7.5000 9020.5664   24.4036
    7.5000   22.5000   -7.5000 8463.0156   24.3966
   -7.5000   30.0000   -7.5000 8072.8584   23.8781
    0.0000   30.0000   -7.5000 8131.5044   23.8724
    7.5000   30.0000   -7.5000 7635.5962   23.8533
   -7.5000   37.5000   -7.5000 7175.5610   23.2200
    0.0000   37.5000   -7.5000 7252.2754   23.2034
    7.5000   37.5000   -7.5000 6810.9883   23.1711
   -7.5000   45.0000   -7.5000 6445.3423   23.2920
    0.0000   45.0000   -7.5000 6506.4385   23.2782
    7.5000   45.0000   -7.5000 6107.9702   23.2469
   -7.5000  -45.0000    0.0000 8884.4609   23.1696
    0.0000  -45.0000    0.0000 8946.7461   23.1453
    7.5000  -45.0000    0.0000 8450.8848   23.1094
   -7.5000  -37.5000    0.0000 9333.7051   24.5836
    0.0000  -37.5000    0.0000 9394.2354   24.5660
    7.5000  -37.5000    0.0000 8903.2246   24.5355
   -7.5000  -30.0000    0.0000 9904.1543   25.2241
    0.0000  -30.0000    0.0000 9989.8936   25.2148
    7.5000  -30.0000    0.0000 9431.7012   25.1956
   -7.5000  -22.5000    0.000010543.8320   25.2973
    0.0000  -22.5000    0.000010678.7871   25.2888
    7.5000  -22.5000    0.0000 9971.4668   25.2741
   -7.5000  -15.0000    0.000011067.3398   25.3631
    0.0000  -15.0000    0.000011194.3896   25.3474
    7.5000  -15.0000    0.000010445.2617   25.3262
   -7.5000   -7.5000    0.000011067.7002   25.3493
    0.0000   -7.5000    0.000011149.1436   25.3251
    7.5000   -7.5000    0.000010472.6475   25.2924
   -7.5000    0.0000    0.000011056.3447   25.2770
    0.0000    0.0000    0.000011131.5703   25.2506
    7.5000    0.0000    0.000010492.9189   25.2114
   -7.5000    7.5000    0.000010289.9922   25.2031
    0.0000    7.5000    0.000010339.7148   25.1850
    7.5000    7.5000    0.0000 9736.0410   25.1538
   -7.5000   15.0000    0.0000 9805.0918   25.2152
    0.0000   15.0000    0.0000 9861.2998   25.2059
    7.5000   15.0000    0.0000 9263.1807   25.1867
   -7.5000   22.5000    0.0000 8951.1387   24.9699
    0.0000   22.5000    0.0000 9022.2822   24.9615
    7.5000   22.5000    0.0000 8452.0234   24.9470
   -7.5000   30.0000    0.0000 8090.4150   24.4407
    0.0000   30.0000    0.0000 8150.8110   24.4255
    7.5000   30.0000    0.0000 7642.6270   24.4051
   -7.5000   37.5000    0.0000 7217.0635   23.7887
    0.0000   37.5000    0.0000 7279.8696   23.7657
    7.5000   37.5000    0.0000 6808.9106   23.7358
   -7.5000   45.0000    0.0000 6435.4180   23.8914
    0.0000   45.0000    0.0000 6504.7329   23.8769
    7.5000   45.0000    0.0000 6080.0537   23.8470
   -7.5000  -45.0000    7.5000 8611.9277   23.1603
    0.0000  -45.0000    7.5000 8654.2188   23.1365
    7.5000  -45.0000    7.5000 8207.7656   23.0949
   -7.5000  -37.5000    7.5000 9028.2520   24.5675
    0.0000  -37.5000    7.5000 9092.3350   24.5443
    7.5000  -37.5000    7.5000 8646.6562   24.5015
   -7.5000  -30.0000    7.5000 9627.8203   25.1969
    0.0000  -30.0000    7.5000 9732.9531   25.1766
    7.5000  -30.0000    7.5000 9186.6104   25.1392
   -7.5000  -22.5000    7.500010303.7979   25.2642
    0.0000  -22.5000    7.500010430.9160   25.2449
    7.5000  -22.5000    7.5000 9746.1719   25.2131
   -7.5000  -15.0000    7.500010839.6289   25.3360
    0.0000  -15.0000    7.500010948.0146   25.3148
    7.5000  -15.0000    7.500010224.5723   25.2828
   -7.5000   -7.5000    7.500010817.5586   25.3338
    0.0000   -7.5000    7.500010853.4502   25.3095
    7.5000   -7.5000    7.500010248.1680   25.2711
   -7.5000    0.0000    7.500010748.4482   25.2670
    0.0000    0.0000    7.500010785.4141   25.2409
    7.5000    0.0000    7.500010233.0449   25.1956
   -7.5000    7.5000    7.5000 9953.5996   25.1866
    0.0000    7.5000    7.5000 9965.3975   25.1629
    7.5000    7.5000    7.5000 9433.8027   25.1189
   -7.5000   15.0000    7.5000 9473.0674   25.1880
    0.0000   15.0000    7.5000 9497.9209   25.1677
    7.5000   15.0000    7.5000 8955.9922   25.1303
   -7.5000   22.5000    7.5000 8637.1338   24.9372
    0.0000   22.5000    7.5000 8665.9414   24.9182
    7.5000   22.5000    7.5000 8151.6484   24.8868
   -7.5000   30.0000    7.5000 7815.0815   24.4145
    0.0000   30.0000    7.5000 7850.8472   24.3941
    7.5000   30.0000    7.5000 7361.6157   24.3633
   -7.5000   37.5000    7.5000 6959.6201   23.7737
    0.0000   37.5000    7.5000 7000.4644   23.7508
    7.5000   37.5000    7.5000 6574.5381   23.7161
   -7.5000   45.0000    7.5000 6213.0312   23.8810
    0.0000   45.0000    7.5000 6248.3818   23.8664
    7.5000   45.0000    7.5000 5867.8784   23.8318
   -7.5000  -45.0000   15.0000 8630.5508   23.1628
    0.0000  -45.0000   15.0000 8684.2275   23.1412
    7.5000  -45.0000   15.0000 8261.8174   23.0935
   -7.5000  -37.5000   15.0000 9046.0312   24.5613
    0.0000  -37.5000   15.0000 9097.6250   24.5345
    7.5000  -37.5000   15.0000 8677.4639   24.4851
   -7.5000  -30.0000   15.0000 9587.3125   25.1875
    0.0000  -30.0000   15.0000 9658.2061   25.1621
    7.5000  -30.0000   15.0000 9174.6455   25.1171
   -7.5000  -22.5000   15.000010226.5342   25.2603
    0.0000  -22.5000   15.000010342.6787   25.2407
    7.5000  -22.5000   15.0000 9751.8379   25.2003
   -7.5000  -15.0000   15.000010807.7148   25.3403
    0.0000  -15.0000   15.000010911.3389   25.3241
    7.5000  -15.0000   15.000010265.2441   25.2832
   -7.5000   -7.5000   15.000010839.3193   25.3412
    0.0000   -7.5000   15.000010872.2686   25.3233
    7.5000   -7.5000   15.000010295.4922   25.2769
   -7.5000    0.0000   15.000010812.4717   25.2696
    0.0000    0.0000   15.000010820.8057   25.2460
    7.5000    0.0000   15.000010273.8828   25.1941
   -7.5000    7.5000   15.0000 9961.2227   25.1803
    0.0000    7.5000   15.0000 9954.7900   25.1528
    7.5000    7.5000   15.0000 9451.3105   25.1021
   -7.5000   15.0000   15.0000 9439.3799   25.1786
    0.0000   15.0000   15.0000 9449.0498   25.1532
    7.5000   15.0000   15.0000 8948.8154   25.1082
   -7.5000   22.5000   15.0000 8615.6973   24.9334
    0.0000   22.5000   15.0000 8624.5723   24.9140
    7.5000   22.5000   15.0000 8145.3516   24.8741
   -7.5000   30.0000   15.0000 7798.7329   24.4187
    0.0000   30.0000   15.0000 7815.5049   24.4031
    7.5000   30.0000   15.0000 7361.0723   24.3637
   -7.5000   37.5000   15.0000 6908.0259   23.7799
    0.0000   37.5000   15.0000 6935.6538   23.7632
    7.5000   37.5000   15.0000 6531.2427   23.7209
   -7.5000   45.0000   15.0000 6137.1104   23.8803
    0.0000   45.0000   15.0000 6185.3091   23.8664
    7.5000   45.0000   15.0000 5826.1040   23.8248
   -7.5000  -45.0000   22.5000 8240.6670   23.2443
    0.0000  -45.0000   22.5000 8311.5410   23.2232
    7.5000  -45.0000   22.5000 7888.9658   23.1739
   -7.5000  -37.5000   22.5000 8658.3018   24.6431
    0.0000  -37.5000   22.5000 8736.0811   24.6168
    7.5000  -37.5000   22.5000 8289.8691   24.5716
   -7.5000  -30.0000   22.5000 9118.0039   25.2746
    0.0000  -30.0000   22.5000 9204.0664   25.2531
    7.5000  -30.0000   22.5000 8722.9268   25.2162
   -7.5000  -22.5000   22.5000 9695.0176   25.3567
    0.0000  -22.5000   22.5000 9792.4697   25.3451
    7.5000  -22.5000   22.5000 9256.8115   25.3105
   -7.5000  -15.0000   22.500010212.7373   25.4410
    0.0000  -15.0000   22.500010315.5869   25.4336
    7.5000  -15.0000   22.5000 9733.0908   25.3920
   -7.5000   -7.5000   22.500010263.7959   25.4376
    0.0000   -7.5000   22.500010359.8975   25.4249
    7.5000   -7.5000   22.5000 9763.4238   25.3742
   -7.5000    0.0000   22.500010246.0615   25.3586
    0.0000    0.0000   22.500010330.4697   25.3356
    7.5000    0.0000   22.5000 9748.0342   25.2817
   -7.5000    7.5000   22.5000 9424.3750   25.2642
    0.0000    7.5000   22.5000 9485.2686   25.2372
    7.5000    7.5000   22.5000 8953.9805   25.1909
   -7.5000   15.0000   22.5000 8940.1943   25.2656
    0.0000   15.0000   22.5000 8975.0166   25.2442
    7.5000   15.0000   22.5000 8485.4482   25.2073
   -7.5000   22.5000   22.5000 8171.2080   25.0285
    0.0000   22.5000   22.5000 8185.9111   25.0171
    7.5000   22.5000   22.5000 7730.2236   24.9830
   -7.5000   30.0000   22.5000 7368.7471   24.5158
    0.0000   30.0000   22.5000 7387.4995   24.5086
    7.5000   30.0000   22.5000 6974.5298   24.4685
   -7.5000   37.5000   22.5000 6523.5435   23.8705
    0.0000   37.5000   22.5000 6522.4502   23.8586
    7.5000   37.5000   22.5000 6173.8223   23.8118
   -7.5000   45.0000   22.5000 5795.0513   23.9641
    0.0000   45.0000   22.5000 5799.1279   23.9498
    7.5000   45.0000   22.5000 5493.1289   23.9055
   -7.5000  -45.0000   30.0000 7776.4458   23.3303
    0.0000  -45.0000   30.0000 7879.0171   23.3095
    7.5000  -45.0000   30.0000 7417.4512   23.2667
   -7.5000  -37.5000   30.0000 8168.8584   24.7504
    0.0000  -37.5000   30.0000 8265.5801   24.7299
    7.5000  -37.5000   30.0000 7802.8584   24.6975
   -7.5000  -30.0000   30.0000 8608.9033   25.3990
    0.0000  -30.0000   30.0000 8694.7236   25.3882
    7.5000  -30.0000   30.0000 8217.9648   25.3695
   -7.5000  -22.5000   30.0000 9131.3848   25.4880
    0.0000  -22.5000   30.0000 9208.1455   25.4866
    7.5000  -22.5000   30.0000 8713.8066   25.4692
   -7.5000  -15.0000   30.0000 9583.5654   25.5681
    0.0000  -15.0000   30.0000 9638.3545   25.5658
    7.5000  -15.0000   30.0000 9144.1084   25.5358
   -7.5000   -7.5000   30.0000 9596.1787   25.5535
    0.0000   -7.5000   30.0000 9654.4883   25.5412
    7.5000   -7.5000   30.0000 9152.3525   25.4974
   -7.5000    0.0000   30.0000 9612.5938   25.4680
    0.0000    0.0000   30.0000 9668.4844   25.4452
    7.5000    0.0000   30.0000 9176.2275   25.3986
   -7.5000    7.5000   30.0000 8850.8154   25.3785
    0.0000    7.5000   30.0000 8892.1309   25.3574
    7.5000    7.5000   30.0000 8439.9551   25.3242
   -7.5000   15.0000   30.0000 8421.7061   25.3899
    0.0000   15.0000   30.0000 8445.9355   25.3791
    7.5000   15.0000   30.0000 8008.5996   25.3604
   -7.5000   22.5000   30.0000 7687.3052   25.1560
    0.0000   22.5000   30.0000 7695.1084   25.1545
    7.5000   22.5000   30.0000 7286.5195   25.1374
   -7.5000   30.0000   30.0000 6889.6846   24.6495
    0.0000   30.0000   30.0000 6906.0420   24.6473
    7.5000   30.0000   30.0000 6543.5552   24.6184
   -7.5000   37.5000   30.0000 6089.9658   24.0030
    0.0000   37.5000   30.0000 6105.3550   23.9913
    7.5000   37.5000   30.0000 5782.6519   23.9504
   -7.5000   45.0000   30.0000 5412.8242   24.1113
    0.0000   45.0000   30.0000 5418.2422   24.0975
    7.5000   45.0000   30.0000 5145.4546   24.0591
   -7.5000  -45.0000   37.5000 7286.0845   23.3611
    0.0000  -45.0000   37.5000 7371.5879   23.3384
    7.5000  -45.0000   37.5000 6941.2070   23.3056
   -7.5000  -37.5000   37.5000 7663.5059   24.7956
    0.0000  -37.5000   37.5000 7745.8726   24.7771
    7.5000  -37.5000   37.5000 7309.1782   24.7566
   -7.5000  -30.0000   37.5000 8067.2314   25.4288
    0.0000  -30.0000   37.5000 8142.3721   25.4202
    7.5000  -30.0000   37.5000 7699.9497   25.4151
   -7.5000  -22.5000   37.5000 8529.5322   25.5111
    0.0000  -22.5000   37.5000 8612.8652   25.5076
    7.5000  -22.5000   37.5000 8170.3887   25.5040
   -7.5000  -15.0000   37.5000 8934.0391   25.5863
    0.0000  -15.0000   37.5000 9008.8564   25.5784
    7.5000  -15.0000   37.5000 8568.1680   25.5613
   -7.5000   -7.5000   37.5000 8935.0391   25.5720
    0.0000   -7.5000   37.5000 9020.0098   25.5540
    7.5000   -7.5000   37.5000 8566.0654   25.5217
   -7.5000    0.0000   37.5000 8951.0186   25.4919
    0.0000    0.0000   37.5000 9017.4658   25.4671
    7.5000    0.0000   37.5000 8573.3076   25.4314
   -7.5000    7.5000   37.5000 8273.5078   25.4091
    0.0000    7.5000   37.5000 8312.8877   25.3901
    7.5000    7.5000   37.5000 7905.1982   25.3691
   -7.5000   15.0000   37.5000 7898.3584   25.4195
    0.0000   15.0000   37.5000 7928.9780   25.4110
    7.5000   15.0000   37.5000 7528.8711   25.4058
   -7.5000   22.5000   37.5000 7198.3291   25.1743
    0.0000   22.5000   37.5000 7228.5200   25.1709
    7.5000   22.5000   37.5000 6851.6855   25.1674
   -7.5000   30.0000   37.5000 6460.0659   24.6669
    0.0000   30.0000   37.5000 6494.6763   24.6593
    7.5000   30.0000   37.5000 6148.2051   24.6427
   -7.5000   37.5000   37.5000 5704.1357   24.0227
    0.0000   37.5000   37.5000 5743.8809   24.0055
    7.5000   37.5000   37.5000 5427.5679   23.9755
   -7.5000   45.0000   37.5000 5063.9160   24.1139
    0.0000   45.0000   37.5000 5097.9692   24.0999
    7.5000   45.0000   37.5000 4829.6851   24.0721
   -7.5000  -45.0000   45.0000 6754.7139   23.5253
    0.0000  -45.0000   45.0000 6851.6084   23.4923
    7.5000  -45.0000   45.0000 6448.4443   23.4575
   -7.5000  -37.5000   45.0000 7107.7412   24.9687
    0.0000  -37.5000   45.0000 7193.4204   24.9418
    7.5000  -37.5000   45.0000 6777.8159   24.9126
   -7.5000  -30.0000   45.0000 7492.9585   25.5615
    0.0000  -30.0000   45.0000 7577.3696   25.5414
    7.5000  -30.0000   45.0000 7150.2896   25.5242
   -7.5000  -22.5000   45.0000 7909.6943   25.6252
    0.0000  -22.5000   45.0000 7990.7207   25.6039
    7.5000  -22.5000   45.0000 7573.5957   25.5916
   -7.5000  -15.0000   45.0000 8279.2617   25.7055
    0.0000  -15.0000   45.0000 8359.5146   25.6772
    7.5000  -15.0000   45.0000 7937.7930   25.6586
   -7.5000   -7.5000   45.0000 8303.5859   25.7124
    0.0000   -7.5000   45.0000 8382.1045   25.6773
    7.5000   -7.5000   45.0000 7958.6143   25.6467
   -7.5000    0.0000   45.0000 8320.5742   25.6490
    0.0000    0.0000   45.0000 8385.9795   25.6131
    7.5000    0.0000   45.0000 7975.0898   25.5751
   -7.5000    7.5000   45.0000 7683.0117   25.5619
    0.0000    7.5000   45.0000 7730.1035   25.5343
    7.5000    7.5000   45.0000 7341.6260   25.5044
   -7.5000   15.0000   45.0000 7337.0376   25.5519
    0.0000   15.0000   45.0000 7373.5264   25.5318
    7.5000   15.0000   45.0000 6991.0947   25.5147
   -7.5000   22.5000   45.0000 6687.7319   25.2835
    0.0000   22.5000   45.0000 6737.3472   25.2625
    7.5000   22.5000   45.0000 6373.0122   25.2504
   -7.5000   30.0000   45.0000 6010.8926   24.7793
    0.0000   30.0000   45.0000 6071.5835   24.7521
    7.5000   30.0000   45.0000 5728.4648   24.7341
   -7.5000   37.5000   45.0000 5321.8877   24.1507
    0.0000   37.5000   45.0000 5361.3198   24.1174
    7.5000   37.5000   45.0000 5062.8306   24.0896
   -7.5000   45.0000   45.0000 4725.0933   24.2228
    0.0000   45.0000   45.0000 4759.6519   24.1993
    7.5000   45.0000   45.0000 4511.4995   24.1718

---------------------------------------------------------------------
imgreg_4dfp /opt/freesurfer/average/711-2C_as_mni_average_305 /opt/freesurfer/average/711-2B_as_mni_average_305_mask talsrcimg_g11 none talsrcimg_to_711-2C_as_mni_average_305_t4 4355
---------------------------------------------------------------------

freesurfer imgreg_4dfp.c
/opt/freesurfer/average/711-2C_as_mni_average_305.4dfp.img
       256       256       256         1
  1.000000  1.000000  1.000000
orientation T byte_order littleendian
Reading image: /opt/freesurfer/average/711-2C_as_mni_average_305.4dfp.img
dimensions:      256       256       256
mmppix:       1.0000   -1.0000   -1.0000
center:     128.0000 -129.0000 -129.0000
/opt/freesurfer/average/711-2B_as_mni_average_305_mask.4dfp.img
       256       256       256         1
  1.000000  1.000000  1.000000
orientation T byte_order littleendian
Reading mask: /opt/freesurfer/average/711-2B_as_mni_average_305_mask.4dfp.img (2306576 pixels)
talsrcimg_g11.4dfp.img
       256       256       256         1
  0.898438  0.898438  0.898438
orientation T byte_order littleendian
Reading image: talsrcimg_g11.4dfp.img
dimensions:      256       256       256
mmppix:       0.8984   -0.8984   -0.8984
center:     115.0001 -115.8985 -115.8985
rotation matrix determinant  1.000000
image alignment mode   4355 decimal     1103 hex
   -7.5000  -60.0000  -45.0000 1749.3665   25.1237
    0.0000  -60.0000  -45.0000 1761.9066   24.9754
    7.5000  -60.0000  -45.0000 1742.4948   25.3628
   -7.5000  -52.5000  -45.0000 1837.0775   22.7177
    0.0000  -52.5000  -45.0000 1847.9480   22.5965
    7.5000  -52.5000  -45.0000 1826.6179   22.8862
   -7.5000  -45.0000  -45.0000 1941.5895   21.1626
    0.0000  -45.0000  -45.0000 1952.6414   21.1030
    7.5000  -45.0000  -45.0000 1932.3936   21.3328
   -7.5000  -37.5000  -45.0000 1997.8021   20.0932
    0.0000  -37.5000  -45.0000 2009.0929   20.0585
    7.5000  -37.5000  -45.0000 1984.7428   20.2500
   -7.5000  -30.0000  -45.0000 2023.7349   19.3896
    0.0000  -30.0000  -45.0000 2032.8899   19.3881
    7.5000  -30.0000  -45.0000 2010.6721   19.5749
   -7.5000  -22.5000  -45.0000 2016.4929   19.0892
    0.0000  -22.5000  -45.0000 2024.7682   19.0914
    7.5000  -22.5000  -45.0000 2014.1378   19.3092
   -7.5000  -15.0000  -45.0000 2014.3746   19.1058
    0.0000  -15.0000  -45.0000 2024.1661   19.0530
    7.5000  -15.0000  -45.0000 2005.2181   19.2854
   -7.5000   -7.5000  -45.0000 1996.7367   19.5747
    0.0000   -7.5000  -45.0000 2010.5355   19.5555
    7.5000   -7.5000  -45.0000 1986.5330   19.7829
   -7.5000    0.0000  -45.0000 1965.9736   20.4798
    0.0000    0.0000  -45.0000 1981.4409   20.4345
    7.5000    0.0000  -45.0000 1955.9430   20.6698
   -7.5000    7.5000  -45.0000 1924.6810   21.7182
    0.0000    7.5000  -45.0000 1937.0326   21.7070
    7.5000    7.5000  -45.0000 1910.3826   21.9433
   -7.5000   15.0000  -45.0000 1862.6510   23.4643
    0.0000   15.0000  -45.0000 1874.1715   23.4075
    7.5000   15.0000  -45.0000 1846.5706   23.7070
   -7.5000   22.5000  -45.0000 1777.3575   25.6511
    0.0000   22.5000  -45.0000 1792.4084   25.6057
    7.5000   22.5000  -45.0000 1760.7791   25.9888
   -7.5000   30.0000  -45.0000 1679.0842   28.5737
    0.0000   30.0000  -45.0000 1696.0988   28.5180
    7.5000   30.0000  -45.0000 1661.9813   28.9738
   -7.5000  -60.0000  -37.5000 1895.5270   24.3242
    0.0000  -60.0000  -37.5000 1903.4009   24.2179
    7.5000  -60.0000  -37.5000 1885.5388   24.5008
   -7.5000  -52.5000  -37.5000 1998.1602   22.0348
    0.0000  -52.5000  -37.5000 2007.1011   21.9758
    7.5000  -52.5000  -37.5000 1986.3990   22.2012
   -7.5000  -45.0000  -37.5000 2115.3728   20.5805
    0.0000  -45.0000  -37.5000 2123.9973   20.5567
    7.5000  -45.0000  -37.5000 2099.9309   20.7329
   -7.5000  -37.5000  -37.5000 2172.5823   19.4697
    0.0000  -37.5000  -37.5000 2179.9375   19.4423
    7.5000  -37.5000  -37.5000 2156.8171   19.5838
   -7.5000  -30.0000  -37.5000 2198.9075   18.7815
    0.0000  -30.0000  -37.5000 2209.5588   18.7136
    7.5000  -30.0000  -37.5000 2180.6311   18.8899
   -7.5000  -22.5000  -37.5000 2201.1218   18.5042
    0.0000  -22.5000  -37.5000 2214.6064   18.4348
    7.5000  -22.5000  -37.5000 2190.3835   18.6327
   -7.5000  -15.0000  -37.5000 2195.3186   18.5489
    0.0000  -15.0000  -37.5000 2205.6743   18.5089
    7.5000  -15.0000  -37.5000 2185.0203   18.6987
   -7.5000   -7.5000  -37.5000 2171.6643   19.0212
    0.0000   -7.5000  -37.5000 2187.5576   18.9823
    7.5000   -7.5000  -37.5000 2159.8386   19.1897
   -7.5000    0.0000  -37.5000 2137.3069   19.8522
    0.0000    0.0000  -37.5000 2155.0593   19.8302
    7.5000    0.0000  -37.5000 2124.1472   20.0658
   -7.5000    7.5000  -37.5000 2089.2229   21.0594
    0.0000    7.5000  -37.5000 2104.6355   21.0636
    7.5000    7.5000  -37.5000 2076.7495   21.2793
   -7.5000   15.0000  -37.5000 2019.9841   22.7651
    0.0000   15.0000  -37.5000 2035.3687   22.7051
    7.5000   15.0000  -37.5000 2005.9495   22.9736
   -7.5000   22.5000  -37.5000 1930.6564   24.9119
    0.0000   22.5000  -37.5000 1942.5919   24.8702
    7.5000   22.5000  -37.5000 1914.4071   25.1810
   -7.5000   30.0000  -37.5000 1822.5773   27.7180
    0.0000   30.0000  -37.5000 1833.5508   27.7175
    7.5000   30.0000  -37.5000 1801.5343   28.0591
   -7.5000  -60.0000  -30.0000 2024.7573   23.5842
    0.0000  -60.0000  -30.0000 2032.5988   23.4971
    7.5000  -60.0000  -30.0000 2014.0591   23.7447
   -7.5000  -52.5000  -30.0000 2139.5105   21.3372
    0.0000  -52.5000  -30.0000 2148.5920   21.2733
    7.5000  -52.5000  -30.0000 2121.7747   21.4804
   -7.5000  -45.0000  -30.0000 2261.9758   19.8504
    0.0000  -45.0000  -30.0000 2272.9348   19.8057
    7.5000  -45.0000  -30.0000 2243.5439   19.9693
   -7.5000  -37.5000  -30.0000 2324.8213   18.7098
    0.0000  -37.5000  -30.0000 2330.0078   18.6668
    7.5000  -37.5000  -30.0000 2310.1831   18.8118
   -7.5000  -30.0000  -30.0000 2355.0056   18.0540
    0.0000  -30.0000  -30.0000 2365.4280   18.0065
    7.5000  -30.0000  -30.0000 2337.0986   18.1787
   -7.5000  -22.5000  -30.0000 2369.6821   17.7457
    0.0000  -22.5000  -30.0000 2384.9050   17.6786
    7.5000  -22.5000  -30.0000 2349.6741   17.8692
   -7.5000  -15.0000  -30.0000 2369.4219   17.8317
    0.0000  -15.0000  -30.0000 2381.1443   17.7843
    7.5000  -15.0000  -30.0000 2358.3181   17.9638
   -7.5000   -7.5000  -30.0000 2346.4082   18.3248
    0.0000   -7.5000  -30.0000 2361.7024   18.2564
    7.5000   -7.5000  -30.0000 2330.5898   18.4853
   -7.5000    0.0000  -30.0000 2304.3059   19.1589
    0.0000    0.0000  -30.0000 2319.6948   19.0951
    7.5000    0.0000  -30.0000 2288.0691   19.3447
   -7.5000    7.5000  -30.0000 2245.0129   20.3815
    0.0000    7.5000  -30.0000 2260.3020   20.2969
    7.5000    7.5000  -30.0000 2225.7014   20.5348
   -7.5000   15.0000  -30.0000 2165.3284   22.0216
    0.0000   15.0000  -30.0000 2181.9758   21.9472
    7.5000   15.0000  -30.0000 2145.1013   22.2109
   -7.5000   22.5000  -30.0000 2069.3694   24.0798
    0.0000   22.5000  -30.0000 2081.5461   24.0431
    7.5000   22.5000  -30.0000 2051.6731   24.2893
   -7.5000   30.0000  -30.0000 1956.0804   26.8465
    0.0000   30.0000  -30.0000 1966.3010   26.8040
    7.5000   30.0000  -30.0000 1930.2632   27.1114
   -7.5000  -60.0000  -22.5000 2134.8784   22.7155
    0.0000  -60.0000  -22.5000 2145.1946   22.6472
    7.5000  -60.0000  -22.5000 2124.3677   22.8561
   -7.5000  -52.5000  -22.5000 2253.6672   20.4828
    0.0000  -52.5000  -22.5000 2264.4167   20.4714
    7.5000  -52.5000  -22.5000 2233.0039   20.6223
   -7.5000  -45.0000  -22.5000 2381.5337   19.0232
    0.0000  -45.0000  -22.5000 2390.7971   19.0003
    7.5000  -45.0000  -22.5000 2361.2649   19.1321
   -7.5000  -37.5000  -22.5000 2449.5022   17.8519
    0.0000  -37.5000  -22.5000 2463.2856   17.8249
    7.5000  -37.5000  -22.5000 2439.4941   17.9706
   -7.5000  -30.0000  -22.5000 2489.6794   17.1829
    0.0000  -30.0000  -22.5000 2507.1492   17.1410
    7.5000  -30.0000  -22.5000 2475.1484   17.3321
   -7.5000  -22.5000  -22.5000 2515.9697   16.8764
    0.0000  -22.5000  -22.5000 2536.7285   16.8544
    7.5000  -22.5000  -22.5000 2496.2004   17.0621
   -7.5000  -15.0000  -22.5000 2525.1084   16.9751
    0.0000  -15.0000  -22.5000 2539.0513   16.9228
    7.5000  -15.0000  -22.5000 2507.0950   17.1399
   -7.5000   -7.5000  -22.5000 2508.8386   17.4288
    0.0000   -7.5000  -22.5000 2526.9136   17.3654
    7.5000   -7.5000  -22.5000 2489.4734   17.6030
   -7.5000    0.0000  -22.5000 2468.0337   18.3200
    0.0000    0.0000  -22.5000 2486.1738   18.2374
    7.5000    0.0000  -22.5000 2443.5002   18.4866
   -7.5000    7.5000  -22.5000 2397.0266   19.5708
    0.0000    7.5000  -22.5000 2413.1687   19.4512
    7.5000    7.5000  -22.5000 2369.3860   19.6821
   -7.5000   15.0000  -22.5000 2301.5754   21.0950
    0.0000   15.0000  -22.5000 2316.6919   21.0026
    7.5000   15.0000  -22.5000 2275.9846   21.2416
   -7.5000   22.5000  -22.5000 2192.1875   23.1079
    0.0000   22.5000  -22.5000 2207.7000   23.0401
    7.5000   22.5000  -22.5000 2172.0288   23.2768
   -7.5000   30.0000  -22.5000 2068.3232   25.7877
    0.0000   30.0000  -22.5000 2082.8088   25.7368
    7.5000   30.0000  -22.5000 2046.6727   26.0606
   -7.5000  -60.0000  -15.0000 2217.8040   21.8396
    0.0000  -60.0000  -15.0000 2224.6562   21.7523
    7.5000  -60.0000  -15.0000 2202.5457   22.0130
   -7.5000  -52.5000  -15.0000 2332.2693   19.6161
    0.0000  -52.5000  -15.0000 2344.4155   19.5871
    7.5000  -52.5000  -15.0000 2317.5288   19.7533
   -7.5000  -45.0000  -15.0000 2468.9570   18.1322
    0.0000  -45.0000  -15.0000 2484.3774   18.0931
    7.5000  -45.0000  -15.0000 2454.1230   18.2668
   -7.5000  -37.5000  -15.0000 2555.8987   16.9858
    0.0000  -37.5000  -15.0000 2572.8538   16.9346
    7.5000  -37.5000  -15.0000 2548.7644   17.1140
   -7.5000  -30.0000  -15.0000 2607.0254   16.3084
    0.0000  -30.0000  -15.0000 2627.9971   16.2568
    7.5000  -30.0000  -15.0000 2599.2673   16.4517
   -7.5000  -22.5000  -15.0000 2647.1885   16.0211
    0.0000  -22.5000  -15.0000 2667.5691   15.9778
    7.5000  -22.5000  -15.0000 2626.1694   16.2089
   -7.5000  -15.0000  -15.0000 2657.9678   16.0667
    0.0000  -15.0000  -15.0000 2675.6094   16.0193
    7.5000  -15.0000  -15.0000 2633.8203   16.2495
   -7.5000   -7.5000  -15.0000 2642.3091   16.4610
    0.0000   -7.5000  -15.0000 2660.6116   16.4461
    7.5000   -7.5000  -15.0000 2617.6748   16.6511
   -7.5000    0.0000  -15.0000 2599.6895   17.3584
    0.0000    0.0000  -15.0000 2615.4839   17.2782
    7.5000    0.0000  -15.0000 2568.4468   17.5413
   -7.5000    7.5000  -15.0000 2517.2646   18.5447
    0.0000    7.5000  -15.0000 2537.2314   18.4748
    7.5000    7.5000  -15.0000 2487.3643   18.7163
   -7.5000   15.0000  -15.0000 2407.1675   20.0245
    0.0000   15.0000  -15.0000 2419.7837   19.9707
    7.5000   15.0000  -15.0000 2384.2002   20.1943
   -7.5000   22.5000  -15.0000 2282.6682   22.0027
    0.0000   22.5000  -15.0000 2299.5129   21.9499
    7.5000   22.5000  -15.0000 2267.7378   22.2311
   -7.5000   30.0000  -15.0000 2151.7334   24.6254
    0.0000   30.0000  -15.0000 2165.9004   24.6086
    7.5000   30.0000  -15.0000 2132.3916   24.9326
   -7.5000  -60.0000   -7.5000 2260.7207   20.8360
    0.0000  -60.0000   -7.5000 2271.2195   20.7099
    7.5000  -60.0000   -7.5000 2243.3857   21.0333
   -7.5000  -52.5000   -7.5000 2376.4851   18.6419
    0.0000  -52.5000   -7.5000 2390.8413   18.5897
    7.5000  -52.5000   -7.5000 2363.1597   18.8587
   -7.5000  -45.0000   -7.5000 2518.9019   17.1882
    0.0000  -45.0000   -7.5000 2534.5078   17.1395
    7.5000  -45.0000   -7.5000 2506.6570   17.3815
   -7.5000  -37.5000   -7.5000 2623.4221   16.0497
    0.0000  -37.5000   -7.5000 2641.5796   15.9917
    7.5000  -37.5000   -7.5000 2611.6101   16.2400
   -7.5000  -30.0000   -7.5000 2697.4658   15.4066
    0.0000  -30.0000   -7.5000 2721.1831   15.3557
    7.5000  -30.0000   -7.5000 2683.2173   15.5754
   -7.5000  -22.5000   -7.5000 2744.3718   15.1475
    0.0000  -22.5000   -7.5000 2771.6421   15.0941
    7.5000  -22.5000   -7.5000 2723.2163   15.3198
   -7.5000  -15.0000   -7.5000 2759.2686   15.1419
    0.0000  -15.0000   -7.5000 2789.4697   15.1108
    7.5000  -15.0000   -7.5000 2734.0420   15.3415
   -7.5000   -7.5000   -7.5000 2746.9343   15.4813
    0.0000   -7.5000   -7.5000 2767.9692   15.4639
    7.5000   -7.5000   -7.5000 2718.3591   15.7034
   -7.5000    0.0000   -7.5000 2689.4561   16.2975
    0.0000    0.0000   -7.5000 2709.6438   16.2417
    7.5000    0.0000   -7.5000 2659.8113   16.5085
   -7.5000    7.5000   -7.5000 2594.9377   17.4509
    0.0000    7.5000   -7.5000 2617.1138   17.3768
    7.5000    7.5000   -7.5000 2571.9351   17.6434
   -7.5000   15.0000   -7.5000 2474.1052   18.9346
    0.0000   15.0000   -7.5000 2489.7668   18.8417
    7.5000   15.0000   -7.5000 2456.4299   19.1219
   -7.5000   22.5000   -7.5000 2343.2312   20.9227
    0.0000   22.5000   -7.5000 2355.7651   20.8157
    7.5000   22.5000   -7.5000 2324.2866   21.1059
   -7.5000   30.0000   -7.5000 2200.8589   23.4255
    0.0000   30.0000   -7.5000 2214.0569   23.3341
    7.5000   30.0000   -7.5000 2183.3477   23.6535
   -7.5000  -60.0000    0.0000 2299.7788   20.1965
    0.0000  -60.0000    0.0000 2313.1204   20.0522
    7.5000  -60.0000    0.0000 2281.8455   20.4554
   -7.5000  -52.5000    0.0000 2416.1482   18.0449
    0.0000  -52.5000    0.0000 2433.3230   17.9476
    7.5000  -52.5000    0.0000 2405.8306   18.3255
   -7.5000  -45.0000    0.0000 2565.7815   16.6008
    0.0000  -45.0000    0.0000 2584.0491   16.5118
    7.5000  -45.0000    0.0000 2551.9526   16.8235
   -7.5000  -37.5000    0.0000 2680.6431   15.4800
    0.0000  -37.5000    0.0000 2702.7097   15.3941
    7.5000  -37.5000    0.0000 2667.6204   15.6817
   -7.5000  -30.0000    0.0000 2777.0679   14.8504
    0.0000  -30.0000    0.0000 2802.9749   14.8016
    7.5000  -30.0000    0.0000 2759.9333   15.0675
   -7.5000  -22.5000    0.0000 2840.7803   14.6112
    0.0000  -22.5000    0.0000 2879.7068   14.5264
    7.5000  -22.5000    0.0000 2817.0574   14.7918
   -7.5000  -15.0000    0.0000 2870.4014   14.5695
    0.0000  -15.0000    0.0000 2912.7024   14.5013
    7.5000  -15.0000    0.0000 2838.0911   14.7650
   -7.5000   -7.5000    0.0000 2850.0364   14.8853
    0.0000   -7.5000    0.0000 2873.8533   14.8361
    7.5000   -7.5000    0.0000 2816.3323   15.1173
   -7.5000    0.0000    0.0000 2771.7637   15.6034
    0.0000    0.0000    0.0000 2797.4702   15.5383
    7.5000    0.0000    0.0000 2745.2058   15.8236
   -7.5000    7.5000    0.0000 2661.6223   16.7552
    0.0000    7.5000    0.0000 2683.2031   16.6445
    7.5000    7.5000    0.0000 2639.3740   16.9534
   -7.5000   15.0000    0.0000 2530.2954   18.2628
    0.0000   15.0000    0.0000 2550.4448   18.1372
    7.5000   15.0000    0.0000 2509.1963   18.4622
   -7.5000   22.5000    0.0000 2391.2393   20.2062
    0.0000   22.5000    0.0000 2410.6157   20.0481
    7.5000   22.5000    0.0000 2369.6890   20.4071
   -7.5000   30.0000    0.0000 2246.6804   22.6169
    0.0000   30.0000    0.0000 2263.2661   22.5256
    7.5000   30.0000    0.0000 2225.7292   22.8372
   -7.5000  -60.0000    7.5000 2321.0227   19.7546
    0.0000  -60.0000    7.5000 2337.2097   19.6027
    7.5000  -60.0000    7.5000 2307.8164   20.1121
   -7.5000  -52.5000    7.5000 2440.0068   17.6554
    0.0000  -52.5000    7.5000 2455.9871   17.4899
    7.5000  -52.5000    7.5000 2427.0305   17.9589
   -7.5000  -45.0000    7.5000 2586.3164   16.1938
    0.0000  -45.0000    7.5000 2604.9954   16.0575
    7.5000  -45.0000    7.5000 2568.7710   16.4505
   -7.5000  -37.5000    7.5000 2710.9812   15.0592
    0.0000  -37.5000    7.5000 2739.0281   14.9416
    7.5000  -37.5000    7.5000 2697.1399   15.2914
   -7.5000  -30.0000    7.5000 2818.1379   14.4598
    0.0000  -30.0000    7.5000 2853.8816   14.3491
    7.5000  -30.0000    7.5000 2800.9700   14.6775
   -7.5000  -22.5000    7.5000 2901.8071   14.2583
    0.0000  -22.5000    7.5000 2948.5452   14.1456
    7.5000  -22.5000    7.5000 2870.0288   14.4224
   -7.5000  -15.0000    7.5000 2957.8008   14.1935
    0.0000  -15.0000    7.5000 3012.5991   14.0664
    7.5000  -15.0000    7.5000 2899.1975   14.3847
   -7.5000   -7.5000    7.5000 2927.3176   14.5351
    0.0000   -7.5000    7.5000 2960.6797   14.3996
    7.5000   -7.5000    7.5000 2876.3430   14.7465
   -7.5000    0.0000    7.5000 2821.7507   15.2477
    0.0000    0.0000    7.5000 2854.8225   15.1057
    7.5000    0.0000    7.5000 2789.2141   15.4381
   -7.5000    7.5000    7.5000 2694.8816   16.3147
    0.0000    7.5000    7.5000 2722.4397   16.1615
    7.5000    7.5000    7.5000 2671.3579   16.4888
   -7.5000   15.0000    7.5000 2552.7832   17.7778
    0.0000   15.0000    7.5000 2577.7563   17.6120
    7.5000   15.0000    7.5000 2533.0212   17.9297
   -7.5000   22.5000    7.5000 2410.8770   19.6464
    0.0000   22.5000    7.5000 2431.6284   19.4909
    7.5000   22.5000    7.5000 2390.7583   19.8067
   -7.5000   30.0000    7.5000 2260.5183   22.0312
    0.0000   30.0000    7.5000 2278.8674   21.8972
    7.5000   30.0000    7.5000 2237.5591   22.2087
   -7.5000  -60.0000   15.0000 2333.2107   19.5891
    0.0000  -60.0000   15.0000 2346.7173   19.4427
    7.5000  -60.0000   15.0000 2316.7866   19.9997
   -7.5000  -52.5000   15.0000 2446.5520   17.5271
    0.0000  -52.5000   15.0000 2466.5342   17.3920
    7.5000  -52.5000   15.0000 2429.1577   17.8823
   -7.5000  -45.0000   15.0000 2597.5247   16.1031
    0.0000  -45.0000   15.0000 2618.4775   15.9523
    7.5000  -45.0000   15.0000 2575.2241   16.3901
   -7.5000  -37.5000   15.0000 2723.7971   14.9611
    0.0000  -37.5000   15.0000 2751.4907   14.8032
    7.5000  -37.5000   15.0000 2703.5635   15.2145
   -7.5000  -30.0000   15.0000 2830.2395   14.3289
    0.0000  -30.0000   15.0000 2862.7214   14.1715
    7.5000  -30.0000   15.0000 2808.9033   14.5618
   -7.5000  -22.5000   15.0000 2912.3218   14.1076
    0.0000  -22.5000   15.0000 2958.5994   13.9554
    7.5000  -22.5000   15.0000 2877.6646   14.2843
   -7.5000  -15.0000   15.0000 2968.3645   14.0998
    0.0000  -15.0000   15.0000 3022.9358   13.9691
    7.5000  -15.0000   15.0000 2906.3088   14.3192
   -7.5000   -7.5000   15.0000 2938.5439   14.4493
    0.0000   -7.5000   15.0000 2980.2854   14.3037
    7.5000   -7.5000   15.0000 2885.0730   14.6449
   -7.5000    0.0000   15.0000 2835.4463   15.1568
    0.0000    0.0000   15.0000 2868.7505   14.9949
    7.5000    0.0000   15.0000 2797.9006   15.3207
   -7.5000    7.5000   15.0000 2701.8057   16.2168
    0.0000    7.5000   15.0000 2730.5415   16.0602
    7.5000    7.5000   15.0000 2677.5767   16.3562
   -7.5000   15.0000   15.0000 2551.7793   17.5956
    0.0000   15.0000   15.0000 2577.6331   17.4517
    7.5000   15.0000   15.0000 2535.2283   17.7201
   -7.5000   22.5000   15.0000 2409.6704   19.3916
    0.0000   22.5000   15.0000 2429.4995   19.2722
    7.5000   22.5000   15.0000 2391.5442   19.5452
   -7.5000   30.0000   15.0000 2259.0093   21.7638
    0.0000   30.0000   15.0000 2270.4404   21.6805
    7.5000   30.0000   15.0000 2239.8635   21.9568
   -7.5000  -60.0000   22.5000 2329.8447   19.7428
    0.0000  -60.0000   22.5000 2343.9697   19.6224
    7.5000  -60.0000   22.5000 2310.8154   20.1946
   -7.5000  -52.5000   22.5000 2446.4734   17.7170
    0.0000  -52.5000   22.5000 2468.1724   17.5840
    7.5000  -52.5000   22.5000 2425.2288   18.0596
   -7.5000  -45.0000   22.5000 2590.1902   16.3461
    0.0000  -45.0000   22.5000 2615.9688   16.1853
    7.5000  -45.0000   22.5000 2572.5574   16.6183
   -7.5000  -37.5000   22.5000 2713.2612   15.2568
    0.0000  -37.5000   22.5000 2743.7195   15.0965
    7.5000  -37.5000   22.5000 2693.6470   15.4747
   -7.5000  -30.0000   22.5000 2812.4941   14.5780
    0.0000  -30.0000   22.5000 2845.4602   14.4377
    7.5000  -30.0000   22.5000 2789.3694   14.7898
   -7.5000  -22.5000   22.5000 2885.5535   14.2574
    0.0000  -22.5000   22.5000 2919.4810   14.1331
    7.5000  -22.5000   22.5000 2847.8882   14.4679
   -7.5000  -15.0000   22.5000 2910.0510   14.3011
    0.0000  -15.0000   22.5000 2944.9358   14.1739
    7.5000  -15.0000   22.5000 2865.7502   14.5063
   -7.5000   -7.5000   22.5000 2881.4565   14.6346
    0.0000   -7.5000   22.5000 2909.4700   14.5437
    7.5000   -7.5000   22.5000 2837.9502   14.8039
   -7.5000    0.0000   22.5000 2795.2207   15.3411
    0.0000    0.0000   22.5000 2817.9087   15.2659
    7.5000    0.0000   22.5000 2759.9224   15.5012
   -7.5000    7.5000   22.5000 2671.1289   16.4029
    0.0000    7.5000   22.5000 2696.9866   16.3233
    7.5000    7.5000   22.5000 2648.1960   16.5580
   -7.5000   15.0000   22.5000 2531.3857   17.7348
    0.0000   15.0000   22.5000 2550.6028   17.6464
    7.5000   15.0000   22.5000 2513.6370   17.8734
   -7.5000   22.5000   22.5000 2392.8428   19.4442
    0.0000   22.5000   22.5000 2407.9719   19.3412
    7.5000   22.5000   22.5000 2372.3635   19.6136
   -7.5000   30.0000   22.5000 2236.2322   21.7026
    0.0000   30.0000   22.5000 2250.7239   21.6241
    7.5000   30.0000   22.5000 2218.6572   21.9408
   -7.5000  -60.0000   30.0000 2302.7158   20.2953
    0.0000  -60.0000   30.0000 2317.7874   20.2193
    7.5000  -60.0000   30.0000 2282.7480   20.6961
   -7.5000  -52.5000   30.0000 2427.2847   18.2866
    0.0000  -52.5000   30.0000 2448.2595   18.1754
    7.5000  -52.5000   30.0000 2404.9541   18.5626
   -7.5000  -45.0000   30.0000 2567.2986   16.9361
    0.0000  -45.0000   30.0000 2595.1899   16.8095
    7.5000  -45.0000   30.0000 2544.6877   17.1935
   -7.5000  -37.5000   30.0000 2682.9639   15.8293
    0.0000  -37.5000   30.0000 2709.6521   15.6912
    7.5000  -37.5000   30.0000 2659.4919   16.0646
   -7.5000  -30.0000   30.0000 2772.7224   15.1209
    0.0000  -30.0000   30.0000 2802.7261   14.9658
    7.5000  -30.0000   30.0000 2748.5886   15.3155
   -7.5000  -22.5000   30.0000 2831.7498   14.7885
    0.0000  -22.5000   30.0000 2863.7266   14.6364
    7.5000  -22.5000   30.0000 2798.9622   15.0050
   -7.5000  -15.0000   30.0000 2839.2200   14.7928
    0.0000  -15.0000   30.0000 2864.5027   14.6466
    7.5000  -15.0000   30.0000 2806.6929   14.9992
   -7.5000   -7.5000   30.0000 2796.0886   15.1033
    0.0000   -7.5000   30.0000 2822.8813   14.9337
    7.5000   -7.5000   30.0000 2765.8406   15.2799
   -7.5000    0.0000   30.0000 2717.3916   15.8337
    0.0000    0.0000   30.0000 2738.0061   15.6394
    7.5000    0.0000   30.0000 2693.0613   15.9342
   -7.5000    7.5000   30.0000 2608.9473   16.8915
    0.0000    7.5000   30.0000 2630.4399   16.7386
    7.5000    7.5000   30.0000 2591.2881   17.0121
   -7.5000   15.0000   30.0000 2486.8589   18.2095
    0.0000   15.0000   30.0000 2503.3599   18.1000
    7.5000   15.0000   30.0000 2468.2678   18.3470
   -7.5000   22.5000   30.0000 2354.8132   19.8577
    0.0000   22.5000   30.0000 2366.8220   19.7246
    7.5000   22.5000   30.0000 2338.6194   20.0409
   -7.5000   30.0000   30.0000 2198.7681   22.0727
    0.0000   30.0000   30.0000 2213.0647   21.9199
    7.5000   30.0000   30.0000 2187.7571   22.2612
   -7.5000  -60.0000   37.5000 2262.0505   21.1861
    0.0000  -60.0000   37.5000 2281.0476   21.1019
    7.5000  -60.0000   37.5000 2246.0786   21.5245
   -7.5000  -52.5000   37.5000 2384.6086   19.1409
    0.0000  -52.5000   37.5000 2408.2134   19.0268
    7.5000  -52.5000   37.5000 2367.1658   19.3871
   -7.5000  -45.0000   37.5000 2522.0967   17.7702
    0.0000  -45.0000   37.5000 2549.2578   17.6620
    7.5000  -45.0000   37.5000 2501.5432   17.9713
   -7.5000  -37.5000   37.5000 2633.0525   16.6330
    0.0000  -37.5000   37.5000 2660.1604   16.4952
    7.5000  -37.5000   37.5000 2610.9529   16.8327
   -7.5000  -30.0000   37.5000 2714.3708   15.8770
    0.0000  -30.0000   37.5000 2744.7183   15.7450
    7.5000  -30.0000   37.5000 2692.8489   16.1151
   -7.5000  -22.5000   37.5000 2756.6868   15.5388
    0.0000  -22.5000   37.5000 2785.7634   15.4016
    7.5000  -22.5000   37.5000 2734.9854   15.7819
   -7.5000  -15.0000   37.5000 2750.5740   15.5177
    0.0000  -15.0000   37.5000 2773.5017   15.3822
    7.5000  -15.0000   37.5000 2728.7900   15.7695
   -7.5000   -7.5000   37.5000 2703.7278   15.8123
    0.0000   -7.5000   37.5000 2730.3418   15.6724
    7.5000   -7.5000   37.5000 2683.0903   16.0200
   -7.5000    0.0000   37.5000 2627.2749   16.5128
    0.0000    0.0000   37.5000 2647.8511   16.3278
    7.5000    0.0000   37.5000 2608.2468   16.6559
   -7.5000    7.5000   37.5000 2534.4834   17.5546
    0.0000    7.5000   37.5000 2549.4949   17.3640
    7.5000    7.5000   37.5000 2516.4829   17.6702
   -7.5000   15.0000   37.5000 2424.6719   18.8890
    0.0000   15.0000   37.5000 2439.4255   18.7261
    7.5000   15.0000   37.5000 2406.8066   19.0158
   -7.5000   22.5000   37.5000 2295.3418   20.5417
    0.0000   22.5000   37.5000 2308.7026   20.3962
    7.5000   22.5000   37.5000 2280.8074   20.6772
   -7.5000   30.0000   37.5000 2148.0627   22.7229
    0.0000   30.0000   37.5000 2160.9475   22.6141
    7.5000   30.0000   37.5000 2133.7615   22.9470
   -7.5000  -60.0000   45.0000 2200.4294   22.2351
    0.0000  -60.0000   45.0000 2219.4468   22.1916
    7.5000  -60.0000   45.0000 2181.3477   22.4842
   -7.5000  -52.5000   45.0000 2317.6306   20.1321
    0.0000  -52.5000   45.0000 2340.3362   20.0202
    7.5000  -52.5000   45.0000 2299.1707   20.3494
   -7.5000  -45.0000   45.0000 2444.6404   18.7093
    0.0000  -45.0000   45.0000 2466.7891   18.6235
    7.5000  -45.0000   45.0000 2420.6116   18.9315
   -7.5000  -37.5000   45.0000 2543.9126   17.5371
    0.0000  -37.5000   45.0000 2568.4614   17.4521
    7.5000  -37.5000   45.0000 2523.6138   17.7533
   -7.5000  -30.0000   45.0000 2615.2939   16.8126
    0.0000  -30.0000   45.0000 2641.7417   16.6851
    7.5000  -30.0000   45.0000 2594.3662   17.0138
   -7.5000  -22.5000   45.0000 2641.9475   16.4365
    0.0000  -22.5000   45.0000 2668.9966   16.3260
    7.5000  -22.5000   45.0000 2625.9316   16.6567
   -7.5000  -15.0000   45.0000 2633.0930   16.4013
    0.0000  -15.0000   45.0000 2655.8169   16.2943
    7.5000  -15.0000   45.0000 2616.8865   16.6300
   -7.5000   -7.5000   45.0000 2593.7043   16.6921
    0.0000   -7.5000   45.0000 2618.8523   16.5560
    7.5000   -7.5000   45.0000 2575.9417   16.9025
   -7.5000    0.0000   45.0000 2519.6050   17.3609
    0.0000    0.0000   45.0000 2536.9961   17.2291
    7.5000    0.0000   45.0000 2503.9104   17.5492
   -7.5000    7.5000   45.0000 2429.5662   18.3594
    0.0000    7.5000   45.0000 2441.1084   18.2300
    7.5000    7.5000   45.0000 2409.3667   18.5436
   -7.5000   15.0000   45.0000 2328.0686   19.6509
    0.0000   15.0000   45.0000 2336.8376   19.5351
    7.5000   15.0000   45.0000 2301.6533   19.8313
   -7.5000   22.5000   45.0000 2206.3440   21.3588
    0.0000   22.5000   45.0000 2218.1050   21.2252
    7.5000   22.5000   45.0000 2186.1035   21.5303
   -7.5000   30.0000   45.0000 2066.6052   23.5621
    0.0000   30.0000   45.0000 2084.0710   23.4719
    7.5000   30.0000   45.0000 2049.1602   23.7653

---------------------------------------------------------------------
imgreg_4dfp /opt/freesurfer/average/711-2C_as_mni_average_305 /opt/freesurfer/average/711-2B_as_mni_average_305_mask talsrcimg_g11 none talsrcimg_to_711-2C_as_mni_average_305_t4 1283
---------------------------------------------------------------------

freesurfer imgreg_4dfp.c
/opt/freesurfer/average/711-2C_as_mni_average_305.4dfp.img
       256       256       256         1
  1.000000  1.000000  1.000000
orientation T byte_order littleendian
Reading image: /opt/freesurfer/average/711-2C_as_mni_average_305.4dfp.img
dimensions:      256       256       256
mmppix:       1.0000   -1.0000   -1.0000
center:     128.0000 -129.0000 -129.0000
/opt/freesurfer/average/711-2B_as_mni_average_305_mask.4dfp.img
       256       256       256         1
  1.000000  1.000000  1.000000
orientation T byte_order littleendian
Reading mask: /opt/freesurfer/average/711-2B_as_mni_average_305_mask.4dfp.img (2306576 pixels)
talsrcimg_g11.4dfp.img
       256       256       256         1
  0.898438  0.898438  0.898438
orientation T byte_order littleendian
Reading image: talsrcimg_g11.4dfp.img
dimensions:      256       256       256
mmppix:       0.8984   -0.8984   -0.8984
center:     115.0001 -115.8985 -115.8985
rotation matrix determinant  1.000000
fimgreg.f
image alignment mode   1283 decimal      503 hex
parameters
    0.0000  -15.0000   15.0000    0.0000    0.0000    0.0000
eta,q 0.94798 13.92548
niter,ni,del,rscale     5    3   12.0000    1.2000
parameters
   -1.5126  -13.9281   12.1135    1.9950   -0.3039   -2.5808
eta,q 0.95600 13.85450
  0.0612  0.0666  0.0491  0.0598  0.0548  0.0469
  0.0521  0.0604  0.0464  0.0550  0.0504  0.0442
  0.0487  0.0530  0.0465  0.0495  0.0473  0.0442
  0.0505  0.0488  0.0488  0.0461  0.0457  0.0458
  0.0570  0.0498  0.0528  0.0457  0.0474  0.0485
  0.0672  0.0533  0.0583  0.0469  0.0515  0.0526
  0.0783  0.0581  0.0668  0.0495  0.0572  0.0577
niter,ni,del,rscale     4    3   12.0000    1.2000
parameters
   -1.7423  -14.2983   12.5684    2.2945   -0.2141   -2.4344
eta,q 0.95626 13.83022
  0.0663  0.0596  0.0557  0.0532  0.0548  0.0528
  0.0553  0.0506  0.0503  0.0477  0.0497  0.0479
  0.0467  0.0443  0.0458  0.0439  0.0459  0.0445
  0.0440  0.0440  0.0436  0.0436  0.0437  0.0437
  0.0481  0.0478  0.0447  0.0452  0.0449  0.0450
  0.0582  0.0544  0.0479  0.0479  0.0489  0.0477
  0.0695  0.0624  0.0528  0.0502  0.0547  0.0515
niter,ni,del,rscale     3    3   12.0000    1.2000
parameters
   -1.7991  -14.4587   12.6454    2.4226   -0.1898   -2.4455
eta,q 0.95629 13.82432
  0.0672  0.0600  0.0546  0.0526  0.0546  0.0524
  0.0559  0.0512  0.0493  0.0471  0.0495  0.0476
  0.0468  0.0448  0.0451  0.0437  0.0458  0.0444
  0.0437  0.0437  0.0437  0.0437  0.0437  0.0437
  0.0472  0.0469  0.0453  0.0454  0.0449  0.0451
  0.0567  0.0529  0.0488  0.0481  0.0490  0.0480
  0.0680  0.0609  0.0540  0.0503  0.0549  0.0519
niter,ni,del,rscale     2    3   12.0000    1.2000
parameters
   -1.8155  -14.5237   12.6697    2.4744   -0.1824   -2.4539
eta,q 0.95630 13.82206
  0.0675  0.0602  0.0544  0.0523  0.0545  0.0524
  0.0561  0.0515  0.0491  0.0468  0.0495  0.0476
  0.0469  0.0451  0.0451  0.0436  0.0458  0.0444
  0.0437  0.0437  0.0437  0.0437  0.0437  0.0437
  0.0471  0.0465  0.0454  0.0455  0.0449  0.0451
  0.0564  0.0523  0.0489  0.0482  0.0490  0.0481
  0.0676  0.0603  0.0542  0.0503  0.0550  0.0520
niter,ni,del,rscale     1    3   12.0000    1.2000
parameters
   -1.8208  -14.5502   12.6791    2.4955   -0.1800   -2.4565
eta,q 0.95630 13.82118
  0.0676  0.0603  0.0544  0.0522  0.0545  0.0524
  0.0561  0.0517  0.0491  0.0467  0.0494  0.0477
  0.0469  0.0452  0.0451  0.0435  0.0457  0.0444
  0.0437  0.0437  0.0437  0.0437  0.0437  0.0437
  0.0470  0.0464  0.0455  0.0455  0.0449  0.0451
  0.0563  0.0521  0.0490  0.0482  0.0491  0.0481
  0.0675  0.0601  0.0543  0.0503  0.0550  0.0520
registration optimization eta report
parameter search radius
    6.0000    6.0000    6.0000    6.0000    6.0000    6.0000
100000*second partial in parameter space
       65.       45.       29.       21.       30.       23.
  0.0676  0.0603  0.0544  0.0522  0.0545  0.0524
  0.0561  0.0517  0.0491  0.0467  0.0494  0.0477
  0.0469  0.0452  0.0451  0.0435  0.0457  0.0444
  0.0437  0.0437  0.0437  0.0437  0.0437  0.0437
  0.0470  0.0464  0.0455  0.0455  0.0449  0.0451
  0.0563  0.0521  0.0490  0.0482  0.0491  0.0481
  0.0675  0.0601  0.0543  0.0503  0.0550  0.0520
   -1.8208  -14.5502   12.6791    2.4955   -0.1800   -2.4565
eta,q 0.95630 13.82118

---------------------------------------------------------------------
imgreg_4dfp /opt/freesurfer/average/711-2C_as_mni_average_305 /opt/freesurfer/average/711-2B_as_mni_average_305_mask talsrcimg_g11 none talsrcimg_to_711-2C_as_mni_average_305_t4 3335
---------------------------------------------------------------------

freesurfer imgreg_4dfp.c
/opt/freesurfer/average/711-2C_as_mni_average_305.4dfp.img
       256       256       256         1
  1.000000  1.000000  1.000000
orientation T byte_order littleendian
Reading image: /opt/freesurfer/average/711-2C_as_mni_average_305.4dfp.img
dimensions:      256       256       256
mmppix:       1.0000   -1.0000   -1.0000
center:     128.0000 -129.0000 -129.0000
/opt/freesurfer/average/711-2B_as_mni_average_305_mask.4dfp.img
       256       256       256         1
  1.000000  1.000000  1.000000
orientation T byte_order littleendian
Reading mask: /opt/freesurfer/average/711-2B_as_mni_average_305_mask.4dfp.img (2306576 pixels)
talsrcimg_g11.4dfp.img
       256       256       256         1
  0.898438  0.898438  0.898438
orientation T byte_order littleendian
Reading image: talsrcimg_g11.4dfp.img
dimensions:      256       256       256
mmppix:       0.8984   -0.8984   -0.8984
center:     115.0001 -115.8985 -115.8985
fimgreg.f
image alignment mode   3335 decimal      D07 hex
parameters
   -1.8208  -14.5502   12.6791   -0.0924   -0.1872   -0.0953
    4.2956    0.1270   -4.2860   -4.3636   -0.3142    4.3541
eta,q 0.95494 13.91198
niter,ni,del,rscale     5    3    5.0000    1.2000
parameter  4  1.266269 ->  0.500000 qaram    1.1500
parameter  5  2.561234 ->  0.500000 qaram    1.1500
parameter  6  0.894863 ->  0.500000 qaram    1.1500
parameters
   -1.8238  -14.3886   12.5857   -4.2324   -4.3272   -4.2353
    2.3091   -0.0619   -3.7328   -5.7720   -2.9315    3.9601
eta,q 0.96839 13.19938
  0.0487  0.0474  0.0470  0.0400  0.0330  0.0320  0.0334  0.0372  0.0344  0.0346  0.0324  0.0331
  0.0467  0.0463  0.0458  0.0411  0.0351  0.0320  0.0324  0.0345  0.0332  0.0329  0.0318  0.0324
  0.0455  0.0455  0.0452  0.0428  0.0379  0.0332  0.0320  0.0326  0.0324  0.0320  0.0316  0.0318
  0.0451  0.0451  0.0450  0.0450  0.0415  0.0358  0.0322  0.0320  0.0320  0.0320  0.0319  0.0316
  0.0455  0.0451  0.0453  0.0482  0.0454  0.0395  0.0329  0.0327  0.0321  0.0331  0.0325  0.0318
  0.0467  0.0457  0.0461  0.0522  0.0495  0.0440  0.0343  0.0348  0.0327  0.0352  0.0335  0.0326
  0.0487  0.0470  0.0473  0.0567  0.0541  0.0495  0.0363  0.0379  0.0338  0.0377  0.0348  0.0336
niter,ni,del,rscale     7    3    5.0000    1.2000
parameter  4  0.634037 ->  0.500000 qaram    1.3225
parameter  5  1.056144 ->  0.500000 qaram    1.3225
parameters
   -1.6455  -14.4770   12.1450   -8.9934   -9.0882   -7.5377
    2.3347    0.7735   -3.5080   -5.4330   -2.7009    4.5209
eta,q 0.97378 12.40656
  0.0361  0.0345  0.0332  0.0304  0.0258  0.0274  0.0296  0.0323  0.0288  0.0305  0.0279  0.0282
  0.0338  0.0329  0.0321  0.0301  0.0263  0.0267  0.0279  0.0295  0.0274  0.0283  0.0270  0.0273
  0.0322  0.0319  0.0316  0.0304  0.0278  0.0263  0.0267  0.0274  0.0266  0.0268  0.0265  0.0266
  0.0316  0.0316  0.0316  0.0315  0.0301  0.0266  0.0263  0.0263  0.0263  0.0263  0.0262  0.0262
  0.0319  0.0320  0.0322  0.0333  0.0333  0.0283  0.0268  0.0265  0.0265  0.0266  0.0264  0.0263
  0.0330  0.0332  0.0334  0.0360  0.0376  0.0318  0.0279  0.0278  0.0272  0.0278  0.0269  0.0269
  0.0350  0.0350  0.0350  0.0399  0.0423  0.0365  0.0296  0.0302  0.0285  0.0298  0.0277  0.0277
niter,ni,del,rscale     7    3    5.0000    1.2000
parameters
   -1.5583  -14.6669   11.8107  -10.0482  -12.9052   -8.5290
    2.3348    0.8199   -3.6419   -5.6225   -2.7839    4.1721
eta,q 0.97458 12.02372
  0.0307  0.0291  0.0278  0.0291  0.0271  0.0280  0.0287  0.0303  0.0275  0.0289  0.0268  0.0269
  0.0283  0.0274  0.0267  0.0273  0.0258  0.0265  0.0270  0.0277  0.0264  0.0269  0.0260  0.0261
  0.0268  0.0264  0.0262  0.0263  0.0253  0.0257  0.0258  0.0260  0.0256  0.0257  0.0256  0.0256
  0.0262  0.0262  0.0262  0.0261  0.0261  0.0253  0.0254  0.0254  0.0254  0.0254  0.0254  0.0254
  0.0266  0.0268  0.0267  0.0268  0.0281  0.0256  0.0258  0.0260  0.0257  0.0260  0.0256  0.0257
  0.0279  0.0281  0.0276  0.0283  0.0312  0.0272  0.0270  0.0275  0.0265  0.0273  0.0261  0.0263
  0.0301  0.0301  0.0288  0.0308  0.0357  0.0304  0.0287  0.0302  0.0277  0.0291  0.0269  0.0272
niter,ni,del,rscale     6    3    5.0000    1.2000
parameters
   -1.5454  -14.6384   12.0053  -10.0632  -13.3958   -8.2869
    2.3475    0.8244   -3.6738   -5.6061   -2.7888    4.1725
eta,q 0.97459 12.00958
  0.0295  0.0287  0.0277  0.0290  0.0295  0.0288  0.0287  0.0302  0.0276  0.0290  0.0268  0.0270
  0.0273  0.0269  0.0265  0.0270  0.0274  0.0270  0.0269  0.0277  0.0264  0.0270  0.0260  0.0262
  0.0259  0.0258  0.0257  0.0258  0.0260  0.0259  0.0258  0.0260  0.0256  0.0257  0.0256  0.0256
  0.0254  0.0254  0.0254  0.0254  0.0254  0.0254  0.0254  0.0254  0.0254  0.0254  0.0254  0.0254
  0.0258  0.0258  0.0256  0.0258  0.0260  0.0253  0.0258  0.0260  0.0257  0.0259  0.0256  0.0256
  0.0272  0.0269  0.0261  0.0270  0.0278  0.0263  0.0269  0.0275  0.0264  0.0271  0.0261  0.0262
  0.0294  0.0285  0.0270  0.0291  0.0307  0.0288  0.0287  0.0303  0.0276  0.0289  0.0268  0.0270
niter,ni,del,rscale     5    3    5.0000    1.2000
parameters
   -1.5434  -14.6441   12.0926  -10.0513  -13.4545   -8.2090
    2.3515    0.8279   -3.6870   -5.6249   -2.7844    4.2181
eta,q 0.97460 12.01250
  0.0294  0.0286  0.0275  0.0291  0.0298  0.0287  0.0287  0.0302  0.0276  0.0290  0.0268  0.0270
  0.0272  0.0268  0.0263  0.0270  0.0276  0.0269  0.0269  0.0277  0.0264  0.0270  0.0260  0.0262
  0.0259  0.0257  0.0256  0.0258  0.0261  0.0259  0.0258  0.0260  0.0256  0.0257  0.0256  0.0256
  0.0254  0.0254  0.0254  0.0254  0.0254  0.0254  0.0254  0.0254  0.0254  0.0254  0.0254  0.0254
  0.0258  0.0258  0.0256  0.0258  0.0258  0.0253  0.0258  0.0260  0.0257  0.0259  0.0256  0.0256
  0.0272  0.0269  0.0262  0.0270  0.0275  0.0264  0.0269  0.0275  0.0264  0.0271  0.0261  0.0262
  0.0294  0.0285  0.0272  0.0291  0.0302  0.0290  0.0287  0.0303  0.0276  0.0289  0.0268  0.0270
niter,ni,del,rscale     4    3    5.0000    1.2000
parameters
   -1.5424  -14.6544   12.1152  -10.0448  -13.4599   -8.1917
    2.3528    0.8287   -3.6896   -5.6419   -2.7817    4.2411
eta,q 0.97460 12.01383
  0.0294  0.0286  0.0274  0.0291  0.0299  0.0286  0.0287  0.0302  0.0276  0.0290  0.0268  0.0270
  0.0272  0.0268  0.0263  0.0270  0.0276  0.0269  0.0269  0.0277  0.0264  0.0270  0.0260  0.0262
  0.0259  0.0257  0.0256  0.0258  0.0261  0.0259  0.0258  0.0260  0.0256  0.0257  0.0256  0.0256
  0.0254  0.0254  0.0254  0.0254  0.0254  0.0254  0.0254  0.0254  0.0254  0.0254  0.0254  0.0254
  0.0258  0.0258  0.0257  0.0258  0.0258  0.0253  0.0258  0.0260  0.0257  0.0259  0.0256  0.0256
  0.0272  0.0269  0.0263  0.0270  0.0274  0.0264  0.0269  0.0275  0.0264  0.0271  0.0261  0.0262
  0.0294  0.0285  0.0272  0.0291  0.0301  0.0291  0.0287  0.0303  0.0276  0.0289  0.0268  0.0270
registration optimization eta report
parameter search radius
    2.4000    2.4000    2.4000    9.5220    9.5220    8.2800
    7.2000    7.2000    7.2000    7.2000    7.2000    7.2000
100000*second partial in parameter space
       69.       55.       33.        4.        5.        5.
        6.        9.        4.        7.        3.        3.
  0.0294  0.0286  0.0274  0.0291  0.0299  0.0286  0.0287  0.0302  0.0276  0.0290  0.0268  0.0270
  0.0272  0.0268  0.0263  0.0270  0.0276  0.0269  0.0269  0.0277  0.0264  0.0270  0.0260  0.0262
  0.0259  0.0257  0.0256  0.0258  0.0261  0.0259  0.0258  0.0260  0.0256  0.0257  0.0256  0.0256
  0.0254  0.0254  0.0254  0.0254  0.0254  0.0254  0.0254  0.0254  0.0254  0.0254  0.0254  0.0254
  0.0258  0.0258  0.0257  0.0258  0.0258  0.0253  0.0258  0.0260  0.0257  0.0259  0.0256  0.0256
  0.0272  0.0269  0.0263  0.0270  0.0274  0.0264  0.0269  0.0275  0.0264  0.0271  0.0261  0.0262
  0.0294  0.0285  0.0272  0.0291  0.0301  0.0291  0.0287  0.0303  0.0276  0.0289  0.0268  0.0270
   -1.5424  -14.6544   12.1152  -10.0448  -13.4599   -8.1917
    2.3528    0.8287   -3.6896   -5.6419   -2.7817    4.2411
eta,q 0.97460 12.01383

---------------------------------------------------------------------
imgreg_4dfp /opt/freesurfer/average/711-2C_as_mni_average_305 /opt/freesurfer/average/711-2B_as_mni_average_305_mask talsrcimg_g11 none talsrcimg_to_711-2C_as_mni_average_305_t4 2311
---------------------------------------------------------------------

freesurfer imgreg_4dfp.c
/opt/freesurfer/average/711-2C_as_mni_average_305.4dfp.img
       256       256       256         1
  1.000000  1.000000  1.000000
orientation T byte_order littleendian
Reading image: /opt/freesurfer/average/711-2C_as_mni_average_305.4dfp.img
dimensions:      256       256       256
mmppix:       1.0000   -1.0000   -1.0000
center:     128.0000 -129.0000 -129.0000
/opt/freesurfer/average/711-2B_as_mni_average_305_mask.4dfp.img
       256       256       256         1
  1.000000  1.000000  1.000000
orientation T byte_order littleendian
Reading mask: /opt/freesurfer/average/711-2B_as_mni_average_305_mask.4dfp.img (2306576 pixels)
talsrcimg_g11.4dfp.img
       256       256       256         1
  0.898438  0.898438  0.898438
orientation T byte_order littleendian
Reading image: talsrcimg_g11.4dfp.img
dimensions:      256       256       256
mmppix:       0.8984   -0.8984   -0.8984
center:     115.0001 -115.8985 -115.8985
fimgreg.f
image alignment mode   2311 decimal      907 hex
parameters
   -1.5424  -14.6544   12.1152  -10.0448  -13.4599   -8.1917
    2.3528    0.8287   -3.6896   -5.6419   -2.7817    4.2411
eta,q 0.97460 12.01382
niter,ni,del,rscale     5    3    5.0000    0.8000
parameters
   -1.5351  -14.6855   12.0677  -10.0094  -12.9993   -7.3947
    2.3923    0.9058   -3.6583   -5.5761   -2.8225    4.2663
eta,q 0.97472 12.09845
  0.0272  0.0268  0.0262  0.0263  0.0268  0.0265  0.0269  0.0276  0.0263  0.0270  0.0260  0.0261
  0.0262  0.0260  0.0257  0.0258  0.0261  0.0260  0.0260  0.0264  0.0257  0.0260  0.0256  0.0257
  0.0256  0.0255  0.0255  0.0255  0.0257  0.0256  0.0255  0.0256  0.0254  0.0255  0.0254  0.0254
  0.0254  0.0254  0.0254  0.0254  0.0254  0.0254  0.0253  0.0253  0.0253  0.0253  0.0253  0.0253
  0.0256  0.0256  0.0255  0.0255  0.0254  0.0252  0.0255  0.0255  0.0254  0.0255  0.0254  0.0254
  0.0262  0.0261  0.0258  0.0258  0.0258  0.0254  0.0260  0.0263  0.0257  0.0260  0.0256  0.0257
  0.0272  0.0269  0.0263  0.0263  0.0264  0.0260  0.0268  0.0275  0.0263  0.0269  0.0260  0.0261
niter,ni,del,rscale     4    3    5.0000    0.7000
parameters
   -1.5299  -14.7337   12.1192   -9.8514  -12.9263   -7.1946
    2.4110    0.9168   -3.6433   -5.5965   -2.8067    4.3347
eta,q 0.97474 12.12748
  0.0267  0.0263  0.0261  0.0260  0.0263  0.0261  0.0265  0.0270  0.0260  0.0266  0.0258  0.0259
  0.0259  0.0257  0.0256  0.0256  0.0258  0.0257  0.0258  0.0261  0.0256  0.0258  0.0255  0.0256
  0.0255  0.0254  0.0254  0.0254  0.0254  0.0255  0.0254  0.0255  0.0253  0.0254  0.0253  0.0253
  0.0253  0.0253  0.0253  0.0253  0.0253  0.0253  0.0253  0.0253  0.0253  0.0253  0.0253  0.0253
  0.0254  0.0254  0.0254  0.0253  0.0254  0.0252  0.0254  0.0255  0.0253  0.0254  0.0253  0.0253
  0.0259  0.0259  0.0256  0.0255  0.0257  0.0255  0.0258  0.0261  0.0256  0.0259  0.0255  0.0256
  0.0267  0.0265  0.0259  0.0259  0.0263  0.0261  0.0265  0.0270  0.0260  0.0266  0.0258  0.0259
niter,ni,del,rscale     3    3    5.0000    0.6000
parameters
   -1.5306  -14.7608   12.1376   -9.8060  -12.8682   -6.9998
    2.4173    0.9141   -3.6607   -5.5844   -2.7760    4.3875
eta,q 0.97476 12.14734
  0.0263  0.0261  0.0258  0.0258  0.0260  0.0259  0.0261  0.0266  0.0258  0.0262  0.0256  0.0257
  0.0257  0.0256  0.0255  0.0255  0.0256  0.0256  0.0256  0.0258  0.0255  0.0257  0.0254  0.0255
  0.0254  0.0253  0.0253  0.0253  0.0254  0.0254  0.0253  0.0254  0.0253  0.0253  0.0253  0.0253
  0.0253  0.0253  0.0253  0.0253  0.0253  0.0253  0.0252  0.0252  0.0252  0.0252  0.0252  0.0252
  0.0254  0.0254  0.0253  0.0253  0.0253  0.0252  0.0253  0.0254  0.0253  0.0254  0.0253  0.0253
  0.0257  0.0257  0.0255  0.0255  0.0256  0.0254  0.0256  0.0258  0.0255  0.0257  0.0254  0.0255
  0.0263  0.0261  0.0258  0.0258  0.0260  0.0259  0.0261  0.0266  0.0258  0.0262  0.0256  0.0257
niter,ni,del,rscale     2    3    5.0000    0.5000
parameters
   -1.5291  -14.7779   12.1565   -9.7609  -12.8111   -6.7717
    2.4219    0.9125   -3.6704   -5.5534   -2.7309    4.4340
eta,q 0.97478 12.16965
  0.0260  0.0258  0.0257  0.0256  0.0258  0.0257  0.0259  0.0262  0.0256  0.0259  0.0255  0.0256
  0.0256  0.0255  0.0254  0.0254  0.0255  0.0255  0.0255  0.0256  0.0254  0.0255  0.0254  0.0254
  0.0253  0.0253  0.0253  0.0253  0.0253  0.0254  0.0253  0.0253  0.0253  0.0253  0.0253  0.0253
  0.0252  0.0252  0.0252  0.0252  0.0252  0.0252  0.0252  0.0252  0.0252  0.0252  0.0252  0.0252
  0.0253  0.0253  0.0253  0.0253  0.0253  0.0252  0.0253  0.0253  0.0253  0.0253  0.0253  0.0253
  0.0256  0.0255  0.0254  0.0254  0.0254  0.0254  0.0255  0.0256  0.0254  0.0255  0.0253  0.0254
  0.0260  0.0259  0.0256  0.0256  0.0258  0.0257  0.0258  0.0262  0.0256  0.0259  0.0255  0.0256
niter,ni,del,rscale     1    3    5.0000    0.4000
parameters
   -1.5295  -14.7908   12.1879   -9.6953  -12.7704   -6.5592
    2.4306    0.9078   -3.6926   -5.5225   -2.6865    4.4794
eta,q 0.97479 12.19136
  0.0257  0.0256  0.0255  0.0255  0.0256  0.0256  0.0256  0.0258  0.0255  0.0257  0.0254  0.0255
  0.0254  0.0254  0.0253  0.0253  0.0254  0.0254  0.0254  0.0255  0.0253  0.0254  0.0253  0.0253
  0.0253  0.0253  0.0253  0.0253  0.0253  0.0253  0.0253  0.0253  0.0252  0.0253  0.0252  0.0252
  0.0252  0.0252  0.0252  0.0252  0.0252  0.0252  0.0252  0.0252  0.0252  0.0252  0.0252  0.0252
  0.0253  0.0253  0.0252  0.0252  0.0252  0.0252  0.0253  0.0253  0.0252  0.0253  0.0252  0.0252
  0.0254  0.0254  0.0253  0.0253  0.0254  0.0253  0.0254  0.0255  0.0253  0.0254  0.0253  0.0253
  0.0257  0.0256  0.0255  0.0254  0.0256  0.0255  0.0256  0.0258  0.0255  0.0256  0.0254  0.0254
registration optimization eta report
parameter search radius
    0.8000    0.8000    0.8000    2.4000    2.4000    2.4000
    2.4000    2.4000    2.4000    2.4000    2.4000    2.4000
100000*second partial in parameter space
       72.       60.       40.        4.        6.        5.
        7.       11.        4.        8.        3.        4.
  0.0257  0.0256  0.0255  0.0255  0.0256  0.0256  0.0256  0.0258  0.0255  0.0257  0.0254  0.0255
  0.0254  0.0254  0.0253  0.0253  0.0254  0.0254  0.0254  0.0255  0.0253  0.0254  0.0253  0.0253
  0.0253  0.0253  0.0253  0.0253  0.0253  0.0253  0.0253  0.0253  0.0252  0.0253  0.0252  0.0252
  0.0252  0.0252  0.0252  0.0252  0.0252  0.0252  0.0252  0.0252  0.0252  0.0252  0.0252  0.0252
  0.0253  0.0253  0.0252  0.0252  0.0252  0.0252  0.0253  0.0253  0.0252  0.0253  0.0252  0.0252
  0.0254  0.0254  0.0253  0.0253  0.0254  0.0253  0.0254  0.0255  0.0253  0.0254  0.0253  0.0253
  0.0257  0.0256  0.0255  0.0254  0.0256  0.0255  0.0256  0.0258  0.0255  0.0256  0.0254  0.0254
   -1.5295  -14.7908   12.1879   -9.6953  -12.7704   -6.5592
    2.4306    0.9078   -3.6926   -5.5225   -2.6865    4.4794
eta,q 0.97479 12.19136

---------------------------------------------------------------------
imgreg_4dfp /opt/freesurfer/average/711-2C_as_mni_average_305 /opt/freesurfer/average/711-2B_as_mni_average_305_mask talsrcimg_g11 none talsrcimg_to_711-2C_as_mni_average_305_t4 2311
---------------------------------------------------------------------

freesurfer imgreg_4dfp.c
/opt/freesurfer/average/711-2C_as_mni_average_305.4dfp.img
       256       256       256         1
  1.000000  1.000000  1.000000
orientation T byte_order littleendian
Reading image: /opt/freesurfer/average/711-2C_as_mni_average_305.4dfp.img
dimensions:      256       256       256
mmppix:       1.0000   -1.0000   -1.0000
center:     128.0000 -129.0000 -129.0000
/opt/freesurfer/average/711-2B_as_mni_average_305_mask.4dfp.img
       256       256       256         1
  1.000000  1.000000  1.000000
orientation T byte_order littleendian
Reading mask: /opt/freesurfer/average/711-2B_as_mni_average_305_mask.4dfp.img (2306576 pixels)
talsrcimg_g11.4dfp.img
       256       256       256         1
  0.898438  0.898438  0.898438
orientation T byte_order littleendian
Reading image: talsrcimg_g11.4dfp.img
dimensions:      256       256       256
mmppix:       0.8984   -0.8984   -0.8984
center:     115.0001 -115.8985 -115.8985
fimgreg.f
image alignment mode   2311 decimal      907 hex
parameters
   -1.5295  -14.7908   12.1879   -9.6953  -12.7704   -6.5592
    2.4306    0.9078   -3.6926   -5.5225   -2.6865    4.4794
eta,q 0.97479 12.19135
niter,ni,del,rscale     5    3    5.0000    0.8000
parameters
   -1.5346  -14.7824   12.2650   -9.7464  -12.9997   -7.1250
    2.4250    0.9178   -3.6781   -5.6615   -2.7772    4.4821
eta,q 0.97474 12.13523
  0.0271  0.0267  0.0263  0.0261  0.0264  0.0261  0.0268  0.0276  0.0263  0.0269  0.0259  0.0261
  0.0260  0.0259  0.0257  0.0256  0.0258  0.0257  0.0260  0.0263  0.0257  0.0259  0.0256  0.0256
  0.0254  0.0254  0.0253  0.0253  0.0254  0.0254  0.0254  0.0255  0.0254  0.0254  0.0253  0.0254
  0.0252  0.0252  0.0252  0.0252  0.0252  0.0252  0.0253  0.0253  0.0253  0.0253  0.0253  0.0253
  0.0254  0.0254  0.0253  0.0253  0.0254  0.0253  0.0254  0.0255  0.0254  0.0255  0.0253  0.0254
  0.0260  0.0259  0.0256  0.0256  0.0259  0.0259  0.0260  0.0263  0.0257  0.0261  0.0256  0.0257
  0.0271  0.0267  0.0261  0.0262  0.0267  0.0269  0.0268  0.0275  0.0263  0.0270  0.0260  0.0260
niter,ni,del,rscale     4    3    5.0000    0.7000
parameters
   -1.5298  -14.7788   12.1794   -9.8047  -12.9299   -7.1305
    2.4179    0.9225   -3.6598   -5.6502   -2.7803    4.4295
eta,q 0.97474 12.13474
  0.0267  0.0264  0.0259  0.0259  0.0263  0.0260  0.0265  0.0270  0.0260  0.0266  0.0258  0.0259
  0.0259  0.0258  0.0255  0.0256  0.0257  0.0257  0.0258  0.0260  0.0256  0.0258  0.0255  0.0255
  0.0254  0.0254  0.0253  0.0253  0.0254  0.0254  0.0254  0.0254  0.0253  0.0254  0.0253  0.0253
  0.0253  0.0253  0.0253  0.0253  0.0253  0.0253  0.0253  0.0253  0.0253  0.0253  0.0252  0.0253
  0.0254  0.0254  0.0254  0.0253  0.0253  0.0252  0.0254  0.0255  0.0253  0.0254  0.0253  0.0253
  0.0259  0.0258  0.0257  0.0256  0.0257  0.0255  0.0258  0.0261  0.0256  0.0258  0.0255  0.0256
  0.0267  0.0264  0.0261  0.0260  0.0263  0.0262  0.0265  0.0270  0.0260  0.0266  0.0258  0.0259
niter,ni,del,rscale     3    3    5.0000    0.6000
parameters
   -1.5285  -14.7760   12.1561   -9.8018  -12.8681   -6.9795
    2.4176    0.9124   -3.6665   -5.6032   -2.7622    4.4196
eta,q 0.97476 12.14901
  0.0263  0.0261  0.0258  0.0258  0.0260  0.0259  0.0261  0.0266  0.0258  0.0262  0.0256  0.0257
  0.0257  0.0256  0.0255  0.0255  0.0256  0.0256  0.0256  0.0258  0.0255  0.0257  0.0254  0.0255
  0.0254  0.0253  0.0253  0.0253  0.0254  0.0254  0.0253  0.0254  0.0253  0.0254  0.0253  0.0253
  0.0253  0.0253  0.0253  0.0252  0.0253  0.0253  0.0252  0.0252  0.0252  0.0252  0.0252  0.0252
  0.0254  0.0254  0.0253  0.0253  0.0253  0.0252  0.0253  0.0254  0.0253  0.0253  0.0253  0.0253
  0.0257  0.0256  0.0255  0.0255  0.0255  0.0254  0.0256  0.0258  0.0255  0.0257  0.0254  0.0255
  0.0263  0.0261  0.0258  0.0258  0.0260  0.0259  0.0261  0.0266  0.0258  0.0262  0.0256  0.0257
niter,ni,del,rscale     2    3    5.0000    0.5000
parameters
   -1.5298  -14.7802   12.1619   -9.7515  -12.8185   -6.7743
    2.4160    0.9112   -3.6722   -5.5625   -2.7282    4.4375
eta,q 0.97477 12.16963
  0.0260  0.0258  0.0256  0.0256  0.0258  0.0257  0.0258  0.0262  0.0256  0.0259  0.0255  0.0256
  0.0256  0.0255  0.0254  0.0254  0.0255  0.0255  0.0255  0.0256  0.0254  0.0255  0.0254  0.0254
  0.0253  0.0253  0.0253  0.0253  0.0253  0.0254  0.0253  0.0253  0.0253  0.0253  0.0253  0.0253
  0.0252  0.0252  0.0252  0.0252  0.0252  0.0252  0.0252  0.0252  0.0252  0.0252  0.0252  0.0252
  0.0253  0.0253  0.0253  0.0253  0.0253  0.0252  0.0253  0.0253  0.0253  0.0253  0.0253  0.0253
  0.0256  0.0255  0.0254  0.0254  0.0254  0.0254  0.0255  0.0256  0.0254  0.0255  0.0253  0.0254
  0.0260  0.0258  0.0256  0.0256  0.0258  0.0257  0.0259  0.0262  0.0256  0.0259  0.0255  0.0256
niter,ni,del,rscale     1    3    5.0000    0.4000
parameters
   -1.5310  -14.7928   12.1862   -9.6904  -12.7647   -6.5609
    2.4328    0.9081   -3.6921   -5.5173   -2.6825    4.4832
eta,q 0.97479 12.19189
  0.0257  0.0256  0.0255  0.0255  0.0256  0.0256  0.0256  0.0258  0.0255  0.0257  0.0254  0.0254
  0.0254  0.0254  0.0253  0.0253  0.0254  0.0254  0.0254  0.0255  0.0253  0.0254  0.0253  0.0253
  0.0253  0.0253  0.0252  0.0253  0.0253  0.0253  0.0253  0.0253  0.0252  0.0253  0.0252  0.0252
  0.0252  0.0252  0.0252  0.0252  0.0252  0.0252  0.0252  0.0252  0.0252  0.0252  0.0252  0.0252
  0.0253  0.0253  0.0253  0.0252  0.0252  0.0252  0.0253  0.0253  0.0252  0.0253  0.0252  0.0252
  0.0254  0.0254  0.0253  0.0253  0.0254  0.0253  0.0254  0.0255  0.0253  0.0254  0.0253  0.0253
  0.0257  0.0256  0.0255  0.0254  0.0256  0.0255  0.0256  0.0258  0.0255  0.0256  0.0254  0.0254
registration optimization eta report
parameter search radius
    0.8000    0.8000    0.8000    2.4000    2.4000    2.4000
    2.4000    2.4000    2.4000    2.4000    2.4000    2.4000
100000*second partial in parameter space
       72.       60.       40.        4.        6.        5.
        7.       11.        4.        8.        3.        4.
  0.0257  0.0256  0.0255  0.0255  0.0256  0.0256  0.0256  0.0258  0.0255  0.0257  0.0254  0.0254
  0.0254  0.0254  0.0253  0.0253  0.0254  0.0254  0.0254  0.0255  0.0253  0.0254  0.0253  0.0253
  0.0253  0.0253  0.0252  0.0253  0.0253  0.0253  0.0253  0.0253  0.0252  0.0253  0.0252  0.0252
  0.0252  0.0252  0.0252  0.0252  0.0252  0.0252  0.0252  0.0252  0.0252  0.0252  0.0252  0.0252
  0.0253  0.0253  0.0253  0.0252  0.0252  0.0252  0.0253  0.0253  0.0252  0.0253  0.0252  0.0252
  0.0254  0.0254  0.0253  0.0253  0.0254  0.0253  0.0254  0.0255  0.0253  0.0254  0.0253  0.0253
  0.0257  0.0256  0.0255  0.0254  0.0256  0.0255  0.0256  0.0258  0.0255  0.0256  0.0254  0.0254
   -1.5310  -14.7928   12.1862   -9.6904  -12.7647   -6.5609
    2.4328    0.9081   -3.6921   -5.5173   -2.6825    4.4832
eta,q 0.97479 12.19189

---------------------------------------------------------------------
compute_vox2vox talsrcimg talsrcimg_to_711-2C_as_mni_average_305_t4 /opt/freesurfer/average/711-2C_as_mni_average_305
---------------------------------------------------------------------

freesurfer compute_vox2vox.c
Reading: talsrcimg.4dfp.ifh
Reading: talsrcimg_to_711-2C_as_mni_average_305_t4
Reading: /opt/freesurfer/average/711-2C_as_mni_average_305.4dfp.ifh
Writing: talsrcimg_to_711-2C_as_mni_average_305_t4_vox2vox.txt

start time Wed Mar 11 04:41:27 CET 2026
end		time Wed Mar 11 04:42:52 CET 2026

mpr2mni305 success

avi2talxfm orig_nu.mgz /opt/freesurfer/average/mni305.cor.mgz talsrcimg_to_711-2C_as_mni_average_305_t4_vox2vox.txt transforms/talairach.auto.xfm
avi2talxfm done
mv -f /out/sourcedata/freesurfer/sub-v2s13x29125_ses-1/mri/talsrcimg_to_711-2C_as_mni_average_305_t4_vox2vox.txt /out/sourcedata/freesurfer/sub-v2s13x29125_ses-1/mri/transforms/talsrcimg_to_711-2C_as_mni_average_305_t4_vox2vox.txt
lta_convert --src orig_nu.mgz --trg /opt/freesurfer/average/mni305.cor.mgz --inxfm transforms/talairach.auto.xfm --outlta transforms/talairach.auto.xfm.lta --subject fsaverage
7.3.2

--src: orig_nu.mgz src image (geometry).
--trg: /opt/freesurfer/average/mni305.cor.mgz trg image (geometry).
--inmni: transforms/talairach.auto.xfm input MNI/XFM transform.
--outlta: transforms/talairach.auto.xfm.lta output LTA.
--s: fsaverage subject name
 LTA read, type : 1
 1.10569  -0.01253  -0.03019   2.23056;
 0.02941   1.06664  -0.05564  -8.72696;
 0.04866   0.06693   1.14153  -28.19327;
 0.00000   0.00000   0.00000   1.00000;
setting subject to fsaverage
Writing  LTA to file transforms/talairach.auto.xfm.lta...
lta_convert successful.
 
 
Started at Wed Mar 11 04:41:27 CET 2026
Ended   at Wed Mar 11 04:42:52 CET 2026
talairach_avi done
