/out/sourcedata/freesurfer/sub-v2s13x29102_ses-1/mri
/opt/freesurfer/bin/talairach_avi
--i orig_nu.mgz --xfm transforms/talairach.auto.xfm
talairach_avi 7.3.2
Linux dna058 5.14.0-427.37.1.el9_4.x86_64 #1 SMP PREEMPT_DYNAMIC Fri Sep 13 12:41:50 EDT 2024 x86_64 x86_64 x86_64 GNU/Linux
Wed Mar 11 03:16:53 CET 2026
mri_convert orig_nu.mgz talsrcimg.img 
reading from orig_nu.mgz...
TR=0.00, TE=0.00, TI=0.00, flip angle=0.00
i_ras = (-1, 9.28792e-11, 8.09846e-12)
j_ras = (-4.04923e-12, 0, -1)
k_ras = (4.22638e-10, 1, 0)
writing to talsrcimg.img...
Analyze Output Matrix
-0.89844  -0.00000   0.00000   120.10254;
 0.00000   0.00000   0.89844  -117.74754;
 0.00000  -0.89844   0.00000   122.43399;
 0.00000   0.00000   0.00000   1.00000;
--------------------
INFO: set hdr.hist.orient to -1
mpr2mni305 talsrcimg
Wed Mar 11 03:16:54 CET 2026
/opt/freesurfer/bin/mpr2mni305 talsrcimg
mpr2mni305 7.3.2
target=711-2C_as_mni_average_305

---------------------------------------------------------------------
analyzeto4dfp talsrcimg -O0 -y
---------------------------------------------------------------------

freesurfer ifh2hdr.c
Wed Mar 11 03:16:54 2026
Writing: talsrcimg.4dfp.hdr
freesurfer analyzeto4dfp.c
Reading: talsrcimg.hdr
header size 348 bytes
hdr.dime.datatype	offset=70	value=2
hdr.dime.bitpix		offset=72	value=8
hdr.hist.orient		offset=252	value=-1
dimensionality     4
dimensions       256       256       256         1
Reading: talsrcimg.img
Writing: talsrcimg.4dfp.img
Writing: talsrcimg.4dfp.ifh
ifh2hdr talsrcimg -r0to240
ori=2

---------------------------------------------------------------------
gauss_4dfp talsrcimg 1.1
---------------------------------------------------------------------

freesurfer gauss_4dfp.c
Reading: talsrcimg.4dfp.img
Writing: talsrcimg_g11.4dfp.img
image dimensions 256 256 256 padded to 288 288 288
processing volume 1freesurfer ifh2hdr.c
Wed Mar 11 03:16:56 2026
Writing: talsrcimg_g11.4dfp.hdr

Writing: talsrcimg_g11.4dfp.ifh
including: talsrcimg.4dfp.img.rec in talsrcimg_g11.4dfp.img.rec

---------------------------------------------------------------------
imgreg_4dfp /opt/freesurfer/average/711-2C_as_mni_average_305 none talsrcimg_g11 none talsrcimg_to_711-2C_as_mni_average_305_t4 4355
---------------------------------------------------------------------

freesurfer imgreg_4dfp.c
/opt/freesurfer/average/711-2C_as_mni_average_305.4dfp.img
       256       256       256         1
  1.000000  1.000000  1.000000
orientation T byte_order littleendian
Reading image: /opt/freesurfer/average/711-2C_as_mni_average_305.4dfp.img
dimensions:      256       256       256
mmppix:       1.0000   -1.0000   -1.0000
center:     128.0000 -129.0000 -129.0000
talsrcimg_g11.4dfp.img
       256       256       256         1
  0.898438  0.898438  0.898438
orientation T byte_order littleendian
Reading image: talsrcimg_g11.4dfp.img
dimensions:      256       256       256
mmppix:       0.8984   -0.8984   -0.8984
center:     115.0001 -115.8985 -115.8985
t4_read: open error in t4_sub.f l:  41 t4_file(1:l)talsrcimg_to_711-2C_as_mni_average_305_t4 
t4_read: transform initialized to I4
rotation matrix determinant  1.000000
image alignment mode   4355 decimal     1103 hex
   -7.5000  -45.0000  -45.0000 5992.7183   16.7873
    0.0000  -45.0000  -45.0000 6009.4507   16.8318
    7.5000  -45.0000  -45.0000 5674.3311   16.8378
   -7.5000  -37.5000  -45.0000 6446.8037   17.8496
    0.0000  -37.5000  -45.0000 6473.5156   17.8944
    7.5000  -37.5000  -45.0000 6117.4893   17.8996
   -7.5000  -30.0000  -45.0000 6926.0796   18.4224
    0.0000  -30.0000  -45.0000 6959.3496   18.4621
    7.5000  -30.0000  -45.0000 6568.5151   18.4587
   -7.5000  -22.5000  -45.0000 7444.9238   18.4108
    0.0000  -22.5000  -45.0000 7486.3457   18.4471
    7.5000  -22.5000  -45.0000 7044.9624   18.4363
   -7.5000  -15.0000  -45.0000 7938.5601   18.3891
    0.0000  -15.0000  -45.0000 7969.9868   18.4277
    7.5000  -15.0000  -45.0000 7499.3271   18.4175
   -7.5000   -7.5000  -45.0000 8097.1733   18.3800
    0.0000   -7.5000  -45.0000 8140.9971   18.4242
    7.5000   -7.5000  -45.0000 7650.8906   18.4224
   -7.5000    0.0000  -45.0000 8196.7451   18.3903
    0.0000    0.0000  -45.0000 8229.3926   18.4389
    7.5000    0.0000  -45.0000 7736.1665   18.4455
   -7.5000    7.5000  -45.0000 7882.2051   18.4124
    0.0000    7.5000  -45.0000 7913.3457   18.4585
    7.5000    7.5000  -45.0000 7445.7573   18.4639
   -7.5000   15.0000  -45.0000 7806.9834   18.4224
    0.0000   15.0000  -45.0000 7834.6372   18.4621
    7.5000   15.0000  -45.0000 7357.6372   18.4587
   -7.5000   22.5000  -45.0000 7329.9390   18.1632
    0.0000   22.5000  -45.0000 7340.7637   18.1989
    7.5000   22.5000  -45.0000 6899.9590   18.1883
   -7.5000   30.0000  -45.0000 6679.2881   17.6579
    0.0000   30.0000  -45.0000 6680.0142   17.6949
    7.5000   30.0000  -45.0000 6294.4683   17.6851
   -7.5000   37.5000  -45.0000 6039.8413   17.0810
    0.0000   37.5000  -45.0000 6031.8115   17.1220
    7.5000   37.5000  -45.0000 5689.9868   17.1203
   -7.5000   45.0000  -45.0000 5452.9458   16.6023
    0.0000   45.0000  -45.0000 5439.2241   16.6472
    7.5000   45.0000  -45.0000 5132.6675   16.6532
   -7.5000  -45.0000  -37.5000 6534.0332   17.6576
    0.0000  -45.0000  -37.5000 6566.2441   17.7041
    7.5000  -45.0000  -37.5000 6173.6133   17.7106
   -7.5000  -37.5000  -37.5000 7031.5737   18.7796
    0.0000  -37.5000  -37.5000 7068.7549   18.8283
    7.5000  -37.5000  -37.5000 6643.4888   18.8343
   -7.5000  -30.0000  -37.5000 7557.7646   19.3430
    0.0000  -30.0000  -37.5000 7600.4717   19.3884
    7.5000  -30.0000  -37.5000 7142.1211   19.3874
   -7.5000  -22.5000  -37.5000 8097.8052   19.3284
    0.0000  -22.5000  -37.5000 8148.4609   19.3701
    7.5000  -22.5000  -37.5000 7656.3584   19.3631
   -7.5000  -15.0000  -37.5000 8620.7715   19.3099
    0.0000  -15.0000  -37.5000 8675.1250   19.3523
    7.5000  -15.0000  -37.5000 8152.7402   19.3455
   -7.5000   -7.5000  -37.5000 8770.4600   19.3060
    0.0000   -7.5000  -37.5000 8828.9473   19.3526
    7.5000   -7.5000  -37.5000 8301.9473   19.3527
   -7.5000    0.0000  -37.5000 8869.3066   19.3193
    0.0000    0.0000  -37.5000 8917.9043   19.3701
    7.5000    0.0000  -37.5000 8386.6582   19.3772
   -7.5000    7.5000  -37.5000 8541.4668   19.3376
    0.0000    7.5000  -37.5000 8583.3037   19.3877
    7.5000    7.5000  -37.5000 8052.6914   19.3939
   -7.5000   15.0000  -37.5000 8470.8564   19.3421
    0.0000   15.0000  -37.5000 8494.6289   19.3875
    7.5000   15.0000  -37.5000 7948.3286   19.3865
   -7.5000   22.5000  -37.5000 7945.9653   19.0700
    0.0000   22.5000  -37.5000 7967.3037   19.1111
    7.5000   22.5000  -37.5000 7467.2441   19.1042
   -7.5000   30.0000  -37.5000 7218.8940   18.5552
    0.0000   30.0000  -37.5000 7231.8071   18.5960
    7.5000   30.0000  -37.5000 6791.0967   18.5895
   -7.5000   37.5000  -37.5000 6503.2046   17.9562
    0.0000   37.5000  -37.5000 6506.4399   17.9994
    7.5000   37.5000  -37.5000 6122.3643   17.9995
   -7.5000   45.0000  -37.5000 5853.9302   17.4365
    0.0000   45.0000  -37.5000 5857.0776   17.4830
    7.5000   45.0000  -37.5000 5526.1064   17.4894
   -7.5000  -45.0000  -30.0000 7063.0088   18.4872
    0.0000  -45.0000  -30.0000 7104.1606   18.5227
    7.5000  -45.0000  -30.0000 6694.2451   18.5177
   -7.5000  -37.5000  -30.0000 7580.3657   19.6639
    0.0000  -37.5000  -30.0000 7641.0771   19.7023
    7.5000  -37.5000  -30.0000 7189.1294   19.6982
   -7.5000  -30.0000  -30.0000 8151.3818   20.2237
    0.0000  -30.0000  -30.0000 8217.2588   20.2615
    7.5000  -30.0000  -30.0000 7727.6768   20.2539
   -7.5000  -22.5000  -30.0000 8741.4150   20.2134
    0.0000  -22.5000  -30.0000 8801.7305   20.2494
    7.5000  -22.5000  -30.0000 8282.3701   20.2369
   -7.5000  -15.0000  -30.0000 9295.3477   20.2002
    0.0000  -15.0000  -30.0000 9372.2930   20.2360
    7.5000  -15.0000  -30.0000 8804.3613   20.2210
   -7.5000   -7.5000  -30.0000 9458.8945   20.1970
    0.0000   -7.5000  -30.0000 9533.0742   20.2337
    7.5000   -7.5000  -30.0000 8950.7480   20.2224
   -7.5000    0.0000  -30.0000 9540.7539   20.2058
    0.0000    0.0000  -30.0000 9614.0176   20.2446
    7.5000    0.0000  -30.0000 9026.0664   20.2392
   -7.5000    7.5000  -30.0000 9171.9756   20.2174
    0.0000    7.5000  -30.0000 9234.9482   20.2569
    7.5000    7.5000  -30.0000 8643.7998   20.2527
   -7.5000   15.0000  -30.0000 9069.5469   20.2209
    0.0000   15.0000  -30.0000 9116.0977   20.2588
    7.5000   15.0000  -30.0000 8523.7803   20.2511
   -7.5000   22.5000  -30.0000 8513.8496   19.9440
    0.0000   22.5000  -30.0000 8567.6357   19.9796
    7.5000   22.5000  -30.0000 8005.6714   19.9672
   -7.5000   30.0000  -30.0000 7736.2710   19.4250
    0.0000   30.0000  -30.0000 7777.7920   19.4594
    7.5000   30.0000  -30.0000 7267.6089   19.4449
   -7.5000   37.5000  -30.0000 6959.2036   18.8131
    0.0000   37.5000  -30.0000 6974.2681   18.8473
    7.5000   37.5000  -30.0000 6547.1904   18.8368
   -7.5000   45.0000  -30.0000 6253.7891   18.2610
    0.0000   45.0000  -30.0000 6282.3931   18.2961
    7.5000   45.0000  -30.0000 5912.0059   18.2906
   -7.5000  -45.0000  -22.5000 7595.5278   19.2734
    0.0000  -45.0000  -22.5000 7637.7744   19.2957
    7.5000  -45.0000  -22.5000 7212.5620   19.2774
   -7.5000  -37.5000  -22.5000 8143.8594   20.5073
    0.0000  -37.5000  -22.5000 8201.1885   20.5311
    7.5000  -37.5000  -22.5000 7735.8276   20.5154
   -7.5000  -30.0000  -22.5000 8750.2188   21.0685
    0.0000  -30.0000  -22.5000 8821.0586   21.0929
    7.5000  -30.0000  -22.5000 8305.1992   21.0750
   -7.5000  -22.5000  -22.5000 9374.4180   21.0642
    0.0000  -22.5000  -22.5000 9440.9873   21.0893
    7.5000  -22.5000  -22.5000 8894.5322   21.0652
   -7.5000  -15.0000  -22.5000 9954.4922   21.0554
    0.0000  -15.0000  -22.500010040.5820   21.0806
    7.5000  -15.0000  -22.5000 9440.4395   21.0515
   -7.5000   -7.5000  -22.500010139.9375   21.0502
    0.0000   -7.5000  -22.500010229.8252   21.0747
    7.5000   -7.5000  -22.5000 9583.9307   21.0478
   -7.5000    0.0000  -22.500010237.5488   21.0529
    0.0000    0.0000  -22.500010339.1475   21.0772
    7.5000    0.0000  -22.5000 9657.3818   21.0573
   -7.5000    7.5000  -22.5000 9813.2754   21.0583
    0.0000    7.5000  -22.5000 9922.2627   21.0829
    7.5000    7.5000  -22.5000 9265.2842   21.0667
   -7.5000   15.0000  -22.5000 9648.4307   21.0635
    0.0000   15.0000  -22.5000 9745.9785   21.0879
    7.5000   15.0000  -22.5000 9085.7354   21.0699
   -7.5000   22.5000  -22.5000 9038.8994   20.7855
    0.0000   22.5000  -22.5000 9130.5762   20.8103
    7.5000   22.5000  -22.5000 8527.5381   20.7865
   -7.5000   30.0000  -22.5000 8197.9941   20.2621
    0.0000   30.0000  -22.5000 8270.7686   20.2864
    7.5000   30.0000  -22.5000 7730.9927   20.2584
   -7.5000   37.5000  -22.5000 7369.3828   19.6378
    0.0000   37.5000  -22.5000 7409.2896   19.6606
    7.5000   37.5000  -22.5000 6953.0103   19.6355
   -7.5000   45.0000  -22.5000 6636.5664   19.0719
    0.0000   45.0000  -22.5000 6679.1001   19.0938
    7.5000   45.0000  -22.5000 6277.5688   19.0748
   -7.5000  -45.0000  -15.0000 8109.3120   19.9316
    0.0000  -45.0000  -15.0000 8151.9414   19.9561
    7.5000  -45.0000  -15.0000 7705.5679   19.9373
   -7.5000  -37.5000  -15.0000 8690.7314   21.2065
    0.0000  -37.5000  -15.0000 8742.0791   21.2306
    7.5000  -37.5000  -15.0000 8257.1924   21.2148
   -7.5000  -30.0000  -15.0000 9318.9727   21.7719
    0.0000  -30.0000  -15.0000 9394.9209   21.7941
    7.5000  -30.0000  -15.0000 8852.2822   21.7736
   -7.5000  -22.5000  -15.0000 9964.4365   21.7716
    0.0000  -22.5000  -15.000010042.3926   21.7946
    7.5000  -22.5000  -15.0000 9475.2578   21.7648
   -7.5000  -15.0000  -15.000010562.9297   21.7618
    0.0000  -15.0000  -15.000010654.9004   21.7867
    7.5000  -15.0000  -15.000010022.5283   21.7514
   -7.5000   -7.5000  -15.000010734.3398   21.7521
    0.0000   -7.5000  -15.000010840.9854   21.7783
    7.5000   -7.5000  -15.000010153.6562   21.7477
   -7.5000    0.0000  -15.000010871.4502   21.7504
    0.0000    0.0000  -15.000011001.2471   21.7771
    7.5000    0.0000  -15.000010250.4580   21.7566
   -7.5000    7.5000  -15.000010459.3438   21.7552
    0.0000    7.5000  -15.000010588.3965   21.7800
    7.5000    7.5000  -15.0000 9862.9004   21.7638
   -7.5000   15.0000  -15.000010214.1680   21.7652
    0.0000   15.0000  -15.000010346.8555   21.7874
    7.5000   15.0000  -15.0000 9631.7461   21.7669
   -7.5000   22.5000  -15.0000 9531.1582   21.4868
    0.0000   22.5000  -15.0000 9649.1455   21.5095
    7.5000   22.5000  -15.0000 9004.2764   21.4801
   -7.5000   30.0000  -15.0000 8640.5293   20.9577
    0.0000   30.0000  -15.0000 8747.6973   20.9817
    7.5000   30.0000  -15.0000 8170.8491   20.9476
   -7.5000   37.5000  -15.0000 7749.9927   20.3235
    0.0000   37.5000  -15.0000 7834.4014   20.3480
    7.5000   37.5000  -15.0000 7332.5151   20.3195
   -7.5000   45.0000  -15.0000 7008.6816   19.7557
    0.0000   45.0000  -15.0000 7053.7681   19.7805
    7.5000   45.0000  -15.0000 6625.0156   19.7611
   -7.5000  -45.0000   -7.5000 8367.6992   19.9030
    0.0000  -45.0000   -7.5000 8419.0381   19.9432
    7.5000  -45.0000   -7.5000 7976.1226   19.9382
   -7.5000  -37.5000   -7.5000 8963.7627   21.1810
    0.0000  -37.5000   -7.5000 9040.9219   21.2202
    7.5000  -37.5000   -7.5000 8543.5420   21.2165
   -7.5000  -30.0000   -7.5000 9608.0742   21.7481
    0.0000  -30.0000   -7.5000 9698.1650   21.7819
    7.5000  -30.0000   -7.5000 9142.2383   21.7694
   -7.5000  -22.5000   -7.500010256.4053   21.7448
    0.0000  -22.5000   -7.500010358.1357   21.7768
    7.5000  -22.5000   -7.5000 9777.5039   21.7537
   -7.5000  -15.0000   -7.500010830.7510   21.7296
    0.0000  -15.0000   -7.500010935.8975   21.7647
    7.5000  -15.0000   -7.500010323.5957   21.7392
   -7.5000   -7.5000   -7.500010987.4404   21.7182
    0.0000   -7.5000   -7.500011099.4004   21.7586
    7.5000   -7.5000   -7.500010429.1650   21.7417
   -7.5000    0.0000   -7.500011135.0000   21.7193
    0.0000    0.0000   -7.500011279.5459   21.7631
    7.5000    0.0000   -7.500010524.4814   21.7577
   -7.5000    7.5000   -7.500010716.6162   21.7291
    0.0000    7.5000   -7.500010858.1982   21.7693
    7.5000    7.5000   -7.500010121.3252   21.7655
   -7.5000   15.0000   -7.500010451.8506   21.7414
    0.0000   15.0000   -7.500010587.5488   21.7752
    7.5000   15.0000   -7.5000 9867.3652   21.7626
   -7.5000   22.5000   -7.5000 9740.9766   21.4603
    0.0000   22.5000   -7.5000 9838.2773   21.4919
    7.5000   22.5000   -7.5000 9174.3916   21.4691
   -7.5000   30.0000   -7.5000 8839.3242   20.9267
    0.0000   30.0000   -7.5000 8957.4463   20.9605
    7.5000   30.0000   -7.5000 8337.6758   20.9360
   -7.5000   37.5000   -7.5000 7930.7695   20.2919
    0.0000   37.5000   -7.5000 8045.4849   20.3296
    7.5000   37.5000   -7.5000 7502.4609   20.3139
   -7.5000   45.0000   -7.5000 7165.8389   19.7316
    0.0000   45.0000   -7.5000 7242.6416   19.7724
    7.5000   45.0000   -7.5000 6773.9473   19.7672
   -7.5000  -45.0000    0.0000 8482.3828   20.3960
    0.0000  -45.0000    0.0000 8546.3242   20.4518
    7.5000  -45.0000    0.0000 8080.7017   20.4606
   -7.5000  -37.5000    0.0000 9065.0645   21.7025
    0.0000  -37.5000    0.0000 9146.6875   21.7586
    7.5000  -37.5000    0.0000 8646.2305   21.7661
   -7.5000  -30.0000    0.0000 9675.1436   22.2687
    0.0000  -30.0000    0.0000 9767.1289   22.3182
    7.5000  -30.0000    0.0000 9245.9424   22.3151
   -7.5000  -22.5000    0.000010355.8105   22.2588
    0.0000  -22.5000    0.000010463.1816   22.3041
    7.5000  -22.5000    0.0000 9910.2705   22.2920
   -7.5000  -15.0000    0.000010947.5352   22.2379
    0.0000  -15.0000    0.000011082.1953   22.2861
    7.5000  -15.0000    0.000010487.8525   22.2751
   -7.5000   -7.5000    0.000011095.1689   22.2279
    0.0000   -7.5000    0.000011233.2910   22.2831
    7.5000   -7.5000    0.000010599.4883   22.2825
   -7.5000    0.0000    0.000011225.7891   22.2356
    0.0000    0.0000    0.000011367.4238   22.2963
    7.5000    0.0000    0.000010672.6621   22.3059
   -7.5000    7.5000    0.000010784.0674   22.2494
    0.0000    7.5000    0.000010915.3057   22.3069
    7.5000    7.5000    0.000010235.8311   22.3146
   -7.5000   15.0000    0.000010494.1523   22.2609
    0.0000   15.0000    0.000010624.2686   22.3103
    7.5000   15.0000    0.0000 9940.3916   22.3072
   -7.5000   22.5000    0.0000 9748.1133   21.9708
    0.0000   22.5000    0.0000 9839.4453   22.0155
    7.5000   22.5000    0.0000 9177.5391   22.0035
   -7.5000   30.0000    0.0000 8876.8027   21.4291
    0.0000   30.0000    0.0000 8975.5488   21.4756
    7.5000   30.0000    0.0000 8365.1338   21.4650
   -7.5000   37.5000    0.0000 7985.6567   20.7930
    0.0000   37.5000    0.0000 8092.9795   20.8446
    7.5000   37.5000    0.0000 7538.1372   20.8441
   -7.5000   45.0000    0.0000 7220.0181   20.2400
    0.0000   45.0000    0.0000 7303.2373   20.2964
    7.5000   45.0000    0.0000 6817.1030   20.3052
   -7.5000  -45.0000    7.5000 8253.8184   20.4197
    0.0000  -45.0000    7.5000 8317.4785   20.4739
    7.5000  -45.0000    7.5000 7866.0947   20.4817
   -7.5000  -37.5000    7.5000 8775.8047   21.7271
    0.0000  -37.5000    7.5000 8843.6670   21.7839
    7.5000  -37.5000    7.5000 8377.6602   21.7906
   -7.5000  -30.0000    7.5000 9374.0625   22.2895
    0.0000  -30.0000    7.5000 9443.8652   22.3422
    7.5000  -30.0000    7.5000 8955.3018   22.3410
   -7.5000  -22.5000    7.500010097.2822   22.2760
    0.0000  -22.5000    7.500010202.3262   22.3245
    7.5000  -22.5000    7.5000 9663.0439   22.3165
   -7.5000  -15.0000    7.500010740.5010   22.2559
    0.0000  -15.0000    7.500010866.1562   22.3054
    7.5000  -15.0000    7.500010310.5117   22.2979
   -7.5000   -7.5000    7.500010860.9424   22.2498
    0.0000   -7.5000    7.500010960.7588   22.3039
    7.5000   -7.5000    7.500010411.2168   22.3045
   -7.5000    0.0000    7.500010955.8281   22.2617
    0.0000    0.0000    7.500011047.2881   22.3207
    7.5000    0.0000    7.500010467.3223   22.3292
   -7.5000    7.5000    7.500010534.2500   22.2746
    0.0000    7.5000    7.500010627.7012   22.3328
    7.5000    7.5000    7.500010026.4727   22.3397
   -7.5000   15.0000    7.500010202.4004   22.2816
    0.0000   15.0000    7.500010287.9570   22.3343
    7.5000   15.0000    7.5000 9677.8125   22.3330
   -7.5000   22.5000    7.5000 9429.7090   21.9877
    0.0000   22.5000    7.5000 9483.0117   22.0356
    7.5000   22.5000    7.5000 8883.9834   22.0277
   -7.5000   30.0000    7.5000 8591.1611   21.4465
    0.0000   30.0000    7.5000 8637.0039   21.4941
    7.5000   30.0000    7.5000 8076.8921   21.4870
   -7.5000   37.5000    7.5000 7744.0381   20.8134
    0.0000   37.5000    7.5000 7811.0469   20.8641
    7.5000   37.5000    7.5000 7285.1660   20.8646
   -7.5000   45.0000    7.5000 7004.5879   20.2598
    0.0000   45.0000    7.5000 7074.6567   20.3142
    7.5000   45.0000    7.5000 6611.8936   20.3219
   -7.5000  -45.0000   15.0000 8290.8281   20.4538
    0.0000  -45.0000   15.0000 8374.1475   20.4929
    7.5000  -45.0000   15.0000 7916.2104   20.4874
   -7.5000  -37.5000   15.0000 8765.8389   21.7584
    0.0000  -37.5000   15.0000 8843.1592   21.8008
    7.5000  -37.5000   15.0000 8402.5469   21.7962
   -7.5000  -30.0000   15.0000 9356.1953   22.3184
    0.0000  -30.0000   15.0000 9427.7275   22.3600
    7.5000  -30.0000   15.0000 8953.1592   22.3516
   -7.5000  -22.5000   15.000010123.7168   22.3070
    0.0000  -22.5000   15.000010216.2051   22.3466
    7.5000  -22.5000   15.0000 9648.8799   22.3327
   -7.5000  -15.0000   15.000010851.1973   22.2925
    0.0000  -15.0000   15.000010918.2744   22.3317
    7.5000  -15.0000   15.000010326.6006   22.3152
   -7.5000   -7.5000   15.000011023.1094   22.2888
    0.0000   -7.5000   15.000011035.3672   22.3292
    7.5000   -7.5000   15.000010470.7959   22.3167
   -7.5000    0.0000   15.000011127.6875   22.2987
    0.0000    0.0000   15.000011107.2588   22.3413
    7.5000    0.0000   15.000010523.1768   22.3354
   -7.5000    7.5000   15.000010656.0713   22.3067
    0.0000    7.5000   15.000010664.7393   22.3502
    7.5000    7.5000   15.000010077.5137   22.3455
   -7.5000   15.0000   15.000010249.9697   22.3105
    0.0000   15.0000   15.000010275.2285   22.3521
    7.5000   15.0000   15.0000 9703.0889   22.3437
   -7.5000   22.5000   15.0000 9393.3857   22.0183
    0.0000   22.5000   15.0000 9410.2646   22.0574
    7.5000   22.5000   15.0000 8856.1562   22.0437
   -7.5000   30.0000   15.0000 8538.3525   21.4817
    0.0000   30.0000   15.0000 8556.0479   21.5196
    7.5000   30.0000   15.0000 8042.9697   21.5036
   -7.5000   37.5000   15.0000 7712.0322   20.8500
    0.0000   37.5000   15.0000 7761.3647   20.8877
    7.5000   37.5000   15.0000 7271.2490   20.8761
   -7.5000   45.0000   15.0000 6976.3296   20.2892
    0.0000   45.0000   15.0000 7039.1240   20.3281
    7.5000   45.0000   15.0000 6587.5889   20.3221
   -7.5000  -45.0000   22.5000 7893.9556   20.6086
    0.0000  -45.0000   22.5000 7980.1924   20.6323
    7.5000  -45.0000   22.5000 7520.5830   20.6119
   -7.5000  -37.5000   22.5000 8377.6748   21.9149
    0.0000  -37.5000   22.5000 8445.2754   21.9403
    7.5000  -37.5000   22.5000 7986.4170   21.9226
   -7.5000  -30.0000   22.5000 8943.9824   22.4813
    0.0000  -30.0000   22.5000 9017.7676   22.5072
    7.5000  -30.0000   22.5000 8512.4033   22.4872
   -7.5000  -22.5000   22.5000 9604.1602   22.4806
    0.0000  -22.5000   22.5000 9688.0381   22.5074
    7.5000  -22.5000   22.5000 9118.8838   22.4808
   -7.5000  -15.0000   22.500010260.0498   22.4745
    0.0000  -15.0000   22.500010315.8887   22.5014
    7.5000  -15.0000   22.5000 9697.2783   22.4693
   -7.5000   -7.5000   22.500010461.4102   22.4683
    0.0000   -7.5000   22.500010460.8203   22.4942
    7.5000   -7.5000   22.5000 9857.8926   22.4646
   -7.5000    0.0000   22.500010572.0029   22.4671
    0.0000    0.0000   22.500010558.1465   22.4928
    7.5000    0.0000   22.5000 9942.7891   22.4707
   -7.5000    7.5000   22.500010127.6621   22.4671
    0.0000    7.5000   22.500010124.9590   22.4932
    7.5000    7.5000   22.5000 9540.1680   22.4751
   -7.5000   15.0000   22.5000 9737.4883   22.4733
    0.0000   15.0000   22.5000 9752.4717   22.4993
    7.5000   15.0000   22.5000 9224.5283   22.4793
   -7.5000   22.5000   22.5000 8877.4316   22.1897
    0.0000   22.5000   22.5000 8880.6992   22.2161
    7.5000   22.5000   22.5000 8402.8223   22.1898
   -7.5000   30.0000   22.5000 8059.0547   21.6571
    0.0000   30.0000   22.5000 8071.0166   21.6830
    7.5000   30.0000   22.5000 7624.3101   21.6521
   -7.5000   37.5000   22.5000 7271.6279   21.0178
    0.0000   37.5000   22.5000 7302.5347   21.0421
    7.5000   37.5000   22.5000 6884.7456   21.0144
   -7.5000   45.0000   22.5000 6568.9282   20.4423
    0.0000   45.0000   22.5000 6608.8711   20.4656
    7.5000   45.0000   22.5000 6209.1177   20.4444
   -7.5000  -45.0000   30.0000 7429.4346   20.7198
    0.0000  -45.0000   30.0000 7495.3701   20.7456
    7.5000  -45.0000   30.0000 7037.6304   20.7267
   -7.5000  -37.5000   30.0000 7898.7705   22.0456
    0.0000  -37.5000   30.0000 7974.7715   22.0706
    7.5000  -37.5000   30.0000 7499.5522   22.0554
   -7.5000  -30.0000   30.0000 8458.2959   22.6235
    0.0000  -30.0000   30.0000 8544.0938   22.6467
    7.5000  -30.0000   30.0000 8018.7139   22.6268
   -7.5000  -22.5000   30.0000 9065.8350   22.6240
    0.0000  -22.5000   30.0000 9144.6514   22.6486
    7.5000  -22.5000   30.0000 8615.2500   22.6188
   -7.5000  -15.0000   30.0000 9588.8691   22.6145
    0.0000  -15.0000   30.0000 9645.8516   22.6416
    7.5000  -15.0000   30.0000 9110.6982   22.6055
   -7.5000   -7.5000   30.0000 9692.3525   22.6043
    0.0000   -7.5000   30.0000 9720.4453   22.6326
    7.5000   -7.5000   30.0000 9209.6680   22.6012
   -7.5000    0.0000   30.0000 9795.3408   22.6016
    0.0000    0.0000   30.0000 9819.2070   22.6297
    7.5000    0.0000   30.0000 9297.6484   22.6091
   -7.5000    7.5000   30.0000 9455.1035   22.6050
    0.0000    7.5000   30.0000 9476.3018   22.6306
    7.5000    7.5000   30.0000 8959.3281   22.6150
   -7.5000   15.0000   30.0000 9172.8438   22.6155
    0.0000   15.0000   30.0000 9189.5469   22.6387
    7.5000   15.0000   30.0000 8700.2520   22.6187
   -7.5000   22.5000   30.0000 8369.5645   22.3292
    0.0000   22.5000   30.0000 8372.9990   22.3535
    7.5000   22.5000   30.0000 7918.3027   22.3241
   -7.5000   30.0000   30.0000 7590.4775   21.8021
    0.0000   30.0000   30.0000 7601.5337   21.8282
    7.5000   30.0000   30.0000 7170.2373   21.7934
   -7.5000   37.5000   30.0000 6821.9033   21.1649
    0.0000   37.5000   30.0000 6837.0190   21.1914
    7.5000   37.5000   30.0000 6450.1206   21.1620
   -7.5000   45.0000   30.0000 6121.9146   20.5929
    0.0000   45.0000   30.0000 6139.2007   20.6190
    7.5000   45.0000   30.0000 5785.5059   20.5995
   -7.5000  -45.0000   37.5000 6922.2695   20.8096
    0.0000  -45.0000   37.5000 6988.9438   20.8530
    7.5000  -45.0000   37.5000 6577.5864   20.8486
   -7.5000  -37.5000   37.5000 7394.5142   22.1517
    0.0000  -37.5000   37.5000 7467.5645   22.1932
    7.5000  -37.5000   37.5000 7023.5527   22.1906
   -7.5000  -30.0000   37.5000 7916.0405   22.7147
    0.0000  -30.0000   37.5000 7994.9209   22.7506
    7.5000  -30.0000   37.5000 7523.7910   22.7399
   -7.5000  -22.5000   37.5000 8486.2139   22.7057
    0.0000  -22.5000   37.5000 8552.9062   22.7410
    7.5000  -22.5000   37.5000 8079.9395   22.7200
   -7.5000  -15.0000   37.5000 8971.9150   22.6905
    0.0000  -15.0000   37.5000 9029.6084   22.7301
    7.5000  -15.0000   37.5000 8552.0791   22.7063
   -7.5000   -7.5000   37.5000 9044.1982   22.6839
    0.0000   -7.5000   37.5000 9093.7920   22.7287
    7.5000   -7.5000   37.5000 8644.6328   22.7128
   -7.5000    0.0000   37.5000 9103.8809   22.6906
    0.0000    0.0000   37.5000 9151.0459   22.7379
    7.5000    0.0000   37.5000 8690.8330   22.7331
   -7.5000    7.5000   37.5000 8789.4805   22.6997
    0.0000    7.5000   37.5000 8828.5264   22.7422
    7.5000    7.5000   37.5000 8376.5469   22.7396
   -7.5000   15.0000   37.5000 8570.7949   22.7064
    0.0000   15.0000   37.5000 8605.1865   22.7423
    7.5000   15.0000   37.5000 8159.5933   22.7316
   -7.5000   22.5000   37.5000 7825.0151   22.4059
    0.0000   22.5000   37.5000 7846.8887   22.4408
    7.5000   22.5000   37.5000 7436.8921   22.4201
   -7.5000   30.0000   37.5000 7116.2471   21.8752
    0.0000   30.0000   37.5000 7127.6895   21.9133
    7.5000   30.0000   37.5000 6734.7012   21.8904
   -7.5000   37.5000   37.5000 6399.5439   21.2396
    0.0000   37.5000   37.5000 6416.1870   21.2816
    7.5000   37.5000   37.5000 6052.7520   21.2667
   -7.5000   45.0000   37.5000 5718.2236   20.6401
    0.0000   45.0000   37.5000 5739.1973   20.6839
    7.5000   45.0000   37.5000 5407.4092   20.6797
   -7.5000  -45.0000   45.0000 6401.3594   21.0709
    0.0000  -45.0000   45.0000 6466.2949   21.1328
    7.5000  -45.0000   45.0000 6106.0156   21.1380
   -7.5000  -37.5000   45.0000 6845.7529   22.4267
    0.0000  -37.5000   45.0000 6928.8140   22.4891
    7.5000  -37.5000   45.0000 6522.4893   22.4931
   -7.5000  -30.0000   45.0000 7335.2329   22.9733
    0.0000  -30.0000   45.0000 7430.4790   23.0284
    7.5000  -30.0000   45.0000 6986.3901   23.0206
   -7.5000  -22.5000   45.0000 7880.4888   22.9669
    0.0000  -22.5000   45.0000 7955.1201   23.0173
    7.5000  -22.5000   45.0000 7508.2583   22.9992
   -7.5000  -15.0000   45.0000 8341.6592   22.9553
    0.0000  -15.0000   45.0000 8398.6777   23.0086
    7.5000  -15.0000   45.0000 7950.4946   22.9913
   -7.5000   -7.5000   45.0000 8399.3955   22.9506
    0.0000   -7.5000   45.0000 8465.2959   23.0116
    7.5000   -7.5000   45.0000 8022.9004   23.0058
   -7.5000    0.0000   45.0000 8432.4102   22.9555
    0.0000    0.0000   45.0000 8482.8857   23.0228
    7.5000    0.0000   45.0000 8070.5752   23.0285
   -7.5000    7.5000   45.0000 8137.5098   22.9594
    0.0000    7.5000   45.0000 8181.9829   23.0233
    7.5000    7.5000   45.0000 7783.9053   23.0275
   -7.5000   15.0000   45.0000 7951.9595   22.9647
    0.0000   15.0000   45.0000 8006.1699   23.0197
    7.5000   15.0000   45.0000 7595.5518   23.0120
   -7.5000   22.5000   45.0000 7265.0503   22.6607
    0.0000   22.5000   45.0000 7304.0903   22.7104
    7.5000   22.5000   45.0000 6921.2979   22.6925
   -7.5000   30.0000   45.0000 6607.2437   22.1282
    0.0000   30.0000   45.0000 6636.9180   22.1796
    7.5000   30.0000   45.0000 6284.9980   22.1629
   -7.5000   37.5000   45.0000 5954.7207   21.4836
    0.0000   37.5000   45.0000 5980.2002   21.5408
    7.5000   37.5000   45.0000 5652.6934   21.5353
   -7.5000   45.0000   45.0000 5330.6167   20.8304
    0.0000   45.0000   45.0000 5345.5942   20.8920
    7.5000   45.0000   45.0000 5057.1260   20.8975

---------------------------------------------------------------------
imgreg_4dfp /opt/freesurfer/average/711-2C_as_mni_average_305 /opt/freesurfer/average/711-2B_as_mni_average_305_mask talsrcimg_g11 none talsrcimg_to_711-2C_as_mni_average_305_t4 4355
---------------------------------------------------------------------

freesurfer imgreg_4dfp.c
/opt/freesurfer/average/711-2C_as_mni_average_305.4dfp.img
       256       256       256         1
  1.000000  1.000000  1.000000
orientation T byte_order littleendian
Reading image: /opt/freesurfer/average/711-2C_as_mni_average_305.4dfp.img
dimensions:      256       256       256
mmppix:       1.0000   -1.0000   -1.0000
center:     128.0000 -129.0000 -129.0000
/opt/freesurfer/average/711-2B_as_mni_average_305_mask.4dfp.img
       256       256       256         1
  1.000000  1.000000  1.000000
orientation T byte_order littleendian
Reading mask: /opt/freesurfer/average/711-2B_as_mni_average_305_mask.4dfp.img (2306576 pixels)
talsrcimg_g11.4dfp.img
       256       256       256         1
  0.898438  0.898438  0.898438
orientation T byte_order littleendian
Reading image: talsrcimg_g11.4dfp.img
dimensions:      256       256       256
mmppix:       0.8984   -0.8984   -0.8984
center:     115.0001 -115.8985 -115.8985
rotation matrix determinant  1.000000
image alignment mode   4355 decimal     1103 hex
   -7.5000  -45.0000  -45.0000 1933.1151   20.1165
    0.0000  -45.0000  -45.0000 1934.8770   20.0748
    7.5000  -45.0000  -45.0000 1913.2186   20.3233
   -7.5000  -37.5000  -45.0000 2008.2935   18.8148
    0.0000  -37.5000  -45.0000 2013.6053   18.8392
    7.5000  -37.5000  -45.0000 1995.4670   19.0405
   -7.5000  -30.0000  -45.0000 2055.1272   17.8191
    0.0000  -30.0000  -45.0000 2059.1331   17.8609
    7.5000  -30.0000  -45.0000 2040.0974   18.0323
   -7.5000  -22.5000  -45.0000 2075.2629   17.2012
    0.0000  -22.5000  -45.0000 2079.3965   17.2002
    7.5000  -22.5000  -45.0000 2060.3459   17.3467
   -7.5000  -15.0000  -45.0000 2084.2307   16.9582
    0.0000  -15.0000  -45.0000 2086.3599   16.9065
    7.5000  -15.0000  -45.0000 2068.0161   17.0953
   -7.5000   -7.5000  -45.0000 2075.4854   17.0884
    0.0000   -7.5000  -45.0000 2080.4956   17.0323
    7.5000   -7.5000  -45.0000 2060.6890   17.2849
   -7.5000    0.0000  -45.0000 2056.7288   17.4866
    0.0000    0.0000  -45.0000 2063.0403   17.4426
    7.5000    0.0000  -45.0000 2036.6240   17.7553
   -7.5000    7.5000  -45.0000 2022.3823   18.3418
    0.0000    7.5000  -45.0000 2029.7324   18.2611
    7.5000    7.5000  -45.0000 2004.4886   18.6128
   -7.5000   15.0000  -45.0000 1973.2036   19.4820
    0.0000   15.0000  -45.0000 1986.4214   19.3897
    7.5000   15.0000  -45.0000 1961.1143   19.7729
   -7.5000   22.5000  -45.0000 1912.3788   21.0757
    0.0000   22.5000  -45.0000 1923.5199   20.9754
    7.5000   22.5000  -45.0000 1894.3813   21.3547
   -7.5000   30.0000  -45.0000 1825.2096   23.0003
    0.0000   30.0000  -45.0000 1835.9037   22.9088
    7.5000   30.0000  -45.0000 1807.8094   23.3944
   -7.5000   37.5000  -45.0000 1703.7596   25.3750
    0.0000   37.5000  -45.0000 1711.1847   25.2737
    7.5000   37.5000  -45.0000 1691.1044   25.7962
   -7.5000   45.0000  -45.0000 1565.0652   28.3300
    0.0000   45.0000  -45.0000 1573.7543   28.2635
    7.5000   45.0000  -45.0000 1551.4448   28.7170
   -7.5000  -45.0000  -37.5000 2097.7534   19.7451
    0.0000  -45.0000  -37.5000 2103.2983   19.7927
    7.5000  -45.0000  -37.5000 2076.0017   19.9951
   -7.5000  -37.5000  -37.5000 2183.9534   18.4076
    0.0000  -37.5000  -37.5000 2188.7332   18.4656
    7.5000  -37.5000  -37.5000 2162.3025   18.6439
   -7.5000  -30.0000  -37.5000 2237.6973   17.4088
    0.0000  -30.0000  -37.5000 2243.9456   17.4644
    7.5000  -30.0000  -37.5000 2213.8286   17.6175
   -7.5000  -22.5000  -37.5000 2255.8306   16.7608
    0.0000  -22.5000  -37.5000 2262.0125   16.7620
    7.5000  -22.5000  -37.5000 2234.2363   16.9092
   -7.5000  -15.0000  -37.5000 2265.1196   16.4942
    0.0000  -15.0000  -37.5000 2272.6055   16.4808
    7.5000  -15.0000  -37.5000 2245.7720   16.6548
   -7.5000   -7.5000  -37.5000 2251.7935   16.5889
    0.0000   -7.5000  -37.5000 2260.9990   16.6017
    7.5000   -7.5000  -37.5000 2239.5024   16.7693
   -7.5000    0.0000  -37.5000 2228.9097   17.0036
    0.0000    0.0000  -37.5000 2239.2747   16.9999
    7.5000    0.0000  -37.5000 2215.0696   17.2396
   -7.5000    7.5000  -37.5000 2191.9482   17.8105
    0.0000    7.5000  -37.5000 2203.0701   17.7768
    7.5000    7.5000  -37.5000 2176.2878   18.0728
   -7.5000   15.0000  -37.5000 2141.5120   18.9493
    0.0000   15.0000  -37.5000 2154.4587   18.9034
    7.5000   15.0000  -37.5000 2128.4617   19.2184
   -7.5000   22.5000  -37.5000 2070.4028   20.4408
    0.0000   22.5000  -37.5000 2083.5569   20.3648
    7.5000   22.5000  -37.5000 2056.6973   20.7303
   -7.5000   30.0000  -37.5000 1979.5724   22.3380
    0.0000   30.0000  -37.5000 1990.1635   22.2097
    7.5000   30.0000  -37.5000 1963.5912   22.6572
   -7.5000   37.5000  -37.5000 1850.3031   24.6550
    0.0000   37.5000  -37.5000 1859.1990   24.5361
    7.5000   37.5000  -37.5000 1835.0631   24.9760
   -7.5000   45.0000  -37.5000 1698.1804   27.4335
    0.0000   45.0000  -37.5000 1710.2269   27.3633
    7.5000   45.0000  -37.5000 1684.9100   27.7724
   -7.5000  -45.0000  -30.0000 2241.8308   19.3335
    0.0000  -45.0000  -30.0000 2245.2595   19.3841
    7.5000  -45.0000  -30.0000 2218.4590   19.5817
   -7.5000  -37.5000  -30.0000 2333.3081   17.8862
    0.0000  -37.5000  -30.0000 2340.5352   17.9551
    7.5000  -37.5000  -30.0000 2311.2192   18.1664
   -7.5000  -30.0000  -30.0000 2392.2017   16.8258
    0.0000  -30.0000  -30.0000 2403.1414   16.8801
    7.5000  -30.0000  -30.0000 2371.3826   17.0601
   -7.5000  -22.5000  -30.0000 2418.4785   16.1831
    0.0000  -22.5000  -30.0000 2426.6389   16.2178
    7.5000  -22.5000  -30.0000 2396.9927   16.3625
   -7.5000  -15.0000  -30.0000 2432.4131   15.9143
    0.0000  -15.0000  -30.0000 2443.9922   15.9141
    7.5000  -15.0000  -30.0000 2410.8743   16.0389
   -7.5000   -7.5000  -30.0000 2428.1626   15.9971
    0.0000   -7.5000  -30.0000 2441.7004   15.9954
    7.5000   -7.5000  -30.0000 2410.3611   16.1270
   -7.5000    0.0000  -30.0000 2397.2339   16.4571
    0.0000    0.0000  -30.0000 2411.6917   16.4733
    7.5000    0.0000  -30.0000 2384.8228   16.6110
   -7.5000    7.5000  -30.0000 2356.0730   17.2381
    0.0000    7.5000  -30.0000 2368.3098   17.2183
    7.5000    7.5000  -30.0000 2335.5405   17.4079
   -7.5000   15.0000  -30.0000 2298.2036   18.3216
    0.0000   15.0000  -30.0000 2314.7371   18.3045
    7.5000   15.0000  -30.0000 2280.6479   18.5017
   -7.5000   22.5000  -30.0000 2219.2241   19.7652
    0.0000   22.5000  -30.0000 2235.7549   19.7183
    7.5000   22.5000  -30.0000 2206.3447   19.9554
   -7.5000   30.0000  -30.0000 2121.2922   21.5310
    0.0000   30.0000  -30.0000 2133.5186   21.4802
    7.5000   30.0000  -30.0000 2104.4985   21.8208
   -7.5000   37.5000  -30.0000 1984.4077   23.7506
    0.0000   37.5000  -30.0000 1997.3933   23.6884
    7.5000   37.5000  -30.0000 1967.2986   24.0213
   -7.5000   45.0000  -30.0000 1822.8896   26.3765
    0.0000   45.0000  -30.0000 1842.7714   26.2927
    7.5000   45.0000  -30.0000 1810.4517   26.6494
   -7.5000  -45.0000  -22.5000 2352.0872   18.7724
    0.0000  -45.0000  -22.5000 2358.5149   18.7945
    7.5000  -45.0000  -22.5000 2331.2749   19.0077
   -7.5000  -37.5000  -22.5000 2452.2742   17.3194
    0.0000  -37.5000  -22.5000 2462.0042   17.3518
    7.5000  -37.5000  -22.5000 2431.7122   17.5350
   -7.5000  -30.0000  -22.5000 2522.1670   16.1930
    0.0000  -30.0000  -22.5000 2532.5527   16.1928
    7.5000  -30.0000  -22.5000 2499.4258   16.3656
   -7.5000  -22.5000  -22.5000 2555.4287   15.5174
    0.0000  -22.5000  -22.5000 2566.8345   15.5083
    7.5000  -22.5000  -22.5000 2534.3977   15.6674
   -7.5000  -15.0000  -22.5000 2576.4578   15.1814
    0.0000  -15.0000  -22.5000 2589.0076   15.1874
    7.5000  -15.0000  -22.5000 2555.1101   15.3048
   -7.5000   -7.5000  -22.5000 2585.8726   15.2052
    0.0000   -7.5000  -22.5000 2597.0703   15.2237
    7.5000   -7.5000  -22.5000 2559.5288   15.3172
   -7.5000    0.0000  -22.5000 2555.5896   15.7038
    0.0000    0.0000  -22.5000 2573.8813   15.7178
    7.5000    0.0000  -22.5000 2534.4368   15.8013
   -7.5000    7.5000  -22.5000 2504.3308   16.4778
    0.0000    7.5000  -22.5000 2524.3442   16.4766
    7.5000    7.5000  -22.5000 2486.1030   16.5737
   -7.5000   15.0000  -22.5000 2443.3999   17.5392
    0.0000   15.0000  -22.5000 2465.8516   17.5220
    7.5000   15.0000  -22.5000 2424.7107   17.6538
   -7.5000   22.5000  -22.5000 2356.6912   18.8974
    0.0000   22.5000  -22.5000 2379.9177   18.8751
    7.5000   22.5000  -22.5000 2341.5818   19.0322
   -7.5000   30.0000  -22.5000 2249.8076   20.5720
    0.0000   30.0000  -22.5000 2264.8228   20.5462
    7.5000   30.0000  -22.5000 2231.8779   20.7858
   -7.5000   37.5000  -22.5000 2103.0127   22.7073
    0.0000   37.5000  -22.5000 2114.8325   22.6199
    7.5000   37.5000  -22.5000 2090.1313   22.8891
   -7.5000   45.0000  -22.5000 1931.7577   25.1586
    0.0000   45.0000  -22.5000 1947.7625   25.0431
    7.5000   45.0000  -22.5000 1919.3834   25.3647
   -7.5000  -45.0000  -15.0000 2429.7795   18.0425
    0.0000  -45.0000  -15.0000 2440.5393   18.0418
    7.5000  -45.0000  -15.0000 2409.4558   18.2854
   -7.5000  -37.5000  -15.0000 2536.9028   16.6114
    0.0000  -37.5000  -15.0000 2544.9634   16.5996
    7.5000  -37.5000  -15.0000 2514.5957   16.8171
   -7.5000  -30.0000  -15.0000 2613.7817   15.4894
    0.0000  -30.0000  -15.0000 2627.0046   15.4837
    7.5000  -30.0000  -15.0000 2594.5610   15.6454
   -7.5000  -22.5000  -15.0000 2658.6831   14.7355
    0.0000  -22.5000  -15.0000 2673.9929   14.7339
    7.5000  -22.5000  -15.0000 2641.1995   14.9101
   -7.5000  -15.0000  -15.0000 2688.6514   14.3369
    0.0000  -15.0000  -15.0000 2702.8503   14.3556
    7.5000  -15.0000  -15.0000 2665.6794   14.5117
   -7.5000   -7.5000  -15.0000 2704.2739   14.3077
    0.0000   -7.5000  -15.0000 2720.6953   14.3214
    7.5000   -7.5000  -15.0000 2677.7822   14.4283
   -7.5000    0.0000  -15.0000 2680.4146   14.7975
    0.0000    0.0000  -15.0000 2701.3293   14.8078
    7.5000    0.0000  -15.0000 2655.1531   14.9330
   -7.5000    7.5000  -15.0000 2637.1555   15.5571
    0.0000    7.5000  -15.0000 2660.6687   15.5794
    7.5000    7.5000  -15.0000 2614.0732   15.6774
   -7.5000   15.0000  -15.0000 2564.8745   16.6068
    0.0000   15.0000  -15.0000 2591.4783   16.5855
    7.5000   15.0000  -15.0000 2546.2383   16.7102
   -7.5000   22.5000  -15.0000 2466.1240   17.8737
    0.0000   22.5000  -15.0000 2489.0635   17.8557
    7.5000   22.5000  -15.0000 2450.2666   18.0188
   -7.5000   30.0000  -15.0000 2350.8494   19.5124
    0.0000   30.0000  -15.0000 2366.6965   19.4864
    7.5000   30.0000  -15.0000 2336.0452   19.6879
   -7.5000   37.5000  -15.0000 2193.3608   21.5715
    0.0000   37.5000  -15.0000 2210.0601   21.4802
    7.5000   37.5000  -15.0000 2184.0010   21.7419
   -7.5000   45.0000  -15.0000 2010.0160   23.9285
    0.0000   45.0000  -15.0000 2021.0387   23.8136
    7.5000   45.0000  -15.0000 2000.7697   24.1079
   -7.5000  -45.0000   -7.5000 2465.5300   17.2426
    0.0000  -45.0000   -7.5000 2476.0095   17.2268
    7.5000  -45.0000   -7.5000 2448.0193   17.5450
   -7.5000  -37.5000   -7.5000 2577.3623   15.8282
    0.0000  -37.5000   -7.5000 2590.3245   15.8144
    7.5000  -37.5000   -7.5000 2561.0457   16.1185
   -7.5000  -30.0000   -7.5000 2668.6973   14.7234
    0.0000  -30.0000   -7.5000 2682.6753   14.7072
    7.5000  -30.0000   -7.5000 2651.6238   14.9509
   -7.5000  -22.5000   -7.5000 2731.2366   13.9294
    0.0000  -22.5000   -7.5000 2750.1248   13.9158
    7.5000  -22.5000   -7.5000 2714.8394   14.1340
   -7.5000  -15.0000   -7.5000 2770.9358   13.4687
    0.0000  -15.0000   -7.5000 2788.4099   13.4792
    7.5000  -15.0000   -7.5000 2752.7485   13.6691
   -7.5000   -7.5000   -7.5000 2797.0820   13.4114
    0.0000   -7.5000   -7.5000 2814.5916   13.4077
    7.5000   -7.5000   -7.5000 2768.8203   13.5994
   -7.5000    0.0000   -7.5000 2774.0554   13.8653
    0.0000    0.0000   -7.5000 2796.0518   13.8709
    7.5000    0.0000   -7.5000 2744.7517   14.0317
   -7.5000    7.5000   -7.5000 2728.1755   14.5756
    0.0000    7.5000   -7.5000 2752.7480   14.5770
    7.5000    7.5000   -7.5000 2703.7009   14.7278
   -7.5000   15.0000   -7.5000 2650.5115   15.5700
    0.0000   15.0000   -7.5000 2672.9631   15.5645
    7.5000   15.0000   -7.5000 2631.3149   15.7035
   -7.5000   22.5000   -7.5000 2544.2449   16.8104
    0.0000   22.5000   -7.5000 2566.4104   16.7984
    7.5000   22.5000   -7.5000 2528.5503   16.9782
   -7.5000   30.0000   -7.5000 2416.9661   18.4226
    0.0000   30.0000   -7.5000 2436.7004   18.4227
    7.5000   30.0000   -7.5000 2402.1987   18.6309
   -7.5000   37.5000   -7.5000 2255.0051   20.4255
    0.0000   37.5000   -7.5000 2271.2932   20.3652
    7.5000   37.5000   -7.5000 2240.6387   20.6122
   -7.5000   45.0000   -7.5000 2060.6436   22.6977
    0.0000   45.0000   -7.5000 2071.1008   22.6069
    7.5000   45.0000   -7.5000 2048.0737   22.8642
   -7.5000  -45.0000    0.0000 2494.5852   16.7988
    0.0000  -45.0000    0.0000 2507.8140   16.7657
    7.5000  -45.0000    0.0000 2473.7507   17.1696
   -7.5000  -37.5000    0.0000 2612.3613   15.3695
    0.0000  -37.5000    0.0000 2626.8369   15.3321
    7.5000  -37.5000    0.0000 2592.9146   15.7163
   -7.5000  -30.0000    0.0000 2708.0842   14.2374
    0.0000  -30.0000    0.0000 2726.5396   14.2039
    7.5000  -30.0000    0.0000 2691.5115   14.5293
   -7.5000  -22.5000    0.0000 2792.6077   13.4163
    0.0000  -22.5000    0.0000 2819.4314   13.3948
    7.5000  -22.5000    0.0000 2773.7336   13.6925
   -7.5000  -15.0000    0.0000 2857.5503   12.9403
    0.0000  -15.0000    0.0000 2884.4548   12.9164
    7.5000  -15.0000    0.0000 2836.3079   13.2029
   -7.5000   -7.5000    0.0000 2894.1045   12.8809
    0.0000   -7.5000    0.0000 2919.1760   12.8617
    7.5000   -7.5000    0.0000 2865.8538   13.1349
   -7.5000    0.0000    0.0000 2874.1921   13.2873
    0.0000    0.0000    0.0000 2900.8469   13.2792
    7.5000    0.0000    0.0000 2841.0557   13.5454
   -7.5000    7.5000    0.0000 2815.2729   13.9418
    0.0000    7.5000    0.0000 2837.6423   13.9376
    7.5000    7.5000    0.0000 2785.5261   14.2038
   -7.5000   15.0000    0.0000 2723.0256   14.8772
    0.0000   15.0000    0.0000 2748.7134   14.8502
    7.5000   15.0000    0.0000 2702.4407   15.1012
   -7.5000   22.5000    0.0000 2610.4490   16.1207
    0.0000   22.5000    0.0000 2633.2783   16.1143
    7.5000   22.5000    0.0000 2591.0449   16.3688
   -7.5000   30.0000    0.0000 2476.2114   17.7623
    0.0000   30.0000    0.0000 2496.9417   17.7702
    7.5000   30.0000    0.0000 2458.5847   18.0163
   -7.5000   37.5000    0.0000 2312.1682   19.7457
    0.0000   37.5000    0.0000 2326.1011   19.7649
    7.5000   37.5000    0.0000 2294.2810   19.9761
   -7.5000   45.0000    0.0000 2111.6282   21.9561
    0.0000   45.0000    0.0000 2122.7278   21.9340
    7.5000   45.0000    0.0000 2094.3284   22.1941
   -7.5000  -45.0000    7.5000 2495.6580   16.5240
    0.0000  -45.0000    7.5000 2513.0542   16.4233
    7.5000  -45.0000    7.5000 2473.7388   16.9066
   -7.5000  -37.5000    7.5000 2614.2810   15.0492
    0.0000  -37.5000    7.5000 2633.7808   14.9621
    7.5000  -37.5000    7.5000 2590.0813   15.4281
   -7.5000  -30.0000    7.5000 2719.3059   13.8952
    0.0000  -30.0000    7.5000 2740.3567   13.8025
    7.5000  -30.0000    7.5000 2700.2971   14.2205
   -7.5000  -22.5000    7.5000 2821.5317   13.1140
    0.0000  -22.5000    7.5000 2846.5168   13.0253
    7.5000  -22.5000    7.5000 2799.6196   13.3867
   -7.5000  -15.0000    7.5000 2912.1208   12.6767
    0.0000  -15.0000    7.5000 2948.1409   12.6012
    7.5000  -15.0000    7.5000 2882.7578   12.9717
   -7.5000   -7.5000    7.5000 2964.8584   12.5706
    0.0000   -7.5000    7.5000 3000.5547   12.5132
    7.5000   -7.5000    7.5000 2925.8286   12.9073
   -7.5000    0.0000    7.5000 2943.2339   12.9361
    0.0000    0.0000    7.5000 2976.0986   12.8642
    7.5000    0.0000    7.5000 2905.8416   13.2376
   -7.5000    7.5000    7.5000 2869.3462   13.5989
    0.0000    7.5000    7.5000 2898.6030   13.5419
    7.5000    7.5000    7.5000 2838.1174   13.8753
   -7.5000   15.0000    7.5000 2761.4026   14.4439
    0.0000   15.0000    7.5000 2787.4258   14.4038
    7.5000   15.0000    7.5000 2742.9246   14.7080
   -7.5000   22.5000    7.5000 2642.0376   15.6482
    0.0000   22.5000    7.5000 2664.9312   15.6230
    7.5000   22.5000    7.5000 2623.4062   15.8773
   -7.5000   30.0000    7.5000 2504.8455   17.3082
    0.0000   30.0000    7.5000 2523.7988   17.2911
    7.5000   30.0000    7.5000 2487.3811   17.5461
   -7.5000   37.5000    7.5000 2333.1938   19.2736
    0.0000   37.5000    7.5000 2351.7534   19.2928
    7.5000   37.5000    7.5000 2316.7310   19.5347
   -7.5000   45.0000    7.5000 2131.9219   21.4871
    0.0000   45.0000    7.5000 2149.4006   21.4475
    7.5000   45.0000    7.5000 2121.1917   21.7340
   -7.5000  -45.0000   15.0000 2482.5081   16.5320
    0.0000  -45.0000   15.0000 2503.8706   16.4230
    7.5000  -45.0000   15.0000 2465.3379   16.9139
   -7.5000  -37.5000   15.0000 2594.7979   15.0254
    0.0000  -37.5000   15.0000 2617.6504   14.9021
    7.5000  -37.5000   15.0000 2579.5103   15.3914
   -7.5000  -30.0000   15.0000 2705.5779   13.8703
    0.0000  -30.0000   15.0000 2727.6418   13.7231
    7.5000  -30.0000   15.0000 2688.2966   14.1805
   -7.5000  -22.5000   15.0000 2813.1104   13.1161
    0.0000  -22.5000   15.0000 2841.0964   12.9691
    7.5000  -22.5000   15.0000 2795.4260   13.3518
   -7.5000  -15.0000   15.0000 2915.5369   12.7423
    0.0000  -15.0000   15.0000 2957.6411   12.6064
    7.5000  -15.0000   15.0000 2889.9038   12.9399
   -7.5000   -7.5000   15.0000 2983.8713   12.6794
    0.0000   -7.5000   15.0000 3022.1099   12.5085
    7.5000   -7.5000   15.0000 2942.8547   12.9001
   -7.5000    0.0000   15.0000 2975.7800   12.9213
    0.0000    0.0000   15.0000 3002.6768   12.7900
    7.5000    0.0000   15.0000 2927.6729   13.1523
   -7.5000    7.5000   15.0000 2894.0234   13.5168
    0.0000    7.5000   15.0000 2920.8406   13.4216
    7.5000    7.5000   15.0000 2863.5063   13.7435
   -7.5000   15.0000   15.0000 2772.5344   14.3488
    0.0000   15.0000   15.0000 2793.9033   14.2803
    7.5000   15.0000   15.0000 2757.2642   14.5825
   -7.5000   22.5000   15.0000 2639.2991   15.5311
    0.0000   22.5000   15.0000 2662.0098   15.4732
    7.5000   22.5000   15.0000 2626.7568   15.7463
   -7.5000   30.0000   15.0000 2503.8430   17.1489
    0.0000   30.0000   15.0000 2522.9163   17.1568
    7.5000   30.0000   15.0000 2492.1724   17.3685
   -7.5000   37.5000   15.0000 2335.6399   19.0814
    0.0000   37.5000   15.0000 2353.6667   19.1104
    7.5000   37.5000   15.0000 2322.9521   19.3299
   -7.5000   45.0000   15.0000 2135.1824   21.2037
    0.0000   45.0000   15.0000 2154.4268   21.2039
    7.5000   45.0000   15.0000 2126.2715   21.4152
   -7.5000  -45.0000   22.5000 2460.1418   16.8324
    0.0000  -45.0000   22.5000 2482.2363   16.7191
    7.5000  -45.0000   22.5000 2446.5442   17.1418
   -7.5000  -37.5000   22.5000 2566.8164   15.3674
    0.0000  -37.5000   22.5000 2587.2056   15.2175
    7.5000  -37.5000   22.5000 2557.7175   15.6380
   -7.5000  -30.0000   22.5000 2680.0127   14.2148
    0.0000  -30.0000   22.5000 2704.4558   14.0528
    7.5000  -30.0000   22.5000 2666.0806   14.4490
   -7.5000  -22.5000   22.5000 2779.8884   13.4151
    0.0000  -22.5000   22.5000 2809.1182   13.2707
    7.5000  -22.5000   22.5000 2766.2820   13.6079
   -7.5000  -15.0000   22.5000 2876.3035   13.0142
    0.0000  -15.0000   22.5000 2915.6401   12.8764
    7.5000  -15.0000   22.5000 2858.1831   13.1598
   -7.5000   -7.5000   22.5000 2936.9558   12.9813
    0.0000   -7.5000   22.5000 2968.8625   12.8009
    7.5000   -7.5000   22.5000 2912.1667   13.0852
   -7.5000    0.0000   22.5000 2934.0779   13.2005
    0.0000    0.0000   22.5000 2960.8545   13.0779
    7.5000    0.0000   22.5000 2900.1228   13.3331
   -7.5000    7.5000   22.5000 2868.8499   13.7753
    0.0000    7.5000   22.5000 2893.9438   13.6855
    7.5000    7.5000   22.5000 2839.6782   13.9408
   -7.5000   15.0000   22.5000 2750.7126   14.5974
    0.0000   15.0000   22.5000 2769.4641   14.5275
    7.5000   15.0000   22.5000 2734.8921   14.8062
   -7.5000   22.5000   22.5000 2615.1138   15.7412
    0.0000   22.5000   22.5000 2633.8223   15.6743
    7.5000   22.5000   22.5000 2607.7639   15.9472
   -7.5000   30.0000   22.5000 2481.1277   17.2764
    0.0000   30.0000   22.5000 2503.2969   17.2390
    7.5000   30.0000   22.5000 2478.3789   17.4921
   -7.5000   37.5000   22.5000 2314.6123   19.0837
    0.0000   37.5000   22.5000 2335.3403   19.0838
    7.5000   37.5000   22.5000 2310.2869   19.3283
   -7.5000   45.0000   22.5000 2113.3538   21.1605
    0.0000   45.0000   22.5000 2133.7561   21.0986
    7.5000   45.0000   22.5000 2106.2605   21.3421
   -7.5000  -45.0000   30.0000 2430.3591   17.4562
    0.0000  -45.0000   30.0000 2444.5566   17.3303
    7.5000  -45.0000   30.0000 2411.2395   17.7019
   -7.5000  -37.5000   30.0000 2535.3242   15.9716
    0.0000  -37.5000   30.0000 2554.3420   15.8311
    7.5000  -37.5000   30.0000 2521.9846   16.1960
   -7.5000  -30.0000   30.0000 2648.4836   14.8043
    0.0000  -30.0000   30.0000 2673.3655   14.6624
    7.5000  -30.0000   30.0000 2633.0627   14.9873
   -7.5000  -22.5000   30.0000 2740.3254   13.9620
    0.0000  -22.5000   30.0000 2772.3594   13.8155
    7.5000  -22.5000   30.0000 2730.5781   14.1306
   -7.5000  -15.0000   30.0000 2818.5403   13.4653
    0.0000  -15.0000   30.0000 2854.1089   13.2852
    7.5000  -15.0000   30.0000 2805.3657   13.6117
   -7.5000   -7.5000   30.0000 2863.2820   13.3259
    0.0000   -7.5000   30.0000 2892.7168   13.1725
    7.5000   -7.5000   30.0000 2848.2947   13.4592
   -7.5000    0.0000   30.0000 2861.5693   13.5754
    0.0000    0.0000   30.0000 2887.3135   13.4349
    7.5000    0.0000   30.0000 2843.3389   13.6892
   -7.5000    7.5000   30.0000 2805.0432   14.2013
    0.0000    7.5000   30.0000 2827.6956   14.1145
    7.5000    7.5000   30.0000 2782.1323   14.3311
   -7.5000   15.0000   30.0000 2700.5173   15.1136
    0.0000   15.0000   30.0000 2717.0029   15.0452
    7.5000   15.0000   30.0000 2686.0010   15.2519
   -7.5000   22.5000   30.0000 2577.2700   16.2543
    0.0000   22.5000   30.0000 2592.7573   16.2126
    7.5000   22.5000   30.0000 2566.3462   16.4421
   -7.5000   30.0000   30.0000 2447.6702   17.7144
    0.0000   30.0000   30.0000 2470.7307   17.6835
    7.5000   30.0000   30.0000 2440.7939   17.9296
   -7.5000   37.5000   30.0000 2277.1597   19.4179
    0.0000   37.5000   30.0000 2295.5615   19.3697
    7.5000   37.5000   30.0000 2274.2131   19.6225
   -7.5000   45.0000   30.0000 2078.6731   21.3713
    0.0000   45.0000   30.0000 2094.7275   21.2548
    7.5000   45.0000   30.0000 2073.9224   21.5108
   -7.5000  -45.0000   37.5000 2381.8491   18.3630
    0.0000  -45.0000   37.5000 2396.7307   18.2303
    7.5000  -45.0000   37.5000 2365.0728   18.5765
   -7.5000  -37.5000   37.5000 2495.3914   16.8166
    0.0000  -37.5000   37.5000 2516.3232   16.7052
    7.5000  -37.5000   37.5000 2478.2346   17.0210
   -7.5000  -30.0000   37.5000 2602.6353   15.5812
    0.0000  -30.0000   37.5000 2626.7412   15.4723
    7.5000  -30.0000   37.5000 2587.8696   15.7901
   -7.5000  -22.5000   37.5000 2687.3467   14.7033
    0.0000  -22.5000   37.5000 2718.9912   14.5499
    7.5000  -22.5000   37.5000 2678.3240   14.8735
   -7.5000  -15.0000   37.5000 2752.9561   14.1701
    0.0000  -15.0000   37.5000 2783.8525   14.0171
    7.5000  -15.0000   37.5000 2741.4873   14.3491
   -7.5000   -7.5000   37.5000 2782.0200   14.0140
    0.0000   -7.5000   37.5000 2812.7563   13.8766
    7.5000   -7.5000   37.5000 2774.7288   14.1915
   -7.5000    0.0000   37.5000 2775.9575   14.1783
    0.0000    0.0000   37.5000 2805.9041   14.0681
    7.5000    0.0000   37.5000 2764.4468   14.3477
   -7.5000    7.5000   37.5000 2717.1511   14.8193
    0.0000    7.5000   37.5000 2744.9041   14.7113
    7.5000    7.5000   37.5000 2705.0132   14.9746
   -7.5000   15.0000   37.5000 2625.7832   15.7425
    0.0000   15.0000   37.5000 2650.2024   15.6437
    7.5000   15.0000   37.5000 2617.4333   15.8790
   -7.5000   22.5000   37.5000 2513.3354   16.9450
    0.0000   22.5000   37.5000 2534.1877   16.8728
    7.5000   22.5000   37.5000 2510.5559   17.0735
   -7.5000   30.0000   37.5000 2391.0938   18.3705
    0.0000   30.0000   37.5000 2411.8650   18.3137
    7.5000   30.0000   37.5000 2387.2358   18.5464
   -7.5000   37.5000   37.5000 2226.4402   20.0201
    0.0000   37.5000   37.5000 2246.2983   19.9888
    7.5000   37.5000   37.5000 2223.3328   20.2341
   -7.5000   45.0000   37.5000 2030.2701   21.8984
    0.0000   45.0000   37.5000 2050.4595   21.8371
    7.5000   45.0000   37.5000 2024.3936   22.1096
   -7.5000  -45.0000   45.0000 2304.6162   19.3536
    0.0000  -45.0000   45.0000 2322.2373   19.2732
    7.5000  -45.0000   45.0000 2293.5337   19.6080
   -7.5000  -37.5000   45.0000 2414.4138   17.7786
    0.0000  -37.5000   45.0000 2438.5740   17.7158
    7.5000  -37.5000   45.0000 2403.4033   17.9957
   -7.5000  -30.0000   45.0000 2511.2703   16.5325
    0.0000  -30.0000   45.0000 2540.1611   16.4463
    7.5000  -30.0000   45.0000 2501.4226   16.7394
   -7.5000  -22.5000   45.0000 2592.4539   15.6324
    0.0000  -22.5000   45.0000 2624.9233   15.5001
    7.5000  -22.5000   45.0000 2584.7019   15.8134
   -7.5000  -15.0000   45.0000 2652.6167   15.0780
    0.0000  -15.0000   45.0000 2677.5432   14.9653
    7.5000  -15.0000   45.0000 2641.3757   15.2634
   -7.5000   -7.5000   45.0000 2670.7412   14.8623
    0.0000   -7.5000   45.0000 2700.5254   14.7730
    7.5000   -7.5000   45.0000 2663.1003   15.0552
   -7.5000    0.0000   45.0000 2656.3901   14.9903
    0.0000    0.0000   45.0000 2683.1799   14.9123
    7.5000    0.0000   45.0000 2655.6814   15.1878
   -7.5000    7.5000   45.0000 2600.1780   15.5989
    0.0000    7.5000   45.0000 2625.1780   15.5197
    7.5000    7.5000   45.0000 2601.2122   15.7806
   -7.5000   15.0000   45.0000 2521.8884   16.4688
    0.0000   15.0000   45.0000 2550.6240   16.3934
    7.5000   15.0000   45.0000 2521.4026   16.6532
   -7.5000   22.5000   45.0000 2418.8650   17.6645
    0.0000   22.5000   45.0000 2442.3188   17.6066
    7.5000   22.5000   45.0000 2416.2756   17.8145
   -7.5000   30.0000   45.0000 2302.9712   19.1120
    0.0000   30.0000   45.0000 2322.8735   19.0407
    7.5000   30.0000   45.0000 2300.9727   19.2536
   -7.5000   37.5000   45.0000 2144.2285   20.7824
    0.0000   37.5000   45.0000 2166.5129   20.7230
    7.5000   37.5000   45.0000 2141.8208   20.9321
   -7.5000   45.0000   45.0000 1959.1102   22.6453
    0.0000   45.0000   45.0000 1975.8479   22.5886
    7.5000   45.0000   45.0000 1957.5181   22.8069

---------------------------------------------------------------------
imgreg_4dfp /opt/freesurfer/average/711-2C_as_mni_average_305 /opt/freesurfer/average/711-2B_as_mni_average_305_mask talsrcimg_g11 none talsrcimg_to_711-2C_as_mni_average_305_t4 1283
---------------------------------------------------------------------

freesurfer imgreg_4dfp.c
/opt/freesurfer/average/711-2C_as_mni_average_305.4dfp.img
       256       256       256         1
  1.000000  1.000000  1.000000
orientation T byte_order littleendian
Reading image: /opt/freesurfer/average/711-2C_as_mni_average_305.4dfp.img
dimensions:      256       256       256
mmppix:       1.0000   -1.0000   -1.0000
center:     128.0000 -129.0000 -129.0000
/opt/freesurfer/average/711-2B_as_mni_average_305_mask.4dfp.img
       256       256       256         1
  1.000000  1.000000  1.000000
orientation T byte_order littleendian
Reading mask: /opt/freesurfer/average/711-2B_as_mni_average_305_mask.4dfp.img (2306576 pixels)
talsrcimg_g11.4dfp.img
       256       256       256         1
  0.898438  0.898438  0.898438
orientation T byte_order littleendian
Reading image: talsrcimg_g11.4dfp.img
dimensions:      256       256       256
mmppix:       0.8984   -0.8984   -0.8984
center:     115.0001 -115.8985 -115.8985
rotation matrix determinant  1.000000
fimgreg.f
image alignment mode   1283 decimal      503 hex
parameters
    0.0000   -7.5000   15.0000    0.0000    0.0000    0.0000
eta,q 0.94829 12.45894
niter,ni,del,rscale     5    3   12.0000    1.2000
parameters
   -1.4874   -5.5384   13.8282   -1.2701   -0.4982   -1.4673
eta,q 0.94786 12.39742
  0.0599  0.0687  0.0580  0.0554  0.0562  0.0542
  0.0562  0.0609  0.0547  0.0520  0.0537  0.0527
  0.0536  0.0554  0.0531  0.0519  0.0523  0.0522
  0.0538  0.0533  0.0534  0.0530  0.0523  0.0522
  0.0577  0.0534  0.0554  0.0540  0.0534  0.0531
  0.0636  0.0539  0.0588  0.0553  0.0549  0.0553
  0.0713  0.0559  0.0634  0.0572  0.0573  0.0584
niter,ni,del,rscale     4    3   12.0000    1.2000
parameters
   -1.6238   -4.6663   13.5356   -2.2397    0.2277   -1.8657
eta,q 0.94830 12.41807
  0.0604  0.0609  0.0583  0.0551  0.0570  0.0554
  0.0563  0.0552  0.0553  0.0515  0.0543  0.0532
  0.0535  0.0524  0.0529  0.0512  0.0526  0.0520
  0.0521  0.0522  0.0522  0.0522  0.0518  0.0517
  0.0528  0.0523  0.0532  0.0530  0.0519  0.0523
  0.0561  0.0534  0.0558  0.0545  0.0530  0.0539
  0.0621  0.0561  0.0599  0.0563  0.0549  0.0566
niter,ni,del,rscale     3    3   12.0000    1.2000
parameters
   -1.9697   -3.8283   13.2000   -3.4491    0.7055   -2.1573
eta,q 0.94908 12.42587
  0.0596  0.0599  0.0576  0.0544  0.0562  0.0551
  0.0551  0.0550  0.0545  0.0508  0.0538  0.0528
  0.0525  0.0521  0.0525  0.0503  0.0521  0.0513
  0.0517  0.0517  0.0517  0.0518  0.0510  0.0509
  0.0528  0.0519  0.0526  0.0526  0.0513  0.0516
  0.0561  0.0527  0.0553  0.0543  0.0528  0.0534
  0.0621  0.0559  0.0594  0.0567  0.0549  0.0560
niter,ni,del,rscale     2    3   12.0000    1.2000
parameters
   -2.1481   -3.1009   12.8612   -4.0932    0.8295   -2.3489
eta,q 0.94961 12.43304
  0.0602  0.0599  0.0572  0.0550  0.0555  0.0549
  0.0548  0.0556  0.0537  0.0512  0.0532  0.0523
  0.0519  0.0519  0.0517  0.0494  0.0513  0.0509
  0.0509  0.0509  0.0509  0.0509  0.0504  0.0504
  0.0521  0.0511  0.0518  0.0520  0.0512  0.0511
  0.0556  0.0524  0.0547  0.0534  0.0530  0.0529
  0.0615  0.0566  0.0590  0.0562  0.0551  0.0554
niter,ni,del,rscale     1    3   12.0000    1.2000
parameters
   -2.1385   -2.7896   12.6607   -4.3858    0.8013   -2.4125
eta,q 0.94983 12.43952
  0.0605  0.0594  0.0573  0.0555  0.0551  0.0549
  0.0549  0.0552  0.0534  0.0518  0.0528  0.0522
  0.0517  0.0513  0.0512  0.0491  0.0510  0.0507
  0.0504  0.0504  0.0504  0.0504  0.0502  0.0502
  0.0513  0.0508  0.0512  0.0517  0.0511  0.0507
  0.0548  0.0533  0.0541  0.0529  0.0529  0.0525
  0.0607  0.0581  0.0585  0.0556  0.0552  0.0550
registration optimization eta report
parameter search radius
    6.0000    6.0000    6.0000    6.0000    6.0000    6.0000
100000*second partial in parameter space
       28.       24.       21.       15.       13.       13.
  0.0605  0.0594  0.0573  0.0555  0.0551  0.0549
  0.0549  0.0552  0.0534  0.0518  0.0528  0.0522
  0.0517  0.0513  0.0512  0.0491  0.0510  0.0507
  0.0504  0.0504  0.0504  0.0504  0.0502  0.0502
  0.0513  0.0508  0.0512  0.0517  0.0511  0.0507
  0.0548  0.0533  0.0541  0.0529  0.0529  0.0525
  0.0607  0.0581  0.0585  0.0556  0.0552  0.0550
   -2.1385   -2.7896   12.6607   -4.3858    0.8013   -2.4125
eta,q 0.94983 12.43952

---------------------------------------------------------------------
imgreg_4dfp /opt/freesurfer/average/711-2C_as_mni_average_305 /opt/freesurfer/average/711-2B_as_mni_average_305_mask talsrcimg_g11 none talsrcimg_to_711-2C_as_mni_average_305_t4 3335
---------------------------------------------------------------------

freesurfer imgreg_4dfp.c
/opt/freesurfer/average/711-2C_as_mni_average_305.4dfp.img
       256       256       256         1
  1.000000  1.000000  1.000000
orientation T byte_order littleendian
Reading image: /opt/freesurfer/average/711-2C_as_mni_average_305.4dfp.img
dimensions:      256       256       256
mmppix:       1.0000   -1.0000   -1.0000
center:     128.0000 -129.0000 -129.0000
/opt/freesurfer/average/711-2B_as_mni_average_305_mask.4dfp.img
       256       256       256         1
  1.000000  1.000000  1.000000
orientation T byte_order littleendian
Reading mask: /opt/freesurfer/average/711-2B_as_mni_average_305_mask.4dfp.img (2306576 pixels)
talsrcimg_g11.4dfp.img
       256       256       256         1
  0.898438  0.898438  0.898438
orientation T byte_order littleendian
Reading image: talsrcimg_g11.4dfp.img
dimensions:      256       256       256
mmppix:       0.8984   -0.8984   -0.8984
center:     115.0001 -115.8985 -115.8985
fimgreg.f
image alignment mode   3335 decimal      D07 hex
parameters
   -2.1385   -2.7896   12.6607   -0.0984   -0.3857   -0.3026
    4.3039   -1.0713   -4.2089    7.6991    1.3986   -7.6464
eta,q 0.95163 12.48152
niter,ni,del,rscale     5    3    5.0000    1.2000
parameter  4  3.377482 ->  0.500000 qaram    1.1500
parameter  5  4.477822 ->  0.500000 qaram    1.1500
parameter  6  0.893192 ->  0.500000 qaram    1.1500
parameters
   -2.0120   -2.9245   12.6441   -4.2384   -4.5257   -4.4426
    3.7657    1.1013   -2.1822    7.6724    1.1370   -4.7159
eta,q 0.96682 11.97794
  0.0504  0.0492  0.0498  0.0410  0.0338  0.0341  0.0363  0.0415  0.0358  0.0367  0.0349  0.0366
  0.0493  0.0486  0.0491  0.0429  0.0366  0.0340  0.0350  0.0384  0.0347  0.0349  0.0341  0.0351
  0.0486  0.0484  0.0486  0.0455  0.0400  0.0350  0.0343  0.0359  0.0340  0.0337  0.0336  0.0341
  0.0484  0.0484  0.0484  0.0484  0.0435  0.0375  0.0342  0.0342  0.0336  0.0334  0.0334  0.0334
  0.0485  0.0485  0.0485  0.0513  0.0470  0.0412  0.0346  0.0336  0.0334  0.0341  0.0337  0.0332
  0.0490  0.0488  0.0491  0.0546  0.0510  0.0454  0.0356  0.0343  0.0337  0.0351  0.0343  0.0333
  0.0500  0.0494  0.0499  0.0582  0.0555  0.0502  0.0370  0.0362  0.0342  0.0365  0.0352  0.0337
niter,ni,del,rscale     7    3    5.0000    1.2000
parameter  4  0.743808 ->  0.500000 qaram    1.3225
parameter  5  1.313388 ->  0.500000 qaram    1.3225
parameters
   -1.6356   -2.1844   11.8243   -8.9994   -9.2867   -6.9518
    3.8935    1.2865   -2.1503    8.6759   -0.1123   -5.8759
eta,q 0.97371 11.54442
  0.0375  0.0363  0.0335  0.0309  0.0256  0.0284  0.0299  0.0314  0.0285  0.0309  0.0271  0.0274
  0.0354  0.0349  0.0328  0.0302  0.0260  0.0274  0.0281  0.0288  0.0274  0.0288  0.0266  0.0267
  0.0339  0.0338  0.0326  0.0307  0.0277  0.0265  0.0269  0.0271  0.0267  0.0272  0.0264  0.0263
  0.0332  0.0331  0.0328  0.0326  0.0302  0.0264  0.0264  0.0264  0.0264  0.0264  0.0264  0.0263
  0.0332  0.0328  0.0336  0.0355  0.0337  0.0279  0.0268  0.0270  0.0267  0.0265  0.0266  0.0267
  0.0339  0.0331  0.0347  0.0389  0.0374  0.0314  0.0279  0.0285  0.0274  0.0273  0.0271  0.0274
  0.0355  0.0339  0.0363  0.0425  0.0412  0.0361  0.0296  0.0309  0.0285  0.0291  0.0278  0.0283
niter,ni,del,rscale     7    3    5.0000    1.2000
parameters
   -1.4785   -1.7434   11.5353   -9.8893  -12.7099   -7.3921
    4.0268    1.3714   -1.9023    9.8844   -0.4951   -7.0323
eta,q 0.97459 11.34846
  0.0307  0.0300  0.0276  0.0299  0.0280  0.0287  0.0289  0.0302  0.0277  0.0299  0.0263  0.0265
  0.0284  0.0282  0.0267  0.0283  0.0263  0.0273  0.0272  0.0277  0.0266  0.0279  0.0258  0.0258
  0.0269  0.0269  0.0262  0.0270  0.0255  0.0263  0.0260  0.0261  0.0259  0.0264  0.0256  0.0255
  0.0263  0.0263  0.0262  0.0261  0.0263  0.0255  0.0256  0.0256  0.0256  0.0256  0.0254  0.0255
  0.0266  0.0262  0.0266  0.0267  0.0284  0.0254  0.0260  0.0262  0.0258  0.0255  0.0256  0.0258
  0.0278  0.0268  0.0274  0.0290  0.0318  0.0271  0.0270  0.0276  0.0264  0.0263  0.0260  0.0265
  0.0296  0.0280  0.0285  0.0324  0.0359  0.0305  0.0287  0.0298  0.0274  0.0278  0.0265  0.0275
niter,ni,del,rscale     6    3    5.0000    1.2000
parameters
   -1.3827   -1.4658   11.6487   -9.6152  -13.4780   -7.1086
    3.9286    1.4989   -1.7709   10.3830   -0.5910   -7.5080
eta,q 0.97476 11.34661
  0.0293  0.0290  0.0274  0.0295  0.0297  0.0291  0.0284  0.0300  0.0273  0.0289  0.0262  0.0266
  0.0273  0.0272  0.0263  0.0278  0.0277  0.0275  0.0267  0.0275  0.0262  0.0271  0.0257  0.0258
  0.0259  0.0260  0.0256  0.0265  0.0261  0.0263  0.0256  0.0258  0.0256  0.0259  0.0254  0.0254
  0.0254  0.0254  0.0254  0.0254  0.0253  0.0254  0.0253  0.0253  0.0253  0.0253  0.0252  0.0252
  0.0258  0.0256  0.0256  0.0253  0.0262  0.0250  0.0257  0.0258  0.0255  0.0254  0.0254  0.0255
  0.0269  0.0263  0.0261  0.0269  0.0284  0.0263  0.0269  0.0273  0.0261  0.0264  0.0257  0.0261
  0.0288  0.0276  0.0270  0.0298  0.0318  0.0294  0.0285  0.0296  0.0272  0.0281  0.0263  0.0270
niter,ni,del,rscale     5    3    5.0000    1.2000
parameters
   -1.3607   -1.3866   11.6492   -9.5374  -13.6732   -7.0280
    3.8829    1.5441   -1.7035   10.5531   -0.6251   -7.6742
eta,q 0.97478 11.34746
  0.0290  0.0284  0.0271  0.0293  0.0300  0.0290  0.0284  0.0298  0.0272  0.0285  0.0263  0.0267
  0.0270  0.0266  0.0261  0.0276  0.0280  0.0274  0.0267  0.0273  0.0261  0.0268  0.0257  0.0259
  0.0257  0.0256  0.0254  0.0264  0.0263  0.0262  0.0256  0.0257  0.0255  0.0257  0.0254  0.0254
  0.0252  0.0252  0.0252  0.0252  0.0252  0.0253  0.0252  0.0252  0.0252  0.0252  0.0252  0.0252
  0.0257  0.0256  0.0255  0.0252  0.0258  0.0250  0.0257  0.0258  0.0254  0.0255  0.0253  0.0254
  0.0269  0.0265  0.0261  0.0269  0.0277  0.0264  0.0268  0.0273  0.0261  0.0265  0.0257  0.0260
  0.0288  0.0279  0.0271  0.0299  0.0310  0.0297  0.0284  0.0296  0.0271  0.0283  0.0263  0.0269
niter,ni,del,rscale     4    3    5.0000    1.2000
parameters
   -1.3557   -1.3608   11.6425   -9.5191  -13.7299   -7.0034
    3.8654    1.5555   -1.6804   10.6110   -0.6485   -7.7341
eta,q 0.97479 11.34770
  0.0289  0.0282  0.0271  0.0293  0.0301  0.0289  0.0284  0.0298  0.0271  0.0284  0.0263  0.0267
  0.0269  0.0265  0.0260  0.0276  0.0280  0.0274  0.0267  0.0273  0.0261  0.0267  0.0257  0.0259
  0.0256  0.0255  0.0254  0.0263  0.0263  0.0262  0.0256  0.0257  0.0255  0.0257  0.0254  0.0254
  0.0252  0.0252  0.0252  0.0252  0.0252  0.0252  0.0252  0.0252  0.0252  0.0252  0.0252  0.0252
  0.0257  0.0256  0.0255  0.0252  0.0257  0.0250  0.0256  0.0258  0.0254  0.0255  0.0253  0.0254
  0.0269  0.0265  0.0261  0.0270  0.0276  0.0265  0.0267  0.0274  0.0261  0.0266  0.0257  0.0259
  0.0289  0.0280  0.0271  0.0300  0.0308  0.0298  0.0284  0.0296  0.0271  0.0284  0.0263  0.0268
niter,ni,del,rscale     3    3    5.0000    1.2000
parameters
   -1.3521   -1.3503   11.6383   -9.5183  -13.7476   -6.9960
    3.8581    1.5608   -1.6709   10.6352   -0.6520   -7.7603
eta,q 0.97479 11.34762
  0.0289  0.0281  0.0271  0.0292  0.0301  0.0289  0.0284  0.0297  0.0271  0.0284  0.0263  0.0267
  0.0269  0.0265  0.0260  0.0276  0.0281  0.0274  0.0267  0.0273  0.0261  0.0267  0.0257  0.0259
  0.0256  0.0255  0.0254  0.0263  0.0263  0.0262  0.0256  0.0257  0.0255  0.0257  0.0254  0.0254
  0.0252  0.0252  0.0252  0.0252  0.0252  0.0252  0.0252  0.0252  0.0252  0.0252  0.0252  0.0252
  0.0257  0.0256  0.0255  0.0252  0.0257  0.0250  0.0256  0.0258  0.0254  0.0255  0.0253  0.0254
  0.0269  0.0265  0.0261  0.0270  0.0275  0.0265  0.0267  0.0274  0.0261  0.0266  0.0257  0.0259
  0.0289  0.0280  0.0271  0.0300  0.0307  0.0299  0.0284  0.0296  0.0271  0.0285  0.0263  0.0268
registration optimization eta report
parameter search radius
    2.4000    2.4000    2.4000    9.5220    9.5220    8.2800
    7.2000    7.2000    7.2000    7.2000    7.2000    7.2000
100000*second partial in parameter space
       63.       49.       32.        5.        6.        6.
        6.        9.        4.        6.        2.        3.
  0.0289  0.0281  0.0271  0.0292  0.0301  0.0289  0.0284  0.0297  0.0271  0.0284  0.0263  0.0267
  0.0269  0.0265  0.0260  0.0276  0.0281  0.0274  0.0267  0.0273  0.0261  0.0267  0.0257  0.0259
  0.0256  0.0255  0.0254  0.0263  0.0263  0.0262  0.0256  0.0257  0.0255  0.0257  0.0254  0.0254
  0.0252  0.0252  0.0252  0.0252  0.0252  0.0252  0.0252  0.0252  0.0252  0.0252  0.0252  0.0252
  0.0257  0.0256  0.0255  0.0252  0.0257  0.0250  0.0256  0.0258  0.0254  0.0255  0.0253  0.0254
  0.0269  0.0265  0.0261  0.0270  0.0275  0.0265  0.0267  0.0274  0.0261  0.0266  0.0257  0.0259
  0.0289  0.0280  0.0271  0.0300  0.0307  0.0299  0.0284  0.0296  0.0271  0.0285  0.0263  0.0268
   -1.3521   -1.3503   11.6383   -9.5183  -13.7476   -6.9960
    3.8581    1.5608   -1.6709   10.6352   -0.6520   -7.7603
eta,q 0.97479 11.34762

---------------------------------------------------------------------
imgreg_4dfp /opt/freesurfer/average/711-2C_as_mni_average_305 /opt/freesurfer/average/711-2B_as_mni_average_305_mask talsrcimg_g11 none talsrcimg_to_711-2C_as_mni_average_305_t4 2311
---------------------------------------------------------------------

freesurfer imgreg_4dfp.c
/opt/freesurfer/average/711-2C_as_mni_average_305.4dfp.img
       256       256       256         1
  1.000000  1.000000  1.000000
orientation T byte_order littleendian
Reading image: /opt/freesurfer/average/711-2C_as_mni_average_305.4dfp.img
dimensions:      256       256       256
mmppix:       1.0000   -1.0000   -1.0000
center:     128.0000 -129.0000 -129.0000
/opt/freesurfer/average/711-2B_as_mni_average_305_mask.4dfp.img
       256       256       256         1
  1.000000  1.000000  1.000000
orientation T byte_order littleendian
Reading mask: /opt/freesurfer/average/711-2B_as_mni_average_305_mask.4dfp.img (2306576 pixels)
talsrcimg_g11.4dfp.img
       256       256       256         1
  0.898438  0.898438  0.898438
orientation T byte_order littleendian
Reading image: talsrcimg_g11.4dfp.img
dimensions:      256       256       256
mmppix:       0.8984   -0.8984   -0.8984
center:     115.0001 -115.8985 -115.8985
fimgreg.f
image alignment mode   2311 decimal      907 hex
parameters
   -1.3521   -1.3503   11.6383   -9.5183  -13.7476   -6.9960
    3.8581    1.5608   -1.6709   10.6352   -0.6520   -7.7603
eta,q 0.97479 11.34763
niter,ni,del,rscale     5    3    5.0000    0.8000
parameters
   -1.3635   -1.3851   11.6017   -8.2184  -13.2378   -5.8627
    3.6395    1.7297   -1.7926   10.6625   -0.2708   -8.0275
eta,q 0.97526 11.48770
  0.0269  0.0265  0.0260  0.0270  0.0270  0.0269  0.0262  0.0273  0.0256  0.0264  0.0254  0.0255
  0.0260  0.0257  0.0256  0.0263  0.0261  0.0262  0.0254  0.0260  0.0252  0.0255  0.0251  0.0251
  0.0254  0.0253  0.0253  0.0257  0.0254  0.0255  0.0249  0.0251  0.0249  0.0250  0.0249  0.0248
  0.0252  0.0252  0.0252  0.0252  0.0250  0.0250  0.0248  0.0248  0.0248  0.0248  0.0248  0.0247
  0.0254  0.0254  0.0253  0.0250  0.0251  0.0247  0.0250  0.0250  0.0249  0.0249  0.0248  0.0249
  0.0260  0.0259  0.0256  0.0252  0.0256  0.0250  0.0256  0.0257  0.0252  0.0255  0.0250  0.0252
  0.0269  0.0266  0.0261  0.0259  0.0264  0.0259  0.0265  0.0270  0.0257  0.0264  0.0252  0.0257
niter,ni,del,rscale     4    3    5.0000    0.7000
parameters
   -1.4313   -1.4795   11.6093   -8.2316  -13.1323   -5.7289
    3.7357    1.6458   -1.8245   10.5872   -0.1458   -7.9949
eta,q 0.97529 11.49686
  0.0260  0.0257  0.0255  0.0260  0.0262  0.0261  0.0260  0.0265  0.0254  0.0259  0.0252  0.0254
  0.0253  0.0251  0.0251  0.0254  0.0255  0.0256  0.0253  0.0255  0.0250  0.0253  0.0249  0.0250
  0.0248  0.0248  0.0248  0.0249  0.0250  0.0251  0.0249  0.0249  0.0248  0.0249  0.0248  0.0248
  0.0247  0.0247  0.0247  0.0247  0.0247  0.0247  0.0247  0.0247  0.0247  0.0247  0.0247  0.0247
  0.0250  0.0249  0.0248  0.0248  0.0249  0.0247  0.0248  0.0250  0.0248  0.0249  0.0248  0.0248
  0.0255  0.0253  0.0251  0.0253  0.0254  0.0252  0.0252  0.0256  0.0250  0.0253  0.0249  0.0250
  0.0263  0.0259  0.0255  0.0261  0.0261  0.0262  0.0259  0.0267  0.0255  0.0261  0.0252  0.0254
niter,ni,del,rscale     3    3    5.0000    0.6000
parameters
   -1.4546   -1.5046   11.6221   -8.1712  -13.1025   -5.5783
    3.7393    1.6270   -1.8176   10.5655   -0.0888   -8.0241
eta,q 0.97530 11.50744
  0.0257  0.0255  0.0253  0.0257  0.0258  0.0258  0.0257  0.0261  0.0252  0.0256  0.0251  0.0252
  0.0251  0.0250  0.0250  0.0252  0.0253  0.0254  0.0251  0.0253  0.0249  0.0251  0.0249  0.0249
  0.0248  0.0248  0.0248  0.0249  0.0249  0.0250  0.0248  0.0249  0.0248  0.0248  0.0247  0.0247
  0.0247  0.0247  0.0247  0.0247  0.0247  0.0247  0.0247  0.0247  0.0247  0.0247  0.0247  0.0247
  0.0248  0.0248  0.0248  0.0248  0.0248  0.0247  0.0248  0.0249  0.0248  0.0248  0.0247  0.0248
  0.0252  0.0251  0.0250  0.0251  0.0252  0.0251  0.0251  0.0253  0.0249  0.0251  0.0248  0.0249
  0.0258  0.0255  0.0253  0.0257  0.0258  0.0258  0.0256  0.0261  0.0252  0.0257  0.0250  0.0252
niter,ni,del,rscale     2    3    5.0000    0.5000
parameters
   -1.4660   -1.5180   11.6385   -8.1168  -13.0867   -5.4338
    3.7240    1.6247   -1.8063   10.5672   -0.0496   -8.0527
eta,q 0.97531 11.51691
  0.0254  0.0252  0.0251  0.0254  0.0255  0.0255  0.0253  0.0257  0.0251  0.0254  0.0249  0.0250
  0.0250  0.0249  0.0249  0.0251  0.0251  0.0252  0.0250  0.0251  0.0249  0.0250  0.0248  0.0248
  0.0248  0.0247  0.0247  0.0248  0.0248  0.0249  0.0248  0.0248  0.0247  0.0248  0.0247  0.0247
  0.0247  0.0247  0.0247  0.0247  0.0247  0.0247  0.0247  0.0247  0.0247  0.0247  0.0247  0.0247
  0.0248  0.0248  0.0247  0.0248  0.0248  0.0247  0.0248  0.0248  0.0247  0.0248  0.0247  0.0247
  0.0250  0.0250  0.0249  0.0250  0.0251  0.0250  0.0250  0.0251  0.0249  0.0250  0.0248  0.0248
  0.0254  0.0253  0.0251  0.0254  0.0255  0.0255  0.0254  0.0257  0.0251  0.0254  0.0249  0.0250
niter,ni,del,rscale     1    3    5.0000    0.4000
parameters
   -1.4734   -1.5291   11.6498   -8.0823  -13.0769   -5.3269
    3.7225    1.6332   -1.8015   10.5651   -0.0431   -8.0944
eta,q 0.97532 11.52361
  0.0252  0.0250  0.0250  0.0252  0.0252  0.0253  0.0251  0.0253  0.0249  0.0251  0.0248  0.0249
  0.0249  0.0248  0.0248  0.0249  0.0249  0.0250  0.0249  0.0250  0.0248  0.0249  0.0248  0.0248
  0.0247  0.0247  0.0247  0.0247  0.0248  0.0248  0.0247  0.0248  0.0247  0.0247  0.0247  0.0247
  0.0247  0.0247  0.0247  0.0247  0.0247  0.0247  0.0247  0.0247  0.0247  0.0247  0.0247  0.0247
  0.0247  0.0247  0.0247  0.0247  0.0247  0.0247  0.0247  0.0247  0.0247  0.0247  0.0247  0.0247
  0.0249  0.0249  0.0248  0.0249  0.0249  0.0249  0.0249  0.0250  0.0248  0.0249  0.0248  0.0248
  0.0252  0.0251  0.0249  0.0252  0.0252  0.0252  0.0251  0.0253  0.0249  0.0251  0.0248  0.0249
registration optimization eta report
parameter search radius
    0.8000    0.8000    0.8000    2.4000    2.4000    2.4000
    2.4000    2.4000    2.4000    2.4000    2.4000    2.4000
100000*second partial in parameter space
       74.       57.       41.        8.        9.        9.
        8.       11.        4.        8.        3.        4.
  0.0252  0.0250  0.0250  0.0252  0.0252  0.0253  0.0251  0.0253  0.0249  0.0251  0.0248  0.0249
  0.0249  0.0248  0.0248  0.0249  0.0249  0.0250  0.0249  0.0250  0.0248  0.0249  0.0248  0.0248
  0.0247  0.0247  0.0247  0.0247  0.0248  0.0248  0.0247  0.0248  0.0247  0.0247  0.0247  0.0247
  0.0247  0.0247  0.0247  0.0247  0.0247  0.0247  0.0247  0.0247  0.0247  0.0247  0.0247  0.0247
  0.0247  0.0247  0.0247  0.0247  0.0247  0.0247  0.0247  0.0247  0.0247  0.0247  0.0247  0.0247
  0.0249  0.0249  0.0248  0.0249  0.0249  0.0249  0.0249  0.0250  0.0248  0.0249  0.0248  0.0248
  0.0252  0.0251  0.0249  0.0252  0.0252  0.0252  0.0251  0.0253  0.0249  0.0251  0.0248  0.0249
   -1.4734   -1.5291   11.6498   -8.0823  -13.0769   -5.3269
    3.7225    1.6332   -1.8015   10.5651   -0.0431   -8.0944
eta,q 0.97532 11.52361

---------------------------------------------------------------------
imgreg_4dfp /opt/freesurfer/average/711-2C_as_mni_average_305 /opt/freesurfer/average/711-2B_as_mni_average_305_mask talsrcimg_g11 none talsrcimg_to_711-2C_as_mni_average_305_t4 2311
---------------------------------------------------------------------

freesurfer imgreg_4dfp.c
/opt/freesurfer/average/711-2C_as_mni_average_305.4dfp.img
       256       256       256         1
  1.000000  1.000000  1.000000
orientation T byte_order littleendian
Reading image: /opt/freesurfer/average/711-2C_as_mni_average_305.4dfp.img
dimensions:      256       256       256
mmppix:       1.0000   -1.0000   -1.0000
center:     128.0000 -129.0000 -129.0000
/opt/freesurfer/average/711-2B_as_mni_average_305_mask.4dfp.img
       256       256       256         1
  1.000000  1.000000  1.000000
orientation T byte_order littleendian
Reading mask: /opt/freesurfer/average/711-2B_as_mni_average_305_mask.4dfp.img (2306576 pixels)
talsrcimg_g11.4dfp.img
       256       256       256         1
  0.898438  0.898438  0.898438
orientation T byte_order littleendian
Reading image: talsrcimg_g11.4dfp.img
dimensions:      256       256       256
mmppix:       0.8984   -0.8984   -0.8984
center:     115.0001 -115.8985 -115.8985
fimgreg.f
image alignment mode   2311 decimal      907 hex
parameters
   -1.4734   -1.5291   11.6498   -8.0823  -13.0769   -5.3269
    3.7225    1.6332   -1.8015   10.5651   -0.0431   -8.0944
eta,q 0.97531 11.52361
niter,ni,del,rscale     5    3    5.0000    0.8000
parameters
   -1.4599   -1.5169   11.6787   -8.3921  -13.1642   -5.7795
    3.7800    1.5773   -1.8450   10.5052   -0.1459   -7.8948
eta,q 0.97527 11.48519
  0.0266  0.0261  0.0257  0.0261  0.0264  0.0262  0.0264  0.0271  0.0256  0.0263  0.0253  0.0256
  0.0255  0.0253  0.0252  0.0254  0.0256  0.0255  0.0255  0.0258  0.0252  0.0255  0.0250  0.0251
  0.0249  0.0248  0.0248  0.0249  0.0250  0.0250  0.0249  0.0250  0.0248  0.0249  0.0248  0.0248
  0.0247  0.0247  0.0247  0.0247  0.0247  0.0247  0.0247  0.0247  0.0247  0.0247  0.0247  0.0247
  0.0249  0.0248  0.0248  0.0249  0.0249  0.0249  0.0249  0.0250  0.0248  0.0249  0.0248  0.0248
  0.0255  0.0253  0.0251  0.0256  0.0256  0.0257  0.0254  0.0259  0.0252  0.0255  0.0250  0.0251
  0.0265  0.0261  0.0257  0.0268  0.0266  0.0273  0.0263  0.0272  0.0257  0.0264  0.0253  0.0255
niter,ni,del,rscale     4    3    5.0000    0.7000
parameters
   -1.4486   -1.5084   11.6446   -8.2706  -13.1152   -5.7260
    3.7549    1.6037   -1.8480   10.5217   -0.1086   -7.9398
eta,q 0.97528 11.49530
  0.0262  0.0258  0.0255  0.0260  0.0262  0.0261  0.0260  0.0266  0.0254  0.0260  0.0252  0.0253
  0.0254  0.0252  0.0250  0.0255  0.0255  0.0255  0.0253  0.0256  0.0250  0.0253  0.0249  0.0250
  0.0249  0.0248  0.0248  0.0250  0.0250  0.0250  0.0249  0.0249  0.0248  0.0249  0.0248  0.0248
  0.0247  0.0247  0.0247  0.0247  0.0247  0.0247  0.0247  0.0247  0.0247  0.0247  0.0247  0.0247
  0.0249  0.0249  0.0248  0.0248  0.0249  0.0248  0.0249  0.0249  0.0248  0.0248  0.0248  0.0248
  0.0254  0.0252  0.0251  0.0252  0.0254  0.0253  0.0253  0.0255  0.0250  0.0253  0.0249  0.0250
  0.0261  0.0258  0.0255  0.0260  0.0262  0.0263  0.0260  0.0266  0.0255  0.0260  0.0252  0.0254
niter,ni,del,rscale     3    3    5.0000    0.6000
parameters
   -1.4572   -1.5153   11.6349   -8.1776  -13.0888   -5.5713
    3.7430    1.6198   -1.8378   10.5374   -0.0683   -7.9971
eta,q 0.97530 11.50780
  0.0258  0.0255  0.0253  0.0257  0.0258  0.0258  0.0256  0.0261  0.0252  0.0257  0.0251  0.0252
  0.0252  0.0251  0.0250  0.0252  0.0253  0.0254  0.0251  0.0253  0.0249  0.0252  0.0249  0.0249
  0.0248  0.0248  0.0248  0.0249  0.0249  0.0250  0.0248  0.0249  0.0248  0.0248  0.0247  0.0247
  0.0247  0.0247  0.0247  0.0247  0.0247  0.0247  0.0247  0.0247  0.0247  0.0247  0.0247  0.0247
  0.0248  0.0248  0.0248  0.0248  0.0248  0.0247  0.0248  0.0248  0.0248  0.0248  0.0247  0.0248
  0.0252  0.0251  0.0250  0.0251  0.0252  0.0251  0.0251  0.0253  0.0249  0.0251  0.0248  0.0249
  0.0258  0.0255  0.0253  0.0257  0.0258  0.0258  0.0256  0.0261  0.0252  0.0257  0.0250  0.0252
niter,ni,del,rscale     2    3    5.0000    0.5000
parameters
   -1.4665   -1.5263   11.6424   -8.1139  -13.0801   -5.4322
    3.7353    1.6217   -1.8248   10.5486   -0.0312   -8.0393
eta,q 0.97531 11.51718
  0.0254  0.0252  0.0251  0.0254  0.0255  0.0255  0.0254  0.0257  0.0251  0.0254  0.0249  0.0250
  0.0250  0.0249  0.0249  0.0251  0.0251  0.0252  0.0250  0.0251  0.0249  0.0250  0.0248  0.0248
  0.0248  0.0248  0.0247  0.0248  0.0248  0.0249  0.0248  0.0248  0.0247  0.0248  0.0247  0.0247
  0.0247  0.0247  0.0247  0.0247  0.0247  0.0247  0.0247  0.0247  0.0247  0.0247  0.0247  0.0247
  0.0248  0.0248  0.0247  0.0248  0.0248  0.0247  0.0248  0.0248  0.0247  0.0248  0.0247  0.0247
  0.0250  0.0250  0.0249  0.0250  0.0251  0.0250  0.0250  0.0251  0.0249  0.0250  0.0248  0.0248
  0.0254  0.0253  0.0251  0.0254  0.0255  0.0255  0.0254  0.0257  0.0251  0.0254  0.0249  0.0250
niter,ni,del,rscale     1    3    5.0000    0.4000
parameters
   -1.4751   -1.5301   11.6554   -8.0832  -13.0741   -5.3229
    3.7280    1.6272   -1.8044   10.5562   -0.0305   -8.0756
eta,q 0.97532 11.52368
  0.0252  0.0250  0.0250  0.0252  0.0252  0.0253  0.0251  0.0253  0.0249  0.0251  0.0248  0.0249
  0.0249  0.0248  0.0248  0.0249  0.0249  0.0250  0.0249  0.0250  0.0248  0.0249  0.0248  0.0248
  0.0247  0.0247  0.0247  0.0247  0.0248  0.0248  0.0247  0.0248  0.0247  0.0247  0.0247  0.0247
  0.0247  0.0247  0.0247  0.0247  0.0247  0.0247  0.0247  0.0247  0.0247  0.0247  0.0247  0.0247
  0.0247  0.0247  0.0247  0.0247  0.0247  0.0247  0.0247  0.0247  0.0247  0.0247  0.0247  0.0247
  0.0249  0.0249  0.0248  0.0249  0.0249  0.0249  0.0249  0.0250  0.0248  0.0249  0.0247  0.0248
  0.0252  0.0250  0.0249  0.0252  0.0252  0.0252  0.0251  0.0253  0.0249  0.0251  0.0248  0.0249
registration optimization eta report
parameter search radius
    0.8000    0.8000    0.8000    2.4000    2.4000    2.4000
    2.4000    2.4000    2.4000    2.4000    2.4000    2.4000
100000*second partial in parameter space
       74.       57.       40.        8.        9.        9.
        8.       11.        4.        8.        3.        4.
  0.0252  0.0250  0.0250  0.0252  0.0252  0.0253  0.0251  0.0253  0.0249  0.0251  0.0248  0.0249
  0.0249  0.0248  0.0248  0.0249  0.0249  0.0250  0.0249  0.0250  0.0248  0.0249  0.0248  0.0248
  0.0247  0.0247  0.0247  0.0247  0.0248  0.0248  0.0247  0.0248  0.0247  0.0247  0.0247  0.0247
  0.0247  0.0247  0.0247  0.0247  0.0247  0.0247  0.0247  0.0247  0.0247  0.0247  0.0247  0.0247
  0.0247  0.0247  0.0247  0.0247  0.0247  0.0247  0.0247  0.0247  0.0247  0.0247  0.0247  0.0247
  0.0249  0.0249  0.0248  0.0249  0.0249  0.0249  0.0249  0.0250  0.0248  0.0249  0.0247  0.0248
  0.0252  0.0250  0.0249  0.0252  0.0252  0.0252  0.0251  0.0253  0.0249  0.0251  0.0248  0.0249
   -1.4751   -1.5301   11.6554   -8.0832  -13.0741   -5.3229
    3.7280    1.6272   -1.8044   10.5562   -0.0305   -8.0756
eta,q 0.97532 11.52368

---------------------------------------------------------------------
compute_vox2vox talsrcimg talsrcimg_to_711-2C_as_mni_average_305_t4 /opt/freesurfer/average/711-2C_as_mni_average_305
---------------------------------------------------------------------

freesurfer compute_vox2vox.c
Reading: talsrcimg.4dfp.ifh
Reading: talsrcimg_to_711-2C_as_mni_average_305_t4
Reading: /opt/freesurfer/average/711-2C_as_mni_average_305.4dfp.ifh
Writing: talsrcimg_to_711-2C_as_mni_average_305_t4_vox2vox.txt

start time Wed Mar 11 03:16:54 CET 2026
end		time Wed Mar 11 03:18:20 CET 2026

mpr2mni305 success

avi2talxfm orig_nu.mgz /opt/freesurfer/average/mni305.cor.mgz talsrcimg_to_711-2C_as_mni_average_305_t4_vox2vox.txt transforms/talairach.auto.xfm
avi2talxfm done
mv -f /out/sourcedata/freesurfer/sub-v2s13x29102_ses-1/mri/talsrcimg_to_711-2C_as_mni_average_305_t4_vox2vox.txt /out/sourcedata/freesurfer/sub-v2s13x29102_ses-1/mri/transforms/talsrcimg_to_711-2C_as_mni_average_305_t4_vox2vox.txt
lta_convert --src orig_nu.mgz --trg /opt/freesurfer/average/mni305.cor.mgz --inxfm transforms/talairach.auto.xfm --outlta transforms/talairach.auto.xfm.lta --subject fsaverage
7.3.2

--src: orig_nu.mgz src image (geometry).
--trg: /opt/freesurfer/average/mni305.cor.mgz trg image (geometry).
--inmni: transforms/talairach.auto.xfm input MNI/XFM transform.
--outlta: transforms/talairach.auto.xfm.lta output LTA.
--s: fsaverage subject name
 LTA read, type : 1
 1.08700  -0.01335  -0.04786  -2.60771;
 0.00225   1.04536   0.09702  -10.80408;
 0.02229  -0.12722   1.13763  -4.62138;
 0.00000   0.00000   0.00000   1.00000;
setting subject to fsaverage
Writing  LTA to file transforms/talairach.auto.xfm.lta...
lta_convert successful.
 
 
Started at Wed Mar 11 03:16:53 CET 2026
Ended   at Wed Mar 11 03:18:21 CET 2026
talairach_avi done
