status file for recon-all
Wed Mar 11 06:29:34 CET 2026
#@# Tessellate lh Wed Mar 11 06:29:34 CET 2026
#@# Smooth1 lh Wed Mar 11 06:29:39 CET 2026
#@# Inflation1 lh Wed Mar 11 06:29:42 CET 2026
#@# QSphere lh Wed Mar 11 06:31:15 CET 2026
#@# Fix Topology lh Wed Mar 11 06:33:09 CET 2026
#@# Smooth2 lh Wed Mar 11 06:40:08 CET 2026
#@# Inflation2 lh Wed Mar 11 06:40:12 CET 2026
#@# Curv .H and .K lh Wed Mar 11 06:40:42 CET 2026
#@# Sphere lh Wed Mar 11 06:41:44 CET 2026
#@# Surf Reg lh Wed Mar 11 06:47:06 CET 2026
#@# Jacobian white lh Wed Mar 11 06:53:23 CET 2026
#@# AvgCurv lh Wed Mar 11 06:53:25 CET 2026
#@# Cortical Parc lh Wed Mar 11 06:53:26 CET 2026
#@# white curv lh Wed Mar 11 07:02:17 CET 2026
#@# white area lh Wed Mar 11 07:02:19 CET 2026
#@# pial curv lh Wed Mar 11 07:02:20 CET 2026
#@# pial area lh Wed Mar 11 07:02:23 CET 2026
#@# thickness lh Wed Mar 11 07:02:24 CET 2026
#@# area and vertex vol lh Wed Mar 11 07:03:03 CET 2026
#@# Curvature Stats lh Wed Mar 11 07:03:05 CET 2026
#@# Cortical Parc 2 lh Wed Mar 11 07:03:09 CET 2026
#@# Cortical Parc 3 lh Wed Mar 11 07:03:26 CET 2026
#@# WM/GM Contrast lh Wed Mar 11 07:03:41 CET 2026
recon-all -s sub-v2s13x29124_ses-1 finished without error at Wed Mar 11 07:03:47 CET 2026



#New# invocation of recon-all 



status file for recon-all
Wed Mar 11 07:46:17 CET 2026
#@# white curv lh Wed Mar 11 07:46:17 CET 2026
#@# white area lh Wed Mar 11 07:46:17 CET 2026
#@# pial curv lh Wed Mar 11 07:46:17 CET 2026
#@# pial area lh Wed Mar 11 07:46:17 CET 2026
#@# thickness lh Wed Mar 11 07:46:17 CET 2026
#@# area and vertex vol lh Wed Mar 11 07:46:17 CET 2026
#@# Parcellation Stats lh Wed Mar 11 07:46:17 CET 2026
#@# Parcellation Stats 2 lh Wed Mar 11 07:46:50 CET 2026
#@# Parcellation Stats 3 lh Wed Mar 11 07:47:05 CET 2026
#@# BA_exvivo Labels lh Wed Mar 11 07:47:20 CET 2026
recon-all -s sub-v2s13x29124_ses-1 finished without error at Wed Mar 11 07:50:47 CET 2026
