status file for recon-all
Wed Mar 11 07:03:50 CET 2026
#@# Tessellate rh Wed Mar 11 07:03:50 CET 2026
#@# Smooth1 rh Wed Mar 11 07:03:54 CET 2026
#@# Inflation1 rh Wed Mar 11 07:03:58 CET 2026
#@# QSphere rh Wed Mar 11 07:05:19 CET 2026
#@# Fix Topology rh Wed Mar 11 07:07:16 CET 2026
#@# Smooth2 rh Wed Mar 11 07:14:25 CET 2026
#@# Inflation2 rh Wed Mar 11 07:14:29 CET 2026
#@# Curv .H and .K rh Wed Mar 11 07:14:59 CET 2026
#@# Sphere rh Wed Mar 11 07:16:05 CET 2026
#@# Surf Reg rh Wed Mar 11 07:19:53 CET 2026
#@# Jacobian white rh Wed Mar 11 07:26:24 CET 2026
#@# AvgCurv rh Wed Mar 11 07:26:25 CET 2026
#@# Cortical Parc rh Wed Mar 11 07:26:27 CET 2026
#@# white curv rh Wed Mar 11 07:36:39 CET 2026
#@# white area rh Wed Mar 11 07:36:41 CET 2026
#@# pial curv rh Wed Mar 11 07:36:42 CET 2026
#@# pial area rh Wed Mar 11 07:36:45 CET 2026
#@# thickness rh Wed Mar 11 07:36:46 CET 2026
#@# area and vertex vol rh Wed Mar 11 07:37:25 CET 2026
#@# Curvature Stats rh Wed Mar 11 07:37:28 CET 2026
#@# Cortical Parc 2 rh Wed Mar 11 07:37:31 CET 2026
#@# Cortical Parc 3 rh Wed Mar 11 07:37:49 CET 2026
#@# WM/GM Contrast rh Wed Mar 11 07:38:03 CET 2026
recon-all -s sub-v2s13x29124_ses-1 finished without error at Wed Mar 11 07:38:08 CET 2026



#New# invocation of recon-all 



status file for recon-all
Wed Mar 11 07:50:49 CET 2026
#@# white curv rh Wed Mar 11 07:50:49 CET 2026
#@# white area rh Wed Mar 11 07:50:49 CET 2026
#@# pial curv rh Wed Mar 11 07:50:49 CET 2026
#@# pial area rh Wed Mar 11 07:50:49 CET 2026
#@# thickness rh Wed Mar 11 07:50:49 CET 2026
#@# area and vertex vol rh Wed Mar 11 07:50:49 CET 2026
#@# Parcellation Stats rh Wed Mar 11 07:50:49 CET 2026
#@# Parcellation Stats 2 rh Wed Mar 11 07:51:19 CET 2026
#@# Parcellation Stats 3 rh Wed Mar 11 07:51:34 CET 2026
#@# BA_exvivo Labels rh Wed Mar 11 07:51:50 CET 2026
recon-all -s sub-v2s13x29124_ses-1 finished without error at Wed Mar 11 07:55:12 CET 2026
