status file for recon-all
Wed Mar 11 07:27:40 CET 2026
#@# Tessellate lh Wed Mar 11 07:27:40 CET 2026
#@# Smooth1 lh Wed Mar 11 07:27:44 CET 2026
#@# Inflation1 lh Wed Mar 11 07:27:48 CET 2026
#@# QSphere lh Wed Mar 11 07:29:12 CET 2026
#@# Fix Topology lh Wed Mar 11 07:31:03 CET 2026
#@# Smooth2 lh Wed Mar 11 07:39:54 CET 2026
#@# Inflation2 lh Wed Mar 11 07:39:58 CET 2026
#@# Curv .H and .K lh Wed Mar 11 07:41:33 CET 2026
#@# Sphere lh Wed Mar 11 07:42:33 CET 2026
#@# Surf Reg lh Wed Mar 11 07:47:07 CET 2026
#@# Jacobian white lh Wed Mar 11 07:53:17 CET 2026
#@# AvgCurv lh Wed Mar 11 07:53:19 CET 2026
#@# Cortical Parc lh Wed Mar 11 07:53:20 CET 2026
#@# white curv lh Wed Mar 11 08:01:56 CET 2026
#@# white area lh Wed Mar 11 08:01:59 CET 2026
#@# pial curv lh Wed Mar 11 08:02:00 CET 2026
#@# pial area lh Wed Mar 11 08:02:03 CET 2026
#@# thickness lh Wed Mar 11 08:02:04 CET 2026
#@# area and vertex vol lh Wed Mar 11 08:02:46 CET 2026
#@# Curvature Stats lh Wed Mar 11 08:02:48 CET 2026
#@# Cortical Parc 2 lh Wed Mar 11 08:02:52 CET 2026
#@# Cortical Parc 3 lh Wed Mar 11 08:03:08 CET 2026
#@# WM/GM Contrast lh Wed Mar 11 08:03:22 CET 2026
recon-all -s sub-v2s13x29137_ses-1 finished without error at Wed Mar 11 08:03:27 CET 2026



#New# invocation of recon-all 



status file for recon-all
Wed Mar 11 08:47:28 CET 2026
#@# white curv lh Wed Mar 11 08:47:28 CET 2026
#@# white area lh Wed Mar 11 08:47:28 CET 2026
#@# pial curv lh Wed Mar 11 08:47:28 CET 2026
#@# pial area lh Wed Mar 11 08:47:28 CET 2026
#@# thickness lh Wed Mar 11 08:47:28 CET 2026
#@# area and vertex vol lh Wed Mar 11 08:47:28 CET 2026
#@# Parcellation Stats lh Wed Mar 11 08:47:28 CET 2026
#@# Parcellation Stats 2 lh Wed Mar 11 08:47:56 CET 2026
#@# Parcellation Stats 3 lh Wed Mar 11 08:48:11 CET 2026
#@# BA_exvivo Labels lh Wed Mar 11 08:48:25 CET 2026
recon-all -s sub-v2s13x29137_ses-1 finished without error at Wed Mar 11 08:52:00 CET 2026
