/out/sourcedata/freesurfer/sub-v2s13x29133_ses-1/mri
/opt/freesurfer/bin/talairach_avi
--i orig_nu.mgz --xfm transforms/talairach.auto.xfm
talairach_avi 7.3.2
Linux dna050 5.14.0-427.37.1.el9_4.x86_64 #1 SMP PREEMPT_DYNAMIC Fri Sep 13 12:41:50 EDT 2024 x86_64 x86_64 x86_64 GNU/Linux
Wed Mar 11 05:08:29 CET 2026
mri_convert orig_nu.mgz talsrcimg.img 
reading from orig_nu.mgz...
TR=0.00, TE=0.00, TI=0.00, flip angle=0.00
i_ras = (-1, 1.13378e-10, -6.47877e-11)
j_ras = (0, 0, -1)
k_ras = (-2.59151e-10, 1, 3.31713e-08)
writing to talsrcimg.img...
Analyze Output Matrix
-0.89844   0.00000  -0.00000   117.73626;
 0.00000   0.00000   0.89844  -115.68065;
-0.00000  -0.89844   0.00000   105.34017;
 0.00000   0.00000   0.00000   1.00000;
--------------------
INFO: set hdr.hist.orient to -1
mpr2mni305 talsrcimg
Wed Mar 11 05:08:30 CET 2026
/opt/freesurfer/bin/mpr2mni305 talsrcimg
mpr2mni305 7.3.2
target=711-2C_as_mni_average_305

---------------------------------------------------------------------
analyzeto4dfp talsrcimg -O0 -y
---------------------------------------------------------------------

freesurfer ifh2hdr.c
Wed Mar 11 05:08:30 2026
Writing: talsrcimg.4dfp.hdr
freesurfer analyzeto4dfp.c
Reading: talsrcimg.hdr
header size 348 bytes
hdr.dime.datatype	offset=70	value=2
hdr.dime.bitpix		offset=72	value=8
hdr.hist.orient		offset=252	value=-1
dimensionality     4
dimensions       256       256       256         1
Reading: talsrcimg.img
Writing: talsrcimg.4dfp.img
Writing: talsrcimg.4dfp.ifh
ifh2hdr talsrcimg -r0to254
ori=2

---------------------------------------------------------------------
gauss_4dfp talsrcimg 1.1
---------------------------------------------------------------------

freesurfer gauss_4dfp.c
Reading: talsrcimg.4dfp.img
Writing: talsrcimg_g11.4dfp.img
image dimensions 256 256 256 padded to 288 288 288
processing volume 1freesurfer ifh2hdr.c
Wed Mar 11 05:08:31 2026
Writing: talsrcimg_g11.4dfp.hdr

Writing: talsrcimg_g11.4dfp.ifh
including: talsrcimg.4dfp.img.rec in talsrcimg_g11.4dfp.img.rec

---------------------------------------------------------------------
imgreg_4dfp /opt/freesurfer/average/711-2C_as_mni_average_305 none talsrcimg_g11 none talsrcimg_to_711-2C_as_mni_average_305_t4 4355
---------------------------------------------------------------------

freesurfer imgreg_4dfp.c
/opt/freesurfer/average/711-2C_as_mni_average_305.4dfp.img
       256       256       256         1
  1.000000  1.000000  1.000000
orientation T byte_order littleendian
Reading image: /opt/freesurfer/average/711-2C_as_mni_average_305.4dfp.img
dimensions:      256       256       256
mmppix:       1.0000   -1.0000   -1.0000
center:     128.0000 -129.0000 -129.0000
talsrcimg_g11.4dfp.img
       256       256       256         1
  0.898438  0.898438  0.898438
orientation T byte_order littleendian
Reading image: talsrcimg_g11.4dfp.img
dimensions:      256       256       256
mmppix:       0.8984   -0.8984   -0.8984
center:     115.0001 -115.8985 -115.8985
t4_read: open error in t4_sub.f l:  41 t4_file(1:l)talsrcimg_to_711-2C_as_mni_average_305_t4 
t4_read: transform initialized to I4
rotation matrix determinant  1.000000
image alignment mode   4355 decimal     1103 hex
   -7.5000  -45.0000  -45.0000 6298.7656   17.3799
    0.0000  -45.0000  -45.0000 6375.0747   17.4016
    7.5000  -45.0000  -45.0000 6042.9644   17.3845
   -7.5000  -37.5000  -45.0000 6712.5952   18.4599
    0.0000  -37.5000  -45.0000 6800.8755   18.4790
    7.5000  -37.5000  -45.0000 6447.4272   18.4481
   -7.5000  -30.0000  -45.0000 7167.5342   19.0433
    0.0000  -30.0000  -45.0000 7259.2964   19.0519
    7.5000  -30.0000  -45.0000 6878.4717   19.0139
   -7.5000  -22.5000  -45.0000 7683.1143   19.0476
    0.0000  -22.5000  -45.0000 7791.6099   19.0493
    7.5000  -22.5000  -45.0000 7362.6777   19.0175
   -7.5000  -15.0000  -45.0000 8128.6660   19.0491
    0.0000  -15.0000  -45.0000 8246.8066   19.0561
    7.5000  -15.0000  -45.0000 7789.8047   19.0376
   -7.5000   -7.5000  -45.0000 8207.7617   19.0470
    0.0000   -7.5000  -45.0000 8302.7832   19.0644
    7.5000   -7.5000  -45.0000 7847.9658   19.0526
   -7.5000    0.0000  -45.0000 8201.2041   19.0444
    0.0000    0.0000  -45.0000 8300.6191   19.0681
    7.5000    0.0000  -45.0000 7842.1475   19.0493
   -7.5000    7.5000  -45.0000 7824.3999   19.0419
    0.0000    7.5000  -45.0000 7926.1675   19.0616
    7.5000    7.5000  -45.0000 7482.1250   19.0297
   -7.5000   15.0000  -45.0000 7691.0786   19.0442
    0.0000   15.0000  -45.0000 7801.4136   19.0527
    7.5000   15.0000  -45.0000 7367.1221   19.0147
   -7.5000   22.5000  -45.0000 7177.0659   18.8320
    0.0000   22.5000  -45.0000 7259.7368   18.8335
    7.5000   22.5000  -45.0000 6839.1816   18.8017
   -7.5000   30.0000  -45.0000 6612.7041   18.4674
    0.0000   30.0000  -45.0000 6675.9023   18.4748
    7.5000   30.0000  -45.0000 6276.9517   18.4574
   -7.5000   37.5000  -45.0000 6038.6528   18.1197
    0.0000   37.5000  -45.0000 6097.9780   18.1355
    7.5000   37.5000  -45.0000 5735.3589   18.1245
   -7.5000   45.0000  -45.0000 5490.5757   17.8043
    0.0000   45.0000  -45.0000 5562.3149   17.8250
    7.5000   45.0000  -45.0000 5224.9893   17.8058
   -7.5000  -45.0000  -37.5000 6808.9517   18.3396
    0.0000  -45.0000  -37.5000 6899.0688   18.3719
    7.5000  -45.0000  -37.5000 6529.3369   18.3490
   -7.5000  -37.5000  -37.5000 7271.7192   19.4923
    0.0000  -37.5000  -37.5000 7362.3267   19.5195
    7.5000  -37.5000  -37.5000 6957.6675   19.4830
   -7.5000  -30.0000  -37.5000 7760.4062   20.0747
    0.0000  -30.0000  -37.5000 7847.4873   20.0945
    7.5000  -30.0000  -37.5000 7393.0103   20.0536
   -7.5000  -22.5000  -37.5000 8316.4590   20.0752
    0.0000  -22.5000  -37.5000 8409.1992   20.0942
    7.5000  -22.5000  -37.5000 7932.5376   20.0624
   -7.5000  -15.0000  -37.5000 8808.6279   20.0722
    0.0000  -15.0000  -37.5000 8900.5098   20.0992
    7.5000  -15.0000  -37.5000 8392.4385   20.0802
   -7.5000   -7.5000  -37.5000 8873.1279   20.0695
    0.0000   -7.5000  -37.5000 8974.0283   20.1040
    7.5000   -7.5000  -37.5000 8472.1094   20.0885
   -7.5000    0.0000  -37.5000 8860.4111   20.0703
    0.0000    0.0000  -37.5000 8957.8242   20.1057
    7.5000    0.0000  -37.5000 8452.0146   20.0805
   -7.5000    7.5000  -37.5000 8429.5752   20.0714
    0.0000    7.5000  -37.5000 8536.1904   20.0994
    7.5000    7.5000  -37.5000 8035.5610   20.0618
   -7.5000   15.0000  -37.5000 8278.2070   20.0750
    0.0000   15.0000  -37.5000 8378.3145   20.0948
    7.5000   15.0000  -37.5000 7891.8413   20.0539
   -7.5000   22.5000  -37.5000 7677.9316   19.8484
    0.0000   22.5000  -37.5000 7773.3359   19.8671
    7.5000   22.5000  -37.5000 7308.6147   19.8359
   -7.5000   30.0000  -37.5000 7049.4702   19.4734
    0.0000   30.0000  -37.5000 7138.9038   19.4995
    7.5000   30.0000  -37.5000 6714.4917   19.4807
   -7.5000   37.5000  -37.5000 6434.4409   19.1086
    0.0000   37.5000  -37.5000 6515.7544   19.1390
    7.5000   37.5000  -37.5000 6133.4414   19.1225
   -7.5000   45.0000  -37.5000 5871.6733   18.7628
    0.0000   45.0000  -37.5000 5943.2437   18.7948
    7.5000   45.0000  -37.5000 5584.0879   18.7697
   -7.5000  -45.0000  -30.0000 7349.8911   19.2439
    0.0000  -45.0000  -30.0000 7425.8564   19.2786
    7.5000  -45.0000  -30.0000 7012.5293   19.2602
   -7.5000  -37.5000  -30.0000 7822.4941   20.4559
    0.0000  -37.5000  -30.0000 7913.0083   20.4863
    7.5000  -37.5000  -30.0000 7455.5830   20.4588
   -7.5000  -30.0000  -30.0000 8336.2158   21.0325
    0.0000  -30.0000  -30.0000 8440.3418   21.0597
    7.5000  -30.0000  -30.0000 7948.3882   21.0300
   -7.5000  -22.5000  -30.0000 8925.5137   21.0326
    0.0000  -22.5000  -30.0000 9040.3428   21.0622
    7.5000  -22.5000  -30.0000 8525.3691   21.0392
   -7.5000  -15.0000  -30.0000 9454.7695   21.0344
    0.0000  -15.0000  -30.0000 9568.9844   21.0707
    7.5000  -15.0000  -30.0000 9002.7646   21.0558
   -7.5000   -7.5000  -30.0000 9531.7002   21.0370
    0.0000   -7.5000  -30.0000 9632.3311   21.0771
    7.5000   -7.5000  -30.0000 9059.6924   21.0637
   -7.5000    0.0000  -30.0000 9508.0205   21.0381
    0.0000    0.0000  -30.0000 9614.0391   21.0758
    7.5000    0.0000  -30.0000 9026.6553   21.0556
   -7.5000    7.5000  -30.0000 9038.1602   21.0318
    0.0000    7.5000  -30.0000 9123.2324   21.0630
    7.5000    7.5000  -30.0000 8579.4268   21.0347
   -7.5000   15.0000  -30.0000 8846.1914   21.0313
    0.0000   15.0000  -30.0000 8936.6738   21.0586
    7.5000   15.0000  -30.0000 8402.2930   21.0289
   -7.5000   22.5000  -30.0000 8178.5015   20.7975
    0.0000   22.5000  -30.0000 8266.4580   20.8272
    7.5000   22.5000  -30.0000 7781.0132   20.8048
   -7.5000   30.0000  -30.0000 7487.4746   20.4218
    0.0000   30.0000  -30.0000 7579.2051   20.4557
    7.5000   30.0000  -30.0000 7138.9565   20.4402
   -7.5000   37.5000  -30.0000 6811.2197   20.0614
    0.0000   37.5000  -30.0000 6899.7939   20.0960
    7.5000   37.5000  -30.0000 6515.9272   20.0812
   -7.5000   45.0000  -30.0000 6214.8921   19.6980
    0.0000   45.0000  -30.0000 6290.9189   19.7350
    7.5000   45.0000  -30.0000 5931.7446   19.7168
   -7.5000  -45.0000  -22.5000 7871.1104   20.0164
    0.0000  -45.0000  -22.5000 7947.7969   20.0427
    7.5000  -45.0000  -22.5000 7496.8618   20.0358
   -7.5000  -37.5000  -22.5000 8324.9316   21.2825
    0.0000  -37.5000  -22.5000 8427.5400   21.3080
    7.5000  -37.5000  -22.5000 7939.2778   21.2955
   -7.5000  -30.0000  -22.5000 8842.4912   21.8532
    0.0000  -30.0000  -22.5000 8980.2969   21.8775
    7.5000  -30.0000  -22.5000 8461.9482   21.8615
   -7.5000  -22.5000  -22.5000 9466.2559   21.8552
    0.0000  -22.5000  -22.5000 9599.5869   21.8790
    7.5000  -22.5000  -22.5000 9042.8359   21.8645
   -7.5000  -15.0000  -22.500010029.4531   21.8633
    0.0000  -15.0000  -22.500010166.5107   21.8896
    7.5000  -15.0000  -22.5000 9553.2773   21.8797
   -7.5000   -7.5000  -22.500010113.9971   21.8706
    0.0000   -7.5000  -22.500010264.0059   21.8994
    7.5000   -7.5000  -22.5000 9613.8086   21.8932
   -7.5000    0.0000  -22.500010108.7422   21.8700
    0.0000    0.0000  -22.500010251.0049   21.8986
    7.5000    0.0000  -22.5000 9569.1191   21.8909
   -7.5000    7.5000  -22.5000 9586.8652   21.8544
    0.0000    7.5000  -22.5000 9718.3555   21.8806
    7.5000    7.5000  -22.5000 9082.2285   21.8677
   -7.5000   15.0000  -22.5000 9356.0801   21.8500
    0.0000   15.0000  -22.5000 9470.8965   21.8742
    7.5000   15.0000  -22.5000 8868.4600   21.8582
   -7.5000   22.5000  -22.5000 8645.6240   21.6155
    0.0000   22.5000  -22.5000 8744.0869   21.6397
    7.5000   22.5000  -22.5000 8225.8848   21.6255
   -7.5000   30.0000  -22.5000 7920.6069   21.2410
    0.0000   30.0000  -22.5000 8017.3745   21.2645
    7.5000   30.0000  -22.5000 7545.7686   21.2541
   -7.5000   37.5000  -22.5000 7211.6987   20.8873
    0.0000   37.5000  -22.5000 7274.3164   20.9117
    7.5000   37.5000  -22.5000 6849.8652   20.9053
   -7.5000   45.0000  -22.5000 6534.2007   20.5230
    0.0000   45.0000  -22.5000 6611.1616   20.5535
    7.5000   45.0000  -22.5000 6222.0244   20.5494
   -7.5000  -45.0000  -15.0000 8335.2100   20.7143
    0.0000  -45.0000  -15.0000 8421.8555   20.7311
    7.5000  -45.0000  -15.0000 7973.2812   20.7298
   -7.5000  -37.5000  -15.0000 8810.2783   22.0213
    0.0000  -37.5000  -15.0000 8921.3281   22.0401
    7.5000  -37.5000  -15.0000 8440.5605   22.0322
   -7.5000  -30.0000  -15.0000 9340.3174   22.5902
    0.0000  -30.0000  -15.0000 9472.7305   22.6045
    7.5000  -30.0000  -15.0000 8952.2627   22.5893
   -7.5000  -22.5000  -15.0000 9960.0537   22.5933
    0.0000  -22.5000  -15.000010104.2354   22.6004
    7.5000  -22.5000  -15.0000 9523.1582   22.5834
   -7.5000  -15.0000  -15.000010536.1094   22.6038
    0.0000  -15.0000  -15.000010679.6543   22.6101
    7.5000  -15.0000  -15.000010053.7871   22.5991
   -7.5000   -7.5000  -15.000010651.7588   22.6121
    0.0000   -7.5000  -15.000010817.9229   22.6239
    7.5000   -7.5000  -15.000010133.8457   22.6211
   -7.5000    0.0000  -15.000010637.0244   22.6106
    0.0000    0.0000  -15.000010808.2578   22.6288
    7.5000    0.0000  -15.000010092.7588   22.6272
   -7.5000    7.5000  -15.000010061.4248   22.5911
    0.0000    7.5000  -15.000010214.2832   22.6104
    7.5000    7.5000  -15.0000 9561.3965   22.6023
   -7.5000   15.0000  -15.0000 9774.4219   22.5849
    0.0000   15.0000  -15.0000 9916.9463   22.5992
    7.5000   15.0000  -15.0000 9276.6445   22.5840
   -7.5000   22.5000  -15.0000 9040.8789   22.3502
    0.0000   22.5000  -15.0000 9169.5771   22.3574
    7.5000   22.5000  -15.0000 8587.2754   22.3404
   -7.5000   30.0000  -15.0000 8306.5625   21.9759
    0.0000   30.0000  -15.0000 8414.5869   21.9808
    7.5000   30.0000  -15.0000 7876.8730   21.9702
   -7.5000   37.5000  -15.0000 7555.9395   21.6262
    0.0000   37.5000  -15.0000 7655.0332   21.6363
    7.5000   37.5000  -15.0000 7169.4126   21.6352
   -7.5000   45.0000  -15.0000 6830.4521   21.2664
    0.0000   45.0000  -15.0000 6928.6025   21.2865
    7.5000   45.0000  -15.0000 6494.2637   21.2883
   -7.5000  -45.0000   -7.5000 8551.4219   20.7499
    0.0000  -45.0000   -7.5000 8647.6826   20.7665
    7.5000  -45.0000   -7.5000 8188.4331   20.7585
   -7.5000  -37.5000   -7.5000 9041.3076   22.0612
    0.0000  -37.5000   -7.5000 9156.7461   22.0787
    7.5000  -37.5000   -7.5000 8664.1240   22.0595
   -7.5000  -30.0000   -7.5000 9564.4170   22.6343
    0.0000  -30.0000   -7.5000 9692.2568   22.6415
    7.5000  -30.0000   -7.5000 9164.6709   22.6130
   -7.5000  -22.5000   -7.500010161.3398   22.6395
    0.0000  -22.5000   -7.500010310.9756   22.6357
    7.5000  -22.5000   -7.5000 9725.0049   22.6080
   -7.5000  -15.0000   -7.500010743.7832   22.6484
    0.0000  -15.0000   -7.500010890.7334   22.6459
    7.5000  -15.0000   -7.500010253.9521   22.6290
   -7.5000   -7.5000   -7.500010892.4404   22.6528
    0.0000   -7.5000   -7.500011046.6631   22.6607
    7.5000   -7.5000   -7.500010381.2314   22.6536
   -7.5000    0.0000   -7.500010866.1523   22.6495
    0.0000    0.0000   -7.500011036.9307   22.6675
    7.5000    0.0000   -7.500010338.8271   22.6587
   -7.5000    7.5000   -7.500010243.8271   22.6320
    0.0000    7.5000   -7.500010421.5703   22.6500
    7.5000    7.5000   -7.5000 9766.0391   22.6303
   -7.5000   15.0000   -7.5000 9917.4033   22.6284
    0.0000   15.0000   -7.500010077.8340   22.6357
    7.5000   15.0000   -7.5000 9445.6631   22.6072
   -7.5000   22.5000   -7.5000 9155.0439   22.3943
    0.0000   22.5000   -7.5000 9304.5029   22.3904
    7.5000   22.5000   -7.5000 8700.7598   22.3625
   -7.5000   30.0000   -7.5000 8416.2578   22.0192
    0.0000   30.0000   -7.5000 8568.0576   22.0169
    7.5000   30.0000   -7.5000 8020.8208   22.0014
   -7.5000   37.5000   -7.5000 7665.2212   21.6632
    0.0000   37.5000   -7.5000 7798.6226   21.6708
    7.5000   37.5000   -7.5000 7307.0132   21.6660
   -7.5000   45.0000   -7.5000 6929.4409   21.3038
    0.0000   45.0000   -7.5000 7041.3789   21.3211
    7.5000   45.0000   -7.5000 6587.2803   21.3136
   -7.5000  -45.0000    0.0000 8600.0332   21.3195
    0.0000  -45.0000    0.0000 8678.4277   21.3462
    7.5000  -45.0000    0.0000 8217.0400   21.3252
   -7.5000  -37.5000    0.0000 9082.0908   22.6665
    0.0000  -37.5000    0.0000 9194.5811   22.6902
    7.5000  -37.5000    0.0000 8693.7168   22.6525
   -7.5000  -30.0000    0.0000 9618.0391   23.2478
    0.0000  -30.0000    0.0000 9760.5957   23.2587
    7.5000  -30.0000    0.0000 9205.0898   23.2126
   -7.5000  -22.5000    0.000010258.7061   23.2524
    0.0000  -22.5000    0.000010402.5908   23.2551
    7.5000  -22.5000    0.0000 9826.2188   23.2163
   -7.5000  -15.0000    0.000010837.7646   23.2537
    0.0000  -15.0000    0.000011000.6895   23.2626
    7.5000  -15.0000    0.000010392.4395   23.2398
   -7.5000   -7.5000    0.000010949.3584   23.2511
    0.0000   -7.5000    0.000011087.9248   23.2723
    7.5000   -7.5000    0.000010468.4111   23.2577
   -7.5000    0.0000    0.000010874.8516   23.2483
    0.0000    0.0000    0.000011014.6270   23.2774
    7.5000    0.0000    0.000010380.3057   23.2544
   -7.5000    7.5000    0.000010280.5596   23.2377
    0.0000    7.5000    0.000010407.4961   23.2620
    7.5000    7.5000    0.0000 9785.0088   23.2234
   -7.5000   15.0000    0.0000 9974.0137   23.2406
    0.0000   15.0000    0.000010117.3330   23.2515
    7.5000   15.0000    0.0000 9465.0088   23.2054
   -7.5000   22.5000    0.0000 9182.3652   23.0010
    0.0000   22.5000    0.0000 9321.6963   23.0033
    7.5000   22.5000    0.0000 8690.1748   22.9646
   -7.5000   30.0000    0.0000 8435.5000   22.6224
    0.0000   30.0000    0.0000 8571.6523   22.6317
    7.5000   30.0000    0.0000 8003.9292   22.6102
   -7.5000   37.5000    0.0000 7668.6519   22.2625
    0.0000   37.5000    0.0000 7786.3032   22.2820
    7.5000   37.5000    0.0000 7290.3350   22.2683
   -7.5000   45.0000    0.0000 6911.6914   21.9128
    0.0000   45.0000    0.0000 7003.0464   21.9383
    7.5000   45.0000    0.0000 6550.3071   21.9146
   -7.5000  -45.0000    7.5000 8290.7891   21.3324
    0.0000  -45.0000    7.5000 8366.5127   21.3701
    7.5000  -45.0000    7.5000 7926.7529   21.3434
   -7.5000  -37.5000    7.5000 8739.6982   22.6847
    0.0000  -37.5000    7.5000 8822.2471   22.7164
    7.5000  -37.5000    7.5000 8386.0654   22.6739
   -7.5000  -30.0000    7.5000 9270.4346   23.2672
    0.0000  -30.0000    7.5000 9405.7090   23.2901
    7.5000  -30.0000    7.5000 8893.9834   23.2428
   -7.5000  -22.5000    7.5000 9969.1182   23.2677
    0.0000  -22.5000    7.500010154.0508   23.2897
    7.5000  -22.5000    7.5000 9570.0947   23.2529
   -7.5000  -15.0000    7.500010561.0098   23.2644
    0.0000  -15.0000    7.500010730.9785   23.2957
    7.5000  -15.0000    7.500010127.6475   23.2737
   -7.5000   -7.5000    7.500010580.8018   23.2614
    0.0000   -7.5000    7.500010665.8252   23.3014
    7.5000   -7.5000    7.500010109.2383   23.2834
   -7.5000    0.0000    7.500010504.4365   23.2624
    0.0000    0.0000    7.500010542.6943   23.3033
    7.5000    0.0000    7.5000 9985.3496   23.2743
   -7.5000    7.5000    7.5000 9943.4580   23.2563
    0.0000    7.5000    7.5000 9970.0430   23.2888
    7.5000    7.5000    7.5000 9394.0879   23.2453
   -7.5000   15.0000    7.5000 9659.3896   23.2603
    0.0000   15.0000    7.5000 9686.2803   23.2833
    7.5000   15.0000    7.5000 9080.2490   23.2359
   -7.5000   22.5000    7.5000 8860.2988   23.0148
    0.0000   22.5000    7.5000 8901.1943   23.0366
    7.5000   22.5000    7.5000 8313.9131   23.0004
   -7.5000   30.0000    7.5000 8107.7852   22.6340
    0.0000   30.0000    7.5000 8162.9497   22.6644
    7.5000   30.0000    7.5000 7627.6216   22.6425
   -7.5000   37.5000    7.5000 7362.5073   22.2753
    0.0000   37.5000    7.5000 7446.6851   22.3107
    7.5000   37.5000    7.5000 6964.3008   22.2915
   -7.5000   45.0000    7.5000 6613.8740   21.9292
    0.0000   45.0000    7.5000 6693.3892   21.9666
    7.5000   45.0000    7.5000 6273.0430   21.9373
   -7.5000  -45.0000   15.0000 8247.6904   21.3119
    0.0000  -45.0000   15.0000 8342.2041   21.3502
    7.5000  -45.0000   15.0000 7885.9692   21.3297
   -7.5000  -37.5000   15.0000 8699.5557   22.6568
    0.0000  -37.5000   15.0000 8772.5928   22.6904
    7.5000  -37.5000   15.0000 8332.8555   22.6598
   -7.5000  -30.0000   15.0000 9243.3896   23.2336
    0.0000  -30.0000   15.0000 9350.2373   23.2636
    7.5000  -30.0000   15.0000 8842.2324   23.2307
   -7.5000  -22.5000   15.0000 9962.1426   23.2338
    0.0000  -22.5000   15.000010157.4795   23.2665
    7.5000  -22.5000   15.0000 9524.1689   23.2409
   -7.5000  -15.0000   15.000010629.9902   23.2360
    0.0000  -15.0000   15.000010764.4326   23.2760
    7.5000  -15.0000   15.000010096.9775   23.2594
   -7.5000   -7.5000   15.000010682.6191   23.2388
    0.0000   -7.5000   15.000010739.6768   23.2830
    7.5000   -7.5000   15.000010085.0059   23.2681
   -7.5000    0.0000   15.000010596.1895   23.2398
    0.0000    0.0000   15.000010607.0342   23.2815
    7.5000    0.0000   15.0000 9953.9648   23.2591
   -7.5000    7.5000   15.0000 9975.4834   23.2278
    0.0000    7.5000   15.0000 9982.9756   23.2622
    7.5000    7.5000   15.0000 9371.4180   23.2308
   -7.5000   15.0000   15.0000 9609.5596   23.2272
    0.0000   15.0000   15.0000 9632.9971   23.2573
    7.5000   15.0000   15.0000 9030.8145   23.2244
   -7.5000   22.5000   15.0000 8790.9824   22.9831
    0.0000   22.5000   15.0000 8824.4053   23.0158
    7.5000   22.5000   15.0000 8273.8184   22.9910
   -7.5000   30.0000   15.0000 8009.7974   22.6065
    0.0000   30.0000   15.0000 8043.9033   22.6441
    7.5000   30.0000   15.0000 7568.4268   22.6267
   -7.5000   37.5000   15.0000 7288.9727   22.2557
    0.0000   37.5000   15.0000 7343.1499   22.2941
    7.5000   37.5000   15.0000 6909.1504   22.2775
   -7.5000   45.0000   15.0000 6544.8696   21.9081
    0.0000   45.0000   15.0000 6592.4663   21.9491
    7.5000   45.0000   15.0000 6219.5933   21.9287
   -7.5000  -45.0000   22.5000 7812.6260   21.4852
    0.0000  -45.0000   22.5000 7895.7847   21.5146
    7.5000  -45.0000   22.5000 7462.8149   21.5074
   -7.5000  -37.5000   22.5000 8261.7090   22.8350
    0.0000  -37.5000   22.5000 8324.5576   22.8636
    7.5000  -37.5000   22.5000 7883.2749   22.8504
   -7.5000  -30.0000   22.5000 8788.9033   23.4124
    0.0000  -30.0000   22.5000 8881.3369   23.4395
    7.5000  -30.0000   22.5000 8380.1123   23.4226
   -7.5000  -22.5000   22.5000 9424.5186   23.4140
    0.0000  -22.5000   22.5000 9568.6729   23.4405
    7.5000  -22.5000   22.5000 8998.6494   23.4251
   -7.5000  -15.0000   22.5000 9987.5078   23.4216
    0.0000  -15.0000   22.500010104.6562   23.4507
    7.5000  -15.0000   22.5000 9525.6875   23.4404
   -7.5000   -7.5000   22.500010015.1182   23.4288
    0.0000   -7.5000   22.500010102.9248   23.4607
    7.5000   -7.5000   22.5000 9538.4639   23.4544
   -7.5000    0.0000   22.5000 9951.5859   23.4287
    0.0000    0.0000   22.500010046.4893   23.4606
    7.5000    0.0000   22.5000 9457.8301   23.4526
   -7.5000    7.5000   22.5000 9383.3594   23.4105
    0.0000    7.5000   22.5000 9452.1406   23.4398
    7.5000    7.5000   22.5000 8914.3184   23.4262
   -7.5000   15.0000   22.5000 9041.6729   23.4063
    0.0000   15.0000   22.5000 9102.7529   23.4334
    7.5000   15.0000   22.5000 8572.7480   23.4165
   -7.5000   22.5000   22.5000 8269.8145   23.1646
    0.0000   22.5000   22.5000 8313.4277   23.1915
    7.5000   22.5000   22.5000 7822.7139   23.1766
   -7.5000   30.0000   22.5000 7535.8140   22.7882
    0.0000   30.0000   22.5000 7562.3374   22.8145
    7.5000   30.0000   22.5000 7135.7305   22.8035
   -7.5000   37.5000   22.5000 6865.5850   22.4425
    0.0000   37.5000   22.5000 6890.8643   22.4697
    7.5000   37.5000   22.5000 6492.9668   22.4631
   -7.5000   45.0000   22.5000 6134.5029   22.0926
    0.0000   45.0000   22.5000 6177.8882   22.1267
    7.5000   45.0000   22.5000 5825.6865   22.1227
   -7.5000  -45.0000   30.0000 7335.6548   21.6403
    0.0000  -45.0000   30.0000 7437.7710   21.6585
    7.5000  -45.0000   30.0000 7016.0581   21.6557
   -7.5000  -37.5000   30.0000 7760.0620   23.0066
    0.0000  -37.5000   30.0000 7846.1133   23.0269
    7.5000  -37.5000   30.0000 7424.3354   23.0169
   -7.5000  -30.0000   30.0000 8243.6533   23.5908
    0.0000  -30.0000   30.0000 8353.2900   23.6063
    7.5000  -30.0000   30.0000 7912.3955   23.5884
   -7.5000  -22.5000   30.0000 8842.0869   23.5945
    0.0000  -22.5000   30.0000 8957.1035   23.6026
    7.5000  -22.5000   30.0000 8488.8008   23.5830
   -7.5000  -15.0000   30.0000 9349.6680   23.6058
    0.0000  -15.0000   30.0000 9429.0488   23.6133
    7.5000  -15.0000   30.0000 8945.4277   23.6002
   -7.5000   -7.5000   30.0000 9365.4678   23.6142
    0.0000   -7.5000   30.0000 9422.4336   23.6275
    7.5000   -7.5000   30.0000 8953.0635   23.6231
   -7.5000    0.0000   30.0000 9275.4365   23.6121
    0.0000    0.0000   30.0000 9345.9863   23.6319
    7.5000    0.0000   30.0000 8888.8828   23.6287
   -7.5000    7.5000   30.0000 8762.7520   23.5904
    0.0000    7.5000   30.0000 8828.2256   23.6112
    7.5000    7.5000   30.0000 8398.8125   23.6009
   -7.5000   15.0000   30.0000 8475.6533   23.5842
    0.0000   15.0000   30.0000 8523.8594   23.5997
    7.5000   15.0000   30.0000 8081.0254   23.5818
   -7.5000   22.5000   30.0000 7762.3594   23.3433
    0.0000   22.5000   30.0000 7799.3760   23.3515
    7.5000   22.5000   30.0000 7374.3721   23.3319
   -7.5000   30.0000   30.0000 7079.2080   22.9802
    0.0000   30.0000   30.0000 7116.4424   22.9862
    7.5000   30.0000   30.0000 6717.9033   22.9737
   -7.5000   37.5000   30.0000 6432.5596   22.6469
    0.0000   37.5000   30.0000 6464.7002   22.6585
    7.5000   37.5000   30.0000 6094.2261   22.6560
   -7.5000   45.0000   30.0000 5730.8940   22.2994
    0.0000   45.0000   30.0000 5768.4985   22.3214
    7.5000   45.0000   30.0000 5441.3296   22.3218
   -7.5000  -45.0000   37.5000 6839.2832   21.8086
    0.0000  -45.0000   37.5000 6947.0332   21.8301
    7.5000  -45.0000   37.5000 6557.0195   21.8185
   -7.5000  -37.5000   37.5000 7247.9170   23.1945
    0.0000  -37.5000   37.5000 7331.4458   23.2160
    7.5000  -37.5000   37.5000 6942.1045   23.1901
   -7.5000  -30.0000   37.5000 7711.9995   23.7705
    0.0000  -30.0000   37.5000 7816.6138   23.7794
    7.5000  -30.0000   37.5000 7394.3901   23.7429
   -7.5000  -22.5000   37.5000 8260.5498   23.7725
    0.0000  -22.5000   37.5000 8364.9893   23.7695
    7.5000  -22.5000   37.5000 7938.5327   23.7354
   -7.5000  -15.0000   37.5000 8740.1953   23.7797
    0.0000  -15.0000   37.5000 8803.4189   23.7799
    7.5000  -15.0000   37.5000 8355.1553   23.7595
   -7.5000   -7.5000   37.5000 8756.3271   23.7861
    0.0000   -7.5000   37.5000 8796.6328   23.7987
    7.5000   -7.5000   37.5000 8354.1299   23.7894
   -7.5000    0.0000   37.5000 8666.8223   23.7866
    0.0000    0.0000   37.5000 8719.2188   23.8099
    7.5000    0.0000   37.5000 8294.0625   23.7971
   -7.5000    7.5000   37.5000 8190.8530   23.7684
    0.0000    7.5000   37.5000 8251.1240   23.7903
    7.5000    7.5000   37.5000 7850.2212   23.7638
   -7.5000   15.0000   37.5000 7936.7617   23.7631
    0.0000   15.0000   37.5000 7984.6758   23.7720
    7.5000   15.0000   37.5000 7577.1436   23.7355
   -7.5000   22.5000   37.5000 7253.6235   23.5152
    0.0000   22.5000   37.5000 7296.1748   23.5120
    7.5000   22.5000   37.5000 6902.2979   23.4777
   -7.5000   30.0000   37.5000 6614.5400   23.1534
    0.0000   30.0000   37.5000 6659.0996   23.1537
    7.5000   30.0000   37.5000 6290.3521   23.1348
   -7.5000   37.5000   37.5000 6004.5186   22.7994
    0.0000   37.5000   37.5000 6038.3247   22.8115
    7.5000   37.5000   37.5000 5699.7993   22.8048
   -7.5000   45.0000   37.5000 5352.9565   22.4318
    0.0000   45.0000   37.5000 5392.3926   22.4537
    7.5000   45.0000   37.5000 5083.4697   22.4423
   -7.5000  -45.0000   45.0000 6320.6616   22.1025
    0.0000  -45.0000   45.0000 6405.6211   22.1442
    7.5000  -45.0000   45.0000 6051.3530   22.1365
   -7.5000  -37.5000   45.0000 6719.1279   23.5322
    0.0000  -37.5000   45.0000 6794.0566   23.5719
    7.5000  -37.5000   45.0000 6419.9771   23.5460
   -7.5000  -30.0000   45.0000 7154.4521   24.1097
    0.0000  -30.0000   45.0000 7261.7451   24.1344
    7.5000  -30.0000   45.0000 6850.2744   24.0984
   -7.5000  -22.5000   45.0000 7675.6201   24.1060
    0.0000  -22.5000   45.0000 7768.6406   24.1197
    7.5000  -22.5000   45.0000 7345.1226   24.0914
   -7.5000  -15.0000   45.0000 8114.3550   24.0903
    0.0000  -15.0000   45.0000 8175.4966   24.1102
    7.5000  -15.0000   45.0000 7752.9287   24.1004
   -7.5000   -7.5000   45.0000 8113.3105   24.0799
    0.0000   -7.5000   45.0000 8173.2183   24.1147
    7.5000   -7.5000   45.0000 7762.2329   24.1150
   -7.5000    0.0000   45.0000 8045.7583   24.0860
    0.0000    0.0000   45.0000 8096.3799   24.1313
    7.5000    0.0000   45.0000 7712.3037   24.1229
   -7.5000    7.5000   45.0000 7636.7749   24.0913
    0.0000    7.5000   45.0000 7674.2822   24.1318
    7.5000    7.5000   45.0000 7306.4727   24.1054
   -7.5000   15.0000   45.0000 7386.6748   24.1015
    0.0000   15.0000   45.0000 7431.2666   24.1262
    7.5000   15.0000   45.0000 7062.7910   24.0903
   -7.5000   22.5000   45.0000 6747.0415   23.8301
    0.0000   22.5000   45.0000 6793.7256   23.8432
    7.5000   22.5000   45.0000 6442.2832   23.8150
   -7.5000   30.0000   45.0000 6141.4131   23.4251
    0.0000   30.0000   45.0000 6190.8833   23.4453
    7.5000   30.0000   45.0000 5844.3652   23.4366
   -7.5000   37.5000   45.0000 5575.4233   23.0303
    0.0000   37.5000   45.0000 5620.7974   23.0627
    7.5000   37.5000   45.0000 5301.8657   23.0638
   -7.5000   45.0000   45.0000 4982.5845   22.6348
    0.0000   45.0000   45.0000 5031.3447   22.6758
    7.5000   45.0000   45.0000 4755.0459   22.6665

---------------------------------------------------------------------
imgreg_4dfp /opt/freesurfer/average/711-2C_as_mni_average_305 /opt/freesurfer/average/711-2B_as_mni_average_305_mask talsrcimg_g11 none talsrcimg_to_711-2C_as_mni_average_305_t4 4355
---------------------------------------------------------------------

freesurfer imgreg_4dfp.c
/opt/freesurfer/average/711-2C_as_mni_average_305.4dfp.img
       256       256       256         1
  1.000000  1.000000  1.000000
orientation T byte_order littleendian
Reading image: /opt/freesurfer/average/711-2C_as_mni_average_305.4dfp.img
dimensions:      256       256       256
mmppix:       1.0000   -1.0000   -1.0000
center:     128.0000 -129.0000 -129.0000
/opt/freesurfer/average/711-2B_as_mni_average_305_mask.4dfp.img
       256       256       256         1
  1.000000  1.000000  1.000000
orientation T byte_order littleendian
Reading mask: /opt/freesurfer/average/711-2B_as_mni_average_305_mask.4dfp.img (2306576 pixels)
talsrcimg_g11.4dfp.img
       256       256       256         1
  0.898438  0.898438  0.898438
orientation T byte_order littleendian
Reading image: talsrcimg_g11.4dfp.img
dimensions:      256       256       256
mmppix:       0.8984   -0.8984   -0.8984
center:     115.0001 -115.8985 -115.8985
rotation matrix determinant  1.000000
image alignment mode   4355 decimal     1103 hex
   -7.5000  -52.5000  -45.0000 1881.0557   20.2969
    0.0000  -52.5000  -45.0000 1888.9584   20.2985
    7.5000  -52.5000  -45.0000 1876.2405   20.3945
   -7.5000  -45.0000  -45.0000 1971.6637   18.8502
    0.0000  -45.0000  -45.0000 1980.4792   18.8494
    7.5000  -45.0000  -45.0000 1969.7891   18.9772
   -7.5000  -37.5000  -45.0000 2030.4735   17.7334
    0.0000  -37.5000  -45.0000 2041.1787   17.7236
    7.5000  -37.5000  -45.0000 2028.6400   17.8155
   -7.5000  -30.0000  -45.0000 2065.6079   16.9573
    0.0000  -30.0000  -45.0000 2079.3010   16.9290
    7.5000  -30.0000  -45.0000 2064.8911   17.0056
   -7.5000  -22.5000  -45.0000 2078.9341   16.6822
    0.0000  -22.5000  -45.0000 2095.2710   16.5653
    7.5000  -22.5000  -45.0000 2075.9858   16.6508
   -7.5000  -15.0000  -45.0000 2075.1135   16.6213
    0.0000  -15.0000  -45.0000 2096.2178   16.4909
    7.5000  -15.0000  -45.0000 2074.4026   16.5896
   -7.5000   -7.5000  -45.0000 2060.9133   16.8878
    0.0000   -7.5000  -45.0000 2079.5688   16.7474
    7.5000   -7.5000  -45.0000 2061.8562   16.8328
   -7.5000    0.0000  -45.0000 2031.0852   17.5568
    0.0000    0.0000  -45.0000 2055.9170   17.4329
    7.5000    0.0000  -45.0000 2033.9281   17.4334
   -7.5000    7.5000  -45.0000 1982.7264   18.4805
    0.0000    7.5000  -45.0000 2006.6879   18.3413
    7.5000    7.5000  -45.0000 1985.0291   18.3185
   -7.5000   15.0000  -45.0000 1917.9690   19.5842
    0.0000   15.0000  -45.0000 1939.4340   19.4279
    7.5000   15.0000  -45.0000 1921.5992   19.4130
   -7.5000   22.5000  -45.0000 1835.1548   21.1668
    0.0000   22.5000  -45.0000 1852.2794   20.9547
    7.5000   22.5000  -45.0000 1834.8596   21.0519
   -7.5000   30.0000  -45.0000 1740.7694   23.5455
    0.0000   30.0000  -45.0000 1752.3433   23.2927
    7.5000   30.0000  -45.0000 1734.0111   23.4291
   -7.5000   37.5000  -45.0000 1622.8750   26.6295
    0.0000   37.5000  -45.0000 1639.4659   26.2816
    7.5000   37.5000  -45.0000 1622.1906   26.4824
   -7.5000  -52.5000  -37.5000 2020.5519   20.1090
    0.0000  -52.5000  -37.5000 2027.8907   20.1442
    7.5000  -52.5000  -37.5000 2015.0864   20.1826
   -7.5000  -45.0000  -37.5000 2129.1628   18.6146
    0.0000  -45.0000  -37.5000 2139.0291   18.6490
    7.5000  -45.0000  -37.5000 2121.2695   18.7292
   -7.5000  -37.5000  -37.5000 2200.2664   17.4149
    0.0000  -37.5000  -37.5000 2211.8599   17.4170
    7.5000  -37.5000  -37.5000 2189.9431   17.5474
   -7.5000  -30.0000  -37.5000 2234.7112   16.6501
    0.0000  -30.0000  -37.5000 2249.8699   16.6248
    7.5000  -30.0000  -37.5000 2222.2332   16.7378
   -7.5000  -22.5000  -37.5000 2248.4316   16.3448
    0.0000  -22.5000  -37.5000 2266.5647   16.2593
    7.5000  -22.5000  -37.5000 2239.4070   16.3420
   -7.5000  -15.0000  -37.5000 2246.4143   16.3125
    0.0000  -15.0000  -37.5000 2267.1409   16.1613
    7.5000  -15.0000  -37.5000 2240.4197   16.2844
   -7.5000   -7.5000  -37.5000 2230.3586   16.5247
    0.0000   -7.5000  -37.5000 2252.3779   16.3998
    7.5000   -7.5000  -37.5000 2232.9475   16.4806
   -7.5000    0.0000  -37.5000 2197.3193   17.1199
    0.0000    0.0000  -37.5000 2225.0530   16.9999
    7.5000    0.0000  -37.5000 2205.3726   17.0844
   -7.5000    7.5000  -37.5000 2148.7498   17.9995
    0.0000    7.5000  -37.5000 2176.4155   17.8723
    7.5000    7.5000  -37.5000 2154.9453   17.8885
   -7.5000   15.0000  -37.5000 2072.9919   19.0433
    0.0000   15.0000  -37.5000 2100.0901   18.8911
    7.5000   15.0000  -37.5000 2082.2366   18.9433
   -7.5000   22.5000  -37.5000 1986.6606   20.5199
    0.0000   22.5000  -37.5000 2008.9348   20.3547
    7.5000   22.5000  -37.5000 1985.3231   20.4328
   -7.5000   30.0000  -37.5000 1882.9055   22.7245
    0.0000   30.0000  -37.5000 1899.8235   22.5911
    7.5000   30.0000  -37.5000 1881.5133   22.6831
   -7.5000   37.5000  -37.5000 1753.9524   25.6694
    0.0000   37.5000  -37.5000 1776.8644   25.3986
    7.5000   37.5000  -37.5000 1760.0438   25.4696
   -7.5000  -52.5000  -30.0000 2148.1663   19.8342
    0.0000  -52.5000  -30.0000 2161.1611   19.8385
    7.5000  -52.5000  -30.0000 2143.8420   19.8848
   -7.5000  -45.0000  -30.0000 2260.8120   18.3312
    0.0000  -45.0000  -30.0000 2276.1245   18.3197
    7.5000  -45.0000  -30.0000 2252.4258   18.3501
   -7.5000  -37.5000  -30.0000 2344.7329   17.0449
    0.0000  -37.5000  -30.0000 2363.1416   16.9721
    7.5000  -37.5000  -30.0000 2333.2703   17.0531
   -7.5000  -30.0000  -30.0000 2387.8792   16.2296
    0.0000  -30.0000  -30.0000 2409.8523   16.1684
    7.5000  -30.0000  -30.0000 2380.0781   16.2637
   -7.5000  -22.5000  -30.0000 2407.2222   15.8159
    0.0000  -22.5000  -30.0000 2429.8091   15.7343
    7.5000  -22.5000  -30.0000 2402.7488   15.8807
   -7.5000  -15.0000  -30.0000 2398.3489   15.7974
    0.0000  -15.0000  -30.0000 2425.5679   15.6874
    7.5000  -15.0000  -30.0000 2399.3542   15.8492
   -7.5000   -7.5000  -30.0000 2381.8193   16.0399
    0.0000   -7.5000  -30.0000 2411.4680   15.9243
    7.5000   -7.5000  -30.0000 2386.8611   16.0701
   -7.5000    0.0000  -30.0000 2356.2368   16.6251
    0.0000    0.0000  -30.0000 2388.3755   16.5128
    7.5000    0.0000  -30.0000 2357.8396   16.5798
   -7.5000    7.5000  -30.0000 2309.7563   17.4069
    0.0000    7.5000  -30.0000 2336.7632   17.2375
    7.5000    7.5000  -30.0000 2311.6594   17.3086
   -7.5000   15.0000  -30.0000 2230.0281   18.3682
    0.0000   15.0000  -30.0000 2255.7041   18.2210
    7.5000   15.0000  -30.0000 2232.4355   18.2597
   -7.5000   22.5000  -30.0000 2128.0374   19.7530
    0.0000   22.5000  -30.0000 2152.6924   19.5952
    7.5000   22.5000  -30.0000 2125.1594   19.6573
   -7.5000   30.0000  -30.0000 2013.2839   21.7558
    0.0000   30.0000  -30.0000 2035.7665   21.6531
    7.5000   30.0000  -30.0000 2013.0900   21.7391
   -7.5000   37.5000  -30.0000 1874.7035   24.4142
    0.0000   37.5000  -30.0000 1898.0453   24.3018
    7.5000   37.5000  -30.0000 1880.4978   24.3850
   -7.5000  -52.5000  -22.5000 2251.7800   19.3545
    0.0000  -52.5000  -22.5000 2270.4470   19.2938
    7.5000  -52.5000  -22.5000 2246.7695   19.3757
   -7.5000  -45.0000  -22.5000 2372.7922   17.8464
    0.0000  -45.0000  -22.5000 2388.1292   17.7738
    7.5000  -45.0000  -22.5000 2362.1855   17.8444
   -7.5000  -37.5000  -22.5000 2458.1921   16.4911
    0.0000  -37.5000  -22.5000 2480.9595   16.4118
    7.5000  -37.5000  -22.5000 2453.9294   16.4909
   -7.5000  -30.0000  -22.5000 2511.4270   15.6181
    0.0000  -30.0000  -22.5000 2543.9590   15.5241
    7.5000  -30.0000  -22.5000 2518.8071   15.6368
   -7.5000  -22.5000  -22.5000 2543.7041   15.1488
    0.0000  -22.5000  -22.5000 2574.7664   15.0580
    7.5000  -22.5000  -22.5000 2546.8159   15.1530
   -7.5000  -15.0000  -22.5000 2544.8032   15.1332
    0.0000  -15.0000  -22.5000 2570.7588   15.0241
    7.5000  -15.0000  -22.5000 2548.5461   15.1182
   -7.5000   -7.5000  -22.5000 2529.3652   15.4075
    0.0000   -7.5000  -22.5000 2562.1272   15.3161
    7.5000   -7.5000  -22.5000 2535.3250   15.4250
   -7.5000    0.0000  -22.5000 2504.4106   15.9445
    0.0000    0.0000  -22.5000 2538.8420   15.8414
    7.5000    0.0000  -22.5000 2502.3801   15.9144
   -7.5000    7.5000  -22.5000 2454.2073   16.6820
    0.0000    7.5000  -22.5000 2489.2930   16.5688
    7.5000    7.5000  -22.5000 2452.7109   16.6308
   -7.5000   15.0000  -22.5000 2371.5977   17.6353
    0.0000   15.0000  -22.5000 2400.0789   17.4774
    7.5000   15.0000  -22.5000 2368.6301   17.5316
   -7.5000   22.5000  -22.5000 2258.3049   18.9054
    0.0000   22.5000  -22.5000 2285.3271   18.7362
    7.5000   22.5000  -22.5000 2261.8765   18.8617
   -7.5000   30.0000  -22.5000 2136.4502   20.7728
    0.0000   30.0000  -22.5000 2161.7378   20.6032
    7.5000   30.0000  -22.5000 2139.9282   20.7406
   -7.5000   37.5000  -22.5000 1990.3656   23.2101
    0.0000   37.5000  -22.5000 2004.4817   23.0566
    7.5000   37.5000  -22.5000 1984.9205   23.1949
   -7.5000  -52.5000  -15.0000 2323.4407   18.7889
    0.0000  -52.5000  -15.0000 2339.4656   18.6425
    7.5000  -52.5000  -15.0000 2316.6021   18.8092
   -7.5000  -45.0000  -15.0000 2444.2166   17.2526
    0.0000  -45.0000  -15.0000 2463.4360   17.1212
    7.5000  -45.0000  -15.0000 2440.7744   17.3110
   -7.5000  -37.5000  -15.0000 2536.5623   15.9156
    0.0000  -37.5000  -15.0000 2564.0127   15.7947
    7.5000  -37.5000  -15.0000 2540.6536   15.9569
   -7.5000  -30.0000  -15.0000 2608.6646   15.0050
    0.0000  -30.0000  -15.0000 2641.0757   14.8845
    7.5000  -30.0000  -15.0000 2614.9148   15.0340
   -7.5000  -22.5000  -15.0000 2651.5273   14.5087
    0.0000  -22.5000  -15.0000 2683.5110   14.3895
    7.5000  -22.5000  -15.0000 2649.3186   14.4981
   -7.5000  -15.0000  -15.0000 2664.6331   14.3893
    0.0000  -15.0000  -15.0000 2692.9299   14.3158
    7.5000  -15.0000  -15.0000 2666.5752   14.3859
   -7.5000   -7.5000  -15.0000 2656.0132   14.6887
    0.0000   -7.5000  -15.0000 2693.9761   14.6039
    7.5000   -7.5000  -15.0000 2657.0757   14.6780
   -7.5000    0.0000  -15.0000 2630.1650   15.2153
    0.0000    0.0000  -15.0000 2668.4705   15.1114
    7.5000    0.0000  -15.0000 2626.2812   15.2081
   -7.5000    7.5000  -15.0000 2573.7053   15.9409
    0.0000    7.5000  -15.0000 2610.4780   15.8012
    7.5000    7.5000  -15.0000 2572.4968   15.8738
   -7.5000   15.0000  -15.0000 2485.9468   16.8632
    0.0000   15.0000  -15.0000 2517.0908   16.6964
    7.5000   15.0000  -15.0000 2482.0979   16.7660
   -7.5000   22.5000  -15.0000 2369.7180   18.0787
    0.0000   22.5000  -15.0000 2396.7236   17.8979
    7.5000   22.5000  -15.0000 2372.5891   18.0132
   -7.5000   30.0000  -15.0000 2237.7600   19.8622
    0.0000   30.0000  -15.0000 2263.7754   19.6912
    7.5000   30.0000  -15.0000 2237.5247   19.8089
   -7.5000   37.5000  -15.0000 2074.5779   22.2612
    0.0000   37.5000  -15.0000 2093.8142   22.0512
    7.5000   37.5000  -15.0000 2071.4663   22.1663
   -7.5000  -52.5000   -7.5000 2354.2388   18.1156
    0.0000  -52.5000   -7.5000 2367.6807   17.9506
    7.5000  -52.5000   -7.5000 2345.5762   18.1996
   -7.5000  -45.0000   -7.5000 2482.5657   16.6347
    0.0000  -45.0000   -7.5000 2504.7930   16.5258
    7.5000  -45.0000   -7.5000 2478.6340   16.7270
   -7.5000  -37.5000   -7.5000 2581.2192   15.3718
    0.0000  -37.5000   -7.5000 2606.3538   15.2716
    7.5000  -37.5000   -7.5000 2581.5173   15.3915
   -7.5000  -30.0000   -7.5000 2663.2988   14.4411
    0.0000  -30.0000   -7.5000 2688.8174   14.3157
    7.5000  -30.0000   -7.5000 2665.9246   14.4418
   -7.5000  -22.5000   -7.5000 2717.7937   13.8630
    0.0000  -22.5000   -7.5000 2755.8694   13.7652
    7.5000  -22.5000   -7.5000 2713.2974   13.8991
   -7.5000  -15.0000   -7.5000 2748.6006   13.6916
    0.0000  -15.0000   -7.5000 2783.9631   13.6141
    7.5000  -15.0000   -7.5000 2739.9456   13.7494
   -7.5000   -7.5000   -7.5000 2749.4531   13.9898
    0.0000   -7.5000   -7.5000 2787.6650   13.8847
    7.5000   -7.5000   -7.5000 2749.3796   14.0188
   -7.5000    0.0000   -7.5000 2720.2971   14.5117
    0.0000    0.0000   -7.5000 2761.4360   14.3923
    7.5000    0.0000   -7.5000 2718.9958   14.5238
   -7.5000    7.5000   -7.5000 2656.7061   15.1795
    0.0000    7.5000   -7.5000 2697.1899   15.0677
    7.5000    7.5000   -7.5000 2656.9331   15.1730
   -7.5000   15.0000   -7.5000 2560.9299   16.0684
    0.0000   15.0000   -7.5000 2597.4087   15.9399
    7.5000   15.0000   -7.5000 2559.0027   16.0535
   -7.5000   22.5000   -7.5000 2440.6606   17.2604
    0.0000   22.5000   -7.5000 2470.8389   17.1097
    7.5000   22.5000   -7.5000 2437.6262   17.2647
   -7.5000   30.0000   -7.5000 2294.7883   19.0111
    0.0000   30.0000   -7.5000 2330.5432   18.8503
    7.5000   30.0000   -7.5000 2304.2690   19.0035
   -7.5000   37.5000   -7.5000 2126.0278   21.3214
    0.0000   37.5000   -7.5000 2155.6165   21.1434
    7.5000   37.5000   -7.5000 2132.0474   21.2588
   -7.5000  -52.5000    0.0000 2372.0625   17.8675
    0.0000  -52.5000    0.0000 2386.3777   17.7008
    7.5000  -52.5000    0.0000 2360.6353   18.0112
   -7.5000  -45.0000    0.0000 2509.8486   16.3692
    0.0000  -45.0000    0.0000 2528.4783   16.2382
    7.5000  -45.0000    0.0000 2497.3733   16.5101
   -7.5000  -37.5000    0.0000 2614.8855   15.1135
    0.0000  -37.5000    0.0000 2641.6228   14.9693
    7.5000  -37.5000    0.0000 2613.8784   15.1852
   -7.5000  -30.0000    0.0000 2706.1846   14.1628
    0.0000  -30.0000    0.0000 2735.8594   14.0497
    7.5000  -30.0000    0.0000 2705.0850   14.1932
   -7.5000  -22.5000    0.0000 2773.5193   13.6140
    0.0000  -22.5000    0.0000 2821.3892   13.5000
    7.5000  -22.5000    0.0000 2774.8196   13.6498
   -7.5000  -15.0000    0.0000 2818.7590   13.3684
    0.0000  -15.0000    0.0000 2871.9143   13.2219
    7.5000  -15.0000    0.0000 2815.1211   13.4959
   -7.5000   -7.5000    0.0000 2828.4231   13.6000
    0.0000   -7.5000    0.0000 2872.5747   13.4552
    7.5000   -7.5000    0.0000 2824.2991   13.7048
   -7.5000    0.0000    0.0000 2789.5754   14.0968
    0.0000    0.0000    0.0000 2835.1125   13.9819
    7.5000    0.0000    0.0000 2784.4055   14.1462
   -7.5000    7.5000    0.0000 2726.6008   14.7549
    0.0000    7.5000    0.0000 2763.0964   14.6260
    7.5000    7.5000    0.0000 2716.2944   14.7756
   -7.5000   15.0000    0.0000 2619.2974   15.6551
    0.0000   15.0000    0.0000 2660.3618   15.5127
    7.5000   15.0000    0.0000 2615.9795   15.6642
   -7.5000   22.5000    0.0000 2487.1704   16.9061
    0.0000   22.5000    0.0000 2522.0042   16.7429
    7.5000   22.5000    0.0000 2487.2236   16.9136
   -7.5000   30.0000    0.0000 2345.4827   18.6078
    0.0000   30.0000    0.0000 2374.7671   18.4512
    7.5000   30.0000    0.0000 2347.0649   18.6191
   -7.5000   37.5000    0.0000 2170.6355   20.8031
    0.0000   37.5000    0.0000 2198.3743   20.6707
    7.5000   37.5000    0.0000 2174.5730   20.7858
   -7.5000  -52.5000    7.5000 2356.6165   17.7074
    0.0000  -52.5000    7.5000 2373.4678   17.5364
    7.5000  -52.5000    7.5000 2350.2964   17.8557
   -7.5000  -45.0000    7.5000 2501.1748   16.1928
    0.0000  -45.0000    7.5000 2521.6187   16.0396
    7.5000  -45.0000    7.5000 2488.2493   16.3313
   -7.5000  -37.5000    7.5000 2618.4373   14.8850
    0.0000  -37.5000    7.5000 2644.0154   14.7326
    7.5000  -37.5000    7.5000 2615.3555   15.0314
   -7.5000  -30.0000    7.5000 2719.7134   13.9455
    0.0000  -30.0000    7.5000 2749.4978   13.8175
    7.5000  -30.0000    7.5000 2717.7539   14.0491
   -7.5000  -22.5000    7.5000 2796.4021   13.4823
    0.0000  -22.5000    7.5000 2841.2407   13.3590
    7.5000  -22.5000    7.5000 2802.5095   13.5418
   -7.5000  -15.0000    7.5000 2849.4956   13.2963
    0.0000  -15.0000    7.5000 2908.7166   13.1440
    7.5000  -15.0000    7.5000 2847.9260   13.3958
   -7.5000   -7.5000    7.5000 2862.9937   13.3464
    0.0000   -7.5000    7.5000 2917.5671   13.1872
    7.5000   -7.5000    7.5000 2855.2644   13.4475
   -7.5000    0.0000    7.5000 2827.2527   13.7186
    0.0000    0.0000    7.5000 2870.5242   13.5325
    7.5000    0.0000    7.5000 2817.1853   13.7855
   -7.5000    7.5000    7.5000 2755.5881   14.4132
    0.0000    7.5000    7.5000 2789.4106   14.2095
    7.5000    7.5000    7.5000 2744.4043   14.4056
   -7.5000   15.0000    7.5000 2650.4802   15.3427
    0.0000   15.0000    7.5000 2680.1487   15.1646
    7.5000   15.0000    7.5000 2638.1003   15.3555
   -7.5000   22.5000    7.5000 2503.4036   16.6671
    0.0000   22.5000    7.5000 2529.2839   16.4952
    7.5000   22.5000    7.5000 2499.6909   16.6420
   -7.5000   30.0000    7.5000 2355.8943   18.3257
    0.0000   30.0000    7.5000 2377.0283   18.2009
    7.5000   30.0000    7.5000 2351.2607   18.3037
   -7.5000   37.5000    7.5000 2185.4514   20.4963
    0.0000   37.5000    7.5000 2210.0801   20.3541
    7.5000   37.5000    7.5000 2183.0999   20.4658
   -7.5000  -52.5000   15.0000 2330.0664   17.7266
    0.0000  -52.5000   15.0000 2347.1880   17.6166
    7.5000  -52.5000   15.0000 2317.6160   17.9646
   -7.5000  -45.0000   15.0000 2473.0984   16.1946
    0.0000  -45.0000   15.0000 2494.0405   16.0473
    7.5000  -45.0000   15.0000 2459.9873   16.3550
   -7.5000  -37.5000   15.0000 2596.0427   14.8871
    0.0000  -37.5000   15.0000 2619.3796   14.7528
    7.5000  -37.5000   15.0000 2586.2068   15.0621
   -7.5000  -30.0000   15.0000 2705.8467   14.0110
    0.0000  -30.0000   15.0000 2731.9475   13.8318
    7.5000  -30.0000   15.0000 2697.6262   14.1171
   -7.5000  -22.5000   15.0000 2788.4868   13.5298
    0.0000  -22.5000   15.0000 2833.0706   13.3860
    7.5000  -22.5000   15.0000 2789.8789   13.5815
   -7.5000  -15.0000   15.0000 2845.3911   13.3853
    0.0000  -15.0000   15.0000 2900.0598   13.2546
    7.5000  -15.0000   15.0000 2845.7942   13.4119
   -7.5000   -7.5000   15.0000 2861.4685   13.3885
    0.0000   -7.5000   15.0000 2916.1841   13.1971
    7.5000   -7.5000   15.0000 2857.7119   13.3988
   -7.5000    0.0000   15.0000 2833.1440   13.6923
    0.0000    0.0000   15.0000 2872.5388   13.4947
    7.5000    0.0000   15.0000 2819.6113   13.7051
   -7.5000    7.5000   15.0000 2753.3225   14.3204
    0.0000    7.5000   15.0000 2782.8794   14.1719
    7.5000    7.5000   15.0000 2742.6252   14.3659
   -7.5000   15.0000   15.0000 2638.6538   15.2372
    0.0000   15.0000   15.0000 2665.7397   15.1076
    7.5000   15.0000   15.0000 2632.5142   15.3083
   -7.5000   22.5000   15.0000 2498.3816   16.5518
    0.0000   22.5000   15.0000 2525.1821   16.4230
    7.5000   22.5000   15.0000 2495.1729   16.5820
   -7.5000   30.0000   15.0000 2342.7034   18.2292
    0.0000   30.0000   15.0000 2362.1372   18.1305
    7.5000   30.0000   15.0000 2347.2964   18.2409
   -7.5000   37.5000   15.0000 2175.4214   20.3330
    0.0000   37.5000   15.0000 2192.2720   20.2286
    7.5000   37.5000   15.0000 2173.0164   20.3147
   -7.5000  -52.5000   22.5000 2290.3953   18.0995
    0.0000  -52.5000   22.5000 2312.6763   17.9741
    7.5000  -52.5000   22.5000 2275.8923   18.3683
   -7.5000  -45.0000   22.5000 2426.6917   16.5433
    0.0000  -45.0000   22.5000 2447.4656   16.3845
    7.5000  -45.0000   22.5000 2411.3147   16.7633
   -7.5000  -37.5000   22.5000 2546.0312   15.2726
    0.0000  -37.5000   22.5000 2568.4487   15.0903
    7.5000  -37.5000   22.5000 2533.3687   15.4056
   -7.5000  -30.0000   22.5000 2656.6653   14.3410
    0.0000  -30.0000   22.5000 2687.5693   14.1570
    7.5000  -30.0000   22.5000 2644.4587   14.4314
   -7.5000  -22.5000   22.5000 2749.5796   13.7893
    0.0000  -22.5000   22.5000 2789.0693   13.6385
    7.5000  -22.5000   22.5000 2738.0288   13.8677
   -7.5000  -15.0000   22.5000 2806.1008   13.5615
    0.0000  -15.0000   22.5000 2859.3823   13.4167
    7.5000  -15.0000   22.5000 2805.8704   13.6294
   -7.5000   -7.5000   22.5000 2819.2742   13.6114
    0.0000   -7.5000   22.5000 2870.3599   13.3979
    7.5000   -7.5000   22.5000 2822.2107   13.6266
   -7.5000    0.0000   22.5000 2790.8582   13.9256
    0.0000    0.0000   22.5000 2833.3286   13.7442
    7.5000    0.0000   22.5000 2787.2556   13.9490
   -7.5000    7.5000   22.5000 2703.7468   14.5822
    0.0000    7.5000   22.5000 2732.8755   14.4617
    7.5000    7.5000   22.5000 2704.0718   14.6210
   -7.5000   15.0000   22.5000 2593.7083   15.5220
    0.0000   15.0000   22.5000 2618.6023   15.3782
    7.5000   15.0000   22.5000 2591.3706   15.5433
   -7.5000   22.5000   22.5000 2467.8838   16.7586
    0.0000   22.5000   22.5000 2489.8357   16.5982
    7.5000   22.5000   22.5000 2462.0862   16.7696
   -7.5000   30.0000   22.5000 2324.1389   18.3784
    0.0000   30.0000   22.5000 2340.8574   18.2293
    7.5000   30.0000   22.5000 2322.4062   18.3837
   -7.5000   37.5000   22.5000 2149.5247   20.4346
    0.0000   37.5000   22.5000 2168.9465   20.2804
    7.5000   37.5000   22.5000 2149.8796   20.4173
   -7.5000  -52.5000   30.0000 2241.1262   18.9399
    0.0000  -52.5000   30.0000 2260.1758   18.7729
    7.5000  -52.5000   30.0000 2224.2844   19.2030
   -7.5000  -45.0000   30.0000 2371.4407   17.2550
    0.0000  -45.0000   30.0000 2395.6138   17.0883
    7.5000  -45.0000   30.0000 2356.2871   17.4653
   -7.5000  -37.5000   30.0000 2488.6516   15.8959
    0.0000  -37.5000   30.0000 2515.9438   15.7288
    7.5000  -37.5000   30.0000 2478.3757   16.0720
   -7.5000  -30.0000   30.0000 2589.4316   14.9098
    0.0000  -30.0000   30.0000 2626.0186   14.7189
    7.5000  -30.0000   30.0000 2587.9458   15.0317
   -7.5000  -22.5000   30.0000 2683.1843   14.3132
    0.0000  -22.5000   30.0000 2720.0276   14.1338
    7.5000  -22.5000   30.0000 2681.0930   14.3979
   -7.5000  -15.0000   30.0000 2745.5237   14.0063
    0.0000  -15.0000   30.0000 2789.4150   13.8098
    7.5000  -15.0000   30.0000 2740.1729   14.0949
   -7.5000   -7.5000   30.0000 2757.8911   14.0602
    0.0000   -7.5000   30.0000 2797.9470   13.8534
    7.5000   -7.5000   30.0000 2753.6279   14.1475
   -7.5000    0.0000   30.0000 2717.3354   14.4267
    0.0000    0.0000   30.0000 2759.1709   14.2129
    7.5000    0.0000   30.0000 2726.0732   14.4734
   -7.5000    7.5000   30.0000 2634.0889   15.1108
    0.0000    7.5000   30.0000 2672.0667   14.9076
    7.5000    7.5000   30.0000 2651.3892   15.1296
   -7.5000   15.0000   30.0000 2530.0645   16.0594
    0.0000   15.0000   30.0000 2560.4026   15.8468
    7.5000   15.0000   30.0000 2539.1426   16.0239
   -7.5000   22.5000   30.0000 2410.1423   17.2830
    0.0000   22.5000   30.0000 2436.3142   17.0877
    7.5000   22.5000   30.0000 2412.3989   17.2369
   -7.5000   30.0000   30.0000 2276.1895   18.8671
    0.0000   30.0000   30.0000 2300.4651   18.7003
    7.5000   30.0000   30.0000 2281.2754   18.8565
   -7.5000   37.5000   30.0000 2108.9954   20.8121
    0.0000   37.5000   30.0000 2128.5601   20.6751
    7.5000   37.5000   30.0000 2113.8052   20.8114
   -7.5000  -52.5000   37.5000 2177.9875   20.1161
    0.0000  -52.5000   37.5000 2200.2100   19.9738
    7.5000  -52.5000   37.5000 2165.2729   20.3865
   -7.5000  -45.0000   37.5000 2309.8083   18.3012
    0.0000  -45.0000   37.5000 2338.7981   18.1565
    7.5000  -45.0000   37.5000 2302.3718   18.5366
   -7.5000  -37.5000   37.5000 2420.9563   16.8682
    0.0000  -37.5000   37.5000 2450.3640   16.6795
    7.5000  -37.5000   37.5000 2414.6526   17.0133
   -7.5000  -30.0000   37.5000 2515.3423   15.8543
    0.0000  -30.0000   37.5000 2554.5510   15.6123
    7.5000  -30.0000   37.5000 2518.1162   15.9367
   -7.5000  -22.5000   37.5000 2596.6006   15.1932
    0.0000  -22.5000   37.5000 2635.9771   14.9696
    7.5000  -22.5000   37.5000 2604.6406   15.2479
   -7.5000  -15.0000   37.5000 2653.5337   14.8099
    0.0000  -15.0000   37.5000 2693.1992   14.5947
    7.5000  -15.0000   37.5000 2654.8625   14.8682
   -7.5000   -7.5000   37.5000 2663.5139   14.8436
    0.0000   -7.5000   37.5000 2697.1448   14.6326
    7.5000   -7.5000   37.5000 2661.0544   14.9065
   -7.5000    0.0000   37.5000 2622.2712   15.2280
    0.0000    0.0000   37.5000 2658.7700   15.0198
    7.5000    0.0000   37.5000 2632.0540   15.2481
   -7.5000    7.5000   37.5000 2549.8374   15.8947
    0.0000    7.5000   37.5000 2589.2219   15.6947
    7.5000    7.5000   37.5000 2567.9778   15.8810
   -7.5000   15.0000   37.5000 2459.4771   16.8211
    0.0000   15.0000   37.5000 2494.5935   16.6155
    7.5000   15.0000   37.5000 2472.0154   16.7932
   -7.5000   22.5000   37.5000 2343.5068   18.0486
    0.0000   22.5000   37.5000 2375.3108   17.8134
    7.5000   22.5000   37.5000 2356.3625   17.9793
   -7.5000   30.0000   37.5000 2219.1641   19.6394
    0.0000   30.0000   37.5000 2248.7827   19.4147
    7.5000   30.0000   37.5000 2230.7039   19.5517
   -7.5000   37.5000   37.5000 2057.3469   21.5215
    0.0000   37.5000   37.5000 2080.1536   21.3490
    7.5000   37.5000   37.5000 2063.7126   21.5119
   -7.5000  -52.5000   45.0000 2090.5413   21.5331
    0.0000  -52.5000   45.0000 2113.2051   21.4432
    7.5000  -52.5000   45.0000 2085.3508   21.8055
   -7.5000  -45.0000   45.0000 2218.3901   19.6004
    0.0000  -45.0000   45.0000 2245.9451   19.4573
    7.5000  -45.0000   45.0000 2210.9902   19.7935
   -7.5000  -37.5000   45.0000 2326.6821   18.0903
    0.0000  -37.5000   45.0000 2355.0610   17.8876
    7.5000  -37.5000   45.0000 2318.3799   18.2414
   -7.5000  -30.0000   45.0000 2411.8499   17.0021
    0.0000  -30.0000   45.0000 2449.7888   16.7974
    7.5000  -30.0000   45.0000 2410.8896   17.0667
   -7.5000  -22.5000   45.0000 2486.7441   16.2627
    0.0000  -22.5000   45.0000 2525.4216   16.0537
    7.5000  -22.5000   45.0000 2486.6123   16.3101
   -7.5000  -15.0000   45.0000 2536.1509   15.8443
    0.0000  -15.0000   45.0000 2569.0530   15.6428
    7.5000  -15.0000   45.0000 2533.6335   15.8916
   -7.5000   -7.5000   45.0000 2537.1343   15.8133
    0.0000   -7.5000   45.0000 2568.8511   15.6308
    7.5000   -7.5000   45.0000 2538.4507   15.8674
   -7.5000    0.0000   45.0000 2502.0127   16.1479
    0.0000    0.0000   45.0000 2531.2461   15.9665
    7.5000    0.0000   45.0000 2511.9729   16.1721
   -7.5000    7.5000   45.0000 2440.4958   16.8346
    0.0000    7.5000   45.0000 2469.3464   16.6259
    7.5000    7.5000   45.0000 2453.9497   16.8117
   -7.5000   15.0000   45.0000 2353.8054   17.7719
    0.0000   15.0000   45.0000 2383.1804   17.5665
    7.5000   15.0000   45.0000 2368.1956   17.7140
   -7.5000   22.5000   45.0000 2255.2266   18.9639
    0.0000   22.5000   45.0000 2281.5718   18.7483
    7.5000   22.5000   45.0000 2266.3616   18.9388
   -7.5000   30.0000   45.0000 2145.8879   20.5043
    0.0000   30.0000   45.0000 2170.3169   20.2429
    7.5000   30.0000   45.0000 2148.5774   20.4367
   -7.5000   37.5000   45.0000 1988.6318   22.4049
    0.0000   37.5000   45.0000 2010.7842   22.2187
    7.5000   37.5000   45.0000 1990.5887   22.3708

---------------------------------------------------------------------
imgreg_4dfp /opt/freesurfer/average/711-2C_as_mni_average_305 /opt/freesurfer/average/711-2B_as_mni_average_305_mask talsrcimg_g11 none talsrcimg_to_711-2C_as_mni_average_305_t4 1283
---------------------------------------------------------------------

freesurfer imgreg_4dfp.c
/opt/freesurfer/average/711-2C_as_mni_average_305.4dfp.img
       256       256       256         1
  1.000000  1.000000  1.000000
orientation T byte_order littleendian
Reading image: /opt/freesurfer/average/711-2C_as_mni_average_305.4dfp.img
dimensions:      256       256       256
mmppix:       1.0000   -1.0000   -1.0000
center:     128.0000 -129.0000 -129.0000
/opt/freesurfer/average/711-2B_as_mni_average_305_mask.4dfp.img
       256       256       256         1
  1.000000  1.000000  1.000000
orientation T byte_order littleendian
Reading mask: /opt/freesurfer/average/711-2B_as_mni_average_305_mask.4dfp.img (2306576 pixels)
talsrcimg_g11.4dfp.img
       256       256       256         1
  0.898438  0.898438  0.898438
orientation T byte_order littleendian
Reading image: talsrcimg_g11.4dfp.img
dimensions:      256       256       256
mmppix:       0.8984   -0.8984   -0.8984
center:     115.0001 -115.8985 -115.8985
rotation matrix determinant  1.000000
fimgreg.f
image alignment mode   1283 decimal      503 hex
parameters
    0.0000   -7.5000    7.5000    0.0000    0.0000    0.0000
eta,q 0.91508 13.13842
niter,ni,del,rscale     5    3   12.0000    1.2000
parameter  3 -1.095067 -> -0.500000 qaram    1.1500
parameter  4 -2.982823 ->  0.500000 qaram    1.1500
parameters
    0.3431   -9.0916   10.9500   -3.4500    0.2080   -0.3338
eta,q 0.92602 12.94227
  0.1000  0.0897  0.0936  0.0685  0.0776  0.0789
  0.0944  0.0861  0.0900  0.0729  0.0744  0.0757
  0.0889  0.0842  0.0867  0.0769  0.0739  0.0744
  0.0854  0.0850  0.0843  0.0815  0.0740  0.0740
  0.0851  0.0877  0.0826  0.0854  0.0742  0.0747
  0.0903  0.0934  0.0812  0.0887  0.0746  0.0770
  0.0990  0.1004  0.0809  0.0906  0.0767  0.0798
niter,ni,del,rscale     6    3   12.0000    1.2000
parameter  4  1.937299 ->  0.500000 qaram    1.3225
parameters
   -0.5797   -8.7018   11.9190   -7.4175    1.8503   -1.4855
eta,q 0.93564 12.92716
  0.0837  0.0846  0.0823  0.0637  0.0742  0.0689
  0.0773  0.0812  0.0798  0.0647  0.0712  0.0663
  0.0739  0.0776  0.0766  0.0676  0.0681  0.0648
  0.0740  0.0736  0.0730  0.0721  0.0653  0.0642
  0.0772  0.0727  0.0718  0.0780  0.0642  0.0658
  0.0835  0.0771  0.0741  0.0831  0.0659  0.0700
  0.0914  0.0846  0.0805  0.0875  0.0688  0.0755
niter,ni,del,rscale     6    3   12.0000    1.2000
parameter  4  0.547553 ->  0.500000 qaram    1.5209
parameters
   -1.2014   -8.1827   11.3150  -11.9801    2.0307   -1.5066
eta,q 0.93800 12.91532
  0.0765  0.0810  0.0749  0.0629  0.0694  0.0667
  0.0691  0.0730  0.0692  0.0622  0.0663  0.0644
  0.0655  0.0670  0.0645  0.0621  0.0636  0.0626
  0.0644  0.0644  0.0643  0.0638  0.0620  0.0620
  0.0673  0.0654  0.0682  0.0680  0.0625  0.0623
  0.0741  0.0699  0.0730  0.0744  0.0647  0.0637
  0.0820  0.0761  0.0773  0.0825  0.0694  0.0673
niter,ni,del,rscale     6    3   12.0000    1.2000
parameters
   -1.3750   -6.8954   10.3889  -14.2496    2.1697   -1.8753
eta,q 0.94180 12.93172
  0.0769  0.0767  0.0707  0.0655  0.0656  0.0627
  0.0682  0.0694  0.0652  0.0594  0.0622  0.0607
  0.0635  0.0653  0.0603  0.0580  0.0592  0.0588
  0.0620  0.0620  0.0612  0.0601  0.0582  0.0582
  0.0637  0.0613  0.0658  0.0633  0.0590  0.0590
  0.0706  0.0638  0.0702  0.0675  0.0610  0.0610
  0.0781  0.0681  0.0748  0.0737  0.0654  0.0644
niter,ni,del,rscale     5    3   12.0000    1.2000
parameters
   -1.3704   -5.7619    9.3193  -17.2473    2.2051   -2.1097
eta,q 0.94577 12.89107
  0.0759  0.0742  0.0684  0.0616  0.0626  0.0602
  0.0663  0.0688  0.0622  0.0574  0.0583  0.0576
  0.0602  0.0632  0.0573  0.0542  0.0550  0.0552
  0.0582  0.0582  0.0575  0.0567  0.0542  0.0542
  0.0604  0.0581  0.0625  0.0625  0.0553  0.0552
  0.0671  0.0619  0.0698  0.0678  0.0582  0.0578
  0.0752  0.0669  0.0746  0.0730  0.0623  0.0616
niter,ni,del,rscale     4    3   12.0000    1.2000
parameters
   -1.2292   -4.2693    8.4149  -20.1658    1.7648   -1.9840
eta,q 0.94804 12.95159
  0.0734  0.0752  0.0664  0.0587  0.0607  0.0596
  0.0637  0.0685  0.0587  0.0545  0.0554  0.0556
  0.0567  0.0597  0.0533  0.0521  0.0523  0.0530
  0.0542  0.0543  0.0540  0.0530  0.0521  0.0519
  0.0565  0.0546  0.0587  0.0589  0.0542  0.0531
  0.0630  0.0584  0.0656  0.0660  0.0581  0.0553
  0.0713  0.0624  0.0724  0.0731  0.0625  0.0589
niter,ni,del,rscale     3    3   12.0000    1.2000
parameters
   -1.1198   -2.7596    7.2824  -22.1412    1.5931   -2.0463
eta,q 0.95151 12.91824
  0.0730  0.0730  0.0636  0.0589  0.0594  0.0576
  0.0629  0.0652  0.0549  0.0547  0.0543  0.0528
  0.0551  0.0563  0.0499  0.0487  0.0503  0.0495
  0.0520  0.0520  0.0515  0.0501  0.0485  0.0485
  0.0547  0.0518  0.0562  0.0550  0.0504  0.0502
  0.0620  0.0547  0.0642  0.0631  0.0553  0.0535
  0.0714  0.0596  0.0721  0.0710  0.0607  0.0575
niter,ni,del,rscale     2    3   12.0000    1.2000
parameters
   -0.9984   -2.3894    6.5703  -22.9384    1.5271   -1.9979
eta,q 0.95236 12.91048
  0.0733  0.0675  0.0647  0.0610  0.0588  0.0571
  0.0613  0.0583  0.0552  0.0573  0.0534  0.0524
  0.0523  0.0510  0.0486  0.0505  0.0495  0.0489
  0.0485  0.0485  0.0486  0.0479  0.0476  0.0476
  0.0516  0.0510  0.0539  0.0515  0.0491  0.0493
  0.0605  0.0560  0.0613  0.0594  0.0537  0.0526
  0.0711  0.0628  0.0710  0.0678  0.0595  0.0564
niter,ni,del,rscale     1    3   12.0000    1.2000
parameters
   -0.9365   -2.3445    6.2738  -23.2514    1.5223   -1.9523
eta,q 0.95247 12.91190
  0.0725  0.0655  0.0666  0.0619  0.0588  0.0568
  0.0599  0.0569  0.0570  0.0584  0.0532  0.0522
  0.0510  0.0501  0.0492  0.0520  0.0492  0.0488
  0.0476  0.0476  0.0477  0.0475  0.0475  0.0475
  0.0511  0.0511  0.0522  0.0505  0.0488  0.0492
  0.0602  0.0570  0.0598  0.0574  0.0532  0.0524
  0.0707  0.0643  0.0690  0.0664  0.0590  0.0562
registration optimization eta report
parameter search radius
    6.0000    6.0000    6.9000    9.1253    6.0000    6.0000
100000*second partial in parameter space
       65.       46.       41.       18.       31.       24.
  0.0725  0.0655  0.0666  0.0619  0.0588  0.0568
  0.0599  0.0569  0.0570  0.0584  0.0532  0.0522
  0.0510  0.0501  0.0492  0.0520  0.0492  0.0488
  0.0476  0.0476  0.0477  0.0475  0.0475  0.0475
  0.0511  0.0511  0.0522  0.0505  0.0488  0.0492
  0.0602  0.0570  0.0598  0.0574  0.0532  0.0524
  0.0707  0.0643  0.0690  0.0664  0.0590  0.0562
   -0.9365   -2.3445    6.2738  -23.2514    1.5223   -1.9523
eta,q 0.95247 12.91190

---------------------------------------------------------------------
imgreg_4dfp /opt/freesurfer/average/711-2C_as_mni_average_305 /opt/freesurfer/average/711-2B_as_mni_average_305_mask talsrcimg_g11 none talsrcimg_to_711-2C_as_mni_average_305_t4 3335
---------------------------------------------------------------------

freesurfer imgreg_4dfp.c
/opt/freesurfer/average/711-2C_as_mni_average_305.4dfp.img
       256       256       256         1
  1.000000  1.000000  1.000000
orientation T byte_order littleendian
Reading image: /opt/freesurfer/average/711-2C_as_mni_average_305.4dfp.img
dimensions:      256       256       256
mmppix:       1.0000   -1.0000   -1.0000
center:     128.0000 -129.0000 -129.0000
/opt/freesurfer/average/711-2B_as_mni_average_305_mask.4dfp.img
       256       256       256         1
  1.000000  1.000000  1.000000
orientation T byte_order littleendian
Reading mask: /opt/freesurfer/average/711-2B_as_mni_average_305_mask.4dfp.img (2306576 pixels)
talsrcimg_g11.4dfp.img
       256       256       256         1
  0.898438  0.898438  0.898438
orientation T byte_order littleendian
Reading image: talsrcimg_g11.4dfp.img
dimensions:      256       256       256
mmppix:       0.8984   -0.8984   -0.8984
center:     115.0001 -115.8985 -115.8985
fimgreg.f
image alignment mode   3335 decimal      D07 hex
parameters
   -0.9365   -2.3445    6.2738   -0.0933   -8.2109   -8.1543
    4.1781   -1.0945   -3.4055   39.5369    2.6566  -39.4627
eta,q 0.94898 12.99570
niter,ni,del,rscale     5    3    5.0000    1.2000
parameter  4  1.058121 ->  0.500000 qaram    1.1500
parameter  5  3.161528 ->  0.500000 qaram    1.1500
parameter  6  0.995013 ->  0.500000 qaram    1.1500
parameter 10  0.725006 ->  0.500000 qaram    1.1500
parameter 12 -1.532714 -> -0.500000 qaram    1.1500
parameters
   -0.9828   -2.3265    6.1456   -4.2333  -12.3509  -12.2943
    4.0387   -0.8556   -1.1539   35.3969    5.2696  -35.3227
eta,q 0.96661 12.30212
  0.0550  0.0535  0.0532  0.0470  0.0384  0.0373  0.0415  0.0439  0.0421  0.0366  0.0386  0.0429
  0.0528  0.0521  0.0519  0.0475  0.0411  0.0379  0.0398  0.0410  0.0404  0.0362  0.0375  0.0403
  0.0514  0.0513  0.0512  0.0488  0.0443  0.0394  0.0387  0.0390  0.0391  0.0367  0.0367  0.0380
  0.0510  0.0510  0.0510  0.0510  0.0478  0.0419  0.0383  0.0383  0.0383  0.0380  0.0362  0.0360
  0.0516  0.0513  0.0514  0.0542  0.0518  0.0458  0.0387  0.0388  0.0380  0.0400  0.0360  0.0343
  0.0530  0.0521  0.0523  0.0581  0.0563  0.0507  0.0399  0.0405  0.0383  0.0427  0.0361  0.0331
  0.0553  0.0534  0.0537  0.0625  0.0608  0.0564  0.0419  0.0432  0.0392  0.0458  0.0366  0.0325
niter,ni,del,rscale     7    3    5.0000    1.2000
parameter  5  1.036404 ->  0.500000 qaram    1.3225
parameter  6  0.635074 ->  0.500000 qaram    1.3225
parameters
   -0.8592   -2.1532    5.8517   -7.4149  -17.1119  -17.0553
    4.0764   -1.1925   -1.1599   34.1232    5.3400  -31.6023
eta,q 0.97303 11.43257
  0.0386  0.0375  0.0355  0.0341  0.0290  0.0282  0.0313  0.0326  0.0308  0.0313  0.0290  0.0326
  0.0358  0.0354  0.0342  0.0333  0.0293  0.0276  0.0294  0.0298  0.0291  0.0290  0.0282  0.0306
  0.0340  0.0340  0.0334  0.0330  0.0307  0.0283  0.0282  0.0281  0.0280  0.0278  0.0277  0.0288
  0.0334  0.0334  0.0334  0.0333  0.0330  0.0296  0.0277  0.0277  0.0277  0.0277  0.0276  0.0276
  0.0338  0.0336  0.0340  0.0347  0.0363  0.0319  0.0281  0.0286  0.0281  0.0289  0.0277  0.0270
  0.0352  0.0347  0.0352  0.0374  0.0404  0.0354  0.0293  0.0306  0.0291  0.0312  0.0282  0.0271
  0.0376  0.0365  0.0368  0.0412  0.0448  0.0405  0.0313  0.0334  0.0308  0.0343  0.0289  0.0279
niter,ni,del,rscale     7    3    5.0000    1.2000
parameters
   -0.8014   -2.3137    6.1317   -8.2658  -20.2004  -17.8073
    3.7687   -1.0957   -1.3539   33.5864    6.0579  -31.9945
eta,q 0.97366 11.11555
  0.0316  0.0303  0.0303  0.0291  0.0287  0.0319  0.0297  0.0321  0.0292  0.0307  0.0279  0.0288
  0.0292  0.0283  0.0286  0.0278  0.0272  0.0288  0.0278  0.0291  0.0276  0.0282  0.0271  0.0274
  0.0276  0.0272  0.0274  0.0271  0.0265  0.0268  0.0267  0.0271  0.0267  0.0268  0.0266  0.0265
  0.0270  0.0270  0.0269  0.0269  0.0269  0.0265  0.0264  0.0264  0.0264  0.0264  0.0264  0.0264
  0.0274  0.0276  0.0270  0.0273  0.0286  0.0278  0.0269  0.0270  0.0268  0.0272  0.0264  0.0268
  0.0288  0.0291  0.0278  0.0284  0.0315  0.0301  0.0283  0.0289  0.0279  0.0292  0.0267  0.0278
  0.0313  0.0313  0.0290  0.0305  0.0356  0.0338  0.0302  0.0318  0.0294  0.0319  0.0274  0.0292
niter,ni,del,rscale     6    3    5.0000    1.2000
parameters
   -0.8224   -2.2755    6.1231   -8.3999  -20.5616  -17.9894
    3.7574   -1.1478   -1.3608   33.6493    6.0959  -32.1368
eta,q 0.97365 11.07831
  0.0306  0.0302  0.0289  0.0290  0.0305  0.0326  0.0299  0.0319  0.0293  0.0314  0.0276  0.0290
  0.0283  0.0281  0.0275  0.0274  0.0284  0.0293  0.0280  0.0289  0.0277  0.0287  0.0270  0.0275
  0.0268  0.0268  0.0266  0.0266  0.0270  0.0270  0.0268  0.0270  0.0267  0.0270  0.0265  0.0266
  0.0263  0.0263  0.0263  0.0263  0.0263  0.0264  0.0264  0.0264  0.0264  0.0264  0.0264  0.0264
  0.0269  0.0268  0.0267  0.0266  0.0268  0.0275  0.0268  0.0270  0.0267  0.0269  0.0265  0.0267
  0.0284  0.0280  0.0275  0.0274  0.0286  0.0296  0.0280  0.0291  0.0277  0.0286  0.0269  0.0277
  0.0308  0.0299  0.0289  0.0292  0.0315  0.0330  0.0299  0.0320  0.0292  0.0312  0.0277  0.0291
niter,ni,del,rscale     5    3    5.0000    1.2000
parameters
   -0.8304   -2.2525    6.0816   -8.4077  -20.6067  -18.0279
    3.7547   -1.1560   -1.3529   33.7001    6.1009  -32.2164
eta,q 0.97365 11.07680
  0.0307  0.0301  0.0288  0.0290  0.0307  0.0327  0.0299  0.0319  0.0293  0.0313  0.0276  0.0290
  0.0283  0.0280  0.0274  0.0274  0.0286  0.0295  0.0280  0.0289  0.0277  0.0286  0.0269  0.0275
  0.0268  0.0268  0.0266  0.0266  0.0271  0.0271  0.0268  0.0270  0.0267  0.0270  0.0265  0.0266
  0.0264  0.0264  0.0264  0.0263  0.0263  0.0264  0.0264  0.0264  0.0264  0.0264  0.0264  0.0264
  0.0269  0.0268  0.0267  0.0265  0.0267  0.0274  0.0268  0.0270  0.0267  0.0269  0.0265  0.0267
  0.0283  0.0280  0.0276  0.0274  0.0284  0.0295  0.0280  0.0290  0.0277  0.0286  0.0269  0.0277
  0.0307  0.0299  0.0290  0.0291  0.0312  0.0328  0.0298  0.0319  0.0292  0.0312  0.0277  0.0290
niter,ni,del,rscale     4    3    5.0000    1.2000
parameters
   -0.8304   -2.2501    6.0640   -8.4028  -20.6231  -18.0336
    3.7556   -1.1565   -1.3479   33.7200    6.0996  -32.2433
eta,q 0.97365 11.07720
  0.0307  0.0301  0.0289  0.0291  0.0308  0.0328  0.0299  0.0319  0.0293  0.0313  0.0276  0.0291
  0.0283  0.0280  0.0274  0.0275  0.0286  0.0295  0.0280  0.0289  0.0277  0.0286  0.0269  0.0275
  0.0268  0.0267  0.0266  0.0266  0.0271  0.0271  0.0268  0.0270  0.0267  0.0270  0.0265  0.0266
  0.0263  0.0263  0.0264  0.0263  0.0263  0.0263  0.0263  0.0264  0.0263  0.0264  0.0264  0.0264
  0.0268  0.0268  0.0267  0.0265  0.0267  0.0273  0.0268  0.0270  0.0267  0.0269  0.0265  0.0267
  0.0283  0.0281  0.0275  0.0274  0.0283  0.0295  0.0280  0.0290  0.0277  0.0287  0.0269  0.0276
  0.0307  0.0300  0.0289  0.0291  0.0311  0.0327  0.0298  0.0319  0.0292  0.0312  0.0277  0.0290
registration optimization eta report
parameter search radius
    2.4000    2.4000    2.4000    8.2800    9.5220    9.5220
    7.2000    7.2000    7.2000    8.2800    7.2000    8.2800
100000*second partial in parameter space
       75.       63.       44.        4.        5.        7.
        7.       11.        6.        7.        2.        4.
  0.0307  0.0301  0.0289  0.0291  0.0308  0.0328  0.0299  0.0319  0.0293  0.0313  0.0276  0.0291
  0.0283  0.0280  0.0274  0.0275  0.0286  0.0295  0.0280  0.0289  0.0277  0.0286  0.0269  0.0275
  0.0268  0.0267  0.0266  0.0266  0.0271  0.0271  0.0268  0.0270  0.0267  0.0270  0.0265  0.0266
  0.0263  0.0263  0.0264  0.0263  0.0263  0.0263  0.0263  0.0264  0.0263  0.0264  0.0264  0.0264
  0.0268  0.0268  0.0267  0.0265  0.0267  0.0273  0.0268  0.0270  0.0267  0.0269  0.0265  0.0267
  0.0283  0.0281  0.0275  0.0274  0.0283  0.0295  0.0280  0.0290  0.0277  0.0287  0.0269  0.0276
  0.0307  0.0300  0.0289  0.0291  0.0311  0.0327  0.0298  0.0319  0.0292  0.0312  0.0277  0.0290
   -0.8304   -2.2501    6.0640   -8.4028  -20.6231  -18.0336
    3.7556   -1.1565   -1.3479   33.7200    6.0996  -32.2433
eta,q 0.97365 11.07720

---------------------------------------------------------------------
imgreg_4dfp /opt/freesurfer/average/711-2C_as_mni_average_305 /opt/freesurfer/average/711-2B_as_mni_average_305_mask talsrcimg_g11 none talsrcimg_to_711-2C_as_mni_average_305_t4 2311
---------------------------------------------------------------------

freesurfer imgreg_4dfp.c
/opt/freesurfer/average/711-2C_as_mni_average_305.4dfp.img
       256       256       256         1
  1.000000  1.000000  1.000000
orientation T byte_order littleendian
Reading image: /opt/freesurfer/average/711-2C_as_mni_average_305.4dfp.img
dimensions:      256       256       256
mmppix:       1.0000   -1.0000   -1.0000
center:     128.0000 -129.0000 -129.0000
/opt/freesurfer/average/711-2B_as_mni_average_305_mask.4dfp.img
       256       256       256         1
  1.000000  1.000000  1.000000
orientation T byte_order littleendian
Reading mask: /opt/freesurfer/average/711-2B_as_mni_average_305_mask.4dfp.img (2306576 pixels)
talsrcimg_g11.4dfp.img
       256       256       256         1
  0.898438  0.898438  0.898438
orientation T byte_order littleendian
Reading image: talsrcimg_g11.4dfp.img
dimensions:      256       256       256
mmppix:       0.8984   -0.8984   -0.8984
center:     115.0001 -115.8985 -115.8985
fimgreg.f
image alignment mode   2311 decimal      907 hex
parameters
   -0.8304   -2.2501    6.0640   -8.4028  -20.6231  -18.0336
    3.7556   -1.1565   -1.3479   33.7200    6.0996  -32.2433
eta,q 0.97365 11.07720
niter,ni,del,rscale     5    3    5.0000    0.8000
parameters
   -0.8300   -2.2754    6.0336   -8.2881  -20.1450  -18.1901
    3.7767   -1.1711   -1.3670   33.6120    6.2246  -32.3049
eta,q 0.97368 11.10384
  0.0283  0.0280  0.0275  0.0272  0.0278  0.0281  0.0280  0.0289  0.0277  0.0280  0.0269  0.0272
  0.0272  0.0270  0.0268  0.0267  0.0271  0.0271  0.0271  0.0275  0.0269  0.0271  0.0266  0.0267
  0.0266  0.0265  0.0264  0.0264  0.0266  0.0265  0.0265  0.0266  0.0265  0.0265  0.0264  0.0264
  0.0264  0.0264  0.0263  0.0263  0.0263  0.0263  0.0263  0.0263  0.0263  0.0263  0.0263  0.0263
  0.0266  0.0266  0.0265  0.0264  0.0264  0.0266  0.0265  0.0266  0.0265  0.0265  0.0264  0.0264
  0.0272  0.0271  0.0269  0.0266  0.0267  0.0273  0.0271  0.0275  0.0269  0.0272  0.0265  0.0268
  0.0283  0.0281  0.0275  0.0271  0.0274  0.0283  0.0280  0.0290  0.0277  0.0282  0.0269  0.0273
niter,ni,del,rscale     4    3    5.0000    0.7000
parameters
   -0.8246   -2.2998    5.9868   -8.2617  -20.0991  -18.2988
    3.7830   -1.1753   -1.3809   33.6076    6.2610  -32.3516
eta,q 0.97368 11.10286
  0.0278  0.0276  0.0271  0.0269  0.0273  0.0278  0.0276  0.0283  0.0274  0.0277  0.0268  0.0270
  0.0270  0.0269  0.0267  0.0266  0.0268  0.0269  0.0269  0.0272  0.0268  0.0270  0.0265  0.0266
  0.0265  0.0264  0.0264  0.0264  0.0265  0.0265  0.0265  0.0266  0.0264  0.0265  0.0264  0.0264
  0.0263  0.0263  0.0263  0.0263  0.0263  0.0263  0.0263  0.0263  0.0263  0.0263  0.0263  0.0263
  0.0265  0.0265  0.0264  0.0264  0.0264  0.0265  0.0264  0.0265  0.0264  0.0264  0.0264  0.0264
  0.0270  0.0269  0.0268  0.0265  0.0267  0.0271  0.0269  0.0272  0.0268  0.0269  0.0265  0.0267
  0.0278  0.0276  0.0273  0.0269  0.0273  0.0279  0.0276  0.0284  0.0274  0.0277  0.0268  0.0270
niter,ni,del,rscale     3    3    5.0000    0.6000
parameters
   -0.8232   -2.3042    5.9526   -8.2486  -20.0542  -18.3631
    3.7892   -1.1692   -1.3781   33.6247    6.2962  -32.4046
eta,q 0.97369 11.10459
  0.0274  0.0273  0.0269  0.0267  0.0271  0.0274  0.0273  0.0278  0.0271  0.0273  0.0266  0.0268
  0.0268  0.0267  0.0266  0.0265  0.0267  0.0268  0.0267  0.0270  0.0267  0.0268  0.0265  0.0265
  0.0264  0.0264  0.0264  0.0263  0.0264  0.0264  0.0264  0.0265  0.0264  0.0264  0.0264  0.0264
  0.0263  0.0263  0.0263  0.0263  0.0263  0.0263  0.0263  0.0263  0.0263  0.0263  0.0263  0.0263
  0.0264  0.0264  0.0264  0.0263  0.0264  0.0265  0.0264  0.0265  0.0264  0.0264  0.0263  0.0264
  0.0268  0.0268  0.0266  0.0265  0.0266  0.0269  0.0267  0.0270  0.0267  0.0268  0.0264  0.0266
  0.0274  0.0273  0.0270  0.0267  0.0270  0.0275  0.0273  0.0278  0.0271  0.0273  0.0266  0.0269
niter,ni,del,rscale     2    3    5.0000    0.5000
parameters
   -0.8218   -2.3086    5.9297   -8.2459  -20.0268  -18.3989
    3.7979   -1.1635   -1.3915   33.6550    6.3181  -32.4439
eta,q 0.97369 11.10635
  0.0271  0.0270  0.0267  0.0266  0.0268  0.0271  0.0270  0.0273  0.0268  0.0270  0.0265  0.0267
  0.0267  0.0266  0.0265  0.0264  0.0266  0.0266  0.0266  0.0268  0.0265  0.0267  0.0264  0.0265
  0.0264  0.0264  0.0264  0.0263  0.0264  0.0264  0.0264  0.0264  0.0264  0.0264  0.0263  0.0263
  0.0263  0.0263  0.0263  0.0263  0.0263  0.0263  0.0263  0.0263  0.0263  0.0263  0.0263  0.0263
  0.0264  0.0264  0.0264  0.0263  0.0264  0.0264  0.0264  0.0264  0.0264  0.0264  0.0263  0.0264
  0.0267  0.0266  0.0265  0.0264  0.0265  0.0267  0.0266  0.0268  0.0266  0.0266  0.0264  0.0265
  0.0271  0.0270  0.0268  0.0266  0.0268  0.0271  0.0270  0.0273  0.0269  0.0270  0.0265  0.0267
niter,ni,del,rscale     1    3    5.0000    0.4000
parameters
   -0.8228   -2.3123    5.9153   -8.2338  -20.0124  -18.4135
    3.8091   -1.1472   -1.3968   33.6795    6.3410  -32.4672
eta,q 0.97369 11.10849
  0.0268  0.0267  0.0266  0.0265  0.0266  0.0268  0.0267  0.0270  0.0267  0.0268  0.0264  0.0265
  0.0265  0.0265  0.0264  0.0264  0.0265  0.0265  0.0265  0.0266  0.0265  0.0265  0.0264  0.0264
  0.0264  0.0264  0.0263  0.0263  0.0264  0.0264  0.0264  0.0264  0.0263  0.0264  0.0263  0.0263
  0.0263  0.0263  0.0263  0.0263  0.0263  0.0263  0.0263  0.0263  0.0263  0.0263  0.0263  0.0263
  0.0264  0.0264  0.0263  0.0263  0.0263  0.0264  0.0264  0.0264  0.0263  0.0263  0.0263  0.0263
  0.0265  0.0265  0.0264  0.0264  0.0264  0.0265  0.0265  0.0266  0.0265  0.0265  0.0264  0.0264
  0.0268  0.0267  0.0266  0.0265  0.0266  0.0268  0.0267  0.0270  0.0267  0.0268  0.0264  0.0265
registration optimization eta report
parameter search radius
    0.8000    0.8000    0.8000    2.4000    2.4000    2.4000
    2.4000    2.4000    2.4000    2.4000    2.4000    2.4000
100000*second partial in parameter space
       77.       67.       46.        3.        6.        9.
        7.       12.        6.        8.        2.        4.
  0.0268  0.0267  0.0266  0.0265  0.0266  0.0268  0.0267  0.0270  0.0267  0.0268  0.0264  0.0265
  0.0265  0.0265  0.0264  0.0264  0.0265  0.0265  0.0265  0.0266  0.0265  0.0265  0.0264  0.0264
  0.0264  0.0264  0.0263  0.0263  0.0264  0.0264  0.0264  0.0264  0.0263  0.0264  0.0263  0.0263
  0.0263  0.0263  0.0263  0.0263  0.0263  0.0263  0.0263  0.0263  0.0263  0.0263  0.0263  0.0263
  0.0264  0.0264  0.0263  0.0263  0.0263  0.0264  0.0264  0.0264  0.0263  0.0263  0.0263  0.0263
  0.0265  0.0265  0.0264  0.0264  0.0264  0.0265  0.0265  0.0266  0.0265  0.0265  0.0264  0.0264
  0.0268  0.0267  0.0266  0.0265  0.0266  0.0268  0.0267  0.0270  0.0267  0.0268  0.0264  0.0265
   -0.8228   -2.3123    5.9153   -8.2338  -20.0124  -18.4135
    3.8091   -1.1472   -1.3968   33.6795    6.3410  -32.4672
eta,q 0.97369 11.10849

---------------------------------------------------------------------
imgreg_4dfp /opt/freesurfer/average/711-2C_as_mni_average_305 /opt/freesurfer/average/711-2B_as_mni_average_305_mask talsrcimg_g11 none talsrcimg_to_711-2C_as_mni_average_305_t4 2311
---------------------------------------------------------------------

freesurfer imgreg_4dfp.c
/opt/freesurfer/average/711-2C_as_mni_average_305.4dfp.img
       256       256       256         1
  1.000000  1.000000  1.000000
orientation T byte_order littleendian
Reading image: /opt/freesurfer/average/711-2C_as_mni_average_305.4dfp.img
dimensions:      256       256       256
mmppix:       1.0000   -1.0000   -1.0000
center:     128.0000 -129.0000 -129.0000
/opt/freesurfer/average/711-2B_as_mni_average_305_mask.4dfp.img
       256       256       256         1
  1.000000  1.000000  1.000000
orientation T byte_order littleendian
Reading mask: /opt/freesurfer/average/711-2B_as_mni_average_305_mask.4dfp.img (2306576 pixels)
talsrcimg_g11.4dfp.img
       256       256       256         1
  0.898438  0.898438  0.898438
orientation T byte_order littleendian
Reading image: talsrcimg_g11.4dfp.img
dimensions:      256       256       256
mmppix:       0.8984   -0.8984   -0.8984
center:     115.0001 -115.8985 -115.8985
fimgreg.f
image alignment mode   2311 decimal      907 hex
parameters
   -0.8228   -2.3123    5.9153   -8.2338  -20.0124  -18.4135
    3.8091   -1.1472   -1.3968   33.6795    6.3410  -32.4672
eta,q 0.97369 11.10849
niter,ni,del,rscale     5    3    5.0000    0.8000
parameters
   -0.8183   -2.2978    5.9237   -8.2810  -20.1583  -18.3276
    3.7848   -1.1766   -1.3634   33.6446    6.2262  -32.4344
eta,q 0.97369 11.09979
  0.0283  0.0280  0.0275  0.0271  0.0275  0.0283  0.0280  0.0289  0.0277  0.0280  0.0268  0.0273
  0.0272  0.0271  0.0268  0.0266  0.0269  0.0272  0.0270  0.0275  0.0269  0.0271  0.0266  0.0267
  0.0265  0.0265  0.0264  0.0264  0.0265  0.0265  0.0265  0.0266  0.0265  0.0265  0.0264  0.0264
  0.0263  0.0263  0.0263  0.0263  0.0263  0.0263  0.0263  0.0263  0.0263  0.0263  0.0263  0.0263
  0.0265  0.0265  0.0264  0.0264  0.0265  0.0265  0.0265  0.0266  0.0265  0.0265  0.0264  0.0264
  0.0272  0.0271  0.0268  0.0266  0.0269  0.0272  0.0271  0.0275  0.0269  0.0271  0.0266  0.0267
  0.0283  0.0280  0.0275  0.0271  0.0277  0.0281  0.0280  0.0290  0.0276  0.0281  0.0269  0.0272
niter,ni,del,rscale     4    3    5.0000    0.7000
parameters
   -0.8239   -2.3041    5.9420   -8.2558  -20.1149  -18.3378
    3.7880   -1.1749   -1.3674   33.6316    6.2559  -32.4219
eta,q 0.97369 11.10261
  0.0278  0.0276  0.0272  0.0269  0.0273  0.0278  0.0276  0.0283  0.0274  0.0277  0.0268  0.0270
  0.0270  0.0269  0.0267  0.0265  0.0268  0.0270  0.0269  0.0272  0.0268  0.0269  0.0265  0.0266
  0.0265  0.0264  0.0264  0.0264  0.0265  0.0265  0.0265  0.0266  0.0264  0.0265  0.0264  0.0264
  0.0263  0.0263  0.0263  0.0263  0.0263  0.0263  0.0263  0.0263  0.0263  0.0263  0.0263  0.0263
  0.0265  0.0265  0.0264  0.0264  0.0264  0.0265  0.0264  0.0265  0.0264  0.0264  0.0264  0.0264
  0.0270  0.0269  0.0267  0.0265  0.0267  0.0270  0.0269  0.0272  0.0268  0.0269  0.0265  0.0266
  0.0278  0.0276  0.0272  0.0269  0.0273  0.0278  0.0276  0.0283  0.0274  0.0277  0.0268  0.0270
niter,ni,del,rscale     3    3    5.0000    0.6000
parameters
   -0.8216   -2.3068    5.9390   -8.2495  -20.0570  -18.3744
    3.7841   -1.1696   -1.3785   33.6338    6.2913  -32.4157
eta,q 0.97369 11.10433
  0.0274  0.0273  0.0270  0.0267  0.0271  0.0274  0.0273  0.0278  0.0271  0.0273  0.0266  0.0269
  0.0268  0.0267  0.0266  0.0265  0.0267  0.0268  0.0267  0.0270  0.0266  0.0268  0.0265  0.0265
  0.0264  0.0264  0.0264  0.0264  0.0264  0.0264  0.0264  0.0265  0.0264  0.0264  0.0264  0.0264
  0.0263  0.0263  0.0263  0.0263  0.0263  0.0263  0.0263  0.0263  0.0263  0.0263  0.0263  0.0263
  0.0264  0.0264  0.0264  0.0263  0.0264  0.0264  0.0264  0.0265  0.0264  0.0264  0.0263  0.0264
  0.0268  0.0267  0.0266  0.0265  0.0266  0.0269  0.0267  0.0270  0.0267  0.0268  0.0264  0.0265
  0.0274  0.0273  0.0270  0.0267  0.0270  0.0275  0.0273  0.0278  0.0271  0.0274  0.0266  0.0268
niter,ni,del,rscale     2    3    5.0000    0.5000
parameters
   -0.8219   -2.3098    5.9256   -8.2492  -20.0348  -18.4003
    3.7946   -1.1625   -1.3875   33.6534    6.3177  -32.4514
eta,q 0.97369 11.10565
  0.0271  0.0270  0.0268  0.0266  0.0268  0.0271  0.0270  0.0273  0.0268  0.0270  0.0265  0.0267
  0.0267  0.0266  0.0265  0.0264  0.0265  0.0267  0.0266  0.0268  0.0265  0.0266  0.0264  0.0265
  0.0264  0.0264  0.0264  0.0263  0.0264  0.0264  0.0264  0.0264  0.0264  0.0264  0.0263  0.0263
  0.0263  0.0263  0.0263  0.0263  0.0263  0.0263  0.0263  0.0263  0.0263  0.0263  0.0263  0.0263
  0.0264  0.0264  0.0264  0.0263  0.0264  0.0264  0.0264  0.0264  0.0264  0.0264  0.0263  0.0264
  0.0267  0.0266  0.0265  0.0264  0.0265  0.0267  0.0266  0.0268  0.0266  0.0266  0.0264  0.0265
  0.0271  0.0270  0.0268  0.0266  0.0268  0.0271  0.0270  0.0273  0.0269  0.0270  0.0265  0.0267
niter,ni,del,rscale     1    3    5.0000    0.4000
parameters
   -0.8215   -2.3115    5.9139   -8.2255  -20.0087  -18.4171
    3.8062   -1.1490   -1.3944   33.6841    6.3337  -32.4763
eta,q 0.97370 11.10946
  0.0268  0.0267  0.0266  0.0265  0.0266  0.0268  0.0267  0.0270  0.0267  0.0268  0.0265  0.0265
  0.0265  0.0265  0.0264  0.0264  0.0265  0.0265  0.0265  0.0266  0.0265  0.0265  0.0264  0.0264
  0.0264  0.0264  0.0263  0.0263  0.0264  0.0264  0.0264  0.0264  0.0263  0.0264  0.0263  0.0263
  0.0263  0.0263  0.0263  0.0263  0.0263  0.0263  0.0263  0.0263  0.0263  0.0263  0.0263  0.0263
  0.0264  0.0264  0.0263  0.0263  0.0263  0.0264  0.0264  0.0264  0.0263  0.0263  0.0263  0.0263
  0.0265  0.0265  0.0264  0.0264  0.0264  0.0265  0.0265  0.0266  0.0265  0.0265  0.0264  0.0264
  0.0268  0.0267  0.0266  0.0265  0.0266  0.0268  0.0267  0.0270  0.0267  0.0268  0.0265  0.0265
registration optimization eta report
parameter search radius
    0.8000    0.8000    0.8000    2.4000    2.4000    2.4000
    2.4000    2.4000    2.4000    2.4000    2.4000    2.4000
100000*second partial in parameter space
       77.       67.       46.        3.        6.        9.
        7.       12.        6.        8.        2.        4.
  0.0268  0.0267  0.0266  0.0265  0.0266  0.0268  0.0267  0.0270  0.0267  0.0268  0.0265  0.0265
  0.0265  0.0265  0.0264  0.0264  0.0265  0.0265  0.0265  0.0266  0.0265  0.0265  0.0264  0.0264
  0.0264  0.0264  0.0263  0.0263  0.0264  0.0264  0.0264  0.0264  0.0263  0.0264  0.0263  0.0263
  0.0263  0.0263  0.0263  0.0263  0.0263  0.0263  0.0263  0.0263  0.0263  0.0263  0.0263  0.0263
  0.0264  0.0264  0.0263  0.0263  0.0263  0.0264  0.0264  0.0264  0.0263  0.0263  0.0263  0.0263
  0.0265  0.0265  0.0264  0.0264  0.0264  0.0265  0.0265  0.0266  0.0265  0.0265  0.0264  0.0264
  0.0268  0.0267  0.0266  0.0265  0.0266  0.0268  0.0267  0.0270  0.0267  0.0268  0.0265  0.0265
   -0.8215   -2.3115    5.9139   -8.2255  -20.0087  -18.4171
    3.8062   -1.1490   -1.3944   33.6841    6.3337  -32.4763
eta,q 0.97370 11.10946

---------------------------------------------------------------------
compute_vox2vox talsrcimg talsrcimg_to_711-2C_as_mni_average_305_t4 /opt/freesurfer/average/711-2C_as_mni_average_305
---------------------------------------------------------------------

freesurfer compute_vox2vox.c
Reading: talsrcimg.4dfp.ifh
Reading: talsrcimg_to_711-2C_as_mni_average_305_t4
Reading: /opt/freesurfer/average/711-2C_as_mni_average_305.4dfp.ifh
Writing: talsrcimg_to_711-2C_as_mni_average_305_t4_vox2vox.txt

start time Wed Mar 11 05:08:30 CET 2026
end		time Wed Mar 11 05:09:54 CET 2026

mpr2mni305 success

avi2talxfm orig_nu.mgz /opt/freesurfer/average/mni305.cor.mgz talsrcimg_to_711-2C_as_mni_average_305_t4_vox2vox.txt transforms/talairach.auto.xfm
avi2talxfm done
mv -f /out/sourcedata/freesurfer/sub-v2s13x29133_ses-1/mri/talsrcimg_to_711-2C_as_mni_average_305_t4_vox2vox.txt /out/sourcedata/freesurfer/sub-v2s13x29133_ses-1/mri/transforms/talsrcimg_to_711-2C_as_mni_average_305_t4_vox2vox.txt
lta_convert --src orig_nu.mgz --trg /opt/freesurfer/average/mni305.cor.mgz --inxfm transforms/talairach.auto.xfm --outlta transforms/talairach.auto.xfm.lta --subject fsaverage
7.3.2

--src: orig_nu.mgz src image (geometry).
--trg: /opt/freesurfer/average/mni305.cor.mgz trg image (geometry).
--inmni: transforms/talairach.auto.xfm input MNI/XFM transform.
--outlta: transforms/talairach.auto.xfm.lta output LTA.
--s: fsaverage subject name
 LTA read, type : 1
 1.08687   0.03140  -0.03897  -1.77004;
-0.06581   1.04787   0.42856  -0.90153;
 0.04666  -0.44071   1.06899   16.01711;
 0.00000   0.00000   0.00000   1.00000;
setting subject to fsaverage
Writing  LTA to file transforms/talairach.auto.xfm.lta...
lta_convert successful.
 
 
Started at Wed Mar 11 05:08:29 CET 2026
Ended   at Wed Mar 11 05:09:54 CET 2026
talairach_avi done
