status file for recon-all
Wed Mar 11 04:49:58 CET 2026
#@# Tessellate lh Wed Mar 11 04:49:58 CET 2026
#@# Smooth1 lh Wed Mar 11 04:50:02 CET 2026
#@# Inflation1 lh Wed Mar 11 04:50:05 CET 2026
#@# QSphere lh Wed Mar 11 04:51:08 CET 2026
#@# Fix Topology lh Wed Mar 11 04:52:01 CET 2026
#@# Smooth2 lh Wed Mar 11 04:59:02 CET 2026
#@# Inflation2 lh Wed Mar 11 04:59:05 CET 2026
#@# Curv .H and .K lh Wed Mar 11 05:00:05 CET 2026
#@# Sphere lh Wed Mar 11 05:00:50 CET 2026
#@# Surf Reg lh Wed Mar 11 05:03:07 CET 2026
#@# Jacobian white lh Wed Mar 11 05:06:43 CET 2026
#@# AvgCurv lh Wed Mar 11 05:06:43 CET 2026
#@# Cortical Parc lh Wed Mar 11 05:06:44 CET 2026
#@# white curv lh Wed Mar 11 05:13:04 CET 2026
#@# white area lh Wed Mar 11 05:13:06 CET 2026
#@# pial curv lh Wed Mar 11 05:13:07 CET 2026
#@# pial area lh Wed Mar 11 05:13:08 CET 2026
#@# thickness lh Wed Mar 11 05:13:09 CET 2026
#@# area and vertex vol lh Wed Mar 11 05:13:37 CET 2026
#@# Curvature Stats lh Wed Mar 11 05:13:39 CET 2026
#@# Cortical Parc 2 lh Wed Mar 11 05:13:41 CET 2026
#@# Cortical Parc 3 lh Wed Mar 11 05:13:54 CET 2026
#@# WM/GM Contrast lh Wed Mar 11 05:14:04 CET 2026
recon-all -s sub-v2s13x29100_ses-1 finished without error at Wed Mar 11 05:14:09 CET 2026



#New# invocation of recon-all 



status file for recon-all
Wed Mar 11 05:45:27 CET 2026
#@# white curv lh Wed Mar 11 05:45:27 CET 2026
#@# white area lh Wed Mar 11 05:45:27 CET 2026
#@# pial curv lh Wed Mar 11 05:45:27 CET 2026
#@# pial area lh Wed Mar 11 05:45:27 CET 2026
#@# thickness lh Wed Mar 11 05:45:27 CET 2026
#@# area and vertex vol lh Wed Mar 11 05:45:27 CET 2026
#@# Parcellation Stats lh Wed Mar 11 05:45:27 CET 2026
#@# Parcellation Stats 2 lh Wed Mar 11 05:45:45 CET 2026
#@# Parcellation Stats 3 lh Wed Mar 11 05:45:54 CET 2026
#@# BA_exvivo Labels lh Wed Mar 11 05:46:03 CET 2026
recon-all -s sub-v2s13x29100_ses-1 finished without error at Wed Mar 11 05:48:32 CET 2026
