status file for recon-all
Wed Mar 11 03:07:55 CET 2026
#@# MotionCor Wed Mar 11 03:07:57 CET 2026
#@# Talairach Wed Mar 11 03:08:07 CET 2026
#@# Talairach Failure Detection Wed Mar 11 03:12:30 CET 2026
#@# Nu Intensity Correction Wed Mar 11 03:12:30 CET 2026
#@# Intensity Normalization Wed Mar 11 03:15:45 CET 2026
recon-all -s sub-v2s13x29100_ses-1 finished without error at Wed Mar 11 03:17:08 CET 2026



#New# invocation of recon-all 



status file for recon-all
Wed Mar 11 03:24:24 CET 2026
#@# EM Registration Wed Mar 11 03:24:24 CET 2026
recon-all -s sub-v2s13x29100_ses-1 finished without error at Wed Mar 11 03:26:50 CET 2026



#New# invocation of recon-all 



status file for recon-all
Wed Mar 11 03:26:54 CET 2026
#@# CA Normalize Wed Mar 11 03:26:54 CET 2026
#@# CA Reg Wed Mar 11 03:28:14 CET 2026
#@# SubCort Seg Wed Mar 11 04:13:28 CET 2026
#@# CC Seg Wed Mar 11 04:44:05 CET 2026
#@# Merge ASeg Wed Mar 11 04:44:41 CET 2026
#@# Intensity Normalization2 Wed Mar 11 04:44:41 CET 2026
#@# Mask BFS Wed Mar 11 04:46:48 CET 2026
#@# WM Segmentation Wed Mar 11 04:46:48 CET 2026
#@# Fill Wed Mar 11 04:48:49 CET 2026
recon-all -s sub-v2s13x29100_ses-1 finished without error at Wed Mar 11 04:49:52 CET 2026



#New# invocation of recon-all 



status file for recon-all
Wed Mar 11 05:38:39 CET 2026
#@# white curv lh Wed Mar 11 05:38:39 CET 2026
#@# white area lh Wed Mar 11 05:38:39 CET 2026
#@# pial curv lh Wed Mar 11 05:38:39 CET 2026
#@# pial area lh Wed Mar 11 05:38:39 CET 2026
#@# thickness lh Wed Mar 11 05:38:39 CET 2026
#@# area and vertex vol lh Wed Mar 11 05:38:39 CET 2026
#@# white curv rh Wed Mar 11 05:38:39 CET 2026
#@# white area rh Wed Mar 11 05:38:39 CET 2026
#@# pial curv rh Wed Mar 11 05:38:39 CET 2026
#@# pial area rh Wed Mar 11 05:38:39 CET 2026
#@# thickness rh Wed Mar 11 05:38:39 CET 2026
#@# area and vertex vol rh Wed Mar 11 05:38:39 CET 2026
#@# Cortical ribbon mask Wed Mar 11 05:38:39 CET 2026
recon-all -s sub-v2s13x29100_ses-1 finished without error at Wed Mar 11 05:45:24 CET 2026



#New# invocation of recon-all 



status file for recon-all
Wed Mar 11 05:51:43 CET 2026
#@# white curv lh Wed Mar 11 05:51:43 CET 2026
#@# white area lh Wed Mar 11 05:51:43 CET 2026
#@# pial curv lh Wed Mar 11 05:51:43 CET 2026
#@# pial area lh Wed Mar 11 05:51:43 CET 2026
#@# thickness lh Wed Mar 11 05:51:43 CET 2026
#@# area and vertex vol lh Wed Mar 11 05:51:43 CET 2026
#@# white curv rh Wed Mar 11 05:51:43 CET 2026
#@# white area rh Wed Mar 11 05:51:43 CET 2026
#@# pial curv rh Wed Mar 11 05:51:43 CET 2026
#@# pial area rh Wed Mar 11 05:51:43 CET 2026
#@# thickness rh Wed Mar 11 05:51:43 CET 2026
#@# area and vertex vol rh Wed Mar 11 05:51:43 CET 2026
#@# Curvature Stats lh Wed Mar 11 05:51:43 CET 2026
#@# Curvature Stats rh Wed Mar 11 05:51:46 CET 2026
#@# Relabel Hypointensities Wed Mar 11 05:51:48 CET 2026
#@# APas-to-ASeg Wed Mar 11 05:52:04 CET 2026
#@# AParc-to-ASeg aparc Wed Mar 11 05:52:12 CET 2026
#@# AParc-to-ASeg aparc.a2009s Wed Mar 11 05:52:42 CET 2026
#@# AParc-to-ASeg aparc.DKTatlas Wed Mar 11 05:53:16 CET 2026
#@# WMParc Wed Mar 11 05:53:52 CET 2026
#@# ASeg Stats Wed Mar 11 05:57:21 CET 2026
recon-all -s sub-v2s13x29100_ses-1 finished without error at Wed Mar 11 05:58:01 CET 2026
