status file for recon-all
Wed Mar 11 05:14:11 CET 2026
#@# Tessellate rh Wed Mar 11 05:14:11 CET 2026
#@# Smooth1 rh Wed Mar 11 05:14:15 CET 2026
#@# Inflation1 rh Wed Mar 11 05:14:18 CET 2026
#@# QSphere rh Wed Mar 11 05:15:15 CET 2026
#@# Fix Topology rh Wed Mar 11 05:16:13 CET 2026
#@# Smooth2 rh Wed Mar 11 05:22:25 CET 2026
#@# Inflation2 rh Wed Mar 11 05:22:28 CET 2026
#@# Curv .H and .K rh Wed Mar 11 05:23:36 CET 2026
#@# Sphere rh Wed Mar 11 05:24:23 CET 2026
#@# Surf Reg rh Wed Mar 11 05:27:07 CET 2026
#@# Jacobian white rh Wed Mar 11 05:31:22 CET 2026
#@# AvgCurv rh Wed Mar 11 05:31:23 CET 2026
#@# Cortical Parc rh Wed Mar 11 05:31:23 CET 2026
#@# white curv rh Wed Mar 11 05:37:31 CET 2026
#@# white area rh Wed Mar 11 05:37:32 CET 2026
#@# pial curv rh Wed Mar 11 05:37:33 CET 2026
#@# pial area rh Wed Mar 11 05:37:35 CET 2026
#@# thickness rh Wed Mar 11 05:37:35 CET 2026
#@# area and vertex vol rh Wed Mar 11 05:38:05 CET 2026
#@# Curvature Stats rh Wed Mar 11 05:38:06 CET 2026
#@# Cortical Parc 2 rh Wed Mar 11 05:38:08 CET 2026
#@# Cortical Parc 3 rh Wed Mar 11 05:38:22 CET 2026
#@# WM/GM Contrast rh Wed Mar 11 05:38:32 CET 2026
recon-all -s sub-v2s13x29100_ses-1 finished without error at Wed Mar 11 05:38:36 CET 2026



#New# invocation of recon-all 



status file for recon-all
Wed Mar 11 05:48:35 CET 2026
#@# white curv rh Wed Mar 11 05:48:35 CET 2026
#@# white area rh Wed Mar 11 05:48:35 CET 2026
#@# pial curv rh Wed Mar 11 05:48:35 CET 2026
#@# pial area rh Wed Mar 11 05:48:35 CET 2026
#@# thickness rh Wed Mar 11 05:48:35 CET 2026
#@# area and vertex vol rh Wed Mar 11 05:48:35 CET 2026
#@# Parcellation Stats rh Wed Mar 11 05:48:35 CET 2026
#@# Parcellation Stats 2 rh Wed Mar 11 05:48:54 CET 2026
#@# Parcellation Stats 3 rh Wed Mar 11 05:49:03 CET 2026
#@# BA_exvivo Labels rh Wed Mar 11 05:49:12 CET 2026
recon-all -s sub-v2s13x29100_ses-1 finished without error at Wed Mar 11 05:51:38 CET 2026
