status file for recon-all
Wed Mar 11 03:05:22 CET 2026
#@# MotionCor Wed Mar 11 03:05:24 CET 2026
#@# Talairach Wed Mar 11 03:05:35 CET 2026
#@# Talairach Failure Detection Wed Mar 11 03:09:58 CET 2026
#@# Nu Intensity Correction Wed Mar 11 03:09:58 CET 2026
#@# Intensity Normalization Wed Mar 11 03:13:14 CET 2026
recon-all -s sub-v2s13x29098_ses-1 finished without error at Wed Mar 11 03:14:39 CET 2026



#New# invocation of recon-all 



status file for recon-all
Wed Mar 11 03:22:29 CET 2026
#@# EM Registration Wed Mar 11 03:22:29 CET 2026
recon-all -s sub-v2s13x29098_ses-1 finished without error at Wed Mar 11 03:24:15 CET 2026



#New# invocation of recon-all 



status file for recon-all
Wed Mar 11 03:24:18 CET 2026
#@# CA Normalize Wed Mar 11 03:24:18 CET 2026
#@# CA Reg Wed Mar 11 03:25:37 CET 2026
#@# SubCort Seg Wed Mar 11 04:15:24 CET 2026
#@# CC Seg Wed Mar 11 04:53:01 CET 2026
#@# Merge ASeg Wed Mar 11 04:53:34 CET 2026
#@# Intensity Normalization2 Wed Mar 11 04:53:34 CET 2026
#@# Mask BFS Wed Mar 11 04:55:47 CET 2026
#@# WM Segmentation Wed Mar 11 04:55:48 CET 2026
#@# Fill Wed Mar 11 04:58:03 CET 2026
recon-all -s sub-v2s13x29098_ses-1 finished without error at Wed Mar 11 04:59:07 CET 2026



#New# invocation of recon-all 



status file for recon-all
Wed Mar 11 06:05:37 CET 2026
#@# white curv lh Wed Mar 11 06:05:37 CET 2026
#@# white area lh Wed Mar 11 06:05:37 CET 2026
#@# pial curv lh Wed Mar 11 06:05:37 CET 2026
#@# pial area lh Wed Mar 11 06:05:37 CET 2026
#@# thickness lh Wed Mar 11 06:05:37 CET 2026
#@# area and vertex vol lh Wed Mar 11 06:05:37 CET 2026
#@# white curv rh Wed Mar 11 06:05:37 CET 2026
#@# white area rh Wed Mar 11 06:05:37 CET 2026
#@# pial curv rh Wed Mar 11 06:05:37 CET 2026
#@# pial area rh Wed Mar 11 06:05:37 CET 2026
#@# thickness rh Wed Mar 11 06:05:37 CET 2026
#@# area and vertex vol rh Wed Mar 11 06:05:37 CET 2026
#@# Cortical ribbon mask Wed Mar 11 06:05:37 CET 2026
recon-all -s sub-v2s13x29098_ses-1 finished without error at Wed Mar 11 06:15:38 CET 2026



#New# invocation of recon-all 



status file for recon-all
Wed Mar 11 06:25:07 CET 2026
#@# white curv lh Wed Mar 11 06:25:07 CET 2026
#@# white area lh Wed Mar 11 06:25:07 CET 2026
#@# pial curv lh Wed Mar 11 06:25:07 CET 2026
#@# pial area lh Wed Mar 11 06:25:07 CET 2026
#@# thickness lh Wed Mar 11 06:25:07 CET 2026
#@# area and vertex vol lh Wed Mar 11 06:25:07 CET 2026
#@# white curv rh Wed Mar 11 06:25:07 CET 2026
#@# white area rh Wed Mar 11 06:25:07 CET 2026
#@# pial curv rh Wed Mar 11 06:25:07 CET 2026
#@# pial area rh Wed Mar 11 06:25:07 CET 2026
#@# thickness rh Wed Mar 11 06:25:07 CET 2026
#@# area and vertex vol rh Wed Mar 11 06:25:07 CET 2026
#@# Curvature Stats lh Wed Mar 11 06:25:07 CET 2026
#@# Curvature Stats rh Wed Mar 11 06:25:11 CET 2026
#@# Relabel Hypointensities Wed Mar 11 06:25:14 CET 2026
#@# APas-to-ASeg Wed Mar 11 06:25:36 CET 2026
#@# AParc-to-ASeg aparc Wed Mar 11 06:25:49 CET 2026
#@# AParc-to-ASeg aparc.a2009s Wed Mar 11 06:27:16 CET 2026
#@# AParc-to-ASeg aparc.DKTatlas Wed Mar 11 06:28:44 CET 2026
#@# WMParc Wed Mar 11 06:30:13 CET 2026
#@# ASeg Stats Wed Mar 11 06:34:13 CET 2026
recon-all -s sub-v2s13x29098_ses-1 finished without error at Wed Mar 11 06:34:58 CET 2026
