status file for recon-all
Wed Mar 11 05:33:11 CET 2026
#@# Tessellate rh Wed Mar 11 05:33:11 CET 2026
#@# Smooth1 rh Wed Mar 11 05:33:15 CET 2026
#@# Inflation1 rh Wed Mar 11 05:33:19 CET 2026
#@# QSphere rh Wed Mar 11 05:34:42 CET 2026
#@# Fix Topology rh Wed Mar 11 05:36:33 CET 2026
#@# Smooth2 rh Wed Mar 11 05:43:36 CET 2026
#@# Inflation2 rh Wed Mar 11 05:43:40 CET 2026
#@# Curv .H and .K rh Wed Mar 11 05:44:16 CET 2026
#@# Sphere rh Wed Mar 11 05:45:19 CET 2026
#@# Surf Reg rh Wed Mar 11 05:48:36 CET 2026
#@# Jacobian white rh Wed Mar 11 05:54:58 CET 2026
#@# AvgCurv rh Wed Mar 11 05:55:00 CET 2026
#@# Cortical Parc rh Wed Mar 11 05:55:01 CET 2026
#@# white curv rh Wed Mar 11 06:04:05 CET 2026
#@# white area rh Wed Mar 11 06:04:08 CET 2026
#@# pial curv rh Wed Mar 11 06:04:09 CET 2026
#@# pial area rh Wed Mar 11 06:04:11 CET 2026
#@# thickness rh Wed Mar 11 06:04:12 CET 2026
#@# area and vertex vol rh Wed Mar 11 06:04:52 CET 2026
#@# Curvature Stats rh Wed Mar 11 06:04:54 CET 2026
#@# Cortical Parc 2 rh Wed Mar 11 06:04:57 CET 2026
#@# Cortical Parc 3 rh Wed Mar 11 06:05:15 CET 2026
#@# WM/GM Contrast rh Wed Mar 11 06:05:28 CET 2026
recon-all -s sub-v2s13x29098_ses-1 finished without error at Wed Mar 11 06:05:33 CET 2026



#New# invocation of recon-all 



status file for recon-all
Wed Mar 11 06:20:27 CET 2026
#@# white curv rh Wed Mar 11 06:20:27 CET 2026
#@# white area rh Wed Mar 11 06:20:27 CET 2026
#@# pial curv rh Wed Mar 11 06:20:27 CET 2026
#@# pial area rh Wed Mar 11 06:20:28 CET 2026
#@# thickness rh Wed Mar 11 06:20:28 CET 2026
#@# area and vertex vol rh Wed Mar 11 06:20:28 CET 2026
#@# Parcellation Stats rh Wed Mar 11 06:20:28 CET 2026
#@# Parcellation Stats 2 rh Wed Mar 11 06:20:59 CET 2026
#@# Parcellation Stats 3 rh Wed Mar 11 06:21:16 CET 2026
#@# BA_exvivo Labels rh Wed Mar 11 06:21:31 CET 2026
recon-all -s sub-v2s13x29098_ses-1 finished without error at Wed Mar 11 06:25:03 CET 2026
