status file for recon-all
Wed Mar 11 04:21:27 CET 2026
#@# MotionCor Wed Mar 11 04:21:29 CET 2026
#@# Talairach Wed Mar 11 04:21:40 CET 2026
#@# Talairach Failure Detection Wed Mar 11 04:26:04 CET 2026
#@# Nu Intensity Correction Wed Mar 11 04:26:04 CET 2026
#@# Intensity Normalization Wed Mar 11 04:29:19 CET 2026
recon-all -s sub-v2s13x29119_ses-1 finished without error at Wed Mar 11 04:30:42 CET 2026



#New# invocation of recon-all 



status file for recon-all
Wed Mar 11 04:38:10 CET 2026
#@# EM Registration Wed Mar 11 04:38:10 CET 2026
recon-all -s sub-v2s13x29119_ses-1 finished without error at Wed Mar 11 04:39:48 CET 2026



#New# invocation of recon-all 



status file for recon-all
Wed Mar 11 04:39:51 CET 2026
#@# CA Normalize Wed Mar 11 04:39:51 CET 2026
#@# CA Reg Wed Mar 11 04:41:09 CET 2026
#@# SubCort Seg Wed Mar 11 05:27:08 CET 2026
#@# CC Seg Wed Mar 11 06:00:37 CET 2026
#@# Merge ASeg Wed Mar 11 06:01:14 CET 2026
#@# Intensity Normalization2 Wed Mar 11 06:01:14 CET 2026
#@# Mask BFS Wed Mar 11 06:03:20 CET 2026
#@# WM Segmentation Wed Mar 11 06:03:21 CET 2026
#@# Fill Wed Mar 11 06:05:32 CET 2026
recon-all -s sub-v2s13x29119_ses-1 finished without error at Wed Mar 11 06:06:33 CET 2026



#New# invocation of recon-all 



status file for recon-all
Wed Mar 11 07:06:20 CET 2026
#@# white curv lh Wed Mar 11 07:06:20 CET 2026
#@# white area lh Wed Mar 11 07:06:20 CET 2026
#@# pial curv lh Wed Mar 11 07:06:20 CET 2026
#@# pial area lh Wed Mar 11 07:06:21 CET 2026
#@# thickness lh Wed Mar 11 07:06:21 CET 2026
#@# area and vertex vol lh Wed Mar 11 07:06:21 CET 2026
#@# white curv rh Wed Mar 11 07:06:21 CET 2026
#@# white area rh Wed Mar 11 07:06:21 CET 2026
#@# pial curv rh Wed Mar 11 07:06:21 CET 2026
#@# pial area rh Wed Mar 11 07:06:21 CET 2026
#@# thickness rh Wed Mar 11 07:06:21 CET 2026
#@# area and vertex vol rh Wed Mar 11 07:06:21 CET 2026
#@# Cortical ribbon mask Wed Mar 11 07:06:21 CET 2026
recon-all -s sub-v2s13x29119_ses-1 finished without error at Wed Mar 11 07:13:59 CET 2026



#New# invocation of recon-all 



status file for recon-all
Wed Mar 11 07:22:14 CET 2026
#@# white curv lh Wed Mar 11 07:22:14 CET 2026
#@# white area lh Wed Mar 11 07:22:14 CET 2026
#@# pial curv lh Wed Mar 11 07:22:14 CET 2026
#@# pial area lh Wed Mar 11 07:22:15 CET 2026
#@# thickness lh Wed Mar 11 07:22:15 CET 2026
#@# area and vertex vol lh Wed Mar 11 07:22:15 CET 2026
#@# white curv rh Wed Mar 11 07:22:15 CET 2026
#@# white area rh Wed Mar 11 07:22:15 CET 2026
#@# pial curv rh Wed Mar 11 07:22:15 CET 2026
#@# pial area rh Wed Mar 11 07:22:15 CET 2026
#@# thickness rh Wed Mar 11 07:22:15 CET 2026
#@# area and vertex vol rh Wed Mar 11 07:22:15 CET 2026
#@# Curvature Stats lh Wed Mar 11 07:22:15 CET 2026
#@# Curvature Stats rh Wed Mar 11 07:22:18 CET 2026
#@# Relabel Hypointensities Wed Mar 11 07:22:21 CET 2026
#@# APas-to-ASeg Wed Mar 11 07:22:40 CET 2026
#@# AParc-to-ASeg aparc Wed Mar 11 07:22:50 CET 2026
#@# AParc-to-ASeg aparc.a2009s Wed Mar 11 07:23:53 CET 2026
#@# AParc-to-ASeg aparc.DKTatlas Wed Mar 11 07:24:54 CET 2026
#@# WMParc Wed Mar 11 07:25:57 CET 2026
#@# ASeg Stats Wed Mar 11 07:29:40 CET 2026
recon-all -s sub-v2s13x29119_ses-1 finished without error at Wed Mar 11 07:30:21 CET 2026
