status file for recon-all
Wed Mar 11 06:37:20 CET 2026
#@# Tessellate rh Wed Mar 11 06:37:20 CET 2026
#@# Smooth1 rh Wed Mar 11 06:37:25 CET 2026
#@# Inflation1 rh Wed Mar 11 06:37:28 CET 2026
#@# QSphere rh Wed Mar 11 06:38:43 CET 2026
#@# Fix Topology rh Wed Mar 11 06:39:57 CET 2026
#@# Smooth2 rh Wed Mar 11 06:48:28 CET 2026
#@# Inflation2 rh Wed Mar 11 06:48:32 CET 2026
#@# Curv .H and .K rh Wed Mar 11 06:48:55 CET 2026
#@# Sphere rh Wed Mar 11 06:49:56 CET 2026
#@# Surf Reg rh Wed Mar 11 06:52:50 CET 2026
#@# Jacobian white rh Wed Mar 11 06:57:12 CET 2026
#@# AvgCurv rh Wed Mar 11 06:57:13 CET 2026
#@# Cortical Parc rh Wed Mar 11 06:57:14 CET 2026
#@# white curv rh Wed Mar 11 07:04:54 CET 2026
#@# white area rh Wed Mar 11 07:04:56 CET 2026
#@# pial curv rh Wed Mar 11 07:04:57 CET 2026
#@# pial area rh Wed Mar 11 07:04:59 CET 2026
#@# thickness rh Wed Mar 11 07:05:00 CET 2026
#@# area and vertex vol rh Wed Mar 11 07:05:38 CET 2026
#@# Curvature Stats rh Wed Mar 11 07:05:40 CET 2026
#@# Cortical Parc 2 rh Wed Mar 11 07:05:43 CET 2026
#@# Cortical Parc 3 rh Wed Mar 11 07:05:59 CET 2026
#@# WM/GM Contrast rh Wed Mar 11 07:06:12 CET 2026
recon-all -s sub-v2s13x29119_ses-1 finished without error at Wed Mar 11 07:06:17 CET 2026



#New# invocation of recon-all 



status file for recon-all
Wed Mar 11 07:18:09 CET 2026
#@# white curv rh Wed Mar 11 07:18:09 CET 2026
#@# white area rh Wed Mar 11 07:18:09 CET 2026
#@# pial curv rh Wed Mar 11 07:18:09 CET 2026
#@# pial area rh Wed Mar 11 07:18:09 CET 2026
#@# thickness rh Wed Mar 11 07:18:09 CET 2026
#@# area and vertex vol rh Wed Mar 11 07:18:09 CET 2026
#@# Parcellation Stats rh Wed Mar 11 07:18:09 CET 2026
#@# Parcellation Stats 2 rh Wed Mar 11 07:18:37 CET 2026
#@# Parcellation Stats 3 rh Wed Mar 11 07:18:52 CET 2026
#@# BA_exvivo Labels rh Wed Mar 11 07:19:06 CET 2026
recon-all -s sub-v2s13x29119_ses-1 finished without error at Wed Mar 11 07:22:11 CET 2026
