status file for recon-all
Wed Mar 11 06:06:38 CET 2026
#@# Tessellate lh Wed Mar 11 06:06:38 CET 2026
#@# Smooth1 lh Wed Mar 11 06:06:42 CET 2026
#@# Inflation1 lh Wed Mar 11 06:06:45 CET 2026
#@# QSphere lh Wed Mar 11 06:07:56 CET 2026
#@# Fix Topology lh Wed Mar 11 06:09:06 CET 2026
#@# Smooth2 lh Wed Mar 11 06:16:30 CET 2026
#@# Inflation2 lh Wed Mar 11 06:16:34 CET 2026
#@# Curv .H and .K lh Wed Mar 11 06:17:03 CET 2026
#@# Sphere lh Wed Mar 11 06:18:04 CET 2026
#@# Surf Reg lh Wed Mar 11 06:22:52 CET 2026
#@# Jacobian white lh Wed Mar 11 06:27:47 CET 2026
#@# AvgCurv lh Wed Mar 11 06:27:48 CET 2026
#@# Cortical Parc lh Wed Mar 11 06:27:49 CET 2026
#@# white curv lh Wed Mar 11 06:35:50 CET 2026
#@# white area lh Wed Mar 11 06:35:53 CET 2026
#@# pial curv lh Wed Mar 11 06:35:54 CET 2026
#@# pial area lh Wed Mar 11 06:35:56 CET 2026
#@# thickness lh Wed Mar 11 06:35:57 CET 2026
#@# area and vertex vol lh Wed Mar 11 06:36:36 CET 2026
#@# Curvature Stats lh Wed Mar 11 06:36:39 CET 2026
#@# Cortical Parc 2 lh Wed Mar 11 06:36:42 CET 2026
#@# Cortical Parc 3 lh Wed Mar 11 06:36:59 CET 2026
#@# WM/GM Contrast lh Wed Mar 11 06:37:12 CET 2026
recon-all -s sub-v2s13x29119_ses-1 finished without error at Wed Mar 11 06:37:18 CET 2026



#New# invocation of recon-all 



status file for recon-all
Wed Mar 11 07:14:04 CET 2026
#@# white curv lh Wed Mar 11 07:14:04 CET 2026
#@# white area lh Wed Mar 11 07:14:04 CET 2026
#@# pial curv lh Wed Mar 11 07:14:04 CET 2026
#@# pial area lh Wed Mar 11 07:14:04 CET 2026
#@# thickness lh Wed Mar 11 07:14:04 CET 2026
#@# area and vertex vol lh Wed Mar 11 07:14:04 CET 2026
#@# Parcellation Stats lh Wed Mar 11 07:14:04 CET 2026
#@# Parcellation Stats 2 lh Wed Mar 11 07:14:33 CET 2026
#@# Parcellation Stats 3 lh Wed Mar 11 07:14:48 CET 2026
#@# BA_exvivo Labels lh Wed Mar 11 07:15:02 CET 2026
recon-all -s sub-v2s13x29119_ses-1 finished without error at Wed Mar 11 07:18:07 CET 2026
